[03-31-2022][03.11.23] New Synch Log File Created!
[03-31-2022][07.11.23] Log file reloaded ( Server Restart )
[07:43:24] Player (V12, 76561198993125942)(<4486.365234, 3.230369, 3103.252930>) requested data for lock!
[07:43:24] Player (MADness, 76561198968762750)(<4486.365234, 3.230369, 3103.252930>) requested data for lock!
[07:49:02] Player (MADness, 76561198968762750)(<4486.365234, 3.230369, 3103.252930>) requested data for lock!
[07:52:43] Player (MADness, 76561198968762750)(<4486.098145, 3.950838, 3158.267822>) requested data for lock!
[07:52:43] Player (V12, 76561198993125942)(<4486.098145, 3.950838, 3158.267822>) requested data for lock!
[08:29:46] Player (Rik_Plays, 76561198016672415)(<4486.098145, 3.950838, 3158.267822>) requested data for lock!
[03-31-2022][08.44.26] Log file reloaded ( Server Restart )
[08:45:59] Player (Rik_Plays, 76561198016672415)(<4486.098145, 3.950838, 3158.267822>) requested data for lock!
[09:00:35] Player (Rik_Plays, 76561198016672415)(<4486.365234, 3.230369, 3103.252930>) requested data for lock!
[09:00:35] Player (V12, 76561198993125942)(<4486.098145, 3.950838, 3158.267822>) requested data for lock!
[09:00:35] Player (V12, 76561198993125942)(<4486.365234, 3.230369, 3103.252930>) requested data for lock!
[09:00:35] Player (Rik_Plays, 76561198016672415)(<4486.098145, 3.950838, 3158.267822>) requested data for lock!
[09:00:35] Player (MADness, 76561198968762750)(<4486.365234, 3.230369, 3103.252930>) requested data for lock!
[09:00:35] Player (MADness, 76561198968762750)(<4486.098145, 3.950838, 3158.267822>) requested data for lock!
[09:23:12] Player (V12, 76561198993125942)(<4486.365234, 3.230369, 3103.252930>) requested data for lock!
[09:23:12] Player (V12, 76561198993125942)(<4486.098145, 3.950838, 3158.267822>) requested data for lock!
[03-31-2022][11.11.29] Log file reloaded ( Server Restart )
[11:12:47] Player (MADness, 76561198968762750)(<4486.365234, 3.230369, 3103.252930>) requested data for lock!
[11:12:47] Player (MADness, 76561198968762750)(<4486.098145, 3.950838, 3158.267822>) requested data for lock!
[11:24:21] Player (V12, 76561198993125942)(<4486.365234, 3.230369, 3103.252930>) requested data for lock!
[11:29:32] Player (V12, 76561198993125942)(<4486.365234, 3.230369, 3103.252930>) requested data for lock!
[11:29:53] Player (Rik_Plays, 76561198016672415)(<4486.365234, 3.230369, 3103.252930>) requested data for lock!
[11:40:57] Player (V12, 76561198993125942)(<4486.365234, 3.230369, 3103.252930>) requested data for lock!
[12:03:19] Player (Rik_Plays, 76561198016672415)(<4480.957520, 4.041094, 3152.913818>) requested data for lock!
[12:03:19] Player (MADness, 76561198968762750)(<4480.957520, 4.041094, 3152.913818>) requested data for lock!
[12:03:19] Player (V12, 76561198993125942)(<4480.957520, 4.041094, 3152.913818>) requested data for lock!
[12:10:40] Player (V12, 76561198993125942)(<4486.365234, 3.230369, 3103.252930>) requested data for lock!
[12:10:40] Player (V12, 76561198993125942)(<4480.957520, 4.041094, 3152.913818>) requested data for lock!
[12:15:28] Player (V12, 76561198993125942)(<4480.957520, 4.041094, 3152.913818>) requested data for lock!
[12:20:15] Player (V12, 76561198993125942)(<4486.365234, 3.230369, 3103.252930>) requested data for lock!
[12:42:15] Player (Rik_Plays, 76561198016672415)(<4486.365234, 3.230369, 3103.252930>) requested data for lock!
[12:42:15] Player (MADness, 76561198968762750)(<4486.365234, 3.230369, 3103.252930>) requested data for lock!
[12:42:28] Player (MADness, 76561198968762750)(<4480.957520, 4.041094, 3152.913818>) requested data for lock!
[12:42:29] Player (Rik_Plays, 76561198016672415)(<4480.957520, 4.041094, 3152.913818>) requested data for lock!
[13:08:39] Player (V12, 76561198993125942)(<4480.957520, 4.041094, 3152.913818>) requested data for lock!
[13:08:39] Player (MADness, 76561198968762750)(<4480.957520, 4.041094, 3152.913818>) requested data for lock!
[13:08:41] Player (V12, 76561198993125942)(<4486.365234, 3.230369, 3103.252930>) requested data for lock!
[13:08:41] Player (MADness, 76561198968762750)(<4486.365234, 3.230369, 3103.252930>) requested data for lock!
[13:10:54] Player (bliki, 76561198996710275)(<4480.957520, 4.041094, 3152.913818>) requested data for lock!
[13:11:08] Player (Rik_Plays, 76561198016672415)(<4480.957520, 4.041094, 3152.913818>) requested data for lock!
[13:17:18] Player (Rik_Plays, 76561198016672415)(<4486.365234, 3.230369, 3103.252930>) requested data for lock!
[13:20:24] Player (bliki, 76561198996710275)(<4486.365234, 3.230369, 3103.252930>) requested data for lock!
[13:20:35] Player (Rik_Plays, 76561198016672415)(<4486.365234, 3.230369, 3103.252930>) requested data for lock!
[13:20:35] Player (Rik_Plays, 76561198016672415)(<4480.957520, 4.041094, 3152.913818>) requested data for lock!
[13:45:39] Player (V12, 76561198993125942)(<4486.365234, 3.230369, 3103.252930>) requested data for lock!
[13:45:39] Player (V12, 76561198993125942)(<4480.957520, 4.041094, 3152.913818>) requested data for lock!
[13:47:01] Player (MADness, 76561198968762750)(<4486.365234, 3.230369, 3103.252930>) requested data for lock!
[13:47:01] Player (MADness, 76561198968762750)(<4480.957520, 4.041094, 3152.913818>) requested data for lock!
[13:48:18] Player (V12, 76561198993125942)(<4486.365234, 3.230369, 3103.252930>) requested data for lock!
[13:48:18] Player (V12, 76561198993125942)(<4480.957520, 4.041094, 3152.913818>) requested data for lock!
[14:20:24] Player (V12, 76561198993125942)(<4480.957520, 4.041094, 3152.913818>) requested data for lock!
[14:21:43] Player (bliki, 76561198996710275)(<4480.957520, 4.041094, 3152.913818>) requested data for lock!
[14:24:42] Player (V12, 76561198993125942)(<4486.365234, 3.230369, 3103.252930>) requested data for lock!
[14:28:50] Player (bliki, 76561198996710275)(<4486.365234, 3.230369, 3103.252930>) requested data for lock!
[14:53:14] Player (bliki, 76561198996710275)(<4486.365234, 3.230369, 3103.252930>) requested data for lock!
[03-31-2022][15.11.21] Log file reloaded ( Server Restart )
[03-31-2022][15.22.39] Log file reloaded ( Server Restart )
[03-31-2022][19.11.21] Log file reloaded ( Server Restart )
[03-31-2022][23.11.21] Log file reloaded ( Server Restart )
[00:54:29] Player (Rik_Plays, 76561198016672415)(<4480.957520, 4.041094, 3152.913818>) requested data for lock!
[00:54:29] Player (Rik_Plays, 76561198016672415)(<4486.365234, 3.230369, 3103.252930>) requested data for lock!
