[05-13-2022][00.11.24] New Synch Log File Created!
[05-13-2022][04.11.26] Log file reloaded ( Server Restart )
[05-13-2022][06.55.54] Log file reloaded ( Server Restart )
[05-13-2022][08.11.38] Log file reloaded ( Server Restart )
[08:46:45] Player (MADness, 76561198968762750)(<4489.105957, 1.163242, 3118.035645>) requested data for lock!
[08:56:20] Player (MADness, 76561198968762750)(<4489.105957, 1.163242, 3118.035645>) requested data for lock!
[09:20:47] Player (MADness, 76561198968762750)(<4489.105957, 1.163242, 3118.035645>) requested data for lock!
[09:22:47] Player (MADness, 76561198968762750)(<4489.105957, 1.163242, 3118.035645>) requested data for lock!
[09:27:45] Player (MADness, 76561198968762750)(<4489.105957, 1.163242, 3118.035645>) requested data for lock!
[09:34:21] Player (MADness, 76561198968762750)(<4489.105957, 1.163242, 3118.035645>) requested data for lock!
[09:37:05] Player (MADness, 76561198968762750)(<4489.105957, 1.163242, 3118.035645>) requested data for lock!
[09:38:16] Player (MADness, 76561198968762750)(<4489.105957, 1.163242, 3118.035645>) requested data for lock!
[05-13-2022][09.42.01] Log file reloaded ( Server Restart )
[09:45:08] Player (MADness, 76561198968762750)(<4489.105957, 1.163242, 3118.035645>) requested data for lock!
[09:46:00] Player (MADness, 76561198968762750)(<4489.105957, 1.163242, 3118.035645>) requested data for lock!
[09:47:19] Player (MADness, 76561198968762750)(<4489.105957, 1.163242, 3118.035645>) requested data for lock!
[09:48:21] Player (MADness, 76561198968762750)(<4489.105957, 1.163242, 3118.035645>) requested data for lock!
[09:50:23] Player (MADness, 76561198968762750)(<4489.105957, 1.163242, 3118.035645>) requested data for lock!
[09:51:30] Player (MADness, 76561198968762750)(<4489.105957, 1.163242, 3118.035645>) requested data for lock!
[09:52:33] Player (MADness, 76561198968762750)(<4489.105957, 1.163242, 3118.035645>) requested data for lock!
[09:53:15] Player (MADness, 76561198968762750)(<4489.105957, 1.163242, 3118.035645>) requested data for lock!
[09:54:32] Player (MADness, 76561198968762750)(<4489.105957, 1.163242, 3118.035645>) requested data for lock!
[09:55:27] Player (MADness, 76561198968762750)(<4489.105957, 1.163242, 3118.035645>) requested data for lock!
[05-13-2022][12.11.36] Log file reloaded ( Server Restart )
[13:02:04] Player (MADness, 76561198968762750)(<4489.105957, 1.163242, 3118.035645>) requested data for lock!
[13:35:42] Player (MADness, 76561198968762750)(<4489.105957, 1.163242, 3118.035645>) requested data for lock!
[16:04:30] Player (P@lko2265, 76561198039629108)(<4378.048340, 1.954537, 5968.927246>) requested data for lock!
[16:04:30] Player (MADness, 76561198968762750)(<4378.048340, 1.954537, 5968.927246>) requested data for lock!
[05-13-2022][16.11.37] Log file reloaded ( Server Restart )
[16:14:50] Player (P@lko2265, 76561198039629108)(<4378.048340, 1.954537, 5968.927246>) requested data for lock!
[16:16:40] Player (MADness, 76561198968762750)(<4378.048340, 1.954537, 5968.927246>) requested data for lock!
[16:23:45] Player (MADness, 76561198968762750)(<4378.048340, 1.954537, 5968.927246>) requested data for lock!
[16:24:08] Player (P@lko2265, 76561198039629108)(<4378.048340, 1.954537, 5968.927246>) requested data for lock!
[16:25:29] Player (MADness, 76561198968762750)(<4489.105957, 1.163242, 3118.035645>) requested data for lock!
[16:26:51] Player (P@lko2265, 76561198039629108)(<4489.105957, 1.163242, 3118.035645>) requested data for lock!
[17:11:45] Player (P@lko2265, 76561198039629108)(<4378.048340, 1.954537, 5968.927246>) requested data for lock!
[17:15:34] Player (Rik_plays, 76561198016672415)(<4378.048340, 1.954537, 5968.927246>) requested data for lock!
[17:16:28] Player (MADness, 76561198968762750)(<4489.105957, 1.163242, 3118.035645>) requested data for lock!
[17:20:31] Player (P@lko2265, 76561198039629108)(<4373.662109, 3.838867, 5976.322266>) requested data for lock!
[17:21:36] Player (MADness, 76561198968762750)(<4489.105957, 1.163242, 3118.035645>) requested data for lock!
[17:21:49] Player (P@lko2265, 76561198039629108)(<4379.876953, 2.008279, 5963.796387>) requested data for lock!
[17:43:42] Player (P@lko2265, 76561198039629108)(<4489.105957, 1.163242, 3118.035645>) requested data for lock!
[17:54:55] Player (StaryKojot, 76561198080276111)(<4379.876953, 2.008279, 5963.796387>) requested data for lock!
[17:54:56] Player (StaryKojot, 76561198080276111)(<4378.048340, 1.954537, 5968.927246>) requested data for lock!
[17:54:56] Player (StaryKojot, 76561198080276111)(<4373.662109, 3.838867, 5976.322266>) requested data for lock!
[18:16:15] Player (Rik_plays, 76561198016672415)(<4489.105957, 1.163242, 3118.035645>) requested data for lock!
[18:21:22] Player (Bflame, 76561198072840834)(<4373.662109, 3.838867, 5976.322266>) requested data for lock!
[18:21:24] Player (Bflame, 76561198072840834)(<4378.048340, 1.954537, 5968.927246>) requested data for lock!
[18:21:25] Player (Bflame, 76561198072840834)(<4379.876953, 2.008279, 5963.796387>) requested data for lock!
[18:31:32] Player (MADness, 76561198968762750)(<4489.105957, 1.163242, 3118.035645>) requested data for lock!
[18:32:54] Player (StaryKojot, 76561198080276111)(<4489.105957, 1.163242, 3118.035645>) requested data for lock!
[18:38:48] Player (Bflame, 76561198072840834)(<4373.662109, 3.838867, 5976.322266>) requested data for lock!
[18:38:48] Player (Bflame, 76561198072840834)(<4378.048340, 1.954537, 5968.927246>) requested data for lock!
[18:38:48] Player (Bflame, 76561198072840834)(<4379.876953, 2.008279, 5963.796387>) requested data for lock!
[19:18:00] Player (MADness, 76561198968762750)(<4489.105957, 1.163242, 3118.035645>) requested data for lock!
[19:21:19] Player (Bflame, 76561198072840834)(<4373.662109, 3.838867, 5976.322266>) requested data for lock!
[19:21:19] Player (Bflame, 76561198072840834)(<4378.048340, 1.954537, 5968.927246>) requested data for lock!
[19:21:19] Player (Bflame, 76561198072840834)(<4379.876953, 2.008279, 5963.796387>) requested data for lock!
[19:27:13] Player (MADness, 76561198968762750)(<4489.105957, 1.163242, 3118.035645>) requested data for lock!
[19:29:43] Player (Bflame, 76561198072840834)(<4489.105957, 1.163242, 3118.035645>) requested data for lock!
[19:43:40] Player (MADness, 76561198968762750)(<4489.105957, 1.163242, 3118.035645>) requested data for lock!
[19:43:59] Player (MADness, 76561198968762750)(<4489.105957, 1.163242, 3118.035645>) requested data for lock!
[19:44:40] Player (MADness, 76561198968762750)(<4489.105957, 1.163242, 3118.035645>) requested data for lock!
[20:07:22] Player (MADness, 76561198968762750)(<4489.105957, 1.163242, 3118.035645>) requested data for lock!
[05-13-2022][20.11.29] Log file reloaded ( Server Restart )
[20:13:11] Player (Bflame, 76561198072840834)(<4489.105957, 1.163242, 3118.035645>) requested data for lock!
[20:15:19] Player (MADness, 76561198968762750)(<4489.105957, 1.163242, 3118.035645>) requested data for lock!
[20:19:19] Player (MADness, 76561198968762750)(<4489.105957, 1.163242, 3118.035645>) requested data for lock!
[20:29:52] Player (Belthazar, 76561198038755126)(<4489.105957, 1.163242, 3118.035645>) requested data for lock!
[20:53:06] Player (Belthazar, 76561198038755126)(<4489.105957, 1.163242, 3118.035645>) requested data for lock!
[21:10:33] Player (cumtam, 76561199150532361)(<4373.662109, 3.838867, 5976.322266>) requested data for lock!
[21:10:33] Player (cumtam, 76561199150532361)(<4379.876953, 2.008279, 5963.796387>) requested data for lock!
[21:10:33] Player (cumtam, 76561199150532361)(<4378.048340, 1.954537, 5968.927246>) requested data for lock!
[21:27:55] Player (P@lko2265, 76561198039629108)(<4489.105957, 1.163242, 3118.035645>) requested data for lock!
[21:41:09] Player (P@lko2265, 76561198039629108)(<4489.105957, 1.163242, 3118.035645>) requested data for lock!
[21:48:16] Player (P@lko2265, 76561198039629108)(<4379.876953, 2.008279, 5963.796387>) requested data for lock!
[21:48:16] Player (P@lko2265, 76561198039629108)(<4378.048340, 1.954537, 5968.927246>) requested data for lock!
[21:48:18] Player (P@lko2265, 76561198039629108)(<4373.662109, 3.838867, 5976.322266>) requested data for lock!
[21:51:30] Player (cumtam, 76561199150532361)(<4489.105957, 1.163242, 3118.035645>) requested data for lock!
[21:54:36] Player (MADness, 76561198968762750)(<4489.105957, 1.163242, 3118.035645>) requested data for lock!
[22:26:15] Player (P@lko2265, 76561198039629108)(<4373.662109, 3.838867, 5976.322266>) requested data for lock!
[22:26:16] Player (P@lko2265, 76561198039629108)(<4378.048340, 1.954537, 5968.927246>) requested data for lock!
[22:26:16] Player (P@lko2265, 76561198039629108)(<4379.876953, 2.008279, 5963.796387>) requested data for lock!
[22:39:52] Player (MADness, 76561198968762750)(<4379.876953, 2.008279, 5963.796387>) requested data for lock!
[22:39:52] Player (cumtam, 76561199150532361)(<4379.876953, 2.008279, 5963.796387>) requested data for lock!
[22:39:52] Player (MADness, 76561198968762750)(<4378.048340, 1.954537, 5968.927246>) requested data for lock!
[22:39:52] Player (cumtam, 76561199150532361)(<4378.048340, 1.954537, 5968.927246>) requested data for lock!
[22:39:53] Player (MADness, 76561198968762750)(<4373.662109, 3.838867, 5976.322266>) requested data for lock!
[22:39:53] Player (cumtam, 76561199150532361)(<4373.662109, 3.838867, 5976.322266>) requested data for lock!
[22:41:13] Player (cumtam, 76561199150532361)(<4489.105957, 1.163242, 3118.035645>) requested data for lock!
[22:41:13] Player (MADness, 76561198968762750)(<4489.105957, 1.163242, 3118.035645>) requested data for lock!
[23:54:27] Player (MADness, 76561198968762750)(<4489.105957, 1.163242, 3118.035645>) requested data for lock!
[23:54:27] Player (cumtam, 76561199150532361)(<4489.105957, 1.163242, 3118.035645>) requested data for lock!
