[05-19-2022][00.11.40] New Synch Log File Created!
[00:12:49] Player (martyCZ, 76561198873247465)(<4964.083008, 5.118455, 1414.849365>) requested data for lock!
[01:27:44] Player (martyCZ, 76561198873247465)(<4964.083008, 5.118455, 1414.849365>) requested data for lock!
[01:30:14] Player (martyCZ, 76561198873247465)(<4489.105957, 1.163242, 3118.035645>) requested data for lock!
[01:31:34] Player (martyCZ, 76561198873247465)(<4964.083008, 5.118455, 1414.849365>) requested data for lock!
[01:41:45] Player (martyCZ, 76561198873247465)(<4489.105957, 1.163242, 3118.035645>) requested data for lock!
[01:45:37] Player (martyCZ, 76561198873247465)(<3813.299072, 19.280001, 4518.844727>) requested data for lock!
[05-19-2022][04.11.38] Log file reloaded ( Server Restart )
[07:52:23] Player (svickova, 76561198310875046)(<4964.083008, 5.118455, 1414.849365>) requested data for lock!
[05-19-2022][08.11.42] Log file reloaded ( Server Restart )
[08:42:48] Player (MADness, 76561198968762750)(<4489.105957, 1.163242, 3118.035645>) requested data for lock!
[08:54:48] Player (Majky, 76561198275611052)(<3813.299072, 19.280001, 4518.844727>) requested data for lock!
[08:54:48] Player (Majky, 76561198275611052)(<3424.784424, 14.024961, 5031.493164>) requested data for lock!
[08:54:48] Player (Majky, 76561198275611052)(<3421.042480, 15.097157, 5042.374512>) requested data for lock!
[08:54:48] Player (Majky, 76561198275611052)(<4378.048340, 1.954537, 5968.927246>) requested data for lock!
[08:54:48] Player (Majky, 76561198275611052)(<4379.876953, 2.008279, 5963.796387>) requested data for lock!
[08:54:48] Player (Majky, 76561198275611052)(<4380.106445, 2.076707, 5958.709961>) requested data for lock!
[08:54:48] Player (Majky, 76561198275611052)(<4373.662109, 3.838867, 5976.322266>) requested data for lock!
[08:54:48] Player (Majky, 76561198275611052)(<3476.018555, 4.701435, 5403.883301>) requested data for lock!
[05-19-2022][09.22.40] Log file reloaded ( Server Restart )
[05-19-2022][09.34.08] Log file reloaded ( Server Restart )
[10:23:12] Player (martyCZ, 76561198873247465)(<3813.299072, 19.280001, 4518.844727>) requested data for lock!
[10:34:51] Player (martyCZ, 76561198873247465)(<3424.784424, 14.024961, 5031.493164>) requested data for lock!
[10:34:52] Player (martyCZ, 76561198873247465)(<3421.042480, 15.097157, 5042.374512>) requested data for lock!
[10:35:05] Player (martyCZ, 76561198873247465)(<3476.018555, 4.701435, 5403.883301>) requested data for lock!
[10:36:19] Player (martyCZ, 76561198873247465)(<4380.106445, 2.076707, 5958.709961>) requested data for lock!
[10:36:19] Player (martyCZ, 76561198873247465)(<4379.876953, 2.008279, 5963.796387>) requested data for lock!
[10:36:19] Player (martyCZ, 76561198873247465)(<4378.048340, 1.954537, 5968.927246>) requested data for lock!
[10:36:19] Player (martyCZ, 76561198873247465)(<4373.662109, 3.838867, 5976.322266>) requested data for lock!
[10:38:42] Player (martyCZ, 76561198873247465)(<3476.018555, 4.701435, 5403.883301>) requested data for lock!
[05-19-2022][10.59.23] Log file reloaded ( Server Restart )
[11:02:14] Player (MADness, 76561198968762750)(<4489.105957, 1.163242, 3118.035645>) requested data for lock!
[11:02:27] Player (D3xt3R, 76561198016672415)(<4489.105957, 1.163242, 3118.035645>) requested data for lock!
[11:04:15] Player (MADness, 76561198968762750)(<3813.299072, 19.280001, 4518.844727>) requested data for lock!
[11:04:50] Player (MADness, 76561198968762750)(<3424.784424, 14.024961, 5031.493164>) requested data for lock!
[11:04:51] Player (MADness, 76561198968762750)(<3421.042480, 15.097157, 5042.374512>) requested data for lock!
[11:05:27] Player (MADness, 76561198968762750)(<4489.105957, 1.163242, 3118.035645>) requested data for lock!
[11:06:05] Player (D3xt3R, 76561198016672415)(<3813.299072, 19.280001, 4518.844727>) requested data for lock!
[11:06:23] Player (Majky, 76561198275611052)(<3813.299072, 19.280001, 4518.844727>) requested data for lock!
[11:06:23] Player (Majky, 76561198275611052)(<4378.048340, 1.954537, 5968.927246>) requested data for lock!
[11:06:23] Player (Majky, 76561198275611052)(<4380.106445, 2.076707, 5958.709961>) requested data for lock!
[11:06:23] Player (Majky, 76561198275611052)(<4379.876953, 2.008279, 5963.796387>) requested data for lock!
[11:06:23] Player (Majky, 76561198275611052)(<4373.662109, 3.838867, 5976.322266>) requested data for lock!
[11:10:45] Player (Majky, 76561198275611052)(<3813.299072, 19.280001, 4518.844727>) requested data for lock!
[11:10:56] Player (Majky, 76561198275611052)(<4489.105957, 1.163242, 3118.035645>) requested data for lock!
[11:13:50] Player (Majky, 76561198275611052)(<3813.299072, 19.280001, 4518.844727>) requested data for lock!
[11:13:50] Player (D3xt3R, 76561198016672415)(<3813.299072, 19.280001, 4518.844727>) requested data for lock!
[11:13:50] Player (MADness, 76561198968762750)(<3813.299072, 19.280001, 4518.844727>) requested data for lock!
[11:17:01] Player (D3xt3R, 76561198016672415)(<4489.105957, 1.163242, 3118.035645>) requested data for lock!
[11:34:33] Player (Majky, 76561198275611052)(<3813.299072, 19.280001, 4518.844727>) requested data for lock!
[05-19-2022][11.48.18] Log file reloaded ( Server Restart )
[11:49:33] Player (D3xt3R, 76561198016672415)(<4489.105957, 1.163242, 3118.035645>) requested data for lock!
[11:49:47] Player (MADness, 76561198968762750)(<4489.105957, 1.163242, 3118.035645>) requested data for lock!
[11:49:51] Player (D3xt3R, 76561198016672415)(<3813.299072, 19.280001, 4518.844727>) requested data for lock!
[11:50:00] Player (D3xt3R, 76561198016672415)(<4489.105957, 1.163242, 3118.035645>) requested data for lock!
[11:50:03] Player (MADness, 76561198968762750)(<3813.299072, 19.280001, 4518.844727>) requested data for lock!
[05-19-2022][11.53.31] Log file reloaded ( Server Restart )
[11:54:20] Player (D3xt3R, 76561198016672415)(<3813.299072, 19.280001, 4518.844727>) requested data for lock!
[11:54:21] Player (MADness, 76561198968762750)(<3813.299072, 19.280001, 4518.844727>) requested data for lock!
[11:54:21] Player (D3xt3R, 76561198016672415)(<4489.105957, 1.163242, 3118.035645>) requested data for lock!
[11:54:23] Player (MADness, 76561198968762750)(<4489.105957, 1.163242, 3118.035645>) requested data for lock!
[11:58:09] Player (D3xt3R, 76561198016672415)(<4379.876953, 2.008279, 5963.796387>) requested data for lock!
[11:58:09] Player (D3xt3R, 76561198016672415)(<4380.106445, 2.076707, 5958.709961>) requested data for lock!
[11:58:09] Player (D3xt3R, 76561198016672415)(<4373.662109, 3.838867, 5976.322266>) requested data for lock!
[11:58:09] Player (D3xt3R, 76561198016672415)(<4378.048340, 1.954537, 5968.927246>) requested data for lock!
[11:59:01] Player (D3xt3R, 76561198016672415)(<4489.105957, 1.163242, 3118.035645>) requested data for lock!
[05-19-2022][12.11.34] Log file reloaded ( Server Restart )
[12:12:49] Player (Majky, 76561198275611052)(<3813.299072, 19.280001, 4518.844727>) requested data for lock!
[12:13:34] Player (Majky, 76561198275611052)(<3424.784424, 14.024961, 5031.493164>) requested data for lock!
[12:13:36] Player (Majky, 76561198275611052)(<3421.042480, 15.097157, 5042.374512>) requested data for lock!
[12:14:17] Player (Majky, 76561198275611052)(<3476.018555, 4.701435, 5403.883301>) requested data for lock!
[12:15:42] Player (Majky, 76561198275611052)(<4380.106445, 2.076707, 5958.709961>) requested data for lock!
[12:15:43] Player (Majky, 76561198275611052)(<4379.876953, 2.008279, 5963.796387>) requested data for lock!
[12:15:44] Player (Majky, 76561198275611052)(<4378.048340, 1.954537, 5968.927246>) requested data for lock!
[12:15:45] Player (Majky, 76561198275611052)(<4373.662109, 3.838867, 5976.322266>) requested data for lock!
[12:25:47] Player (Majky, 76561198275611052)(<4380.106445, 2.076707, 5958.709961>) requested data for lock!
[12:25:48] Player (Majky, 76561198275611052)(<4379.876953, 2.008279, 5963.796387>) requested data for lock!
[12:25:48] Player (Majky, 76561198275611052)(<4378.048340, 1.954537, 5968.927246>) requested data for lock!
[12:25:48] Player (Majky, 76561198275611052)(<4373.662109, 3.838867, 5976.322266>) requested data for lock!
[12:29:24] Player (Majky, 76561198275611052)(<3424.784424, 14.024961, 5031.493164>) requested data for lock!
[12:29:24] Player (Majky, 76561198275611052)(<3421.042480, 15.097157, 5042.374512>) requested data for lock!
[12:29:24] Player (Majky, 76561198275611052)(<3476.018555, 4.701435, 5403.883301>) requested data for lock!
[12:29:24] Player (Majky, 76561198275611052)(<3813.299072, 19.280001, 4518.844727>) requested data for lock!
[12:31:42] Player (Majky, 76561198275611052)(<4489.105957, 1.163242, 3118.035645>) requested data for lock!
[12:34:30] Player (Majky, 76561198275611052)(<4964.083008, 5.118455, 1414.849365>) requested data for lock!
[12:35:27] Player (Majky, 76561198275611052)(<4964.083008, 5.118455, 1414.849365>) requested data for lock!
[12:35:52] Player (Majky, 76561198275611052)(<4964.083008, 5.118455, 1414.849365>) requested data for lock!
[12:36:33] Player (Majky, 76561198275611052)(<4964.083008, 5.118455, 1414.849365>) requested data for lock!
[12:39:51] Player (Majky, 76561198275611052)(<4964.083008, 5.118455, 1414.849365>) requested data for lock!
[12:45:40] Player (Majky, 76561198275611052)(<4964.083008, 5.118455, 1414.849365>) requested data for lock!
[12:48:17] Player (Majky, 76561198275611052)(<4964.083008, 5.118455, 1414.849365>) requested data for lock!
[12:57:40] Player (Majky, 76561198275611052)(<3813.299072, 19.280001, 4518.844727>) requested data for lock!
[13:04:07] Player (Majky, 76561198275611052)(<3424.784424, 14.024961, 5031.493164>) requested data for lock!
[13:04:08] Player (Majky, 76561198275611052)(<3421.042480, 15.097157, 5042.374512>) requested data for lock!
[13:04:29] Player (Majky, 76561198275611052)(<3476.018555, 4.701435, 5403.883301>) requested data for lock!
[13:05:22] Player (Majky, 76561198275611052)(<4380.106445, 2.076707, 5958.709961>) requested data for lock!
[13:05:22] Player (Majky, 76561198275611052)(<4379.876953, 2.008279, 5963.796387>) requested data for lock!
[13:05:23] Player (Majky, 76561198275611052)(<4378.048340, 1.954537, 5968.927246>) requested data for lock!
[13:05:23] Player (Majky, 76561198275611052)(<4373.662109, 3.838867, 5976.322266>) requested data for lock!
[13:14:14] Player (Majky, 76561198275611052)(<4380.106445, 2.076707, 5958.709961>) requested data for lock!
[13:14:15] Player (Majky, 76561198275611052)(<4379.876953, 2.008279, 5963.796387>) requested data for lock!
[13:14:15] Player (Majky, 76561198275611052)(<4378.048340, 1.954537, 5968.927246>) requested data for lock!
[13:14:15] Player (Majky, 76561198275611052)(<4373.662109, 3.838867, 5976.322266>) requested data for lock!
[13:29:46] Player (Majky, 76561198275611052)(<3476.018555, 4.701435, 5403.883301>) requested data for lock!
[13:32:11] Player (Majky, 76561198275611052)(<3476.018555, 4.701435, 5403.883301>) requested data for lock!
[13:34:39] Player (Majky, 76561198275611052)(<3476.018555, 4.701435, 5403.883301>) requested data for lock!
[13:36:31] Player (Majky, 76561198275611052)(<3476.018555, 4.701435, 5403.883301>) requested data for lock!
[13:36:53] Player (Majky, 76561198275611052)(<3421.042480, 15.097157, 5042.374512>) requested data for lock!
[13:36:54] Player (Majky, 76561198275611052)(<3424.784424, 14.024961, 5031.493164>) requested data for lock!
[13:38:18] Player (Majky, 76561198275611052)(<4373.662109, 3.838867, 5976.322266>) requested data for lock!
[13:38:19] Player (Majky, 76561198275611052)(<4378.048340, 1.954537, 5968.927246>) requested data for lock!
[13:38:19] Player (Majky, 76561198275611052)(<4379.876953, 2.008279, 5963.796387>) requested data for lock!
[13:38:19] Player (Majky, 76561198275611052)(<4380.106445, 2.076707, 5958.709961>) requested data for lock!
[15:41:31] Player (MADness, 76561198968762750)(<3813.299072, 19.280001, 4518.844727>) requested data for lock!
[15:43:33] Player (MADness, 76561198968762750)(<4489.105957, 1.163242, 3118.035645>) requested data for lock!
[05-19-2022][16.11.33] Log file reloaded ( Server Restart )
[16:26:32] Player (Majky, 76561198275611052)(<4373.662109, 3.838867, 5976.322266>) requested data for lock!
[16:26:33] Player (Majky, 76561198275611052)(<4378.048340, 1.954537, 5968.927246>) requested data for lock!
[16:26:33] Player (Majky, 76561198275611052)(<4379.876953, 2.008279, 5963.796387>) requested data for lock!
[16:26:34] Player (Majky, 76561198275611052)(<4380.106445, 2.076707, 5958.709961>) requested data for lock!
[16:33:53] Player (Pivo_tn, 76561198158616543)(<3813.299072, 19.280001, 4518.844727>) requested data for lock!
[16:33:53] Player (Pivo_tn, 76561198158616543)(<3424.784424, 14.024961, 5031.493164>) requested data for lock!
[16:33:53] Player (Pivo_tn, 76561198158616543)(<3421.042480, 15.097157, 5042.374512>) requested data for lock!
[16:33:53] Player (Pivo_tn, 76561198158616543)(<3476.018555, 4.701435, 5403.883301>) requested data for lock!
[16:35:30] Player (Majky, 76561198275611052)(<3476.018555, 4.701435, 5403.883301>) requested data for lock!
[16:37:23] Player (Majky, 76561198275611052)(<3421.042480, 15.097157, 5042.374512>) requested data for lock!
[16:37:24] Player (Majky, 76561198275611052)(<3424.784424, 14.024961, 5031.493164>) requested data for lock!
[16:38:59] Player (Pivo_tn, 76561198158616543)(<2568.014160, 42.197731, 3449.879150>) requested data for lock!
[16:39:08] Player (Majky, 76561198275611052)(<3813.299072, 19.280001, 4518.844727>) requested data for lock!
[16:39:28] Player (Majky, 76561198275611052)(<4380.106445, 2.076707, 5958.709961>) requested data for lock!
[16:39:29] Player (Majky, 76561198275611052)(<4379.876953, 2.008279, 5963.796387>) requested data for lock!
[16:39:29] Player (Majky, 76561198275611052)(<4378.048340, 1.954537, 5968.927246>) requested data for lock!
[16:39:29] Player (Majky, 76561198275611052)(<4373.662109, 3.838867, 5976.322266>) requested data for lock!
[16:40:47] Player (svickova, 76561198310875046)(<4964.083008, 5.118455, 1414.849365>) requested data for lock!
[16:49:22] Player (Pivo_tn, 76561198158616543)(<3424.784424, 14.024961, 5031.493164>) requested data for lock!
[16:49:23] Player (Pivo_tn, 76561198158616543)(<3421.042480, 15.097157, 5042.374512>) requested data for lock!
[16:50:00] Player (Pivo_tn, 76561198158616543)(<3813.299072, 19.280001, 4518.844727>) requested data for lock!
[16:50:29] Player (Pivo_tn, 76561198158616543)(<3476.018555, 4.701435, 5403.883301>) requested data for lock!
[17:00:00] Player (Pivo_tn, 76561198158616543)(<3813.299072, 19.280001, 4518.844727>) requested data for lock!
[17:04:10] Player (P@lko2265, 76561198039629108)(<3813.299072, 19.280001, 4518.844727>) requested data for lock!
[17:08:22] Player (P@lko2265, 76561198039629108)(<4489.105957, 1.163242, 3118.035645>) requested data for lock!
[17:17:37] Player (P@lko2265, 76561198039629108)(<4489.105957, 1.163242, 3118.035645>) requested data for lock!
[17:24:12] Player (P@lko2265, 76561198039629108)(<3813.299072, 19.280001, 4518.844727>) requested data for lock!
[17:24:46] Player (P@lko2265, 76561198039629108)(<3424.784424, 14.024961, 5031.493164>) requested data for lock!
[17:24:47] Player (P@lko2265, 76561198039629108)(<3421.042480, 15.097157, 5042.374512>) requested data for lock!
[17:24:54] Player (P@lko2265, 76561198039629108)(<3476.018555, 4.701435, 5403.883301>) requested data for lock!
[17:25:05] Player (P@lko2265, 76561198039629108)(<4380.106445, 2.076707, 5958.709961>) requested data for lock!
[17:25:05] Player (P@lko2265, 76561198039629108)(<4379.876953, 2.008279, 5963.796387>) requested data for lock!
[17:25:06] Player (P@lko2265, 76561198039629108)(<4378.048340, 1.954537, 5968.927246>) requested data for lock!
[17:25:06] Player (Pivo_tn, 76561198158616543)(<3424.784424, 14.024961, 5031.493164>) requested data for lock!
[17:25:06] Player (P@lko2265, 76561198039629108)(<4373.662109, 3.838867, 5976.322266>) requested data for lock!
[17:25:07] Player (Pivo_tn, 76561198158616543)(<3421.042480, 15.097157, 5042.374512>) requested data for lock!
[17:25:22] Player (Pivo_tn, 76561198158616543)(<3476.018555, 4.701435, 5403.883301>) requested data for lock!
[17:26:32] Player (Majky, 76561198275611052)(<3813.299072, 19.280001, 4518.844727>) requested data for lock!
[17:26:32] Player (Majky, 76561198275611052)(<3424.784424, 14.024961, 5031.493164>) requested data for lock!
[17:26:32] Player (Majky, 76561198275611052)(<3421.042480, 15.097157, 5042.374512>) requested data for lock!
[17:26:32] Player (Majky, 76561198275611052)(<3476.018555, 4.701435, 5403.883301>) requested data for lock!
[17:30:49] Player (Majky, 76561198275611052)(<4380.106445, 2.076707, 5958.709961>) requested data for lock!
[17:30:50] Player (Majky, 76561198275611052)(<4379.876953, 2.008279, 5963.796387>) requested data for lock!
[17:30:50] Player (Majky, 76561198275611052)(<4378.048340, 1.954537, 5968.927246>) requested data for lock!
[17:30:50] Player (Majky, 76561198275611052)(<4373.662109, 3.838867, 5976.322266>) requested data for lock!
[17:38:19] Player (Pivo_tn, 76561198158616543)(<4373.662109, 3.838867, 5976.322266>) requested data for lock!
[17:38:20] Player (Pivo_tn, 76561198158616543)(<4378.048340, 1.954537, 5968.927246>) requested data for lock!
[17:38:20] Player (Pivo_tn, 76561198158616543)(<4379.876953, 2.008279, 5963.796387>) requested data for lock!
[17:38:20] Player (Pivo_tn, 76561198158616543)(<4380.106445, 2.076707, 5958.709961>) requested data for lock!
[17:40:54] Player (Pivo_tn, 76561198158616543)(<4373.662109, 3.838867, 5976.322266>) requested data for lock!
[17:52:35] Player (MADness, 76561198968762750)(<4489.105957, 1.163242, 3118.035645>) requested data for lock!
[17:53:05] Player (MADness, 76561198968762750)(<3813.299072, 19.280001, 4518.844727>) requested data for lock!
[18:02:06] Player (Majky, 76561198275611052)(<3813.299072, 19.280001, 4518.844727>) requested data for lock!
[18:04:40] Player (Pivo_tn, 76561198158616543)(<4373.662109, 3.838867, 5976.322266>) requested data for lock!
[18:04:41] Player (Pivo_tn, 76561198158616543)(<4378.048340, 1.954537, 5968.927246>) requested data for lock!
[18:04:41] Player (Pivo_tn, 76561198158616543)(<4379.876953, 2.008279, 5963.796387>) requested data for lock!
[18:04:41] Player (Pivo_tn, 76561198158616543)(<4380.106445, 2.076707, 5958.709961>) requested data for lock!
[18:04:44] Player (Pivo_tn, 76561198158616543)(<3476.018555, 4.701435, 5403.883301>) requested data for lock!
[18:05:34] Player (Pivo_tn, 76561198158616543)(<3421.042480, 15.097157, 5042.374512>) requested data for lock!
[18:05:36] Player (Pivo_tn, 76561198158616543)(<3424.784424, 14.024961, 5031.493164>) requested data for lock!
[18:08:14] Player (Pivo_tn, 76561198158616543)(<3813.299072, 19.280001, 4518.844727>) requested data for lock!
[18:13:47] Player (MADness, 76561198968762750)(<3813.299072, 19.280001, 4518.844727>) requested data for lock!
[18:14:25] Player (MADness, 76561198968762750)(<4489.105957, 1.163242, 3118.035645>) requested data for lock!
[18:15:24] Player (Pivo_tn, 76561198158616543)(<4489.105957, 1.163242, 3118.035645>) requested data for lock!
[18:16:17] Player (Majky, 76561198275611052)(<4489.105957, 1.163242, 3118.035645>) requested data for lock!
[18:20:14] Player (Majky, 76561198275611052)(<3424.784424, 14.024961, 5031.493164>) requested data for lock!
[18:20:15] Player (Majky, 76561198275611052)(<3421.042480, 15.097157, 5042.374512>) requested data for lock!
[18:20:32] Player (Majky, 76561198275611052)(<3476.018555, 4.701435, 5403.883301>) requested data for lock!
[18:23:17] Player (MADness, 76561198968762750)(<3813.299072, 19.280001, 4518.844727>) requested data for lock!
[18:30:43] Player (Majky, 76561198275611052)(<4380.106445, 2.076707, 5958.709961>) requested data for lock!
[18:30:44] Player (Majky, 76561198275611052)(<4379.876953, 2.008279, 5963.796387>) requested data for lock!
[18:30:44] Player (Majky, 76561198275611052)(<4378.048340, 1.954537, 5968.927246>) requested data for lock!
[18:30:44] Player (Majky, 76561198275611052)(<4373.662109, 3.838867, 5976.322266>) requested data for lock!
[18:31:52] Player (MADness, 76561198968762750)(<3424.784424, 14.024961, 5031.493164>) requested data for lock!
[18:31:53] Player (MADness, 76561198968762750)(<3421.042480, 15.097157, 5042.374512>) requested data for lock!
[18:32:05] Player (MADness, 76561198968762750)(<3476.018555, 4.701435, 5403.883301>) requested data for lock!
[18:32:28] Player (MADness, 76561198968762750)(<4380.106445, 2.076707, 5958.709961>) requested data for lock!
[18:32:29] Player (MADness, 76561198968762750)(<4379.876953, 2.008279, 5963.796387>) requested data for lock!
[18:32:29] Player (MADness, 76561198968762750)(<4378.048340, 1.954537, 5968.927246>) requested data for lock!
[18:32:30] Player (MADness, 76561198968762750)(<4373.662109, 3.838867, 5976.322266>) requested data for lock!
[18:32:56] Player (MADness, 76561198968762750)(<3476.018555, 4.701435, 5403.883301>) requested data for lock!
[18:32:58] Player (MADness, 76561198968762750)(<3424.784424, 14.024961, 5031.493164>) requested data for lock!
[18:32:58] Player (MADness, 76561198968762750)(<3421.042480, 15.097157, 5042.374512>) requested data for lock!
[18:33:37] Player (Majky, 76561198275611052)(<4380.106445, 2.076707, 5958.709961>) requested data for lock!
[18:33:37] Player (Majky, 76561198275611052)(<4379.876953, 2.008279, 5963.796387>) requested data for lock!
[18:33:38] Player (Majky, 76561198275611052)(<4378.048340, 1.954537, 5968.927246>) requested data for lock!
[18:33:39] Player (Majky, 76561198275611052)(<4373.662109, 3.838867, 5976.322266>) requested data for lock!
[18:35:10] Player (Majky, 76561198275611052)(<3813.299072, 19.280001, 4518.844727>) requested data for lock!
[18:35:10] Player (Majky, 76561198275611052)(<3424.784424, 14.024961, 5031.493164>) requested data for lock!
[18:35:10] Player (Majky, 76561198275611052)(<3421.042480, 15.097157, 5042.374512>) requested data for lock!
[18:35:39] Player (Majky, 76561198275611052)(<3476.018555, 4.701435, 5403.883301>) requested data for lock!
[18:35:39] Player (MADness, 76561198968762750)(<3476.018555, 4.701435, 5403.883301>) requested data for lock!
[18:35:58] Player (MADness, 76561198968762750)(<4380.106445, 2.076707, 5958.709961>) requested data for lock!
[18:35:58] Player (Majky, 76561198275611052)(<4380.106445, 2.076707, 5958.709961>) requested data for lock!
[18:36:02] Player (Majky, 76561198275611052)(<4379.876953, 2.008279, 5963.796387>) requested data for lock!
[18:36:02] Player (MADness, 76561198968762750)(<4379.876953, 2.008279, 5963.796387>) requested data for lock!
[18:36:05] Player (MADness, 76561198968762750)(<4378.048340, 1.954537, 5968.927246>) requested data for lock!
[18:36:14] Player (MADness, 76561198968762750)(<4373.662109, 3.838867, 5976.322266>) requested data for lock!
[18:36:14] Player (Majky, 76561198275611052)(<4378.048340, 1.954537, 5968.927246>) requested data for lock!
[18:36:15] Player (Majky, 76561198275611052)(<4373.662109, 3.838867, 5976.322266>) requested data for lock!
[18:52:05] Player (MADness, 76561198968762750)(<3476.018555, 4.701435, 5403.883301>) requested data for lock!
[18:52:06] Player (Majky, 76561198275611052)(<3476.018555, 4.701435, 5403.883301>) requested data for lock!
[18:52:55] Player (MADness, 76561198968762750)(<3421.042480, 15.097157, 5042.374512>) requested data for lock!
[18:52:55] Player (Majky, 76561198275611052)(<3421.042480, 15.097157, 5042.374512>) requested data for lock!
[18:52:57] Player (MADness, 76561198968762750)(<3424.784424, 14.024961, 5031.493164>) requested data for lock!
[18:52:57] Player (Majky, 76561198275611052)(<3424.784424, 14.024961, 5031.493164>) requested data for lock!
[19:08:19] Player (Majky, 76561198275611052)(<3476.018555, 4.701435, 5403.883301>) requested data for lock!
[19:08:19] Player (MADness, 76561198968762750)(<3476.018555, 4.701435, 5403.883301>) requested data for lock!
[19:08:31] Player (MADness, 76561198968762750)(<3421.042480, 15.097157, 5042.374512>) requested data for lock!
[19:08:31] Player (Majky, 76561198275611052)(<3421.042480, 15.097157, 5042.374512>) requested data for lock!
[19:08:32] Player (Majky, 76561198275611052)(<3424.784424, 14.024961, 5031.493164>) requested data for lock!
[19:08:32] Player (MADness, 76561198968762750)(<3424.784424, 14.024961, 5031.493164>) requested data for lock!
[19:09:39] Player (MADness, 76561198968762750)(<3813.299072, 19.280001, 4518.844727>) requested data for lock!
[19:09:39] Player (Majky, 76561198275611052)(<3813.299072, 19.280001, 4518.844727>) requested data for lock!
[19:10:59] Player (Majky, 76561198275611052)(<4380.106445, 2.076707, 5958.709961>) requested data for lock!
[19:10:59] Player (MADness, 76561198968762750)(<4380.106445, 2.076707, 5958.709961>) requested data for lock!
[19:11:00] Player (Majky, 76561198275611052)(<4379.876953, 2.008279, 5963.796387>) requested data for lock!
[19:11:00] Player (MADness, 76561198968762750)(<4379.876953, 2.008279, 5963.796387>) requested data for lock!
[19:11:00] Player (Majky, 76561198275611052)(<4378.048340, 1.954537, 5968.927246>) requested data for lock!
[19:11:00] Player (MADness, 76561198968762750)(<4378.048340, 1.954537, 5968.927246>) requested data for lock!
[19:11:00] Player (Majky, 76561198275611052)(<4373.662109, 3.838867, 5976.322266>) requested data for lock!
[19:11:00] Player (MADness, 76561198968762750)(<4373.662109, 3.838867, 5976.322266>) requested data for lock!
[19:16:52] Player (MADness, 76561198968762750)(<4489.105957, 1.163242, 3118.035645>) requested data for lock!
[19:36:48] Player (Majky, 76561198275611052)(<3424.784424, 14.024961, 5031.493164>) requested data for lock!
[19:36:50] Player (Majky, 76561198275611052)(<3421.042480, 15.097157, 5042.374512>) requested data for lock!
[19:37:44] Player (Majky, 76561198275611052)(<3476.018555, 4.701435, 5403.883301>) requested data for lock!
[19:39:09] Player (Majky, 76561198275611052)(<4380.106445, 2.076707, 5958.709961>) requested data for lock!
[19:39:10] Player (Majky, 76561198275611052)(<4379.876953, 2.008279, 5963.796387>) requested data for lock!
[19:39:12] Player (Majky, 76561198275611052)(<4378.048340, 1.954537, 5968.927246>) requested data for lock!
[19:40:53] Player (Majky, 76561198275611052)(<4373.662109, 3.838867, 5976.322266>) requested data for lock!
[19:43:50] Player (Martina_(.)(.)_, 76561198097548152)(<3813.299072, 19.280001, 4518.844727>) requested data for lock!
[19:45:16] Player (Majky, 76561198275611052)(<3813.299072, 19.280001, 4518.844727>) requested data for lock!
[19:48:47] Player (Bflame, 76561198072840834)(<3813.299072, 19.280001, 4518.844727>) requested data for lock!
[19:49:56] Player (Bflame, 76561198072840834)(<4489.105957, 1.163242, 3118.035645>) requested data for lock!
[19:49:59] Player (Martina_(.)(.)_, 76561198097548152)(<4489.105957, 1.163242, 3118.035645>) requested data for lock!
[19:51:21] Player (Majky, 76561198275611052)(<3813.299072, 19.280001, 4518.844727>) requested data for lock!
[19:52:28] Player (Majky, 76561198275611052)(<3476.018555, 4.701435, 5403.883301>) requested data for lock!
[19:52:46] Player (Majky, 76561198275611052)(<3424.784424, 14.024961, 5031.493164>) requested data for lock!
[19:52:47] Player (Majky, 76561198275611052)(<3421.042480, 15.097157, 5042.374512>) requested data for lock!
[05-19-2022][20.11.32] Log file reloaded ( Server Restart )
[20:15:22] Player (Martina_(.)(.)_, 76561198097548152)(<3813.299072, 19.280001, 4518.844727>) requested data for lock!
[20:15:46] Player (Bflame, 76561198072840834)(<3813.299072, 19.280001, 4518.844727>) requested data for lock!
[20:18:02] Player (Martina_(.)(.)_, 76561198097548152)(<3424.784424, 14.024961, 5031.493164>) requested data for lock!
[20:18:03] Player (Martina_(.)(.)_, 76561198097548152)(<3421.042480, 15.097157, 5042.374512>) requested data for lock!
[20:19:05] Player (Martina_(.)(.)_, 76561198097548152)(<3476.018555, 4.701435, 5403.883301>) requested data for lock!
[05-19-2022][20.22.48] Log file reloaded ( Server Restart )
[20:24:27] Player (Martina_(.)(.)_, 76561198097548152)(<3421.042480, 15.097157, 5042.374512>) requested data for lock!
[20:24:27] Player (Martina_(.)(.)_, 76561198097548152)(<3424.784424, 14.024961, 5031.493164>) requested data for lock!
[20:24:27] Player (Martina_(.)(.)_, 76561198097548152)(<3476.018555, 4.701435, 5403.883301>) requested data for lock!
[20:24:28] Player (Martina_(.)(.)_, 76561198097548152)(<3813.299072, 19.280001, 4518.844727>) requested data for lock!
[20:25:16] Player (MADness, 76561198968762750)(<3813.299072, 19.280001, 4518.844727>) requested data for lock!
[20:25:39] Player (Bflame, 76561198072840834)(<3813.299072, 19.280001, 4518.844727>) requested data for lock!
[20:27:20] Player (Bflame, 76561198072840834)(<3424.784424, 14.024961, 5031.493164>) requested data for lock!
[20:27:21] Player (Bflame, 76561198072840834)(<3421.042480, 15.097157, 5042.374512>) requested data for lock!
[20:27:38] Player (MADness, 76561198968762750)(<4489.105957, 1.163242, 3118.035645>) requested data for lock!
[20:31:33] Player (MADness, 76561198968762750)(<3424.784424, 14.024961, 5031.493164>) requested data for lock!
[20:31:33] Player (MADness, 76561198968762750)(<3421.042480, 15.097157, 5042.374512>) requested data for lock!
[20:31:45] Player (MADness, 76561198968762750)(<3476.018555, 4.701435, 5403.883301>) requested data for lock!
[20:38:42] Player (Majky, 76561198275611052)(<3813.299072, 19.280001, 4518.844727>) requested data for lock!
[20:38:42] Player (Majky, 76561198275611052)(<3421.042480, 15.097157, 5042.374512>) requested data for lock!
[20:38:42] Player (Majky, 76561198275611052)(<3424.784424, 14.024961, 5031.493164>) requested data for lock!
[20:38:42] Player (Majky, 76561198275611052)(<3476.018555, 4.701435, 5403.883301>) requested data for lock!
[20:38:42] Player (Majky, 76561198275611052)(<4379.876953, 2.008279, 5963.796387>) requested data for lock!
[20:38:42] Player (Majky, 76561198275611052)(<4380.106445, 2.076707, 5958.709961>) requested data for lock!
[20:38:42] Player (Majky, 76561198275611052)(<4378.048340, 1.954537, 5968.927246>) requested data for lock!
[20:38:42] Player (Majky, 76561198275611052)(<4373.662109, 3.838867, 5976.322266>) requested data for lock!
[20:40:48] Player (Martina_(.)(.)_, 76561198097548152)(<3476.018555, 4.701435, 5403.883301>) requested data for lock!
[20:45:32] Player (D3xt3R, 76561198016672415)(<3813.299072, 19.280001, 4518.844727>) requested data for lock!
[20:45:32] Player (D3xt3R, 76561198016672415)(<4489.105957, 1.163242, 3118.035645>) requested data for lock!
[20:46:18] Player (MADness, 76561198968762750)(<3421.042480, 15.097157, 5042.374512>) requested data for lock!
[20:46:19] Player (MADness, 76561198968762750)(<3424.784424, 14.024961, 5031.493164>) requested data for lock!
[20:46:56] Player (svickova, 76561198310875046)(<4964.083008, 5.118455, 1414.849365>) requested data for lock!
[20:47:22] Player (MADness, 76561198968762750)(<3813.299072, 19.280001, 4518.844727>) requested data for lock!
[20:47:40] Player (Martina_(.)(.)_, 76561198097548152)(<3476.018555, 4.701435, 5403.883301>) requested data for lock!
[20:48:00] Player (MADness, 76561198968762750)(<4380.106445, 2.076707, 5958.709961>) requested data for lock!
[20:48:01] Player (MADness, 76561198968762750)(<4379.876953, 2.008279, 5963.796387>) requested data for lock!
[20:48:01] Player (MADness, 76561198968762750)(<4378.048340, 1.954537, 5968.927246>) requested data for lock!
[20:48:01] Player (MADness, 76561198968762750)(<4373.662109, 3.838867, 5976.322266>) requested data for lock!
[20:48:23] Player (Martina_(.)(.)_, 76561198097548152)(<3476.018555, 4.701435, 5403.883301>) requested data for lock!
[20:49:12] Player (Martina_(.)(.)_, 76561198097548152)(<3476.018555, 4.701435, 5403.883301>) requested data for lock!
[20:52:46] Player (Kelpinda, 76561199022890516)(<4964.083008, 5.118455, 1414.849365>) requested data for lock!
[20:53:27] Player (D3xt3R, 76561198016672415)(<3813.299072, 19.280001, 4518.844727>) requested data for lock!
[20:53:28] Player (D3xt3R, 76561198016672415)(<4489.105957, 1.163242, 3118.035645>) requested data for lock!
[20:55:28] Player (Martina_(.)(.)_, 76561198097548152)(<3476.018555, 4.701435, 5403.883301>) requested data for lock!
[20:56:40] Player (Martina_(.)(.)_, 76561198097548152)(<3421.042480, 15.097157, 5042.374512>) requested data for lock!
[20:57:00] Player (Martina_(.)(.)_, 76561198097548152)(<3424.784424, 14.024961, 5031.493164>) requested data for lock!
[21:00:27] Player (Majky, 76561198275611052)(<4380.106445, 2.076707, 5958.709961>) requested data for lock!
[21:00:27] Player (Majky, 76561198275611052)(<4379.876953, 2.008279, 5963.796387>) requested data for lock!
[21:00:27] Player (Majky, 76561198275611052)(<4378.048340, 1.954537, 5968.927246>) requested data for lock!
[21:00:28] Player (Majky, 76561198275611052)(<4373.662109, 3.838867, 5976.322266>) requested data for lock!
[21:01:21] Player (Bflame, 76561198072840834)(<3424.784424, 14.024961, 5031.493164>) requested data for lock!
[21:01:22] Player (Bflame, 76561198072840834)(<3421.042480, 15.097157, 5042.374512>) requested data for lock!
[21:01:38] Player (Bflame, 76561198072840834)(<3476.018555, 4.701435, 5403.883301>) requested data for lock!
[21:02:24] Player (Bflame, 76561198072840834)(<4380.106445, 2.076707, 5958.709961>) requested data for lock!
[21:02:24] Player (Bflame, 76561198072840834)(<4379.876953, 2.008279, 5963.796387>) requested data for lock!
[21:02:25] Player (Bflame, 76561198072840834)(<4378.048340, 1.954537, 5968.927246>) requested data for lock!
[21:02:26] Player (Bflame, 76561198072840834)(<4373.662109, 3.838867, 5976.322266>) requested data for lock!
[21:13:24] Player (D3xt3R, 76561198016672415)(<3813.299072, 19.280001, 4518.844727>) requested data for lock!
[21:14:01] Player (D3xt3R, 76561198016672415)(<3813.299072, 19.280001, 4518.844727>) requested data for lock!
[21:14:12] Player (Bflame, 76561198072840834)(<3813.299072, 19.280001, 4518.844727>) requested data for lock!
[21:14:12] Player (Bflame, 76561198072840834)(<3421.042480, 15.097157, 5042.374512>) requested data for lock!
[21:14:12] Player (Bflame, 76561198072840834)(<3424.784424, 14.024961, 5031.493164>) requested data for lock!
[21:14:12] Player (Bflame, 76561198072840834)(<3476.018555, 4.701435, 5403.883301>) requested data for lock!
[21:16:57] Player (MADness, 76561198968762750)(<3813.299072, 19.280001, 4518.844727>) requested data for lock!
[21:21:25] Player (Majky, 76561198275611052)(<3424.784424, 14.024961, 5031.493164>) requested data for lock!
[21:21:26] Player (Majky, 76561198275611052)(<3421.042480, 15.097157, 5042.374512>) requested data for lock!
[21:21:46] Player (Majky, 76561198275611052)(<3476.018555, 4.701435, 5403.883301>) requested data for lock!
[21:23:14] Player (Majky, 76561198275611052)(<4380.106445, 2.076707, 5958.709961>) requested data for lock!
[21:23:14] Player (Majky, 76561198275611052)(<4379.876953, 2.008279, 5963.796387>) requested data for lock!
[21:23:14] Player (Majky, 76561198275611052)(<4378.048340, 1.954537, 5968.927246>) requested data for lock!
[21:23:14] Player (Majky, 76561198275611052)(<4373.662109, 3.838867, 5976.322266>) requested data for lock!
[21:25:17] Player (MADness, 76561198968762750)(<4489.105957, 1.163242, 3118.035645>) requested data for lock!
[21:32:52] Player (Bflame, 76561198072840834)(<3813.299072, 19.280001, 4518.844727>) requested data for lock!
[21:32:52] Player (Bflame, 76561198072840834)(<3421.042480, 15.097157, 5042.374512>) requested data for lock!
[21:32:52] Player (Bflame, 76561198072840834)(<3424.784424, 14.024961, 5031.493164>) requested data for lock!
[21:32:52] Player (Bflame, 76561198072840834)(<3476.018555, 4.701435, 5403.883301>) requested data for lock!
[21:34:35] Player (Bflame, 76561198072840834)(<4380.106445, 2.076707, 5958.709961>) requested data for lock!
[21:34:36] Player (Bflame, 76561198072840834)(<4379.876953, 2.008279, 5963.796387>) requested data for lock!
[21:34:36] Player (Bflame, 76561198072840834)(<4378.048340, 1.954537, 5968.927246>) requested data for lock!
[21:34:37] Player (Bflame, 76561198072840834)(<4373.662109, 3.838867, 5976.322266>) requested data for lock!
[21:40:15] Player (D3xt3R, 76561198016672415)(<3813.299072, 19.280001, 4518.844727>) requested data for lock!
[21:43:30] Player (Majky, 76561198275611052)(<4380.106445, 2.076707, 5958.709961>) requested data for lock!
[21:43:30] Player (Majky, 76561198275611052)(<4379.876953, 2.008279, 5963.796387>) requested data for lock!
[21:43:31] Player (Majky, 76561198275611052)(<4378.048340, 1.954537, 5968.927246>) requested data for lock!
[21:43:31] Player (Majky, 76561198275611052)(<4373.662109, 3.838867, 5976.322266>) requested data for lock!
[21:50:02] Player (Bflame, 76561198072840834)(<4489.105957, 1.163242, 3118.035645>) requested data for lock!
[21:50:33] Player (D3xt3R, 76561198016672415)(<4489.105957, 1.163242, 3118.035645>) requested data for lock!
[21:50:34] Player (Majky, 76561198275611052)(<4489.105957, 1.163242, 3118.035645>) requested data for lock!
[21:52:53] Player (Bflame, 76561198072840834)(<3813.299072, 19.280001, 4518.844727>) requested data for lock!
[21:55:43] Player (Bflame, 76561198072840834)(<4489.105957, 1.163242, 3118.035645>) requested data for lock!
[22:08:13] Player (P@lko2265, 76561198039629108)(<4379.876953, 2.008279, 5963.796387>) requested data for lock!
[22:08:13] Player (P@lko2265, 76561198039629108)(<4380.106445, 2.076707, 5958.709961>) requested data for lock!
[22:08:13] Player (P@lko2265, 76561198039629108)(<4378.048340, 1.954537, 5968.927246>) requested data for lock!
[22:08:13] Player (P@lko2265, 76561198039629108)(<4373.662109, 3.838867, 5976.322266>) requested data for lock!
[22:10:07] Player (P@lko2265, 76561198039629108)(<3476.018555, 4.701435, 5403.883301>) requested data for lock!
[22:15:07] Player (D3xt3R, 76561198016672415)(<4489.105957, 1.163242, 3118.035645>) requested data for lock!
[22:15:07] Player (Majky, 76561198275611052)(<4489.105957, 1.163242, 3118.035645>) requested data for lock!
[22:15:07] Player (MADness, 76561198968762750)(<4489.105957, 1.163242, 3118.035645>) requested data for lock!
[22:15:56] Player (D3xt3R, 76561198016672415)(<3813.299072, 19.280001, 4518.844727>) requested data for lock!
[22:15:56] Player (MADness, 76561198968762750)(<3813.299072, 19.280001, 4518.844727>) requested data for lock!
[22:15:56] Player (Majky, 76561198275611052)(<3813.299072, 19.280001, 4518.844727>) requested data for lock!
[22:25:31] Player (Majky, 76561198275611052)(<3813.299072, 19.280001, 4518.844727>) requested data for lock!
[22:25:49] Player (P@lko2265, 76561198039629108)(<3421.042480, 15.097157, 5042.374512>) requested data for lock!
[22:25:49] Player (P@lko2265, 76561198039629108)(<3424.784424, 14.024961, 5031.493164>) requested data for lock!
[22:26:00] Player (P@lko2265, 76561198039629108)(<3813.299072, 19.280001, 4518.844727>) requested data for lock!
[22:50:26] Player (P@lko2265, 76561198039629108)(<3424.784424, 14.024961, 5031.493164>) requested data for lock!
[22:50:27] Player (P@lko2265, 76561198039629108)(<3421.042480, 15.097157, 5042.374512>) requested data for lock!
[22:50:36] Player (P@lko2265, 76561198039629108)(<3476.018555, 4.701435, 5403.883301>) requested data for lock!
[22:50:46] Player (P@lko2265, 76561198039629108)(<4380.106445, 2.076707, 5958.709961>) requested data for lock!
[22:50:46] Player (P@lko2265, 76561198039629108)(<4379.876953, 2.008279, 5963.796387>) requested data for lock!
[22:50:47] Player (P@lko2265, 76561198039629108)(<4378.048340, 1.954537, 5968.927246>) requested data for lock!
[22:50:47] Player (P@lko2265, 76561198039629108)(<4373.662109, 3.838867, 5976.322266>) requested data for lock!
[22:51:51] Player (Maltrix CZE, 76561198188251693)(<2568.014160, 42.197731, 3449.879150>) requested data for lock!
[22:51:55] Player (P@lko2265, 76561198039629108)(<4373.662109, 3.838867, 5976.322266>) requested data for lock!
[22:51:56] Player (P@lko2265, 76561198039629108)(<4378.048340, 1.954537, 5968.927246>) requested data for lock!
[22:51:56] Player (P@lko2265, 76561198039629108)(<4379.876953, 2.008279, 5963.796387>) requested data for lock!
[22:51:56] Player (P@lko2265, 76561198039629108)(<4380.106445, 2.076707, 5958.709961>) requested data for lock!
[22:55:14] Player (Maltrix CZE, 76561198188251693)(<4489.105957, 1.163242, 3118.035645>) requested data for lock!
[23:00:41] Player (Maltrix CZE, 76561198188251693)(<3813.299072, 19.280001, 4518.844727>) requested data for lock!
[23:28:04] Player (Majky, 76561198275611052)(<4489.105957, 1.163242, 3118.035645>) requested data for lock!
[23:28:53] Player (Majky, 76561198275611052)(<3813.299072, 19.280001, 4518.844727>) requested data for lock!
[23:29:21] Player (Majky, 76561198275611052)(<3424.784424, 14.024961, 5031.493164>) requested data for lock!
[23:29:22] Player (Majky, 76561198275611052)(<3421.042480, 15.097157, 5042.374512>) requested data for lock!
[23:29:27] Player (Majky, 76561198275611052)(<3476.018555, 4.701435, 5403.883301>) requested data for lock!
[23:29:37] Player (Majky, 76561198275611052)(<4380.106445, 2.076707, 5958.709961>) requested data for lock!
[23:29:37] Player (Majky, 76561198275611052)(<4379.876953, 2.008279, 5963.796387>) requested data for lock!
[23:29:37] Player (Majky, 76561198275611052)(<4378.048340, 1.954537, 5968.927246>) requested data for lock!
[23:29:37] Player (Majky, 76561198275611052)(<4373.662109, 3.838867, 5976.322266>) requested data for lock!
[23:29:58] Player (Maltrix CZE, 76561198188251693)(<3424.784424, 14.024961, 5031.493164>) requested data for lock!
[23:29:59] Player (Maltrix CZE, 76561198188251693)(<3421.042480, 15.097157, 5042.374512>) requested data for lock!
[23:30:16] Player (Maltrix CZE, 76561198188251693)(<3476.018555, 4.701435, 5403.883301>) requested data for lock!
[23:30:53] Player (Maltrix CZE, 76561198188251693)(<4380.106445, 2.076707, 5958.709961>) requested data for lock!
[23:30:53] Player (Maltrix CZE, 76561198188251693)(<4379.876953, 2.008279, 5963.796387>) requested data for lock!
[23:30:54] Player (Maltrix CZE, 76561198188251693)(<4378.048340, 1.954537, 5968.927246>) requested data for lock!
[23:30:54] Player (Maltrix CZE, 76561198188251693)(<4373.662109, 3.838867, 5976.322266>) requested data for lock!
[23:33:31] Player (martyCZ, 76561198873247465)(<3476.018555, 4.701435, 5403.883301>) requested data for lock!
[23:34:12] Player (Maltrix CZE, 76561198188251693)(<3421.042480, 15.097157, 5042.374512>) requested data for lock!
[23:34:14] Player (Maltrix CZE, 76561198188251693)(<3424.784424, 14.024961, 5031.493164>) requested data for lock!
[23:34:34] Player (P@lko2265, 76561198039629108)(<3476.018555, 4.701435, 5403.883301>) requested data for lock!
[23:35:30] Player (martyCZ, 76561198873247465)(<3421.042480, 15.097157, 5042.374512>) requested data for lock!
[23:35:31] Player (martyCZ, 76561198873247465)(<3424.784424, 14.024961, 5031.493164>) requested data for lock!
[23:36:11] Player (martyCZ, 76561198873247465)(<4373.662109, 3.838867, 5976.322266>) requested data for lock!
[23:36:16] Player (martyCZ, 76561198873247465)(<4378.048340, 1.954537, 5968.927246>) requested data for lock!
[23:36:16] Player (martyCZ, 76561198873247465)(<4379.876953, 2.008279, 5963.796387>) requested data for lock!
[23:36:16] Player (martyCZ, 76561198873247465)(<4380.106445, 2.076707, 5958.709961>) requested data for lock!
[23:36:35] Player (Maltrix CZE, 76561198188251693)(<4373.662109, 3.838867, 5976.322266>) requested data for lock!
[23:36:35] Player (Maltrix CZE, 76561198188251693)(<4378.048340, 1.954537, 5968.927246>) requested data for lock!
[23:36:36] Player (Maltrix CZE, 76561198188251693)(<4379.876953, 2.008279, 5963.796387>) requested data for lock!
[23:36:36] Player (Maltrix CZE, 76561198188251693)(<4380.106445, 2.076707, 5958.709961>) requested data for lock!
[23:42:26] Player (Maltrix CZE, 76561198188251693)(<3813.299072, 19.280001, 4518.844727>) requested data for lock!
[23:52:49] Player (martyCZ, 76561198873247465)(<4373.662109, 3.838867, 5976.322266>) requested data for lock!
[23:52:50] Player (martyCZ, 76561198873247465)(<4378.048340, 1.954537, 5968.927246>) requested data for lock!
[23:52:50] Player (martyCZ, 76561198873247465)(<4379.876953, 2.008279, 5963.796387>) requested data for lock!
[23:52:50] Player (martyCZ, 76561198873247465)(<4380.106445, 2.076707, 5958.709961>) requested data for lock!
[23:52:53] Player (martyCZ, 76561198873247465)(<3476.018555, 4.701435, 5403.883301>) requested data for lock!
[00:03:41] Player (martyCZ, 76561198873247465)(<3476.018555, 4.701435, 5403.883301>) requested data for lock!
[00:06:06] Player (martyCZ, 76561198873247465)(<3421.042480, 15.097157, 5042.374512>) requested data for lock!
[00:06:09] Player (martyCZ, 76561198873247465)(<3424.784424, 14.024961, 5031.493164>) requested data for lock!
[00:07:14] Player (martyCZ, 76561198873247465)(<3813.299072, 19.280001, 4518.844727>) requested data for lock!
