[05-15-2022][00.11.37] New Synch Log File Created!
[00:12:32] Player (MADness, 76561198968762750)(<4489.105957, 1.163242, 3118.035645>) requested data for lock!
[00:22:58] Player (MADness, 76561198968762750)(<4489.105957, 1.163242, 3118.035645>) requested data for lock!
[00:24:15] Player (Kody, 76561198048450442)(<4373.662109, 3.838867, 5976.322266>) requested data for lock!
[00:24:15] Player (MADness, 76561198968762750)(<4373.662109, 3.838867, 5976.322266>) requested data for lock!
[00:24:17] Player (Kody, 76561198048450442)(<4378.048340, 1.954537, 5968.927246>) requested data for lock!
[00:24:17] Player (MADness, 76561198968762750)(<4378.048340, 1.954537, 5968.927246>) requested data for lock!
[00:24:18] Player (Kody, 76561198048450442)(<4379.876953, 2.008279, 5963.796387>) requested data for lock!
[00:24:18] Player (MADness, 76561198968762750)(<4379.876953, 2.008279, 5963.796387>) requested data for lock!
[00:24:18] Player (Kody, 76561198048450442)(<4380.106445, 2.076707, 5958.709961>) requested data for lock!
[00:24:18] Player (MADness, 76561198968762750)(<4380.106445, 2.076707, 5958.709961>) requested data for lock!
[00:25:00] Player (Kody, 76561198048450442)(<3421.042480, 15.097157, 5042.374512>) requested data for lock!
[00:25:00] Player (MADness, 76561198968762750)(<3421.042480, 15.097157, 5042.374512>) requested data for lock!
[00:48:40] Player (MADness, 76561198968762750)(<4489.105957, 1.163242, 3118.035645>) requested data for lock!
[00:55:17] Player (Kody, 76561198048450442)(<4489.105957, 1.163242, 3118.035645>) requested data for lock!
[05-15-2022][04.11.33] Log file reloaded ( Server Restart )
[07:28:30] Player (P@lko2265, 76561198039629108)(<4379.876953, 2.008279, 5963.796387>) requested data for lock!
[07:28:30] Player (P@lko2265, 76561198039629108)(<4373.662109, 3.838867, 5976.322266>) requested data for lock!
[07:28:30] Player (P@lko2265, 76561198039629108)(<4378.048340, 1.954537, 5968.927246>) requested data for lock!
[07:28:30] Player (P@lko2265, 76561198039629108)(<4380.106445, 2.076707, 5958.709961>) requested data for lock!
[07:37:46] Player (P@lko2265, 76561198039629108)(<3421.042480, 15.097157, 5042.374512>) requested data for lock!
[07:39:00] Player (P@lko2265, 76561198039629108)(<4489.105957, 1.163242, 3118.035645>) requested data for lock!
[05-15-2022][08.11.32] Log file reloaded ( Server Restart )
[08:21:11] Player (Maltrix CZE, 76561198188251693)(<2527.286621, 43.049854, 3421.575684>) requested data for lock!
[09:34:27] Player (Bflame, 76561198072840834)(<4489.105957, 1.163242, 3118.035645>) requested data for lock!
[09:42:26] Player (Maltrix CZE, 76561198188251693)(<4489.105957, 1.163242, 3118.035645>) requested data for lock!
[10:00:41] Player (Bflame, 76561198072840834)(<3421.042480, 15.097157, 5042.374512>) requested data for lock!
[10:01:39] Player (Bflame, 76561198072840834)(<4380.106445, 2.076707, 5958.709961>) requested data for lock!
[10:01:39] Player (Bflame, 76561198072840834)(<4379.876953, 2.008279, 5963.796387>) requested data for lock!
[10:01:40] Player (Bflame, 76561198072840834)(<4378.048340, 1.954537, 5968.927246>) requested data for lock!
[10:01:40] Player (Bflame, 76561198072840834)(<4373.662109, 3.838867, 5976.322266>) requested data for lock!
[10:59:13] Player (Maltrix CZE, 76561198188251693)(<2527.286621, 43.049854, 3421.575684>) requested data for lock!
[05-15-2022][12.02.28] Log file reloaded ( Server Restart )
[05-15-2022][12.13.25] Log file reloaded ( Server Restart )
[12:14:13] Player (Maltrix CZE, 76561198188251693)(<2527.286621, 43.049854, 3421.575684>) requested data for lock!
[12:44:48] Player (Bflame, 76561198072840834)(<3421.042480, 15.097157, 5042.374512>) requested data for lock!
[12:48:12] Player (MADness, 76561198968762750)(<4489.105957, 1.163242, 3118.035645>) requested data for lock!
[12:55:42] Player (Belthazar, 76561198038755126)(<4489.105957, 1.163242, 3118.035645>) requested data for lock!
[13:01:59] Player (MADness, 76561198968762750)(<4489.105957, 1.163242, 3118.035645>) requested data for lock!
[13:11:11] Player (Maltrix CZE, 76561198188251693)(<2527.286621, 43.049854, 3421.575684>) requested data for lock!
[13:12:21] Player (Bflame, 76561198072840834)(<4489.105957, 1.163242, 3118.035645>) requested data for lock!
[13:23:48] Player (MADness, 76561198968762750)(<4489.105957, 1.163242, 3118.035645>) requested data for lock!
[13:28:05] Player (Belthazar, 76561198038755126)(<4489.105957, 1.163242, 3118.035645>) requested data for lock!
[13:40:21] Player (MADness, 76561198968762750)(<4489.105957, 1.163242, 3118.035645>) requested data for lock!
[14:24:40] Player (Maltrix CZE, 76561198188251693)(<2527.286621, 43.049854, 3421.575684>) requested data for lock!
[14:42:46] Player (cumtam, 76561199150532361)(<4489.105957, 1.163242, 3118.035645>) requested data for lock!
[14:43:43] Player (cumtam, 76561199150532361)(<4489.105957, 1.163242, 3118.035645>) requested data for lock!
[14:43:43] Player (Belthazar, 76561198038755126)(<4489.105957, 1.163242, 3118.035645>) requested data for lock!
[15:19:04] Player (cumtam, 76561199150532361)(<4489.105957, 1.163242, 3118.035645>) requested data for lock!
[15:23:57] Player (cumtam, 76561199150532361)(<3421.042480, 15.097157, 5042.374512>) requested data for lock!
[15:25:32] Player (cumtam, 76561199150532361)(<3421.042480, 15.097157, 5042.374512>) requested data for lock!
[15:26:10] Player (cumtam, 76561199150532361)(<3421.042480, 15.097157, 5042.374512>) requested data for lock!
[15:26:34] Player (cumtam, 76561199150532361)(<3421.042480, 15.097157, 5042.374512>) requested data for lock!
[15:27:24] Player (cumtam, 76561199150532361)(<3421.042480, 15.097157, 5042.374512>) requested data for lock!
[15:27:54] Player (cumtam, 76561199150532361)(<3421.042480, 15.097157, 5042.374512>) requested data for lock!
[15:28:28] Player (cumtam, 76561199150532361)(<3421.042480, 15.097157, 5042.374512>) requested data for lock!
[15:36:19] Player (cumtam, 76561199150532361)(<3421.042480, 15.097157, 5042.374512>) requested data for lock!
[15:41:30] Player (cumtam, 76561199150532361)(<4489.105957, 1.163242, 3118.035645>) requested data for lock!
[15:48:23] Player (cumtam, 76561199150532361)(<3421.042480, 15.097157, 5042.374512>) requested data for lock!
[15:49:47] Player (cumtam, 76561199150532361)(<4380.106445, 2.076707, 5958.709961>) requested data for lock!
[15:49:47] Player (cumtam, 76561199150532361)(<4379.876953, 2.008279, 5963.796387>) requested data for lock!
[15:49:47] Player (cumtam, 76561199150532361)(<4378.048340, 1.954537, 5968.927246>) requested data for lock!
[15:49:47] Player (cumtam, 76561199150532361)(<4373.662109, 3.838867, 5976.322266>) requested data for lock!
[16:08:00] Player (cumtam, 76561199150532361)(<4373.662109, 3.838867, 5976.322266>) requested data for lock!
[16:08:00] Player (cumtam, 76561199150532361)(<4378.048340, 1.954537, 5968.927246>) requested data for lock!
[16:08:00] Player (cumtam, 76561199150532361)(<3421.042480, 15.097157, 5042.374512>) requested data for lock!
[16:08:01] Player (cumtam, 76561199150532361)(<4380.106445, 2.076707, 5958.709961>) requested data for lock!
[16:08:01] Player (cumtam, 76561199150532361)(<4379.876953, 2.008279, 5963.796387>) requested data for lock!
[05-15-2022][16.11.31] Log file reloaded ( Server Restart )
[16:12:19] Player (MADness, 76561198968762750)(<4489.105957, 1.163242, 3118.035645>) requested data for lock!
[16:12:22] Player (cumtam, 76561199150532361)(<3421.042480, 15.097157, 5042.374512>) requested data for lock!
[16:12:23] Player (cumtam, 76561199150532361)(<4378.048340, 1.954537, 5968.927246>) requested data for lock!
[16:12:23] Player (cumtam, 76561199150532361)(<4373.662109, 3.838867, 5976.322266>) requested data for lock!
[16:12:23] Player (cumtam, 76561199150532361)(<4380.106445, 2.076707, 5958.709961>) requested data for lock!
[16:12:23] Player (cumtam, 76561199150532361)(<4379.876953, 2.008279, 5963.796387>) requested data for lock!
[16:12:24] Player (Maltrix CZE, 76561198188251693)(<2527.286621, 43.049854, 3421.575684>) requested data for lock!
[16:12:44] Player (MADness, 76561198968762750)(<2527.286621, 43.049854, 3421.575684>) requested data for lock!
[16:30:53] Player (MADness, 76561198968762750)(<4489.105957, 1.163242, 3118.035645>) requested data for lock!
[16:53:12] Player (MADness, 76561198968762750)(<4489.105957, 1.163242, 3118.035645>) requested data for lock!
[16:56:22] Player (Maltrix CZE, 76561198188251693)(<4489.105957, 1.163242, 3118.035645>) requested data for lock!
[16:58:58] Player (P@lko2265, 76561198039629108)(<4489.105957, 1.163242, 3118.035645>) requested data for lock!
[17:03:10] Player (P@lko2265, 76561198039629108)(<4489.105957, 1.163242, 3118.035645>) requested data for lock!
[17:41:08] Player (P@lko2265, 76561198039629108)(<3421.042480, 15.097157, 5042.374512>) requested data for lock!
[17:41:30] Player (P@lko2265, 76561198039629108)(<4380.106445, 2.076707, 5958.709961>) requested data for lock!
[17:41:31] Player (P@lko2265, 76561198039629108)(<4379.876953, 2.008279, 5963.796387>) requested data for lock!
[17:41:31] Player (P@lko2265, 76561198039629108)(<4378.048340, 1.954537, 5968.927246>) requested data for lock!
[17:41:31] Player (P@lko2265, 76561198039629108)(<4373.662109, 3.838867, 5976.322266>) requested data for lock!
[17:45:12] Player (Maltrix CZE, 76561198188251693)(<2527.286621, 43.049854, 3421.575684>) requested data for lock!
[17:45:37] Player (P@lko2265, 76561198039629108)(<3421.042480, 15.097157, 5042.374512>) requested data for lock!
[18:08:47] Player (Martina_(.)(.)_, 76561198097548152)(<4489.105957, 1.163242, 3118.035645>) requested data for lock!
[18:16:16] Player (Martina_(.)(.)_, 76561198097548152)(<2527.286621, 43.049854, 3421.575684>) requested data for lock!
[18:38:40] Player (P@lko2265, 76561198039629108)(<4380.106445, 2.076707, 5958.709961>) requested data for lock!
[18:38:40] Player (P@lko2265, 76561198039629108)(<4379.876953, 2.008279, 5963.796387>) requested data for lock!
[18:38:40] Player (P@lko2265, 76561198039629108)(<4378.048340, 1.954537, 5968.927246>) requested data for lock!
[18:38:40] Player (P@lko2265, 76561198039629108)(<4373.662109, 3.838867, 5976.322266>) requested data for lock!
[18:40:19] Player (Bflame, 76561198072840834)(<4489.105957, 1.163242, 3118.035645>) requested data for lock!
[18:48:22] Player (Martina_(.)(.)_, 76561198097548152)(<2527.286621, 43.049854, 3421.575684>) requested data for lock!
[18:49:10] Player (Maltrix CZE, 76561198188251693)(<2527.286621, 43.049854, 3421.575684>) requested data for lock!
[18:49:10] Player (Martina_(.)(.)_, 76561198097548152)(<2527.286621, 43.049854, 3421.575684>) requested data for lock!
[18:50:04] Player (Bflame, 76561198072840834)(<3421.042480, 15.097157, 5042.374512>) requested data for lock!
[18:50:56] Player (Bflame, 76561198072840834)(<4380.106445, 2.076707, 5958.709961>) requested data for lock!
[18:50:57] Player (Bflame, 76561198072840834)(<4379.876953, 2.008279, 5963.796387>) requested data for lock!
[18:50:57] Player (Bflame, 76561198072840834)(<4378.048340, 1.954537, 5968.927246>) requested data for lock!
[18:50:58] Player (Bflame, 76561198072840834)(<4373.662109, 3.838867, 5976.322266>) requested data for lock!
[18:58:03] Player (Belthazar, 76561198038755126)(<4489.105957, 1.163242, 3118.035645>) requested data for lock!
[18:59:13] Player (Bflame, 76561198072840834)(<4380.106445, 2.076707, 5958.709961>) requested data for lock!
[19:02:45] Player (P@lko2265, 76561198039629108)(<4373.662109, 3.838867, 5976.322266>) requested data for lock!
[19:02:46] Player (P@lko2265, 76561198039629108)(<4378.048340, 1.954537, 5968.927246>) requested data for lock!
[19:02:46] Player (P@lko2265, 76561198039629108)(<4379.876953, 2.008279, 5963.796387>) requested data for lock!
[19:02:47] Player (P@lko2265, 76561198039629108)(<4380.106445, 2.076707, 5958.709961>) requested data for lock!
[19:09:10] Player (P@lko2265, 76561198039629108)(<3421.042480, 15.097157, 5042.374512>) requested data for lock!
[19:49:25] Player (P@lko2265, 76561198039629108)(<4379.876953, 2.008279, 5963.796387>) requested data for lock!
[19:49:26] Player (P@lko2265, 76561198039629108)(<4378.048340, 1.954537, 5968.927246>) requested data for lock!
[19:49:28] Player (P@lko2265, 76561198039629108)(<4373.662109, 3.838867, 5976.322266>) requested data for lock!
[19:53:10] Player (P@lko2265, 76561198039629108)(<3421.042480, 15.097157, 5042.374512>) requested data for lock!
[20:02:02] Player (P@lko2265, 76561198039629108)(<4489.105957, 1.163242, 3118.035645>) requested data for lock!
[05-15-2022][20.11.31] Log file reloaded ( Server Restart )
[20:13:14] Player (Martina_(.)(.)_, 76561198097548152)(<2527.286621, 43.049854, 3421.575684>) requested data for lock!
[20:18:36] Player (Martina_(.)(.)_, 76561198097548152)(<2568.014160, 42.197731, 3449.879150>) requested data for lock!
[20:20:09] Player (svickova, 76561198310875046)(<4378.048340, 1.954537, 5968.927246>) requested data for lock!
[20:20:09] Player (svickova, 76561198310875046)(<4379.876953, 2.008279, 5963.796387>) requested data for lock!
[20:20:09] Player (svickova, 76561198310875046)(<4373.662109, 3.838867, 5976.322266>) requested data for lock!
[20:20:09] Player (svickova, 76561198310875046)(<4380.106445, 2.076707, 5958.709961>) requested data for lock!
[20:25:58] Player (svickova, 76561198310875046)(<3421.042480, 15.097157, 5042.374512>) requested data for lock!
[20:31:16] Player (Rik_Plays, 76561198016672415)(<3421.042480, 15.097157, 5042.374512>) requested data for lock!
[20:34:39] Player (svickova, 76561198310875046)(<4489.105957, 1.163242, 3118.035645>) requested data for lock!
[20:39:51] Player (svickova, 76561198310875046)(<3421.042480, 15.097157, 5042.374512>) requested data for lock!
[20:41:30] Player (Belthazar, 76561198038755126)(<4489.105957, 1.163242, 3118.035645>) requested data for lock!
[20:44:00] Player (Kelpinda, 76561199022890516)(<4380.106445, 2.076707, 5958.709961>) requested data for lock!
[20:44:00] Player (Kelpinda, 76561199022890516)(<4379.876953, 2.008279, 5963.796387>) requested data for lock!
[20:44:01] Player (Kelpinda, 76561199022890516)(<4378.048340, 1.954537, 5968.927246>) requested data for lock!
[20:44:01] Player (Kelpinda, 76561199022890516)(<4373.662109, 3.838867, 5976.322266>) requested data for lock!
[20:48:06] Player (svickova, 76561198310875046)(<3421.042480, 15.097157, 5042.374512>) requested data for lock!
[20:48:56] Player (svickova, 76561198310875046)(<4373.662109, 3.838867, 5976.322266>) requested data for lock!
[20:48:57] Player (svickova, 76561198310875046)(<4378.048340, 1.954537, 5968.927246>) requested data for lock!
[20:48:57] Player (svickova, 76561198310875046)(<4379.876953, 2.008279, 5963.796387>) requested data for lock!
[20:48:57] Player (svickova, 76561198310875046)(<4380.106445, 2.076707, 5958.709961>) requested data for lock!
[20:51:26] Player (svickova, 76561198310875046)(<3421.042480, 15.097157, 5042.374512>) requested data for lock!
[20:51:26] Player (Kelpinda, 76561199022890516)(<3421.042480, 15.097157, 5042.374512>) requested data for lock!
[20:52:06] Player (Rik_Plays, 76561198016672415)(<3421.042480, 15.097157, 5042.374512>) requested data for lock!
[20:52:06] Player (Rik_Plays, 76561198016672415)(<4373.662109, 3.838867, 5976.322266>) requested data for lock!
[20:52:06] Player (Rik_Plays, 76561198016672415)(<4378.048340, 1.954537, 5968.927246>) requested data for lock!
[20:52:06] Player (Rik_Plays, 76561198016672415)(<4379.876953, 2.008279, 5963.796387>) requested data for lock!
[20:52:06] Player (Rik_Plays, 76561198016672415)(<4380.106445, 2.076707, 5958.709961>) requested data for lock!
[20:56:03] Player (Martina_(.)(.)_, 76561198097548152)(<4489.105957, 1.163242, 3118.035645>) requested data for lock!
[20:58:42] Player (Bflame, 76561198072840834)(<3421.042480, 15.097157, 5042.374512>) requested data for lock!
[20:58:49] Player (svickova, 76561198310875046)(<4489.105957, 1.163242, 3118.035645>) requested data for lock!
[21:00:15] Player (svickova, 76561198310875046)(<4489.105957, 1.163242, 3118.035645>) requested data for lock!
[21:03:35] Player (Belthazar, 76561198038755126)(<4489.105957, 1.163242, 3118.035645>) requested data for lock!
[21:10:37] Player (Kelpinda, 76561199022890516)(<4489.105957, 1.163242, 3118.035645>) requested data for lock!
[21:45:03] Player (Bflame, 76561198072840834)(<3421.042480, 15.097157, 5042.374512>) requested data for lock!
[21:47:46] Player (Martina_(.)(.)_, 76561198097548152)(<2568.014160, 42.197731, 3449.879150>) requested data for lock!
[21:47:49] Player (Martina_(.)(.)_, 76561198097548152)(<2527.286621, 43.049854, 3421.575684>) requested data for lock!
[21:50:30] Player (Belthazar, 76561198038755126)(<4489.105957, 1.163242, 3118.035645>) requested data for lock!
[21:56:28] Player (Bflame, 76561198072840834)(<4380.106445, 2.076707, 5958.709961>) requested data for lock!
[21:56:29] Player (Bflame, 76561198072840834)(<4379.876953, 2.008279, 5963.796387>) requested data for lock!
[21:56:29] Player (Bflame, 76561198072840834)(<4378.048340, 1.954537, 5968.927246>) requested data for lock!
[21:56:29] Player (Bflame, 76561198072840834)(<4373.662109, 3.838867, 5976.322266>) requested data for lock!
[21:57:41] Player (Maltrix CZE, 76561198188251693)(<2568.014160, 42.197731, 3449.879150>) requested data for lock!
[21:57:42] Player (Maltrix CZE, 76561198188251693)(<2527.286621, 43.049854, 3421.575684>) requested data for lock!
[22:12:37] Player (Belthazar, 76561198038755126)(<4489.105957, 1.163242, 3118.035645>) requested data for lock!
[22:21:13] Player (Rik_Plays, 76561198016672415)(<3421.042480, 15.097157, 5042.374512>) requested data for lock!
[22:21:41] Player (Rik_Plays, 76561198016672415)(<4379.876953, 2.008279, 5963.796387>) requested data for lock!
[22:21:41] Player (Rik_Plays, 76561198016672415)(<4380.106445, 2.076707, 5958.709961>) requested data for lock!
[22:21:41] Player (Rik_Plays, 76561198016672415)(<4378.048340, 1.954537, 5968.927246>) requested data for lock!
[22:21:42] Player (Rik_Plays, 76561198016672415)(<4373.662109, 3.838867, 5976.322266>) requested data for lock!
[22:24:43] Player (Rik_Plays, 76561198016672415)(<4373.662109, 3.838867, 5976.322266>) requested data for lock!
[22:24:43] Player (Rik_Plays, 76561198016672415)(<4379.876953, 2.008279, 5963.796387>) requested data for lock!
[22:24:43] Player (Rik_Plays, 76561198016672415)(<4380.106445, 2.076707, 5958.709961>) requested data for lock!
[22:24:43] Player (Rik_Plays, 76561198016672415)(<4378.048340, 1.954537, 5968.927246>) requested data for lock!
[22:27:38] Player (Rik_Plays, 76561198016672415)(<4489.105957, 1.163242, 3118.035645>) requested data for lock!
[22:37:08] Player (Bflame, 76561198072840834)(<4380.106445, 2.076707, 5958.709961>) requested data for lock!
[22:37:09] Player (Bflame, 76561198072840834)(<4379.876953, 2.008279, 5963.796387>) requested data for lock!
[22:37:10] Player (Bflame, 76561198072840834)(<4378.048340, 1.954537, 5968.927246>) requested data for lock!
[22:37:11] Player (Bflame, 76561198072840834)(<4373.662109, 3.838867, 5976.322266>) requested data for lock!
[22:48:20] Player (MADness, 76561198968762750)(<4489.105957, 1.163242, 3118.035645>) requested data for lock!
[22:49:59] Player (MADness, 76561198968762750)(<3421.042480, 15.097157, 5042.374512>) requested data for lock!
[22:50:53] Player (MADness, 76561198968762750)(<2568.014160, 42.197731, 3449.879150>) requested data for lock!
[22:53:50] Player (Bflame, 76561198072840834)(<3421.042480, 15.097157, 5042.374512>) requested data for lock!
[22:54:09] Player (MADness, 76561198968762750)(<4373.662109, 3.838867, 5976.322266>) requested data for lock!
[22:54:09] Player (MADness, 76561198968762750)(<4379.876953, 2.008279, 5963.796387>) requested data for lock!
[22:54:09] Player (MADness, 76561198968762750)(<4380.106445, 2.076707, 5958.709961>) requested data for lock!
[22:54:09] Player (MADness, 76561198968762750)(<4378.048340, 1.954537, 5968.927246>) requested data for lock!
[23:01:53] Player (Rik_Plays, 76561198016672415)(<3421.042480, 15.097157, 5042.374512>) requested data for lock!
[23:08:39] Player (Rik_Plays, 76561198016672415)(<2568.014160, 42.197731, 3449.879150>) requested data for lock!
[23:09:05] Player (Rik_Plays, 76561198016672415)(<4373.662109, 3.838867, 5976.322266>) requested data for lock!
[23:09:05] Player (Rik_Plays, 76561198016672415)(<4379.876953, 2.008279, 5963.796387>) requested data for lock!
[23:09:05] Player (Rik_Plays, 76561198016672415)(<4380.106445, 2.076707, 5958.709961>) requested data for lock!
[23:09:05] Player (Rik_Plays, 76561198016672415)(<4378.048340, 1.954537, 5968.927246>) requested data for lock!
[23:09:19] Player (Maltrix CZE, 76561198188251693)(<2568.014160, 42.197731, 3449.879150>) requested data for lock!
[23:09:19] Player (Martina_(.)(.)_, 76561198097548152)(<2568.014160, 42.197731, 3449.879150>) requested data for lock!
[23:25:20] Player (Bflame, 76561198072840834)(<4489.105957, 1.163242, 3118.035645>) requested data for lock!
[23:28:53] Player (martyCZ, 76561198873247465)(<4373.662109, 3.838867, 5976.322266>) requested data for lock!
[23:28:54] Player (martyCZ, 76561198873247465)(<4378.048340, 1.954537, 5968.927246>) requested data for lock!
[23:28:55] Player (martyCZ, 76561198873247465)(<4379.876953, 2.008279, 5963.796387>) requested data for lock!
[23:28:56] Player (martyCZ, 76561198873247465)(<4380.106445, 2.076707, 5958.709961>) requested data for lock!
[23:29:58] Player (Maltrix CZE, 76561198188251693)(<2568.014160, 42.197731, 3449.879150>) requested data for lock!
[23:36:48] Player (MADness, 76561198968762750)(<4489.105957, 1.163242, 3118.035645>) requested data for lock!
[23:38:48] Player (Rik_Plays, 76561198016672415)(<4489.105957, 1.163242, 3118.035645>) requested data for lock!
[23:38:59] Player (Rik_Plays, 76561198016672415)(<4489.105957, 1.163242, 3118.035645>) requested data for lock!
[23:49:01] Player (Bflame, 76561198072840834)(<3421.042480, 15.097157, 5042.374512>) requested data for lock!
[23:49:44] Player (martyCZ, 76561198873247465)(<3421.042480, 15.097157, 5042.374512>) requested data for lock!
[00:04:44] Player (martyCZ, 76561198873247465)(<3421.042480, 15.097157, 5042.374512>) requested data for lock!
