[06-29-2022][00.02.36] New Synch Log File Created!
[06-29-2022][04.02.35] Log file reloaded ( Server Restart )
[06-29-2022][08.02.44] Log file reloaded ( Server Restart )
[10:28:36] Player (MADness, 76561198968762750)(<4489.105957, 1.163242, 3118.035645>) requested data for lock!
[10:28:36] Player (MADness, 76561198968762750)(<4450.335449, 6.887537, 3090.050293>) requested data for lock!
[10:32:39] Player (MADness, 76561198968762750)(<4450.335449, 6.887537, 3090.050293>) requested data for lock!
[10:32:39] Player (MADness, 76561198968762750)(<4489.105957, 1.163242, 3118.035645>) requested data for lock!
[06-29-2022][12.02.44] Log file reloaded ( Server Restart )
[14:15:02] Player (MADness, 76561198968762750)(<4450.335449, 6.887537, 3090.050293>) requested data for lock!
[14:15:02] Player (MADness, 76561198968762750)(<4489.105957, 1.163242, 3118.035645>) requested data for lock!
[15:24:43] Player (MaryCuddles, 76561198155782912)(<4373.662109, 3.838867, 5976.322266>) requested data for lock!
[15:24:45] Player (MaryCuddles, 76561198155782912)(<4378.048340, 1.954537, 5968.927246>) requested data for lock!
[15:24:46] Player (MaryCuddles, 76561198155782912)(<4379.876953, 2.008279, 5963.796387>) requested data for lock!
[15:24:47] Player (MaryCuddles, 76561198155782912)(<4380.106445, 2.076707, 5958.709961>) requested data for lock!
[15:51:59] Player (MADness, 76561198968762750)(<4450.335449, 6.887537, 3090.050293>) requested data for lock!
[15:51:59] Player (MADness, 76561198968762750)(<4489.105957, 1.163242, 3118.035645>) requested data for lock!
[15:56:50] Player (MADness, 76561198968762750)(<4450.335449, 6.887537, 3090.050293>) requested data for lock!
[15:56:51] Player (MADness, 76561198968762750)(<4489.105957, 1.163242, 3118.035645>) requested data for lock!
[06-29-2022][16.02.37] Log file reloaded ( Server Restart )
[17:43:19] Player (MADness, 76561198968762750)(<4450.335449, 6.887537, 3090.050293>) requested data for lock!
[17:43:19] Player (MADness, 76561198968762750)(<4489.105957, 1.163242, 3118.035645>) requested data for lock!
[06-29-2022][17.47.38] Log file reloaded ( Server Restart )
[17:57:15] Player (MADness, 76561198968762750)(<4450.335449, 6.887537, 3090.050293>) requested data for lock!
[17:57:18] Player (MADness, 76561198968762750)(<4489.105957, 1.163242, 3118.035645>) requested data for lock!
[18:02:59] Player (MaryCuddles, 76561198155782912)(<4378.048340, 1.954537, 5968.927246>) requested data for lock!
[18:02:59] Player (MaryCuddles, 76561198155782912)(<4380.106445, 2.076707, 5958.709961>) requested data for lock!
[18:02:59] Player (MaryCuddles, 76561198155782912)(<4379.876953, 2.008279, 5963.796387>) requested data for lock!
[18:02:59] Player (MaryCuddles, 76561198155782912)(<4373.662109, 3.838867, 5976.322266>) requested data for lock!
[18:05:23] Player (MADness, 76561198968762750)(<4450.335449, 6.887537, 3090.050293>) requested data for lock!
[18:05:23] Player (MADness, 76561198968762750)(<4489.105957, 1.163242, 3118.035645>) requested data for lock!
[18:08:33] Player (MaryCuddles, 76561198155782912)(<3474.218506, 6.642277, 5363.240723>) requested data for lock!
[18:27:47] Player (MaryCuddles, 76561198155782912)(<4373.662109, 3.838867, 5976.322266>) requested data for lock!
[18:27:48] Player (MaryCuddles, 76561198155782912)(<4378.048340, 1.954537, 5968.927246>) requested data for lock!
[18:27:48] Player (MaryCuddles, 76561198155782912)(<4379.876953, 2.008279, 5963.796387>) requested data for lock!
[18:27:48] Player (MaryCuddles, 76561198155782912)(<4380.106445, 2.076707, 5958.709961>) requested data for lock!
[18:35:19] Player (MaryCuddles, 76561198155782912)(<3474.218506, 6.642277, 5363.240723>) requested data for lock!
[18:40:54] Player (MaryCuddles, 76561198155782912)(<3411.108643, 12.659751, 5048.064941>) requested data for lock!
[18:40:55] Player (MaryCuddles, 76561198155782912)(<3421.042480, 15.097157, 5042.374512>) requested data for lock!
[18:45:09] Player (MaryCuddles, 76561198155782912)(<2435.960938, 55.353981, 5288.420898>) requested data for lock!
[18:45:18] Player (MaryCuddles, 76561198155782912)(<3411.108643, 12.659751, 5048.064941>) requested data for lock!
[18:45:20] Player (MaryCuddles, 76561198155782912)(<3421.042480, 15.097157, 5042.374512>) requested data for lock!
[18:51:59] Player (MaryCuddles, 76561198155782912)(<3411.108643, 12.659751, 5048.064941>) requested data for lock!
[18:52:00] Player (MaryCuddles, 76561198155782912)(<3421.042480, 15.097157, 5042.374512>) requested data for lock!
[18:52:57] Player (MaryCuddles, 76561198155782912)(<3585.483643, 23.219879, 4879.533691>) requested data for lock!
[18:53:05] Player (MaryCuddles, 76561198155782912)(<3276.376465, 34.151474, 4613.831055>) requested data for lock!
[19:01:58] Player (Bflame, 76561198072840834)(<5704.501465, 4.296862, 3574.349854>) requested data for lock!
[19:01:59] Player (Bflame, 76561198072840834)(<5703.666016, 4.296862, 3579.834473>) requested data for lock!
[19:06:10] Player (Bflame, 76561198072840834)(<4489.105957, 1.163242, 3118.035645>) requested data for lock!
[19:06:15] Player (Bflame, 76561198072840834)(<4450.335449, 6.887537, 3090.050293>) requested data for lock!
[19:07:08] Player (Bflame, 76561198072840834)(<3585.483643, 23.219879, 4879.533691>) requested data for lock!
[19:10:32] Player (Bflame, 76561198072840834)(<3276.376465, 34.151474, 4613.831055>) requested data for lock!
[19:28:23] Player (Bflame, 76561198072840834)(<3276.376465, 34.151474, 4613.831055>) requested data for lock!
[19:36:59] Player (Bflame, 76561198072840834)(<3276.376465, 34.151474, 4613.831055>) requested data for lock!
[19:41:12] Player (Bflame, 76561198072840834)(<4489.105957, 1.163242, 3118.035645>) requested data for lock!
[19:42:47] Player (Bflame, 76561198072840834)(<3421.042480, 15.097157, 5042.374512>) requested data for lock!
[19:42:48] Player (Bflame, 76561198072840834)(<3411.108643, 12.659751, 5048.064941>) requested data for lock!
[19:43:00] Player (Bflame, 76561198072840834)(<3474.218506, 6.642277, 5363.240723>) requested data for lock!
[19:43:31] Player (Bflame, 76561198072840834)(<4380.106445, 2.076707, 5958.709961>) requested data for lock!
[19:43:32] Player (Bflame, 76561198072840834)(<4379.876953, 2.008279, 5963.796387>) requested data for lock!
[19:43:32] Player (Bflame, 76561198072840834)(<4378.048340, 1.954537, 5968.927246>) requested data for lock!
[19:43:32] Player (Bflame, 76561198072840834)(<4373.662109, 3.838867, 5976.322266>) requested data for lock!
[06-29-2022][20.02.41] Log file reloaded ( Server Restart )
[20:13:25] Player (Rikinoo, 76561198016672415)(<3276.376465, 34.151474, 4613.831055>) requested data for lock!
[20:13:25] Player (Rikinoo, 76561198016672415)(<3585.483643, 23.219879, 4879.533691>) requested data for lock!
[20:13:50] Player (MADness, 76561198968762750)(<4489.105957, 1.163242, 3118.035645>) requested data for lock!
[20:13:50] Player (MADness, 76561198968762750)(<4450.335449, 6.887537, 3090.050293>) requested data for lock!
[21:09:31] Player (MADness, 76561198968762750)(<4489.105957, 1.163242, 3118.035645>) requested data for lock!
[21:09:32] Player (MADness, 76561198968762750)(<4450.335449, 6.887537, 3090.050293>) requested data for lock!
[21:17:01] Player (MADness, 76561198968762750)(<4489.105957, 1.163242, 3118.035645>) requested data for lock!
[21:17:01] Player (MADness, 76561198968762750)(<4450.335449, 6.887537, 3090.050293>) requested data for lock!
[22:10:26] Player (cumtam, 76561199150532361)(<4964.083008, 5.118455, 1414.849365>) requested data for lock!
[22:10:26] Player (cumtam, 76561199150532361)(<4961.266602, 5.789789, 1410.613037>) requested data for lock!
[22:21:45] Player (cumtam, 76561199150532361)(<4450.335449, 6.887537, 3090.050293>) requested data for lock!
[22:21:49] Player (cumtam, 76561199150532361)(<4489.105957, 1.163242, 3118.035645>) requested data for lock!
[22:22:49] Player (cumtam, 76561199150532361)(<3276.376465, 34.151474, 4613.831055>) requested data for lock!
[22:22:56] Player (cumtam, 76561199150532361)(<2435.960938, 55.353981, 5288.420898>) requested data for lock!
