[06-10-2022][00.02.27] New Synch Log File Created!
[00:03:27] Player (cumtam, 76561199150532361)(<3585.483643, 23.219879, 4879.533691>) requested data for lock!
[00:05:18] Player (cumtam, 76561199150532361)(<3276.376465, 34.151474, 4613.831055>) requested data for lock!
[00:10:42] Player (cumtam, 76561199150532361)(<4489.105957, 1.163242, 3118.035645>) requested data for lock!
[00:10:56] Player (cumtam, 76561199150532361)(<4450.335449, 6.887537, 3090.050293>) requested data for lock!
[00:17:39] Player (martyCZ, 76561198873247465)(<4450.335449, 6.887537, 3090.050293>) requested data for lock!
[00:17:39] Player (martyCZ, 76561198873247465)(<4489.105957, 1.163242, 3118.035645>) requested data for lock!
[00:24:00] Player (Maltrix CZE, 76561198188251693)(<3276.376465, 34.151474, 4613.831055>) requested data for lock!
[00:24:00] Player (Maltrix CZE, 76561198188251693)(<3585.483643, 23.219879, 4879.533691>) requested data for lock!
[00:26:13] Player (martyCZ, 76561198873247465)(<3585.483643, 23.219879, 4879.533691>) requested data for lock!
[00:26:39] Player (martyCZ, 76561198873247465)(<3276.376465, 34.151474, 4613.831055>) requested data for lock!
[00:35:05] Player (Maltrix CZE, 76561198188251693)(<3276.376465, 34.151474, 4613.831055>) requested data for lock!
[00:39:59] Player (martyCZ, 76561198873247465)(<3585.483643, 23.219879, 4879.533691>) requested data for lock!
[00:40:07] Player (martyCZ, 76561198873247465)(<3276.376465, 34.151474, 4613.831055>) requested data for lock!
[00:40:25] Player (Maltrix CZE, 76561198188251693)(<3276.376465, 34.151474, 4613.831055>) requested data for lock!
[00:44:48] Player (Maltrix CZE, 76561198188251693)(<4489.105957, 1.163242, 3118.035645>) requested data for lock!
[00:44:50] Player (Maltrix CZE, 76561198188251693)(<4450.335449, 6.887537, 3090.050293>) requested data for lock!
[00:44:56] Player (Maltrix CZE, 76561198188251693)(<3276.376465, 34.151474, 4613.831055>) requested data for lock!
[00:45:01] Player (Maltrix CZE, 76561198188251693)(<3421.042480, 15.097157, 5042.374512>) requested data for lock!
[00:45:02] Player (Maltrix CZE, 76561198188251693)(<3411.108643, 12.659751, 5048.064941>) requested data for lock!
[00:45:28] Player (Maltrix CZE, 76561198188251693)(<3474.218506, 6.642277, 5363.240723>) requested data for lock!
[00:45:52] Player (Maltrix CZE, 76561198188251693)(<4380.106445, 2.076707, 5958.709961>) requested data for lock!
[00:45:53] Player (Maltrix CZE, 76561198188251693)(<4379.876953, 2.008279, 5963.796387>) requested data for lock!
[00:45:53] Player (Maltrix CZE, 76561198188251693)(<4378.048340, 1.954537, 5968.927246>) requested data for lock!
[00:45:53] Player (Maltrix CZE, 76561198188251693)(<4373.662109, 3.838867, 5976.322266>) requested data for lock!
[00:46:10] Player (martyCZ, 76561198873247465)(<3421.042480, 15.097157, 5042.374512>) requested data for lock!
[00:46:10] Player (martyCZ, 76561198873247465)(<3411.108643, 12.659751, 5048.064941>) requested data for lock!
[00:46:22] Player (martyCZ, 76561198873247465)(<3474.218506, 6.642277, 5363.240723>) requested data for lock!
[00:49:49] Player (Majky, 76561198275611052)(<4379.876953, 2.008279, 5963.796387>) requested data for lock!
[00:49:49] Player (Majky, 76561198275611052)(<4378.048340, 1.954537, 5968.927246>) requested data for lock!
[00:49:49] Player (Majky, 76561198275611052)(<4373.662109, 3.838867, 5976.322266>) requested data for lock!
[00:49:49] Player (Majky, 76561198275611052)(<3276.376465, 34.151474, 4613.831055>) requested data for lock!
[00:49:49] Player (Majky, 76561198275611052)(<3585.483643, 23.219879, 4879.533691>) requested data for lock!
[00:49:49] Player (Majky, 76561198275611052)(<3474.218506, 6.642277, 5363.240723>) requested data for lock!
[00:49:49] Player (Majky, 76561198275611052)(<3411.108643, 12.659751, 5048.064941>) requested data for lock!
[00:49:49] Player (Majky, 76561198275611052)(<3421.042480, 15.097157, 5042.374512>) requested data for lock!
[00:49:49] Player (Majky, 76561198275611052)(<4380.106445, 2.076707, 5958.709961>) requested data for lock!
[00:52:37] Player (Majky, 76561198275611052)(<4380.106445, 2.076707, 5958.709961>) requested data for lock!
[00:52:38] Player (Majky, 76561198275611052)(<4379.876953, 2.008279, 5963.796387>) requested data for lock!
[00:52:38] Player (Majky, 76561198275611052)(<4378.048340, 1.954537, 5968.927246>) requested data for lock!
[00:52:38] Player (Majky, 76561198275611052)(<4373.662109, 3.838867, 5976.322266>) requested data for lock!
[00:54:49] Player (Majky, 76561198275611052)(<3474.218506, 6.642277, 5363.240723>) requested data for lock!
[00:54:56] Player (Majky, 76561198275611052)(<3411.108643, 12.659751, 5048.064941>) requested data for lock!
[00:54:57] Player (Majky, 76561198275611052)(<3421.042480, 15.097157, 5042.374512>) requested data for lock!
[00:55:34] Player (Majky, 76561198275611052)(<4373.662109, 3.838867, 5976.322266>) requested data for lock!
[00:55:34] Player (Majky, 76561198275611052)(<4378.048340, 1.954537, 5968.927246>) requested data for lock!
[00:55:34] Player (Majky, 76561198275611052)(<4379.876953, 2.008279, 5963.796387>) requested data for lock!
[00:55:34] Player (Majky, 76561198275611052)(<4380.106445, 2.076707, 5958.709961>) requested data for lock!
[01:13:03] Player (Majky, 76561198275611052)(<4380.106445, 2.076707, 5958.709961>) requested data for lock!
[01:13:03] Player (Majky, 76561198275611052)(<4379.876953, 2.008279, 5963.796387>) requested data for lock!
[01:13:03] Player (Majky, 76561198275611052)(<4378.048340, 1.954537, 5968.927246>) requested data for lock!
[01:13:04] Player (Majky, 76561198275611052)(<4373.662109, 3.838867, 5976.322266>) requested data for lock!
[01:14:30] Player (Majky, 76561198275611052)(<3474.218506, 6.642277, 5363.240723>) requested data for lock!
[01:15:36] Player (Majky, 76561198275611052)(<3411.108643, 12.659751, 5048.064941>) requested data for lock!
[01:15:36] Player (Majky, 76561198275611052)(<3421.042480, 15.097157, 5042.374512>) requested data for lock!
[01:16:50] Player (Majky, 76561198275611052)(<3411.108643, 12.659751, 5048.064941>) requested data for lock!
[01:16:51] Player (Majky, 76561198275611052)(<3421.042480, 15.097157, 5042.374512>) requested data for lock!
[01:16:51] Player (Majky, 76561198275611052)(<3474.218506, 6.642277, 5363.240723>) requested data for lock!
[01:16:59] Player (Majky, 76561198275611052)(<3276.376465, 34.151474, 4613.831055>) requested data for lock!
[01:17:00] Player (Majky, 76561198275611052)(<3585.483643, 23.219879, 4879.533691>) requested data for lock!
[01:17:37] Player (Majky, 76561198275611052)(<4380.106445, 2.076707, 5958.709961>) requested data for lock!
[01:17:37] Player (Majky, 76561198275611052)(<4379.876953, 2.008279, 5963.796387>) requested data for lock!
[01:17:37] Player (Majky, 76561198275611052)(<4378.048340, 1.954537, 5968.927246>) requested data for lock!
[01:17:37] Player (Majky, 76561198275611052)(<4373.662109, 3.838867, 5976.322266>) requested data for lock!
[01:19:36] Player (Majky, 76561198275611052)(<4380.106445, 2.076707, 5958.709961>) requested data for lock!
[01:19:37] Player (Majky, 76561198275611052)(<4379.876953, 2.008279, 5963.796387>) requested data for lock!
[01:19:37] Player (Majky, 76561198275611052)(<4378.048340, 1.954537, 5968.927246>) requested data for lock!
[01:19:37] Player (Majky, 76561198275611052)(<4373.662109, 3.838867, 5976.322266>) requested data for lock!
[02:03:56] Player (Maltrix CZE, 76561198188251693)(<4373.662109, 3.838867, 5976.322266>) requested data for lock!
[02:03:56] Player (Maltrix CZE, 76561198188251693)(<4378.048340, 1.954537, 5968.927246>) requested data for lock!
[02:03:56] Player (Maltrix CZE, 76561198188251693)(<4379.876953, 2.008279, 5963.796387>) requested data for lock!
[02:03:56] Player (Maltrix CZE, 76561198188251693)(<4380.106445, 2.076707, 5958.709961>) requested data for lock!
[02:04:07] Player (Maltrix CZE, 76561198188251693)(<3474.218506, 6.642277, 5363.240723>) requested data for lock!
[02:04:15] Player (Maltrix CZE, 76561198188251693)(<3411.108643, 12.659751, 5048.064941>) requested data for lock!
[02:04:15] Player (Maltrix CZE, 76561198188251693)(<3421.042480, 15.097157, 5042.374512>) requested data for lock!
[02:04:17] Player (Maltrix CZE, 76561198188251693)(<3585.483643, 23.219879, 4879.533691>) requested data for lock!
[02:04:28] Player (Maltrix CZE, 76561198188251693)(<3276.376465, 34.151474, 4613.831055>) requested data for lock!
[02:04:57] Player (Maltrix CZE, 76561198188251693)(<4489.105957, 1.163242, 3118.035645>) requested data for lock!
[02:04:58] Player (Maltrix CZE, 76561198188251693)(<4450.335449, 6.887537, 3090.050293>) requested data for lock!
[02:06:10] Player (Maltrix CZE, 76561198188251693)(<3585.483643, 23.219879, 4879.533691>) requested data for lock!
[02:30:51] Player (Maltrix CZE, 76561198188251693)(<3276.376465, 34.151474, 4613.831055>) requested data for lock!
[02:44:46] Player (Maltrix CZE, 76561198188251693)(<3276.376465, 34.151474, 4613.831055>) requested data for lock!
[02:49:38] Player (Maltrix CZE, 76561198188251693)(<3276.376465, 34.151474, 4613.831055>) requested data for lock!
[02:54:09] Player (Maltrix CZE, 76561198188251693)(<3276.376465, 34.151474, 4613.831055>) requested data for lock!
[02:54:15] Player (Maltrix CZE, 76561198188251693)(<3421.042480, 15.097157, 5042.374512>) requested data for lock!
[02:54:16] Player (Maltrix CZE, 76561198188251693)(<3411.108643, 12.659751, 5048.064941>) requested data for lock!
[06-10-2022][04.02.32] Log file reloaded ( Server Restart )
[07:01:37] Player (Majky, 76561198275611052)(<3276.376465, 34.151474, 4613.831055>) requested data for lock!
[07:01:37] Player (Majky, 76561198275611052)(<3585.483643, 23.219879, 4879.533691>) requested data for lock!
[07:01:37] Player (Majky, 76561198275611052)(<3411.108643, 12.659751, 5048.064941>) requested data for lock!
[07:01:37] Player (Majky, 76561198275611052)(<3421.042480, 15.097157, 5042.374512>) requested data for lock!
[07:01:37] Player (Majky, 76561198275611052)(<3474.218506, 6.642277, 5363.240723>) requested data for lock!
[07:01:37] Player (Majky, 76561198275611052)(<4379.876953, 2.008279, 5963.796387>) requested data for lock!
[07:01:37] Player (Majky, 76561198275611052)(<4380.106445, 2.076707, 5958.709961>) requested data for lock!
[07:01:37] Player (Majky, 76561198275611052)(<4373.662109, 3.838867, 5976.322266>) requested data for lock!
[07:01:37] Player (Majky, 76561198275611052)(<4378.048340, 1.954537, 5968.927246>) requested data for lock!
[07:04:04] Player (Majky, 76561198275611052)(<4380.106445, 2.076707, 5958.709961>) requested data for lock!
[07:04:04] Player (Majky, 76561198275611052)(<4379.876953, 2.008279, 5963.796387>) requested data for lock!
[07:04:04] Player (Majky, 76561198275611052)(<4378.048340, 1.954537, 5968.927246>) requested data for lock!
[07:04:04] Player (Majky, 76561198275611052)(<4373.662109, 3.838867, 5976.322266>) requested data for lock!
[06-10-2022][08.02.36] Log file reloaded ( Server Restart )
[06-10-2022][12.02.30] Log file reloaded ( Server Restart )
[15:44:37] Player (MADness, 76561198968762750)(<4489.105957, 1.163242, 3118.035645>) requested data for lock!
[15:44:37] Player (MADness, 76561198968762750)(<4450.335449, 6.887537, 3090.050293>) requested data for lock!
[15:47:02] Player (MADness, 76561198968762750)(<9182.925781, 10.936702, 5760.838867>) requested data for lock!
[15:55:14] Player (MADness, 76561198968762750)(<9182.925781, 10.936702, 5760.838867>) requested data for lock!
[15:57:56] Player (MADness, 76561198968762750)(<3276.376465, 34.151474, 4613.831055>) requested data for lock!
[15:57:56] Player (MADness, 76561198968762750)(<3585.483643, 23.219879, 4879.533691>) requested data for lock!
[15:59:48] Player (MADness, 76561198968762750)(<4489.105957, 1.163242, 3118.035645>) requested data for lock!
[15:59:48] Player (MADness, 76561198968762750)(<4450.335449, 6.887537, 3090.050293>) requested data for lock!
[06-10-2022][16.02.27] Log file reloaded ( Server Restart )
[17:21:45] Player (P@lko2265, 76561198039629108)(<5735.305664, 3.913348, 3581.289551>) requested data for lock!
[17:22:16] Player (P@lko2265, 76561198039629108)(<4489.105957, 1.163242, 3118.035645>) requested data for lock!
[17:22:18] Player (P@lko2265, 76561198039629108)(<4450.335449, 6.887537, 3090.050293>) requested data for lock!
[17:23:25] Player (P@lko2265, 76561198039629108)(<3585.483643, 23.219879, 4879.533691>) requested data for lock!
[17:24:27] Player (P@lko2265, 76561198039629108)(<3276.376465, 34.151474, 4613.831055>) requested data for lock!
[17:24:40] Player (P@lko2265, 76561198039629108)(<4489.105957, 1.163242, 3118.035645>) requested data for lock!
[17:38:06] Player (P@lko2265, 76561198039629108)(<3276.376465, 34.151474, 4613.831055>) requested data for lock!
[17:43:06] Player (P@lko2265, 76561198039629108)(<3276.376465, 34.151474, 4613.831055>) requested data for lock!
[17:47:30] Player (Kocur69, 76561198295570264)(<5735.305664, 3.913348, 3581.289551>) requested data for lock!
[17:59:48] Player (Kocur69, 76561198295570264)(<4489.105957, 1.163242, 3118.035645>) requested data for lock!
[17:59:53] Player (Kocur69, 76561198295570264)(<4450.335449, 6.887537, 3090.050293>) requested data for lock!
[18:00:24] Player (Kocur69, 76561198295570264)(<3585.483643, 23.219879, 4879.533691>) requested data for lock!
[18:01:35] Player (Kocur69, 76561198295570264)(<3276.376465, 34.151474, 4613.831055>) requested data for lock!
[18:07:29] Player (Kocur69, 76561198295570264)(<3276.376465, 34.151474, 4613.831055>) requested data for lock!
[18:14:13] Player (Kocur69, 76561198295570264)(<3276.376465, 34.151474, 4613.831055>) requested data for lock!
[18:30:04] Player (Kocur69, 76561198295570264)(<4450.335449, 6.887537, 3090.050293>) requested data for lock!
[18:30:08] Player (Kocur69, 76561198295570264)(<5735.305664, 3.913348, 3581.289551>) requested data for lock!
[18:33:49] Player (Kocur69, 76561198295570264)(<4489.105957, 1.163242, 3118.035645>) requested data for lock!
[18:33:52] Player (Kocur69, 76561198295570264)(<4450.335449, 6.887537, 3090.050293>) requested data for lock!
[18:34:49] Player (Kocur69, 76561198295570264)(<3585.483643, 23.219879, 4879.533691>) requested data for lock!
[18:35:22] Player (Kocur69, 76561198295570264)(<3585.483643, 23.219879, 4879.533691>) requested data for lock!
[18:39:16] Player (Kocur69, 76561198295570264)(<3276.376465, 34.151474, 4613.831055>) requested data for lock!
[18:49:10] Player (Kocur69, 76561198295570264)(<4450.335449, 6.887537, 3090.050293>) requested data for lock!
[18:50:00] Player (Kocur69, 76561198295570264)(<4450.335449, 6.887537, 3090.050293>) requested data for lock!
[18:50:00] Player (Kocur69, 76561198295570264)(<4489.105957, 1.163242, 3118.035645>) requested data for lock!
[19:38:30] Player (Maltrix CZE, 76561198188251693)(<3276.376465, 34.151474, 4613.831055>) requested data for lock!
[19:38:43] Player (Maltrix CZE, 76561198188251693)(<3411.108643, 12.659751, 5048.064941>) requested data for lock!
[19:38:43] Player (Maltrix CZE, 76561198188251693)(<3421.042480, 15.097157, 5042.374512>) requested data for lock!
[19:38:57] Player (Maltrix CZE, 76561198188251693)(<3474.218506, 6.642277, 5363.240723>) requested data for lock!
[19:44:24] Player (P@lko2265, 76561198039629108)(<3585.483643, 23.219879, 4879.533691>) requested data for lock!
[19:44:24] Player (P@lko2265, 76561198039629108)(<3276.376465, 34.151474, 4613.831055>) requested data for lock!
[19:44:24] Player (P@lko2265, 76561198039629108)(<4489.105957, 1.163242, 3118.035645>) requested data for lock!
[19:46:30] Player (P@lko2265, 76561198039629108)(<3421.042480, 15.097157, 5042.374512>) requested data for lock!
[19:46:31] Player (P@lko2265, 76561198039629108)(<3411.108643, 12.659751, 5048.064941>) requested data for lock!
[19:46:39] Player (P@lko2265, 76561198039629108)(<3474.218506, 6.642277, 5363.240723>) requested data for lock!
[19:46:50] Player (P@lko2265, 76561198039629108)(<4380.106445, 2.076707, 5958.709961>) requested data for lock!
[19:46:50] Player (P@lko2265, 76561198039629108)(<4379.876953, 2.008279, 5963.796387>) requested data for lock!
[19:46:50] Player (P@lko2265, 76561198039629108)(<4378.048340, 1.954537, 5968.927246>) requested data for lock!
[19:46:51] Player (P@lko2265, 76561198039629108)(<4373.662109, 3.838867, 5976.322266>) requested data for lock!
[19:46:54] Player (P@lko2265, 76561198039629108)(<3276.376465, 34.151474, 4613.831055>) requested data for lock!
[06-10-2022][20.02.31] Log file reloaded ( Server Restart )
[20:04:41] Player (P@lko2265, 76561198039629108)(<3474.218506, 6.642277, 5363.240723>) requested data for lock!
[20:04:41] Player (P@lko2265, 76561198039629108)(<4378.048340, 1.954537, 5968.927246>) requested data for lock!
[20:04:41] Player (P@lko2265, 76561198039629108)(<4380.106445, 2.076707, 5958.709961>) requested data for lock!
[20:04:41] Player (P@lko2265, 76561198039629108)(<4379.876953, 2.008279, 5963.796387>) requested data for lock!
[20:04:41] Player (P@lko2265, 76561198039629108)(<4373.662109, 3.838867, 5976.322266>) requested data for lock!
[20:16:11] Player (P@lko2265, 76561198039629108)(<3421.042480, 15.097157, 5042.374512>) requested data for lock!
[20:16:12] Player (P@lko2265, 76561198039629108)(<3411.108643, 12.659751, 5048.064941>) requested data for lock!
[20:16:12] Player (P@lko2265, 76561198039629108)(<3585.483643, 23.219879, 4879.533691>) requested data for lock!
[20:16:32] Player (P@lko2265, 76561198039629108)(<3276.376465, 34.151474, 4613.831055>) requested data for lock!
[20:24:07] Player (P@lko2265, 76561198039629108)(<4489.105957, 1.163242, 3118.035645>) requested data for lock!
[20:24:08] Player (P@lko2265, 76561198039629108)(<4450.335449, 6.887537, 3090.050293>) requested data for lock!
[20:24:27] Player (P@lko2265, 76561198039629108)(<5735.305664, 3.913348, 3581.289551>) requested data for lock!
[20:30:44] Player (Majky, 76561198275611052)(<3276.376465, 34.151474, 4613.831055>) requested data for lock!
[20:30:44] Player (Majky, 76561198275611052)(<3585.483643, 23.219879, 4879.533691>) requested data for lock!
[20:30:44] Player (Majky, 76561198275611052)(<3421.042480, 15.097157, 5042.374512>) requested data for lock!
[20:30:44] Player (Majky, 76561198275611052)(<3474.218506, 6.642277, 5363.240723>) requested data for lock!
[20:30:44] Player (Majky, 76561198275611052)(<3411.108643, 12.659751, 5048.064941>) requested data for lock!
[20:30:44] Player (Majky, 76561198275611052)(<4378.048340, 1.954537, 5968.927246>) requested data for lock!
[20:30:44] Player (Majky, 76561198275611052)(<4380.106445, 2.076707, 5958.709961>) requested data for lock!
[20:30:44] Player (Majky, 76561198275611052)(<4379.876953, 2.008279, 5963.796387>) requested data for lock!
[20:30:44] Player (Majky, 76561198275611052)(<4373.662109, 3.838867, 5976.322266>) requested data for lock!
[20:32:39] Player (Majky, 76561198275611052)(<4380.106445, 2.076707, 5958.709961>) requested data for lock!
[20:32:39] Player (Majky, 76561198275611052)(<4379.876953, 2.008279, 5963.796387>) requested data for lock!
[20:32:39] Player (Majky, 76561198275611052)(<4378.048340, 1.954537, 5968.927246>) requested data for lock!
[20:32:40] Player (Majky, 76561198275611052)(<4373.662109, 3.838867, 5976.322266>) requested data for lock!
[20:35:52] Player (Majky, 76561198275611052)(<3474.218506, 6.642277, 5363.240723>) requested data for lock!
[20:36:15] Player (Majky, 76561198275611052)(<3474.218506, 6.642277, 5363.240723>) requested data for lock!
[20:36:23] Player (Majky, 76561198275611052)(<3411.108643, 12.659751, 5048.064941>) requested data for lock!
[20:36:24] Player (Majky, 76561198275611052)(<3421.042480, 15.097157, 5042.374512>) requested data for lock!
[20:37:01] Player (Majky, 76561198275611052)(<4373.662109, 3.838867, 5976.322266>) requested data for lock!
[20:37:02] Player (Majky, 76561198275611052)(<4378.048340, 1.954537, 5968.927246>) requested data for lock!
[20:37:02] Player (Majky, 76561198275611052)(<4379.876953, 2.008279, 5963.796387>) requested data for lock!
[20:37:02] Player (Majky, 76561198275611052)(<4380.106445, 2.076707, 5958.709961>) requested data for lock!
[20:48:55] Player (Majky, 76561198275611052)(<4380.106445, 2.076707, 5958.709961>) requested data for lock!
[20:48:55] Player (Majky, 76561198275611052)(<4379.876953, 2.008279, 5963.796387>) requested data for lock!
[20:48:55] Player (Majky, 76561198275611052)(<4378.048340, 1.954537, 5968.927246>) requested data for lock!
[20:48:56] Player (Majky, 76561198275611052)(<4373.662109, 3.838867, 5976.322266>) requested data for lock!
[20:51:22] Player (Majky, 76561198275611052)(<3474.218506, 6.642277, 5363.240723>) requested data for lock!
[20:52:32] Player (Majky, 76561198275611052)(<3411.108643, 12.659751, 5048.064941>) requested data for lock!
[20:52:32] Player (Majky, 76561198275611052)(<3421.042480, 15.097157, 5042.374512>) requested data for lock!
[21:06:19] Player (Maltrix CZE, 76561198188251693)(<4373.662109, 3.838867, 5976.322266>) requested data for lock!
[21:06:20] Player (Maltrix CZE, 76561198188251693)(<4378.048340, 1.954537, 5968.927246>) requested data for lock!
[21:06:20] Player (Maltrix CZE, 76561198188251693)(<4379.876953, 2.008279, 5963.796387>) requested data for lock!
[21:06:20] Player (Maltrix CZE, 76561198188251693)(<4380.106445, 2.076707, 5958.709961>) requested data for lock!
[21:06:32] Player (Maltrix CZE, 76561198188251693)(<3474.218506, 6.642277, 5363.240723>) requested data for lock!
[21:06:41] Player (Maltrix CZE, 76561198188251693)(<3421.042480, 15.097157, 5042.374512>) requested data for lock!
[21:06:41] Player (Maltrix CZE, 76561198188251693)(<3411.108643, 12.659751, 5048.064941>) requested data for lock!
[21:06:42] Player (Maltrix CZE, 76561198188251693)(<3585.483643, 23.219879, 4879.533691>) requested data for lock!
[21:06:52] Player (Maltrix CZE, 76561198188251693)(<3276.376465, 34.151474, 4613.831055>) requested data for lock!
[21:08:14] Player (Maltrix CZE, 76561198188251693)(<3276.376465, 34.151474, 4613.831055>) requested data for lock!
[21:08:48] Player (Maltrix CZE, 76561198188251693)(<3276.376465, 34.151474, 4613.831055>) requested data for lock!
[21:09:16] Player (Maltrix CZE, 76561198188251693)(<3276.376465, 34.151474, 4613.831055>) requested data for lock!
[21:13:50] Player (Maltrix CZE, 76561198188251693)(<3276.376465, 34.151474, 4613.831055>) requested data for lock!
[21:14:03] Player (Rikinooo, 76561198016672415)(<4450.335449, 6.887537, 3090.050293>) requested data for lock!
[21:14:03] Player (Rikinooo, 76561198016672415)(<4489.105957, 1.163242, 3118.035645>) requested data for lock!
[21:14:24] Player (MADness, 76561198968762750)(<4450.335449, 6.887537, 3090.050293>) requested data for lock!
[21:14:24] Player (MADness, 76561198968762750)(<4489.105957, 1.163242, 3118.035645>) requested data for lock!
[21:15:28] Player (MADness, 76561198968762750)(<9182.925781, 10.936702, 5760.838867>) requested data for lock!
[21:16:02] Player (Rikinooo, 76561198016672415)(<9182.925781, 10.936702, 5760.838867>) requested data for lock!
[21:17:17] Player (Majky, 76561198275611052)(<3411.108643, 12.659751, 5048.064941>) requested data for lock!
[21:17:18] Player (Majky, 76561198275611052)(<3421.042480, 15.097157, 5042.374512>) requested data for lock!
[21:17:18] Player (Majky, 76561198275611052)(<3474.218506, 6.642277, 5363.240723>) requested data for lock!
[21:17:26] Player (Majky, 76561198275611052)(<3276.376465, 34.151474, 4613.831055>) requested data for lock!
[21:17:27] Player (Majky, 76561198275611052)(<3585.483643, 23.219879, 4879.533691>) requested data for lock!
[21:18:05] Player (Majky, 76561198275611052)(<4380.106445, 2.076707, 5958.709961>) requested data for lock!
[21:18:05] Player (Majky, 76561198275611052)(<4379.876953, 2.008279, 5963.796387>) requested data for lock!
[21:18:05] Player (Majky, 76561198275611052)(<4378.048340, 1.954537, 5968.927246>) requested data for lock!
[21:18:05] Player (Majky, 76561198275611052)(<4373.662109, 3.838867, 5976.322266>) requested data for lock!
[21:21:15] Player (Majky, 76561198275611052)(<4380.106445, 2.076707, 5958.709961>) requested data for lock!
[21:21:16] Player (Majky, 76561198275611052)(<4379.876953, 2.008279, 5963.796387>) requested data for lock!
[21:21:16] Player (Majky, 76561198275611052)(<4378.048340, 1.954537, 5968.927246>) requested data for lock!
[21:21:16] Player (Majky, 76561198275611052)(<4373.662109, 3.838867, 5976.322266>) requested data for lock!
[21:28:19] Player (Maltrix CZE, 76561198188251693)(<3276.376465, 34.151474, 4613.831055>) requested data for lock!
[21:29:47] Player (Maltrix CZE, 76561198188251693)(<3276.376465, 34.151474, 4613.831055>) requested data for lock!
[21:30:29] Player (Maltrix CZE, 76561198188251693)(<3276.376465, 34.151474, 4613.831055>) requested data for lock!
[21:30:37] Player (Maltrix CZE, 76561198188251693)(<4489.105957, 1.163242, 3118.035645>) requested data for lock!
[21:30:41] Player (Maltrix CZE, 76561198188251693)(<4450.335449, 6.887537, 3090.050293>) requested data for lock!
[21:31:45] Player (Majky, 76561198275611052)(<4380.106445, 2.076707, 5958.709961>) requested data for lock!
[21:31:46] Player (Majky, 76561198275611052)(<4379.876953, 2.008279, 5963.796387>) requested data for lock!
[21:31:46] Player (Majky, 76561198275611052)(<4378.048340, 1.954537, 5968.927246>) requested data for lock!
[21:31:46] Player (Majky, 76561198275611052)(<4373.662109, 3.838867, 5976.322266>) requested data for lock!
[21:33:46] Player (MADness, 76561198968762750)(<4450.335449, 6.887537, 3090.050293>) requested data for lock!
[21:33:47] Player (MADness, 76561198968762750)(<4489.105957, 1.163242, 3118.035645>) requested data for lock!
[21:37:37] Player (Majky, 76561198275611052)(<4489.105957, 1.163242, 3118.035645>) requested data for lock!
[21:42:16] Player (Maltrix CZE, 76561198188251693)(<4450.335449, 6.887537, 3090.050293>) requested data for lock!
[21:42:19] Player (Maltrix CZE, 76561198188251693)(<4489.105957, 1.163242, 3118.035645>) requested data for lock!
[21:42:37] Player (Majky, 76561198275611052)(<3421.042480, 15.097157, 5042.374512>) requested data for lock!
[21:42:38] Player (Majky, 76561198275611052)(<3411.108643, 12.659751, 5048.064941>) requested data for lock!
[21:42:54] Player (Majky, 76561198275611052)(<3474.218506, 6.642277, 5363.240723>) requested data for lock!
[21:44:09] Player (Majky, 76561198275611052)(<4380.106445, 2.076707, 5958.709961>) requested data for lock!
[21:44:22] Player (Majky, 76561198275611052)(<4379.876953, 2.008279, 5963.796387>) requested data for lock!
[21:44:23] Player (Majky, 76561198275611052)(<4378.048340, 1.954537, 5968.927246>) requested data for lock!
[21:44:23] Player (Majky, 76561198275611052)(<4373.662109, 3.838867, 5976.322266>) requested data for lock!
[21:45:49] Player (Majky, 76561198275611052)(<4379.876953, 2.008279, 5963.796387>) requested data for lock!
[21:45:50] Player (Majky, 76561198275611052)(<4378.048340, 1.954537, 5968.927246>) requested data for lock!
[21:45:50] Player (Majky, 76561198275611052)(<4373.662109, 3.838867, 5976.322266>) requested data for lock!
[21:46:59] Player (Majky, 76561198275611052)(<3474.218506, 6.642277, 5363.240723>) requested data for lock!
[21:50:16] Player (Maltrix CZE, 76561198188251693)(<5735.305664, 3.913348, 3581.289551>) requested data for lock!
[21:50:16] Player (MADness, 76561198968762750)(<5735.305664, 3.913348, 3581.289551>) requested data for lock!
[21:50:43] Player (Maltrix CZE, 76561198188251693)(<5735.305664, 3.913348, 3581.289551>) requested data for lock!
[21:50:43] Player (MADness, 76561198968762750)(<5735.305664, 3.913348, 3581.289551>) requested data for lock!
[21:52:37] Player (Majky, 76561198275611052)(<3474.218506, 6.642277, 5363.240723>) requested data for lock!
[21:53:27] Player (Majky, 76561198275611052)(<3474.218506, 6.642277, 5363.240723>) requested data for lock!
[21:55:01] Player (Majky, 76561198275611052)(<3474.218506, 6.642277, 5363.240723>) requested data for lock!
[21:55:33] Player (Majky, 76561198275611052)(<3474.218506, 6.642277, 5363.240723>) requested data for lock!
[21:55:37] Player (Majky, 76561198275611052)(<3474.218506, 6.642277, 5363.240723>) requested data for lock!
[21:56:38] Player (Majky, 76561198275611052)(<3474.218506, 6.642277, 5363.240723>) requested data for lock!
[21:56:44] Player (cumtam, 76561199150532361)(<4450.335449, 6.887537, 3090.050293>) requested data for lock!
[21:56:44] Player (cumtam, 76561199150532361)(<4489.105957, 1.163242, 3118.035645>) requested data for lock!
[21:57:17] Player (Majky, 76561198275611052)(<3411.108643, 12.659751, 5048.064941>) requested data for lock!
[21:57:18] Player (Majky, 76561198275611052)(<3421.042480, 15.097157, 5042.374512>) requested data for lock!
[21:57:56] Player (Majky, 76561198275611052)(<4373.662109, 3.838867, 5976.322266>) requested data for lock!
[21:57:57] Player (Majky, 76561198275611052)(<4378.048340, 1.954537, 5968.927246>) requested data for lock!
[21:57:57] Player (Majky, 76561198275611052)(<4380.106445, 2.076707, 5958.709961>) requested data for lock!
[21:57:57] Player (Majky, 76561198275611052)(<4379.876953, 2.008279, 5963.796387>) requested data for lock!
[22:02:23] Player (cumtam, 76561199150532361)(<4964.083008, 5.118455, 1414.849365>) requested data for lock!
[22:02:24] Player (cumtam, 76561199150532361)(<4961.266602, 5.789789, 1410.613037>) requested data for lock!
[22:09:29] Player (Majky, 76561198275611052)(<4380.106445, 2.076707, 5958.709961>) requested data for lock!
[22:09:29] Player (Majky, 76561198275611052)(<4379.876953, 2.008279, 5963.796387>) requested data for lock!
[22:09:29] Player (Majky, 76561198275611052)(<4378.048340, 1.954537, 5968.927246>) requested data for lock!
[22:09:29] Player (Majky, 76561198275611052)(<4373.662109, 3.838867, 5976.322266>) requested data for lock!
[22:12:51] Player (Majky, 76561198275611052)(<3474.218506, 6.642277, 5363.240723>) requested data for lock!
[22:14:01] Player (Majky, 76561198275611052)(<3411.108643, 12.659751, 5048.064941>) requested data for lock!
[22:14:01] Player (Majky, 76561198275611052)(<3421.042480, 15.097157, 5042.374512>) requested data for lock!
[22:14:57] Player (Majky, 76561198275611052)(<3474.218506, 6.642277, 5363.240723>) requested data for lock!
[22:15:03] Player (Majky, 76561198275611052)(<3411.108643, 12.659751, 5048.064941>) requested data for lock!
[22:15:04] Player (Majky, 76561198275611052)(<3421.042480, 15.097157, 5042.374512>) requested data for lock!
[22:15:16] Player (Majky, 76561198275611052)(<3276.376465, 34.151474, 4613.831055>) requested data for lock!
[22:15:17] Player (Majky, 76561198275611052)(<3585.483643, 23.219879, 4879.533691>) requested data for lock!
[22:16:14] Player (Majky, 76561198275611052)(<4380.106445, 2.076707, 5958.709961>) requested data for lock!
[22:16:14] Player (Majky, 76561198275611052)(<4379.876953, 2.008279, 5963.796387>) requested data for lock!
[22:16:35] Player (Majky, 76561198275611052)(<4378.048340, 1.954537, 5968.927246>) requested data for lock!
[22:16:35] Player (Majky, 76561198275611052)(<4373.662109, 3.838867, 5976.322266>) requested data for lock!
[22:18:01] Player (Majky, 76561198275611052)(<4380.106445, 2.076707, 5958.709961>) requested data for lock!
[22:19:05] Player (Majky, 76561198275611052)(<4380.106445, 2.076707, 5958.709961>) requested data for lock!
[22:19:06] Player (Majky, 76561198275611052)(<4379.876953, 2.008279, 5963.796387>) requested data for lock!
[22:19:06] Player (Majky, 76561198275611052)(<4378.048340, 1.954537, 5968.927246>) requested data for lock!
[22:19:07] Player (Majky, 76561198275611052)(<4373.662109, 3.838867, 5976.322266>) requested data for lock!
[22:32:17] Player (Maltrix CZE, 76561198188251693)(<5735.305664, 3.913348, 3581.289551>) requested data for lock!
[22:32:17] Player (MADness, 76561198968762750)(<5735.305664, 3.913348, 3581.289551>) requested data for lock!
[22:33:15] Player (Maltrix CZE, 76561198188251693)(<4489.105957, 1.163242, 3118.035645>) requested data for lock!
[22:33:16] Player (MADness, 76561198968762750)(<4489.105957, 1.163242, 3118.035645>) requested data for lock!
[22:33:17] Player (Maltrix CZE, 76561198188251693)(<4450.335449, 6.887537, 3090.050293>) requested data for lock!
[22:33:18] Player (MADness, 76561198968762750)(<4450.335449, 6.887537, 3090.050293>) requested data for lock!
[22:37:49] Player (MADness, 76561198968762750)(<3585.483643, 23.219879, 4879.533691>) requested data for lock!
[22:38:15] Player (MADness, 76561198968762750)(<3276.376465, 34.151474, 4613.831055>) requested data for lock!
[22:38:51] Player (Maltrix CZE, 76561198188251693)(<3585.483643, 23.219879, 4879.533691>) requested data for lock!
[22:39:22] Player (Majky, 76561198275611052)(<3585.483643, 23.219879, 4879.533691>) requested data for lock!
[22:39:47] Player (MADness, 76561198968762750)(<3276.376465, 34.151474, 4613.831055>) requested data for lock!
[22:40:43] Player (Majky, 76561198275611052)(<3474.218506, 6.642277, 5363.240723>) requested data for lock!
[22:41:02] Player (Majky, 76561198275611052)(<3421.042480, 15.097157, 5042.374512>) requested data for lock!
[22:41:04] Player (Majky, 76561198275611052)(<3411.108643, 12.659751, 5048.064941>) requested data for lock!
[22:43:43] Player (Maltrix CZE, 76561198188251693)(<3276.376465, 34.151474, 4613.831055>) requested data for lock!
[22:43:51] Player (Majky, 76561198275611052)(<3276.376465, 34.151474, 4613.831055>) requested data for lock!
[22:45:46] Player (Majky, 76561198275611052)(<4380.106445, 2.076707, 5958.709961>) requested data for lock!
[22:45:46] Player (Majky, 76561198275611052)(<4379.876953, 2.008279, 5963.796387>) requested data for lock!
[22:45:46] Player (Majky, 76561198275611052)(<4378.048340, 1.954537, 5968.927246>) requested data for lock!
[22:45:46] Player (Majky, 76561198275611052)(<4373.662109, 3.838867, 5976.322266>) requested data for lock!
[22:47:37] Player (MADness, 76561198968762750)(<4450.335449, 6.887537, 3090.050293>) requested data for lock!
[22:54:10] Player (MADness, 76561198968762750)(<4450.335449, 6.887537, 3090.050293>) requested data for lock!
[22:54:11] Player (MADness, 76561198968762750)(<4489.105957, 1.163242, 3118.035645>) requested data for lock!
[22:56:30] Player (cumtam, 76561199150532361)(<4450.335449, 6.887537, 3090.050293>) requested data for lock!
[22:57:29] Player (cumtam, 76561199150532361)(<4489.105957, 1.163242, 3118.035645>) requested data for lock!
[23:04:07] Player (cumtam, 76561199150532361)(<3585.483643, 23.219879, 4879.533691>) requested data for lock!
[23:05:11] Player (cumtam, 76561199150532361)(<3276.376465, 34.151474, 4613.831055>) requested data for lock!
[23:05:12] Player (Maltrix CZE, 76561198188251693)(<3276.376465, 34.151474, 4613.831055>) requested data for lock!
[23:11:32] Player (cumtam, 76561199150532361)(<3421.042480, 15.097157, 5042.374512>) requested data for lock!
[23:11:33] Player (cumtam, 76561199150532361)(<3411.108643, 12.659751, 5048.064941>) requested data for lock!
[23:12:59] Player (cumtam, 76561199150532361)(<3474.218506, 6.642277, 5363.240723>) requested data for lock!
[23:14:51] Player (cumtam, 76561199150532361)(<4380.106445, 2.076707, 5958.709961>) requested data for lock!
[23:14:52] Player (cumtam, 76561199150532361)(<4379.876953, 2.008279, 5963.796387>) requested data for lock!
[23:14:53] Player (cumtam, 76561199150532361)(<4378.048340, 1.954537, 5968.927246>) requested data for lock!
[23:14:54] Player (cumtam, 76561199150532361)(<4373.662109, 3.838867, 5976.322266>) requested data for lock!
[23:22:55] Player (cumtam, 76561199150532361)(<3276.376465, 34.151474, 4613.831055>) requested data for lock!
[23:23:32] Player (cumtam, 76561199150532361)(<4489.105957, 1.163242, 3118.035645>) requested data for lock!
[23:23:53] Player (cumtam, 76561199150532361)(<4450.335449, 6.887537, 3090.050293>) requested data for lock!
[23:24:14] Player (cumtam, 76561199150532361)(<3585.483643, 23.219879, 4879.533691>) requested data for lock!
[23:25:02] Player (cumtam, 76561199150532361)(<3276.376465, 34.151474, 4613.831055>) requested data for lock!
[23:34:30] Player (cumtam, 76561199150532361)(<4964.083008, 5.118455, 1414.849365>) requested data for lock!
[23:34:31] Player (cumtam, 76561199150532361)(<4961.266602, 5.789789, 1410.613037>) requested data for lock!
