[06-20-2022][00.02.36] New Synch Log File Created!
[00:03:59] Player (Bflame, 76561198072840834)(<3585.483643, 23.219879, 4879.533691>) requested data for lock!
[00:05:42] Player (Bflame, 76561198072840834)(<3276.376465, 34.151474, 4613.831055>) requested data for lock!
[00:06:53] Player (Bflame, 76561198072840834)(<3421.042480, 15.097157, 5042.374512>) requested data for lock!
[00:06:54] Player (Bflame, 76561198072840834)(<3411.108643, 12.659751, 5048.064941>) requested data for lock!
[00:07:15] Player (Bflame, 76561198072840834)(<3474.218506, 6.642277, 5363.240723>) requested data for lock!
[00:13:11] Player (Bflame, 76561198072840834)(<4380.106445, 2.076707, 5958.709961>) requested data for lock!
[00:13:11] Player (Bflame, 76561198072840834)(<4379.876953, 2.008279, 5963.796387>) requested data for lock!
[00:13:11] Player (Bflame, 76561198072840834)(<4378.048340, 1.954537, 5968.927246>) requested data for lock!
[00:13:11] Player (Bflame, 76561198072840834)(<4373.662109, 3.838867, 5976.322266>) requested data for lock!
[00:41:44] Player (Bflame, 76561198072840834)(<3585.483643, 23.219879, 4879.533691>) requested data for lock!
[00:41:47] Player (Bflame, 76561198072840834)(<3474.218506, 6.642277, 5363.240723>) requested data for lock!
[00:41:49] Player (Bflame, 76561198072840834)(<3421.042480, 15.097157, 5042.374512>) requested data for lock!
[00:41:49] Player (Bflame, 76561198072840834)(<3411.108643, 12.659751, 5048.064941>) requested data for lock!
[00:41:55] Player (Bflame, 76561198072840834)(<3276.376465, 34.151474, 4613.831055>) requested data for lock!
[06-20-2022][04.02.35] Log file reloaded ( Server Restart )
[06:37:11] Player (martyCZ, 76561198873247465)(<3276.376465, 34.151474, 4613.831055>) requested data for lock!
[06:37:11] Player (martyCZ, 76561198873247465)(<3585.483643, 23.219879, 4879.533691>) requested data for lock!
[06:37:11] Player (martyCZ, 76561198873247465)(<3411.108643, 12.659751, 5048.064941>) requested data for lock!
[06:37:11] Player (martyCZ, 76561198873247465)(<3421.042480, 15.097157, 5042.374512>) requested data for lock!
[06:37:11] Player (martyCZ, 76561198873247465)(<3474.218506, 6.642277, 5363.240723>) requested data for lock!
[06:45:57] Player (martyCZ, 76561198873247465)(<4373.662109, 3.838867, 5976.322266>) requested data for lock!
[06:45:57] Player (martyCZ, 76561198873247465)(<4378.048340, 1.954537, 5968.927246>) requested data for lock!
[06:45:57] Player (martyCZ, 76561198873247465)(<4379.876953, 2.008279, 5963.796387>) requested data for lock!
[06:45:57] Player (martyCZ, 76561198873247465)(<4380.106445, 2.076707, 5958.709961>) requested data for lock!
[06:57:53] Player (martyCZ, 76561198873247465)(<4373.662109, 3.838867, 5976.322266>) requested data for lock!
[06:57:55] Player (martyCZ, 76561198873247465)(<4378.048340, 1.954537, 5968.927246>) requested data for lock!
[06:57:55] Player (martyCZ, 76561198873247465)(<4379.876953, 2.008279, 5963.796387>) requested data for lock!
[06:57:55] Player (martyCZ, 76561198873247465)(<4380.106445, 2.076707, 5958.709961>) requested data for lock!
[06:58:01] Player (martyCZ, 76561198873247465)(<3474.218506, 6.642277, 5363.240723>) requested data for lock!
[07:00:10] Player (martyCZ, 76561198873247465)(<3411.108643, 12.659751, 5048.064941>) requested data for lock!
[07:00:11] Player (martyCZ, 76561198873247465)(<3421.042480, 15.097157, 5042.374512>) requested data for lock!
[07:00:46] Player (martyCZ, 76561198873247465)(<3585.483643, 23.219879, 4879.533691>) requested data for lock!
[07:00:54] Player (martyCZ, 76561198873247465)(<3276.376465, 34.151474, 4613.831055>) requested data for lock!
[07:02:21] Player (martyCZ, 76561198873247465)(<3276.376465, 34.151474, 4613.831055>) requested data for lock!
[07:02:21] Player (martyCZ, 76561198873247465)(<3585.483643, 23.219879, 4879.533691>) requested data for lock!
[07:02:21] Player (martyCZ, 76561198873247465)(<3411.108643, 12.659751, 5048.064941>) requested data for lock!
[07:02:21] Player (martyCZ, 76561198873247465)(<3421.042480, 15.097157, 5042.374512>) requested data for lock!
[07:02:21] Player (martyCZ, 76561198873247465)(<3474.218506, 6.642277, 5363.240723>) requested data for lock!
[07:13:39] Player (martyCZ, 76561198873247465)(<4489.105957, 1.163242, 3118.035645>) requested data for lock!
[06-20-2022][08.02.37] Log file reloaded ( Server Restart )
[09:01:43] Player (Fjindra, 76561198253107503)(<3276.376465, 34.151474, 4613.831055>) requested data for lock!
[09:01:43] Player (Fjindra, 76561198253107503)(<3585.483643, 23.219879, 4879.533691>) requested data for lock!
[09:06:35] Player (Fjindra, 76561198253107503)(<3421.042480, 15.097157, 5042.374512>) requested data for lock!
[09:06:37] Player (Fjindra, 76561198253107503)(<3411.108643, 12.659751, 5048.064941>) requested data for lock!
[09:09:35] Player (Fjindra, 76561198253107503)(<3411.108643, 12.659751, 5048.064941>) requested data for lock!
[09:15:34] Player (MADness, 76561198968762750)(<4489.105957, 1.163242, 3118.035645>) requested data for lock!
[09:15:34] Player (MADness, 76561198968762750)(<4450.335449, 6.887537, 3090.050293>) requested data for lock!
[09:22:54] Player (MADness, 76561198968762750)(<7784.830566, 4.453664, 786.340027>) requested data for lock!
[09:22:54] Player (MADness, 76561198968762750)(<7775.609863, 4.453664, 789.851563>) requested data for lock!
[09:22:54] Player (MADness, 76561198968762750)(<7775.624023, 4.453664, 789.218628>) requested data for lock!
[09:23:33] Player (MADness, 76561198968762750)(<7784.830566, 4.453664, 786.340027>) requested data for lock!
[09:23:34] Player (MADness, 76561198968762750)(<7775.609863, 4.453664, 789.851563>) requested data for lock!
[09:23:34] Player (MADness, 76561198968762750)(<7775.624023, 4.453664, 789.218628>) requested data for lock!
[09:32:49] Player (MADness, 76561198968762750)(<3276.376465, 34.151474, 4613.831055>) requested data for lock!
[09:32:49] Player (MADness, 76561198968762750)(<3585.483643, 23.219879, 4879.533691>) requested data for lock!
[09:32:49] Player (MADness, 76561198968762750)(<3421.042480, 15.097157, 5042.374512>) requested data for lock!
[09:32:49] Player (MADness, 76561198968762750)(<3411.108643, 12.659751, 5048.064941>) requested data for lock!
[09:33:47] Player (MADness, 76561198968762750)(<3276.376465, 34.151474, 4613.831055>) requested data for lock!
[09:33:47] Player (MADness, 76561198968762750)(<3585.483643, 23.219879, 4879.533691>) requested data for lock!
[09:33:50] Player (MADness, 76561198968762750)(<3421.042480, 15.097157, 5042.374512>) requested data for lock!
[09:33:50] Player (MADness, 76561198968762750)(<3411.108643, 12.659751, 5048.064941>) requested data for lock!
[09:40:38] Player (Fjindra, 76561198253107503)(<3474.218506, 6.642277, 5363.240723>) requested data for lock!
[06-20-2022][09.54.49] Log file reloaded ( Server Restart )
[09:56:39] Player (Rikinoo, 76561198016672415)(<3276.376465, 34.151474, 4613.831055>) requested data for lock!
[09:56:39] Player (Rikinoo, 76561198016672415)(<3585.483643, 23.219879, 4879.533691>) requested data for lock!
[06-20-2022][10.01.06] Log file reloaded ( Server Restart )
[10:04:09] Player (Bflame, 76561198072840834)(<3276.376465, 34.151474, 4613.831055>) requested data for lock!
[10:04:09] Player (Bflame, 76561198072840834)(<3474.218506, 6.642277, 5363.240723>) requested data for lock!
[10:04:09] Player (Bflame, 76561198072840834)(<3411.108643, 12.659751, 5048.064941>) requested data for lock!
[10:04:09] Player (Bflame, 76561198072840834)(<3421.042480, 15.097157, 5042.374512>) requested data for lock!
[10:04:09] Player (Bflame, 76561198072840834)(<3585.483643, 23.219879, 4879.533691>) requested data for lock!
[06-20-2022][10.05.16] Log file reloaded ( Server Restart )
[06-20-2022][10.12.06] Log file reloaded ( Server Restart )
[06-20-2022][10.15.12] Log file reloaded ( Server Restart )
[06-20-2022][10.21.12] Log file reloaded ( Server Restart )
[10:22:55] Player (Bflame, 76561198072840834)(<3276.376465, 34.151474, 4613.831055>) requested data for lock!
[10:22:55] Player (Bflame, 76561198072840834)(<3474.218506, 6.642277, 5363.240723>) requested data for lock!
[10:22:55] Player (Bflame, 76561198072840834)(<3585.483643, 23.219879, 4879.533691>) requested data for lock!
[10:22:55] Player (Bflame, 76561198072840834)(<3411.108643, 12.659751, 5048.064941>) requested data for lock!
[10:22:55] Player (Bflame, 76561198072840834)(<3421.042480, 15.097157, 5042.374512>) requested data for lock!
[10:29:06] Player (Bflame, 76561198072840834)(<3474.218506, 6.642277, 5363.240723>) requested data for lock!
[10:32:08] Player (Bflame, 76561198072840834)(<3474.218506, 6.642277, 5363.240723>) requested data for lock!
[10:36:30] Player (Bflame, 76561198072840834)(<4489.105957, 1.163242, 3118.035645>) requested data for lock!
[10:39:26] Player (Fjindra, 76561198253107503)(<3276.376465, 34.151474, 4613.831055>) requested data for lock!
[10:39:26] Player (Fjindra, 76561198253107503)(<3585.483643, 23.219879, 4879.533691>) requested data for lock!
[10:39:26] Player (Fjindra, 76561198253107503)(<3411.108643, 12.659751, 5048.064941>) requested data for lock!
[10:39:26] Player (Fjindra, 76561198253107503)(<3421.042480, 15.097157, 5042.374512>) requested data for lock!
[10:39:26] Player (Fjindra, 76561198253107503)(<3474.218506, 6.642277, 5363.240723>) requested data for lock!
[11:57:49] Player (Mozecek, 76561198956395880)(<3276.376465, 34.151474, 4613.831055>) requested data for lock!
[11:57:49] Player (Mozecek, 76561198956395880)(<3585.483643, 23.219879, 4879.533691>) requested data for lock!
[06-20-2022][12.02.37] Log file reloaded ( Server Restart )
[13:11:23] Player (Mozecek, 76561198956395880)(<3585.483643, 23.219879, 4879.533691>) requested data for lock!
[13:11:24] Player (Mozecek, 76561198956395880)(<3276.376465, 34.151474, 4613.831055>) requested data for lock!
[13:16:34] Player (Mozecek, 76561198956395880)(<3276.376465, 34.151474, 4613.831055>) requested data for lock!
[13:25:29] Player (Bflame, 76561198072840834)(<3585.483643, 23.219879, 4879.533691>) requested data for lock!
[13:26:23] Player (Bflame, 76561198072840834)(<4380.106445, 2.076707, 5958.709961>) requested data for lock!
[13:26:23] Player (Bflame, 76561198072840834)(<4379.876953, 2.008279, 5963.796387>) requested data for lock!
[13:26:24] Player (Bflame, 76561198072840834)(<4378.048340, 1.954537, 5968.927246>) requested data for lock!
[13:26:25] Player (Bflame, 76561198072840834)(<4373.662109, 3.838867, 5976.322266>) requested data for lock!
[13:26:38] Player (Mozecek, 76561198956395880)(<3421.042480, 15.097157, 5042.374512>) requested data for lock!
[13:26:40] Player (Mozecek, 76561198956395880)(<3411.108643, 12.659751, 5048.064941>) requested data for lock!
[13:27:03] Player (Mozecek, 76561198956395880)(<3474.218506, 6.642277, 5363.240723>) requested data for lock!
[13:29:46] Player (MADness, 76561198968762750)(<3585.483643, 23.219879, 4879.533691>) requested data for lock!
[13:29:47] Player (MADness, 76561198968762750)(<3276.376465, 34.151474, 4613.831055>) requested data for lock!
[13:29:47] Player (MADness, 76561198968762750)(<3474.218506, 6.642277, 5363.240723>) requested data for lock!
[13:29:47] Player (MADness, 76561198968762750)(<3411.108643, 12.659751, 5048.064941>) requested data for lock!
[13:29:47] Player (MADness, 76561198968762750)(<3421.042480, 15.097157, 5042.374512>) requested data for lock!
[13:35:29] Player (Bflame, 76561198072840834)(<3421.042480, 15.097157, 5042.374512>) requested data for lock!
[13:35:30] Player (Bflame, 76561198072840834)(<3411.108643, 12.659751, 5048.064941>) requested data for lock!
[13:35:45] Player (Bflame, 76561198072840834)(<3276.376465, 34.151474, 4613.831055>) requested data for lock!
[13:39:59] Player (Martina_(.)(.)_, 76561198097548152)(<4450.335449, 6.887537, 3090.050293>) requested data for lock!
[13:40:02] Player (Martina_(.)(.)_, 76561198097548152)(<4489.105957, 1.163242, 3118.035645>) requested data for lock!
[13:54:19] Player (MADness, 76561198968762750)(<4450.335449, 6.887537, 3090.050293>) requested data for lock!
[13:54:26] Player (MADness, 76561198968762750)(<4489.105957, 1.163242, 3118.035645>) requested data for lock!
[13:56:15] Player (Bflame, 76561198072840834)(<4489.105957, 1.163242, 3118.035645>) requested data for lock!
[13:56:40] Player (MADness, 76561198968762750)(<3276.376465, 34.151474, 4613.831055>) requested data for lock!
[13:56:46] Player (MADness, 76561198968762750)(<3585.483643, 23.219879, 4879.533691>) requested data for lock!
[13:56:51] Player (MADness, 76561198968762750)(<3421.042480, 15.097157, 5042.374512>) requested data for lock!
[13:56:51] Player (MADness, 76561198968762750)(<3411.108643, 12.659751, 5048.064941>) requested data for lock!
[13:57:03] Player (MADness, 76561198968762750)(<3474.218506, 6.642277, 5363.240723>) requested data for lock!
[14:13:54] Player (MADness, 76561198968762750)(<3276.376465, 34.151474, 4613.831055>) requested data for lock!
[14:15:26] Player (MADness, 76561198968762750)(<3411.108643, 12.659751, 5048.064941>) requested data for lock!
[14:15:27] Player (MADness, 76561198968762750)(<3421.042480, 15.097157, 5042.374512>) requested data for lock!
[14:16:06] Player (Martina_(.)(.)_, 76561198097548152)(<4450.335449, 6.887537, 3090.050293>) requested data for lock!
[14:16:10] Player (Martina_(.)(.)_, 76561198097548152)(<4489.105957, 1.163242, 3118.035645>) requested data for lock!
[14:17:46] Player (Martina_(.)(.)_, 76561198097548152)(<4964.083008, 5.118455, 1414.849365>) requested data for lock!
[14:17:46] Player (Martina_(.)(.)_, 76561198097548152)(<4961.266602, 5.789789, 1410.613037>) requested data for lock!
[15:56:44] Player (Bflame, 76561198072840834)(<3585.483643, 23.219879, 4879.533691>) requested data for lock!
[15:56:44] Player (Bflame, 76561198072840834)(<3276.376465, 34.151474, 4613.831055>) requested data for lock!
[15:58:38] Player (Bflame, 76561198072840834)(<3585.483643, 23.219879, 4879.533691>) requested data for lock!
[06-20-2022][16.03.05] Log file reloaded ( Server Restart )
[16:04:15] Player (Bflame, 76561198072840834)(<3585.483643, 23.219879, 4879.533691>) requested data for lock!
[16:12:10] Player (MADness, 76561198968762750)(<4489.105957, 1.163242, 3118.035645>) requested data for lock!
[16:12:12] Player (MADness, 76561198968762750)(<4450.335449, 6.887537, 3090.050293>) requested data for lock!
[16:12:20] Player (Hemi, 76561198065958810)(<4489.105957, 1.163242, 3118.035645>) requested data for lock!
[16:12:20] Player (Hemi, 76561198065958810)(<4450.335449, 6.887537, 3090.050293>) requested data for lock!
[06-20-2022][16.20.11] Log file reloaded ( Server Restart )
[16:22:59] Player (MADness, 76561198968762750)(<4489.105957, 1.163242, 3118.035645>) requested data for lock!
[16:22:59] Player (MADness, 76561198968762750)(<4450.335449, 6.887537, 3090.050293>) requested data for lock!
[16:24:00] Player (Hemi, 76561198065958810)(<4489.105957, 1.163242, 3118.035645>) requested data for lock!
[16:24:00] Player (Hemi, 76561198065958810)(<4450.335449, 6.887537, 3090.050293>) requested data for lock!
[16:24:04] Player (MADness, 76561198968762750)(<7775.609863, 4.453664, 789.851563>) requested data for lock!
[16:24:04] Player (MADness, 76561198968762750)(<7775.624023, 4.453664, 789.218628>) requested data for lock!
[16:24:04] Player (MADness, 76561198968762750)(<7784.830566, 4.453664, 786.340027>) requested data for lock!
[16:26:40] Player (MADness, 76561198968762750)(<7775.609863, 4.453664, 789.851563>) requested data for lock!
[16:26:40] Player (MADness, 76561198968762750)(<7784.830566, 4.453664, 786.340027>) requested data for lock!
[16:26:40] Player (MADness, 76561198968762750)(<7775.624023, 4.453664, 789.218628>) requested data for lock!
[16:35:19] Player (Hemi, 76561198065958810)(<3585.483643, 23.219879, 4879.533691>) requested data for lock!
[16:35:26] Player (Hemi, 76561198065958810)(<3276.376465, 34.151474, 4613.831055>) requested data for lock!
[16:36:35] Player (MADness, 76561198968762750)(<3276.376465, 34.151474, 4613.831055>) requested data for lock!
[16:36:36] Player (MADness, 76561198968762750)(<3585.483643, 23.219879, 4879.533691>) requested data for lock!
[16:40:00] Player (Hemi, 76561198065958810)(<3276.376465, 34.151474, 4613.831055>) requested data for lock!
[16:41:49] Player (Hemi, 76561198065958810)(<3276.376465, 34.151474, 4613.831055>) requested data for lock!
[17:09:25] Player (MADness, 76561198968762750)(<3276.376465, 34.151474, 4613.831055>) requested data for lock!
[17:09:25] Player (Hemi, 76561198065958810)(<3276.376465, 34.151474, 4613.831055>) requested data for lock!
[17:09:28] Player (MADness, 76561198968762750)(<4450.335449, 6.887537, 3090.050293>) requested data for lock!
[17:09:29] Player (Hemi, 76561198065958810)(<4450.335449, 6.887537, 3090.050293>) requested data for lock!
[17:09:29] Player (MADness, 76561198968762750)(<4489.105957, 1.163242, 3118.035645>) requested data for lock!
[17:09:29] Player (Hemi, 76561198065958810)(<4489.105957, 1.163242, 3118.035645>) requested data for lock!
[17:10:12] Player (MADness, 76561198968762750)(<3585.483643, 23.219879, 4879.533691>) requested data for lock!
[17:10:13] Player (Hemi, 76561198065958810)(<3585.483643, 23.219879, 4879.533691>) requested data for lock!
[17:10:55] Player (Hemi, 76561198065958810)(<3585.483643, 23.219879, 4879.533691>) requested data for lock!
[17:13:19] Player (Hemi, 76561198065958810)(<3276.376465, 34.151474, 4613.831055>) requested data for lock!
[17:13:38] Player (MADness, 76561198968762750)(<3276.376465, 34.151474, 4613.831055>) requested data for lock!
[17:14:14] Player (MADness, 76561198968762750)(<4450.335449, 6.887537, 3090.050293>) requested data for lock!
[17:18:31] Player (MADness, 76561198968762750)(<3276.376465, 34.151474, 4613.831055>) requested data for lock!
[17:19:26] Player (MADness, 76561198968762750)(<4489.105957, 1.163242, 3118.035645>) requested data for lock!
[17:19:57] Player (MADness, 76561198968762750)(<4450.335449, 6.887537, 3090.050293>) requested data for lock!
[17:33:30] Player (Kocur69, 76561198295570264)(<5735.305664, 3.913348, 3581.289551>) requested data for lock!
[17:48:39] Player (Bflame, 76561198072840834)(<5735.305664, 3.913348, 3581.289551>) requested data for lock!
[17:49:49] Player (Bflame, 76561198072840834)(<3585.483643, 23.219879, 4879.533691>) requested data for lock!
[17:50:02] Player (Bflame, 76561198072840834)(<3276.376465, 34.151474, 4613.831055>) requested data for lock!
[18:00:11] Player (Bflame, 76561198072840834)(<4489.105957, 1.163242, 3118.035645>) requested data for lock!
[18:00:12] Player (Bflame, 76561198072840834)(<4450.335449, 6.887537, 3090.050293>) requested data for lock!
[18:00:14] Player (Bflame, 76561198072840834)(<5735.305664, 3.913348, 3581.289551>) requested data for lock!
[18:04:48] Player (Bflame, 76561198072840834)(<5735.305664, 3.913348, 3581.289551>) requested data for lock!
[18:04:48] Player (Kocur69, 76561198295570264)(<5735.305664, 3.913348, 3581.289551>) requested data for lock!
[18:05:43] Player (Kocur69, 76561198295570264)(<3585.483643, 23.219879, 4879.533691>) requested data for lock!
[18:05:43] Player (Bflame, 76561198072840834)(<3585.483643, 23.219879, 4879.533691>) requested data for lock!
[18:14:07] Player (Kocur69, 76561198295570264)(<3276.376465, 34.151474, 4613.831055>) requested data for lock!
[18:14:09] Player (Bflame, 76561198072840834)(<3585.483643, 23.219879, 4879.533691>) requested data for lock!
[18:14:28] Player (Bflame, 76561198072840834)(<3276.376465, 34.151474, 4613.831055>) requested data for lock!
[18:18:26] Player (Kocur69, 76561198295570264)(<4489.105957, 1.163242, 3118.035645>) requested data for lock!
[18:25:56] Player (Bflame, 76561198072840834)(<3276.376465, 34.151474, 4613.831055>) requested data for lock!
[18:26:06] Player (Bflame, 76561198072840834)(<4489.105957, 1.163242, 3118.035645>) requested data for lock!
[18:33:48] Player (Kocur69, 76561198295570264)(<3421.042480, 15.097157, 5042.374512>) requested data for lock!
[18:33:49] Player (Kocur69, 76561198295570264)(<3411.108643, 12.659751, 5048.064941>) requested data for lock!
[18:34:36] Player (Kocur69, 76561198295570264)(<3474.218506, 6.642277, 5363.240723>) requested data for lock!
[18:36:31] Player (Kocur69, 76561198295570264)(<4380.106445, 2.076707, 5958.709961>) requested data for lock!
[18:36:38] Player (Kocur69, 76561198295570264)(<4379.876953, 2.008279, 5963.796387>) requested data for lock!
[18:38:12] Player (Kocur69, 76561198295570264)(<4378.048340, 1.954537, 5968.927246>) requested data for lock!
[18:38:29] Player (Kocur69, 76561198295570264)(<4373.662109, 3.838867, 5976.322266>) requested data for lock!
[18:47:40] Player (Kocur69, 76561198295570264)(<3421.042480, 15.097157, 5042.374512>) requested data for lock!
[18:47:42] Player (Kocur69, 76561198295570264)(<3411.108643, 12.659751, 5048.064941>) requested data for lock!
[19:40:49] Player (Bflame, 76561198072840834)(<3585.483643, 23.219879, 4879.533691>) requested data for lock!
[19:40:49] Player (Bflame, 76561198072840834)(<3276.376465, 34.151474, 4613.831055>) requested data for lock!
[19:45:28] Player (Bflame, 76561198072840834)(<3421.042480, 15.097157, 5042.374512>) requested data for lock!
[19:45:28] Player (Bflame, 76561198072840834)(<3411.108643, 12.659751, 5048.064941>) requested data for lock!
[19:46:19] Player (Bflame, 76561198072840834)(<4380.106445, 2.076707, 5958.709961>) requested data for lock!
[19:46:20] Player (Bflame, 76561198072840834)(<4379.876953, 2.008279, 5963.796387>) requested data for lock!
[19:46:21] Player (Bflame, 76561198072840834)(<4378.048340, 1.954537, 5968.927246>) requested data for lock!
[19:46:22] Player (Bflame, 76561198072840834)(<4373.662109, 3.838867, 5976.322266>) requested data for lock!
[06-20-2022][20.02.38] Log file reloaded ( Server Restart )
[20:25:52] Player (MADness, 76561198968762750)(<4489.105957, 1.163242, 3118.035645>) requested data for lock!
[20:25:52] Player (MADness, 76561198968762750)(<3276.376465, 34.151474, 4613.831055>) requested data for lock!
[20:25:52] Player (MADness, 76561198968762750)(<3585.483643, 23.219879, 4879.533691>) requested data for lock!
[20:29:20] Player (MADness, 76561198968762750)(<4489.105957, 1.163242, 3118.035645>) requested data for lock!
[20:29:20] Player (MADness, 76561198968762750)(<4450.335449, 6.887537, 3090.050293>) requested data for lock!
[20:32:43] Player (MADness, 76561198968762750)(<4380.106445, 2.076707, 5958.709961>) requested data for lock!
[20:32:43] Player (MADness, 76561198968762750)(<4379.876953, 2.008279, 5963.796387>) requested data for lock!
[20:32:43] Player (MADness, 76561198968762750)(<4378.048340, 1.954537, 5968.927246>) requested data for lock!
[20:32:43] Player (MADness, 76561198968762750)(<4373.662109, 3.838867, 5976.322266>) requested data for lock!
[20:41:29] Player (MADness, 76561198968762750)(<3474.218506, 6.642277, 5363.240723>) requested data for lock!
[20:43:33] Player (MADness, 76561198968762750)(<3474.218506, 6.642277, 5363.240723>) requested data for lock!
[20:43:53] Player (MADness, 76561198968762750)(<3474.218506, 6.642277, 5363.240723>) requested data for lock!
[20:45:42] Player (MADness, 76561198968762750)(<3474.218506, 6.642277, 5363.240723>) requested data for lock!
[20:45:52] Player (MADness, 76561198968762750)(<3411.108643, 12.659751, 5048.064941>) requested data for lock!
[20:45:52] Player (MADness, 76561198968762750)(<3421.042480, 15.097157, 5042.374512>) requested data for lock!
[20:46:02] Player (MADness, 76561198968762750)(<3585.483643, 23.219879, 4879.533691>) requested data for lock!
[20:46:09] Player (MADness, 76561198968762750)(<3276.376465, 34.151474, 4613.831055>) requested data for lock!
[20:47:33] Player (MADness, 76561198968762750)(<4380.106445, 2.076707, 5958.709961>) requested data for lock!
[20:47:33] Player (MADness, 76561198968762750)(<4379.876953, 2.008279, 5963.796387>) requested data for lock!
[20:47:33] Player (MADness, 76561198968762750)(<4378.048340, 1.954537, 5968.927246>) requested data for lock!
[20:47:33] Player (MADness, 76561198968762750)(<4373.662109, 3.838867, 5976.322266>) requested data for lock!
[20:49:30] Player (MADness, 76561198968762750)(<4489.105957, 1.163242, 3118.035645>) requested data for lock!
[20:49:31] Player (MADness, 76561198968762750)(<4450.335449, 6.887537, 3090.050293>) requested data for lock!
[20:51:20] Player (MADness, 76561198968762750)(<3276.376465, 34.151474, 4613.831055>) requested data for lock!
[20:51:21] Player (MADness, 76561198968762750)(<3585.483643, 23.219879, 4879.533691>) requested data for lock!
[21:48:42] Player (Majky, 76561198275611052)(<3276.376465, 34.151474, 4613.831055>) requested data for lock!
[21:48:42] Player (Majky, 76561198275611052)(<3474.218506, 6.642277, 5363.240723>) requested data for lock!
[21:48:42] Player (Majky, 76561198275611052)(<4380.106445, 2.076707, 5958.709961>) requested data for lock!
[21:48:42] Player (Majky, 76561198275611052)(<3585.483643, 23.219879, 4879.533691>) requested data for lock!
[21:48:42] Player (Majky, 76561198275611052)(<3411.108643, 12.659751, 5048.064941>) requested data for lock!
[21:48:42] Player (Majky, 76561198275611052)(<3421.042480, 15.097157, 5042.374512>) requested data for lock!
[21:48:42] Player (Majky, 76561198275611052)(<4379.876953, 2.008279, 5963.796387>) requested data for lock!
[21:48:42] Player (Majky, 76561198275611052)(<4378.048340, 1.954537, 5968.927246>) requested data for lock!
[21:48:42] Player (Majky, 76561198275611052)(<4373.662109, 3.838867, 5976.322266>) requested data for lock!
[21:51:34] Player (Majky, 76561198275611052)(<4380.106445, 2.076707, 5958.709961>) requested data for lock!
[21:51:35] Player (Majky, 76561198275611052)(<4379.876953, 2.008279, 5963.796387>) requested data for lock!
[21:56:38] Player (Majky, 76561198275611052)(<3474.218506, 6.642277, 5363.240723>) requested data for lock!
[21:57:41] Player (Maltrix CZE, 76561198188251693)(<3276.376465, 34.151474, 4613.831055>) requested data for lock!
[21:58:03] Player (Maltrix CZE, 76561198188251693)(<4450.335449, 6.887537, 3090.050293>) requested data for lock!
[21:58:04] Player (Maltrix CZE, 76561198188251693)(<4489.105957, 1.163242, 3118.035645>) requested data for lock!
[21:58:12] Player (Majky, 76561198275611052)(<3474.218506, 6.642277, 5363.240723>) requested data for lock!
[21:58:17] Player (Maltrix CZE, 76561198188251693)(<3585.483643, 23.219879, 4879.533691>) requested data for lock!
[21:58:17] Player (Majky, 76561198275611052)(<3411.108643, 12.659751, 5048.064941>) requested data for lock!
[21:58:18] Player (Majky, 76561198275611052)(<3421.042480, 15.097157, 5042.374512>) requested data for lock!
[21:58:29] Player (Majky, 76561198275611052)(<3276.376465, 34.151474, 4613.831055>) requested data for lock!
[21:58:30] Player (Majky, 76561198275611052)(<3585.483643, 23.219879, 4879.533691>) requested data for lock!
[21:59:24] Player (Majky, 76561198275611052)(<4380.106445, 2.076707, 5958.709961>) requested data for lock!
[21:59:24] Player (Majky, 76561198275611052)(<4379.876953, 2.008279, 5963.796387>) requested data for lock!
[21:59:32] Player (Majky, 76561198275611052)(<4378.048340, 1.954537, 5968.927246>) requested data for lock!
[21:59:32] Player (Majky, 76561198275611052)(<4373.662109, 3.838867, 5976.322266>) requested data for lock!
[22:00:05] Player (Maltrix CZE, 76561198188251693)(<3276.376465, 34.151474, 4613.831055>) requested data for lock!
[22:40:14] Player (MADness, 76561198968762750)(<4489.105957, 1.163242, 3118.035645>) requested data for lock!
[22:40:14] Player (MADness, 76561198968762750)(<4450.335449, 6.887537, 3090.050293>) requested data for lock!
