[07-12-2022][00.02.33] New Synch Log File Created!
[07-12-2022][04.02.28] Log file reloaded ( Server Restart )
[07-12-2022][06.05.58] Log file reloaded ( Server Restart )
[07-12-2022][08.02.39] Log file reloaded ( Server Restart )
[08:58:00] Player (Majky, 76561198275611052)(<3468.044189, 4.259703, 5369.500977>) requested data for lock!
[08:58:00] Player (Majky, 76561198275611052)(<3474.218506, 6.642277, 5363.240723>) requested data for lock!
[08:58:00] Player (Majky, 76561198275611052)(<3276.376465, 34.151474, 4613.831055>) requested data for lock!
[08:58:00] Player (Majky, 76561198275611052)(<3411.108643, 12.659751, 5048.064941>) requested data for lock!
[08:58:00] Player (Majky, 76561198275611052)(<3421.042480, 15.097157, 5042.374512>) requested data for lock!
[08:58:00] Player (Majky, 76561198275611052)(<3585.483643, 23.219879, 4879.533691>) requested data for lock!
[08:58:00] Player (Majky, 76561198275611052)(<3460.936523, 4.847070, 5356.074219>) requested data for lock!
[08:58:00] Player (Majky, 76561198275611052)(<4373.662109, 3.838867, 5976.322266>) requested data for lock!
[08:58:00] Player (Majky, 76561198275611052)(<4378.048340, 1.954537, 5968.927246>) requested data for lock!
[08:58:00] Player (Majky, 76561198275611052)(<4379.876953, 2.008279, 5963.796387>) requested data for lock!
[08:58:00] Player (Majky, 76561198275611052)(<4380.106445, 2.076707, 5958.709961>) requested data for lock!
[09:59:21] Player (Majky, 76561198275611052)(<3468.044189, 4.259703, 5369.500977>) requested data for lock!
[09:59:21] Player (Majky, 76561198275611052)(<3474.218506, 6.642277, 5363.240723>) requested data for lock!
[09:59:21] Player (Majky, 76561198275611052)(<3276.376465, 34.151474, 4613.831055>) requested data for lock!
[09:59:21] Player (Majky, 76561198275611052)(<3411.108643, 12.659751, 5048.064941>) requested data for lock!
[09:59:21] Player (Majky, 76561198275611052)(<3421.042480, 15.097157, 5042.374512>) requested data for lock!
[09:59:21] Player (Majky, 76561198275611052)(<3585.483643, 23.219879, 4879.533691>) requested data for lock!
[09:59:21] Player (Majky, 76561198275611052)(<3460.936523, 4.847070, 5356.074219>) requested data for lock!
[09:59:21] Player (Majky, 76561198275611052)(<4373.662109, 3.838867, 5976.322266>) requested data for lock!
[09:59:21] Player (Majky, 76561198275611052)(<4378.048340, 1.954537, 5968.927246>) requested data for lock!
[09:59:21] Player (Majky, 76561198275611052)(<4379.876953, 2.008279, 5963.796387>) requested data for lock!
[09:59:21] Player (Majky, 76561198275611052)(<4380.106445, 2.076707, 5958.709961>) requested data for lock!
[10:05:35] Player (Majky, 76561198275611052)(<4489.105957, 1.163242, 3118.035645>) requested data for lock!
[10:05:36] Player (Majky, 76561198275611052)(<4450.335449, 6.887537, 3090.050293>) requested data for lock!
[10:05:41] Player (Majky, 76561198275611052)(<5703.666016, 4.296862, 3579.834473>) requested data for lock!
[10:05:41] Player (Majky, 76561198275611052)(<5704.501465, 4.296862, 3574.349854>) requested data for lock!
[11:13:07] Player (Majky, 76561198275611052)(<5704.501465, 4.296862, 3574.349854>) requested data for lock!
[11:13:07] Player (Majky, 76561198275611052)(<5703.666016, 4.296862, 3579.834473>) requested data for lock!
[11:13:39] Player (Majky, 76561198275611052)(<4489.105957, 1.163242, 3118.035645>) requested data for lock!
[11:13:40] Player (Majky, 76561198275611052)(<4450.335449, 6.887537, 3090.050293>) requested data for lock!
[11:14:42] Player (Majky, 76561198275611052)(<3585.483643, 23.219879, 4879.533691>) requested data for lock!
[11:14:53] Player (Majky, 76561198275611052)(<3421.042480, 15.097157, 5042.374512>) requested data for lock!
[11:14:54] Player (Majky, 76561198275611052)(<3411.108643, 12.659751, 5048.064941>) requested data for lock!
[11:15:02] Player (Majky, 76561198275611052)(<3474.218506, 6.642277, 5363.240723>) requested data for lock!
[11:15:02] Player (Majky, 76561198275611052)(<3460.936523, 4.847070, 5356.074219>) requested data for lock!
[11:15:02] Player (Majky, 76561198275611052)(<3468.044189, 4.259703, 5369.500977>) requested data for lock!
[11:15:15] Player (Majky, 76561198275611052)(<3276.376465, 34.151474, 4613.831055>) requested data for lock!
[11:15:15] Player (Majky, 76561198275611052)(<4380.106445, 2.076707, 5958.709961>) requested data for lock!
[11:15:15] Player (Majky, 76561198275611052)(<4379.876953, 2.008279, 5963.796387>) requested data for lock!
[11:15:15] Player (Majky, 76561198275611052)(<4378.048340, 1.954537, 5968.927246>) requested data for lock!
[11:15:16] Player (Majky, 76561198275611052)(<4373.662109, 3.838867, 5976.322266>) requested data for lock!
[11:21:21] Player (Majky, 76561198275611052)(<4380.106445, 2.076707, 5958.709961>) requested data for lock!
[11:21:21] Player (Majky, 76561198275611052)(<4379.876953, 2.008279, 5963.796387>) requested data for lock!
[11:21:22] Player (Majky, 76561198275611052)(<4378.048340, 1.954537, 5968.927246>) requested data for lock!
[11:21:22] Player (Majky, 76561198275611052)(<4373.662109, 3.838867, 5976.322266>) requested data for lock!
[11:25:23] Player (Majky, 76561198275611052)(<4380.106445, 2.076707, 5958.709961>) requested data for lock!
[11:25:25] Player (Majky, 76561198275611052)(<4379.876953, 2.008279, 5963.796387>) requested data for lock!
[11:25:25] Player (Majky, 76561198275611052)(<4378.048340, 1.954537, 5968.927246>) requested data for lock!
[11:25:25] Player (Majky, 76561198275611052)(<4373.662109, 3.838867, 5976.322266>) requested data for lock!
[11:43:07] Player (Majky, 76561198275611052)(<3468.044189, 4.259703, 5369.500977>) requested data for lock!
[11:43:07] Player (Majky, 76561198275611052)(<3474.218506, 6.642277, 5363.240723>) requested data for lock!
[11:43:08] Player (Majky, 76561198275611052)(<3411.108643, 12.659751, 5048.064941>) requested data for lock!
[11:43:08] Player (Majky, 76561198275611052)(<3421.042480, 15.097157, 5042.374512>) requested data for lock!
[11:43:08] Player (Majky, 76561198275611052)(<3460.936523, 4.847070, 5356.074219>) requested data for lock!
[11:43:09] Player (Majky, 76561198275611052)(<3276.376465, 34.151474, 4613.831055>) requested data for lock!
[11:43:09] Player (Majky, 76561198275611052)(<3585.483643, 23.219879, 4879.533691>) requested data for lock!
[11:43:09] Player (Majky, 76561198275611052)(<4373.662109, 3.838867, 5976.322266>) requested data for lock!
[11:43:09] Player (Majky, 76561198275611052)(<4378.048340, 1.954537, 5968.927246>) requested data for lock!
[11:43:09] Player (Majky, 76561198275611052)(<4379.876953, 2.008279, 5963.796387>) requested data for lock!
[11:43:09] Player (Majky, 76561198275611052)(<4380.106445, 2.076707, 5958.709961>) requested data for lock!
[07-12-2022][12.02.38] Log file reloaded ( Server Restart )
[12:06:41] Player (Bflame, 76561198072840834)(<4380.106445, 2.076707, 5958.709961>) requested data for lock!
[12:06:41] Player (Bflame, 76561198072840834)(<4379.876953, 2.008279, 5963.796387>) requested data for lock!
[12:06:42] Player (Bflame, 76561198072840834)(<4378.048340, 1.954537, 5968.927246>) requested data for lock!
[12:06:42] Player (Bflame, 76561198072840834)(<4373.662109, 3.838867, 5976.322266>) requested data for lock!
[12:07:04] Player (Bflame, 76561198072840834)(<3585.483643, 23.219879, 4879.533691>) requested data for lock!
[12:07:08] Player (Bflame, 76561198072840834)(<3474.218506, 6.642277, 5363.240723>) requested data for lock!
[12:07:08] Player (Bflame, 76561198072840834)(<3468.044189, 4.259703, 5369.500977>) requested data for lock!
[12:07:09] Player (Bflame, 76561198072840834)(<3460.936523, 4.847070, 5356.074219>) requested data for lock!
[12:07:10] Player (Bflame, 76561198072840834)(<3421.042480, 15.097157, 5042.374512>) requested data for lock!
[12:07:10] Player (Bflame, 76561198072840834)(<3411.108643, 12.659751, 5048.064941>) requested data for lock!
[12:07:17] Player (Bflame, 76561198072840834)(<3276.376465, 34.151474, 4613.831055>) requested data for lock!
[12:08:11] Player (Majky, 76561198275611052)(<4380.106445, 2.076707, 5958.709961>) requested data for lock!
[12:08:12] Player (Majky, 76561198275611052)(<4379.876953, 2.008279, 5963.796387>) requested data for lock!
[12:08:12] Player (Majky, 76561198275611052)(<4378.048340, 1.954537, 5968.927246>) requested data for lock!
[12:08:12] Player (Majky, 76561198275611052)(<4373.662109, 3.838867, 5976.322266>) requested data for lock!
[12:08:38] Player (Bflame, 76561198072840834)(<2436.508545, 53.178806, 5278.377441>) requested data for lock!
[12:08:38] Player (Bflame, 76561198072840834)(<2435.960938, 55.353981, 5288.420898>) requested data for lock!
[12:13:37] Player (Majky, 76561198275611052)(<3585.483643, 23.219879, 4879.533691>) requested data for lock!
[12:13:50] Player (Majky, 76561198275611052)(<3474.218506, 6.642277, 5363.240723>) requested data for lock!
[12:13:51] Player (Majky, 76561198275611052)(<3468.044189, 4.259703, 5369.500977>) requested data for lock!
[12:13:52] Player (Majky, 76561198275611052)(<3460.936523, 4.847070, 5356.074219>) requested data for lock!
[12:14:01] Player (Majky, 76561198275611052)(<3421.042480, 15.097157, 5042.374512>) requested data for lock!
[12:14:02] Player (Majky, 76561198275611052)(<3411.108643, 12.659751, 5048.064941>) requested data for lock!
[12:15:56] Player (Majky, 76561198275611052)(<3276.376465, 34.151474, 4613.831055>) requested data for lock!
[12:18:36] Player (Majky, 76561198275611052)(<4380.106445, 2.076707, 5958.709961>) requested data for lock!
[12:18:37] Player (Majky, 76561198275611052)(<4379.876953, 2.008279, 5963.796387>) requested data for lock!
[12:18:37] Player (Majky, 76561198275611052)(<4378.048340, 1.954537, 5968.927246>) requested data for lock!
[12:18:37] Player (Majky, 76561198275611052)(<4373.662109, 3.838867, 5976.322266>) requested data for lock!
[12:18:51] Player (Majky, 76561198275611052)(<4379.876953, 2.008279, 5963.796387>) requested data for lock!
[12:18:52] Player (Majky, 76561198275611052)(<4378.048340, 1.954537, 5968.927246>) requested data for lock!
[12:18:52] Player (Majky, 76561198275611052)(<4373.662109, 3.838867, 5976.322266>) requested data for lock!
[12:19:31] Player (Bflame, 76561198072840834)(<4380.106445, 2.076707, 5958.709961>) requested data for lock!
[12:19:36] Player (Bflame, 76561198072840834)(<4379.876953, 2.008279, 5963.796387>) requested data for lock!
[12:20:51] Player (Bflame, 76561198072840834)(<4378.048340, 1.954537, 5968.927246>) requested data for lock!
[12:20:51] Player (Bflame, 76561198072840834)(<4373.662109, 3.838867, 5976.322266>) requested data for lock!
[12:20:52] Player (Majky, 76561198275611052)(<4378.048340, 1.954537, 5968.927246>) requested data for lock!
[12:20:53] Player (Majky, 76561198275611052)(<4373.662109, 3.838867, 5976.322266>) requested data for lock!
[12:25:01] Player (Majky, 76561198275611052)(<4380.106445, 2.076707, 5958.709961>) requested data for lock!
[12:25:01] Player (Majky, 76561198275611052)(<4379.876953, 2.008279, 5963.796387>) requested data for lock!
[12:25:01] Player (Majky, 76561198275611052)(<4378.048340, 1.954537, 5968.927246>) requested data for lock!
[12:25:01] Player (Majky, 76561198275611052)(<4373.662109, 3.838867, 5976.322266>) requested data for lock!
[12:25:26] Player (Bflame, 76561198072840834)(<4380.106445, 2.076707, 5958.709961>) requested data for lock!
[12:25:26] Player (Bflame, 76561198072840834)(<4379.876953, 2.008279, 5963.796387>) requested data for lock!
[12:25:27] Player (Bflame, 76561198072840834)(<4373.662109, 3.838867, 5976.322266>) requested data for lock!
[12:25:27] Player (Bflame, 76561198072840834)(<4378.048340, 1.954537, 5968.927246>) requested data for lock!
[12:25:43] Player (Majky, 76561198275611052)(<4380.106445, 2.076707, 5958.709961>) requested data for lock!
[12:25:45] Player (Majky, 76561198275611052)(<4379.876953, 2.008279, 5963.796387>) requested data for lock!
[12:25:45] Player (Majky, 76561198275611052)(<4378.048340, 1.954537, 5968.927246>) requested data for lock!
[12:25:46] Player (Majky, 76561198275611052)(<4373.662109, 3.838867, 5976.322266>) requested data for lock!
[12:26:32] Player (svickova, 76561198310875046)(<3585.483643, 23.219879, 4879.533691>) requested data for lock!
[12:26:33] Player (Majky, 76561198275611052)(<4378.048340, 1.954537, 5968.927246>) requested data for lock!
[12:26:33] Player (Majky, 76561198275611052)(<4373.662109, 3.838867, 5976.322266>) requested data for lock!
[12:26:48] Player (Majky, 76561198275611052)(<4379.876953, 2.008279, 5963.796387>) requested data for lock!
[12:26:48] Player (Majky, 76561198275611052)(<4378.048340, 1.954537, 5968.927246>) requested data for lock!
[12:26:48] Player (Majky, 76561198275611052)(<4373.662109, 3.838867, 5976.322266>) requested data for lock!
[12:27:24] Player (Majky, 76561198275611052)(<2436.508545, 53.178806, 5278.377441>) requested data for lock!
[12:27:24] Player (Majky, 76561198275611052)(<2435.960938, 55.353981, 5288.420898>) requested data for lock!
[12:27:39] Player (svickova, 76561198310875046)(<3276.376465, 34.151474, 4613.831055>) requested data for lock!
[12:27:47] Player (Majky, 76561198275611052)(<4380.106445, 2.076707, 5958.709961>) requested data for lock!
[12:27:48] Player (Majky, 76561198275611052)(<4379.876953, 2.008279, 5963.796387>) requested data for lock!
[12:27:48] Player (Majky, 76561198275611052)(<4378.048340, 1.954537, 5968.927246>) requested data for lock!
[12:27:48] Player (Majky, 76561198275611052)(<4373.662109, 3.838867, 5976.322266>) requested data for lock!
[12:27:49] Player (svickova, 76561198310875046)(<3276.376465, 34.151474, 4613.831055>) requested data for lock!
[12:27:54] Player (svickova, 76561198310875046)(<4489.105957, 1.163242, 3118.035645>) requested data for lock!
[12:28:08] Player (Bflame, 76561198072840834)(<4380.106445, 2.076707, 5958.709961>) requested data for lock!
[12:28:08] Player (Bflame, 76561198072840834)(<4379.876953, 2.008279, 5963.796387>) requested data for lock!
[12:28:08] Player (Bflame, 76561198072840834)(<4378.048340, 1.954537, 5968.927246>) requested data for lock!
[12:28:09] Player (Bflame, 76561198072840834)(<4373.662109, 3.838867, 5976.322266>) requested data for lock!
[12:43:23] Player (Majky, 76561198275611052)(<4380.106445, 2.076707, 5958.709961>) requested data for lock!
[12:43:24] Player (Majky, 76561198275611052)(<4379.876953, 2.008279, 5963.796387>) requested data for lock!
[12:43:24] Player (Majky, 76561198275611052)(<4378.048340, 1.954537, 5968.927246>) requested data for lock!
[12:43:24] Player (Majky, 76561198275611052)(<4373.662109, 3.838867, 5976.322266>) requested data for lock!
[12:43:26] Player (Bflame, 76561198072840834)(<2436.508545, 53.178806, 5278.377441>) requested data for lock!
[12:43:26] Player (Bflame, 76561198072840834)(<2435.960938, 55.353981, 5288.420898>) requested data for lock!
[12:45:52] Player (Majky, 76561198275611052)(<4380.106445, 2.076707, 5958.709961>) requested data for lock!
[12:45:52] Player (Majky, 76561198275611052)(<4379.876953, 2.008279, 5963.796387>) requested data for lock!
[12:45:53] Player (Majky, 76561198275611052)(<4378.048340, 1.954537, 5968.927246>) requested data for lock!
[12:45:53] Player (Majky, 76561198275611052)(<4373.662109, 3.838867, 5976.322266>) requested data for lock!
[07-12-2022][16.02.37] Log file reloaded ( Server Restart )
[16:33:43] Player (Majky, 76561198275611052)(<4378.048340, 1.954537, 5968.927246>) requested data for lock!
[16:33:43] Player (Majky, 76561198275611052)(<4373.662109, 3.838867, 5976.322266>) requested data for lock!
[16:33:43] Player (Majky, 76561198275611052)(<4380.106445, 2.076707, 5958.709961>) requested data for lock!
[16:33:43] Player (Majky, 76561198275611052)(<4379.876953, 2.008279, 5963.796387>) requested data for lock!
[16:33:43] Player (Majky, 76561198275611052)(<3276.376465, 34.151474, 4613.831055>) requested data for lock!
[16:33:43] Player (Majky, 76561198275611052)(<3585.483643, 23.219879, 4879.533691>) requested data for lock!
[16:33:43] Player (Majky, 76561198275611052)(<3474.218506, 6.642277, 5363.240723>) requested data for lock!
[16:33:43] Player (Majky, 76561198275611052)(<3468.044189, 4.259703, 5369.500977>) requested data for lock!
[16:33:43] Player (Majky, 76561198275611052)(<3460.936523, 4.847070, 5356.074219>) requested data for lock!
[16:33:43] Player (Majky, 76561198275611052)(<3411.108643, 12.659751, 5048.064941>) requested data for lock!
[16:33:43] Player (Majky, 76561198275611052)(<3421.042480, 15.097157, 5042.374512>) requested data for lock!
[16:48:01] Player (Majky, 76561198275611052)(<4489.105957, 1.163242, 3118.035645>) requested data for lock!
[16:48:02] Player (Majky, 76561198275611052)(<4450.335449, 6.887537, 3090.050293>) requested data for lock!
[16:48:15] Player (Majky, 76561198275611052)(<5703.666016, 4.296862, 3579.834473>) requested data for lock!
[16:48:15] Player (Majky, 76561198275611052)(<5704.501465, 4.296862, 3574.349854>) requested data for lock!
[16:50:25] Player (Majky, 76561198275611052)(<5704.501465, 4.296862, 3574.349854>) requested data for lock!
[16:50:26] Player (Majky, 76561198275611052)(<5703.666016, 4.296862, 3579.834473>) requested data for lock!
[17:14:11] Player (Majky, 76561198275611052)(<5704.501465, 4.296862, 3574.349854>) requested data for lock!
[17:14:11] Player (Majky, 76561198275611052)(<5703.666016, 4.296862, 3579.834473>) requested data for lock!
[17:14:40] Player (Majky, 76561198275611052)(<4489.105957, 1.163242, 3118.035645>) requested data for lock!
[17:14:41] Player (Majky, 76561198275611052)(<4450.335449, 6.887537, 3090.050293>) requested data for lock!
[17:15:47] Player (Majky, 76561198275611052)(<3585.483643, 23.219879, 4879.533691>) requested data for lock!
[17:15:58] Player (Majky, 76561198275611052)(<3421.042480, 15.097157, 5042.374512>) requested data for lock!
[17:15:59] Player (Majky, 76561198275611052)(<3411.108643, 12.659751, 5048.064941>) requested data for lock!
[17:16:04] Player (Majky, 76561198275611052)(<3474.218506, 6.642277, 5363.240723>) requested data for lock!
[17:16:05] Player (Majky, 76561198275611052)(<3460.936523, 4.847070, 5356.074219>) requested data for lock!
[17:16:05] Player (Majky, 76561198275611052)(<3468.044189, 4.259703, 5369.500977>) requested data for lock!
[17:16:15] Player (Majky, 76561198275611052)(<4380.106445, 2.076707, 5958.709961>) requested data for lock!
[17:16:15] Player (Majky, 76561198275611052)(<4379.876953, 2.008279, 5963.796387>) requested data for lock!
[17:16:16] Player (Majky, 76561198275611052)(<4378.048340, 1.954537, 5968.927246>) requested data for lock!
[17:16:16] Player (Majky, 76561198275611052)(<4373.662109, 3.838867, 5976.322266>) requested data for lock!
[17:16:18] Player (Majky, 76561198275611052)(<3276.376465, 34.151474, 4613.831055>) requested data for lock!
[17:20:55] Player (Majky, 76561198275611052)(<2436.508545, 53.178806, 5278.377441>) requested data for lock!
[17:20:55] Player (Majky, 76561198275611052)(<2435.960938, 55.353981, 5288.420898>) requested data for lock!
[17:29:46] Player (Majky, 76561198275611052)(<2435.960938, 55.353981, 5288.420898>) requested data for lock!
[17:29:47] Player (Majky, 76561198275611052)(<2436.508545, 53.178806, 5278.377441>) requested data for lock!
[17:34:16] Player (Majky, 76561198275611052)(<3468.044189, 4.259703, 5369.500977>) requested data for lock!
[17:34:16] Player (Majky, 76561198275611052)(<3460.936523, 4.847070, 5356.074219>) requested data for lock!
[17:34:30] Player (Majky, 76561198275611052)(<3411.108643, 12.659751, 5048.064941>) requested data for lock!
[17:34:31] Player (Majky, 76561198275611052)(<3421.042480, 15.097157, 5042.374512>) requested data for lock!
[17:34:31] Player (Majky, 76561198275611052)(<3474.218506, 6.642277, 5363.240723>) requested data for lock!
[17:34:39] Player (Majky, 76561198275611052)(<3276.376465, 34.151474, 4613.831055>) requested data for lock!
[17:34:41] Player (Majky, 76561198275611052)(<3585.483643, 23.219879, 4879.533691>) requested data for lock!
[17:35:49] Player (Majky, 76561198275611052)(<4380.106445, 2.076707, 5958.709961>) requested data for lock!
[17:35:49] Player (Majky, 76561198275611052)(<4379.876953, 2.008279, 5963.796387>) requested data for lock!
[17:35:50] Player (Majky, 76561198275611052)(<4378.048340, 1.954537, 5968.927246>) requested data for lock!
[17:35:50] Player (Majky, 76561198275611052)(<4373.662109, 3.838867, 5976.322266>) requested data for lock!
[19:05:19] Player (Majky, 76561198275611052)(<3276.376465, 34.151474, 4613.831055>) requested data for lock!
[19:05:19] Player (Majky, 76561198275611052)(<3585.483643, 23.219879, 4879.533691>) requested data for lock!
[19:05:19] Player (Majky, 76561198275611052)(<3474.218506, 6.642277, 5363.240723>) requested data for lock!
[19:05:19] Player (Majky, 76561198275611052)(<3468.044189, 4.259703, 5369.500977>) requested data for lock!
[19:05:19] Player (Majky, 76561198275611052)(<3460.936523, 4.847070, 5356.074219>) requested data for lock!
[19:05:19] Player (Majky, 76561198275611052)(<3411.108643, 12.659751, 5048.064941>) requested data for lock!
[19:05:19] Player (Majky, 76561198275611052)(<3421.042480, 15.097157, 5042.374512>) requested data for lock!
[19:05:19] Player (Majky, 76561198275611052)(<4378.048340, 1.954537, 5968.927246>) requested data for lock!
[19:05:19] Player (Majky, 76561198275611052)(<4373.662109, 3.838867, 5976.322266>) requested data for lock!
[19:05:19] Player (Majky, 76561198275611052)(<4380.106445, 2.076707, 5958.709961>) requested data for lock!
[19:05:19] Player (Majky, 76561198275611052)(<4379.876953, 2.008279, 5963.796387>) requested data for lock!
[19:08:01] Player (Majky, 76561198275611052)(<2436.508545, 53.178806, 5278.377441>) requested data for lock!
[19:08:01] Player (Majky, 76561198275611052)(<2435.960938, 55.353981, 5288.420898>) requested data for lock!
[19:09:11] Player (Majky, 76561198275611052)(<4380.106445, 2.076707, 5958.709961>) requested data for lock!
[19:09:12] Player (Majky, 76561198275611052)(<4379.876953, 2.008279, 5963.796387>) requested data for lock!
[19:09:13] Player (Majky, 76561198275611052)(<4378.048340, 1.954537, 5968.927246>) requested data for lock!
[19:09:13] Player (Majky, 76561198275611052)(<4373.662109, 3.838867, 5976.322266>) requested data for lock!
[19:11:22] Player (Majky, 76561198275611052)(<4380.106445, 2.076707, 5958.709961>) requested data for lock!
[19:11:23] Player (Majky, 76561198275611052)(<4379.876953, 2.008279, 5963.796387>) requested data for lock!
[19:11:23] Player (Majky, 76561198275611052)(<4378.048340, 1.954537, 5968.927246>) requested data for lock!
[19:11:24] Player (Majky, 76561198275611052)(<4373.662109, 3.838867, 5976.322266>) requested data for lock!
[19:11:41] Player (Majky, 76561198275611052)(<2436.508545, 53.178806, 5278.377441>) requested data for lock!
[19:11:41] Player (Majky, 76561198275611052)(<2435.960938, 55.353981, 5288.420898>) requested data for lock!
[19:12:07] Player (Majky, 76561198275611052)(<4380.106445, 2.076707, 5958.709961>) requested data for lock!
[19:12:08] Player (Majky, 76561198275611052)(<4379.876953, 2.008279, 5963.796387>) requested data for lock!
[19:12:08] Player (Majky, 76561198275611052)(<4378.048340, 1.954537, 5968.927246>) requested data for lock!
[19:12:08] Player (Majky, 76561198275611052)(<4373.662109, 3.838867, 5976.322266>) requested data for lock!
[19:14:37] Player (Majky, 76561198275611052)(<4489.105957, 1.163242, 3118.035645>) requested data for lock!
[19:14:38] Player (Majky, 76561198275611052)(<4450.335449, 6.887537, 3090.050293>) requested data for lock!
[19:14:39] Player (Majky, 76561198275611052)(<5703.666016, 4.296862, 3579.834473>) requested data for lock!
[19:14:39] Player (Majky, 76561198275611052)(<5704.501465, 4.296862, 3574.349854>) requested data for lock!
[19:56:32] Player (MADness, 76561198968762750)(<4450.335449, 6.887537, 3090.050293>) requested data for lock!
[19:56:32] Player (MADness, 76561198968762750)(<4489.105957, 1.163242, 3118.035645>) requested data for lock!
[07-12-2022][20.02.34] Log file reloaded ( Server Restart )
[20:49:35] Player (Rikinoo, 76561198016672415)(<7775.624023, 4.453664, 789.218628>) requested data for lock!
[20:49:35] Player (Rikinoo, 76561198016672415)(<7775.609863, 4.453664, 789.851563>) requested data for lock!
[20:49:35] Player (Rikinoo, 76561198016672415)(<7784.830566, 4.453664, 786.340027>) requested data for lock!
[20:56:10] Player (Majky, 76561198275611052)(<5704.501465, 4.296862, 3574.349854>) requested data for lock!
[20:56:11] Player (Majky, 76561198275611052)(<5703.666016, 4.296862, 3579.834473>) requested data for lock!
[20:56:36] Player (Majky, 76561198275611052)(<4489.105957, 1.163242, 3118.035645>) requested data for lock!
[20:56:37] Player (Majky, 76561198275611052)(<4450.335449, 6.887537, 3090.050293>) requested data for lock!
[20:57:53] Player (Majky, 76561198275611052)(<3585.483643, 23.219879, 4879.533691>) requested data for lock!
[20:58:40] Player (Majky, 76561198275611052)(<3276.376465, 34.151474, 4613.831055>) requested data for lock!
[21:05:09] Player (Majky, 76561198275611052)(<3585.483643, 23.219879, 4879.533691>) requested data for lock!
[21:05:27] Player (Majky, 76561198275611052)(<3421.042480, 15.097157, 5042.374512>) requested data for lock!
[21:05:28] Player (Majky, 76561198275611052)(<3411.108643, 12.659751, 5048.064941>) requested data for lock!
[21:05:35] Player (Majky, 76561198275611052)(<3474.218506, 6.642277, 5363.240723>) requested data for lock!
[21:05:35] Player (Majky, 76561198275611052)(<3460.936523, 4.847070, 5356.074219>) requested data for lock!
[21:05:36] Player (Majky, 76561198275611052)(<3468.044189, 4.259703, 5369.500977>) requested data for lock!
[21:05:46] Player (Majky, 76561198275611052)(<4380.106445, 2.076707, 5958.709961>) requested data for lock!
[21:05:46] Player (Majky, 76561198275611052)(<4379.876953, 2.008279, 5963.796387>) requested data for lock!
[21:05:47] Player (Majky, 76561198275611052)(<4378.048340, 1.954537, 5968.927246>) requested data for lock!
[21:05:47] Player (Majky, 76561198275611052)(<4373.662109, 3.838867, 5976.322266>) requested data for lock!
[21:05:49] Player (Majky, 76561198275611052)(<3276.376465, 34.151474, 4613.831055>) requested data for lock!
[21:06:06] Player (Majky, 76561198275611052)(<3276.376465, 34.151474, 4613.831055>) requested data for lock!
[21:26:42] Player (Majky, 76561198275611052)(<2436.508545, 53.178806, 5278.377441>) requested data for lock!
[21:26:43] Player (Majky, 76561198275611052)(<2435.960938, 55.353981, 5288.420898>) requested data for lock!
[21:28:06] Player (Majky, 76561198275611052)(<4380.106445, 2.076707, 5958.709961>) requested data for lock!
[21:28:07] Player (Majky, 76561198275611052)(<4379.876953, 2.008279, 5963.796387>) requested data for lock!
[21:28:07] Player (Majky, 76561198275611052)(<4378.048340, 1.954537, 5968.927246>) requested data for lock!
[21:28:07] Player (Majky, 76561198275611052)(<4373.662109, 3.838867, 5976.322266>) requested data for lock!
[21:31:52] Player (Majky, 76561198275611052)(<3468.044189, 4.259703, 5369.500977>) requested data for lock!
[21:31:53] Player (Majky, 76561198275611052)(<3460.936523, 4.847070, 5356.074219>) requested data for lock!
[21:31:53] Player (Majky, 76561198275611052)(<3474.218506, 6.642277, 5363.240723>) requested data for lock!
[21:37:31] Player (Majky, 76561198275611052)(<3468.044189, 4.259703, 5369.500977>) requested data for lock!
[21:37:32] Player (Majky, 76561198275611052)(<3460.936523, 4.847070, 5356.074219>) requested data for lock!
[21:37:39] Player (Majky, 76561198275611052)(<3474.218506, 6.642277, 5363.240723>) requested data for lock!
[21:38:43] Player (Majky, 76561198275611052)(<3468.044189, 4.259703, 5369.500977>) requested data for lock!
[21:38:44] Player (Majky, 76561198275611052)(<3460.936523, 4.847070, 5356.074219>) requested data for lock!
[21:38:50] Player (Majky, 76561198275611052)(<3468.044189, 4.259703, 5369.500977>) requested data for lock!
[21:38:54] Player (Majky, 76561198275611052)(<3460.936523, 4.847070, 5356.074219>) requested data for lock!
[21:39:09] Player (Majky, 76561198275611052)(<3460.936523, 4.847070, 5356.074219>) requested data for lock!
[21:39:11] Player (Majky, 76561198275611052)(<3474.218506, 6.642277, 5363.240723>) requested data for lock!
[21:39:29] Player (Majky, 76561198275611052)(<3474.218506, 6.642277, 5363.240723>) requested data for lock!
[21:39:58] Player (Majky, 76561198275611052)(<3468.044189, 4.259703, 5369.500977>) requested data for lock!
[21:39:58] Player (Majky, 76561198275611052)(<3460.936523, 4.847070, 5356.074219>) requested data for lock!
[21:39:59] Player (Majky, 76561198275611052)(<3474.218506, 6.642277, 5363.240723>) requested data for lock!
[21:40:54] Player (Majky, 76561198275611052)(<3411.108643, 12.659751, 5048.064941>) requested data for lock!
[21:40:55] Player (Majky, 76561198275611052)(<3411.108643, 12.659751, 5048.064941>) requested data for lock!
[21:41:25] Player (Majky, 76561198275611052)(<3411.108643, 12.659751, 5048.064941>) requested data for lock!
[21:41:28] Player (Majky, 76561198275611052)(<3421.042480, 15.097157, 5042.374512>) requested data for lock!
[21:43:14] Player (Majky, 76561198275611052)(<3411.108643, 12.659751, 5048.064941>) requested data for lock!
[21:43:15] Player (Majky, 76561198275611052)(<3421.042480, 15.097157, 5042.374512>) requested data for lock!
[21:43:37] Player (Majky, 76561198275611052)(<3585.483643, 23.219879, 4879.533691>) requested data for lock!
[21:43:39] Player (Majky, 76561198275611052)(<3276.376465, 34.151474, 4613.831055>) requested data for lock!
[21:45:40] Player (Majky, 76561198275611052)(<4380.106445, 2.076707, 5958.709961>) requested data for lock!
[21:45:41] Player (Majky, 76561198275611052)(<4379.876953, 2.008279, 5963.796387>) requested data for lock!
[21:45:41] Player (Majky, 76561198275611052)(<4378.048340, 1.954537, 5968.927246>) requested data for lock!
[21:45:42] Player (Majky, 76561198275611052)(<4373.662109, 3.838867, 5976.322266>) requested data for lock!
[21:46:04] Player (Majky, 76561198275611052)(<4378.048340, 1.954537, 5968.927246>) requested data for lock!
[21:46:04] Player (Majky, 76561198275611052)(<4373.662109, 3.838867, 5976.322266>) requested data for lock!
[21:52:36] Player (Majky, 76561198275611052)(<4379.876953, 2.008279, 5963.796387>) requested data for lock!
[21:52:36] Player (Majky, 76561198275611052)(<4378.048340, 1.954537, 5968.927246>) requested data for lock!
[21:52:36] Player (Majky, 76561198275611052)(<4373.662109, 3.838867, 5976.322266>) requested data for lock!
[21:54:05] Player (Majky, 76561198275611052)(<4380.106445, 2.076707, 5958.709961>) requested data for lock!
[21:54:05] Player (Majky, 76561198275611052)(<4379.876953, 2.008279, 5963.796387>) requested data for lock!
[21:54:06] Player (Majky, 76561198275611052)(<4378.048340, 1.954537, 5968.927246>) requested data for lock!
[21:54:06] Player (Majky, 76561198275611052)(<4373.662109, 3.838867, 5976.322266>) requested data for lock!
[22:26:31] Player (martyCZ, 76561198873247465)(<3585.483643, 23.219879, 4879.533691>) requested data for lock!
[22:26:31] Player (martyCZ, 76561198873247465)(<3474.218506, 6.642277, 5363.240723>) requested data for lock!
[22:26:31] Player (martyCZ, 76561198873247465)(<3460.936523, 4.847070, 5356.074219>) requested data for lock!
[22:26:31] Player (martyCZ, 76561198873247465)(<3468.044189, 4.259703, 5369.500977>) requested data for lock!
[22:26:31] Player (martyCZ, 76561198873247465)(<2436.508545, 53.178806, 5278.377441>) requested data for lock!
[22:26:31] Player (martyCZ, 76561198873247465)(<2435.960938, 55.353981, 5288.420898>) requested data for lock!
[22:26:31] Player (martyCZ, 76561198873247465)(<3411.108643, 12.659751, 5048.064941>) requested data for lock!
[22:26:31] Player (martyCZ, 76561198873247465)(<3421.042480, 15.097157, 5042.374512>) requested data for lock!
[22:26:31] Player (martyCZ, 76561198873247465)(<3276.376465, 34.151474, 4613.831055>) requested data for lock!
[22:34:22] Player (martyCZ, 76561198873247465)(<2435.960938, 55.353981, 5288.420898>) requested data for lock!
[22:38:54] Player (martyCZ, 76561198873247465)(<2436.508545, 53.178806, 5278.377441>) requested data for lock!
[22:38:56] Player (martyCZ, 76561198873247465)(<2435.960938, 55.353981, 5288.420898>) requested data for lock!
[22:59:22] Player (martyCZ, 76561198873247465)(<4489.105957, 1.163242, 3118.035645>) requested data for lock!
[23:16:23] Player (martyCZ, 76561198873247465)(<3421.042480, 15.097157, 5042.374512>) requested data for lock!
[23:16:24] Player (martyCZ, 76561198873247465)(<3411.108643, 12.659751, 5048.064941>) requested data for lock!
[23:16:37] Player (martyCZ, 76561198873247465)(<3460.936523, 4.847070, 5356.074219>) requested data for lock!
[23:16:37] Player (martyCZ, 76561198873247465)(<3474.218506, 6.642277, 5363.240723>) requested data for lock!
[23:16:38] Player (martyCZ, 76561198873247465)(<3468.044189, 4.259703, 5369.500977>) requested data for lock!
[23:17:30] Player (martyCZ, 76561198873247465)(<4380.106445, 2.076707, 5958.709961>) requested data for lock!
[23:17:31] Player (martyCZ, 76561198873247465)(<4379.876953, 2.008279, 5963.796387>) requested data for lock!
[23:17:31] Player (martyCZ, 76561198873247465)(<4378.048340, 1.954537, 5968.927246>) requested data for lock!
[23:17:32] Player (martyCZ, 76561198873247465)(<4373.662109, 3.838867, 5976.322266>) requested data for lock!
[23:25:39] Player (martyCZ, 76561198873247465)(<3474.218506, 6.642277, 5363.240723>) requested data for lock!
[23:25:40] Player (martyCZ, 76561198873247465)(<3468.044189, 4.259703, 5369.500977>) requested data for lock!
[23:25:41] Player (martyCZ, 76561198873247465)(<3460.936523, 4.847070, 5356.074219>) requested data for lock!
[23:25:47] Player (martyCZ, 76561198873247465)(<3421.042480, 15.097157, 5042.374512>) requested data for lock!
[23:25:49] Player (martyCZ, 76561198873247465)(<3411.108643, 12.659751, 5048.064941>) requested data for lock!
[23:26:33] Player (martyCZ, 76561198873247465)(<3276.376465, 34.151474, 4613.831055>) requested data for lock!
[23:26:56] Player (Majky, 76561198275611052)(<3585.483643, 23.219879, 4879.533691>) requested data for lock!
[23:26:56] Player (Majky, 76561198275611052)(<3474.218506, 6.642277, 5363.240723>) requested data for lock!
[23:26:56] Player (Majky, 76561198275611052)(<3460.936523, 4.847070, 5356.074219>) requested data for lock!
[23:26:56] Player (Majky, 76561198275611052)(<3468.044189, 4.259703, 5369.500977>) requested data for lock!
[23:26:56] Player (Majky, 76561198275611052)(<3411.108643, 12.659751, 5048.064941>) requested data for lock!
[23:26:56] Player (Majky, 76561198275611052)(<3421.042480, 15.097157, 5042.374512>) requested data for lock!
[23:26:56] Player (Majky, 76561198275611052)(<3276.376465, 34.151474, 4613.831055>) requested data for lock!
[23:26:56] Player (Majky, 76561198275611052)(<4380.106445, 2.076707, 5958.709961>) requested data for lock!
[23:26:56] Player (Majky, 76561198275611052)(<4373.662109, 3.838867, 5976.322266>) requested data for lock!
[23:26:56] Player (Majky, 76561198275611052)(<4378.048340, 1.954537, 5968.927246>) requested data for lock!
[23:26:56] Player (Majky, 76561198275611052)(<4379.876953, 2.008279, 5963.796387>) requested data for lock!
[23:28:27] Player (Majky, 76561198275611052)(<2436.508545, 53.178806, 5278.377441>) requested data for lock!
[23:28:27] Player (Majky, 76561198275611052)(<2435.960938, 55.353981, 5288.420898>) requested data for lock!
[23:30:03] Player (Majky, 76561198275611052)(<4489.105957, 1.163242, 3118.035645>) requested data for lock!
[23:30:05] Player (Majky, 76561198275611052)(<4450.335449, 6.887537, 3090.050293>) requested data for lock!
[23:33:57] Player (Majky, 76561198275611052)(<4964.083008, 5.118455, 1414.849365>) requested data for lock!
[23:33:57] Player (Majky, 76561198275611052)(<4961.266602, 5.789789, 1410.613037>) requested data for lock!
[23:34:12] Player (Majky, 76561198275611052)(<4964.083008, 5.118455, 1414.849365>) requested data for lock!
[23:34:12] Player (Majky, 76561198275611052)(<4961.266602, 5.789789, 1410.613037>) requested data for lock!
[23:38:55] Player (Majky, 76561198275611052)(<4450.335449, 6.887537, 3090.050293>) requested data for lock!
[23:38:56] Player (Majky, 76561198275611052)(<4489.105957, 1.163242, 3118.035645>) requested data for lock!
[23:41:19] Player (Majky, 76561198275611052)(<4489.105957, 1.163242, 3118.035645>) requested data for lock!
[23:41:21] Player (Majky, 76561198275611052)(<4450.335449, 6.887537, 3090.050293>) requested data for lock!
[23:43:09] Player (Majky, 76561198275611052)(<3585.483643, 23.219879, 4879.533691>) requested data for lock!
[23:43:15] Player (Majky, 76561198275611052)(<3276.376465, 34.151474, 4613.831055>) requested data for lock!
