[07-17-2022][00.02.40] New Synch Log File Created!
[01:04:15] Player (Majky, 76561198275611052)(<3474.218506, 6.642277, 5363.240723>) requested data for lock!
[01:04:15] Player (Majky, 76561198275611052)(<3468.044189, 4.259703, 5369.500977>) requested data for lock!
[01:04:15] Player (Majky, 76561198275611052)(<3460.936523, 4.847070, 5356.074219>) requested data for lock!
[01:04:15] Player (Majky, 76561198275611052)(<4373.662109, 3.838867, 5976.322266>) requested data for lock!
[01:04:15] Player (Majky, 76561198275611052)(<4380.106445, 2.076707, 5958.709961>) requested data for lock!
[01:04:15] Player (Majky, 76561198275611052)(<4378.048340, 1.954537, 5968.927246>) requested data for lock!
[01:04:15] Player (Majky, 76561198275611052)(<4379.876953, 2.008279, 5963.796387>) requested data for lock!
[01:04:15] Player (Majky, 76561198275611052)(<3585.483643, 23.219879, 4879.533691>) requested data for lock!
[01:04:15] Player (Majky, 76561198275611052)(<3411.108643, 12.659751, 5048.064941>) requested data for lock!
[01:04:15] Player (Majky, 76561198275611052)(<3421.042480, 15.097157, 5042.374512>) requested data for lock!
[01:04:15] Player (Majky, 76561198275611052)(<3276.376465, 34.151474, 4613.831055>) requested data for lock!
[01:07:48] Player (Majky, 76561198275611052)(<2436.508545, 53.178806, 5278.377441>) requested data for lock!
[01:07:48] Player (Majky, 76561198275611052)(<2435.960938, 55.353981, 5288.420898>) requested data for lock!
[07-17-2022][04.02.29] Log file reloaded ( Server Restart )
[07-17-2022][08.02.34] Log file reloaded ( Server Restart )
[08:46:09] Player (Kocur69, 76561198295570264)(<2435.960938, 55.353981, 5288.420898>) requested data for lock!
[08:46:09] Player (Kocur69, 76561198295570264)(<2436.508545, 53.178806, 5278.377441>) requested data for lock!
[08:57:22] Player (Kocur69, 76561198295570264)(<2435.960938, 55.353981, 5288.420898>) requested data for lock!
[08:57:22] Player (Kocur69, 76561198295570264)(<2436.508545, 53.178806, 5278.377441>) requested data for lock!
[09:03:41] Player (Kocur69, 76561198295570264)(<3276.376465, 34.151474, 4613.831055>) requested data for lock!
[09:03:55] Player (Kocur69, 76561198295570264)(<3411.108643, 12.659751, 5048.064941>) requested data for lock!
[09:03:56] Player (Kocur69, 76561198295570264)(<3421.042480, 15.097157, 5042.374512>) requested data for lock!
[09:04:11] Player (Kocur69, 76561198295570264)(<3460.936523, 4.847070, 5356.074219>) requested data for lock!
[09:04:11] Player (Kocur69, 76561198295570264)(<3585.483643, 23.219879, 4879.533691>) requested data for lock!
[09:04:13] Player (Kocur69, 76561198295570264)(<3468.044189, 4.259703, 5369.500977>) requested data for lock!
[09:04:13] Player (Kocur69, 76561198295570264)(<3474.218506, 6.642277, 5363.240723>) requested data for lock!
[09:08:19] Player (Kocur69, 76561198295570264)(<3276.376465, 34.151474, 4613.831055>) requested data for lock!
[09:18:16] Player (Kocur69, 76561198295570264)(<4489.105957, 1.163242, 3118.035645>) requested data for lock!
[09:18:19] Player (Kocur69, 76561198295570264)(<4450.335449, 6.887537, 3090.050293>) requested data for lock!
[09:18:26] Player (Kocur69, 76561198295570264)(<5703.666016, 4.296862, 3579.834473>) requested data for lock!
[09:18:26] Player (Kocur69, 76561198295570264)(<5704.501465, 4.296862, 3574.349854>) requested data for lock!
[09:25:40] Player (Kocur69, 76561198295570264)(<9182.925781, 10.936702, 5760.838867>) requested data for lock!
[09:30:10] Player (Majky, 76561198275611052)(<2435.960938, 55.353981, 5288.420898>) requested data for lock!
[09:30:10] Player (Majky, 76561198275611052)(<2436.508545, 53.178806, 5278.377441>) requested data for lock!
[09:30:10] Player (Majky, 76561198275611052)(<3468.044189, 4.259703, 5369.500977>) requested data for lock!
[09:30:10] Player (Majky, 76561198275611052)(<3474.218506, 6.642277, 5363.240723>) requested data for lock!
[09:30:10] Player (Majky, 76561198275611052)(<3460.936523, 4.847070, 5356.074219>) requested data for lock!
[10:15:46] Player (Merky, 76561198000354300)(<3276.376465, 34.151474, 4613.831055>) requested data for lock!
[10:15:46] Player (Merky, 76561198000354300)(<3585.483643, 23.219879, 4879.533691>) requested data for lock!
[10:15:46] Player (Merky, 76561198000354300)(<3411.108643, 12.659751, 5048.064941>) requested data for lock!
[10:15:46] Player (Merky, 76561198000354300)(<3421.042480, 15.097157, 5042.374512>) requested data for lock!
[10:15:51] Player (Bflame, 76561198072840834)(<3276.376465, 34.151474, 4613.831055>) requested data for lock!
[10:15:51] Player (Bflame, 76561198072840834)(<3585.483643, 23.219879, 4879.533691>) requested data for lock!
[10:25:11] Player (Merky, 76561198000354300)(<4489.105957, 1.163242, 3118.035645>) requested data for lock!
[10:34:45] Player (Merky, 76561198000354300)(<4450.335449, 6.887537, 3090.050293>) requested data for lock!
[10:34:57] Player (Bflame, 76561198072840834)(<4489.105957, 1.163242, 3118.035645>) requested data for lock!
[10:34:59] Player (Bflame, 76561198072840834)(<4450.335449, 6.887537, 3090.050293>) requested data for lock!
[10:36:49] Player (Bflame, 76561198072840834)(<4964.083008, 5.118455, 1414.849365>) requested data for lock!
[10:36:49] Player (Bflame, 76561198072840834)(<4961.266602, 5.789789, 1410.613037>) requested data for lock!
[10:40:25] Player (Merky, 76561198000354300)(<4964.083008, 5.118455, 1414.849365>) requested data for lock!
[10:40:26] Player (Merky, 76561198000354300)(<4961.266602, 5.789789, 1410.613037>) requested data for lock!
[11:23:08] Player (Maltrix CZE, 76561198188251693)(<3276.376465, 34.151474, 4613.831055>) requested data for lock!
[11:23:16] Player (Maltrix CZE, 76561198188251693)(<3585.483643, 23.219879, 4879.533691>) requested data for lock!
[11:23:30] Player (Maltrix CZE, 76561198188251693)(<4450.335449, 6.887537, 3090.050293>) requested data for lock!
[11:23:30] Player (Maltrix CZE, 76561198188251693)(<4489.105957, 1.163242, 3118.035645>) requested data for lock!
[11:23:54] Player (Maltrix CZE, 76561198188251693)(<5703.666016, 4.296862, 3579.834473>) requested data for lock!
[11:23:54] Player (Maltrix CZE, 76561198188251693)(<5704.501465, 4.296862, 3574.349854>) requested data for lock!
[11:31:29] Player (Merky, 76561198000354300)(<4961.266602, 5.789789, 1410.613037>) requested data for lock!
[11:31:29] Player (Merky, 76561198000354300)(<4964.083008, 5.118455, 1414.849365>) requested data for lock!
[11:31:29] Player (Merky, 76561198000354300)(<4489.105957, 1.163242, 3118.035645>) requested data for lock!
[11:31:29] Player (Merky, 76561198000354300)(<4450.335449, 6.887537, 3090.050293>) requested data for lock!
[11:41:17] Player (Bflame, 76561198072840834)(<4961.266602, 5.789789, 1410.613037>) requested data for lock!
[11:41:17] Player (Bflame, 76561198072840834)(<4964.083008, 5.118455, 1414.849365>) requested data for lock!
[11:41:17] Player (Bflame, 76561198072840834)(<4489.105957, 1.163242, 3118.035645>) requested data for lock!
[11:41:17] Player (Bflame, 76561198072840834)(<4450.335449, 6.887537, 3090.050293>) requested data for lock!
[11:43:59] Player (Bflame, 76561198072840834)(<3276.376465, 34.151474, 4613.831055>) requested data for lock!
[11:44:08] Player (Bflame, 76561198072840834)(<3585.483643, 23.219879, 4879.533691>) requested data for lock!
[11:44:13] Player (Bflame, 76561198072840834)(<3421.042480, 15.097157, 5042.374512>) requested data for lock!
[11:44:13] Player (Bflame, 76561198072840834)(<3411.108643, 12.659751, 5048.064941>) requested data for lock!
[11:44:22] Player (Bflame, 76561198072840834)(<3460.936523, 4.847070, 5356.074219>) requested data for lock!
[11:44:23] Player (Bflame, 76561198072840834)(<3474.218506, 6.642277, 5363.240723>) requested data for lock!
[11:44:23] Player (Bflame, 76561198072840834)(<3468.044189, 4.259703, 5369.500977>) requested data for lock!
[11:44:48] Player (Bflame, 76561198072840834)(<2436.508545, 53.178806, 5278.377441>) requested data for lock!
[11:44:48] Player (Bflame, 76561198072840834)(<2435.960938, 55.353981, 5288.420898>) requested data for lock!
[07-17-2022][12.02.37] Log file reloaded ( Server Restart )
[12:11:50] Player (Bflame, 76561198072840834)(<3276.376465, 34.151474, 4613.831055>) requested data for lock!
[12:11:50] Player (Bflame, 76561198072840834)(<3585.483643, 23.219879, 4879.533691>) requested data for lock!
[12:11:50] Player (Bflame, 76561198072840834)(<3421.042480, 15.097157, 5042.374512>) requested data for lock!
[12:11:50] Player (Bflame, 76561198072840834)(<3411.108643, 12.659751, 5048.064941>) requested data for lock!
[12:11:50] Player (Bflame, 76561198072840834)(<3468.044189, 4.259703, 5369.500977>) requested data for lock!
[12:11:50] Player (Bflame, 76561198072840834)(<3474.218506, 6.642277, 5363.240723>) requested data for lock!
[12:11:50] Player (Bflame, 76561198072840834)(<3460.936523, 4.847070, 5356.074219>) requested data for lock!
[12:13:01] Player (Merky, 76561198000354300)(<4961.266602, 5.789789, 1410.613037>) requested data for lock!
[12:13:01] Player (Merky, 76561198000354300)(<4964.083008, 5.118455, 1414.849365>) requested data for lock!
[12:13:02] Player (Bflame, 76561198072840834)(<2436.508545, 53.178806, 5278.377441>) requested data for lock!
[12:13:02] Player (Bflame, 76561198072840834)(<2435.960938, 55.353981, 5288.420898>) requested data for lock!
[12:19:07] Player (Casper, 76561198216502636)(<2435.960938, 55.353981, 5288.420898>) requested data for lock!
[12:19:07] Player (Casper, 76561198216502636)(<2436.508545, 53.178806, 5278.377441>) requested data for lock!
[12:19:24] Player (Bflame, 76561198072840834)(<2436.508545, 53.178806, 5278.377441>) requested data for lock!
[12:19:26] Player (Bflame, 76561198072840834)(<2435.960938, 55.353981, 5288.420898>) requested data for lock!
[12:30:34] Player (Bflame, 76561198072840834)(<3474.218506, 6.642277, 5363.240723>) requested data for lock!
[12:30:42] Player (Bflame, 76561198072840834)(<3460.936523, 4.847070, 5356.074219>) requested data for lock!
[12:30:43] Player (Bflame, 76561198072840834)(<3474.218506, 6.642277, 5363.240723>) requested data for lock!
[12:31:12] Player (Bflame, 76561198072840834)(<3468.044189, 4.259703, 5369.500977>) requested data for lock!
[12:31:12] Player (Bflame, 76561198072840834)(<3460.936523, 4.847070, 5356.074219>) requested data for lock!
[12:31:14] Player (Bflame, 76561198072840834)(<3474.218506, 6.642277, 5363.240723>) requested data for lock!
[12:32:09] Player (Bflame, 76561198072840834)(<3468.044189, 4.259703, 5369.500977>) requested data for lock!
[12:32:10] Player (Bflame, 76561198072840834)(<3460.936523, 4.847070, 5356.074219>) requested data for lock!
[12:32:18] Player (Bflame, 76561198072840834)(<3460.936523, 4.847070, 5356.074219>) requested data for lock!
[12:32:47] Player (Bflame, 76561198072840834)(<3468.044189, 4.259703, 5369.500977>) requested data for lock!
[12:32:57] Player (Bflame, 76561198072840834)(<3468.044189, 4.259703, 5369.500977>) requested data for lock!
[12:32:58] Player (Bflame, 76561198072840834)(<3460.936523, 4.847070, 5356.074219>) requested data for lock!
[12:33:02] Player (Bflame, 76561198072840834)(<3460.936523, 4.847070, 5356.074219>) requested data for lock!
[12:33:21] Player (Merky, 76561198000354300)(<4961.266602, 5.789789, 1410.613037>) requested data for lock!
[12:33:21] Player (Merky, 76561198000354300)(<4964.083008, 5.118455, 1414.849365>) requested data for lock!
[12:33:22] Player (Bflame, 76561198072840834)(<3468.044189, 4.259703, 5369.500977>) requested data for lock!
[12:33:23] Player (Bflame, 76561198072840834)(<3460.936523, 4.847070, 5356.074219>) requested data for lock!
[12:33:25] Player (Bflame, 76561198072840834)(<3474.218506, 6.642277, 5363.240723>) requested data for lock!
[12:33:45] Player (Bflame, 76561198072840834)(<3468.044189, 4.259703, 5369.500977>) requested data for lock!
[12:35:19] Player (Casper, 76561198216502636)(<3276.376465, 34.151474, 4613.831055>) requested data for lock!
[12:35:44] Player (Casper, 76561198216502636)(<3411.108643, 12.659751, 5048.064941>) requested data for lock!
[12:35:45] Player (Casper, 76561198216502636)(<3421.042480, 15.097157, 5042.374512>) requested data for lock!
[12:36:16] Player (Casper, 76561198216502636)(<3585.483643, 23.219879, 4879.533691>) requested data for lock!
[12:36:29] Player (Casper, 76561198216502636)(<3460.936523, 4.847070, 5356.074219>) requested data for lock!
[12:36:33] Player (Casper, 76561198216502636)(<3468.044189, 4.259703, 5369.500977>) requested data for lock!
[12:36:33] Player (Casper, 76561198216502636)(<3474.218506, 6.642277, 5363.240723>) requested data for lock!
[12:38:11] Player (Merky, 76561198000354300)(<4450.335449, 6.887537, 3090.050293>) requested data for lock!
[12:38:34] Player (Merky, 76561198000354300)(<4489.105957, 1.163242, 3118.035645>) requested data for lock!
[12:53:12] Player (Casper, 76561198216502636)(<4489.105957, 1.163242, 3118.035645>) requested data for lock!
[12:59:53] Player (Casper, 76561198216502636)(<4450.335449, 6.887537, 3090.050293>) requested data for lock!
[13:05:27] Player (Casper, 76561198216502636)(<4964.083008, 5.118455, 1414.849365>) requested data for lock!
[13:05:27] Player (Casper, 76561198216502636)(<4961.266602, 5.789789, 1410.613037>) requested data for lock!
[13:32:35] Player (Merky, 76561198000354300)(<3585.483643, 23.219879, 4879.533691>) requested data for lock!
[13:32:50] Player (Merky, 76561198000354300)(<3276.376465, 34.151474, 4613.831055>) requested data for lock!
[13:44:18] Player (Merky, 76561198000354300)(<3922.433105, 41.602104, 2912.677246>) requested data for lock!
[07-17-2022][14.44.27] Log file reloaded ( Server Restart )
[07-17-2022][16.02.27] Log file reloaded ( Server Restart )
[16:06:05] Player (Merky, 76561198000354300)(<4489.105957, 1.163242, 3118.035645>) requested data for lock!
[16:06:05] Player (Merky, 76561198000354300)(<4450.335449, 6.887537, 3090.050293>) requested data for lock!
[16:06:05] Player (Merky, 76561198000354300)(<3922.433105, 41.602104, 2912.677246>) requested data for lock!
[16:10:02] Player (Merky, 76561198000354300)(<3276.376465, 34.151474, 4613.831055>) requested data for lock!
[16:11:20] Player (Merky, 76561198000354300)(<3585.483643, 23.219879, 4879.533691>) requested data for lock!
[16:12:22] Player (Merky, 76561198000354300)(<3421.042480, 15.097157, 5042.374512>) requested data for lock!
[16:12:33] Player (Merky, 76561198000354300)(<4489.105957, 1.163242, 3118.035645>) requested data for lock!
[16:12:39] Player (Merky, 76561198000354300)(<3421.042480, 15.097157, 5042.374512>) requested data for lock!
[16:12:41] Player (Merky, 76561198000354300)(<4489.105957, 1.163242, 3118.035645>) requested data for lock!
[16:16:08] Player (Merky, 76561198000354300)(<3421.042480, 15.097157, 5042.374512>) requested data for lock!
[16:16:10] Player (Merky, 76561198000354300)(<3411.108643, 12.659751, 5048.064941>) requested data for lock!
[16:16:52] Player (Merky, 76561198000354300)(<3460.936523, 4.847070, 5356.074219>) requested data for lock!
[16:16:52] Player (Merky, 76561198000354300)(<3474.218506, 6.642277, 5363.240723>) requested data for lock!
[16:16:53] Player (Merky, 76561198000354300)(<3468.044189, 4.259703, 5369.500977>) requested data for lock!
[16:17:34] Player (MADness, 76561198968762750)(<4489.105957, 1.163242, 3118.035645>) requested data for lock!
[16:17:34] Player (MADness, 76561198968762750)(<4450.335449, 6.887537, 3090.050293>) requested data for lock!
[16:17:34] Player (MADness, 76561198968762750)(<3922.433105, 41.602104, 2912.677246>) requested data for lock!
[16:18:30] Player (MADness, 76561198968762750)(<3585.483643, 23.219879, 4879.533691>) requested data for lock!
[16:18:30] Player (MADness, 76561198968762750)(<3460.936523, 4.847070, 5356.074219>) requested data for lock!
[16:18:30] Player (MADness, 76561198968762750)(<3411.108643, 12.659751, 5048.064941>) requested data for lock!
[16:18:30] Player (MADness, 76561198968762750)(<3421.042480, 15.097157, 5042.374512>) requested data for lock!
[16:18:30] Player (MADness, 76561198968762750)(<3474.218506, 6.642277, 5363.240723>) requested data for lock!
[16:18:30] Player (MADness, 76561198968762750)(<3468.044189, 4.259703, 5369.500977>) requested data for lock!
[16:18:30] Player (MADness, 76561198968762750)(<3276.376465, 34.151474, 4613.831055>) requested data for lock!
[16:19:07] Player (Merky, 76561198000354300)(<4380.106445, 2.076707, 5958.709961>) requested data for lock!
[16:19:07] Player (Merky, 76561198000354300)(<4379.876953, 2.008279, 5963.796387>) requested data for lock!
[16:19:08] Player (Merky, 76561198000354300)(<4378.048340, 1.954537, 5968.927246>) requested data for lock!
[16:19:09] Player (Merky, 76561198000354300)(<4373.662109, 3.838867, 5976.322266>) requested data for lock!
[16:19:10] Player (MADness, 76561198968762750)(<4380.106445, 2.076707, 5958.709961>) requested data for lock!
[16:19:11] Player (MADness, 76561198968762750)(<4379.876953, 2.008279, 5963.796387>) requested data for lock!
[16:19:12] Player (MADness, 76561198968762750)(<4378.048340, 1.954537, 5968.927246>) requested data for lock!
[16:19:13] Player (MADness, 76561198968762750)(<4373.662109, 3.838867, 5976.322266>) requested data for lock!
[16:25:56] Player (MADness, 76561198968762750)(<4489.105957, 1.163242, 3118.035645>) requested data for lock!
[16:25:56] Player (MADness, 76561198968762750)(<4450.335449, 6.887537, 3090.050293>) requested data for lock!
[16:25:57] Player (MADness, 76561198968762750)(<3922.433105, 41.602104, 2912.677246>) requested data for lock!
[16:35:13] Player (Merky, 76561198000354300)(<3585.483643, 23.219879, 4879.533691>) requested data for lock!
[16:35:13] Player (Merky, 76561198000354300)(<3276.376465, 34.151474, 4613.831055>) requested data for lock!
[16:38:25] Player (Maltrix CZE, 76561198188251693)(<5703.666016, 4.296862, 3579.834473>) requested data for lock!
[16:38:25] Player (Maltrix CZE, 76561198188251693)(<5704.501465, 4.296862, 3574.349854>) requested data for lock!
[16:39:22] Player (Maltrix CZE, 76561198188251693)(<3585.483643, 23.219879, 4879.533691>) requested data for lock!
[16:39:44] Player (Maltrix CZE, 76561198188251693)(<3276.376465, 34.151474, 4613.831055>) requested data for lock!
[16:44:54] Player (Merky, 76561198000354300)(<4489.105957, 1.163242, 3118.035645>) requested data for lock!
[16:47:37] Player (Merky, 76561198000354300)(<3421.042480, 15.097157, 5042.374512>) requested data for lock!
[16:47:39] Player (Merky, 76561198000354300)(<3411.108643, 12.659751, 5048.064941>) requested data for lock!
[16:47:45] Player (Maltrix CZE, 76561198188251693)(<4489.105957, 1.163242, 3118.035645>) requested data for lock!
[16:48:16] Player (Merky, 76561198000354300)(<3460.936523, 4.847070, 5356.074219>) requested data for lock!
[16:48:17] Player (Merky, 76561198000354300)(<3474.218506, 6.642277, 5363.240723>) requested data for lock!
[16:48:18] Player (Merky, 76561198000354300)(<3468.044189, 4.259703, 5369.500977>) requested data for lock!
[16:50:08] Player (Merky, 76561198000354300)(<4380.106445, 2.076707, 5958.709961>) requested data for lock!
[16:50:09] Player (Merky, 76561198000354300)(<4379.876953, 2.008279, 5963.796387>) requested data for lock!
[16:50:11] Player (Merky, 76561198000354300)(<4378.048340, 1.954537, 5968.927246>) requested data for lock!
[16:50:12] Player (Merky, 76561198000354300)(<4373.662109, 3.838867, 5976.322266>) requested data for lock!
[16:53:24] Player (ousebio, 76561198176944446)(<5704.501465, 4.296862, 3574.349854>) requested data for lock!
[16:53:24] Player (Kocur69, 76561198295570264)(<5704.501465, 4.296862, 3574.349854>) requested data for lock!
[16:53:25] Player (Kocur69, 76561198295570264)(<5703.666016, 4.296862, 3579.834473>) requested data for lock!
[16:53:25] Player (ousebio, 76561198176944446)(<5703.666016, 4.296862, 3579.834473>) requested data for lock!
[17:02:34] Player (Maltrix CZE, 76561198188251693)(<4450.335449, 6.887537, 3090.050293>) requested data for lock!
[17:02:46] Player (Maltrix CZE, 76561198188251693)(<5703.666016, 4.296862, 3579.834473>) requested data for lock!
[17:02:46] Player (Maltrix CZE, 76561198188251693)(<5704.501465, 4.296862, 3574.349854>) requested data for lock!
[17:07:22] Player (Merky, 76561198000354300)(<3421.042480, 15.097157, 5042.374512>) requested data for lock!
[17:07:23] Player (Merky, 76561198000354300)(<3411.108643, 12.659751, 5048.064941>) requested data for lock!
[17:08:11] Player (Merky, 76561198000354300)(<3474.218506, 6.642277, 5363.240723>) requested data for lock!
[17:08:11] Player (Merky, 76561198000354300)(<3460.936523, 4.847070, 5356.074219>) requested data for lock!
[17:08:12] Player (Merky, 76561198000354300)(<3468.044189, 4.259703, 5369.500977>) requested data for lock!
[17:10:08] Player (Merky, 76561198000354300)(<4380.106445, 2.076707, 5958.709961>) requested data for lock!
[17:10:14] Player (Merky, 76561198000354300)(<4379.876953, 2.008279, 5963.796387>) requested data for lock!
[17:12:06] Player (Merky, 76561198000354300)(<4378.048340, 1.954537, 5968.927246>) requested data for lock!
[17:12:07] Player (Merky, 76561198000354300)(<4373.662109, 3.838867, 5976.322266>) requested data for lock!
[17:13:28] Player (Kocur69, 76561198295570264)(<4489.105957, 1.163242, 3118.035645>) requested data for lock!
[17:13:29] Player (ousebio, 76561198176944446)(<4489.105957, 1.163242, 3118.035645>) requested data for lock!
[17:13:31] Player (Kocur69, 76561198295570264)(<4450.335449, 6.887537, 3090.050293>) requested data for lock!
[17:13:32] Player (ousebio, 76561198176944446)(<4450.335449, 6.887537, 3090.050293>) requested data for lock!
[17:14:28] Player (Kocur69, 76561198295570264)(<3585.483643, 23.219879, 4879.533691>) requested data for lock!
[17:14:28] Player (ousebio, 76561198176944446)(<3585.483643, 23.219879, 4879.533691>) requested data for lock!
[17:15:21] Player (ousebio, 76561198176944446)(<3276.376465, 34.151474, 4613.831055>) requested data for lock!
[17:17:06] Player (Kocur69, 76561198295570264)(<3276.376465, 34.151474, 4613.831055>) requested data for lock!
[17:22:53] Player (ousebio, 76561198176944446)(<4489.105957, 1.163242, 3118.035645>) requested data for lock!
[17:26:55] Player (Merky, 76561198000354300)(<3585.483643, 23.219879, 4879.533691>) requested data for lock!
[17:27:21] Player (Merky, 76561198000354300)(<3474.218506, 6.642277, 5363.240723>) requested data for lock!
[17:27:22] Player (Merky, 76561198000354300)(<3468.044189, 4.259703, 5369.500977>) requested data for lock!
[17:27:23] Player (Merky, 76561198000354300)(<3460.936523, 4.847070, 5356.074219>) requested data for lock!
[17:27:52] Player (Merky, 76561198000354300)(<3421.042480, 15.097157, 5042.374512>) requested data for lock!
[17:27:54] Player (Merky, 76561198000354300)(<3411.108643, 12.659751, 5048.064941>) requested data for lock!
[17:28:39] Player (Merky, 76561198000354300)(<3276.376465, 34.151474, 4613.831055>) requested data for lock!
[17:29:07] Player (Bflame, 76561198072840834)(<2436.508545, 53.178806, 5278.377441>) requested data for lock!
[17:29:07] Player (Bflame, 76561198072840834)(<2435.960938, 55.353981, 5288.420898>) requested data for lock!
[17:29:07] Player (Bflame, 76561198072840834)(<3468.044189, 4.259703, 5369.500977>) requested data for lock!
[17:29:15] Player (Bflame, 76561198072840834)(<3460.936523, 4.847070, 5356.074219>) requested data for lock!
[17:29:40] Player (Bflame, 76561198072840834)(<3468.044189, 4.259703, 5369.500977>) requested data for lock!
[17:29:43] Player (Bflame, 76561198072840834)(<3460.936523, 4.847070, 5356.074219>) requested data for lock!
[17:30:03] Player (Bflame, 76561198072840834)(<3468.044189, 4.259703, 5369.500977>) requested data for lock!
[17:30:07] Player (Bflame, 76561198072840834)(<3468.044189, 4.259703, 5369.500977>) requested data for lock!
[17:30:09] Player (Bflame, 76561198072840834)(<3460.936523, 4.847070, 5356.074219>) requested data for lock!
[17:30:11] Player (Bflame, 76561198072840834)(<3474.218506, 6.642277, 5363.240723>) requested data for lock!
[17:30:24] Player (Bflame, 76561198072840834)(<3468.044189, 4.259703, 5369.500977>) requested data for lock!
[17:30:31] Player (Bflame, 76561198072840834)(<3468.044189, 4.259703, 5369.500977>) requested data for lock!
[17:30:32] Player (Bflame, 76561198072840834)(<3460.936523, 4.847070, 5356.074219>) requested data for lock!
[17:30:38] Player (Bflame, 76561198072840834)(<3460.936523, 4.847070, 5356.074219>) requested data for lock!
[17:30:39] Player (Bflame, 76561198072840834)(<3474.218506, 6.642277, 5363.240723>) requested data for lock!
[17:32:24] Player (Bflame, 76561198072840834)(<3411.108643, 12.659751, 5048.064941>) requested data for lock!
[17:32:27] Player (Bflame, 76561198072840834)(<3421.042480, 15.097157, 5042.374512>) requested data for lock!
[17:33:42] Player (Bflame, 76561198072840834)(<3421.042480, 15.097157, 5042.374512>) requested data for lock!
[17:33:51] Player (Bflame, 76561198072840834)(<3421.042480, 15.097157, 5042.374512>) requested data for lock!
[17:34:07] Player (Bflame, 76561198072840834)(<3411.108643, 12.659751, 5048.064941>) requested data for lock!
[17:34:18] Player (Bflame, 76561198072840834)(<3421.042480, 15.097157, 5042.374512>) requested data for lock!
[17:43:43] Player (Merky, 76561198000354300)(<4489.105957, 1.163242, 3118.035645>) requested data for lock!
[17:46:22] Player (ousebio, 76561198176944446)(<4450.335449, 6.887537, 3090.050293>) requested data for lock!
[17:46:22] Player (Kocur69, 76561198295570264)(<4450.335449, 6.887537, 3090.050293>) requested data for lock!
[17:46:44] Player (ousebio, 76561198176944446)(<3922.433105, 41.602104, 2912.677246>) requested data for lock!
[17:46:44] Player (Kocur69, 76561198295570264)(<3922.433105, 41.602104, 2912.677246>) requested data for lock!
[17:51:04] Player (Bflame, 76561198072840834)(<3460.936523, 4.847070, 5356.074219>) requested data for lock!
[17:51:04] Player (Bflame, 76561198072840834)(<3468.044189, 4.259703, 5369.500977>) requested data for lock!
[17:51:04] Player (Bflame, 76561198072840834)(<3474.218506, 6.642277, 5363.240723>) requested data for lock!
[17:51:08] Player (Bflame, 76561198072840834)(<3411.108643, 12.659751, 5048.064941>) requested data for lock!
[17:51:09] Player (Bflame, 76561198072840834)(<3421.042480, 15.097157, 5042.374512>) requested data for lock!
[17:51:18] Player (Bflame, 76561198072840834)(<3585.483643, 23.219879, 4879.533691>) requested data for lock!
[17:51:18] Player (Bflame, 76561198072840834)(<3276.376465, 34.151474, 4613.831055>) requested data for lock!
[17:55:04] Player (Merky, 76561198000354300)(<4489.105957, 1.163242, 3118.035645>) requested data for lock!
[17:55:04] Player (Merky, 76561198000354300)(<3585.483643, 23.219879, 4879.533691>) requested data for lock!
[17:55:04] Player (Merky, 76561198000354300)(<3276.376465, 34.151474, 4613.831055>) requested data for lock!
[17:56:30] Player (Kocur69, 76561198295570264)(<4964.083008, 5.118455, 1414.849365>) requested data for lock!
[17:56:30] Player (ousebio, 76561198176944446)(<4964.083008, 5.118455, 1414.849365>) requested data for lock!
[17:56:30] Player (Kocur69, 76561198295570264)(<4961.266602, 5.789789, 1410.613037>) requested data for lock!
[17:56:30] Player (ousebio, 76561198176944446)(<4961.266602, 5.789789, 1410.613037>) requested data for lock!
[17:57:16] Player (Merky, 76561198000354300)(<3276.376465, 34.151474, 4613.831055>) requested data for lock!
[18:01:20] Player (Merky, 76561198000354300)(<4450.335449, 6.887537, 3090.050293>) requested data for lock!
[18:01:36] Player (Merky, 76561198000354300)(<3922.433105, 41.602104, 2912.677246>) requested data for lock!
[18:07:34] Player (Bflame, 76561198072840834)(<4380.106445, 2.076707, 5958.709961>) requested data for lock!
[18:07:34] Player (Bflame, 76561198072840834)(<4379.876953, 2.008279, 5963.796387>) requested data for lock!
[18:07:34] Player (Bflame, 76561198072840834)(<4378.048340, 1.954537, 5968.927246>) requested data for lock!
[18:07:34] Player (Bflame, 76561198072840834)(<4373.662109, 3.838867, 5976.322266>) requested data for lock!
[18:13:28] Player (Kocur69, 76561198295570264)(<4964.083008, 5.118455, 1414.849365>) requested data for lock!
[18:13:28] Player (Kocur69, 76561198295570264)(<4961.266602, 5.789789, 1410.613037>) requested data for lock!
[18:15:26] Player (ousebio, 76561198176944446)(<4964.083008, 5.118455, 1414.849365>) requested data for lock!
[18:15:26] Player (ousebio, 76561198176944446)(<4961.266602, 5.789789, 1410.613037>) requested data for lock!
[18:19:48] Player (Maltrix CZE, 76561198188251693)(<5703.666016, 4.296862, 3579.834473>) requested data for lock!
[18:19:48] Player (Maltrix CZE, 76561198188251693)(<5704.501465, 4.296862, 3574.349854>) requested data for lock!
[18:20:19] Player (Maltrix CZE, 76561198188251693)(<3585.483643, 23.219879, 4879.533691>) requested data for lock!
[18:21:17] Player (Maltrix CZE, 76561198188251693)(<3276.376465, 34.151474, 4613.831055>) requested data for lock!
[18:21:23] Player (ousebio, 76561198176944446)(<3922.433105, 41.602104, 2912.677246>) requested data for lock!
[18:21:23] Player (Kocur69, 76561198295570264)(<3922.433105, 41.602104, 2912.677246>) requested data for lock!
[18:21:42] Player (Kocur69, 76561198295570264)(<4450.335449, 6.887537, 3090.050293>) requested data for lock!
[18:21:42] Player (ousebio, 76561198176944446)(<4450.335449, 6.887537, 3090.050293>) requested data for lock!
[18:21:45] Player (ousebio, 76561198176944446)(<4489.105957, 1.163242, 3118.035645>) requested data for lock!
[18:21:45] Player (Kocur69, 76561198295570264)(<4489.105957, 1.163242, 3118.035645>) requested data for lock!
[18:23:22] Player (Maltrix CZE, 76561198188251693)(<3276.376465, 34.151474, 4613.831055>) requested data for lock!
[18:26:16] Player (ousebio, 76561198176944446)(<3585.483643, 23.219879, 4879.533691>) requested data for lock!
[18:26:16] Player (Kocur69, 76561198295570264)(<3585.483643, 23.219879, 4879.533691>) requested data for lock!
[18:26:29] Player (Kocur69, 76561198295570264)(<3276.376465, 34.151474, 4613.831055>) requested data for lock!
[18:26:29] Player (ousebio, 76561198176944446)(<3276.376465, 34.151474, 4613.831055>) requested data for lock!
[18:27:03] Player (Kocur69, 76561198295570264)(<3276.376465, 34.151474, 4613.831055>) requested data for lock!
[18:38:22] Player (Merky, 76561198000354300)(<4450.335449, 6.887537, 3090.050293>) requested data for lock!
[18:38:22] Player (Merky, 76561198000354300)(<4489.105957, 1.163242, 3118.035645>) requested data for lock!
[18:38:22] Player (Merky, 76561198000354300)(<3922.433105, 41.602104, 2912.677246>) requested data for lock!
[18:40:57] Player (Merky, 76561198000354300)(<3276.376465, 34.151474, 4613.831055>) requested data for lock!
[18:41:05] Player (Merky, 76561198000354300)(<3585.483643, 23.219879, 4879.533691>) requested data for lock!
[18:41:18] Player (Merky, 76561198000354300)(<3421.042480, 15.097157, 5042.374512>) requested data for lock!
[18:41:19] Player (Merky, 76561198000354300)(<3411.108643, 12.659751, 5048.064941>) requested data for lock!
[18:41:59] Player (Merky, 76561198000354300)(<3460.936523, 4.847070, 5356.074219>) requested data for lock!
[18:42:00] Player (Merky, 76561198000354300)(<3474.218506, 6.642277, 5363.240723>) requested data for lock!
[18:42:01] Player (Merky, 76561198000354300)(<3468.044189, 4.259703, 5369.500977>) requested data for lock!
[19:04:54] Player (Bflame, 76561198072840834)(<3468.044189, 4.259703, 5369.500977>) requested data for lock!
[19:04:54] Player (Bflame, 76561198072840834)(<3474.218506, 6.642277, 5363.240723>) requested data for lock!
[19:04:54] Player (Bflame, 76561198072840834)(<3460.936523, 4.847070, 5356.074219>) requested data for lock!
[19:05:02] Player (Bflame, 76561198072840834)(<4373.662109, 3.838867, 5976.322266>) requested data for lock!
[19:05:02] Player (Bflame, 76561198072840834)(<4378.048340, 1.954537, 5968.927246>) requested data for lock!
[19:05:03] Player (Bflame, 76561198072840834)(<4379.876953, 2.008279, 5963.796387>) requested data for lock!
[19:05:03] Player (Bflame, 76561198072840834)(<4380.106445, 2.076707, 5958.709961>) requested data for lock!
[19:05:05] Player (Bflame, 76561198072840834)(<3411.108643, 12.659751, 5048.064941>) requested data for lock!
[19:05:05] Player (Bflame, 76561198072840834)(<3421.042480, 15.097157, 5042.374512>) requested data for lock!
[19:05:11] Player (Bflame, 76561198072840834)(<3585.483643, 23.219879, 4879.533691>) requested data for lock!
[19:05:20] Player (Bflame, 76561198072840834)(<3276.376465, 34.151474, 4613.831055>) requested data for lock!
[19:26:05] Player (Bflame, 76561198072840834)(<3276.376465, 34.151474, 4613.831055>) requested data for lock!
[19:28:13] Player (Bflame, 76561198072840834)(<3585.483643, 23.219879, 4879.533691>) requested data for lock!
[19:28:13] Player (Bflame, 76561198072840834)(<3276.376465, 34.151474, 4613.831055>) requested data for lock!
[19:31:13] Player (Bflame, 76561198072840834)(<3276.376465, 34.151474, 4613.831055>) requested data for lock!
[19:31:18] Player (Bflame, 76561198072840834)(<3276.376465, 34.151474, 4613.831055>) requested data for lock!
[19:34:36] Player (Bflame, 76561198072840834)(<3276.376465, 34.151474, 4613.831055>) requested data for lock!
[19:44:09] Player (Bflame, 76561198072840834)(<3276.376465, 34.151474, 4613.831055>) requested data for lock!
[19:44:16] Player (Bflame, 76561198072840834)(<3421.042480, 15.097157, 5042.374512>) requested data for lock!
[19:44:17] Player (Bflame, 76561198072840834)(<3411.108643, 12.659751, 5048.064941>) requested data for lock!
[19:44:25] Player (Bflame, 76561198072840834)(<3460.936523, 4.847070, 5356.074219>) requested data for lock!
[19:44:25] Player (Bflame, 76561198072840834)(<3474.218506, 6.642277, 5363.240723>) requested data for lock!
[19:44:25] Player (Bflame, 76561198072840834)(<3468.044189, 4.259703, 5369.500977>) requested data for lock!
[19:44:47] Player (Bflame, 76561198072840834)(<2436.508545, 53.178806, 5278.377441>) requested data for lock!
[19:44:48] Player (Bflame, 76561198072840834)(<2435.960938, 55.353981, 5288.420898>) requested data for lock!
[19:45:28] Player (Bflame, 76561198072840834)(<3474.218506, 6.642277, 5363.240723>) requested data for lock!
[07-17-2022][20.02.32] Log file reloaded ( Server Restart )
[20:19:57] Player (Bflame, 76561198072840834)(<2435.960938, 55.353981, 5288.420898>) requested data for lock!
[20:19:57] Player (Bflame, 76561198072840834)(<2436.508545, 53.178806, 5278.377441>) requested data for lock!
[20:19:57] Player (Bflame, 76561198072840834)(<3276.376465, 34.151474, 4613.831055>) requested data for lock!
[20:19:57] Player (Bflame, 76561198072840834)(<3411.108643, 12.659751, 5048.064941>) requested data for lock!
[20:19:57] Player (Bflame, 76561198072840834)(<3421.042480, 15.097157, 5042.374512>) requested data for lock!
[20:19:57] Player (Bflame, 76561198072840834)(<3460.936523, 4.847070, 5356.074219>) requested data for lock!
[20:19:57] Player (Bflame, 76561198072840834)(<3468.044189, 4.259703, 5369.500977>) requested data for lock!
[20:19:57] Player (Bflame, 76561198072840834)(<3474.218506, 6.642277, 5363.240723>) requested data for lock!
[20:25:38] Player (Majky, 76561198275611052)(<2435.960938, 55.353981, 5288.420898>) requested data for lock!
[20:25:38] Player (Majky, 76561198275611052)(<2436.508545, 53.178806, 5278.377441>) requested data for lock!
[20:25:38] Player (Majky, 76561198275611052)(<3460.936523, 4.847070, 5356.074219>) requested data for lock!
[20:25:38] Player (Majky, 76561198275611052)(<3468.044189, 4.259703, 5369.500977>) requested data for lock!
[20:25:38] Player (Majky, 76561198275611052)(<3474.218506, 6.642277, 5363.240723>) requested data for lock!
[20:28:30] Player (Majky, 76561198275611052)(<3411.108643, 12.659751, 5048.064941>) requested data for lock!
[20:28:31] Player (Majky, 76561198275611052)(<3421.042480, 15.097157, 5042.374512>) requested data for lock!
[20:28:49] Player (Majky, 76561198275611052)(<3585.483643, 23.219879, 4879.533691>) requested data for lock!
[20:28:52] Player (Majky, 76561198275611052)(<3276.376465, 34.151474, 4613.831055>) requested data for lock!
[20:29:54] Player (Majky, 76561198275611052)(<4380.106445, 2.076707, 5958.709961>) requested data for lock!
[20:29:56] Player (Majky, 76561198275611052)(<4379.876953, 2.008279, 5963.796387>) requested data for lock!
[20:29:56] Player (Majky, 76561198275611052)(<4378.048340, 1.954537, 5968.927246>) requested data for lock!
[20:29:56] Player (Majky, 76561198275611052)(<4373.662109, 3.838867, 5976.322266>) requested data for lock!
[20:43:03] Player (bliki, 76561198996710275)(<3411.108643, 12.659751, 5048.064941>) requested data for lock!
[20:43:03] Player (bliki, 76561198996710275)(<3421.042480, 15.097157, 5042.374512>) requested data for lock!
[20:43:03] Player (bliki, 76561198996710275)(<3276.376465, 34.151474, 4613.831055>) requested data for lock!
[20:43:03] Player (bliki, 76561198996710275)(<3585.483643, 23.219879, 4879.533691>) requested data for lock!
[20:47:44] Player (Majky, 76561198275611052)(<3421.042480, 15.097157, 5042.374512>) requested data for lock!
[20:47:44] Player (bliki, 76561198996710275)(<3421.042480, 15.097157, 5042.374512>) requested data for lock!
[20:47:45] Player (Majky, 76561198275611052)(<3411.108643, 12.659751, 5048.064941>) requested data for lock!
[20:47:45] Player (bliki, 76561198996710275)(<3411.108643, 12.659751, 5048.064941>) requested data for lock!
[20:47:54] Player (Majky, 76561198275611052)(<3460.936523, 4.847070, 5356.074219>) requested data for lock!
[20:47:54] Player (Majky, 76561198275611052)(<3474.218506, 6.642277, 5363.240723>) requested data for lock!
[20:47:54] Player (Majky, 76561198275611052)(<3468.044189, 4.259703, 5369.500977>) requested data for lock!
[20:47:54] Player (bliki, 76561198996710275)(<3460.936523, 4.847070, 5356.074219>) requested data for lock!
[20:47:54] Player (bliki, 76561198996710275)(<3474.218506, 6.642277, 5363.240723>) requested data for lock!
[20:47:55] Player (bliki, 76561198996710275)(<3468.044189, 4.259703, 5369.500977>) requested data for lock!
[20:48:24] Player (Maltrix CZE, 76561198188251693)(<3276.376465, 34.151474, 4613.831055>) requested data for lock!
[20:48:24] Player (Maltrix CZE, 76561198188251693)(<3585.483643, 23.219879, 4879.533691>) requested data for lock!
[20:48:52] Player (Majky, 76561198275611052)(<4380.106445, 2.076707, 5958.709961>) requested data for lock!
[20:48:52] Player (Majky, 76561198275611052)(<4379.876953, 2.008279, 5963.796387>) requested data for lock!
[20:48:53] Player (Majky, 76561198275611052)(<4378.048340, 1.954537, 5968.927246>) requested data for lock!
[20:48:54] Player (Majky, 76561198275611052)(<4373.662109, 3.838867, 5976.322266>) requested data for lock!
[20:49:04] Player (bliki, 76561198996710275)(<4380.106445, 2.076707, 5958.709961>) requested data for lock!
[20:49:06] Player (bliki, 76561198996710275)(<4379.876953, 2.008279, 5963.796387>) requested data for lock!
[20:49:07] Player (bliki, 76561198996710275)(<4378.048340, 1.954537, 5968.927246>) requested data for lock!
[20:49:08] Player (bliki, 76561198996710275)(<4373.662109, 3.838867, 5976.322266>) requested data for lock!
[20:49:16] Player (bliki, 76561198996710275)(<4373.662109, 3.838867, 5976.322266>) requested data for lock!
[20:52:04] Player (bliki, 76561198996710275)(<4380.106445, 2.076707, 5958.709961>) requested data for lock!
[20:52:04] Player (Majky, 76561198275611052)(<4380.106445, 2.076707, 5958.709961>) requested data for lock!
[20:52:04] Player (bliki, 76561198996710275)(<4379.876953, 2.008279, 5963.796387>) requested data for lock!
[20:52:04] Player (Majky, 76561198275611052)(<4379.876953, 2.008279, 5963.796387>) requested data for lock!
[20:52:05] Player (bliki, 76561198996710275)(<4378.048340, 1.954537, 5968.927246>) requested data for lock!
[20:52:05] Player (Majky, 76561198275611052)(<4378.048340, 1.954537, 5968.927246>) requested data for lock!
[20:52:05] Player (bliki, 76561198996710275)(<4373.662109, 3.838867, 5976.322266>) requested data for lock!
[20:52:05] Player (Majky, 76561198275611052)(<4373.662109, 3.838867, 5976.322266>) requested data for lock!
[20:52:24] Player (Majky, 76561198275611052)(<2436.508545, 53.178806, 5278.377441>) requested data for lock!
[20:52:24] Player (Majky, 76561198275611052)(<2435.960938, 55.353981, 5288.420898>) requested data for lock!
[20:52:25] Player (bliki, 76561198996710275)(<2436.508545, 53.178806, 5278.377441>) requested data for lock!
[20:52:25] Player (bliki, 76561198996710275)(<2435.960938, 55.353981, 5288.420898>) requested data for lock!
[20:53:12] Player (bliki, 76561198996710275)(<3460.936523, 4.847070, 5356.074219>) requested data for lock!
[20:53:12] Player (Majky, 76561198275611052)(<3460.936523, 4.847070, 5356.074219>) requested data for lock!
[20:53:16] Player (bliki, 76561198996710275)(<4380.106445, 2.076707, 5958.709961>) requested data for lock!
[20:53:17] Player (Majky, 76561198275611052)(<4380.106445, 2.076707, 5958.709961>) requested data for lock!
[20:53:18] Player (Majky, 76561198275611052)(<4379.876953, 2.008279, 5963.796387>) requested data for lock!
[20:53:19] Player (Majky, 76561198275611052)(<4378.048340, 1.954537, 5968.927246>) requested data for lock!
[20:53:20] Player (Majky, 76561198275611052)(<4373.662109, 3.838867, 5976.322266>) requested data for lock!
[20:53:21] Player (bliki, 76561198996710275)(<4379.876953, 2.008279, 5963.796387>) requested data for lock!
[20:53:21] Player (bliki, 76561198996710275)(<4378.048340, 1.954537, 5968.927246>) requested data for lock!
[20:53:21] Player (bliki, 76561198996710275)(<4373.662109, 3.838867, 5976.322266>) requested data for lock!
[20:53:23] Player (bliki, 76561198996710275)(<4373.662109, 3.838867, 5976.322266>) requested data for lock!
[20:53:35] Player (Majky, 76561198275611052)(<3474.218506, 6.642277, 5363.240723>) requested data for lock!
[20:53:35] Player (bliki, 76561198996710275)(<3474.218506, 6.642277, 5363.240723>) requested data for lock!
[21:01:41] Player (bliki, 76561198996710275)(<4380.106445, 2.076707, 5958.709961>) requested data for lock!
[21:01:41] Player (bliki, 76561198996710275)(<4373.662109, 3.838867, 5976.322266>) requested data for lock!
[21:01:41] Player (bliki, 76561198996710275)(<4379.876953, 2.008279, 5963.796387>) requested data for lock!
[21:01:41] Player (bliki, 76561198996710275)(<4378.048340, 1.954537, 5968.927246>) requested data for lock!
[21:01:41] Player (bliki, 76561198996710275)(<3411.108643, 12.659751, 5048.064941>) requested data for lock!
[21:01:41] Player (bliki, 76561198996710275)(<3421.042480, 15.097157, 5042.374512>) requested data for lock!
[21:01:42] Player (bliki, 76561198996710275)(<3474.218506, 6.642277, 5363.240723>) requested data for lock!
[21:01:42] Player (bliki, 76561198996710275)(<3468.044189, 4.259703, 5369.500977>) requested data for lock!
[21:01:43] Player (bliki, 76561198996710275)(<3460.936523, 4.847070, 5356.074219>) requested data for lock!
[21:01:43] Player (bliki, 76561198996710275)(<3276.376465, 34.151474, 4613.831055>) requested data for lock!
[21:01:43] Player (bliki, 76561198996710275)(<3585.483643, 23.219879, 4879.533691>) requested data for lock!
[21:05:35] Player (Majky, 76561198275611052)(<3276.376465, 34.151474, 4613.831055>) requested data for lock!
[21:05:35] Player (bliki, 76561198996710275)(<3276.376465, 34.151474, 4613.831055>) requested data for lock!
[21:06:23] Player (Majky, 76561198275611052)(<3411.108643, 12.659751, 5048.064941>) requested data for lock!
[21:06:23] Player (Majky, 76561198275611052)(<3421.042480, 15.097157, 5042.374512>) requested data for lock!
[21:06:24] Player (Majky, 76561198275611052)(<3585.483643, 23.219879, 4879.533691>) requested data for lock!
[21:07:28] Player (Majky, 76561198275611052)(<4489.105957, 1.163242, 3118.035645>) requested data for lock!
[21:07:28] Player (bliki, 76561198996710275)(<4489.105957, 1.163242, 3118.035645>) requested data for lock!
[21:07:30] Player (Majky, 76561198275611052)(<4450.335449, 6.887537, 3090.050293>) requested data for lock!
[21:07:30] Player (bliki, 76561198996710275)(<4450.335449, 6.887537, 3090.050293>) requested data for lock!
[21:07:32] Player (Majky, 76561198275611052)(<5703.666016, 4.296862, 3579.834473>) requested data for lock!
[21:07:32] Player (Majky, 76561198275611052)(<5704.501465, 4.296862, 3574.349854>) requested data for lock!
[21:07:32] Player (bliki, 76561198996710275)(<5703.666016, 4.296862, 3579.834473>) requested data for lock!
[21:07:33] Player (bliki, 76561198996710275)(<5704.501465, 4.296862, 3574.349854>) requested data for lock!
[21:10:04] Player (Maltrix CZE, 76561198188251693)(<3276.376465, 34.151474, 4613.831055>) requested data for lock!
[21:10:12] Player (Maltrix CZE, 76561198188251693)(<4489.105957, 1.163242, 3118.035645>) requested data for lock!
[21:11:20] Player (Maltrix CZE, 76561198188251693)(<3276.376465, 34.151474, 4613.831055>) requested data for lock!
[21:13:03] Player (Maltrix CZE, 76561198188251693)(<3276.376465, 34.151474, 4613.831055>) requested data for lock!
[21:16:55] Player (Maltrix CZE, 76561198188251693)(<3276.376465, 34.151474, 4613.831055>) requested data for lock!
[21:18:36] Player (Maltrix CZE, 76561198188251693)(<3276.376465, 34.151474, 4613.831055>) requested data for lock!
[21:22:41] Player (Maltrix CZE, 76561198188251693)(<3276.376465, 34.151474, 4613.831055>) requested data for lock!
[21:24:23] Player (Maltrix CZE, 76561198188251693)(<3276.376465, 34.151474, 4613.831055>) requested data for lock!
[21:28:23] Player (Maltrix CZE, 76561198188251693)(<3276.376465, 34.151474, 4613.831055>) requested data for lock!
[21:28:33] Player (Maltrix CZE, 76561198188251693)(<3276.376465, 34.151474, 4613.831055>) requested data for lock!
[21:30:15] Player (Maltrix CZE, 76561198188251693)(<3276.376465, 34.151474, 4613.831055>) requested data for lock!
[21:34:23] Player (Maltrix CZE, 76561198188251693)(<3276.376465, 34.151474, 4613.831055>) requested data for lock!
[21:34:28] Player (Maltrix CZE, 76561198188251693)(<3276.376465, 34.151474, 4613.831055>) requested data for lock!
[21:36:58] Player (Maltrix CZE, 76561198188251693)(<3276.376465, 34.151474, 4613.831055>) requested data for lock!
[21:40:48] Player (Maltrix CZE, 76561198188251693)(<3276.376465, 34.151474, 4613.831055>) requested data for lock!
[21:45:23] Player (Maltrix CZE, 76561198188251693)(<3421.042480, 15.097157, 5042.374512>) requested data for lock!
[21:45:24] Player (Maltrix CZE, 76561198188251693)(<3411.108643, 12.659751, 5048.064941>) requested data for lock!
[21:45:30] Player (Maltrix CZE, 76561198188251693)(<3474.218506, 6.642277, 5363.240723>) requested data for lock!
[21:45:30] Player (Maltrix CZE, 76561198188251693)(<3460.936523, 4.847070, 5356.074219>) requested data for lock!
[21:45:31] Player (Maltrix CZE, 76561198188251693)(<3468.044189, 4.259703, 5369.500977>) requested data for lock!
[21:45:37] Player (Maltrix CZE, 76561198188251693)(<4380.106445, 2.076707, 5958.709961>) requested data for lock!
[21:45:37] Player (Maltrix CZE, 76561198188251693)(<4379.876953, 2.008279, 5963.796387>) requested data for lock!
[21:45:37] Player (Maltrix CZE, 76561198188251693)(<4378.048340, 1.954537, 5968.927246>) requested data for lock!
[21:45:38] Player (Maltrix CZE, 76561198188251693)(<4373.662109, 3.838867, 5976.322266>) requested data for lock!
[21:45:54] Player (Majky, 76561198275611052)(<5704.501465, 4.296862, 3574.349854>) requested data for lock!
[21:45:54] Player (Majky, 76561198275611052)(<5703.666016, 4.296862, 3579.834473>) requested data for lock!
[21:45:54] Player (bliki, 76561198996710275)(<5704.501465, 4.296862, 3574.349854>) requested data for lock!
[21:45:55] Player (bliki, 76561198996710275)(<5703.666016, 4.296862, 3579.834473>) requested data for lock!
[21:46:22] Player (Majky, 76561198275611052)(<4489.105957, 1.163242, 3118.035645>) requested data for lock!
[21:46:22] Player (bliki, 76561198996710275)(<4489.105957, 1.163242, 3118.035645>) requested data for lock!
[21:46:24] Player (Majky, 76561198275611052)(<4450.335449, 6.887537, 3090.050293>) requested data for lock!
[21:46:24] Player (bliki, 76561198996710275)(<4450.335449, 6.887537, 3090.050293>) requested data for lock!
[21:47:39] Player (bliki, 76561198996710275)(<3585.483643, 23.219879, 4879.533691>) requested data for lock!
[21:47:44] Player (Majky, 76561198275611052)(<3585.483643, 23.219879, 4879.533691>) requested data for lock!
[21:48:16] Player (Majky, 76561198275611052)(<3276.376465, 34.151474, 4613.831055>) requested data for lock!
[21:48:20] Player (bliki, 76561198996710275)(<3276.376465, 34.151474, 4613.831055>) requested data for lock!
[21:54:07] Player (Majky, 76561198275611052)(<3585.483643, 23.219879, 4879.533691>) requested data for lock!
[21:54:20] Player (bliki, 76561198996710275)(<3421.042480, 15.097157, 5042.374512>) requested data for lock!
[21:54:21] Player (bliki, 76561198996710275)(<3411.108643, 12.659751, 5048.064941>) requested data for lock!
[21:54:24] Player (Majky, 76561198275611052)(<3421.042480, 15.097157, 5042.374512>) requested data for lock!
[21:54:24] Player (Majky, 76561198275611052)(<3411.108643, 12.659751, 5048.064941>) requested data for lock!
[21:54:32] Player (Majky, 76561198275611052)(<3474.218506, 6.642277, 5363.240723>) requested data for lock!
[21:54:32] Player (Majky, 76561198275611052)(<3460.936523, 4.847070, 5356.074219>) requested data for lock!
[21:54:32] Player (Majky, 76561198275611052)(<3468.044189, 4.259703, 5369.500977>) requested data for lock!
[21:54:40] Player (bliki, 76561198996710275)(<3460.936523, 4.847070, 5356.074219>) requested data for lock!
[21:54:40] Player (bliki, 76561198996710275)(<3474.218506, 6.642277, 5363.240723>) requested data for lock!
[21:54:41] Player (bliki, 76561198996710275)(<3468.044189, 4.259703, 5369.500977>) requested data for lock!
[21:54:44] Player (Majky, 76561198275611052)(<4380.106445, 2.076707, 5958.709961>) requested data for lock!
[21:54:44] Player (Majky, 76561198275611052)(<4379.876953, 2.008279, 5963.796387>) requested data for lock!
[21:54:44] Player (Majky, 76561198275611052)(<4378.048340, 1.954537, 5968.927246>) requested data for lock!
[21:54:45] Player (Majky, 76561198275611052)(<4373.662109, 3.838867, 5976.322266>) requested data for lock!
[21:54:45] Player (Majky, 76561198275611052)(<3276.376465, 34.151474, 4613.831055>) requested data for lock!
[21:56:09] Player (bliki, 76561198996710275)(<2436.508545, 53.178806, 5278.377441>) requested data for lock!
[21:56:09] Player (bliki, 76561198996710275)(<2435.960938, 55.353981, 5288.420898>) requested data for lock!
[21:56:29] Player (Majky, 76561198275611052)(<4380.106445, 2.076707, 5958.709961>) requested data for lock!
[21:56:30] Player (Majky, 76561198275611052)(<4379.876953, 2.008279, 5963.796387>) requested data for lock!
[21:56:30] Player (Majky, 76561198275611052)(<4378.048340, 1.954537, 5968.927246>) requested data for lock!
[21:56:30] Player (Majky, 76561198275611052)(<4373.662109, 3.838867, 5976.322266>) requested data for lock!
[21:57:11] Player (bliki, 76561198996710275)(<4380.106445, 2.076707, 5958.709961>) requested data for lock!
[21:57:12] Player (bliki, 76561198996710275)(<4379.876953, 2.008279, 5963.796387>) requested data for lock!
[21:57:12] Player (bliki, 76561198996710275)(<4378.048340, 1.954537, 5968.927246>) requested data for lock!
[21:57:12] Player (bliki, 76561198996710275)(<4373.662109, 3.838867, 5976.322266>) requested data for lock!
[22:00:14] Player (Majky, 76561198275611052)(<2436.508545, 53.178806, 5278.377441>) requested data for lock!
[22:00:14] Player (Majky, 76561198275611052)(<2435.960938, 55.353981, 5288.420898>) requested data for lock!
[22:03:11] Player (bliki, 76561198996710275)(<2436.508545, 53.178806, 5278.377441>) requested data for lock!
[22:03:11] Player (Majky, 76561198275611052)(<2436.508545, 53.178806, 5278.377441>) requested data for lock!
[22:03:12] Player (bliki, 76561198996710275)(<2435.960938, 55.353981, 5288.420898>) requested data for lock!
[22:03:13] Player (Majky, 76561198275611052)(<2435.960938, 55.353981, 5288.420898>) requested data for lock!
[22:23:29] Player (Majky, 76561198275611052)(<3460.936523, 4.847070, 5356.074219>) requested data for lock!
[22:23:29] Player (bliki, 76561198996710275)(<3460.936523, 4.847070, 5356.074219>) requested data for lock!
[22:23:30] Player (Majky, 76561198275611052)(<3468.044189, 4.259703, 5369.500977>) requested data for lock!
[22:23:30] Player (bliki, 76561198996710275)(<3468.044189, 4.259703, 5369.500977>) requested data for lock!
[22:23:31] Player (Majky, 76561198275611052)(<3474.218506, 6.642277, 5363.240723>) requested data for lock!
[22:23:31] Player (bliki, 76561198996710275)(<3474.218506, 6.642277, 5363.240723>) requested data for lock!
[22:23:46] Player (bliki, 76561198996710275)(<3411.108643, 12.659751, 5048.064941>) requested data for lock!
[22:23:46] Player (Majky, 76561198275611052)(<3411.108643, 12.659751, 5048.064941>) requested data for lock!
[22:23:47] Player (bliki, 76561198996710275)(<3421.042480, 15.097157, 5042.374512>) requested data for lock!
[22:23:47] Player (Majky, 76561198275611052)(<3421.042480, 15.097157, 5042.374512>) requested data for lock!
[22:24:17] Player (Majky, 76561198275611052)(<3585.483643, 23.219879, 4879.533691>) requested data for lock!
[22:24:17] Player (bliki, 76561198996710275)(<3585.483643, 23.219879, 4879.533691>) requested data for lock!
[22:24:24] Player (Majky, 76561198275611052)(<3276.376465, 34.151474, 4613.831055>) requested data for lock!
[22:24:24] Player (bliki, 76561198996710275)(<3276.376465, 34.151474, 4613.831055>) requested data for lock!
[22:26:07] Player (Majky, 76561198275611052)(<3411.108643, 12.659751, 5048.064941>) requested data for lock!
[22:26:07] Player (Majky, 76561198275611052)(<3421.042480, 15.097157, 5042.374512>) requested data for lock!
[22:26:07] Player (Majky, 76561198275611052)(<3474.218506, 6.642277, 5363.240723>) requested data for lock!
[22:26:08] Player (Majky, 76561198275611052)(<3468.044189, 4.259703, 5369.500977>) requested data for lock!
[22:26:10] Player (Majky, 76561198275611052)(<3460.936523, 4.847070, 5356.074219>) requested data for lock!
[22:26:10] Player (Majky, 76561198275611052)(<3276.376465, 34.151474, 4613.831055>) requested data for lock!
[22:26:10] Player (Majky, 76561198275611052)(<3585.483643, 23.219879, 4879.533691>) requested data for lock!
[22:26:10] Player (Majky, 76561198275611052)(<2435.960938, 55.353981, 5288.420898>) requested data for lock!
[22:26:10] Player (Majky, 76561198275611052)(<2436.508545, 53.178806, 5278.377441>) requested data for lock!
[22:26:36] Player (Majky, 76561198275611052)(<4380.106445, 2.076707, 5958.709961>) requested data for lock!
[22:26:37] Player (Majky, 76561198275611052)(<4379.876953, 2.008279, 5963.796387>) requested data for lock!
[22:26:37] Player (Majky, 76561198275611052)(<4378.048340, 1.954537, 5968.927246>) requested data for lock!
[22:26:37] Player (Majky, 76561198275611052)(<4373.662109, 3.838867, 5976.322266>) requested data for lock!
[22:28:33] Player (Majky, 76561198275611052)(<4380.106445, 2.076707, 5958.709961>) requested data for lock!
[22:28:33] Player (Majky, 76561198275611052)(<4379.876953, 2.008279, 5963.796387>) requested data for lock!
[22:28:33] Player (Majky, 76561198275611052)(<4378.048340, 1.954537, 5968.927246>) requested data for lock!
[22:28:34] Player (Majky, 76561198275611052)(<4373.662109, 3.838867, 5976.322266>) requested data for lock!
[22:28:47] Player (bliki, 76561198996710275)(<4380.106445, 2.076707, 5958.709961>) requested data for lock!
[22:28:47] Player (bliki, 76561198996710275)(<4379.876953, 2.008279, 5963.796387>) requested data for lock!
[22:28:48] Player (bliki, 76561198996710275)(<4378.048340, 1.954537, 5968.927246>) requested data for lock!
[22:28:48] Player (bliki, 76561198996710275)(<4373.662109, 3.838867, 5976.322266>) requested data for lock!
[22:29:25] Player (Majky, 76561198275611052)(<4379.876953, 2.008279, 5963.796387>) requested data for lock!
[22:29:25] Player (Majky, 76561198275611052)(<4378.048340, 1.954537, 5968.927246>) requested data for lock!
[22:29:25] Player (Majky, 76561198275611052)(<4373.662109, 3.838867, 5976.322266>) requested data for lock!
[23:34:45] Player (Maltrix CZE, 76561198188251693)(<4373.662109, 3.838867, 5976.322266>) requested data for lock!
[23:34:45] Player (Maltrix CZE, 76561198188251693)(<4378.048340, 1.954537, 5968.927246>) requested data for lock!
[23:34:45] Player (Maltrix CZE, 76561198188251693)(<4379.876953, 2.008279, 5963.796387>) requested data for lock!
[23:34:46] Player (Maltrix CZE, 76561198188251693)(<4380.106445, 2.076707, 5958.709961>) requested data for lock!
