[07-19-2022][00.02.40] New Synch Log File Created!
[00:05:58] Player (Kocur69, 76561198295570264)(<3585.483643, 23.219879, 4879.533691>) requested data for lock!
[01:40:16] Player (Kocur69, 76561198295570264)(<3276.376465, 34.151474, 4613.831055>) requested data for lock!
[01:49:05] Player (Kocur69, 76561198295570264)(<3276.376465, 34.151474, 4613.831055>) requested data for lock!
[01:56:53] Player (Kocur69, 76561198295570264)(<4489.105957, 1.163242, 3118.035645>) requested data for lock!
[01:57:07] Player (Kocur69, 76561198295570264)(<4450.335449, 6.887537, 3090.050293>) requested data for lock!
[01:57:17] Player (Kocur69, 76561198295570264)(<5703.666016, 4.296862, 3579.834473>) requested data for lock!
[01:57:18] Player (Kocur69, 76561198295570264)(<5704.501465, 4.296862, 3574.349854>) requested data for lock!
[07-19-2022][04.02.32] Log file reloaded ( Server Restart )
[07-19-2022][06.05.52] Log file reloaded ( Server Restart )
[07-19-2022][08.02.43] Log file reloaded ( Server Restart )
[07-19-2022][09.15.01] Log file reloaded ( Server Restart )
[09:22:10] Player (Majky, 76561198275611052)(<3276.376465, 34.151474, 4613.831055>) requested data for lock!
[09:22:10] Player (Majky, 76561198275611052)(<4379.876953, 2.008279, 5963.796387>) requested data for lock!
[09:22:10] Player (Majky, 76561198275611052)(<4380.106445, 2.076707, 5958.709961>) requested data for lock!
[09:22:10] Player (Majky, 76561198275611052)(<4373.662109, 3.838867, 5976.322266>) requested data for lock!
[09:22:10] Player (Majky, 76561198275611052)(<4378.048340, 1.954537, 5968.927246>) requested data for lock!
[09:22:10] Player (Majky, 76561198275611052)(<3474.218506, 6.642277, 5363.240723>) requested data for lock!
[09:22:10] Player (Majky, 76561198275611052)(<3411.108643, 12.659751, 5048.064941>) requested data for lock!
[09:22:10] Player (Majky, 76561198275611052)(<3421.042480, 15.097157, 5042.374512>) requested data for lock!
[09:22:10] Player (Majky, 76561198275611052)(<3460.936523, 4.847070, 5356.074219>) requested data for lock!
[09:22:10] Player (Majky, 76561198275611052)(<3468.044189, 4.259703, 5369.500977>) requested data for lock!
[09:22:10] Player (Majky, 76561198275611052)(<3585.483643, 23.219879, 4879.533691>) requested data for lock!
[10:11:35] Player (Majky, 76561198275611052)(<4379.876953, 2.008279, 5963.796387>) requested data for lock!
[10:11:35] Player (Majky, 76561198275611052)(<4380.106445, 2.076707, 5958.709961>) requested data for lock!
[10:11:35] Player (Majky, 76561198275611052)(<4373.662109, 3.838867, 5976.322266>) requested data for lock!
[10:11:35] Player (Majky, 76561198275611052)(<4378.048340, 1.954537, 5968.927246>) requested data for lock!
[10:11:35] Player (Majky, 76561198275611052)(<3474.218506, 6.642277, 5363.240723>) requested data for lock!
[10:11:35] Player (Majky, 76561198275611052)(<3468.044189, 4.259703, 5369.500977>) requested data for lock!
[10:11:35] Player (Majky, 76561198275611052)(<3460.936523, 4.847070, 5356.074219>) requested data for lock!
[10:11:35] Player (Majky, 76561198275611052)(<3411.108643, 12.659751, 5048.064941>) requested data for lock!
[10:11:35] Player (Majky, 76561198275611052)(<3421.042480, 15.097157, 5042.374512>) requested data for lock!
[10:11:35] Player (Majky, 76561198275611052)(<3585.483643, 23.219879, 4879.533691>) requested data for lock!
[10:11:35] Player (Majky, 76561198275611052)(<3276.376465, 34.151474, 4613.831055>) requested data for lock!
[10:23:09] Player (Majky, 76561198275611052)(<2436.508545, 53.178806, 5278.377441>) requested data for lock!
[10:23:09] Player (Majky, 76561198275611052)(<2435.960938, 55.353981, 5288.420898>) requested data for lock!
[10:28:33] Player (Majky, 76561198275611052)(<3411.108643, 12.659751, 5048.064941>) requested data for lock!
[10:28:34] Player (Majky, 76561198275611052)(<3421.042480, 15.097157, 5042.374512>) requested data for lock!
[10:31:14] Player (Majky, 76561198275611052)(<3411.108643, 12.659751, 5048.064941>) requested data for lock!
[10:31:15] Player (Majky, 76561198275611052)(<3460.936523, 4.847070, 5356.074219>) requested data for lock!
[10:31:15] Player (Majky, 76561198275611052)(<3468.044189, 4.259703, 5369.500977>) requested data for lock!
[10:31:15] Player (Majky, 76561198275611052)(<3421.042480, 15.097157, 5042.374512>) requested data for lock!
[10:31:15] Player (Majky, 76561198275611052)(<3474.218506, 6.642277, 5363.240723>) requested data for lock!
[10:31:24] Player (Majky, 76561198275611052)(<3276.376465, 34.151474, 4613.831055>) requested data for lock!
[10:31:25] Player (Majky, 76561198275611052)(<3585.483643, 23.219879, 4879.533691>) requested data for lock!
[10:32:22] Player (Majky, 76561198275611052)(<4380.106445, 2.076707, 5958.709961>) requested data for lock!
[10:32:23] Player (Majky, 76561198275611052)(<4379.876953, 2.008279, 5963.796387>) requested data for lock!
[10:32:23] Player (Majky, 76561198275611052)(<4378.048340, 1.954537, 5968.927246>) requested data for lock!
[10:32:24] Player (Majky, 76561198275611052)(<4373.662109, 3.838867, 5976.322266>) requested data for lock!
[10:41:58] Player (Majky, 76561198275611052)(<4489.105957, 1.163242, 3118.035645>) requested data for lock!
[10:42:00] Player (Majky, 76561198275611052)(<4450.335449, 6.887537, 3090.050293>) requested data for lock!
[10:42:16] Player (Majky, 76561198275611052)(<3922.433105, 41.602104, 2912.677246>) requested data for lock!
[10:42:19] Player (Majky, 76561198275611052)(<5704.501465, 4.296862, 3574.349854>) requested data for lock!
[10:42:19] Player (Majky, 76561198275611052)(<5703.666016, 4.296862, 3579.834473>) requested data for lock!
[07-19-2022][12.02.36] Log file reloaded ( Server Restart )
[12:13:17] Player (Kocur69, 76561198295570264)(<5704.501465, 4.296862, 3574.349854>) requested data for lock!
[12:13:17] Player (Kocur69, 76561198295570264)(<5703.666016, 4.296862, 3579.834473>) requested data for lock!
[12:28:44] Player (Kocur69, 76561198295570264)(<4489.105957, 1.163242, 3118.035645>) requested data for lock!
[12:28:47] Player (Kocur69, 76561198295570264)(<4450.335449, 6.887537, 3090.050293>) requested data for lock!
[12:29:40] Player (Kocur69, 76561198295570264)(<3585.483643, 23.219879, 4879.533691>) requested data for lock!
[12:30:24] Player (Kocur69, 76561198295570264)(<3276.376465, 34.151474, 4613.831055>) requested data for lock!
[12:35:27] Player (Kocur69, 76561198295570264)(<3276.376465, 34.151474, 4613.831055>) requested data for lock!
[12:39:20] Player (Kocur69, 76561198295570264)(<4450.335449, 6.887537, 3090.050293>) requested data for lock!
[12:44:12] Player (Kocur69, 76561198295570264)(<3276.376465, 34.151474, 4613.831055>) requested data for lock!
[12:46:48] Player (Kocur69, 76561198295570264)(<3585.483643, 23.219879, 4879.533691>) requested data for lock!
[12:50:18] Player (Kocur69, 76561198295570264)(<3276.376465, 34.151474, 4613.831055>) requested data for lock!
[12:54:01] Player (Kocur69, 76561198295570264)(<4489.105957, 1.163242, 3118.035645>) requested data for lock!
[12:54:04] Player (Kocur69, 76561198295570264)(<4450.335449, 6.887537, 3090.050293>) requested data for lock!
[12:54:13] Player (Kocur69, 76561198295570264)(<5703.666016, 4.296862, 3579.834473>) requested data for lock!
[12:54:13] Player (Kocur69, 76561198295570264)(<5704.501465, 4.296862, 3574.349854>) requested data for lock!
[13:03:35] Player (Kocur69, 76561198295570264)(<7775.609863, 4.453664, 789.851563>) requested data for lock!
[13:03:35] Player (Kocur69, 76561198295570264)(<7775.624023, 4.453664, 789.218628>) requested data for lock!
[13:03:38] Player (Kocur69, 76561198295570264)(<7784.830566, 4.453664, 786.340027>) requested data for lock!
[13:10:29] Player (Kocur69, 76561198295570264)(<7775.609863, 4.453664, 789.851563>) requested data for lock!
[13:10:29] Player (Kocur69, 76561198295570264)(<7775.624023, 4.453664, 789.218628>) requested data for lock!
[13:13:43] Player (Kocur69, 76561198295570264)(<7775.609863, 4.453664, 789.851563>) requested data for lock!
[13:13:43] Player (Kocur69, 76561198295570264)(<7775.624023, 4.453664, 789.218628>) requested data for lock!
[13:13:46] Player (Kocur69, 76561198295570264)(<7784.830566, 4.453664, 786.340027>) requested data for lock!
[13:44:57] Player (MADness, 76561198968762750)(<3585.483643, 23.219879, 4879.533691>) requested data for lock!
[13:44:57] Player (MADness, 76561198968762750)(<3276.376465, 34.151474, 4613.831055>) requested data for lock!
[13:46:31] Player (MADness, 76561198968762750)(<2436.508545, 53.178806, 5278.377441>) requested data for lock!
[13:46:31] Player (MADness, 76561198968762750)(<3460.936523, 4.847070, 5356.074219>) requested data for lock!
[13:46:32] Player (MADness, 76561198968762750)(<3474.218506, 6.642277, 5363.240723>) requested data for lock!
[13:46:32] Player (MADness, 76561198968762750)(<3468.044189, 4.259703, 5369.500977>) requested data for lock!
[13:46:32] Player (MADness, 76561198968762750)(<2435.960938, 55.353981, 5288.420898>) requested data for lock!
[14:00:11] Player (Majky, 76561198275611052)(<5704.501465, 4.296862, 3574.349854>) requested data for lock!
[14:00:11] Player (Majky, 76561198275611052)(<5703.666016, 4.296862, 3579.834473>) requested data for lock!
[14:00:43] Player (Majky, 76561198275611052)(<4489.105957, 1.163242, 3118.035645>) requested data for lock!
[14:00:45] Player (Majky, 76561198275611052)(<4450.335449, 6.887537, 3090.050293>) requested data for lock!
[14:01:57] Player (Majky, 76561198275611052)(<3585.483643, 23.219879, 4879.533691>) requested data for lock!
[14:03:04] Player (Majky, 76561198275611052)(<3276.376465, 34.151474, 4613.831055>) requested data for lock!
[14:07:20] Player (MADness, 76561198968762750)(<4450.335449, 6.887537, 3090.050293>) requested data for lock!
[14:07:21] Player (MADness, 76561198968762750)(<4489.105957, 1.163242, 3118.035645>) requested data for lock!
[14:07:23] Player (MADness, 76561198968762750)(<3922.433105, 41.602104, 2912.677246>) requested data for lock!
[14:07:51] Player (Majky, 76561198275611052)(<3585.483643, 23.219879, 4879.533691>) requested data for lock!
[14:08:07] Player (Majky, 76561198275611052)(<3421.042480, 15.097157, 5042.374512>) requested data for lock!
[14:08:08] Player (Majky, 76561198275611052)(<3411.108643, 12.659751, 5048.064941>) requested data for lock!
[14:08:14] Player (Majky, 76561198275611052)(<3474.218506, 6.642277, 5363.240723>) requested data for lock!
[14:08:15] Player (Majky, 76561198275611052)(<3460.936523, 4.847070, 5356.074219>) requested data for lock!
[14:08:15] Player (Majky, 76561198275611052)(<3468.044189, 4.259703, 5369.500977>) requested data for lock!
[14:08:26] Player (Majky, 76561198275611052)(<4380.106445, 2.076707, 5958.709961>) requested data for lock!
[14:08:26] Player (Majky, 76561198275611052)(<4379.876953, 2.008279, 5963.796387>) requested data for lock!
[14:08:26] Player (Majky, 76561198275611052)(<4378.048340, 1.954537, 5968.927246>) requested data for lock!
[14:08:27] Player (Majky, 76561198275611052)(<3276.376465, 34.151474, 4613.831055>) requested data for lock!
[14:08:27] Player (Majky, 76561198275611052)(<4373.662109, 3.838867, 5976.322266>) requested data for lock!
[14:08:40] Player (Majky, 76561198275611052)(<3276.376465, 34.151474, 4613.831055>) requested data for lock!
[14:10:12] Player (MADness, 76561198968762750)(<3460.936523, 4.847070, 5356.074219>) requested data for lock!
[14:10:13] Player (MADness, 76561198968762750)(<3474.218506, 6.642277, 5363.240723>) requested data for lock!
[14:10:13] Player (MADness, 76561198968762750)(<3468.044189, 4.259703, 5369.500977>) requested data for lock!
[14:10:13] Player (MADness, 76561198968762750)(<2435.960938, 55.353981, 5288.420898>) requested data for lock!
[14:10:13] Player (MADness, 76561198968762750)(<2436.508545, 53.178806, 5278.377441>) requested data for lock!
[14:11:46] Player (MADness, 76561198968762750)(<4450.335449, 6.887537, 3090.050293>) requested data for lock!
[14:11:46] Player (MADness, 76561198968762750)(<4489.105957, 1.163242, 3118.035645>) requested data for lock!
[14:11:47] Player (MADness, 76561198968762750)(<3922.433105, 41.602104, 2912.677246>) requested data for lock!
[14:19:08] Player (Kocur69, 76561198295570264)(<7775.609863, 4.453664, 789.851563>) requested data for lock!
[14:19:08] Player (Kocur69, 76561198295570264)(<7775.624023, 4.453664, 789.218628>) requested data for lock!
[14:19:08] Player (Kocur69, 76561198295570264)(<7784.830566, 4.453664, 786.340027>) requested data for lock!
[14:41:46] Player (Majky, 76561198275611052)(<3460.936523, 4.847070, 5356.074219>) requested data for lock!
[14:41:46] Player (Majky, 76561198275611052)(<4373.662109, 3.838867, 5976.322266>) requested data for lock!
[14:41:46] Player (Majky, 76561198275611052)(<4380.106445, 2.076707, 5958.709961>) requested data for lock!
[14:41:46] Player (Majky, 76561198275611052)(<4379.876953, 2.008279, 5963.796387>) requested data for lock!
[14:41:46] Player (Majky, 76561198275611052)(<4378.048340, 1.954537, 5968.927246>) requested data for lock!
[14:41:46] Player (Majky, 76561198275611052)(<3585.483643, 23.219879, 4879.533691>) requested data for lock!
[14:41:46] Player (Majky, 76561198275611052)(<3474.218506, 6.642277, 5363.240723>) requested data for lock!
[14:41:46] Player (Majky, 76561198275611052)(<3411.108643, 12.659751, 5048.064941>) requested data for lock!
[14:41:46] Player (Majky, 76561198275611052)(<3421.042480, 15.097157, 5042.374512>) requested data for lock!
[14:41:46] Player (Majky, 76561198275611052)(<3468.044189, 4.259703, 5369.500977>) requested data for lock!
[14:41:46] Player (Majky, 76561198275611052)(<3276.376465, 34.151474, 4613.831055>) requested data for lock!
[14:42:45] Player (Majky, 76561198275611052)(<4378.048340, 1.954537, 5968.927246>) requested data for lock!
[14:42:45] Player (Majky, 76561198275611052)(<4373.662109, 3.838867, 5976.322266>) requested data for lock!
[14:43:16] Player (Majky, 76561198275611052)(<2436.508545, 53.178806, 5278.377441>) requested data for lock!
[14:43:16] Player (Majky, 76561198275611052)(<2435.960938, 55.353981, 5288.420898>) requested data for lock!
[14:44:36] Player (Majky, 76561198275611052)(<3468.044189, 4.259703, 5369.500977>) requested data for lock!
[14:44:36] Player (Majky, 76561198275611052)(<3460.936523, 4.847070, 5356.074219>) requested data for lock!
[14:44:36] Player (Majky, 76561198275611052)(<3474.218506, 6.642277, 5363.240723>) requested data for lock!
[14:44:43] Player (Majky, 76561198275611052)(<3411.108643, 12.659751, 5048.064941>) requested data for lock!
[14:44:44] Player (Majky, 76561198275611052)(<3421.042480, 15.097157, 5042.374512>) requested data for lock!
[14:48:43] Player (Majky, 76561198275611052)(<3411.108643, 12.659751, 5048.064941>) requested data for lock!
[14:48:44] Player (Majky, 76561198275611052)(<3421.042480, 15.097157, 5042.374512>) requested data for lock!
[14:49:09] Player (Majky, 76561198275611052)(<4373.662109, 3.838867, 5976.322266>) requested data for lock!
[14:49:09] Player (Majky, 76561198275611052)(<4378.048340, 1.954537, 5968.927246>) requested data for lock!
[14:49:09] Player (Majky, 76561198275611052)(<4379.876953, 2.008279, 5963.796387>) requested data for lock!
[14:49:09] Player (Majky, 76561198275611052)(<4380.106445, 2.076707, 5958.709961>) requested data for lock!
[15:20:43] Player (ousebio, 76561198176944446)(<3585.483643, 23.219879, 4879.533691>) requested data for lock!
[15:22:10] Player (ousebio, 76561198176944446)(<3276.376465, 34.151474, 4613.831055>) requested data for lock!
[15:26:51] Player (ousebio, 76561198176944446)(<3276.376465, 34.151474, 4613.831055>) requested data for lock!
[15:29:01] Player (Kocur69, 76561198295570264)(<5704.501465, 4.296862, 3574.349854>) requested data for lock!
[15:29:01] Player (Kocur69, 76561198295570264)(<5703.666016, 4.296862, 3579.834473>) requested data for lock!
[15:33:17] Player (ousebio, 76561198176944446)(<4489.105957, 1.163242, 3118.035645>) requested data for lock!
[15:34:31] Player (ousebio, 76561198176944446)(<3276.376465, 34.151474, 4613.831055>) requested data for lock!
[15:38:59] Player (ousebio, 76561198176944446)(<3276.376465, 34.151474, 4613.831055>) requested data for lock!
[15:39:29] Player (Kocur69, 76561198295570264)(<4489.105957, 1.163242, 3118.035645>) requested data for lock!
[15:39:33] Player (Kocur69, 76561198295570264)(<4450.335449, 6.887537, 3090.050293>) requested data for lock!
[15:40:18] Player (Kocur69, 76561198295570264)(<3585.483643, 23.219879, 4879.533691>) requested data for lock!
[15:40:28] Player (Kocur69, 76561198295570264)(<3585.483643, 23.219879, 4879.533691>) requested data for lock!
[15:42:29] Player (Kocur69, 76561198295570264)(<3276.376465, 34.151474, 4613.831055>) requested data for lock!
[15:42:51] Player (ousebio, 76561198176944446)(<3276.376465, 34.151474, 4613.831055>) requested data for lock!
[15:46:29] Player (ousebio, 76561198176944446)(<3276.376465, 34.151474, 4613.831055>) requested data for lock!
[15:46:38] Player (Belthazar, 76561198038755126)(<3585.483643, 23.219879, 4879.533691>) requested data for lock!
[15:46:38] Player (Belthazar, 76561198038755126)(<3276.376465, 34.151474, 4613.831055>) requested data for lock!
[15:48:38] Player (Kocur69, 76561198295570264)(<3276.376465, 34.151474, 4613.831055>) requested data for lock!
[15:57:21] Player (ousebio, 76561198176944446)(<3276.376465, 34.151474, 4613.831055>) requested data for lock!
[07-19-2022][16.02.35] Log file reloaded ( Server Restart )
[16:03:51] Player (Kocur69, 76561198295570264)(<3585.483643, 23.219879, 4879.533691>) requested data for lock!
[16:04:46] Player (Kocur69, 76561198295570264)(<3276.376465, 34.151474, 4613.831055>) requested data for lock!
[16:06:47] Player (ousebio, 76561198176944446)(<3585.483643, 23.219879, 4879.533691>) requested data for lock!
[16:07:06] Player (ousebio, 76561198176944446)(<3276.376465, 34.151474, 4613.831055>) requested data for lock!
[16:07:40] Player (Kocur69, 76561198295570264)(<4489.105957, 1.163242, 3118.035645>) requested data for lock!
[16:08:19] Player (ousebio, 76561198176944446)(<3276.376465, 34.151474, 4613.831055>) requested data for lock!
[16:08:54] Player (Kocur69, 76561198295570264)(<3276.376465, 34.151474, 4613.831055>) requested data for lock!
[16:09:26] Player (Belthazar, 76561198038755126)(<3585.483643, 23.219879, 4879.533691>) requested data for lock!
[16:09:26] Player (Belthazar, 76561198038755126)(<3276.376465, 34.151474, 4613.831055>) requested data for lock!
[16:10:29] Player (Belthazar, 76561198038755126)(<4489.105957, 1.163242, 3118.035645>) requested data for lock!
[16:10:33] Player (Belthazar, 76561198038755126)(<4450.335449, 6.887537, 3090.050293>) requested data for lock!
[16:10:48] Player (Belthazar, 76561198038755126)(<3922.433105, 41.602104, 2912.677246>) requested data for lock!
[16:11:17] Player (ousebio, 76561198176944446)(<3276.376465, 34.151474, 4613.831055>) requested data for lock!
[16:13:09] Player (ousebio, 76561198176944446)(<3276.376465, 34.151474, 4613.831055>) requested data for lock!
[16:13:12] Player (Kocur69, 76561198295570264)(<3276.376465, 34.151474, 4613.831055>) requested data for lock!
[16:14:00] Player (Kocur69, 76561198295570264)(<3276.376465, 34.151474, 4613.831055>) requested data for lock!
[16:14:17] Player (ousebio, 76561198176944446)(<3276.376465, 34.151474, 4613.831055>) requested data for lock!
[16:14:33] Player (Kocur69, 76561198295570264)(<3421.042480, 15.097157, 5042.374512>) requested data for lock!
[16:14:33] Player (ousebio, 76561198176944446)(<3421.042480, 15.097157, 5042.374512>) requested data for lock!
[16:14:34] Player (ousebio, 76561198176944446)(<3411.108643, 12.659751, 5048.064941>) requested data for lock!
[16:14:34] Player (Kocur69, 76561198295570264)(<3411.108643, 12.659751, 5048.064941>) requested data for lock!
[16:14:53] Player (ousebio, 76561198176944446)(<3460.936523, 4.847070, 5356.074219>) requested data for lock!
[16:14:53] Player (Kocur69, 76561198295570264)(<3460.936523, 4.847070, 5356.074219>) requested data for lock!
[16:14:53] Player (ousebio, 76561198176944446)(<3474.218506, 6.642277, 5363.240723>) requested data for lock!
[16:14:53] Player (Kocur69, 76561198295570264)(<3474.218506, 6.642277, 5363.240723>) requested data for lock!
[16:14:54] Player (ousebio, 76561198176944446)(<3468.044189, 4.259703, 5369.500977>) requested data for lock!
[16:14:54] Player (Kocur69, 76561198295570264)(<3468.044189, 4.259703, 5369.500977>) requested data for lock!
[16:16:51] Player (Kocur69, 76561198295570264)(<2436.508545, 53.178806, 5278.377441>) requested data for lock!
[16:16:51] Player (Kocur69, 76561198295570264)(<2435.960938, 55.353981, 5288.420898>) requested data for lock!
[16:16:51] Player (ousebio, 76561198176944446)(<2436.508545, 53.178806, 5278.377441>) requested data for lock!
[16:16:51] Player (ousebio, 76561198176944446)(<2435.960938, 55.353981, 5288.420898>) requested data for lock!
[16:20:50] Player (Majky, 76561198275611052)(<4379.876953, 2.008279, 5963.796387>) requested data for lock!
[16:20:50] Player (Majky, 76561198275611052)(<4380.106445, 2.076707, 5958.709961>) requested data for lock!
[16:20:50] Player (Majky, 76561198275611052)(<4378.048340, 1.954537, 5968.927246>) requested data for lock!
[16:20:50] Player (Majky, 76561198275611052)(<4373.662109, 3.838867, 5976.322266>) requested data for lock!
[16:21:52] Player (ousebio, 76561198176944446)(<3460.936523, 4.847070, 5356.074219>) requested data for lock!
[16:21:52] Player (Kocur69, 76561198295570264)(<3460.936523, 4.847070, 5356.074219>) requested data for lock!
[16:21:53] Player (ousebio, 76561198176944446)(<3468.044189, 4.259703, 5369.500977>) requested data for lock!
[16:21:53] Player (Kocur69, 76561198295570264)(<3468.044189, 4.259703, 5369.500977>) requested data for lock!
[16:21:54] Player (ousebio, 76561198176944446)(<3474.218506, 6.642277, 5363.240723>) requested data for lock!
[16:21:55] Player (Kocur69, 76561198295570264)(<3474.218506, 6.642277, 5363.240723>) requested data for lock!
[16:22:00] Player (Majky, 76561198275611052)(<3474.218506, 6.642277, 5363.240723>) requested data for lock!
[16:22:00] Player (Majky, 76561198275611052)(<3468.044189, 4.259703, 5369.500977>) requested data for lock!
[16:22:02] Player (Majky, 76561198275611052)(<3460.936523, 4.847070, 5356.074219>) requested data for lock!
[16:23:01] Player (Majky, 76561198275611052)(<3411.108643, 12.659751, 5048.064941>) requested data for lock!
[16:23:02] Player (Majky, 76561198275611052)(<2435.960938, 55.353981, 5288.420898>) requested data for lock!
[16:23:02] Player (Majky, 76561198275611052)(<2436.508545, 53.178806, 5278.377441>) requested data for lock!
[16:23:02] Player (Majky, 76561198275611052)(<3421.042480, 15.097157, 5042.374512>) requested data for lock!
[16:26:47] Player (Majky, 76561198275611052)(<3411.108643, 12.659751, 5048.064941>) requested data for lock!
[16:26:47] Player (Majky, 76561198275611052)(<3460.936523, 4.847070, 5356.074219>) requested data for lock!
[16:26:48] Player (Majky, 76561198275611052)(<3468.044189, 4.259703, 5369.500977>) requested data for lock!
[16:26:48] Player (Majky, 76561198275611052)(<3421.042480, 15.097157, 5042.374512>) requested data for lock!
[16:26:48] Player (Majky, 76561198275611052)(<3474.218506, 6.642277, 5363.240723>) requested data for lock!
[16:26:56] Player (Majky, 76561198275611052)(<3276.376465, 34.151474, 4613.831055>) requested data for lock!
[16:26:57] Player (Majky, 76561198275611052)(<3585.483643, 23.219879, 4879.533691>) requested data for lock!
[16:29:23] Player (Majky, 76561198275611052)(<4380.106445, 2.076707, 5958.709961>) requested data for lock!
[16:29:24] Player (Majky, 76561198275611052)(<4379.876953, 2.008279, 5963.796387>) requested data for lock!
[16:29:24] Player (Majky, 76561198275611052)(<4378.048340, 1.954537, 5968.927246>) requested data for lock!
[16:29:24] Player (Majky, 76561198275611052)(<4373.662109, 3.838867, 5976.322266>) requested data for lock!
[16:32:22] Player (Majky, 76561198275611052)(<4380.106445, 2.076707, 5958.709961>) requested data for lock!
[16:32:22] Player (Majky, 76561198275611052)(<4379.876953, 2.008279, 5963.796387>) requested data for lock!
[16:32:23] Player (Majky, 76561198275611052)(<4378.048340, 1.954537, 5968.927246>) requested data for lock!
[16:32:23] Player (Majky, 76561198275611052)(<4373.662109, 3.838867, 5976.322266>) requested data for lock!
[16:38:23] Player (Belthazar, 76561198038755126)(<4450.335449, 6.887537, 3090.050293>) requested data for lock!
[16:38:24] Player (Belthazar, 76561198038755126)(<4489.105957, 1.163242, 3118.035645>) requested data for lock!
[16:38:25] Player (Belthazar, 76561198038755126)(<3922.433105, 41.602104, 2912.677246>) requested data for lock!
[16:49:45] Player (Majky, 76561198275611052)(<2436.508545, 53.178806, 5278.377441>) requested data for lock!
[16:49:45] Player (Majky, 76561198275611052)(<2435.960938, 55.353981, 5288.420898>) requested data for lock!
[16:52:10] Player (Majky, 76561198275611052)(<4380.106445, 2.076707, 5958.709961>) requested data for lock!
[16:52:11] Player (Majky, 76561198275611052)(<4379.876953, 2.008279, 5963.796387>) requested data for lock!
[16:52:11] Player (Majky, 76561198275611052)(<4378.048340, 1.954537, 5968.927246>) requested data for lock!
[16:52:11] Player (Majky, 76561198275611052)(<4373.662109, 3.838867, 5976.322266>) requested data for lock!
[16:59:42] Player (Majky, 76561198275611052)(<4489.105957, 1.163242, 3118.035645>) requested data for lock!
[17:02:16] Player (Belthazar, 76561198038755126)(<3585.483643, 23.219879, 4879.533691>) requested data for lock!
[17:02:21] Player (Belthazar, 76561198038755126)(<3276.376465, 34.151474, 4613.831055>) requested data for lock!
[17:02:30] Player (Majky, 76561198275611052)(<3421.042480, 15.097157, 5042.374512>) requested data for lock!
[17:02:44] Player (Majky, 76561198275611052)(<3411.108643, 12.659751, 5048.064941>) requested data for lock!
[17:08:07] Player (Belthazar, 76561198038755126)(<3276.376465, 34.151474, 4613.831055>) requested data for lock!
[17:08:07] Player (Belthazar, 76561198038755126)(<3585.483643, 23.219879, 4879.533691>) requested data for lock!
[17:22:33] Player (Belthazar, 76561198038755126)(<4489.105957, 1.163242, 3118.035645>) requested data for lock!
[17:22:36] Player (Belthazar, 76561198038755126)(<4450.335449, 6.887537, 3090.050293>) requested data for lock!
[17:22:54] Player (Belthazar, 76561198038755126)(<3922.433105, 41.602104, 2912.677246>) requested data for lock!
[17:50:12] Player (MADness, 76561198968762750)(<4450.335449, 6.887537, 3090.050293>) requested data for lock!
[17:50:12] Player (MADness, 76561198968762750)(<4489.105957, 1.163242, 3118.035645>) requested data for lock!
[17:50:12] Player (MADness, 76561198968762750)(<3922.433105, 41.602104, 2912.677246>) requested data for lock!
[18:00:09] Player (MADness, 76561198968762750)(<3276.376465, 34.151474, 4613.831055>) requested data for lock!
[18:00:33] Player (MADness, 76561198968762750)(<3585.483643, 23.219879, 4879.533691>) requested data for lock!
[18:02:06] Player (MADness, 76561198968762750)(<3421.042480, 15.097157, 5042.374512>) requested data for lock!
[18:02:06] Player (MADness, 76561198968762750)(<3411.108643, 12.659751, 5048.064941>) requested data for lock!
[18:02:25] Player (MADness, 76561198968762750)(<3460.936523, 4.847070, 5356.074219>) requested data for lock!
[18:02:36] Player (MADness, 76561198968762750)(<3474.218506, 6.642277, 5363.240723>) requested data for lock!
[18:02:36] Player (MADness, 76561198968762750)(<3468.044189, 4.259703, 5369.500977>) requested data for lock!
[18:04:11] Player (MADness, 76561198968762750)(<3585.483643, 23.219879, 4879.533691>) requested data for lock!
[18:04:14] Player (MADness, 76561198968762750)(<3411.108643, 12.659751, 5048.064941>) requested data for lock!
[18:04:14] Player (MADness, 76561198968762750)(<3421.042480, 15.097157, 5042.374512>) requested data for lock!
[18:04:16] Player (MADness, 76561198968762750)(<3460.936523, 4.847070, 5356.074219>) requested data for lock!
[18:04:18] Player (MADness, 76561198968762750)(<3474.218506, 6.642277, 5363.240723>) requested data for lock!
[18:04:18] Player (MADness, 76561198968762750)(<3468.044189, 4.259703, 5369.500977>) requested data for lock!
[18:04:29] Player (MADness, 76561198968762750)(<2436.508545, 53.178806, 5278.377441>) requested data for lock!
[18:04:30] Player (MADness, 76561198968762750)(<2435.960938, 55.353981, 5288.420898>) requested data for lock!
[18:06:07] Player (MADness, 76561198968762750)(<4379.876953, 2.008279, 5963.796387>) requested data for lock!
[18:06:07] Player (MADness, 76561198968762750)(<4380.106445, 2.076707, 5958.709961>) requested data for lock!
[18:06:07] Player (MADness, 76561198968762750)(<4378.048340, 1.954537, 5968.927246>) requested data for lock!
[18:06:07] Player (MADness, 76561198968762750)(<4373.662109, 3.838867, 5976.322266>) requested data for lock!
[18:06:56] Player (MADness, 76561198968762750)(<2436.508545, 53.178806, 5278.377441>) requested data for lock!
[18:06:56] Player (MADness, 76561198968762750)(<2435.960938, 55.353981, 5288.420898>) requested data for lock!
[18:09:17] Player (MADness, 76561198968762750)(<3411.108643, 12.659751, 5048.064941>) requested data for lock!
[18:09:22] Player (MADness, 76561198968762750)(<3421.042480, 15.097157, 5042.374512>) requested data for lock!
[18:09:29] Player (MADness, 76561198968762750)(<3585.483643, 23.219879, 4879.533691>) requested data for lock!
[18:09:32] Player (MADness, 76561198968762750)(<3276.376465, 34.151474, 4613.831055>) requested data for lock!
[18:10:21] Player (MADness, 76561198968762750)(<4450.335449, 6.887537, 3090.050293>) requested data for lock!
[18:10:21] Player (MADness, 76561198968762750)(<4489.105957, 1.163242, 3118.035645>) requested data for lock!
[18:10:22] Player (MADness, 76561198968762750)(<3922.433105, 41.602104, 2912.677246>) requested data for lock!
[18:54:17] Player (Majky, 76561198275611052)(<3276.376465, 34.151474, 4613.831055>) requested data for lock!
[18:54:17] Player (Majky, 76561198275611052)(<3585.483643, 23.219879, 4879.533691>) requested data for lock!
[18:55:00] Player (Majky, 76561198275611052)(<3421.042480, 15.097157, 5042.374512>) requested data for lock!
[18:55:00] Player (Majky, 76561198275611052)(<3411.108643, 12.659751, 5048.064941>) requested data for lock!
[18:55:10] Player (Majky, 76561198275611052)(<3460.936523, 4.847070, 5356.074219>) requested data for lock!
[18:55:10] Player (Majky, 76561198275611052)(<3474.218506, 6.642277, 5363.240723>) requested data for lock!
[18:55:10] Player (Majky, 76561198275611052)(<3468.044189, 4.259703, 5369.500977>) requested data for lock!
[18:56:31] Player (Majky, 76561198275611052)(<2436.508545, 53.178806, 5278.377441>) requested data for lock!
[18:56:31] Player (Majky, 76561198275611052)(<2435.960938, 55.353981, 5288.420898>) requested data for lock!
[18:57:07] Player (Majky, 76561198275611052)(<4380.106445, 2.076707, 5958.709961>) requested data for lock!
[18:57:09] Player (Majky, 76561198275611052)(<4379.876953, 2.008279, 5963.796387>) requested data for lock!
[18:57:09] Player (Majky, 76561198275611052)(<4378.048340, 1.954537, 5968.927246>) requested data for lock!
[18:57:09] Player (Majky, 76561198275611052)(<4373.662109, 3.838867, 5976.322266>) requested data for lock!
[18:58:33] Player (Majky, 76561198275611052)(<4380.106445, 2.076707, 5958.709961>) requested data for lock!
[18:58:33] Player (Majky, 76561198275611052)(<4379.876953, 2.008279, 5963.796387>) requested data for lock!
[18:58:33] Player (Majky, 76561198275611052)(<4373.662109, 3.838867, 5976.322266>) requested data for lock!
[18:58:33] Player (Majky, 76561198275611052)(<4378.048340, 1.954537, 5968.927246>) requested data for lock!
[19:15:44] Player (Majky, 76561198275611052)(<4373.662109, 3.838867, 5976.322266>) requested data for lock!
[19:15:44] Player (Majky, 76561198275611052)(<4378.048340, 1.954537, 5968.927246>) requested data for lock!
[19:15:45] Player (Majky, 76561198275611052)(<4379.876953, 2.008279, 5963.796387>) requested data for lock!
[19:15:45] Player (Majky, 76561198275611052)(<4380.106445, 2.076707, 5958.709961>) requested data for lock!
[19:16:22] Player (Majky, 76561198275611052)(<3468.044189, 4.259703, 5369.500977>) requested data for lock!
[19:16:22] Player (Majky, 76561198275611052)(<3474.218506, 6.642277, 5363.240723>) requested data for lock!
[19:16:23] Player (Majky, 76561198275611052)(<3460.936523, 4.847070, 5356.074219>) requested data for lock!
[19:16:41] Player (Majky, 76561198275611052)(<3411.108643, 12.659751, 5048.064941>) requested data for lock!
[19:16:42] Player (Majky, 76561198275611052)(<3421.042480, 15.097157, 5042.374512>) requested data for lock!
[19:16:52] Player (Majky, 76561198275611052)(<3585.483643, 23.219879, 4879.533691>) requested data for lock!
[19:17:09] Player (Majky, 76561198275611052)(<3276.376465, 34.151474, 4613.831055>) requested data for lock!
[19:17:19] Player (Majky, 76561198275611052)(<2436.508545, 53.178806, 5278.377441>) requested data for lock!
[19:17:20] Player (Majky, 76561198275611052)(<2435.960938, 55.353981, 5288.420898>) requested data for lock!
[19:18:15] Player (Majky, 76561198275611052)(<4380.106445, 2.076707, 5958.709961>) requested data for lock!
[19:18:15] Player (Majky, 76561198275611052)(<4379.876953, 2.008279, 5963.796387>) requested data for lock!
[19:18:15] Player (Majky, 76561198275611052)(<4378.048340, 1.954537, 5968.927246>) requested data for lock!
[19:18:15] Player (Majky, 76561198275611052)(<4373.662109, 3.838867, 5976.322266>) requested data for lock!
[19:20:35] Player (Majky, 76561198275611052)(<4380.106445, 2.076707, 5958.709961>) requested data for lock!
[19:20:36] Player (Majky, 76561198275611052)(<4379.876953, 2.008279, 5963.796387>) requested data for lock!
[19:20:36] Player (Majky, 76561198275611052)(<4378.048340, 1.954537, 5968.927246>) requested data for lock!
[19:20:36] Player (Majky, 76561198275611052)(<4373.662109, 3.838867, 5976.322266>) requested data for lock!
[19:21:26] Player (Majky, 76561198275611052)(<4380.106445, 2.076707, 5958.709961>) requested data for lock!
[19:21:26] Player (Majky, 76561198275611052)(<4379.876953, 2.008279, 5963.796387>) requested data for lock!
[19:21:26] Player (Majky, 76561198275611052)(<4378.048340, 1.954537, 5968.927246>) requested data for lock!
[19:21:26] Player (Majky, 76561198275611052)(<4373.662109, 3.838867, 5976.322266>) requested data for lock!
[19:22:23] Player (Majky, 76561198275611052)(<2436.508545, 53.178806, 5278.377441>) requested data for lock!
[19:22:23] Player (Majky, 76561198275611052)(<2435.960938, 55.353981, 5288.420898>) requested data for lock!
[19:25:26] Player (Rikinoo, 76561198016672415)(<3276.376465, 34.151474, 4613.831055>) requested data for lock!
[19:25:26] Player (Rikinoo, 76561198016672415)(<3585.483643, 23.219879, 4879.533691>) requested data for lock!
[19:26:57] Player (Rikinoo, 76561198016672415)(<2436.508545, 53.178806, 5278.377441>) requested data for lock!
[19:26:58] Player (Rikinoo, 76561198016672415)(<2435.960938, 55.353981, 5288.420898>) requested data for lock!
[19:26:58] Player (Rikinoo, 76561198016672415)(<3468.044189, 4.259703, 5369.500977>) requested data for lock!
[19:26:58] Player (Rikinoo, 76561198016672415)(<3474.218506, 6.642277, 5363.240723>) requested data for lock!
[19:26:59] Player (Rikinoo, 76561198016672415)(<3460.936523, 4.847070, 5356.074219>) requested data for lock!
[19:26:59] Player (Rikinoo, 76561198016672415)(<3276.376465, 34.151474, 4613.831055>) requested data for lock!
[19:26:59] Player (Rikinoo, 76561198016672415)(<3585.483643, 23.219879, 4879.533691>) requested data for lock!
[19:26:59] Player (Rikinoo, 76561198016672415)(<3421.042480, 15.097157, 5042.374512>) requested data for lock!
[19:26:59] Player (Rikinoo, 76561198016672415)(<3411.108643, 12.659751, 5048.064941>) requested data for lock!
[19:27:04] Player (Majky, 76561198275611052)(<2436.508545, 53.178806, 5278.377441>) requested data for lock!
[19:27:04] Player (Majky, 76561198275611052)(<2435.960938, 55.353981, 5288.420898>) requested data for lock!
[19:27:05] Player (Majky, 76561198275611052)(<3468.044189, 4.259703, 5369.500977>) requested data for lock!
[19:27:05] Player (Majky, 76561198275611052)(<3474.218506, 6.642277, 5363.240723>) requested data for lock!
[19:27:07] Player (Majky, 76561198275611052)(<3460.936523, 4.847070, 5356.074219>) requested data for lock!
[19:27:07] Player (Majky, 76561198275611052)(<3276.376465, 34.151474, 4613.831055>) requested data for lock!
[19:27:07] Player (Majky, 76561198275611052)(<3585.483643, 23.219879, 4879.533691>) requested data for lock!
[19:27:07] Player (Majky, 76561198275611052)(<3421.042480, 15.097157, 5042.374512>) requested data for lock!
[19:27:07] Player (Majky, 76561198275611052)(<3411.108643, 12.659751, 5048.064941>) requested data for lock!
[19:27:27] Player (Rikinoo, 76561198016672415)(<4373.662109, 3.838867, 5976.322266>) requested data for lock!
[19:27:27] Player (Rikinoo, 76561198016672415)(<4379.876953, 2.008279, 5963.796387>) requested data for lock!
[19:27:27] Player (Rikinoo, 76561198016672415)(<4380.106445, 2.076707, 5958.709961>) requested data for lock!
[19:27:27] Player (Rikinoo, 76561198016672415)(<4378.048340, 1.954537, 5968.927246>) requested data for lock!
[19:27:38] Player (Majky, 76561198275611052)(<4373.662109, 3.838867, 5976.322266>) requested data for lock!
[19:27:38] Player (Majky, 76561198275611052)(<4379.876953, 2.008279, 5963.796387>) requested data for lock!
[19:27:38] Player (Majky, 76561198275611052)(<4380.106445, 2.076707, 5958.709961>) requested data for lock!
[19:27:38] Player (Majky, 76561198275611052)(<4378.048340, 1.954537, 5968.927246>) requested data for lock!
[19:29:08] Player (Nelka, 76561198125758183)(<3276.376465, 34.151474, 4613.831055>) requested data for lock!
[19:29:08] Player (Nelka, 76561198125758183)(<3585.483643, 23.219879, 4879.533691>) requested data for lock!
[19:29:29] Player (Rikinoo, 76561198016672415)(<4373.662109, 3.838867, 5976.322266>) requested data for lock!
[19:29:29] Player (Rikinoo, 76561198016672415)(<4379.876953, 2.008279, 5963.796387>) requested data for lock!
[19:29:29] Player (Rikinoo, 76561198016672415)(<4380.106445, 2.076707, 5958.709961>) requested data for lock!
[19:29:29] Player (Rikinoo, 76561198016672415)(<4378.048340, 1.954537, 5968.927246>) requested data for lock!
[19:31:05] Player (Rikinoo, 76561198016672415)(<3468.044189, 4.259703, 5369.500977>) requested data for lock!
[19:31:05] Player (Rikinoo, 76561198016672415)(<3474.218506, 6.642277, 5363.240723>) requested data for lock!
[19:31:06] Player (Rikinoo, 76561198016672415)(<3460.936523, 4.847070, 5356.074219>) requested data for lock!
[19:31:06] Player (Rikinoo, 76561198016672415)(<3276.376465, 34.151474, 4613.831055>) requested data for lock!
[19:31:06] Player (Rikinoo, 76561198016672415)(<3585.483643, 23.219879, 4879.533691>) requested data for lock!
[19:31:06] Player (Rikinoo, 76561198016672415)(<3421.042480, 15.097157, 5042.374512>) requested data for lock!
[19:31:06] Player (Rikinoo, 76561198016672415)(<3411.108643, 12.659751, 5048.064941>) requested data for lock!
[19:33:50] Player (Majky, 76561198275611052)(<4380.106445, 2.076707, 5958.709961>) requested data for lock!
[19:33:51] Player (Majky, 76561198275611052)(<4379.876953, 2.008279, 5963.796387>) requested data for lock!
[19:33:51] Player (Majky, 76561198275611052)(<4378.048340, 1.954537, 5968.927246>) requested data for lock!
[19:33:52] Player (Majky, 76561198275611052)(<4373.662109, 3.838867, 5976.322266>) requested data for lock!
[19:33:56] Player (Rikinoo, 76561198016672415)(<4380.106445, 2.076707, 5958.709961>) requested data for lock!
[19:33:56] Player (Rikinoo, 76561198016672415)(<4379.876953, 2.008279, 5963.796387>) requested data for lock!
[19:33:57] Player (Rikinoo, 76561198016672415)(<4378.048340, 1.954537, 5968.927246>) requested data for lock!
[19:33:59] Player (Rikinoo, 76561198016672415)(<4373.662109, 3.838867, 5976.322266>) requested data for lock!
[19:37:01] Player (Majky, 76561198275611052)(<2436.508545, 53.178806, 5278.377441>) requested data for lock!
[19:37:02] Player (Majky, 76561198275611052)(<2435.960938, 55.353981, 5288.420898>) requested data for lock!
[19:37:16] Player (Nelka, 76561198125758183)(<4489.105957, 1.163242, 3118.035645>) requested data for lock!
[19:37:41] Player (Majky, 76561198275611052)(<4380.106445, 2.076707, 5958.709961>) requested data for lock!
[19:37:42] Player (Majky, 76561198275611052)(<4379.876953, 2.008279, 5963.796387>) requested data for lock!
[19:37:42] Player (Majky, 76561198275611052)(<4378.048340, 1.954537, 5968.927246>) requested data for lock!
[19:37:42] Player (Majky, 76561198275611052)(<4373.662109, 3.838867, 5976.322266>) requested data for lock!
[19:38:28] Player (Nelka, 76561198125758183)(<4450.335449, 6.887537, 3090.050293>) requested data for lock!
[19:39:11] Player (Nelka, 76561198125758183)(<3922.433105, 41.602104, 2912.677246>) requested data for lock!
[19:43:33] Player (Nelka, 76561198125758183)(<3276.376465, 34.151474, 4613.831055>) requested data for lock!
[19:47:00] Player (Nelka, 76561198125758183)(<3585.483643, 23.219879, 4879.533691>) requested data for lock!
[19:56:26] Player (Nelka, 76561198125758183)(<3421.042480, 15.097157, 5042.374512>) requested data for lock!
[19:56:30] Player (Nelka, 76561198125758183)(<3411.108643, 12.659751, 5048.064941>) requested data for lock!
[07-19-2022][20.01.05] Log file reloaded ( Server Restart )
[07-19-2022][20.03.26] Log file reloaded ( Server Restart )
[20:08:59] Player (Chladak, 76561198822661652)(<3276.376465, 34.151474, 4613.831055>) requested data for lock!
[20:08:59] Player (Chladak, 76561198822661652)(<3585.483643, 23.219879, 4879.533691>) requested data for lock!
[20:14:39] Player (Chladak, 76561198822661652)(<4489.105957, 1.163242, 3118.035645>) requested data for lock!
[20:21:28] Player (Majky, 76561198275611052)(<4373.662109, 3.838867, 5976.322266>) requested data for lock!
[20:21:28] Player (Majky, 76561198275611052)(<4378.048340, 1.954537, 5968.927246>) requested data for lock!
[20:21:28] Player (Majky, 76561198275611052)(<4379.876953, 2.008279, 5963.796387>) requested data for lock!
[20:21:28] Player (Majky, 76561198275611052)(<4380.106445, 2.076707, 5958.709961>) requested data for lock!
[20:21:28] Player (Majky, 76561198275611052)(<3276.376465, 34.151474, 4613.831055>) requested data for lock!
[20:21:28] Player (Majky, 76561198275611052)(<3411.108643, 12.659751, 5048.064941>) requested data for lock!
[20:21:28] Player (Majky, 76561198275611052)(<3468.044189, 4.259703, 5369.500977>) requested data for lock!
[20:21:28] Player (Majky, 76561198275611052)(<3460.936523, 4.847070, 5356.074219>) requested data for lock!
[20:21:28] Player (Majky, 76561198275611052)(<3585.483643, 23.219879, 4879.533691>) requested data for lock!
[20:21:28] Player (Majky, 76561198275611052)(<3421.042480, 15.097157, 5042.374512>) requested data for lock!
[20:21:28] Player (Majky, 76561198275611052)(<3474.218506, 6.642277, 5363.240723>) requested data for lock!
[20:22:37] Player (Chladak, 76561198822661652)(<3276.376465, 34.151474, 4613.831055>) requested data for lock!
[20:25:38] Player (Chladak, 76561198822661652)(<3276.376465, 34.151474, 4613.831055>) requested data for lock!
[20:27:07] Player (Nelka, 76561198125758183)(<3276.376465, 34.151474, 4613.831055>) requested data for lock!
[20:27:07] Player (Nelka, 76561198125758183)(<3585.483643, 23.219879, 4879.533691>) requested data for lock!
[20:27:08] Player (Nelka, 76561198125758183)(<3421.042480, 15.097157, 5042.374512>) requested data for lock!
[20:28:01] Player (Nelka, 76561198125758183)(<3411.108643, 12.659751, 5048.064941>) requested data for lock!
[20:30:51] Player (Majky, 76561198275611052)(<4380.106445, 2.076707, 5958.709961>) requested data for lock!
[20:30:52] Player (Majky, 76561198275611052)(<4379.876953, 2.008279, 5963.796387>) requested data for lock!
[20:30:52] Player (Majky, 76561198275611052)(<4378.048340, 1.954537, 5968.927246>) requested data for lock!
[20:30:52] Player (Majky, 76561198275611052)(<4373.662109, 3.838867, 5976.322266>) requested data for lock!
[20:31:21] Player (Chladak, 76561198822661652)(<3421.042480, 15.097157, 5042.374512>) requested data for lock!
[20:31:24] Player (Chladak, 76561198822661652)(<3411.108643, 12.659751, 5048.064941>) requested data for lock!
[20:32:40] Player (Majky, 76561198275611052)(<2435.960938, 55.353981, 5288.420898>) requested data for lock!
[20:32:40] Player (Majky, 76561198275611052)(<2436.508545, 53.178806, 5278.377441>) requested data for lock!
[20:33:28] Player (Chladak, 76561198822661652)(<4489.105957, 1.163242, 3118.035645>) requested data for lock!
[20:33:33] Player (Chladak, 76561198822661652)(<4450.335449, 6.887537, 3090.050293>) requested data for lock!
[20:34:26] Player (Chladak, 76561198822661652)(<3421.042480, 15.097157, 5042.374512>) requested data for lock!
[20:34:34] Player (Chladak, 76561198822661652)(<4489.105957, 1.163242, 3118.035645>) requested data for lock!
[20:34:35] Player (Chladak, 76561198822661652)(<4450.335449, 6.887537, 3090.050293>) requested data for lock!
[20:34:52] Player (Majky, 76561198275611052)(<4373.662109, 3.838867, 5976.322266>) requested data for lock!
[20:34:52] Player (Majky, 76561198275611052)(<4378.048340, 1.954537, 5968.927246>) requested data for lock!
[20:34:52] Player (Majky, 76561198275611052)(<4379.876953, 2.008279, 5963.796387>) requested data for lock!
[20:34:52] Player (Majky, 76561198275611052)(<4380.106445, 2.076707, 5958.709961>) requested data for lock!
[20:35:08] Player (Chladak, 76561198822661652)(<3421.042480, 15.097157, 5042.374512>) requested data for lock!
[20:35:12] Player (Chladak, 76561198822661652)(<3411.108643, 12.659751, 5048.064941>) requested data for lock!
[20:37:48] Player (Chladak, 76561198822661652)(<4489.105957, 1.163242, 3118.035645>) requested data for lock!
[20:37:49] Player (Chladak, 76561198822661652)(<4450.335449, 6.887537, 3090.050293>) requested data for lock!
[20:39:48] Player (Chladak, 76561198822661652)(<4450.335449, 6.887537, 3090.050293>) requested data for lock!
[20:39:48] Player (Chladak, 76561198822661652)(<4489.105957, 1.163242, 3118.035645>) requested data for lock!
[20:39:49] Player (Chladak, 76561198822661652)(<3276.376465, 34.151474, 4613.831055>) requested data for lock!
[20:39:49] Player (Chladak, 76561198822661652)(<3585.483643, 23.219879, 4879.533691>) requested data for lock!
[20:41:29] Player (Chladak, 76561198822661652)(<4489.105957, 1.163242, 3118.035645>) requested data for lock!
[20:45:51] Player (Majky, 76561198275611052)(<4379.876953, 2.008279, 5963.796387>) requested data for lock!
[20:45:51] Player (Majky, 76561198275611052)(<4380.106445, 2.076707, 5958.709961>) requested data for lock!
[20:45:51] Player (Nelka, 76561198125758183)(<4380.106445, 2.076707, 5958.709961>) requested data for lock!
[20:45:51] Player (Majky, 76561198275611052)(<4378.048340, 1.954537, 5968.927246>) requested data for lock!
[20:45:52] Player (Majky, 76561198275611052)(<4373.662109, 3.838867, 5976.322266>) requested data for lock!
[20:45:52] Player (Nelka, 76561198125758183)(<4378.048340, 1.954537, 5968.927246>) requested data for lock!
[20:45:52] Player (Nelka, 76561198125758183)(<4379.876953, 2.008279, 5963.796387>) requested data for lock!
[20:45:52] Player (Nelka, 76561198125758183)(<4373.662109, 3.838867, 5976.322266>) requested data for lock!
[20:47:12] Player (Majky, 76561198275611052)(<3474.218506, 6.642277, 5363.240723>) requested data for lock!
[20:47:12] Player (Majky, 76561198275611052)(<3468.044189, 4.259703, 5369.500977>) requested data for lock!
[20:47:13] Player (Nelka, 76561198125758183)(<3474.218506, 6.642277, 5363.240723>) requested data for lock!
[20:47:13] Player (Nelka, 76561198125758183)(<3468.044189, 4.259703, 5369.500977>) requested data for lock!
[20:47:15] Player (Majky, 76561198275611052)(<3460.936523, 4.847070, 5356.074219>) requested data for lock!
[20:47:15] Player (Nelka, 76561198125758183)(<3460.936523, 4.847070, 5356.074219>) requested data for lock!
[20:48:16] Player (Majky, 76561198275611052)(<3411.108643, 12.659751, 5048.064941>) requested data for lock!
[20:48:16] Player (Majky, 76561198275611052)(<2435.960938, 55.353981, 5288.420898>) requested data for lock!
[20:48:16] Player (Nelka, 76561198125758183)(<3411.108643, 12.659751, 5048.064941>) requested data for lock!
[20:48:16] Player (Nelka, 76561198125758183)(<2435.960938, 55.353981, 5288.420898>) requested data for lock!
[20:48:17] Player (Majky, 76561198275611052)(<2436.508545, 53.178806, 5278.377441>) requested data for lock!
[20:48:17] Player (Majky, 76561198275611052)(<3421.042480, 15.097157, 5042.374512>) requested data for lock!
[20:48:18] Player (Nelka, 76561198125758183)(<3421.042480, 15.097157, 5042.374512>) requested data for lock!
[20:48:18] Player (Nelka, 76561198125758183)(<2436.508545, 53.178806, 5278.377441>) requested data for lock!
[20:48:43] Player (Nelka, 76561198125758183)(<3585.483643, 23.219879, 4879.533691>) requested data for lock!
[20:48:43] Player (Majky, 76561198275611052)(<3585.483643, 23.219879, 4879.533691>) requested data for lock!
[20:48:49] Player (Majky, 76561198275611052)(<3276.376465, 34.151474, 4613.831055>) requested data for lock!
[20:48:52] Player (Nelka, 76561198125758183)(<3276.376465, 34.151474, 4613.831055>) requested data for lock!
[20:55:45] Player (Chladak, 76561198822661652)(<3276.376465, 34.151474, 4613.831055>) requested data for lock!
[20:55:45] Player (Chladak, 76561198822661652)(<3585.483643, 23.219879, 4879.533691>) requested data for lock!
[20:55:50] Player (Majky, 76561198275611052)(<3421.042480, 15.097157, 5042.374512>) requested data for lock!
[20:55:53] Player (Majky, 76561198275611052)(<3411.108643, 12.659751, 5048.064941>) requested data for lock!
[21:05:22] Player (Majky, 76561198275611052)(<3421.042480, 15.097157, 5042.374512>) requested data for lock!
[21:05:23] Player (Majky, 76561198275611052)(<3411.108643, 12.659751, 5048.064941>) requested data for lock!
[21:05:33] Player (Majky, 76561198275611052)(<3460.936523, 4.847070, 5356.074219>) requested data for lock!
[21:05:33] Player (Majky, 76561198275611052)(<3474.218506, 6.642277, 5363.240723>) requested data for lock!
[21:05:33] Player (Majky, 76561198275611052)(<3468.044189, 4.259703, 5369.500977>) requested data for lock!
[21:06:21] Player (Majky, 76561198275611052)(<2436.508545, 53.178806, 5278.377441>) requested data for lock!
[21:06:21] Player (Majky, 76561198275611052)(<2435.960938, 55.353981, 5288.420898>) requested data for lock!
[21:06:57] Player (Majky, 76561198275611052)(<4380.106445, 2.076707, 5958.709961>) requested data for lock!
[21:06:58] Player (Majky, 76561198275611052)(<4379.876953, 2.008279, 5963.796387>) requested data for lock!
[21:06:58] Player (Majky, 76561198275611052)(<4378.048340, 1.954537, 5968.927246>) requested data for lock!
[21:06:58] Player (Majky, 76561198275611052)(<4373.662109, 3.838867, 5976.322266>) requested data for lock!
[07-19-2022][21.34.25] Log file reloaded ( Server Restart )
[21:42:33] Player (Rikinoo, 76561198016672415)(<3585.483643, 23.219879, 4879.533691>) requested data for lock!
[21:42:33] Player (Rikinoo, 76561198016672415)(<3276.376465, 34.151474, 4613.831055>) requested data for lock!
[21:44:55] Player (Rikinoo, 76561198016672415)(<3411.108643, 12.659751, 5048.064941>) requested data for lock!
[21:44:55] Player (Rikinoo, 76561198016672415)(<3421.042480, 15.097157, 5042.374512>) requested data for lock!
[21:44:55] Player (Rikinoo, 76561198016672415)(<3460.936523, 4.847070, 5356.074219>) requested data for lock!
[21:44:56] Player (Rikinoo, 76561198016672415)(<3585.483643, 23.219879, 4879.533691>) requested data for lock!
[21:44:56] Player (Rikinoo, 76561198016672415)(<3474.218506, 6.642277, 5363.240723>) requested data for lock!
[21:44:56] Player (Rikinoo, 76561198016672415)(<3468.044189, 4.259703, 5369.500977>) requested data for lock!
[21:44:57] Player (Rikinoo, 76561198016672415)(<3276.376465, 34.151474, 4613.831055>) requested data for lock!
[21:45:23] Player (Rikinoo, 76561198016672415)(<4380.106445, 2.076707, 5958.709961>) requested data for lock!
[21:45:25] Player (Rikinoo, 76561198016672415)(<4379.876953, 2.008279, 5963.796387>) requested data for lock!
[21:45:26] Player (Rikinoo, 76561198016672415)(<4378.048340, 1.954537, 5968.927246>) requested data for lock!
[21:45:27] Player (Rikinoo, 76561198016672415)(<4373.662109, 3.838867, 5976.322266>) requested data for lock!
[21:52:45] Player (MADness, 76561198968762750)(<4450.335449, 6.887537, 3090.050293>) requested data for lock!
[21:52:45] Player (MADness, 76561198968762750)(<4489.105957, 1.163242, 3118.035645>) requested data for lock!
[21:52:45] Player (MADness, 76561198968762750)(<3922.433105, 41.602104, 2912.677246>) requested data for lock!
[21:58:43] Player (MADness, 76561198968762750)(<7784.830566, 4.453664, 786.340027>) requested data for lock!
[21:58:44] Player (MADness, 76561198968762750)(<7775.624023, 4.453664, 789.218628>) requested data for lock!
[21:58:44] Player (MADness, 76561198968762750)(<7775.609863, 4.453664, 789.851563>) requested data for lock!
[22:01:36] Player (MADness, 76561198968762750)(<7784.830566, 4.453664, 786.340027>) requested data for lock!
[22:01:37] Player (MADness, 76561198968762750)(<7775.624023, 4.453664, 789.218628>) requested data for lock!
[22:01:37] Player (MADness, 76561198968762750)(<7775.609863, 4.453664, 789.851563>) requested data for lock!
[22:01:51] Player (Rikinoo, 76561198016672415)(<7784.830566, 4.453664, 786.340027>) requested data for lock!
[22:01:53] Player (Rikinoo, 76561198016672415)(<7775.624023, 4.453664, 789.218628>) requested data for lock!
[22:01:53] Player (Rikinoo, 76561198016672415)(<7775.609863, 4.453664, 789.851563>) requested data for lock!
[22:01:53] Player (Maltrix CZE, 76561198188251693)(<7784.830566, 4.453664, 786.340027>) requested data for lock!
[22:01:55] Player (Maltrix CZE, 76561198188251693)(<7775.624023, 4.453664, 789.218628>) requested data for lock!
[22:01:55] Player (Maltrix CZE, 76561198188251693)(<7775.609863, 4.453664, 789.851563>) requested data for lock!
[22:03:09] Player (MADness, 76561198968762750)(<7784.830566, 4.453664, 786.340027>) requested data for lock!
[22:03:09] Player (MADness, 76561198968762750)(<7775.624023, 4.453664, 789.218628>) requested data for lock!
[22:03:09] Player (MADness, 76561198968762750)(<7775.609863, 4.453664, 789.851563>) requested data for lock!
[22:06:50] Player (MADness, 76561198968762750)(<7775.624023, 4.453664, 789.218628>) requested data for lock!
[22:06:50] Player (MADness, 76561198968762750)(<7775.609863, 4.453664, 789.851563>) requested data for lock!
[22:06:50] Player (MADness, 76561198968762750)(<7784.830566, 4.453664, 786.340027>) requested data for lock!
[22:07:22] Player (Maltrix CZE, 76561198188251693)(<7784.830566, 4.453664, 786.340027>) requested data for lock!
[22:07:23] Player (Maltrix CZE, 76561198188251693)(<7775.624023, 4.453664, 789.218628>) requested data for lock!
[22:07:23] Player (Maltrix CZE, 76561198188251693)(<7775.609863, 4.453664, 789.851563>) requested data for lock!
[22:08:32] Player (Rikinoo, 76561198016672415)(<7784.830566, 4.453664, 786.340027>) requested data for lock!
[22:08:32] Player (Rikinoo, 76561198016672415)(<7775.624023, 4.453664, 789.218628>) requested data for lock!
[22:08:32] Player (Rikinoo, 76561198016672415)(<7775.609863, 4.453664, 789.851563>) requested data for lock!
[22:13:16] Player (MADness, 76561198968762750)(<7784.830566, 4.453664, 786.340027>) requested data for lock!
[22:13:16] Player (MADness, 76561198968762750)(<7775.624023, 4.453664, 789.218628>) requested data for lock!
[22:13:16] Player (MADness, 76561198968762750)(<7775.609863, 4.453664, 789.851563>) requested data for lock!
[22:18:33] Player (MADness, 76561198968762750)(<7784.830566, 4.453664, 786.340027>) requested data for lock!
[22:18:33] Player (MADness, 76561198968762750)(<7775.624023, 4.453664, 789.218628>) requested data for lock!
[22:18:33] Player (MADness, 76561198968762750)(<7775.609863, 4.453664, 789.851563>) requested data for lock!
[22:20:52] Player (MADness, 76561198968762750)(<7784.830566, 4.453664, 786.340027>) requested data for lock!
[22:20:52] Player (MADness, 76561198968762750)(<7775.624023, 4.453664, 789.218628>) requested data for lock!
[22:20:52] Player (MADness, 76561198968762750)(<7775.609863, 4.453664, 789.851563>) requested data for lock!
[22:21:09] Player (Maltrix CZE, 76561198188251693)(<7784.830566, 4.453664, 786.340027>) requested data for lock!
[22:21:10] Player (Maltrix CZE, 76561198188251693)(<7775.624023, 4.453664, 789.218628>) requested data for lock!
[22:21:10] Player (Maltrix CZE, 76561198188251693)(<7775.609863, 4.453664, 789.851563>) requested data for lock!
[22:21:55] Player (MADness, 76561198968762750)(<7784.830566, 4.453664, 786.340027>) requested data for lock!
[22:21:55] Player (MADness, 76561198968762750)(<7775.624023, 4.453664, 789.218628>) requested data for lock!
[22:21:55] Player (MADness, 76561198968762750)(<7775.609863, 4.453664, 789.851563>) requested data for lock!
[22:23:47] Player (Kocur69, 76561198295570264)(<7784.830566, 4.453664, 786.340027>) requested data for lock!
[22:23:48] Player (Kocur69, 76561198295570264)(<7775.624023, 4.453664, 789.218628>) requested data for lock!
[22:23:48] Player (Kocur69, 76561198295570264)(<7775.609863, 4.453664, 789.851563>) requested data for lock!
[22:25:08] Player (Kocur69, 76561198295570264)(<7784.830566, 4.453664, 786.340027>) requested data for lock!
[22:25:08] Player (Kocur69, 76561198295570264)(<7775.624023, 4.453664, 789.218628>) requested data for lock!
[22:25:08] Player (Kocur69, 76561198295570264)(<7775.609863, 4.453664, 789.851563>) requested data for lock!
[22:34:26] Player (Maltrix CZE, 76561198188251693)(<7784.830566, 4.453664, 786.340027>) requested data for lock!
[22:34:28] Player (Maltrix CZE, 76561198188251693)(<7775.624023, 4.453664, 789.218628>) requested data for lock!
[22:34:28] Player (Maltrix CZE, 76561198188251693)(<7775.609863, 4.453664, 789.851563>) requested data for lock!
[22:37:29] Player (Maltrix CZE, 76561198188251693)(<7784.830566, 4.453664, 786.340027>) requested data for lock!
[22:37:29] Player (Maltrix CZE, 76561198188251693)(<7775.624023, 4.453664, 789.218628>) requested data for lock!
[22:37:29] Player (Maltrix CZE, 76561198188251693)(<7775.609863, 4.453664, 789.851563>) requested data for lock!
[22:43:09] Player (Rikinoo, 76561198016672415)(<3585.483643, 23.219879, 4879.533691>) requested data for lock!
[22:43:11] Player (Rikinoo, 76561198016672415)(<3276.376465, 34.151474, 4613.831055>) requested data for lock!
[22:46:12] Player (MADness, 76561198968762750)(<7784.830566, 4.453664, 786.340027>) requested data for lock!
[22:46:13] Player (MADness, 76561198968762750)(<7775.624023, 4.453664, 789.218628>) requested data for lock!
[22:46:13] Player (MADness, 76561198968762750)(<7775.609863, 4.453664, 789.851563>) requested data for lock!
[22:47:15] Player (MADness, 76561198968762750)(<4450.335449, 6.887537, 3090.050293>) requested data for lock!
[22:47:16] Player (MADness, 76561198968762750)(<3922.433105, 41.602104, 2912.677246>) requested data for lock!
[22:47:16] Player (MADness, 76561198968762750)(<4489.105957, 1.163242, 3118.035645>) requested data for lock!
[23:20:49] Player (Majky, 76561198275611052)(<3585.483643, 23.219879, 4879.533691>) requested data for lock!
[23:20:49] Player (Majky, 76561198275611052)(<3276.376465, 34.151474, 4613.831055>) requested data for lock!
[23:22:31] Player (Majky, 76561198275611052)(<3421.042480, 15.097157, 5042.374512>) requested data for lock!
[23:22:32] Player (Majky, 76561198275611052)(<3411.108643, 12.659751, 5048.064941>) requested data for lock!
[23:22:42] Player (Majky, 76561198275611052)(<3460.936523, 4.847070, 5356.074219>) requested data for lock!
[23:22:42] Player (Majky, 76561198275611052)(<3474.218506, 6.642277, 5363.240723>) requested data for lock!
[23:22:43] Player (Majky, 76561198275611052)(<3468.044189, 4.259703, 5369.500977>) requested data for lock!
[23:23:29] Player (Majky, 76561198275611052)(<2436.508545, 53.178806, 5278.377441>) requested data for lock!
[23:23:29] Player (Majky, 76561198275611052)(<2435.960938, 55.353981, 5288.420898>) requested data for lock!
[23:24:02] Player (Majky, 76561198275611052)(<4380.106445, 2.076707, 5958.709961>) requested data for lock!
[23:24:02] Player (Majky, 76561198275611052)(<4379.876953, 2.008279, 5963.796387>) requested data for lock!
[23:24:03] Player (Majky, 76561198275611052)(<4378.048340, 1.954537, 5968.927246>) requested data for lock!
[23:24:03] Player (Majky, 76561198275611052)(<4373.662109, 3.838867, 5976.322266>) requested data for lock!
[23:32:39] Player (Majky, 76561198275611052)(<4489.105957, 1.163242, 3118.035645>) requested data for lock!
[23:32:40] Player (Majky, 76561198275611052)(<4450.335449, 6.887537, 3090.050293>) requested data for lock!
[23:32:49] Player (Majky, 76561198275611052)(<5703.666016, 4.296862, 3579.834473>) requested data for lock!
[23:32:49] Player (Majky, 76561198275611052)(<5704.501465, 4.296862, 3574.349854>) requested data for lock!
