[07-27-2022][00.02.47] New Synch Log File Created!
[07-27-2022][04.02.36] Log file reloaded ( Server Restart )
[07-27-2022][08.02.36] Log file reloaded ( Server Restart )
[11:21:09] Player (Bflame, 76561198072840834)(<2435.960938, 55.353981, 5288.420898>) requested data for lock!
[11:21:09] Player (Bflame, 76561198072840834)(<2436.508545, 53.178806, 5278.377441>) requested data for lock!
[11:21:38] Player (Bflame, 76561198072840834)(<3411.108643, 12.659751, 5048.064941>) requested data for lock!
[11:21:39] Player (Bflame, 76561198072840834)(<3421.042480, 15.097157, 5042.374512>) requested data for lock!
[11:21:40] Player (Bflame, 76561198072840834)(<3460.936523, 4.847070, 5356.074219>) requested data for lock!
[11:21:41] Player (Bflame, 76561198072840834)(<3474.218506, 6.642277, 5363.240723>) requested data for lock!
[11:21:41] Player (Bflame, 76561198072840834)(<3474.251709, 5.145625, 5386.092773>) requested data for lock!
[11:21:42] Player (Bflame, 76561198072840834)(<3276.376465, 34.151474, 4613.831055>) requested data for lock!
[11:21:45] Player (Bflame, 76561198072840834)(<3585.483643, 23.219879, 4879.533691>) requested data for lock!
[11:31:23] Player (Bflame, 76561198072840834)(<4380.106445, 2.076707, 5958.709961>) requested data for lock!
[11:31:23] Player (Bflame, 76561198072840834)(<4379.876953, 2.008279, 5963.796387>) requested data for lock!
[11:31:23] Player (Bflame, 76561198072840834)(<4378.048340, 1.954537, 5968.927246>) requested data for lock!
[11:31:24] Player (Bflame, 76561198072840834)(<4373.662109, 3.838867, 5976.322266>) requested data for lock!
[11:35:32] Player (Bflame, 76561198072840834)(<3276.376465, 34.151474, 4613.831055>) requested data for lock!
[11:35:35] Player (Bflame, 76561198072840834)(<3276.376465, 34.151474, 4613.831055>) requested data for lock!
[11:35:40] Player (Bflame, 76561198072840834)(<4489.105957, 1.163242, 3118.035645>) requested data for lock!
[11:50:14] Player (Bflame, 76561198072840834)(<5703.666016, 4.296862, 3579.834473>) requested data for lock!
[11:50:14] Player (Bflame, 76561198072840834)(<5704.501465, 4.296862, 3574.349854>) requested data for lock!
[07-27-2022][12.02.38] Log file reloaded ( Server Restart )
[12:16:03] Player (Bflame, 76561198072840834)(<8778.493164, 7.761222, 6659.283691>) requested data for lock!
[12:34:01] Player (Majky, 76561198275611052)(<8778.493164, 7.761222, 6659.283691>) requested data for lock!
[12:40:02] Player (Majky, 76561198275611052)(<8778.493164, 7.761222, 6659.283691>) requested data for lock!
[12:48:48] Player (Majky, 76561198275611052)(<4378.048340, 1.954537, 5968.927246>) requested data for lock!
[12:48:48] Player (Majky, 76561198275611052)(<4373.662109, 3.838867, 5976.322266>) requested data for lock!
[12:48:48] Player (Majky, 76561198275611052)(<4379.876953, 2.008279, 5963.796387>) requested data for lock!
[12:48:48] Player (Majky, 76561198275611052)(<4380.106445, 2.076707, 5958.709961>) requested data for lock!
[12:51:07] Player (Majky, 76561198275611052)(<2435.960938, 55.353981, 5288.420898>) requested data for lock!
[12:51:07] Player (Majky, 76561198275611052)(<2436.508545, 53.178806, 5278.377441>) requested data for lock!
[13:08:51] Player (Bflame, 76561198072840834)(<3474.251709, 5.145625, 5386.092773>) requested data for lock!
[13:08:53] Player (Bflame, 76561198072840834)(<3474.218506, 6.642277, 5363.240723>) requested data for lock!
[13:08:53] Player (Bflame, 76561198072840834)(<3460.936523, 4.847070, 5356.074219>) requested data for lock!
[13:08:56] Player (Bflame, 76561198072840834)(<2435.960938, 55.353981, 5288.420898>) requested data for lock!
[13:08:56] Player (Bflame, 76561198072840834)(<2436.508545, 53.178806, 5278.377441>) requested data for lock!
[13:15:17] Player (Bflame, 76561198072840834)(<3411.108643, 12.659751, 5048.064941>) requested data for lock!
[13:15:19] Player (Bflame, 76561198072840834)(<3421.042480, 15.097157, 5042.374512>) requested data for lock!
[13:15:31] Player (Bflame, 76561198072840834)(<3421.042480, 15.097157, 5042.374512>) requested data for lock!
[13:16:08] Player (Bflame, 76561198072840834)(<3411.108643, 12.659751, 5048.064941>) requested data for lock!
[13:17:19] Player (Bflame, 76561198072840834)(<3411.108643, 12.659751, 5048.064941>) requested data for lock!
[13:17:21] Player (Bflame, 76561198072840834)(<3421.042480, 15.097157, 5042.374512>) requested data for lock!
[13:17:47] Player (Bflame, 76561198072840834)(<3411.108643, 12.659751, 5048.064941>) requested data for lock!
[13:19:13] Player (Majky, 76561198275611052)(<3474.251709, 5.145625, 5386.092773>) requested data for lock!
[13:19:14] Player (Majky, 76561198275611052)(<3474.218506, 6.642277, 5363.240723>) requested data for lock!
[13:19:14] Player (Majky, 76561198275611052)(<3460.936523, 4.847070, 5356.074219>) requested data for lock!
[13:19:32] Player (Majky, 76561198275611052)(<3411.108643, 12.659751, 5048.064941>) requested data for lock!
[13:19:32] Player (Majky, 76561198275611052)(<3421.042480, 15.097157, 5042.374512>) requested data for lock!
[13:19:37] Player (Majky, 76561198275611052)(<2435.960938, 55.353981, 5288.420898>) requested data for lock!
[13:19:38] Player (Majky, 76561198275611052)(<2436.508545, 53.178806, 5278.377441>) requested data for lock!
[13:19:41] Player (Majky, 76561198275611052)(<3585.483643, 23.219879, 4879.533691>) requested data for lock!
[13:19:56] Player (Majky, 76561198275611052)(<3276.376465, 34.151474, 4613.831055>) requested data for lock!
[13:22:34] Player (Majky, 76561198275611052)(<3276.376465, 34.151474, 4613.831055>) requested data for lock!
[13:22:50] Player (Bflame, 76561198072840834)(<4373.662109, 3.838867, 5976.322266>) requested data for lock!
[13:22:50] Player (Bflame, 76561198072840834)(<4378.048340, 1.954537, 5968.927246>) requested data for lock!
[13:22:50] Player (Bflame, 76561198072840834)(<4380.106445, 2.076707, 5958.709961>) requested data for lock!
[13:22:50] Player (Bflame, 76561198072840834)(<4379.876953, 2.008279, 5963.796387>) requested data for lock!
[13:24:10] Player (Majky, 76561198275611052)(<3276.376465, 34.151474, 4613.831055>) requested data for lock!
[13:25:00] Player (Majky, 76561198275611052)(<3276.376465, 34.151474, 4613.831055>) requested data for lock!
[13:25:44] Player (Majky, 76561198275611052)(<3276.376465, 34.151474, 4613.831055>) requested data for lock!
[13:25:47] Player (Majky, 76561198275611052)(<4489.105957, 1.163242, 3118.035645>) requested data for lock!
[13:29:58] Player (Bflame, 76561198072840834)(<4373.662109, 3.838867, 5976.322266>) requested data for lock!
[13:29:58] Player (Bflame, 76561198072840834)(<4378.048340, 1.954537, 5968.927246>) requested data for lock!
[13:29:58] Player (Bflame, 76561198072840834)(<4380.106445, 2.076707, 5958.709961>) requested data for lock!
[13:29:58] Player (Bflame, 76561198072840834)(<4379.876953, 2.008279, 5963.796387>) requested data for lock!
[13:47:41] Player (Bflame, 76561198072840834)(<4373.662109, 3.838867, 5976.322266>) requested data for lock!
[13:47:41] Player (Bflame, 76561198072840834)(<4378.048340, 1.954537, 5968.927246>) requested data for lock!
[13:47:41] Player (Bflame, 76561198072840834)(<4379.876953, 2.008279, 5963.796387>) requested data for lock!
[13:47:41] Player (Bflame, 76561198072840834)(<4380.106445, 2.076707, 5958.709961>) requested data for lock!
[13:48:15] Player (Bflame, 76561198072840834)(<3474.251709, 5.145625, 5386.092773>) requested data for lock!
[13:48:15] Player (Bflame, 76561198072840834)(<3474.218506, 6.642277, 5363.240723>) requested data for lock!
[13:48:16] Player (Bflame, 76561198072840834)(<3460.936523, 4.847070, 5356.074219>) requested data for lock!
[13:48:21] Player (Bflame, 76561198072840834)(<3585.483643, 23.219879, 4879.533691>) requested data for lock!
[13:48:22] Player (Bflame, 76561198072840834)(<3421.042480, 15.097157, 5042.374512>) requested data for lock!
[13:48:22] Player (Bflame, 76561198072840834)(<3411.108643, 12.659751, 5048.064941>) requested data for lock!
[13:48:33] Player (Bflame, 76561198072840834)(<3276.376465, 34.151474, 4613.831055>) requested data for lock!
[13:49:31] Player (Bflame, 76561198072840834)(<2436.508545, 53.178806, 5278.377441>) requested data for lock!
[13:49:31] Player (Bflame, 76561198072840834)(<2435.960938, 55.353981, 5288.420898>) requested data for lock!
[14:18:57] Player (Majky, 76561198275611052)(<3585.483643, 23.219879, 4879.533691>) requested data for lock!
[14:18:57] Player (Majky, 76561198275611052)(<3276.376465, 34.151474, 4613.831055>) requested data for lock!
[14:20:16] Player (Majky, 76561198275611052)(<3276.376465, 34.151474, 4613.831055>) requested data for lock!
[14:20:22] Player (Majky, 76561198275611052)(<3421.042480, 15.097157, 5042.374512>) requested data for lock!
[14:20:23] Player (Majky, 76561198275611052)(<3411.108643, 12.659751, 5048.064941>) requested data for lock!
[14:22:04] Player (Majky, 76561198275611052)(<3421.042480, 15.097157, 5042.374512>) requested data for lock!
[14:22:05] Player (Majky, 76561198275611052)(<3411.108643, 12.659751, 5048.064941>) requested data for lock!
[14:22:18] Player (Majky, 76561198275611052)(<3460.936523, 4.847070, 5356.074219>) requested data for lock!
[14:22:19] Player (Majky, 76561198275611052)(<3474.218506, 6.642277, 5363.240723>) requested data for lock!
[14:22:21] Player (Majky, 76561198275611052)(<3474.251709, 5.145625, 5386.092773>) requested data for lock!
[14:31:24] Player (Majky, 76561198275611052)(<2436.508545, 53.178806, 5278.377441>) requested data for lock!
[14:31:24] Player (Majky, 76561198275611052)(<2435.960938, 55.353981, 5288.420898>) requested data for lock!
[14:32:02] Player (Majky, 76561198275611052)(<3276.376465, 34.151474, 4613.831055>) requested data for lock!
[14:32:08] Player (Majky, 76561198275611052)(<3411.108643, 12.659751, 5048.064941>) requested data for lock!
[14:32:09] Player (Majky, 76561198275611052)(<3421.042480, 15.097157, 5042.374512>) requested data for lock!
[14:32:15] Player (Majky, 76561198275611052)(<3460.936523, 4.847070, 5356.074219>) requested data for lock!
[14:32:16] Player (Majky, 76561198275611052)(<3474.218506, 6.642277, 5363.240723>) requested data for lock!
[14:32:17] Player (Majky, 76561198275611052)(<3474.251709, 5.145625, 5386.092773>) requested data for lock!
[14:32:19] Player (Majky, 76561198275611052)(<3585.483643, 23.219879, 4879.533691>) requested data for lock!
[14:35:34] Player (Majky, 76561198275611052)(<3276.376465, 34.151474, 4613.831055>) requested data for lock!
[14:37:12] Player (Majky, 76561198275611052)(<3585.483643, 23.219879, 4879.533691>) requested data for lock!
[14:37:12] Player (Majky, 76561198275611052)(<3276.376465, 34.151474, 4613.831055>) requested data for lock!
[14:39:23] Player (Majky, 76561198275611052)(<3276.376465, 34.151474, 4613.831055>) requested data for lock!
[14:40:50] Player (Majky, 76561198275611052)(<3276.376465, 34.151474, 4613.831055>) requested data for lock!
[14:43:16] Player (Majky, 76561198275611052)(<3276.376465, 34.151474, 4613.831055>) requested data for lock!
[14:48:24] Player (Majky, 76561198275611052)(<3585.483643, 23.219879, 4879.533691>) requested data for lock!
[14:48:24] Player (Majky, 76561198275611052)(<3276.376465, 34.151474, 4613.831055>) requested data for lock!
[07-27-2022][16.02.41] Log file reloaded ( Server Restart )
[16:19:15] Player (Majky, 76561198275611052)(<3585.483643, 23.219879, 4879.533691>) requested data for lock!
[16:19:41] Player (Majky, 76561198275611052)(<3276.376465, 34.151474, 4613.831055>) requested data for lock!
[16:20:06] Player (Majky, 76561198275611052)(<4489.105957, 1.163242, 3118.035645>) requested data for lock!
[16:22:27] Player (Majky, 76561198275611052)(<4380.106445, 2.076707, 5958.709961>) requested data for lock!
[16:22:27] Player (Majky, 76561198275611052)(<4379.876953, 2.008279, 5963.796387>) requested data for lock!
[16:22:28] Player (Majky, 76561198275611052)(<4378.048340, 1.954537, 5968.927246>) requested data for lock!
[16:22:28] Player (Majky, 76561198275611052)(<4373.662109, 3.838867, 5976.322266>) requested data for lock!
[16:40:58] Player (Majky, 76561198275611052)(<8778.493164, 7.761222, 6659.283691>) requested data for lock!
[17:52:48] Player (Majky, 76561198275611052)(<4373.662109, 3.838867, 5976.322266>) requested data for lock!
[17:52:49] Player (Majky, 76561198275611052)(<4378.048340, 1.954537, 5968.927246>) requested data for lock!
[17:52:49] Player (Majky, 76561198275611052)(<4379.876953, 2.008279, 5963.796387>) requested data for lock!
[17:52:50] Player (Majky, 76561198275611052)(<4380.106445, 2.076707, 5958.709961>) requested data for lock!
[17:52:54] Player (Majky, 76561198275611052)(<3474.251709, 5.145625, 5386.092773>) requested data for lock!
[17:52:55] Player (Majky, 76561198275611052)(<3474.218506, 6.642277, 5363.240723>) requested data for lock!
[17:52:56] Player (Majky, 76561198275611052)(<3460.936523, 4.847070, 5356.074219>) requested data for lock!
[17:53:14] Player (Majky, 76561198275611052)(<3411.108643, 12.659751, 5048.064941>) requested data for lock!
[17:53:14] Player (Majky, 76561198275611052)(<3421.042480, 15.097157, 5042.374512>) requested data for lock!
[17:53:24] Player (Majky, 76561198275611052)(<3585.483643, 23.219879, 4879.533691>) requested data for lock!
[17:53:43] Player (Majky, 76561198275611052)(<3276.376465, 34.151474, 4613.831055>) requested data for lock!
[17:57:34] Player (Majky, 76561198275611052)(<3585.483643, 23.219879, 4879.533691>) requested data for lock!
[18:51:21] Player (Majky, 76561198275611052)(<3585.483643, 23.219879, 4879.533691>) requested data for lock!
[18:51:42] Player (Majky, 76561198275611052)(<3276.376465, 34.151474, 4613.831055>) requested data for lock!
[18:58:18] Player (Majky, 76561198275611052)(<4489.105957, 1.163242, 3118.035645>) requested data for lock!
[18:58:20] Player (Majky, 76561198275611052)(<4450.335449, 6.887537, 3090.050293>) requested data for lock!
[18:58:30] Player (Majky, 76561198275611052)(<3922.433105, 41.602104, 2912.677246>) requested data for lock!
[19:00:00] Player (Majky, 76561198275611052)(<4964.083008, 5.118455, 1414.849365>) requested data for lock!
[19:00:00] Player (Majky, 76561198275611052)(<4961.266602, 5.789789, 1410.613037>) requested data for lock!
[19:04:20] Player (Majky, 76561198275611052)(<7784.830566, 4.453664, 786.340027>) requested data for lock!
[19:04:20] Player (Majky, 76561198275611052)(<7775.609863, 4.453664, 789.851563>) requested data for lock!
[19:04:20] Player (Majky, 76561198275611052)(<7775.624023, 4.453664, 789.218628>) requested data for lock!
[19:04:39] Player (Majky, 76561198275611052)(<7784.830566, 4.453664, 786.340027>) requested data for lock!
[19:24:31] Player (Majky, 76561198275611052)(<7784.830566, 4.453664, 786.340027>) requested data for lock!
[19:24:31] Player (Majky, 76561198275611052)(<7775.609863, 4.453664, 789.851563>) requested data for lock!
[19:24:31] Player (Majky, 76561198275611052)(<7775.624023, 4.453664, 789.218628>) requested data for lock!
[19:30:44] Player (Majky, 76561198275611052)(<7775.609863, 4.453664, 789.851563>) requested data for lock!
[19:30:44] Player (Majky, 76561198275611052)(<7775.624023, 4.453664, 789.218628>) requested data for lock!
[19:30:46] Player (Majky, 76561198275611052)(<7784.830566, 4.453664, 786.340027>) requested data for lock!
[19:34:33] Player (Majky, 76561198275611052)(<4961.266602, 5.789789, 1410.613037>) requested data for lock!
[19:34:33] Player (Majky, 76561198275611052)(<4964.083008, 5.118455, 1414.849365>) requested data for lock!
[19:37:57] Player (Majky, 76561198275611052)(<3922.433105, 41.602104, 2912.677246>) requested data for lock!
[19:38:21] Player (Majky, 76561198275611052)(<4450.335449, 6.887537, 3090.050293>) requested data for lock!
[19:38:24] Player (Majky, 76561198275611052)(<4489.105957, 1.163242, 3118.035645>) requested data for lock!
[19:40:06] Player (Majky, 76561198275611052)(<3585.483643, 23.219879, 4879.533691>) requested data for lock!
[19:41:53] Player (Majky, 76561198275611052)(<3276.376465, 34.151474, 4613.831055>) requested data for lock!
[19:42:55] Player (Majky, 76561198275611052)(<3276.376465, 34.151474, 4613.831055>) requested data for lock!
[07-27-2022][20.02.38] Log file reloaded ( Server Restart )
[20:04:55] Player (Majky, 76561198275611052)(<3585.483643, 23.219879, 4879.533691>) requested data for lock!
[20:06:33] Player (Majky, 76561198275611052)(<4380.106445, 2.076707, 5958.709961>) requested data for lock!
[20:06:33] Player (Majky, 76561198275611052)(<4379.876953, 2.008279, 5963.796387>) requested data for lock!
[20:06:33] Player (Majky, 76561198275611052)(<4378.048340, 1.954537, 5968.927246>) requested data for lock!
[20:06:34] Player (Majky, 76561198275611052)(<4373.662109, 3.838867, 5976.322266>) requested data for lock!
[20:15:41] Player (Majky, 76561198275611052)(<4373.662109, 3.838867, 5976.322266>) requested data for lock!
[20:15:41] Player (Majky, 76561198275611052)(<4378.048340, 1.954537, 5968.927246>) requested data for lock!
[20:15:41] Player (Majky, 76561198275611052)(<4379.876953, 2.008279, 5963.796387>) requested data for lock!
[20:15:41] Player (Majky, 76561198275611052)(<4380.106445, 2.076707, 5958.709961>) requested data for lock!
[20:32:03] Player (Majky, 76561198275611052)(<8778.493164, 7.761222, 6659.283691>) requested data for lock!
[21:47:27] Player (Majky, 76561198275611052)(<8778.493164, 7.761222, 6659.283691>) requested data for lock!
[23:02:25] Player (BossTomas, 76561198096620521)(<4373.662109, 3.838867, 5976.322266>) requested data for lock!
[23:02:26] Player (BossTomas, 76561198096620521)(<4378.048340, 1.954537, 5968.927246>) requested data for lock!
[23:02:39] Player (BossTomas, 76561198096620521)(<4379.876953, 2.008279, 5963.796387>) requested data for lock!
[23:02:40] Player (BossTomas, 76561198096620521)(<4380.106445, 2.076707, 5958.709961>) requested data for lock!
[23:06:27] Player (BossTomas, 76561198096620521)(<3474.251709, 5.145625, 5386.092773>) requested data for lock!
[23:06:34] Player (BossTomas, 76561198096620521)(<3474.218506, 6.642277, 5363.240723>) requested data for lock!
[23:06:36] Player (BossTomas, 76561198096620521)(<3460.936523, 4.847070, 5356.074219>) requested data for lock!
[23:09:07] Player (BossTomas, 76561198096620521)(<2435.960938, 55.353981, 5288.420898>) requested data for lock!
[23:09:09] Player (BossTomas, 76561198096620521)(<2436.508545, 53.178806, 5278.377441>) requested data for lock!
[23:09:36] Player (BossTomas, 76561198096620521)(<3411.108643, 12.659751, 5048.064941>) requested data for lock!
[23:15:29] Player (BossTomas, 76561198096620521)(<3460.936523, 4.847070, 5356.074219>) requested data for lock!
[23:15:37] Player (BossTomas, 76561198096620521)(<3460.936523, 4.847070, 5356.074219>) requested data for lock!
[23:15:54] Player (BossTomas, 76561198096620521)(<3460.936523, 4.847070, 5356.074219>) requested data for lock!
[23:16:00] Player (BossTomas, 76561198096620521)(<3474.218506, 6.642277, 5363.240723>) requested data for lock!
[23:16:10] Player (BossTomas, 76561198096620521)(<3460.936523, 4.847070, 5356.074219>) requested data for lock!
[23:16:15] Player (BossTomas, 76561198096620521)(<3460.936523, 4.847070, 5356.074219>) requested data for lock!
[23:16:18] Player (BossTomas, 76561198096620521)(<3460.936523, 4.847070, 5356.074219>) requested data for lock!
[23:16:19] Player (BossTomas, 76561198096620521)(<3474.218506, 6.642277, 5363.240723>) requested data for lock!
[23:17:40] Player (BossTomas, 76561198096620521)(<3474.218506, 6.642277, 5363.240723>) requested data for lock!
[23:18:35] Player (BossTomas, 76561198096620521)(<3411.108643, 12.659751, 5048.064941>) requested data for lock!
[23:18:37] Player (BossTomas, 76561198096620521)(<3421.042480, 15.097157, 5042.374512>) requested data for lock!
[23:19:38] Player (BossTomas, 76561198096620521)(<3585.483643, 23.219879, 4879.533691>) requested data for lock!
[23:19:46] Player (BossTomas, 76561198096620521)(<3276.376465, 34.151474, 4613.831055>) requested data for lock!
[23:30:43] Player (BossTomas, 76561198096620521)(<3922.433105, 41.602104, 2912.677246>) requested data for lock!
