[07-06-2022][00.02.35] New Synch Log File Created!
[02:40:49] Player (Casper, 76561198216502636)(<5704.501465, 4.296862, 3574.349854>) requested data for lock!
[02:40:49] Player (Casper, 76561198216502636)(<5703.666016, 4.296862, 3579.834473>) requested data for lock!
[03:31:46] Player (Pilly, 76561198836539627)(<4373.662109, 3.838867, 5976.322266>) requested data for lock!
[03:31:48] Player (Pilly, 76561198836539627)(<4378.048340, 1.954537, 5968.927246>) requested data for lock!
[03:31:49] Player (Pilly, 76561198836539627)(<4379.876953, 2.008279, 5963.796387>) requested data for lock!
[03:31:50] Player (Pilly, 76561198836539627)(<4380.106445, 2.076707, 5958.709961>) requested data for lock!
[07-06-2022][04.02.30] Log file reloaded ( Server Restart )
[07-06-2022][08.02.41] Log file reloaded ( Server Restart )
[08:59:01] Player (Bflame, 76561198072840834)(<3276.376465, 34.151474, 4613.831055>) requested data for lock!
[08:59:01] Player (Bflame, 76561198072840834)(<3585.483643, 23.219879, 4879.533691>) requested data for lock!
[09:21:58] Player (Bflame, 76561198072840834)(<3421.042480, 15.097157, 5042.374512>) requested data for lock!
[09:21:58] Player (Bflame, 76561198072840834)(<3411.108643, 12.659751, 5048.064941>) requested data for lock!
[09:22:11] Player (Bflame, 76561198072840834)(<3474.218506, 6.642277, 5363.240723>) requested data for lock!
[09:38:57] Player (Bflame, 76561198072840834)(<3474.218506, 6.642277, 5363.240723>) requested data for lock!
[09:40:39] Player (Bflame, 76561198072840834)(<4380.106445, 2.076707, 5958.709961>) requested data for lock!
[09:40:39] Player (Bflame, 76561198072840834)(<4379.876953, 2.008279, 5963.796387>) requested data for lock!
[09:40:39] Player (Bflame, 76561198072840834)(<4378.048340, 1.954537, 5968.927246>) requested data for lock!
[09:40:39] Player (Bflame, 76561198072840834)(<4373.662109, 3.838867, 5976.322266>) requested data for lock!
[10:01:44] Player (Bflame, 76561198072840834)(<2436.508545, 53.178806, 5278.377441>) requested data for lock!
[10:01:44] Player (Bflame, 76561198072840834)(<2435.960938, 55.353981, 5288.420898>) requested data for lock!
[10:12:27] Player (Bflame, 76561198072840834)(<4380.106445, 2.076707, 5958.709961>) requested data for lock!
[10:12:28] Player (Bflame, 76561198072840834)(<4379.876953, 2.008279, 5963.796387>) requested data for lock!
[10:12:28] Player (Bflame, 76561198072840834)(<4378.048340, 1.954537, 5968.927246>) requested data for lock!
[10:12:28] Player (Bflame, 76561198072840834)(<4373.662109, 3.838867, 5976.322266>) requested data for lock!
[10:41:52] Player (MADness, 76561198968762750)(<4489.105957, 1.163242, 3118.035645>) requested data for lock!
[10:41:52] Player (MADness, 76561198968762750)(<4450.335449, 6.887537, 3090.050293>) requested data for lock!
[10:56:44] Player (Bflame, 76561198072840834)(<3276.376465, 34.151474, 4613.831055>) requested data for lock!
[10:57:49] Player (Bflame, 76561198072840834)(<3276.376465, 34.151474, 4613.831055>) requested data for lock!
[11:07:26] Player (Bflame, 76561198072840834)(<3276.376465, 34.151474, 4613.831055>) requested data for lock!
[11:15:52] Player (Majky, 76561198275611052)(<4379.876953, 2.008279, 5963.796387>) requested data for lock!
[11:15:52] Player (Majky, 76561198275611052)(<4380.106445, 2.076707, 5958.709961>) requested data for lock!
[11:15:52] Player (Majky, 76561198275611052)(<4378.048340, 1.954537, 5968.927246>) requested data for lock!
[11:15:53] Player (Majky, 76561198275611052)(<4373.662109, 3.838867, 5976.322266>) requested data for lock!
[11:17:49] Player (Majky, 76561198275611052)(<3474.218506, 6.642277, 5363.240723>) requested data for lock!
[11:18:50] Player (Majky, 76561198275611052)(<3411.108643, 12.659751, 5048.064941>) requested data for lock!
[11:18:50] Player (Majky, 76561198275611052)(<2435.960938, 55.353981, 5288.420898>) requested data for lock!
[11:18:50] Player (Majky, 76561198275611052)(<2436.508545, 53.178806, 5278.377441>) requested data for lock!
[11:18:50] Player (Majky, 76561198275611052)(<3421.042480, 15.097157, 5042.374512>) requested data for lock!
[11:19:58] Player (Majky, 76561198275611052)(<3411.108643, 12.659751, 5048.064941>) requested data for lock!
[11:19:59] Player (Majky, 76561198275611052)(<3421.042480, 15.097157, 5042.374512>) requested data for lock!
[11:19:59] Player (Majky, 76561198275611052)(<3474.218506, 6.642277, 5363.240723>) requested data for lock!
[11:20:07] Player (Majky, 76561198275611052)(<3276.376465, 34.151474, 4613.831055>) requested data for lock!
[11:20:09] Player (Majky, 76561198275611052)(<3585.483643, 23.219879, 4879.533691>) requested data for lock!
[11:20:40] Player (Majky, 76561198275611052)(<4380.106445, 2.076707, 5958.709961>) requested data for lock!
[11:20:40] Player (Majky, 76561198275611052)(<4379.876953, 2.008279, 5963.796387>) requested data for lock!
[11:20:40] Player (Majky, 76561198275611052)(<4373.662109, 3.838867, 5976.322266>) requested data for lock!
[11:20:40] Player (Majky, 76561198275611052)(<4378.048340, 1.954537, 5968.927246>) requested data for lock!
[11:22:07] Player (Majky, 76561198275611052)(<4380.106445, 2.076707, 5958.709961>) requested data for lock!
[11:22:08] Player (Majky, 76561198275611052)(<4379.876953, 2.008279, 5963.796387>) requested data for lock!
[11:22:13] Player (Majky, 76561198275611052)(<4378.048340, 1.954537, 5968.927246>) requested data for lock!
[11:22:22] Player (Majky, 76561198275611052)(<4378.048340, 1.954537, 5968.927246>) requested data for lock!
[11:22:23] Player (Majky, 76561198275611052)(<4373.662109, 3.838867, 5976.322266>) requested data for lock!
[11:23:17] Player (Majky, 76561198275611052)(<4373.662109, 3.838867, 5976.322266>) requested data for lock!
[11:25:18] Player (Majky, 76561198275611052)(<4378.048340, 1.954537, 5968.927246>) requested data for lock!
[11:34:44] Player (Majky, 76561198275611052)(<3421.042480, 15.097157, 5042.374512>) requested data for lock!
[11:34:45] Player (Majky, 76561198275611052)(<3411.108643, 12.659751, 5048.064941>) requested data for lock!
[11:34:56] Player (Majky, 76561198275611052)(<3474.218506, 6.642277, 5363.240723>) requested data for lock!
[11:35:33] Player (Majky, 76561198275611052)(<4380.106445, 2.076707, 5958.709961>) requested data for lock!
[11:35:33] Player (Majky, 76561198275611052)(<4379.876953, 2.008279, 5963.796387>) requested data for lock!
[11:35:33] Player (Majky, 76561198275611052)(<4378.048340, 1.954537, 5968.927246>) requested data for lock!
[11:35:34] Player (Majky, 76561198275611052)(<4373.662109, 3.838867, 5976.322266>) requested data for lock!
[11:35:52] Player (Majky, 76561198275611052)(<2436.508545, 53.178806, 5278.377441>) requested data for lock!
[11:35:52] Player (Majky, 76561198275611052)(<2435.960938, 55.353981, 5288.420898>) requested data for lock!
[11:36:06] Player (Majky, 76561198275611052)(<4380.106445, 2.076707, 5958.709961>) requested data for lock!
[11:36:28] Player (Majky, 76561198275611052)(<4379.876953, 2.008279, 5963.796387>) requested data for lock!
[11:36:34] Player (Majky, 76561198275611052)(<4379.876953, 2.008279, 5963.796387>) requested data for lock!
[11:36:34] Player (Majky, 76561198275611052)(<4378.048340, 1.954537, 5968.927246>) requested data for lock!
[11:36:34] Player (Majky, 76561198275611052)(<4373.662109, 3.838867, 5976.322266>) requested data for lock!
[07-06-2022][12.02.29] Log file reloaded ( Server Restart )
[07-06-2022][16.02.39] Log file reloaded ( Server Restart )
[17:08:54] Player (Pilly, 76561198836539627)(<4373.662109, 3.838867, 5976.322266>) requested data for lock!
[17:08:55] Player (Pilly, 76561198836539627)(<4378.048340, 1.954537, 5968.927246>) requested data for lock!
[17:08:55] Player (Pilly, 76561198836539627)(<4379.876953, 2.008279, 5963.796387>) requested data for lock!
[17:08:56] Player (Pilly, 76561198836539627)(<4380.106445, 2.076707, 5958.709961>) requested data for lock!
[17:31:00] Player (MADness, 76561198968762750)(<4378.048340, 1.954537, 5968.927246>) requested data for lock!
[17:31:00] Player (MADness, 76561198968762750)(<4373.662109, 3.838867, 5976.322266>) requested data for lock!
[17:31:00] Player (MADness, 76561198968762750)(<4379.876953, 2.008279, 5963.796387>) requested data for lock!
[17:31:00] Player (MADness, 76561198968762750)(<4380.106445, 2.076707, 5958.709961>) requested data for lock!
[17:33:48] Player (Pilly, 76561198836539627)(<3474.218506, 6.642277, 5363.240723>) requested data for lock!
[17:33:49] Player (MADness, 76561198968762750)(<3474.218506, 6.642277, 5363.240723>) requested data for lock!
[17:35:00] Player (Pilly, 76561198836539627)(<3411.108643, 12.659751, 5048.064941>) requested data for lock!
[17:35:12] Player (Pilly, 76561198836539627)(<3421.042480, 15.097157, 5042.374512>) requested data for lock!
[17:35:18] Player (Pilly, 76561198836539627)(<2435.960938, 55.353981, 5288.420898>) requested data for lock!
[17:35:27] Player (Pilly, 76561198836539627)(<2436.508545, 53.178806, 5278.377441>) requested data for lock!
[17:35:31] Player (MADness, 76561198968762750)(<2435.960938, 55.353981, 5288.420898>) requested data for lock!
[17:35:31] Player (MADness, 76561198968762750)(<2436.508545, 53.178806, 5278.377441>) requested data for lock!
[17:35:31] Player (MADness, 76561198968762750)(<3411.108643, 12.659751, 5048.064941>) requested data for lock!
[17:35:31] Player (MADness, 76561198968762750)(<3421.042480, 15.097157, 5042.374512>) requested data for lock!
[17:37:34] Player (Pilly, 76561198836539627)(<3421.042480, 15.097157, 5042.374512>) requested data for lock!
[17:37:41] Player (Pilly, 76561198836539627)(<3421.042480, 15.097157, 5042.374512>) requested data for lock!
[17:38:06] Player (MADness, 76561198968762750)(<3411.108643, 12.659751, 5048.064941>) requested data for lock!
[17:41:02] Player (Pilly, 76561198836539627)(<3411.108643, 12.659751, 5048.064941>) requested data for lock!
[17:41:06] Player (Pilly, 76561198836539627)(<3421.042480, 15.097157, 5042.374512>) requested data for lock!
[17:41:12] Player (MADness, 76561198968762750)(<3411.108643, 12.659751, 5048.064941>) requested data for lock!
[17:41:34] Player (MADness, 76561198968762750)(<3421.042480, 15.097157, 5042.374512>) requested data for lock!
[17:42:34] Player (Pilly, 76561198836539627)(<3411.108643, 12.659751, 5048.064941>) requested data for lock!
[17:42:40] Player (Pilly, 76561198836539627)(<3421.042480, 15.097157, 5042.374512>) requested data for lock!
[17:52:42] Player (Casper, 76561198216502636)(<5704.501465, 4.296862, 3574.349854>) requested data for lock!
[17:52:42] Player (Casper, 76561198216502636)(<5703.666016, 4.296862, 3579.834473>) requested data for lock!
[17:53:55] Player (MADness, 76561198968762750)(<5704.501465, 4.296862, 3574.349854>) requested data for lock!
[17:53:56] Player (MADness, 76561198968762750)(<5703.666016, 4.296862, 3579.834473>) requested data for lock!
[18:02:17] Player (Pilly, 76561198836539627)(<3474.218506, 6.642277, 5363.240723>) requested data for lock!
[18:04:31] Player (MADness, 76561198968762750)(<2435.960938, 55.353981, 5288.420898>) requested data for lock!
[18:04:31] Player (MADness, 76561198968762750)(<2436.508545, 53.178806, 5278.377441>) requested data for lock!
[18:04:59] Player (Pilly, 76561198836539627)(<3474.218506, 6.642277, 5363.240723>) requested data for lock!
[18:05:05] Player (MADness, 76561198968762750)(<3474.218506, 6.642277, 5363.240723>) requested data for lock!
[18:06:12] Player (MADness, 76561198968762750)(<3474.218506, 6.642277, 5363.240723>) requested data for lock!
[18:09:26] Player (Pilly, 76561198836539627)(<3474.218506, 6.642277, 5363.240723>) requested data for lock!
[18:09:58] Player (Pilly, 76561198836539627)(<3474.218506, 6.642277, 5363.240723>) requested data for lock!
[18:10:15] Player (Pilly, 76561198836539627)(<3474.218506, 6.642277, 5363.240723>) requested data for lock!
[18:10:24] Player (Pilly, 76561198836539627)(<3474.218506, 6.642277, 5363.240723>) requested data for lock!
[18:11:59] Player (Pilly, 76561198836539627)(<3474.218506, 6.642277, 5363.240723>) requested data for lock!
[18:26:48] Player (Bflame, 76561198072840834)(<3585.483643, 23.219879, 4879.533691>) requested data for lock!
[18:26:48] Player (Bflame, 76561198072840834)(<3276.376465, 34.151474, 4613.831055>) requested data for lock!
[18:29:09] Player (Pilly, 76561198836539627)(<4373.662109, 3.838867, 5976.322266>) requested data for lock!
[18:29:12] Player (Pilly, 76561198836539627)(<4378.048340, 1.954537, 5968.927246>) requested data for lock!
[18:29:14] Player (Pilly, 76561198836539627)(<4379.876953, 2.008279, 5963.796387>) requested data for lock!
[18:29:16] Player (Pilly, 76561198836539627)(<4380.106445, 2.076707, 5958.709961>) requested data for lock!
[18:31:16] Player (Bflame, 76561198072840834)(<3421.042480, 15.097157, 5042.374512>) requested data for lock!
[18:31:17] Player (Bflame, 76561198072840834)(<3411.108643, 12.659751, 5048.064941>) requested data for lock!
[18:31:37] Player (Bflame, 76561198072840834)(<3474.218506, 6.642277, 5363.240723>) requested data for lock!
[18:31:49] Player (MADness, 76561198968762750)(<5704.501465, 4.296862, 3574.349854>) requested data for lock!
[18:31:50] Player (MADness, 76561198968762750)(<5703.666016, 4.296862, 3579.834473>) requested data for lock!
[18:32:09] Player (MADness, 76561198968762750)(<4489.105957, 1.163242, 3118.035645>) requested data for lock!
[18:32:10] Player (MADness, 76561198968762750)(<4450.335449, 6.887537, 3090.050293>) requested data for lock!
[18:32:18] Player (Bflame, 76561198072840834)(<4380.106445, 2.076707, 5958.709961>) requested data for lock!
[18:32:19] Player (Bflame, 76561198072840834)(<4379.876953, 2.008279, 5963.796387>) requested data for lock!
[18:32:19] Player (Bflame, 76561198072840834)(<4378.048340, 1.954537, 5968.927246>) requested data for lock!
[18:32:20] Player (Bflame, 76561198072840834)(<4373.662109, 3.838867, 5976.322266>) requested data for lock!
[18:33:24] Player (MADness, 76561198968762750)(<4489.105957, 1.163242, 3118.035645>) requested data for lock!
[18:33:25] Player (MADness, 76561198968762750)(<4450.335449, 6.887537, 3090.050293>) requested data for lock!
[18:39:45] Player (Casper, 76561198216502636)(<5703.666016, 4.296862, 3579.834473>) requested data for lock!
[18:39:45] Player (Casper, 76561198216502636)(<5704.501465, 4.296862, 3574.349854>) requested data for lock!
[18:40:26] Player (Bflame, 76561198072840834)(<2436.508545, 53.178806, 5278.377441>) requested data for lock!
[18:40:26] Player (Bflame, 76561198072840834)(<2435.960938, 55.353981, 5288.420898>) requested data for lock!
[19:30:28] Player (Casper, 76561198216502636)(<5704.501465, 4.296862, 3574.349854>) requested data for lock!
[19:30:28] Player (Casper, 76561198216502636)(<5703.666016, 4.296862, 3579.834473>) requested data for lock!
[19:39:41] Player (Bflame, 76561198072840834)(<3421.042480, 15.097157, 5042.374512>) requested data for lock!
[19:39:41] Player (Bflame, 76561198072840834)(<3411.108643, 12.659751, 5048.064941>) requested data for lock!
[19:39:41] Player (Bflame, 76561198072840834)(<3276.376465, 34.151474, 4613.831055>) requested data for lock!
[19:39:41] Player (Bflame, 76561198072840834)(<2435.960938, 55.353981, 5288.420898>) requested data for lock!
[19:39:41] Player (Bflame, 76561198072840834)(<2436.508545, 53.178806, 5278.377441>) requested data for lock!
[19:39:41] Player (Bflame, 76561198072840834)(<3474.218506, 6.642277, 5363.240723>) requested data for lock!
[19:39:41] Player (Bflame, 76561198072840834)(<3585.483643, 23.219879, 4879.533691>) requested data for lock!
[19:46:43] Player (Casper, 76561198216502636)(<4380.106445, 2.076707, 5958.709961>) requested data for lock!
[19:46:45] Player (Casper, 76561198216502636)(<4379.876953, 2.008279, 5963.796387>) requested data for lock!
[19:46:47] Player (Casper, 76561198216502636)(<4378.048340, 1.954537, 5968.927246>) requested data for lock!
[19:46:48] Player (Casper, 76561198216502636)(<4373.662109, 3.838867, 5976.322266>) requested data for lock!
[07-06-2022][20.02.37] Log file reloaded ( Server Restart )
[20:03:54] Player (Casper, 76561198216502636)(<4378.048340, 1.954537, 5968.927246>) requested data for lock!
[20:03:54] Player (Casper, 76561198216502636)(<4373.662109, 3.838867, 5976.322266>) requested data for lock!
[20:03:54] Player (Casper, 76561198216502636)(<4379.876953, 2.008279, 5963.796387>) requested data for lock!
[20:03:54] Player (Casper, 76561198216502636)(<4380.106445, 2.076707, 5958.709961>) requested data for lock!
[20:03:59] Player (Bflame, 76561198072840834)(<3276.376465, 34.151474, 4613.831055>) requested data for lock!
[20:03:59] Player (Bflame, 76561198072840834)(<3585.483643, 23.219879, 4879.533691>) requested data for lock!
[20:03:59] Player (Bflame, 76561198072840834)(<3411.108643, 12.659751, 5048.064941>) requested data for lock!
[20:03:59] Player (Bflame, 76561198072840834)(<3421.042480, 15.097157, 5042.374512>) requested data for lock!
[20:03:59] Player (Bflame, 76561198072840834)(<3474.218506, 6.642277, 5363.240723>) requested data for lock!
[20:05:55] Player (Bflame, 76561198072840834)(<4380.106445, 2.076707, 5958.709961>) requested data for lock!
[20:05:56] Player (Bflame, 76561198072840834)(<4379.876953, 2.008279, 5963.796387>) requested data for lock!
[20:05:56] Player (Bflame, 76561198072840834)(<4378.048340, 1.954537, 5968.927246>) requested data for lock!
[20:05:56] Player (Bflame, 76561198072840834)(<4373.662109, 3.838867, 5976.322266>) requested data for lock!
[20:06:47] Player (Casper, 76561198216502636)(<3585.483643, 23.219879, 4879.533691>) requested data for lock!
[20:07:05] Player (Casper, 76561198216502636)(<3474.218506, 6.642277, 5363.240723>) requested data for lock!
[20:07:26] Player (Casper, 76561198216502636)(<3421.042480, 15.097157, 5042.374512>) requested data for lock!
[20:07:28] Player (Casper, 76561198216502636)(<3411.108643, 12.659751, 5048.064941>) requested data for lock!
[20:07:44] Player (Casper, 76561198216502636)(<4378.048340, 1.954537, 5968.927246>) requested data for lock!
[20:07:47] Player (Casper, 76561198216502636)(<4373.662109, 3.838867, 5976.322266>) requested data for lock!
[20:09:16] Player (Casper, 76561198216502636)(<3276.376465, 34.151474, 4613.831055>) requested data for lock!
[20:35:25] Player (MADness, 76561198968762750)(<4489.105957, 1.163242, 3118.035645>) requested data for lock!
[20:35:25] Player (MADness, 76561198968762750)(<4450.335449, 6.887537, 3090.050293>) requested data for lock!
[20:35:36] Player (Rikinoo, 76561198016672415)(<3276.376465, 34.151474, 4613.831055>) requested data for lock!
[20:35:36] Player (Rikinoo, 76561198016672415)(<3585.483643, 23.219879, 4879.533691>) requested data for lock!
[20:37:37] Player (MADness, 76561198968762750)(<3474.218506, 6.642277, 5363.240723>) requested data for lock!
[20:37:37] Player (MADness, 76561198968762750)(<2435.960938, 55.353981, 5288.420898>) requested data for lock!
[20:37:37] Player (MADness, 76561198968762750)(<2436.508545, 53.178806, 5278.377441>) requested data for lock!
[20:40:08] Player (MADness, 76561198968762750)(<3585.483643, 23.219879, 4879.533691>) requested data for lock!
[20:40:20] Player (MADness, 76561198968762750)(<3276.376465, 34.151474, 4613.831055>) requested data for lock!
[20:40:42] Player (MADness, 76561198968762750)(<4489.105957, 1.163242, 3118.035645>) requested data for lock!
[20:41:01] Player (Casper, 76561198216502636)(<3421.042480, 15.097157, 5042.374512>) requested data for lock!
[20:41:03] Player (Casper, 76561198216502636)(<3411.108643, 12.659751, 5048.064941>) requested data for lock!
[20:41:35] Player (Casper, 76561198216502636)(<3474.218506, 6.642277, 5363.240723>) requested data for lock!
[20:42:56] Player (Casper, 76561198216502636)(<4380.106445, 2.076707, 5958.709961>) requested data for lock!
[20:42:57] Player (Casper, 76561198216502636)(<4379.876953, 2.008279, 5963.796387>) requested data for lock!
[20:42:58] Player (Casper, 76561198216502636)(<4378.048340, 1.954537, 5968.927246>) requested data for lock!
[20:42:59] Player (Casper, 76561198216502636)(<4373.662109, 3.838867, 5976.322266>) requested data for lock!
[20:44:16] Player (Rikinoo, 76561198016672415)(<3421.042480, 15.097157, 5042.374512>) requested data for lock!
[20:44:17] Player (Rikinoo, 76561198016672415)(<3411.108643, 12.659751, 5048.064941>) requested data for lock!
[20:44:22] Player (Rikinoo, 76561198016672415)(<3474.218506, 6.642277, 5363.240723>) requested data for lock!
[20:44:28] Player (Rikinoo, 76561198016672415)(<4380.106445, 2.076707, 5958.709961>) requested data for lock!
[20:44:29] Player (Rikinoo, 76561198016672415)(<4379.876953, 2.008279, 5963.796387>) requested data for lock!
[20:44:30] Player (Rikinoo, 76561198016672415)(<4378.048340, 1.954537, 5968.927246>) requested data for lock!
[20:44:31] Player (Rikinoo, 76561198016672415)(<4373.662109, 3.838867, 5976.322266>) requested data for lock!
[20:53:34] Player (MADness, 76561198968762750)(<3474.218506, 6.642277, 5363.240723>) requested data for lock!
[20:53:34] Player (MADness, 76561198968762750)(<2435.960938, 55.353981, 5288.420898>) requested data for lock!
[20:53:34] Player (MADness, 76561198968762750)(<2436.508545, 53.178806, 5278.377441>) requested data for lock!
[20:54:25] Player (Rikinoo, 76561198016672415)(<3474.218506, 6.642277, 5363.240723>) requested data for lock!
[20:54:26] Player (Rikinoo, 76561198016672415)(<2435.960938, 55.353981, 5288.420898>) requested data for lock!
[20:54:26] Player (Rikinoo, 76561198016672415)(<2436.508545, 53.178806, 5278.377441>) requested data for lock!
[21:41:04] Player (Bflame, 76561198072840834)(<3276.376465, 34.151474, 4613.831055>) requested data for lock!
[21:41:04] Player (Bflame, 76561198072840834)(<3585.483643, 23.219879, 4879.533691>) requested data for lock!
[22:29:11] Player (Rikinoo, 76561198016672415)(<3276.376465, 34.151474, 4613.831055>) requested data for lock!
[22:29:11] Player (Rikinoo, 76561198016672415)(<3585.483643, 23.219879, 4879.533691>) requested data for lock!
[23:25:00] Player (Pilly, 76561198836539627)(<4373.662109, 3.838867, 5976.322266>) requested data for lock!
[23:25:01] Player (Pilly, 76561198836539627)(<4378.048340, 1.954537, 5968.927246>) requested data for lock!
[23:25:02] Player (Pilly, 76561198836539627)(<4379.876953, 2.008279, 5963.796387>) requested data for lock!
[23:25:02] Player (Pilly, 76561198836539627)(<4380.106445, 2.076707, 5958.709961>) requested data for lock!
[23:30:57] Player (Pilly, 76561198836539627)(<4373.662109, 3.838867, 5976.322266>) requested data for lock!
[23:31:01] Player (Pilly, 76561198836539627)(<4378.048340, 1.954537, 5968.927246>) requested data for lock!
[23:31:03] Player (Pilly, 76561198836539627)(<4379.876953, 2.008279, 5963.796387>) requested data for lock!
[23:31:05] Player (Pilly, 76561198836539627)(<4380.106445, 2.076707, 5958.709961>) requested data for lock!
[23:33:36] Player (Pilly, 76561198836539627)(<3474.218506, 6.642277, 5363.240723>) requested data for lock!
[23:36:04] Player (Pilly, 76561198836539627)(<2435.960938, 55.353981, 5288.420898>) requested data for lock!
[23:36:06] Player (Pilly, 76561198836539627)(<2436.508545, 53.178806, 5278.377441>) requested data for lock!
[23:38:07] Player (Pilly, 76561198836539627)(<3474.218506, 6.642277, 5363.240723>) requested data for lock!
[23:40:42] Player (Pilly, 76561198836539627)(<3474.218506, 6.642277, 5363.240723>) requested data for lock!
[23:44:02] Player (Pilly, 76561198836539627)(<3474.218506, 6.642277, 5363.240723>) requested data for lock!
[23:44:07] Player (Pilly, 76561198836539627)(<3474.218506, 6.642277, 5363.240723>) requested data for lock!
[23:44:29] Player (Pilly, 76561198836539627)(<3474.218506, 6.642277, 5363.240723>) requested data for lock!
[23:44:50] Player (Pilly, 76561198836539627)(<3474.218506, 6.642277, 5363.240723>) requested data for lock!
[23:48:08] Player (Pilly, 76561198836539627)(<3474.218506, 6.642277, 5363.240723>) requested data for lock!
[23:48:27] Player (Pilly, 76561198836539627)(<3411.108643, 12.659751, 5048.064941>) requested data for lock!
[23:48:29] Player (Pilly, 76561198836539627)(<3421.042480, 15.097157, 5042.374512>) requested data for lock!
[23:49:08] Player (Pilly, 76561198836539627)(<3276.376465, 34.151474, 4613.831055>) requested data for lock!
[23:49:08] Player (Pilly, 76561198836539627)(<3585.483643, 23.219879, 4879.533691>) requested data for lock!
[23:52:56] Player (Pilly, 76561198836539627)(<4380.106445, 2.076707, 5958.709961>) requested data for lock!
[23:52:57] Player (Pilly, 76561198836539627)(<4379.876953, 2.008279, 5963.796387>) requested data for lock!
[23:52:58] Player (Pilly, 76561198836539627)(<4378.048340, 1.954537, 5968.927246>) requested data for lock!
[23:52:59] Player (Pilly, 76561198836539627)(<4373.662109, 3.838867, 5976.322266>) requested data for lock!
