[07-09-2022][00.02.31] New Synch Log File Created!
[00:49:06] Player (Majky, 76561198275611052)(<3585.483643, 23.219879, 4879.533691>) requested data for lock!
[00:49:06] Player (Majky, 76561198275611052)(<4380.106445, 2.076707, 5958.709961>) requested data for lock!
[00:49:06] Player (Majky, 76561198275611052)(<3421.042480, 15.097157, 5042.374512>) requested data for lock!
[00:49:06] Player (Majky, 76561198275611052)(<3411.108643, 12.659751, 5048.064941>) requested data for lock!
[00:49:06] Player (Majky, 76561198275611052)(<3474.218506, 6.642277, 5363.240723>) requested data for lock!
[00:49:06] Player (Majky, 76561198275611052)(<3276.376465, 34.151474, 4613.831055>) requested data for lock!
[00:49:35] Player (Majky, 76561198275611052)(<2436.508545, 53.178806, 5278.377441>) requested data for lock!
[00:49:35] Player (Majky, 76561198275611052)(<2435.960938, 55.353981, 5288.420898>) requested data for lock!
[00:51:48] Player (Majky, 76561198275611052)(<4380.106445, 2.076707, 5958.709961>) requested data for lock!
[00:51:49] Player (Majky, 76561198275611052)(<4379.876953, 2.008279, 5963.796387>) requested data for lock!
[00:51:49] Player (Majky, 76561198275611052)(<4378.048340, 1.954537, 5968.927246>) requested data for lock!
[00:51:49] Player (Majky, 76561198275611052)(<4373.662109, 3.838867, 5976.322266>) requested data for lock!
[01:01:19] Player (Majky, 76561198275611052)(<3474.218506, 6.642277, 5363.240723>) requested data for lock!
[01:03:03] Player (Majky, 76561198275611052)(<3411.108643, 12.659751, 5048.064941>) requested data for lock!
[01:03:05] Player (Majky, 76561198275611052)(<3421.042480, 15.097157, 5042.374512>) requested data for lock!
[01:03:28] Player (martyCZ, 76561198873247465)(<3585.483643, 23.219879, 4879.533691>) requested data for lock!
[01:03:28] Player (martyCZ, 76561198873247465)(<2435.960938, 55.353981, 5288.420898>) requested data for lock!
[01:03:28] Player (martyCZ, 76561198873247465)(<2436.508545, 53.178806, 5278.377441>) requested data for lock!
[01:03:28] Player (martyCZ, 76561198873247465)(<3421.042480, 15.097157, 5042.374512>) requested data for lock!
[01:03:28] Player (martyCZ, 76561198873247465)(<3411.108643, 12.659751, 5048.064941>) requested data for lock!
[01:03:28] Player (martyCZ, 76561198873247465)(<3474.218506, 6.642277, 5363.240723>) requested data for lock!
[01:03:28] Player (martyCZ, 76561198873247465)(<3276.376465, 34.151474, 4613.831055>) requested data for lock!
[01:04:04] Player (Majky, 76561198275611052)(<4373.662109, 3.838867, 5976.322266>) requested data for lock!
[01:04:04] Player (Majky, 76561198275611052)(<4378.048340, 1.954537, 5968.927246>) requested data for lock!
[01:04:04] Player (Majky, 76561198275611052)(<4379.876953, 2.008279, 5963.796387>) requested data for lock!
[01:04:04] Player (Majky, 76561198275611052)(<4380.106445, 2.076707, 5958.709961>) requested data for lock!
[01:21:52] Player (martyCZ, 76561198873247465)(<4373.662109, 3.838867, 5976.322266>) requested data for lock!
[01:21:52] Player (martyCZ, 76561198873247465)(<4378.048340, 1.954537, 5968.927246>) requested data for lock!
[01:21:53] Player (martyCZ, 76561198873247465)(<4379.876953, 2.008279, 5963.796387>) requested data for lock!
[01:21:53] Player (martyCZ, 76561198873247465)(<4380.106445, 2.076707, 5958.709961>) requested data for lock!
[01:33:40] Player (martyCZ, 76561198873247465)(<4373.662109, 3.838867, 5976.322266>) requested data for lock!
[01:33:42] Player (martyCZ, 76561198873247465)(<4378.048340, 1.954537, 5968.927246>) requested data for lock!
[01:33:42] Player (martyCZ, 76561198873247465)(<4379.876953, 2.008279, 5963.796387>) requested data for lock!
[01:33:42] Player (martyCZ, 76561198873247465)(<4380.106445, 2.076707, 5958.709961>) requested data for lock!
[01:33:48] Player (martyCZ, 76561198873247465)(<3474.218506, 6.642277, 5363.240723>) requested data for lock!
[01:46:39] Player (Majky, 76561198275611052)(<4380.106445, 2.076707, 5958.709961>) requested data for lock!
[01:46:39] Player (Majky, 76561198275611052)(<4379.876953, 2.008279, 5963.796387>) requested data for lock!
[01:46:40] Player (Majky, 76561198275611052)(<4378.048340, 1.954537, 5968.927246>) requested data for lock!
[01:46:40] Player (Majky, 76561198275611052)(<4373.662109, 3.838867, 5976.322266>) requested data for lock!
[01:48:02] Player (Majky, 76561198275611052)(<3474.218506, 6.642277, 5363.240723>) requested data for lock!
[01:49:16] Player (Majky, 76561198275611052)(<2435.960938, 55.353981, 5288.420898>) requested data for lock!
[01:49:17] Player (Majky, 76561198275611052)(<2436.508545, 53.178806, 5278.377441>) requested data for lock!
[01:49:21] Player (Majky, 76561198275611052)(<3411.108643, 12.659751, 5048.064941>) requested data for lock!
[01:49:22] Player (Majky, 76561198275611052)(<3421.042480, 15.097157, 5042.374512>) requested data for lock!
[01:51:31] Player (Majky, 76561198275611052)(<3411.108643, 12.659751, 5048.064941>) requested data for lock!
[01:51:32] Player (Majky, 76561198275611052)(<3421.042480, 15.097157, 5042.374512>) requested data for lock!
[01:51:32] Player (Majky, 76561198275611052)(<3474.218506, 6.642277, 5363.240723>) requested data for lock!
[01:51:43] Player (Majky, 76561198275611052)(<3276.376465, 34.151474, 4613.831055>) requested data for lock!
[01:51:44] Player (Majky, 76561198275611052)(<3585.483643, 23.219879, 4879.533691>) requested data for lock!
[01:52:22] Player (Majky, 76561198275611052)(<4380.106445, 2.076707, 5958.709961>) requested data for lock!
[01:52:23] Player (Majky, 76561198275611052)(<4379.876953, 2.008279, 5963.796387>) requested data for lock!
[01:52:23] Player (Majky, 76561198275611052)(<4378.048340, 1.954537, 5968.927246>) requested data for lock!
[01:52:24] Player (Majky, 76561198275611052)(<4373.662109, 3.838867, 5976.322266>) requested data for lock!
[01:52:31] Player (Majky, 76561198275611052)(<4380.106445, 2.076707, 5958.709961>) requested data for lock!
[01:52:38] Player (Majky, 76561198275611052)(<4379.876953, 2.008279, 5963.796387>) requested data for lock!
[01:52:38] Player (Majky, 76561198275611052)(<4378.048340, 1.954537, 5968.927246>) requested data for lock!
[01:52:38] Player (Majky, 76561198275611052)(<4373.662109, 3.838867, 5976.322266>) requested data for lock!
[01:56:36] Player (Majky, 76561198275611052)(<4379.876953, 2.008279, 5963.796387>) requested data for lock!
[01:56:37] Player (Majky, 76561198275611052)(<4378.048340, 1.954537, 5968.927246>) requested data for lock!
[01:56:37] Player (Majky, 76561198275611052)(<4373.662109, 3.838867, 5976.322266>) requested data for lock!
[01:57:48] Player (Majky, 76561198275611052)(<4379.876953, 2.008279, 5963.796387>) requested data for lock!
[01:57:49] Player (Majky, 76561198275611052)(<4378.048340, 1.954537, 5968.927246>) requested data for lock!
[01:57:49] Player (Majky, 76561198275611052)(<4373.662109, 3.838867, 5976.322266>) requested data for lock!
[07-09-2022][04.02.26] Log file reloaded ( Server Restart )
[07-09-2022][08.02.42] Log file reloaded ( Server Restart )
[09:02:53] Player (Kocur69, 76561198295570264)(<3276.376465, 34.151474, 4613.831055>) requested data for lock!
[09:02:53] Player (Kocur69, 76561198295570264)(<3585.483643, 23.219879, 4879.533691>) requested data for lock!
[09:07:08] Player (Kocur69, 76561198295570264)(<3421.042480, 15.097157, 5042.374512>) requested data for lock!
[09:07:09] Player (Kocur69, 76561198295570264)(<3411.108643, 12.659751, 5048.064941>) requested data for lock!
[09:07:27] Player (Kocur69, 76561198295570264)(<3474.218506, 6.642277, 5363.240723>) requested data for lock!
[09:07:37] Player (Majky, 76561198275611052)(<3276.376465, 34.151474, 4613.831055>) requested data for lock!
[09:07:37] Player (Majky, 76561198275611052)(<3585.483643, 23.219879, 4879.533691>) requested data for lock!
[09:08:32] Player (Kocur69, 76561198295570264)(<4380.106445, 2.076707, 5958.709961>) requested data for lock!
[09:08:33] Player (Kocur69, 76561198295570264)(<4379.876953, 2.008279, 5963.796387>) requested data for lock!
[09:08:33] Player (Kocur69, 76561198295570264)(<4378.048340, 1.954537, 5968.927246>) requested data for lock!
[09:08:34] Player (Kocur69, 76561198295570264)(<4373.662109, 3.838867, 5976.322266>) requested data for lock!
[09:12:00] Player (Majky, 76561198275611052)(<3421.042480, 15.097157, 5042.374512>) requested data for lock!
[09:12:01] Player (Majky, 76561198275611052)(<3411.108643, 12.659751, 5048.064941>) requested data for lock!
[09:12:13] Player (Majky, 76561198275611052)(<3474.218506, 6.642277, 5363.240723>) requested data for lock!
[09:13:07] Player (Majky, 76561198275611052)(<2436.508545, 53.178806, 5278.377441>) requested data for lock!
[09:13:07] Player (Majky, 76561198275611052)(<2435.960938, 55.353981, 5288.420898>) requested data for lock!
[09:13:23] Player (Majky, 76561198275611052)(<4380.106445, 2.076707, 5958.709961>) requested data for lock!
[09:13:44] Player (Majky, 76561198275611052)(<4379.876953, 2.008279, 5963.796387>) requested data for lock!
[09:13:45] Player (Majky, 76561198275611052)(<4378.048340, 1.954537, 5968.927246>) requested data for lock!
[09:13:45] Player (Majky, 76561198275611052)(<4373.662109, 3.838867, 5976.322266>) requested data for lock!
[09:20:27] Player (Majky, 76561198275611052)(<4378.048340, 1.954537, 5968.927246>) requested data for lock!
[09:20:28] Player (Majky, 76561198275611052)(<4373.662109, 3.838867, 5976.322266>) requested data for lock!
[09:22:55] Player (Kocur69, 76561198295570264)(<3276.376465, 34.151474, 4613.831055>) requested data for lock!
[09:28:22] Player (Kocur69, 76561198295570264)(<3276.376465, 34.151474, 4613.831055>) requested data for lock!
[09:33:03] Player (Kocur69, 76561198295570264)(<4489.105957, 1.163242, 3118.035645>) requested data for lock!
[09:33:07] Player (Kocur69, 76561198295570264)(<4450.335449, 6.887537, 3090.050293>) requested data for lock!
[09:33:15] Player (Kocur69, 76561198295570264)(<5703.666016, 4.296862, 3579.834473>) requested data for lock!
[09:33:15] Player (Kocur69, 76561198295570264)(<5704.501465, 4.296862, 3574.349854>) requested data for lock!
[09:47:08] Player (Majky, 76561198275611052)(<3276.376465, 34.151474, 4613.831055>) requested data for lock!
[09:47:08] Player (Majky, 76561198275611052)(<3585.483643, 23.219879, 4879.533691>) requested data for lock!
[09:47:08] Player (Majky, 76561198275611052)(<3411.108643, 12.659751, 5048.064941>) requested data for lock!
[09:47:08] Player (Majky, 76561198275611052)(<3421.042480, 15.097157, 5042.374512>) requested data for lock!
[09:47:08] Player (Majky, 76561198275611052)(<3474.218506, 6.642277, 5363.240723>) requested data for lock!
[09:47:08] Player (Majky, 76561198275611052)(<4378.048340, 1.954537, 5968.927246>) requested data for lock!
[09:47:08] Player (Majky, 76561198275611052)(<4373.662109, 3.838867, 5976.322266>) requested data for lock!
[09:47:08] Player (Majky, 76561198275611052)(<4379.876953, 2.008279, 5963.796387>) requested data for lock!
[09:47:08] Player (Majky, 76561198275611052)(<4380.106445, 2.076707, 5958.709961>) requested data for lock!
[09:50:00] Player (Kocur69, 76561198295570264)(<5704.501465, 4.296862, 3574.349854>) requested data for lock!
[09:50:00] Player (Kocur69, 76561198295570264)(<5703.666016, 4.296862, 3579.834473>) requested data for lock!
[09:53:46] Player (Majky, 76561198275611052)(<4489.105957, 1.163242, 3118.035645>) requested data for lock!
[09:53:47] Player (Majky, 76561198275611052)(<4450.335449, 6.887537, 3090.050293>) requested data for lock!
[09:53:58] Player (Majky, 76561198275611052)(<5703.666016, 4.296862, 3579.834473>) requested data for lock!
[09:53:58] Player (Majky, 76561198275611052)(<5704.501465, 4.296862, 3574.349854>) requested data for lock!
[10:13:01] Player (Majky, 76561198275611052)(<5704.501465, 4.296862, 3574.349854>) requested data for lock!
[10:13:02] Player (Majky, 76561198275611052)(<5703.666016, 4.296862, 3579.834473>) requested data for lock!
[10:13:28] Player (Majky, 76561198275611052)(<4489.105957, 1.163242, 3118.035645>) requested data for lock!
[10:13:30] Player (Majky, 76561198275611052)(<4450.335449, 6.887537, 3090.050293>) requested data for lock!
[10:14:36] Player (Majky, 76561198275611052)(<3585.483643, 23.219879, 4879.533691>) requested data for lock!
[10:14:49] Player (Majky, 76561198275611052)(<3421.042480, 15.097157, 5042.374512>) requested data for lock!
[10:14:51] Player (Majky, 76561198275611052)(<3411.108643, 12.659751, 5048.064941>) requested data for lock!
[10:14:55] Player (Majky, 76561198275611052)(<3474.218506, 6.642277, 5363.240723>) requested data for lock!
[10:15:05] Player (Majky, 76561198275611052)(<4380.106445, 2.076707, 5958.709961>) requested data for lock!
[10:15:06] Player (Majky, 76561198275611052)(<4379.876953, 2.008279, 5963.796387>) requested data for lock!
[10:15:06] Player (Majky, 76561198275611052)(<4378.048340, 1.954537, 5968.927246>) requested data for lock!
[10:15:06] Player (Majky, 76561198275611052)(<4373.662109, 3.838867, 5976.322266>) requested data for lock!
[10:15:09] Player (Majky, 76561198275611052)(<3276.376465, 34.151474, 4613.831055>) requested data for lock!
[10:28:12] Player (Majky, 76561198275611052)(<3585.483643, 23.219879, 4879.533691>) requested data for lock!
[10:28:16] Player (Majky, 76561198275611052)(<3474.218506, 6.642277, 5363.240723>) requested data for lock!
[10:28:25] Player (Majky, 76561198275611052)(<3421.042480, 15.097157, 5042.374512>) requested data for lock!
[10:28:28] Player (Majky, 76561198275611052)(<3411.108643, 12.659751, 5048.064941>) requested data for lock!
[10:40:07] Player (Majky, 76561198275611052)(<3276.376465, 34.151474, 4613.831055>) requested data for lock!
[10:42:01] Player (Majky, 76561198275611052)(<4379.876953, 2.008279, 5963.796387>) requested data for lock!
[10:42:01] Player (Majky, 76561198275611052)(<4378.048340, 1.954537, 5968.927246>) requested data for lock!
[10:42:01] Player (Majky, 76561198275611052)(<4373.662109, 3.838867, 5976.322266>) requested data for lock!
[10:50:13] Player (Majky, 76561198275611052)(<2436.508545, 53.178806, 5278.377441>) requested data for lock!
[10:50:13] Player (Majky, 76561198275611052)(<2435.960938, 55.353981, 5288.420898>) requested data for lock!
[10:51:27] Player (Majky, 76561198275611052)(<4380.106445, 2.076707, 5958.709961>) requested data for lock!
[10:51:28] Player (Majky, 76561198275611052)(<4379.876953, 2.008279, 5963.796387>) requested data for lock!
[10:51:28] Player (Majky, 76561198275611052)(<4378.048340, 1.954537, 5968.927246>) requested data for lock!
[10:51:28] Player (Majky, 76561198275611052)(<4373.662109, 3.838867, 5976.322266>) requested data for lock!
[10:56:26] Player (P@lko2265, 76561198039629108)(<3276.376465, 34.151474, 4613.831055>) requested data for lock!
[10:56:26] Player (P@lko2265, 76561198039629108)(<3585.483643, 23.219879, 4879.533691>) requested data for lock!
[10:58:50] Player (P@lko2265, 76561198039629108)(<3585.483643, 23.219879, 4879.533691>) requested data for lock!
[10:59:12] Player (P@lko2265, 76561198039629108)(<3421.042480, 15.097157, 5042.374512>) requested data for lock!
[10:59:13] Player (P@lko2265, 76561198039629108)(<3411.108643, 12.659751, 5048.064941>) requested data for lock!
[10:59:19] Player (P@lko2265, 76561198039629108)(<3474.218506, 6.642277, 5363.240723>) requested data for lock!
[10:59:29] Player (P@lko2265, 76561198039629108)(<4380.106445, 2.076707, 5958.709961>) requested data for lock!
[10:59:30] Player (P@lko2265, 76561198039629108)(<4379.876953, 2.008279, 5963.796387>) requested data for lock!
[10:59:30] Player (P@lko2265, 76561198039629108)(<4378.048340, 1.954537, 5968.927246>) requested data for lock!
[10:59:30] Player (P@lko2265, 76561198039629108)(<4373.662109, 3.838867, 5976.322266>) requested data for lock!
[10:59:34] Player (P@lko2265, 76561198039629108)(<3276.376465, 34.151474, 4613.831055>) requested data for lock!
[10:59:44] Player (Majky, 76561198275611052)(<4378.048340, 1.954537, 5968.927246>) requested data for lock!
[11:00:14] Player (Majky, 76561198275611052)(<4379.876953, 2.008279, 5963.796387>) requested data for lock!
[11:00:14] Player (Majky, 76561198275611052)(<4378.048340, 1.954537, 5968.927246>) requested data for lock!
[11:00:14] Player (Majky, 76561198275611052)(<4373.662109, 3.838867, 5976.322266>) requested data for lock!
[11:01:18] Player (Majky, 76561198275611052)(<4373.662109, 3.838867, 5976.322266>) requested data for lock!
[11:02:04] Player (Majky, 76561198275611052)(<2436.508545, 53.178806, 5278.377441>) requested data for lock!
[11:05:13] Player (Majky, 76561198275611052)(<3474.218506, 6.642277, 5363.240723>) requested data for lock!
[11:08:39] Player (martyCZ, 76561198873247465)(<4379.876953, 2.008279, 5963.796387>) requested data for lock!
[11:08:39] Player (martyCZ, 76561198873247465)(<4380.106445, 2.076707, 5958.709961>) requested data for lock!
[11:08:40] Player (martyCZ, 76561198873247465)(<4378.048340, 1.954537, 5968.927246>) requested data for lock!
[11:08:40] Player (martyCZ, 76561198873247465)(<4373.662109, 3.838867, 5976.322266>) requested data for lock!
[11:10:17] Player (Majky, 76561198275611052)(<3474.218506, 6.642277, 5363.240723>) requested data for lock!
[11:10:54] Player (Majky, 76561198275611052)(<3474.218506, 6.642277, 5363.240723>) requested data for lock!
[11:11:32] Player (martyCZ, 76561198873247465)(<3474.218506, 6.642277, 5363.240723>) requested data for lock!
[11:13:13] Player (Majky, 76561198275611052)(<3411.108643, 12.659751, 5048.064941>) requested data for lock!
[11:13:14] Player (Majky, 76561198275611052)(<3421.042480, 15.097157, 5042.374512>) requested data for lock!
[11:13:14] Player (Majky, 76561198275611052)(<3474.218506, 6.642277, 5363.240723>) requested data for lock!
[11:13:23] Player (Majky, 76561198275611052)(<3276.376465, 34.151474, 4613.831055>) requested data for lock!
[11:13:24] Player (Majky, 76561198275611052)(<3585.483643, 23.219879, 4879.533691>) requested data for lock!
[11:14:08] Player (Majky, 76561198275611052)(<4380.106445, 2.076707, 5958.709961>) requested data for lock!
[11:14:09] Player (Majky, 76561198275611052)(<4379.876953, 2.008279, 5963.796387>) requested data for lock!
[11:14:09] Player (Majky, 76561198275611052)(<4378.048340, 1.954537, 5968.927246>) requested data for lock!
[11:14:12] Player (martyCZ, 76561198873247465)(<3411.108643, 12.659751, 5048.064941>) requested data for lock!
[11:14:13] Player (martyCZ, 76561198873247465)(<2435.960938, 55.353981, 5288.420898>) requested data for lock!
[11:14:15] Player (martyCZ, 76561198873247465)(<3421.042480, 15.097157, 5042.374512>) requested data for lock!
[11:14:15] Player (martyCZ, 76561198873247465)(<2436.508545, 53.178806, 5278.377441>) requested data for lock!
[11:14:16] Player (Majky, 76561198275611052)(<4380.106445, 2.076707, 5958.709961>) requested data for lock!
[11:14:23] Player (Majky, 76561198275611052)(<4379.876953, 2.008279, 5963.796387>) requested data for lock!
[11:14:42] Player (Majky, 76561198275611052)(<4380.106445, 2.076707, 5958.709961>) requested data for lock!
[11:14:42] Player (Majky, 76561198275611052)(<4379.876953, 2.008279, 5963.796387>) requested data for lock!
[11:14:42] Player (Majky, 76561198275611052)(<4378.048340, 1.954537, 5968.927246>) requested data for lock!
[11:14:43] Player (Majky, 76561198275611052)(<4373.662109, 3.838867, 5976.322266>) requested data for lock!
[11:14:56] Player (MADness, 76561198968762750)(<3276.376465, 34.151474, 4613.831055>) requested data for lock!
[11:14:56] Player (MADness, 76561198968762750)(<3585.483643, 23.219879, 4879.533691>) requested data for lock!
[11:16:11] Player (MADness, 76561198968762750)(<3411.108643, 12.659751, 5048.064941>) requested data for lock!
[11:16:11] Player (MADness, 76561198968762750)(<3421.042480, 15.097157, 5042.374512>) requested data for lock!
[11:16:11] Player (MADness, 76561198968762750)(<3474.218506, 6.642277, 5363.240723>) requested data for lock!
[11:16:12] Player (MADness, 76561198968762750)(<2435.960938, 55.353981, 5288.420898>) requested data for lock!
[11:16:12] Player (MADness, 76561198968762750)(<2436.508545, 53.178806, 5278.377441>) requested data for lock!
[11:16:21] Player (martyCZ, 76561198873247465)(<3585.483643, 23.219879, 4879.533691>) requested data for lock!
[11:16:49] Player (martyCZ, 76561198873247465)(<3276.376465, 34.151474, 4613.831055>) requested data for lock!
[11:17:22] Player (MADness, 76561198968762750)(<3585.483643, 23.219879, 4879.533691>) requested data for lock!
[11:17:25] Player (MADness, 76561198968762750)(<3276.376465, 34.151474, 4613.831055>) requested data for lock!
[11:20:14] Player (Majky, 76561198275611052)(<4489.105957, 1.163242, 3118.035645>) requested data for lock!
[11:20:15] Player (Majky, 76561198275611052)(<4450.335449, 6.887537, 3090.050293>) requested data for lock!
[11:20:15] Player (Majky, 76561198275611052)(<5703.666016, 4.296862, 3579.834473>) requested data for lock!
[11:20:15] Player (Majky, 76561198275611052)(<5704.501465, 4.296862, 3574.349854>) requested data for lock!
[11:21:40] Player (martyCZ, 76561198873247465)(<2436.508545, 53.178806, 5278.377441>) requested data for lock!
[11:21:50] Player (martyCZ, 76561198873247465)(<2436.508545, 53.178806, 5278.377441>) requested data for lock!
[11:21:52] Player (martyCZ, 76561198873247465)(<2435.960938, 55.353981, 5288.420898>) requested data for lock!
[07-09-2022][12.02.35] Log file reloaded ( Server Restart )
[13:17:27] Player (MADness, 76561198968762750)(<3585.483643, 23.219879, 4879.533691>) requested data for lock!
[13:17:27] Player (MADness, 76561198968762750)(<3276.376465, 34.151474, 4613.831055>) requested data for lock!
[13:18:15] Player (MADness, 76561198968762750)(<4489.105957, 1.163242, 3118.035645>) requested data for lock!
[13:18:16] Player (MADness, 76561198968762750)(<4450.335449, 6.887537, 3090.050293>) requested data for lock!
[13:18:16] Player (MADness, 76561198968762750)(<4964.083008, 5.118455, 1414.849365>) requested data for lock!
[13:18:16] Player (MADness, 76561198968762750)(<4961.266602, 5.789789, 1410.613037>) requested data for lock!
[13:29:54] Player (Majky, 76561198275611052)(<5704.501465, 4.296862, 3574.349854>) requested data for lock!
[13:29:54] Player (Majky, 76561198275611052)(<5703.666016, 4.296862, 3579.834473>) requested data for lock!
[13:30:21] Player (Majky, 76561198275611052)(<4489.105957, 1.163242, 3118.035645>) requested data for lock!
[13:30:23] Player (Majky, 76561198275611052)(<4450.335449, 6.887537, 3090.050293>) requested data for lock!
[13:31:30] Player (Majky, 76561198275611052)(<3585.483643, 23.219879, 4879.533691>) requested data for lock!
[13:31:42] Player (Majky, 76561198275611052)(<3421.042480, 15.097157, 5042.374512>) requested data for lock!
[13:31:43] Player (Majky, 76561198275611052)(<3411.108643, 12.659751, 5048.064941>) requested data for lock!
[13:31:48] Player (Majky, 76561198275611052)(<3474.218506, 6.642277, 5363.240723>) requested data for lock!
[13:31:59] Player (Majky, 76561198275611052)(<4380.106445, 2.076707, 5958.709961>) requested data for lock!
[13:32:00] Player (Majky, 76561198275611052)(<4379.876953, 2.008279, 5963.796387>) requested data for lock!
[13:32:00] Player (Majky, 76561198275611052)(<4378.048340, 1.954537, 5968.927246>) requested data for lock!
[13:32:00] Player (Majky, 76561198275611052)(<4373.662109, 3.838867, 5976.322266>) requested data for lock!
[13:32:00] Player (Majky, 76561198275611052)(<3276.376465, 34.151474, 4613.831055>) requested data for lock!
[13:33:02] Player (MADness, 76561198968762750)(<4373.662109, 3.838867, 5976.322266>) requested data for lock!
[13:33:02] Player (MADness, 76561198968762750)(<4378.048340, 1.954537, 5968.927246>) requested data for lock!
[13:33:02] Player (MADness, 76561198968762750)(<4379.876953, 2.008279, 5963.796387>) requested data for lock!
[13:33:02] Player (MADness, 76561198968762750)(<4380.106445, 2.076707, 5958.709961>) requested data for lock!
[13:37:13] Player (Majky, 76561198275611052)(<4379.876953, 2.008279, 5963.796387>) requested data for lock!
[13:37:13] Player (Majky, 76561198275611052)(<4378.048340, 1.954537, 5968.927246>) requested data for lock!
[13:37:13] Player (Majky, 76561198275611052)(<4373.662109, 3.838867, 5976.322266>) requested data for lock!
[13:41:08] Player (MADness, 76561198968762750)(<4380.106445, 2.076707, 5958.709961>) requested data for lock!
[13:41:08] Player (MADness, 76561198968762750)(<4378.048340, 1.954537, 5968.927246>) requested data for lock!
[13:41:08] Player (MADness, 76561198968762750)(<4379.876953, 2.008279, 5963.796387>) requested data for lock!
[13:41:08] Player (MADness, 76561198968762750)(<4373.662109, 3.838867, 5976.322266>) requested data for lock!
[13:41:14] Player (Majky, 76561198275611052)(<2436.508545, 53.178806, 5278.377441>) requested data for lock!
[13:41:14] Player (Majky, 76561198275611052)(<2435.960938, 55.353981, 5288.420898>) requested data for lock!
[13:41:24] Player (MADness, 76561198968762750)(<3474.218506, 6.642277, 5363.240723>) requested data for lock!
[13:41:46] Player (MADness, 76561198968762750)(<4450.335449, 6.887537, 3090.050293>) requested data for lock!
[13:41:47] Player (MADness, 76561198968762750)(<4489.105957, 1.163242, 3118.035645>) requested data for lock!
[13:41:47] Player (MADness, 76561198968762750)(<4964.083008, 5.118455, 1414.849365>) requested data for lock!
[13:42:02] Player (MADness, 76561198968762750)(<4964.083008, 5.118455, 1414.849365>) requested data for lock!
[13:42:14] Player (Majky, 76561198275611052)(<3474.218506, 6.642277, 5363.240723>) requested data for lock!
[07-09-2022][13.44.22] Log file reloaded ( Server Restart )
[13:45:30] Player (MADness, 76561198968762750)(<4489.105957, 1.163242, 3118.035645>) requested data for lock!
[13:45:33] Player (MADness, 76561198968762750)(<4450.335449, 6.887537, 3090.050293>) requested data for lock!
[13:45:33] Player (Majky, 76561198275611052)(<2435.960938, 55.353981, 5288.420898>) requested data for lock!
[13:45:33] Player (Majky, 76561198275611052)(<2436.508545, 53.178806, 5278.377441>) requested data for lock!
[13:45:33] Player (Majky, 76561198275611052)(<3474.218506, 6.642277, 5363.240723>) requested data for lock!
[13:46:20] Player (MADness, 76561198968762750)(<4961.266602, 5.789789, 1410.613037>) requested data for lock!
[13:46:20] Player (MADness, 76561198968762750)(<4964.083008, 5.118455, 1414.849365>) requested data for lock!
[13:46:30] Player (MADness, 76561198968762750)(<4489.105957, 1.163242, 3118.035645>) requested data for lock!
[13:46:33] Player (MADness, 76561198968762750)(<4450.335449, 6.887537, 3090.050293>) requested data for lock!
[13:49:29] Player (MADness, 76561198968762750)(<4489.105957, 1.163242, 3118.035645>) requested data for lock!
[13:49:32] Player (MADness, 76561198968762750)(<4450.335449, 6.887537, 3090.050293>) requested data for lock!
[13:49:33] Player (MADness, 76561198968762750)(<4961.266602, 5.789789, 1410.613037>) requested data for lock!
[13:49:33] Player (MADness, 76561198968762750)(<4964.083008, 5.118455, 1414.849365>) requested data for lock!
[13:51:09] Player (StaryKojot, 76561198080276111)(<4489.105957, 1.163242, 3118.035645>) requested data for lock!
[13:51:09] Player (StaryKojot, 76561198080276111)(<4450.335449, 6.887537, 3090.050293>) requested data for lock!
[13:51:22] Player (Majky, 76561198275611052)(<3474.218506, 6.642277, 5363.240723>) requested data for lock!
[13:51:33] Player (Majky, 76561198275611052)(<3474.218506, 6.642277, 5363.240723>) requested data for lock!
[13:52:52] Player (MADness, 76561198968762750)(<4964.083008, 5.118455, 1414.849365>) requested data for lock!
[13:52:52] Player (MADness, 76561198968762750)(<4961.266602, 5.789789, 1410.613037>) requested data for lock!
[13:54:08] Player (Majky, 76561198275611052)(<3474.218506, 6.642277, 5363.240723>) requested data for lock!
[13:54:14] Player (MADness, 76561198968762750)(<4964.083008, 5.118455, 1414.849365>) requested data for lock!
[13:54:15] Player (MADness, 76561198968762750)(<4961.266602, 5.789789, 1410.613037>) requested data for lock!
[13:54:34] Player (Majky, 76561198275611052)(<3474.218506, 6.642277, 5363.240723>) requested data for lock!
[13:56:24] Player (Majky, 76561198275611052)(<3411.108643, 12.659751, 5048.064941>) requested data for lock!
[13:56:25] Player (Majky, 76561198275611052)(<3421.042480, 15.097157, 5042.374512>) requested data for lock!
[13:57:01] Player (Majky, 76561198275611052)(<4373.662109, 3.838867, 5976.322266>) requested data for lock!
[13:57:01] Player (Majky, 76561198275611052)(<4378.048340, 1.954537, 5968.927246>) requested data for lock!
[13:57:01] Player (Majky, 76561198275611052)(<4380.106445, 2.076707, 5958.709961>) requested data for lock!
[13:57:01] Player (Majky, 76561198275611052)(<4379.876953, 2.008279, 5963.796387>) requested data for lock!
[13:58:12] Player (MADness, 76561198968762750)(<4961.266602, 5.789789, 1410.613037>) requested data for lock!
[13:58:12] Player (MADness, 76561198968762750)(<4964.083008, 5.118455, 1414.849365>) requested data for lock!
[14:04:16] Player (MADness, 76561198968762750)(<4489.105957, 1.163242, 3118.035645>) requested data for lock!
[14:04:18] Player (MADness, 76561198968762750)(<4450.335449, 6.887537, 3090.050293>) requested data for lock!
[14:07:51] Player (MADness, 76561198968762750)(<4489.105957, 1.163242, 3118.035645>) requested data for lock!
[14:07:56] Player (MADness, 76561198968762750)(<4450.335449, 6.887537, 3090.050293>) requested data for lock!
[14:10:50] Player (MADness, 76561198968762750)(<5704.501465, 4.296862, 3574.349854>) requested data for lock!
[14:10:50] Player (StaryKojot, 76561198080276111)(<5704.501465, 4.296862, 3574.349854>) requested data for lock!
[14:10:50] Player (MADness, 76561198968762750)(<5703.666016, 4.296862, 3579.834473>) requested data for lock!
[14:10:50] Player (StaryKojot, 76561198080276111)(<5703.666016, 4.296862, 3579.834473>) requested data for lock!
[14:26:55] Player (StaryKojot, 76561198080276111)(<9182.925781, 10.936702, 5760.838867>) requested data for lock!
[14:38:06] Player (MADness, 76561198968762750)(<9182.925781, 10.936702, 5760.838867>) requested data for lock!
[14:38:06] Player (StaryKojot, 76561198080276111)(<9182.925781, 10.936702, 5760.838867>) requested data for lock!
[14:41:56] Player (StaryKojot, 76561198080276111)(<5704.501465, 4.296862, 3574.349854>) requested data for lock!
[14:41:56] Player (MADness, 76561198968762750)(<5704.501465, 4.296862, 3574.349854>) requested data for lock!
[14:41:56] Player (MADness, 76561198968762750)(<5703.666016, 4.296862, 3579.834473>) requested data for lock!
[14:41:56] Player (StaryKojot, 76561198080276111)(<5703.666016, 4.296862, 3579.834473>) requested data for lock!
[14:42:32] Player (StaryKojot, 76561198080276111)(<4489.105957, 1.163242, 3118.035645>) requested data for lock!
[14:42:33] Player (MADness, 76561198968762750)(<4489.105957, 1.163242, 3118.035645>) requested data for lock!
[14:42:35] Player (StaryKojot, 76561198080276111)(<4450.335449, 6.887537, 3090.050293>) requested data for lock!
[14:42:37] Player (MADness, 76561198968762750)(<4450.335449, 6.887537, 3090.050293>) requested data for lock!
[14:46:03] Player (StaryKojot, 76561198080276111)(<4489.105957, 1.163242, 3118.035645>) requested data for lock!
[14:46:09] Player (StaryKojot, 76561198080276111)(<4450.335449, 6.887537, 3090.050293>) requested data for lock!
[14:46:49] Player (MADness, 76561198968762750)(<4489.105957, 1.163242, 3118.035645>) requested data for lock!
[14:46:55] Player (MADness, 76561198968762750)(<4450.335449, 6.887537, 3090.050293>) requested data for lock!
[14:48:32] Player (MADness, 76561198968762750)(<4489.105957, 1.163242, 3118.035645>) requested data for lock!
[14:48:33] Player (MADness, 76561198968762750)(<4450.335449, 6.887537, 3090.050293>) requested data for lock!
[14:48:38] Player (MADness, 76561198968762750)(<5703.666016, 4.296862, 3579.834473>) requested data for lock!
[14:48:39] Player (MADness, 76561198968762750)(<5704.501465, 4.296862, 3574.349854>) requested data for lock!
[14:49:12] Player (MADness, 76561198968762750)(<4961.266602, 5.789789, 1410.613037>) requested data for lock!
[14:49:12] Player (MADness, 76561198968762750)(<4964.083008, 5.118455, 1414.849365>) requested data for lock!
[14:49:32] Player (MADness, 76561198968762750)(<5703.666016, 4.296862, 3579.834473>) requested data for lock!
[14:49:32] Player (MADness, 76561198968762750)(<5704.501465, 4.296862, 3574.349854>) requested data for lock!
[14:49:33] Player (MADness, 76561198968762750)(<3585.483643, 23.219879, 4879.533691>) requested data for lock!
[14:49:39] Player (MADness, 76561198968762750)(<4489.105957, 1.163242, 3118.035645>) requested data for lock!
[14:49:40] Player (MADness, 76561198968762750)(<4450.335449, 6.887537, 3090.050293>) requested data for lock!
[14:49:51] Player (MADness, 76561198968762750)(<5703.666016, 4.296862, 3579.834473>) requested data for lock!
[14:49:51] Player (MADness, 76561198968762750)(<5704.501465, 4.296862, 3574.349854>) requested data for lock!
[14:50:51] Player (MADness, 76561198968762750)(<4961.266602, 5.789789, 1410.613037>) requested data for lock!
[14:50:51] Player (MADness, 76561198968762750)(<4964.083008, 5.118455, 1414.849365>) requested data for lock!
[14:50:53] Player (MADness, 76561198968762750)(<4489.105957, 1.163242, 3118.035645>) requested data for lock!
[14:50:53] Player (MADness, 76561198968762750)(<4450.335449, 6.887537, 3090.050293>) requested data for lock!
[14:50:59] Player (MADness, 76561198968762750)(<5703.666016, 4.296862, 3579.834473>) requested data for lock!
[14:50:59] Player (MADness, 76561198968762750)(<5704.501465, 4.296862, 3574.349854>) requested data for lock!
[14:52:16] Player (MADness, 76561198968762750)(<4489.105957, 1.163242, 3118.035645>) requested data for lock!
[14:52:21] Player (MADness, 76561198968762750)(<4450.335449, 6.887537, 3090.050293>) requested data for lock!
[14:53:18] Player (MADness, 76561198968762750)(<5703.666016, 4.296862, 3579.834473>) requested data for lock!
[14:53:18] Player (MADness, 76561198968762750)(<5704.501465, 4.296862, 3574.349854>) requested data for lock!
[14:55:16] Player (MADness, 76561198968762750)(<5703.666016, 4.296862, 3579.834473>) requested data for lock!
[14:55:16] Player (MADness, 76561198968762750)(<5704.501465, 4.296862, 3574.349854>) requested data for lock!
[14:55:16] Player (MADness, 76561198968762750)(<4489.105957, 1.163242, 3118.035645>) requested data for lock!
[14:55:20] Player (MADness, 76561198968762750)(<4450.335449, 6.887537, 3090.050293>) requested data for lock!
[14:57:09] Player (MADness, 76561198968762750)(<5703.666016, 4.296862, 3579.834473>) requested data for lock!
[14:57:09] Player (MADness, 76561198968762750)(<5704.501465, 4.296862, 3574.349854>) requested data for lock!
[14:58:52] Player (StaryKojot, 76561198080276111)(<4489.105957, 1.163242, 3118.035645>) requested data for lock!
[14:58:58] Player (StaryKojot, 76561198080276111)(<4450.335449, 6.887537, 3090.050293>) requested data for lock!
[15:00:42] Player (StaryKojot, 76561198080276111)(<4489.105957, 1.163242, 3118.035645>) requested data for lock!
[15:00:48] Player (StaryKojot, 76561198080276111)(<4450.335449, 6.887537, 3090.050293>) requested data for lock!
[15:00:54] Player (MADness, 76561198968762750)(<5703.666016, 4.296862, 3579.834473>) requested data for lock!
[15:00:54] Player (MADness, 76561198968762750)(<5704.501465, 4.296862, 3574.349854>) requested data for lock!
[15:00:54] Player (MADness, 76561198968762750)(<4489.105957, 1.163242, 3118.035645>) requested data for lock!
[15:00:58] Player (MADness, 76561198968762750)(<4450.335449, 6.887537, 3090.050293>) requested data for lock!
[15:02:04] Player (MADness, 76561198968762750)(<4489.105957, 1.163242, 3118.035645>) requested data for lock!
[15:02:05] Player (MADness, 76561198968762750)(<4450.335449, 6.887537, 3090.050293>) requested data for lock!
[15:03:31] Player (StaryKojot, 76561198080276111)(<5703.666016, 4.296862, 3579.834473>) requested data for lock!
[15:03:32] Player (MADness, 76561198968762750)(<5703.666016, 4.296862, 3579.834473>) requested data for lock!
[15:03:32] Player (StaryKojot, 76561198080276111)(<5704.501465, 4.296862, 3574.349854>) requested data for lock!
[15:03:32] Player (MADness, 76561198968762750)(<5704.501465, 4.296862, 3574.349854>) requested data for lock!
[15:04:38] Player (MADness, 76561198968762750)(<4961.266602, 5.789789, 1410.613037>) requested data for lock!
[15:04:38] Player (MADness, 76561198968762750)(<4964.083008, 5.118455, 1414.849365>) requested data for lock!
[15:04:45] Player (MADness, 76561198968762750)(<5703.666016, 4.296862, 3579.834473>) requested data for lock!
[15:04:45] Player (MADness, 76561198968762750)(<5704.501465, 4.296862, 3574.349854>) requested data for lock!
[15:07:58] Player (StaryKojot, 76561198080276111)(<5703.666016, 4.296862, 3579.834473>) requested data for lock!
[15:07:58] Player (StaryKojot, 76561198080276111)(<5704.501465, 4.296862, 3574.349854>) requested data for lock!
[15:09:01] Player (Majky, 76561198275611052)(<4380.106445, 2.076707, 5958.709961>) requested data for lock!
[15:09:01] Player (Majky, 76561198275611052)(<4379.876953, 2.008279, 5963.796387>) requested data for lock!
[15:09:01] Player (Majky, 76561198275611052)(<4378.048340, 1.954537, 5968.927246>) requested data for lock!
[15:09:02] Player (Majky, 76561198275611052)(<4373.662109, 3.838867, 5976.322266>) requested data for lock!
[15:10:14] Player (Majky, 76561198275611052)(<3474.218506, 6.642277, 5363.240723>) requested data for lock!
[15:10:53] Player (StaryKojot, 76561198080276111)(<5703.666016, 4.296862, 3579.834473>) requested data for lock!
[15:10:53] Player (StaryKojot, 76561198080276111)(<5704.501465, 4.296862, 3574.349854>) requested data for lock!
[15:11:19] Player (Majky, 76561198275611052)(<3411.108643, 12.659751, 5048.064941>) requested data for lock!
[15:11:19] Player (Majky, 76561198275611052)(<2435.960938, 55.353981, 5288.420898>) requested data for lock!
[15:11:19] Player (Majky, 76561198275611052)(<2436.508545, 53.178806, 5278.377441>) requested data for lock!
[15:11:19] Player (Majky, 76561198275611052)(<3421.042480, 15.097157, 5042.374512>) requested data for lock!
[15:12:24] Player (Majky, 76561198275611052)(<3411.108643, 12.659751, 5048.064941>) requested data for lock!
[15:12:25] Player (Majky, 76561198275611052)(<3421.042480, 15.097157, 5042.374512>) requested data for lock!
[15:12:25] Player (Majky, 76561198275611052)(<3474.218506, 6.642277, 5363.240723>) requested data for lock!
[15:12:34] Player (Majky, 76561198275611052)(<3276.376465, 34.151474, 4613.831055>) requested data for lock!
[15:12:35] Player (Majky, 76561198275611052)(<3585.483643, 23.219879, 4879.533691>) requested data for lock!
[15:12:51] Player (MADness, 76561198968762750)(<5703.666016, 4.296862, 3579.834473>) requested data for lock!
[15:12:51] Player (MADness, 76561198968762750)(<5704.501465, 4.296862, 3574.349854>) requested data for lock!
[15:12:51] Player (MADness, 76561198968762750)(<4489.105957, 1.163242, 3118.035645>) requested data for lock!
[15:12:52] Player (MADness, 76561198968762750)(<4450.335449, 6.887537, 3090.050293>) requested data for lock!
[15:13:09] Player (Majky, 76561198275611052)(<4380.106445, 2.076707, 5958.709961>) requested data for lock!
[15:13:10] Player (Majky, 76561198275611052)(<4379.876953, 2.008279, 5963.796387>) requested data for lock!
[15:13:11] Player (Majky, 76561198275611052)(<4378.048340, 1.954537, 5968.927246>) requested data for lock!
[15:13:11] Player (Majky, 76561198275611052)(<4373.662109, 3.838867, 5976.322266>) requested data for lock!
[15:13:21] Player (Majky, 76561198275611052)(<4379.876953, 2.008279, 5963.796387>) requested data for lock!
[15:13:43] Player (Majky, 76561198275611052)(<4378.048340, 1.954537, 5968.927246>) requested data for lock!
[15:13:43] Player (Majky, 76561198275611052)(<4373.662109, 3.838867, 5976.322266>) requested data for lock!
[15:15:58] Player (Majky, 76561198275611052)(<4379.876953, 2.008279, 5963.796387>) requested data for lock!
[15:16:06] Player (Majky, 76561198275611052)(<4378.048340, 1.954537, 5968.927246>) requested data for lock!
[15:16:06] Player (Majky, 76561198275611052)(<4373.662109, 3.838867, 5976.322266>) requested data for lock!
[15:19:34] Player (StaryKojot, 76561198080276111)(<5703.666016, 4.296862, 3579.834473>) requested data for lock!
[15:19:34] Player (StaryKojot, 76561198080276111)(<5704.501465, 4.296862, 3574.349854>) requested data for lock!
[15:22:58] Player (Majky, 76561198275611052)(<4380.106445, 2.076707, 5958.709961>) requested data for lock!
[15:22:58] Player (Majky, 76561198275611052)(<4379.876953, 2.008279, 5963.796387>) requested data for lock!
[15:22:58] Player (Majky, 76561198275611052)(<4378.048340, 1.954537, 5968.927246>) requested data for lock!
[15:22:59] Player (Majky, 76561198275611052)(<4373.662109, 3.838867, 5976.322266>) requested data for lock!
[15:30:40] Player (StaryKojot, 76561198080276111)(<4489.105957, 1.163242, 3118.035645>) requested data for lock!
[15:30:45] Player (StaryKojot, 76561198080276111)(<4450.335449, 6.887537, 3090.050293>) requested data for lock!
[15:39:38] Player (StaryKojot, 76561198080276111)(<4964.083008, 5.118455, 1414.849365>) requested data for lock!
[15:39:38] Player (StaryKojot, 76561198080276111)(<4961.266602, 5.789789, 1410.613037>) requested data for lock!
[07-09-2022][16.02.29] Log file reloaded ( Server Restart )
[16:08:02] Player (StaryKojot, 76561198080276111)(<4964.083008, 5.118455, 1414.849365>) requested data for lock!
[16:08:02] Player (StaryKojot, 76561198080276111)(<4961.266602, 5.789789, 1410.613037>) requested data for lock!
[07-09-2022][16.14.36] Log file reloaded ( Server Restart )
[17:05:00] Player (MADness, 76561198968762750)(<4450.335449, 6.887537, 3090.050293>) requested data for lock!
[17:05:00] Player (MADness, 76561198968762750)(<4489.105957, 1.163242, 3118.035645>) requested data for lock!
[17:18:49] Player (MADness, 76561198968762750)(<4450.335449, 6.887537, 3090.050293>) requested data for lock!
[17:18:49] Player (MADness, 76561198968762750)(<4489.105957, 1.163242, 3118.035645>) requested data for lock!
[17:20:45] Player (MADness, 76561198968762750)(<4450.335449, 6.887537, 3090.050293>) requested data for lock!
[17:20:45] Player (MADness, 76561198968762750)(<4489.105957, 1.163242, 3118.035645>) requested data for lock!
[07-09-2022][17.24.02] Log file reloaded ( Server Restart )
[17:25:30] Player (MADness, 76561198968762750)(<4489.105957, 1.163242, 3118.035645>) requested data for lock!
[17:25:30] Player (MADness, 76561198968762750)(<4450.335449, 6.887537, 3090.050293>) requested data for lock!
[17:35:25] Player (MADness, 76561198968762750)(<4489.105957, 1.163242, 3118.035645>) requested data for lock!
[17:35:25] Player (MADness, 76561198968762750)(<4450.335449, 6.887537, 3090.050293>) requested data for lock!
[17:36:17] Player (MADness, 76561198968762750)(<4489.105957, 1.163242, 3118.035645>) requested data for lock!
[17:36:18] Player (MADness, 76561198968762750)(<4450.335449, 6.887537, 3090.050293>) requested data for lock!
[07-09-2022][20.02.31] Log file reloaded ( Server Restart )
[20:49:08] Player (MADness, 76561198968762750)(<4489.105957, 1.163242, 3118.035645>) requested data for lock!
[20:49:08] Player (MADness, 76561198968762750)(<4450.335449, 6.887537, 3090.050293>) requested data for lock!
[20:54:54] Player (MADness, 76561198968762750)(<3585.483643, 23.219879, 4879.533691>) requested data for lock!
[20:55:12] Player (MADness, 76561198968762750)(<3276.376465, 34.151474, 4613.831055>) requested data for lock!
[21:09:06] Player (MADness, 76561198968762750)(<4489.105957, 1.163242, 3118.035645>) requested data for lock!
[21:09:07] Player (MADness, 76561198968762750)(<4450.335449, 6.887537, 3090.050293>) requested data for lock!
[21:21:15] Player (MADness, 76561198968762750)(<2435.960938, 55.353981, 5288.420898>) requested data for lock!
[21:21:16] Player (MADness, 76561198968762750)(<2436.508545, 53.178806, 5278.377441>) requested data for lock!
[21:21:16] Player (MADness, 76561198968762750)(<3474.218506, 6.642277, 5363.240723>) requested data for lock!
[21:25:00] Player (MADness, 76561198968762750)(<4489.105957, 1.163242, 3118.035645>) requested data for lock!
[21:25:01] Player (MADness, 76561198968762750)(<4450.335449, 6.887537, 3090.050293>) requested data for lock!
[21:25:51] Player (MADness, 76561198968762750)(<4489.105957, 1.163242, 3118.035645>) requested data for lock!
[21:25:51] Player (MADness, 76561198968762750)(<4450.335449, 6.887537, 3090.050293>) requested data for lock!
[21:30:06] Player (StaryKojot, 76561198080276111)(<4964.083008, 5.118455, 1414.849365>) requested data for lock!
[21:30:06] Player (StaryKojot, 76561198080276111)(<4961.266602, 5.789789, 1410.613037>) requested data for lock!
[21:35:08] Player (StaryKojot, 76561198080276111)(<4450.335449, 6.887537, 3090.050293>) requested data for lock!
[21:35:11] Player (StaryKojot, 76561198080276111)(<4489.105957, 1.163242, 3118.035645>) requested data for lock!
[21:38:57] Player (MADness, 76561198968762750)(<3585.483643, 23.219879, 4879.533691>) requested data for lock!
[21:39:01] Player (MADness, 76561198968762750)(<3276.376465, 34.151474, 4613.831055>) requested data for lock!
[21:52:01] Player (MADness, 76561198968762750)(<3585.483643, 23.219879, 4879.533691>) requested data for lock!
[21:52:05] Player (MADness, 76561198968762750)(<3276.376465, 34.151474, 4613.831055>) requested data for lock!
[21:53:04] Player (StaryKojot, 76561198080276111)(<4964.083008, 5.118455, 1414.849365>) requested data for lock!
[21:53:05] Player (StaryKojot, 76561198080276111)(<4961.266602, 5.789789, 1410.613037>) requested data for lock!
[21:53:27] Player (StaryKojot, 76561198080276111)(<4964.083008, 5.118455, 1414.849365>) requested data for lock!
[21:53:35] Player (StaryKojot, 76561198080276111)(<4964.083008, 5.118455, 1414.849365>) requested data for lock!
[21:54:04] Player (StaryKojot, 76561198080276111)(<4964.083008, 5.118455, 1414.849365>) requested data for lock!
[21:54:04] Player (StaryKojot, 76561198080276111)(<4961.266602, 5.789789, 1410.613037>) requested data for lock!
[21:54:22] Player (StaryKojot, 76561198080276111)(<4964.083008, 5.118455, 1414.849365>) requested data for lock!
[21:54:23] Player (StaryKojot, 76561198080276111)(<4961.266602, 5.789789, 1410.613037>) requested data for lock!
[22:07:18] Player (Majky, 76561198275611052)(<3276.376465, 34.151474, 4613.831055>) requested data for lock!
[22:07:18] Player (Majky, 76561198275611052)(<3411.108643, 12.659751, 5048.064941>) requested data for lock!
[22:07:18] Player (Majky, 76561198275611052)(<3421.042480, 15.097157, 5042.374512>) requested data for lock!
[22:07:18] Player (Majky, 76561198275611052)(<3474.218506, 6.642277, 5363.240723>) requested data for lock!
[22:07:18] Player (Majky, 76561198275611052)(<3585.483643, 23.219879, 4879.533691>) requested data for lock!
[22:07:18] Player (Majky, 76561198275611052)(<4378.048340, 1.954537, 5968.927246>) requested data for lock!
[22:07:18] Player (Majky, 76561198275611052)(<4373.662109, 3.838867, 5976.322266>) requested data for lock!
[22:07:18] Player (Majky, 76561198275611052)(<4379.876953, 2.008279, 5963.796387>) requested data for lock!
[22:07:18] Player (Majky, 76561198275611052)(<4380.106445, 2.076707, 5958.709961>) requested data for lock!
[22:08:02] Player (Majky, 76561198275611052)(<4379.876953, 2.008279, 5963.796387>) requested data for lock!
[22:08:03] Player (Majky, 76561198275611052)(<4378.048340, 1.954537, 5968.927246>) requested data for lock!
[22:08:04] Player (Majky, 76561198275611052)(<4373.662109, 3.838867, 5976.322266>) requested data for lock!
[22:08:08] Player (Majky, 76561198275611052)(<4373.662109, 3.838867, 5976.322266>) requested data for lock!
[22:11:33] Player (MADness, 76561198968762750)(<4964.083008, 5.118455, 1414.849365>) requested data for lock!
[22:11:33] Player (MADness, 76561198968762750)(<4961.266602, 5.789789, 1410.613037>) requested data for lock!
[22:11:51] Player (MADness, 76561198968762750)(<3585.483643, 23.219879, 4879.533691>) requested data for lock!
[22:12:01] Player (MADness, 76561198968762750)(<3276.376465, 34.151474, 4613.831055>) requested data for lock!
[22:13:58] Player (Majky, 76561198275611052)(<5703.666016, 4.296862, 3579.834473>) requested data for lock!
[22:13:58] Player (Majky, 76561198275611052)(<5704.501465, 4.296862, 3574.349854>) requested data for lock!
[22:14:01] Player (Majky, 76561198275611052)(<4489.105957, 1.163242, 3118.035645>) requested data for lock!
[22:14:05] Player (Majky, 76561198275611052)(<4450.335449, 6.887537, 3090.050293>) requested data for lock!
[22:17:04] Player (MADness, 76561198968762750)(<3276.376465, 34.151474, 4613.831055>) requested data for lock!
[22:17:04] Player (StaryKojot, 76561198080276111)(<3276.376465, 34.151474, 4613.831055>) requested data for lock!
[22:17:07] Player (MADness, 76561198968762750)(<3585.483643, 23.219879, 4879.533691>) requested data for lock!
[22:17:07] Player (StaryKojot, 76561198080276111)(<3585.483643, 23.219879, 4879.533691>) requested data for lock!
[22:17:12] Player (MADness, 76561198968762750)(<3421.042480, 15.097157, 5042.374512>) requested data for lock!
[22:17:12] Player (StaryKojot, 76561198080276111)(<3421.042480, 15.097157, 5042.374512>) requested data for lock!
[22:17:13] Player (StaryKojot, 76561198080276111)(<3411.108643, 12.659751, 5048.064941>) requested data for lock!
[22:17:13] Player (MADness, 76561198968762750)(<3411.108643, 12.659751, 5048.064941>) requested data for lock!
[22:17:23] Player (StaryKojot, 76561198080276111)(<3474.218506, 6.642277, 5363.240723>) requested data for lock!
[22:17:23] Player (MADness, 76561198968762750)(<3474.218506, 6.642277, 5363.240723>) requested data for lock!
[22:17:35] Player (MADness, 76561198968762750)(<2436.508545, 53.178806, 5278.377441>) requested data for lock!
[22:17:35] Player (StaryKojot, 76561198080276111)(<2436.508545, 53.178806, 5278.377441>) requested data for lock!
[22:17:36] Player (StaryKojot, 76561198080276111)(<2435.960938, 55.353981, 5288.420898>) requested data for lock!
[22:17:36] Player (MADness, 76561198968762750)(<2435.960938, 55.353981, 5288.420898>) requested data for lock!
[22:37:19] Player (MADness, 76561198968762750)(<7775.624023, 4.453664, 789.218628>) requested data for lock!
[22:37:19] Player (MADness, 76561198968762750)(<7775.609863, 4.453664, 789.851563>) requested data for lock!
[22:37:19] Player (StaryKojot, 76561198080276111)(<7775.624023, 4.453664, 789.218628>) requested data for lock!
[22:37:19] Player (StaryKojot, 76561198080276111)(<7775.609863, 4.453664, 789.851563>) requested data for lock!
[22:37:20] Player (MADness, 76561198968762750)(<7784.830566, 4.453664, 786.340027>) requested data for lock!
[22:37:20] Player (StaryKojot, 76561198080276111)(<7784.830566, 4.453664, 786.340027>) requested data for lock!
[22:41:37] Player (MADness, 76561198968762750)(<7775.624023, 4.453664, 789.218628>) requested data for lock!
[22:41:37] Player (MADness, 76561198968762750)(<7775.609863, 4.453664, 789.851563>) requested data for lock!
[22:41:41] Player (MADness, 76561198968762750)(<7784.830566, 4.453664, 786.340027>) requested data for lock!
[22:42:52] Player (StaryKojot, 76561198080276111)(<7775.624023, 4.453664, 789.218628>) requested data for lock!
[22:42:52] Player (StaryKojot, 76561198080276111)(<7775.609863, 4.453664, 789.851563>) requested data for lock!
[22:42:52] Player (MADness, 76561198968762750)(<7775.624023, 4.453664, 789.218628>) requested data for lock!
[22:42:52] Player (MADness, 76561198968762750)(<7775.609863, 4.453664, 789.851563>) requested data for lock!
[22:42:53] Player (StaryKojot, 76561198080276111)(<7784.830566, 4.453664, 786.340027>) requested data for lock!
[22:42:53] Player (MADness, 76561198968762750)(<7784.830566, 4.453664, 786.340027>) requested data for lock!
[22:56:00] Player (MADness, 76561198968762750)(<7784.830566, 4.453664, 786.340027>) requested data for lock!
[22:56:02] Player (MADness, 76561198968762750)(<7775.624023, 4.453664, 789.218628>) requested data for lock!
[22:56:02] Player (MADness, 76561198968762750)(<7775.609863, 4.453664, 789.851563>) requested data for lock!
[22:56:07] Player (StaryKojot, 76561198080276111)(<7784.830566, 4.453664, 786.340027>) requested data for lock!
[22:56:09] Player (StaryKojot, 76561198080276111)(<7775.624023, 4.453664, 789.218628>) requested data for lock!
[22:56:09] Player (StaryKojot, 76561198080276111)(<7775.609863, 4.453664, 789.851563>) requested data for lock!
[22:59:05] Player (MADness, 76561198968762750)(<4964.083008, 5.118455, 1414.849365>) requested data for lock!
[22:59:05] Player (StaryKojot, 76561198080276111)(<4964.083008, 5.118455, 1414.849365>) requested data for lock!
[22:59:05] Player (MADness, 76561198968762750)(<4961.266602, 5.789789, 1410.613037>) requested data for lock!
[22:59:05] Player (StaryKojot, 76561198080276111)(<4961.266602, 5.789789, 1410.613037>) requested data for lock!
[22:59:22] Player (MADness, 76561198968762750)(<4489.105957, 1.163242, 3118.035645>) requested data for lock!
[22:59:22] Player (StaryKojot, 76561198080276111)(<4489.105957, 1.163242, 3118.035645>) requested data for lock!
[22:59:22] Player (MADness, 76561198968762750)(<4450.335449, 6.887537, 3090.050293>) requested data for lock!
[22:59:22] Player (StaryKojot, 76561198080276111)(<4450.335449, 6.887537, 3090.050293>) requested data for lock!
[23:01:14] Player (MADness, 76561198968762750)(<4489.105957, 1.163242, 3118.035645>) requested data for lock!
[23:01:14] Player (MADness, 76561198968762750)(<4450.335449, 6.887537, 3090.050293>) requested data for lock!
[23:02:11] Player (Majky, 76561198275611052)(<5704.501465, 4.296862, 3574.349854>) requested data for lock!
[23:02:11] Player (Majky, 76561198275611052)(<5703.666016, 4.296862, 3579.834473>) requested data for lock!
[23:02:48] Player (Majky, 76561198275611052)(<4489.105957, 1.163242, 3118.035645>) requested data for lock!
[23:04:22] Player (Majky, 76561198275611052)(<3585.483643, 23.219879, 4879.533691>) requested data for lock!
[23:06:14] Player (Majky, 76561198275611052)(<3276.376465, 34.151474, 4613.831055>) requested data for lock!
[23:07:26] Player (Majky, 76561198275611052)(<4489.105957, 1.163242, 3118.035645>) requested data for lock!
[23:07:43] Player (StaryKojot, 76561198080276111)(<3276.376465, 34.151474, 4613.831055>) requested data for lock!
[23:07:43] Player (MADness, 76561198968762750)(<3276.376465, 34.151474, 4613.831055>) requested data for lock!
[23:07:50] Player (StaryKojot, 76561198080276111)(<3585.483643, 23.219879, 4879.533691>) requested data for lock!
[23:07:50] Player (MADness, 76561198968762750)(<3585.483643, 23.219879, 4879.533691>) requested data for lock!
[23:07:59] Player (StaryKojot, 76561198080276111)(<3421.042480, 15.097157, 5042.374512>) requested data for lock!
[23:07:59] Player (MADness, 76561198968762750)(<3421.042480, 15.097157, 5042.374512>) requested data for lock!
[23:08:00] Player (StaryKojot, 76561198080276111)(<3411.108643, 12.659751, 5048.064941>) requested data for lock!
[23:08:00] Player (MADness, 76561198968762750)(<3411.108643, 12.659751, 5048.064941>) requested data for lock!
[23:08:08] Player (MADness, 76561198968762750)(<2436.508545, 53.178806, 5278.377441>) requested data for lock!
[23:08:08] Player (StaryKojot, 76561198080276111)(<2436.508545, 53.178806, 5278.377441>) requested data for lock!
[23:08:09] Player (StaryKojot, 76561198080276111)(<2435.960938, 55.353981, 5288.420898>) requested data for lock!
[23:08:09] Player (MADness, 76561198968762750)(<2435.960938, 55.353981, 5288.420898>) requested data for lock!
[23:09:12] Player (Majky, 76561198275611052)(<3276.376465, 34.151474, 4613.831055>) requested data for lock!
[23:10:40] Player (Majky, 76561198275611052)(<3585.483643, 23.219879, 4879.533691>) requested data for lock!
[23:10:58] Player (Majky, 76561198275611052)(<3421.042480, 15.097157, 5042.374512>) requested data for lock!
[23:10:59] Player (Majky, 76561198275611052)(<3411.108643, 12.659751, 5048.064941>) requested data for lock!
[23:11:06] Player (Majky, 76561198275611052)(<3474.218506, 6.642277, 5363.240723>) requested data for lock!
[23:11:16] Player (Majky, 76561198275611052)(<4380.106445, 2.076707, 5958.709961>) requested data for lock!
[23:11:16] Player (Majky, 76561198275611052)(<4379.876953, 2.008279, 5963.796387>) requested data for lock!
[23:11:17] Player (Majky, 76561198275611052)(<4378.048340, 1.954537, 5968.927246>) requested data for lock!
[23:11:17] Player (Majky, 76561198275611052)(<4373.662109, 3.838867, 5976.322266>) requested data for lock!
[23:11:20] Player (Majky, 76561198275611052)(<3276.376465, 34.151474, 4613.831055>) requested data for lock!
[23:25:20] Player (MADness, 76561198968762750)(<2435.960938, 55.353981, 5288.420898>) requested data for lock!
[23:25:20] Player (StaryKojot, 76561198080276111)(<2435.960938, 55.353981, 5288.420898>) requested data for lock!
[23:25:20] Player (MADness, 76561198968762750)(<2436.508545, 53.178806, 5278.377441>) requested data for lock!
[23:25:20] Player (StaryKojot, 76561198080276111)(<2436.508545, 53.178806, 5278.377441>) requested data for lock!
[23:25:45] Player (StaryKojot, 76561198080276111)(<3276.376465, 34.151474, 4613.831055>) requested data for lock!
[23:25:45] Player (MADness, 76561198968762750)(<3276.376465, 34.151474, 4613.831055>) requested data for lock!
[23:25:46] Player (MADness, 76561198968762750)(<3411.108643, 12.659751, 5048.064941>) requested data for lock!
[23:25:46] Player (StaryKojot, 76561198080276111)(<3411.108643, 12.659751, 5048.064941>) requested data for lock!
[23:25:47] Player (MADness, 76561198968762750)(<3421.042480, 15.097157, 5042.374512>) requested data for lock!
[23:25:47] Player (StaryKojot, 76561198080276111)(<3421.042480, 15.097157, 5042.374512>) requested data for lock!
[23:25:48] Player (MADness, 76561198968762750)(<3474.218506, 6.642277, 5363.240723>) requested data for lock!
[23:25:48] Player (StaryKojot, 76561198080276111)(<3474.218506, 6.642277, 5363.240723>) requested data for lock!
[23:25:52] Player (MADness, 76561198968762750)(<3585.483643, 23.219879, 4879.533691>) requested data for lock!
[23:25:52] Player (StaryKojot, 76561198080276111)(<3585.483643, 23.219879, 4879.533691>) requested data for lock!
[23:26:28] Player (MADness, 76561198968762750)(<4450.335449, 6.887537, 3090.050293>) requested data for lock!
[23:26:29] Player (MADness, 76561198968762750)(<4489.105957, 1.163242, 3118.035645>) requested data for lock!
[23:26:29] Player (StaryKojot, 76561198080276111)(<4450.335449, 6.887537, 3090.050293>) requested data for lock!
[23:26:29] Player (StaryKojot, 76561198080276111)(<4489.105957, 1.163242, 3118.035645>) requested data for lock!
[23:28:15] Player (MADness, 76561198968762750)(<4489.105957, 1.163242, 3118.035645>) requested data for lock!
[23:28:16] Player (MADness, 76561198968762750)(<4450.335449, 6.887537, 3090.050293>) requested data for lock!
[23:35:48] Player (Majky, 76561198275611052)(<3585.483643, 23.219879, 4879.533691>) requested data for lock!
[23:35:59] Player (Majky, 76561198275611052)(<3474.218506, 6.642277, 5363.240723>) requested data for lock!
[23:36:08] Player (Majky, 76561198275611052)(<3421.042480, 15.097157, 5042.374512>) requested data for lock!
[23:36:09] Player (Majky, 76561198275611052)(<3411.108643, 12.659751, 5048.064941>) requested data for lock!
[23:37:39] Player (Majky, 76561198275611052)(<3276.376465, 34.151474, 4613.831055>) requested data for lock!
[23:43:02] Player (Majky, 76561198275611052)(<2436.508545, 53.178806, 5278.377441>) requested data for lock!
[23:43:02] Player (Majky, 76561198275611052)(<2435.960938, 55.353981, 5288.420898>) requested data for lock!
[23:49:03] Player (Majky, 76561198275611052)(<4380.106445, 2.076707, 5958.709961>) requested data for lock!
[23:49:04] Player (Majky, 76561198275611052)(<4379.876953, 2.008279, 5963.796387>) requested data for lock!
[23:49:04] Player (Majky, 76561198275611052)(<4378.048340, 1.954537, 5968.927246>) requested data for lock!
[23:49:04] Player (Majky, 76561198275611052)(<4373.662109, 3.838867, 5976.322266>) requested data for lock!
[23:49:56] Player (StaryKojot, 76561198080276111)(<4489.105957, 1.163242, 3118.035645>) requested data for lock!
[23:49:57] Player (StaryKojot, 76561198080276111)(<4450.335449, 6.887537, 3090.050293>) requested data for lock!
[23:52:42] Player (Majky, 76561198275611052)(<4378.048340, 1.954537, 5968.927246>) requested data for lock!
[23:52:43] Player (Majky, 76561198275611052)(<4373.662109, 3.838867, 5976.322266>) requested data for lock!
[23:54:00] Player (Majky, 76561198275611052)(<4378.048340, 1.954537, 5968.927246>) requested data for lock!
[23:54:00] Player (Majky, 76561198275611052)(<4373.662109, 3.838867, 5976.322266>) requested data for lock!
[23:54:34] Player (StaryKojot, 76561198080276111)(<3585.483643, 23.219879, 4879.533691>) requested data for lock!
[23:54:43] Player (StaryKojot, 76561198080276111)(<3276.376465, 34.151474, 4613.831055>) requested data for lock!
[23:59:19] Player (StaryKojot, 76561198080276111)(<3421.042480, 15.097157, 5042.374512>) requested data for lock!
[23:59:20] Player (StaryKojot, 76561198080276111)(<3411.108643, 12.659751, 5048.064941>) requested data for lock!
