[07-15-2022][00.02.38] New Synch Log File Created!
[07-15-2022][04.02.35] Log file reloaded ( Server Restart )
[07:37:47] Player (Bflame, 76561198072840834)(<2436.508545, 53.178806, 5278.377441>) requested data for lock!
[07:37:47] Player (Bflame, 76561198072840834)(<2435.960938, 55.353981, 5288.420898>) requested data for lock!
[07:37:47] Player (Bflame, 76561198072840834)(<3276.376465, 34.151474, 4613.831055>) requested data for lock!
[07:37:47] Player (Bflame, 76561198072840834)(<3474.218506, 6.642277, 5363.240723>) requested data for lock!
[07:37:47] Player (Bflame, 76561198072840834)(<3460.936523, 4.847070, 5356.074219>) requested data for lock!
[07:37:47] Player (Bflame, 76561198072840834)(<3468.044189, 4.259703, 5369.500977>) requested data for lock!
[07:37:47] Player (Bflame, 76561198072840834)(<3421.042480, 15.097157, 5042.374512>) requested data for lock!
[07:37:47] Player (Bflame, 76561198072840834)(<3411.108643, 12.659751, 5048.064941>) requested data for lock!
[07:37:47] Player (Bflame, 76561198072840834)(<3585.483643, 23.219879, 4879.533691>) requested data for lock!
[07:42:49] Player (Bflame, 76561198072840834)(<4380.106445, 2.076707, 5958.709961>) requested data for lock!
[07:42:50] Player (Bflame, 76561198072840834)(<4379.876953, 2.008279, 5963.796387>) requested data for lock!
[07:42:50] Player (Bflame, 76561198072840834)(<4378.048340, 1.954537, 5968.927246>) requested data for lock!
[07:42:56] Player (Bflame, 76561198072840834)(<4373.662109, 3.838867, 5976.322266>) requested data for lock!
[07-15-2022][08.02.39] Log file reloaded ( Server Restart )
[08:05:27] Player (Bflame, 76561198072840834)(<3276.376465, 34.151474, 4613.831055>) requested data for lock!
[08:05:28] Player (Bflame, 76561198072840834)(<3585.483643, 23.219879, 4879.533691>) requested data for lock!
[08:11:16] Player (Bflame, 76561198072840834)(<3276.376465, 34.151474, 4613.831055>) requested data for lock!
[08:13:52] Player (Bflame, 76561198072840834)(<3276.376465, 34.151474, 4613.831055>) requested data for lock!
[08:14:42] Player (Bflame, 76561198072840834)(<3421.042480, 15.097157, 5042.374512>) requested data for lock!
[08:14:43] Player (Bflame, 76561198072840834)(<3411.108643, 12.659751, 5048.064941>) requested data for lock!
[08:14:55] Player (Bflame, 76561198072840834)(<3460.936523, 4.847070, 5356.074219>) requested data for lock!
[08:14:55] Player (Bflame, 76561198072840834)(<3474.218506, 6.642277, 5363.240723>) requested data for lock!
[08:14:55] Player (Bflame, 76561198072840834)(<3468.044189, 4.259703, 5369.500977>) requested data for lock!
[08:15:38] Player (Bflame, 76561198072840834)(<4380.106445, 2.076707, 5958.709961>) requested data for lock!
[08:15:38] Player (Bflame, 76561198072840834)(<4379.876953, 2.008279, 5963.796387>) requested data for lock!
[08:15:38] Player (Bflame, 76561198072840834)(<4378.048340, 1.954537, 5968.927246>) requested data for lock!
[08:15:39] Player (Bflame, 76561198072840834)(<4373.662109, 3.838867, 5976.322266>) requested data for lock!
[08:21:00] Player (Bflame, 76561198072840834)(<2436.508545, 53.178806, 5278.377441>) requested data for lock!
[08:21:00] Player (Bflame, 76561198072840834)(<2435.960938, 55.353981, 5288.420898>) requested data for lock!
[08:32:17] Player (Bflame, 76561198072840834)(<4489.105957, 1.163242, 3118.035645>) requested data for lock!
[08:32:18] Player (Bflame, 76561198072840834)(<4450.335449, 6.887537, 3090.050293>) requested data for lock!
[08:32:26] Player (Bflame, 76561198072840834)(<5703.666016, 4.296862, 3579.834473>) requested data for lock!
[08:32:26] Player (Bflame, 76561198072840834)(<5704.501465, 4.296862, 3574.349854>) requested data for lock!
[09:08:40] Player (Bflame, 76561198072840834)(<7784.830566, 4.453664, 786.340027>) requested data for lock!
[09:08:41] Player (Bflame, 76561198072840834)(<7775.624023, 4.453664, 789.218628>) requested data for lock!
[09:08:41] Player (Bflame, 76561198072840834)(<7775.609863, 4.453664, 789.851563>) requested data for lock!
[09:25:51] Player (Bflame, 76561198072840834)(<7784.830566, 4.453664, 786.340027>) requested data for lock!
[09:25:52] Player (Bflame, 76561198072840834)(<7775.624023, 4.453664, 789.218628>) requested data for lock!
[09:25:52] Player (Bflame, 76561198072840834)(<7775.609863, 4.453664, 789.851563>) requested data for lock!
[09:31:28] Player (Bflame, 76561198072840834)(<7784.830566, 4.453664, 786.340027>) requested data for lock!
[09:31:28] Player (Bflame, 76561198072840834)(<7775.624023, 4.453664, 789.218628>) requested data for lock!
[09:31:29] Player (Bflame, 76561198072840834)(<7775.609863, 4.453664, 789.851563>) requested data for lock!
[09:45:45] Player (Bflame, 76561198072840834)(<5704.501465, 4.296862, 3574.349854>) requested data for lock!
[09:45:45] Player (Bflame, 76561198072840834)(<5703.666016, 4.296862, 3579.834473>) requested data for lock!
[09:46:00] Player (Bflame, 76561198072840834)(<4489.105957, 1.163242, 3118.035645>) requested data for lock!
[09:46:01] Player (Bflame, 76561198072840834)(<4450.335449, 6.887537, 3090.050293>) requested data for lock!
[09:46:54] Player (Bflame, 76561198072840834)(<3585.483643, 23.219879, 4879.533691>) requested data for lock!
[09:47:19] Player (Bflame, 76561198072840834)(<3276.376465, 34.151474, 4613.831055>) requested data for lock!
[09:59:46] Player (Bflame, 76561198072840834)(<3585.483643, 23.219879, 4879.533691>) requested data for lock!
[10:02:36] Player (Bflame, 76561198072840834)(<4489.105957, 1.163242, 3118.035645>) requested data for lock!
[10:02:40] Player (Bflame, 76561198072840834)(<4450.335449, 6.887537, 3090.050293>) requested data for lock!
[10:02:45] Player (Bflame, 76561198072840834)(<5703.666016, 4.296862, 3579.834473>) requested data for lock!
[10:02:45] Player (Bflame, 76561198072840834)(<5704.501465, 4.296862, 3574.349854>) requested data for lock!
[10:39:34] Player (MADness, 76561198968762750)(<3585.483643, 23.219879, 4879.533691>) requested data for lock!
[10:39:34] Player (MADness, 76561198968762750)(<3276.376465, 34.151474, 4613.831055>) requested data for lock!
[10:39:51] Player (MADness, 76561198968762750)(<7784.830566, 4.453664, 786.340027>) requested data for lock!
[10:39:51] Player (MADness, 76561198968762750)(<7775.624023, 4.453664, 789.218628>) requested data for lock!
[10:39:51] Player (MADness, 76561198968762750)(<7775.609863, 4.453664, 789.851563>) requested data for lock!
[10:43:51] Player (MADness, 76561198968762750)(<7784.830566, 4.453664, 786.340027>) requested data for lock!
[10:43:51] Player (MADness, 76561198968762750)(<7775.624023, 4.453664, 789.218628>) requested data for lock!
[10:43:51] Player (MADness, 76561198968762750)(<7775.609863, 4.453664, 789.851563>) requested data for lock!
[10:44:13] Player (Bflame, 76561198072840834)(<7784.830566, 4.453664, 786.340027>) requested data for lock!
[10:44:13] Player (Bflame, 76561198072840834)(<7775.624023, 4.453664, 789.218628>) requested data for lock!
[10:44:13] Player (Bflame, 76561198072840834)(<7775.609863, 4.453664, 789.851563>) requested data for lock!
[07-15-2022][11.26.16] Log file reloaded ( Server Restart )
[11:42:29] Player (Bflame, 76561198072840834)(<5704.501465, 4.296862, 3574.349854>) requested data for lock!
[11:42:30] Player (Bflame, 76561198072840834)(<5703.666016, 4.296862, 3579.834473>) requested data for lock!
[11:43:09] Player (Bflame, 76561198072840834)(<4489.105957, 1.163242, 3118.035645>) requested data for lock!
[11:43:10] Player (Bflame, 76561198072840834)(<4450.335449, 6.887537, 3090.050293>) requested data for lock!
[11:45:19] Player (Bflame, 76561198072840834)(<3585.483643, 23.219879, 4879.533691>) requested data for lock!
[11:46:25] Player (Bflame, 76561198072840834)(<3276.376465, 34.151474, 4613.831055>) requested data for lock!
[11:54:56] Player (Bflame, 76561198072840834)(<3276.376465, 34.151474, 4613.831055>) requested data for lock!
[11:55:36] Player (Bflame, 76561198072840834)(<3421.042480, 15.097157, 5042.374512>) requested data for lock!
[11:55:37] Player (Bflame, 76561198072840834)(<3411.108643, 12.659751, 5048.064941>) requested data for lock!
[11:55:44] Player (Bflame, 76561198072840834)(<3460.936523, 4.847070, 5356.074219>) requested data for lock!
[11:55:44] Player (Bflame, 76561198072840834)(<3474.218506, 6.642277, 5363.240723>) requested data for lock!
[11:55:44] Player (Bflame, 76561198072840834)(<3468.044189, 4.259703, 5369.500977>) requested data for lock!
[11:56:46] Player (Bflame, 76561198072840834)(<2436.508545, 53.178806, 5278.377441>) requested data for lock!
[11:56:47] Player (Bflame, 76561198072840834)(<2435.960938, 55.353981, 5288.420898>) requested data for lock!
[07-15-2022][12.02.34] Log file reloaded ( Server Restart )
[12:48:39] Player (Bflame, 76561198072840834)(<2435.960938, 55.353981, 5288.420898>) requested data for lock!
[12:48:39] Player (Bflame, 76561198072840834)(<2436.508545, 53.178806, 5278.377441>) requested data for lock!
[12:48:39] Player (Bflame, 76561198072840834)(<3411.108643, 12.659751, 5048.064941>) requested data for lock!
[12:48:39] Player (Bflame, 76561198072840834)(<3421.042480, 15.097157, 5042.374512>) requested data for lock!
[12:48:39] Player (Bflame, 76561198072840834)(<3468.044189, 4.259703, 5369.500977>) requested data for lock!
[12:48:39] Player (Bflame, 76561198072840834)(<3474.218506, 6.642277, 5363.240723>) requested data for lock!
[12:48:39] Player (Bflame, 76561198072840834)(<3585.483643, 23.219879, 4879.533691>) requested data for lock!
[12:48:39] Player (Bflame, 76561198072840834)(<3460.936523, 4.847070, 5356.074219>) requested data for lock!
[12:48:39] Player (Bflame, 76561198072840834)(<3276.376465, 34.151474, 4613.831055>) requested data for lock!
[13:27:49] Player (Bflame, 76561198072840834)(<3468.044189, 4.259703, 5369.500977>) requested data for lock!
[13:27:49] Player (Bflame, 76561198072840834)(<3474.218506, 6.642277, 5363.240723>) requested data for lock!
[13:27:49] Player (Bflame, 76561198072840834)(<3460.936523, 4.847070, 5356.074219>) requested data for lock!
[13:27:54] Player (Bflame, 76561198072840834)(<2435.960938, 55.353981, 5288.420898>) requested data for lock!
[13:27:55] Player (Bflame, 76561198072840834)(<2436.508545, 53.178806, 5278.377441>) requested data for lock!
[13:27:59] Player (Bflame, 76561198072840834)(<3411.108643, 12.659751, 5048.064941>) requested data for lock!
[13:27:59] Player (Bflame, 76561198072840834)(<3421.042480, 15.097157, 5042.374512>) requested data for lock!
[13:28:05] Player (Bflame, 76561198072840834)(<3585.483643, 23.219879, 4879.533691>) requested data for lock!
[13:28:13] Player (Bflame, 76561198072840834)(<3276.376465, 34.151474, 4613.831055>) requested data for lock!
[13:34:05] Player (Bflame, 76561198072840834)(<4380.106445, 2.076707, 5958.709961>) requested data for lock!
[13:34:05] Player (Bflame, 76561198072840834)(<4379.876953, 2.008279, 5963.796387>) requested data for lock!
[13:34:05] Player (Bflame, 76561198072840834)(<4378.048340, 1.954537, 5968.927246>) requested data for lock!
[13:34:05] Player (Bflame, 76561198072840834)(<4373.662109, 3.838867, 5976.322266>) requested data for lock!
[13:40:37] Player (Bflame, 76561198072840834)(<3276.376465, 34.151474, 4613.831055>) requested data for lock!
[13:43:23] Player (Bflame, 76561198072840834)(<3276.376465, 34.151474, 4613.831055>) requested data for lock!
[13:45:10] Player (Bflame, 76561198072840834)(<3276.376465, 34.151474, 4613.831055>) requested data for lock!
[13:49:52] Player (Bflame, 76561198072840834)(<4489.105957, 1.163242, 3118.035645>) requested data for lock!
[13:51:30] Player (Bflame, 76561198072840834)(<4450.335449, 6.887537, 3090.050293>) requested data for lock!
[13:51:46] Player (Bflame, 76561198072840834)(<5703.666016, 4.296862, 3579.834473>) requested data for lock!
[13:51:46] Player (Bflame, 76561198072840834)(<5704.501465, 4.296862, 3574.349854>) requested data for lock!
[13:55:08] Player (Bflame, 76561198072840834)(<7775.624023, 4.453664, 789.218628>) requested data for lock!
[13:55:08] Player (Bflame, 76561198072840834)(<7775.609863, 4.453664, 789.851563>) requested data for lock!
[13:55:09] Player (Bflame, 76561198072840834)(<7784.830566, 4.453664, 786.340027>) requested data for lock!
[07-15-2022][17.31.33] Log file reloaded ( Server Restart )
[07-15-2022][20.02.38] Log file reloaded ( Server Restart )
[20:24:24] Player (MADness, 76561198968762750)(<4489.105957, 1.163242, 3118.035645>) requested data for lock!
[20:24:25] Player (MADness, 76561198968762750)(<4450.335449, 6.887537, 3090.050293>) requested data for lock!
[20:25:20] Player (MADness, 76561198968762750)(<4489.105957, 1.163242, 3118.035645>) requested data for lock!
[20:25:21] Player (MADness, 76561198968762750)(<4450.335449, 6.887537, 3090.050293>) requested data for lock!
[20:32:36] Player (MADness, 76561198968762750)(<3468.044189, 4.259703, 5369.500977>) requested data for lock!
[20:32:36] Player (MADness, 76561198968762750)(<3474.218506, 6.642277, 5363.240723>) requested data for lock!
[20:32:36] Player (MADness, 76561198968762750)(<3460.936523, 4.847070, 5356.074219>) requested data for lock!
[20:32:37] Player (MADness, 76561198968762750)(<2435.960938, 55.353981, 5288.420898>) requested data for lock!
[20:32:37] Player (MADness, 76561198968762750)(<2436.508545, 53.178806, 5278.377441>) requested data for lock!
[20:52:21] Player (Majky, 76561198275611052)(<4380.106445, 2.076707, 5958.709961>) requested data for lock!
[20:52:21] Player (Majky, 76561198275611052)(<4379.876953, 2.008279, 5963.796387>) requested data for lock!
[20:52:22] Player (Majky, 76561198275611052)(<4378.048340, 1.954537, 5968.927246>) requested data for lock!
[20:52:23] Player (Majky, 76561198275611052)(<4373.662109, 3.838867, 5976.322266>) requested data for lock!
[21:02:26] Player (Majky, 76561198275611052)(<3474.218506, 6.642277, 5363.240723>) requested data for lock!
[21:02:26] Player (Majky, 76561198275611052)(<3468.044189, 4.259703, 5369.500977>) requested data for lock!
[21:02:35] Player (Majky, 76561198275611052)(<3460.936523, 4.847070, 5356.074219>) requested data for lock!
[21:08:14] Player (Majky, 76561198275611052)(<3411.108643, 12.659751, 5048.064941>) requested data for lock!
[21:08:17] Player (Majky, 76561198275611052)(<3421.042480, 15.097157, 5042.374512>) requested data for lock!
[21:08:17] Player (Majky, 76561198275611052)(<2435.960938, 55.353981, 5288.420898>) requested data for lock!
[21:08:18] Player (Majky, 76561198275611052)(<2436.508545, 53.178806, 5278.377441>) requested data for lock!
[21:09:48] Player (Majky, 76561198275611052)(<3585.483643, 23.219879, 4879.533691>) requested data for lock!
[21:10:10] Player (Majky, 76561198275611052)(<3276.376465, 34.151474, 4613.831055>) requested data for lock!
[21:11:05] Player (MADness, 76561198968762750)(<3421.042480, 15.097157, 5042.374512>) requested data for lock!
[21:11:07] Player (MADness, 76561198968762750)(<3585.483643, 23.219879, 4879.533691>) requested data for lock!
[21:11:08] Player (MADness, 76561198968762750)(<3468.044189, 4.259703, 5369.500977>) requested data for lock!
[21:11:08] Player (MADness, 76561198968762750)(<3474.218506, 6.642277, 5363.240723>) requested data for lock!
[21:11:09] Player (MADness, 76561198968762750)(<3460.936523, 4.847070, 5356.074219>) requested data for lock!
[21:11:10] Player (MADness, 76561198968762750)(<2435.960938, 55.353981, 5288.420898>) requested data for lock!
[21:11:10] Player (MADness, 76561198968762750)(<2436.508545, 53.178806, 5278.377441>) requested data for lock!
[21:11:10] Player (MADness, 76561198968762750)(<3411.108643, 12.659751, 5048.064941>) requested data for lock!
[21:11:10] Player (MADness, 76561198968762750)(<3276.376465, 34.151474, 4613.831055>) requested data for lock!
[21:11:12] Player (MADness, 76561198968762750)(<4380.106445, 2.076707, 5958.709961>) requested data for lock!
[21:11:20] Player (MADness, 76561198968762750)(<4378.048340, 1.954537, 5968.927246>) requested data for lock!
[21:11:20] Player (MADness, 76561198968762750)(<4373.662109, 3.838867, 5976.322266>) requested data for lock!
[21:11:20] Player (MADness, 76561198968762750)(<4379.876953, 2.008279, 5963.796387>) requested data for lock!
[21:12:14] Player (Majky, 76561198275611052)(<4380.106445, 2.076707, 5958.709961>) requested data for lock!
[21:12:14] Player (Majky, 76561198275611052)(<4379.876953, 2.008279, 5963.796387>) requested data for lock!
[21:12:15] Player (Majky, 76561198275611052)(<4378.048340, 1.954537, 5968.927246>) requested data for lock!
[21:12:15] Player (Majky, 76561198275611052)(<4373.662109, 3.838867, 5976.322266>) requested data for lock!
[21:13:31] Player (Majky, 76561198275611052)(<4380.106445, 2.076707, 5958.709961>) requested data for lock!
[21:13:32] Player (Majky, 76561198275611052)(<4379.876953, 2.008279, 5963.796387>) requested data for lock!
[21:13:33] Player (Majky, 76561198275611052)(<4378.048340, 1.954537, 5968.927246>) requested data for lock!
[21:13:33] Player (Majky, 76561198275611052)(<4373.662109, 3.838867, 5976.322266>) requested data for lock!
[21:14:29] Player (Majky, 76561198275611052)(<4380.106445, 2.076707, 5958.709961>) requested data for lock!
[21:14:30] Player (Majky, 76561198275611052)(<4379.876953, 2.008279, 5963.796387>) requested data for lock!
[21:14:30] Player (Majky, 76561198275611052)(<4378.048340, 1.954537, 5968.927246>) requested data for lock!
[21:14:30] Player (Majky, 76561198275611052)(<4373.662109, 3.838867, 5976.322266>) requested data for lock!
[21:20:42] Player (Majky, 76561198275611052)(<4380.106445, 2.076707, 5958.709961>) requested data for lock!
[21:20:43] Player (Majky, 76561198275611052)(<4379.876953, 2.008279, 5963.796387>) requested data for lock!
[21:20:43] Player (Majky, 76561198275611052)(<4378.048340, 1.954537, 5968.927246>) requested data for lock!
[21:20:44] Player (Majky, 76561198275611052)(<4373.662109, 3.838867, 5976.322266>) requested data for lock!
[21:23:17] Player (Majky, 76561198275611052)(<4380.106445, 2.076707, 5958.709961>) requested data for lock!
[21:23:17] Player (Majky, 76561198275611052)(<4379.876953, 2.008279, 5963.796387>) requested data for lock!
[21:23:18] Player (Majky, 76561198275611052)(<4378.048340, 1.954537, 5968.927246>) requested data for lock!
[21:23:18] Player (Majky, 76561198275611052)(<4373.662109, 3.838867, 5976.322266>) requested data for lock!
[21:27:05] Player (MADness, 76561198968762750)(<3585.483643, 23.219879, 4879.533691>) requested data for lock!
[21:27:08] Player (MADness, 76561198968762750)(<3276.376465, 34.151474, 4613.831055>) requested data for lock!
[21:35:24] Player (Belthazar, 76561198038755126)(<4379.876953, 2.008279, 5963.796387>) requested data for lock!
[21:35:24] Player (Belthazar, 76561198038755126)(<4380.106445, 2.076707, 5958.709961>) requested data for lock!
[21:35:24] Player (MADness, 76561198968762750)(<4380.106445, 2.076707, 5958.709961>) requested data for lock!
[21:35:24] Player (MADness, 76561198968762750)(<4379.876953, 2.008279, 5963.796387>) requested data for lock!
[21:35:24] Player (Belthazar, 76561198038755126)(<4378.048340, 1.954537, 5968.927246>) requested data for lock!
[21:35:24] Player (MADness, 76561198968762750)(<4378.048340, 1.954537, 5968.927246>) requested data for lock!
[21:35:25] Player (Belthazar, 76561198038755126)(<4373.662109, 3.838867, 5976.322266>) requested data for lock!
[21:35:25] Player (MADness, 76561198968762750)(<4373.662109, 3.838867, 5976.322266>) requested data for lock!
[21:40:55] Player (Belthazar, 76561198038755126)(<3474.218506, 6.642277, 5363.240723>) requested data for lock!
[21:40:55] Player (MADness, 76561198968762750)(<3474.218506, 6.642277, 5363.240723>) requested data for lock!
[21:40:55] Player (Belthazar, 76561198038755126)(<3468.044189, 4.259703, 5369.500977>) requested data for lock!
[21:40:55] Player (MADness, 76561198968762750)(<3468.044189, 4.259703, 5369.500977>) requested data for lock!
[21:40:58] Player (Belthazar, 76561198038755126)(<3460.936523, 4.847070, 5356.074219>) requested data for lock!
[21:40:58] Player (MADness, 76561198968762750)(<3460.936523, 4.847070, 5356.074219>) requested data for lock!
[21:42:16] Player (Belthazar, 76561198038755126)(<3411.108643, 12.659751, 5048.064941>) requested data for lock!
[21:42:16] Player (MADness, 76561198968762750)(<3411.108643, 12.659751, 5048.064941>) requested data for lock!
[21:42:16] Player (Belthazar, 76561198038755126)(<2435.960938, 55.353981, 5288.420898>) requested data for lock!
[21:42:16] Player (MADness, 76561198968762750)(<2435.960938, 55.353981, 5288.420898>) requested data for lock!
[21:42:17] Player (Belthazar, 76561198038755126)(<2436.508545, 53.178806, 5278.377441>) requested data for lock!
[21:42:17] Player (Belthazar, 76561198038755126)(<3421.042480, 15.097157, 5042.374512>) requested data for lock!
[21:42:17] Player (MADness, 76561198968762750)(<2436.508545, 53.178806, 5278.377441>) requested data for lock!
[21:42:17] Player (MADness, 76561198968762750)(<3421.042480, 15.097157, 5042.374512>) requested data for lock!
[21:43:08] Player (Belthazar, 76561198038755126)(<3585.483643, 23.219879, 4879.533691>) requested data for lock!
[21:43:08] Player (MADness, 76561198968762750)(<3585.483643, 23.219879, 4879.533691>) requested data for lock!
[21:43:11] Player (Belthazar, 76561198038755126)(<3276.376465, 34.151474, 4613.831055>) requested data for lock!
[21:43:11] Player (MADness, 76561198968762750)(<3276.376465, 34.151474, 4613.831055>) requested data for lock!
[21:45:40] Player (Majky, 76561198275611052)(<3421.042480, 15.097157, 5042.374512>) requested data for lock!
[21:45:41] Player (Majky, 76561198275611052)(<3411.108643, 12.659751, 5048.064941>) requested data for lock!
[21:45:51] Player (Majky, 76561198275611052)(<3460.936523, 4.847070, 5356.074219>) requested data for lock!
[21:45:51] Player (Majky, 76561198275611052)(<3474.218506, 6.642277, 5363.240723>) requested data for lock!
[21:45:52] Player (Majky, 76561198275611052)(<3468.044189, 4.259703, 5369.500977>) requested data for lock!
[21:46:49] Player (Majky, 76561198275611052)(<4380.106445, 2.076707, 5958.709961>) requested data for lock!
[21:46:50] Player (Majky, 76561198275611052)(<4379.876953, 2.008279, 5963.796387>) requested data for lock!
[21:46:51] Player (Majky, 76561198275611052)(<4378.048340, 1.954537, 5968.927246>) requested data for lock!
[21:46:52] Player (Majky, 76561198275611052)(<4373.662109, 3.838867, 5976.322266>) requested data for lock!
[21:47:01] Player (MADness, 76561198968762750)(<4380.106445, 2.076707, 5958.709961>) requested data for lock!
[21:47:02] Player (Belthazar, 76561198038755126)(<4380.106445, 2.076707, 5958.709961>) requested data for lock!
[21:47:02] Player (Belthazar, 76561198038755126)(<4379.876953, 2.008279, 5963.796387>) requested data for lock!
[21:47:02] Player (MADness, 76561198968762750)(<4379.876953, 2.008279, 5963.796387>) requested data for lock!
[21:47:02] Player (Belthazar, 76561198038755126)(<4378.048340, 1.954537, 5968.927246>) requested data for lock!
[21:47:02] Player (MADness, 76561198968762750)(<4378.048340, 1.954537, 5968.927246>) requested data for lock!
[21:47:03] Player (Belthazar, 76561198038755126)(<4373.662109, 3.838867, 5976.322266>) requested data for lock!
[21:47:03] Player (MADness, 76561198968762750)(<4373.662109, 3.838867, 5976.322266>) requested data for lock!
[21:48:56] Player (Belthazar, 76561198038755126)(<3276.376465, 34.151474, 4613.831055>) requested data for lock!
[21:48:56] Player (MADness, 76561198968762750)(<3276.376465, 34.151474, 4613.831055>) requested data for lock!
[21:50:35] Player (Majky, 76561198275611052)(<4380.106445, 2.076707, 5958.709961>) requested data for lock!
[21:50:36] Player (Belthazar, 76561198038755126)(<3276.376465, 34.151474, 4613.831055>) requested data for lock!
[21:50:36] Player (Belthazar, 76561198038755126)(<3585.483643, 23.219879, 4879.533691>) requested data for lock!
[21:50:36] Player (Majky, 76561198275611052)(<4379.876953, 2.008279, 5963.796387>) requested data for lock!
[21:50:37] Player (Majky, 76561198275611052)(<4378.048340, 1.954537, 5968.927246>) requested data for lock!
[21:50:38] Player (Majky, 76561198275611052)(<4373.662109, 3.838867, 5976.322266>) requested data for lock!
[21:51:08] Player (Majky, 76561198275611052)(<2436.508545, 53.178806, 5278.377441>) requested data for lock!
[21:51:08] Player (Majky, 76561198275611052)(<2435.960938, 55.353981, 5288.420898>) requested data for lock!
[21:51:36] Player (Majky, 76561198275611052)(<4380.106445, 2.076707, 5958.709961>) requested data for lock!
[21:51:37] Player (Majky, 76561198275611052)(<4379.876953, 2.008279, 5963.796387>) requested data for lock!
[21:51:37] Player (Majky, 76561198275611052)(<4378.048340, 1.954537, 5968.927246>) requested data for lock!
[21:51:37] Player (Majky, 76561198275611052)(<4373.662109, 3.838867, 5976.322266>) requested data for lock!
