[07-04-2022][00.02.40] New Synch Log File Created!
[01:40:38] Player (Pilly, 76561198836539627)(<4373.662109, 3.838867, 5976.322266>) requested data for lock!
[01:40:39] Player (Pilly, 76561198836539627)(<4378.048340, 1.954537, 5968.927246>) requested data for lock!
[01:40:40] Player (Pilly, 76561198836539627)(<4379.876953, 2.008279, 5963.796387>) requested data for lock!
[01:40:41] Player (Pilly, 76561198836539627)(<4380.106445, 2.076707, 5958.709961>) requested data for lock!
[01:54:50] Player (Pilly, 76561198836539627)(<3474.218506, 6.642277, 5363.240723>) requested data for lock!
[01:55:02] Player (Pilly, 76561198836539627)(<3585.483643, 23.219879, 4879.533691>) requested data for lock!
[01:55:13] Player (Pilly, 76561198836539627)(<3421.042480, 15.097157, 5042.374512>) requested data for lock!
[01:55:14] Player (Pilly, 76561198836539627)(<3411.108643, 12.659751, 5048.064941>) requested data for lock!
[02:14:03] Player (Pilly, 76561198836539627)(<3585.483643, 23.219879, 4879.533691>) requested data for lock!
[02:41:33] Player (Pilly, 76561198836539627)(<3474.218506, 6.642277, 5363.240723>) requested data for lock!
[02:43:21] Player (Pilly, 76561198836539627)(<3474.218506, 6.642277, 5363.240723>) requested data for lock!
[02:48:04] Player (Pilly, 76561198836539627)(<3411.108643, 12.659751, 5048.064941>) requested data for lock!
[02:48:16] Player (Pilly, 76561198836539627)(<3421.042480, 15.097157, 5042.374512>) requested data for lock!
[02:48:20] Player (Pilly, 76561198836539627)(<2435.960938, 55.353981, 5288.420898>) requested data for lock!
[02:49:15] Player (Pilly, 76561198836539627)(<2435.960938, 55.353981, 5288.420898>) requested data for lock!
[02:51:08] Player (Pilly, 76561198836539627)(<3421.042480, 15.097157, 5042.374512>) requested data for lock!
[02:51:17] Player (Pilly, 76561198836539627)(<3421.042480, 15.097157, 5042.374512>) requested data for lock!
[02:53:28] Player (Pilly, 76561198836539627)(<3411.108643, 12.659751, 5048.064941>) requested data for lock!
[02:53:49] Player (Pilly, 76561198836539627)(<3411.108643, 12.659751, 5048.064941>) requested data for lock!
[03:08:27] Player (Pilly, 76561198836539627)(<3474.218506, 6.642277, 5363.240723>) requested data for lock!
[03:08:35] Player (Pilly, 76561198836539627)(<3474.218506, 6.642277, 5363.240723>) requested data for lock!
[03:10:41] Player (Pilly, 76561198836539627)(<3474.218506, 6.642277, 5363.240723>) requested data for lock!
[03:13:54] Player (Pilly, 76561198836539627)(<3411.108643, 12.659751, 5048.064941>) requested data for lock!
[03:13:56] Player (Pilly, 76561198836539627)(<3421.042480, 15.097157, 5042.374512>) requested data for lock!
[03:18:04] Player (Pilly, 76561198836539627)(<3411.108643, 12.659751, 5048.064941>) requested data for lock!
[03:18:25] Player (Pilly, 76561198836539627)(<3411.108643, 12.659751, 5048.064941>) requested data for lock!
[03:18:28] Player (Pilly, 76561198836539627)(<3421.042480, 15.097157, 5042.374512>) requested data for lock!
[03:31:55] Player (Pilly, 76561198836539627)(<2435.960938, 55.353981, 5288.420898>) requested data for lock!
[03:56:28] Player (Pilly, 76561198836539627)(<3474.218506, 6.642277, 5363.240723>) requested data for lock!
[03:56:44] Player (Pilly, 76561198836539627)(<3411.108643, 12.659751, 5048.064941>) requested data for lock!
[03:56:45] Player (Pilly, 76561198836539627)(<3421.042480, 15.097157, 5042.374512>) requested data for lock!
[03:57:29] Player (Pilly, 76561198836539627)(<3276.376465, 34.151474, 4613.831055>) requested data for lock!
[03:57:33] Player (Pilly, 76561198836539627)(<3585.483643, 23.219879, 4879.533691>) requested data for lock!
[07-04-2022][04.02.38] Log file reloaded ( Server Restart )
[07-04-2022][08.02.41] Log file reloaded ( Server Restart )
[07-04-2022][08.41.19] Log file reloaded ( Server Restart )
[08:46:33] Player (Majky, 76561198275611052)(<3474.218506, 6.642277, 5363.240723>) requested data for lock!
[08:46:33] Player (Majky, 76561198275611052)(<3411.108643, 12.659751, 5048.064941>) requested data for lock!
[08:46:33] Player (Majky, 76561198275611052)(<3421.042480, 15.097157, 5042.374512>) requested data for lock!
[08:46:33] Player (Majky, 76561198275611052)(<3585.483643, 23.219879, 4879.533691>) requested data for lock!
[08:46:33] Player (Majky, 76561198275611052)(<3276.376465, 34.151474, 4613.831055>) requested data for lock!
[08:46:33] Player (Majky, 76561198275611052)(<4379.876953, 2.008279, 5963.796387>) requested data for lock!
[08:46:33] Player (Majky, 76561198275611052)(<4378.048340, 1.954537, 5968.927246>) requested data for lock!
[08:46:33] Player (Majky, 76561198275611052)(<4373.662109, 3.838867, 5976.322266>) requested data for lock!
[08:46:33] Player (Majky, 76561198275611052)(<4380.106445, 2.076707, 5958.709961>) requested data for lock!
[08:53:43] Player (Majky, 76561198275611052)(<2435.960938, 55.353981, 5288.420898>) requested data for lock!
[08:54:10] Player (Majky, 76561198275611052)(<4380.106445, 2.076707, 5958.709961>) requested data for lock!
[08:54:11] Player (Majky, 76561198275611052)(<4379.876953, 2.008279, 5963.796387>) requested data for lock!
[08:54:11] Player (Majky, 76561198275611052)(<4378.048340, 1.954537, 5968.927246>) requested data for lock!
[08:54:11] Player (Majky, 76561198275611052)(<4373.662109, 3.838867, 5976.322266>) requested data for lock!
[08:58:29] Player (Majky, 76561198275611052)(<4489.105957, 1.163242, 3118.035645>) requested data for lock!
[08:59:50] Player (MADness, 76561198968762750)(<4450.335449, 6.887537, 3090.050293>) requested data for lock!
[08:59:50] Player (MADness, 76561198968762750)(<4489.105957, 1.163242, 3118.035645>) requested data for lock!
[09:11:58] Player (Majky, 76561198275611052)(<3421.042480, 15.097157, 5042.374512>) requested data for lock!
[09:11:58] Player (Majky, 76561198275611052)(<3411.108643, 12.659751, 5048.064941>) requested data for lock!
[09:12:09] Player (Majky, 76561198275611052)(<3474.218506, 6.642277, 5363.240723>) requested data for lock!
[09:13:00] Player (Majky, 76561198275611052)(<2435.960938, 55.353981, 5288.420898>) requested data for lock!
[09:13:23] Player (Majky, 76561198275611052)(<4380.106445, 2.076707, 5958.709961>) requested data for lock!
[09:13:24] Player (Majky, 76561198275611052)(<4379.876953, 2.008279, 5963.796387>) requested data for lock!
[09:13:29] Player (Majky, 76561198275611052)(<4378.048340, 1.954537, 5968.927246>) requested data for lock!
[09:13:34] Player (Majky, 76561198275611052)(<4373.662109, 3.838867, 5976.322266>) requested data for lock!
[09:16:04] Player (MADness, 76561198968762750)(<7775.624023, 4.453664, 789.218628>) requested data for lock!
[09:16:04] Player (MADness, 76561198968762750)(<7775.609863, 4.453664, 789.851563>) requested data for lock!
[09:16:05] Player (MADness, 76561198968762750)(<7784.830566, 4.453664, 786.340027>) requested data for lock!
[09:21:34] Player (MADness, 76561198968762750)(<7775.624023, 4.453664, 789.218628>) requested data for lock!
[09:21:34] Player (MADness, 76561198968762750)(<7775.609863, 4.453664, 789.851563>) requested data for lock!
[09:21:34] Player (MADness, 76561198968762750)(<7784.830566, 4.453664, 786.340027>) requested data for lock!
[09:29:03] Player (MADness, 76561198968762750)(<2435.960938, 55.353981, 5288.420898>) requested data for lock!
[09:29:06] Player (MADness, 76561198968762750)(<3474.218506, 6.642277, 5363.240723>) requested data for lock!
[09:29:42] Player (MADness, 76561198968762750)(<3585.483643, 23.219879, 4879.533691>) requested data for lock!
[09:30:03] Player (MADness, 76561198968762750)(<4450.335449, 6.887537, 3090.050293>) requested data for lock!
[09:30:03] Player (MADness, 76561198968762750)(<4489.105957, 1.163242, 3118.035645>) requested data for lock!
[07-04-2022][09.47.45] Log file reloaded ( Server Restart )
[09:49:01] Player (MADness, 76561198968762750)(<4450.335449, 6.887537, 3090.050293>) requested data for lock!
[09:49:04] Player (MADness, 76561198968762750)(<4489.105957, 1.163242, 3118.035645>) requested data for lock!
[07-04-2022][10.00.32] Log file reloaded ( Server Restart )
[07-04-2022][10.08.22] Log file reloaded ( Server Restart )
[07-04-2022][10.17.57] Log file reloaded ( Server Restart )
[10:19:39] Player (Majky, 76561198275611052)(<4378.048340, 1.954537, 5968.927246>) requested data for lock!
[10:19:39] Player (Majky, 76561198275611052)(<4373.662109, 3.838867, 5976.322266>) requested data for lock!
[10:19:39] Player (Majky, 76561198275611052)(<4379.876953, 2.008279, 5963.796387>) requested data for lock!
[10:19:39] Player (Majky, 76561198275611052)(<4380.106445, 2.076707, 5958.709961>) requested data for lock!
[10:19:39] Player (Majky, 76561198275611052)(<3474.218506, 6.642277, 5363.240723>) requested data for lock!
[10:19:39] Player (Majky, 76561198275611052)(<3411.108643, 12.659751, 5048.064941>) requested data for lock!
[10:19:39] Player (Majky, 76561198275611052)(<3421.042480, 15.097157, 5042.374512>) requested data for lock!
[10:19:39] Player (Majky, 76561198275611052)(<3276.376465, 34.151474, 4613.831055>) requested data for lock!
[10:19:39] Player (Majky, 76561198275611052)(<3585.483643, 23.219879, 4879.533691>) requested data for lock!
[10:20:43] Player (Majky, 76561198275611052)(<4380.106445, 2.076707, 5958.709961>) requested data for lock!
[10:20:52] Player (Majky, 76561198275611052)(<4380.106445, 2.076707, 5958.709961>) requested data for lock!
[10:20:53] Player (Majky, 76561198275611052)(<4379.876953, 2.008279, 5963.796387>) requested data for lock!
[10:20:53] Player (Majky, 76561198275611052)(<4378.048340, 1.954537, 5968.927246>) requested data for lock!
[10:20:53] Player (Majky, 76561198275611052)(<4373.662109, 3.838867, 5976.322266>) requested data for lock!
[07-04-2022][10.28.33] Log file reloaded ( Server Restart )
[07-04-2022][10.34.57] Log file reloaded ( Server Restart )
[10:38:01] Player (Hrab*fonVo*e*prut, 76561198065958810)(<7775.624023, 4.453664, 789.218628>) requested data for lock!
[10:38:01] Player (Hrab*fonVo*e*prut, 76561198065958810)(<7775.609863, 4.453664, 789.851563>) requested data for lock!
[10:38:02] Player (Hrab*fonVo*e*prut, 76561198065958810)(<7784.830566, 4.453664, 786.340027>) requested data for lock!
[07-04-2022][10.44.57] Log file reloaded ( Server Restart )
[07-04-2022][11.05.42] Log file reloaded ( Server Restart )
[11:33:44] Player (Hrab*fonVo*e*prut, 76561198065958810)(<7784.830566, 4.453664, 786.340027>) requested data for lock!
[11:33:45] Player (Hrab*fonVo*e*prut, 76561198065958810)(<7775.624023, 4.453664, 789.218628>) requested data for lock!
[11:33:45] Player (Hrab*fonVo*e*prut, 76561198065958810)(<7775.609863, 4.453664, 789.851563>) requested data for lock!
[11:35:24] Player (Hrab*fonVo*e*prut, 76561198065958810)(<4961.266602, 5.789789, 1410.613037>) requested data for lock!
[11:35:24] Player (Hrab*fonVo*e*prut, 76561198065958810)(<4964.083008, 5.118455, 1414.849365>) requested data for lock!
[11:44:00] Player (Hrab*fonVo*e*prut, 76561198065958810)(<4450.335449, 6.887537, 3090.050293>) requested data for lock!
[11:44:02] Player (Hrab*fonVo*e*prut, 76561198065958810)(<4489.105957, 1.163242, 3118.035645>) requested data for lock!
[07-04-2022][12.02.38] Log file reloaded ( Server Restart )
[12:23:22] Player (Hrab*fonVo*e*prut, 76561198065958810)(<4450.335449, 6.887537, 3090.050293>) requested data for lock!
[12:23:22] Player (Hrab*fonVo*e*prut, 76561198065958810)(<4489.105957, 1.163242, 3118.035645>) requested data for lock!
[12:43:57] Player (Hrab*fonVo*e*prut, 76561198065958810)(<3585.483643, 23.219879, 4879.533691>) requested data for lock!
[12:44:03] Player (Hrab*fonVo*e*prut, 76561198065958810)(<3276.376465, 34.151474, 4613.831055>) requested data for lock!
[12:55:45] Player (Hrab*fonVo*e*prut, 76561198065958810)(<4450.335449, 6.887537, 3090.050293>) requested data for lock!
[07-04-2022][13.25.28] Log file reloaded ( Server Restart )
[13:44:14] Player (MADness, 76561198968762750)(<4450.335449, 6.887537, 3090.050293>) requested data for lock!
[13:44:14] Player (MADness, 76561198968762750)(<4489.105957, 1.163242, 3118.035645>) requested data for lock!
[14:39:38] Player (Mozecek, 76561198956395880)(<2435.960938, 55.353981, 5288.420898>) requested data for lock!
[14:39:38] Player (Mozecek, 76561198956395880)(<3276.376465, 34.151474, 4613.831055>) requested data for lock!
[14:39:38] Player (Mozecek, 76561198956395880)(<3421.042480, 15.097157, 5042.374512>) requested data for lock!
[14:39:38] Player (Mozecek, 76561198956395880)(<3411.108643, 12.659751, 5048.064941>) requested data for lock!
[14:40:51] Player (Mozecek, 76561198956395880)(<3474.218506, 6.642277, 5363.240723>) requested data for lock!
[14:41:41] Player (Mozecek, 76561198956395880)(<3585.483643, 23.219879, 4879.533691>) requested data for lock!
[14:56:39] Player (Mozecek, 76561198956395880)(<3276.376465, 34.151474, 4613.831055>) requested data for lock!
[14:56:39] Player (Mozecek, 76561198956395880)(<3585.483643, 23.219879, 4879.533691>) requested data for lock!
[15:17:02] Player (Mozecek, 76561198956395880)(<3276.376465, 34.151474, 4613.831055>) requested data for lock!
[15:17:02] Player (Mozecek, 76561198956395880)(<3585.483643, 23.219879, 4879.533691>) requested data for lock!
[15:18:12] Player (Mozecek, 76561198956395880)(<3421.042480, 15.097157, 5042.374512>) requested data for lock!
[15:18:14] Player (Mozecek, 76561198956395880)(<3411.108643, 12.659751, 5048.064941>) requested data for lock!
[15:18:47] Player (Mozecek, 76561198956395880)(<3474.218506, 6.642277, 5363.240723>) requested data for lock!
[15:20:07] Player (Mozecek, 76561198956395880)(<2435.960938, 55.353981, 5288.420898>) requested data for lock!
[15:23:14] Player (Mozecek, 76561198956395880)(<2436.508545, 53.178806, 5278.377441>) requested data for lock!
[15:27:29] Player (Mozecek, 76561198956395880)(<2435.960938, 55.353981, 5288.420898>) requested data for lock!
[15:27:29] Player (Mozecek, 76561198956395880)(<2436.508545, 53.178806, 5278.377441>) requested data for lock!
[15:27:29] Player (Mozecek, 76561198956395880)(<3276.376465, 34.151474, 4613.831055>) requested data for lock!
[15:27:29] Player (Mozecek, 76561198956395880)(<3421.042480, 15.097157, 5042.374512>) requested data for lock!
[15:27:30] Player (Mozecek, 76561198956395880)(<3411.108643, 12.659751, 5048.064941>) requested data for lock!
[15:33:12] Player (Mozecek, 76561198956395880)(<2435.960938, 55.353981, 5288.420898>) requested data for lock!
[15:33:12] Player (Mozecek, 76561198956395880)(<2436.508545, 53.178806, 5278.377441>) requested data for lock!
[15:33:12] Player (Mozecek, 76561198956395880)(<3276.376465, 34.151474, 4613.831055>) requested data for lock!
[15:33:12] Player (Mozecek, 76561198956395880)(<3421.042480, 15.097157, 5042.374512>) requested data for lock!
[15:33:12] Player (Mozecek, 76561198956395880)(<3411.108643, 12.659751, 5048.064941>) requested data for lock!
[15:39:14] Player (MADness, 76561198968762750)(<2435.960938, 55.353981, 5288.420898>) requested data for lock!
[15:39:15] Player (MADness, 76561198968762750)(<2436.508545, 53.178806, 5278.377441>) requested data for lock!
[15:39:15] Player (MADness, 76561198968762750)(<3276.376465, 34.151474, 4613.831055>) requested data for lock!
[15:39:16] Player (MADness, 76561198968762750)(<3421.042480, 15.097157, 5042.374512>) requested data for lock!
[15:39:16] Player (MADness, 76561198968762750)(<3411.108643, 12.659751, 5048.064941>) requested data for lock!
[15:45:26] Player (MADness, 76561198968762750)(<3474.218506, 6.642277, 5363.240723>) requested data for lock!
[15:50:24] Player (Mozecek, 76561198956395880)(<3474.218506, 6.642277, 5363.240723>) requested data for lock!
[15:52:02] Player (Mozecek, 76561198956395880)(<3474.218506, 6.642277, 5363.240723>) requested data for lock!
[15:52:22] Player (Mozecek, 76561198956395880)(<3474.218506, 6.642277, 5363.240723>) requested data for lock!
[15:53:30] Player (Mozecek, 76561198956395880)(<3411.108643, 12.659751, 5048.064941>) requested data for lock!
[15:53:35] Player (Mozecek, 76561198956395880)(<3421.042480, 15.097157, 5042.374512>) requested data for lock!
[15:54:18] Player (MADness, 76561198968762750)(<2435.960938, 55.353981, 5288.420898>) requested data for lock!
[15:54:19] Player (MADness, 76561198968762750)(<2436.508545, 53.178806, 5278.377441>) requested data for lock!
[15:54:20] Player (MADness, 76561198968762750)(<3421.042480, 15.097157, 5042.374512>) requested data for lock!
[15:54:20] Player (MADness, 76561198968762750)(<3411.108643, 12.659751, 5048.064941>) requested data for lock!
[15:54:25] Player (Mozecek, 76561198956395880)(<3276.376465, 34.151474, 4613.831055>) requested data for lock!
[15:54:30] Player (MADness, 76561198968762750)(<3276.376465, 34.151474, 4613.831055>) requested data for lock!
[07-04-2022][16.02.32] Log file reloaded ( Server Restart )
[16:06:02] Player (MADness, 76561198968762750)(<7784.830566, 4.453664, 786.340027>) requested data for lock!
[16:06:02] Player (MADness, 76561198968762750)(<7775.609863, 4.453664, 789.851563>) requested data for lock!
[16:06:03] Player (MADness, 76561198968762750)(<7775.624023, 4.453664, 789.218628>) requested data for lock!
[07-04-2022][16.08.07] Log file reloaded ( Server Restart )
[16:09:23] Player (MADness, 76561198968762750)(<7775.609863, 4.453664, 789.851563>) requested data for lock!
[16:09:23] Player (MADness, 76561198968762750)(<7784.830566, 4.453664, 786.340027>) requested data for lock!
[16:09:24] Player (MADness, 76561198968762750)(<7775.624023, 4.453664, 789.218628>) requested data for lock!
[16:13:39] Player (MADness, 76561198968762750)(<7775.609863, 4.453664, 789.851563>) requested data for lock!
[16:13:39] Player (MADness, 76561198968762750)(<7784.830566, 4.453664, 786.340027>) requested data for lock!
[16:13:40] Player (MADness, 76561198968762750)(<7775.624023, 4.453664, 789.218628>) requested data for lock!
[07-04-2022][16.20.58] Log file reloaded ( Server Restart )
[16:23:19] Player (MADness, 76561198968762750)(<7784.830566, 4.453664, 786.340027>) requested data for lock!
[16:23:19] Player (MADness, 76561198968762750)(<7775.624023, 4.453664, 789.218628>) requested data for lock!
[16:23:19] Player (MADness, 76561198968762750)(<7775.609863, 4.453664, 789.851563>) requested data for lock!
[16:31:34] Player (MADness, 76561198968762750)(<7784.830566, 4.453664, 786.340027>) requested data for lock!
[16:31:34] Player (MADness, 76561198968762750)(<7775.624023, 4.453664, 789.218628>) requested data for lock!
[16:31:34] Player (MADness, 76561198968762750)(<7775.609863, 4.453664, 789.851563>) requested data for lock!
[17:21:27] Player (Rikinoo, 76561198016672415)(<3585.483643, 23.219879, 4879.533691>) requested data for lock!
[17:21:27] Player (Rikinoo, 76561198016672415)(<3276.376465, 34.151474, 4613.831055>) requested data for lock!
[17:33:49] Player (Rikinoo, 76561198016672415)(<3585.483643, 23.219879, 4879.533691>) requested data for lock!
[17:33:49] Player (Rikinoo, 76561198016672415)(<3276.376465, 34.151474, 4613.831055>) requested data for lock!
[17:33:58] Player (Rikinoo, 76561198016672415)(<3585.483643, 23.219879, 4879.533691>) requested data for lock!
[17:33:59] Player (Rikinoo, 76561198016672415)(<3276.376465, 34.151474, 4613.831055>) requested data for lock!
[17:33:59] Player (Rikinoo, 76561198016672415)(<3411.108643, 12.659751, 5048.064941>) requested data for lock!
[17:33:59] Player (Rikinoo, 76561198016672415)(<3421.042480, 15.097157, 5042.374512>) requested data for lock!
[17:33:59] Player (Rikinoo, 76561198016672415)(<3474.218506, 6.642277, 5363.240723>) requested data for lock!
[17:37:27] Player (Rikinoo, 76561198016672415)(<4380.106445, 2.076707, 5958.709961>) requested data for lock!
[17:37:27] Player (Rikinoo, 76561198016672415)(<4379.876953, 2.008279, 5963.796387>) requested data for lock!
[17:37:27] Player (Rikinoo, 76561198016672415)(<4378.048340, 1.954537, 5968.927246>) requested data for lock!
[17:37:27] Player (Rikinoo, 76561198016672415)(<4373.662109, 3.838867, 5976.322266>) requested data for lock!
[17:38:46] Player (Rikinoo, 76561198016672415)(<3276.376465, 34.151474, 4613.831055>) requested data for lock!
[17:38:46] Player (Rikinoo, 76561198016672415)(<3411.108643, 12.659751, 5048.064941>) requested data for lock!
[17:38:46] Player (Rikinoo, 76561198016672415)(<3421.042480, 15.097157, 5042.374512>) requested data for lock!
[18:55:31] Player (Majky, 76561198275611052)(<4379.876953, 2.008279, 5963.796387>) requested data for lock!
[18:55:31] Player (Majky, 76561198275611052)(<4380.106445, 2.076707, 5958.709961>) requested data for lock!
[18:55:31] Player (Majky, 76561198275611052)(<4378.048340, 1.954537, 5968.927246>) requested data for lock!
[18:55:31] Player (Majky, 76561198275611052)(<4373.662109, 3.838867, 5976.322266>) requested data for lock!
[18:55:31] Player (Majky, 76561198275611052)(<3474.218506, 6.642277, 5363.240723>) requested data for lock!
[18:55:31] Player (Majky, 76561198275611052)(<3585.483643, 23.219879, 4879.533691>) requested data for lock!
[18:55:31] Player (Majky, 76561198275611052)(<3276.376465, 34.151474, 4613.831055>) requested data for lock!
[18:55:31] Player (Majky, 76561198275611052)(<3411.108643, 12.659751, 5048.064941>) requested data for lock!
[18:55:31] Player (Majky, 76561198275611052)(<3421.042480, 15.097157, 5042.374512>) requested data for lock!
[18:56:40] Player (MADness, 76561198968762750)(<7784.830566, 4.453664, 786.340027>) requested data for lock!
[18:56:40] Player (MADness, 76561198968762750)(<7775.624023, 4.453664, 789.218628>) requested data for lock!
[18:56:40] Player (MADness, 76561198968762750)(<7775.609863, 4.453664, 789.851563>) requested data for lock!
[18:58:51] Player (Majky, 76561198275611052)(<4380.106445, 2.076707, 5958.709961>) requested data for lock!
[18:58:51] Player (Majky, 76561198275611052)(<4379.876953, 2.008279, 5963.796387>) requested data for lock!
[18:58:51] Player (Majky, 76561198275611052)(<4378.048340, 1.954537, 5968.927246>) requested data for lock!
[18:58:51] Player (Majky, 76561198275611052)(<4373.662109, 3.838867, 5976.322266>) requested data for lock!
[18:59:27] Player (Majky, 76561198275611052)(<4380.106445, 2.076707, 5958.709961>) requested data for lock!
[18:59:28] Player (Majky, 76561198275611052)(<4379.876953, 2.008279, 5963.796387>) requested data for lock!
[18:59:28] Player (Majky, 76561198275611052)(<4378.048340, 1.954537, 5968.927246>) requested data for lock!
[18:59:28] Player (Majky, 76561198275611052)(<4373.662109, 3.838867, 5976.322266>) requested data for lock!
[19:00:26] Player (Majky, 76561198275611052)(<4380.106445, 2.076707, 5958.709961>) requested data for lock!
[19:00:26] Player (Majky, 76561198275611052)(<4379.876953, 2.008279, 5963.796387>) requested data for lock!
[19:00:27] Player (Majky, 76561198275611052)(<4378.048340, 1.954537, 5968.927246>) requested data for lock!
[19:00:27] Player (Majky, 76561198275611052)(<4373.662109, 3.838867, 5976.322266>) requested data for lock!
[19:00:56] Player (Majky, 76561198275611052)(<4378.048340, 1.954537, 5968.927246>) requested data for lock!
[19:00:57] Player (Majky, 76561198275611052)(<4373.662109, 3.838867, 5976.322266>) requested data for lock!
[19:02:36] Player (Majky, 76561198275611052)(<4380.106445, 2.076707, 5958.709961>) requested data for lock!
[19:02:36] Player (Majky, 76561198275611052)(<4379.876953, 2.008279, 5963.796387>) requested data for lock!
[19:02:37] Player (Majky, 76561198275611052)(<4378.048340, 1.954537, 5968.927246>) requested data for lock!
[19:02:37] Player (Majky, 76561198275611052)(<4373.662109, 3.838867, 5976.322266>) requested data for lock!
[19:03:09] Player (Majky, 76561198275611052)(<4380.106445, 2.076707, 5958.709961>) requested data for lock!
[19:03:10] Player (Majky, 76561198275611052)(<4379.876953, 2.008279, 5963.796387>) requested data for lock!
[19:03:16] Player (Majky, 76561198275611052)(<4378.048340, 1.954537, 5968.927246>) requested data for lock!
[19:03:17] Player (Majky, 76561198275611052)(<4373.662109, 3.838867, 5976.322266>) requested data for lock!
[19:05:14] Player (Majky, 76561198275611052)(<4380.106445, 2.076707, 5958.709961>) requested data for lock!
[19:05:14] Player (Majky, 76561198275611052)(<4379.876953, 2.008279, 5963.796387>) requested data for lock!
[19:05:15] Player (Majky, 76561198275611052)(<4378.048340, 1.954537, 5968.927246>) requested data for lock!
[19:05:15] Player (Majky, 76561198275611052)(<4373.662109, 3.838867, 5976.322266>) requested data for lock!
[19:09:02] Player (MADness, 76561198968762750)(<7784.830566, 4.453664, 786.340027>) requested data for lock!
[19:09:02] Player (MADness, 76561198968762750)(<7775.624023, 4.453664, 789.218628>) requested data for lock!
[19:09:02] Player (MADness, 76561198968762750)(<7775.609863, 4.453664, 789.851563>) requested data for lock!
[19:09:55] Player (MADness, 76561198968762750)(<7784.830566, 4.453664, 786.340027>) requested data for lock!
[19:09:55] Player (MADness, 76561198968762750)(<7775.624023, 4.453664, 789.218628>) requested data for lock!
[19:09:55] Player (MADness, 76561198968762750)(<7775.609863, 4.453664, 789.851563>) requested data for lock!
[19:10:24] Player (Majky, 76561198275611052)(<4380.106445, 2.076707, 5958.709961>) requested data for lock!
[19:10:24] Player (Majky, 76561198275611052)(<4379.876953, 2.008279, 5963.796387>) requested data for lock!
[19:10:25] Player (Majky, 76561198275611052)(<4378.048340, 1.954537, 5968.927246>) requested data for lock!
[19:11:05] Player (Majky, 76561198275611052)(<2436.508545, 53.178806, 5278.377441>) requested data for lock!
[19:11:06] Player (Majky, 76561198275611052)(<2435.960938, 55.353981, 5288.420898>) requested data for lock!
[19:11:54] Player (MADness, 76561198968762750)(<4489.105957, 1.163242, 3118.035645>) requested data for lock!
[19:11:54] Player (MADness, 76561198968762750)(<4450.335449, 6.887537, 3090.050293>) requested data for lock!
[19:12:01] Player (MADness, 76561198968762750)(<3585.483643, 23.219879, 4879.533691>) requested data for lock!
[19:12:27] Player (MADness, 76561198968762750)(<3585.483643, 23.219879, 4879.533691>) requested data for lock!
[19:12:29] Player (MADness, 76561198968762750)(<3276.376465, 34.151474, 4613.831055>) requested data for lock!
[19:12:45] Player (Majky, 76561198275611052)(<3474.218506, 6.642277, 5363.240723>) requested data for lock!
[19:13:08] Player (Majky, 76561198275611052)(<3474.218506, 6.642277, 5363.240723>) requested data for lock!
[19:13:16] Player (Majky, 76561198275611052)(<3411.108643, 12.659751, 5048.064941>) requested data for lock!
[19:13:17] Player (Majky, 76561198275611052)(<3421.042480, 15.097157, 5042.374512>) requested data for lock!
[19:13:59] Player (Majky, 76561198275611052)(<3411.108643, 12.659751, 5048.064941>) requested data for lock!
[19:13:59] Player (Majky, 76561198275611052)(<3421.042480, 15.097157, 5042.374512>) requested data for lock!
[19:14:28] Player (Majky, 76561198275611052)(<4373.662109, 3.838867, 5976.322266>) requested data for lock!
[19:14:28] Player (Majky, 76561198275611052)(<4378.048340, 1.954537, 5968.927246>) requested data for lock!
[19:14:29] Player (Majky, 76561198275611052)(<4379.876953, 2.008279, 5963.796387>) requested data for lock!
[19:14:29] Player (Majky, 76561198275611052)(<4380.106445, 2.076707, 5958.709961>) requested data for lock!
[19:32:52] Player (Rikinoo, 76561198016672415)(<3585.483643, 23.219879, 4879.533691>) requested data for lock!
[19:32:52] Player (Rikinoo, 76561198016672415)(<3276.376465, 34.151474, 4613.831055>) requested data for lock!
[07-04-2022][20.02.43] Log file reloaded ( Server Restart )
[20:04:44] Player (MADness, 76561198968762750)(<4489.105957, 1.163242, 3118.035645>) requested data for lock!
[20:04:45] Player (MADness, 76561198968762750)(<4450.335449, 6.887537, 3090.050293>) requested data for lock!
[20:05:46] Player (MADness, 76561198968762750)(<3585.483643, 23.219879, 4879.533691>) requested data for lock!
[20:06:20] Player (MADness, 76561198968762750)(<3276.376465, 34.151474, 4613.831055>) requested data for lock!
[20:35:03] Player (Majky, 76561198275611052)(<4380.106445, 2.076707, 5958.709961>) requested data for lock!
[20:35:03] Player (Majky, 76561198275611052)(<4379.876953, 2.008279, 5963.796387>) requested data for lock!
[20:35:04] Player (Majky, 76561198275611052)(<4378.048340, 1.954537, 5968.927246>) requested data for lock!
[20:35:04] Player (Majky, 76561198275611052)(<4373.662109, 3.838867, 5976.322266>) requested data for lock!
[20:37:05] Player (Majky, 76561198275611052)(<3474.218506, 6.642277, 5363.240723>) requested data for lock!
[20:38:27] Player (Majky, 76561198275611052)(<3411.108643, 12.659751, 5048.064941>) requested data for lock!
[20:38:28] Player (Majky, 76561198275611052)(<2435.960938, 55.353981, 5288.420898>) requested data for lock!
[20:38:29] Player (Majky, 76561198275611052)(<3421.042480, 15.097157, 5042.374512>) requested data for lock!
[20:38:29] Player (Majky, 76561198275611052)(<2436.508545, 53.178806, 5278.377441>) requested data for lock!
[20:39:45] Player (Majky, 76561198275611052)(<3411.108643, 12.659751, 5048.064941>) requested data for lock!
[20:39:45] Player (Majky, 76561198275611052)(<3421.042480, 15.097157, 5042.374512>) requested data for lock!
[20:39:46] Player (Majky, 76561198275611052)(<3474.218506, 6.642277, 5363.240723>) requested data for lock!
[20:39:55] Player (Majky, 76561198275611052)(<3276.376465, 34.151474, 4613.831055>) requested data for lock!
[20:39:57] Player (Majky, 76561198275611052)(<3585.483643, 23.219879, 4879.533691>) requested data for lock!
[20:41:05] Player (Majky, 76561198275611052)(<4380.106445, 2.076707, 5958.709961>) requested data for lock!
[20:41:05] Player (Majky, 76561198275611052)(<4379.876953, 2.008279, 5963.796387>) requested data for lock!
[20:41:06] Player (Majky, 76561198275611052)(<4378.048340, 1.954537, 5968.927246>) requested data for lock!
[20:41:06] Player (Majky, 76561198275611052)(<4373.662109, 3.838867, 5976.322266>) requested data for lock!
[20:41:45] Player (Majky, 76561198275611052)(<4378.048340, 1.954537, 5968.927246>) requested data for lock!
[20:41:45] Player (Majky, 76561198275611052)(<4373.662109, 3.838867, 5976.322266>) requested data for lock!
[20:47:44] Player (cumtam, 76561199150532361)(<4964.083008, 5.118455, 1414.849365>) requested data for lock!
[20:47:44] Player (cumtam, 76561199150532361)(<4961.266602, 5.789789, 1410.613037>) requested data for lock!
[20:51:58] Player (cumtam, 76561199150532361)(<5704.501465, 4.296862, 3574.349854>) requested data for lock!
[20:51:58] Player (cumtam, 76561199150532361)(<5703.666016, 4.296862, 3579.834473>) requested data for lock!
[22:16:44] Player (Hrab*fonVo*e*prut, 76561198065958810)(<4489.105957, 1.163242, 3118.035645>) requested data for lock!
[22:16:44] Player (Hrab*fonVo*e*prut, 76561198065958810)(<4450.335449, 6.887537, 3090.050293>) requested data for lock!
[22:20:04] Player (MADness, 76561198968762750)(<4489.105957, 1.163242, 3118.035645>) requested data for lock!
[22:20:05] Player (MADness, 76561198968762750)(<4450.335449, 6.887537, 3090.050293>) requested data for lock!
