[08-24-2022][00.02.35] New Synch Log File Created!
[00:08:58] Player (TBW///Miguel, 76561199014246998)(<4964.083008, 5.118455, 1414.849365>) requested data for lock!
[00:08:58] Player (TBW///Miguel, 76561199014246998)(<4961.266602, 5.789789, 1410.613037>) requested data for lock!
[00:08:58] Player (TBW///Miguel, 76561199014246998)(<4784.633301, 32.537643, 967.196533>) requested data for lock!
[00:08:58] Player (TBW///Miguel, 76561199014246998)(<5016.663574, 1.233577, 580.629578>) requested data for lock!
[00:21:48] Player (TBW///Miguel, 76561199014246998)(<3677.487305, 83.300156, 2432.046875>) requested data for lock!
[00:24:31] Player (TBW///Miguel, 76561199014246998)(<3922.433105, 41.602104, 2912.677246>) requested data for lock!
[00:25:21] Player (TBW///Miguel, 76561199014246998)(<4450.335449, 6.887537, 3090.050293>) requested data for lock!
[00:25:32] Player (TBW///Miguel, 76561199014246998)(<4489.105957, 1.163242, 3118.035645>) requested data for lock!
[00:26:27] Player (TBW///Miguel, 76561199014246998)(<4468.587402, 4.298049, 3159.014404>) requested data for lock!
[00:29:18] Player (TBW///Miguel, 76561199014246998)(<3378.214111, 29.675028, 3405.038574>) requested data for lock!
[00:29:19] Player (TBW///Miguel, 76561199014246998)(<3383.022949, 31.461510, 3414.468994>) requested data for lock!
[00:29:20] Player (TBW///Miguel, 76561199014246998)(<3396.460693, 31.416298, 3435.075928>) requested data for lock!
[00:29:22] Player (TBW///Miguel, 76561199014246998)(<3381.419678, 30.414505, 3427.238281>) requested data for lock!
[00:39:52] Player (TBW///Miguel, 76561199014246998)(<3585.483643, 23.219879, 4879.533691>) requested data for lock!
[00:40:07] Player (TBW///Miguel, 76561199014246998)(<3276.376465, 34.151474, 4613.831055>) requested data for lock!
[00:40:14] Player (TBW///Miguel, 76561199014246998)(<3396.460693, 31.416298, 3435.075928>) requested data for lock!
[00:40:18] Player (TBW///Miguel, 76561199014246998)(<3396.460693, 31.416298, 3435.075928>) requested data for lock!
[00:42:12] Player (TBW///Miguel, 76561199014246998)(<3396.460693, 31.416298, 3435.075928>) requested data for lock!
[00:42:15] Player (TBW///Miguel, 76561199014246998)(<3381.419678, 30.414505, 3427.238281>) requested data for lock!
[00:42:16] Player (TBW///Miguel, 76561199014246998)(<3383.022949, 31.461510, 3414.468994>) requested data for lock!
[00:42:22] Player (TBW///Miguel, 76561199014246998)(<3378.214111, 29.675028, 3405.038574>) requested data for lock!
[00:43:04] Player (TBW///Miguel, 76561199014246998)(<3383.022949, 31.461510, 3414.468994>) requested data for lock!
[00:45:48] Player (TBW///Miguel, 76561199014246998)(<3421.042480, 15.097157, 5042.374512>) requested data for lock!
[00:46:01] Player (TBW///Miguel, 76561199014246998)(<3411.108643, 12.659751, 5048.064941>) requested data for lock!
[00:50:00] Player (TBW///Miguel, 76561199014246998)(<4380.106445, 2.076707, 5958.709961>) requested data for lock!
[00:50:01] Player (TBW///Miguel, 76561199014246998)(<4379.876953, 2.008279, 5963.796387>) requested data for lock!
[00:50:04] Player (TBW///Miguel, 76561199014246998)(<4373.662109, 3.838867, 5976.322266>) requested data for lock!
[00:58:07] Player (TBW///Miguel, 76561199014246998)(<2436.508545, 53.178806, 5278.377441>) requested data for lock!
[00:58:07] Player (TBW///Miguel, 76561199014246998)(<2435.960938, 55.353981, 5288.420898>) requested data for lock!
[00:58:08] Player (TBW///Miguel, 76561199014246998)(<3800.382813, 4.546953, 6148.426270>) requested data for lock!
[01:16:26] Player (TBW///Miguel, 76561199014246998)(<3421.042480, 15.097157, 5042.374512>) requested data for lock!
[01:16:26] Player (TBW///Miguel, 76561199014246998)(<3585.483643, 23.219879, 4879.533691>) requested data for lock!
[01:16:26] Player (TBW///Miguel, 76561199014246998)(<3800.382813, 4.546953, 6148.426270>) requested data for lock!
[01:16:26] Player (TBW///Miguel, 76561199014246998)(<3276.376465, 34.151474, 4613.831055>) requested data for lock!
[01:16:26] Player (TBW///Miguel, 76561199014246998)(<3411.108643, 12.659751, 5048.064941>) requested data for lock!
[01:16:26] Player (TBW///Miguel, 76561199014246998)(<2435.960938, 55.353981, 5288.420898>) requested data for lock!
[01:16:26] Player (TBW///Miguel, 76561199014246998)(<2436.508545, 53.178806, 5278.377441>) requested data for lock!
[01:20:26] Player (TBW///Miguel, 76561199014246998)(<3411.108643, 12.659751, 5048.064941>) requested data for lock!
[01:35:04] Player (TBW///Miguel, 76561199014246998)(<3411.108643, 12.659751, 5048.064941>) requested data for lock!
[01:35:07] Player (TBW///Miguel, 76561199014246998)(<3421.042480, 15.097157, 5042.374512>) requested data for lock!
[01:36:08] Player (TBW///Miguel, 76561199014246998)(<3585.483643, 23.219879, 4879.533691>) requested data for lock!
[01:36:12] Player (TBW///Miguel, 76561199014246998)(<3276.376465, 34.151474, 4613.831055>) requested data for lock!
[01:42:06] Player (TBW///Miguel, 76561199014246998)(<3396.460693, 31.416298, 3435.075928>) requested data for lock!
[01:42:25] Player (TBW///Miguel, 76561199014246998)(<3381.419678, 30.414505, 3427.238281>) requested data for lock!
[01:43:27] Player (Agapito, 76561198885302716)(<4468.587402, 4.298049, 3159.014404>) requested data for lock!
[01:43:27] Player (Agapito, 76561198885302716)(<3585.483643, 23.219879, 4879.533691>) requested data for lock!
[01:43:27] Player (Agapito, 76561198885302716)(<3276.376465, 34.151474, 4613.831055>) requested data for lock!
[01:46:27] Player (Agapito, 76561198885302716)(<3396.460693, 31.416298, 3435.075928>) requested data for lock!
[01:46:34] Player (TBW///Miguel, 76561199014246998)(<4468.587402, 4.298049, 3159.014404>) requested data for lock!
[01:46:43] Player (Agapito, 76561198885302716)(<4489.105957, 1.163242, 3118.035645>) requested data for lock!
[01:46:45] Player (TBW///Miguel, 76561199014246998)(<3396.460693, 31.416298, 3435.075928>) requested data for lock!
[01:46:47] Player (TBW///Miguel, 76561199014246998)(<4489.105957, 1.163242, 3118.035645>) requested data for lock!
[01:46:48] Player (Agapito, 76561198885302716)(<4450.335449, 6.887537, 3090.050293>) requested data for lock!
[01:46:48] Player (Agapito, 76561198885302716)(<3396.460693, 31.416298, 3435.075928>) requested data for lock!
[01:46:51] Player (Agapito, 76561198885302716)(<3381.419678, 30.414505, 3427.238281>) requested data for lock!
[01:46:52] Player (Agapito, 76561198885302716)(<3383.022949, 31.461510, 3414.468994>) requested data for lock!
[01:46:57] Player (Agapito, 76561198885302716)(<3378.214111, 29.675028, 3405.038574>) requested data for lock!
[01:47:33] Player (Agapito, 76561198885302716)(<3276.376465, 34.151474, 4613.831055>) requested data for lock!
[01:47:35] Player (Agapito, 76561198885302716)(<3396.460693, 31.416298, 3435.075928>) requested data for lock!
[01:47:46] Player (TBW///Miguel, 76561199014246998)(<3396.460693, 31.416298, 3435.075928>) requested data for lock!
[01:47:49] Player (TBW///Miguel, 76561199014246998)(<3381.419678, 30.414505, 3427.238281>) requested data for lock!
[01:47:50] Player (TBW///Miguel, 76561199014246998)(<3383.022949, 31.461510, 3414.468994>) requested data for lock!
[01:47:59] Player (TBW///Miguel, 76561199014246998)(<3378.214111, 29.675028, 3405.038574>) requested data for lock!
[01:48:38] Player (TBW///Miguel, 76561199014246998)(<3396.460693, 31.416298, 3435.075928>) requested data for lock!
[01:50:06] Player (TBW///Miguel, 76561199014246998)(<3396.460693, 31.416298, 3435.075928>) requested data for lock!
[01:51:22] Player (TBW///Miguel, 76561199014246998)(<3381.419678, 30.414505, 3427.238281>) requested data for lock!
[01:51:23] Player (TBW///Miguel, 76561199014246998)(<3383.022949, 31.461510, 3414.468994>) requested data for lock!
[01:51:47] Player (Agapito, 76561198885302716)(<3396.460693, 31.416298, 3435.075928>) requested data for lock!
[01:53:17] Player (Agapito, 76561198885302716)(<3396.460693, 31.416298, 3435.075928>) requested data for lock!
[01:54:04] Player (TBW///Miguel, 76561199014246998)(<3276.376465, 34.151474, 4613.831055>) requested data for lock!
[01:54:07] Player (TBW///Miguel, 76561199014246998)(<3396.460693, 31.416298, 3435.075928>) requested data for lock!
[01:54:19] Player (Agapito, 76561198885302716)(<3396.460693, 31.416298, 3435.075928>) requested data for lock!
[01:54:37] Player (Agapito, 76561198885302716)(<3396.460693, 31.416298, 3435.075928>) requested data for lock!
[01:55:50] Player (TBW///Miguel, 76561199014246998)(<4450.335449, 6.887537, 3090.050293>) requested data for lock!
[01:56:23] Player (Agapito, 76561198885302716)(<3396.460693, 31.416298, 3435.075928>) requested data for lock!
[01:56:26] Player (Agapito, 76561198885302716)(<3381.419678, 30.414505, 3427.238281>) requested data for lock!
[01:56:49] Player (TBW///Miguel, 76561199014246998)(<3922.433105, 41.602104, 2912.677246>) requested data for lock!
[01:56:57] Player (TBW///Miguel, 76561199014246998)(<3396.460693, 31.416298, 3435.075928>) requested data for lock!
[01:57:04] Player (TBW///Miguel, 76561199014246998)(<3383.022949, 31.461510, 3414.468994>) requested data for lock!
[01:57:05] Player (TBW///Miguel, 76561199014246998)(<3381.419678, 30.414505, 3427.238281>) requested data for lock!
[01:57:05] Player (TBW///Miguel, 76561199014246998)(<3378.214111, 29.675028, 3405.038574>) requested data for lock!
[01:57:57] Player (Agapito, 76561198885302716)(<3396.460693, 31.416298, 3435.075928>) requested data for lock!
[01:58:34] Player (Agapito, 76561198885302716)(<3396.460693, 31.416298, 3435.075928>) requested data for lock!
[02:01:11] Player (Agapito, 76561198885302716)(<3585.483643, 23.219879, 4879.533691>) requested data for lock!
[02:01:11] Player (TBW///Miguel, 76561199014246998)(<3585.483643, 23.219879, 4879.533691>) requested data for lock!
[02:01:19] Player (Agapito, 76561198885302716)(<3276.376465, 34.151474, 4613.831055>) requested data for lock!
[02:01:19] Player (TBW///Miguel, 76561199014246998)(<3276.376465, 34.151474, 4613.831055>) requested data for lock!
[02:01:35] Player (TBW///Miguel, 76561199014246998)(<3421.042480, 15.097157, 5042.374512>) requested data for lock!
[02:01:35] Player (Agapito, 76561198885302716)(<3421.042480, 15.097157, 5042.374512>) requested data for lock!
[02:01:36] Player (TBW///Miguel, 76561199014246998)(<3411.108643, 12.659751, 5048.064941>) requested data for lock!
[02:01:36] Player (Agapito, 76561198885302716)(<3411.108643, 12.659751, 5048.064941>) requested data for lock!
[02:02:56] Player (Agapito, 76561198885302716)(<4380.106445, 2.076707, 5958.709961>) requested data for lock!
[02:02:56] Player (TBW///Miguel, 76561199014246998)(<4380.106445, 2.076707, 5958.709961>) requested data for lock!
[02:02:56] Player (TBW///Miguel, 76561199014246998)(<4379.876953, 2.008279, 5963.796387>) requested data for lock!
[02:02:56] Player (Agapito, 76561198885302716)(<4379.876953, 2.008279, 5963.796387>) requested data for lock!
[02:02:57] Player (Agapito, 76561198885302716)(<4373.662109, 3.838867, 5976.322266>) requested data for lock!
[02:02:57] Player (TBW///Miguel, 76561199014246998)(<4373.662109, 3.838867, 5976.322266>) requested data for lock!
[02:03:42] Player (Agapito, 76561198885302716)(<2436.508545, 53.178806, 5278.377441>) requested data for lock!
[02:03:42] Player (TBW///Miguel, 76561199014246998)(<2436.508545, 53.178806, 5278.377441>) requested data for lock!
[02:03:42] Player (Agapito, 76561198885302716)(<2435.960938, 55.353981, 5288.420898>) requested data for lock!
[02:03:42] Player (TBW///Miguel, 76561199014246998)(<2435.960938, 55.353981, 5288.420898>) requested data for lock!
[02:03:42] Player (TBW///Miguel, 76561199014246998)(<3800.382813, 4.546953, 6148.426270>) requested data for lock!
[02:03:42] Player (Agapito, 76561198885302716)(<3800.382813, 4.546953, 6148.426270>) requested data for lock!
[02:07:22] Player (TBW///Miguel, 76561199014246998)(<3411.108643, 12.659751, 5048.064941>) requested data for lock!
[02:07:22] Player (Agapito, 76561198885302716)(<3411.108643, 12.659751, 5048.064941>) requested data for lock!
[02:07:24] Player (TBW///Miguel, 76561199014246998)(<3421.042480, 15.097157, 5042.374512>) requested data for lock!
[02:07:24] Player (Agapito, 76561198885302716)(<3421.042480, 15.097157, 5042.374512>) requested data for lock!
[02:07:34] Player (Agapito, 76561198885302716)(<3800.382813, 4.546953, 6148.426270>) requested data for lock!
[02:07:34] Player (TBW///Miguel, 76561199014246998)(<3800.382813, 4.546953, 6148.426270>) requested data for lock!
[02:08:54] Player (TBW///Miguel, 76561199014246998)(<4373.662109, 3.838867, 5976.322266>) requested data for lock!
[02:08:55] Player (Agapito, 76561198885302716)(<4373.662109, 3.838867, 5976.322266>) requested data for lock!
[02:08:56] Player (TBW///Miguel, 76561199014246998)(<4379.876953, 2.008279, 5963.796387>) requested data for lock!
[02:08:56] Player (TBW///Miguel, 76561199014246998)(<4380.106445, 2.076707, 5958.709961>) requested data for lock!
[02:08:56] Player (Agapito, 76561198885302716)(<4379.876953, 2.008279, 5963.796387>) requested data for lock!
[02:08:56] Player (Agapito, 76561198885302716)(<4380.106445, 2.076707, 5958.709961>) requested data for lock!
[02:13:52] Player (Agapito, 76561198885302716)(<3800.382813, 4.546953, 6148.426270>) requested data for lock!
[02:13:52] Player (TBW///Miguel, 76561199014246998)(<3800.382813, 4.546953, 6148.426270>) requested data for lock!
[02:49:49] Player (Agapito, 76561198885302716)(<6995.516602, 1.199409, 5130.952148>) requested data for lock!
[02:49:49] Player (TBW///Miguel, 76561199014246998)(<6995.516602, 1.199409, 5130.952148>) requested data for lock!
[02:49:49] Player (TBW///Miguel, 76561199014246998)(<7000.379883, 1.131253, 5129.526855>) requested data for lock!
[02:49:49] Player (Agapito, 76561198885302716)(<7000.379883, 1.131253, 5129.526855>) requested data for lock!
[02:49:49] Player (TBW///Miguel, 76561199014246998)(<7008.073242, 2.844007, 5128.650879>) requested data for lock!
[02:49:49] Player (Agapito, 76561198885302716)(<7008.073242, 2.844007, 5128.650879>) requested data for lock!
[03:10:20] Player (TBW///Miguel, 76561199014246998)(<5703.666016, 4.296862, 3579.834473>) requested data for lock!
[03:10:20] Player (Agapito, 76561198885302716)(<5703.666016, 4.296862, 3579.834473>) requested data for lock!
[03:10:21] Player (TBW///Miguel, 76561199014246998)(<5704.501465, 4.296862, 3574.349854>) requested data for lock!
[03:10:21] Player (Agapito, 76561198885302716)(<5704.501465, 4.296862, 3574.349854>) requested data for lock!
[03:41:16] Player (Agapito, 76561198885302716)(<7008.073242, 2.844007, 5128.650879>) requested data for lock!
[03:41:18] Player (Agapito, 76561198885302716)(<7000.379883, 1.131253, 5129.526855>) requested data for lock!
[03:41:25] Player (Agapito, 76561198885302716)(<6995.516602, 1.199409, 5130.952148>) requested data for lock!
[08-24-2022][04.02.31] Log file reloaded ( Server Restart )
[07:55:08] Player (P@lko2265, 76561198039629108)(<7000.379883, 1.131253, 5129.526855>) requested data for lock!
[07:55:08] Player (P@lko2265, 76561198039629108)(<6995.516602, 1.199409, 5130.952148>) requested data for lock!
[07:55:08] Player (P@lko2265, 76561198039629108)(<7008.073242, 2.844007, 5128.650879>) requested data for lock!
[08-24-2022][08.02.38] Log file reloaded ( Server Restart )
[08:03:38] Player (P@lko2265, 76561198039629108)(<7008.073242, 2.844007, 5128.650879>) requested data for lock!
[08:03:38] Player (P@lko2265, 76561198039629108)(<6995.516602, 1.199409, 5130.952148>) requested data for lock!
[08:03:38] Player (P@lko2265, 76561198039629108)(<7000.379883, 1.131253, 5129.526855>) requested data for lock!
[08:08:27] Player (P@lko2265, 76561198039629108)(<4379.876953, 2.008279, 5963.796387>) requested data for lock!
[08:08:27] Player (P@lko2265, 76561198039629108)(<4373.662109, 3.838867, 5976.322266>) requested data for lock!
[08:08:28] Player (P@lko2265, 76561198039629108)(<4380.106445, 2.076707, 5958.709961>) requested data for lock!
[08:09:02] Player (P@lko2265, 76561198039629108)(<3800.382813, 4.546953, 6148.426270>) requested data for lock!
[08:58:13] Player (P@lko2265, 76561198039629108)(<3800.382813, 4.546953, 6148.426270>) requested data for lock!
[08:58:15] Player (P@lko2265, 76561198039629108)(<4379.876953, 2.008279, 5963.796387>) requested data for lock!
[08:58:15] Player (P@lko2265, 76561198039629108)(<4373.662109, 3.838867, 5976.322266>) requested data for lock!
[08:58:15] Player (P@lko2265, 76561198039629108)(<4380.106445, 2.076707, 5958.709961>) requested data for lock!
[09:01:21] Player (P@lko2265, 76561198039629108)(<3585.483643, 23.219879, 4879.533691>) requested data for lock!
[09:01:25] Player (P@lko2265, 76561198039629108)(<3421.042480, 15.097157, 5042.374512>) requested data for lock!
[09:01:25] Player (P@lko2265, 76561198039629108)(<3411.108643, 12.659751, 5048.064941>) requested data for lock!
[09:01:49] Player (P@lko2265, 76561198039629108)(<3276.376465, 34.151474, 4613.831055>) requested data for lock!
[09:03:00] Player (P@lko2265, 76561198039629108)(<4373.662109, 3.838867, 5976.322266>) requested data for lock!
[09:07:36] Player (P@lko2265, 76561198039629108)(<4468.587402, 4.298049, 3159.014404>) requested data for lock!
[09:09:36] Player (P@lko2265, 76561198039629108)(<3276.376465, 34.151474, 4613.831055>) requested data for lock!
[09:10:01] Player (P@lko2265, 76561198039629108)(<3396.460693, 31.416298, 3435.075928>) requested data for lock!
[09:10:03] Player (P@lko2265, 76561198039629108)(<3381.419678, 30.414505, 3427.238281>) requested data for lock!
[09:10:04] Player (P@lko2265, 76561198039629108)(<3383.022949, 31.461510, 3414.468994>) requested data for lock!
[09:10:06] Player (P@lko2265, 76561198039629108)(<3378.214111, 29.675028, 3405.038574>) requested data for lock!
[09:15:40] Player (P@lko2265, 76561198039629108)(<3421.042480, 15.097157, 5042.374512>) requested data for lock!
[09:15:40] Player (P@lko2265, 76561198039629108)(<3411.108643, 12.659751, 5048.064941>) requested data for lock!
[09:16:17] Player (P@lko2265, 76561198039629108)(<4380.106445, 2.076707, 5958.709961>) requested data for lock!
[09:16:17] Player (P@lko2265, 76561198039629108)(<4379.876953, 2.008279, 5963.796387>) requested data for lock!
[09:16:18] Player (P@lko2265, 76561198039629108)(<4373.662109, 3.838867, 5976.322266>) requested data for lock!
[09:16:29] Player (P@lko2265, 76561198039629108)(<3800.382813, 4.546953, 6148.426270>) requested data for lock!
[08-24-2022][09.38.30] Log file reloaded ( Server Restart )
[09:40:45] Player (MADness, 76561198968762750)(<3381.419678, 30.414505, 3427.238281>) requested data for lock!
[09:40:45] Player (MADness, 76561198968762750)(<3383.022949, 31.461510, 3414.468994>) requested data for lock!
[09:40:45] Player (MADness, 76561198968762750)(<3378.214111, 29.675028, 3405.038574>) requested data for lock!
[09:40:45] Player (MADness, 76561198968762750)(<3276.376465, 34.151474, 4613.831055>) requested data for lock!
[09:40:45] Player (MADness, 76561198968762750)(<3396.460693, 31.416298, 3435.075928>) requested data for lock!
[09:40:45] Player (MADness, 76561198968762750)(<3585.483643, 23.219879, 4879.533691>) requested data for lock!
[09:40:45] Player (MADness, 76561198968762750)(<4468.587402, 4.298049, 3159.014404>) requested data for lock!
[09:40:45] Player (MADness, 76561198968762750)(<4489.105957, 1.163242, 3118.035645>) requested data for lock!
[08-24-2022][10.07.11] Log file reloaded ( Server Restart )
[08-24-2022][12.02.26] Log file reloaded ( Server Restart )
[14:07:34] Player (Olmik, 76561198083155799)(<8940.941406, 11.078473, 7995.913574>) requested data for lock!
[14:36:08] Player (Olmik, 76561198083155799)(<4373.662109, 3.838867, 5976.322266>) requested data for lock!
[14:36:11] Player (Olmik, 76561198083155799)(<4379.876953, 2.008279, 5963.796387>) requested data for lock!
[14:36:13] Player (Olmik, 76561198083155799)(<4380.106445, 2.076707, 5958.709961>) requested data for lock!
[14:36:18] Player (Olmik, 76561198083155799)(<3800.382813, 4.546953, 6148.426270>) requested data for lock!
[15:08:45] Player (Olmik, 76561198083155799)(<4373.662109, 3.838867, 5976.322266>) requested data for lock!
[15:08:48] Player (Olmik, 76561198083155799)(<4379.876953, 2.008279, 5963.796387>) requested data for lock!
[15:08:49] Player (Olmik, 76561198083155799)(<4380.106445, 2.076707, 5958.709961>) requested data for lock!
[15:10:27] Player (Olmik, 76561198083155799)(<2435.960938, 55.353981, 5288.420898>) requested data for lock!
[15:10:29] Player (Olmik, 76561198083155799)(<2436.508545, 53.178806, 5278.377441>) requested data for lock!
[15:20:08] Player (Olmik, 76561198083155799)(<3411.108643, 12.659751, 5048.064941>) requested data for lock!
[15:20:10] Player (Olmik, 76561198083155799)(<3421.042480, 15.097157, 5042.374512>) requested data for lock!
[15:20:36] Player (Olmik, 76561198083155799)(<3276.376465, 34.151474, 4613.831055>) requested data for lock!
[15:20:49] Player (Olmik, 76561198083155799)(<3585.483643, 23.219879, 4879.533691>) requested data for lock!
[15:25:23] Player (Olmik, 76561198083155799)(<2436.508545, 53.178806, 5278.377441>) requested data for lock!
[15:25:25] Player (Olmik, 76561198083155799)(<2435.960938, 55.353981, 5288.420898>) requested data for lock!
[15:31:33] Player (Olmik, 76561198083155799)(<3396.460693, 31.416298, 3435.075928>) requested data for lock!
[15:31:37] Player (Olmik, 76561198083155799)(<3381.419678, 30.414505, 3427.238281>) requested data for lock!
[15:31:41] Player (Olmik, 76561198083155799)(<3383.022949, 31.461510, 3414.468994>) requested data for lock!
[15:31:44] Player (Olmik, 76561198083155799)(<3378.214111, 29.675028, 3405.038574>) requested data for lock!
[15:33:19] Player ([Chill] Rehy_CZ, 76561198292022430)(<3383.022949, 31.461510, 3414.468994>) requested data for lock!
[15:33:19] Player ([Chill] Rehy_CZ, 76561198292022430)(<3381.419678, 30.414505, 3427.238281>) requested data for lock!
[15:33:19] Player ([Chill] Rehy_CZ, 76561198292022430)(<3276.376465, 34.151474, 4613.831055>) requested data for lock!
[15:33:19] Player ([Chill] Rehy_CZ, 76561198292022430)(<3922.433105, 41.602104, 2912.677246>) requested data for lock!
[15:33:19] Player ([Chill] Rehy_CZ, 76561198292022430)(<4450.335449, 6.887537, 3090.050293>) requested data for lock!
[15:33:19] Player ([Chill] Rehy_CZ, 76561198292022430)(<4468.587402, 4.298049, 3159.014404>) requested data for lock!
[15:33:19] Player ([Chill] Rehy_CZ, 76561198292022430)(<4489.105957, 1.163242, 3118.035645>) requested data for lock!
[15:33:19] Player ([Chill] Rehy_CZ, 76561198292022430)(<3378.214111, 29.675028, 3405.038574>) requested data for lock!
[15:33:19] Player ([Chill] Rehy_CZ, 76561198292022430)(<3396.460693, 31.416298, 3435.075928>) requested data for lock!
[15:34:33] Player ([Chill] Rehy_CZ, 76561198292022430)(<3585.483643, 23.219879, 4879.533691>) requested data for lock!
[15:34:42] Player (Olmik, 76561198083155799)(<3411.108643, 12.659751, 5048.064941>) requested data for lock!
[15:35:37] Player ([Chill] Rehy_CZ, 76561198292022430)(<3276.376465, 34.151474, 4613.831055>) requested data for lock!
[15:35:41] Player (Olmik, 76561198083155799)(<4468.587402, 4.298049, 3159.014404>) requested data for lock!
[15:35:58] Player ([Chill] Rehy_CZ, 76561198292022430)(<3396.460693, 31.416298, 3435.075928>) requested data for lock!
[15:36:10] Player (Olmik, 76561198083155799)(<3396.460693, 31.416298, 3435.075928>) requested data for lock!
[15:36:18] Player ([Chill] Rehy_CZ, 76561198292022430)(<3381.419678, 30.414505, 3427.238281>) requested data for lock!
[15:36:19] Player ([Chill] Rehy_CZ, 76561198292022430)(<3383.022949, 31.461510, 3414.468994>) requested data for lock!
[15:36:38] Player ([Chill] Rehy_CZ, 76561198292022430)(<3378.214111, 29.675028, 3405.038574>) requested data for lock!
[15:37:23] Player ([Chill] Rehy_CZ, 76561198292022430)(<3396.460693, 31.416298, 3435.075928>) requested data for lock!
[15:37:26] Player ([Chill] Rehy_CZ, 76561198292022430)(<3381.419678, 30.414505, 3427.238281>) requested data for lock!
[15:37:27] Player ([Chill] Rehy_CZ, 76561198292022430)(<3383.022949, 31.461510, 3414.468994>) requested data for lock!
[15:37:28] Player ([Chill] Rehy_CZ, 76561198292022430)(<3378.214111, 29.675028, 3405.038574>) requested data for lock!
[15:37:47] Player ([Chill] Rehy_CZ, 76561198292022430)(<3276.376465, 34.151474, 4613.831055>) requested data for lock!
[15:37:53] Player ([Chill] Rehy_CZ, 76561198292022430)(<3396.460693, 31.416298, 3435.075928>) requested data for lock!
[15:37:56] Player ([Chill] Rehy_CZ, 76561198292022430)(<3381.419678, 30.414505, 3427.238281>) requested data for lock!
[15:37:57] Player ([Chill] Rehy_CZ, 76561198292022430)(<3383.022949, 31.461510, 3414.468994>) requested data for lock!
[15:38:35] Player (Olmik, 76561198083155799)(<3381.419678, 30.414505, 3427.238281>) requested data for lock!
[15:38:39] Player (Olmik, 76561198083155799)(<3383.022949, 31.461510, 3414.468994>) requested data for lock!
[15:38:53] Player (Olmik, 76561198083155799)(<3378.214111, 29.675028, 3405.038574>) requested data for lock!
[15:39:00] Player ([Chill] Rehy_CZ, 76561198292022430)(<3396.460693, 31.416298, 3435.075928>) requested data for lock!
[15:39:05] Player ([Chill] Rehy_CZ, 76561198292022430)(<3381.419678, 30.414505, 3427.238281>) requested data for lock!
[15:39:06] Player ([Chill] Rehy_CZ, 76561198292022430)(<3383.022949, 31.461510, 3414.468994>) requested data for lock!
[15:39:08] Player ([Chill] Rehy_CZ, 76561198292022430)(<3378.214111, 29.675028, 3405.038574>) requested data for lock!
[15:39:18] Player ([Chill] Rehy_CZ, 76561198292022430)(<3276.376465, 34.151474, 4613.831055>) requested data for lock!
[15:39:51] Player ([Chill] Rehy_CZ, 76561198292022430)(<3922.433105, 41.602104, 2912.677246>) requested data for lock!
[15:40:40] Player (Olmik, 76561198083155799)(<3276.376465, 34.151474, 4613.831055>) requested data for lock!
[15:40:43] Player (Olmik, 76561198083155799)(<3396.460693, 31.416298, 3435.075928>) requested data for lock!
[15:40:45] Player (Olmik, 76561198083155799)(<4489.105957, 1.163242, 3118.035645>) requested data for lock!
[15:42:22] Player ([Chill] Rehy_CZ, 76561198292022430)(<3677.487305, 83.300156, 2432.046875>) requested data for lock!
[08-24-2022][16.02.24] Log file reloaded ( Server Restart )
[17:56:16] Player (MADness, 76561198968762750)(<3378.214111, 29.675028, 3405.038574>) requested data for lock!
[17:56:16] Player (MADness, 76561198968762750)(<3383.022949, 31.461510, 3414.468994>) requested data for lock!
[17:56:16] Player (MADness, 76561198968762750)(<3396.460693, 31.416298, 3435.075928>) requested data for lock!
[17:56:16] Player (MADness, 76561198968762750)(<3381.419678, 30.414505, 3427.238281>) requested data for lock!
[17:56:16] Player (MADness, 76561198968762750)(<4489.105957, 1.163242, 3118.035645>) requested data for lock!
[17:56:16] Player (MADness, 76561198968762750)(<4468.587402, 4.298049, 3159.014404>) requested data for lock!
[17:56:16] Player (MADness, 76561198968762750)(<3585.483643, 23.219879, 4879.533691>) requested data for lock!
[17:56:16] Player (MADness, 76561198968762750)(<3276.376465, 34.151474, 4613.831055>) requested data for lock!
[17:58:41] Player (MADness, 76561198968762750)(<3421.042480, 15.097157, 5042.374512>) requested data for lock!
[17:58:42] Player (MADness, 76561198968762750)(<3411.108643, 12.659751, 5048.064941>) requested data for lock!
[18:07:14] Player (MADness, 76561198968762750)(<3378.214111, 29.675028, 3405.038574>) requested data for lock!
[18:07:14] Player (MADness, 76561198968762750)(<3383.022949, 31.461510, 3414.468994>) requested data for lock!
[18:07:15] Player (MADness, 76561198968762750)(<3396.460693, 31.416298, 3435.075928>) requested data for lock!
[18:07:15] Player (MADness, 76561198968762750)(<3381.419678, 30.414505, 3427.238281>) requested data for lock!
[18:07:16] Player (MADness, 76561198968762750)(<4468.587402, 4.298049, 3159.014404>) requested data for lock!
[18:07:21] Player (MADness, 76561198968762750)(<3585.483643, 23.219879, 4879.533691>) requested data for lock!
[18:07:21] Player (MADness, 76561198968762750)(<3276.376465, 34.151474, 4613.831055>) requested data for lock!
[18:14:22] Player (MADness, 76561198968762750)(<3381.419678, 30.414505, 3427.238281>) requested data for lock!
[18:14:22] Player (MADness, 76561198968762750)(<3383.022949, 31.461510, 3414.468994>) requested data for lock!
[18:14:24] Player (MADness, 76561198968762750)(<4489.105957, 1.163242, 3118.035645>) requested data for lock!
[18:14:24] Player (MADness, 76561198968762750)(<3378.214111, 29.675028, 3405.038574>) requested data for lock!
[18:16:55] Player (MADness, 76561198968762750)(<3396.460693, 31.416298, 3435.075928>) requested data for lock!
[08-24-2022][18.56.00] Log file reloaded ( Server Restart )
[18:57:48] Player ([R.E.D] DoDgY, 76561197971239971)(<7000.379883, 1.131253, 5129.526855>) requested data for lock!
[18:57:48] Player ([R.E.D] DoDgY, 76561197971239971)(<7008.073242, 2.844007, 5128.650879>) requested data for lock!
[18:57:48] Player ([R.E.D] DoDgY, 76561197971239971)(<6995.516602, 1.199409, 5130.952148>) requested data for lock!
[19:01:30] Player (Banderas, 76561198119830266)(<3411.108643, 12.659751, 5048.064941>) requested data for lock!
[19:01:30] Player (Banderas, 76561198119830266)(<3421.042480, 15.097157, 5042.374512>) requested data for lock!
[19:01:30] Player (Banderas, 76561198119830266)(<3276.376465, 34.151474, 4613.831055>) requested data for lock!
[19:01:30] Player (Banderas, 76561198119830266)(<3585.483643, 23.219879, 4879.533691>) requested data for lock!
[19:01:30] Player (Banderas, 76561198119830266)(<3381.419678, 30.414505, 3427.238281>) requested data for lock!
[19:01:30] Player (Banderas, 76561198119830266)(<3396.460693, 31.416298, 3435.075928>) requested data for lock!
[19:01:30] Player (Banderas, 76561198119830266)(<3378.214111, 29.675028, 3405.038574>) requested data for lock!
[19:01:30] Player (Banderas, 76561198119830266)(<3383.022949, 31.461510, 3414.468994>) requested data for lock!
[19:04:20] Player ([Chill] Rehy_CZ, 76561198292022430)(<3381.419678, 30.414505, 3427.238281>) requested data for lock!
[19:04:20] Player ([Chill] Rehy_CZ, 76561198292022430)(<3396.460693, 31.416298, 3435.075928>) requested data for lock!
[19:04:20] Player ([Chill] Rehy_CZ, 76561198292022430)(<3378.214111, 29.675028, 3405.038574>) requested data for lock!
[19:04:20] Player ([Chill] Rehy_CZ, 76561198292022430)(<3383.022949, 31.461510, 3414.468994>) requested data for lock!
[19:04:20] Player ([Chill] Rehy_CZ, 76561198292022430)(<3922.433105, 41.602104, 2912.677246>) requested data for lock!
[19:04:20] Player ([Chill] Rehy_CZ, 76561198292022430)(<3677.487305, 83.300156, 2432.046875>) requested data for lock!
[19:09:18] Player (Loomio, 76561198122836148)(<4468.587402, 4.298049, 3159.014404>) requested data for lock!
[19:09:18] Player (Loomio, 76561198122836148)(<3922.433105, 41.602104, 2912.677246>) requested data for lock!
[19:09:18] Player (Loomio, 76561198122836148)(<4489.105957, 1.163242, 3118.035645>) requested data for lock!
[19:09:18] Player (Loomio, 76561198122836148)(<4450.335449, 6.887537, 3090.050293>) requested data for lock!
[19:09:18] Player (Loomio, 76561198122836148)(<3677.487305, 83.300156, 2432.046875>) requested data for lock!
[19:10:25] Player (Loomio, 76561198122836148)(<3396.460693, 31.416298, 3435.075928>) requested data for lock!
[19:10:35] Player (Loomio, 76561198122836148)(<3383.022949, 31.461510, 3414.468994>) requested data for lock!
[19:10:37] Player (Loomio, 76561198122836148)(<3381.419678, 30.414505, 3427.238281>) requested data for lock!
[19:10:37] Player (Loomio, 76561198122836148)(<3378.214111, 29.675028, 3405.038574>) requested data for lock!
[19:11:08] Player (Banderas, 76561198119830266)(<3381.419678, 30.414505, 3427.238281>) requested data for lock!
[19:11:10] Player (Banderas, 76561198119830266)(<3396.460693, 31.416298, 3435.075928>) requested data for lock!
[19:11:10] Player (Banderas, 76561198119830266)(<3378.214111, 29.675028, 3405.038574>) requested data for lock!
[19:11:10] Player (Banderas, 76561198119830266)(<3383.022949, 31.461510, 3414.468994>) requested data for lock!
[19:11:11] Player (Banderas, 76561198119830266)(<3411.108643, 12.659751, 5048.064941>) requested data for lock!
[19:11:11] Player (Banderas, 76561198119830266)(<3421.042480, 15.097157, 5042.374512>) requested data for lock!
[19:11:11] Player (Banderas, 76561198119830266)(<3276.376465, 34.151474, 4613.831055>) requested data for lock!
[19:11:11] Player (Banderas, 76561198119830266)(<3585.483643, 23.219879, 4879.533691>) requested data for lock!
[19:12:58] Player (Loomio, 76561198122836148)(<3677.487305, 83.300156, 2432.046875>) requested data for lock!
[19:15:54] Player (Loomio, 76561198122836148)(<3396.460693, 31.416298, 3435.075928>) requested data for lock!
[19:15:55] Player (Loomio, 76561198122836148)(<3383.022949, 31.461510, 3414.468994>) requested data for lock!
[19:15:55] Player (Loomio, 76561198122836148)(<3381.419678, 30.414505, 3427.238281>) requested data for lock!
[19:15:56] Player (Loomio, 76561198122836148)(<3378.214111, 29.675028, 3405.038574>) requested data for lock!
[19:16:46] Player (Loomio, 76561198122836148)(<3585.483643, 23.219879, 4879.533691>) requested data for lock!
[19:16:54] Player (Loomio, 76561198122836148)(<3276.376465, 34.151474, 4613.831055>) requested data for lock!
[19:17:02] Player (Loomio, 76561198122836148)(<3421.042480, 15.097157, 5042.374512>) requested data for lock!
[19:17:03] Player (Loomio, 76561198122836148)(<3411.108643, 12.659751, 5048.064941>) requested data for lock!
[19:18:31] Player (Banderas, 76561198119830266)(<2436.508545, 53.178806, 5278.377441>) requested data for lock!
[19:18:39] Player (Banderas, 76561198119830266)(<2435.960938, 55.353981, 5288.420898>) requested data for lock!
[19:20:01] Player ([Chill] Rehy_CZ, 76561198292022430)(<3378.214111, 29.675028, 3405.038574>) requested data for lock!
[19:20:05] Player (Loomio, 76561198122836148)(<2436.508545, 53.178806, 5278.377441>) requested data for lock!
[19:20:05] Player (Loomio, 76561198122836148)(<2435.960938, 55.353981, 5288.420898>) requested data for lock!
[19:29:25] Player (Loomio, 76561198122836148)(<4468.587402, 4.298049, 3159.014404>) requested data for lock!
[19:29:28] Player (Loomio, 76561198122836148)(<4489.105957, 1.163242, 3118.035645>) requested data for lock!
[19:29:31] Player (Loomio, 76561198122836148)(<4450.335449, 6.887537, 3090.050293>) requested data for lock!
[19:29:45] Player (Loomio, 76561198122836148)(<3922.433105, 41.602104, 2912.677246>) requested data for lock!
[19:29:48] Player (Loomio, 76561198122836148)(<3396.460693, 31.416298, 3435.075928>) requested data for lock!
[19:29:48] Player (Banderas, 76561198119830266)(<8940.941406, 11.078473, 7995.913574>) requested data for lock!
[19:29:51] Player (Loomio, 76561198122836148)(<3383.022949, 31.461510, 3414.468994>) requested data for lock!
[19:29:51] Player (Loomio, 76561198122836148)(<3381.419678, 30.414505, 3427.238281>) requested data for lock!
[19:30:39] Player (Loomio, 76561198122836148)(<3677.487305, 83.300156, 2432.046875>) requested data for lock!
[19:46:20] Player (MADness, 76561198968762750)(<4468.587402, 4.298049, 3159.014404>) requested data for lock!
[19:46:20] Player (MADness, 76561198968762750)(<3396.460693, 31.416298, 3435.075928>) requested data for lock!
[19:46:22] Player (MADness, 76561198968762750)(<3276.376465, 34.151474, 4613.831055>) requested data for lock!
[19:46:22] Player (MADness, 76561198968762750)(<3585.483643, 23.219879, 4879.533691>) requested data for lock!
[19:48:07] Player (MADness, 76561198968762750)(<3381.419678, 30.414505, 3427.238281>) requested data for lock!
[19:48:08] Player (MADness, 76561198968762750)(<3383.022949, 31.461510, 3414.468994>) requested data for lock!
[19:48:48] Player (Loomio, 76561198122836148)(<3396.460693, 31.416298, 3435.075928>) requested data for lock!
[08-24-2022][20.02.33] Log file reloaded ( Server Restart )
[20:21:37] Player (Loomio, 76561198122836148)(<3922.433105, 41.602104, 2912.677246>) requested data for lock!
[20:21:38] Player (Loomio, 76561198122836148)(<4450.335449, 6.887537, 3090.050293>) requested data for lock!
[20:21:40] Player (Loomio, 76561198122836148)(<3677.487305, 83.300156, 2432.046875>) requested data for lock!
[20:21:40] Player (Loomio, 76561198122836148)(<4489.105957, 1.163242, 3118.035645>) requested data for lock!
[20:21:40] Player (Loomio, 76561198122836148)(<4468.587402, 4.298049, 3159.014404>) requested data for lock!
[21:11:58] Player (MADness, 76561198968762750)(<3585.483643, 23.219879, 4879.533691>) requested data for lock!
[21:11:58] Player (MADness, 76561198968762750)(<3276.376465, 34.151474, 4613.831055>) requested data for lock!
[21:11:58] Player (MADness, 76561198968762750)(<4468.587402, 4.298049, 3159.014404>) requested data for lock!
[21:27:35] Player (Loomio, 76561198122836148)(<3922.433105, 41.602104, 2912.677246>) requested data for lock!
[21:27:35] Player (Loomio, 76561198122836148)(<4450.335449, 6.887537, 3090.050293>) requested data for lock!
[21:27:35] Player (Loomio, 76561198122836148)(<3677.487305, 83.300156, 2432.046875>) requested data for lock!
[21:27:35] Player (Loomio, 76561198122836148)(<4489.105957, 1.163242, 3118.035645>) requested data for lock!
[21:27:35] Player (Loomio, 76561198122836148)(<4468.587402, 4.298049, 3159.014404>) requested data for lock!
[21:29:00] Player (Loomio, 76561198122836148)(<3396.460693, 31.416298, 3435.075928>) requested data for lock!
[21:29:02] Player (Loomio, 76561198122836148)(<3383.022949, 31.461510, 3414.468994>) requested data for lock!
[21:29:02] Player (Loomio, 76561198122836148)(<3381.419678, 30.414505, 3427.238281>) requested data for lock!
[21:29:45] Player (Loomio, 76561198122836148)(<3585.483643, 23.219879, 4879.533691>) requested data for lock!
[21:29:51] Player (Loomio, 76561198122836148)(<3276.376465, 34.151474, 4613.831055>) requested data for lock!
[21:29:58] Player (Loomio, 76561198122836148)(<3421.042480, 15.097157, 5042.374512>) requested data for lock!
[21:29:59] Player (Loomio, 76561198122836148)(<3411.108643, 12.659751, 5048.064941>) requested data for lock!
[21:31:14] Player (Loomio, 76561198122836148)(<2436.508545, 53.178806, 5278.377441>) requested data for lock!
[21:31:14] Player (Loomio, 76561198122836148)(<2435.960938, 55.353981, 5288.420898>) requested data for lock!
[21:39:39] Player (Loomio, 76561198122836148)(<4468.587402, 4.298049, 3159.014404>) requested data for lock!
[21:40:45] Player (Loomio, 76561198122836148)(<3396.460693, 31.416298, 3435.075928>) requested data for lock!
[21:43:09] Player (Loomio, 76561198122836148)(<3396.460693, 31.416298, 3435.075928>) requested data for lock!
[21:43:32] Player (Loomio, 76561198122836148)(<3381.419678, 30.414505, 3427.238281>) requested data for lock!
[21:43:33] Player (Loomio, 76561198122836148)(<3383.022949, 31.461510, 3414.468994>) requested data for lock!
[21:44:01] Player (Loomio, 76561198122836148)(<3396.460693, 31.416298, 3435.075928>) requested data for lock!
[21:45:47] Player (Loomio, 76561198122836148)(<3276.376465, 34.151474, 4613.831055>) requested data for lock!
[21:45:54] Player (Loomio, 76561198122836148)(<3396.460693, 31.416298, 3435.075928>) requested data for lock!
[21:45:57] Player (Loomio, 76561198122836148)(<3381.419678, 30.414505, 3427.238281>) requested data for lock!
[21:45:58] Player (Loomio, 76561198122836148)(<3383.022949, 31.461510, 3414.468994>) requested data for lock!
[21:51:22] Player (Loomio, 76561198122836148)(<3396.460693, 31.416298, 3435.075928>) requested data for lock!
[21:53:49] Player (Loomio, 76561198122836148)(<3396.460693, 31.416298, 3435.075928>) requested data for lock!
[21:53:52] Player (Loomio, 76561198122836148)(<3381.419678, 30.414505, 3427.238281>) requested data for lock!
[21:53:54] Player (Loomio, 76561198122836148)(<3383.022949, 31.461510, 3414.468994>) requested data for lock!
[21:54:14] Player (Loomio, 76561198122836148)(<4489.105957, 1.163242, 3118.035645>) requested data for lock!
[21:54:21] Player (Loomio, 76561198122836148)(<4450.335449, 6.887537, 3090.050293>) requested data for lock!
[21:55:01] Player (Loomio, 76561198122836148)(<3922.433105, 41.602104, 2912.677246>) requested data for lock!
[21:55:10] Player (MADness, 76561198968762750)(<3411.108643, 12.659751, 5048.064941>) requested data for lock!
[21:55:10] Player (MADness, 76561198968762750)(<3421.042480, 15.097157, 5042.374512>) requested data for lock!
[21:55:10] Player (MADness, 76561198968762750)(<3585.483643, 23.219879, 4879.533691>) requested data for lock!
[21:55:11] Player (MADness, 76561198968762750)(<2436.508545, 53.178806, 5278.377441>) requested data for lock!
[21:55:11] Player (MADness, 76561198968762750)(<2435.960938, 55.353981, 5288.420898>) requested data for lock!
[21:55:13] Player (MADness, 76561198968762750)(<3276.376465, 34.151474, 4613.831055>) requested data for lock!
[21:56:40] Player (MADness, 76561198968762750)(<3396.460693, 31.416298, 3435.075928>) requested data for lock!
[21:56:41] Player (MADness, 76561198968762750)(<3381.419678, 30.414505, 3427.238281>) requested data for lock!
[21:56:44] Player (MADness, 76561198968762750)(<3383.022949, 31.461510, 3414.468994>) requested data for lock!
[21:57:21] Player (MADness, 76561198968762750)(<2436.508545, 53.178806, 5278.377441>) requested data for lock!
[21:57:21] Player (MADness, 76561198968762750)(<2435.960938, 55.353981, 5288.420898>) requested data for lock!
[21:57:36] Player (MADness, 76561198968762750)(<3922.433105, 41.602104, 2912.677246>) requested data for lock!
[21:57:37] Player (MADness, 76561198968762750)(<4450.335449, 6.887537, 3090.050293>) requested data for lock!
[21:57:39] Player (MADness, 76561198968762750)(<4489.105957, 1.163242, 3118.035645>) requested data for lock!
[21:57:40] Player (MADness, 76561198968762750)(<4468.587402, 4.298049, 3159.014404>) requested data for lock!
[21:58:22] Player (MADness, 76561198968762750)(<3677.487305, 83.300156, 2432.046875>) requested data for lock!
[21:59:45] Player (MADness, 76561198968762750)(<3585.483643, 23.219879, 4879.533691>) requested data for lock!
[21:59:45] Player (MADness, 76561198968762750)(<3383.022949, 31.461510, 3414.468994>) requested data for lock!
[21:59:45] Player (MADness, 76561198968762750)(<3381.419678, 30.414505, 3427.238281>) requested data for lock!
[21:59:46] Player (MADness, 76561198968762750)(<3396.460693, 31.416298, 3435.075928>) requested data for lock!
[21:59:47] Player (MADness, 76561198968762750)(<3276.376465, 34.151474, 4613.831055>) requested data for lock!
[22:01:22] Player (Loomio, 76561198122836148)(<4489.105957, 1.163242, 3118.035645>) requested data for lock!
[22:01:25] Player (Loomio, 76561198122836148)(<4450.335449, 6.887537, 3090.050293>) requested data for lock!
[22:01:36] Player (MADness, 76561198968762750)(<3396.460693, 31.416298, 3435.075928>) requested data for lock!
[22:01:38] Player (Loomio, 76561198122836148)(<3922.433105, 41.602104, 2912.677246>) requested data for lock!
[22:02:05] Player (martyCZ, 76561198873247465)(<6995.516602, 1.199409, 5130.952148>) requested data for lock!
[22:02:05] Player (martyCZ, 76561198873247465)(<7000.379883, 1.131253, 5129.526855>) requested data for lock!
[22:02:05] Player (martyCZ, 76561198873247465)(<7008.073242, 2.844007, 5128.650879>) requested data for lock!
[22:03:01] Player (Loomio, 76561198122836148)(<3677.487305, 83.300156, 2432.046875>) requested data for lock!
[22:04:49] Player (martyCZ, 76561198873247465)(<4380.106445, 2.076707, 5958.709961>) requested data for lock!
[22:04:49] Player (martyCZ, 76561198873247465)(<4379.876953, 2.008279, 5963.796387>) requested data for lock!
[22:04:50] Player (martyCZ, 76561198873247465)(<4373.662109, 3.838867, 5976.322266>) requested data for lock!
[22:05:08] Player (Loomio, 76561198122836148)(<3396.460693, 31.416298, 3435.075928>) requested data for lock!
[22:05:35] Player (Loomio, 76561198122836148)(<3383.022949, 31.461510, 3414.468994>) requested data for lock!
[22:05:36] Player (Loomio, 76561198122836148)(<3381.419678, 30.414505, 3427.238281>) requested data for lock!
[22:06:44] Player (martyCZ, 76561198873247465)(<3800.382813, 4.546953, 6148.426270>) requested data for lock!
[22:09:00] Player (Loomio, 76561198122836148)(<3677.487305, 83.300156, 2432.046875>) requested data for lock!
[22:10:25] Player (Loomio, 76561198122836148)(<3396.460693, 31.416298, 3435.075928>) requested data for lock!
[22:10:27] Player (Loomio, 76561198122836148)(<3383.022949, 31.461510, 3414.468994>) requested data for lock!
[22:10:28] Player (Loomio, 76561198122836148)(<3381.419678, 30.414505, 3427.238281>) requested data for lock!
[22:12:08] Player (martyCZ, 76561198873247465)(<3411.108643, 12.659751, 5048.064941>) requested data for lock!
[22:12:08] Player (martyCZ, 76561198873247465)(<2435.960938, 55.353981, 5288.420898>) requested data for lock!
[22:12:09] Player (martyCZ, 76561198873247465)(<2436.508545, 53.178806, 5278.377441>) requested data for lock!
[22:12:09] Player (martyCZ, 76561198873247465)(<3421.042480, 15.097157, 5042.374512>) requested data for lock!
[22:14:49] Player (martyCZ, 76561198873247465)(<3411.108643, 12.659751, 5048.064941>) requested data for lock!
[22:14:51] Player (martyCZ, 76561198873247465)(<3421.042480, 15.097157, 5042.374512>) requested data for lock!
[22:14:54] Player (martyCZ, 76561198873247465)(<3276.376465, 34.151474, 4613.831055>) requested data for lock!
[22:15:33] Player (martyCZ, 76561198873247465)(<3585.483643, 23.219879, 4879.533691>) requested data for lock!
[22:16:20] Player (Loomio, 76561198122836148)(<3396.460693, 31.416298, 3435.075928>) requested data for lock!
[22:16:23] Player (Loomio, 76561198122836148)(<3383.022949, 31.461510, 3414.468994>) requested data for lock!
[22:16:23] Player (Loomio, 76561198122836148)(<3381.419678, 30.414505, 3427.238281>) requested data for lock!
[22:18:59] Player (Loomio, 76561198122836148)(<3585.483643, 23.219879, 4879.533691>) requested data for lock!
[22:19:15] Player (Loomio, 76561198122836148)(<3276.376465, 34.151474, 4613.831055>) requested data for lock!
[22:19:38] Player (martyCZ, 76561198873247465)(<2436.508545, 53.178806, 5278.377441>) requested data for lock!
[22:19:39] Player (martyCZ, 76561198873247465)(<2435.960938, 55.353981, 5288.420898>) requested data for lock!
[22:19:41] Player (Loomio, 76561198122836148)(<3396.460693, 31.416298, 3435.075928>) requested data for lock!
[22:21:08] Player (Loomio, 76561198122836148)(<4489.105957, 1.163242, 3118.035645>) requested data for lock!
[22:21:12] Player (Loomio, 76561198122836148)(<4450.335449, 6.887537, 3090.050293>) requested data for lock!
[22:21:25] Player (Loomio, 76561198122836148)(<3922.433105, 41.602104, 2912.677246>) requested data for lock!
[22:21:27] Player (Loomio, 76561198122836148)(<3396.460693, 31.416298, 3435.075928>) requested data for lock!
[22:21:29] Player (Loomio, 76561198122836148)(<3383.022949, 31.461510, 3414.468994>) requested data for lock!
[22:21:30] Player (Loomio, 76561198122836148)(<3381.419678, 30.414505, 3427.238281>) requested data for lock!
[22:22:29] Player (Loomio, 76561198122836148)(<3677.487305, 83.300156, 2432.046875>) requested data for lock!
[22:25:01] Player (martyCZ, 76561198873247465)(<4468.587402, 4.298049, 3159.014404>) requested data for lock!
[22:25:03] Player (martyCZ, 76561198873247465)(<3396.460693, 31.416298, 3435.075928>) requested data for lock!
[22:25:06] Player (martyCZ, 76561198873247465)(<3381.419678, 30.414505, 3427.238281>) requested data for lock!
[22:25:07] Player (martyCZ, 76561198873247465)(<3383.022949, 31.461510, 3414.468994>) requested data for lock!
[22:25:41] Player (Loomio, 76561198122836148)(<3677.487305, 83.300156, 2432.046875>) requested data for lock!
[22:31:19] Player (Loomio, 76561198122836148)(<3677.487305, 83.300156, 2432.046875>) requested data for lock!
[22:31:44] Player (Loomio, 76561198122836148)(<3677.487305, 83.300156, 2432.046875>) requested data for lock!
[22:32:04] Player (Loomio, 76561198122836148)(<3677.487305, 83.300156, 2432.046875>) requested data for lock!
[22:32:16] Player (Loomio, 76561198122836148)(<3677.487305, 83.300156, 2432.046875>) requested data for lock!
[22:33:31] Player (Loomio, 76561198122836148)(<3677.487305, 83.300156, 2432.046875>) requested data for lock!
[22:34:04] Player (Loomio, 76561198122836148)(<3396.460693, 31.416298, 3435.075928>) requested data for lock!
[22:34:06] Player (Loomio, 76561198122836148)(<3383.022949, 31.461510, 3414.468994>) requested data for lock!
[22:34:07] Player (Loomio, 76561198122836148)(<3381.419678, 30.414505, 3427.238281>) requested data for lock!
[22:37:20] Player (martyCZ, 76561198873247465)(<3396.460693, 31.416298, 3435.075928>) requested data for lock!
[22:37:57] Player (Loomio, 76561198122836148)(<3677.487305, 83.300156, 2432.046875>) requested data for lock!
[22:38:31] Player (martyCZ, 76561198873247465)(<3381.419678, 30.414505, 3427.238281>) requested data for lock!
[22:38:31] Player (Loomio, 76561198122836148)(<3677.487305, 83.300156, 2432.046875>) requested data for lock!
[22:38:32] Player (martyCZ, 76561198873247465)(<3383.022949, 31.461510, 3414.468994>) requested data for lock!
[22:38:54] Player (Loomio, 76561198122836148)(<3677.487305, 83.300156, 2432.046875>) requested data for lock!
[22:38:58] Player (Loomio, 76561198122836148)(<3677.487305, 83.300156, 2432.046875>) requested data for lock!
[22:39:44] Player (martyCZ, 76561198873247465)(<3381.419678, 30.414505, 3427.238281>) requested data for lock!
[22:40:32] Player (Loomio, 76561198122836148)(<3677.487305, 83.300156, 2432.046875>) requested data for lock!
[22:40:43] Player (martyCZ, 76561198873247465)(<3396.460693, 31.416298, 3435.075928>) requested data for lock!
[22:40:45] Player (martyCZ, 76561198873247465)(<4489.105957, 1.163242, 3118.035645>) requested data for lock!
[22:40:52] Player (Loomio, 76561198122836148)(<3677.487305, 83.300156, 2432.046875>) requested data for lock!
[22:41:00] Player (Loomio, 76561198122836148)(<3677.487305, 83.300156, 2432.046875>) requested data for lock!
[22:41:36] Player (martyCZ, 76561198873247465)(<3396.460693, 31.416298, 3435.075928>) requested data for lock!
[22:42:18] Player (martyCZ, 76561198873247465)(<3396.460693, 31.416298, 3435.075928>) requested data for lock!
[22:43:27] Player (Loomio, 76561198122836148)(<3677.487305, 83.300156, 2432.046875>) requested data for lock!
[22:44:47] Player (Loomio, 76561198122836148)(<3677.487305, 83.300156, 2432.046875>) requested data for lock!
[22:44:56] Player (martyCZ, 76561198873247465)(<3396.460693, 31.416298, 3435.075928>) requested data for lock!
[22:45:08] Player (Loomio, 76561198122836148)(<3677.487305, 83.300156, 2432.046875>) requested data for lock!
[22:45:28] Player (martyCZ, 76561198873247465)(<3396.460693, 31.416298, 3435.075928>) requested data for lock!
[22:45:36] Player (martyCZ, 76561198873247465)(<3396.460693, 31.416298, 3435.075928>) requested data for lock!
[22:45:55] Player (Loomio, 76561198122836148)(<3396.460693, 31.416298, 3435.075928>) requested data for lock!
[22:45:57] Player (Loomio, 76561198122836148)(<3383.022949, 31.461510, 3414.468994>) requested data for lock!
[22:45:58] Player (Loomio, 76561198122836148)(<3381.419678, 30.414505, 3427.238281>) requested data for lock!
[22:46:00] Player (martyCZ, 76561198873247465)(<3396.460693, 31.416298, 3435.075928>) requested data for lock!
[22:50:20] Player (martyCZ, 76561198873247465)(<3396.460693, 31.416298, 3435.075928>) requested data for lock!
[22:52:45] Player (Loomio, 76561198122836148)(<3677.487305, 83.300156, 2432.046875>) requested data for lock!
[22:53:11] Player (Loomio, 76561198122836148)(<3677.487305, 83.300156, 2432.046875>) requested data for lock!
[22:53:40] Player (Loomio, 76561198122836148)(<3677.487305, 83.300156, 2432.046875>) requested data for lock!
[22:54:02] Player (martyCZ, 76561198873247465)(<3421.042480, 15.097157, 5042.374512>) requested data for lock!
[22:54:03] Player (martyCZ, 76561198873247465)(<3411.108643, 12.659751, 5048.064941>) requested data for lock!
[22:54:25] Player (Loomio, 76561198122836148)(<3677.487305, 83.300156, 2432.046875>) requested data for lock!
[22:55:02] Player (martyCZ, 76561198873247465)(<2436.508545, 53.178806, 5278.377441>) requested data for lock!
[22:55:03] Player (martyCZ, 76561198873247465)(<2435.960938, 55.353981, 5288.420898>) requested data for lock!
[22:56:17] Player (martyCZ, 76561198873247465)(<4468.587402, 4.298049, 3159.014404>) requested data for lock!
[22:56:19] Player (martyCZ, 76561198873247465)(<3396.460693, 31.416298, 3435.075928>) requested data for lock!
[22:56:41] Player (martyCZ, 76561198873247465)(<3396.460693, 31.416298, 3435.075928>) requested data for lock!
[22:57:13] Player (Loomio, 76561198122836148)(<3677.487305, 83.300156, 2432.046875>) requested data for lock!
[22:57:28] Player (Loomio, 76561198122836148)(<3677.487305, 83.300156, 2432.046875>) requested data for lock!
[22:57:40] Player (martyCZ, 76561198873247465)(<3421.042480, 15.097157, 5042.374512>) requested data for lock!
[22:57:41] Player (martyCZ, 76561198873247465)(<3411.108643, 12.659751, 5048.064941>) requested data for lock!
[22:58:18] Player (Loomio, 76561198122836148)(<3677.487305, 83.300156, 2432.046875>) requested data for lock!
[22:58:52] Player (martyCZ, 76561198873247465)(<3396.460693, 31.416298, 3435.075928>) requested data for lock!
[22:58:53] Player (martyCZ, 76561198873247465)(<3381.419678, 30.414505, 3427.238281>) requested data for lock!
[22:58:54] Player (martyCZ, 76561198873247465)(<3383.022949, 31.461510, 3414.468994>) requested data for lock!
[22:59:13] Player (martyCZ, 76561198873247465)(<2436.508545, 53.178806, 5278.377441>) requested data for lock!
[22:59:15] Player (Loomio, 76561198122836148)(<3677.487305, 83.300156, 2432.046875>) requested data for lock!
[22:59:22] Player (Loomio, 76561198122836148)(<3677.487305, 83.300156, 2432.046875>) requested data for lock!
[22:59:32] Player (martyCZ, 76561198873247465)(<2435.960938, 55.353981, 5288.420898>) requested data for lock!
[22:59:35] Player (Loomio, 76561198122836148)(<3677.487305, 83.300156, 2432.046875>) requested data for lock!
[22:59:40] Player (martyCZ, 76561198873247465)(<2435.960938, 55.353981, 5288.420898>) requested data for lock!
[23:00:24] Player (Loomio, 76561198122836148)(<3677.487305, 83.300156, 2432.046875>) requested data for lock!
[23:00:40] Player (Loomio, 76561198122836148)(<3677.487305, 83.300156, 2432.046875>) requested data for lock!
[23:00:48] Player (martyCZ, 76561198873247465)(<2436.508545, 53.178806, 5278.377441>) requested data for lock!
[23:00:57] Player (martyCZ, 76561198873247465)(<2435.960938, 55.353981, 5288.420898>) requested data for lock!
[23:01:07] Player (martyCZ, 76561198873247465)(<3383.022949, 31.461510, 3414.468994>) requested data for lock!
[23:01:17] Player (Loomio, 76561198122836148)(<3677.487305, 83.300156, 2432.046875>) requested data for lock!
[23:02:55] Player (Loomio, 76561198122836148)(<3677.487305, 83.300156, 2432.046875>) requested data for lock!
[23:03:32] Player (martyCZ, 76561198873247465)(<2436.508545, 53.178806, 5278.377441>) requested data for lock!
[23:03:33] Player (martyCZ, 76561198873247465)(<2435.960938, 55.353981, 5288.420898>) requested data for lock!
[23:04:17] Player (martyCZ, 76561198873247465)(<3275.452393, 31.053638, 4605.722656>) requested data for lock!
[23:04:58] Player (Loomio, 76561198122836148)(<3677.487305, 83.300156, 2432.046875>) requested data for lock!
[23:07:36] Player (Loomio, 76561198122836148)(<3677.487305, 83.300156, 2432.046875>) requested data for lock!
[23:08:23] Player (Loomio, 76561198122836148)(<3677.487305, 83.300156, 2432.046875>) requested data for lock!
[23:09:11] Player (Loomio, 76561198122836148)(<3677.487305, 83.300156, 2432.046875>) requested data for lock!
[23:11:16] Player (Loomio, 76561198122836148)(<3677.487305, 83.300156, 2432.046875>) requested data for lock!
[23:14:42] Player (Loomio, 76561198122836148)(<3677.487305, 83.300156, 2432.046875>) requested data for lock!
[23:18:01] Player (Loomio, 76561198122836148)(<3677.487305, 83.300156, 2432.046875>) requested data for lock!
[23:18:37] Player (Loomio, 76561198122836148)(<3677.487305, 83.300156, 2432.046875>) requested data for lock!
[23:19:01] Player (Loomio, 76561198122836148)(<3677.487305, 83.300156, 2432.046875>) requested data for lock!
[23:19:16] Player (Loomio, 76561198122836148)(<3677.487305, 83.300156, 2432.046875>) requested data for lock!
[23:30:01] Player (Casper, 76561198216502636)(<3922.433105, 41.602104, 2912.677246>) requested data for lock!
[23:30:01] Player (Casper, 76561198216502636)(<4450.335449, 6.887537, 3090.050293>) requested data for lock!
[23:30:01] Player (Casper, 76561198216502636)(<4489.105957, 1.163242, 3118.035645>) requested data for lock!
[23:30:01] Player (Casper, 76561198216502636)(<4468.587402, 4.298049, 3159.014404>) requested data for lock!
[23:33:59] Player (Loomio, 76561198122836148)(<3922.433105, 41.602104, 2912.677246>) requested data for lock!
[23:33:59] Player (Loomio, 76561198122836148)(<4450.335449, 6.887537, 3090.050293>) requested data for lock!
[23:33:59] Player (Loomio, 76561198122836148)(<3677.487305, 83.300156, 2432.046875>) requested data for lock!
[23:33:59] Player (Loomio, 76561198122836148)(<4489.105957, 1.163242, 3118.035645>) requested data for lock!
[23:33:59] Player (Loomio, 76561198122836148)(<4468.587402, 4.298049, 3159.014404>) requested data for lock!
[23:35:21] Player (Loomio, 76561198122836148)(<3396.460693, 31.416298, 3435.075928>) requested data for lock!
[23:35:22] Player (Loomio, 76561198122836148)(<3383.022949, 31.461510, 3414.468994>) requested data for lock!
[23:35:22] Player (Loomio, 76561198122836148)(<3381.419678, 30.414505, 3427.238281>) requested data for lock!
[23:36:20] Player (Loomio, 76561198122836148)(<3585.483643, 23.219879, 4879.533691>) requested data for lock!
[23:36:28] Player (Loomio, 76561198122836148)(<3276.376465, 34.151474, 4613.831055>) requested data for lock!
[23:36:28] Player (Loomio, 76561198122836148)(<3275.452393, 31.053638, 4605.722656>) requested data for lock!
[23:36:34] Player (Loomio, 76561198122836148)(<3421.042480, 15.097157, 5042.374512>) requested data for lock!
[23:36:35] Player (Loomio, 76561198122836148)(<3411.108643, 12.659751, 5048.064941>) requested data for lock!
[23:36:55] Player (Casper, 76561198216502636)(<5703.666016, 4.296862, 3579.834473>) requested data for lock!
[23:36:55] Player (Casper, 76561198216502636)(<5704.501465, 4.296862, 3574.349854>) requested data for lock!
[23:37:41] Player (Loomio, 76561198122836148)(<2436.508545, 53.178806, 5278.377441>) requested data for lock!
[23:37:41] Player (Loomio, 76561198122836148)(<2435.960938, 55.353981, 5288.420898>) requested data for lock!
[23:46:27] Player (Loomio, 76561198122836148)(<4468.587402, 4.298049, 3159.014404>) requested data for lock!
[23:46:30] Player (Loomio, 76561198122836148)(<4489.105957, 1.163242, 3118.035645>) requested data for lock!
[23:46:32] Player (Loomio, 76561198122836148)(<4450.335449, 6.887537, 3090.050293>) requested data for lock!
[23:46:43] Player (Loomio, 76561198122836148)(<3922.433105, 41.602104, 2912.677246>) requested data for lock!
[23:46:46] Player (Loomio, 76561198122836148)(<3396.460693, 31.416298, 3435.075928>) requested data for lock!
[23:46:48] Player (Loomio, 76561198122836148)(<3383.022949, 31.461510, 3414.468994>) requested data for lock!
[23:46:49] Player (Loomio, 76561198122836148)(<3381.419678, 30.414505, 3427.238281>) requested data for lock!
[23:47:44] Player (Loomio, 76561198122836148)(<3677.487305, 83.300156, 2432.046875>) requested data for lock!
[23:50:52] Player (Loomio, 76561198122836148)(<3396.460693, 31.416298, 3435.075928>) requested data for lock!
[23:50:54] Player (Loomio, 76561198122836148)(<3383.022949, 31.461510, 3414.468994>) requested data for lock!
[23:50:54] Player (Loomio, 76561198122836148)(<3381.419678, 30.414505, 3427.238281>) requested data for lock!
[23:51:35] Player (Loomio, 76561198122836148)(<3585.483643, 23.219879, 4879.533691>) requested data for lock!
[23:51:43] Player (Loomio, 76561198122836148)(<3276.376465, 34.151474, 4613.831055>) requested data for lock!
[23:51:43] Player (Loomio, 76561198122836148)(<3275.452393, 31.053638, 4605.722656>) requested data for lock!
[23:51:51] Player (Loomio, 76561198122836148)(<3421.042480, 15.097157, 5042.374512>) requested data for lock!
[23:51:51] Player (Loomio, 76561198122836148)(<3411.108643, 12.659751, 5048.064941>) requested data for lock!
[23:53:00] Player (Loomio, 76561198122836148)(<2436.508545, 53.178806, 5278.377441>) requested data for lock!
[23:53:00] Player (Loomio, 76561198122836148)(<2435.960938, 55.353981, 5288.420898>) requested data for lock!
