[08-08-2022][00.02.34] New Synch Log File Created!
[00:06:39] Player ([R.E.D] DoDgY, 76561197971239971)(<3585.483643, 23.219879, 4879.533691>) requested data for lock!
[00:06:41] Player ([R.E.D] DoDgY, 76561197971239971)(<3383.022949, 31.461510, 3414.468994>) requested data for lock!
[00:06:41] Player ([R.E.D] DoDgY, 76561197971239971)(<3378.214111, 29.675028, 3405.038574>) requested data for lock!
[00:06:41] Player ([R.E.D] DoDgY, 76561197971239971)(<3276.376465, 34.151474, 4613.831055>) requested data for lock!
[00:06:43] Player ([R.E.D] DoDgY, 76561197971239971)(<4489.105957, 1.163242, 3118.035645>) requested data for lock!
[00:08:36] Player ([R.E.D] DoDgY, 76561197971239971)(<3383.022949, 31.461510, 3414.468994>) requested data for lock!
[00:08:38] Player ([R.E.D] DoDgY, 76561197971239971)(<3378.214111, 29.675028, 3405.038574>) requested data for lock!
[00:08:46] Player ([R.E.D] DoDgY, 76561197971239971)(<3421.042480, 15.097157, 5042.374512>) requested data for lock!
[00:08:50] Player ([R.E.D] DoDgY, 76561197971239971)(<3411.108643, 12.659751, 5048.064941>) requested data for lock!
[00:16:02] Player ([R.E.D] DoDgY, 76561197971239971)(<2436.508545, 53.178806, 5278.377441>) requested data for lock!
[00:16:04] Player ([R.E.D] DoDgY, 76561197971239971)(<2435.960938, 55.353981, 5288.420898>) requested data for lock!
[01:18:27] Player ([R.E.D] DoDgY, 76561197971239971)(<3922.433105, 41.602104, 2912.677246>) requested data for lock!
[01:19:48] Player ([R.E.D] DoDgY, 76561197971239971)(<4450.335449, 6.887537, 3090.050293>) requested data for lock!
[01:19:59] Player ([R.E.D] DoDgY, 76561197971239971)(<4489.105957, 1.163242, 3118.035645>) requested data for lock!
[01:20:01] Player ([R.E.D] DoDgY, 76561197971239971)(<3378.214111, 29.675028, 3405.038574>) requested data for lock!
[01:20:01] Player ([R.E.D] DoDgY, 76561197971239971)(<3383.022949, 31.461510, 3414.468994>) requested data for lock!
[01:26:17] Player ([R.E.D] DoDgY, 76561197971239971)(<3585.483643, 23.219879, 4879.533691>) requested data for lock!
[01:26:50] Player ([R.E.D] DoDgY, 76561197971239971)(<3276.376465, 34.151474, 4613.831055>) requested data for lock!
[01:27:31] Player ([R.E.D] DoDgY, 76561197971239971)(<3383.022949, 31.461510, 3414.468994>) requested data for lock!
[01:27:33] Player ([R.E.D] DoDgY, 76561197971239971)(<3378.214111, 29.675028, 3405.038574>) requested data for lock!
[08-08-2022][04.02.32] Log file reloaded ( Server Restart )
[08-08-2022][08.02.45] Log file reloaded ( Server Restart )
[08:10:53] Player (Majky, 76561198275611052)(<3585.483643, 23.219879, 4879.533691>) requested data for lock!
[08:11:17] Player (Majky, 76561198275611052)(<3276.376465, 34.151474, 4613.831055>) requested data for lock!
[08:11:36] Player (Majky, 76561198275611052)(<3383.022949, 31.461510, 3414.468994>) requested data for lock!
[08:11:38] Player (Majky, 76561198275611052)(<3378.214111, 29.675028, 3405.038574>) requested data for lock!
[08:12:09] Player (Majky, 76561198275611052)(<3378.214111, 29.675028, 3405.038574>) requested data for lock!
[08:13:11] Player (Majky, 76561198275611052)(<4489.105957, 1.163242, 3118.035645>) requested data for lock!
[08:13:46] Player (Majky, 76561198275611052)(<4450.335449, 6.887537, 3090.050293>) requested data for lock!
[08:14:11] Player (Majky, 76561198275611052)(<3585.483643, 23.219879, 4879.533691>) requested data for lock!
[08:14:28] Player (Majky, 76561198275611052)(<3276.376465, 34.151474, 4613.831055>) requested data for lock!
[08:14:37] Player (Majky, 76561198275611052)(<3383.022949, 31.461510, 3414.468994>) requested data for lock!
[08:14:39] Player (Majky, 76561198275611052)(<3378.214111, 29.675028, 3405.038574>) requested data for lock!
[08:18:45] Player (Majky, 76561198275611052)(<3378.214111, 29.675028, 3405.038574>) requested data for lock!
[08:21:39] Player (Majky, 76561198275611052)(<3276.376465, 34.151474, 4613.831055>) requested data for lock!
[08:21:50] Player (Majky, 76561198275611052)(<3383.022949, 31.461510, 3414.468994>) requested data for lock!
[08:28:42] Player (Majky, 76561198275611052)(<3421.042480, 15.097157, 5042.374512>) requested data for lock!
[08:28:43] Player (Majky, 76561198275611052)(<3411.108643, 12.659751, 5048.064941>) requested data for lock!
[08:28:52] Player (Majky, 76561198275611052)(<4380.106445, 2.076707, 5958.709961>) requested data for lock!
[08:28:52] Player (Majky, 76561198275611052)(<4379.876953, 2.008279, 5963.796387>) requested data for lock!
[08:28:52] Player (Majky, 76561198275611052)(<4378.048340, 1.954537, 5968.927246>) requested data for lock!
[08:28:52] Player (Majky, 76561198275611052)(<4373.662109, 3.838867, 5976.322266>) requested data for lock!
[08:30:25] Player (Majky, 76561198275611052)(<8778.493164, 7.761222, 6659.283691>) requested data for lock!
[08:30:26] Player (Majky, 76561198275611052)(<8816.708008, 6.980093, 6663.119141>) requested data for lock!
[08:33:09] Player (Majky, 76561198275611052)(<8816.708008, 6.980093, 6663.119141>) requested data for lock!
[08:33:10] Player (Majky, 76561198275611052)(<8778.493164, 7.761222, 6659.283691>) requested data for lock!
[09:08:41] Player (Majky, 76561198275611052)(<8816.708008, 6.980093, 6663.119141>) requested data for lock!
[09:08:41] Player (Majky, 76561198275611052)(<8778.493164, 7.761222, 6659.283691>) requested data for lock!
[08-08-2022][09.13.06] Log file reloaded ( Server Restart )
[08-08-2022][09.40.12] Log file reloaded ( Server Restart )
[09:59:11] Player ([R.E.D] DoDgY, 76561197971239971)(<4489.105957, 1.163242, 3118.035645>) requested data for lock!
[09:59:11] Player ([R.E.D] DoDgY, 76561197971239971)(<3378.214111, 29.675028, 3405.038574>) requested data for lock!
[09:59:11] Player ([R.E.D] DoDgY, 76561197971239971)(<3383.022949, 31.461510, 3414.468994>) requested data for lock!
[09:59:11] Player ([R.E.D] DoDgY, 76561197971239971)(<3276.376465, 34.151474, 4613.831055>) requested data for lock!
[09:59:11] Player ([R.E.D] DoDgY, 76561197971239971)(<3585.483643, 23.219879, 4879.533691>) requested data for lock!
[10:07:44] Player ([R.E.D] DoDgY, 76561197971239971)(<3383.022949, 31.461510, 3414.468994>) requested data for lock!
[10:17:01] Player (Bflame, 76561198072840834)(<2435.960938, 55.353981, 5288.420898>) requested data for lock!
[10:17:02] Player (Bflame, 76561198072840834)(<2436.508545, 53.178806, 5278.377441>) requested data for lock!
[10:17:03] Player (Bflame, 76561198072840834)(<3411.108643, 12.659751, 5048.064941>) requested data for lock!
[10:17:03] Player (Bflame, 76561198072840834)(<3421.042480, 15.097157, 5042.374512>) requested data for lock!
[10:17:07] Player (Bflame, 76561198072840834)(<3585.483643, 23.219879, 4879.533691>) requested data for lock!
[10:17:09] Player (Bflame, 76561198072840834)(<4373.662109, 3.838867, 5976.322266>) requested data for lock!
[10:17:09] Player (Bflame, 76561198072840834)(<4378.048340, 1.954537, 5968.927246>) requested data for lock!
[10:17:09] Player (Bflame, 76561198072840834)(<4380.106445, 2.076707, 5958.709961>) requested data for lock!
[10:17:09] Player (Bflame, 76561198072840834)(<4379.876953, 2.008279, 5963.796387>) requested data for lock!
[10:17:13] Player (Bflame, 76561198072840834)(<3276.376465, 34.151474, 4613.831055>) requested data for lock!
[10:23:15] Player (Bflame, 76561198072840834)(<3383.022949, 31.461510, 3414.468994>) requested data for lock!
[10:23:53] Player (Bflame, 76561198072840834)(<3378.214111, 29.675028, 3405.038574>) requested data for lock!
[10:25:07] Player (Bflame, 76561198072840834)(<3383.022949, 31.461510, 3414.468994>) requested data for lock!
[10:25:10] Player (Bflame, 76561198072840834)(<3378.214111, 29.675028, 3405.038574>) requested data for lock!
[10:25:14] Player (Bflame, 76561198072840834)(<3421.042480, 15.097157, 5042.374512>) requested data for lock!
[10:25:17] Player (Bflame, 76561198072840834)(<3411.108643, 12.659751, 5048.064941>) requested data for lock!
[10:25:37] Player (Bflame, 76561198072840834)(<3411.108643, 12.659751, 5048.064941>) requested data for lock!
[10:26:05] Player (Bflame, 76561198072840834)(<4489.105957, 1.163242, 3118.035645>) requested data for lock!
[10:26:22] Player (Bflame, 76561198072840834)(<4450.335449, 6.887537, 3090.050293>) requested data for lock!
[10:26:58] Player (Bflame, 76561198072840834)(<3922.433105, 41.602104, 2912.677246>) requested data for lock!
[10:29:12] Player ([R.E.D] DoDgY, 76561197971239971)(<3383.022949, 31.461510, 3414.468994>) requested data for lock!
[10:30:06] Player ([R.E.D] DoDgY, 76561197971239971)(<3421.042480, 15.097157, 5042.374512>) requested data for lock!
[10:30:08] Player ([R.E.D] DoDgY, 76561197971239971)(<3411.108643, 12.659751, 5048.064941>) requested data for lock!
[10:32:12] Player ([R.E.D] DoDgY, 76561197971239971)(<4380.106445, 2.076707, 5958.709961>) requested data for lock!
[10:32:24] Player ([R.E.D] DoDgY, 76561197971239971)(<4379.876953, 2.008279, 5963.796387>) requested data for lock!
[10:32:25] Player ([R.E.D] DoDgY, 76561197971239971)(<4378.048340, 1.954537, 5968.927246>) requested data for lock!
[10:32:26] Player ([R.E.D] DoDgY, 76561197971239971)(<4373.662109, 3.838867, 5976.322266>) requested data for lock!
[10:32:44] Player (Bflame, 76561198072840834)(<3585.483643, 23.219879, 4879.533691>) requested data for lock!
[10:36:10] Player (Bflame, 76561198072840834)(<4450.335449, 6.887537, 3090.050293>) requested data for lock!
[10:36:13] Player (Majky, 76561198275611052)(<8816.708008, 6.980093, 6663.119141>) requested data for lock!
[10:36:14] Player (Majky, 76561198275611052)(<8778.493164, 7.761222, 6659.283691>) requested data for lock!
[10:44:23] Player ([R.E.D] DoDgY, 76561197971239971)(<6995.516602, 1.199409, 5130.952148>) requested data for lock!
[10:44:23] Player ([R.E.D] DoDgY, 76561197971239971)(<7000.379883, 1.131253, 5129.526855>) requested data for lock!
[10:44:26] Player ([R.E.D] DoDgY, 76561197971239971)(<7008.073242, 2.844007, 5128.650879>) requested data for lock!
[10:44:41] Player (Majky, 76561198275611052)(<4373.662109, 3.838867, 5976.322266>) requested data for lock!
[10:44:41] Player (Majky, 76561198275611052)(<4378.048340, 1.954537, 5968.927246>) requested data for lock!
[10:44:42] Player (Majky, 76561198275611052)(<4379.876953, 2.008279, 5963.796387>) requested data for lock!
[10:44:42] Player (Majky, 76561198275611052)(<4380.106445, 2.076707, 5958.709961>) requested data for lock!
[10:47:34] Player (Bflame, 76561198072840834)(<4450.335449, 6.887537, 3090.050293>) requested data for lock!
[10:47:34] Player (Bflame, 76561198072840834)(<4489.105957, 1.163242, 3118.035645>) requested data for lock!
[10:48:34] Player (Bflame, 76561198072840834)(<3421.042480, 15.097157, 5042.374512>) requested data for lock!
[10:48:37] Player (Bflame, 76561198072840834)(<3411.108643, 12.659751, 5048.064941>) requested data for lock!
[11:06:51] Player (Bflame, 76561198072840834)(<3276.376465, 34.151474, 4613.831055>) requested data for lock!
[11:07:41] Player (Bflame, 76561198072840834)(<3383.022949, 31.461510, 3414.468994>) requested data for lock!
[11:07:43] Player (Bflame, 76561198072840834)(<3378.214111, 29.675028, 3405.038574>) requested data for lock!
[11:09:57] Player (Bflame, 76561198072840834)(<3421.042480, 15.097157, 5042.374512>) requested data for lock!
[11:09:58] Player (Bflame, 76561198072840834)(<3411.108643, 12.659751, 5048.064941>) requested data for lock!
[11:10:51] Player (Bflame, 76561198072840834)(<4380.106445, 2.076707, 5958.709961>) requested data for lock!
[11:10:51] Player (Bflame, 76561198072840834)(<4379.876953, 2.008279, 5963.796387>) requested data for lock!
[11:10:52] Player (Bflame, 76561198072840834)(<4378.048340, 1.954537, 5968.927246>) requested data for lock!
[11:10:52] Player (Bflame, 76561198072840834)(<4373.662109, 3.838867, 5976.322266>) requested data for lock!
[11:35:49] Player (Bflame, 76561198072840834)(<3383.022949, 31.461510, 3414.468994>) requested data for lock!
[11:35:50] Player (Bflame, 76561198072840834)(<3378.214111, 29.675028, 3405.038574>) requested data for lock!
[11:37:27] Player (Bflame, 76561198072840834)(<3383.022949, 31.461510, 3414.468994>) requested data for lock!
[11:37:28] Player (Bflame, 76561198072840834)(<3378.214111, 29.675028, 3405.038574>) requested data for lock!
[08-08-2022][12.02.34] Log file reloaded ( Server Restart )
[12:03:59] Player ([Chill] Rehy_CZ, 76561198292022430)(<3378.214111, 29.675028, 3405.038574>) requested data for lock!
[12:03:59] Player ([Chill] Rehy_CZ, 76561198292022430)(<3383.022949, 31.461510, 3414.468994>) requested data for lock!
[12:03:59] Player ([Chill] Rehy_CZ, 76561198292022430)(<3922.433105, 41.602104, 2912.677246>) requested data for lock!
[12:13:32] Player (MADness, 76561198968762750)(<3585.483643, 23.219879, 4879.533691>) requested data for lock!
[12:13:36] Player (MADness, 76561198968762750)(<3276.376465, 34.151474, 4613.831055>) requested data for lock!
[12:17:39] Player ([R.E.D] DoDgY, 76561197971239971)(<7000.379883, 1.131253, 5129.526855>) requested data for lock!
[12:17:39] Player ([R.E.D] DoDgY, 76561197971239971)(<6995.516602, 1.199409, 5130.952148>) requested data for lock!
[12:17:39] Player ([R.E.D] DoDgY, 76561197971239971)(<7008.073242, 2.844007, 5128.650879>) requested data for lock!
[12:27:53] Player (Bflame, 76561198072840834)(<3585.483643, 23.219879, 4879.533691>) requested data for lock!
[12:27:53] Player (Bflame, 76561198072840834)(<3276.376465, 34.151474, 4613.831055>) requested data for lock!
[12:29:45] Player (Bflame, 76561198072840834)(<3383.022949, 31.461510, 3414.468994>) requested data for lock!
[12:29:47] Player (Bflame, 76561198072840834)(<3378.214111, 29.675028, 3405.038574>) requested data for lock!
[12:32:45] Player (Bflame, 76561198072840834)(<3421.042480, 15.097157, 5042.374512>) requested data for lock!
[12:32:46] Player (Bflame, 76561198072840834)(<3411.108643, 12.659751, 5048.064941>) requested data for lock!
[12:50:59] Player (Bflame, 76561198072840834)(<3383.022949, 31.461510, 3414.468994>) requested data for lock!
[12:53:23] Player (Bflame, 76561198072840834)(<3378.214111, 29.675028, 3405.038574>) requested data for lock!
[12:59:59] Player (Bflame, 76561198072840834)(<3383.022949, 31.461510, 3414.468994>) requested data for lock!
[13:00:01] Player (Bflame, 76561198072840834)(<3378.214111, 29.675028, 3405.038574>) requested data for lock!
[13:00:05] Player (Bflame, 76561198072840834)(<3421.042480, 15.097157, 5042.374512>) requested data for lock!
[13:00:09] Player (Bflame, 76561198072840834)(<3411.108643, 12.659751, 5048.064941>) requested data for lock!
[13:06:59] Player (Bflame, 76561198072840834)(<3276.376465, 34.151474, 4613.831055>) requested data for lock!
[13:11:42] Player (Bflame, 76561198072840834)(<3276.376465, 34.151474, 4613.831055>) requested data for lock!
[13:17:06] Player (Bflame, 76561198072840834)(<3276.376465, 34.151474, 4613.831055>) requested data for lock!
[13:17:09] Player (Bflame, 76561198072840834)(<4489.105957, 1.163242, 3118.035645>) requested data for lock!
[13:19:25] Player (Bflame, 76561198072840834)(<3421.042480, 15.097157, 5042.374512>) requested data for lock!
[13:19:25] Player (Bflame, 76561198072840834)(<3411.108643, 12.659751, 5048.064941>) requested data for lock!
[13:19:53] Player (Bflame, 76561198072840834)(<2436.508545, 53.178806, 5278.377441>) requested data for lock!
[13:19:53] Player (Bflame, 76561198072840834)(<2435.960938, 55.353981, 5288.420898>) requested data for lock!
[13:24:48] Player (Bflame, 76561198072840834)(<3383.022949, 31.461510, 3414.468994>) requested data for lock!
[13:24:59] Player (Bflame, 76561198072840834)(<3378.214111, 29.675028, 3405.038574>) requested data for lock!
[13:28:34] Player (Bflame, 76561198072840834)(<2436.508545, 53.178806, 5278.377441>) requested data for lock!
[13:28:35] Player (Bflame, 76561198072840834)(<2435.960938, 55.353981, 5288.420898>) requested data for lock!
[13:28:36] Player (Bflame, 76561198072840834)(<3383.022949, 31.461510, 3414.468994>) requested data for lock!
[13:28:37] Player (Bflame, 76561198072840834)(<3378.214111, 29.675028, 3405.038574>) requested data for lock!
[08-08-2022][14.08.05] Log file reloaded ( Server Restart )
[14:14:23] Player (MADness, 76561198968762750)(<3585.483643, 23.219879, 4879.533691>) requested data for lock!
[14:14:23] Player (MADness, 76561198968762750)(<3276.376465, 34.151474, 4613.831055>) requested data for lock!
[14:56:26] Player (Majky, 76561198275611052)(<2436.508545, 53.178806, 5278.377441>) requested data for lock!
[14:56:27] Player (Majky, 76561198275611052)(<2435.960938, 55.353981, 5288.420898>) requested data for lock!
[14:56:29] Player (Majky, 76561198275611052)(<3276.376465, 34.151474, 4613.831055>) requested data for lock!
[14:56:39] Player (Majky, 76561198275611052)(<3411.108643, 12.659751, 5048.064941>) requested data for lock!
[14:56:39] Player (Majky, 76561198275611052)(<3421.042480, 15.097157, 5042.374512>) requested data for lock!
[14:56:39] Player (Majky, 76561198275611052)(<3585.483643, 23.219879, 4879.533691>) requested data for lock!
[14:56:42] Player (Majky, 76561198275611052)(<3383.022949, 31.461510, 3414.468994>) requested data for lock!
[14:56:42] Player (Majky, 76561198275611052)(<3378.214111, 29.675028, 3405.038574>) requested data for lock!
[14:57:31] Player (Majky, 76561198275611052)(<3421.042480, 15.097157, 5042.374512>) requested data for lock!
[14:57:34] Player (Majky, 76561198275611052)(<3411.108643, 12.659751, 5048.064941>) requested data for lock!
[14:58:17] Player (Majky, 76561198275611052)(<3585.483643, 23.219879, 4879.533691>) requested data for lock!
[15:00:15] Player (Majky, 76561198275611052)(<3276.376465, 34.151474, 4613.831055>) requested data for lock!
[08-08-2022][16.02.26] Log file reloaded ( Server Restart )
[08-08-2022][16.14.42] Log file reloaded ( Server Restart )
[16:27:13] Player ([Chill] Rehy_CZ, 76561198292022430)(<3383.022949, 31.461510, 3414.468994>) requested data for lock!
[16:27:13] Player ([Chill] Rehy_CZ, 76561198292022430)(<3378.214111, 29.675028, 3405.038574>) requested data for lock!
[16:27:13] Player ([Chill] Rehy_CZ, 76561198292022430)(<3922.433105, 41.602104, 2912.677246>) requested data for lock!
[16:34:53] Player ([Chill] Rehy_CZ, 76561198292022430)(<3276.376465, 34.151474, 4613.831055>) requested data for lock!
[16:40:20] Player ([Chill] Rehy_CZ, 76561198292022430)(<3378.214111, 29.675028, 3405.038574>) requested data for lock!
[16:40:21] Player ([Chill] Rehy_CZ, 76561198292022430)(<3383.022949, 31.461510, 3414.468994>) requested data for lock!
[16:45:46] Player ([Chill] Rehy_CZ, 76561198292022430)(<3922.433105, 41.602104, 2912.677246>) requested data for lock!
[16:48:16] Player (HrabefonVorezprut, 76561198065958810)(<4489.105957, 1.163242, 3118.035645>) requested data for lock!
[16:48:16] Player (HrabefonVorezprut, 76561198065958810)(<4450.335449, 6.887537, 3090.050293>) requested data for lock!
[16:48:16] Player (HrabefonVorezprut, 76561198065958810)(<3922.433105, 41.602104, 2912.677246>) requested data for lock!
[16:51:43] Player (HrabefonVorezprut, 76561198065958810)(<3383.022949, 31.461510, 3414.468994>) requested data for lock!
[16:51:44] Player (HrabefonVorezprut, 76561198065958810)(<3378.214111, 29.675028, 3405.038574>) requested data for lock!
[16:58:23] Player (HrabefonVorezprut, 76561198065958810)(<4964.083008, 5.118455, 1414.849365>) requested data for lock!
[16:58:23] Player (HrabefonVorezprut, 76561198065958810)(<4961.266602, 5.789789, 1410.613037>) requested data for lock!
[16:59:30] Player (HrabefonVorezprut, 76561198065958810)(<4964.083008, 5.118455, 1414.849365>) requested data for lock!
[16:59:31] Player (HrabefonVorezprut, 76561198065958810)(<4961.266602, 5.789789, 1410.613037>) requested data for lock!
[16:59:56] Player (HrabefonVorezprut, 76561198065958810)(<3378.214111, 29.675028, 3405.038574>) requested data for lock!
[16:59:56] Player (HrabefonVorezprut, 76561198065958810)(<3383.022949, 31.461510, 3414.468994>) requested data for lock!
[17:05:40] Player (MADness, 76561198968762750)(<3585.483643, 23.219879, 4879.533691>) requested data for lock!
[17:05:47] Player (MADness, 76561198968762750)(<3276.376465, 34.151474, 4613.831055>) requested data for lock!
[08-08-2022][17.14.09] Log file reloaded ( Server Restart )
[17:15:19] Player (MADness, 76561198968762750)(<3585.483643, 23.219879, 4879.533691>) requested data for lock!
[17:15:19] Player (MADness, 76561198968762750)(<3276.376465, 34.151474, 4613.831055>) requested data for lock!
[17:16:05] Player (MADness, 76561198968762750)(<3383.022949, 31.461510, 3414.468994>) requested data for lock!
[17:16:06] Player (MADness, 76561198968762750)(<4489.105957, 1.163242, 3118.035645>) requested data for lock!
[17:16:06] Player (MADness, 76561198968762750)(<3378.214111, 29.675028, 3405.038574>) requested data for lock!
[17:29:30] Player (PrinzTopper , 76561198149935263)(<3585.483643, 23.219879, 4879.533691>) requested data for lock!
[17:29:30] Player (PrinzTopper , 76561198149935263)(<3276.376465, 34.151474, 4613.831055>) requested data for lock!
[17:30:16] Player (PrinzTopper , 76561198149935263)(<3383.022949, 31.461510, 3414.468994>) requested data for lock!
[17:32:22] Player (PrinzTopper , 76561198149935263)(<3383.022949, 31.461510, 3414.468994>) requested data for lock!
[17:32:24] Player (PrinzTopper , 76561198149935263)(<3378.214111, 29.675028, 3405.038574>) requested data for lock!
[17:33:12] Player (PrinzTopper , 76561198149935263)(<3383.022949, 31.461510, 3414.468994>) requested data for lock!
[17:33:25] Player (PrinzTopper , 76561198149935263)(<3378.214111, 29.675028, 3405.038574>) requested data for lock!
[17:35:01] Player (PrinzTopper , 76561198149935263)(<3383.022949, 31.461510, 3414.468994>) requested data for lock!
[17:35:04] Player (PrinzTopper , 76561198149935263)(<3378.214111, 29.675028, 3405.038574>) requested data for lock!
[17:40:05] Player (PrinzTopper , 76561198149935263)(<3383.022949, 31.461510, 3414.468994>) requested data for lock!
[17:40:06] Player (PrinzTopper , 76561198149935263)(<3378.214111, 29.675028, 3405.038574>) requested data for lock!
[17:51:09] Player (PrinzTopper , 76561198149935263)(<3276.376465, 34.151474, 4613.831055>) requested data for lock!
[17:51:30] Player (PrinzTopper , 76561198149935263)(<3383.022949, 31.461510, 3414.468994>) requested data for lock!
[17:51:31] Player (PrinzTopper , 76561198149935263)(<3421.042480, 15.097157, 5042.374512>) requested data for lock!
[17:51:33] Player (PrinzTopper , 76561198149935263)(<3378.214111, 29.675028, 3405.038574>) requested data for lock!
[17:51:34] Player (PrinzTopper , 76561198149935263)(<3411.108643, 12.659751, 5048.064941>) requested data for lock!
[17:53:16] Player (jule, 76561199243735234)(<4373.662109, 3.838867, 5976.322266>) requested data for lock!
[17:53:16] Player (jule, 76561199243735234)(<4378.048340, 1.954537, 5968.927246>) requested data for lock!
[17:53:16] Player (jule, 76561199243735234)(<4379.876953, 2.008279, 5963.796387>) requested data for lock!
[17:53:16] Player (jule, 76561199243735234)(<4380.106445, 2.076707, 5958.709961>) requested data for lock!
[17:54:36] Player (micla98, 76561198970199829)(<8940.941406, 11.078473, 7995.913574>) requested data for lock!
[18:00:56] Player (jule, 76561199243735234)(<8940.941406, 11.078473, 7995.913574>) requested data for lock!
[18:12:56] Player (jule, 76561199243735234)(<4373.662109, 3.838867, 5976.322266>) requested data for lock!
[18:12:56] Player (jule, 76561199243735234)(<4378.048340, 1.954537, 5968.927246>) requested data for lock!
[18:12:57] Player (jule, 76561199243735234)(<4379.876953, 2.008279, 5963.796387>) requested data for lock!
[18:12:57] Player (jule, 76561199243735234)(<4380.106445, 2.076707, 5958.709961>) requested data for lock!
[18:13:14] Player (HrabefonVorezprut, 76561198065958810)(<4450.335449, 6.887537, 3090.050293>) requested data for lock!
[18:13:14] Player (HrabefonVorezprut, 76561198065958810)(<4489.105957, 1.163242, 3118.035645>) requested data for lock!
[18:13:14] Player (HrabefonVorezprut, 76561198065958810)(<3922.433105, 41.602104, 2912.677246>) requested data for lock!
[18:13:21] Player (Majky, 76561198275611052)(<3585.483643, 23.219879, 4879.533691>) requested data for lock!
[18:13:49] Player (Majky, 76561198275611052)(<4450.335449, 6.887537, 3090.050293>) requested data for lock!
[18:15:51] Player (HrabefonVorezprut, 76561198065958810)(<3383.022949, 31.461510, 3414.468994>) requested data for lock!
[18:15:51] Player (HrabefonVorezprut, 76561198065958810)(<3378.214111, 29.675028, 3405.038574>) requested data for lock!
[18:17:24] Player (HrabefonVorezprut, 76561198065958810)(<4964.083008, 5.118455, 1414.849365>) requested data for lock!
[18:17:24] Player (HrabefonVorezprut, 76561198065958810)(<4961.266602, 5.789789, 1410.613037>) requested data for lock!
[18:17:29] Player (Majky, 76561198275611052)(<3276.376465, 34.151474, 4613.831055>) requested data for lock!
[18:19:54] Player (HrabefonVorezprut, 76561198065958810)(<4964.083008, 5.118455, 1414.849365>) requested data for lock!
[18:19:55] Player (HrabefonVorezprut, 76561198065958810)(<4961.266602, 5.789789, 1410.613037>) requested data for lock!
[18:20:20] Player (micla98, 76561198970199829)(<6995.516602, 1.199409, 5130.952148>) requested data for lock!
[18:20:21] Player (micla98, 76561198970199829)(<7000.379883, 1.131253, 5129.526855>) requested data for lock!
[18:20:22] Player (micla98, 76561198970199829)(<7008.073242, 2.844007, 5128.650879>) requested data for lock!
[18:21:03] Player (jule, 76561199243735234)(<3411.108643, 12.659751, 5048.064941>) requested data for lock!
[18:21:07] Player (jule, 76561199243735234)(<3421.042480, 15.097157, 5042.374512>) requested data for lock!
[18:21:18] Player (HrabefonVorezprut, 76561198065958810)(<3378.214111, 29.675028, 3405.038574>) requested data for lock!
[18:21:19] Player (HrabefonVorezprut, 76561198065958810)(<3383.022949, 31.461510, 3414.468994>) requested data for lock!
[18:21:33] Player (jule, 76561199243735234)(<2435.960938, 55.353981, 5288.420898>) requested data for lock!
[18:21:42] Player (jule, 76561199243735234)(<2436.508545, 53.178806, 5278.377441>) requested data for lock!
[18:22:51] Player (jule, 76561199243735234)(<3585.483643, 23.219879, 4879.533691>) requested data for lock!
[18:23:21] Player (jule, 76561199243735234)(<3276.376465, 34.151474, 4613.831055>) requested data for lock!
[18:23:56] Player (Majky, 76561198275611052)(<3585.483643, 23.219879, 4879.533691>) requested data for lock!
[18:24:34] Player (HrabefonVorezprut, 76561198065958810)(<3378.214111, 29.675028, 3405.038574>) requested data for lock!
[18:24:34] Player (HrabefonVorezprut, 76561198065958810)(<3383.022949, 31.461510, 3414.468994>) requested data for lock!
[18:24:35] Player (HrabefonVorezprut, 76561198065958810)(<3922.433105, 41.602104, 2912.677246>) requested data for lock!
[18:25:43] Player (Majky, 76561198275611052)(<3276.376465, 34.151474, 4613.831055>) requested data for lock!
[18:26:05] Player (Majky, 76561198275611052)(<3383.022949, 31.461510, 3414.468994>) requested data for lock!
[18:28:04] Player (PrinzTopper , 76561198149935263)(<3383.022949, 31.461510, 3414.468994>) requested data for lock!
[18:28:07] Player (PrinzTopper , 76561198149935263)(<3378.214111, 29.675028, 3405.038574>) requested data for lock!
[18:29:40] Player (Majky, 76561198275611052)(<3383.022949, 31.461510, 3414.468994>) requested data for lock!
[18:29:42] Player (Majky, 76561198275611052)(<3378.214111, 29.675028, 3405.038574>) requested data for lock!
[18:32:06] Player (PrinzTopper , 76561198149935263)(<4489.105957, 1.163242, 3118.035645>) requested data for lock!
[18:32:23] Player (jule, 76561199243735234)(<4489.105957, 1.163242, 3118.035645>) requested data for lock!
[18:32:24] Player (Majky, 76561198275611052)(<3276.376465, 34.151474, 4613.831055>) requested data for lock!
[18:32:39] Player (Majky, 76561198275611052)(<4489.105957, 1.163242, 3118.035645>) requested data for lock!
[18:33:33] Player (micla98, 76561198970199829)(<7008.073242, 2.844007, 5128.650879>) requested data for lock!
[18:33:33] Player (micla98, 76561198970199829)(<7000.379883, 1.131253, 5129.526855>) requested data for lock!
[18:33:33] Player (micla98, 76561198970199829)(<6995.516602, 1.199409, 5130.952148>) requested data for lock!
[18:33:41] Player (Majky, 76561198275611052)(<3276.376465, 34.151474, 4613.831055>) requested data for lock!
[18:33:45] Player (MADness, 76561198968762750)(<3585.483643, 23.219879, 4879.533691>) requested data for lock!
[18:33:45] Player (MADness, 76561198968762750)(<3276.376465, 34.151474, 4613.831055>) requested data for lock!
[18:33:58] Player (PrinzTopper , 76561198149935263)(<3383.022949, 31.461510, 3414.468994>) requested data for lock!
[18:34:03] Player (jule, 76561199243735234)(<3383.022949, 31.461510, 3414.468994>) requested data for lock!
[18:34:07] Player (PrinzTopper , 76561198149935263)(<3378.214111, 29.675028, 3405.038574>) requested data for lock!
[18:34:20] Player (jule, 76561199243735234)(<3378.214111, 29.675028, 3405.038574>) requested data for lock!
[18:38:42] Player (Majky, 76561198275611052)(<3276.376465, 34.151474, 4613.831055>) requested data for lock!
[18:38:52] Player (Majky, 76561198275611052)(<3383.022949, 31.461510, 3414.468994>) requested data for lock!
[18:40:09] Player (PrinzTopper , 76561198149935263)(<4450.335449, 6.887537, 3090.050293>) requested data for lock!
[18:40:15] Player (jule, 76561199243735234)(<4450.335449, 6.887537, 3090.050293>) requested data for lock!
[18:40:45] Player (PrinzTopper , 76561198149935263)(<3922.433105, 41.602104, 2912.677246>) requested data for lock!
[18:40:47] Player (jule, 76561199243735234)(<3922.433105, 41.602104, 2912.677246>) requested data for lock!
[18:40:57] Player (PrinzTopper , 76561198149935263)(<3383.022949, 31.461510, 3414.468994>) requested data for lock!
[18:40:59] Player (PrinzTopper , 76561198149935263)(<3378.214111, 29.675028, 3405.038574>) requested data for lock!
[18:41:00] Player (jule, 76561199243735234)(<3383.022949, 31.461510, 3414.468994>) requested data for lock!
[18:41:01] Player (jule, 76561199243735234)(<3378.214111, 29.675028, 3405.038574>) requested data for lock!
[18:41:59] Player (Majky, 76561198275611052)(<3276.376465, 34.151474, 4613.831055>) requested data for lock!
[18:42:21] Player (Majky, 76561198275611052)(<3383.022949, 31.461510, 3414.468994>) requested data for lock!
[18:42:23] Player (Majky, 76561198275611052)(<3378.214111, 29.675028, 3405.038574>) requested data for lock!
[18:43:09] Player (micla98, 76561198970199829)(<6995.516602, 1.199409, 5130.952148>) requested data for lock!
[18:43:10] Player (micla98, 76561198970199829)(<7000.379883, 1.131253, 5129.526855>) requested data for lock!
[18:43:12] Player (micla98, 76561198970199829)(<7008.073242, 2.844007, 5128.650879>) requested data for lock!
[18:44:02] Player (Majky, 76561198275611052)(<3383.022949, 31.461510, 3414.468994>) requested data for lock!
[18:47:32] Player (Majky, 76561198275611052)(<4380.106445, 2.076707, 5958.709961>) requested data for lock!
[18:47:32] Player (Majky, 76561198275611052)(<4379.876953, 2.008279, 5963.796387>) requested data for lock!
[18:47:32] Player (Majky, 76561198275611052)(<4378.048340, 1.954537, 5968.927246>) requested data for lock!
[18:47:32] Player (Majky, 76561198275611052)(<4373.662109, 3.838867, 5976.322266>) requested data for lock!
[18:51:12] Player (MADness, 76561198968762750)(<3585.483643, 23.219879, 4879.533691>) requested data for lock!
[18:51:15] Player (MADness, 76561198968762750)(<3276.376465, 34.151474, 4613.831055>) requested data for lock!
[18:51:23] Player (MADness, 76561198968762750)(<3383.022949, 31.461510, 3414.468994>) requested data for lock!
[18:51:28] Player (MADness, 76561198968762750)(<3378.214111, 29.675028, 3405.038574>) requested data for lock!
[18:53:03] Player (PrinzTopper , 76561198149935263)(<4964.083008, 5.118455, 1414.849365>) requested data for lock!
[18:53:03] Player (PrinzTopper , 76561198149935263)(<4961.266602, 5.789789, 1410.613037>) requested data for lock!
[18:53:04] Player (jule, 76561199243735234)(<4964.083008, 5.118455, 1414.849365>) requested data for lock!
[18:53:04] Player (jule, 76561199243735234)(<4961.266602, 5.789789, 1410.613037>) requested data for lock!
[18:54:31] Player (PrinzTopper , 76561198149935263)(<4964.083008, 5.118455, 1414.849365>) requested data for lock!
[18:54:31] Player (PrinzTopper , 76561198149935263)(<4961.266602, 5.789789, 1410.613037>) requested data for lock!
[18:54:33] Player (jule, 76561199243735234)(<4964.083008, 5.118455, 1414.849365>) requested data for lock!
[18:54:34] Player (jule, 76561199243735234)(<4961.266602, 5.789789, 1410.613037>) requested data for lock!
[19:00:23] Player (Majky, 76561198275611052)(<6995.516602, 1.199409, 5130.952148>) requested data for lock!
[19:00:23] Player (Majky, 76561198275611052)(<7000.379883, 1.131253, 5129.526855>) requested data for lock!
[19:00:23] Player (Majky, 76561198275611052)(<7008.073242, 2.844007, 5128.650879>) requested data for lock!
[19:01:01] Player (Majky, 76561198275611052)(<8778.493164, 7.761222, 6659.283691>) requested data for lock!
[19:01:02] Player (Majky, 76561198275611052)(<8816.708008, 6.980093, 6663.119141>) requested data for lock!
[19:01:19] Player (HrabefonVorezprut, 76561198065958810)(<3378.214111, 29.675028, 3405.038574>) requested data for lock!
[19:01:20] Player (HrabefonVorezprut, 76561198065958810)(<3383.022949, 31.461510, 3414.468994>) requested data for lock!
[19:02:06] Player (HrabefonVorezprut, 76561198065958810)(<3378.214111, 29.675028, 3405.038574>) requested data for lock!
[19:02:06] Player (HrabefonVorezprut, 76561198065958810)(<3383.022949, 31.461510, 3414.468994>) requested data for lock!
[19:03:04] Player (HrabefonVorezprut, 76561198065958810)(<3922.433105, 41.602104, 2912.677246>) requested data for lock!
[19:03:59] Player (HrabefonVorezprut, 76561198065958810)(<4450.335449, 6.887537, 3090.050293>) requested data for lock!
[19:04:01] Player (HrabefonVorezprut, 76561198065958810)(<4489.105957, 1.163242, 3118.035645>) requested data for lock!
[19:11:51] Player ([R.E.D] Bishop, 76561198074197181)(<3585.483643, 23.219879, 4879.533691>) requested data for lock!
[19:11:51] Player ([R.E.D] Bishop, 76561198074197181)(<3276.376465, 34.151474, 4613.831055>) requested data for lock!
[19:12:10] Player ([R.E.D] Bishop, 76561198074197181)(<4450.335449, 6.887537, 3090.050293>) requested data for lock!
[19:15:32] Player (HrabefonVorezprut, 76561198065958810)(<5703.666016, 4.296862, 3579.834473>) requested data for lock!
[19:15:32] Player (HrabefonVorezprut, 76561198065958810)(<5704.501465, 4.296862, 3574.349854>) requested data for lock!
[19:24:15] Player (HrabefonVorezprut, 76561198065958810)(<8816.708008, 6.980093, 6663.119141>) requested data for lock!
[19:24:18] Player (HrabefonVorezprut, 76561198065958810)(<8778.493164, 7.761222, 6659.283691>) requested data for lock!
[19:29:14] Player (HrabefonVorezprut, 76561198065958810)(<8816.708008, 6.980093, 6663.119141>) requested data for lock!
[19:29:24] Player (HrabefonVorezprut, 76561198065958810)(<8778.493164, 7.761222, 6659.283691>) requested data for lock!
[19:34:22] Player (HrabefonVorezprut, 76561198065958810)(<5704.501465, 4.296862, 3574.349854>) requested data for lock!
[19:34:22] Player (HrabefonVorezprut, 76561198065958810)(<5703.666016, 4.296862, 3579.834473>) requested data for lock!
[19:34:44] Player (HrabefonVorezprut, 76561198065958810)(<4489.105957, 1.163242, 3118.035645>) requested data for lock!
[19:34:46] Player (HrabefonVorezprut, 76561198065958810)(<4450.335449, 6.887537, 3090.050293>) requested data for lock!
[19:35:09] Player (HrabefonVorezprut, 76561198065958810)(<3922.433105, 41.602104, 2912.677246>) requested data for lock!
[19:35:54] Player (Majky, 76561198275611052)(<6995.516602, 1.199409, 5130.952148>) requested data for lock!
[19:35:54] Player (Majky, 76561198275611052)(<7000.379883, 1.131253, 5129.526855>) requested data for lock!
[19:35:54] Player (Majky, 76561198275611052)(<7008.073242, 2.844007, 5128.650879>) requested data for lock!
[19:36:59] Player (Majky, 76561198275611052)(<3585.483643, 23.219879, 4879.533691>) requested data for lock!
[19:37:39] Player (Majky, 76561198275611052)(<4450.335449, 6.887537, 3090.050293>) requested data for lock!
[19:39:20] Player (Majky, 76561198275611052)(<3276.376465, 34.151474, 4613.831055>) requested data for lock!
[19:42:02] Player (Majky, 76561198275611052)(<3276.376465, 34.151474, 4613.831055>) requested data for lock!
[19:43:41] Player (Majky, 76561198275611052)(<3276.376465, 34.151474, 4613.831055>) requested data for lock!
[19:43:51] Player (Majky, 76561198275611052)(<3383.022949, 31.461510, 3414.468994>) requested data for lock!
[19:45:09] Player (Majky, 76561198275611052)(<3383.022949, 31.461510, 3414.468994>) requested data for lock!
[19:45:10] Player (Majky, 76561198275611052)(<3378.214111, 29.675028, 3405.038574>) requested data for lock!
[19:46:04] Player (Majky, 76561198275611052)(<4489.105957, 1.163242, 3118.035645>) requested data for lock!
[19:46:07] Player (HrabefonVorezprut, 76561198065958810)(<3383.022949, 31.461510, 3414.468994>) requested data for lock!
[19:46:11] Player (HrabefonVorezprut, 76561198065958810)(<3378.214111, 29.675028, 3405.038574>) requested data for lock!
[19:47:07] Player (Majky, 76561198275611052)(<3383.022949, 31.461510, 3414.468994>) requested data for lock!
[19:47:08] Player (Majky, 76561198275611052)(<3378.214111, 29.675028, 3405.038574>) requested data for lock!
[19:47:44] Player (Majky, 76561198275611052)(<3378.214111, 29.675028, 3405.038574>) requested data for lock!
[19:48:05] Player (HrabefonVorezprut, 76561198065958810)(<3585.483643, 23.219879, 4879.533691>) requested data for lock!
[19:48:23] Player (HrabefonVorezprut, 76561198065958810)(<3276.376465, 34.151474, 4613.831055>) requested data for lock!
[19:48:34] Player (HrabefonVorezprut, 76561198065958810)(<3383.022949, 31.461510, 3414.468994>) requested data for lock!
[19:48:42] Player ([R.E.D] The Old Man, 76561198162835454)(<3585.483643, 23.219879, 4879.533691>) requested data for lock!
[19:48:42] Player ([R.E.D] The Old Man, 76561198162835454)(<3383.022949, 31.461510, 3414.468994>) requested data for lock!
[19:48:42] Player ([R.E.D] The Old Man, 76561198162835454)(<3276.376465, 34.151474, 4613.831055>) requested data for lock!
[19:48:44] Player (HrabefonVorezprut, 76561198065958810)(<3383.022949, 31.461510, 3414.468994>) requested data for lock!
[19:48:55] Player ([R.E.D] The Old Man, 76561198162835454)(<3378.214111, 29.675028, 3405.038574>) requested data for lock!
[19:50:55] Player (HrabefonVorezprut, 76561198065958810)(<3276.376465, 34.151474, 4613.831055>) requested data for lock!
[19:50:55] Player (Majky, 76561198275611052)(<3276.376465, 34.151474, 4613.831055>) requested data for lock!
[19:50:56] Player (HrabefonVorezprut, 76561198065958810)(<3383.022949, 31.461510, 3414.468994>) requested data for lock!
[19:50:56] Player (Majky, 76561198275611052)(<3383.022949, 31.461510, 3414.468994>) requested data for lock!
[19:50:57] Player (Majky, 76561198275611052)(<3378.214111, 29.675028, 3405.038574>) requested data for lock!
[19:50:57] Player (HrabefonVorezprut, 76561198065958810)(<3378.214111, 29.675028, 3405.038574>) requested data for lock!
[19:51:06] Player (HrabefonVorezprut, 76561198065958810)(<3421.042480, 15.097157, 5042.374512>) requested data for lock!
[19:51:06] Player (Majky, 76561198275611052)(<3421.042480, 15.097157, 5042.374512>) requested data for lock!
[19:51:07] Player (HrabefonVorezprut, 76561198065958810)(<3411.108643, 12.659751, 5048.064941>) requested data for lock!
[19:51:07] Player (Majky, 76561198275611052)(<3411.108643, 12.659751, 5048.064941>) requested data for lock!
[19:53:08] Player ([R.E.D] The Old Man, 76561198162835454)(<3421.042480, 15.097157, 5042.374512>) requested data for lock!
[19:53:10] Player ([R.E.D] The Old Man, 76561198162835454)(<3411.108643, 12.659751, 5048.064941>) requested data for lock!
[19:55:26] Player ([R.E.D] The Old Man, 76561198162835454)(<4380.106445, 2.076707, 5958.709961>) requested data for lock!
[19:55:27] Player ([R.E.D] The Old Man, 76561198162835454)(<4379.876953, 2.008279, 5963.796387>) requested data for lock!
[19:55:28] Player ([R.E.D] The Old Man, 76561198162835454)(<4378.048340, 1.954537, 5968.927246>) requested data for lock!
[19:55:29] Player ([R.E.D] The Old Man, 76561198162835454)(<4373.662109, 3.838867, 5976.322266>) requested data for lock!
[08-08-2022][20.02.33] Log file reloaded ( Server Restart )
[20:03:50] Player ([R.E.D] The Old Man, 76561198162835454)(<3421.042480, 15.097157, 5042.374512>) requested data for lock!
[20:03:50] Player ([R.E.D] The Old Man, 76561198162835454)(<3585.483643, 23.219879, 4879.533691>) requested data for lock!
[20:03:50] Player ([R.E.D] The Old Man, 76561198162835454)(<4380.106445, 2.076707, 5958.709961>) requested data for lock!
[20:03:50] Player ([R.E.D] The Old Man, 76561198162835454)(<4378.048340, 1.954537, 5968.927246>) requested data for lock!
[20:03:50] Player ([R.E.D] The Old Man, 76561198162835454)(<4379.876953, 2.008279, 5963.796387>) requested data for lock!
[20:03:50] Player ([R.E.D] The Old Man, 76561198162835454)(<4373.662109, 3.838867, 5976.322266>) requested data for lock!
[20:03:51] Player ([R.E.D] The Old Man, 76561198162835454)(<3411.108643, 12.659751, 5048.064941>) requested data for lock!
[20:03:51] Player ([R.E.D] The Old Man, 76561198162835454)(<3276.376465, 34.151474, 4613.831055>) requested data for lock!
[20:05:52] Player ([R.E.D] The Old Man, 76561198162835454)(<2436.508545, 53.178806, 5278.377441>) requested data for lock!
[20:05:52] Player ([R.E.D] The Old Man, 76561198162835454)(<2435.960938, 55.353981, 5288.420898>) requested data for lock!
[20:18:26] Player ([R.E.D] The Old Man, 76561198162835454)(<2435.960938, 55.353981, 5288.420898>) requested data for lock!
[20:19:08] Player ([R.E.D] The Old Man, 76561198162835454)(<4373.662109, 3.838867, 5976.322266>) requested data for lock!
[20:19:10] Player ([R.E.D] The Old Man, 76561198162835454)(<4378.048340, 1.954537, 5968.927246>) requested data for lock!
[20:19:10] Player ([R.E.D] The Old Man, 76561198162835454)(<4379.876953, 2.008279, 5963.796387>) requested data for lock!
[20:19:11] Player ([R.E.D] The Old Man, 76561198162835454)(<4380.106445, 2.076707, 5958.709961>) requested data for lock!
[20:44:19] Player ([R.E.D] The Old Man, 76561198162835454)(<6995.516602, 1.199409, 5130.952148>) requested data for lock!
[20:44:19] Player ([R.E.D] The Old Man, 76561198162835454)(<7000.379883, 1.131253, 5129.526855>) requested data for lock!
[20:44:20] Player ([R.E.D] The Old Man, 76561198162835454)(<7008.073242, 2.844007, 5128.650879>) requested data for lock!
[20:57:42] Player (Rikinoo, 76561198016672415)(<7008.073242, 2.844007, 5128.650879>) requested data for lock!
[20:57:42] Player (Rikinoo, 76561198016672415)(<6995.516602, 1.199409, 5130.952148>) requested data for lock!
[20:57:42] Player (Rikinoo, 76561198016672415)(<7000.379883, 1.131253, 5129.526855>) requested data for lock!
[21:17:35] Player (mumpitz, 76561198150836488)(<8816.708008, 6.980093, 6663.119141>) requested data for lock!
[21:17:35] Player (mumpitz, 76561198150836488)(<8778.493164, 7.761222, 6659.283691>) requested data for lock!
[21:17:35] Player (mumpitz, 76561198150836488)(<8940.941406, 11.078473, 7995.913574>) requested data for lock!
[21:27:01] Player (MADness, 76561198968762750)(<3378.214111, 29.675028, 3405.038574>) requested data for lock!
[21:27:01] Player (MADness, 76561198968762750)(<3383.022949, 31.461510, 3414.468994>) requested data for lock!
[21:27:01] Player (MADness, 76561198968762750)(<3276.376465, 34.151474, 4613.831055>) requested data for lock!
[21:27:01] Player (MADness, 76561198968762750)(<3585.483643, 23.219879, 4879.533691>) requested data for lock!
[21:37:27] Player ([R.E.D] The Old Man, 76561198162835454)(<8778.493164, 7.761222, 6659.283691>) requested data for lock!
[21:37:31] Player ([R.E.D] The Old Man, 76561198162835454)(<8816.708008, 6.980093, 6663.119141>) requested data for lock!
[21:40:48] Player (mumpitz, 76561198150836488)(<8778.493164, 7.761222, 6659.283691>) requested data for lock!
[21:40:53] Player (mumpitz, 76561198150836488)(<8816.708008, 6.980093, 6663.119141>) requested data for lock!
[21:50:41] Player (mumpitz, 76561198150836488)(<7008.073242, 2.844007, 5128.650879>) requested data for lock!
[21:50:45] Player (mumpitz, 76561198150836488)(<7000.379883, 1.131253, 5129.526855>) requested data for lock!
[21:50:47] Player (mumpitz, 76561198150836488)(<6995.516602, 1.199409, 5130.952148>) requested data for lock!
[22:09:21] Player (Majky, 76561198275611052)(<3276.376465, 34.151474, 4613.831055>) requested data for lock!
[22:09:21] Player (MADness, 76561198968762750)(<3276.376465, 34.151474, 4613.831055>) requested data for lock!
[22:09:21] Player (HrabefonVorezprut, 76561198065958810)(<3276.376465, 34.151474, 4613.831055>) requested data for lock!
[22:09:21] Player (Szymon Serepecky, 76561198048450442)(<3276.376465, 34.151474, 4613.831055>) requested data for lock!
[22:09:26] Player (Szymon Serepecky, 76561198048450442)(<3383.022949, 31.461510, 3414.468994>) requested data for lock!
[22:09:26] Player (MADness, 76561198968762750)(<3383.022949, 31.461510, 3414.468994>) requested data for lock!
[22:09:26] Player (Majky, 76561198275611052)(<3383.022949, 31.461510, 3414.468994>) requested data for lock!
[22:09:26] Player (HrabefonVorezprut, 76561198065958810)(<3383.022949, 31.461510, 3414.468994>) requested data for lock!
[22:09:26] Player (MADness, 76561198968762750)(<3378.214111, 29.675028, 3405.038574>) requested data for lock!
[22:09:26] Player (Majky, 76561198275611052)(<3378.214111, 29.675028, 3405.038574>) requested data for lock!
[22:09:26] Player (HrabefonVorezprut, 76561198065958810)(<3378.214111, 29.675028, 3405.038574>) requested data for lock!
[22:09:26] Player (Szymon Serepecky, 76561198048450442)(<3378.214111, 29.675028, 3405.038574>) requested data for lock!
[22:09:32] Player (Szymon Serepecky, 76561198048450442)(<3585.483643, 23.219879, 4879.533691>) requested data for lock!
[22:09:32] Player (HrabefonVorezprut, 76561198065958810)(<3585.483643, 23.219879, 4879.533691>) requested data for lock!
[22:09:32] Player (Majky, 76561198275611052)(<3585.483643, 23.219879, 4879.533691>) requested data for lock!
[22:09:32] Player (MADness, 76561198968762750)(<3585.483643, 23.219879, 4879.533691>) requested data for lock!
[22:09:33] Player (Majky, 76561198275611052)(<3421.042480, 15.097157, 5042.374512>) requested data for lock!
[22:09:33] Player (Szymon Serepecky, 76561198048450442)(<3421.042480, 15.097157, 5042.374512>) requested data for lock!
[22:09:33] Player (HrabefonVorezprut, 76561198065958810)(<3421.042480, 15.097157, 5042.374512>) requested data for lock!
[22:09:33] Player (Majky, 76561198275611052)(<3411.108643, 12.659751, 5048.064941>) requested data for lock!
[22:09:33] Player (MADness, 76561198968762750)(<3421.042480, 15.097157, 5042.374512>) requested data for lock!
[22:09:33] Player (Szymon Serepecky, 76561198048450442)(<3411.108643, 12.659751, 5048.064941>) requested data for lock!
[22:09:33] Player (HrabefonVorezprut, 76561198065958810)(<3411.108643, 12.659751, 5048.064941>) requested data for lock!
[22:09:33] Player (MADness, 76561198968762750)(<3411.108643, 12.659751, 5048.064941>) requested data for lock!
[22:10:30] Player (Szymon Serepecky, 76561198048450442)(<4489.105957, 1.163242, 3118.035645>) requested data for lock!
[22:10:30] Player (Majky, 76561198275611052)(<4489.105957, 1.163242, 3118.035645>) requested data for lock!
[22:10:30] Player (MADness, 76561198968762750)(<4489.105957, 1.163242, 3118.035645>) requested data for lock!
[22:10:31] Player (HrabefonVorezprut, 76561198065958810)(<4489.105957, 1.163242, 3118.035645>) requested data for lock!
[22:11:09] Player (HrabefonVorezprut, 76561198065958810)(<3276.376465, 34.151474, 4613.831055>) requested data for lock!
[22:11:10] Player (MADness, 76561198968762750)(<3276.376465, 34.151474, 4613.831055>) requested data for lock!
[22:11:21] Player (Majky, 76561198275611052)(<3276.376465, 34.151474, 4613.831055>) requested data for lock!
[22:11:26] Player (Szymon Serepecky, 76561198048450442)(<3276.376465, 34.151474, 4613.831055>) requested data for lock!
[22:11:57] Player (Majky, 76561198275611052)(<3276.376465, 34.151474, 4613.831055>) requested data for lock!
[22:14:23] Player (Szymon Serepecky, 76561198048450442)(<3383.022949, 31.461510, 3414.468994>) requested data for lock!
[22:14:25] Player (Szymon Serepecky, 76561198048450442)(<3378.214111, 29.675028, 3405.038574>) requested data for lock!
[22:14:44] Player (Majky, 76561198275611052)(<3383.022949, 31.461510, 3414.468994>) requested data for lock!
[22:15:26] Player (HrabefonVorezprut, 76561198065958810)(<4450.335449, 6.887537, 3090.050293>) requested data for lock!
[22:15:56] Player (Majky, 76561198275611052)(<3276.376465, 34.151474, 4613.831055>) requested data for lock!
[22:15:59] Player (HrabefonVorezprut, 76561198065958810)(<3922.433105, 41.602104, 2912.677246>) requested data for lock!
[22:16:17] Player (HrabefonVorezprut, 76561198065958810)(<3383.022949, 31.461510, 3414.468994>) requested data for lock!
[22:16:19] Player (HrabefonVorezprut, 76561198065958810)(<3378.214111, 29.675028, 3405.038574>) requested data for lock!
[22:18:26] Player (Szymon Serepecky, 76561198048450442)(<3383.022949, 31.461510, 3414.468994>) requested data for lock!
[22:18:37] Player (MADness, 76561198968762750)(<4450.335449, 6.887537, 3090.050293>) requested data for lock!
[22:18:37] Player (Majky, 76561198275611052)(<4450.335449, 6.887537, 3090.050293>) requested data for lock!
[22:18:37] Player (Szymon Serepecky, 76561198048450442)(<4450.335449, 6.887537, 3090.050293>) requested data for lock!
[22:19:28] Player (Majky, 76561198275611052)(<3276.376465, 34.151474, 4613.831055>) requested data for lock!
[22:21:36] Player (MADness, 76561198968762750)(<3383.022949, 31.461510, 3414.468994>) requested data for lock!
[22:21:38] Player (MADness, 76561198968762750)(<3378.214111, 29.675028, 3405.038574>) requested data for lock!
[22:22:15] Player (Majky, 76561198275611052)(<3383.022949, 31.461510, 3414.468994>) requested data for lock!
[22:22:18] Player (Majky, 76561198275611052)(<3378.214111, 29.675028, 3405.038574>) requested data for lock!
[22:25:09] Player (MADness, 76561198968762750)(<3383.022949, 31.461510, 3414.468994>) requested data for lock!
[22:25:14] Player (MADness, 76561198968762750)(<3383.022949, 31.461510, 3414.468994>) requested data for lock!
[22:27:24] Player (MADness, 76561198968762750)(<3383.022949, 31.461510, 3414.468994>) requested data for lock!
[22:27:44] Player (Majky, 76561198275611052)(<3383.022949, 31.461510, 3414.468994>) requested data for lock!
[22:27:57] Player (MADness, 76561198968762750)(<3383.022949, 31.461510, 3414.468994>) requested data for lock!
[22:28:21] Player (Majky, 76561198275611052)(<3383.022949, 31.461510, 3414.468994>) requested data for lock!
[22:31:11] Player (Majky, 76561198275611052)(<3383.022949, 31.461510, 3414.468994>) requested data for lock!
[22:31:13] Player (Majky, 76561198275611052)(<3378.214111, 29.675028, 3405.038574>) requested data for lock!
[22:31:20] Player ([R.E.D] The Old Man, 76561198162835454)(<6995.516602, 1.199409, 5130.952148>) requested data for lock!
[22:31:20] Player (MADness, 76561198968762750)(<3383.022949, 31.461510, 3414.468994>) requested data for lock!
[22:31:20] Player ([R.E.D] The Old Man, 76561198162835454)(<7000.379883, 1.131253, 5129.526855>) requested data for lock!
[22:31:20] Player (Majky, 76561198275611052)(<3378.214111, 29.675028, 3405.038574>) requested data for lock!
[22:31:21] Player ([R.E.D] The Old Man, 76561198162835454)(<7008.073242, 2.844007, 5128.650879>) requested data for lock!
[22:31:22] Player (MADness, 76561198968762750)(<3378.214111, 29.675028, 3405.038574>) requested data for lock!
[22:32:55] Player (Majky, 76561198275611052)(<3378.214111, 29.675028, 3405.038574>) requested data for lock!
[22:36:36] Player ([Chill] Rehy_CZ, 76561198292022430)(<3378.214111, 29.675028, 3405.038574>) requested data for lock!
[22:36:36] Player ([Chill] Rehy_CZ, 76561198292022430)(<3922.433105, 41.602104, 2912.677246>) requested data for lock!
[22:36:36] Player ([Chill] Rehy_CZ, 76561198292022430)(<3383.022949, 31.461510, 3414.468994>) requested data for lock!
[22:46:46] Player (Szymon Serepecky, 76561198048450442)(<3276.376465, 34.151474, 4613.831055>) requested data for lock!
[22:46:46] Player (Szymon Serepecky, 76561198048450442)(<3585.483643, 23.219879, 4879.533691>) requested data for lock!
[22:47:18] Player (Szymon Serepecky, 76561198048450442)(<4489.105957, 1.163242, 3118.035645>) requested data for lock!
[22:51:20] Player (Szymon Serepecky, 76561198048450442)(<3421.042480, 15.097157, 5042.374512>) requested data for lock!
[22:51:21] Player (Szymon Serepecky, 76561198048450442)(<3411.108643, 12.659751, 5048.064941>) requested data for lock!
[22:52:12] Player (Szymon Serepecky, 76561198048450442)(<4380.106445, 2.076707, 5958.709961>) requested data for lock!
[22:52:12] Player (Szymon Serepecky, 76561198048450442)(<4379.876953, 2.008279, 5963.796387>) requested data for lock!
[22:52:13] Player (Szymon Serepecky, 76561198048450442)(<4378.048340, 1.954537, 5968.927246>) requested data for lock!
[22:52:14] Player (Szymon Serepecky, 76561198048450442)(<4373.662109, 3.838867, 5976.322266>) requested data for lock!
[22:52:48] Player (Szymon Serepecky, 76561198048450442)(<2436.508545, 53.178806, 5278.377441>) requested data for lock!
[22:52:48] Player (Szymon Serepecky, 76561198048450442)(<2435.960938, 55.353981, 5288.420898>) requested data for lock!
[22:56:45] Player ([Chill] Rehy_CZ, 76561198292022430)(<4450.335449, 6.887537, 3090.050293>) requested data for lock!
[23:54:26] Player (Szymon Serepecky, 76561198048450442)(<2435.960938, 55.353981, 5288.420898>) requested data for lock!
[23:54:27] Player (Szymon Serepecky, 76561198048450442)(<2436.508545, 53.178806, 5278.377441>) requested data for lock!
[23:56:03] Player (Szymon Serepecky, 76561198048450442)(<3411.108643, 12.659751, 5048.064941>) requested data for lock!
[23:56:04] Player (Szymon Serepecky, 76561198048450442)(<3421.042480, 15.097157, 5042.374512>) requested data for lock!
[23:56:10] Player (Szymon Serepecky, 76561198048450442)(<3276.376465, 34.151474, 4613.831055>) requested data for lock!
[23:56:16] Player (Szymon Serepecky, 76561198048450442)(<3585.483643, 23.219879, 4879.533691>) requested data for lock!
