[08-10-2022][00.02.32] New Synch Log File Created!
[08-10-2022][00.14.38] Log file reloaded ( Server Restart )
[02:21:32] Player ([Chill] Rehy_CZ, 76561198292022430)(<2435.960938, 55.353981, 5288.420898>) requested data for lock!
[02:21:33] Player ([Chill] Rehy_CZ, 76561198292022430)(<2436.508545, 53.178806, 5278.377441>) requested data for lock!
[02:22:57] Player ([Chill] Rehy_CZ, 76561198292022430)(<3411.108643, 12.659751, 5048.064941>) requested data for lock!
[02:22:58] Player ([Chill] Rehy_CZ, 76561198292022430)(<3421.042480, 15.097157, 5042.374512>) requested data for lock!
[02:24:01] Player ([Chill] Rehy_CZ, 76561198292022430)(<3585.483643, 23.219879, 4879.533691>) requested data for lock!
[02:24:36] Player ([Chill] Rehy_CZ, 76561198292022430)(<3276.376465, 34.151474, 4613.831055>) requested data for lock!
[02:35:57] Player ([Chill] Rehy_CZ, 76561198292022430)(<3381.419678, 30.414505, 3427.238281>) requested data for lock!
[02:36:59] Player ([Chill] Rehy_CZ, 76561198292022430)(<3383.022949, 31.461510, 3414.468994>) requested data for lock!
[02:39:21] Player ([Chill] Rehy_CZ, 76561198292022430)(<4489.105957, 1.163242, 3118.035645>) requested data for lock!
[02:39:29] Player ([Chill] Rehy_CZ, 76561198292022430)(<4450.335449, 6.887537, 3090.050293>) requested data for lock!
[02:39:32] Player ([Chill] Rehy_CZ, 76561198292022430)(<3381.419678, 30.414505, 3427.238281>) requested data for lock!
[02:39:33] Player ([Chill] Rehy_CZ, 76561198292022430)(<3383.022949, 31.461510, 3414.468994>) requested data for lock!
[02:39:55] Player ([Chill] Rehy_CZ, 76561198292022430)(<3276.376465, 34.151474, 4613.831055>) requested data for lock!
[02:40:06] Player ([Chill] Rehy_CZ, 76561198292022430)(<3381.419678, 30.414505, 3427.238281>) requested data for lock!
[02:40:07] Player ([Chill] Rehy_CZ, 76561198292022430)(<3383.022949, 31.461510, 3414.468994>) requested data for lock!
[02:40:09] Player ([Chill] Rehy_CZ, 76561198292022430)(<3378.214111, 29.675028, 3405.038574>) requested data for lock!
[03:45:30] Player (MacMarra, 76561198325426713)(<6995.516602, 1.199409, 5130.952148>) requested data for lock!
[03:45:31] Player (MacMarra, 76561198325426713)(<7000.379883, 1.131253, 5129.526855>) requested data for lock!
[03:45:32] Player (MacMarra, 76561198325426713)(<7008.073242, 2.844007, 5128.650879>) requested data for lock!
[03:56:41] Player (MacMarra, 76561198325426713)(<7008.073242, 2.844007, 5128.650879>) requested data for lock!
[03:56:46] Player (MacMarra, 76561198325426713)(<7008.073242, 2.844007, 5128.650879>) requested data for lock!
[03:56:54] Player (MacMarra, 76561198325426713)(<7000.379883, 1.131253, 5129.526855>) requested data for lock!
[03:56:55] Player (MacMarra, 76561198325426713)(<7008.073242, 2.844007, 5128.650879>) requested data for lock!
[03:57:14] Player (MacMarra, 76561198325426713)(<7008.073242, 2.844007, 5128.650879>) requested data for lock!
[03:57:20] Player (MacMarra, 76561198325426713)(<7008.073242, 2.844007, 5128.650879>) requested data for lock!
[03:57:26] Player (MacMarra, 76561198325426713)(<7008.073242, 2.844007, 5128.650879>) requested data for lock!
[08-10-2022][04.02.29] Log file reloaded ( Server Restart )
[08-10-2022][04.14.41] Log file reloaded ( Server Restart )
[05:11:07] Player (AGSN-SN1PER, 76561198123320474)(<8940.941406, 11.078473, 7995.913574>) requested data for lock!
[07:25:25] Player (Majky, 76561198275611052)(<6995.516602, 1.199409, 5130.952148>) requested data for lock!
[07:25:25] Player (Majky, 76561198275611052)(<7008.073242, 2.844007, 5128.650879>) requested data for lock!
[07:25:25] Player (Majky, 76561198275611052)(<7000.379883, 1.131253, 5129.526855>) requested data for lock!
[08-10-2022][08.02.42] Log file reloaded ( Server Restart )
[08:39:58] Player (Majky, 76561198275611052)(<7000.379883, 1.131253, 5129.526855>) requested data for lock!
[08:39:58] Player (Majky, 76561198275611052)(<6995.516602, 1.199409, 5130.952148>) requested data for lock!
[08:39:58] Player (Majky, 76561198275611052)(<7008.073242, 2.844007, 5128.650879>) requested data for lock!
[08:42:25] Player (Majky, 76561198275611052)(<8778.493164, 7.761222, 6659.283691>) requested data for lock!
[08:42:27] Player (Majky, 76561198275611052)(<8816.708008, 6.980093, 6663.119141>) requested data for lock!
[08:49:03] Player (Majky, 76561198275611052)(<8778.493164, 7.761222, 6659.283691>) requested data for lock!
[08:49:03] Player (Majky, 76561198275611052)(<8816.708008, 6.980093, 6663.119141>) requested data for lock!
[09:21:56] Player (Ganhikus, 76561198124210347)(<8940.941406, 11.078473, 7995.913574>) requested data for lock!
[09:23:57] Player (StaryKojot, 76561198080276111)(<6995.516602, 1.199409, 5130.952148>) requested data for lock!
[09:23:57] Player (StaryKojot, 76561198080276111)(<7000.379883, 1.131253, 5129.526855>) requested data for lock!
[09:23:58] Player (StaryKojot, 76561198080276111)(<7008.073242, 2.844007, 5128.650879>) requested data for lock!
[09:25:25] Player (Ganhikus, 76561198124210347)(<8778.493164, 7.761222, 6659.283691>) requested data for lock!
[09:25:29] Player (Ganhikus, 76561198124210347)(<8816.708008, 6.980093, 6663.119141>) requested data for lock!
[09:30:59] Player (MADness, 76561198968762750)(<7000.379883, 1.131253, 5129.526855>) requested data for lock!
[09:30:59] Player (MADness, 76561198968762750)(<6995.516602, 1.199409, 5130.952148>) requested data for lock!
[09:30:59] Player (MADness, 76561198968762750)(<7008.073242, 2.844007, 5128.650879>) requested data for lock!
[09:37:56] Player (StaryKojot, 76561198080276111)(<4380.106445, 2.076707, 5958.709961>) requested data for lock!
[09:37:56] Player (StaryKojot, 76561198080276111)(<4379.876953, 2.008279, 5963.796387>) requested data for lock!
[09:37:56] Player (MADness, 76561198968762750)(<4379.876953, 2.008279, 5963.796387>) requested data for lock!
[09:37:56] Player (MADness, 76561198968762750)(<4380.106445, 2.076707, 5958.709961>) requested data for lock!
[09:37:56] Player (StaryKojot, 76561198080276111)(<4378.048340, 1.954537, 5968.927246>) requested data for lock!
[09:37:56] Player (MADness, 76561198968762750)(<4378.048340, 1.954537, 5968.927246>) requested data for lock!
[09:37:56] Player (StaryKojot, 76561198080276111)(<4373.662109, 3.838867, 5976.322266>) requested data for lock!
[09:37:56] Player (MADness, 76561198968762750)(<4373.662109, 3.838867, 5976.322266>) requested data for lock!
[09:42:53] Player (MADness, 76561198968762750)(<2435.960938, 55.353981, 5288.420898>) requested data for lock!
[09:42:53] Player (StaryKojot, 76561198080276111)(<2435.960938, 55.353981, 5288.420898>) requested data for lock!
[09:42:53] Player (StaryKojot, 76561198080276111)(<3411.108643, 12.659751, 5048.064941>) requested data for lock!
[09:42:53] Player (MADness, 76561198968762750)(<3411.108643, 12.659751, 5048.064941>) requested data for lock!
[09:42:54] Player (MADness, 76561198968762750)(<2436.508545, 53.178806, 5278.377441>) requested data for lock!
[09:42:54] Player (StaryKojot, 76561198080276111)(<2436.508545, 53.178806, 5278.377441>) requested data for lock!
[09:42:54] Player (StaryKojot, 76561198080276111)(<3421.042480, 15.097157, 5042.374512>) requested data for lock!
[09:42:54] Player (MADness, 76561198968762750)(<3421.042480, 15.097157, 5042.374512>) requested data for lock!
[09:43:56] Player (StaryKojot, 76561198080276111)(<3585.483643, 23.219879, 4879.533691>) requested data for lock!
[09:43:57] Player (MADness, 76561198968762750)(<3585.483643, 23.219879, 4879.533691>) requested data for lock!
[09:44:10] Player (StaryKojot, 76561198080276111)(<3276.376465, 34.151474, 4613.831055>) requested data for lock!
[09:44:10] Player (MADness, 76561198968762750)(<3276.376465, 34.151474, 4613.831055>) requested data for lock!
[10:03:09] Player (StaryKojot, 76561198080276111)(<3381.419678, 30.414505, 3427.238281>) requested data for lock!
[10:03:10] Player (StaryKojot, 76561198080276111)(<3383.022949, 31.461510, 3414.468994>) requested data for lock!
[10:03:11] Player (StaryKojot, 76561198080276111)(<3378.214111, 29.675028, 3405.038574>) requested data for lock!
[10:09:51] Player (Pavel (CZ), 76561198192721949)(<4373.662109, 3.838867, 5976.322266>) requested data for lock!
[10:09:54] Player (Pavel (CZ), 76561198192721949)(<4378.048340, 1.954537, 5968.927246>) requested data for lock!
[10:09:55] Player (Pavel (CZ), 76561198192721949)(<4379.876953, 2.008279, 5963.796387>) requested data for lock!
[10:09:55] Player (Pavel (CZ), 76561198192721949)(<4380.106445, 2.076707, 5958.709961>) requested data for lock!
[10:16:31] Player (Pavel (CZ), 76561198192721949)(<3411.108643, 12.659751, 5048.064941>) requested data for lock!
[10:16:32] Player (Pavel (CZ), 76561198192721949)(<3421.042480, 15.097157, 5042.374512>) requested data for lock!
[10:16:37] Player (Pavel (CZ), 76561198192721949)(<2435.960938, 55.353981, 5288.420898>) requested data for lock!
[10:16:41] Player (Pavel (CZ), 76561198192721949)(<2435.960938, 55.353981, 5288.420898>) requested data for lock!
[10:16:46] Player (Pavel (CZ), 76561198192721949)(<2436.508545, 53.178806, 5278.377441>) requested data for lock!
[10:17:53] Player (Pavel (CZ), 76561198192721949)(<3585.483643, 23.219879, 4879.533691>) requested data for lock!
[10:18:26] Player (Pavel (CZ), 76561198192721949)(<3276.376465, 34.151474, 4613.831055>) requested data for lock!
[10:25:47] Player (Bflame, 76561198072840834)(<4489.105957, 1.163242, 3118.035645>) requested data for lock!
[10:25:47] Player (Bflame, 76561198072840834)(<3276.376465, 34.151474, 4613.831055>) requested data for lock!
[10:25:47] Player (Bflame, 76561198072840834)(<3383.022949, 31.461510, 3414.468994>) requested data for lock!
[10:25:47] Player (Bflame, 76561198072840834)(<3381.419678, 30.414505, 3427.238281>) requested data for lock!
[10:25:47] Player (Bflame, 76561198072840834)(<3378.214111, 29.675028, 3405.038574>) requested data for lock!
[10:25:47] Player (Bflame, 76561198072840834)(<3585.483643, 23.219879, 4879.533691>) requested data for lock!
[10:27:59] Player (Bflame, 76561198072840834)(<3378.214111, 29.675028, 3405.038574>) requested data for lock!
[10:29:30] Player (Bflame, 76561198072840834)(<3381.419678, 30.414505, 3427.238281>) requested data for lock!
[10:29:31] Player (Bflame, 76561198072840834)(<3383.022949, 31.461510, 3414.468994>) requested data for lock!
[10:29:32] Player (Bflame, 76561198072840834)(<3378.214111, 29.675028, 3405.038574>) requested data for lock!
[10:31:25] Player (Bflame, 76561198072840834)(<3585.483643, 23.219879, 4879.533691>) requested data for lock!
[10:31:41] Player (Bflame, 76561198072840834)(<3585.483643, 23.219879, 4879.533691>) requested data for lock!
[10:31:49] Player (Pavel (CZ), 76561198192721949)(<3381.419678, 30.414505, 3427.238281>) requested data for lock!
[10:31:50] Player (Pavel (CZ), 76561198192721949)(<3383.022949, 31.461510, 3414.468994>) requested data for lock!
[10:32:03] Player (Pavel (CZ), 76561198192721949)(<3378.214111, 29.675028, 3405.038574>) requested data for lock!
[10:33:17] Player (Bflame, 76561198072840834)(<3276.376465, 34.151474, 4613.831055>) requested data for lock!
[10:34:00] Player (Pavel (CZ), 76561198192721949)(<4489.105957, 1.163242, 3118.035645>) requested data for lock!
[10:36:20] Player (Pavel (CZ), 76561198192721949)(<3276.376465, 34.151474, 4613.831055>) requested data for lock!
[10:37:19] Player (Pavel (CZ), 76561198192721949)(<4450.335449, 6.887537, 3090.050293>) requested data for lock!
[10:37:20] Player (Bflame, 76561198072840834)(<3276.376465, 34.151474, 4613.831055>) requested data for lock!
[10:37:28] Player (Bflame, 76561198072840834)(<3421.042480, 15.097157, 5042.374512>) requested data for lock!
[10:37:28] Player (Bflame, 76561198072840834)(<3411.108643, 12.659751, 5048.064941>) requested data for lock!
[10:38:32] Player (Bflame, 76561198072840834)(<2436.508545, 53.178806, 5278.377441>) requested data for lock!
[10:38:32] Player (Bflame, 76561198072840834)(<2435.960938, 55.353981, 5288.420898>) requested data for lock!
[10:40:39] Player (Bflame, 76561198072840834)(<4380.106445, 2.076707, 5958.709961>) requested data for lock!
[10:40:40] Player (Bflame, 76561198072840834)(<4379.876953, 2.008279, 5963.796387>) requested data for lock!
[10:40:41] Player (Bflame, 76561198072840834)(<4378.048340, 1.954537, 5968.927246>) requested data for lock!
[10:40:42] Player (Bflame, 76561198072840834)(<4373.662109, 3.838867, 5976.322266>) requested data for lock!
[10:54:02] Player (Bflame, 76561198072840834)(<2436.508545, 53.178806, 5278.377441>) requested data for lock!
[10:54:02] Player (Bflame, 76561198072840834)(<2435.960938, 55.353981, 5288.420898>) requested data for lock!
[11:14:54] Player (Bflame, 76561198072840834)(<4489.105957, 1.163242, 3118.035645>) requested data for lock!
[11:14:55] Player (Bflame, 76561198072840834)(<4450.335449, 6.887537, 3090.050293>) requested data for lock!
[11:15:01] Player (Bflame, 76561198072840834)(<5703.666016, 4.296862, 3579.834473>) requested data for lock!
[11:15:01] Player (Bflame, 76561198072840834)(<5704.501465, 4.296862, 3574.349854>) requested data for lock!
[11:25:42] Player (Pavel (CZ), 76561198192721949)(<4450.335449, 6.887537, 3090.050293>) requested data for lock!
[11:25:42] Player (Pavel (CZ), 76561198192721949)(<4489.105957, 1.163242, 3118.035645>) requested data for lock!
[11:26:38] Player (Pavel (CZ), 76561198192721949)(<3922.433105, 41.602104, 2912.677246>) requested data for lock!
[11:26:53] Player (Pavel (CZ), 76561198192721949)(<3383.022949, 31.461510, 3414.468994>) requested data for lock!
[11:26:54] Player (Pavel (CZ), 76561198192721949)(<3381.419678, 30.414505, 3427.238281>) requested data for lock!
[11:26:55] Player (Pavel (CZ), 76561198192721949)(<3378.214111, 29.675028, 3405.038574>) requested data for lock!
[11:37:31] Player (MacMarra, 76561198325426713)(<6995.516602, 1.199409, 5130.952148>) requested data for lock!
[11:37:35] Player (MacMarra, 76561198325426713)(<6995.516602, 1.199409, 5130.952148>) requested data for lock!
[11:37:42] Player (MacMarra, 76561198325426713)(<7000.379883, 1.131253, 5129.526855>) requested data for lock!
[11:38:09] Player (MacMarra, 76561198325426713)(<6995.516602, 1.199409, 5130.952148>) requested data for lock!
[11:38:21] Player (MacMarra, 76561198325426713)(<6995.516602, 1.199409, 5130.952148>) requested data for lock!
[11:38:22] Player (MacMarra, 76561198325426713)(<7000.379883, 1.131253, 5129.526855>) requested data for lock!
[11:38:23] Player (MacMarra, 76561198325426713)(<7008.073242, 2.844007, 5128.650879>) requested data for lock!
[11:38:56] Player (MacMarra, 76561198325426713)(<7000.379883, 1.131253, 5129.526855>) requested data for lock!
[11:38:59] Player (MacMarra, 76561198325426713)(<7008.073242, 2.844007, 5128.650879>) requested data for lock!
[11:39:25] Player (MacMarra, 76561198325426713)(<7000.379883, 1.131253, 5129.526855>) requested data for lock!
[11:39:27] Player (MacMarra, 76561198325426713)(<7008.073242, 2.844007, 5128.650879>) requested data for lock!
[11:39:41] Player (MacMarra, 76561198325426713)(<7008.073242, 2.844007, 5128.650879>) requested data for lock!
[11:40:08] Player (MacMarra, 76561198325426713)(<7008.073242, 2.844007, 5128.650879>) requested data for lock!
[11:54:02] Player (MacMarra, 76561198325426713)(<4379.876953, 2.008279, 5963.796387>) requested data for lock!
[11:54:02] Player (MacMarra, 76561198325426713)(<4380.106445, 2.076707, 5958.709961>) requested data for lock!
[11:54:02] Player (MacMarra, 76561198325426713)(<4378.048340, 1.954537, 5968.927246>) requested data for lock!
[11:54:03] Player (MacMarra, 76561198325426713)(<4373.662109, 3.838867, 5976.322266>) requested data for lock!
[08-10-2022][12.02.34] Log file reloaded ( Server Restart )
[12:31:45] Player (Pavel (CZ), 76561198192721949)(<3922.433105, 41.602104, 2912.677246>) requested data for lock!
[12:31:45] Player (Pavel (CZ), 76561198192721949)(<4489.105957, 1.163242, 3118.035645>) requested data for lock!
[12:31:45] Player (Pavel (CZ), 76561198192721949)(<4450.335449, 6.887537, 3090.050293>) requested data for lock!
[12:56:13] Player (Bflame, 76561198072840834)(<7775.609863, 4.453664, 789.851563>) requested data for lock!
[12:56:13] Player (Bflame, 76561198072840834)(<7784.830566, 4.453664, 786.340027>) requested data for lock!
[12:56:13] Player (Bflame, 76561198072840834)(<7775.624023, 4.453664, 789.218628>) requested data for lock!
[12:57:31] Player (Gromla, 76561198132655526)(<8940.941406, 11.078473, 7995.913574>) requested data for lock!
[12:59:37] Player (Gromla, 76561198132655526)(<8778.493164, 7.761222, 6659.283691>) requested data for lock!
[12:59:40] Player (Gromla, 76561198132655526)(<8816.708008, 6.980093, 6663.119141>) requested data for lock!
[13:04:29] Player (Bflame, 76561198072840834)(<7775.609863, 4.453664, 789.851563>) requested data for lock!
[13:04:29] Player (Bflame, 76561198072840834)(<7775.624023, 4.453664, 789.218628>) requested data for lock!
[13:05:31] Player (Bflame, 76561198072840834)(<7775.609863, 4.453664, 789.851563>) requested data for lock!
[13:05:31] Player (Bflame, 76561198072840834)(<7775.624023, 4.453664, 789.218628>) requested data for lock!
[13:05:40] Player (Bflame, 76561198072840834)(<7784.830566, 4.453664, 786.340027>) requested data for lock!
[13:07:23] Player (Bflame, 76561198072840834)(<7775.609863, 4.453664, 789.851563>) requested data for lock!
[13:07:24] Player (Bflame, 76561198072840834)(<7775.624023, 4.453664, 789.218628>) requested data for lock!
[13:07:33] Player (Bflame, 76561198072840834)(<7784.830566, 4.453664, 786.340027>) requested data for lock!
[13:13:31] Player (Gromla, 76561198132655526)(<8816.708008, 6.980093, 6663.119141>) requested data for lock!
[13:13:32] Player (Gromla, 76561198132655526)(<8778.493164, 7.761222, 6659.283691>) requested data for lock!
[13:13:58] Player (Pavel (CZ), 76561198192721949)(<8940.941406, 11.078473, 7995.913574>) requested data for lock!
[13:21:40] Player (Gromla, 76561198132655526)(<8778.493164, 7.761222, 6659.283691>) requested data for lock!
[13:21:53] Player (Gromla, 76561198132655526)(<8778.493164, 7.761222, 6659.283691>) requested data for lock!
[13:22:44] Player (Gromla, 76561198132655526)(<8778.493164, 7.761222, 6659.283691>) requested data for lock!
[13:24:22] Player (Gromla, 76561198132655526)(<7008.073242, 2.844007, 5128.650879>) requested data for lock!
[13:24:25] Player (Gromla, 76561198132655526)(<7000.379883, 1.131253, 5129.526855>) requested data for lock!
[13:24:26] Player (Gromla, 76561198132655526)(<6995.516602, 1.199409, 5130.952148>) requested data for lock!
[13:25:06] Player (Gromla, 76561198132655526)(<7000.379883, 1.131253, 5129.526855>) requested data for lock!
[13:26:09] Player (Gromla, 76561198132655526)(<7000.379883, 1.131253, 5129.526855>) requested data for lock!
[13:26:12] Player (Gromla, 76561198132655526)(<7000.379883, 1.131253, 5129.526855>) requested data for lock!
[13:26:13] Player (Gromla, 76561198132655526)(<6995.516602, 1.199409, 5130.952148>) requested data for lock!
[13:27:27] Player (Gromla, 76561198132655526)(<7000.379883, 1.131253, 5129.526855>) requested data for lock!
[13:27:27] Player (Gromla, 76561198132655526)(<6995.516602, 1.199409, 5130.952148>) requested data for lock!
[13:28:24] Player (Gromla, 76561198132655526)(<7000.379883, 1.131253, 5129.526855>) requested data for lock!
[13:28:25] Player (Gromla, 76561198132655526)(<6995.516602, 1.199409, 5130.952148>) requested data for lock!
[13:37:11] Player (Gromla, 76561198132655526)(<8778.493164, 7.761222, 6659.283691>) requested data for lock!
[13:37:19] Player (Gromla, 76561198132655526)(<8816.708008, 6.980093, 6663.119141>) requested data for lock!
[13:38:15] Player (Gromla, 76561198132655526)(<8816.708008, 6.980093, 6663.119141>) requested data for lock!
[13:39:43] Player (Gromla, 76561198132655526)(<7008.073242, 2.844007, 5128.650879>) requested data for lock!
[13:39:44] Player (Gromla, 76561198132655526)(<7000.379883, 1.131253, 5129.526855>) requested data for lock!
[13:39:45] Player (Gromla, 76561198132655526)(<6995.516602, 1.199409, 5130.952148>) requested data for lock!
[13:52:38] Player (Gromla, 76561198132655526)(<7008.073242, 2.844007, 5128.650879>) requested data for lock!
[13:53:07] Player (Gromla, 76561198132655526)(<7000.379883, 1.131253, 5129.526855>) requested data for lock!
[13:53:09] Player (Gromla, 76561198132655526)(<7000.379883, 1.131253, 5129.526855>) requested data for lock!
[13:53:15] Player (Gromla, 76561198132655526)(<7008.073242, 2.844007, 5128.650879>) requested data for lock!
[13:53:38] Player (Gromla, 76561198132655526)(<7008.073242, 2.844007, 5128.650879>) requested data for lock!
[13:53:52] Player (Gromla, 76561198132655526)(<7008.073242, 2.844007, 5128.650879>) requested data for lock!
[13:54:26] Player (Gromla, 76561198132655526)(<7008.073242, 2.844007, 5128.650879>) requested data for lock!
[13:55:01] Player (Gromla, 76561198132655526)(<6995.516602, 1.199409, 5130.952148>) requested data for lock!
[13:55:09] Player (Gromla, 76561198132655526)(<7000.379883, 1.131253, 5129.526855>) requested data for lock!
[13:55:10] Player (Gromla, 76561198132655526)(<7008.073242, 2.844007, 5128.650879>) requested data for lock!
[13:56:02] Player (Gromla, 76561198132655526)(<6995.516602, 1.199409, 5130.952148>) requested data for lock!
[13:56:03] Player (Gromla, 76561198132655526)(<7000.379883, 1.131253, 5129.526855>) requested data for lock!
[13:56:04] Player (Gromla, 76561198132655526)(<7008.073242, 2.844007, 5128.650879>) requested data for lock!
[13:59:27] Player (Majky, 76561198275611052)(<8816.708008, 6.980093, 6663.119141>) requested data for lock!
[13:59:27] Player (Majky, 76561198275611052)(<8778.493164, 7.761222, 6659.283691>) requested data for lock!
[14:15:48] Player (Gromla, 76561198132655526)(<5703.666016, 4.296862, 3579.834473>) requested data for lock!
[14:15:49] Player (Gromla, 76561198132655526)(<5704.501465, 4.296862, 3574.349854>) requested data for lock!
[14:17:51] Player (Majky, 76561198275611052)(<7008.073242, 2.844007, 5128.650879>) requested data for lock!
[14:17:51] Player (Majky, 76561198275611052)(<7000.379883, 1.131253, 5129.526855>) requested data for lock!
[14:17:51] Player (Majky, 76561198275611052)(<6995.516602, 1.199409, 5130.952148>) requested data for lock!
[14:18:48] Player (Majky, 76561198275611052)(<4380.106445, 2.076707, 5958.709961>) requested data for lock!
[14:18:48] Player (Majky, 76561198275611052)(<4379.876953, 2.008279, 5963.796387>) requested data for lock!
[14:18:48] Player (Majky, 76561198275611052)(<4378.048340, 1.954537, 5968.927246>) requested data for lock!
[14:18:48] Player (Majky, 76561198275611052)(<4373.662109, 3.838867, 5976.322266>) requested data for lock!
[14:58:42] Player (Bflame, 76561198072840834)(<7008.073242, 2.844007, 5128.650879>) requested data for lock!
[14:58:43] Player (Bflame, 76561198072840834)(<7000.379883, 1.131253, 5129.526855>) requested data for lock!
[14:58:43] Player (Bflame, 76561198072840834)(<6995.516602, 1.199409, 5130.952148>) requested data for lock!
[14:59:13] Player (Bflame, 76561198072840834)(<5704.501465, 4.296862, 3574.349854>) requested data for lock!
[14:59:13] Player (Bflame, 76561198072840834)(<5703.666016, 4.296862, 3579.834473>) requested data for lock!
[08-10-2022][15.41.54] Log file reloaded ( Server Restart )
[08-10-2022][16.02.27] Log file reloaded ( Server Restart )
[16:41:37] Player (Honzin26, 76561199121361866)(<8940.941406, 11.078473, 7995.913574>) requested data for lock!
[16:44:04] Player (Honzin26, 76561199121361866)(<8778.493164, 7.761222, 6659.283691>) requested data for lock!
[16:44:07] Player (Honzin26, 76561199121361866)(<8816.708008, 6.980093, 6663.119141>) requested data for lock!
[16:54:48] Player (Bflame, 76561198072840834)(<5704.501465, 4.296862, 3574.349854>) requested data for lock!
[16:54:48] Player (Bflame, 76561198072840834)(<5703.666016, 4.296862, 3579.834473>) requested data for lock!
[16:58:47] Player (Bflame, 76561198072840834)(<4489.105957, 1.163242, 3118.035645>) requested data for lock!
[16:58:48] Player (Bflame, 76561198072840834)(<4450.335449, 6.887537, 3090.050293>) requested data for lock!
[16:59:00] Player (Bflame, 76561198072840834)(<3922.433105, 41.602104, 2912.677246>) requested data for lock!
[16:59:30] Player (Bflame, 76561198072840834)(<5704.501465, 4.296862, 3574.349854>) requested data for lock!
[16:59:30] Player (Bflame, 76561198072840834)(<5703.666016, 4.296862, 3579.834473>) requested data for lock!
[17:00:39] Player (Bflame, 76561198072840834)(<3383.022949, 31.461510, 3414.468994>) requested data for lock!
[17:00:40] Player (Bflame, 76561198072840834)(<3378.214111, 29.675028, 3405.038574>) requested data for lock!
[17:00:40] Player (Bflame, 76561198072840834)(<3381.419678, 30.414505, 3427.238281>) requested data for lock!
[17:01:38] Player (BossTomas, 76561198096620521)(<3585.483643, 23.219879, 4879.533691>) requested data for lock!
[17:01:38] Player (BossTomas, 76561198096620521)(<3276.376465, 34.151474, 4613.831055>) requested data for lock!
[17:01:38] Player (BossTomas, 76561198096620521)(<3381.419678, 30.414505, 3427.238281>) requested data for lock!
[17:01:52] Player (Honzin26, 76561199121361866)(<8778.493164, 7.761222, 6659.283691>) requested data for lock!
[17:01:53] Player (Honzin26, 76561199121361866)(<8816.708008, 6.980093, 6663.119141>) requested data for lock!
[17:02:51] Player (BossTomas, 76561198096620521)(<3381.419678, 30.414505, 3427.238281>) requested data for lock!
[17:03:06] Player (BossTomas, 76561198096620521)(<3383.022949, 31.461510, 3414.468994>) requested data for lock!
[17:04:07] Player (BossTomas, 76561198096620521)(<3381.419678, 30.414505, 3427.238281>) requested data for lock!
[17:04:45] Player (BossTomas, 76561198096620521)(<3421.042480, 15.097157, 5042.374512>) requested data for lock!
[17:04:46] Player (BossTomas, 76561198096620521)(<3411.108643, 12.659751, 5048.064941>) requested data for lock!
[17:08:10] Player (BossTomas, 76561198096620521)(<2436.508545, 53.178806, 5278.377441>) requested data for lock!
[17:08:10] Player (BossTomas, 76561198096620521)(<2435.960938, 55.353981, 5288.420898>) requested data for lock!
[17:08:21] Player (bLASKO, 76561198142976910)(<6995.516602, 1.199409, 5130.952148>) requested data for lock!
[17:08:22] Player (bLASKO, 76561198142976910)(<7000.379883, 1.131253, 5129.526855>) requested data for lock!
[17:08:22] Player (bLASKO, 76561198142976910)(<7008.073242, 2.844007, 5128.650879>) requested data for lock!
[17:09:25] Player (bLASKO, 76561198142976910)(<7008.073242, 2.844007, 5128.650879>) requested data for lock!
[17:14:43] Player (HrabefonVorezprut, 76561198065958810)(<4489.105957, 1.163242, 3118.035645>) requested data for lock!
[17:14:43] Player (HrabefonVorezprut, 76561198065958810)(<3922.433105, 41.602104, 2912.677246>) requested data for lock!
[17:14:43] Player (HrabefonVorezprut, 76561198065958810)(<4450.335449, 6.887537, 3090.050293>) requested data for lock!
[17:16:28] Player (bLASKO, 76561198142976910)(<4380.106445, 2.076707, 5958.709961>) requested data for lock!
[17:16:28] Player (bLASKO, 76561198142976910)(<4379.876953, 2.008279, 5963.796387>) requested data for lock!
[17:16:28] Player (bLASKO, 76561198142976910)(<4378.048340, 1.954537, 5968.927246>) requested data for lock!
[17:16:29] Player (bLASKO, 76561198142976910)(<4373.662109, 3.838867, 5976.322266>) requested data for lock!
[17:21:08] Player (MADness, 76561198968762750)(<4489.105957, 1.163242, 3118.035645>) requested data for lock!
[17:21:10] Player (MADness, 76561198968762750)(<3922.433105, 41.602104, 2912.677246>) requested data for lock!
[17:21:10] Player (MADness, 76561198968762750)(<4450.335449, 6.887537, 3090.050293>) requested data for lock!
[17:31:59] Player (Bflame, 76561198072840834)(<5703.666016, 4.296862, 3579.834473>) requested data for lock!
[17:32:00] Player (Bflame, 76561198072840834)(<5704.501465, 4.296862, 3574.349854>) requested data for lock!
[17:32:42] Player (Bflame, 76561198072840834)(<3585.483643, 23.219879, 4879.533691>) requested data for lock!
[17:32:51] Player (Bflame, 76561198072840834)(<3276.376465, 34.151474, 4613.831055>) requested data for lock!
[17:34:04] Player (MADness, 76561198968762750)(<2435.960938, 55.353981, 5288.420898>) requested data for lock!
[17:34:04] Player (MADness, 76561198968762750)(<2436.508545, 53.178806, 5278.377441>) requested data for lock!
[17:37:18] Player (bLASKO, 76561198142976910)(<3585.483643, 23.219879, 4879.533691>) requested data for lock!
[17:39:41] Player (MADness, 76561198968762750)(<2435.960938, 55.353981, 5288.420898>) requested data for lock!
[17:39:41] Player (MADness, 76561198968762750)(<2436.508545, 53.178806, 5278.377441>) requested data for lock!
[17:40:01] Player (BossTomas, 76561198096620521)(<2435.960938, 55.353981, 5288.420898>) requested data for lock!
[17:40:01] Player (BossTomas, 76561198096620521)(<2436.508545, 53.178806, 5278.377441>) requested data for lock!
[17:41:03] Player (MADness, 76561198968762750)(<3585.483643, 23.219879, 4879.533691>) requested data for lock!
[17:41:16] Player (MADness, 76561198968762750)(<3276.376465, 34.151474, 4613.831055>) requested data for lock!
[17:41:50] Player (Bflame, 76561198072840834)(<3276.376465, 34.151474, 4613.831055>) requested data for lock!
[17:43:24] Player (MADness, 76561198968762750)(<4450.335449, 6.887537, 3090.050293>) requested data for lock!
[17:43:42] Player (MADness, 76561198968762750)(<3381.419678, 30.414505, 3427.238281>) requested data for lock!
[17:45:34] Player (BossTomas, 76561198096620521)(<4373.662109, 3.838867, 5976.322266>) requested data for lock!
[17:45:36] Player (BossTomas, 76561198096620521)(<4378.048340, 1.954537, 5968.927246>) requested data for lock!
[17:45:37] Player (BossTomas, 76561198096620521)(<4379.876953, 2.008279, 5963.796387>) requested data for lock!
[17:45:37] Player (BossTomas, 76561198096620521)(<4380.106445, 2.076707, 5958.709961>) requested data for lock!
[17:49:45] Player (Bflame, 76561198072840834)(<4450.335449, 6.887537, 3090.050293>) requested data for lock!
[17:50:09] Player (Bflame, 76561198072840834)(<3276.376465, 34.151474, 4613.831055>) requested data for lock!
[17:52:16] Player (Bflame, 76561198072840834)(<4450.335449, 6.887537, 3090.050293>) requested data for lock!
[17:52:42] Player (Honzin26, 76561199121361866)(<8778.493164, 7.761222, 6659.283691>) requested data for lock!
[17:52:42] Player (Honzin26, 76561199121361866)(<8816.708008, 6.980093, 6663.119141>) requested data for lock!
[17:53:27] Player (HrabefonVorezprut, 76561198065958810)(<5703.666016, 4.296862, 3579.834473>) requested data for lock!
[17:53:27] Player (HrabefonVorezprut, 76561198065958810)(<5704.501465, 4.296862, 3574.349854>) requested data for lock!
[17:53:50] Player (MADness, 76561198968762750)(<3585.483643, 23.219879, 4879.533691>) requested data for lock!
[17:53:51] Player (MADness, 76561198968762750)(<3276.376465, 34.151474, 4613.831055>) requested data for lock!
[17:54:09] Player (Bflame, 76561198072840834)(<3276.376465, 34.151474, 4613.831055>) requested data for lock!
[17:54:59] Player (Bflame, 76561198072840834)(<3381.419678, 30.414505, 3427.238281>) requested data for lock!
[17:55:00] Player (Bflame, 76561198072840834)(<3383.022949, 31.461510, 3414.468994>) requested data for lock!
[17:55:02] Player (Bflame, 76561198072840834)(<3378.214111, 29.675028, 3405.038574>) requested data for lock!
[17:58:38] Player (Honzin26, 76561199121361866)(<7008.073242, 2.844007, 5128.650879>) requested data for lock!
[17:58:39] Player (Honzin26, 76561199121361866)(<7000.379883, 1.131253, 5129.526855>) requested data for lock!
[17:58:39] Player (Honzin26, 76561199121361866)(<6995.516602, 1.199409, 5130.952148>) requested data for lock!
[17:59:04] Player (Bflame, 76561198072840834)(<3383.022949, 31.461510, 3414.468994>) requested data for lock!
[17:59:06] Player (Bflame, 76561198072840834)(<3378.214111, 29.675028, 3405.038574>) requested data for lock!
[18:00:07] Player (Bflame, 76561198072840834)(<3381.419678, 30.414505, 3427.238281>) requested data for lock!
[18:00:08] Player (Bflame, 76561198072840834)(<3383.022949, 31.461510, 3414.468994>) requested data for lock!
[18:07:01] Player (Bflame, 76561198072840834)(<3381.419678, 30.414505, 3427.238281>) requested data for lock!
[18:07:01] Player (Bflame, 76561198072840834)(<3383.022949, 31.461510, 3414.468994>) requested data for lock!
[18:07:03] Player (Bflame, 76561198072840834)(<3378.214111, 29.675028, 3405.038574>) requested data for lock!
[18:09:22] Player (Bflame, 76561198072840834)(<3421.042480, 15.097157, 5042.374512>) requested data for lock!
[18:09:22] Player (Bflame, 76561198072840834)(<3411.108643, 12.659751, 5048.064941>) requested data for lock!
[18:09:50] Player (Bflame, 76561198072840834)(<2436.508545, 53.178806, 5278.377441>) requested data for lock!
[18:09:50] Player (Bflame, 76561198072840834)(<2435.960938, 55.353981, 5288.420898>) requested data for lock!
[18:19:20] Player (Bflame, 76561198072840834)(<4380.106445, 2.076707, 5958.709961>) requested data for lock!
[18:19:20] Player (Bflame, 76561198072840834)(<4379.876953, 2.008279, 5963.796387>) requested data for lock!
[18:19:20] Player (Bflame, 76561198072840834)(<4378.048340, 1.954537, 5968.927246>) requested data for lock!
[18:19:20] Player (Bflame, 76561198072840834)(<4373.662109, 3.838867, 5976.322266>) requested data for lock!
[08-10-2022][18.24.51] Log file reloaded ( Server Restart )
[18:30:02] Player (Honzin26, 76561199121361866)(<7008.073242, 2.844007, 5128.650879>) requested data for lock!
[18:30:02] Player (Honzin26, 76561199121361866)(<6995.516602, 1.199409, 5130.952148>) requested data for lock!
[18:30:02] Player (Honzin26, 76561199121361866)(<7000.379883, 1.131253, 5129.526855>) requested data for lock!
[18:32:09] Player (MaxKulera, 76561198022261489)(<8940.941406, 11.078473, 7995.913574>) requested data for lock!
[18:38:56] Player (Majky, 76561198275611052)(<4379.876953, 2.008279, 5963.796387>) requested data for lock!
[18:38:56] Player (Majky, 76561198275611052)(<4378.048340, 1.954537, 5968.927246>) requested data for lock!
[18:38:56] Player (Majky, 76561198275611052)(<4373.662109, 3.838867, 5976.322266>) requested data for lock!
[18:38:56] Player (Majky, 76561198275611052)(<4380.106445, 2.076707, 5958.709961>) requested data for lock!
[18:46:47] Player (Loomio, 76561198122836148)(<8940.941406, 11.078473, 7995.913574>) requested data for lock!
[18:50:00] Player (Majky, 76561198275611052)(<6995.516602, 1.199409, 5130.952148>) requested data for lock!
[18:50:01] Player (Majky, 76561198275611052)(<7000.379883, 1.131253, 5129.526855>) requested data for lock!
[18:50:01] Player (Majky, 76561198275611052)(<7008.073242, 2.844007, 5128.650879>) requested data for lock!
[18:50:31] Player (Majky, 76561198275611052)(<8778.493164, 7.761222, 6659.283691>) requested data for lock!
[18:50:32] Player (Majky, 76561198275611052)(<8816.708008, 6.980093, 6663.119141>) requested data for lock!
[19:12:31] Player (Kyuubi_Fluux, 76561199227028939)(<8940.941406, 11.078473, 7995.913574>) requested data for lock!
[19:12:38] Player (Kyuubi_Fluux, 76561199227028939)(<8778.493164, 7.761222, 6659.283691>) requested data for lock!
[19:12:42] Player (Kyuubi_Fluux, 76561199227028939)(<8816.708008, 6.980093, 6663.119141>) requested data for lock!
[19:22:27] Player (Majky, 76561198275611052)(<5704.501465, 4.296862, 3574.349854>) requested data for lock!
[19:22:27] Player (Majky, 76561198275611052)(<5703.666016, 4.296862, 3579.834473>) requested data for lock!
[19:22:54] Player (Majky, 76561198275611052)(<4489.105957, 1.163242, 3118.035645>) requested data for lock!
[19:22:54] Player (Majky, 76561198275611052)(<4450.335449, 6.887537, 3090.050293>) requested data for lock!
[19:23:55] Player (Majky, 76561198275611052)(<3585.483643, 23.219879, 4879.533691>) requested data for lock!
[19:24:30] Player (HrabefonVorezprut, 76561198065958810)(<5704.501465, 4.296862, 3574.349854>) requested data for lock!
[19:24:31] Player (HrabefonVorezprut, 76561198065958810)(<5703.666016, 4.296862, 3579.834473>) requested data for lock!
[19:24:33] Player (Majky, 76561198275611052)(<3276.376465, 34.151474, 4613.831055>) requested data for lock!
[19:24:49] Player (HrabefonVorezprut, 76561198065958810)(<4489.105957, 1.163242, 3118.035645>) requested data for lock!
[19:24:52] Player (HrabefonVorezprut, 76561198065958810)(<4450.335449, 6.887537, 3090.050293>) requested data for lock!
[19:25:24] Player (Majky, 76561198275611052)(<3381.419678, 30.414505, 3427.238281>) requested data for lock!
[19:25:25] Player (Majky, 76561198275611052)(<3383.022949, 31.461510, 3414.468994>) requested data for lock!
[19:25:27] Player (Majky, 76561198275611052)(<3378.214111, 29.675028, 3405.038574>) requested data for lock!
[19:27:42] Player (HrabefonVorezprut, 76561198065958810)(<3922.433105, 41.602104, 2912.677246>) requested data for lock!
[19:31:57] Player (Majky, 76561198275611052)(<3276.376465, 34.151474, 4613.831055>) requested data for lock!
[19:32:34] Player ([R.E.D] The Old Man, 76561198162835454)(<7008.073242, 2.844007, 5128.650879>) requested data for lock!
[19:32:34] Player ([R.E.D] The Old Man, 76561198162835454)(<6995.516602, 1.199409, 5130.952148>) requested data for lock!
[19:32:34] Player ([R.E.D] The Old Man, 76561198162835454)(<7000.379883, 1.131253, 5129.526855>) requested data for lock!
[19:35:39] Player (Majky, 76561198275611052)(<3276.376465, 34.151474, 4613.831055>) requested data for lock!
[19:37:55] Player ([R.E.D] Bishop, 76561198074197181)(<3276.376465, 34.151474, 4613.831055>) requested data for lock!
[19:37:55] Player ([R.E.D] Bishop, 76561198074197181)(<3585.483643, 23.219879, 4879.533691>) requested data for lock!
[19:38:35] Player (Majky, 76561198275611052)(<3276.376465, 34.151474, 4613.831055>) requested data for lock!
[19:39:29] Player ([R.E.D] Bishop, 76561198074197181)(<3276.376465, 34.151474, 4613.831055>) requested data for lock!
[19:40:01] Player (Majky, 76561198275611052)(<4450.335449, 6.887537, 3090.050293>) requested data for lock!
[19:40:53] Player ([R.E.D] Bishop, 76561198074197181)(<3276.376465, 34.151474, 4613.831055>) requested data for lock!
[19:41:11] Player (HrabefonVorezprut, 76561198065958810)(<3383.022949, 31.461510, 3414.468994>) requested data for lock!
[19:41:11] Player ([R.E.D] Bishop, 76561198074197181)(<3421.042480, 15.097157, 5042.374512>) requested data for lock!
[19:41:11] Player (HrabefonVorezprut, 76561198065958810)(<3381.419678, 30.414505, 3427.238281>) requested data for lock!
[19:41:11] Player (HrabefonVorezprut, 76561198065958810)(<3378.214111, 29.675028, 3405.038574>) requested data for lock!
[19:41:13] Player ([R.E.D] Bishop, 76561198074197181)(<3411.108643, 12.659751, 5048.064941>) requested data for lock!
[19:41:48] Player (HrabefonVorezprut, 76561198065958810)(<3585.483643, 23.219879, 4879.533691>) requested data for lock!
[19:41:50] Player (Majky, 76561198275611052)(<3276.376465, 34.151474, 4613.831055>) requested data for lock!
[19:41:55] Player (HrabefonVorezprut, 76561198065958810)(<3276.376465, 34.151474, 4613.831055>) requested data for lock!
[19:42:38] Player ([R.E.D] The Old Man, 76561198162835454)(<8778.493164, 7.761222, 6659.283691>) requested data for lock!
[19:42:49] Player ([R.E.D] The Old Man, 76561198162835454)(<8816.708008, 6.980093, 6663.119141>) requested data for lock!
[19:42:51] Player ([R.E.D] The Old Man, 76561198162835454)(<8816.708008, 6.980093, 6663.119141>) requested data for lock!
[19:43:00] Player ([R.E.D] The Old Man, 76561198162835454)(<8816.708008, 6.980093, 6663.119141>) requested data for lock!
[19:43:33] Player (Majky, 76561198275611052)(<4489.105957, 1.163242, 3118.035645>) requested data for lock!
[19:44:05] Player ([R.E.D] Bishop, 76561198074197181)(<4380.106445, 2.076707, 5958.709961>) requested data for lock!
[19:44:17] Player ([R.E.D] Bishop, 76561198074197181)(<4379.876953, 2.008279, 5963.796387>) requested data for lock!
[19:44:27] Player ([R.E.D] Bishop, 76561198074197181)(<4378.048340, 1.954537, 5968.927246>) requested data for lock!
[19:44:41] Player (HrabefonVorezprut, 76561198065958810)(<4489.105957, 1.163242, 3118.035645>) requested data for lock!
[19:44:42] Player ([R.E.D] Bishop, 76561198074197181)(<4373.662109, 3.838867, 5976.322266>) requested data for lock!
[19:44:43] Player (HrabefonVorezprut, 76561198065958810)(<4450.335449, 6.887537, 3090.050293>) requested data for lock!
[19:44:53] Player (HrabefonVorezprut, 76561198065958810)(<3922.433105, 41.602104, 2912.677246>) requested data for lock!
[19:44:57] Player (HrabefonVorezprut, 76561198065958810)(<3383.022949, 31.461510, 3414.468994>) requested data for lock!
[19:44:57] Player (HrabefonVorezprut, 76561198065958810)(<3381.419678, 30.414505, 3427.238281>) requested data for lock!
[19:44:57] Player (HrabefonVorezprut, 76561198065958810)(<3378.214111, 29.675028, 3405.038574>) requested data for lock!
[19:45:59] Player (Majky, 76561198275611052)(<3276.376465, 34.151474, 4613.831055>) requested data for lock!
[19:49:41] Player (HrabefonVorezprut, 76561198065958810)(<5703.666016, 4.296862, 3579.834473>) requested data for lock!
[19:49:41] Player (HrabefonVorezprut, 76561198065958810)(<5704.501465, 4.296862, 3574.349854>) requested data for lock!
[19:51:02] Player (Majky, 76561198275611052)(<4489.105957, 1.163242, 3118.035645>) requested data for lock!
[19:51:41] Player (Majky, 76561198275611052)(<4450.335449, 6.887537, 3090.050293>) requested data for lock!
[19:51:46] Player ([R.E.D] Bishop, 76561198074197181)(<4380.106445, 2.076707, 5958.709961>) requested data for lock!
[19:51:47] Player ([R.E.D] Bishop, 76561198074197181)(<4379.876953, 2.008279, 5963.796387>) requested data for lock!
[19:51:48] Player ([R.E.D] Bishop, 76561198074197181)(<4378.048340, 1.954537, 5968.927246>) requested data for lock!
[19:51:50] Player ([R.E.D] Bishop, 76561198074197181)(<4373.662109, 3.838867, 5976.322266>) requested data for lock!
[19:52:02] Player ([R.E.D] DoDgY, 76561197971239971)(<3585.483643, 23.219879, 4879.533691>) requested data for lock!
[19:52:09] Player ([R.E.D] Bishop, 76561198074197181)(<4373.662109, 3.838867, 5976.322266>) requested data for lock!
[19:52:16] Player (Majky, 76561198275611052)(<5703.666016, 4.296862, 3579.834473>) requested data for lock!
[19:52:17] Player (Majky, 76561198275611052)(<5704.501465, 4.296862, 3574.349854>) requested data for lock!
[19:52:43] Player ([R.E.D] DoDgY, 76561197971239971)(<3276.376465, 34.151474, 4613.831055>) requested data for lock!
[19:53:03] Player ([R.E.D] Bishop, 76561198074197181)(<4373.662109, 3.838867, 5976.322266>) requested data for lock!
[19:54:37] Player ([R.E.D] The Old Man, 76561198162835454)(<7008.073242, 2.844007, 5128.650879>) requested data for lock!
[19:54:39] Player ([R.E.D] The Old Man, 76561198162835454)(<7000.379883, 1.131253, 5129.526855>) requested data for lock!
[19:54:40] Player ([R.E.D] The Old Man, 76561198162835454)(<6995.516602, 1.199409, 5130.952148>) requested data for lock!
[19:54:43] Player ([R.E.D] DoDgY, 76561197971239971)(<3381.419678, 30.414505, 3427.238281>) requested data for lock!
[19:55:22] Player ([R.E.D] DoDgY, 76561197971239971)(<3383.022949, 31.461510, 3414.468994>) requested data for lock!
[19:55:24] Player ([R.E.D] DoDgY, 76561197971239971)(<3378.214111, 29.675028, 3405.038574>) requested data for lock!
[19:55:26] Player ([R.E.D] DoDgY, 76561197971239971)(<4489.105957, 1.163242, 3118.035645>) requested data for lock!
[19:57:57] Player ([R.E.D] Bishop, 76561198074197181)(<4380.106445, 2.076707, 5958.709961>) requested data for lock!
[19:58:01] Player ([R.E.D] Bishop, 76561198074197181)(<4379.876953, 2.008279, 5963.796387>) requested data for lock!
[19:58:03] Player ([R.E.D] Bishop, 76561198074197181)(<4378.048340, 1.954537, 5968.927246>) requested data for lock!
[19:58:12] Player ([R.E.D] Bishop, 76561198074197181)(<4373.662109, 3.838867, 5976.322266>) requested data for lock!
[08-10-2022][20.02.37] Log file reloaded ( Server Restart )
[20:03:48] Player ([R.E.D] DoDgY, 76561197971239971)(<3276.376465, 34.151474, 4613.831055>) requested data for lock!
[20:03:48] Player ([R.E.D] DoDgY, 76561197971239971)(<3585.483643, 23.219879, 4879.533691>) requested data for lock!
[20:03:49] Player ([R.E.D] DoDgY, 76561197971239971)(<3381.419678, 30.414505, 3427.238281>) requested data for lock!
[20:03:50] Player ([R.E.D] Bishop, 76561198074197181)(<4378.048340, 1.954537, 5968.927246>) requested data for lock!
[20:03:50] Player ([R.E.D] Bishop, 76561198074197181)(<4380.106445, 2.076707, 5958.709961>) requested data for lock!
[20:03:50] Player ([R.E.D] Bishop, 76561198074197181)(<4379.876953, 2.008279, 5963.796387>) requested data for lock!
[20:03:50] Player ([R.E.D] Bishop, 76561198074197181)(<4373.662109, 3.838867, 5976.322266>) requested data for lock!
[20:03:53] Player ([R.E.D] The Old Man, 76561198162835454)(<7000.379883, 1.131253, 5129.526855>) requested data for lock!
[20:03:53] Player ([R.E.D] The Old Man, 76561198162835454)(<7008.073242, 2.844007, 5128.650879>) requested data for lock!
[20:03:53] Player ([R.E.D] The Old Man, 76561198162835454)(<6995.516602, 1.199409, 5130.952148>) requested data for lock!
[20:05:55] Player ([R.E.D] DoDgY, 76561197971239971)(<3421.042480, 15.097157, 5042.374512>) requested data for lock!
[20:05:55] Player ([R.E.D] DoDgY, 76561197971239971)(<3411.108643, 12.659751, 5048.064941>) requested data for lock!
[20:07:25] Player ([R.E.D] DoDgY, 76561197971239971)(<2435.960938, 55.353981, 5288.420898>) requested data for lock!
[20:07:25] Player ([R.E.D] DoDgY, 76561197971239971)(<2436.508545, 53.178806, 5278.377441>) requested data for lock!
[20:09:15] Player (MADness, 76561198968762750)(<8940.941406, 11.078473, 7995.913574>) requested data for lock!
[20:09:28] Player ([R.E.D] DoDgY, 76561197971239971)(<4373.662109, 3.838867, 5976.322266>) requested data for lock!
[20:09:29] Player ([R.E.D] DoDgY, 76561197971239971)(<4378.048340, 1.954537, 5968.927246>) requested data for lock!
[20:09:29] Player ([R.E.D] DoDgY, 76561197971239971)(<4379.876953, 2.008279, 5963.796387>) requested data for lock!
[20:09:29] Player ([R.E.D] DoDgY, 76561197971239971)(<4380.106445, 2.076707, 5958.709961>) requested data for lock!
[20:09:33] Player (MADness, 76561198968762750)(<8940.941406, 11.078473, 7995.913574>) requested data for lock!
[20:11:11] Player (MADness, 76561198968762750)(<8940.941406, 11.078473, 7995.913574>) requested data for lock!
[20:11:11] Player (MADness, 76561198968762750)(<8816.708008, 6.980093, 6663.119141>) requested data for lock!
[20:11:11] Player (MADness, 76561198968762750)(<8778.493164, 7.761222, 6659.283691>) requested data for lock!
[20:12:27] Player (MADness, 76561198968762750)(<8940.941406, 11.078473, 7995.913574>) requested data for lock!
[20:12:27] Player (MADness, 76561198968762750)(<8816.708008, 6.980093, 6663.119141>) requested data for lock!
[20:12:28] Player (MADness, 76561198968762750)(<8778.493164, 7.761222, 6659.283691>) requested data for lock!
[20:17:06] Player ([R.E.D] Bishop, 76561198074197181)(<6995.516602, 1.199409, 5130.952148>) requested data for lock!
[20:17:06] Player ([R.E.D] DoDgY, 76561197971239971)(<6995.516602, 1.199409, 5130.952148>) requested data for lock!
[20:17:07] Player ([R.E.D] DoDgY, 76561197971239971)(<7000.379883, 1.131253, 5129.526855>) requested data for lock!
[20:17:07] Player ([R.E.D] Bishop, 76561198074197181)(<7000.379883, 1.131253, 5129.526855>) requested data for lock!
[20:17:07] Player ([R.E.D] DoDgY, 76561197971239971)(<7008.073242, 2.844007, 5128.650879>) requested data for lock!
[20:17:08] Player ([R.E.D] Bishop, 76561198074197181)(<7008.073242, 2.844007, 5128.650879>) requested data for lock!
[20:28:52] Player ([R.E.D] The Old Man, 76561198162835454)(<7008.073242, 2.844007, 5128.650879>) requested data for lock!
[20:28:52] Player ([R.E.D] The Old Man, 76561198162835454)(<7000.379883, 1.131253, 5129.526855>) requested data for lock!
[20:28:53] Player ([R.E.D] The Old Man, 76561198162835454)(<6995.516602, 1.199409, 5130.952148>) requested data for lock!
[20:29:05] Player (HrabefonVorezprut, 76561198065958810)(<5704.501465, 4.296862, 3574.349854>) requested data for lock!
[20:29:05] Player (HrabefonVorezprut, 76561198065958810)(<5703.666016, 4.296862, 3579.834473>) requested data for lock!
[20:29:19] Player (Majky, 76561198275611052)(<5704.501465, 4.296862, 3574.349854>) requested data for lock!
[20:29:19] Player (Majky, 76561198275611052)(<5703.666016, 4.296862, 3579.834473>) requested data for lock!
[20:40:56] Player (Majky, 76561198275611052)(<5704.501465, 4.296862, 3574.349854>) requested data for lock!
[20:40:56] Player (Majky, 76561198275611052)(<5703.666016, 4.296862, 3579.834473>) requested data for lock!
[20:44:13] Player (HrabefonVorezprut, 76561198065958810)(<5704.501465, 4.296862, 3574.349854>) requested data for lock!
[20:44:13] Player (HrabefonVorezprut, 76561198065958810)(<5703.666016, 4.296862, 3579.834473>) requested data for lock!
[20:45:24] Player (Majky, 76561198275611052)(<7008.073242, 2.844007, 5128.650879>) requested data for lock!
[20:45:24] Player (Majky, 76561198275611052)(<7000.379883, 1.131253, 5129.526855>) requested data for lock!
[20:45:24] Player (Majky, 76561198275611052)(<6995.516602, 1.199409, 5130.952148>) requested data for lock!
[20:46:08] Player (HrabefonVorezprut, 76561198065958810)(<4489.105957, 1.163242, 3118.035645>) requested data for lock!
[20:46:09] Player (Majky, 76561198275611052)(<8778.493164, 7.761222, 6659.283691>) requested data for lock!
[20:46:10] Player (Majky, 76561198275611052)(<8816.708008, 6.980093, 6663.119141>) requested data for lock!
[20:46:10] Player (HrabefonVorezprut, 76561198065958810)(<4450.335449, 6.887537, 3090.050293>) requested data for lock!
[20:46:35] Player (HrabefonVorezprut, 76561198065958810)(<3922.433105, 41.602104, 2912.677246>) requested data for lock!
[20:48:49] Player (HrabefonVorezprut, 76561198065958810)(<3383.022949, 31.461510, 3414.468994>) requested data for lock!
[20:48:50] Player (HrabefonVorezprut, 76561198065958810)(<3381.419678, 30.414505, 3427.238281>) requested data for lock!
[20:48:50] Player (HrabefonVorezprut, 76561198065958810)(<3378.214111, 29.675028, 3405.038574>) requested data for lock!
[20:49:15] Player ([R.E.D] DoDgY, 76561197971239971)(<6995.516602, 1.199409, 5130.952148>) requested data for lock!
[20:49:15] Player ([R.E.D] DoDgY, 76561197971239971)(<7000.379883, 1.131253, 5129.526855>) requested data for lock!
[20:49:15] Player ([R.E.D] DoDgY, 76561197971239971)(<7008.073242, 2.844007, 5128.650879>) requested data for lock!
[20:50:05] Player ([R.E.D] The Old Man, 76561198162835454)(<6995.516602, 1.199409, 5130.952148>) requested data for lock!
[20:50:06] Player ([R.E.D] The Old Man, 76561198162835454)(<7000.379883, 1.131253, 5129.526855>) requested data for lock!
[20:50:06] Player ([R.E.D] The Old Man, 76561198162835454)(<7008.073242, 2.844007, 5128.650879>) requested data for lock!
[20:55:17] Player (HrabefonVorezprut, 76561198065958810)(<3383.022949, 31.461510, 3414.468994>) requested data for lock!
[20:55:18] Player (HrabefonVorezprut, 76561198065958810)(<3381.419678, 30.414505, 3427.238281>) requested data for lock!
[20:55:18] Player (HrabefonVorezprut, 76561198065958810)(<3378.214111, 29.675028, 3405.038574>) requested data for lock!
[20:55:41] Player (Majky, 76561198275611052)(<7008.073242, 2.844007, 5128.650879>) requested data for lock!
[20:55:42] Player (Majky, 76561198275611052)(<7000.379883, 1.131253, 5129.526855>) requested data for lock!
[20:55:43] Player (Majky, 76561198275611052)(<6995.516602, 1.199409, 5130.952148>) requested data for lock!
[20:56:57] Player (Majky, 76561198275611052)(<4380.106445, 2.076707, 5958.709961>) requested data for lock!
[20:56:57] Player (Majky, 76561198275611052)(<4379.876953, 2.008279, 5963.796387>) requested data for lock!
[20:56:57] Player (Majky, 76561198275611052)(<4378.048340, 1.954537, 5968.927246>) requested data for lock!
[20:56:58] Player (Majky, 76561198275611052)(<4373.662109, 3.838867, 5976.322266>) requested data for lock!
[20:57:16] Player (HrabefonVorezprut, 76561198065958810)(<4964.083008, 5.118455, 1414.849365>) requested data for lock!
[20:57:16] Player (HrabefonVorezprut, 76561198065958810)(<4961.266602, 5.789789, 1410.613037>) requested data for lock!
[20:57:40] Player ([R.E.D] The Old Man, 76561198162835454)(<7000.379883, 1.131253, 5129.526855>) requested data for lock!
[20:57:40] Player ([R.E.D] DoDgY, 76561197971239971)(<7000.379883, 1.131253, 5129.526855>) requested data for lock!
[20:57:40] Player ([R.E.D] Bishop, 76561198074197181)(<7000.379883, 1.131253, 5129.526855>) requested data for lock!
[20:59:09] Player (HrabefonVorezprut, 76561198065958810)(<4964.083008, 5.118455, 1414.849365>) requested data for lock!
[20:59:09] Player (HrabefonVorezprut, 76561198065958810)(<4961.266602, 5.789789, 1410.613037>) requested data for lock!
[20:59:41] Player (HrabefonVorezprut, 76561198065958810)(<3378.214111, 29.675028, 3405.038574>) requested data for lock!
[20:59:42] Player (HrabefonVorezprut, 76561198065958810)(<3383.022949, 31.461510, 3414.468994>) requested data for lock!
[20:59:42] Player (HrabefonVorezprut, 76561198065958810)(<3381.419678, 30.414505, 3427.238281>) requested data for lock!
[21:01:05] Player ([R.E.D] Bishop, 76561198074197181)(<7008.073242, 2.844007, 5128.650879>) requested data for lock!
[21:01:05] Player ([R.E.D] Bishop, 76561198074197181)(<7000.379883, 1.131253, 5129.526855>) requested data for lock!
[21:01:05] Player ([R.E.D] Bishop, 76561198074197181)(<6995.516602, 1.199409, 5130.952148>) requested data for lock!
[21:03:35] Player (Majky, 76561198275611052)(<3585.483643, 23.219879, 4879.533691>) requested data for lock!
[21:06:06] Player (Majky, 76561198275611052)(<3585.483643, 23.219879, 4879.533691>) requested data for lock!
[21:06:32] Player (Majky, 76561198275611052)(<3276.376465, 34.151474, 4613.831055>) requested data for lock!
[21:06:45] Player (Majky, 76561198275611052)(<4450.335449, 6.887537, 3090.050293>) requested data for lock!
[21:07:05] Player (Majky, 76561198275611052)(<4489.105957, 1.163242, 3118.035645>) requested data for lock!
[21:07:35] Player (Majky, 76561198275611052)(<3276.376465, 34.151474, 4613.831055>) requested data for lock!
[21:10:40] Player (HrabefonVorezprut, 76561198065958810)(<5703.666016, 4.296862, 3579.834473>) requested data for lock!
[21:10:40] Player (HrabefonVorezprut, 76561198065958810)(<5704.501465, 4.296862, 3574.349854>) requested data for lock!
[21:11:15] Player (HrabefonVorezprut, 76561198065958810)(<3585.483643, 23.219879, 4879.533691>) requested data for lock!
[21:12:01] Player (HrabefonVorezprut, 76561198065958810)(<3276.376465, 34.151474, 4613.831055>) requested data for lock!
[21:12:22] Player (HrabefonVorezprut, 76561198065958810)(<3381.419678, 30.414505, 3427.238281>) requested data for lock!
[21:12:23] Player (HrabefonVorezprut, 76561198065958810)(<3383.022949, 31.461510, 3414.468994>) requested data for lock!
[21:12:24] Player (HrabefonVorezprut, 76561198065958810)(<3378.214111, 29.675028, 3405.038574>) requested data for lock!
[21:15:12] Player ([R.E.D] DoDgY, 76561197971239971)(<5704.501465, 4.296862, 3574.349854>) requested data for lock!
[21:15:12] Player ([R.E.D] Bishop, 76561198074197181)(<5704.501465, 4.296862, 3574.349854>) requested data for lock!
[21:15:12] Player ([R.E.D] The Old Man, 76561198162835454)(<5704.501465, 4.296862, 3574.349854>) requested data for lock!
[21:15:13] Player ([R.E.D] DoDgY, 76561197971239971)(<5703.666016, 4.296862, 3579.834473>) requested data for lock!
[21:15:13] Player ([R.E.D] Bishop, 76561198074197181)(<5703.666016, 4.296862, 3579.834473>) requested data for lock!
[21:15:13] Player ([R.E.D] The Old Man, 76561198162835454)(<5703.666016, 4.296862, 3579.834473>) requested data for lock!
[21:15:57] Player ([R.E.D] DoDgY, 76561197971239971)(<4489.105957, 1.163242, 3118.035645>) requested data for lock!
[21:15:57] Player ([R.E.D] The Old Man, 76561198162835454)(<4489.105957, 1.163242, 3118.035645>) requested data for lock!
[21:15:57] Player ([R.E.D] Bishop, 76561198074197181)(<4489.105957, 1.163242, 3118.035645>) requested data for lock!
[21:16:02] Player ([R.E.D] DoDgY, 76561197971239971)(<4450.335449, 6.887537, 3090.050293>) requested data for lock!
[21:16:02] Player ([R.E.D] The Old Man, 76561198162835454)(<4450.335449, 6.887537, 3090.050293>) requested data for lock!
[21:16:02] Player ([R.E.D] Bishop, 76561198074197181)(<4450.335449, 6.887537, 3090.050293>) requested data for lock!
[21:17:20] Player ([R.E.D] The Old Man, 76561198162835454)(<3585.483643, 23.219879, 4879.533691>) requested data for lock!
[21:17:20] Player ([R.E.D] Bishop, 76561198074197181)(<3585.483643, 23.219879, 4879.533691>) requested data for lock!
[21:17:21] Player ([R.E.D] DoDgY, 76561197971239971)(<3585.483643, 23.219879, 4879.533691>) requested data for lock!
[21:17:37] Player ([R.E.D] DoDgY, 76561197971239971)(<3585.483643, 23.219879, 4879.533691>) requested data for lock!
[21:17:38] Player ([R.E.D] Bishop, 76561198074197181)(<3585.483643, 23.219879, 4879.533691>) requested data for lock!
[21:17:38] Player ([R.E.D] The Old Man, 76561198162835454)(<3585.483643, 23.219879, 4879.533691>) requested data for lock!
[21:18:19] Player ([R.E.D] The Old Man, 76561198162835454)(<3276.376465, 34.151474, 4613.831055>) requested data for lock!
[21:18:31] Player ([R.E.D] DoDgY, 76561197971239971)(<3276.376465, 34.151474, 4613.831055>) requested data for lock!
[21:18:41] Player ([R.E.D] Bishop, 76561198074197181)(<3276.376465, 34.151474, 4613.831055>) requested data for lock!
[21:18:48] Player ([R.E.D] The Old Man, 76561198162835454)(<3381.419678, 30.414505, 3427.238281>) requested data for lock!
[21:18:49] Player ([R.E.D] The Old Man, 76561198162835454)(<3383.022949, 31.461510, 3414.468994>) requested data for lock!
[21:18:51] Player ([R.E.D] The Old Man, 76561198162835454)(<3378.214111, 29.675028, 3405.038574>) requested data for lock!
[21:19:11] Player ([R.E.D] DoDgY, 76561197971239971)(<3381.419678, 30.414505, 3427.238281>) requested data for lock!
[21:19:12] Player ([R.E.D] DoDgY, 76561197971239971)(<3383.022949, 31.461510, 3414.468994>) requested data for lock!
[21:19:18] Player ([R.E.D] Bishop, 76561198074197181)(<3381.419678, 30.414505, 3427.238281>) requested data for lock!
[21:19:21] Player ([R.E.D] Bishop, 76561198074197181)(<3383.022949, 31.461510, 3414.468994>) requested data for lock!
[21:19:23] Player ([R.E.D] Bishop, 76561198074197181)(<3378.214111, 29.675028, 3405.038574>) requested data for lock!
[21:19:25] Player ([R.E.D] DoDgY, 76561197971239971)(<3378.214111, 29.675028, 3405.038574>) requested data for lock!
[21:22:01] Player (Majky, 76561198275611052)(<4489.105957, 1.163242, 3118.035645>) requested data for lock!
[21:22:01] Player (Majky, 76561198275611052)(<3585.483643, 23.219879, 4879.533691>) requested data for lock!
[21:22:01] Player (Majky, 76561198275611052)(<3276.376465, 34.151474, 4613.831055>) requested data for lock!
[21:22:33] Player ([R.E.D] DoDgY, 76561197971239971)(<3381.419678, 30.414505, 3427.238281>) requested data for lock!
[21:22:34] Player ([R.E.D] DoDgY, 76561197971239971)(<3383.022949, 31.461510, 3414.468994>) requested data for lock!
[21:22:36] Player ([R.E.D] DoDgY, 76561197971239971)(<3378.214111, 29.675028, 3405.038574>) requested data for lock!
[21:25:02] Player ([R.E.D] DoDgY, 76561197971239971)(<3383.022949, 31.461510, 3414.468994>) requested data for lock!
[21:25:17] Player ([R.E.D] Bishop, 76561198074197181)(<3378.214111, 29.675028, 3405.038574>) requested data for lock!
[21:25:19] Player ([R.E.D] The Old Man, 76561198162835454)(<3381.419678, 30.414505, 3427.238281>) requested data for lock!
[21:25:20] Player ([R.E.D] The Old Man, 76561198162835454)(<3383.022949, 31.461510, 3414.468994>) requested data for lock!
[21:25:22] Player ([R.E.D] The Old Man, 76561198162835454)(<3378.214111, 29.675028, 3405.038574>) requested data for lock!
[21:25:52] Player ([R.E.D] Bishop, 76561198074197181)(<3378.214111, 29.675028, 3405.038574>) requested data for lock!
[21:26:06] Player ([R.E.D] DoDgY, 76561197971239971)(<3381.419678, 30.414505, 3427.238281>) requested data for lock!
[21:26:07] Player ([R.E.D] DoDgY, 76561197971239971)(<3383.022949, 31.461510, 3414.468994>) requested data for lock!
[21:26:08] Player ([R.E.D] DoDgY, 76561197971239971)(<3378.214111, 29.675028, 3405.038574>) requested data for lock!
[21:27:09] Player ([R.E.D] Bishop, 76561198074197181)(<4450.335449, 6.887537, 3090.050293>) requested data for lock!
[21:27:12] Player ([R.E.D] Bishop, 76561198074197181)(<3381.419678, 30.414505, 3427.238281>) requested data for lock!
[21:27:12] Player ([R.E.D] DoDgY, 76561197971239971)(<4450.335449, 6.887537, 3090.050293>) requested data for lock!
[21:27:13] Player ([R.E.D] Bishop, 76561198074197181)(<3383.022949, 31.461510, 3414.468994>) requested data for lock!
[21:27:14] Player ([R.E.D] DoDgY, 76561197971239971)(<3381.419678, 30.414505, 3427.238281>) requested data for lock!
[21:27:14] Player ([R.E.D] Bishop, 76561198074197181)(<3378.214111, 29.675028, 3405.038574>) requested data for lock!
[21:27:15] Player ([R.E.D] DoDgY, 76561197971239971)(<3383.022949, 31.461510, 3414.468994>) requested data for lock!
[21:27:16] Player ([R.E.D] DoDgY, 76561197971239971)(<3378.214111, 29.675028, 3405.038574>) requested data for lock!
[21:27:23] Player ([R.E.D] The Old Man, 76561198162835454)(<4450.335449, 6.887537, 3090.050293>) requested data for lock!
[21:27:26] Player ([R.E.D] The Old Man, 76561198162835454)(<3381.419678, 30.414505, 3427.238281>) requested data for lock!
[21:27:27] Player ([R.E.D] The Old Man, 76561198162835454)(<3383.022949, 31.461510, 3414.468994>) requested data for lock!
[21:27:28] Player ([R.E.D] The Old Man, 76561198162835454)(<3378.214111, 29.675028, 3405.038574>) requested data for lock!
[21:27:35] Player (Majky, 76561198275611052)(<3276.376465, 34.151474, 4613.831055>) requested data for lock!
[21:27:37] Player ([R.E.D] DoDgY, 76561197971239971)(<3276.376465, 34.151474, 4613.831055>) requested data for lock!
[21:27:37] Player ([R.E.D] Bishop, 76561198074197181)(<3922.433105, 41.602104, 2912.677246>) requested data for lock!
[21:27:48] Player ([R.E.D] The Old Man, 76561198162835454)(<3276.376465, 34.151474, 4613.831055>) requested data for lock!
[21:28:02] Player ([R.E.D] Bishop, 76561198074197181)(<3276.376465, 34.151474, 4613.831055>) requested data for lock!
[21:28:24] Player ([R.E.D] DoDgY, 76561197971239971)(<3922.433105, 41.602104, 2912.677246>) requested data for lock!
[21:28:26] Player ([R.E.D] The Old Man, 76561198162835454)(<3922.433105, 41.602104, 2912.677246>) requested data for lock!
[22:19:24] Player ([R.E.D] Bishop, 76561198074197181)(<3378.214111, 29.675028, 3405.038574>) requested data for lock!
[22:19:24] Player ([R.E.D] Bishop, 76561198074197181)(<3381.419678, 30.414505, 3427.238281>) requested data for lock!
[22:19:25] Player ([R.E.D] Bishop, 76561198074197181)(<3383.022949, 31.461510, 3414.468994>) requested data for lock!
[22:20:39] Player ([R.E.D] The Old Man, 76561198162835454)(<3378.214111, 29.675028, 3405.038574>) requested data for lock!
[22:20:39] Player ([R.E.D] The Old Man, 76561198162835454)(<3381.419678, 30.414505, 3427.238281>) requested data for lock!
[22:20:39] Player ([R.E.D] The Old Man, 76561198162835454)(<3383.022949, 31.461510, 3414.468994>) requested data for lock!
[22:21:03] Player ([R.E.D] DoDgY, 76561197971239971)(<3378.214111, 29.675028, 3405.038574>) requested data for lock!
[22:21:03] Player ([R.E.D] DoDgY, 76561197971239971)(<3381.419678, 30.414505, 3427.238281>) requested data for lock!
[22:21:04] Player ([R.E.D] DoDgY, 76561197971239971)(<3383.022949, 31.461510, 3414.468994>) requested data for lock!
[22:23:35] Player ([R.E.D] Bishop, 76561198074197181)(<3922.433105, 41.602104, 2912.677246>) requested data for lock!
[22:23:37] Player ([R.E.D] The Old Man, 76561198162835454)(<3922.433105, 41.602104, 2912.677246>) requested data for lock!
[22:23:44] Player ([R.E.D] DoDgY, 76561197971239971)(<3922.433105, 41.602104, 2912.677246>) requested data for lock!
[22:24:02] Player ([R.E.D] Bishop, 76561198074197181)(<3276.376465, 34.151474, 4613.831055>) requested data for lock!
[22:24:06] Player ([R.E.D] The Old Man, 76561198162835454)(<3276.376465, 34.151474, 4613.831055>) requested data for lock!
[22:24:08] Player ([R.E.D] DoDgY, 76561197971239971)(<3276.376465, 34.151474, 4613.831055>) requested data for lock!
[22:25:29] Player ([R.E.D] Bishop, 76561198074197181)(<4450.335449, 6.887537, 3090.050293>) requested data for lock!
[22:25:34] Player ([R.E.D] Bishop, 76561198074197181)(<4489.105957, 1.163242, 3118.035645>) requested data for lock!
[22:25:37] Player ([R.E.D] The Old Man, 76561198162835454)(<4450.335449, 6.887537, 3090.050293>) requested data for lock!
[22:25:43] Player ([R.E.D] DoDgY, 76561197971239971)(<4450.335449, 6.887537, 3090.050293>) requested data for lock!
[22:25:47] Player ([R.E.D] DoDgY, 76561197971239971)(<4489.105957, 1.163242, 3118.035645>) requested data for lock!
[22:25:50] Player ([R.E.D] The Old Man, 76561198162835454)(<4489.105957, 1.163242, 3118.035645>) requested data for lock!
[22:25:51] Player ([R.E.D] Bishop, 76561198074197181)(<3585.483643, 23.219879, 4879.533691>) requested data for lock!
[22:26:03] Player ([R.E.D] DoDgY, 76561197971239971)(<3585.483643, 23.219879, 4879.533691>) requested data for lock!
[22:26:09] Player ([R.E.D] The Old Man, 76561198162835454)(<3585.483643, 23.219879, 4879.533691>) requested data for lock!
[22:27:48] Player ([R.E.D] Bishop, 76561198074197181)(<3276.376465, 34.151474, 4613.831055>) requested data for lock!
[22:27:53] Player ([R.E.D] DoDgY, 76561197971239971)(<3276.376465, 34.151474, 4613.831055>) requested data for lock!
[22:27:55] Player ([R.E.D] The Old Man, 76561198162835454)(<3276.376465, 34.151474, 4613.831055>) requested data for lock!
[22:28:42] Player ([R.E.D] Bishop, 76561198074197181)(<3381.419678, 30.414505, 3427.238281>) requested data for lock!
[22:28:44] Player ([R.E.D] Bishop, 76561198074197181)(<3383.022949, 31.461510, 3414.468994>) requested data for lock!
[22:28:45] Player ([R.E.D] Bishop, 76561198074197181)(<3378.214111, 29.675028, 3405.038574>) requested data for lock!
[22:30:31] Player ([R.E.D] DoDgY, 76561197971239971)(<3381.419678, 30.414505, 3427.238281>) requested data for lock!
[22:32:39] Player ([R.E.D] The Old Man, 76561198162835454)(<3381.419678, 30.414505, 3427.238281>) requested data for lock!
[22:32:44] Player ([R.E.D] The Old Man, 76561198162835454)(<3383.022949, 31.461510, 3414.468994>) requested data for lock!
[22:32:46] Player ([R.E.D] The Old Man, 76561198162835454)(<3378.214111, 29.675028, 3405.038574>) requested data for lock!
[22:34:04] Player ([R.E.D] DoDgY, 76561197971239971)(<3276.376465, 34.151474, 4613.831055>) requested data for lock!
[22:34:14] Player ([R.E.D] DoDgY, 76561197971239971)(<3381.419678, 30.414505, 3427.238281>) requested data for lock!
[22:34:15] Player ([R.E.D] DoDgY, 76561197971239971)(<3383.022949, 31.461510, 3414.468994>) requested data for lock!
[22:34:17] Player ([R.E.D] DoDgY, 76561197971239971)(<3378.214111, 29.675028, 3405.038574>) requested data for lock!
[22:34:20] Player ([R.E.D] Bishop, 76561198074197181)(<3381.419678, 30.414505, 3427.238281>) requested data for lock!
[22:34:22] Player ([R.E.D] Bishop, 76561198074197181)(<3383.022949, 31.461510, 3414.468994>) requested data for lock!
[22:34:24] Player ([R.E.D] Bishop, 76561198074197181)(<3378.214111, 29.675028, 3405.038574>) requested data for lock!
[22:37:18] Player (RewerCZ, 76561198080771753)(<8940.941406, 11.078473, 7995.913574>) requested data for lock!
[22:39:13] Player ([R.E.D] DoDgY, 76561197971239971)(<3585.483643, 23.219879, 4879.533691>) requested data for lock!
[22:39:14] Player ([R.E.D] The Old Man, 76561198162835454)(<3585.483643, 23.219879, 4879.533691>) requested data for lock!
[22:39:14] Player ([R.E.D] Bishop, 76561198074197181)(<3585.483643, 23.219879, 4879.533691>) requested data for lock!
[22:39:36] Player ([R.E.D] The Old Man, 76561198162835454)(<4450.335449, 6.887537, 3090.050293>) requested data for lock!
[22:39:37] Player ([R.E.D] DoDgY, 76561197971239971)(<4450.335449, 6.887537, 3090.050293>) requested data for lock!
[22:39:37] Player ([R.E.D] Bishop, 76561198074197181)(<4450.335449, 6.887537, 3090.050293>) requested data for lock!
[22:39:45] Player ([R.E.D] DoDgY, 76561197971239971)(<5703.666016, 4.296862, 3579.834473>) requested data for lock!
[22:39:45] Player ([R.E.D] The Old Man, 76561198162835454)(<5703.666016, 4.296862, 3579.834473>) requested data for lock!
[22:39:45] Player ([R.E.D] DoDgY, 76561197971239971)(<5704.501465, 4.296862, 3574.349854>) requested data for lock!
[22:39:45] Player ([R.E.D] Bishop, 76561198074197181)(<5703.666016, 4.296862, 3579.834473>) requested data for lock!
[22:39:45] Player ([R.E.D] The Old Man, 76561198162835454)(<5704.501465, 4.296862, 3574.349854>) requested data for lock!
[22:39:45] Player ([R.E.D] Bishop, 76561198074197181)(<5704.501465, 4.296862, 3574.349854>) requested data for lock!
[22:42:57] Player (RewerCZ, 76561198080771753)(<8778.493164, 7.761222, 6659.283691>) requested data for lock!
[22:43:01] Player (RewerCZ, 76561198080771753)(<8816.708008, 6.980093, 6663.119141>) requested data for lock!
[22:57:41] Player ([R.E.D] DoDgY, 76561197971239971)(<7008.073242, 2.844007, 5128.650879>) requested data for lock!
[22:57:41] Player ([R.E.D] The Old Man, 76561198162835454)(<7008.073242, 2.844007, 5128.650879>) requested data for lock!
[22:57:41] Player ([R.E.D] Bishop, 76561198074197181)(<7008.073242, 2.844007, 5128.650879>) requested data for lock!
[22:57:42] Player ([R.E.D] DoDgY, 76561197971239971)(<7000.379883, 1.131253, 5129.526855>) requested data for lock!
[22:57:42] Player ([R.E.D] The Old Man, 76561198162835454)(<7000.379883, 1.131253, 5129.526855>) requested data for lock!
[22:57:42] Player ([R.E.D] Bishop, 76561198074197181)(<7000.379883, 1.131253, 5129.526855>) requested data for lock!
[22:57:42] Player ([R.E.D] DoDgY, 76561197971239971)(<6995.516602, 1.199409, 5130.952148>) requested data for lock!
[22:57:42] Player ([R.E.D] Bishop, 76561198074197181)(<6995.516602, 1.199409, 5130.952148>) requested data for lock!
[22:57:42] Player ([R.E.D] The Old Man, 76561198162835454)(<6995.516602, 1.199409, 5130.952148>) requested data for lock!
[23:16:11] Player (alfredomarquezmoreno, 76561198420869151)(<4373.662109, 3.838867, 5976.322266>) requested data for lock!
[23:16:13] Player (alfredomarquezmoreno, 76561198420869151)(<4378.048340, 1.954537, 5968.927246>) requested data for lock!
[23:16:14] Player (alfredomarquezmoreno, 76561198420869151)(<4379.876953, 2.008279, 5963.796387>) requested data for lock!
[23:16:14] Player (alfredomarquezmoreno, 76561198420869151)(<4380.106445, 2.076707, 5958.709961>) requested data for lock!
[23:32:52] Player (alfredomarquezmoreno, 76561198420869151)(<4378.048340, 1.954537, 5968.927246>) requested data for lock!
[23:32:52] Player (alfredomarquezmoreno, 76561198420869151)(<4380.106445, 2.076707, 5958.709961>) requested data for lock!
[23:32:52] Player (alfredomarquezmoreno, 76561198420869151)(<4379.876953, 2.008279, 5963.796387>) requested data for lock!
[23:32:52] Player (alfredomarquezmoreno, 76561198420869151)(<4373.662109, 3.838867, 5976.322266>) requested data for lock!
