[09-17-2022][00.02.27] New Synch Log File Created!
[01:02:48] Player (Badger, 76561198128336210)(<6995.516602, 1.199409, 5130.952148>) requested data for lock!
[01:02:48] Player (Badger, 76561198128336210)(<7000.379883, 1.131253, 5129.526855>) requested data for lock!
[01:02:48] Player (Badger, 76561198128336210)(<7008.073242, 2.844007, 5128.650879>) requested data for lock!
[01:16:32] Player (Badger, 76561198128336210)(<5182.491211, 5.778744, 6308.719727>) requested data for lock!
[01:20:46] Player (Badger, 76561198128336210)(<4380.106445, 2.076707, 5958.709961>) requested data for lock!
[01:20:46] Player (Badger, 76561198128336210)(<4379.876953, 2.008279, 5963.796387>) requested data for lock!
[01:20:47] Player (Badger, 76561198128336210)(<4373.662109, 3.838867, 5976.322266>) requested data for lock!
[09-17-2022][04.02.25] Log file reloaded ( Server Restart )
[09-17-2022][08.02.31] Log file reloaded ( Server Restart )
[09:27:43] Player (P@lko2265, 76561198039629108)(<6995.516602, 1.199409, 5130.952148>) requested data for lock!
[09:27:43] Player (P@lko2265, 76561198039629108)(<7000.379883, 1.131253, 5129.526855>) requested data for lock!
[09:27:43] Player (P@lko2265, 76561198039629108)(<7008.073242, 2.844007, 5128.650879>) requested data for lock!
[09:32:23] Player (P@lko2265, 76561198039629108)(<5182.491211, 5.778744, 6308.719727>) requested data for lock!
[09:33:11] Player (P@lko2265, 76561198039629108)(<4379.876953, 2.008279, 5963.796387>) requested data for lock!
[09:33:11] Player (P@lko2265, 76561198039629108)(<4380.106445, 2.076707, 5958.709961>) requested data for lock!
[09:33:11] Player (P@lko2265, 76561198039629108)(<4373.662109, 3.838867, 5976.322266>) requested data for lock!
[09:33:43] Player (P@lko2265, 76561198039629108)(<3800.382813, 4.546953, 6148.426270>) requested data for lock!
[09:46:23] Player (Bflame, 76561198072840834)(<3275.803223, 23.203659, 4922.474609>) requested data for lock!
[09:46:23] Player (Bflame, 76561198072840834)(<3414.799805, 12.613712, 5047.664063>) requested data for lock!
[09:46:23] Player (Bflame, 76561198072840834)(<3421.042480, 15.097157, 5042.374512>) requested data for lock!
[09:46:23] Player (Bflame, 76561198072840834)(<3585.483643, 23.219879, 4879.533691>) requested data for lock!
[09:46:23] Player (Bflame, 76561198072840834)(<3937.974365, 18.712990, 4823.885742>) requested data for lock!
[09:46:23] Player (Bflame, 76561198072840834)(<3276.376465, 34.151474, 4613.831055>) requested data for lock!
[09:46:23] Player (Bflame, 76561198072840834)(<3275.452393, 31.053638, 4605.722656>) requested data for lock!
[09:46:23] Player (Bflame, 76561198072840834)(<4379.876953, 2.008279, 5963.796387>) requested data for lock!
[09:46:23] Player (Bflame, 76561198072840834)(<4380.106445, 2.076707, 5958.709961>) requested data for lock!
[09:46:23] Player (Bflame, 76561198072840834)(<4373.662109, 3.838867, 5976.322266>) requested data for lock!
[09:58:37] Player (Bflame, 76561198072840834)(<3478.242676, 26.471230, 3570.753174>) requested data for lock!
[09:59:09] Player (Bflame, 76561198072840834)(<3396.460693, 31.416298, 3435.075928>) requested data for lock!
[09:59:12] Player (Bflame, 76561198072840834)(<3381.419678, 30.414505, 3427.238281>) requested data for lock!
[09:59:13] Player (Bflame, 76561198072840834)(<3383.022949, 31.461510, 3414.468994>) requested data for lock!
[09:59:15] Player (Bflame, 76561198072840834)(<3377.685547, 29.644051, 3407.356201>) requested data for lock!
[10:00:07] Player (Bflame, 76561198072840834)(<3396.460693, 31.416298, 3435.075928>) requested data for lock!
[10:07:46] Player (Bflame, 76561198072840834)(<3396.460693, 31.416298, 3435.075928>) requested data for lock!
[10:07:49] Player (Bflame, 76561198072840834)(<3381.419678, 30.414505, 3427.238281>) requested data for lock!
[10:07:50] Player (Bflame, 76561198072840834)(<3383.022949, 31.461510, 3414.468994>) requested data for lock!
[10:08:04] Player (Bflame, 76561198072840834)(<3377.685547, 29.644051, 3407.356201>) requested data for lock!
[09-17-2022][12.02.32] Log file reloaded ( Server Restart )
[12:48:24] Player (Pivo_tn, 76561198158616543)(<3276.376465, 34.151474, 4613.831055>) requested data for lock!
[12:48:24] Player (Pivo_tn, 76561198158616543)(<3275.452393, 31.053638, 4605.722656>) requested data for lock!
[12:48:24] Player (Pivo_tn, 76561198158616543)(<3585.483643, 23.219879, 4879.533691>) requested data for lock!
[12:48:24] Player (Pivo_tn, 76561198158616543)(<3937.974365, 18.712990, 4823.885742>) requested data for lock!
[12:48:24] Player (Pivo_tn, 76561198158616543)(<3421.042480, 15.097157, 5042.374512>) requested data for lock!
[12:48:24] Player (Pivo_tn, 76561198158616543)(<3275.803223, 23.203659, 4922.474609>) requested data for lock!
[12:48:24] Player (Pivo_tn, 76561198158616543)(<3414.799805, 12.613712, 5047.664063>) requested data for lock!
[12:52:58] Player (Pivo_tn, 76561198158616543)(<4380.106445, 2.076707, 5958.709961>) requested data for lock!
[12:52:58] Player (Pivo_tn, 76561198158616543)(<4379.876953, 2.008279, 5963.796387>) requested data for lock!
[12:52:59] Player (Pivo_tn, 76561198158616543)(<4373.662109, 3.838867, 5976.322266>) requested data for lock!
[12:54:07] Player (Pivo_tn, 76561198158616543)(<4380.106445, 2.076707, 5958.709961>) requested data for lock!
[12:54:07] Player (Pivo_tn, 76561198158616543)(<4379.876953, 2.008279, 5963.796387>) requested data for lock!
[12:54:17] Player (Pivo_tn, 76561198158616543)(<4380.106445, 2.076707, 5958.709961>) requested data for lock!
[12:54:17] Player (Pivo_tn, 76561198158616543)(<4379.876953, 2.008279, 5963.796387>) requested data for lock!
[12:55:23] Player (Pivo_tn, 76561198158616543)(<4380.106445, 2.076707, 5958.709961>) requested data for lock!
[12:55:23] Player (Pivo_tn, 76561198158616543)(<4379.876953, 2.008279, 5963.796387>) requested data for lock!
[12:55:25] Player (Pivo_tn, 76561198158616543)(<4373.662109, 3.838867, 5976.322266>) requested data for lock!
[13:00:16] Player (Pivo_tn, 76561198158616543)(<4373.662109, 3.838867, 5976.322266>) requested data for lock!
[13:02:09] Player (Pivo_tn, 76561198158616543)(<3478.242676, 26.471230, 3570.753174>) requested data for lock!
[13:03:35] Player (Pivo_tn, 76561198158616543)(<3396.460693, 31.416298, 3435.075928>) requested data for lock!
[13:11:23] Player (Pivo_tn, 76561198158616543)(<3381.419678, 30.414505, 3427.238281>) requested data for lock!
[13:11:24] Player (Pivo_tn, 76561198158616543)(<3383.022949, 31.461510, 3414.468994>) requested data for lock!
[13:11:25] Player (Pivo_tn, 76561198158616543)(<3377.685547, 29.644051, 3407.356201>) requested data for lock!
[13:13:17] Player (Pivo_tn, 76561198158616543)(<3421.042480, 15.097157, 5042.374512>) requested data for lock!
[13:13:17] Player (Pivo_tn, 76561198158616543)(<3414.799805, 12.613712, 5047.664063>) requested data for lock!
[13:13:19] Player (Pivo_tn, 76561198158616543)(<3275.803223, 23.203659, 4922.474609>) requested data for lock!
[13:57:43] Player (Bflame, 76561198072840834)(<3383.022949, 31.461510, 3414.468994>) requested data for lock!
[13:57:43] Player (Bflame, 76561198072840834)(<3377.685547, 29.644051, 3407.356201>) requested data for lock!
[13:57:43] Player (Bflame, 76561198072840834)(<3381.419678, 30.414505, 3427.238281>) requested data for lock!
[13:57:43] Player (Bflame, 76561198072840834)(<3276.376465, 34.151474, 4613.831055>) requested data for lock!
[13:57:43] Player (Bflame, 76561198072840834)(<3275.452393, 31.053638, 4605.722656>) requested data for lock!
[13:57:43] Player (Bflame, 76561198072840834)(<3478.242676, 26.471230, 3570.753174>) requested data for lock!
[13:57:43] Player (Bflame, 76561198072840834)(<3396.460693, 31.416298, 3435.075928>) requested data for lock!
[13:57:43] Player (Bflame, 76561198072840834)(<3585.483643, 23.219879, 4879.533691>) requested data for lock!
[13:57:43] Player (Bflame, 76561198072840834)(<3937.974365, 18.712990, 4823.885742>) requested data for lock!
[13:58:07] Player (Bflame, 76561198072840834)(<4489.105957, 1.163242, 3118.035645>) requested data for lock!
[13:59:40] Player (Gdog140801, 76561198388693046)(<3276.376465, 34.151474, 4613.831055>) requested data for lock!
[13:59:40] Player (Gdog140801, 76561198388693046)(<3275.452393, 31.053638, 4605.722656>) requested data for lock!
[13:59:40] Player (Gdog140801, 76561198388693046)(<3585.483643, 23.219879, 4879.533691>) requested data for lock!
[13:59:40] Player (Gdog140801, 76561198388693046)(<2435.960938, 55.353981, 5288.420898>) requested data for lock!
[13:59:40] Player (Gdog140801, 76561198388693046)(<2436.508545, 53.178806, 5278.377441>) requested data for lock!
[13:59:40] Player (Gdog140801, 76561198388693046)(<3421.042480, 15.097157, 5042.374512>) requested data for lock!
[13:59:40] Player (Gdog140801, 76561198388693046)(<3275.803223, 23.203659, 4922.474609>) requested data for lock!
[13:59:40] Player (Gdog140801, 76561198388693046)(<3414.799805, 12.613712, 5047.664063>) requested data for lock!
[14:04:16] Player (Bflame, 76561198072840834)(<3396.460693, 31.416298, 3435.075928>) requested data for lock!
[14:09:01] Player (Bflame, 76561198072840834)(<3396.460693, 31.416298, 3435.075928>) requested data for lock!
[14:09:13] Player (Bflame, 76561198072840834)(<3381.419678, 30.414505, 3427.238281>) requested data for lock!
[14:09:14] Player (Bflame, 76561198072840834)(<3383.022949, 31.461510, 3414.468994>) requested data for lock!
[14:09:17] Player (Bflame, 76561198072840834)(<3377.685547, 29.644051, 3407.356201>) requested data for lock!
[14:16:13] Player (Bflame, 76561198072840834)(<3396.460693, 31.416298, 3435.075928>) requested data for lock!
[14:16:16] Player (Bflame, 76561198072840834)(<3381.419678, 30.414505, 3427.238281>) requested data for lock!
[14:16:18] Player (Bflame, 76561198072840834)(<3383.022949, 31.461510, 3414.468994>) requested data for lock!
[14:16:19] Player (Bflame, 76561198072840834)(<3377.685547, 29.644051, 3407.356201>) requested data for lock!
[14:16:24] Player (Bflame, 76561198072840834)(<3421.042480, 15.097157, 5042.374512>) requested data for lock!
[14:16:28] Player (Bflame, 76561198072840834)(<3414.799805, 12.613712, 5047.664063>) requested data for lock!
[14:16:56] Player (Bflame, 76561198072840834)(<3275.803223, 23.203659, 4922.474609>) requested data for lock!
[14:17:18] Player (Bflame, 76561198072840834)(<4489.105957, 1.163242, 3118.035645>) requested data for lock!
[14:17:28] Player (Bflame, 76561198072840834)(<4450.335449, 6.887537, 3090.050293>) requested data for lock!
[14:19:01] Player (Bflame, 76561198072840834)(<3421.042480, 15.097157, 5042.374512>) requested data for lock!
[14:19:08] Player (Bflame, 76561198072840834)(<3414.799805, 12.613712, 5047.664063>) requested data for lock!
[14:19:54] Player (Bflame, 76561198072840834)(<3396.460693, 31.416298, 3435.075928>) requested data for lock!
[14:19:56] Player (Bflame, 76561198072840834)(<4489.105957, 1.163242, 3118.035645>) requested data for lock!
[14:21:17] Player (Bflame, 76561198072840834)(<3421.042480, 15.097157, 5042.374512>) requested data for lock!
[14:21:18] Player (Bflame, 76561198072840834)(<3414.799805, 12.613712, 5047.664063>) requested data for lock!
[14:21:25] Player (Bflame, 76561198072840834)(<3275.803223, 23.203659, 4922.474609>) requested data for lock!
[14:21:31] Player (Gdog140801, 76561198388693046)(<3800.382813, 4.546953, 6148.426270>) requested data for lock!
[14:21:50] Player (Gdog140801, 76561198388693046)(<3414.799805, 12.613712, 5047.664063>) requested data for lock!
[14:21:51] Player (Gdog140801, 76561198388693046)(<3421.042480, 15.097157, 5042.374512>) requested data for lock!
[14:22:18] Player (Gdog140801, 76561198388693046)(<3275.803223, 23.203659, 4922.474609>) requested data for lock!
[14:23:09] Player (Gdog140801, 76561198388693046)(<3585.483643, 23.219879, 4879.533691>) requested data for lock!
[14:26:40] Player (Bflame, 76561198072840834)(<8940.941406, 11.078473, 7995.913574>) requested data for lock!
[14:38:25] Player (Bflame, 76561198072840834)(<5182.491211, 5.778744, 6308.719727>) requested data for lock!
[14:40:57] Player (Bflame, 76561198072840834)(<4373.662109, 3.838867, 5976.322266>) requested data for lock!
[14:40:57] Player (Bflame, 76561198072840834)(<4379.876953, 2.008279, 5963.796387>) requested data for lock!
[14:40:57] Player (Bflame, 76561198072840834)(<4380.106445, 2.076707, 5958.709961>) requested data for lock!
[14:48:13] Player (Bflame, 76561198072840834)(<3800.382813, 4.546953, 6148.426270>) requested data for lock!
[14:58:48] Player (Bflame, 76561198072840834)(<4380.106445, 2.076707, 5958.709961>) requested data for lock!
[14:58:48] Player (Bflame, 76561198072840834)(<4373.662109, 3.838867, 5976.322266>) requested data for lock!
[14:58:48] Player (Bflame, 76561198072840834)(<4379.876953, 2.008279, 5963.796387>) requested data for lock!
[14:58:49] Player (Bflame, 76561198072840834)(<3800.382813, 4.546953, 6148.426270>) requested data for lock!
[14:58:49] Player (Bflame, 76561198072840834)(<5182.491211, 5.778744, 6308.719727>) requested data for lock!
[15:00:08] Player (Bflame, 76561198072840834)(<3937.974365, 18.712990, 4823.885742>) requested data for lock!
[15:00:40] Player (Bflame, 76561198072840834)(<3585.483643, 23.219879, 4879.533691>) requested data for lock!
[15:00:48] Player (Bflame, 76561198072840834)(<3421.042480, 15.097157, 5042.374512>) requested data for lock!
[15:00:48] Player (Bflame, 76561198072840834)(<3414.799805, 12.613712, 5047.664063>) requested data for lock!
[15:01:52] Player (Bflame, 76561198072840834)(<3275.803223, 23.203659, 4922.474609>) requested data for lock!
[15:02:25] Player (Bflame, 76561198072840834)(<3276.376465, 34.151474, 4613.831055>) requested data for lock!
[15:02:29] Player (Bflame, 76561198072840834)(<3275.452393, 31.053638, 4605.722656>) requested data for lock!
[15:09:04] Player (Gdog140801, 76561198388693046)(<2435.960938, 55.353981, 5288.420898>) requested data for lock!
[15:09:06] Player (Gdog140801, 76561198388693046)(<2436.508545, 53.178806, 5278.377441>) requested data for lock!
[15:11:23] Player (Bflame, 76561198072840834)(<2436.508545, 53.178806, 5278.377441>) requested data for lock!
[15:11:23] Player (Bflame, 76561198072840834)(<2435.960938, 55.353981, 5288.420898>) requested data for lock!
[15:11:45] Player (Gdog140801, 76561198388693046)(<3275.803223, 23.203659, 4922.474609>) requested data for lock!
[15:11:47] Player (Gdog140801, 76561198388693046)(<3414.799805, 12.613712, 5047.664063>) requested data for lock!
[15:11:50] Player (Gdog140801, 76561198388693046)(<3421.042480, 15.097157, 5042.374512>) requested data for lock!
[15:12:29] Player (Gdog140801, 76561198388693046)(<3276.376465, 34.151474, 4613.831055>) requested data for lock!
[15:12:31] Player (Gdog140801, 76561198388693046)(<3275.452393, 31.053638, 4605.722656>) requested data for lock!
[15:12:35] Player (Gdog140801, 76561198388693046)(<3585.483643, 23.219879, 4879.533691>) requested data for lock!
[15:24:59] Player (Bflame, 76561198072840834)(<3800.382813, 4.546953, 6148.426270>) requested data for lock!
[15:28:42] Player (Gdog140801, 76561198388693046)(<3937.974365, 18.712990, 4823.885742>) requested data for lock!
[15:29:59] Player (Gdog140801, 76561198388693046)(<3478.242676, 26.471230, 3570.753174>) requested data for lock!
[15:31:03] Player (Gdog140801, 76561198388693046)(<3396.460693, 31.416298, 3435.075928>) requested data for lock!
[15:31:08] Player (Gdog140801, 76561198388693046)(<3381.419678, 30.414505, 3427.238281>) requested data for lock!
[15:31:16] Player (Gdog140801, 76561198388693046)(<3383.022949, 31.461510, 3414.468994>) requested data for lock!
[15:31:21] Player (Gdog140801, 76561198388693046)(<3377.685547, 29.644051, 3407.356201>) requested data for lock!
[15:33:03] Player (Gdog140801, 76561198388693046)(<3396.460693, 31.416298, 3435.075928>) requested data for lock!
[15:36:38] Player (Gdog140801, 76561198388693046)(<3381.419678, 30.414505, 3427.238281>) requested data for lock!
[15:36:39] Player (Gdog140801, 76561198388693046)(<3383.022949, 31.461510, 3414.468994>) requested data for lock!
[15:36:40] Player (Gdog140801, 76561198388693046)(<3377.685547, 29.644051, 3407.356201>) requested data for lock!
[15:41:46] Player (Gdog140801, 76561198388693046)(<3377.685547, 29.644051, 3407.356201>) requested data for lock!
[15:44:18] Player (Gdog140801, 76561198388693046)(<3381.419678, 30.414505, 3427.238281>) requested data for lock!
[15:44:54] Player (Gdog140801, 76561198388693046)(<3396.460693, 31.416298, 3435.075928>) requested data for lock!
[15:44:58] Player (Gdog140801, 76561198388693046)(<3381.419678, 30.414505, 3427.238281>) requested data for lock!
[15:44:59] Player (Gdog140801, 76561198388693046)(<3383.022949, 31.461510, 3414.468994>) requested data for lock!
[15:45:02] Player (Gdog140801, 76561198388693046)(<3377.685547, 29.644051, 3407.356201>) requested data for lock!
[09-17-2022][16.02.35] Log file reloaded ( Server Restart )
[16:08:57] Player (Gdog140801, 76561198388693046)(<3478.242676, 26.471230, 3570.753174>) requested data for lock!
[16:08:58] Player (Gdog140801, 76561198388693046)(<3937.974365, 18.712990, 4823.885742>) requested data for lock!
[16:08:58] Player (Gdog140801, 76561198388693046)(<3585.483643, 23.219879, 4879.533691>) requested data for lock!
[16:08:59] Player (Gdog140801, 76561198388693046)(<3396.460693, 31.416298, 3435.075928>) requested data for lock!
[16:08:59] Player (Gdog140801, 76561198388693046)(<3275.452393, 31.053638, 4605.722656>) requested data for lock!
[16:08:59] Player (Gdog140801, 76561198388693046)(<3276.376465, 34.151474, 4613.831055>) requested data for lock!
[16:08:59] Player (Gdog140801, 76561198388693046)(<3381.419678, 30.414505, 3427.238281>) requested data for lock!
[16:08:59] Player (Gdog140801, 76561198388693046)(<3383.022949, 31.461510, 3414.468994>) requested data for lock!
[16:08:59] Player (Gdog140801, 76561198388693046)(<3377.685547, 29.644051, 3407.356201>) requested data for lock!
[16:11:38] Player (Gdog140801, 76561198388693046)(<3421.042480, 15.097157, 5042.374512>) requested data for lock!
[16:11:39] Player (Gdog140801, 76561198388693046)(<3414.799805, 12.613712, 5047.664063>) requested data for lock!
[16:11:42] Player (Gdog140801, 76561198388693046)(<3275.803223, 23.203659, 4922.474609>) requested data for lock!
[16:14:26] Player (Gdog140801, 76561198388693046)(<3396.460693, 31.416298, 3435.075928>) requested data for lock!
[16:17:33] Player (Gdog140801, 76561198388693046)(<3421.042480, 15.097157, 5042.374512>) requested data for lock!
[16:17:35] Player (Gdog140801, 76561198388693046)(<3414.799805, 12.613712, 5047.664063>) requested data for lock!
[16:17:38] Player (Gdog140801, 76561198388693046)(<3275.803223, 23.203659, 4922.474609>) requested data for lock!
[16:22:19] Player (Gdog140801, 76561198388693046)(<3396.460693, 31.416298, 3435.075928>) requested data for lock!
[16:22:50] Player (Gdog140801, 76561198388693046)(<3396.460693, 31.416298, 3435.075928>) requested data for lock!
[16:23:14] Player (Gdog140801, 76561198388693046)(<3421.042480, 15.097157, 5042.374512>) requested data for lock!
[16:23:15] Player (Gdog140801, 76561198388693046)(<3414.799805, 12.613712, 5047.664063>) requested data for lock!
[16:23:19] Player (Gdog140801, 76561198388693046)(<3275.803223, 23.203659, 4922.474609>) requested data for lock!
[16:23:48] Player (Gdog140801, 76561198388693046)(<3396.460693, 31.416298, 3435.075928>) requested data for lock!
[16:23:56] Player (Gdog140801, 76561198388693046)(<3381.419678, 30.414505, 3427.238281>) requested data for lock!
[16:24:01] Player (Gdog140801, 76561198388693046)(<3383.022949, 31.461510, 3414.468994>) requested data for lock!
[16:24:05] Player (Gdog140801, 76561198388693046)(<3377.685547, 29.644051, 3407.356201>) requested data for lock!
[16:26:14] Player (Gdog140801, 76561198388693046)(<2436.508545, 53.178806, 5278.377441>) requested data for lock!
[16:26:15] Player (Gdog140801, 76561198388693046)(<2435.960938, 55.353981, 5288.420898>) requested data for lock!
[16:54:23] Player (Gdog140801, 76561198388693046)(<3937.974365, 18.712990, 4823.885742>) requested data for lock!
[16:55:27] Player (Gdog140801, 76561198388693046)(<3478.242676, 26.471230, 3570.753174>) requested data for lock!
[16:56:31] Player (Gdog140801, 76561198388693046)(<3396.460693, 31.416298, 3435.075928>) requested data for lock!
[16:56:33] Player (Gdog140801, 76561198388693046)(<3381.419678, 30.414505, 3427.238281>) requested data for lock!
[16:56:37] Player (Gdog140801, 76561198388693046)(<3383.022949, 31.461510, 3414.468994>) requested data for lock!
[16:56:40] Player (Gdog140801, 76561198388693046)(<3377.685547, 29.644051, 3407.356201>) requested data for lock!
[16:58:45] Player (Gdog140801, 76561198388693046)(<3396.460693, 31.416298, 3435.075928>) requested data for lock!
[16:58:49] Player (Gdog140801, 76561198388693046)(<3381.419678, 30.414505, 3427.238281>) requested data for lock!
[16:58:50] Player (Gdog140801, 76561198388693046)(<3383.022949, 31.461510, 3414.468994>) requested data for lock!
[17:00:55] Player (Gdog140801, 76561198388693046)(<3381.419678, 30.414505, 3427.238281>) requested data for lock!
[17:00:57] Player (Gdog140801, 76561198388693046)(<3383.022949, 31.461510, 3414.468994>) requested data for lock!
[17:01:07] Player (Gdog140801, 76561198388693046)(<3377.685547, 29.644051, 3407.356201>) requested data for lock!
[17:05:25] Player (Gdog140801, 76561198388693046)(<3421.042480, 15.097157, 5042.374512>) requested data for lock!
[17:05:26] Player (Gdog140801, 76561198388693046)(<3414.799805, 12.613712, 5047.664063>) requested data for lock!
[17:05:29] Player (Gdog140801, 76561198388693046)(<3275.803223, 23.203659, 4922.474609>) requested data for lock!
[17:07:52] Player (Gdog140801, 76561198388693046)(<3275.803223, 23.203659, 4922.474609>) requested data for lock!
[17:07:52] Player (Gdog140801, 76561198388693046)(<3414.799805, 12.613712, 5047.664063>) requested data for lock!
[17:07:52] Player (Gdog140801, 76561198388693046)(<3421.042480, 15.097157, 5042.374512>) requested data for lock!
[17:07:53] Player (Gdog140801, 76561198388693046)(<3937.974365, 18.712990, 4823.885742>) requested data for lock!
[17:07:53] Player (Gdog140801, 76561198388693046)(<3585.483643, 23.219879, 4879.533691>) requested data for lock!
[17:07:54] Player (Gdog140801, 76561198388693046)(<3275.452393, 31.053638, 4605.722656>) requested data for lock!
[17:07:54] Player (Gdog140801, 76561198388693046)(<3276.376465, 34.151474, 4613.831055>) requested data for lock!
[17:08:32] Player (Gdog140801, 76561198388693046)(<4380.106445, 2.076707, 5958.709961>) requested data for lock!
[17:08:37] Player (Gdog140801, 76561198388693046)(<4379.876953, 2.008279, 5963.796387>) requested data for lock!
[17:18:03] Player (Gdog140801, 76561198388693046)(<5182.491211, 5.778744, 6308.719727>) requested data for lock!
[17:22:36] Player (Gdog140801, 76561198388693046)(<4380.106445, 2.076707, 5958.709961>) requested data for lock!
[17:22:36] Player (Gdog140801, 76561198388693046)(<4379.876953, 2.008279, 5963.796387>) requested data for lock!
[17:22:37] Player (Gdog140801, 76561198388693046)(<4373.662109, 3.838867, 5976.322266>) requested data for lock!
[17:26:59] Player (Gdog140801, 76561198388693046)(<3800.382813, 4.546953, 6148.426270>) requested data for lock!
[17:29:07] Player (Gdog140801, 76561198388693046)(<3937.974365, 18.712990, 4823.885742>) requested data for lock!
[17:29:45] Player (Gdog140801, 76561198388693046)(<3585.483643, 23.219879, 4879.533691>) requested data for lock!
[17:30:11] Player (Gdog140801, 76561198388693046)(<3421.042480, 15.097157, 5042.374512>) requested data for lock!
[17:30:14] Player (Gdog140801, 76561198388693046)(<3414.799805, 12.613712, 5047.664063>) requested data for lock!
[17:31:22] Player (Gdog140801, 76561198388693046)(<3275.803223, 23.203659, 4922.474609>) requested data for lock!
[17:31:38] Player (Gdog140801, 76561198388693046)(<3276.376465, 34.151474, 4613.831055>) requested data for lock!
[17:31:44] Player (Gdog140801, 76561198388693046)(<3275.452393, 31.053638, 4605.722656>) requested data for lock!
[17:39:55] Player (HJ--31, 76561198986254282)(<8778.493164, 7.761222, 6659.283691>) requested data for lock!
[17:40:01] Player (HJ--31, 76561198986254282)(<8816.708008, 6.980093, 6663.119141>) requested data for lock!
[17:40:26] Player (HJ--31, 76561198986254282)(<8940.941406, 11.078473, 7995.913574>) requested data for lock!
[17:40:57] Player (Gdog140801, 76561198388693046)(<5182.491211, 5.778744, 6308.719727>) requested data for lock!
[17:43:39] Player (Gdog140801, 76561198388693046)(<4373.662109, 3.838867, 5976.322266>) requested data for lock!
[17:43:39] Player (Gdog140801, 76561198388693046)(<4379.876953, 2.008279, 5963.796387>) requested data for lock!
[17:43:40] Player (Gdog140801, 76561198388693046)(<4380.106445, 2.076707, 5958.709961>) requested data for lock!
[17:45:34] Player (Gdog140801, 76561198388693046)(<3800.382813, 4.546953, 6148.426270>) requested data for lock!
[17:50:48] Player (Gdog140801, 76561198388693046)(<2435.960938, 55.353981, 5288.420898>) requested data for lock!
[17:50:48] Player (Gdog140801, 76561198388693046)(<3414.799805, 12.613712, 5047.664063>) requested data for lock!
[17:50:50] Player (Gdog140801, 76561198388693046)(<2436.508545, 53.178806, 5278.377441>) requested data for lock!
[17:50:50] Player (Gdog140801, 76561198388693046)(<3421.042480, 15.097157, 5042.374512>) requested data for lock!
[17:51:27] Player (Gdog140801, 76561198388693046)(<3275.803223, 23.203659, 4922.474609>) requested data for lock!
[17:51:54] Player (Gdog140801, 76561198388693046)(<3585.483643, 23.219879, 4879.533691>) requested data for lock!
[17:52:24] Player (Gdog140801, 76561198388693046)(<3276.376465, 34.151474, 4613.831055>) requested data for lock!
[17:52:26] Player (Gdog140801, 76561198388693046)(<3275.452393, 31.053638, 4605.722656>) requested data for lock!
[17:55:35] Player (Gdog140801, 76561198388693046)(<3937.974365, 18.712990, 4823.885742>) requested data for lock!
[17:58:26] Player (HJ--31, 76561198986254282)(<8940.941406, 11.078473, 7995.913574>) requested data for lock!
[17:58:29] Player (Gdog140801, 76561198388693046)(<4380.106445, 2.076707, 5958.709961>) requested data for lock!
[17:58:30] Player (Gdog140801, 76561198388693046)(<4379.876953, 2.008279, 5963.796387>) requested data for lock!
[17:58:31] Player (Gdog140801, 76561198388693046)(<4373.662109, 3.838867, 5976.322266>) requested data for lock!
[17:58:35] Player (HJ--31, 76561198986254282)(<8778.493164, 7.761222, 6659.283691>) requested data for lock!
[17:58:41] Player (HJ--31, 76561198986254282)(<8816.708008, 6.980093, 6663.119141>) requested data for lock!
[09-17-2022][20.02.29] Log file reloaded ( Server Restart )
[20:49:22] Player (NicksPix, 76561198406367522)(<4489.105957, 1.163242, 3118.035645>) requested data for lock!
[20:49:22] Player (NicksPix, 76561198406367522)(<3377.685547, 29.644051, 3407.356201>) requested data for lock!
[20:49:22] Player (NicksPix, 76561198406367522)(<3478.242676, 26.471230, 3570.753174>) requested data for lock!
[20:49:22] Player (NicksPix, 76561198406367522)(<3585.483643, 23.219879, 4879.533691>) requested data for lock!
[20:49:22] Player (NicksPix, 76561198406367522)(<3396.460693, 31.416298, 3435.075928>) requested data for lock!
[20:49:22] Player (NicksPix, 76561198406367522)(<3937.974365, 18.712990, 4823.885742>) requested data for lock!
[20:49:22] Player (NicksPix, 76561198406367522)(<3275.452393, 31.053638, 4605.722656>) requested data for lock!
[20:49:22] Player (NicksPix, 76561198406367522)(<3276.376465, 34.151474, 4613.831055>) requested data for lock!
[20:49:22] Player (NicksPix, 76561198406367522)(<3383.022949, 31.461510, 3414.468994>) requested data for lock!
[20:49:22] Player (NicksPix, 76561198406367522)(<3381.419678, 30.414505, 3427.238281>) requested data for lock!
[20:53:02] Player (NicksPix, 76561198406367522)(<3396.460693, 31.416298, 3435.075928>) requested data for lock!
[20:56:32] Player (NicksPix, 76561198406367522)(<3276.376465, 34.151474, 4613.831055>) requested data for lock!
[20:56:33] Player (NicksPix, 76561198406367522)(<3275.452393, 31.053638, 4605.722656>) requested data for lock!
[20:56:51] Player (NicksPix, 76561198406367522)(<3421.042480, 15.097157, 5042.374512>) requested data for lock!
[20:56:53] Player (NicksPix, 76561198406367522)(<3414.799805, 12.613712, 5047.664063>) requested data for lock!
[20:56:59] Player (NicksPix, 76561198406367522)(<3275.803223, 23.203659, 4922.474609>) requested data for lock!
[20:57:40] Player (HrabefonVorezprut, 76561198065958810)(<4489.105957, 1.163242, 3118.035645>) requested data for lock!
[20:57:40] Player (HrabefonVorezprut, 76561198065958810)(<4450.335449, 6.887537, 3090.050293>) requested data for lock!
[20:57:40] Player (HrabefonVorezprut, 76561198065958810)(<3922.433105, 41.602104, 2912.677246>) requested data for lock!
[20:57:40] Player (HrabefonVorezprut, 76561198065958810)(<3677.487305, 83.300156, 2432.046875>) requested data for lock!
[20:57:40] Player (HrabefonVorezprut, 76561198065958810)(<3478.242676, 26.471230, 3570.753174>) requested data for lock!
[20:58:12] Player (HrabefonVorezprut, 76561198065958810)(<3478.242676, 26.471230, 3570.753174>) requested data for lock!
[20:58:33] Player (HrabefonVorezprut, 76561198065958810)(<3396.460693, 31.416298, 3435.075928>) requested data for lock!
[20:58:36] Player (HrabefonVorezprut, 76561198065958810)(<3383.022949, 31.461510, 3414.468994>) requested data for lock!
[20:58:37] Player (HrabefonVorezprut, 76561198065958810)(<3381.419678, 30.414505, 3427.238281>) requested data for lock!
[20:58:38] Player (HrabefonVorezprut, 76561198065958810)(<3377.685547, 29.644051, 3407.356201>) requested data for lock!
[20:59:12] Player (NicksPix, 76561198406367522)(<3396.460693, 31.416298, 3435.075928>) requested data for lock!
[20:59:15] Player (NicksPix, 76561198406367522)(<3381.419678, 30.414505, 3427.238281>) requested data for lock!
[20:59:17] Player (NicksPix, 76561198406367522)(<3383.022949, 31.461510, 3414.468994>) requested data for lock!
[20:59:20] Player (NicksPix, 76561198406367522)(<3377.685547, 29.644051, 3407.356201>) requested data for lock!
[21:01:51] Player (NicksPix, 76561198406367522)(<3922.433105, 41.602104, 2912.677246>) requested data for lock!
[21:02:20] Player ([R.E.D] DoDgY, 76561197971239971)(<7008.073242, 2.844007, 5128.650879>) requested data for lock!
[21:02:20] Player ([R.E.D] DoDgY, 76561197971239971)(<6995.516602, 1.199409, 5130.952148>) requested data for lock!
[21:02:20] Player ([R.E.D] DoDgY, 76561197971239971)(<7000.379883, 1.131253, 5129.526855>) requested data for lock!
[21:08:23] Player (NicksPix, 76561198406367522)(<3585.483643, 23.219879, 4879.533691>) requested data for lock!
[21:08:31] Player (NicksPix, 76561198406367522)(<3275.803223, 23.203659, 4922.474609>) requested data for lock!
[21:08:57] Player (NicksPix, 76561198406367522)(<3421.042480, 15.097157, 5042.374512>) requested data for lock!
[21:09:02] Player (NicksPix, 76561198406367522)(<3414.799805, 12.613712, 5047.664063>) requested data for lock!
[21:10:27] Player (NicksPix, 76561198406367522)(<2436.508545, 53.178806, 5278.377441>) requested data for lock!
[21:10:30] Player (NicksPix, 76561198406367522)(<2435.960938, 55.353981, 5288.420898>) requested data for lock!
[21:19:47] Player (NicksPix, 76561198406367522)(<3585.483643, 23.219879, 4879.533691>) requested data for lock!
[22:30:48] Player (NicksPix, 76561198406367522)(<3800.382813, 4.546953, 6148.426270>) requested data for lock!
[22:31:10] Player (NicksPix, 76561198406367522)(<2435.960938, 55.353981, 5288.420898>) requested data for lock!
[22:31:12] Player (NicksPix, 76561198406367522)(<2436.508545, 53.178806, 5278.377441>) requested data for lock!
[22:32:03] Player (NicksPix, 76561198406367522)(<3414.799805, 12.613712, 5047.664063>) requested data for lock!
[22:32:04] Player (NicksPix, 76561198406367522)(<3421.042480, 15.097157, 5042.374512>) requested data for lock!
[22:32:32] Player (NicksPix, 76561198406367522)(<3275.803223, 23.203659, 4922.474609>) requested data for lock!
[22:33:00] Player (NicksPix, 76561198406367522)(<3585.483643, 23.219879, 4879.533691>) requested data for lock!
[22:33:23] Player (NicksPix, 76561198406367522)(<3276.376465, 34.151474, 4613.831055>) requested data for lock!
[22:33:26] Player (NicksPix, 76561198406367522)(<3275.452393, 31.053638, 4605.722656>) requested data for lock!
[22:33:56] Player (NicksPix, 76561198406367522)(<3937.974365, 18.712990, 4823.885742>) requested data for lock!
[22:34:54] Player (NicksPix, 76561198406367522)(<3800.382813, 4.546953, 6148.426270>) requested data for lock!
[22:38:19] Player (NicksPix, 76561198406367522)(<3478.242676, 26.471230, 3570.753174>) requested data for lock!
[22:41:46] Player (NicksPix, 76561198406367522)(<3276.376465, 34.151474, 4613.831055>) requested data for lock!
[22:41:46] Player (NicksPix, 76561198406367522)(<3275.452393, 31.053638, 4605.722656>) requested data for lock!
[22:41:54] Player (NicksPix, 76561198406367522)(<3396.460693, 31.416298, 3435.075928>) requested data for lock!
[22:48:05] Player (NicksPix, 76561198406367522)(<3381.419678, 30.414505, 3427.238281>) requested data for lock!
[22:48:06] Player (NicksPix, 76561198406367522)(<3383.022949, 31.461510, 3414.468994>) requested data for lock!
[22:48:07] Player (NicksPix, 76561198406367522)(<3377.685547, 29.644051, 3407.356201>) requested data for lock!
[22:54:28] Player (NicksPix, 76561198406367522)(<3396.460693, 31.416298, 3435.075928>) requested data for lock!
[22:57:21] Player (NicksPix, 76561198406367522)(<5703.666016, 4.296862, 3579.834473>) requested data for lock!
[22:57:22] Player (NicksPix, 76561198406367522)(<5704.501465, 4.296862, 3574.349854>) requested data for lock!
[22:59:30] Player (NicksPix, 76561198406367522)(<5182.491211, 5.778744, 6308.719727>) requested data for lock!
[23:33:28] Player (NicksPix, 76561198406367522)(<5182.491211, 5.778744, 6308.719727>) requested data for lock!
[23:54:49] Player (NicksPix, 76561198406367522)(<5703.666016, 4.296862, 3579.834473>) requested data for lock!
[23:54:50] Player (NicksPix, 76561198406367522)(<5704.501465, 4.296862, 3574.349854>) requested data for lock!
