[10-07-2022][00.02.32] New Synch Log File Created!
[10-07-2022][04.02.27] Log file reloaded ( Server Restart )
[10-07-2022][08.02.36] Log file reloaded ( Server Restart )
[10:59:18] Player (Bflame, 76561198072840834)(<3381.419678, 30.414505, 3427.238281>) requested data for lock!
[10:59:18] Player (Bflame, 76561198072840834)(<3383.022949, 31.461510, 3414.468994>) requested data for lock!
[10:59:18] Player (Bflame, 76561198072840834)(<3396.460693, 31.416298, 3435.075928>) requested data for lock!
[10:59:18] Player (Bflame, 76561198072840834)(<3478.242676, 26.471230, 3570.753174>) requested data for lock!
[10:59:18] Player (Bflame, 76561198072840834)(<3276.376465, 34.151474, 4613.831055>) requested data for lock!
[10:59:18] Player (Bflame, 76561198072840834)(<3585.483643, 23.219879, 4879.533691>) requested data for lock!
[10:59:18] Player (Bflame, 76561198072840834)(<3937.974365, 18.712990, 4823.885742>) requested data for lock!
[10:59:18] Player (Bflame, 76561198072840834)(<3275.452393, 31.053638, 4605.722656>) requested data for lock!
[11:03:18] Player (Bflame, 76561198072840834)(<3396.460693, 31.416298, 3435.075928>) requested data for lock!
[11:04:43] Player (Bflame, 76561198072840834)(<3396.460693, 31.416298, 3435.075928>) requested data for lock!
[11:04:45] Player (Bflame, 76561198072840834)(<3381.419678, 30.414505, 3427.238281>) requested data for lock!
[11:04:46] Player (Bflame, 76561198072840834)(<3383.022949, 31.461510, 3414.468994>) requested data for lock!
[11:04:47] Player (Bflame, 76561198072840834)(<3377.685547, 29.644051, 3407.356201>) requested data for lock!
[11:07:08] Player (Bflame, 76561198072840834)(<3421.042480, 15.097157, 5042.374512>) requested data for lock!
[11:07:08] Player (Bflame, 76561198072840834)(<3414.799805, 12.613712, 5047.664063>) requested data for lock!
[11:07:09] Player (Bflame, 76561198072840834)(<3271.497559, 26.487022, 4915.288086>) requested data for lock!
[11:07:27] Player (Bflame, 76561198072840834)(<2823.845215, 46.494064, 4774.664551>) requested data for lock!
[11:07:27] Player (Bflame, 76561198072840834)(<2816.370605, 46.494064, 4764.327637>) requested data for lock!
[11:07:37] Player (Bflame, 76561198072840834)(<2436.508545, 53.178806, 5278.377441>) requested data for lock!
[11:07:37] Player (Bflame, 76561198072840834)(<2435.960938, 55.353981, 5288.420898>) requested data for lock!
[11:13:08] Player (Bflame, 76561198072840834)(<3800.382813, 4.546953, 6148.426270>) requested data for lock!
[11:18:35] Player (Bflame, 76561198072840834)(<4380.106445, 2.076707, 5958.709961>) requested data for lock!
[11:18:36] Player (Bflame, 76561198072840834)(<4379.876953, 2.008279, 5963.796387>) requested data for lock!
[11:18:38] Player (Bflame, 76561198072840834)(<4373.662109, 3.838867, 5976.322266>) requested data for lock!
[11:19:19] Player (Bflame, 76561198072840834)(<4373.662109, 3.838867, 5976.322266>) requested data for lock!
[10-07-2022][12.02.29] Log file reloaded ( Server Restart )
[12:52:38] Player (ROK, 76561198448631012)(<3377.685547, 29.644051, 3407.356201>) requested data for lock!
[12:52:38] Player (ROK, 76561198448631012)(<3381.419678, 30.414505, 3427.238281>) requested data for lock!
[12:52:38] Player (ROK, 76561198448631012)(<3383.022949, 31.461510, 3414.468994>) requested data for lock!
[12:52:38] Player (ROK, 76561198448631012)(<3396.460693, 31.416298, 3435.075928>) requested data for lock!
[12:52:41] Player (ROK, 76561198448631012)(<3478.242676, 26.471230, 3570.753174>) requested data for lock!
[12:52:45] Player (ROK, 76561198448631012)(<3275.452393, 31.053638, 4605.722656>) requested data for lock!
[12:52:45] Player (ROK, 76561198448631012)(<3276.376465, 34.151474, 4613.831055>) requested data for lock!
[12:52:46] Player (ROK, 76561198448631012)(<2816.370605, 46.494064, 4764.327637>) requested data for lock!
[12:52:48] Player (ROK, 76561198448631012)(<2823.845215, 46.494064, 4774.664551>) requested data for lock!
[12:53:04] Player (ROK, 76561198448631012)(<3585.483643, 23.219879, 4879.533691>) requested data for lock!
[12:53:08] Player (ROK, 76561198448631012)(<3271.497559, 26.487022, 4915.288086>) requested data for lock!
[12:53:11] Player (ROK, 76561198448631012)(<3937.974365, 18.712990, 4823.885742>) requested data for lock!
[12:53:31] Player (ROK, 76561198448631012)(<3421.042480, 15.097157, 5042.374512>) requested data for lock!
[12:53:32] Player (ROK, 76561198448631012)(<3414.799805, 12.613712, 5047.664063>) requested data for lock!
[12:53:44] Player (ROK, 76561198448631012)(<4450.335449, 6.887537, 3090.050293>) requested data for lock!
[12:55:45] Player (ROK, 76561198448631012)(<3276.376465, 34.151474, 4613.831055>) requested data for lock!
[12:56:28] Player (ROK, 76561198448631012)(<3396.460693, 31.416298, 3435.075928>) requested data for lock!
[12:57:50] Player (ROK, 76561198448631012)(<3381.419678, 30.414505, 3427.238281>) requested data for lock!
[12:57:52] Player (ROK, 76561198448631012)(<3383.022949, 31.461510, 3414.468994>) requested data for lock!
[12:58:04] Player (ROK, 76561198448631012)(<3377.685547, 29.644051, 3407.356201>) requested data for lock!
[13:01:03] Player (ROK, 76561198448631012)(<3383.022949, 31.461510, 3414.468994>) requested data for lock!
[13:01:28] Player (ROK, 76561198448631012)(<3381.419678, 30.414505, 3427.238281>) requested data for lock!
[13:04:39] Player (ROK, 76561198448631012)(<5703.666016, 4.296862, 3579.834473>) requested data for lock!
[13:04:39] Player (ROK, 76561198448631012)(<5704.501465, 4.296862, 3574.349854>) requested data for lock!
[13:06:22] Player (ROK, 76561198448631012)(<8912.519531, 13.905832, 3080.007568>) requested data for lock!
[14:44:01] Player (Wagimaster, 76561198028857944)(<7784.830566, 4.453664, 786.340027>) requested data for lock!
[14:44:01] Player (Wagimaster, 76561198028857944)(<7775.624023, 4.453664, 789.218628>) requested data for lock!
[14:44:01] Player (Wagimaster, 76561198028857944)(<7775.609863, 4.453664, 789.851563>) requested data for lock!
[14:44:58] Player (wdenda, 76561198029489211)(<2097.672607, 43.492085, 5977.060547>) requested data for lock!
[14:44:58] Player (wdenda, 76561198029489211)(<2435.960938, 55.353981, 5288.420898>) requested data for lock!
[14:44:58] Player (wdenda, 76561198029489211)(<2436.508545, 53.178806, 5278.377441>) requested data for lock!
[14:46:19] Player (Wagimaster, 76561198028857944)(<5016.663574, 1.233577, 580.629578>) requested data for lock!
[14:46:27] Player (Wagimaster, 76561198028857944)(<4784.633301, 32.537643, 967.196533>) requested data for lock!
[14:51:32] Player (wdenda, 76561198029489211)(<2435.960938, 55.353981, 5288.420898>) requested data for lock!
[14:51:33] Player (wdenda, 76561198029489211)(<2436.508545, 53.178806, 5278.377441>) requested data for lock!
[14:54:01] Player (Wagimaster, 76561198028857944)(<3677.487305, 83.300156, 2432.046875>) requested data for lock!
[14:54:59] Player (Wagimaster, 76561198028857944)(<3922.433105, 41.602104, 2912.677246>) requested data for lock!
[14:55:08] Player (Wagimaster, 76561198028857944)(<4450.335449, 6.887537, 3090.050293>) requested data for lock!
[14:55:27] Player (Wagimaster, 76561198028857944)(<3377.685547, 29.644051, 3407.356201>) requested data for lock!
[14:55:27] Player (Wagimaster, 76561198028857944)(<3383.022949, 31.461510, 3414.468994>) requested data for lock!
[14:55:28] Player (Wagimaster, 76561198028857944)(<3396.460693, 31.416298, 3435.075928>) requested data for lock!
[14:55:28] Player (Wagimaster, 76561198028857944)(<3381.419678, 30.414505, 3427.238281>) requested data for lock!
[14:55:31] Player (Wagimaster, 76561198028857944)(<3478.242676, 26.471230, 3570.753174>) requested data for lock!
[14:56:35] Player (Wagimaster, 76561198028857944)(<3275.452393, 31.053638, 4605.722656>) requested data for lock!
[14:56:35] Player (Wagimaster, 76561198028857944)(<3276.376465, 34.151474, 4613.831055>) requested data for lock!
[14:57:15] Player (Wagimaster, 76561198028857944)(<4450.335449, 6.887537, 3090.050293>) requested data for lock!
[14:57:37] Player (Wagimaster, 76561198028857944)(<2816.370605, 46.494064, 4764.327637>) requested data for lock!
[14:57:37] Player (Wagimaster, 76561198028857944)(<2823.845215, 46.494064, 4774.664551>) requested data for lock!
[14:57:43] Player (Wagimaster, 76561198028857944)(<3585.483643, 23.219879, 4879.533691>) requested data for lock!
[14:57:45] Player (Wagimaster, 76561198028857944)(<3271.497559, 26.487022, 4915.288086>) requested data for lock!
[14:57:50] Player (Wagimaster, 76561198028857944)(<3937.974365, 18.712990, 4823.885742>) requested data for lock!
[14:57:51] Player (Wagimaster, 76561198028857944)(<3421.042480, 15.097157, 5042.374512>) requested data for lock!
[14:57:51] Player (Wagimaster, 76561198028857944)(<3414.799805, 12.613712, 5047.664063>) requested data for lock!
[14:58:18] Player (Wagimaster, 76561198028857944)(<2436.508545, 53.178806, 5278.377441>) requested data for lock!
[14:58:18] Player (Wagimaster, 76561198028857944)(<2435.960938, 55.353981, 5288.420898>) requested data for lock!
[14:58:58] Player (Wagimaster, 76561198028857944)(<2097.672607, 43.492085, 5977.060547>) requested data for lock!
[15:05:18] Player (wdenda, 76561198029489211)(<2097.672607, 43.492085, 5977.060547>) requested data for lock!
[15:05:18] Player (wdenda, 76561198029489211)(<2435.960938, 55.353981, 5288.420898>) requested data for lock!
[15:05:18] Player (wdenda, 76561198029489211)(<2436.508545, 53.178806, 5278.377441>) requested data for lock!
[15:08:08] Player (Loomio, 76561198122836148)(<4450.335449, 6.887537, 3090.050293>) requested data for lock!
[15:08:08] Player (Loomio, 76561198122836148)(<3478.242676, 26.471230, 3570.753174>) requested data for lock!
[15:08:08] Player (Loomio, 76561198122836148)(<3381.419678, 30.414505, 3427.238281>) requested data for lock!
[15:08:08] Player (Loomio, 76561198122836148)(<3396.460693, 31.416298, 3435.075928>) requested data for lock!
[15:08:08] Player (Loomio, 76561198122836148)(<3377.685547, 29.644051, 3407.356201>) requested data for lock!
[15:08:08] Player (Loomio, 76561198122836148)(<3383.022949, 31.461510, 3414.468994>) requested data for lock!
[15:08:08] Player (Loomio, 76561198122836148)(<3922.433105, 41.602104, 2912.677246>) requested data for lock!
[15:15:03] Player (Loomio, 76561198122836148)(<3275.452393, 31.053638, 4605.722656>) requested data for lock!
[15:15:04] Player (Loomio, 76561198122836148)(<3276.376465, 34.151474, 4613.831055>) requested data for lock!
[15:15:09] Player (Loomio, 76561198122836148)(<4450.335449, 6.887537, 3090.050293>) requested data for lock!
[15:15:38] Player (Loomio, 76561198122836148)(<3677.487305, 83.300156, 2432.046875>) requested data for lock!
[15:17:15] Player (Loomio, 76561198122836148)(<3937.974365, 18.712990, 4823.885742>) requested data for lock!
[15:17:28] Player (Loomio, 76561198122836148)(<3585.483643, 23.219879, 4879.533691>) requested data for lock!
[15:17:35] Player (Loomio, 76561198122836148)(<3276.376465, 34.151474, 4613.831055>) requested data for lock!
[15:17:35] Player (Loomio, 76561198122836148)(<3275.452393, 31.053638, 4605.722656>) requested data for lock!
[15:18:54] Player (Loomio, 76561198122836148)(<3396.460693, 31.416298, 3435.075928>) requested data for lock!
[15:20:40] Player (Loomio, 76561198122836148)(<4450.335449, 6.887537, 3090.050293>) requested data for lock!
[15:20:44] Player (Loomio, 76561198122836148)(<5703.666016, 4.296862, 3579.834473>) requested data for lock!
[15:20:44] Player (Loomio, 76561198122836148)(<5704.501465, 4.296862, 3574.349854>) requested data for lock!
[15:23:32] Player (Loomio, 76561198122836148)(<8912.519531, 13.905832, 3080.007568>) requested data for lock!
[15:33:31] Player (Wagimaster, 76561198028857944)(<2097.672607, 43.492085, 5977.060547>) requested data for lock!
[15:33:32] Player (Wagimaster, 76561198028857944)(<2435.960938, 55.353981, 5288.420898>) requested data for lock!
[15:33:32] Player (Wagimaster, 76561198028857944)(<2436.508545, 53.178806, 5278.377441>) requested data for lock!
[15:34:36] Player (BADGREMLIN75, 76561199142868361)(<8940.941406, 11.078473, 7995.913574>) requested data for lock!
[15:42:43] Player (Loomio, 76561198122836148)(<8912.519531, 13.905832, 3080.007568>) requested data for lock!
[15:45:16] Player (Loomio, 76561198122836148)(<5704.501465, 4.296862, 3574.349854>) requested data for lock!
[15:45:17] Player (Loomio, 76561198122836148)(<5703.666016, 4.296862, 3579.834473>) requested data for lock!
[15:45:51] Player (Loomio, 76561198122836148)(<4450.335449, 6.887537, 3090.050293>) requested data for lock!
[15:46:10] Player (Wagimaster, 76561198028857944)(<2823.845215, 46.494064, 4774.664551>) requested data for lock!
[15:46:10] Player (wdenda, 76561198029489211)(<2823.845215, 46.494064, 4774.664551>) requested data for lock!
[15:46:11] Player (wdenda, 76561198029489211)(<2816.370605, 46.494064, 4764.327637>) requested data for lock!
[15:46:11] Player (Wagimaster, 76561198028857944)(<2816.370605, 46.494064, 4764.327637>) requested data for lock!
[15:46:21] Player (Loomio, 76561198122836148)(<3922.433105, 41.602104, 2912.677246>) requested data for lock!
[15:46:23] Player (wdenda, 76561198029489211)(<3271.497559, 26.487022, 4915.288086>) requested data for lock!
[15:46:24] Player (Wagimaster, 76561198028857944)(<3271.497559, 26.487022, 4915.288086>) requested data for lock!
[15:46:26] Player (Wagimaster, 76561198028857944)(<3414.799805, 12.613712, 5047.664063>) requested data for lock!
[15:46:26] Player (wdenda, 76561198029489211)(<3414.799805, 12.613712, 5047.664063>) requested data for lock!
[15:46:26] Player (Wagimaster, 76561198028857944)(<3421.042480, 15.097157, 5042.374512>) requested data for lock!
[15:46:26] Player (wdenda, 76561198029489211)(<3421.042480, 15.097157, 5042.374512>) requested data for lock!
[15:46:33] Player (wdenda, 76561198029489211)(<3276.376465, 34.151474, 4613.831055>) requested data for lock!
[15:46:33] Player (Wagimaster, 76561198028857944)(<3276.376465, 34.151474, 4613.831055>) requested data for lock!
[15:46:33] Player (wdenda, 76561198029489211)(<3275.452393, 31.053638, 4605.722656>) requested data for lock!
[15:46:34] Player (Wagimaster, 76561198028857944)(<3275.452393, 31.053638, 4605.722656>) requested data for lock!
[15:46:34] Player (Wagimaster, 76561198028857944)(<3585.483643, 23.219879, 4879.533691>) requested data for lock!
[15:46:35] Player (wdenda, 76561198029489211)(<3585.483643, 23.219879, 4879.533691>) requested data for lock!
[15:46:44] Player (Wagimaster, 76561198028857944)(<3800.382813, 4.546953, 6148.426270>) requested data for lock!
[15:46:44] Player (wdenda, 76561198029489211)(<3800.382813, 4.546953, 6148.426270>) requested data for lock!
[15:46:46] Player (wdenda, 76561198029489211)(<3937.974365, 18.712990, 4823.885742>) requested data for lock!
[15:46:46] Player (Wagimaster, 76561198028857944)(<3937.974365, 18.712990, 4823.885742>) requested data for lock!
[15:46:47] Player (Loomio, 76561198122836148)(<3937.974365, 18.712990, 4823.885742>) requested data for lock!
[15:47:30] Player (Loomio, 76561198122836148)(<3585.483643, 23.219879, 4879.533691>) requested data for lock!
[15:47:49] Player (Wagimaster, 76561198028857944)(<3478.242676, 26.471230, 3570.753174>) requested data for lock!
[15:47:49] Player (wdenda, 76561198029489211)(<3478.242676, 26.471230, 3570.753174>) requested data for lock!
[15:48:15] Player (Loomio, 76561198122836148)(<3478.242676, 26.471230, 3570.753174>) requested data for lock!
[15:48:34] Player (Wagimaster, 76561198028857944)(<3396.460693, 31.416298, 3435.075928>) requested data for lock!
[15:48:55] Player (Loomio, 76561198122836148)(<3276.376465, 34.151474, 4613.831055>) requested data for lock!
[15:48:55] Player (Loomio, 76561198122836148)(<3275.452393, 31.053638, 4605.722656>) requested data for lock!
[15:49:03] Player (Loomio, 76561198122836148)(<3396.460693, 31.416298, 3435.075928>) requested data for lock!
[15:49:39] Player (Loomio, 76561198122836148)(<3381.419678, 30.414505, 3427.238281>) requested data for lock!
[15:49:40] Player (Loomio, 76561198122836148)(<3383.022949, 31.461510, 3414.468994>) requested data for lock!
[15:49:41] Player (Loomio, 76561198122836148)(<3377.685547, 29.644051, 3407.356201>) requested data for lock!
[15:49:42] Player (wdenda, 76561198029489211)(<3396.460693, 31.416298, 3435.075928>) requested data for lock!
[15:50:16] Player (wdenda, 76561198029489211)(<3396.460693, 31.416298, 3435.075928>) requested data for lock!
[15:50:30] Player (BADGREMLIN75, 76561199142868361)(<5861.338867, 4.145164, 5783.404785>) requested data for lock!
[15:50:31] Player (Wagimaster, 76561198028857944)(<3396.460693, 31.416298, 3435.075928>) requested data for lock!
[15:50:58] Player (wdenda, 76561198029489211)(<3381.419678, 30.414505, 3427.238281>) requested data for lock!
[15:50:59] Player (wdenda, 76561198029489211)(<3383.022949, 31.461510, 3414.468994>) requested data for lock!
[15:51:03] Player (BADGREMLIN75, 76561199142868361)(<6995.516602, 1.199409, 5130.952148>) requested data for lock!
[15:51:03] Player (BADGREMLIN75, 76561199142868361)(<7000.379883, 1.131253, 5129.526855>) requested data for lock!
[15:51:17] Player (BADGREMLIN75, 76561199142868361)(<7008.073242, 2.844007, 5128.650879>) requested data for lock!
[15:51:20] Player (wdenda, 76561198029489211)(<3377.685547, 29.644051, 3407.356201>) requested data for lock!
[15:52:07] Player (Wagimaster, 76561198028857944)(<3396.460693, 31.416298, 3435.075928>) requested data for lock!
[15:52:20] Player (Wagimaster, 76561198028857944)(<3381.419678, 30.414505, 3427.238281>) requested data for lock!
[15:52:21] Player (Wagimaster, 76561198028857944)(<3383.022949, 31.461510, 3414.468994>) requested data for lock!
[15:52:23] Player (Wagimaster, 76561198028857944)(<3377.685547, 29.644051, 3407.356201>) requested data for lock!
[15:53:43] Player (Loomio, 76561198122836148)(<3396.460693, 31.416298, 3435.075928>) requested data for lock!
[15:54:00] Player (Loomio, 76561198122836148)(<3381.419678, 30.414505, 3427.238281>) requested data for lock!
[15:54:01] Player (Loomio, 76561198122836148)(<3383.022949, 31.461510, 3414.468994>) requested data for lock!
[15:54:02] Player (Loomio, 76561198122836148)(<3377.685547, 29.644051, 3407.356201>) requested data for lock!
[15:56:07] Player (Loomio, 76561198122836148)(<3396.460693, 31.416298, 3435.075928>) requested data for lock!
[15:57:06] Player (Wagimaster, 76561198028857944)(<3396.460693, 31.416298, 3435.075928>) requested data for lock!
[15:57:28] Player (Wagimaster, 76561198028857944)(<3396.460693, 31.416298, 3435.075928>) requested data for lock!
[15:57:35] Player (Wagimaster, 76561198028857944)(<3396.460693, 31.416298, 3435.075928>) requested data for lock!
[10-07-2022][16.02.24] Log file reloaded ( Server Restart )
[16:06:56] Player (Wagimaster, 76561198028857944)(<3396.460693, 31.416298, 3435.075928>) requested data for lock!
[16:06:58] Player (Wagimaster, 76561198028857944)(<3478.242676, 26.471230, 3570.753174>) requested data for lock!
[16:06:58] Player (Wagimaster, 76561198028857944)(<3275.452393, 31.053638, 4605.722656>) requested data for lock!
[16:06:58] Player (Wagimaster, 76561198028857944)(<3276.376465, 34.151474, 4613.831055>) requested data for lock!
[16:06:58] Player (Wagimaster, 76561198028857944)(<3585.483643, 23.219879, 4879.533691>) requested data for lock!
[16:07:01] Player (Wagimaster, 76561198028857944)(<3937.974365, 18.712990, 4823.885742>) requested data for lock!
[16:07:15] Player (Wagimaster, 76561198028857944)(<3396.460693, 31.416298, 3435.075928>) requested data for lock!
[16:07:18] Player (wdenda, 76561198029489211)(<3396.460693, 31.416298, 3435.075928>) requested data for lock!
[16:07:20] Player (wdenda, 76561198029489211)(<3478.242676, 26.471230, 3570.753174>) requested data for lock!
[16:07:20] Player (wdenda, 76561198029489211)(<3275.452393, 31.053638, 4605.722656>) requested data for lock!
[16:07:20] Player (wdenda, 76561198029489211)(<3276.376465, 34.151474, 4613.831055>) requested data for lock!
[16:07:20] Player (wdenda, 76561198029489211)(<3585.483643, 23.219879, 4879.533691>) requested data for lock!
[16:07:24] Player (wdenda, 76561198029489211)(<3937.974365, 18.712990, 4823.885742>) requested data for lock!
[16:08:20] Player (Loomio, 76561198122836148)(<3396.460693, 31.416298, 3435.075928>) requested data for lock!
[16:08:22] Player (Loomio, 76561198122836148)(<3478.242676, 26.471230, 3570.753174>) requested data for lock!
[16:08:23] Player (Loomio, 76561198122836148)(<3275.452393, 31.053638, 4605.722656>) requested data for lock!
[16:08:23] Player (Loomio, 76561198122836148)(<3276.376465, 34.151474, 4613.831055>) requested data for lock!
[16:08:23] Player (Loomio, 76561198122836148)(<3585.483643, 23.219879, 4879.533691>) requested data for lock!
[16:08:25] Player (Loomio, 76561198122836148)(<3937.974365, 18.712990, 4823.885742>) requested data for lock!
[16:09:35] Player (Loomio, 76561198122836148)(<4450.335449, 6.887537, 3090.050293>) requested data for lock!
[16:09:47] Player (Loomio, 76561198122836148)(<3922.433105, 41.602104, 2912.677246>) requested data for lock!
[16:09:49] Player (Loomio, 76561198122836148)(<3396.460693, 31.416298, 3435.075928>) requested data for lock!
[16:09:52] Player (Loomio, 76561198122836148)(<3383.022949, 31.461510, 3414.468994>) requested data for lock!
[16:09:52] Player (Loomio, 76561198122836148)(<3381.419678, 30.414505, 3427.238281>) requested data for lock!
[16:09:52] Player (Loomio, 76561198122836148)(<3377.685547, 29.644051, 3407.356201>) requested data for lock!
[16:10:24] Player (Loomio, 76561198122836148)(<3677.487305, 83.300156, 2432.046875>) requested data for lock!
[16:10:44] Player (Wagimaster, 76561198028857944)(<3396.460693, 31.416298, 3435.075928>) requested data for lock!
[16:10:57] Player (Wagimaster, 76561198028857944)(<3381.419678, 30.414505, 3427.238281>) requested data for lock!
[16:10:58] Player (Wagimaster, 76561198028857944)(<3383.022949, 31.461510, 3414.468994>) requested data for lock!
[16:11:04] Player (Wagimaster, 76561198028857944)(<3377.685547, 29.644051, 3407.356201>) requested data for lock!
[16:11:24] Player (Loomio, 76561198122836148)(<3275.452393, 31.053638, 4605.722656>) requested data for lock!
[16:11:24] Player (Loomio, 76561198122836148)(<3276.376465, 34.151474, 4613.831055>) requested data for lock!
[16:11:41] Player (Wagimaster, 76561198028857944)(<3377.685547, 29.644051, 3407.356201>) requested data for lock!
[16:11:46] Player (Wagimaster, 76561198028857944)(<3377.685547, 29.644051, 3407.356201>) requested data for lock!
[16:11:47] Player (wdenda, 76561198029489211)(<3396.460693, 31.416298, 3435.075928>) requested data for lock!
[16:13:10] Player (wdenda, 76561198029489211)(<3381.419678, 30.414505, 3427.238281>) requested data for lock!
[16:13:11] Player (wdenda, 76561198029489211)(<3383.022949, 31.461510, 3414.468994>) requested data for lock!
[16:13:12] Player (wdenda, 76561198029489211)(<3377.685547, 29.644051, 3407.356201>) requested data for lock!
[16:14:48] Player (wdenda, 76561198029489211)(<3396.460693, 31.416298, 3435.075928>) requested data for lock!
[16:15:16] Player (Wagimaster, 76561198028857944)(<3396.460693, 31.416298, 3435.075928>) requested data for lock!
[16:15:33] Player (wdenda, 76561198029489211)(<3396.460693, 31.416298, 3435.075928>) requested data for lock!
[16:17:37] Player (Wagimaster, 76561198028857944)(<3585.483643, 23.219879, 4879.533691>) requested data for lock!
[16:18:55] Player (Wagimaster, 76561198028857944)(<4450.335449, 6.887537, 3090.050293>) requested data for lock!
[16:18:55] Player (wdenda, 76561198029489211)(<4450.335449, 6.887537, 3090.050293>) requested data for lock!
[16:18:57] Player (Wagimaster, 76561198028857944)(<5703.666016, 4.296862, 3579.834473>) requested data for lock!
[16:18:57] Player (wdenda, 76561198029489211)(<5703.666016, 4.296862, 3579.834473>) requested data for lock!
[16:18:57] Player (Wagimaster, 76561198028857944)(<5704.501465, 4.296862, 3574.349854>) requested data for lock!
[16:18:57] Player (wdenda, 76561198029489211)(<5704.501465, 4.296862, 3574.349854>) requested data for lock!
[16:21:54] Player (Wagimaster, 76561198028857944)(<8912.519531, 13.905832, 3080.007568>) requested data for lock!
[16:21:54] Player (wdenda, 76561198029489211)(<8912.519531, 13.905832, 3080.007568>) requested data for lock!
[16:30:30] Player (wdenda, 76561198029489211)(<8912.519531, 13.905832, 3080.007568>) requested data for lock!
[16:30:30] Player (Wagimaster, 76561198028857944)(<8912.519531, 13.905832, 3080.007568>) requested data for lock!
[16:44:01] Player (Xazzli, 76561198043526085)(<3396.460693, 31.416298, 3435.075928>) requested data for lock!
[16:44:01] Player (Xazzli, 76561198043526085)(<3478.242676, 26.471230, 3570.753174>) requested data for lock!
[16:44:01] Player (Xazzli, 76561198043526085)(<3275.452393, 31.053638, 4605.722656>) requested data for lock!
[16:44:01] Player (Xazzli, 76561198043526085)(<3276.376465, 34.151474, 4613.831055>) requested data for lock!
[16:44:01] Player (Xazzli, 76561198043526085)(<3585.483643, 23.219879, 4879.533691>) requested data for lock!
[16:44:02] Player (Xazzli, 76561198043526085)(<3937.974365, 18.712990, 4823.885742>) requested data for lock!
[16:44:46] Player (Loomio, 76561198122836148)(<4450.335449, 6.887537, 3090.050293>) requested data for lock!
[16:44:47] Player (Loomio, 76561198122836148)(<3383.022949, 31.461510, 3414.468994>) requested data for lock!
[16:44:47] Player (Loomio, 76561198122836148)(<3377.685547, 29.644051, 3407.356201>) requested data for lock!
[16:44:47] Player (Loomio, 76561198122836148)(<3922.433105, 41.602104, 2912.677246>) requested data for lock!
[16:44:48] Player (Loomio, 76561198122836148)(<3396.460693, 31.416298, 3435.075928>) requested data for lock!
[16:44:48] Player (Loomio, 76561198122836148)(<3381.419678, 30.414505, 3427.238281>) requested data for lock!
[16:44:51] Player (Loomio, 76561198122836148)(<3478.242676, 26.471230, 3570.753174>) requested data for lock!
[16:45:27] Player (Xazzli, 76561198043526085)(<3381.419678, 30.414505, 3427.238281>) requested data for lock!
[16:45:28] Player (Xazzli, 76561198043526085)(<3383.022949, 31.461510, 3414.468994>) requested data for lock!
[16:46:03] Player (Xazzli, 76561198043526085)(<3377.685547, 29.644051, 3407.356201>) requested data for lock!
[16:47:32] Player (Xazzli, 76561198043526085)(<3381.419678, 30.414505, 3427.238281>) requested data for lock!
[16:47:33] Player (Xazzli, 76561198043526085)(<3383.022949, 31.461510, 3414.468994>) requested data for lock!
[16:48:41] Player (Xazzli, 76561198043526085)(<4450.335449, 6.887537, 3090.050293>) requested data for lock!
[16:49:02] Player (Xazzli, 76561198043526085)(<3396.460693, 31.416298, 3435.075928>) requested data for lock!
[16:49:03] Player (Xazzli, 76561198043526085)(<3381.419678, 30.414505, 3427.238281>) requested data for lock!
[16:49:04] Player (Xazzli, 76561198043526085)(<3383.022949, 31.461510, 3414.468994>) requested data for lock!
[16:49:04] Player (Xazzli, 76561198043526085)(<3377.685547, 29.644051, 3407.356201>) requested data for lock!
[16:49:08] Player (Xazzli, 76561198043526085)(<3275.452393, 31.053638, 4605.722656>) requested data for lock!
[16:49:08] Player (Xazzli, 76561198043526085)(<3276.376465, 34.151474, 4613.831055>) requested data for lock!
[16:49:14] Player (Xazzli, 76561198043526085)(<3922.433105, 41.602104, 2912.677246>) requested data for lock!
[16:50:05] Player (Loomio, 76561198122836148)(<3275.452393, 31.053638, 4605.722656>) requested data for lock!
[16:53:28] Player (Xazzli, 76561198043526085)(<4450.335449, 6.887537, 3090.050293>) requested data for lock!
[16:56:09] Player (Wagimaster, 76561198028857944)(<8912.519531, 13.905832, 3080.007568>) requested data for lock!
[16:56:09] Player (wdenda, 76561198029489211)(<8912.519531, 13.905832, 3080.007568>) requested data for lock!
[16:56:24] Player (Wagimaster, 76561198028857944)(<8912.519531, 13.905832, 3080.007568>) requested data for lock!
[16:58:40] Player (Xazzli, 76561198043526085)(<3677.487305, 83.300156, 2432.046875>) requested data for lock!
[16:59:07] Player (Wagimaster, 76561198028857944)(<8912.519531, 13.905832, 3080.007568>) requested data for lock!
[16:59:12] Player (Wagimaster, 76561198028857944)(<8912.519531, 13.905832, 3080.007568>) requested data for lock!
[16:59:14] Player (wdenda, 76561198029489211)(<8912.519531, 13.905832, 3080.007568>) requested data for lock!
[16:59:20] Player (wdenda, 76561198029489211)(<8912.519531, 13.905832, 3080.007568>) requested data for lock!
[16:59:23] Player (wdenda, 76561198029489211)(<8912.519531, 13.905832, 3080.007568>) requested data for lock!
[16:59:27] Player (wdenda, 76561198029489211)(<8912.519531, 13.905832, 3080.007568>) requested data for lock!
[16:59:48] Player (Wagimaster, 76561198028857944)(<8912.519531, 13.905832, 3080.007568>) requested data for lock!
[16:59:55] Player (Wagimaster, 76561198028857944)(<8912.519531, 13.905832, 3080.007568>) requested data for lock!
[17:00:07] Player (Wagimaster, 76561198028857944)(<8912.519531, 13.905832, 3080.007568>) requested data for lock!
[17:01:34] Player (Wagimaster, 76561198028857944)(<8912.519531, 13.905832, 3080.007568>) requested data for lock!
[17:06:35] Player (Xazzli, 76561198043526085)(<3937.974365, 18.712990, 4823.885742>) requested data for lock!
[17:06:52] Player (Xazzli, 76561198043526085)(<3585.483643, 23.219879, 4879.533691>) requested data for lock!
[17:07:00] Player (Xazzli, 76561198043526085)(<3276.376465, 34.151474, 4613.831055>) requested data for lock!
[17:07:01] Player (Xazzli, 76561198043526085)(<3275.452393, 31.053638, 4605.722656>) requested data for lock!
[17:07:33] Player (Xazzli, 76561198043526085)(<3396.460693, 31.416298, 3435.075928>) requested data for lock!
[17:13:07] Player (Xazzli, 76561198043526085)(<3396.460693, 31.416298, 3435.075928>) requested data for lock!
[17:14:40] Player (Xazzli, 76561198043526085)(<3275.452393, 31.053638, 4605.722656>) requested data for lock!
[17:14:50] Player (Xazzli, 76561198043526085)(<3276.376465, 34.151474, 4613.831055>) requested data for lock!
[17:15:08] Player (MADness, 76561198968762750)(<3396.460693, 31.416298, 3435.075928>) requested data for lock!
[17:15:08] Player (MADness, 76561198968762750)(<3478.242676, 26.471230, 3570.753174>) requested data for lock!
[17:15:08] Player (MADness, 76561198968762750)(<3276.376465, 34.151474, 4613.831055>) requested data for lock!
[17:15:08] Player (MADness, 76561198968762750)(<3275.452393, 31.053638, 4605.722656>) requested data for lock!
[17:15:08] Player (MADness, 76561198968762750)(<3585.483643, 23.219879, 4879.533691>) requested data for lock!
[17:15:08] Player (MADness, 76561198968762750)(<3937.974365, 18.712990, 4823.885742>) requested data for lock!
[17:15:34] Player (Xazzli, 76561198043526085)(<3396.460693, 31.416298, 3435.075928>) requested data for lock!
[17:15:37] Player (Xazzli, 76561198043526085)(<3381.419678, 30.414505, 3427.238281>) requested data for lock!
[17:15:38] Player (Xazzli, 76561198043526085)(<3383.022949, 31.461510, 3414.468994>) requested data for lock!
[17:15:39] Player (Xazzli, 76561198043526085)(<3377.685547, 29.644051, 3407.356201>) requested data for lock!
[17:15:41] Player (MADness, 76561198968762750)(<3383.022949, 31.461510, 3414.468994>) requested data for lock!
[17:15:41] Player (MADness, 76561198968762750)(<3377.685547, 29.644051, 3407.356201>) requested data for lock!
[17:15:41] Player (MADness, 76561198968762750)(<3922.433105, 41.602104, 2912.677246>) requested data for lock!
[17:15:41] Player (MADness, 76561198968762750)(<3396.460693, 31.416298, 3435.075928>) requested data for lock!
[17:15:41] Player (MADness, 76561198968762750)(<3381.419678, 30.414505, 3427.238281>) requested data for lock!
[17:15:45] Player (MADness, 76561198968762750)(<4450.335449, 6.887537, 3090.050293>) requested data for lock!
[17:15:54] Player (MADness, 76561198968762750)(<4450.335449, 6.887537, 3090.050293>) requested data for lock!
[17:16:59] Player (Xazzli, 76561198043526085)(<3396.460693, 31.416298, 3435.075928>) requested data for lock!
[17:17:25] Player (MADness, 76561198968762750)(<4450.335449, 6.887537, 3090.050293>) requested data for lock!
[17:17:42] Player (MADness, 76561198968762750)(<3937.974365, 18.712990, 4823.885742>) requested data for lock!
[17:17:43] Player (MADness, 76561198968762750)(<3585.483643, 23.219879, 4879.533691>) requested data for lock!
[17:17:48] Player (MADness, 76561198968762750)(<3271.497559, 26.487022, 4915.288086>) requested data for lock!
[17:17:50] Player (MADness, 76561198968762750)(<2816.370605, 46.494064, 4764.327637>) requested data for lock!
[17:17:50] Player (MADness, 76561198968762750)(<2823.845215, 46.494064, 4774.664551>) requested data for lock!
[17:17:53] Player (MADness, 76561198968762750)(<3421.042480, 15.097157, 5042.374512>) requested data for lock!
[17:17:53] Player (MADness, 76561198968762750)(<3414.799805, 12.613712, 5047.664063>) requested data for lock!
[17:18:14] Player (MADness, 76561198968762750)(<3396.460693, 31.416298, 3435.075928>) requested data for lock!
[17:18:15] Player (MADness, 76561198968762750)(<3381.419678, 30.414505, 3427.238281>) requested data for lock!
[17:18:16] Player (MADness, 76561198968762750)(<3383.022949, 31.461510, 3414.468994>) requested data for lock!
[17:18:17] Player (MADness, 76561198968762750)(<3377.685547, 29.644051, 3407.356201>) requested data for lock!
[17:18:50] Player (Xazzli, 76561198043526085)(<3396.460693, 31.416298, 3435.075928>) requested data for lock!
[17:19:31] Player (Xazzli, 76561198043526085)(<3396.460693, 31.416298, 3435.075928>) requested data for lock!
[17:19:34] Player (Xazzli, 76561198043526085)(<3381.419678, 30.414505, 3427.238281>) requested data for lock!
[17:21:07] Player (Xazzli, 76561198043526085)(<3396.460693, 31.416298, 3435.075928>) requested data for lock!
[17:23:16] Player (Wagimaster, 76561198028857944)(<8912.519531, 13.905832, 3080.007568>) requested data for lock!
[17:23:22] Player (wdenda, 76561198029489211)(<8912.519531, 13.905832, 3080.007568>) requested data for lock!
[17:23:40] Player (Xazzli, 76561198043526085)(<3396.460693, 31.416298, 3435.075928>) requested data for lock!
[17:23:40] Player (Xazzli, 76561198043526085)(<4450.335449, 6.887537, 3090.050293>) requested data for lock!
[17:23:43] Player (Xazzli, 76561198043526085)(<3381.419678, 30.414505, 3427.238281>) requested data for lock!
[17:23:44] Player (Xazzli, 76561198043526085)(<3383.022949, 31.461510, 3414.468994>) requested data for lock!
[17:23:45] Player (Xazzli, 76561198043526085)(<3377.685547, 29.644051, 3407.356201>) requested data for lock!
[17:23:50] Player (wdenda, 76561198029489211)(<8912.519531, 13.905832, 3080.007568>) requested data for lock!
[17:23:50] Player (Wagimaster, 76561198028857944)(<8912.519531, 13.905832, 3080.007568>) requested data for lock!
[17:23:52] Player (Xazzli, 76561198043526085)(<3275.452393, 31.053638, 4605.722656>) requested data for lock!
[17:23:53] Player (Xazzli, 76561198043526085)(<3276.376465, 34.151474, 4613.831055>) requested data for lock!
[17:24:32] Player (Xazzli, 76561198043526085)(<3922.433105, 41.602104, 2912.677246>) requested data for lock!
[17:25:15] Player (MADness, 76561198968762750)(<3377.685547, 29.644051, 3407.356201>) requested data for lock!
[17:25:43] Player (MADness, 76561198968762750)(<3396.460693, 31.416298, 3435.075928>) requested data for lock!
[17:25:44] Player (MADness, 76561198968762750)(<3381.419678, 30.414505, 3427.238281>) requested data for lock!
[17:25:44] Player (MADness, 76561198968762750)(<3383.022949, 31.461510, 3414.468994>) requested data for lock!
[17:25:45] Player (MADness, 76561198968762750)(<3377.685547, 29.644051, 3407.356201>) requested data for lock!
[17:26:27] Player (wdenda, 76561198029489211)(<5704.501465, 4.296862, 3574.349854>) requested data for lock!
[17:26:27] Player (Wagimaster, 76561198028857944)(<5704.501465, 4.296862, 3574.349854>) requested data for lock!
[17:26:28] Player (wdenda, 76561198029489211)(<5703.666016, 4.296862, 3579.834473>) requested data for lock!
[17:26:28] Player (Wagimaster, 76561198028857944)(<5703.666016, 4.296862, 3579.834473>) requested data for lock!
[17:26:56] Player (Wagimaster, 76561198028857944)(<4450.335449, 6.887537, 3090.050293>) requested data for lock!
[17:26:56] Player (wdenda, 76561198029489211)(<4450.335449, 6.887537, 3090.050293>) requested data for lock!
[17:28:01] Player (Wagimaster, 76561198028857944)(<3937.974365, 18.712990, 4823.885742>) requested data for lock!
[17:28:01] Player (wdenda, 76561198029489211)(<3937.974365, 18.712990, 4823.885742>) requested data for lock!
[17:30:34] Player (Wagimaster, 76561198028857944)(<3585.483643, 23.219879, 4879.533691>) requested data for lock!
[17:30:41] Player (wdenda, 76561198029489211)(<3585.483643, 23.219879, 4879.533691>) requested data for lock!
[17:30:41] Player (Xazzli, 76561198043526085)(<4450.335449, 6.887537, 3090.050293>) requested data for lock!
[17:30:44] Player (Wagimaster, 76561198028857944)(<3478.242676, 26.471230, 3570.753174>) requested data for lock!
[17:30:51] Player (wdenda, 76561198029489211)(<3478.242676, 26.471230, 3570.753174>) requested data for lock!
[17:31:02] Player (Wagimaster, 76561198028857944)(<3276.376465, 34.151474, 4613.831055>) requested data for lock!
[17:31:02] Player (Wagimaster, 76561198028857944)(<3275.452393, 31.053638, 4605.722656>) requested data for lock!
[17:31:08] Player (wdenda, 76561198029489211)(<3276.376465, 34.151474, 4613.831055>) requested data for lock!
[17:31:08] Player (wdenda, 76561198029489211)(<3275.452393, 31.053638, 4605.722656>) requested data for lock!
[17:31:13] Player (Wagimaster, 76561198028857944)(<3396.460693, 31.416298, 3435.075928>) requested data for lock!
[17:31:16] Player (wdenda, 76561198029489211)(<3396.460693, 31.416298, 3435.075928>) requested data for lock!
[17:31:16] Player (Wagimaster, 76561198028857944)(<3381.419678, 30.414505, 3427.238281>) requested data for lock!
[17:31:17] Player (Wagimaster, 76561198028857944)(<3383.022949, 31.461510, 3414.468994>) requested data for lock!
[17:31:18] Player (Wagimaster, 76561198028857944)(<3377.685547, 29.644051, 3407.356201>) requested data for lock!
[17:31:24] Player (Xazzli, 76561198043526085)(<4450.335449, 6.887537, 3090.050293>) requested data for lock!
[17:31:24] Player (wdenda, 76561198029489211)(<3396.460693, 31.416298, 3435.075928>) requested data for lock!
[17:33:47] Player (Loomio, 76561198122836148)(<4450.335449, 6.887537, 3090.050293>) requested data for lock!
[17:35:10] Player (Wagimaster, 76561198028857944)(<3478.242676, 26.471230, 3570.753174>) requested data for lock!
[17:35:18] Player (wdenda, 76561198029489211)(<3381.419678, 30.414505, 3427.238281>) requested data for lock!
[17:35:26] Player (Xazzli, 76561198043526085)(<4450.335449, 6.887537, 3090.050293>) requested data for lock!
[17:35:28] Player (Wagimaster, 76561198028857944)(<3276.376465, 34.151474, 4613.831055>) requested data for lock!
[17:35:28] Player (Wagimaster, 76561198028857944)(<3275.452393, 31.053638, 4605.722656>) requested data for lock!
[17:35:37] Player (Wagimaster, 76561198028857944)(<3396.460693, 31.416298, 3435.075928>) requested data for lock!
[17:37:15] Player (Wagimaster, 76561198028857944)(<3381.419678, 30.414505, 3427.238281>) requested data for lock!
[17:37:17] Player (Wagimaster, 76561198028857944)(<3383.022949, 31.461510, 3414.468994>) requested data for lock!
[17:37:18] Player (Wagimaster, 76561198028857944)(<3377.685547, 29.644051, 3407.356201>) requested data for lock!
[17:37:32] Player (Xazzli, 76561198043526085)(<4450.335449, 6.887537, 3090.050293>) requested data for lock!
[17:38:37] Player (Xazzli, 76561198043526085)(<3937.974365, 18.712990, 4823.885742>) requested data for lock!
[17:38:41] Player (Xazzli, 76561198043526085)(<3585.483643, 23.219879, 4879.533691>) requested data for lock!
[17:39:11] Player (Wagimaster, 76561198028857944)(<3377.685547, 29.644051, 3407.356201>) requested data for lock!
[17:39:30] Player (Wagimaster, 76561198028857944)(<3377.685547, 29.644051, 3407.356201>) requested data for lock!
[17:39:49] Player (Xazzli, 76561198043526085)(<3421.042480, 15.097157, 5042.374512>) requested data for lock!
[17:39:49] Player (Xazzli, 76561198043526085)(<3414.799805, 12.613712, 5047.664063>) requested data for lock!
[17:39:51] Player (Xazzli, 76561198043526085)(<3271.497559, 26.487022, 4915.288086>) requested data for lock!
[17:39:51] Player (Xazzli, 76561198043526085)(<3396.460693, 31.416298, 3435.075928>) requested data for lock!
[17:39:52] Player (Xazzli, 76561198043526085)(<3381.419678, 30.414505, 3427.238281>) requested data for lock!
[17:39:53] Player (Xazzli, 76561198043526085)(<3383.022949, 31.461510, 3414.468994>) requested data for lock!
[17:39:53] Player (Xazzli, 76561198043526085)(<3377.685547, 29.644051, 3407.356201>) requested data for lock!
[17:40:03] Player (Wagimaster, 76561198028857944)(<3377.685547, 29.644051, 3407.356201>) requested data for lock!
[17:40:10] Player (Xazzli, 76561198043526085)(<3396.460693, 31.416298, 3435.075928>) requested data for lock!
[17:40:32] Player (wdenda, 76561198029489211)(<3381.419678, 30.414505, 3427.238281>) requested data for lock!
[17:40:34] Player (wdenda, 76561198029489211)(<3383.022949, 31.461510, 3414.468994>) requested data for lock!
[17:43:29] Player (Xazzli, 76561198043526085)(<4450.335449, 6.887537, 3090.050293>) requested data for lock!
[17:43:42] Player (Xazzli, 76561198043526085)(<5703.666016, 4.296862, 3579.834473>) requested data for lock!
[17:43:42] Player (Xazzli, 76561198043526085)(<5704.501465, 4.296862, 3574.349854>) requested data for lock!
[17:45:32] Player (wdenda, 76561198029489211)(<3381.419678, 30.414505, 3427.238281>) requested data for lock!
[17:45:33] Player (wdenda, 76561198029489211)(<3383.022949, 31.461510, 3414.468994>) requested data for lock!
[17:45:34] Player (wdenda, 76561198029489211)(<3377.685547, 29.644051, 3407.356201>) requested data for lock!
[17:49:21] Player (wdenda, 76561198029489211)(<3396.460693, 31.416298, 3435.075928>) requested data for lock!
[17:49:43] Player (Don_CoCoT, 76561198016672415)(<3396.460693, 31.416298, 3435.075928>) requested data for lock!
[17:49:43] Player (Don_CoCoT, 76561198016672415)(<3478.242676, 26.471230, 3570.753174>) requested data for lock!
[17:49:43] Player (Don_CoCoT, 76561198016672415)(<3276.376465, 34.151474, 4613.831055>) requested data for lock!
[17:49:43] Player (Don_CoCoT, 76561198016672415)(<3585.483643, 23.219879, 4879.533691>) requested data for lock!
[17:49:43] Player (Don_CoCoT, 76561198016672415)(<3275.452393, 31.053638, 4605.722656>) requested data for lock!
[17:49:43] Player (Don_CoCoT, 76561198016672415)(<3937.974365, 18.712990, 4823.885742>) requested data for lock!
[17:50:46] Player (Don_CoCoT, 76561198016672415)(<4450.335449, 6.887537, 3090.050293>) requested data for lock!
[17:50:46] Player (Don_CoCoT, 76561198016672415)(<3383.022949, 31.461510, 3414.468994>) requested data for lock!
[17:50:46] Player (Don_CoCoT, 76561198016672415)(<3377.685547, 29.644051, 3407.356201>) requested data for lock!
[17:50:46] Player (Don_CoCoT, 76561198016672415)(<3922.433105, 41.602104, 2912.677246>) requested data for lock!
[17:50:47] Player (Don_CoCoT, 76561198016672415)(<3396.460693, 31.416298, 3435.075928>) requested data for lock!
[17:50:47] Player (Don_CoCoT, 76561198016672415)(<3381.419678, 30.414505, 3427.238281>) requested data for lock!
[17:50:47] Player (Don_CoCoT, 76561198016672415)(<3478.242676, 26.471230, 3570.753174>) requested data for lock!
[17:51:23] Player (Xazzli, 76561198043526085)(<5704.501465, 4.296862, 3574.349854>) requested data for lock!
[17:51:24] Player (Xazzli, 76561198043526085)(<5703.666016, 4.296862, 3579.834473>) requested data for lock!
[17:51:45] Player (Xazzli, 76561198043526085)(<4450.335449, 6.887537, 3090.050293>) requested data for lock!
[17:52:49] Player (Xazzli, 76561198043526085)(<4450.335449, 6.887537, 3090.050293>) requested data for lock!
[17:53:16] Player (Xazzli, 76561198043526085)(<3937.974365, 18.712990, 4823.885742>) requested data for lock!
[17:53:17] Player (Xazzli, 76561198043526085)(<3478.242676, 26.471230, 3570.753174>) requested data for lock!
[17:53:31] Player (Don_CoCoT, 76561198016672415)(<3937.974365, 18.712990, 4823.885742>) requested data for lock!
[17:53:32] Player (wdenda, 76561198029489211)(<4450.335449, 6.887537, 3090.050293>) requested data for lock!
[17:53:32] Player (Wagimaster, 76561198028857944)(<4450.335449, 6.887537, 3090.050293>) requested data for lock!
[17:54:23] Player (Wagimaster, 76561198028857944)(<3585.483643, 23.219879, 4879.533691>) requested data for lock!
[17:54:23] Player (Xazzli, 76561198043526085)(<3585.483643, 23.219879, 4879.533691>) requested data for lock!
[17:54:23] Player (wdenda, 76561198029489211)(<3585.483643, 23.219879, 4879.533691>) requested data for lock!
[17:54:28] Player (Wagimaster, 76561198028857944)(<3276.376465, 34.151474, 4613.831055>) requested data for lock!
[17:54:28] Player (wdenda, 76561198029489211)(<3276.376465, 34.151474, 4613.831055>) requested data for lock!
[17:54:29] Player (Wagimaster, 76561198028857944)(<3275.452393, 31.053638, 4605.722656>) requested data for lock!
[17:54:29] Player (Xazzli, 76561198043526085)(<3276.376465, 34.151474, 4613.831055>) requested data for lock!
[17:54:29] Player (wdenda, 76561198029489211)(<3275.452393, 31.053638, 4605.722656>) requested data for lock!
[17:54:29] Player (Xazzli, 76561198043526085)(<3275.452393, 31.053638, 4605.722656>) requested data for lock!
[17:54:44] Player (Don_CoCoT, 76561198016672415)(<3585.483643, 23.219879, 4879.533691>) requested data for lock!
[17:54:47] Player (Don_CoCoT, 76561198016672415)(<3276.376465, 34.151474, 4613.831055>) requested data for lock!
[17:54:47] Player (Don_CoCoT, 76561198016672415)(<3275.452393, 31.053638, 4605.722656>) requested data for lock!
[17:55:33] Player (Wagimaster, 76561198028857944)(<3421.042480, 15.097157, 5042.374512>) requested data for lock!
[17:55:34] Player (wdenda, 76561198029489211)(<3421.042480, 15.097157, 5042.374512>) requested data for lock!
[17:55:34] Player (Wagimaster, 76561198028857944)(<3414.799805, 12.613712, 5047.664063>) requested data for lock!
[17:55:34] Player (wdenda, 76561198029489211)(<3414.799805, 12.613712, 5047.664063>) requested data for lock!
[17:55:35] Player (Wagimaster, 76561198028857944)(<3271.497559, 26.487022, 4915.288086>) requested data for lock!
[17:55:35] Player (wdenda, 76561198029489211)(<3271.497559, 26.487022, 4915.288086>) requested data for lock!
[17:55:46] Player (Xazzli, 76561198043526085)(<3396.460693, 31.416298, 3435.075928>) requested data for lock!
[17:55:54] Player (Wagimaster, 76561198028857944)(<2823.845215, 46.494064, 4774.664551>) requested data for lock!
[17:55:54] Player (wdenda, 76561198029489211)(<2823.845215, 46.494064, 4774.664551>) requested data for lock!
[17:55:54] Player (Wagimaster, 76561198028857944)(<2816.370605, 46.494064, 4764.327637>) requested data for lock!
[17:55:54] Player (wdenda, 76561198029489211)(<2816.370605, 46.494064, 4764.327637>) requested data for lock!
[17:56:05] Player (Xazzli, 76561198043526085)(<3396.460693, 31.416298, 3435.075928>) requested data for lock!
[17:56:10] Player (wdenda, 76561198029489211)(<4380.106445, 2.076707, 5958.709961>) requested data for lock!
[17:56:10] Player (Wagimaster, 76561198028857944)(<4380.106445, 2.076707, 5958.709961>) requested data for lock!
[17:56:10] Player (wdenda, 76561198029489211)(<4379.876953, 2.008279, 5963.796387>) requested data for lock!
[17:56:10] Player (Wagimaster, 76561198028857944)(<4379.876953, 2.008279, 5963.796387>) requested data for lock!
[17:56:11] Player (wdenda, 76561198029489211)(<4373.662109, 3.838867, 5976.322266>) requested data for lock!
[17:56:11] Player (Wagimaster, 76561198028857944)(<4373.662109, 3.838867, 5976.322266>) requested data for lock!
[17:56:30] Player (wdenda, 76561198029489211)(<3800.382813, 4.546953, 6148.426270>) requested data for lock!
[17:56:30] Player (Wagimaster, 76561198028857944)(<3800.382813, 4.546953, 6148.426270>) requested data for lock!
[17:56:30] Player (Wagimaster, 76561198028857944)(<2436.508545, 53.178806, 5278.377441>) requested data for lock!
[17:56:30] Player (Wagimaster, 76561198028857944)(<2435.960938, 55.353981, 5288.420898>) requested data for lock!
[17:56:31] Player (wdenda, 76561198029489211)(<2436.508545, 53.178806, 5278.377441>) requested data for lock!
[17:56:31] Player (wdenda, 76561198029489211)(<2435.960938, 55.353981, 5288.420898>) requested data for lock!
[17:57:20] Player (Xazzli, 76561198043526085)(<3421.042480, 15.097157, 5042.374512>) requested data for lock!
[17:57:21] Player (Xazzli, 76561198043526085)(<3414.799805, 12.613712, 5047.664063>) requested data for lock!
[17:57:22] Player (Xazzli, 76561198043526085)(<3271.497559, 26.487022, 4915.288086>) requested data for lock!
[17:57:26] Player (Don_CoCoT, 76561198016672415)(<3421.042480, 15.097157, 5042.374512>) requested data for lock!
[17:57:26] Player (Don_CoCoT, 76561198016672415)(<3414.799805, 12.613712, 5047.664063>) requested data for lock!
[17:57:26] Player (Don_CoCoT, 76561198016672415)(<3271.497559, 26.487022, 4915.288086>) requested data for lock!
[17:57:38] Player (Don_CoCoT, 76561198016672415)(<2823.845215, 46.494064, 4774.664551>) requested data for lock!
[17:57:38] Player (Don_CoCoT, 76561198016672415)(<2816.370605, 46.494064, 4764.327637>) requested data for lock!
[17:58:03] Player (Xazzli, 76561198043526085)(<2823.845215, 46.494064, 4774.664551>) requested data for lock!
[17:58:04] Player (Xazzli, 76561198043526085)(<2816.370605, 46.494064, 4764.327637>) requested data for lock!
[17:58:20] Player (Don_CoCoT, 76561198016672415)(<3800.382813, 4.546953, 6148.426270>) requested data for lock!
[17:58:21] Player (Don_CoCoT, 76561198016672415)(<2436.508545, 53.178806, 5278.377441>) requested data for lock!
[17:58:21] Player (Don_CoCoT, 76561198016672415)(<2435.960938, 55.353981, 5288.420898>) requested data for lock!
[17:58:24] Player (Xazzli, 76561198043526085)(<3800.382813, 4.546953, 6148.426270>) requested data for lock!
[17:58:59] Player (Xazzli, 76561198043526085)(<2436.508545, 53.178806, 5278.377441>) requested data for lock!
[17:58:59] Player (Xazzli, 76561198043526085)(<2435.960938, 55.353981, 5288.420898>) requested data for lock!
[17:59:27] Player (Xazzli, 76561198043526085)(<2097.672607, 43.492085, 5977.060547>) requested data for lock!
[17:59:54] Player (Wagimaster, 76561198028857944)(<2097.672607, 43.492085, 5977.060547>) requested data for lock!
[17:59:54] Player (wdenda, 76561198029489211)(<2097.672607, 43.492085, 5977.060547>) requested data for lock!
[17:59:59] Player (Don_CoCoT, 76561198016672415)(<2097.672607, 43.492085, 5977.060547>) requested data for lock!
[18:03:07] Player (Loomio, 76561198122836148)(<4450.335449, 6.887537, 3090.050293>) requested data for lock!
[18:03:08] Player (Loomio, 76561198122836148)(<3383.022949, 31.461510, 3414.468994>) requested data for lock!
[18:03:08] Player (Loomio, 76561198122836148)(<3377.685547, 29.644051, 3407.356201>) requested data for lock!
[18:03:08] Player (Loomio, 76561198122836148)(<3922.433105, 41.602104, 2912.677246>) requested data for lock!
[18:03:08] Player (Loomio, 76561198122836148)(<3396.460693, 31.416298, 3435.075928>) requested data for lock!
[18:03:09] Player (Loomio, 76561198122836148)(<3381.419678, 30.414505, 3427.238281>) requested data for lock!
[18:03:10] Player (Loomio, 76561198122836148)(<3478.242676, 26.471230, 3570.753174>) requested data for lock!
[18:07:26] Player (Don_CoCoT, 76561198016672415)(<738.074097, 26.398209, 1122.770874>) requested data for lock!
[18:07:34] Player (Xazzli, 76561198043526085)(<3414.799805, 12.613712, 5047.664063>) requested data for lock!
[18:07:35] Player (Xazzli, 76561198043526085)(<3421.042480, 15.097157, 5042.374512>) requested data for lock!
[18:07:36] Player (Xazzli, 76561198043526085)(<3271.497559, 26.487022, 4915.288086>) requested data for lock!
[18:07:42] Player (Xazzli, 76561198043526085)(<2823.845215, 46.494064, 4774.664551>) requested data for lock!
[18:07:42] Player (Xazzli, 76561198043526085)(<2816.370605, 46.494064, 4764.327637>) requested data for lock!
[18:07:48] Player (Don_CoCoT, 76561198016672415)(<5016.663574, 1.233577, 580.629578>) requested data for lock!
[18:07:49] Player (Don_CoCoT, 76561198016672415)(<4784.633301, 32.537643, 967.196533>) requested data for lock!
[18:07:51] Player (Xazzli, 76561198043526085)(<3585.483643, 23.219879, 4879.533691>) requested data for lock!
[18:07:53] Player (Xazzli, 76561198043526085)(<3276.376465, 34.151474, 4613.831055>) requested data for lock!
[18:07:54] Player (Xazzli, 76561198043526085)(<3275.452393, 31.053638, 4605.722656>) requested data for lock!
[18:08:13] Player (Xazzli, 76561198043526085)(<3937.974365, 18.712990, 4823.885742>) requested data for lock!
[18:08:59] Player (Xazzli, 76561198043526085)(<3478.242676, 26.471230, 3570.753174>) requested data for lock!
[18:09:05] Player (Xazzli, 76561198043526085)(<3396.460693, 31.416298, 3435.075928>) requested data for lock!
[18:09:06] Player (Xazzli, 76561198043526085)(<3381.419678, 30.414505, 3427.238281>) requested data for lock!
[18:09:07] Player (Xazzli, 76561198043526085)(<3383.022949, 31.461510, 3414.468994>) requested data for lock!
[18:09:07] Player (Xazzli, 76561198043526085)(<3377.685547, 29.644051, 3407.356201>) requested data for lock!
[18:09:25] Player (Xazzli, 76561198043526085)(<3421.042480, 15.097157, 5042.374512>) requested data for lock!
[18:09:25] Player (Xazzli, 76561198043526085)(<3414.799805, 12.613712, 5047.664063>) requested data for lock!
[18:10:08] Player (Xazzli, 76561198043526085)(<3937.974365, 18.712990, 4823.885742>) requested data for lock!
[18:10:10] Player (Don_CoCoT, 76561198016672415)(<2097.672607, 43.492085, 5977.060547>) requested data for lock!
[18:10:14] Player (Don_CoCoT, 76561198016672415)(<2436.508545, 53.178806, 5278.377441>) requested data for lock!
[18:10:14] Player (Don_CoCoT, 76561198016672415)(<2435.960938, 55.353981, 5288.420898>) requested data for lock!
[18:10:21] Player (Xazzli, 76561198043526085)(<3922.433105, 41.602104, 2912.677246>) requested data for lock!
[18:14:47] Player (Xazzli, 76561198043526085)(<4450.335449, 6.887537, 3090.050293>) requested data for lock!
[18:19:07] Player (Loomio, 76561198122836148)(<4450.335449, 6.887537, 3090.050293>) requested data for lock!
[18:19:30] Player (Don_CoCoT, 76561198016672415)(<3800.382813, 4.546953, 6148.426270>) requested data for lock!
[18:19:58] Player (Loomio, 76561198122836148)(<4450.335449, 6.887537, 3090.050293>) requested data for lock!
[18:20:11] Player (Loomio, 76561198122836148)(<4450.335449, 6.887537, 3090.050293>) requested data for lock!
[18:21:08] Player (Don_CoCoT, 76561198016672415)(<3396.460693, 31.416298, 3435.075928>) requested data for lock!
[18:21:09] Player (Don_CoCoT, 76561198016672415)(<3276.376465, 34.151474, 4613.831055>) requested data for lock!
[18:21:09] Player (Don_CoCoT, 76561198016672415)(<3275.452393, 31.053638, 4605.722656>) requested data for lock!
[18:21:09] Player (Don_CoCoT, 76561198016672415)(<3585.483643, 23.219879, 4879.533691>) requested data for lock!
[18:21:09] Player (Don_CoCoT, 76561198016672415)(<3937.974365, 18.712990, 4823.885742>) requested data for lock!
[18:21:10] Player (Don_CoCoT, 76561198016672415)(<3478.242676, 26.471230, 3570.753174>) requested data for lock!
[18:21:13] Player (Don_CoCoT, 76561198016672415)(<3381.419678, 30.414505, 3427.238281>) requested data for lock!
[18:21:23] Player (Loomio, 76561198122836148)(<4450.335449, 6.887537, 3090.050293>) requested data for lock!
[18:22:33] Player (Loomio, 76561198122836148)(<3275.452393, 31.053638, 4605.722656>) requested data for lock!
[18:22:35] Player (Don_CoCoT, 76561198016672415)(<3383.022949, 31.461510, 3414.468994>) requested data for lock!
[18:22:35] Player (Don_CoCoT, 76561198016672415)(<3377.685547, 29.644051, 3407.356201>) requested data for lock!
[18:22:35] Player (Don_CoCoT, 76561198016672415)(<3922.433105, 41.602104, 2912.677246>) requested data for lock!
[18:22:36] Player (Don_CoCoT, 76561198016672415)(<3381.419678, 30.414505, 3427.238281>) requested data for lock!
[18:23:11] Player (Loomio, 76561198122836148)(<4450.335449, 6.887537, 3090.050293>) requested data for lock!
[18:23:55] Player (Loomio, 76561198122836148)(<4450.335449, 6.887537, 3090.050293>) requested data for lock!
[18:24:54] Player (Loomio, 76561198122836148)(<4450.335449, 6.887537, 3090.050293>) requested data for lock!
[18:25:04] Player (Loomio, 76561198122836148)(<4450.335449, 6.887537, 3090.050293>) requested data for lock!
[18:25:08] Player (Loomio, 76561198122836148)(<4450.335449, 6.887537, 3090.050293>) requested data for lock!
[18:28:21] Player (Loomio, 76561198122836148)(<4450.335449, 6.887537, 3090.050293>) requested data for lock!
[18:29:06] Player (Loomio, 76561198122836148)(<4450.335449, 6.887537, 3090.050293>) requested data for lock!
[18:29:55] Player (Loomio, 76561198122836148)(<4450.335449, 6.887537, 3090.050293>) requested data for lock!
[18:31:45] Player (Loomio, 76561198122836148)(<4450.335449, 6.887537, 3090.050293>) requested data for lock!
[18:33:17] Player (Xazzli, 76561198043526085)(<4450.335449, 6.887537, 3090.050293>) requested data for lock!
[18:33:22] Player (Don_CoCoT, 76561198016672415)(<4450.335449, 6.887537, 3090.050293>) requested data for lock!
[18:33:42] Player (Loomio, 76561198122836148)(<3276.376465, 34.151474, 4613.831055>) requested data for lock!
[18:34:03] Player (Loomio, 76561198122836148)(<4450.335449, 6.887537, 3090.050293>) requested data for lock!
[18:34:03] Player (Xazzli, 76561198043526085)(<4450.335449, 6.887537, 3090.050293>) requested data for lock!
[18:34:04] Player (Don_CoCoT, 76561198016672415)(<4450.335449, 6.887537, 3090.050293>) requested data for lock!
[18:35:40] Player (Xazzli, 76561198043526085)(<3937.974365, 18.712990, 4823.885742>) requested data for lock!
[18:35:45] Player (Loomio, 76561198122836148)(<3937.974365, 18.712990, 4823.885742>) requested data for lock!
[18:35:46] Player (Don_CoCoT, 76561198016672415)(<3937.974365, 18.712990, 4823.885742>) requested data for lock!
[18:36:02] Player (Xazzli, 76561198043526085)(<3585.483643, 23.219879, 4879.533691>) requested data for lock!
[18:36:03] Player (Loomio, 76561198122836148)(<3585.483643, 23.219879, 4879.533691>) requested data for lock!
[18:36:04] Player (Don_CoCoT, 76561198016672415)(<3585.483643, 23.219879, 4879.533691>) requested data for lock!
[18:37:21] Player (Xazzli, 76561198043526085)(<3275.452393, 31.053638, 4605.722656>) requested data for lock!
[18:37:21] Player (Xazzli, 76561198043526085)(<3276.376465, 34.151474, 4613.831055>) requested data for lock!
[18:37:29] Player (Xazzli, 76561198043526085)(<3396.460693, 31.416298, 3435.075928>) requested data for lock!
[18:37:32] Player (Loomio, 76561198122836148)(<3275.452393, 31.053638, 4605.722656>) requested data for lock!
[18:37:32] Player (Loomio, 76561198122836148)(<3276.376465, 34.151474, 4613.831055>) requested data for lock!
[18:38:30] Player (Xazzli, 76561198043526085)(<3396.460693, 31.416298, 3435.075928>) requested data for lock!
[18:40:10] Player (Don_CoCoT, 76561198016672415)(<3396.460693, 31.416298, 3435.075928>) requested data for lock!
[18:40:52] Player (Loomio, 76561198122836148)(<4450.335449, 6.887537, 3090.050293>) requested data for lock!
[18:40:52] Player (Xazzli, 76561198043526085)(<4450.335449, 6.887537, 3090.050293>) requested data for lock!
[18:41:01] Player (Loomio, 76561198122836148)(<5703.666016, 4.296862, 3579.834473>) requested data for lock!
[18:41:01] Player (Loomio, 76561198122836148)(<5704.501465, 4.296862, 3574.349854>) requested data for lock!
[18:41:02] Player (Xazzli, 76561198043526085)(<5703.666016, 4.296862, 3579.834473>) requested data for lock!
[18:41:02] Player (Xazzli, 76561198043526085)(<5704.501465, 4.296862, 3574.349854>) requested data for lock!
[18:43:46] Player (Loomio, 76561198122836148)(<8912.519531, 13.905832, 3080.007568>) requested data for lock!
[18:43:47] Player (Xazzli, 76561198043526085)(<8912.519531, 13.905832, 3080.007568>) requested data for lock!
[18:46:21] Player (Loomio, 76561198122836148)(<8791.704102, 3.862246, 6615.471191>) requested data for lock!
[18:46:21] Player (Loomio, 76561198122836148)(<8797.832031, 3.888122, 6621.080078>) requested data for lock!
[18:46:22] Player (Xazzli, 76561198043526085)(<8797.832031, 3.888122, 6621.080078>) requested data for lock!
[18:46:22] Player (Xazzli, 76561198043526085)(<8791.704102, 3.862246, 6615.471191>) requested data for lock!
[19:01:31] Player (Xazzli, 76561198043526085)(<8791.704102, 3.862246, 6615.471191>) requested data for lock!
[19:01:31] Player (Xazzli, 76561198043526085)(<8797.832031, 3.888122, 6621.080078>) requested data for lock!
[19:05:14] Player (Xazzli, 76561198043526085)(<8797.832031, 3.888122, 6621.080078>) requested data for lock!
[19:05:14] Player (Xazzli, 76561198043526085)(<8791.704102, 3.862246, 6615.471191>) requested data for lock!
[19:27:05] Player (Loomio, 76561198122836148)(<8791.704102, 3.862246, 6615.471191>) requested data for lock!
[19:27:06] Player (Loomio, 76561198122836148)(<8797.832031, 3.888122, 6621.080078>) requested data for lock!
[19:42:04] Player (Loomio, 76561198122836148)(<8912.519531, 13.905832, 3080.007568>) requested data for lock!
[19:42:04] Player (Xazzli, 76561198043526085)(<8912.519531, 13.905832, 3080.007568>) requested data for lock!
[19:45:39] Player (Loomio, 76561198122836148)(<4450.335449, 6.887537, 3090.050293>) requested data for lock!
[19:45:39] Player (Xazzli, 76561198043526085)(<4450.335449, 6.887537, 3090.050293>) requested data for lock!
[19:45:42] Player (Loomio, 76561198122836148)(<5704.501465, 4.296862, 3574.349854>) requested data for lock!
[19:45:42] Player (Xazzli, 76561198043526085)(<5704.501465, 4.296862, 3574.349854>) requested data for lock!
[19:45:43] Player (Loomio, 76561198122836148)(<5703.666016, 4.296862, 3579.834473>) requested data for lock!
[19:45:43] Player (Xazzli, 76561198043526085)(<5703.666016, 4.296862, 3579.834473>) requested data for lock!
[19:46:18] Player (Loomio, 76561198122836148)(<3922.433105, 41.602104, 2912.677246>) requested data for lock!
[19:46:18] Player (Xazzli, 76561198043526085)(<3922.433105, 41.602104, 2912.677246>) requested data for lock!
[19:47:10] Player (Xazzli, 76561198043526085)(<4450.335449, 6.887537, 3090.050293>) requested data for lock!
[19:47:12] Player (Xazzli, 76561198043526085)(<3922.433105, 41.602104, 2912.677246>) requested data for lock!
[19:48:23] Player (Loomio, 76561198122836148)(<3937.974365, 18.712990, 4823.885742>) requested data for lock!
[19:48:23] Player (Xazzli, 76561198043526085)(<3937.974365, 18.712990, 4823.885742>) requested data for lock!
[19:48:44] Player (Xazzli, 76561198043526085)(<3585.483643, 23.219879, 4879.533691>) requested data for lock!
[19:48:44] Player (Loomio, 76561198122836148)(<3585.483643, 23.219879, 4879.533691>) requested data for lock!
[19:48:54] Player (Xazzli, 76561198043526085)(<3585.483643, 23.219879, 4879.533691>) requested data for lock!
[19:49:41] Player (Xazzli, 76561198043526085)(<3478.242676, 26.471230, 3570.753174>) requested data for lock!
[19:49:47] Player (Loomio, 76561198122836148)(<3585.483643, 23.219879, 4879.533691>) requested data for lock!
[19:49:59] Player (Loomio, 76561198122836148)(<3478.242676, 26.471230, 3570.753174>) requested data for lock!
[10-07-2022][20.02.24] Log file reloaded ( Server Restart )
[20:25:45] Player (error414, 76561198072010064)(<5182.491211, 5.778744, 6308.719727>) requested data for lock!
[20:26:51] Player (HrabefonVorezprut, 76561198065958810)(<3396.460693, 31.416298, 3435.075928>) requested data for lock!
[20:26:51] Player (HrabefonVorezprut, 76561198065958810)(<3937.974365, 18.712990, 4823.885742>) requested data for lock!
[20:26:51] Player (HrabefonVorezprut, 76561198065958810)(<3585.483643, 23.219879, 4879.533691>) requested data for lock!
[20:26:51] Player (HrabefonVorezprut, 76561198065958810)(<3276.376465, 34.151474, 4613.831055>) requested data for lock!
[20:26:51] Player (HrabefonVorezprut, 76561198065958810)(<3275.452393, 31.053638, 4605.722656>) requested data for lock!
[20:26:51] Player (HrabefonVorezprut, 76561198065958810)(<3478.242676, 26.471230, 3570.753174>) requested data for lock!
[20:27:06] Player (HrabefonVorezprut, 76561198065958810)(<3396.460693, 31.416298, 3435.075928>) requested data for lock!
[20:32:03] Player (HrabefonVorezprut, 76561198065958810)(<3396.460693, 31.416298, 3435.075928>) requested data for lock!
[20:32:03] Player (HrabefonVorezprut, 76561198065958810)(<3937.974365, 18.712990, 4823.885742>) requested data for lock!
[20:32:03] Player (HrabefonVorezprut, 76561198065958810)(<3585.483643, 23.219879, 4879.533691>) requested data for lock!
[20:32:03] Player (HrabefonVorezprut, 76561198065958810)(<3276.376465, 34.151474, 4613.831055>) requested data for lock!
[20:32:03] Player (HrabefonVorezprut, 76561198065958810)(<3275.452393, 31.053638, 4605.722656>) requested data for lock!
[20:32:03] Player (HrabefonVorezprut, 76561198065958810)(<3478.242676, 26.471230, 3570.753174>) requested data for lock!
[20:32:15] Player (HrabefonVorezprut, 76561198065958810)(<3381.419678, 30.414505, 3427.238281>) requested data for lock!
[20:32:21] Player (HrabefonVorezprut, 76561198065958810)(<3383.022949, 31.461510, 3414.468994>) requested data for lock!
[20:32:43] Player (HrabefonVorezprut, 76561198065958810)(<3377.685547, 29.644051, 3407.356201>) requested data for lock!
[20:35:12] Player (Loomio, 76561198122836148)(<3937.974365, 18.712990, 4823.885742>) requested data for lock!
[20:35:12] Player (Loomio, 76561198122836148)(<3585.483643, 23.219879, 4879.533691>) requested data for lock!
[20:35:14] Player (Loomio, 76561198122836148)(<3478.242676, 26.471230, 3570.753174>) requested data for lock!
[20:35:39] Player (Loomio, 76561198122836148)(<3276.376465, 34.151474, 4613.831055>) requested data for lock!
[20:35:39] Player (Loomio, 76561198122836148)(<3275.452393, 31.053638, 4605.722656>) requested data for lock!
[20:36:16] Player (Loomio, 76561198122836148)(<3396.460693, 31.416298, 3435.075928>) requested data for lock!
[20:36:17] Player (Loomio, 76561198122836148)(<4450.335449, 6.887537, 3090.050293>) requested data for lock!
[20:36:18] Player (Loomio, 76561198122836148)(<3381.419678, 30.414505, 3427.238281>) requested data for lock!
[20:36:19] Player (Loomio, 76561198122836148)(<3383.022949, 31.461510, 3414.468994>) requested data for lock!
[20:36:20] Player (Loomio, 76561198122836148)(<3377.685547, 29.644051, 3407.356201>) requested data for lock!
[20:36:32] Player (Loomio, 76561198122836148)(<3275.452393, 31.053638, 4605.722656>) requested data for lock!
[20:36:34] Player (Loomio, 76561198122836148)(<3276.376465, 34.151474, 4613.831055>) requested data for lock!
[20:36:45] Player (HrabefonVorezprut, 76561198065958810)(<3396.460693, 31.416298, 3435.075928>) requested data for lock!
[20:36:49] Player (HrabefonVorezprut, 76561198065958810)(<3381.419678, 30.414505, 3427.238281>) requested data for lock!
[20:36:50] Player (HrabefonVorezprut, 76561198065958810)(<3383.022949, 31.461510, 3414.468994>) requested data for lock!
[20:36:55] Player (HrabefonVorezprut, 76561198065958810)(<3377.685547, 29.644051, 3407.356201>) requested data for lock!
[20:37:19] Player (Loomio, 76561198122836148)(<3922.433105, 41.602104, 2912.677246>) requested data for lock!
[20:37:50] Player (HrabefonVorezprut, 76561198065958810)(<4450.335449, 6.887537, 3090.050293>) requested data for lock!
[20:38:37] Player (HrabefonVorezprut, 76561198065958810)(<3922.433105, 41.602104, 2912.677246>) requested data for lock!
[20:43:46] Player (Xazzli, 76561198043526085)(<3937.974365, 18.712990, 4823.885742>) requested data for lock!
[20:43:46] Player (Xazzli, 76561198043526085)(<3585.483643, 23.219879, 4879.533691>) requested data for lock!
[20:43:48] Player (Xazzli, 76561198043526085)(<3478.242676, 26.471230, 3570.753174>) requested data for lock!
[20:44:09] Player (Xazzli, 76561198043526085)(<3276.376465, 34.151474, 4613.831055>) requested data for lock!
[20:44:09] Player (Xazzli, 76561198043526085)(<3275.452393, 31.053638, 4605.722656>) requested data for lock!
[20:44:26] Player (Xazzli, 76561198043526085)(<3396.460693, 31.416298, 3435.075928>) requested data for lock!
[20:44:33] Player (Xazzli, 76561198043526085)(<3381.419678, 30.414505, 3427.238281>) requested data for lock!
[20:44:48] Player (Xazzli, 76561198043526085)(<3396.460693, 31.416298, 3435.075928>) requested data for lock!
[20:44:51] Player (Xazzli, 76561198043526085)(<3381.419678, 30.414505, 3427.238281>) requested data for lock!
[20:44:52] Player (Xazzli, 76561198043526085)(<3383.022949, 31.461510, 3414.468994>) requested data for lock!
[20:44:54] Player (Xazzli, 76561198043526085)(<3377.685547, 29.644051, 3407.356201>) requested data for lock!
[20:45:17] Player (Xazzli, 76561198043526085)(<4450.335449, 6.887537, 3090.050293>) requested data for lock!
[20:46:04] Player (Xazzli, 76561198043526085)(<3922.433105, 41.602104, 2912.677246>) requested data for lock!
[20:48:29] Player (Loomio, 76561198122836148)(<4450.335449, 6.887537, 3090.050293>) requested data for lock!
[20:53:20] Player (Loomio, 76561198122836148)(<2816.370605, 46.494064, 4764.327637>) requested data for lock!
[20:53:21] Player (Loomio, 76561198122836148)(<2823.845215, 46.494064, 4774.664551>) requested data for lock!
[20:54:19] Player (Loomio, 76561198122836148)(<3585.483643, 23.219879, 4879.533691>) requested data for lock!
[20:55:35] Player (Loomio, 76561198122836148)(<3271.497559, 26.487022, 4915.288086>) requested data for lock!
[20:57:45] Player (Loomio, 76561198122836148)(<3922.433105, 41.602104, 2912.677246>) requested data for lock!
[20:58:54] Player (Loomio, 76561198122836148)(<4450.335449, 6.887537, 3090.050293>) requested data for lock!
[20:58:56] Player (Xazzli, 76561198043526085)(<4450.335449, 6.887537, 3090.050293>) requested data for lock!
[20:59:24] Player (Xazzli, 76561198043526085)(<3677.487305, 83.300156, 2432.046875>) requested data for lock!
[21:00:25] Player (BADGREMLIN75, 76561199142868361)(<8940.941406, 11.078473, 7995.913574>) requested data for lock!
[21:03:28] Player (Xazzli, 76561198043526085)(<7775.624023, 4.453664, 789.218628>) requested data for lock!
[21:03:28] Player (Xazzli, 76561198043526085)(<7775.609863, 4.453664, 789.851563>) requested data for lock!
[21:03:28] Player (Xazzli, 76561198043526085)(<7784.830566, 4.453664, 786.340027>) requested data for lock!
[21:04:27] Player (BADGREMLIN75, 76561199142868361)(<8797.832031, 3.888122, 6621.080078>) requested data for lock!
[21:04:28] Player (BADGREMLIN75, 76561199142868361)(<8791.704102, 3.862246, 6615.471191>) requested data for lock!
[21:14:24] Player (ROK, 76561198448631012)(<8912.519531, 13.905832, 3080.007568>) requested data for lock!
[21:18:53] Player (wdenda, 76561198029489211)(<2097.672607, 43.492085, 5977.060547>) requested data for lock!
[21:18:53] Player (Wagimaster, 76561198028857944)(<2097.672607, 43.492085, 5977.060547>) requested data for lock!
[21:19:21] Player (wdenda, 76561198029489211)(<2435.960938, 55.353981, 5288.420898>) requested data for lock!
[21:19:21] Player (Wagimaster, 76561198028857944)(<2435.960938, 55.353981, 5288.420898>) requested data for lock!
[21:19:21] Player (Wagimaster, 76561198028857944)(<2436.508545, 53.178806, 5278.377441>) requested data for lock!
[21:19:21] Player (wdenda, 76561198029489211)(<2436.508545, 53.178806, 5278.377441>) requested data for lock!
[21:19:54] Player (wdenda, 76561198029489211)(<2823.845215, 46.494064, 4774.664551>) requested data for lock!
[21:19:54] Player (Wagimaster, 76561198028857944)(<2823.845215, 46.494064, 4774.664551>) requested data for lock!
[21:19:54] Player (wdenda, 76561198029489211)(<2816.370605, 46.494064, 4764.327637>) requested data for lock!
[21:19:54] Player (Wagimaster, 76561198028857944)(<2816.370605, 46.494064, 4764.327637>) requested data for lock!
[21:20:02] Player (Wagimaster, 76561198028857944)(<3271.497559, 26.487022, 4915.288086>) requested data for lock!
[21:20:03] Player (wdenda, 76561198029489211)(<3271.497559, 26.487022, 4915.288086>) requested data for lock!
[21:20:04] Player (wdenda, 76561198029489211)(<3414.799805, 12.613712, 5047.664063>) requested data for lock!
[21:20:04] Player (Wagimaster, 76561198028857944)(<3414.799805, 12.613712, 5047.664063>) requested data for lock!
[21:20:04] Player (Wagimaster, 76561198028857944)(<3421.042480, 15.097157, 5042.374512>) requested data for lock!
[21:20:05] Player (wdenda, 76561198029489211)(<3421.042480, 15.097157, 5042.374512>) requested data for lock!
[21:20:23] Player (wdenda, 76561198029489211)(<3276.376465, 34.151474, 4613.831055>) requested data for lock!
[21:20:23] Player (Wagimaster, 76561198028857944)(<3276.376465, 34.151474, 4613.831055>) requested data for lock!
[21:20:24] Player (wdenda, 76561198029489211)(<3275.452393, 31.053638, 4605.722656>) requested data for lock!
[21:20:24] Player (Wagimaster, 76561198028857944)(<3275.452393, 31.053638, 4605.722656>) requested data for lock!
[21:20:25] Player (Wagimaster, 76561198028857944)(<3585.483643, 23.219879, 4879.533691>) requested data for lock!
[21:20:25] Player (wdenda, 76561198029489211)(<3585.483643, 23.219879, 4879.533691>) requested data for lock!
[21:20:36] Player (Wagimaster, 76561198028857944)(<3800.382813, 4.546953, 6148.426270>) requested data for lock!
[21:20:36] Player (wdenda, 76561198029489211)(<3800.382813, 4.546953, 6148.426270>) requested data for lock!
[21:20:38] Player (Wagimaster, 76561198028857944)(<3937.974365, 18.712990, 4823.885742>) requested data for lock!
[21:20:38] Player (wdenda, 76561198029489211)(<3937.974365, 18.712990, 4823.885742>) requested data for lock!
[21:21:58] Player (wdenda, 76561198029489211)(<3478.242676, 26.471230, 3570.753174>) requested data for lock!
[21:21:58] Player (Wagimaster, 76561198028857944)(<3478.242676, 26.471230, 3570.753174>) requested data for lock!
[21:23:44] Player (wdenda, 76561198029489211)(<3396.460693, 31.416298, 3435.075928>) requested data for lock!
[21:24:40] Player (wdenda, 76561198029489211)(<3381.419678, 30.414505, 3427.238281>) requested data for lock!
[21:24:41] Player (wdenda, 76561198029489211)(<3383.022949, 31.461510, 3414.468994>) requested data for lock!
[21:24:43] Player (wdenda, 76561198029489211)(<3377.685547, 29.644051, 3407.356201>) requested data for lock!
[21:25:22] Player (Wagimaster, 76561198028857944)(<3396.460693, 31.416298, 3435.075928>) requested data for lock!
[21:27:58] Player (Wagimaster, 76561198028857944)(<3381.419678, 30.414505, 3427.238281>) requested data for lock!
[21:28:00] Player (Wagimaster, 76561198028857944)(<3383.022949, 31.461510, 3414.468994>) requested data for lock!
[21:28:01] Player (Wagimaster, 76561198028857944)(<3377.685547, 29.644051, 3407.356201>) requested data for lock!
[21:29:08] Player (BADGREMLIN75, 76561199142868361)(<5861.338867, 4.145164, 5783.404785>) requested data for lock!
[21:29:26] Player (BADGREMLIN75, 76561199142868361)(<6995.516602, 1.199409, 5130.952148>) requested data for lock!
[21:29:26] Player (BADGREMLIN75, 76561199142868361)(<7000.379883, 1.131253, 5129.526855>) requested data for lock!
[21:29:26] Player (BADGREMLIN75, 76561199142868361)(<7008.073242, 2.844007, 5128.650879>) requested data for lock!
[21:29:35] Player (wdenda, 76561198029489211)(<3381.419678, 30.414505, 3427.238281>) requested data for lock!
[21:29:36] Player (wdenda, 76561198029489211)(<3383.022949, 31.461510, 3414.468994>) requested data for lock!
[21:29:38] Player (wdenda, 76561198029489211)(<3377.685547, 29.644051, 3407.356201>) requested data for lock!
[21:30:41] Player (Xazzli, 76561198043526085)(<7784.830566, 4.453664, 786.340027>) requested data for lock!
[21:30:50] Player (Xazzli, 76561198043526085)(<7775.624023, 4.453664, 789.218628>) requested data for lock!
[21:30:50] Player (Xazzli, 76561198043526085)(<7775.609863, 4.453664, 789.851563>) requested data for lock!
[21:31:09] Player (Wagimaster, 76561198028857944)(<3377.685547, 29.644051, 3407.356201>) requested data for lock!
[21:32:39] Player (Wagimaster, 76561198028857944)(<3396.460693, 31.416298, 3435.075928>) requested data for lock!
[21:33:23] Player (Wagimaster, 76561198028857944)(<3396.460693, 31.416298, 3435.075928>) requested data for lock!
[21:33:52] Player (Wagimaster, 76561198028857944)(<3396.460693, 31.416298, 3435.075928>) requested data for lock!
[21:34:07] Player (Xazzli, 76561198043526085)(<5704.501465, 4.296862, 3574.349854>) requested data for lock!
[21:34:07] Player (Xazzli, 76561198043526085)(<5703.666016, 4.296862, 3579.834473>) requested data for lock!
[21:34:39] Player (Xazzli, 76561198043526085)(<4450.335449, 6.887537, 3090.050293>) requested data for lock!
[21:35:10] Player (ROK, 76561198448631012)(<8912.519531, 13.905832, 3080.007568>) requested data for lock!
[21:36:08] Player (Xazzli, 76561198043526085)(<3937.974365, 18.712990, 4823.885742>) requested data for lock!
[21:36:12] Player (Xazzli, 76561198043526085)(<3478.242676, 26.471230, 3570.753174>) requested data for lock!
[21:36:36] Player (Xazzli, 76561198043526085)(<3585.483643, 23.219879, 4879.533691>) requested data for lock!
[21:37:25] Player (Xazzli, 76561198043526085)(<3275.452393, 31.053638, 4605.722656>) requested data for lock!
[21:37:25] Player (Xazzli, 76561198043526085)(<3276.376465, 34.151474, 4613.831055>) requested data for lock!
[21:37:32] Player (Xazzli, 76561198043526085)(<3396.460693, 31.416298, 3435.075928>) requested data for lock!
[21:37:51] Player (Wagimaster, 76561198028857944)(<3276.376465, 34.151474, 4613.831055>) requested data for lock!
[21:39:56] Player (Wagimaster, 76561198028857944)(<3276.376465, 34.151474, 4613.831055>) requested data for lock!
[21:40:10] Player (Xazzli, 76561198043526085)(<3381.419678, 30.414505, 3427.238281>) requested data for lock!
[21:40:11] Player (Xazzli, 76561198043526085)(<3383.022949, 31.461510, 3414.468994>) requested data for lock!
[21:40:13] Player (Xazzli, 76561198043526085)(<3377.685547, 29.644051, 3407.356201>) requested data for lock!
[21:40:28] Player (Wagimaster, 76561198028857944)(<3396.460693, 31.416298, 3435.075928>) requested data for lock!
[21:40:30] Player (Wagimaster, 76561198028857944)(<3381.419678, 30.414505, 3427.238281>) requested data for lock!
[21:40:31] Player (Wagimaster, 76561198028857944)(<3383.022949, 31.461510, 3414.468994>) requested data for lock!
[21:40:33] Player (Wagimaster, 76561198028857944)(<3377.685547, 29.644051, 3407.356201>) requested data for lock!
[21:43:07] Player (Wagimaster, 76561198028857944)(<3396.460693, 31.416298, 3435.075928>) requested data for lock!
[21:43:26] Player (wdenda, 76561198029489211)(<3381.419678, 30.414505, 3427.238281>) requested data for lock!
[21:43:27] Player (wdenda, 76561198029489211)(<3383.022949, 31.461510, 3414.468994>) requested data for lock!
[21:43:28] Player (wdenda, 76561198029489211)(<3377.685547, 29.644051, 3407.356201>) requested data for lock!
[21:43:48] Player (BADGREMLIN75, 76561199142868361)(<7008.073242, 2.844007, 5128.650879>) requested data for lock!
[21:43:51] Player (BADGREMLIN75, 76561199142868361)(<7008.073242, 2.844007, 5128.650879>) requested data for lock!
[21:44:01] Player (BADGREMLIN75, 76561199142868361)(<7008.073242, 2.844007, 5128.650879>) requested data for lock!
[21:44:10] Player (BADGREMLIN75, 76561199142868361)(<7008.073242, 2.844007, 5128.650879>) requested data for lock!
[21:44:18] Player (BADGREMLIN75, 76561199142868361)(<7008.073242, 2.844007, 5128.650879>) requested data for lock!
[21:45:09] Player (MADness, 76561198968762750)(<3381.419678, 30.414505, 3427.238281>) requested data for lock!
[21:45:09] Player (MADness, 76561198968762750)(<3383.022949, 31.461510, 3414.468994>) requested data for lock!
[21:45:09] Player (MADness, 76561198968762750)(<3396.460693, 31.416298, 3435.075928>) requested data for lock!
[21:45:09] Player (MADness, 76561198968762750)(<3377.685547, 29.644051, 3407.356201>) requested data for lock!
[21:45:09] Player (MADness, 76561198968762750)(<3937.974365, 18.712990, 4823.885742>) requested data for lock!
[21:45:09] Player (MADness, 76561198968762750)(<3478.242676, 26.471230, 3570.753174>) requested data for lock!
[21:45:09] Player (MADness, 76561198968762750)(<3585.483643, 23.219879, 4879.533691>) requested data for lock!
[21:45:09] Player (MADness, 76561198968762750)(<3276.376465, 34.151474, 4613.831055>) requested data for lock!
[21:45:09] Player (MADness, 76561198968762750)(<3275.452393, 31.053638, 4605.722656>) requested data for lock!
[21:46:50] Player (BADGREMLIN75, 76561199142868361)(<6995.516602, 1.199409, 5130.952148>) requested data for lock!
[21:48:01] Player (BADGREMLIN75, 76561199142868361)(<6995.516602, 1.199409, 5130.952148>) requested data for lock!
[21:48:02] Player (BADGREMLIN75, 76561199142868361)(<7000.379883, 1.131253, 5129.526855>) requested data for lock!
[21:48:03] Player (BADGREMLIN75, 76561199142868361)(<7008.073242, 2.844007, 5128.650879>) requested data for lock!
[21:49:59] Player (wdenda, 76561198029489211)(<3396.460693, 31.416298, 3435.075928>) requested data for lock!
[21:50:33] Player (BADGREMLIN75, 76561199142868361)(<5182.491211, 5.778744, 6308.719727>) requested data for lock!
[21:51:49] Player (Wagimaster, 76561198028857944)(<3421.042480, 15.097157, 5042.374512>) requested data for lock!
[21:51:49] Player (wdenda, 76561198029489211)(<3421.042480, 15.097157, 5042.374512>) requested data for lock!
[21:51:50] Player (wdenda, 76561198029489211)(<3414.799805, 12.613712, 5047.664063>) requested data for lock!
[21:51:50] Player (Wagimaster, 76561198028857944)(<3414.799805, 12.613712, 5047.664063>) requested data for lock!
[21:51:52] Player (Wagimaster, 76561198028857944)(<3271.497559, 26.487022, 4915.288086>) requested data for lock!
[21:51:52] Player (wdenda, 76561198029489211)(<3271.497559, 26.487022, 4915.288086>) requested data for lock!
[21:52:14] Player (Wagimaster, 76561198028857944)(<2823.845215, 46.494064, 4774.664551>) requested data for lock!
[21:52:14] Player (wdenda, 76561198029489211)(<2823.845215, 46.494064, 4774.664551>) requested data for lock!
[21:52:14] Player (Wagimaster, 76561198028857944)(<2816.370605, 46.494064, 4764.327637>) requested data for lock!
[21:52:14] Player (wdenda, 76561198029489211)(<2816.370605, 46.494064, 4764.327637>) requested data for lock!
[21:52:29] Player (Wagimaster, 76561198028857944)(<4380.106445, 2.076707, 5958.709961>) requested data for lock!
[21:52:29] Player (wdenda, 76561198029489211)(<4380.106445, 2.076707, 5958.709961>) requested data for lock!
[21:52:29] Player (Wagimaster, 76561198028857944)(<4379.876953, 2.008279, 5963.796387>) requested data for lock!
[21:52:29] Player (wdenda, 76561198029489211)(<4379.876953, 2.008279, 5963.796387>) requested data for lock!
[21:52:30] Player (wdenda, 76561198029489211)(<4373.662109, 3.838867, 5976.322266>) requested data for lock!
[21:52:30] Player (Wagimaster, 76561198028857944)(<4373.662109, 3.838867, 5976.322266>) requested data for lock!
[21:52:47] Player (Wagimaster, 76561198028857944)(<2436.508545, 53.178806, 5278.377441>) requested data for lock!
[21:52:47] Player (Wagimaster, 76561198028857944)(<2435.960938, 55.353981, 5288.420898>) requested data for lock!
[21:52:47] Player (Wagimaster, 76561198028857944)(<3800.382813, 4.546953, 6148.426270>) requested data for lock!
[21:52:49] Player (wdenda, 76561198029489211)(<2436.508545, 53.178806, 5278.377441>) requested data for lock!
[21:52:49] Player (wdenda, 76561198029489211)(<2435.960938, 55.353981, 5288.420898>) requested data for lock!
[21:52:49] Player (wdenda, 76561198029489211)(<3800.382813, 4.546953, 6148.426270>) requested data for lock!
[21:53:18] Player (wdenda, 76561198029489211)(<2097.672607, 43.492085, 5977.060547>) requested data for lock!
[21:53:18] Player (Wagimaster, 76561198028857944)(<2097.672607, 43.492085, 5977.060547>) requested data for lock!
[21:55:30] Player (error414, 76561198072010064)(<5939.301758, 32.009983, 7215.695313>) requested data for lock!
[21:55:30] Player (MADness, 76561198968762750)(<5939.301758, 32.009983, 7215.695313>) requested data for lock!
[21:55:30] Player (BADGREMLIN75, 76561199142868361)(<5939.301758, 32.009983, 7215.695313>) requested data for lock!
[21:55:33] Player (BADGREMLIN75, 76561199142868361)(<4380.106445, 2.076707, 5958.709961>) requested data for lock!
[21:55:33] Player (BADGREMLIN75, 76561199142868361)(<4379.876953, 2.008279, 5963.796387>) requested data for lock!
[21:55:34] Player (BADGREMLIN75, 76561199142868361)(<4373.662109, 3.838867, 5976.322266>) requested data for lock!
[22:01:33] Player (BADGREMLIN75, 76561199142868361)(<3800.382813, 4.546953, 6148.426270>) requested data for lock!
[22:04:55] Player (error414, 76561198072010064)(<5939.301758, 32.009983, 7215.695313>) requested data for lock!
[22:11:31] Player (BADGREMLIN75, 76561199142868361)(<3937.974365, 18.712990, 4823.885742>) requested data for lock!
[22:14:22] Player (BADGREMLIN75, 76561199142868361)(<5182.491211, 5.778744, 6308.719727>) requested data for lock!
[22:18:38] Player (BADGREMLIN75, 76561199142868361)(<5182.491211, 5.778744, 6308.719727>) requested data for lock!
[22:19:25] Player (BADGREMLIN75, 76561199142868361)(<5182.491211, 5.778744, 6308.719727>) requested data for lock!
[22:19:30] Player (BADGREMLIN75, 76561199142868361)(<5182.491211, 5.778744, 6308.719727>) requested data for lock!
[22:20:22] Player (BADGREMLIN75, 76561199142868361)(<5182.491211, 5.778744, 6308.719727>) requested data for lock!
[22:30:50] Player (BADGREMLIN75, 76561199142868361)(<3585.483643, 23.219879, 4879.533691>) requested data for lock!
[22:32:45] Player (BADGREMLIN75, 76561199142868361)(<3421.042480, 15.097157, 5042.374512>) requested data for lock!
[22:32:46] Player (BADGREMLIN75, 76561199142868361)(<3414.799805, 12.613712, 5047.664063>) requested data for lock!
[22:35:53] Player (BADGREMLIN75, 76561199142868361)(<3271.497559, 26.487022, 4915.288086>) requested data for lock!
[22:36:00] Player (BADGREMLIN75, 76561199142868361)(<3276.376465, 34.151474, 4613.831055>) requested data for lock!
[22:36:03] Player (BADGREMLIN75, 76561199142868361)(<3275.452393, 31.053638, 4605.722656>) requested data for lock!
[22:46:07] Player (BADGREMLIN75, 76561199142868361)(<3478.242676, 26.471230, 3570.753174>) requested data for lock!
[22:47:11] Player (BADGREMLIN75, 76561199142868361)(<3396.460693, 31.416298, 3435.075928>) requested data for lock!
[22:47:14] Player (BADGREMLIN75, 76561199142868361)(<3381.419678, 30.414505, 3427.238281>) requested data for lock!
[22:47:15] Player (BADGREMLIN75, 76561199142868361)(<3383.022949, 31.461510, 3414.468994>) requested data for lock!
[22:47:46] Player (BADGREMLIN75, 76561199142868361)(<3377.685547, 29.644051, 3407.356201>) requested data for lock!
[23:02:08] Player (BADGREMLIN75, 76561199142868361)(<3381.419678, 30.414505, 3427.238281>) requested data for lock!
[23:02:18] Player (BADGREMLIN75, 76561199142868361)(<3381.419678, 30.414505, 3427.238281>) requested data for lock!
[23:02:20] Player (BADGREMLIN75, 76561199142868361)(<3383.022949, 31.461510, 3414.468994>) requested data for lock!
[23:02:23] Player (BADGREMLIN75, 76561199142868361)(<3377.685547, 29.644051, 3407.356201>) requested data for lock!
[23:03:05] Player (BADGREMLIN75, 76561199142868361)(<3396.460693, 31.416298, 3435.075928>) requested data for lock!
[23:03:07] Player (BADGREMLIN75, 76561199142868361)(<3381.419678, 30.414505, 3427.238281>) requested data for lock!
[23:03:08] Player (BADGREMLIN75, 76561199142868361)(<3383.022949, 31.461510, 3414.468994>) requested data for lock!
[23:03:10] Player (BADGREMLIN75, 76561199142868361)(<3377.685547, 29.644051, 3407.356201>) requested data for lock!
[23:15:11] Player (MADness, 76561198968762750)(<5939.301758, 32.009983, 7215.695313>) requested data for lock!
[23:18:40] Player (StaryKojot, 76561198080276111)(<8912.519531, 13.905832, 3080.007568>) requested data for lock!
[23:20:16] Player (StaryKojot, 76561198080276111)(<7008.073242, 2.844007, 5128.650879>) requested data for lock!
[23:20:16] Player (StaryKojot, 76561198080276111)(<7000.379883, 1.131253, 5129.526855>) requested data for lock!
[23:20:16] Player (StaryKojot, 76561198080276111)(<6995.516602, 1.199409, 5130.952148>) requested data for lock!
[23:20:50] Player (StaryKojot, 76561198080276111)(<5861.338867, 4.145164, 5783.404785>) requested data for lock!
[23:21:16] Player (StaryKojot, 76561198080276111)(<5182.491211, 5.778744, 6308.719727>) requested data for lock!
[23:21:26] Player (StaryKojot, 76561198080276111)(<4380.106445, 2.076707, 5958.709961>) requested data for lock!
[23:21:27] Player (StaryKojot, 76561198080276111)(<4379.876953, 2.008279, 5963.796387>) requested data for lock!
[23:21:27] Player (StaryKojot, 76561198080276111)(<4373.662109, 3.838867, 5976.322266>) requested data for lock!
[23:21:49] Player (StaryKojot, 76561198080276111)(<3800.382813, 4.546953, 6148.426270>) requested data for lock!
[23:23:44] Player (error414, 76561198072010064)(<5939.301758, 32.009983, 7215.695313>) requested data for lock!
[23:29:42] Player (StaryKojot, 76561198080276111)(<8940.941406, 11.078473, 7995.913574>) requested data for lock!
[23:29:43] Player (MADness, 76561198968762750)(<8940.941406, 11.078473, 7995.913574>) requested data for lock!
[23:30:52] Player (MADness, 76561198968762750)(<8797.832031, 3.888122, 6621.080078>) requested data for lock!
[23:30:52] Player (MADness, 76561198968762750)(<8791.704102, 3.862246, 6615.471191>) requested data for lock!
[23:30:54] Player (StaryKojot, 76561198080276111)(<8797.832031, 3.888122, 6621.080078>) requested data for lock!
[23:30:55] Player (StaryKojot, 76561198080276111)(<8791.704102, 3.862246, 6615.471191>) requested data for lock!
[23:49:46] Player (StaryKojot, 76561198080276111)(<5939.301758, 32.009983, 7215.695313>) requested data for lock!
[23:59:33] Player (MADness, 76561198968762750)(<5939.301758, 32.009983, 7215.695313>) requested data for lock!
