[10-04-2022][00.02.30] New Synch Log File Created!
[02:06:04] Player (ROK, 76561198448631012)(<3478.242676, 26.471230, 3570.753174>) requested data for lock!
[02:06:04] Player (ROK, 76561198448631012)(<3396.460693, 31.416298, 3435.075928>) requested data for lock!
[02:06:04] Player (ROK, 76561198448631012)(<3275.452393, 31.053638, 4605.722656>) requested data for lock!
[02:06:04] Player (ROK, 76561198448631012)(<3276.376465, 34.151474, 4613.831055>) requested data for lock!
[02:06:04] Player (ROK, 76561198448631012)(<3937.974365, 18.712990, 4823.885742>) requested data for lock!
[02:06:04] Player (ROK, 76561198448631012)(<3585.483643, 23.219879, 4879.533691>) requested data for lock!
[02:07:13] Player (ROK, 76561198448631012)(<3396.460693, 31.416298, 3435.075928>) requested data for lock!
[02:07:15] Player (ROK, 76561198448631012)(<4489.105957, 1.163242, 3118.035645>) requested data for lock!
[02:08:47] Player (ROK, 76561198448631012)(<4450.335449, 6.887537, 3090.050293>) requested data for lock!
[02:08:53] Player (ROK, 76561198448631012)(<5703.666016, 4.296862, 3579.834473>) requested data for lock!
[02:08:53] Player (ROK, 76561198448631012)(<5704.501465, 4.296862, 3574.349854>) requested data for lock!
[02:11:17] Player (ROK, 76561198448631012)(<8912.519531, 13.905832, 3080.007568>) requested data for lock!
[10-04-2022][04.02.20] Log file reloaded ( Server Restart )
[10-04-2022][06.05.59] Log file reloaded ( Server Restart )
[10-04-2022][08.02.35] Log file reloaded ( Server Restart )
[11:24:53] Player (ROK, 76561198448631012)(<8912.519531, 13.905832, 3080.007568>) requested data for lock!
[10-04-2022][12.02.29] Log file reloaded ( Server Restart )
[12:53:48] Player (Bflame, 76561198072840834)(<3478.242676, 26.471230, 3570.753174>) requested data for lock!
[12:53:48] Player (Bflame, 76561198072840834)(<3585.483643, 23.219879, 4879.533691>) requested data for lock!
[12:53:48] Player (Bflame, 76561198072840834)(<3937.974365, 18.712990, 4823.885742>) requested data for lock!
[12:53:48] Player (Bflame, 76561198072840834)(<3381.419678, 30.414505, 3427.238281>) requested data for lock!
[12:53:48] Player (Bflame, 76561198072840834)(<3377.685547, 29.644051, 3407.356201>) requested data for lock!
[12:53:48] Player (Bflame, 76561198072840834)(<3383.022949, 31.461510, 3414.468994>) requested data for lock!
[12:53:48] Player (Bflame, 76561198072840834)(<3396.460693, 31.416298, 3435.075928>) requested data for lock!
[12:53:48] Player (Bflame, 76561198072840834)(<3276.376465, 34.151474, 4613.831055>) requested data for lock!
[12:53:48] Player (Bflame, 76561198072840834)(<3275.452393, 31.053638, 4605.722656>) requested data for lock!
[12:54:27] Player (Bflame, 76561198072840834)(<4489.105957, 1.163242, 3118.035645>) requested data for lock!
[12:55:37] Player (Bflame, 76561198072840834)(<3396.460693, 31.416298, 3435.075928>) requested data for lock!
[13:23:02] Player (Bflame, 76561198072840834)(<3381.419678, 30.414505, 3427.238281>) requested data for lock!
[13:23:44] Player (Bflame, 76561198072840834)(<3396.460693, 31.416298, 3435.075928>) requested data for lock!
[13:24:25] Player (Bflame, 76561198072840834)(<3396.460693, 31.416298, 3435.075928>) requested data for lock!
[13:24:28] Player (Bflame, 76561198072840834)(<3381.419678, 30.414505, 3427.238281>) requested data for lock!
[13:24:29] Player (Bflame, 76561198072840834)(<3383.022949, 31.461510, 3414.468994>) requested data for lock!
[13:24:48] Player (Bflame, 76561198072840834)(<3377.685547, 29.644051, 3407.356201>) requested data for lock!
[13:31:35] Player (Bflame, 76561198072840834)(<3396.460693, 31.416298, 3435.075928>) requested data for lock!
[13:32:31] Player (Bflame, 76561198072840834)(<3396.460693, 31.416298, 3435.075928>) requested data for lock!
[13:32:34] Player (Bflame, 76561198072840834)(<3381.419678, 30.414505, 3427.238281>) requested data for lock!
[13:32:35] Player (Bflame, 76561198072840834)(<3383.022949, 31.461510, 3414.468994>) requested data for lock!
[13:32:37] Player (Bflame, 76561198072840834)(<3377.685547, 29.644051, 3407.356201>) requested data for lock!
[13:32:41] Player (Bflame, 76561198072840834)(<3421.042480, 15.097157, 5042.374512>) requested data for lock!
[13:32:44] Player (Bflame, 76561198072840834)(<3414.799805, 12.613712, 5047.664063>) requested data for lock!
[13:32:45] Player (Bflame, 76561198072840834)(<3271.497559, 26.487022, 4915.288086>) requested data for lock!
[10-04-2022][14.01.54] Log file reloaded ( Server Restart )
[14:03:56] Player (MADness, 76561198968762750)(<2097.672607, 43.492085, 5977.060547>) requested data for lock!
[14:03:56] Player (MADness, 76561198968762750)(<2816.370605, 46.494064, 4764.327637>) requested data for lock!
[14:03:56] Player (MADness, 76561198968762750)(<2435.960938, 55.353981, 5288.420898>) requested data for lock!
[14:03:56] Player (MADness, 76561198968762750)(<2436.508545, 53.178806, 5278.377441>) requested data for lock!
[14:03:56] Player (MADness, 76561198968762750)(<2823.845215, 46.494064, 4774.664551>) requested data for lock!
[14:05:03] Player (MADness, 76561198968762750)(<3271.497559, 26.487022, 4915.288086>) requested data for lock!
[14:05:08] Player (MADness, 76561198968762750)(<3414.799805, 12.613712, 5047.664063>) requested data for lock!
[14:05:11] Player (MADness, 76561198968762750)(<3421.042480, 15.097157, 5042.374512>) requested data for lock!
[10-04-2022][14.16.48] Log file reloaded ( Server Restart )
[14:17:57] Player (MADness, 76561198968762750)(<2097.672607, 43.492085, 5977.060547>) requested data for lock!
[14:17:57] Player (MADness, 76561198968762750)(<3271.497559, 26.487022, 4915.288086>) requested data for lock!
[14:17:57] Player (MADness, 76561198968762750)(<2816.370605, 46.494064, 4764.327637>) requested data for lock!
[14:17:57] Player (MADness, 76561198968762750)(<2823.845215, 46.494064, 4774.664551>) requested data for lock!
[14:17:57] Player (MADness, 76561198968762750)(<2435.960938, 55.353981, 5288.420898>) requested data for lock!
[14:17:57] Player (MADness, 76561198968762750)(<2436.508545, 53.178806, 5278.377441>) requested data for lock!
[14:17:57] Player (MADness, 76561198968762750)(<3421.042480, 15.097157, 5042.374512>) requested data for lock!
[14:17:57] Player (MADness, 76561198968762750)(<3414.799805, 12.613712, 5047.664063>) requested data for lock!
[14:20:18] Player (MADness, 76561198968762750)(<2097.672607, 43.492085, 5977.060547>) requested data for lock!
[14:20:18] Player (MADness, 76561198968762750)(<3271.497559, 26.487022, 4915.288086>) requested data for lock!
[14:20:18] Player (MADness, 76561198968762750)(<2816.370605, 46.494064, 4764.327637>) requested data for lock!
[14:20:18] Player (MADness, 76561198968762750)(<2823.845215, 46.494064, 4774.664551>) requested data for lock!
[14:20:18] Player (MADness, 76561198968762750)(<2435.960938, 55.353981, 5288.420898>) requested data for lock!
[14:20:18] Player (MADness, 76561198968762750)(<2436.508545, 53.178806, 5278.377441>) requested data for lock!
[14:20:18] Player (MADness, 76561198968762750)(<3421.042480, 15.097157, 5042.374512>) requested data for lock!
[14:20:18] Player (MADness, 76561198968762750)(<3414.799805, 12.613712, 5047.664063>) requested data for lock!
[10-04-2022][16.02.28] Log file reloaded ( Server Restart )
[18:11:21] Player (YAKUZA, 76561198910306539)(<3396.460693, 31.416298, 3435.075928>) requested data for lock!
[18:11:21] Player (YAKUZA, 76561198910306539)(<3478.242676, 26.471230, 3570.753174>) requested data for lock!
[18:11:21] Player (YAKUZA, 76561198910306539)(<3276.376465, 34.151474, 4613.831055>) requested data for lock!
[18:11:21] Player (YAKUZA, 76561198910306539)(<3275.452393, 31.053638, 4605.722656>) requested data for lock!
[18:11:21] Player (YAKUZA, 76561198910306539)(<3381.419678, 30.414505, 3427.238281>) requested data for lock!
[18:11:21] Player (YAKUZA, 76561198910306539)(<3585.483643, 23.219879, 4879.533691>) requested data for lock!
[18:11:21] Player (YAKUZA, 76561198910306539)(<3937.974365, 18.712990, 4823.885742>) requested data for lock!
[18:44:00] Player (error414, 76561198072010064)(<5182.491211, 5.778744, 6308.719727>) requested data for lock!
[18:46:00] Player (error414, 76561198072010064)(<4373.662109, 3.838867, 5976.322266>) requested data for lock!
[18:46:04] Player (error414, 76561198072010064)(<4379.876953, 2.008279, 5963.796387>) requested data for lock!
[18:46:06] Player (error414, 76561198072010064)(<4380.106445, 2.076707, 5958.709961>) requested data for lock!
[18:46:24] Player (error414, 76561198072010064)(<3800.382813, 4.546953, 6148.426270>) requested data for lock!
[19:02:23] Player (error414, 76561198072010064)(<5861.338867, 4.145164, 5783.404785>) requested data for lock!
[19:09:36] Player (error414, 76561198072010064)(<6995.516602, 1.199409, 5130.952148>) requested data for lock!
[19:09:37] Player (error414, 76561198072010064)(<7000.379883, 1.131253, 5129.526855>) requested data for lock!
[19:09:39] Player (error414, 76561198072010064)(<7008.073242, 2.844007, 5128.650879>) requested data for lock!
[19:13:43] Player (error414, 76561198072010064)(<7008.073242, 2.844007, 5128.650879>) requested data for lock!
[19:14:05] Player (error414, 76561198072010064)(<7008.073242, 2.844007, 5128.650879>) requested data for lock!
[19:14:35] Player (error414, 76561198072010064)(<7008.073242, 2.844007, 5128.650879>) requested data for lock!
[19:15:02] Player (error414, 76561198072010064)(<7000.379883, 1.131253, 5129.526855>) requested data for lock!
[19:15:08] Player (error414, 76561198072010064)(<7008.073242, 2.844007, 5128.650879>) requested data for lock!
[10-04-2022][20.02.25] Log file reloaded ( Server Restart )
[20:39:18] Player (Gdog140801, 76561198388693046)(<3275.452393, 31.053638, 4605.722656>) requested data for lock!
[20:39:18] Player (Gdog140801, 76561198388693046)(<3276.376465, 34.151474, 4613.831055>) requested data for lock!
[20:39:18] Player (Gdog140801, 76561198388693046)(<3271.497559, 26.487022, 4915.288086>) requested data for lock!
[20:39:18] Player (Gdog140801, 76561198388693046)(<3414.799805, 12.613712, 5047.664063>) requested data for lock!
[20:39:18] Player (Gdog140801, 76561198388693046)(<3421.042480, 15.097157, 5042.374512>) requested data for lock!
[20:39:18] Player (Gdog140801, 76561198388693046)(<3585.483643, 23.219879, 4879.533691>) requested data for lock!
[20:39:18] Player (Gdog140801, 76561198388693046)(<2823.845215, 46.494064, 4774.664551>) requested data for lock!
[20:39:18] Player (Gdog140801, 76561198388693046)(<2816.370605, 46.494064, 4764.327637>) requested data for lock!
[20:39:18] Player (Gdog140801, 76561198388693046)(<2436.508545, 53.178806, 5278.377441>) requested data for lock!
[20:39:18] Player (Gdog140801, 76561198388693046)(<2435.960938, 55.353981, 5288.420898>) requested data for lock!
[21:09:34] Player (ROK, 76561198448631012)(<8912.519531, 13.905832, 3080.007568>) requested data for lock!
[21:17:45] Player (BADGREMLIN75, 76561199142868361)(<7784.830566, 4.453664, 786.340027>) requested data for lock!
[21:17:45] Player (BADGREMLIN75, 76561199142868361)(<7775.609863, 4.453664, 789.851563>) requested data for lock!
[21:17:45] Player (BADGREMLIN75, 76561199142868361)(<7775.624023, 4.453664, 789.218628>) requested data for lock!
[21:24:02] Player (BADGREMLIN75, 76561199142868361)(<7775.609863, 4.453664, 789.851563>) requested data for lock!
[21:24:02] Player (BADGREMLIN75, 76561199142868361)(<7775.624023, 4.453664, 789.218628>) requested data for lock!
[21:24:03] Player (BADGREMLIN75, 76561199142868361)(<7784.830566, 4.453664, 786.340027>) requested data for lock!
[22:31:20] Player (MADness, 76561198968762750)(<2097.672607, 43.492085, 5977.060547>) requested data for lock!
[22:31:20] Player (MADness, 76561198968762750)(<3271.497559, 26.487022, 4915.288086>) requested data for lock!
[22:31:20] Player (MADness, 76561198968762750)(<3414.799805, 12.613712, 5047.664063>) requested data for lock!
[22:31:20] Player (MADness, 76561198968762750)(<3421.042480, 15.097157, 5042.374512>) requested data for lock!
[22:31:20] Player (MADness, 76561198968762750)(<2816.370605, 46.494064, 4764.327637>) requested data for lock!
[22:31:20] Player (MADness, 76561198968762750)(<2823.845215, 46.494064, 4774.664551>) requested data for lock!
[22:31:20] Player (MADness, 76561198968762750)(<2436.508545, 53.178806, 5278.377441>) requested data for lock!
[22:31:20] Player (MADness, 76561198968762750)(<2435.960938, 55.353981, 5288.420898>) requested data for lock!
[22:48:21] Player (M*rty, 76561199008833592)(<7000.379883, 1.131253, 5129.526855>) requested data for lock!
[22:48:21] Player (M*rty, 76561199008833592)(<6995.516602, 1.199409, 5130.952148>) requested data for lock!
[22:48:24] Player (M*rty, 76561199008833592)(<7008.073242, 2.844007, 5128.650879>) requested data for lock!
[23:01:51] Player (M*rty, 76561199008833592)(<5861.338867, 4.145164, 5783.404785>) requested data for lock!
[23:21:46] Player (M*rty, 76561199008833592)(<5861.338867, 4.145164, 5783.404785>) requested data for lock!
[23:22:35] Player (M*rty, 76561199008833592)(<6995.516602, 1.199409, 5130.952148>) requested data for lock!
[23:22:35] Player (M*rty, 76561199008833592)(<7000.379883, 1.131253, 5129.526855>) requested data for lock!
[23:22:35] Player (M*rty, 76561199008833592)(<7008.073242, 2.844007, 5128.650879>) requested data for lock!
[23:30:04] Player (M*rty, 76561199008833592)(<5861.338867, 4.145164, 5783.404785>) requested data for lock!
[23:30:52] Player (M*rty, 76561199008833592)(<6995.516602, 1.199409, 5130.952148>) requested data for lock!
[23:30:52] Player (M*rty, 76561199008833592)(<7000.379883, 1.131253, 5129.526855>) requested data for lock!
[23:30:52] Player (M*rty, 76561199008833592)(<7008.073242, 2.844007, 5128.650879>) requested data for lock!
