07:18:30 [MissionAirdrop] An airdrop is heading towards "Stein" (pos=<4619.000000, 0.000000, 7618.000000> type=Random_Stein) with a ExpansionAirdropContainer_Basebuilding
07:18:30 [MissionAirdrop] An airdrop is heading towards "Schlachtfeld" (pos=<3059.000000, 0.000000, 1707.000000> type=Random_Schlachtfeld) with a ExpansionAirdropContainer
07:19:22 [Killfeed] - Player V12 hit by Infected [DmgType: 0 | Ammo: Dummy_Light]
07:19:28 [Killfeed] - Player V12 hit by Infected [DmgType: 0 | Ammo: Dummy_Light]
07:19:33 [Killfeed] - Player V12 hit by Infected [DmgType: 0 | Ammo: Dummy_Light]
07:19:38 [Killfeed] - Player V12 hit by Infected [DmgType: 0 | Ammo: Dummy_Light]
07:19:45 [Killfeed] - Player V12 hit by Infected [DmgType: 0 | Ammo: Dummy_Light]
07:19:47 [Killfeed] - Player V12 hit by Infected [DmgType: 0 | Ammo: MeleeZombieSoldier]
07:30:03 [Killfeed] - Player Rik_Plays hit by Survivor [DmgType: 4 | Ammo: FallDamage]
07:31:10 [Killfeed] - Player Rik_Plays hit by Infected [DmgType: 0 | Ammo: MeleeZombiePolice]
07:31:18 [Killfeed] - Player Rik_Plays hit by Infected [DmgType: 0 | Ammo: MeleeZombiePolice]
07:31:20 [Killfeed] - Player Rik_Plays hit by Infected [DmgType: 0 | Ammo: MeleeZombiePolice]
07:36:17 [Killfeed] - Player V12 hit by Infected [DmgType: 0 | Ammo: MeleeZombieMale]
07:36:22 [Killfeed] - Player Rik_Plays hit by Infected [DmgType: 0 | Ammo: MeleeZombie]
07:39:19 [Killfeed] - Player Rik_Plays hit by Infected [DmgType: 0 | Ammo: MeleeZombiePolice]
07:40:26 [Killfeed] - Player V12 hit by Infected [DmgType: 0 | Ammo: Dummy_Light]
07:47:38 [Killfeed] - Player Rik_Plays hit by Infected [DmgType: 0 | Ammo: MeleeZombiePolice]
07:47:41 [Killfeed] - Player V12 hit by Infected [DmgType: 0 | Ammo: MeleeZombieMale]
07:47:42 [Killfeed] - Player V12 hit by Infected [DmgType: 0 | Ammo: Dummy_Light]
07:47:47 [Killfeed] - Player Rik_Plays hit by Infected [DmgType: 0 | Ammo: MeleeZombiePolice]
07:47:50 [Killfeed] - Player V12 hit by Infected [DmgType: 0 | Ammo: MeleeZombieMale]
07:55:34 [Killfeed] - Player V12 hit by Survivor [DmgType: 0 | Ammo: MeleeFist]
07:56:15 [Party] Player "Rik_Plays" (id=R5QkEcrxtly9KY8lzQxLv6FMruTgXOxuSWhCmf7J-cA=) created a party named 123
07:56:38 [Party] Player "V12" (id=Se5G60HyhKu10j8qfhtK7adzCLyhqWDfXU01k52udKk=) created a party named karenkovci
07:56:41 [Party] Player "V12" (id=Se5G60HyhKu10j8qfhtK7adzCLyhqWDfXU01k52udKk=) invited the player "Rik_Plays" (id=R5QkEcrxtly9KY8lzQxLv6FMruTgXOxuSWhCmf7J-cA=)to the party named karenkovci
08:02:47 [Killfeed] - Player V12 hit by Infected [DmgType: 0 | Ammo: MeleeZombieSoldier]
08:02:50 [Killfeed] - Player V12 hit by Infected [DmgType: 0 | Ammo: MeleeZombieSoldier]
08:02:50 [Killfeed] - Player V12 hit by Infected [DmgType: 0 | Ammo: MeleeZombieSoldier]
08:07:33 [Safezone] Player "Rik_Plays" (id=R5QkEcrxtly9KY8lzQxLv6FMruTgXOxuSWhCmf7J-cA= pos=<4189.989258, 14.190138, 4243.502930>) Entered the safezone
08:07:37 [Safezone] Player "V12" (id=Se5G60HyhKu10j8qfhtK7adzCLyhqWDfXU01k52udKk= pos=<4190.773438, 14.193536, 4244.233398>) Entered the safezone
08:07:58 [Market] Player "Rik_Plays" (id=R5QkEcrxtly9KY8lzQxLv6FMruTgXOxuSWhCmf7J-cA=) has send a requested to sell ducttape x1 at the trader "BuildingSupplies (Boris [BUILDING SUPPLIES TRADER])" in market zone "OUTLIVE Trader" (pos=<4291.589844, 25.247801, 4162.500000>).
08:07:58 [Market] Player "Rik_Plays" (id=R5QkEcrxtly9KY8lzQxLv6FMruTgXOxuSWhCmf7J-cA=) has sold ducttape x1 at the trader "BuildingSupplies (Boris [BUILDING SUPPLIES TRADER])" in market zone "OUTLIVE Trader" (pos=<4291.589844, 25.247801, 4162.500000>) and got 180.
08:08:02 [Market] Player "V12" (id=Se5G60HyhKu10j8qfhtK7adzCLyhqWDfXU01k52udKk=) has send a requested to sell nailbox x1 at the trader "BuildingSupplies (Boris [BUILDING SUPPLIES TRADER])" in market zone "OUTLIVE Trader" (pos=<4291.589844, 25.247801, 4162.500000>).
08:08:02 [Market] Player "V12" (id=Se5G60HyhKu10j8qfhtK7adzCLyhqWDfXU01k52udKk=) has sold nailbox x1 at the trader "BuildingSupplies (Boris [BUILDING SUPPLIES TRADER])" in market zone "OUTLIVE Trader" (pos=<4291.589844, 25.247801, 4162.500000>) and got 500.
08:08:03 [Market] Player "Rik_Plays" (id=R5QkEcrxtly9KY8lzQxLv6FMruTgXOxuSWhCmf7J-cA=) has send a requested to sell shovel x1 at the trader "BuildingSupplies (Boris [BUILDING SUPPLIES TRADER])" in market zone "OUTLIVE Trader" (pos=<4291.589844, 25.247801, 4162.500000>).
08:08:03 [Market] Player "Rik_Plays" (id=R5QkEcrxtly9KY8lzQxLv6FMruTgXOxuSWhCmf7J-cA=) has sold shovel x1 at the trader "BuildingSupplies (Boris [BUILDING SUPPLIES TRADER])" in market zone "OUTLIVE Trader" (pos=<4291.589844, 25.247801, 4162.500000>) and got 350.
08:08:07 [Market] Player "V12" (id=Se5G60HyhKu10j8qfhtK7adzCLyhqWDfXU01k52udKk=) has send a requested to sell hammer x1 at the trader "BuildingSupplies (Boris [BUILDING SUPPLIES TRADER])" in market zone "OUTLIVE Trader" (pos=<4291.589844, 25.247801, 4162.500000>).
08:08:07 [Market] Player "V12" (id=Se5G60HyhKu10j8qfhtK7adzCLyhqWDfXU01k52udKk=) has sold hammer x1 at the trader "BuildingSupplies (Boris [BUILDING SUPPLIES TRADER])" in market zone "OUTLIVE Trader" (pos=<4291.589844, 25.247801, 4162.500000>) and got 500.
08:08:08 [Market] Player "V12" (id=Se5G60HyhKu10j8qfhtK7adzCLyhqWDfXU01k52udKk=) has send a requested to sell screwdriver x1 at the trader "BuildingSupplies (Boris [BUILDING SUPPLIES TRADER])" in market zone "OUTLIVE Trader" (pos=<4291.589844, 25.247801, 4162.500000>).
08:08:08 [Market] Player "V12" (id=Se5G60HyhKu10j8qfhtK7adzCLyhqWDfXU01k52udKk=) has sold screwdriver x1 at the trader "BuildingSupplies (Boris [BUILDING SUPPLIES TRADER])" in market zone "OUTLIVE Trader" (pos=<4291.589844, 25.247801, 4162.500000>) and got 350.
08:08:10 [Market] Player "V12" (id=Se5G60HyhKu10j8qfhtK7adzCLyhqWDfXU01k52udKk=) has send a requested to sell msp_ammocrate x1 at the trader "BuildingSupplies (Boris [BUILDING SUPPLIES TRADER])" in market zone "OUTLIVE Trader" (pos=<4291.589844, 25.247801, 4162.500000>).
08:08:10 [Market] Player "V12" (id=Se5G60HyhKu10j8qfhtK7adzCLyhqWDfXU01k52udKk=) has sold msp_ammocrate x1 at the trader "BuildingSupplies (Boris [BUILDING SUPPLIES TRADER])" in market zone "OUTLIVE Trader" (pos=<4291.589844, 25.247801, 4162.500000>) and got 200.
08:08:29 [Market] Player "V12" (id=Se5G60HyhKu10j8qfhtK7adzCLyhqWDfXU01k52udKk=) has send a requested to sell glock19 x1 at the trader "Weapons (Denis [WEAPONS TRADER])" in market zone "OUTLIVE Trader" (pos=<4291.589844, 25.247801, 4162.500000>).
08:08:29 [Market] Player "V12" (id=Se5G60HyhKu10j8qfhtK7adzCLyhqWDfXU01k52udKk=) has sold glock19 x1 at the trader "Weapons (Denis [WEAPONS TRADER])" in market zone "OUTLIVE Trader" (pos=<4291.589844, 25.247801, 4162.500000>) and got 68.
08:08:31 [Market] Player "Rik_Plays" (id=R5QkEcrxtly9KY8lzQxLv6FMruTgXOxuSWhCmf7J-cA=) has send a requested to sell msp_militarycrate_olive x1 at the trader "BuildingSupplies (Boris [BUILDING SUPPLIES TRADER])" in market zone "OUTLIVE Trader" (pos=<4291.589844, 25.247801, 4162.500000>).
08:08:31 [Market] Player "Rik_Plays" (id=R5QkEcrxtly9KY8lzQxLv6FMruTgXOxuSWhCmf7J-cA=) has sold msp_militarycrate_olive x1 at the trader "BuildingSupplies (Boris [BUILDING SUPPLIES TRADER])" in market zone "OUTLIVE Trader" (pos=<4291.589844, 25.247801, 4162.500000>) and got 1500.
08:08:34 [Market] Player "Rik_Plays" (id=R5QkEcrxtly9KY8lzQxLv6FMruTgXOxuSWhCmf7J-cA=) has send a requested to sell fryingpan x1 at the trader "BuildingSupplies (Boris [BUILDING SUPPLIES TRADER])" in market zone "OUTLIVE Trader" (pos=<4291.589844, 25.247801, 4162.500000>).
08:08:34 [Market] Player "Rik_Plays" (id=R5QkEcrxtly9KY8lzQxLv6FMruTgXOxuSWhCmf7J-cA=) has sold fryingpan x1 at the trader "BuildingSupplies (Boris [BUILDING SUPPLIES TRADER])" in market zone "OUTLIVE Trader" (pos=<4291.589844, 25.247801, 4162.500000>) and got 10.
08:08:41 [Market] Player "V12" (id=Se5G60HyhKu10j8qfhtK7adzCLyhqWDfXU01k52udKk=) has send a requested to sell tf_aks74u x1 at the trader "Weapons (Denis [WEAPONS TRADER])" in market zone "OUTLIVE Trader" (pos=<4291.589844, 25.247801, 4162.500000>).
08:08:41 [Market] Player "V12" (id=Se5G60HyhKu10j8qfhtK7adzCLyhqWDfXU01k52udKk=) has sold tf_aks74u x1 at the trader "Weapons (Denis [WEAPONS TRADER])" in market zone "OUTLIVE Trader" (pos=<4291.589844, 25.247801, 4162.500000>) and got 753.
08:08:47 [Market] Player "V12" (id=Se5G60HyhKu10j8qfhtK7adzCLyhqWDfXU01k52udKk=) has send a requested to sell expansion_m16 x1 at the trader "Weapons (Denis [WEAPONS TRADER])" in market zone "OUTLIVE Trader" (pos=<4291.589844, 25.247801, 4162.500000>).
08:08:47 [Market] Player "V12" (id=Se5G60HyhKu10j8qfhtK7adzCLyhqWDfXU01k52udKk=) has sold expansion_m16 x1 at the trader "Weapons (Denis [WEAPONS TRADER])" in market zone "OUTLIVE Trader" (pos=<4291.589844, 25.247801, 4162.500000>) and got 2200.
08:08:55 [Market] Player "V12" (id=Se5G60HyhKu10j8qfhtK7adzCLyhqWDfXU01k52udKk=) has send a requested to sell mosin9130 x1 at the trader "Weapons (Denis [WEAPONS TRADER])" in market zone "OUTLIVE Trader" (pos=<4291.589844, 25.247801, 4162.500000>).
08:08:55 [Market] Player "V12" (id=Se5G60HyhKu10j8qfhtK7adzCLyhqWDfXU01k52udKk=) has sold mosin9130 x1 at the trader "Weapons (Denis [WEAPONS TRADER])" in market zone "OUTLIVE Trader" (pos=<4291.589844, 25.247801, 4162.500000>) and got 800.
08:08:59 [Market] Player "Rik_Plays" (id=R5QkEcrxtly9KY8lzQxLv6FMruTgXOxuSWhCmf7J-cA=) has send a requested to sell tf_6sh112_emr x1 at the trader "Clothing (Linda [CLOTHING TRADER])" in market zone "OUTLIVE Trader" (pos=<4291.589844, 25.247801, 4162.500000>).
08:08:59 [Market] Player "Rik_Plays" (id=R5QkEcrxtly9KY8lzQxLv6FMruTgXOxuSWhCmf7J-cA=) has sold tf_6sh112_emr x1 at the trader "Clothing (Linda [CLOTHING TRADER])" in market zone "OUTLIVE Trader" (pos=<4291.589844, 25.247801, 4162.500000>) and got 280.
08:09:03 [Market] Player "V12" (id=Se5G60HyhKu10j8qfhtK7adzCLyhqWDfXU01k52udKk=) has send a requested to sell mag_expansion_mpx_50rnd x1 at the trader "Attachments (Oliver [ATTACHMENTS TRADER])" in market zone "OUTLIVE Trader" (pos=<4291.589844, 25.247801, 4162.500000>).
08:09:03 [Market] Player "Rik_Plays" (id=R5QkEcrxtly9KY8lzQxLv6FMruTgXOxuSWhCmf7J-cA=) has send a requested to sell tf_avsmag3pouch_coyote x1 at the trader "Clothing (Linda [CLOTHING TRADER])" in market zone "OUTLIVE Trader" (pos=<4291.589844, 25.247801, 4162.500000>).
08:09:03 [Market] Player "V12" (id=Se5G60HyhKu10j8qfhtK7adzCLyhqWDfXU01k52udKk=) has sold mag_expansion_mpx_50rnd x1 at the trader "Attachments (Oliver [ATTACHMENTS TRADER])" in market zone "OUTLIVE Trader" (pos=<4291.589844, 25.247801, 4162.500000>) and got 100.
08:09:03 [Market] Player "Rik_Plays" (id=R5QkEcrxtly9KY8lzQxLv6FMruTgXOxuSWhCmf7J-cA=) has sold tf_avsmag3pouch_coyote x1 at the trader "Clothing (Linda [CLOTHING TRADER])" in market zone "OUTLIVE Trader" (pos=<4291.589844, 25.247801, 4162.500000>) and got 150.
08:09:04 [Market] Player "V12" (id=Se5G60HyhKu10j8qfhtK7adzCLyhqWDfXU01k52udKk=) has send a requested to sell mag_famas_25rnd x1 at the trader "Attachments (Oliver [ATTACHMENTS TRADER])" in market zone "OUTLIVE Trader" (pos=<4291.589844, 25.247801, 4162.500000>).
08:09:05 [Market] Player "Rik_Plays" (id=R5QkEcrxtly9KY8lzQxLv6FMruTgXOxuSWhCmf7J-cA=) has send a requested to sell tf_largeutilitypouch_coyote x1 at the trader "Clothing (Linda [CLOTHING TRADER])" in market zone "OUTLIVE Trader" (pos=<4291.589844, 25.247801, 4162.500000>).
08:09:05 [Market] Player "V12" (id=Se5G60HyhKu10j8qfhtK7adzCLyhqWDfXU01k52udKk=) has sold mag_famas_25rnd x1 at the trader "Attachments (Oliver [ATTACHMENTS TRADER])" in market zone "OUTLIVE Trader" (pos=<4291.589844, 25.247801, 4162.500000>) and got 97.
08:09:05 [Market] Player "Rik_Plays" (id=R5QkEcrxtly9KY8lzQxLv6FMruTgXOxuSWhCmf7J-cA=) has sold tf_largeutilitypouch_coyote x1 at the trader "Clothing (Linda [CLOTHING TRADER])" in market zone "OUTLIVE Trader" (pos=<4291.589844, 25.247801, 4162.500000>) and got 80.
08:09:16 [Market] Player "Rik_Plays" (id=R5QkEcrxtly9KY8lzQxLv6FMruTgXOxuSWhCmf7J-cA=) has send a requested to sell disinfectantalcohol x1 at the trader "Medicals (Eva [MEDICALS TRADER])" in market zone "OUTLIVE Trader" (pos=<4291.589844, 25.247801, 4162.500000>).
08:09:16 [Market] Player "Rik_Plays" (id=R5QkEcrxtly9KY8lzQxLv6FMruTgXOxuSWhCmf7J-cA=) has sold disinfectantalcohol x1 at the trader "Medicals (Eva [MEDICALS TRADER])" in market zone "OUTLIVE Trader" (pos=<4291.589844, 25.247801, 4162.500000>) and got 31.
08:09:17 [Market] Player "Rik_Plays" (id=R5QkEcrxtly9KY8lzQxLv6FMruTgXOxuSWhCmf7J-cA=) has send a requested to sell bloodbagempty x1 at the trader "Medicals (Eva [MEDICALS TRADER])" in market zone "OUTLIVE Trader" (pos=<4291.589844, 25.247801, 4162.500000>).
08:09:17 [Market] Player "Rik_Plays" (id=R5QkEcrxtly9KY8lzQxLv6FMruTgXOxuSWhCmf7J-cA=) has sold bloodbagempty x1 at the trader "Medicals (Eva [MEDICALS TRADER])" in market zone "OUTLIVE Trader" (pos=<4291.589844, 25.247801, 4162.500000>) and got 90.
08:09:18 [Market] Player "V12" (id=Se5G60HyhKu10j8qfhtK7adzCLyhqWDfXU01k52udKk=) has send a requested to sell expansion_ammo_arrowbolt x2 at the trader "Attachments (Oliver [ATTACHMENTS TRADER])" in market zone "OUTLIVE Trader" (pos=<4291.589844, 25.247801, 4162.500000>).
08:09:18 [Market] Player "V12" (id=Se5G60HyhKu10j8qfhtK7adzCLyhqWDfXU01k52udKk=) has sold expansion_ammo_arrowbolt x2 at the trader "Attachments (Oliver [ATTACHMENTS TRADER])" in market zone "OUTLIVE Trader" (pos=<4291.589844, 25.247801, 4162.500000>) and got 27.
08:09:18 [Market] Player "Rik_Plays" (id=R5QkEcrxtly9KY8lzQxLv6FMruTgXOxuSWhCmf7J-cA=) has send a requested to sell purificationtablets x1 at the trader "Medicals (Eva [MEDICALS TRADER])" in market zone "OUTLIVE Trader" (pos=<4291.589844, 25.247801, 4162.500000>).
08:09:18 [Market] Player "Rik_Plays" (id=R5QkEcrxtly9KY8lzQxLv6FMruTgXOxuSWhCmf7J-cA=) has sold purificationtablets x1 at the trader "Medicals (Eva [MEDICALS TRADER])" in market zone "OUTLIVE Trader" (pos=<4291.589844, 25.247801, 4162.500000>) and got 70.
08:09:19 [Market] Player "Rik_Plays" (id=R5QkEcrxtly9KY8lzQxLv6FMruTgXOxuSWhCmf7J-cA=) has send a requested to sell purificationtablets x1 at the trader "Medicals (Eva [MEDICALS TRADER])" in market zone "OUTLIVE Trader" (pos=<4291.589844, 25.247801, 4162.500000>).
08:09:19 [Market] Player "Rik_Plays" (id=R5QkEcrxtly9KY8lzQxLv6FMruTgXOxuSWhCmf7J-cA=) has sold purificationtablets x1 at the trader "Medicals (Eva [MEDICALS TRADER])" in market zone "OUTLIVE Trader" (pos=<4291.589844, 25.247801, 4162.500000>) and got 70.
08:09:21 [Market] Player "Rik_Plays" (id=R5QkEcrxtly9KY8lzQxLv6FMruTgXOxuSWhCmf7J-cA=) has send a requested to sell bandagedressing x1 at the trader "Medicals (Eva [MEDICALS TRADER])" in market zone "OUTLIVE Trader" (pos=<4291.589844, 25.247801, 4162.500000>).
08:09:21 [Market] Player "Rik_Plays" (id=R5QkEcrxtly9KY8lzQxLv6FMruTgXOxuSWhCmf7J-cA=) has sold bandagedressing x1 at the trader "Medicals (Eva [MEDICALS TRADER])" in market zone "OUTLIVE Trader" (pos=<4291.589844, 25.247801, 4162.500000>) and got 75.
08:09:28 [Market] Player "Rik_Plays" (id=R5QkEcrxtly9KY8lzQxLv6FMruTgXOxuSWhCmf7J-cA=) has send a requested to sell waterbottle x1 at the trader "Consumables (Naomi [CONSUMABLES TRADER])" in market zone "OUTLIVE Trader" (pos=<4291.589844, 25.247801, 4162.500000>).
08:09:28 [Market] Player "Rik_Plays" (id=R5QkEcrxtly9KY8lzQxLv6FMruTgXOxuSWhCmf7J-cA=) has sold waterbottle x1 at the trader "Consumables (Naomi [CONSUMABLES TRADER])" in market zone "OUTLIVE Trader" (pos=<4291.589844, 25.247801, 4162.500000>) and got 10.
08:09:29 [Market] Player "Rik_Plays" (id=R5QkEcrxtly9KY8lzQxLv6FMruTgXOxuSWhCmf7J-cA=) has send a requested to sell tunacan x1 at the trader "Consumables (Naomi [CONSUMABLES TRADER])" in market zone "OUTLIVE Trader" (pos=<4291.589844, 25.247801, 4162.500000>).
08:09:29 [Market] Player "Rik_Plays" (id=R5QkEcrxtly9KY8lzQxLv6FMruTgXOxuSWhCmf7J-cA=) has sold tunacan x1 at the trader "Consumables (Naomi [CONSUMABLES TRADER])" in market zone "OUTLIVE Trader" (pos=<4291.589844, 25.247801, 4162.500000>) and got 20.
08:09:30 [Market] Player "V12" (id=Se5G60HyhKu10j8qfhtK7adzCLyhqWDfXU01k52udKk=) has send a requested to sell ammo_12gaslug x1 at the trader "Attachments (Oliver [ATTACHMENTS TRADER])" in market zone "OUTLIVE Trader" (pos=<4291.589844, 25.247801, 4162.500000>).
08:09:30 [Market] Player "V12" (id=Se5G60HyhKu10j8qfhtK7adzCLyhqWDfXU01k52udKk=) has sold ammo_12gaslug x1 at the trader "Attachments (Oliver [ATTACHMENTS TRADER])" in market zone "OUTLIVE Trader" (pos=<4291.589844, 25.247801, 4162.500000>) and got 4.
08:09:37 [Market] Player "Rik_Plays" (id=R5QkEcrxtly9KY8lzQxLv6FMruTgXOxuSWhCmf7J-cA=) has send a requested to sell ammobox_556x45_20rnd x1 at the trader "Attachments (Oliver [ATTACHMENTS TRADER])" in market zone "OUTLIVE Trader" (pos=<4291.589844, 25.247801, 4162.500000>).
08:09:37 [Market] Player "Rik_Plays" (id=R5QkEcrxtly9KY8lzQxLv6FMruTgXOxuSWhCmf7J-cA=) has sold ammobox_556x45_20rnd x1 at the trader "Attachments (Oliver [ATTACHMENTS TRADER])" in market zone "OUTLIVE Trader" (pos=<4291.589844, 25.247801, 4162.500000>) and got 165.
08:09:38 [Market] Player "Rik_Plays" (id=R5QkEcrxtly9KY8lzQxLv6FMruTgXOxuSWhCmf7J-cA=) has send a requested to sell ammobox_556x45_20rnd x1 at the trader "Attachments (Oliver [ATTACHMENTS TRADER])" in market zone "OUTLIVE Trader" (pos=<4291.589844, 25.247801, 4162.500000>).
08:09:38 [Market] Player "Rik_Plays" (id=R5QkEcrxtly9KY8lzQxLv6FMruTgXOxuSWhCmf7J-cA=) has sold ammobox_556x45_20rnd x1 at the trader "Attachments (Oliver [ATTACHMENTS TRADER])" in market zone "OUTLIVE Trader" (pos=<4291.589844, 25.247801, 4162.500000>) and got 165.
08:09:38 [Market] Player "V12" (id=Se5G60HyhKu10j8qfhtK7adzCLyhqWDfXU01k52udKk=) has send a requested to sell ammo_12gaslug x44 at the trader "Attachments (Oliver [ATTACHMENTS TRADER])" in market zone "OUTLIVE Trader" (pos=<4291.589844, 25.247801, 4162.500000>).
08:09:39 [Market] Player "V12" (id=Se5G60HyhKu10j8qfhtK7adzCLyhqWDfXU01k52udKk=) has sold ammo_12gaslug x44 at the trader "Attachments (Oliver [ATTACHMENTS TRADER])" in market zone "OUTLIVE Trader" (pos=<4291.589844, 25.247801, 4162.500000>) and got 198.
08:09:40 [Market] Player "Rik_Plays" (id=R5QkEcrxtly9KY8lzQxLv6FMruTgXOxuSWhCmf7J-cA=) has send a requested to sell ak74_woodbttstck x1 at the trader "Attachments (Oliver [ATTACHMENTS TRADER])" in market zone "OUTLIVE Trader" (pos=<4291.589844, 25.247801, 4162.500000>).
08:09:40 [Market] Player "Rik_Plays" (id=R5QkEcrxtly9KY8lzQxLv6FMruTgXOxuSWhCmf7J-cA=) has sold ak74_woodbttstck x1 at the trader "Attachments (Oliver [ATTACHMENTS TRADER])" in market zone "OUTLIVE Trader" (pos=<4291.589844, 25.247801, 4162.500000>) and got 60.
08:09:43 [Market] Player "Rik_Plays" (id=R5QkEcrxtly9KY8lzQxLv6FMruTgXOxuSWhCmf7J-cA=) has send a requested to sell kitchenknife x1 at the trader "Attachments (Oliver [ATTACHMENTS TRADER])" in market zone "OUTLIVE Trader" (pos=<4291.589844, 25.247801, 4162.500000>).
08:09:43 [Market] Player "Rik_Plays" (id=R5QkEcrxtly9KY8lzQxLv6FMruTgXOxuSWhCmf7J-cA=) has sold kitchenknife x1 at the trader "Attachments (Oliver [ATTACHMENTS TRADER])" in market zone "OUTLIVE Trader" (pos=<4291.589844, 25.247801, 4162.500000>) and got 30.
08:09:44 [Market] Player "Rik_Plays" (id=R5QkEcrxtly9KY8lzQxLv6FMruTgXOxuSWhCmf7J-cA=) has send a requested to sell mag_expansion_m9_15rnd x1 at the trader "Attachments (Oliver [ATTACHMENTS TRADER])" in market zone "OUTLIVE Trader" (pos=<4291.589844, 25.247801, 4162.500000>).
08:09:44 [Market] Player "Rik_Plays" (id=R5QkEcrxtly9KY8lzQxLv6FMruTgXOxuSWhCmf7J-cA=) has sold mag_expansion_m9_15rnd x1 at the trader "Attachments (Oliver [ATTACHMENTS TRADER])" in market zone "OUTLIVE Trader" (pos=<4291.589844, 25.247801, 4162.500000>) and got 39.
08:09:45 [Market] Player "Rik_Plays" (id=R5QkEcrxtly9KY8lzQxLv6FMruTgXOxuSWhCmf7J-cA=) has send a requested to sell mag_1911_7rnd x1 at the trader "Attachments (Oliver [ATTACHMENTS TRADER])" in market zone "OUTLIVE Trader" (pos=<4291.589844, 25.247801, 4162.500000>).
08:09:45 [Market] Player "Rik_Plays" (id=R5QkEcrxtly9KY8lzQxLv6FMruTgXOxuSWhCmf7J-cA=) has sold mag_1911_7rnd x1 at the trader "Attachments (Oliver [ATTACHMENTS TRADER])" in market zone "OUTLIVE Trader" (pos=<4291.589844, 25.247801, 4162.500000>) and got 33.
08:09:48 [Market] Player "Rik_Plays" (id=R5QkEcrxtly9KY8lzQxLv6FMruTgXOxuSWhCmf7J-cA=) has send a requested to sell tf_ar10_cmmg15hndgrd_mlock x1 at the trader "Attachments (Oliver [ATTACHMENTS TRADER])" in market zone "OUTLIVE Trader" (pos=<4291.589844, 25.247801, 4162.500000>).
08:09:48 [Market] Player "Rik_Plays" (id=R5QkEcrxtly9KY8lzQxLv6FMruTgXOxuSWhCmf7J-cA=) has sold tf_ar10_cmmg15hndgrd_mlock x1 at the trader "Attachments (Oliver [ATTACHMENTS TRADER])" in market zone "OUTLIVE Trader" (pos=<4291.589844, 25.247801, 4162.500000>) and got 200.
08:09:48 [Market] Player "Rik_Plays" (id=R5QkEcrxtly9KY8lzQxLv6FMruTgXOxuSWhCmf7J-cA=) has send a requested to sell tf_m4_smr9hndgrd_mlock_fde x1 at the trader "Attachments (Oliver [ATTACHMENTS TRADER])" in market zone "OUTLIVE Trader" (pos=<4291.589844, 25.247801, 4162.500000>).
08:09:48 [Market] Player "Rik_Plays" (id=R5QkEcrxtly9KY8lzQxLv6FMruTgXOxuSWhCmf7J-cA=) has sold tf_m4_smr9hndgrd_mlock_fde x1 at the trader "Attachments (Oliver [ATTACHMENTS TRADER])" in market zone "OUTLIVE Trader" (pos=<4291.589844, 25.247801, 4162.500000>) and got 200.
08:09:49 [Market] Player "Rik_Plays" (id=R5QkEcrxtly9KY8lzQxLv6FMruTgXOxuSWhCmf7J-cA=) has send a requested to sell tf_m4_smr9hndgrd_mlock_fde x1 at the trader "Attachments (Oliver [ATTACHMENTS TRADER])" in market zone "OUTLIVE Trader" (pos=<4291.589844, 25.247801, 4162.500000>).
08:09:50 [Market] Player "Rik_Plays" (id=R5QkEcrxtly9KY8lzQxLv6FMruTgXOxuSWhCmf7J-cA=) has sold tf_m4_smr9hndgrd_mlock_fde x1 at the trader "Attachments (Oliver [ATTACHMENTS TRADER])" in market zone "OUTLIVE Trader" (pos=<4291.589844, 25.247801, 4162.500000>) and got 200.
08:09:53 [Market] Player "Rik_Plays" (id=R5QkEcrxtly9KY8lzQxLv6FMruTgXOxuSWhCmf7J-cA=) has send a requested to sell tf_scar_stndhndgrd x1 at the trader "Attachments (Oliver [ATTACHMENTS TRADER])" in market zone "OUTLIVE Trader" (pos=<4291.589844, 25.247801, 4162.500000>).
08:09:53 [Market] Player "Rik_Plays" (id=R5QkEcrxtly9KY8lzQxLv6FMruTgXOxuSWhCmf7J-cA=) has sold tf_scar_stndhndgrd x1 at the trader "Attachments (Oliver [ATTACHMENTS TRADER])" in market zone "OUTLIVE Trader" (pos=<4291.589844, 25.247801, 4162.500000>) and got 200.
08:09:54 [Market] Player "Rik_Plays" (id=R5QkEcrxtly9KY8lzQxLv6FMruTgXOxuSWhCmf7J-cA=) has send a requested to sell tf_m14_adapter x1 at the trader "Attachments (Oliver [ATTACHMENTS TRADER])" in market zone "OUTLIVE Trader" (pos=<4291.589844, 25.247801, 4162.500000>).
08:09:54 [Market] Player "Rik_Plays" (id=R5QkEcrxtly9KY8lzQxLv6FMruTgXOxuSWhCmf7J-cA=) has sold tf_m14_adapter x1 at the trader "Attachments (Oliver [ATTACHMENTS TRADER])" in market zone "OUTLIVE Trader" (pos=<4291.589844, 25.247801, 4162.500000>) and got 100.
08:09:58 [Market] Player "V12" (id=Se5G60HyhKu10j8qfhtK7adzCLyhqWDfXU01k52udKk=) has send a requested to sell ammo_545x39tracer x34 at the trader "Attachments (Oliver [ATTACHMENTS TRADER])" in market zone "OUTLIVE Trader" (pos=<4291.589844, 25.247801, 4162.500000>).
08:09:58 [Market] Player "V12" (id=Se5G60HyhKu10j8qfhtK7adzCLyhqWDfXU01k52udKk=) has sold ammo_545x39tracer x34 at the trader "Attachments (Oliver [ATTACHMENTS TRADER])" in market zone "OUTLIVE Trader" (pos=<4291.589844, 25.247801, 4162.500000>) and got 204.
08:10:04 [Market] Player "Rik_Plays" (id=R5QkEcrxtly9KY8lzQxLv6FMruTgXOxuSWhCmf7J-cA=) has send a requested to sell tf_mp443 x1 at the trader "Weapons (Denis [WEAPONS TRADER])" in market zone "OUTLIVE Trader" (pos=<4291.589844, 25.247801, 4162.500000>).
08:10:04 [Market] Player "Rik_Plays" (id=R5QkEcrxtly9KY8lzQxLv6FMruTgXOxuSWhCmf7J-cA=) has sold tf_mp443 x1 at the trader "Weapons (Denis [WEAPONS TRADER])" in market zone "OUTLIVE Trader" (pos=<4291.589844, 25.247801, 4162.500000>) and got 120.
08:10:06 [Market] Player "V12" (id=Se5G60HyhKu10j8qfhtK7adzCLyhqWDfXU01k52udKk=) has send a requested to sell ammo_762x54 x15 at the trader "Attachments (Oliver [ATTACHMENTS TRADER])" in market zone "OUTLIVE Trader" (pos=<4291.589844, 25.247801, 4162.500000>).
08:10:06 [Market] Player "V12" (id=Se5G60HyhKu10j8qfhtK7adzCLyhqWDfXU01k52udKk=) has sold ammo_762x54 x15 at the trader "Attachments (Oliver [ATTACHMENTS TRADER])" in market zone "OUTLIVE Trader" (pos=<4291.589844, 25.247801, 4162.500000>) and got 135.
08:10:15 [Market] Player "V12" (id=Se5G60HyhKu10j8qfhtK7adzCLyhqWDfXU01k52udKk=) has send a requested to sell ammo_762x39 x59 at the trader "Attachments (Oliver [ATTACHMENTS TRADER])" in market zone "OUTLIVE Trader" (pos=<4291.589844, 25.247801, 4162.500000>).
08:10:15 [Market] Player "V12" (id=Se5G60HyhKu10j8qfhtK7adzCLyhqWDfXU01k52udKk=) has sold ammo_762x39 x59 at the trader "Attachments (Oliver [ATTACHMENTS TRADER])" in market zone "OUTLIVE Trader" (pos=<4291.589844, 25.247801, 4162.500000>) and got 496.
08:10:17 [ATM Locker] Player "Rik_Plays" (id=R5QkEcrxtly9KY8lzQxLv6FMruTgXOxuSWhCmf7J-cA=) has deposited 4428 on his ATM account.
08:10:22 [Market] Player "V12" (id=Se5G60HyhKu10j8qfhtK7adzCLyhqWDfXU01k52udKk=) has send a requested to sell expansion_ammo_8mm x18 at the trader "Attachments (Oliver [ATTACHMENTS TRADER])" in market zone "OUTLIVE Trader" (pos=<4291.589844, 25.247801, 4162.500000>).
08:10:22 [Market] Player "V12" (id=Se5G60HyhKu10j8qfhtK7adzCLyhqWDfXU01k52udKk=) has sold expansion_ammo_8mm x18 at the trader "Attachments (Oliver [ATTACHMENTS TRADER])" in market zone "OUTLIVE Trader" (pos=<4291.589844, 25.247801, 4162.500000>) and got 27.
08:10:43 [Market] Player "V12" (id=Se5G60HyhKu10j8qfhtK7adzCLyhqWDfXU01k52udKk=) has send a requested to purchase weaponcleaningkit x1 from the trader "BuildingSupplies (Boris [BUILDING SUPPLIES TRADER])" in market zone "OUTLIVE Trader" (pos=<4291.589844, 25.247801, 4162.500000>).
08:10:43 [Market] Player "V12" (id=Se5G60HyhKu10j8qfhtK7adzCLyhqWDfXU01k52udKk=) has bought weaponcleaningkit x1 from the trader "BuildingSupplies (Boris [BUILDING SUPPLIES TRADER])" in market zone "OUTLIVE Trader" (pos=<4291.589844, 25.247801, 4162.500000>) for a price of 2000.
08:11:35 [Market] Player "V12" (id=Se5G60HyhKu10j8qfhtK7adzCLyhqWDfXU01k52udKk=) has send a requested to purchase ammo_308win x140 from the trader "Attachments (Oliver [ATTACHMENTS TRADER])" in market zone "OUTLIVE Trader" (pos=<4291.589844, 25.247801, 4162.500000>).
08:11:35 [Market] Player "V12" (id=Se5G60HyhKu10j8qfhtK7adzCLyhqWDfXU01k52udKk=) has bought ammo_308win x140 from the trader "Attachments (Oliver [ATTACHMENTS TRADER])" in market zone "OUTLIVE Trader" (pos=<4291.589844, 25.247801, 4162.500000>) for a price of 4620.
08:13:16 [Safezone] Player "V12" (id=Se5G60HyhKu10j8qfhtK7adzCLyhqWDfXU01k52udKk= pos=<4151.774414, 19.690783, 4051.543701>) Left the safezone
08:13:17 [Safezone] Player "Rik_Plays" (id=R5QkEcrxtly9KY8lzQxLv6FMruTgXOxuSWhCmf7J-cA= pos=<4156.262207, 19.757507, 4048.553711>) Left the safezone
08:17:07 [Killfeed] - Player Rik_Plays hit by Infected [DmgType: 0 | Ammo: MeleeZombieMale]
08:17:42 [Killfeed] - Player V12 hit by Infected [DmgType: 0 | Ammo: Dummy_Light]
08:17:47 [Killfeed] - Player V12 hit by Infected [DmgType: 0 | Ammo: Dummy_Light]
08:17:53 [Killfeed] - Player V12 hit by Infected [DmgType: 0 | Ammo: Dummy_Light]
08:17:58 [Killfeed] - Player V12 hit by Infected [DmgType: 0 | Ammo: Dummy_Light]
08:18:36 [Killfeed] - Player Rik_Plays hit by Infected [DmgType: 0 | Ammo: MeleeZombieFemale]
08:18:39 [Killfeed] - Player Rik_Plays hit by Infected [DmgType: 0 | Ammo: MeleeZombieMale]
08:18:43 [Killfeed] - Player Rik_Plays hit by Infected [DmgType: 0 | Ammo: MeleeZombieMale]
08:28:58 [Killfeed] - Player Rik_Plays hit by Infected [DmgType: 0 | Ammo: MeleeZombie]
08:29:00 [Killfeed] - Player Rik_Plays hit by Infected [DmgType: 0 | Ammo: MeleeZombie]
08:32:29 [SpawnSelection] Player "MADness" (id=OWXX6Y-5LFd-7A6ELi2o-QPO0kjmZUMZvMTKL0AQ_q0=) spawned at <7947.310059, 121.652092, 8844.392578>
08:33:13 [Party] Player "V12" (id=Se5G60HyhKu10j8qfhtK7adzCLyhqWDfXU01k52udKk=) invited the player "MADness" (id=OWXX6Y-5LFd-7A6ELi2o-QPO0kjmZUMZvMTKL0AQ_q0=)to the party named karenkovci
08:35:39 [Safezone] Player "V12" (id=Se5G60HyhKu10j8qfhtK7adzCLyhqWDfXU01k52udKk= pos=<4231.239258, 18.250891, 4047.474609>) Entered the safezone
08:37:10 [Market] Player "V12" (id=Se5G60HyhKu10j8qfhtK7adzCLyhqWDfXU01k52udKk=) has send a requested to sell goatsteakmeat x12 at the trader "Consumables (Naomi [CONSUMABLES TRADER])" in market zone "OUTLIVE Trader" (pos=<4291.589844, 25.247801, 4162.500000>).
08:37:10 [Market] Player "V12" (id=Se5G60HyhKu10j8qfhtK7adzCLyhqWDfXU01k52udKk=) has sold goatsteakmeat x12 at the trader "Consumables (Naomi [CONSUMABLES TRADER])" in market zone "OUTLIVE Trader" (pos=<4291.589844, 25.247801, 4162.500000>) and got 712.
08:37:22 [Killfeed] - Player MADness hit by Infected [DmgType: 0 | Ammo: MeleeZombieSoldier]
08:37:31 [Killfeed] - Player MADness hit by Infected [DmgType: 0 | Ammo: MeleeZombieSoldier]
08:37:34 [Killfeed] - Player MADness hit by Infected [DmgType: 0 | Ammo: MeleeZombieSoldier]
08:37:36 [Killfeed] - Player MADness hit by Infected [DmgType: 0 | Ammo: MeleeZombieSoldier]
08:37:38 [Killfeed] - Player MADness hit by Infected [DmgType: 0 | Ammo: MeleeZombieSoldier]
08:37:41 [Killfeed] - Player MADness hit by Infected [DmgType: 0 | Ammo: MeleeZombieSoldier]
08:37:42 [Killfeed] - Player MADness hit by Infected [DmgType: 0 | Ammo: MeleeZombieSoldier]
08:37:43 [Killfeed] - Player MADness hit by Infected [DmgType: 0 | Ammo: MeleeZombieSoldier]
08:37:45 [Killfeed] - Player MADness hit by Infected [DmgType: 0 | Ammo: MeleeZombieSoldier]
08:37:46 [Killfeed] - Player MADness hit by Infected [DmgType: 0 | Ammo: MeleeZombieSoldier]
08:37:52 [Market] Player "V12" (id=Se5G60HyhKu10j8qfhtK7adzCLyhqWDfXU01k52udKk=) has send a requested to sell tf_m1a_tan x1 at the trader "Weapons (Denis [WEAPONS TRADER])" in market zone "OUTLIVE Trader" (pos=<4291.589844, 25.247801, 4162.500000>).
08:37:52 [Market] Player "V12" (id=Se5G60HyhKu10j8qfhtK7adzCLyhqWDfXU01k52udKk=) has sold tf_m1a_tan x1 at the trader "Weapons (Denis [WEAPONS TRADER])" in market zone "OUTLIVE Trader" (pos=<4291.589844, 25.247801, 4162.500000>) and got 562.
08:38:03 [ATM Locker] Player "V12" (id=Se5G60HyhKu10j8qfhtK7adzCLyhqWDfXU01k52udKk=) has deposited 1313 on his ATM account.
08:38:42 [Killfeed] - Player MADness hit by Infected [DmgType: 0 | Ammo: MeleeZombieSoldier]
08:38:47 [Killfeed] - Player MADness hit by Infected [DmgType: 0 | Ammo: MeleeZombieSoldier]
08:38:53 [Killfeed] - Player MADness hit by Infected [DmgType: 0 | Ammo: MeleeZombieSoldier]
08:38:57 [Killfeed] - Player MADness hit by Infected [DmgType: 0 | Ammo: MeleeZombieSoldier]
08:39:16 [Safezone] Player "V12" (id=Se5G60HyhKu10j8qfhtK7adzCLyhqWDfXU01k52udKk= pos=<4200.498535, 11.214897, 4334.581055>) Left the safezone
08:40:13 [MissionAirdrop] An airdrop is heading towards "Herrnchiemsee" (pos=<7218.000000, 0.000000, 3495.000000> type=Random_Herrnchiemsee) with a ExpansionAirdropContainer_Basebuilding
08:40:13 [MissionAirdrop] An airdrop is heading towards "Gollenhausen" (pos=<8957.000000, 0.000000, 8931.000000> type=Random_Gollenhausen) with a ExpansionAirdropContainer
08:41:54 [Killfeed] - Player MADness hit by Infected [DmgType: 0 | Ammo: MeleeZombieSoldier]
08:41:55 [Killfeed] - Player MADness hit by Infected [DmgType: 0 | Ammo: MeleeZombieSoldier]
08:41:56 [Killfeed] - Player MADness hit by Infected [DmgType: 0 | Ammo: MeleeZombieSoldier]
08:41:59 [Killfeed] - Player MADness hit by Infected [DmgType: 0 | Ammo: MeleeZombieSoldier]
08:42:02 [Killfeed] - Player MADness hit by Infected [DmgType: 0 | Ammo: MeleeZombieSoldier]
08:42:53 [Killfeed] - Player MADness hit by Scorpion [DmgType: 0 | Ammo: MeleeScorpion]
08:44:28 [SpawnSelection] Player "StaryKojot" (id=_uJkEyflAFEKMpkKqdLWoQHEfGiapl6KlgBZ_xRI58A=) spawned at <7695.176270, 110.585709, 8274.574219>
08:44:39 [Killfeed] - Player MADness hit by Survivor [DmgType: 4 | Ammo: FallDamage]
08:45:49 [Killfeed] - Player V12 hit by Infected [DmgType: 0 | Ammo: MeleeZombieFemale]
08:45:50 [Killfeed] - Player V12 hit by Infected [DmgType: 0 | Ammo: MeleeZombieFemale]
08:45:56 [Party] Player "MADness" (id=OWXX6Y-5LFd-7A6ELi2o-QPO0kjmZUMZvMTKL0AQ_q0=) created a party named Pink Bunnies
08:46:00 [Party] Player "MADness" (id=OWXX6Y-5LFd-7A6ELi2o-QPO0kjmZUMZvMTKL0AQ_q0=) invited the player "StaryKojot" (id=_uJkEyflAFEKMpkKqdLWoQHEfGiapl6KlgBZ_xRI58A=)to the party named Pink Bunnies
08:47:02 [Killfeed] - Player V12 hit by Infected [DmgType: 0 | Ammo: Dummy_Light]
08:47:07 [Killfeed] - Player V12 hit by Infected [DmgType: 0 | Ammo: Dummy_Light]
08:47:08 [Killfeed] - Player V12 hit by Infected [DmgType: 0 | Ammo: Dummy_Light]
08:47:13 [Killfeed] - Player V12 hit by Infected [DmgType: 0 | Ammo: Dummy_Light]
08:47:14 [Killfeed] - Player V12 hit by Infected [DmgType: 0 | Ammo: Dummy_Light]
08:49:56 [Killfeed] - Player V12 hit by Infected [DmgType: 0 | Ammo: MeleeZombieMale]
08:51:16 [Killfeed] - Player V12 hit by Infected [DmgType: 0 | Ammo: MeleeZombieMale]
08:52:55 [Killfeed] - Player StaryKojot hit by Scorpion [DmgType: 0 | Ammo: MeleeScorpion]
08:52:56 [Killfeed] - Player StaryKojot hit by Scorpion [DmgType: 0 | Ammo: MeleeScorpion]
08:54:52 [Killfeed] - Player StaryKojot hit by Scorpion [DmgType: 0 | Ammo: MeleeScorpion]
