[05-20-2022][00.11.34] New Access Log File Created!
[05-20-2022][04.11.30] Log file reloaded ( Server Restart )
[07:11:10] Player (Majky, 76561198275611052)(<3476.018555, 4.701435, 5403.883301>) quick accessed a lock!
[05-20-2022][08.11.38] Log file reloaded ( Server Restart )
[09:37:15] Player (Majky, 76561198275611052)(<3476.018555, 4.701435, 5403.883301>) quick accessed a lock!
[05-20-2022][10.28.52] Log file reloaded ( Server Restart )
[05-20-2022][10.38.51] Log file reloaded ( Server Restart )
[10:43:31] Player (Majky, 76561198275611052)(<3476.018555, 4.701435, 5403.883301>) quick accessed a lock!
[10:43:58] Player (Majky, 76561198275611052)(<3476.018555, 4.701435, 5403.883301>) quick accessed a lock!
[10:45:00] Player (Majky, 76561198275611052)(<3476.018555, 4.701435, 5403.883301>) quick accessed a lock!
[10:45:15] Player (Majky, 76561198275611052)(<3476.018555, 4.701435, 5403.883301>) quick accessed a lock!
[10:46:03] Player (Majky, 76561198275611052)(<3476.018555, 4.701435, 5403.883301>) accessed a lock!
[10:46:03] Player (Majky, 76561198275611052)(<3476.018555, 4.701435, 5403.883301>) was added as a guest of a lock!
[10:46:24] Player (Majky, 76561198275611052)(<3476.018555, 4.701435, 5403.883301>) quick accessed a lock!
[10:50:21] Player (Majky, 76561198275611052)(<3476.018555, 4.701435, 5403.883301>) removed a lock!
[10:59:00] Player (Majky, 76561198275611052)(<3468.437500, 4.615771, 5396.349609>) set a new passcode on lock!
[10:59:00] Player (Majky, 76561198275611052)(<3468.437500, 4.615771, 5396.349609>) claimed ownership of a lock!
[05-20-2022][12.11.34] Log file reloaded ( Server Restart )
[14:08:42] Player (Majky, 76561198275611052)(<3468.437500, 4.615771, 5396.349609>) quick accessed a lock!
[05-20-2022][16.11.37] Log file reloaded ( Server Restart )
[16:26:39] Player (P@lko2265, 76561198039629108)(<4373.662109, 3.838867, 5976.322266>) quick accessed a lock!
[16:27:06] Player (P@lko2265, 76561198039629108)(<4373.662109, 3.838867, 5976.322266>) quick accessed a lock!
[16:28:24] Player (P@lko2265, 76561198039629108)(<4373.662109, 3.838867, 5976.322266>) quick accessed a lock!
[16:29:18] Player (P@lko2265, 76561198039629108)(<4373.662109, 3.838867, 5976.322266>) quick accessed a lock!
[16:42:05] Player (P@lko2265, 76561198039629108)(<4380.106445, 2.076707, 5958.709961>) quick accessed a lock!
[16:42:22] Player (P@lko2265, 76561198039629108)(<4373.662109, 3.838867, 5976.322266>) quick accessed a lock!
[16:44:17] Player (P@lko2265, 76561198039629108)(<4373.662109, 3.838867, 5976.322266>) quick accessed a lock!
[16:44:22] Player (P@lko2265, 76561198039629108)(<4373.662109, 3.838867, 5976.322266>) quick accessed a lock!
[17:31:16] Player (Majky, 76561198275611052)(<3468.437500, 4.615771, 5396.349609>) quick accessed a lock!
[17:36:29] Player (Majky, 76561198275611052)(<3468.437500, 4.615771, 5396.349609>) accessed a lock!
[17:36:29] Player (Majky, 76561198275611052)(<3468.437500, 4.615771, 5396.349609>) was added as a guest of a lock!
[17:42:01] Player (P@lko2265, 76561198039629108)(<4378.048340, 1.954537, 5968.927246>) quick accessed a lock!
[17:43:15] Player (P@lko2265, 76561198039629108)(<4379.876953, 2.008279, 5963.796387>) quick accessed a lock!
[17:44:06] Player (P@lko2265, 76561198039629108)(<4373.662109, 3.838867, 5976.322266>) quick accessed a lock!
[17:44:28] Player (P@lko2265, 76561198039629108)(<4373.662109, 3.838867, 5976.322266>) quick accessed a lock!
[17:45:31] Player (P@lko2265, 76561198039629108)(<4380.106445, 2.076707, 5958.709961>) quick accessed a lock!
[05-20-2022][20.11.38] Log file reloaded ( Server Restart )
[21:26:39] Player (cumtam, 76561199150532361)(<4964.083008, 5.118455, 1414.849365>) quick accessed a lock!
[21:34:46] Player (cumtam, 76561199150532361)(<4964.083008, 5.118455, 1414.849365>) quick accessed a lock!
[23:12:55] Player (Pivo_tn, 76561198158616543)(<3813.299072, 19.280001, 4518.844727>) quick accessed a lock!
[23:13:56] Player (Pivo_tn, 76561198158616543)(<3813.299072, 19.280001, 4518.844727>) quick accessed a lock!
[23:49:50] Player (Pivo_tn, 76561198158616543)(<3813.299072, 19.280001, 4518.844727>) quick accessed a lock!
[23:54:23] Player (Pivo_tn, 76561198158616543)(<3813.299072, 19.280001, 4518.844727>) quick accessed a lock!
