[05-21-2022][00.11.36] New Access Log File Created!
[00:23:48] Player (Pivo_tn, 76561198158616543)(<3813.299072, 19.280001, 4518.844727>) quick accessed a lock!
[00:26:32] Player (Pivo_tn, 76561198158616543)(<3813.299072, 19.280001, 4518.844727>) quick accessed a lock!
[00:35:46] Player (Pivo_tn, 76561198158616543)(<3813.299072, 19.280001, 4518.844727>) quick accessed a lock!
[05-21-2022][04.11.37] Log file reloaded ( Server Restart )
[05-21-2022][08.11.41] Log file reloaded ( Server Restart )
[09:22:30] Player (Pivo_tn, 76561198158616543)(<3813.299072, 19.280001, 4518.844727>) quick accessed a lock!
[09:50:29] Player (Pivo_tn, 76561198158616543)(<3813.299072, 19.280001, 4518.844727>) quick accessed a lock!
[10:00:28] Player (Maltrix CZE, 76561198188251693)(<2568.014160, 42.197731, 3449.879150>) quick accessed a lock!
[10:54:05] Player (Majky, 76561198275611052)(<3468.437500, 4.615771, 5396.349609>) quick accessed a lock!
[11:23:49] Player (bliki, 76561198996710275)(<3468.437500, 4.615771, 5396.349609>) accessed a lock!
[11:23:49] Player (bliki, 76561198996710275)(<3468.437500, 4.615771, 5396.349609>) was added as a guest of a lock!
[05-21-2022][12.11.36] Log file reloaded ( Server Restart )
[14:47:08] Player (Majky, 76561198275611052)(<3468.437500, 4.615771, 5396.349609>) quick accessed a lock!
[15:07:58] Player (P@lko2265, 76561198039629108)(<4373.662109, 3.838867, 5976.322266>) quick accessed a lock!
[15:08:19] Player (P@lko2265, 76561198039629108)(<4379.876953, 2.008279, 5963.796387>) quick accessed a lock!
[15:10:18] Player (P@lko2265, 76561198039629108)(<4373.662109, 3.838867, 5976.322266>) quick accessed a lock!
[15:10:53] Player (P@lko2265, 76561198039629108)(<4373.662109, 3.838867, 5976.322266>) quick accessed a lock!
[15:21:01] Player (MADness, 76561198968762750)(<7784.830566, 4.453664, 786.340027>) set a new passcode on lock!
[15:21:01] Player (MADness, 76561198968762750)(<7784.830566, 4.453664, 786.340027>) claimed ownership of a lock!
[15:23:29] Player (P@lko2265, 76561198039629108)(<4373.662109, 3.838867, 5976.322266>) quick accessed a lock!
[15:32:46] Player (P@lko2265, 76561198039629108)(<4373.662109, 3.838867, 5976.322266>) quick accessed a lock!
[15:33:51] Player (P@lko2265, 76561198039629108)(<4373.662109, 3.838867, 5976.322266>) quick accessed a lock!
[15:34:46] Player (P@lko2265, 76561198039629108)(<4373.662109, 3.838867, 5976.322266>) quick accessed a lock!
[15:34:55] Player (P@lko2265, 76561198039629108)(<4379.876953, 2.008279, 5963.796387>) quick accessed a lock!
[15:35:08] Player (P@lko2265, 76561198039629108)(<4378.048340, 1.954537, 5968.927246>) quick accessed a lock!
[15:37:10] Player (P@lko2265, 76561198039629108)(<4373.662109, 3.838867, 5976.322266>) quick accessed a lock!
[15:39:07] Player (Belthazar, 76561198038755126)(<4489.105957, 1.163242, 3118.035645>) quick accessed a lock!
[15:40:17] Player (P@lko2265, 76561198039629108)(<4373.662109, 3.838867, 5976.322266>) quick accessed a lock!
[05-21-2022][16.11.34] Log file reloaded ( Server Restart )
[16:18:20] Player (MADness, 76561198968762750)(<7775.624023, 4.453664, 789.218628>) set a new passcode on lock!
[16:18:20] Player (MADness, 76561198968762750)(<7775.624023, 4.453664, 789.218628>) claimed ownership of a lock!
[16:18:34] Player (MADness, 76561198968762750)(<7775.609863, 4.453664, 789.851563>) set a new passcode on lock!
[16:18:34] Player (MADness, 76561198968762750)(<7775.609863, 4.453664, 789.851563>) claimed ownership of a lock!
[16:22:37] Player (MADness, 76561198968762750)(<7784.830566, 4.453664, 786.340027>) quick accessed a lock!
[16:32:23] Player (MADness, 76561198968762750)(<7784.830566, 4.453664, 786.340027>) quick accessed a lock!
[16:33:46] Player (MADness, 76561198968762750)(<7784.830566, 4.453664, 786.340027>) quick accessed a lock!
[16:35:59] Player (MADness, 76561198968762750)(<7784.830566, 4.453664, 786.340027>) quick accessed a lock!
[16:36:04] Player (P@lko2265, 76561198039629108)(<4373.662109, 3.838867, 5976.322266>) quick accessed a lock!
[16:37:29] Player (P@lko2265, 76561198039629108)(<4373.662109, 3.838867, 5976.322266>) quick accessed a lock!
[16:37:34] Player (P@lko2265, 76561198039629108)(<4379.876953, 2.008279, 5963.796387>) quick accessed a lock!
[16:38:06] Player (P@lko2265, 76561198039629108)(<4379.876953, 2.008279, 5963.796387>) quick accessed a lock!
[16:40:18] Player (P@lko2265, 76561198039629108)(<4373.662109, 3.838867, 5976.322266>) quick accessed a lock!
[16:41:57] Player (P@lko2265, 76561198039629108)(<4373.662109, 3.838867, 5976.322266>) quick accessed a lock!
[16:42:00] Player (P@lko2265, 76561198039629108)(<4373.662109, 3.838867, 5976.322266>) quick accessed a lock!
[16:42:06] Player (P@lko2265, 76561198039629108)(<4379.876953, 2.008279, 5963.796387>) quick accessed a lock!
[16:42:53] Player (P@lko2265, 76561198039629108)(<4373.662109, 3.838867, 5976.322266>) quick accessed a lock!
[16:43:51] Player (P@lko2265, 76561198039629108)(<4379.876953, 2.008279, 5963.796387>) quick accessed a lock!
[16:44:16] Player (P@lko2265, 76561198039629108)(<4378.048340, 1.954537, 5968.927246>) quick accessed a lock!
[16:44:25] Player (P@lko2265, 76561198039629108)(<4373.662109, 3.838867, 5976.322266>) quick accessed a lock!
[16:46:00] Player (P@lko2265, 76561198039629108)(<4373.662109, 3.838867, 5976.322266>) quick accessed a lock!
[16:48:38] Player (P@lko2265, 76561198039629108)(<4373.662109, 3.838867, 5976.322266>) quick accessed a lock!
[16:48:58] Player (P@lko2265, 76561198039629108)(<4373.662109, 3.838867, 5976.322266>) quick accessed a lock!
[16:49:02] Player (P@lko2265, 76561198039629108)(<4379.876953, 2.008279, 5963.796387>) quick accessed a lock!
[16:50:59] Player (P@lko2265, 76561198039629108)(<4380.106445, 2.076707, 5958.709961>) quick accessed a lock!
[16:54:31] Player (P@lko2265, 76561198039629108)(<4373.662109, 3.838867, 5976.322266>) quick accessed a lock!
[16:55:05] Player (P@lko2265, 76561198039629108)(<4373.662109, 3.838867, 5976.322266>) quick accessed a lock!
[16:58:41] Player (P@lko2265, 76561198039629108)(<4373.662109, 3.838867, 5976.322266>) quick accessed a lock!
[16:58:47] Player (P@lko2265, 76561198039629108)(<4378.048340, 1.954537, 5968.927246>) quick accessed a lock!
[17:00:48] Player (P@lko2265, 76561198039629108)(<4373.662109, 3.838867, 5976.322266>) quick accessed a lock!
[17:02:12] Player (P@lko2265, 76561198039629108)(<4373.662109, 3.838867, 5976.322266>) quick accessed a lock!
[17:02:20] Player (P@lko2265, 76561198039629108)(<4373.662109, 3.838867, 5976.322266>) quick accessed a lock!
[17:02:49] Player (P@lko2265, 76561198039629108)(<4373.662109, 3.838867, 5976.322266>) quick accessed a lock!
[17:05:26] Player (P@lko2265, 76561198039629108)(<4373.662109, 3.838867, 5976.322266>) quick accessed a lock!
[17:06:04] Player (P@lko2265, 76561198039629108)(<4373.662109, 3.838867, 5976.322266>) quick accessed a lock!
[17:06:32] Player (Belthazar, 76561198038755126)(<4489.105957, 1.163242, 3118.035645>) quick accessed a lock!
[17:10:51] Player (P@lko2265, 76561198039629108)(<4373.662109, 3.838867, 5976.322266>) quick accessed a lock!
[17:13:45] Player (Majky, 76561198275611052)(<3468.437500, 4.615771, 5396.349609>) quick accessed a lock!
[19:21:38] Player (Majky, 76561198275611052)(<3452.629883, 3.951465, 5404.375488>) set a new passcode on lock!
[19:21:38] Player (Majky, 76561198275611052)(<3452.629883, 3.951465, 5404.375488>) claimed ownership of a lock!
[19:21:45] Player (Majky, 76561198275611052)(<3452.629883, 3.951465, 5404.375488>) quick accessed a lock!
[19:24:16] Player (Majky, 76561198275611052)(<3468.437500, 4.615771, 5396.349609>) quick accessed a lock!
[19:58:33] Player (Majky, 76561198275611052)(<3468.437500, 4.615771, 5396.349609>) quick accessed a lock!
[05-21-2022][20.11.35] Log file reloaded ( Server Restart )
[20:23:55] Player (Majky, 76561198275611052)(<3452.629883, 3.951465, 5404.375488>) quick accessed a lock!
[20:26:13] Player (Majky, 76561198275611052)(<3452.629883, 3.951465, 5404.375488>) quick accessed a lock!
[20:28:02] Player (Majky, 76561198275611052)(<3452.629883, 3.951465, 5404.375488>) quick accessed a lock!
[20:30:19] Player (Majky, 76561198275611052)(<3452.629883, 3.951465, 5404.375488>) quick accessed a lock!
[20:55:36] Player (Majky, 76561198275611052)(<3452.629883, 3.951465, 5404.375488>) quick accessed a lock!
[20:58:44] Player (Majky, 76561198275611052)(<3452.629883, 3.951465, 5404.375488>) quick accessed a lock!
[20:59:57] Player (Majky, 76561198275611052)(<3452.629883, 3.951465, 5404.375488>) quick accessed a lock!
[21:01:13] Player (Majky, 76561198275611052)(<3452.629883, 3.951465, 5404.375488>) quick accessed a lock!
[21:04:59] Player (Majky, 76561198275611052)(<3452.629883, 3.951465, 5404.375488>) quick accessed a lock!
[21:06:17] Player (Majky, 76561198275611052)(<3452.629883, 3.951465, 5404.375488>) quick accessed a lock!
[21:55:07] Player (Majky, 76561198275611052)(<3468.437500, 4.615771, 5396.349609>) quick accessed a lock!
[21:57:07] Player (Majky, 76561198275611052)(<3468.437500, 4.615771, 5396.349609>) quick accessed a lock!
[21:57:19] Player (Majky, 76561198275611052)(<3468.437500, 4.615771, 5396.349609>) removed a lock!
[22:44:58] Player (Pivo_tn, 76561198158616543)(<3813.299072, 19.280001, 4518.844727>) quick accessed a lock!
[22:47:57] Player (Pivo_tn, 76561198158616543)(<3813.299072, 19.280001, 4518.844727>) quick accessed a lock!
[22:48:16] Player (Pivo_tn, 76561198158616543)(<3813.299072, 19.280001, 4518.844727>) removed a lock!
[22:51:51] Player (Pivo_tn, 76561198158616543)(<3585.483643, 23.219879, 4879.533691>) set a new passcode on lock!
[22:51:51] Player (Pivo_tn, 76561198158616543)(<3585.483643, 23.219879, 4879.533691>) claimed ownership of a lock!
[23:20:43] Player (Pivo_tn, 76561198158616543)(<3585.483643, 23.219879, 4879.533691>) quick accessed a lock!
[23:29:58] Player (Pivo_tn, 76561198158616543)(<3585.483643, 23.219879, 4879.533691>) quick accessed a lock!
