[05-31-2022][00.07.33] New Access Log File Created!
[05-31-2022][04.07.26] Log file reloaded ( Server Restart )
[05-31-2022][06.06.39] Log file reloaded ( Server Restart )
[05-31-2022][08.07.35] Log file reloaded ( Server Restart )
[09:58:38] Player (Bflame, 76561198072840834)(<3411.108643, 12.659751, 5048.064941>) quick accessed a lock!
[09:58:51] Player (Bflame, 76561198072840834)(<3421.042480, 15.097157, 5042.374512>) quick accessed a lock!
[10:02:46] Player (Bflame, 76561198072840834)(<3421.042480, 15.097157, 5042.374512>) quick accessed a lock!
[05-31-2022][12.07.28] Log file reloaded ( Server Restart )
[05-31-2022][16.07.30] Log file reloaded ( Server Restart )
[16:22:09] Player (Hemi, 76561198065958810)(<4450.335449, 6.887537, 3090.050293>) quick accessed a lock!
[16:33:25] Player (Hemi, 76561198065958810)(<4450.335449, 6.887537, 3090.050293>) quick accessed a lock!
[16:34:24] Player (P@lko2265, 76561198039629108)(<4373.662109, 3.838867, 5976.322266>) quick accessed a lock!
[16:36:58] Player (P@lko2265, 76561198039629108)(<4373.662109, 3.838867, 5976.322266>) quick accessed a lock!
[16:37:01] Player (P@lko2265, 76561198039629108)(<4378.048340, 1.954537, 5968.927246>) quick accessed a lock!
[16:37:10] Player (P@lko2265, 76561198039629108)(<4379.876953, 2.008279, 5963.796387>) quick accessed a lock!
[16:37:21] Player (P@lko2265, 76561198039629108)(<4380.106445, 2.076707, 5958.709961>) quick accessed a lock!
[16:37:35] Player (P@lko2265, 76561198039629108)(<4373.662109, 3.838867, 5976.322266>) quick accessed a lock!
[16:39:46] Player (P@lko2265, 76561198039629108)(<4373.662109, 3.838867, 5976.322266>) quick accessed a lock!
[16:39:50] Player (P@lko2265, 76561198039629108)(<4373.662109, 3.838867, 5976.322266>) quick accessed a lock!
[16:39:57] Player (P@lko2265, 76561198039629108)(<4379.876953, 2.008279, 5963.796387>) quick accessed a lock!
[16:40:05] Player (P@lko2265, 76561198039629108)(<4378.048340, 1.954537, 5968.927246>) quick accessed a lock!
[16:40:50] Player (P@lko2265, 76561198039629108)(<4373.662109, 3.838867, 5976.322266>) quick accessed a lock!
[17:10:01] Player (Hemi, 76561198065958810)(<4450.335449, 6.887537, 3090.050293>) quick accessed a lock!
[17:12:05] Player (Hemi, 76561198065958810)(<4450.335449, 6.887537, 3090.050293>) quick accessed a lock!
[17:14:11] Player (Hemi, 76561198065958810)(<4450.335449, 6.887537, 3090.050293>) quick accessed a lock!
[17:15:10] Player (Hemi, 76561198065958810)(<4450.335449, 6.887537, 3090.050293>) quick accessed a lock!
[18:03:36] Player (Hemi, 76561198065958810)(<4450.335449, 6.887537, 3090.050293>) quick accessed a lock!
[18:13:18] Player (Hemi, 76561198065958810)(<4450.335449, 6.887537, 3090.050293>) quick accessed a lock!
[18:13:59] Player (Hemi, 76561198065958810)(<4450.335449, 6.887537, 3090.050293>) quick accessed a lock!
[19:16:28] Player (cumtam, 76561199150532361)(<4964.083008, 5.118455, 1414.849365>) quick accessed a lock!
[19:16:50] Player (cumtam, 76561199150532361)(<4961.266602, 5.789789, 1410.613037>) quick accessed a lock!
[19:19:32] Player (cumtam, 76561199150532361)(<4961.266602, 5.789789, 1410.613037>) quick accessed a lock!
[05-31-2022][20.07.33] Log file reloaded ( Server Restart )
[05-31-2022][20.54.58] Log file reloaded ( Server Restart )
[21:04:21] Player (cumtam, 76561199150532361)(<4964.083008, 5.118455, 1414.849365>) quick accessed a lock!
[21:06:53] Player (cumtam, 76561199150532361)(<4961.266602, 5.789789, 1410.613037>) quick accessed a lock!
[21:07:43] Player (cumtam, 76561199150532361)(<4964.083008, 5.118455, 1414.849365>) quick accessed a lock!
[21:13:07] Player (cumtam, 76561199150532361)(<4961.266602, 5.789789, 1410.613037>) quick accessed a lock!
[21:15:12] Player (cumtam, 76561199150532361)(<4961.266602, 5.789789, 1410.613037>) quick accessed a lock!
[21:15:54] Player (cumtam, 76561199150532361)(<4964.083008, 5.118455, 1414.849365>) quick accessed a lock!
[21:24:07] Player (cumtam, 76561199150532361)(<4964.083008, 5.118455, 1414.849365>) quick accessed a lock!
[21:30:44] Player (Hemi, 76561198065958810)(<4450.335449, 6.887537, 3090.050293>) quick accessed a lock!
[21:31:30] Player (cumtam, 76561199150532361)(<4961.266602, 5.789789, 1410.613037>) quick accessed a lock!
[21:32:29] Player (cumtam, 76561199150532361)(<4961.266602, 5.789789, 1410.613037>) quick accessed a lock!
[21:32:41] Player (cumtam, 76561199150532361)(<4964.083008, 5.118455, 1414.849365>) quick accessed a lock!
[21:35:15] Player (Hemi, 76561198065958810)(<4450.335449, 6.887537, 3090.050293>) quick accessed a lock!
[21:37:35] Player (cumtam, 76561199150532361)(<4961.266602, 5.789789, 1410.613037>) quick accessed a lock!
[21:38:34] Player (Hemi, 76561198065958810)(<4450.335449, 6.887537, 3090.050293>) quick accessed a lock!
[21:40:01] Player (Hemi, 76561198065958810)(<4450.335449, 6.887537, 3090.050293>) quick accessed a lock!
[21:52:24] Player (MADness, 76561198968762750)(<4489.105957, 1.163242, 3118.035645>) quick accessed a lock!
[21:55:13] Player (cumtam, 76561199150532361)(<4961.266602, 5.789789, 1410.613037>) quick accessed a lock!
[21:56:58] Player (cumtam, 76561199150532361)(<4964.083008, 5.118455, 1414.849365>) quick accessed a lock!
[22:06:37] Player (cumtam, 76561199150532361)(<4964.083008, 5.118455, 1414.849365>) quick accessed a lock!
[22:07:08] Player (cumtam, 76561199150532361)(<4961.266602, 5.789789, 1410.613037>) quick accessed a lock!
[22:17:37] Player (cumtam, 76561199150532361)(<4964.083008, 5.118455, 1414.849365>) quick accessed a lock!
[22:43:11] Player (cumtam, 76561199150532361)(<4964.083008, 5.118455, 1414.849365>) quick accessed a lock!
[22:43:26] Player (cumtam, 76561199150532361)(<4961.266602, 5.789789, 1410.613037>) quick accessed a lock!
[22:44:34] Player (cumtam, 76561199150532361)(<4961.266602, 5.789789, 1410.613037>) quick accessed a lock!
[22:44:41] Player (cumtam, 76561199150532361)(<4964.083008, 5.118455, 1414.849365>) quick accessed a lock!
[22:45:09] Player (cumtam, 76561199150532361)(<4964.083008, 5.118455, 1414.849365>) quick accessed a lock!
[22:45:15] Player (cumtam, 76561199150532361)(<4961.266602, 5.789789, 1410.613037>) quick accessed a lock!
[22:47:20] Player (Hemi, 76561198065958810)(<4450.335449, 6.887537, 3090.050293>) quick accessed a lock!
[22:54:07] Player (cumtam, 76561199150532361)(<4964.083008, 5.118455, 1414.849365>) quick accessed a lock!
[22:54:33] Player (cumtam, 76561199150532361)(<4961.266602, 5.789789, 1410.613037>) quick accessed a lock!
[23:03:20] Player (Hemi, 76561198065958810)(<4450.335449, 6.887537, 3090.050293>) quick accessed a lock!
[23:04:49] Player (cumtam, 76561199150532361)(<4964.083008, 5.118455, 1414.849365>) quick accessed a lock!
[23:22:34] Player (Hemi, 76561198065958810)(<4450.335449, 6.887537, 3090.050293>) quick accessed a lock!
[23:26:16] Player (cumtam, 76561199150532361)(<4961.266602, 5.789789, 1410.613037>) quick accessed a lock!
[23:27:44] Player (cumtam, 76561199150532361)(<4964.083008, 5.118455, 1414.849365>) quick accessed a lock!
[23:28:59] Player (cumtam, 76561199150532361)(<4961.266602, 5.789789, 1410.613037>) quick accessed a lock!
