[05-14-2022][00.11.32] New Access Log File Created!
[05-14-2022][04.11.31] Log file reloaded ( Server Restart )
[05-14-2022][08.11.37] Log file reloaded ( Server Restart )
[09:50:52] Player (P@lko2265, 76561198039629108)(<4373.662109, 3.838867, 5976.322266>) quick accessed a lock!
[09:51:27] Player (P@lko2265, 76561198039629108)(<4373.662109, 3.838867, 5976.322266>) quick accessed a lock!
[09:51:31] Player (P@lko2265, 76561198039629108)(<4378.048340, 1.954537, 5968.927246>) quick accessed a lock!
[09:55:16] Player (P@lko2265, 76561198039629108)(<4373.662109, 3.838867, 5976.322266>) quick accessed a lock!
[09:58:05] Player (P@lko2265, 76561198039629108)(<4378.048340, 1.954537, 5968.927246>) quick accessed a lock!
[09:59:32] Player (P@lko2265, 76561198039629108)(<4373.662109, 3.838867, 5976.322266>) quick accessed a lock!
[10:01:14] Player (P@lko2265, 76561198039629108)(<4373.662109, 3.838867, 5976.322266>) quick accessed a lock!
[10:02:51] Player (P@lko2265, 76561198039629108)(<4373.662109, 3.838867, 5976.322266>) quick accessed a lock!
[11:31:37] Player (Bflame, 76561198072840834)(<3421.042480, 15.097157, 5042.374512>) set a new passcode on lock!
[11:31:37] Player (Bflame, 76561198072840834)(<3421.042480, 15.097157, 5042.374512>) claimed ownership of a lock!
[11:32:24] Player (Bflame, 76561198072840834)(<3421.042480, 15.097157, 5042.374512>) quick accessed a lock!
[11:34:39] Player (Bflame, 76561198072840834)(<3421.042480, 15.097157, 5042.374512>) quick accessed a lock!
[05-14-2022][12.11.34] Log file reloaded ( Server Restart )
[05-14-2022][13.57.47] Log file reloaded ( Server Restart )
[15:20:01] Player (Maltrix CZE, 76561198188251693)(<2527.286621, 43.049854, 3421.575684>) set a new passcode on lock!
[15:20:01] Player (Maltrix CZE, 76561198188251693)(<2527.286621, 43.049854, 3421.575684>) claimed ownership of a lock!
[05-14-2022][16.11.31] Log file reloaded ( Server Restart )
[19:05:44] Player (Maltrix CZE, 76561198188251693)(<2527.286621, 43.049854, 3421.575684>) quick accessed a lock!
[19:07:11] Player (Maltrix CZE, 76561198188251693)(<2527.286621, 43.049854, 3421.575684>) quick accessed a lock!
[05-14-2022][20.11.33] Log file reloaded ( Server Restart )
[21:04:38] Player (Maltrix CZE, 76561198188251693)(<2527.286621, 43.049854, 3421.575684>) quick accessed a lock!
[21:49:52] Player (Maltrix CZE, 76561198188251693)(<2527.286621, 43.049854, 3421.575684>) quick accessed a lock!
[23:18:38] Player (Maltrix CZE, 76561198188251693)(<2527.286621, 43.049854, 3421.575684>) quick accessed a lock!
[23:22:49] Player (P@lko2265, 76561198039629108)(<4379.876953, 2.008279, 5963.796387>) quick accessed a lock!
[23:23:22] Player (P@lko2265, 76561198039629108)(<4373.662109, 3.838867, 5976.322266>) quick accessed a lock!
[23:25:28] Player (P@lko2265, 76561198039629108)(<4373.662109, 3.838867, 5976.322266>) quick accessed a lock!
[23:26:04] Player (P@lko2265, 76561198039629108)(<4379.876953, 2.008279, 5963.796387>) quick accessed a lock!
[23:27:09] Player (P@lko2265, 76561198039629108)(<4379.876953, 2.008279, 5963.796387>) quick accessed a lock!
[23:27:31] Player (P@lko2265, 76561198039629108)(<4373.662109, 3.838867, 5976.322266>) quick accessed a lock!
[23:28:59] Player (P@lko2265, 76561198039629108)(<4373.662109, 3.838867, 5976.322266>) quick accessed a lock!
[23:31:57] Player (P@lko2265, 76561198039629108)(<4379.876953, 2.008279, 5963.796387>) quick accessed a lock!
[23:32:14] Player (P@lko2265, 76561198039629108)(<4378.048340, 1.954537, 5968.927246>) quick accessed a lock!
[23:33:49] Player (P@lko2265, 76561198039629108)(<4380.106445, 2.076707, 5958.709961>) set a new passcode on lock!
[23:33:49] Player (P@lko2265, 76561198039629108)(<4380.106445, 2.076707, 5958.709961>) claimed ownership of a lock!
[23:35:00] Player (P@lko2265, 76561198039629108)(<4378.048340, 1.954537, 5968.927246>) quick accessed a lock!
[23:52:31] Player (P@lko2265, 76561198039629108)(<4380.106445, 2.076707, 5958.709961>) quick accessed a lock!
[23:52:39] Player (P@lko2265, 76561198039629108)(<4379.876953, 2.008279, 5963.796387>) quick accessed a lock!
[23:53:01] Player (P@lko2265, 76561198039629108)(<4373.662109, 3.838867, 5976.322266>) quick accessed a lock!
[23:53:10] Player (P@lko2265, 76561198039629108)(<4378.048340, 1.954537, 5968.927246>) quick accessed a lock!
[23:53:30] Player (P@lko2265, 76561198039629108)(<4373.662109, 3.838867, 5976.322266>) quick accessed a lock!
