[05-25-2022][00.12.26] New Access Log File Created!
[00:13:39] Player (MADness, 76561198968762750)(<4489.105957, 1.163242, 3118.035645>) quick accessed a lock!
[00:14:30] Player (MADness, 76561198968762750)(<4489.105957, 1.163242, 3118.035645>) quick accessed a lock!
[00:15:40] Player (MADness, 76561198968762750)(<4489.105957, 1.163242, 3118.035645>) quick accessed a lock!
[00:18:29] Player (Hemi, 76561198065958810)(<4458.061523, 4.112765, 3118.598145>) quick accessed a lock!
[00:19:22] Player (Hemi, 76561198065958810)(<4458.061523, 4.112765, 3118.598145>) quick accessed a lock!
[00:22:06] Player (Hemi, 76561198065958810)(<4458.061523, 4.112765, 3118.598145>) quick accessed a lock!
[00:26:50] Player (Hemi, 76561198065958810)(<4458.061523, 4.112765, 3118.598145>) quick accessed a lock!
[05-25-2022][04.12.31] Log file reloaded ( Server Restart )
[05-25-2022][08.12.39] Log file reloaded ( Server Restart )
[09:41:10] Player (Pivo_tn, 76561198158616543)(<3585.483643, 23.219879, 4879.533691>) quick accessed a lock!
[10:09:12] Player (Bflame, 76561198072840834)(<3421.042480, 15.097157, 5042.374512>) quick accessed a lock!
[10:18:59] Player (Bflame, 76561198072840834)(<3424.784424, 14.024961, 5031.493164>) quick accessed a lock!
[11:05:34] Player (Hemi, 76561198065958810)(<4458.061523, 4.112765, 3118.598145>) quick accessed a lock!
[05-25-2022][12.07.28] Log file reloaded ( Server Restart )
[05-25-2022][16.07.25] Log file reloaded ( Server Restart )
[05-25-2022][16.19.23] Log file reloaded ( Server Restart )
[16:22:05] Player (P@lko2265, 76561198039629108)(<4373.662109, 3.838867, 5976.322266>) quick accessed a lock!
[16:23:24] Player (P@lko2265, 76561198039629108)(<4373.662109, 3.838867, 5976.322266>) quick accessed a lock!
[16:28:05] Player (P@lko2265, 76561198039629108)(<4373.662109, 3.838867, 5976.322266>) quick accessed a lock!
[16:29:39] Player (P@lko2265, 76561198039629108)(<4373.662109, 3.838867, 5976.322266>) quick accessed a lock!
[17:49:40] Player (MADness, 76561198968762750)(<4489.105957, 1.163242, 3118.035645>) quick accessed a lock!
[18:12:16] Player (MADness, 76561198968762750)(<4489.105957, 1.163242, 3118.035645>) quick accessed a lock!
[05-25-2022][20.07.35] Log file reloaded ( Server Restart )
[20:23:08] Player (MADness, 76561198968762750)(<4489.105957, 1.163242, 3118.035645>) quick accessed a lock!
[20:40:37] Player (MADness, 76561198968762750)(<4489.105957, 1.163242, 3118.035645>) quick accessed a lock!
[21:15:20] Player (Martina_(.)(.)_, 76561198097548152)(<2569.529053, 41.994438, 3440.708740>) quick accessed a lock!
[21:15:31] Player (Martina_(.)(.)_, 76561198097548152)(<2568.014160, 42.197731, 3449.879150>) quick accessed a lock!
[21:30:40] Player (Martina_(.)(.)_, 76561198097548152)(<2569.529053, 41.994438, 3440.708740>) quick accessed a lock!
[21:40:47] Player (Martina_(.)(.)_, 76561198097548152)(<2561.180420, 41.570847, 3448.841309>) quick accessed a lock!
[22:19:08] Player (Majky, 76561198275611052)(<3452.629883, 3.951465, 5404.375488>) removed a lock!
[22:20:14] Player (Majky, 76561198275611052)(<3452.002686, 3.733647, 5395.197754>) set a new passcode on lock!
[22:20:14] Player (Majky, 76561198275611052)(<3452.002686, 3.733647, 5395.197754>) claimed ownership of a lock!
[22:37:20] Player (Maltrix CZE, 76561198188251693)(<2568.014160, 42.197731, 3449.879150>) quick accessed a lock!
[22:45:30] Player (MADness, 76561198968762750)(<4489.105957, 1.163242, 3118.035645>) quick accessed a lock!
[23:29:50] Player (Hemi, 76561198065958810)(<4458.061523, 4.112765, 3118.598145>) quick accessed a lock!
[23:36:09] Player (Hemi, 76561198065958810)(<4458.061523, 4.112765, 3118.598145>) quick accessed a lock!
[23:37:37] Player (Hemi, 76561198065958810)(<4458.061523, 4.112765, 3118.598145>) quick accessed a lock!
[23:38:48] Player (MADness, 76561198968762750)(<4489.105957, 1.163242, 3118.035645>) quick accessed a lock!
[23:43:25] Player (Hemi, 76561198065958810)(<4458.061523, 4.112765, 3118.598145>) quick accessed a lock!
[23:47:25] Player (Hemi, 76561198065958810)(<4458.061523, 4.112765, 3118.598145>) quick accessed a lock!
[23:56:38] Player (Hemi, 76561198065958810)(<4458.061523, 4.112765, 3118.598145>) quick accessed a lock!
[00:02:37] Player (Hemi, 76561198065958810)(<4458.061523, 4.112765, 3118.598145>) quick accessed a lock!
