[06-04-2022][00.02.25] New Access Log File Created!
[00:48:38] Player (Kocur69, 76561198295570264)(<5735.305664, 3.913348, 3581.289551>) quick accessed a lock!
[00:58:23] Player (Kocur69, 76561198295570264)(<5735.305664, 3.913348, 3581.289551>) quick accessed a lock!
[02:05:09] Player (Kocur69, 76561198295570264)(<5735.305664, 3.913348, 3581.289551>) quick accessed a lock!
[02:15:15] Player (Kocur69, 76561198295570264)(<5735.305664, 3.913348, 3581.289551>) quick accessed a lock!
[06-04-2022][04.02.33] Log file reloaded ( Server Restart )
[06-04-2022][08.02.39] Log file reloaded ( Server Restart )
[08:29:21] Player (Kocur69, 76561198295570264)(<5735.305664, 3.913348, 3581.289551>) quick accessed a lock!
[09:19:31] Player (Martina_(.)(.)_, 76561198097548152)(<2568.014160, 42.197731, 3449.879150>) quick accessed a lock!
[09:22:30] Player (Martina_(.)(.)_, 76561198097548152)(<2568.014160, 42.197731, 3449.879150>) quick accessed a lock!
[09:26:25] Player (P@lko2265, 76561198039629108)(<4373.662109, 3.838867, 5976.322266>) quick accessed a lock!
[09:26:37] Player (Martina_(.)(.)_, 76561198097548152)(<2568.014160, 42.197731, 3449.879150>) quick accessed a lock!
[09:30:03] Player (P@lko2265, 76561198039629108)(<4378.048340, 1.954537, 5968.927246>) quick accessed a lock!
[09:31:26] Player (P@lko2265, 76561198039629108)(<4379.876953, 2.008279, 5963.796387>) quick accessed a lock!
[09:31:41] Player (P@lko2265, 76561198039629108)(<4378.048340, 1.954537, 5968.927246>) quick accessed a lock!
[09:31:54] Player (Martina_(.)(.)_, 76561198097548152)(<2561.180420, 41.570847, 3448.841309>) quick accessed a lock!
[09:32:23] Player (Martina_(.)(.)_, 76561198097548152)(<2561.180420, 41.570847, 3448.841309>) quick accessed a lock!
[09:35:15] Player (P@lko2265, 76561198039629108)(<4379.876953, 2.008279, 5963.796387>) quick accessed a lock!
[09:35:27] Player (P@lko2265, 76561198039629108)(<4373.662109, 3.838867, 5976.322266>) quick accessed a lock!
[10:07:22] Player (P@lko2265, 76561198039629108)(<4380.106445, 2.076707, 5958.709961>) quick accessed a lock!
[10:10:59] Player (P@lko2265, 76561198039629108)(<4373.662109, 3.838867, 5976.322266>) quick accessed a lock!
[10:11:08] Player (P@lko2265, 76561198039629108)(<4373.662109, 3.838867, 5976.322266>) quick accessed a lock!
[10:14:17] Player (P@lko2265, 76561198039629108)(<4373.662109, 3.838867, 5976.322266>) quick accessed a lock!
[10:17:51] Player (P@lko2265, 76561198039629108)(<4379.876953, 2.008279, 5963.796387>) quick accessed a lock!
[10:20:27] Player (P@lko2265, 76561198039629108)(<4373.662109, 3.838867, 5976.322266>) quick accessed a lock!
[11:18:32] Player (Kocur69, 76561198295570264)(<5735.305664, 3.913348, 3581.289551>) quick accessed a lock!
[06-04-2022][12.02.35] Log file reloaded ( Server Restart )
[13:02:56] Player (Hemi, 76561198065958810)(<4450.335449, 6.887537, 3090.050293>) quick accessed a lock!
[13:21:50] Player (Kocur69, 76561198295570264)(<5735.305664, 3.913348, 3581.289551>) quick accessed a lock!
[13:30:18] Player (Hemi, 76561198065958810)(<4450.335449, 6.887537, 3090.050293>) quick accessed a lock!
[14:14:59] Player (Martina_(.)(.)_, 76561198097548152)(<2568.014160, 42.197731, 3449.879150>) quick accessed a lock!
[14:15:07] Player (Kocur69, 76561198295570264)(<5735.305664, 3.913348, 3581.289551>) quick accessed a lock!
[14:16:35] Player (Kocur69, 76561198295570264)(<5735.305664, 3.913348, 3581.289551>) quick accessed a lock!
[14:30:54] Player (Martina_(.)(.)_, 76561198097548152)(<2568.014160, 42.197731, 3449.879150>) quick accessed a lock!
[14:32:56] Player (Martina_(.)(.)_, 76561198097548152)(<2561.180420, 41.570847, 3448.841309>) quick accessed a lock!
[14:35:38] Player (Martina_(.)(.)_, 76561198097548152)(<2561.180420, 41.570847, 3448.841309>) removed a lock!
[14:53:23] Player (Kocur69, 76561198295570264)(<5735.305664, 3.913348, 3581.289551>) quick accessed a lock!
[06-04-2022][16.04.49] Log file reloaded ( Server Restart )
[06-04-2022][16.14.20] Log file reloaded ( Server Restart )
[17:16:24] Player (Hemi, 76561198065958810)(<4450.335449, 6.887537, 3090.050293>) quick accessed a lock!
[17:16:29] Player (Kocur69, 76561198295570264)(<5735.305664, 3.913348, 3581.289551>) quick accessed a lock!
[17:18:10] Player (Hemi, 76561198065958810)(<4450.335449, 6.887537, 3090.050293>) quick accessed a lock!
[17:18:26] Player (Hemi, 76561198065958810)(<4450.335449, 6.887537, 3090.050293>) quick accessed a lock!
[17:19:29] Player (Kocur69, 76561198295570264)(<5735.305664, 3.913348, 3581.289551>) quick accessed a lock!
[17:23:56] Player (Kocur69, 76561198295570264)(<5735.305664, 3.913348, 3581.289551>) quick accessed a lock!
[17:29:08] Player (Hemi, 76561198065958810)(<4450.335449, 6.887537, 3090.050293>) quick accessed a lock!
[17:32:33] Player (Kocur69, 76561198295570264)(<5735.305664, 3.913348, 3581.289551>) quick accessed a lock!
[17:34:04] Player (Kocur69, 76561198295570264)(<5735.305664, 3.913348, 3581.289551>) quick accessed a lock!
[17:37:55] Player (Hemi, 76561198065958810)(<4450.335449, 6.887537, 3090.050293>) quick accessed a lock!
[18:42:42] Player (Martina_(.)(.)_, 76561198097548152)(<2568.014160, 42.197731, 3449.879150>) quick accessed a lock!
[18:45:23] Player (Martina_(.)(.)_, 76561198097548152)(<2568.014160, 42.197731, 3449.879150>) quick accessed a lock!
[19:35:10] Player (MADness, 76561198968762750)(<4489.105957, 1.163242, 3118.035645>) quick accessed a lock!
[19:47:05] Player (Hemi, 76561198065958810)(<4450.335449, 6.887537, 3090.050293>) quick accessed a lock!
[06-04-2022][20.02.31] Log file reloaded ( Server Restart )
[20:58:38] Player (Bflame, 76561198072840834)(<3421.042480, 15.097157, 5042.374512>) quick accessed a lock!
[20:58:50] Player (Bflame, 76561198072840834)(<3411.108643, 12.659751, 5048.064941>) quick accessed a lock!
[21:51:19] Player (Kocur69, 76561198295570264)(<5735.305664, 3.913348, 3581.289551>) quick accessed a lock!
[21:55:34] Player (Hemi, 76561198065958810)(<4450.335449, 6.887537, 3090.050293>) quick accessed a lock!
[21:55:52] Player (Hemi, 76561198065958810)(<4450.335449, 6.887537, 3090.050293>) quick accessed a lock!
[21:57:09] Player (Kocur69, 76561198295570264)(<9182.925781, 10.936702, 5760.838867>) set a new passcode on lock!
[21:57:09] Player (Kocur69, 76561198295570264)(<9182.925781, 10.936702, 5760.838867>) claimed ownership of a lock!
[21:57:11] Player (Kocur69, 76561198295570264)(<9182.925781, 10.936702, 5760.838867>) quick accessed a lock!
[21:57:19] Player (Hemi, 76561198065958810)(<4450.335449, 6.887537, 3090.050293>) quick accessed a lock!
[21:58:27] Player (Hemi, 76561198065958810)(<4450.335449, 6.887537, 3090.050293>) quick accessed a lock!
[21:58:47] Player (Kocur69, 76561198295570264)(<9182.925781, 10.936702, 5760.838867>) quick accessed a lock!
[22:59:22] Player (Hemi, 76561198065958810)(<4450.335449, 6.887537, 3090.050293>) quick accessed a lock!
[23:04:14] Player (Hemi, 76561198065958810)(<4450.335449, 6.887537, 3090.050293>) quick accessed a lock!
[23:09:24] Player (Hemi, 76561198065958810)(<4450.335449, 6.887537, 3090.050293>) quick accessed a lock!
[23:09:48] Player (Hemi, 76561198065958810)(<4450.335449, 6.887537, 3090.050293>) quick accessed a lock!
[23:10:51] Player (Hemi, 76561198065958810)(<4450.335449, 6.887537, 3090.050293>) quick accessed a lock!
[23:13:57] Player (Kocur69, 76561198295570264)(<9182.925781, 10.936702, 5760.838867>) quick accessed a lock!
[23:15:10] Player (Kocur69, 76561198295570264)(<9182.925781, 10.936702, 5760.838867>) quick accessed a lock!
[23:15:22] Player (Hemi, 76561198065958810)(<4450.335449, 6.887537, 3090.050293>) quick accessed a lock!
[23:16:15] Player (Hemi, 76561198065958810)(<4450.335449, 6.887537, 3090.050293>) quick accessed a lock!
[23:17:21] Player (Hemi, 76561198065958810)(<4450.335449, 6.887537, 3090.050293>) quick accessed a lock!
[23:24:29] Player (Hemi, 76561198065958810)(<4450.335449, 6.887537, 3090.050293>) quick accessed a lock!
[23:24:43] Player (Hemi, 76561198065958810)(<4450.335449, 6.887537, 3090.050293>) quick accessed a lock!
[23:28:29] Player (Hemi, 76561198065958810)(<4450.335449, 6.887537, 3090.050293>) quick accessed a lock!
[23:48:08] Player (cumtam, 76561199150532361)(<4964.083008, 5.118455, 1414.849365>) quick accessed a lock!
[23:52:11] Player (cumtam, 76561199150532361)(<4964.083008, 5.118455, 1414.849365>) quick accessed a lock!
[23:52:25] Player (cumtam, 76561199150532361)(<4961.266602, 5.789789, 1410.613037>) quick accessed a lock!
