[06-23-2022][00.02.36] New Access Log File Created!
[06-23-2022][04.02.41] Log file reloaded ( Server Restart )
[06-23-2022][08.02.39] Log file reloaded ( Server Restart )
[06-23-2022][08.14.30] Log file reloaded ( Server Restart )
[09:11:26] Player (P@lko2265, 76561198039629108)(<4373.662109, 3.838867, 5976.322266>) quick accessed a lock!
[06-23-2022][12.02.47] Log file reloaded ( Server Restart )
[13:35:05] Player (Kocur69, 76561198295570264)(<5735.305664, 3.913348, 3581.289551>) quick accessed a lock!
[06-23-2022][16.02.38] Log file reloaded ( Server Restart )
[17:13:19] Player (Majky, 76561198275611052)(<3474.218506, 6.642277, 5363.240723>) quick accessed a lock!
[06-23-2022][20.02.43] Log file reloaded ( Server Restart )
[20:47:36] Player (Majky, 76561198275611052)(<3474.218506, 6.642277, 5363.240723>) quick accessed a lock!
[20:49:05] Player (Majky, 76561198275611052)(<3474.218506, 6.642277, 5363.240723>) quick accessed a lock!
[21:22:24] Player (Bflame, 76561198072840834)(<3411.108643, 12.659751, 5048.064941>) quick accessed a lock!
[21:24:09] Player (Bflame, 76561198072840834)(<3421.042480, 15.097157, 5042.374512>) quick accessed a lock!
[21:27:59] Player (Bflame, 76561198072840834)(<3411.108643, 12.659751, 5048.064941>) quick accessed a lock!
[21:36:10] Player (Majky, 76561198275611052)(<3474.218506, 6.642277, 5363.240723>) quick accessed a lock!
[21:39:58] Player (Majky, 76561198275611052)(<3474.218506, 6.642277, 5363.240723>) quick accessed a lock!
[21:40:19] Player (Majky, 76561198275611052)(<3474.218506, 6.642277, 5363.240723>) quick accessed a lock!
[21:40:52] Player (Majky, 76561198275611052)(<3474.218506, 6.642277, 5363.240723>) quick accessed a lock!
[21:46:15] Player (Majky, 76561198275611052)(<3474.218506, 6.642277, 5363.240723>) quick accessed a lock!
