[06-12-2022][00.02.32] New Access Log File Created!
[02:06:09] Player (Majky, 76561198275611052)(<3474.218506, 6.642277, 5363.240723>) quick accessed a lock!
[02:07:59] Player (Majky, 76561198275611052)(<3474.218506, 6.642277, 5363.240723>) quick accessed a lock!
[02:08:19] Player (Majky, 76561198275611052)(<3474.218506, 6.642277, 5363.240723>) quick accessed a lock!
[02:08:28] Player (Majky, 76561198275611052)(<3474.218506, 6.642277, 5363.240723>) quick accessed a lock!
[06-12-2022][04.02.25] Log file reloaded ( Server Restart )
[07:41:19] Player (P@lko2265, 76561198039629108)(<4373.662109, 3.838867, 5976.322266>) quick accessed a lock!
[07:46:08] Player (P@lko2265, 76561198039629108)(<4373.662109, 3.838867, 5976.322266>) quick accessed a lock!
[07:46:16] Player (P@lko2265, 76561198039629108)(<4380.106445, 2.076707, 5958.709961>) quick accessed a lock!
[07:46:48] Player (P@lko2265, 76561198039629108)(<4379.876953, 2.008279, 5963.796387>) quick accessed a lock!
[07:48:32] Player (P@lko2265, 76561198039629108)(<4373.662109, 3.838867, 5976.322266>) quick accessed a lock!
[07:56:47] Player (P@lko2265, 76561198039629108)(<4373.662109, 3.838867, 5976.322266>) quick accessed a lock!
[07:56:52] Player (P@lko2265, 76561198039629108)(<4379.876953, 2.008279, 5963.796387>) quick accessed a lock!
[06-12-2022][08.02.30] Log file reloaded ( Server Restart )
[08:06:30] Player (P@lko2265, 76561198039629108)(<4373.662109, 3.838867, 5976.322266>) quick accessed a lock!
[08:07:05] Player (P@lko2265, 76561198039629108)(<4373.662109, 3.838867, 5976.322266>) quick accessed a lock!
[08:11:04] Player (P@lko2265, 76561198039629108)(<4373.662109, 3.838867, 5976.322266>) quick accessed a lock!
[08:12:41] Player (P@lko2265, 76561198039629108)(<4373.662109, 3.838867, 5976.322266>) quick accessed a lock!
[08:12:45] Player (P@lko2265, 76561198039629108)(<4373.662109, 3.838867, 5976.322266>) quick accessed a lock!
[08:12:52] Player (P@lko2265, 76561198039629108)(<4379.876953, 2.008279, 5963.796387>) quick accessed a lock!
[08:18:07] Player (P@lko2265, 76561198039629108)(<4373.662109, 3.838867, 5976.322266>) quick accessed a lock!
[08:40:26] Player (Majky, 76561198275611052)(<3474.218506, 6.642277, 5363.240723>) quick accessed a lock!
[08:40:57] Player (Majky, 76561198275611052)(<3474.218506, 6.642277, 5363.240723>) quick accessed a lock!
[08:41:32] Player (Majky, 76561198275611052)(<3474.218506, 6.642277, 5363.240723>) quick accessed a lock!
[08:42:49] Player (Majky, 76561198275611052)(<3474.218506, 6.642277, 5363.240723>) quick accessed a lock!
[09:18:07] Player (cumtam, 76561199150532361)(<4964.083008, 5.118455, 1414.849365>) quick accessed a lock!
[09:18:20] Player (cumtam, 76561199150532361)(<4961.266602, 5.789789, 1410.613037>) quick accessed a lock!
[09:39:51] Player (Majky, 76561198275611052)(<3474.218506, 6.642277, 5363.240723>) quick accessed a lock!
[09:55:08] Player (P@lko2265, 76561198039629108)(<4373.662109, 3.838867, 5976.322266>) quick accessed a lock!
[09:55:48] Player (P@lko2265, 76561198039629108)(<4373.662109, 3.838867, 5976.322266>) quick accessed a lock!
[10:58:00] Player (Majky, 76561198275611052)(<3474.218506, 6.642277, 5363.240723>) quick accessed a lock!
[11:00:00] Player (Majky, 76561198275611052)(<3474.218506, 6.642277, 5363.240723>) quick accessed a lock!
[11:01:34] Player (Majky, 76561198275611052)(<3474.218506, 6.642277, 5363.240723>) quick accessed a lock!
[11:02:38] Player (Majky, 76561198275611052)(<3474.218506, 6.642277, 5363.240723>) quick accessed a lock!
[11:03:50] Player (Majky, 76561198275611052)(<3474.218506, 6.642277, 5363.240723>) quick accessed a lock!
[11:05:40] Player (Majky, 76561198275611052)(<3474.218506, 6.642277, 5363.240723>) quick accessed a lock!
[11:13:29] Player (Majky, 76561198275611052)(<3474.218506, 6.642277, 5363.240723>) quick accessed a lock!
[06-12-2022][12.02.31] Log file reloaded ( Server Restart )
[12:43:08] Player (Bflame, 76561198072840834)(<3411.108643, 12.659751, 5048.064941>) quick accessed a lock!
[12:43:35] Player (Bflame, 76561198072840834)(<3421.042480, 15.097157, 5042.374512>) quick accessed a lock!
[12:46:17] Player (Bflame, 76561198072840834)(<3421.042480, 15.097157, 5042.374512>) quick accessed a lock!
[12:51:54] Player (Majky, 76561198275611052)(<3474.218506, 6.642277, 5363.240723>) quick accessed a lock!
[13:00:37] Player (Majky, 76561198275611052)(<3474.218506, 6.642277, 5363.240723>) quick accessed a lock!
[13:01:42] Player (Majky, 76561198275611052)(<3474.218506, 6.642277, 5363.240723>) quick accessed a lock!
[14:51:11] Player (Belthazar, 76561198038755126)(<4489.105957, 1.163242, 3118.035645>) quick accessed a lock!
[14:59:59] Player (Majky, 76561198275611052)(<3474.218506, 6.642277, 5363.240723>) quick accessed a lock!
[15:01:47] Player (Majky, 76561198275611052)(<3474.218506, 6.642277, 5363.240723>) quick accessed a lock!
[15:02:46] Player (Majky, 76561198275611052)(<3474.218506, 6.642277, 5363.240723>) quick accessed a lock!
[15:04:46] Player (Majky, 76561198275611052)(<3474.218506, 6.642277, 5363.240723>) quick accessed a lock!
[15:04:57] Player (Majky, 76561198275611052)(<3474.218506, 6.642277, 5363.240723>) quick accessed a lock!
[15:05:05] Player (Majky, 76561198275611052)(<3474.218506, 6.642277, 5363.240723>) quick accessed a lock!
[15:06:13] Player (Majky, 76561198275611052)(<3474.218506, 6.642277, 5363.240723>) quick accessed a lock!
[15:06:48] Player (Majky, 76561198275611052)(<3474.218506, 6.642277, 5363.240723>) quick accessed a lock!
[15:06:54] Player (Majky, 76561198275611052)(<3474.218506, 6.642277, 5363.240723>) quick accessed a lock!
[15:08:23] Player (Majky, 76561198275611052)(<3474.218506, 6.642277, 5363.240723>) quick accessed a lock!
[15:21:15] Player (P@lko2265, 76561198039629108)(<4373.662109, 3.838867, 5976.322266>) quick accessed a lock!
[15:23:56] Player (P@lko2265, 76561198039629108)(<4373.662109, 3.838867, 5976.322266>) quick accessed a lock!
[15:24:05] Player (P@lko2265, 76561198039629108)(<4379.876953, 2.008279, 5963.796387>) quick accessed a lock!
[15:24:26] Player (P@lko2265, 76561198039629108)(<4380.106445, 2.076707, 5958.709961>) quick accessed a lock!
[06-12-2022][16.02.24] Log file reloaded ( Server Restart )
[06-12-2022][16.14.22] Log file reloaded ( Server Restart )
[18:36:53] Player (Majky, 76561198275611052)(<3474.218506, 6.642277, 5363.240723>) quick accessed a lock!
[19:09:52] Player (Majky, 76561198275611052)(<3474.218506, 6.642277, 5363.240723>) quick accessed a lock!
[19:56:20] Player (Majky, 76561198275611052)(<3474.218506, 6.642277, 5363.240723>) quick accessed a lock!
[06-12-2022][20.02.27] Log file reloaded ( Server Restart )
[20:50:51] Player (Majky, 76561198275611052)(<3474.218506, 6.642277, 5363.240723>) quick accessed a lock!
[20:54:01] Player (Majky, 76561198275611052)(<3474.218506, 6.642277, 5363.240723>) quick accessed a lock!
[20:54:22] Player (Majky, 76561198275611052)(<3474.218506, 6.642277, 5363.240723>) quick accessed a lock!
[20:55:11] Player (Majky, 76561198275611052)(<3474.218506, 6.642277, 5363.240723>) quick accessed a lock!
[20:57:13] Player (Majky, 76561198275611052)(<3474.218506, 6.642277, 5363.240723>) quick accessed a lock!
[20:58:08] Player (Majky, 76561198275611052)(<3474.218506, 6.642277, 5363.240723>) quick accessed a lock!
[20:58:24] Player (Majky, 76561198275611052)(<3474.218506, 6.642277, 5363.240723>) quick accessed a lock!
[20:58:59] Player (Majky, 76561198275611052)(<3474.218506, 6.642277, 5363.240723>) quick accessed a lock!
[20:59:14] Player (Majky, 76561198275611052)(<3474.218506, 6.642277, 5363.240723>) quick accessed a lock!
[21:00:03] Player (Majky, 76561198275611052)(<3474.218506, 6.642277, 5363.240723>) quick accessed a lock!
[21:00:16] Player (Majky, 76561198275611052)(<3474.218506, 6.642277, 5363.240723>) quick accessed a lock!
[21:00:54] Player (Majky, 76561198275611052)(<3474.218506, 6.642277, 5363.240723>) quick accessed a lock!
[22:24:46] Player (Majky, 76561198275611052)(<3474.218506, 6.642277, 5363.240723>) quick accessed a lock!
[22:31:15] Player (Majky, 76561198275611052)(<3474.218506, 6.642277, 5363.240723>) quick accessed a lock!
[22:31:38] Player (Majky, 76561198275611052)(<3474.218506, 6.642277, 5363.240723>) quick accessed a lock!
[22:31:50] Player (Majky, 76561198275611052)(<3474.218506, 6.642277, 5363.240723>) quick accessed a lock!
