[06-11-2022][00.02.28] New Access Log File Created!
[00:47:44] Player (martyCZ, 76561198873247465)(<3276.376465, 34.151474, 4613.831055>) quick accessed a lock!
[01:00:58] Player (martyCZ, 76561198873247465)(<3276.376465, 34.151474, 4613.831055>) quick accessed a lock!
[06-11-2022][04.02.31] Log file reloaded ( Server Restart )
[06-11-2022][08.02.33] Log file reloaded ( Server Restart )
[06-11-2022][12.02.32] Log file reloaded ( Server Restart )
[06-11-2022][13.51.12] Log file reloaded ( Server Restart )
[14:11:20] Player (Bflame, 76561198072840834)(<3421.042480, 15.097157, 5042.374512>) quick accessed a lock!
[14:21:57] Player (Bflame, 76561198072840834)(<3411.108643, 12.659751, 5048.064941>) quick accessed a lock!
[06-11-2022][16.02.33] Log file reloaded ( Server Restart )
[16:48:29] Player (Majky, 76561198275611052)(<3474.218506, 6.642277, 5363.240723>) quick accessed a lock!
[16:48:59] Player (Majky, 76561198275611052)(<3474.218506, 6.642277, 5363.240723>) quick accessed a lock!
[17:34:09] Player (Majky, 76561198275611052)(<3474.218506, 6.642277, 5363.240723>) quick accessed a lock!
[17:45:00] Player (Majky, 76561198275611052)(<3474.218506, 6.642277, 5363.240723>) quick accessed a lock!
[17:47:22] Player (Majky, 76561198275611052)(<3474.218506, 6.642277, 5363.240723>) quick accessed a lock!
[17:49:55] Player (Majky, 76561198275611052)(<3474.218506, 6.642277, 5363.240723>) quick accessed a lock!
[17:53:23] Player (Majky, 76561198275611052)(<3474.218506, 6.642277, 5363.240723>) quick accessed a lock!
[17:53:43] Player (Majky, 76561198275611052)(<3474.218506, 6.642277, 5363.240723>) quick accessed a lock!
[18:17:22] Player (Majky, 76561198275611052)(<3474.218506, 6.642277, 5363.240723>) quick accessed a lock!
[18:18:18] Player (Majky, 76561198275611052)(<3474.218506, 6.642277, 5363.240723>) quick accessed a lock!
[18:59:47] Player (Majky, 76561198275611052)(<3474.218506, 6.642277, 5363.240723>) quick accessed a lock!
[19:04:03] Player (Majky, 76561198275611052)(<3474.218506, 6.642277, 5363.240723>) quick accessed a lock!
[06-11-2022][20.02.27] Log file reloaded ( Server Restart )
[20:04:43] Player (cumtam, 76561199150532361)(<4961.266602, 5.789789, 1410.613037>) quick accessed a lock!
[20:05:36] Player (cumtam, 76561199150532361)(<4964.083008, 5.118455, 1414.849365>) quick accessed a lock!
[20:06:06] Player (cumtam, 76561199150532361)(<4961.266602, 5.789789, 1410.613037>) quick accessed a lock!
[20:16:47] Player (Majky, 76561198275611052)(<3474.218506, 6.642277, 5363.240723>) quick accessed a lock!
[22:21:45] Player (Majky, 76561198275611052)(<3474.218506, 6.642277, 5363.240723>) quick accessed a lock!
[22:24:01] Player (Majky, 76561198275611052)(<3474.218506, 6.642277, 5363.240723>) quick accessed a lock!
[22:26:34] Player (Majky, 76561198275611052)(<3474.218506, 6.642277, 5363.240723>) quick accessed a lock!
[22:30:18] Player (Majky, 76561198275611052)(<3474.218506, 6.642277, 5363.240723>) quick accessed a lock!
[22:31:00] Player (Majky, 76561198275611052)(<3474.218506, 6.642277, 5363.240723>) quick accessed a lock!
[22:32:12] Player (Majky, 76561198275611052)(<3474.218506, 6.642277, 5363.240723>) quick accessed a lock!
[22:33:27] Player (Majky, 76561198275611052)(<3474.218506, 6.642277, 5363.240723>) quick accessed a lock!
[22:34:52] Player (Majky, 76561198275611052)(<3474.218506, 6.642277, 5363.240723>) quick accessed a lock!
[22:37:01] Player (Majky, 76561198275611052)(<3474.218506, 6.642277, 5363.240723>) quick accessed a lock!
[22:39:27] Player (Majky, 76561198275611052)(<3474.218506, 6.642277, 5363.240723>) quick accessed a lock!
[22:42:19] Player (Majky, 76561198275611052)(<3474.218506, 6.642277, 5363.240723>) quick accessed a lock!
[22:43:33] Player (Majky, 76561198275611052)(<3474.218506, 6.642277, 5363.240723>) quick accessed a lock!
[22:45:03] Player (Majky, 76561198275611052)(<3474.218506, 6.642277, 5363.240723>) quick accessed a lock!
[22:45:15] Player (Majky, 76561198275611052)(<3474.218506, 6.642277, 5363.240723>) quick accessed a lock!
[22:46:39] Player (Majky, 76561198275611052)(<3474.218506, 6.642277, 5363.240723>) quick accessed a lock!
[22:46:46] Player (Majky, 76561198275611052)(<3474.218506, 6.642277, 5363.240723>) quick accessed a lock!
[22:47:40] Player (Majky, 76561198275611052)(<3474.218506, 6.642277, 5363.240723>) quick accessed a lock!
[22:47:58] Player (Majky, 76561198275611052)(<3474.218506, 6.642277, 5363.240723>) quick accessed a lock!
[22:50:00] Player (Majky, 76561198275611052)(<3474.218506, 6.642277, 5363.240723>) quick accessed a lock!
[22:51:19] Player (Majky, 76561198275611052)(<3474.218506, 6.642277, 5363.240723>) quick accessed a lock!
[22:52:18] Player (Majky, 76561198275611052)(<3474.218506, 6.642277, 5363.240723>) quick accessed a lock!
[22:53:29] Player (Majky, 76561198275611052)(<3474.218506, 6.642277, 5363.240723>) quick accessed a lock!
[22:53:37] Player (Majky, 76561198275611052)(<3474.218506, 6.642277, 5363.240723>) quick accessed a lock!
[22:54:53] Player (Majky, 76561198275611052)(<3474.218506, 6.642277, 5363.240723>) quick accessed a lock!
[22:55:01] Player (Majky, 76561198275611052)(<3474.218506, 6.642277, 5363.240723>) quick accessed a lock!
[22:56:11] Player (Majky, 76561198275611052)(<3474.218506, 6.642277, 5363.240723>) quick accessed a lock!
[22:58:15] Player (Majky, 76561198275611052)(<3474.218506, 6.642277, 5363.240723>) quick accessed a lock!
[22:59:26] Player (Majky, 76561198275611052)(<3474.218506, 6.642277, 5363.240723>) quick accessed a lock!
[23:00:39] Player (Majky, 76561198275611052)(<3474.218506, 6.642277, 5363.240723>) quick accessed a lock!
[23:03:58] Player (Majky, 76561198275611052)(<3474.218506, 6.642277, 5363.240723>) quick accessed a lock!
[23:05:18] Player (Majky, 76561198275611052)(<3474.218506, 6.642277, 5363.240723>) quick accessed a lock!
[23:07:02] Player (Majky, 76561198275611052)(<3474.218506, 6.642277, 5363.240723>) quick accessed a lock!
[23:08:05] Player (Majky, 76561198275611052)(<3474.218506, 6.642277, 5363.240723>) quick accessed a lock!
[23:08:20] Player (Majky, 76561198275611052)(<3474.218506, 6.642277, 5363.240723>) quick accessed a lock!
[23:09:40] Player (Majky, 76561198275611052)(<3474.218506, 6.642277, 5363.240723>) quick accessed a lock!
[23:10:09] Player (Majky, 76561198275611052)(<3474.218506, 6.642277, 5363.240723>) quick accessed a lock!
[23:11:51] Player (Majky, 76561198275611052)(<3474.218506, 6.642277, 5363.240723>) quick accessed a lock!
[23:12:50] Player (Majky, 76561198275611052)(<3474.218506, 6.642277, 5363.240723>) quick accessed a lock!
[23:16:02] Player (Majky, 76561198275611052)(<3474.218506, 6.642277, 5363.240723>) quick accessed a lock!
[23:17:05] Player (Majky, 76561198275611052)(<3474.218506, 6.642277, 5363.240723>) quick accessed a lock!
[23:20:31] Player (Majky, 76561198275611052)(<3474.218506, 6.642277, 5363.240723>) quick accessed a lock!
[23:21:18] Player (Majky, 76561198275611052)(<3474.218506, 6.642277, 5363.240723>) quick accessed a lock!
[23:32:59] Player (Majky, 76561198275611052)(<3474.218506, 6.642277, 5363.240723>) quick accessed a lock!
[23:35:17] Player (Majky, 76561198275611052)(<3474.218506, 6.642277, 5363.240723>) quick accessed a lock!
[23:42:04] Player (Majky, 76561198275611052)(<3474.218506, 6.642277, 5363.240723>) quick accessed a lock!
[23:43:09] Player (cumtam, 76561199150532361)(<4964.083008, 5.118455, 1414.849365>) quick accessed a lock!
[23:44:02] Player (cumtam, 76561199150532361)(<4961.266602, 5.789789, 1410.613037>) quick accessed a lock!
[23:45:43] Player (Majky, 76561198275611052)(<3474.218506, 6.642277, 5363.240723>) quick accessed a lock!
[23:46:46] Player (Majky, 76561198275611052)(<3474.218506, 6.642277, 5363.240723>) quick accessed a lock!
