[07-12-2022][00.02.33] New Access Log File Created!
[07-12-2022][04.02.28] Log file reloaded ( Server Restart )
[07-12-2022][06.05.58] Log file reloaded ( Server Restart )
[07-12-2022][08.02.39] Log file reloaded ( Server Restart )
[08:59:31] Player (Majky, 76561198275611052)(<3474.218506, 6.642277, 5363.240723>) quick accessed a lock!
[10:00:01] Player (Majky, 76561198275611052)(<3474.218506, 6.642277, 5363.240723>) quick accessed a lock!
[10:01:05] Player (Majky, 76561198275611052)(<3474.218506, 6.642277, 5363.240723>) quick accessed a lock!
[10:02:32] Player (Majky, 76561198275611052)(<3474.218506, 6.642277, 5363.240723>) quick accessed a lock!
[10:03:26] Player (Majky, 76561198275611052)(<3474.218506, 6.642277, 5363.240723>) quick accessed a lock!
[11:17:04] Player (Majky, 76561198275611052)(<3468.044189, 4.259703, 5369.500977>) quick accessed a lock!
[11:17:14] Player (Majky, 76561198275611052)(<3474.218506, 6.642277, 5363.240723>) quick accessed a lock!
[11:20:01] Player (Majky, 76561198275611052)(<3474.218506, 6.642277, 5363.240723>) quick accessed a lock!
[11:20:31] Player (Majky, 76561198275611052)(<3460.936523, 4.847070, 5356.074219>) quick accessed a lock!
[11:23:42] Player (Majky, 76561198275611052)(<3460.936523, 4.847070, 5356.074219>) quick accessed a lock!
[11:25:21] Player (Majky, 76561198275611052)(<3460.936523, 4.847070, 5356.074219>) quick accessed a lock!
[11:25:45] Player (Majky, 76561198275611052)(<3474.218506, 6.642277, 5363.240723>) quick accessed a lock!
[11:44:58] Player (Majky, 76561198275611052)(<3474.218506, 6.642277, 5363.240723>) quick accessed a lock!
[07-12-2022][12.02.38] Log file reloaded ( Server Restart )
[12:09:05] Player (Bflame, 76561198072840834)(<3411.108643, 12.659751, 5048.064941>) quick accessed a lock!
[12:09:21] Player (Bflame, 76561198072840834)(<3421.042480, 15.097157, 5042.374512>) quick accessed a lock!
[12:18:28] Player (Majky, 76561198275611052)(<3460.936523, 4.847070, 5356.074219>) quick accessed a lock!
[12:25:03] Player (Majky, 76561198275611052)(<3474.218506, 6.642277, 5363.240723>) quick accessed a lock!
[12:27:13] Player (Majky, 76561198275611052)(<3460.936523, 4.847070, 5356.074219>) quick accessed a lock!
[12:27:46] Player (Majky, 76561198275611052)(<3460.936523, 4.847070, 5356.074219>) quick accessed a lock!
[12:36:49] Player (Majky, 76561198275611052)(<3474.218506, 6.642277, 5363.240723>) quick accessed a lock!
[12:39:43] Player (Majky, 76561198275611052)(<3474.218506, 6.642277, 5363.240723>) quick accessed a lock!
[12:40:03] Player (Majky, 76561198275611052)(<3460.936523, 4.847070, 5356.074219>) quick accessed a lock!
[12:45:50] Player (Majky, 76561198275611052)(<3460.936523, 4.847070, 5356.074219>) quick accessed a lock!
[12:45:56] Player (Majky, 76561198275611052)(<3474.218506, 6.642277, 5363.240723>) quick accessed a lock!
[12:46:40] Player (Majky, 76561198275611052)(<3474.218506, 6.642277, 5363.240723>) quick accessed a lock!
[12:47:42] Player (Bflame, 76561198072840834)(<3421.042480, 15.097157, 5042.374512>) quick accessed a lock!
[12:47:43] Player (Majky, 76561198275611052)(<3474.218506, 6.642277, 5363.240723>) quick accessed a lock!
[12:53:18] Player (Majky, 76561198275611052)(<3474.218506, 6.642277, 5363.240723>) quick accessed a lock!
[12:54:28] Player (Majky, 76561198275611052)(<3474.218506, 6.642277, 5363.240723>) quick accessed a lock!
[07-12-2022][16.02.37] Log file reloaded ( Server Restart )
[16:38:36] Player (Majky, 76561198275611052)(<3474.218506, 6.642277, 5363.240723>) quick accessed a lock!
[16:38:42] Player (Majky, 76561198275611052)(<3468.044189, 4.259703, 5369.500977>) quick accessed a lock!
[16:39:22] Player (Majky, 76561198275611052)(<3474.218506, 6.642277, 5363.240723>) quick accessed a lock!
[16:42:25] Player (Majky, 76561198275611052)(<3474.218506, 6.642277, 5363.240723>) quick accessed a lock!
[16:43:39] Player (Majky, 76561198275611052)(<3474.218506, 6.642277, 5363.240723>) quick accessed a lock!
[16:44:32] Player (Majky, 76561198275611052)(<3474.218506, 6.642277, 5363.240723>) quick accessed a lock!
[17:18:52] Player (Majky, 76561198275611052)(<3468.044189, 4.259703, 5369.500977>) quick accessed a lock!
[17:19:20] Player (Majky, 76561198275611052)(<3474.218506, 6.642277, 5363.240723>) quick accessed a lock!
[17:19:47] Player (Majky, 76561198275611052)(<3474.218506, 6.642277, 5363.240723>) quick accessed a lock!
[17:19:51] Player (Majky, 76561198275611052)(<3460.936523, 4.847070, 5356.074219>) quick accessed a lock!
[17:35:47] Player (Majky, 76561198275611052)(<3460.936523, 4.847070, 5356.074219>) quick accessed a lock!
[17:36:57] Player (Majky, 76561198275611052)(<3474.218506, 6.642277, 5363.240723>) quick accessed a lock!
[19:05:32] Player (Majky, 76561198275611052)(<3474.218506, 6.642277, 5363.240723>) quick accessed a lock!
[19:05:45] Player (Majky, 76561198275611052)(<3474.218506, 6.642277, 5363.240723>) quick accessed a lock!
[19:07:26] Player (Majky, 76561198275611052)(<3460.936523, 4.847070, 5356.074219>) quick accessed a lock!
[19:12:06] Player (Majky, 76561198275611052)(<3460.936523, 4.847070, 5356.074219>) quick accessed a lock!
[19:12:10] Player (Majky, 76561198275611052)(<3474.218506, 6.642277, 5363.240723>) quick accessed a lock!
[07-12-2022][20.02.34] Log file reloaded ( Server Restart )
[21:07:18] Player (Majky, 76561198275611052)(<3474.218506, 6.642277, 5363.240723>) quick accessed a lock!
[21:08:42] Player (Majky, 76561198275611052)(<3474.218506, 6.642277, 5363.240723>) quick accessed a lock!
[21:10:31] Player (Majky, 76561198275611052)(<3474.218506, 6.642277, 5363.240723>) quick accessed a lock!
[21:11:53] Player (Majky, 76561198275611052)(<3474.218506, 6.642277, 5363.240723>) quick accessed a lock!
[21:14:59] Player (Majky, 76561198275611052)(<3474.218506, 6.642277, 5363.240723>) quick accessed a lock!
[21:20:27] Player (Majky, 76561198275611052)(<3474.218506, 6.642277, 5363.240723>) quick accessed a lock!
[21:22:41] Player (Majky, 76561198275611052)(<3468.044189, 4.259703, 5369.500977>) quick accessed a lock!
[21:22:54] Player (Majky, 76561198275611052)(<3474.218506, 6.642277, 5363.240723>) quick accessed a lock!
[21:26:25] Player (Majky, 76561198275611052)(<3474.218506, 6.642277, 5363.240723>) quick accessed a lock!
[21:26:30] Player (Majky, 76561198275611052)(<3460.936523, 4.847070, 5356.074219>) quick accessed a lock!
[21:28:05] Player (Majky, 76561198275611052)(<3460.936523, 4.847070, 5356.074219>) quick accessed a lock!
[21:28:10] Player (Majky, 76561198275611052)(<3474.218506, 6.642277, 5363.240723>) quick accessed a lock!
[21:29:10] Player (Majky, 76561198275611052)(<3474.218506, 6.642277, 5363.240723>) quick accessed a lock!
[21:29:20] Player (Majky, 76561198275611052)(<3460.936523, 4.847070, 5356.074219>) quick accessed a lock!
[21:45:39] Player (Majky, 76561198275611052)(<3460.936523, 4.847070, 5356.074219>) quick accessed a lock!
[21:46:10] Player (Majky, 76561198275611052)(<3474.218506, 6.642277, 5363.240723>) quick accessed a lock!
[21:49:51] Player (Majky, 76561198275611052)(<3474.218506, 6.642277, 5363.240723>) quick accessed a lock!
[21:50:55] Player (Majky, 76561198275611052)(<3474.218506, 6.642277, 5363.240723>) quick accessed a lock!
[21:53:30] Player (Majky, 76561198275611052)(<3460.936523, 4.847070, 5356.074219>) quick accessed a lock!
[21:54:03] Player (Majky, 76561198275611052)(<3460.936523, 4.847070, 5356.074219>) quick accessed a lock!
[21:54:08] Player (Majky, 76561198275611052)(<3474.218506, 6.642277, 5363.240723>) quick accessed a lock!
[22:30:41] Player (martyCZ, 76561198873247465)(<3276.376465, 34.151474, 4613.831055>) quick accessed a lock!
[22:30:47] Player (martyCZ, 76561198873247465)(<3276.376465, 34.151474, 4613.831055>) quick accessed a lock!
[22:33:20] Player (martyCZ, 76561198873247465)(<3276.376465, 34.151474, 4613.831055>) quick accessed a lock!
[23:27:16] Player (Majky, 76561198275611052)(<3474.218506, 6.642277, 5363.240723>) quick accessed a lock!
[23:28:00] Player (Majky, 76561198275611052)(<3460.936523, 4.847070, 5356.074219>) quick accessed a lock!
