[07-09-2022][00.02.31] New Access Log File Created!
[00:52:42] Player (Majky, 76561198275611052)(<3474.218506, 6.642277, 5363.240723>) quick accessed a lock!
[00:56:13] Player (Majky, 76561198275611052)(<3474.218506, 6.642277, 5363.240723>) quick accessed a lock!
[01:04:23] Player (martyCZ, 76561198873247465)(<3276.376465, 34.151474, 4613.831055>) quick accessed a lock!
[01:10:23] Player (martyCZ, 76561198873247465)(<3276.376465, 34.151474, 4613.831055>) quick accessed a lock!
[01:55:21] Player (Majky, 76561198275611052)(<3474.218506, 6.642277, 5363.240723>) quick accessed a lock!
[02:01:08] Player (Majky, 76561198275611052)(<3474.218506, 6.642277, 5363.240723>) quick accessed a lock!
[02:01:11] Player (Majky, 76561198275611052)(<3474.218506, 6.642277, 5363.240723>) quick accessed a lock!
[07-09-2022][04.02.26] Log file reloaded ( Server Restart )
[07-09-2022][08.02.42] Log file reloaded ( Server Restart )
[09:13:49] Player (Majky, 76561198275611052)(<3474.218506, 6.642277, 5363.240723>) quick accessed a lock!
[09:13:53] Player (Majky, 76561198275611052)(<3474.218506, 6.642277, 5363.240723>) quick accessed a lock!
[09:19:51] Player (Majky, 76561198275611052)(<3474.218506, 6.642277, 5363.240723>) quick accessed a lock!
[09:20:38] Player (Majky, 76561198275611052)(<3474.218506, 6.642277, 5363.240723>) quick accessed a lock!
[09:38:18] Player (Kocur69, 76561198295570264)(<5703.666016, 4.296862, 3579.834473>) quick accessed a lock!
[09:38:25] Player (Kocur69, 76561198295570264)(<5704.501465, 4.296862, 3574.349854>) quick accessed a lock!
[09:47:42] Player (Kocur69, 76561198295570264)(<5704.501465, 4.296862, 3574.349854>) quick accessed a lock!
[09:48:03] Player (Majky, 76561198275611052)(<3474.218506, 6.642277, 5363.240723>) quick accessed a lock!
[10:42:06] Player (Majky, 76561198275611052)(<3474.218506, 6.642277, 5363.240723>) quick accessed a lock!
[10:43:25] Player (Majky, 76561198275611052)(<3474.218506, 6.642277, 5363.240723>) quick accessed a lock!
[10:44:00] Player (Majky, 76561198275611052)(<3474.218506, 6.642277, 5363.240723>) quick accessed a lock!
[10:44:49] Player (Majky, 76561198275611052)(<3474.218506, 6.642277, 5363.240723>) quick accessed a lock!
[10:44:56] Player (Majky, 76561198275611052)(<3474.218506, 6.642277, 5363.240723>) quick accessed a lock!
[10:46:12] Player (Majky, 76561198275611052)(<3474.218506, 6.642277, 5363.240723>) quick accessed a lock!
[10:49:45] Player (Majky, 76561198275611052)(<3474.218506, 6.642277, 5363.240723>) quick accessed a lock!
[10:52:44] Player (Majky, 76561198275611052)(<3474.218506, 6.642277, 5363.240723>) quick accessed a lock!
[10:54:00] Player (Majky, 76561198275611052)(<3474.218506, 6.642277, 5363.240723>) quick accessed a lock!
[10:54:26] Player (Majky, 76561198275611052)(<3474.218506, 6.642277, 5363.240723>) quick accessed a lock!
[10:59:33] Player (Majky, 76561198275611052)(<3474.218506, 6.642277, 5363.240723>) quick accessed a lock!
[11:00:16] Player (Majky, 76561198275611052)(<3474.218506, 6.642277, 5363.240723>) quick accessed a lock!
[11:01:05] Player (Majky, 76561198275611052)(<3474.218506, 6.642277, 5363.240723>) quick accessed a lock!
[11:15:15] Player (Majky, 76561198275611052)(<3474.218506, 6.642277, 5363.240723>) quick accessed a lock!
[11:15:44] Player (Majky, 76561198275611052)(<3474.218506, 6.642277, 5363.240723>) quick accessed a lock!
[11:22:26] Player (martyCZ, 76561198873247465)(<3276.376465, 34.151474, 4613.831055>) quick accessed a lock!
[07-09-2022][12.02.35] Log file reloaded ( Server Restart )
[13:37:15] Player (Majky, 76561198275611052)(<3474.218506, 6.642277, 5363.240723>) quick accessed a lock!
[13:39:46] Player (Majky, 76561198275611052)(<3474.218506, 6.642277, 5363.240723>) quick accessed a lock!
[13:40:31] Player (Majky, 76561198275611052)(<3474.218506, 6.642277, 5363.240723>) quick accessed a lock!
[07-09-2022][13.44.22] Log file reloaded ( Server Restart )
[15:13:46] Player (Majky, 76561198275611052)(<3474.218506, 6.642277, 5363.240723>) quick accessed a lock!
[15:15:49] Player (Majky, 76561198275611052)(<3474.218506, 6.642277, 5363.240723>) quick accessed a lock!
[15:16:08] Player (Majky, 76561198275611052)(<3474.218506, 6.642277, 5363.240723>) quick accessed a lock!
[15:22:26] Player (Majky, 76561198275611052)(<3474.218506, 6.642277, 5363.240723>) quick accessed a lock!
[15:23:16] Player (Majky, 76561198275611052)(<3474.218506, 6.642277, 5363.240723>) quick accessed a lock!
[07-09-2022][16.02.29] Log file reloaded ( Server Restart )
[07-09-2022][16.14.36] Log file reloaded ( Server Restart )
[07-09-2022][17.24.02] Log file reloaded ( Server Restart )
[07-09-2022][20.02.31] Log file reloaded ( Server Restart )
[22:07:32] Player (Majky, 76561198275611052)(<3474.218506, 6.642277, 5363.240723>) quick accessed a lock!
[22:08:11] Player (Majky, 76561198275611052)(<3474.218506, 6.642277, 5363.240723>) quick accessed a lock!
[22:09:25] Player (Majky, 76561198275611052)(<3474.218506, 6.642277, 5363.240723>) quick accessed a lock!
[22:10:01] Player (Majky, 76561198275611052)(<3474.218506, 6.642277, 5363.240723>) quick accessed a lock!
[23:38:52] Player (Majky, 76561198275611052)(<3474.218506, 6.642277, 5363.240723>) quick accessed a lock!
[23:42:15] Player (Majky, 76561198275611052)(<3474.218506, 6.642277, 5363.240723>) quick accessed a lock!
[23:49:07] Player (Majky, 76561198275611052)(<3474.218506, 6.642277, 5363.240723>) quick accessed a lock!
[23:50:32] Player (Majky, 76561198275611052)(<3474.218506, 6.642277, 5363.240723>) quick accessed a lock!
[23:51:52] Player (Majky, 76561198275611052)(<3474.218506, 6.642277, 5363.240723>) quick accessed a lock!
[23:52:24] Player (Majky, 76561198275611052)(<3474.218506, 6.642277, 5363.240723>) quick accessed a lock!
[23:54:42] Player (Majky, 76561198275611052)(<3474.218506, 6.642277, 5363.240723>) quick accessed a lock!
