[08-16-2022][00.02.39] New Access Log File Created!
[08-16-2022][04.02.33] Log file reloaded ( Server Restart )
[08-16-2022][06.05.59] Log file reloaded ( Server Restart )
[08-16-2022][08.02.39] Log file reloaded ( Server Restart )
[08-16-2022][12.02.34] Log file reloaded ( Server Restart )
[15:40:10] Player (Loomio, 76561198122836148)(<4468.587402, 4.298049, 3159.014404>) quick accessed a lock!
[15:43:41] Player (Loomio, 76561198122836148)(<4468.587402, 4.298049, 3159.014404>) quick accessed a lock!
[15:44:13] Player (Loomio, 76561198122836148)(<4468.587402, 4.298049, 3159.014404>) quick accessed a lock!
[08-16-2022][16.02.35] Log file reloaded ( Server Restart )
[16:27:56] Player (Merky, 76561198000354300)(<3922.433105, 41.602104, 2912.677246>) quick accessed a lock!
[16:31:40] Player (Merky, 76561198000354300)(<3922.433105, 41.602104, 2912.677246>) quick accessed a lock!
[17:10:58] Player (Loomio, 76561198122836148)(<4468.587402, 4.298049, 3159.014404>) quick accessed a lock!
[17:25:47] Player (Loomio, 76561198122836148)(<4468.587402, 4.298049, 3159.014404>) quick accessed a lock!
[17:28:09] Player (Loomio, 76561198122836148)(<4468.587402, 4.298049, 3159.014404>) quick accessed a lock!
[17:28:31] Player (HrabefonVorezprut, 76561198065958810)(<4450.335449, 6.887537, 3090.050293>) quick accessed a lock!
[17:29:15] Player (HrabefonVorezprut, 76561198065958810)(<4450.335449, 6.887537, 3090.050293>) quick accessed a lock!
[17:29:18] Player (HrabefonVorezprut, 76561198065958810)(<4450.335449, 6.887537, 3090.050293>) quick accessed a lock!
[17:29:25] Player (HrabefonVorezprut, 76561198065958810)(<4450.335449, 6.887537, 3090.050293>) quick accessed a lock!
[17:29:42] Player (HrabefonVorezprut, 76561198065958810)(<4450.335449, 6.887537, 3090.050293>) quick accessed a lock!
[17:30:19] Player (HrabefonVorezprut, 76561198065958810)(<4450.335449, 6.887537, 3090.050293>) quick accessed a lock!
[17:33:25] Player (HrabefonVorezprut, 76561198065958810)(<4450.335449, 6.887537, 3090.050293>) quick accessed a lock!
[17:33:55] Player (HrabefonVorezprut, 76561198065958810)(<4450.335449, 6.887537, 3090.050293>) quick accessed a lock!
[17:36:29] Player (HrabefonVorezprut, 76561198065958810)(<4450.335449, 6.887537, 3090.050293>) quick accessed a lock!
[17:45:19] Player (HrabefonVorezprut, 76561198065958810)(<4450.335449, 6.887537, 3090.050293>) quick accessed a lock!
[17:58:27] Player (Loomio, 76561198122836148)(<4468.587402, 4.298049, 3159.014404>) quick accessed a lock!
[18:04:33] Player ([R.E.D] DoDgY, 76561197971239971)(<7008.073242, 2.844007, 5128.650879>) quick accessed a lock!
[18:05:42] Player ([R.E.D] DoDgY, 76561197971239971)(<7000.379883, 1.131253, 5129.526855>) quick accessed a lock!
[18:06:00] Player ([R.E.D] DoDgY, 76561197971239971)(<6995.516602, 1.199409, 5130.952148>) quick accessed a lock!
[18:40:55] Player (HrabefonVorezprut, 76561198065958810)(<4450.335449, 6.887537, 3090.050293>) quick accessed a lock!
[18:42:34] Player (HrabefonVorezprut, 76561198065958810)(<4450.335449, 6.887537, 3090.050293>) quick accessed a lock!
[18:43:14] Player (HrabefonVorezprut, 76561198065958810)(<4450.335449, 6.887537, 3090.050293>) quick accessed a lock!
[18:45:00] Player (HrabefonVorezprut, 76561198065958810)(<4450.335449, 6.887537, 3090.050293>) quick accessed a lock!
[18:52:22] Player (HrabefonVorezprut, 76561198065958810)(<4450.335449, 6.887537, 3090.050293>) quick accessed a lock!
[18:56:55] Player (HrabefonVorezprut, 76561198065958810)(<4450.335449, 6.887537, 3090.050293>) quick accessed a lock!
[08-16-2022][19.32.28] Log file reloaded ( Server Restart )
[19:38:01] Player ([R.E.D] The Old Man, 76561198162835454)(<7008.073242, 2.844007, 5128.650879>) quick accessed a lock!
[19:38:29] Player ([R.E.D] The Old Man, 76561198162835454)(<7000.379883, 1.131253, 5129.526855>) quick accessed a lock!
[19:39:35] Player ([R.E.D] The Old Man, 76561198162835454)(<7000.379883, 1.131253, 5129.526855>) quick accessed a lock!
[19:39:46] Player ([R.E.D] The Old Man, 76561198162835454)(<6995.516602, 1.199409, 5130.952148>) quick accessed a lock!
[19:41:00] Player ([R.E.D] The Old Man, 76561198162835454)(<7008.073242, 2.844007, 5128.650879>) quick accessed a lock!
[19:44:58] Player ([R.E.D] The Old Man, 76561198162835454)(<7008.073242, 2.844007, 5128.650879>) quick accessed a lock!
[19:45:54] Player ([R.E.D] The Old Man, 76561198162835454)(<7008.073242, 2.844007, 5128.650879>) quick accessed a lock!
[19:48:52] Player (HrabefonVorezprut, 76561198065958810)(<4450.335449, 6.887537, 3090.050293>) quick accessed a lock!
[19:49:04] Player (HrabefonVorezprut, 76561198065958810)(<4450.335449, 6.887537, 3090.050293>) quick accessed a lock!
[19:50:15] Player ([R.E.D] The Old Man, 76561198162835454)(<7000.379883, 1.131253, 5129.526855>) quick accessed a lock!
[19:51:00] Player ([R.E.D] The Old Man, 76561198162835454)(<7008.073242, 2.844007, 5128.650879>) quick accessed a lock!
[19:51:23] Player (HrabefonVorezprut, 76561198065958810)(<4450.335449, 6.887537, 3090.050293>) quick accessed a lock!
[19:53:58] Player (HrabefonVorezprut, 76561198065958810)(<4450.335449, 6.887537, 3090.050293>) quick accessed a lock!
[19:54:32] Player (Loomio, 76561198122836148)(<4468.587402, 4.298049, 3159.014404>) quick accessed a lock!
[08-16-2022][20.02.36] Log file reloaded ( Server Restart )
[20:04:15] Player ([R.E.D] The Old Man, 76561198162835454)(<7008.073242, 2.844007, 5128.650879>) quick accessed a lock!
[20:05:22] Player ([R.E.D] The Old Man, 76561198162835454)(<7008.073242, 2.844007, 5128.650879>) quick accessed a lock!
[20:05:24] Player (Loomio, 76561198122836148)(<4468.587402, 4.298049, 3159.014404>) quick accessed a lock!
[20:06:49] Player ([R.E.D] The Old Man, 76561198162835454)(<7008.073242, 2.844007, 5128.650879>) quick accessed a lock!
[20:07:09] Player ([R.E.D] The Old Man, 76561198162835454)(<7008.073242, 2.844007, 5128.650879>) quick accessed a lock!
[20:07:52] Player ([R.E.D] The Old Man, 76561198162835454)(<7000.379883, 1.131253, 5129.526855>) quick accessed a lock!
[20:08:15] Player ([R.E.D] The Old Man, 76561198162835454)(<7008.073242, 2.844007, 5128.650879>) quick accessed a lock!
[20:12:05] Player (HrabefonVorezprut, 76561198065958810)(<4450.335449, 6.887537, 3090.050293>) quick accessed a lock!
[20:13:29] Player ([R.E.D] The Old Man, 76561198162835454)(<7008.073242, 2.844007, 5128.650879>) quick accessed a lock!
[20:13:42] Player ([R.E.D] The Old Man, 76561198162835454)(<7008.073242, 2.844007, 5128.650879>) quick accessed a lock!
[20:15:09] Player (Loomio, 76561198122836148)(<4468.587402, 4.298049, 3159.014404>) quick accessed a lock!
[20:16:06] Player (HrabefonVorezprut, 76561198065958810)(<4450.335449, 6.887537, 3090.050293>) quick accessed a lock!
[20:18:27] Player ([R.E.D] The Old Man, 76561198162835454)(<7008.073242, 2.844007, 5128.650879>) quick accessed a lock!
[20:18:34] Player ([R.E.D] The Old Man, 76561198162835454)(<7000.379883, 1.131253, 5129.526855>) quick accessed a lock!
[20:18:38] Player ([R.E.D] The Old Man, 76561198162835454)(<6995.516602, 1.199409, 5130.952148>) quick accessed a lock!
[20:24:51] Player (HrabefonVorezprut, 76561198065958810)(<4450.335449, 6.887537, 3090.050293>) quick accessed a lock!
[20:26:26] Player (HrabefonVorezprut, 76561198065958810)(<4450.335449, 6.887537, 3090.050293>) quick accessed a lock!
[22:06:41] Player (HrabefonVorezprut, 76561198065958810)(<4450.335449, 6.887537, 3090.050293>) quick accessed a lock!
[22:07:30] Player ([R.E.D] The Old Man, 76561198162835454)(<7008.073242, 2.844007, 5128.650879>) quick accessed a lock!
[22:14:47] Player ([R.E.D] The Old Man, 76561198162835454)(<7008.073242, 2.844007, 5128.650879>) quick accessed a lock!
[22:14:53] Player ([R.E.D] The Old Man, 76561198162835454)(<7000.379883, 1.131253, 5129.526855>) quick accessed a lock!
[22:14:56] Player ([R.E.D] The Old Man, 76561198162835454)(<6995.516602, 1.199409, 5130.952148>) quick accessed a lock!
[22:15:35] Player ([R.E.D] The Old Man, 76561198162835454)(<7008.073242, 2.844007, 5128.650879>) quick accessed a lock!
[22:24:06] Player ([R.E.D] The Old Man, 76561198162835454)(<6995.516602, 1.199409, 5130.952148>) quick accessed a lock!
[22:24:18] Player ([R.E.D] The Old Man, 76561198162835454)(<7008.073242, 2.844007, 5128.650879>) quick accessed a lock!
[22:27:09] Player ([R.E.D] The Old Man, 76561198162835454)(<7000.379883, 1.131253, 5129.526855>) quick accessed a lock!
[22:28:29] Player ([R.E.D] The Old Man, 76561198162835454)(<6995.516602, 1.199409, 5130.952148>) quick accessed a lock!
[22:28:49] Player ([R.E.D] The Old Man, 76561198162835454)(<7008.073242, 2.844007, 5128.650879>) quick accessed a lock!
[22:33:14] Player (HrabefonVorezprut, 76561198065958810)(<4450.335449, 6.887537, 3090.050293>) quick accessed a lock!
[22:41:34] Player (HrabefonVorezprut, 76561198065958810)(<4450.335449, 6.887537, 3090.050293>) quick accessed a lock!
[22:41:45] Player (HrabefonVorezprut, 76561198065958810)(<4450.335449, 6.887537, 3090.050293>) quick accessed a lock!
[22:50:12] Player ([R.E.D] The Old Man, 76561198162835454)(<7000.379883, 1.131253, 5129.526855>) quick accessed a lock!
[22:50:24] Player ([R.E.D] The Old Man, 76561198162835454)(<6995.516602, 1.199409, 5130.952148>) quick accessed a lock!
[22:56:12] Player ([R.E.D] The Old Man, 76561198162835454)(<7008.073242, 2.844007, 5128.650879>) quick accessed a lock!
[22:58:32] Player ([R.E.D] The Old Man, 76561198162835454)(<7008.073242, 2.844007, 5128.650879>) quick accessed a lock!
[22:59:25] Player ([R.E.D] The Old Man, 76561198162835454)(<7008.073242, 2.844007, 5128.650879>) quick accessed a lock!
[23:00:11] Player ([R.E.D] The Old Man, 76561198162835454)(<6995.516602, 1.199409, 5130.952148>) quick accessed a lock!
[23:00:35] Player ([R.E.D] The Old Man, 76561198162835454)(<7008.073242, 2.844007, 5128.650879>) quick accessed a lock!
[23:02:50] Player ([R.E.D] The Old Man, 76561198162835454)(<7008.073242, 2.844007, 5128.650879>) quick accessed a lock!
[23:08:36] Player ([R.E.D] The Old Man, 76561198162835454)(<6995.516602, 1.199409, 5130.952148>) quick accessed a lock!
[23:09:51] Player ([R.E.D] The Old Man, 76561198162835454)(<6995.516602, 1.199409, 5130.952148>) quick accessed a lock!
[23:10:55] Player ([R.E.D] The Old Man, 76561198162835454)(<7008.073242, 2.844007, 5128.650879>) quick accessed a lock!
[23:11:56] Player ([R.E.D] The Old Man, 76561198162835454)(<7008.073242, 2.844007, 5128.650879>) quick accessed a lock!
[23:26:12] Player ([R.E.D] The Old Man, 76561198162835454)(<7008.073242, 2.844007, 5128.650879>) quick accessed a lock!
[23:45:28] Player (HrabefonVorezprut, 76561198065958810)(<4450.335449, 6.887537, 3090.050293>) quick accessed a lock!
[23:46:49] Player (HrabefonVorezprut, 76561198065958810)(<4450.335449, 6.887537, 3090.050293>) quick accessed a lock!
