[08-26-2022][00.02.34] New Access Log File Created!
[08-26-2022][04.02.34] Log file reloaded ( Server Restart )
[08-26-2022][07.06.16] Log file reloaded ( Server Restart )
[07:40:17] Player ([Chill] Rehy_CZ, 76561198292022430)(<3381.419678, 30.414505, 3427.238281>) quick accessed a lock!
[07:40:25] Player ([Chill] Rehy_CZ, 76561198292022430)(<3383.022949, 31.461510, 3414.468994>) quick accessed a lock!
[08-26-2022][08.02.38] Log file reloaded ( Server Restart )
[08:40:03] Player ([Chill] Rehy_CZ, 76561198292022430)(<3383.022949, 31.461510, 3414.468994>) quick accessed a lock!
[08:40:15] Player ([Chill] Rehy_CZ, 76561198292022430)(<3377.685547, 29.644051, 3407.356201>) quick accessed a lock!
[08:40:54] Player ([Chill] Rehy_CZ, 76561198292022430)(<3381.419678, 30.414505, 3427.238281>) quick accessed a lock!
[08:41:01] Player ([Chill] Rehy_CZ, 76561198292022430)(<3383.022949, 31.461510, 3414.468994>) quick accessed a lock!
[08:42:04] Player ([Chill] Rehy_CZ, 76561198292022430)(<3381.419678, 30.414505, 3427.238281>) quick accessed a lock!
[10:46:59] Player ([Chill] Rehy_CZ, 76561198292022430)(<3381.419678, 30.414505, 3427.238281>) quick accessed a lock!
[10:47:21] Player ([Chill] Rehy_CZ, 76561198292022430)(<3381.419678, 30.414505, 3427.238281>) quick accessed a lock!
[10:47:31] Player ([Chill] Rehy_CZ, 76561198292022430)(<3377.685547, 29.644051, 3407.356201>) quick accessed a lock!
[10:48:44] Player ([Chill] Rehy_CZ, 76561198292022430)(<3383.022949, 31.461510, 3414.468994>) quick accessed a lock!
[11:21:58] Player (Honan, 76561198823335714)(<3381.419678, 30.414505, 3427.238281>) accessed a lock!
[11:21:58] Player (Honan, 76561198823335714)(<3381.419678, 30.414505, 3427.238281>) was added as a guest of a lock!
[11:24:13] Player ([Chill] Rehy_CZ, 76561198292022430)(<3377.685547, 29.644051, 3407.356201>) quick accessed a lock!
[11:27:07] Player ([Chill] Rehy_CZ, 76561198292022430)(<3381.419678, 30.414505, 3427.238281>) quick accessed a lock!
[11:36:11] Player (Honan, 76561198823335714)(<3381.419678, 30.414505, 3427.238281>) quick accessed a lock!
[11:40:43] Player ([Chill] Rehy_CZ, 76561198292022430)(<3383.022949, 31.461510, 3414.468994>) quick accessed a lock!
[11:41:01] Player ([Chill] Rehy_CZ, 76561198292022430)(<3381.419678, 30.414505, 3427.238281>) quick accessed a lock!
[11:54:18] Player ([Chill] Rehy_CZ, 76561198292022430)(<3381.419678, 30.414505, 3427.238281>) quick accessed a lock!
[11:55:55] Player ([Chill] Rehy_CZ, 76561198292022430)(<3383.022949, 31.461510, 3414.468994>) quick accessed a lock!
[08-26-2022][12.02.38] Log file reloaded ( Server Restart )
[12:06:01] Player ([Chill] Rehy_CZ, 76561198292022430)(<3383.022949, 31.461510, 3414.468994>) quick accessed a lock!
[12:06:26] Player ([CHILL]Wesan, 76561198026721707)(<3396.460693, 31.416298, 3435.075928>) quick accessed a lock!
[12:07:49] Player ([Chill] Rehy_CZ, 76561198292022430)(<3383.022949, 31.461510, 3414.468994>) quick accessed a lock!
[12:08:28] Player ([CHILL]Wesan, 76561198026721707)(<3396.460693, 31.416298, 3435.075928>) quick accessed a lock!
[12:11:28] Player (Honan, 76561198823335714)(<3381.419678, 30.414505, 3427.238281>) quick accessed a lock!
[12:18:51] Player ([Chill] Rehy_CZ, 76561198292022430)(<3381.419678, 30.414505, 3427.238281>) quick accessed a lock!
[12:19:09] Player ([CHILL]Wesan, 76561198026721707)(<3381.419678, 30.414505, 3427.238281>) quick accessed a lock!
[12:19:16] Player ([Chill] Rehy_CZ, 76561198292022430)(<3383.022949, 31.461510, 3414.468994>) quick accessed a lock!
[12:20:53] Player ([CHILL]Wesan, 76561198026721707)(<3396.460693, 31.416298, 3435.075928>) quick accessed a lock!
[12:21:26] Player ([Chill] Rehy_CZ, 76561198292022430)(<3383.022949, 31.461510, 3414.468994>) quick accessed a lock!
[12:21:52] Player (Honan, 76561198823335714)(<3381.419678, 30.414505, 3427.238281>) quick accessed a lock!
[12:22:00] Player ([Chill] Rehy_CZ, 76561198292022430)(<3377.685547, 29.644051, 3407.356201>) quick accessed a lock!
[12:32:51] Player ([Chill] Rehy_CZ, 76561198292022430)(<3381.419678, 30.414505, 3427.238281>) quick accessed a lock!
[12:33:24] Player ([Chill] Rehy_CZ, 76561198292022430)(<3383.022949, 31.461510, 3414.468994>) quick accessed a lock!
[12:34:02] Player ([Chill] Rehy_CZ, 76561198292022430)(<3377.685547, 29.644051, 3407.356201>) quick accessed a lock!
[12:34:53] Player ([Chill] Rehy_CZ, 76561198292022430)(<3381.419678, 30.414505, 3427.238281>) quick accessed a lock!
[12:36:08] Player ([CHILL]Wesan, 76561198026721707)(<3396.460693, 31.416298, 3435.075928>) quick accessed a lock!
[12:37:48] Player ([Chill] Rehy_CZ, 76561198292022430)(<3381.419678, 30.414505, 3427.238281>) quick accessed a lock!
[12:37:54] Player ([CHILL]Wesan, 76561198026721707)(<3381.419678, 30.414505, 3427.238281>) quick accessed a lock!
[12:40:22] Player ([Chill] Rehy_CZ, 76561198292022430)(<3381.419678, 30.414505, 3427.238281>) quick accessed a lock!
[12:40:38] Player ([CHILL]Wesan, 76561198026721707)(<3381.419678, 30.414505, 3427.238281>) quick accessed a lock!
[12:41:28] Player ([CHILL]Wesan, 76561198026721707)(<3396.460693, 31.416298, 3435.075928>) quick accessed a lock!
[12:48:04] Player ([CHILL]Wesan, 76561198026721707)(<3396.460693, 31.416298, 3435.075928>) quick accessed a lock!
[12:49:24] Player ([Chill] Rehy_CZ, 76561198292022430)(<3381.419678, 30.414505, 3427.238281>) quick accessed a lock!
[12:49:33] Player ([Chill] Rehy_CZ, 76561198292022430)(<3377.685547, 29.644051, 3407.356201>) quick accessed a lock!
[12:49:34] Player ([Chill] Rehy_CZ, 76561198292022430)(<3377.685547, 29.644051, 3407.356201>) quick accessed a lock!
[12:49:43] Player ([Chill] Rehy_CZ, 76561198292022430)(<3377.685547, 29.644051, 3407.356201>) quick accessed a lock!
[12:51:10] Player ([CHILL]Wesan, 76561198026721707)(<3396.460693, 31.416298, 3435.075928>) quick accessed a lock!
[12:52:42] Player ([CHILL]Wesan, 76561198026721707)(<3396.460693, 31.416298, 3435.075928>) quick accessed a lock!
[12:54:53] Player ([Chill] Rehy_CZ, 76561198292022430)(<3383.022949, 31.461510, 3414.468994>) quick accessed a lock!
[12:58:10] Player ([CHILL]Wesan, 76561198026721707)(<3396.460693, 31.416298, 3435.075928>) quick accessed a lock!
[12:59:22] Player ([Chill] Rehy_CZ, 76561198292022430)(<3383.022949, 31.461510, 3414.468994>) quick accessed a lock!
[14:23:13] Player ([Chill] Rehy_CZ, 76561198292022430)(<3383.022949, 31.461510, 3414.468994>) quick accessed a lock!
[14:30:18] Player ([Chill] Rehy_CZ, 76561198292022430)(<3377.685547, 29.644051, 3407.356201>) quick accessed a lock!
[14:31:10] Player ([Chill] Rehy_CZ, 76561198292022430)(<3381.419678, 30.414505, 3427.238281>) quick accessed a lock!
[14:31:22] Player ([Chill] Rehy_CZ, 76561198292022430)(<3383.022949, 31.461510, 3414.468994>) quick accessed a lock!
[14:33:24] Player ([Chill] Rehy_CZ, 76561198292022430)(<3383.022949, 31.461510, 3414.468994>) quick accessed a lock!
[14:41:55] Player ([Chill] Rehy_CZ, 76561198292022430)(<3381.419678, 30.414505, 3427.238281>) quick accessed a lock!
[14:43:33] Player ([Chill] Rehy_CZ, 76561198292022430)(<3381.419678, 30.414505, 3427.238281>) quick accessed a lock!
[14:55:24] Player ([Chill] Rehy_CZ, 76561198292022430)(<3381.419678, 30.414505, 3427.238281>) quick accessed a lock!
[15:26:43] Player ([CHILL]Wesan, 76561198026721707)(<3396.460693, 31.416298, 3435.075928>) quick accessed a lock!
[15:27:21] Player ([CHILL]Wesan, 76561198026721707)(<3381.419678, 30.414505, 3427.238281>) quick accessed a lock!
[15:27:28] Player ([CHILL]Wesan, 76561198026721707)(<3381.419678, 30.414505, 3427.238281>) quick accessed a lock!
[15:27:34] Player ([CHILL]Wesan, 76561198026721707)(<3396.460693, 31.416298, 3435.075928>) quick accessed a lock!
[15:28:10] Player ([CHILL]Wesan, 76561198026721707)(<3381.419678, 30.414505, 3427.238281>) quick accessed a lock!
[15:44:17] Player ([Chill] Rehy_CZ, 76561198292022430)(<3381.419678, 30.414505, 3427.238281>) quick accessed a lock!
[15:44:23] Player ([Chill] Rehy_CZ, 76561198292022430)(<3383.022949, 31.461510, 3414.468994>) quick accessed a lock!
[15:58:00] Player ([Chill] Rehy_CZ, 76561198292022430)(<3383.022949, 31.461510, 3414.468994>) quick accessed a lock!
[15:59:29] Player ([Chill] Rehy_CZ, 76561198292022430)(<3381.419678, 30.414505, 3427.238281>) quick accessed a lock!
[08-26-2022][16.02.35] Log file reloaded ( Server Restart )
[08-26-2022][16.41.49] Log file reloaded ( Server Restart )
[17:12:22] Player (MaryCuddles, 76561198155782912)(<8940.941406, 11.078473, 7995.913574>) quick accessed a lock!
[17:13:18] Player (MaryCuddles, 76561198155782912)(<8940.941406, 11.078473, 7995.913574>) quick accessed a lock!
[17:22:00] Player (HrabefonVorezprut, 76561198065958810)(<4450.335449, 6.887537, 3090.050293>) quick accessed a lock!
[17:23:56] Player (HrabefonVorezprut, 76561198065958810)(<4450.335449, 6.887537, 3090.050293>) quick accessed a lock!
[17:24:08] Player (HrabefonVorezprut, 76561198065958810)(<4450.335449, 6.887537, 3090.050293>) quick accessed a lock!
[17:24:13] Player (HrabefonVorezprut, 76561198065958810)(<4450.335449, 6.887537, 3090.050293>) quick accessed a lock!
[17:26:19] Player (HrabefonVorezprut, 76561198065958810)(<4450.335449, 6.887537, 3090.050293>) quick accessed a lock!
[17:26:30] Player (HrabefonVorezprut, 76561198065958810)(<4489.105957, 1.163242, 3118.035645>) quick accessed a lock!
[17:41:36] Player (Honan , 76561198823335714)(<3381.419678, 30.414505, 3427.238281>) quick accessed a lock!
[18:06:12] Player (Loomio, 76561198122836148)(<4468.587402, 4.298049, 3159.014404>) quick accessed a lock!
[18:07:29] Player (Loomio, 76561198122836148)(<4468.587402, 4.298049, 3159.014404>) quick accessed a lock!
[18:09:01] Player (Loomio, 76561198122836148)(<4468.587402, 4.298049, 3159.014404>) quick accessed a lock!
[18:09:13] Player (Loomio, 76561198122836148)(<4468.587402, 4.298049, 3159.014404>) quick accessed a lock!
[18:09:14] Player (HrabefonVorezprut, 76561198065958810)(<4450.335449, 6.887537, 3090.050293>) quick accessed a lock!
[18:24:43] Player (Loomio, 76561198122836148)(<4468.587402, 4.298049, 3159.014404>) quick accessed a lock!
[18:33:21] Player (Loomio, 76561198122836148)(<4468.587402, 4.298049, 3159.014404>) quick accessed a lock!
[08-26-2022][20.03.03] Log file reloaded ( Server Restart )
[21:30:55] Player ([Chill] Rehy_CZ, 76561198292022430)(<3381.419678, 30.414505, 3427.238281>) quick accessed a lock!
[21:31:22] Player ([Chill] Rehy_CZ, 76561198292022430)(<3383.022949, 31.461510, 3414.468994>) quick accessed a lock!
[22:09:33] Player ([Chill] Rehy_CZ, 76561198292022430)(<3381.419678, 30.414505, 3427.238281>) quick accessed a lock!
[22:09:49] Player ([Chill] Rehy_CZ, 76561198292022430)(<3381.419678, 30.414505, 3427.238281>) quick accessed a lock!
[22:10:27] Player ([Chill] Rehy_CZ, 76561198292022430)(<3381.419678, 30.414505, 3427.238281>) quick accessed a lock!
[22:10:38] Player ([Chill] Rehy_CZ, 76561198292022430)(<3377.685547, 29.644051, 3407.356201>) quick accessed a lock!
[22:12:02] Player ([Chill] Rehy_CZ, 76561198292022430)(<3381.419678, 30.414505, 3427.238281>) quick accessed a lock!
[22:14:57] Player ([Chill] Rehy_CZ, 76561198292022430)(<3381.419678, 30.414505, 3427.238281>) quick accessed a lock!
[22:15:08] Player ([Chill] Rehy_CZ, 76561198292022430)(<3377.685547, 29.644051, 3407.356201>) quick accessed a lock!
[22:54:30] Player (Majky, 76561198275611052)(<8816.708008, 6.980093, 6663.119141>) quick accessed a lock!
