[08-03-2022][00.02.42] New Access Log File Created!
[08-03-2022][04.02.32] Log file reloaded ( Server Restart )
[08-03-2022][04.14.44] Log file reloaded ( Server Restart )
[06:52:59] Player ([Chill] Rehy_CZ, 76561198292022430)(<3383.022949, 31.461510, 3414.468994>) quick accessed a lock!
[06:55:27] Player ([Chill] Rehy_CZ, 76561198292022430)(<3383.022949, 31.461510, 3414.468994>) quick accessed a lock!
[06:55:29] Player ([Chill] Rehy_CZ, 76561198292022430)(<3383.022949, 31.461510, 3414.468994>) quick accessed a lock!
[07:07:52] Player ([Chill] Rehy_CZ, 76561198292022430)(<3383.022949, 31.461510, 3414.468994>) quick accessed a lock!
[07:17:25] Player ([Chill] Rehy_CZ, 76561198292022430)(<3383.022949, 31.461510, 3414.468994>) quick accessed a lock!
[07:17:28] Player ([Chill] Rehy_CZ, 76561198292022430)(<3383.022949, 31.461510, 3414.468994>) quick accessed a lock!
[07:17:53] Player ([Chill] Rehy_CZ, 76561198292022430)(<3383.022949, 31.461510, 3414.468994>) quick accessed a lock!
[07:18:34] Player ([Chill] Rehy_CZ, 76561198292022430)(<3383.022949, 31.461510, 3414.468994>) quick accessed a lock!
[07:19:57] Player ([Chill] Rehy_CZ, 76561198292022430)(<3383.022949, 31.461510, 3414.468994>) quick accessed a lock!
[07:20:51] Player ([Chill] Rehy_CZ, 76561198292022430)(<3383.022949, 31.461510, 3414.468994>) quick accessed a lock!
[08-03-2022][08.02.39] Log file reloaded ( Server Restart )
[09:39:21] Player ([Chill] Rehy_CZ, 76561198292022430)(<3383.022949, 31.461510, 3414.468994>) quick accessed a lock!
[09:48:45] Player (Bflame, 76561198072840834)(<3411.108643, 12.659751, 5048.064941>) quick accessed a lock!
[09:49:18] Player (Bflame, 76561198072840834)(<3421.042480, 15.097157, 5042.374512>) quick accessed a lock!
[11:54:05] Player (Majky, 76561198275611052)(<8816.708008, 6.980093, 6663.119141>) set a new passcode on lock!
[11:54:05] Player (Majky, 76561198275611052)(<8816.708008, 6.980093, 6663.119141>) claimed ownership of a lock!
[11:54:06] Player (Majky, 76561198275611052)(<8816.708008, 6.980093, 6663.119141>) quick accessed a lock!
[08-03-2022][12.02.32] Log file reloaded ( Server Restart )
[12:42:16] Player ([Chill] Rehy_CZ, 76561198292022430)(<3383.022949, 31.461510, 3414.468994>) quick accessed a lock!
[13:14:48] Player ([Chill] Rehy_CZ, 76561198292022430)(<3383.022949, 31.461510, 3414.468994>) quick accessed a lock!
[08-03-2022][16.02.33] Log file reloaded ( Server Restart )
[08-03-2022][16.57.45] Log file reloaded ( Server Restart )
[17:07:56] Player (Majky, 76561198275611052)(<8816.708008, 6.980093, 6663.119141>) quick accessed a lock!
[17:14:55] Player (Majky, 76561198275611052)(<8778.493164, 7.761222, 6659.283691>) quick accessed a lock!
[18:45:05] Player (Martina_(.)(.)_, 76561198097548152)(<8940.941406, 11.078473, 7995.913574>) quick accessed a lock!
[18:46:50] Player (Martina_(.)(.)_, 76561198097548152)(<8940.941406, 11.078473, 7995.913574>) quick accessed a lock!
[18:59:12] Player (Martina_(.)(.)_, 76561198097548152)(<8940.941406, 11.078473, 7995.913574>) quick accessed a lock!
[19:00:04] Player (Majky, 76561198275611052)(<8778.493164, 7.761222, 6659.283691>) quick accessed a lock!
[19:00:22] Player (Majky, 76561198275611052)(<8816.708008, 6.980093, 6663.119141>) quick accessed a lock!
[19:08:23] Player (Majky, 76561198275611052)(<8816.708008, 6.980093, 6663.119141>) quick accessed a lock!
[19:14:40] Player (Majky, 76561198275611052)(<8816.708008, 6.980093, 6663.119141>) quick accessed a lock!
[19:49:32] Player (Martina_(.)(.)_, 76561198097548152)(<8940.941406, 11.078473, 7995.913574>) quick accessed a lock!
[19:56:56] Player (Martina_(.)(.)_, 76561198097548152)(<8940.941406, 11.078473, 7995.913574>) quick accessed a lock!
[08-03-2022][20.02.39] Log file reloaded ( Server Restart )
[20:53:02] Player (Majky, 76561198275611052)(<8816.708008, 6.980093, 6663.119141>) quick accessed a lock!
[21:23:23] Player (Martina_(.)(.)_, 76561198097548152)(<8940.941406, 11.078473, 7995.913574>) quick accessed a lock!
[22:27:10] Player (Majky, 76561198275611052)(<8778.493164, 7.761222, 6659.283691>) quick accessed a lock!
[22:59:05] Player (HrabefonVorezprut, 76561198065958810)(<4450.335449, 6.887537, 3090.050293>) quick accessed a lock!
[23:02:39] Player (HrabefonVorezprut, 76561198065958810)(<4450.335449, 6.887537, 3090.050293>) quick accessed a lock!
