[08-31-2022][00.02.27] New Access Log File Created!
[08-31-2022][08.02.39] Log file reloaded ( Server Restart )
[08-31-2022][12.02.36] Log file reloaded ( Server Restart )
[08-31-2022][14.07.47] Log file reloaded ( Server Restart )
[15:55:49] Player (Loomio, 76561198122836148)(<4468.587402, 4.298049, 3159.014404>) quick accessed a lock!
[15:58:07] Player (Loomio, 76561198122836148)(<4468.587402, 4.298049, 3159.014404>) quick accessed a lock!
[08-31-2022][16.02.30] Log file reloaded ( Server Restart )
[16:04:12] Player (Loomio, 76561198122836148)(<4468.587402, 4.298049, 3159.014404>) quick accessed a lock!
[18:56:57] Player (Aycarambakid, 76561198020952328)(<3677.487305, 83.300156, 2432.046875>) quick accessed a lock!
[08-31-2022][20.02.32] Log file reloaded ( Server Restart )
[21:44:19] Player (Loomio, 76561198122836148)(<4468.587402, 4.298049, 3159.014404>) quick accessed a lock!
[21:46:57] Player (Loomio, 76561198122836148)(<4468.587402, 4.298049, 3159.014404>) quick accessed a lock!
[21:59:45] Player (Loomio, 76561198122836148)(<4468.587402, 4.298049, 3159.014404>) quick accessed a lock!
[21:59:56] Player (Loomio, 76561198122836148)(<4468.587402, 4.298049, 3159.014404>) quick accessed a lock!
[22:07:58] Player (Loomio, 76561198122836148)(<4468.587402, 4.298049, 3159.014404>) quick accessed a lock!
[22:08:55] Player (Loomio, 76561198122836148)(<4468.587402, 4.298049, 3159.014404>) quick accessed a lock!
[22:18:14] Player (Loomio, 76561198122836148)(<4468.587402, 4.298049, 3159.014404>) quick accessed a lock!
[22:22:55] Player (martyCZ, 76561198873247465)(<3276.376465, 34.151474, 4613.831055>) quick accessed a lock!
[22:23:21] Player (martyCZ, 76561198873247465)(<3276.376465, 34.151474, 4613.831055>) quick accessed a lock!
[22:23:25] Player (martyCZ, 76561198873247465)(<3275.452393, 31.053638, 4605.722656>) quick accessed a lock!
[22:28:37] Player (martyCZ, 76561198873247465)(<3276.376465, 34.151474, 4613.831055>) quick accessed a lock!
[22:29:29] Player (Loomio, 76561198122836148)(<4468.587402, 4.298049, 3159.014404>) quick accessed a lock!
[22:29:57] Player (Loomio, 76561198122836148)(<4468.587402, 4.298049, 3159.014404>) quick accessed a lock!
[22:32:07] Player (martyCZ, 76561198873247465)(<3276.376465, 34.151474, 4613.831055>) quick accessed a lock!
[22:37:10] Player (martyCZ, 76561198873247465)(<3276.376465, 34.151474, 4613.831055>) quick accessed a lock!
[22:52:36] Player (martyCZ, 76561198873247465)(<3276.376465, 34.151474, 4613.831055>) quick accessed a lock!
[22:52:42] Player (martyCZ, 76561198873247465)(<3275.452393, 31.053638, 4605.722656>) quick accessed a lock!
[22:54:53] Player (Loomio, 76561198122836148)(<4468.587402, 4.298049, 3159.014404>) quick accessed a lock!
[22:55:40] Player (martyCZ, 76561198873247465)(<3276.376465, 34.151474, 4613.831055>) quick accessed a lock!
[22:56:42] Player (Loomio, 76561198122836148)(<4468.587402, 4.298049, 3159.014404>) quick accessed a lock!
[22:57:40] Player (Loomio, 76561198122836148)(<4468.587402, 4.298049, 3159.014404>) quick accessed a lock!
[23:00:17] Player (martyCZ, 76561198873247465)(<3276.376465, 34.151474, 4613.831055>) quick accessed a lock!
[23:02:15] Player (Loomio, 76561198122836148)(<4468.587402, 4.298049, 3159.014404>) quick accessed a lock!
[23:02:27] Player (Loomio, 76561198122836148)(<4468.587402, 4.298049, 3159.014404>) quick accessed a lock!
[23:03:38] Player (Loomio, 76561198122836148)(<4468.587402, 4.298049, 3159.014404>) quick accessed a lock!
