[09-03-2022][00.02.36] New Access Log File Created!
[09-03-2022][04.02.35] Log file reloaded ( Server Restart )
[09-03-2022][08.02.39] Log file reloaded ( Server Restart )
[08:12:51] Player (Bflame, 76561198072840834)(<3421.042480, 15.097157, 5042.374512>) quick accessed a lock!
[08:22:50] Player (Bflame, 76561198072840834)(<3414.799805, 12.613712, 5047.664063>) quick accessed a lock!
[08:32:40] Player (Bflame, 76561198072840834)(<3421.042480, 15.097157, 5042.374512>) quick accessed a lock!
[08:34:24] Player (Bflame, 76561198072840834)(<3414.799805, 12.613712, 5047.664063>) quick accessed a lock!
[08:34:34] Player (Bflame, 76561198072840834)(<3421.042480, 15.097157, 5042.374512>) quick accessed a lock!
[09:29:46] Player (Bflame, 76561198072840834)(<3421.042480, 15.097157, 5042.374512>) quick accessed a lock!
[09:57:54] Player (Bflame, 76561198072840834)(<3421.042480, 15.097157, 5042.374512>) quick accessed a lock!
[09:59:06] Player (MaxKulera, 76561198022261489)(<5182.491211, 5.778744, 6308.719727>) quick accessed a lock!
[09:59:28] Player (MaxKulera, 76561198022261489)(<5182.491211, 5.778744, 6308.719727>) quick accessed a lock!
[10:00:39] Player (MaxKulera, 76561198022261489)(<5182.491211, 5.778744, 6308.719727>) quick accessed a lock!
[11:19:34] Player (Bflame, 76561198072840834)(<3421.042480, 15.097157, 5042.374512>) quick accessed a lock!
[09-03-2022][12.02.35] Log file reloaded ( Server Restart )
[13:25:22] Player (Bflame, 76561198072840834)(<3421.042480, 15.097157, 5042.374512>) quick accessed a lock!
[09-03-2022][16.02.25] Log file reloaded ( Server Restart )
[09-03-2022][21.41.49] Log file reloaded ( Server Restart )
[22:23:34] Player (Bflame, 76561198072840834)(<3421.042480, 15.097157, 5042.374512>) quick accessed a lock!
[22:24:48] Player (Bflame, 76561198072840834)(<3421.042480, 15.097157, 5042.374512>) quick accessed a lock!
[22:28:10] Player (Bflame, 76561198072840834)(<3421.042480, 15.097157, 5042.374512>) quick accessed a lock!
[22:28:26] Player (Bflame, 76561198072840834)(<3421.042480, 15.097157, 5042.374512>) quick accessed a lock!
[22:38:10] Player (Majky, 76561198275611052)(<8778.493164, 7.761222, 6659.283691>) quick accessed a lock!
[00:11:37] Player (Majky, 76561198275611052)(<8816.708008, 6.980093, 6663.119141>) quick accessed a lock!
[00:29:19] Player (Majky, 76561198275611052)(<8816.708008, 6.980093, 6663.119141>) quick accessed a lock!
[00:29:47] Player (Majky, 76561198275611052)(<8778.493164, 7.761222, 6659.283691>) quick accessed a lock!
[09:36:40] Player (Bflame, 76561198072840834)(<3421.042480, 15.097157, 5042.374512>) quick accessed a lock!
[10:03:23] Player (Bflame, 76561198072840834)(<3414.799805, 12.613712, 5047.664063>) quick accessed a lock!
[10:03:49] Player (Bflame, 76561198072840834)(<3421.042480, 15.097157, 5042.374512>) quick accessed a lock!
