[09-12-2022][00.02.33] New Access Log File Created!
[09-12-2022][04.02.27] Log file reloaded ( Server Restart )
[09-12-2022][08.02.37] Log file reloaded ( Server Restart )
[11:46:55] Player (Dutch, 76561198312765624)(<738.074097, 26.398209, 1122.770874>) quick accessed a lock!
[11:49:15] Player (Dutch, 76561198312765624)(<738.074097, 26.398209, 1122.770874>) quick accessed a lock!
[11:50:36] Player (Dutch, 76561198312765624)(<738.074097, 26.398209, 1122.770874>) quick accessed a lock!
[09-12-2022][12.02.34] Log file reloaded ( Server Restart )
[12:22:33] Player (Dutch, 76561198312765624)(<738.074097, 26.398209, 1122.770874>) quick accessed a lock!
[12:23:42] Player (Dutch, 76561198312765624)(<738.074097, 26.398209, 1122.770874>) quick accessed a lock!
[12:28:15] Player (Dutch, 76561198312765624)(<738.074097, 26.398209, 1122.770874>) quick accessed a lock!
[12:38:15] Player (Dutch, 76561198312765624)(<738.074097, 26.398209, 1122.770874>) quick accessed a lock!
[12:40:09] Player (Dutch, 76561198312765624)(<738.074097, 26.398209, 1122.770874>) quick accessed a lock!
[12:42:48] Player (Utopia, 76561198155356841)(<738.074097, 26.398209, 1122.770874>) quick accessed a lock!
[12:42:52] Player (Utopia, 76561198155356841)(<738.074097, 26.398209, 1122.770874>) quick accessed a lock!
[12:43:44] Player (Dutch, 76561198312765624)(<738.074097, 26.398209, 1122.770874>) quick accessed a lock!
[12:44:27] Player (Dutch, 76561198312765624)(<738.074097, 26.398209, 1122.770874>) quick accessed a lock!
[13:04:27] Player (Dutch, 76561198312765624)(<738.074097, 26.398209, 1122.770874>) quick accessed a lock!
[13:10:32] Player (Utopia, 76561198155356841)(<738.074097, 26.398209, 1122.770874>) quick accessed a lock!
[13:17:22] Player (Utopia, 76561198155356841)(<738.074097, 26.398209, 1122.770874>) quick accessed a lock!
[13:21:52] Player (Dutch, 76561198312765624)(<738.074097, 26.398209, 1122.770874>) quick accessed a lock!
[13:24:10] Player (Utopia, 76561198155356841)(<738.074097, 26.398209, 1122.770874>) quick accessed a lock!
[13:24:14] Player (Dutch, 76561198312765624)(<738.074097, 26.398209, 1122.770874>) quick accessed a lock!
[13:24:22] Player (Utopia, 76561198155356841)(<738.074097, 26.398209, 1122.770874>) quick accessed a lock!
[13:25:00] Player (Dutch, 76561198312765624)(<738.074097, 26.398209, 1122.770874>) quick accessed a lock!
[13:25:42] Player (Dutch, 76561198312765624)(<738.074097, 26.398209, 1122.770874>) quick accessed a lock!
[13:27:35] Player (Dutch, 76561198312765624)(<738.074097, 26.398209, 1122.770874>) quick accessed a lock!
[13:28:47] Player (Dutch, 76561198312765624)(<738.074097, 26.398209, 1122.770874>) quick accessed a lock!
[13:32:11] Player (Utopia, 76561198155356841)(<738.074097, 26.398209, 1122.770874>) quick accessed a lock!
[13:33:03] Player (Utopia, 76561198155356841)(<738.074097, 26.398209, 1122.770874>) quick accessed a lock!
[13:41:49] Player (Dutch, 76561198312765624)(<738.074097, 26.398209, 1122.770874>) quick accessed a lock!
[13:41:57] Player (Utopia, 76561198155356841)(<738.074097, 26.398209, 1122.770874>) quick accessed a lock!
[14:37:48] Player (Dutch, 76561198312765624)(<738.074097, 26.398209, 1122.770874>) quick accessed a lock!
[14:43:36] Player (Bflame, 76561198072840834)(<3414.799805, 12.613712, 5047.664063>) quick accessed a lock!
[14:43:53] Player (Bflame, 76561198072840834)(<3421.042480, 15.097157, 5042.374512>) quick accessed a lock!
[14:44:41] Player (Dutch, 76561198312765624)(<738.074097, 26.398209, 1122.770874>) quick accessed a lock!
[15:22:40] Player (Bflame, 76561198072840834)(<3421.042480, 15.097157, 5042.374512>) quick accessed a lock!
[09-12-2022][16.02.28] Log file reloaded ( Server Restart )
[18:08:17] Player (Loomio, 76561198122836148)(<3478.242676, 26.471230, 3570.753174>) quick accessed a lock!
[18:20:37] Player (Loomio, 76561198122836148)(<3478.242676, 26.471230, 3570.753174>) quick accessed a lock!
[18:21:46] Player (Loomio, 76561198122836148)(<3478.242676, 26.471230, 3570.753174>) quick accessed a lock!
[18:27:26] Player (Loomio, 76561198122836148)(<3478.242676, 26.471230, 3570.753174>) quick accessed a lock!
[18:27:48] Player (Loomio, 76561198122836148)(<3478.242676, 26.471230, 3570.753174>) quick accessed a lock!
[18:29:15] Player (Loomio, 76561198122836148)(<3478.242676, 26.471230, 3570.753174>) quick accessed a lock!
[18:29:27] Player (Loomio, 76561198122836148)(<3478.242676, 26.471230, 3570.753174>) quick accessed a lock!
[18:31:19] Player (Loomio, 76561198122836148)(<3478.242676, 26.471230, 3570.753174>) quick accessed a lock!
[18:37:01] Player (Loomio, 76561198122836148)(<3478.242676, 26.471230, 3570.753174>) quick accessed a lock!
[18:37:59] Player (Loomio, 76561198122836148)(<3478.242676, 26.471230, 3570.753174>) quick accessed a lock!
[18:40:10] Player (Loomio, 76561198122836148)(<3478.242676, 26.471230, 3570.753174>) quick accessed a lock!
[18:46:25] Player (Loomio, 76561198122836148)(<3478.242676, 26.471230, 3570.753174>) quick accessed a lock!
[18:48:36] Player (Bflame, 76561198072840834)(<3421.042480, 15.097157, 5042.374512>) quick accessed a lock!
[18:57:36] Player (Loomio, 76561198122836148)(<3478.242676, 26.471230, 3570.753174>) quick accessed a lock!
[19:04:56] Player (Loomio, 76561198122836148)(<3478.242676, 26.471230, 3570.753174>) quick accessed a lock!
[19:08:09] Player (Loomio, 76561198122836148)(<3478.242676, 26.471230, 3570.753174>) quick accessed a lock!
[09-12-2022][20.02.28] Log file reloaded ( Server Restart )
[21:55:43] Player (Loomio, 76561198122836148)(<3478.242676, 26.471230, 3570.753174>) quick accessed a lock!
[21:56:00] Player (Loomio, 76561198122836148)(<3478.242676, 26.471230, 3570.753174>) quick accessed a lock!
[22:04:04] Player (Loomio, 76561198122836148)(<3478.242676, 26.471230, 3570.753174>) quick accessed a lock!
