[09-20-2022][00.02.41] New Access Log File Created!
[09-20-2022][04.02.33] Log file reloaded ( Server Restart )
[09-20-2022][06.05.46] Log file reloaded ( Server Restart )
[09-20-2022][08.02.40] Log file reloaded ( Server Restart )
[09-20-2022][12.02.38] Log file reloaded ( Server Restart )
[09-20-2022][16.02.24] Log file reloaded ( Server Restart )
[09-20-2022][16.14.37] Log file reloaded ( Server Restart )
[16:57:06] Player (Bflame, 76561198072840834)(<3421.042480, 15.097157, 5042.374512>) quick accessed a lock!
[17:01:11] Player (Bflame, 76561198072840834)(<3421.042480, 15.097157, 5042.374512>) quick accessed a lock!
[18:35:14] Player (Loomio, 76561198122836148)(<3478.242676, 26.471230, 3570.753174>) quick accessed a lock!
[18:41:46] Player (Loomio, 76561198122836148)(<3478.242676, 26.471230, 3570.753174>) quick accessed a lock!
[18:45:47] Player (Loomio, 76561198122836148)(<3478.242676, 26.471230, 3570.753174>) quick accessed a lock!
[19:02:23] Player (Loomio, 76561198122836148)(<3478.242676, 26.471230, 3570.753174>) quick accessed a lock!
[19:06:27] Player (Loomio, 76561198122836148)(<3478.242676, 26.471230, 3570.753174>) quick accessed a lock!
[19:15:26] Player (Loomio, 76561198122836148)(<3478.242676, 26.471230, 3570.753174>) quick accessed a lock!
[19:16:00] Player (Loomio, 76561198122836148)(<3478.242676, 26.471230, 3570.753174>) quick accessed a lock!
[19:50:44] Player (Majky, 76561198275611052)(<8816.708008, 6.980093, 6663.119141>) quick accessed a lock!
[19:56:47] Player (Majky, 76561198275611052)(<8778.493164, 7.761222, 6659.283691>) quick accessed a lock!
[19:58:00] Player (Majky, 76561198275611052)(<8778.493164, 7.761222, 6659.283691>) quick accessed a lock!
[09-20-2022][20.02.36] Log file reloaded ( Server Restart )
[20:10:19] Player (Majky, 76561198275611052)(<8778.493164, 7.761222, 6659.283691>) quick accessed a lock!
[20:12:09] Player (Majky, 76561198275611052)(<8816.708008, 6.980093, 6663.119141>) quick accessed a lock!
[20:51:45] Player (Kocur69, 76561198295570264)(<5703.666016, 4.296862, 3579.834473>) quick accessed a lock!
[20:53:40] Player (Kocur69, 76561198295570264)(<5704.501465, 4.296862, 3574.349854>) quick accessed a lock!
[22:11:06] Player (SemonexCZ, 76561199093967764)(<3275.803223, 23.203659, 4922.474609>) quick accessed a lock!
[23:24:15] Player (SemonexCZ, 76561199093967764)(<3275.803223, 23.203659, 4922.474609>) quick accessed a lock!
