[10-09-2022][00.02.30] New Access Log File Created!
[03:52:01] Player (wdenda, 76561198029489211)(<2097.672607, 43.492085, 5977.060547>) quick accessed a lock!
[03:52:05] Player (wdenda, 76561198029489211)(<2097.672607, 43.492085, 5977.060547>) quick accessed a lock!
[10-09-2022][04.02.25] Log file reloaded ( Server Restart )
[10-09-2022][08.02.35] Log file reloaded ( Server Restart )
[09:24:02] Player (error414, 76561198072010064)(<5939.301758, 32.009983, 7215.695313>) quick accessed a lock!
[10:01:47] Player (error414, 76561198072010064)(<5939.301758, 32.009983, 7215.695313>) quick accessed a lock!
[10:16:09] Player (error414, 76561198072010064)(<5939.301758, 32.009983, 7215.695313>) quick accessed a lock!
[10:18:31] Player (error414, 76561198072010064)(<5939.301758, 32.009983, 7215.695313>) quick accessed a lock!
[10-09-2022][12.02.33] Log file reloaded ( Server Restart )
[14:24:13] Player (ROK, 76561198448631012)(<8912.519531, 13.905832, 3080.007568>) quick accessed a lock!
[14:24:42] Player (HrabefonVorezprut, 76561198065958810)(<4450.335449, 6.887537, 3090.050293>) quick accessed a lock!
[14:26:19] Player (HrabefonVorezprut, 76561198065958810)(<4450.335449, 6.887537, 3090.050293>) quick accessed a lock!
[14:29:43] Player (HrabefonVorezprut, 76561198065958810)(<4450.335449, 6.887537, 3090.050293>) quick accessed a lock!
[14:39:24] Player (HrabefonVorezprut, 76561198065958810)(<4450.335449, 6.887537, 3090.050293>) quick accessed a lock!
[14:39:31] Player (HrabefonVorezprut, 76561198065958810)(<4450.335449, 6.887537, 3090.050293>) quick accessed a lock!
[15:18:43] Player (wdenda, 76561198029489211)(<2097.672607, 43.492085, 5977.060547>) quick accessed a lock!
[15:26:09] Player (wdenda, 76561198029489211)(<2097.672607, 43.492085, 5977.060547>) quick accessed a lock!
[15:56:26] Player (Wagimaster, 76561198028857944)(<2097.672607, 43.492085, 5977.060547>) quick accessed a lock!
[10-09-2022][16.02.27] Log file reloaded ( Server Restart )
[16:46:36] Player (Wagimaster, 76561198028857944)(<2097.672607, 43.492085, 5977.060547>) quick accessed a lock!
[18:50:08] Player (Wagimaster, 76561198028857944)(<2097.672607, 43.492085, 5977.060547>) quick accessed a lock!
[19:41:25] Player (ROK, 76561198448631012)(<8912.519531, 13.905832, 3080.007568>) quick accessed a lock!
[19:45:58] Player (ROK, 76561198448631012)(<8912.519531, 13.905832, 3080.007568>) quick accessed a lock!
[10-09-2022][20.02.30] Log file reloaded ( Server Restart )
[21:33:39] Player (ROK, 76561198448631012)(<8912.519531, 13.905832, 3080.007568>) quick accessed a lock!
[21:51:51] Player (HrabefonVorezprut, 76561198065958810)(<4450.335449, 6.887537, 3090.050293>) quick accessed a lock!
[21:52:35] Player (HrabefonVorezprut, 76561198065958810)(<4450.335449, 6.887537, 3090.050293>) quick accessed a lock!
[21:52:42] Player (ROK, 76561198448631012)(<8912.519531, 13.905832, 3080.007568>) quick accessed a lock!
[21:52:51] Player (HrabefonVorezprut, 76561198065958810)(<4450.335449, 6.887537, 3090.050293>) quick accessed a lock!
[21:54:17] Player (HrabefonVorezprut, 76561198065958810)(<4450.335449, 6.887537, 3090.050293>) quick accessed a lock!
[22:21:10] Player (HrabefonVorezprut, 76561198065958810)(<4450.335449, 6.887537, 3090.050293>) quick accessed a lock!
[22:21:35] Player (Majky, 76561198275611052)(<8797.832031, 3.888122, 6621.080078>) quick accessed a lock!
[22:50:24] Player (Wagimaster, 76561198028857944)(<2097.672607, 43.492085, 5977.060547>) quick accessed a lock!
[22:50:30] Player (Wagimaster, 76561198028857944)(<2097.672607, 43.492085, 5977.060547>) quick accessed a lock!
[22:52:26] Player (HrabefonVorezprut, 76561198065958810)(<4450.335449, 6.887537, 3090.050293>) quick accessed a lock!
[22:53:32] Player (HrabefonVorezprut, 76561198065958810)(<4450.335449, 6.887537, 3090.050293>) quick accessed a lock!
[22:53:47] Player (HrabefonVorezprut, 76561198065958810)(<4450.335449, 6.887537, 3090.050293>) quick accessed a lock!
[22:57:10] Player (HrabefonVorezprut, 76561198065958810)(<4450.335449, 6.887537, 3090.050293>) quick accessed a lock!
[22:58:13] Player (HrabefonVorezprut, 76561198065958810)(<4450.335449, 6.887537, 3090.050293>) quick accessed a lock!
[22:59:04] Player (HrabefonVorezprut, 76561198065958810)(<4450.335449, 6.887537, 3090.050293>) quick accessed a lock!
[23:01:38] Player (HrabefonVorezprut, 76561198065958810)(<4450.335449, 6.887537, 3090.050293>) quick accessed a lock!
[23:13:27] Player (HrabefonVorezprut, 76561198065958810)(<4450.335449, 6.887537, 3090.050293>) quick accessed a lock!
[23:39:33] Player (Wagimaster, 76561198028857944)(<2097.672607, 43.492085, 5977.060547>) quick accessed a lock!
[23:53:03] Player (Wagimaster, 76561198028857944)(<2097.672607, 43.492085, 5977.060547>) quick accessed a lock!
