---------------------------------------------
Log D:\TCAFiles\Users\erikf\6821903\SC\script_2022-08-20_21-58-55.log started at 20.08. 21:58:55

SCRIPT       : Registered 385 temporary action enum(s), UAN==385
SCRIPT       : ... Backlit Effects Enabled
SCRIPT    (W): @"CannabisPlus/scripts/4_world/cannabisplus.c,395": Missing ';' at the end of line
SCRIPT    (W): @"LeatherCrafting\scripts\4_World/dryingrack.c,279": Missing ';' at the end of line
SCRIPT    (E): @"scripts/4_World/entities\firearms\weapon_base.c,581": Variable 'weaponType' is private
SCRIPT    (W): @"GameLabs/Scripts/4_World/4_Hooking/э*фЮ.rtm,242": No need to use 'Cast' for up-casting
SCRIPT    (W): @"MuchStuffPack/MSP_Scripts/4_World/codelock\actions\actioninteractlockonmsp.c,85": Unsafe down-casting, use 'ItemBase.Cast' for safe down-casting
SCRIPT    (W): @"MuchStuffPack/MSP_Scripts/4_World/codelock\actions\actioninteractlockonmsp.c,90": Unsafe down-casting, use 'ItemBase.Cast' for safe down-casting
SCRIPT    (W): @"PVEZ/4_World/entities\manbase\playerbase.c,182": No need to use 'Cast' for up-casting
SCRIPT    (W): @"CJ_LootChests/scripts/4_World/lootchest.c,168": Unsafe down-casting, use 'ItemBase.Cast' for safe down-casting
SCRIPT    (W): @"CJ_LootChests/scripts/4_World/lootchest.c,221": Unsafe down-casting, use 'ItemBase.Cast' for safe down-casting
SCRIPT    (W): @"CJ_LootChests/scripts/4_World/actionunlockcjchest.c,82": No need to use 'Cast' for up-casting
SCRIPT    (W): @"CJ_LootChests/scripts/4_World/actionunlockcjchest.c,102": No need to use 'Cast' for up-casting
SCRIPT    (W): @"CJ_LootChests/scripts/4_World/actionunlockcjchest.c,112": No need to use 'Cast' for up-casting
SCRIPT    (W): @"Dayz_Dog/Scripts/4_World/dog_types\doggos.c,82": No need to use 'Cast' for up-casting
SCRIPT    (W): @"Dayz_Dog/Scripts/4_World/dog_types\doggos.c,280": No need to use 'Cast' for up-casting
SCRIPT    (W): @"Dayz_Dog/Scripts/4_World/dog_types\doggos.c,301": No need to use 'Cast' for up-casting
SCRIPT    (W): @"Dayz_Dog/Scripts/4_World/dog_types\doggos.c,311": No need to use 'Cast' for up-casting
SCRIPT    (W): @"Dayz_Dog/Scripts/4_World/dog_types\doggos.c,321": No need to use 'Cast' for up-casting
SCRIPT    (W): @"Dayz_Dog/Scripts/4_World/dog_types\doggos.c,331": No need to use 'Cast' for up-casting
SCRIPT    (W): @"Dayz_Dog/Scripts/4_World/dog_types\doggos.c,341": No need to use 'Cast' for up-casting
SCRIPT    (W): @"Dayz_Dog/Scripts/4_World/dog_types\doggos.c,592": No need to use 'Cast' for up-casting
SCRIPT    (W): @"Dayz_Dog/Scripts/4_World/overrides\itembase.c,32": No need to use 'Cast' for up-casting
SCRIPT    (W): @"Dayz_Dog/Scripts/4_World/overrides\itembase.c,33": No need to use 'Cast' for up-casting
SCRIPT    (W): @"Dayz_Dog/Scripts/4_World/actions\actionstopcontrol.c,56": No need to use 'Cast' for up-casting
SCRIPT    (W): @"Dayz_Dog/Scripts/4_World/actions\actionstopcontrol.c,64": No need to use 'Cast' for up-casting
SCRIPT    (W): @"Dayz_Dog/Scripts/4_World/dogserverrpc.c,46": No need to use 'Cast' for up-casting
SCRIPT    (W): @"Dayz_Dog/Scripts/4_World/dogserverrpc.c,49": No need to use 'Cast' for up-casting
SCRIPT    (W): @"Dayz_Dog/Scripts/4_World/dog_shed_small\dog_shed_small.c,40": No need to use 'Cast' for up-casting
SCRIPT    (W): @"Dayz_Dog/Scripts/4_World/dog_shed_small\dog_shed_small.c,109": No need to use 'Cast' for up-casting
SCRIPT    (W): @"Dayz_Dog/Scripts/4_World/actions\actionfeeddog.c,92": No need to use 'Cast' for up-casting
SCRIPT    (W): @"Dayz_Dog/Scripts/4_World/actions\actioncontrol.c,80": No need to use 'Cast' for up-casting
SCRIPT    (W): @"Dayz_Dog/Scripts/4_World/overrides\playerbase.c,488": No need to use 'Cast' for up-casting
SCRIPT    (W): @"cabin_mod/scripts/4_World/actions\actiondeployobject.c,11": No need to use 'Cast' for up-casting
SCRIPT    (W): @"cabin_mod_codelock/scripts/4_World/actioninteractlockoncabinfence.c,92": Unsafe down-casting, use 'ItemBase.Cast' for safe down-casting
SCRIPT    (W): @"cabin_mod_codelock/scripts/4_World/actioninteractlockoncabinfence.c,97": Unsafe down-casting, use 'ItemBase.Cast' for safe down-casting
