16:20:17 [VehicleCarKey] Player "Belthazar" (id=RltGA7jYsRIS6j9XdLdrJPzdhNNDCxY3jxHIri3V2DM= pos=<4488.066895, 1.317015, 3104.473633>) used the  ExpansionCarKey to unlock a ExpansionVodnik
16:21:44 [MissionAirdrop] An airdrop is heading towards "Atomkraftwerk" (pos=<3099.000000, 0.000000, 8394.000000> type=Random_Atomkraftwerk) with a ExpansionAirdropContainer_Military
16:21:44 [MissionAirdrop] An airdrop is heading towards "Osternach" (pos=<3924.000000, 0.000000, 2662.000000> type=Random_Osternach) with a ExpansionAirdropContainer_Military
16:22:24 [VehicleCarKey] Player "Belthazar" (id=RltGA7jYsRIS6j9XdLdrJPzdhNNDCxY3jxHIri3V2DM= pos=<4563.360352, 2.432340, 2506.963867>) used the  ExpansionCarKey to lock a ExpansionVodnik
16:33:10 [VehicleCarKey] Player "Belthazar" (id=RltGA7jYsRIS6j9XdLdrJPzdhNNDCxY3jxHIri3V2DM= pos=<4563.734863, 2.431870, 2507.125000>) used the  ExpansionCarKey to unlock a ExpansionVodnik
16:34:58 [BaseBuildingRaiding] ------------------------- Expansion BaseRaiding Damage Report -------------------------
16:34:58 [BaseBuildingRaiding] BaseRaiding: Player "MADness" (ID = "OWXX6Y-5LFd-7A6ELi2o-QPO0kjmZUMZvMTKL0AQ_q0=" at <4491.694824, 2.351903, 3168.764893>) damaged a base part (ExpansionWall6x3) (30000 current health)
16:34:58 [BaseBuildingRaiding] BaseRaiding: They dealt 60 * 1 = 60 damage with a TWP_FN57Pink at <4486.070801, 4.795934, 3163.690918>
16:34:58 [BaseBuildingRaiding] Expansion BaseRaiding: Health after damage applied: 29940
16:34:58 [BaseBuildingRaiding] ---------------------------------------------------------------------------------------
16:38:28 [VehicleCarKey] Player "Belthazar" (id=RltGA7jYsRIS6j9XdLdrJPzdhNNDCxY3jxHIri3V2DM= pos=<4490.231934, 1.317036, 3104.717529>) used the  ExpansionCarKey to lock a ExpansionVodnik
16:42:46 [Safezone] Player "Fernando Wallas" (id=KNAVlImL3R53nvYluFf94X3ImbURLiuHW8eU13y2pUg= pos=<4332.014160, 3.948500, 4039.341797>) Entered the safezone
16:45:36 [Market] Player "Fernando Wallas" (id=KNAVlImL3R53nvYluFf94X3ImbURLiuHW8eU13y2pUg=) has send a requested to sell drybag_blue x1 at the trader "Clothing (Linda [#STR_EXPANSION_MARKET_TRADER_CLOTHING])" in market zone "OUTLIVE Trader" (pos=<4291.589844, 25.247801, 4162.500000>).
16:45:36 [Market] Player "Fernando Wallas" (id=KNAVlImL3R53nvYluFf94X3ImbURLiuHW8eU13y2pUg=) has sold drybag_blue x1 at the trader "Clothing (Linda [#STR_EXPANSION_MARKET_TRADER_CLOTHING])" in market zone "OUTLIVE Trader" (pos=<4291.589844, 25.247801, 4162.500000>) and got 90.
16:46:35 [Market] Player "Fernando Wallas" (id=KNAVlImL3R53nvYluFf94X3ImbURLiuHW8eU13y2pUg=) has send a requested to sell jumpsuitpants_red x1 at the trader "Clothing (Linda [#STR_EXPANSION_MARKET_TRADER_CLOTHING])" in market zone "OUTLIVE Trader" (pos=<4291.589844, 25.247801, 4162.500000>).
16:46:35 [Market] Player "Fernando Wallas" (id=KNAVlImL3R53nvYluFf94X3ImbURLiuHW8eU13y2pUg=) has sold jumpsuitpants_red x1 at the trader "Clothing (Linda [#STR_EXPANSION_MARKET_TRADER_CLOTHING])" in market zone "OUTLIVE Trader" (pos=<4291.589844, 25.247801, 4162.500000>) and got 36.
16:46:44 [Market] Player "Fernando Wallas" (id=KNAVlImL3R53nvYluFf94X3ImbURLiuHW8eU13y2pUg=) has send a requested to sell tshirt_orangewhitestripes x1 at the trader "Clothing (Linda [#STR_EXPANSION_MARKET_TRADER_CLOTHING])" in market zone "OUTLIVE Trader" (pos=<4291.589844, 25.247801, 4162.500000>).
16:46:44 [Market] Player "Fernando Wallas" (id=KNAVlImL3R53nvYluFf94X3ImbURLiuHW8eU13y2pUg=) has sold tshirt_orangewhitestripes x1 at the trader "Clothing (Linda [#STR_EXPANSION_MARKET_TRADER_CLOTHING])" in market zone "OUTLIVE Trader" (pos=<4291.589844, 25.247801, 4162.500000>) and got 16.
16:46:50 [Market] Player "Fernando Wallas" (id=KNAVlImL3R53nvYluFf94X3ImbURLiuHW8eU13y2pUg=) has send a requested to sell mvs_compact_2_od x1 at the trader "Clothing (Linda [#STR_EXPANSION_MARKET_TRADER_CLOTHING])" in market zone "OUTLIVE Trader" (pos=<4291.589844, 25.247801, 4162.500000>).
16:46:50 [Market] Player "Fernando Wallas" (id=KNAVlImL3R53nvYluFf94X3ImbURLiuHW8eU13y2pUg=) has sold mvs_compact_2_od x1 at the trader "Clothing (Linda [#STR_EXPANSION_MARKET_TRADER_CLOTHING])" in market zone "OUTLIVE Trader" (pos=<4291.589844, 25.247801, 4162.500000>) and got 600.
16:46:53 [Market] Player "Fernando Wallas" (id=KNAVlImL3R53nvYluFf94X3ImbURLiuHW8eU13y2pUg=) has send a requested to sell mvs_helmet_02_multicam_black x1 at the trader "Clothing (Linda [#STR_EXPANSION_MARKET_TRADER_CLOTHING])" in market zone "OUTLIVE Trader" (pos=<4291.589844, 25.247801, 4162.500000>).
16:46:53 [Market] Player "Fernando Wallas" (id=KNAVlImL3R53nvYluFf94X3ImbURLiuHW8eU13y2pUg=) has sold mvs_helmet_02_multicam_black x1 at the trader "Clothing (Linda [#STR_EXPANSION_MARKET_TRADER_CLOTHING])" in market zone "OUTLIVE Trader" (pos=<4291.589844, 25.247801, 4162.500000>) and got 750.
16:49:24 [Market] Player "Fernando Wallas" (id=KNAVlImL3R53nvYluFf94X3ImbURLiuHW8eU13y2pUg=) has send a requested to sell twp_ruger556_mag_30rnd x1 at the trader "Attachments (Oliver [#STR_EXPANSION_MARKET_TRADER_ATTACHMENTS])" in market zone "OUTLIVE Trader" (pos=<4291.589844, 25.247801, 4162.500000>).
16:49:24 [Market] Player "Fernando Wallas" (id=KNAVlImL3R53nvYluFf94X3ImbURLiuHW8eU13y2pUg=) has sold twp_ruger556_mag_30rnd x1 at the trader "Attachments (Oliver [#STR_EXPANSION_MARKET_TRADER_ATTACHMENTS])" in market zone "OUTLIVE Trader" (pos=<4291.589844, 25.247801, 4162.500000>) and got 180.
16:50:55 [VehicleCarKey] Player "Martina_(.)(.)_" (id=KBvZ7N7QOK5224QFIh6ry8QI5xBwogyjGyBaskjwU0A= pos=<4362.545898, 2.836078, 1976.856812>) used the  ExpansionCarKey to unlock a CrSk_Hummer_H2_6x6_Space
16:51:03 [Market] Player "Fernando Wallas" (id=KNAVlImL3R53nvYluFf94X3ImbURLiuHW8eU13y2pUg=) has send a requested to purchase mag_cz550_4rnd x1 from the trader "Weapons (Denis [#STR_EXPANSION_MARKET_TRADER_WEAPONS])" in market zone "OUTLIVE Trader" (pos=<4291.589844, 25.247801, 4162.500000>).
16:51:03 [Market] Player "Fernando Wallas" (id=KNAVlImL3R53nvYluFf94X3ImbURLiuHW8eU13y2pUg=) has bought mag_cz550_4rnd x1 from the trader "Weapons (Denis [#STR_EXPANSION_MARKET_TRADER_WEAPONS])" in market zone "OUTLIVE Trader" (pos=<4291.589844, 25.247801, 4162.500000>) for a price of 382.
16:51:38 [Market] Player "Fernando Wallas" (id=KNAVlImL3R53nvYluFf94X3ImbURLiuHW8eU13y2pUg=) has send a requested to sell mag_cz550_4rnd x1 at the trader "Weapons (Denis [#STR_EXPANSION_MARKET_TRADER_WEAPONS])" in market zone "OUTLIVE Trader" (pos=<4291.589844, 25.247801, 4162.500000>).
16:51:38 [Market] Player "Fernando Wallas" (id=KNAVlImL3R53nvYluFf94X3ImbURLiuHW8eU13y2pUg=) has sold mag_cz550_4rnd x1 at the trader "Weapons (Denis [#STR_EXPANSION_MARKET_TRADER_WEAPONS])" in market zone "OUTLIVE Trader" (pos=<4291.589844, 25.247801, 4162.500000>) and got 65.
16:52:07 [Market] Player "Fernando Wallas" (id=KNAVlImL3R53nvYluFf94X3ImbURLiuHW8eU13y2pUg=) has send a requested to purchase mag_cz550_10rnd x1 from the trader "Weapons (Denis [#STR_EXPANSION_MARKET_TRADER_WEAPONS])" in market zone "OUTLIVE Trader" (pos=<4291.589844, 25.247801, 4162.500000>).
16:52:07 [Market] Player "Fernando Wallas" (id=KNAVlImL3R53nvYluFf94X3ImbURLiuHW8eU13y2pUg=) has bought mag_cz550_10rnd x1 from the trader "Weapons (Denis [#STR_EXPANSION_MARKET_TRADER_WEAPONS])" in market zone "OUTLIVE Trader" (pos=<4291.589844, 25.247801, 4162.500000>) for a price of 880.
16:52:31 [Market] Player "Fernando Wallas" (id=KNAVlImL3R53nvYluFf94X3ImbURLiuHW8eU13y2pUg=) has send a requested to sell mag_cz550_10rnd x1 at the trader "Weapons (Denis [#STR_EXPANSION_MARKET_TRADER_WEAPONS])" in market zone "OUTLIVE Trader" (pos=<4291.589844, 25.247801, 4162.500000>).
16:52:31 [Market] Player "Fernando Wallas" (id=KNAVlImL3R53nvYluFf94X3ImbURLiuHW8eU13y2pUg=) has sold mag_cz550_10rnd x1 at the trader "Weapons (Denis [#STR_EXPANSION_MARKET_TRADER_WEAPONS])" in market zone "OUTLIVE Trader" (pos=<4291.589844, 25.247801, 4162.500000>) and got 154.
16:52:46 [VehicleCarKey] Player "Martina_(.)(.)_" (id=KBvZ7N7QOK5224QFIh6ry8QI5xBwogyjGyBaskjwU0A= pos=<4362.248535, 2.828652, 1976.310181>) used the  ExpansionCarKey to lock a CrSk_Hummer_H2_6x6_Space
16:53:09 [ATM Locker] Player "Fernando Wallas" (id=KNAVlImL3R53nvYluFf94X3ImbURLiuHW8eU13y2pUg=) has deposited 629 on his ATM account.
16:54:19 [ATM Locker] Player "Fernando Wallas" (id=KNAVlImL3R53nvYluFf94X3ImbURLiuHW8eU13y2pUg=) has withdrawn 1060 from his ATM account.
16:55:17 [ATM Locker] Player "Fernando Wallas" (id=KNAVlImL3R53nvYluFf94X3ImbURLiuHW8eU13y2pUg=) has withdrawn 1000 from his ATM account.
16:55:40 [Market] Player "Fernando Wallas" (id=KNAVlImL3R53nvYluFf94X3ImbURLiuHW8eU13y2pUg=) has send a requested to purchase jungleboots_black x1 from the trader "Clothing (Linda [#STR_EXPANSION_MARKET_TRADER_CLOTHING])" in market zone "OUTLIVE Trader" (pos=<4291.589844, 25.247801, 4162.500000>).
16:55:40 [Market] Player "Fernando Wallas" (id=KNAVlImL3R53nvYluFf94X3ImbURLiuHW8eU13y2pUg=) has bought jungleboots_black x1 from the trader "Clothing (Linda [#STR_EXPANSION_MARKET_TRADER_CLOTHING])" in market zone "OUTLIVE Trader" (pos=<4291.589844, 25.247801, 4162.500000>) for a price of 1700.
16:55:57 [Market] Player "Fernando Wallas" (id=KNAVlImL3R53nvYluFf94X3ImbURLiuHW8eU13y2pUg=) has send a requested to sell athleticshoes_black x1 at the trader "Clothing (Linda [#STR_EXPANSION_MARKET_TRADER_CLOTHING])" in market zone "OUTLIVE Trader" (pos=<4291.589844, 25.247801, 4162.500000>).
16:55:57 [Market] Player "Fernando Wallas" (id=KNAVlImL3R53nvYluFf94X3ImbURLiuHW8eU13y2pUg=) has sold athleticshoes_black x1 at the trader "Clothing (Linda [#STR_EXPANSION_MARKET_TRADER_CLOTHING])" in market zone "OUTLIVE Trader" (pos=<4291.589844, 25.247801, 4162.500000>) and got 46.
16:57:14 [Safezone] Player "Fernando Wallas" (id=KNAVlImL3R53nvYluFf94X3ImbURLiuHW8eU13y2pUg= pos=<4170.071777, 16.014442, 4117.017090>) Entered the safezone
17:00:39 [Market] Player "Fernando Wallas" (id=KNAVlImL3R53nvYluFf94X3ImbURLiuHW8eU13y2pUg=) has send a requested to sell ammo_556x45 x1 at the trader "Attachments (Oliver [#STR_EXPANSION_MARKET_TRADER_ATTACHMENTS])" in market zone "OUTLIVE Trader" (pos=<4291.589844, 25.247801, 4162.500000>).
17:00:39 [Market] Player "Fernando Wallas" (id=KNAVlImL3R53nvYluFf94X3ImbURLiuHW8eU13y2pUg=) has sold ammo_556x45 x1 at the trader "Attachments (Oliver [#STR_EXPANSION_MARKET_TRADER_ATTACHMENTS])" in market zone "OUTLIVE Trader" (pos=<4291.589844, 25.247801, 4162.500000>) and got 8.
17:00:42 [Market] Player "Fernando Wallas" (id=KNAVlImL3R53nvYluFf94X3ImbURLiuHW8eU13y2pUg=) has send a requested to sell ammo_556x45 x1 at the trader "Attachments (Oliver [#STR_EXPANSION_MARKET_TRADER_ATTACHMENTS])" in market zone "OUTLIVE Trader" (pos=<4291.589844, 25.247801, 4162.500000>).
17:00:42 [Market] Player "Fernando Wallas" (id=KNAVlImL3R53nvYluFf94X3ImbURLiuHW8eU13y2pUg=) has sold ammo_556x45 x1 at the trader "Attachments (Oliver [#STR_EXPANSION_MARKET_TRADER_ATTACHMENTS])" in market zone "OUTLIVE Trader" (pos=<4291.589844, 25.247801, 4162.500000>) and got 8.
17:00:42 [Market] Player "Fernando Wallas" (id=KNAVlImL3R53nvYluFf94X3ImbURLiuHW8eU13y2pUg=) has send a requested to sell ammo_556x45 x1 at the trader "Attachments (Oliver [#STR_EXPANSION_MARKET_TRADER_ATTACHMENTS])" in market zone "OUTLIVE Trader" (pos=<4291.589844, 25.247801, 4162.500000>).
17:00:42 [Market] Player "Fernando Wallas" (id=KNAVlImL3R53nvYluFf94X3ImbURLiuHW8eU13y2pUg=) has sold ammo_556x45 x1 at the trader "Attachments (Oliver [#STR_EXPANSION_MARKET_TRADER_ATTACHMENTS])" in market zone "OUTLIVE Trader" (pos=<4291.589844, 25.247801, 4162.500000>) and got 8.
17:00:43 [Market] Player "Fernando Wallas" (id=KNAVlImL3R53nvYluFf94X3ImbURLiuHW8eU13y2pUg=) has send a requested to sell ammo_556x45 x1 at the trader "Attachments (Oliver [#STR_EXPANSION_MARKET_TRADER_ATTACHMENTS])" in market zone "OUTLIVE Trader" (pos=<4291.589844, 25.247801, 4162.500000>).
17:00:43 [Market] Player "Fernando Wallas" (id=KNAVlImL3R53nvYluFf94X3ImbURLiuHW8eU13y2pUg=) has sold ammo_556x45 x1 at the trader "Attachments (Oliver [#STR_EXPANSION_MARKET_TRADER_ATTACHMENTS])" in market zone "OUTLIVE Trader" (pos=<4291.589844, 25.247801, 4162.500000>) and got 8.
17:00:43 [Market] Player "Fernando Wallas" (id=KNAVlImL3R53nvYluFf94X3ImbURLiuHW8eU13y2pUg=) has send a requested to sell ammo_556x45 x1 at the trader "Attachments (Oliver [#STR_EXPANSION_MARKET_TRADER_ATTACHMENTS])" in market zone "OUTLIVE Trader" (pos=<4291.589844, 25.247801, 4162.500000>).
17:00:43 [Market] Player "Fernando Wallas" (id=KNAVlImL3R53nvYluFf94X3ImbURLiuHW8eU13y2pUg=) has sold ammo_556x45 x1 at the trader "Attachments (Oliver [#STR_EXPANSION_MARKET_TRADER_ATTACHMENTS])" in market zone "OUTLIVE Trader" (pos=<4291.589844, 25.247801, 4162.500000>) and got 8.
17:00:43 [Market] Player "Fernando Wallas" (id=KNAVlImL3R53nvYluFf94X3ImbURLiuHW8eU13y2pUg=) has send a requested to sell ammo_556x45 x1 at the trader "Attachments (Oliver [#STR_EXPANSION_MARKET_TRADER_ATTACHMENTS])" in market zone "OUTLIVE Trader" (pos=<4291.589844, 25.247801, 4162.500000>).
17:00:43 [Market] Player "Fernando Wallas" (id=KNAVlImL3R53nvYluFf94X3ImbURLiuHW8eU13y2pUg=) has sold ammo_556x45 x1 at the trader "Attachments (Oliver [#STR_EXPANSION_MARKET_TRADER_ATTACHMENTS])" in market zone "OUTLIVE Trader" (pos=<4291.589844, 25.247801, 4162.500000>) and got 8.
17:00:43 [Market] Player "Fernando Wallas" (id=KNAVlImL3R53nvYluFf94X3ImbURLiuHW8eU13y2pUg=) has send a requested to sell ammo_556x45 x1 at the trader "Attachments (Oliver [#STR_EXPANSION_MARKET_TRADER_ATTACHMENTS])" in market zone "OUTLIVE Trader" (pos=<4291.589844, 25.247801, 4162.500000>).
17:00:43 [Market] Player "Fernando Wallas" (id=KNAVlImL3R53nvYluFf94X3ImbURLiuHW8eU13y2pUg=) has sold ammo_556x45 x1 at the trader "Attachments (Oliver [#STR_EXPANSION_MARKET_TRADER_ATTACHMENTS])" in market zone "OUTLIVE Trader" (pos=<4291.589844, 25.247801, 4162.500000>) and got 8.
17:00:43 [Market] Player "Fernando Wallas" (id=KNAVlImL3R53nvYluFf94X3ImbURLiuHW8eU13y2pUg=) has send a requested to sell ammo_556x45 x1 at the trader "Attachments (Oliver [#STR_EXPANSION_MARKET_TRADER_ATTACHMENTS])" in market zone "OUTLIVE Trader" (pos=<4291.589844, 25.247801, 4162.500000>).
17:00:43 [Market] Player "Fernando Wallas" (id=KNAVlImL3R53nvYluFf94X3ImbURLiuHW8eU13y2pUg=) has sold ammo_556x45 x1 at the trader "Attachments (Oliver [#STR_EXPANSION_MARKET_TRADER_ATTACHMENTS])" in market zone "OUTLIVE Trader" (pos=<4291.589844, 25.247801, 4162.500000>) and got 8.
17:00:43 [Market] Player "Fernando Wallas" (id=KNAVlImL3R53nvYluFf94X3ImbURLiuHW8eU13y2pUg=) has send a requested to sell ammo_556x45 x1 at the trader "Attachments (Oliver [#STR_EXPANSION_MARKET_TRADER_ATTACHMENTS])" in market zone "OUTLIVE Trader" (pos=<4291.589844, 25.247801, 4162.500000>).
17:00:44 [Market] Player "Fernando Wallas" (id=KNAVlImL3R53nvYluFf94X3ImbURLiuHW8eU13y2pUg=) has sold ammo_556x45 x1 at the trader "Attachments (Oliver [#STR_EXPANSION_MARKET_TRADER_ATTACHMENTS])" in market zone "OUTLIVE Trader" (pos=<4291.589844, 25.247801, 4162.500000>) and got 8.
17:00:44 [Market] Player "Fernando Wallas" (id=KNAVlImL3R53nvYluFf94X3ImbURLiuHW8eU13y2pUg=) has send a requested to sell ammo_556x45 x1 at the trader "Attachments (Oliver [#STR_EXPANSION_MARKET_TRADER_ATTACHMENTS])" in market zone "OUTLIVE Trader" (pos=<4291.589844, 25.247801, 4162.500000>).
17:00:44 [Market] Player "Fernando Wallas" (id=KNAVlImL3R53nvYluFf94X3ImbURLiuHW8eU13y2pUg=) has sold ammo_556x45 x1 at the trader "Attachments (Oliver [#STR_EXPANSION_MARKET_TRADER_ATTACHMENTS])" in market zone "OUTLIVE Trader" (pos=<4291.589844, 25.247801, 4162.500000>) and got 8.
17:00:44 [Market] Player "Fernando Wallas" (id=KNAVlImL3R53nvYluFf94X3ImbURLiuHW8eU13y2pUg=) has send a requested to sell ammo_556x45 x1 at the trader "Attachments (Oliver [#STR_EXPANSION_MARKET_TRADER_ATTACHMENTS])" in market zone "OUTLIVE Trader" (pos=<4291.589844, 25.247801, 4162.500000>).
17:00:44 [Market] Player "Fernando Wallas" (id=KNAVlImL3R53nvYluFf94X3ImbURLiuHW8eU13y2pUg=) has sold ammo_556x45 x1 at the trader "Attachments (Oliver [#STR_EXPANSION_MARKET_TRADER_ATTACHMENTS])" in market zone "OUTLIVE Trader" (pos=<4291.589844, 25.247801, 4162.500000>) and got 8.
17:00:44 [Market] Player "Fernando Wallas" (id=KNAVlImL3R53nvYluFf94X3ImbURLiuHW8eU13y2pUg=) has send a requested to sell ammo_556x45 x1 at the trader "Attachments (Oliver [#STR_EXPANSION_MARKET_TRADER_ATTACHMENTS])" in market zone "OUTLIVE Trader" (pos=<4291.589844, 25.247801, 4162.500000>).
17:00:44 [Market] Player "Fernando Wallas" (id=KNAVlImL3R53nvYluFf94X3ImbURLiuHW8eU13y2pUg=) has sold ammo_556x45 x1 at the trader "Attachments (Oliver [#STR_EXPANSION_MARKET_TRADER_ATTACHMENTS])" in market zone "OUTLIVE Trader" (pos=<4291.589844, 25.247801, 4162.500000>) and got 8.
17:00:44 [Market] Player "Fernando Wallas" (id=KNAVlImL3R53nvYluFf94X3ImbURLiuHW8eU13y2pUg=) has send a requested to sell ammo_556x45 x1 at the trader "Attachments (Oliver [#STR_EXPANSION_MARKET_TRADER_ATTACHMENTS])" in market zone "OUTLIVE Trader" (pos=<4291.589844, 25.247801, 4162.500000>).
17:00:44 [Market] Player "Fernando Wallas" (id=KNAVlImL3R53nvYluFf94X3ImbURLiuHW8eU13y2pUg=) has sold ammo_556x45 x1 at the trader "Attachments (Oliver [#STR_EXPANSION_MARKET_TRADER_ATTACHMENTS])" in market zone "OUTLIVE Trader" (pos=<4291.589844, 25.247801, 4162.500000>) and got 8.
17:00:44 [Market] Player "Fernando Wallas" (id=KNAVlImL3R53nvYluFf94X3ImbURLiuHW8eU13y2pUg=) has send a requested to sell ammo_556x45 x1 at the trader "Attachments (Oliver [#STR_EXPANSION_MARKET_TRADER_ATTACHMENTS])" in market zone "OUTLIVE Trader" (pos=<4291.589844, 25.247801, 4162.500000>).
17:00:44 [Market] Player "Fernando Wallas" (id=KNAVlImL3R53nvYluFf94X3ImbURLiuHW8eU13y2pUg=) has sold ammo_556x45 x1 at the trader "Attachments (Oliver [#STR_EXPANSION_MARKET_TRADER_ATTACHMENTS])" in market zone "OUTLIVE Trader" (pos=<4291.589844, 25.247801, 4162.500000>) and got 8.
17:00:44 [Market] Player "Fernando Wallas" (id=KNAVlImL3R53nvYluFf94X3ImbURLiuHW8eU13y2pUg=) has send a requested to sell ammo_556x45 x1 at the trader "Attachments (Oliver [#STR_EXPANSION_MARKET_TRADER_ATTACHMENTS])" in market zone "OUTLIVE Trader" (pos=<4291.589844, 25.247801, 4162.500000>).
17:00:45 [Market] Player "Fernando Wallas" (id=KNAVlImL3R53nvYluFf94X3ImbURLiuHW8eU13y2pUg=) has sold ammo_556x45 x1 at the trader "Attachments (Oliver [#STR_EXPANSION_MARKET_TRADER_ATTACHMENTS])" in market zone "OUTLIVE Trader" (pos=<4291.589844, 25.247801, 4162.500000>) and got 8.
17:00:45 [Market] Player "Fernando Wallas" (id=KNAVlImL3R53nvYluFf94X3ImbURLiuHW8eU13y2pUg=) has send a requested to sell ammo_556x45 x1 at the trader "Attachments (Oliver [#STR_EXPANSION_MARKET_TRADER_ATTACHMENTS])" in market zone "OUTLIVE Trader" (pos=<4291.589844, 25.247801, 4162.500000>).
17:00:45 [Market] Player "Fernando Wallas" (id=KNAVlImL3R53nvYluFf94X3ImbURLiuHW8eU13y2pUg=) has sold ammo_556x45 x1 at the trader "Attachments (Oliver [#STR_EXPANSION_MARKET_TRADER_ATTACHMENTS])" in market zone "OUTLIVE Trader" (pos=<4291.589844, 25.247801, 4162.500000>) and got 8.
17:01:28 [Safezone] Player "Fernando Wallas" (id=KNAVlImL3R53nvYluFf94X3ImbURLiuHW8eU13y2pUg= pos=<4176.238770, 14.252246, 4272.837402>) Left the safezone
17:03:35 [VehicleCarKey] Player "Martina_(.)(.)_" (id=KBvZ7N7QOK5224QFIh6ry8QI5xBwogyjGyBaskjwU0A= pos=<4366.201660, 2.750158, 1975.304077>) used the  ExpansionCarKey to unlock a CrSk_Hummer_H2_6x6_Space
17:07:45 [Chat - Global]("Belthazar"(id=RltGA7jYsRIS6j9XdLdrJPzdhNNDCxY3jxHIri3V2DM=)): ahoj
17:32:21 [CodeLockRaiding] ExpansionCodelock (<4504.885742, 5.268330, 3111.791016>) Code set by player "Belthazar" (ID = "RltGA7jYsRIS6j9XdLdrJPzdhNNDCxY3jxHIri3V2DM=" at <4503.938477, 4.280293, 3111.775391>) and the code is 1603
17:39:20 [VehicleCarKey] Player "Martina_(.)(.)_" (id=KBvZ7N7QOK5224QFIh6ry8QI5xBwogyjGyBaskjwU0A= pos=<2557.242676, 40.975361, 3436.394775>) used the  ExpansionCarKey to lock a CrSk_Hummer_H2_6x6_Space
17:42:23 [VehicleCarKey] Player "Belthazar" (id=RltGA7jYsRIS6j9XdLdrJPzdhNNDCxY3jxHIri3V2DM= pos=<4525.171875, 0.878929, 3147.677979>) used the  ExpansionCarKey to lock a ExpansionUtilityBoat
17:42:25 [VehicleCarKey] Player "Belthazar" (id=RltGA7jYsRIS6j9XdLdrJPzdhNNDCxY3jxHIri3V2DM= pos=<4525.171875, 0.878929, 3147.677979>) used the  ExpansionCarKey to unlock a ExpansionUtilityBoat
17:43:01 [MissionAirdrop] An airdrop is heading towards "Weitmoos" (pos=<6222.000000, 0.000000, 9723.000000> type=Random_Weitmoos) with a ExpansionAirdropContainer_Basebuilding
17:43:01 [MissionAirdrop] An airdrop is heading towards "Osternach" (pos=<3924.000000, 0.000000, 2662.000000> type=Random_Osternach) with a ExpansionAirdropContainer_Military
17:48:42 [Safezone] Player "Belthazar" (id=RltGA7jYsRIS6j9XdLdrJPzdhNNDCxY3jxHIri3V2DM= pos=<9912.936523, 8.424937, 5397.274902>) Entered the safezone
17:49:04 [Market] Player "Belthazar" (id=RltGA7jYsRIS6j9XdLdrJPzdhNNDCxY3jxHIri3V2DM=) has send a requested to sell cp_joints1 x36 at the trader "Blacktrader (Elias [Smuggler Trader])" in market zone "OUTLIVE Smuggler Trader" (pos=<9945.549805, 36.532902, 5359.779785>).
17:49:04 [Market] Player "Belthazar" (id=RltGA7jYsRIS6j9XdLdrJPzdhNNDCxY3jxHIri3V2DM=) has sold cp_joints1 x36 at the trader "Blacktrader (Elias [Smuggler Trader])" in market zone "OUTLIVE Smuggler Trader" (pos=<9945.549805, 36.532902, 5359.779785>) and got 28080.
17:49:17 [Market] Player "Belthazar" (id=RltGA7jYsRIS6j9XdLdrJPzdhNNDCxY3jxHIri3V2DM=) has send a requested to sell tannedleather x24 at the trader "Blacktrader (Elias [Smuggler Trader])" in market zone "OUTLIVE Smuggler Trader" (pos=<9945.549805, 36.532902, 5359.779785>).
17:49:17 [Market] Player "Belthazar" (id=RltGA7jYsRIS6j9XdLdrJPzdhNNDCxY3jxHIri3V2DM=) has sold tannedleather x24 at the trader "Blacktrader (Elias [Smuggler Trader])" in market zone "OUTLIVE Smuggler Trader" (pos=<9945.549805, 36.532902, 5359.779785>) and got 10080.
17:49:25 [ATM Locker] Player "Belthazar" (id=RltGA7jYsRIS6j9XdLdrJPzdhNNDCxY3jxHIri3V2DM=) has deposited 38160 on his ATM account.
17:49:54 [Safezone] Player "Belthazar" (id=RltGA7jYsRIS6j9XdLdrJPzdhNNDCxY3jxHIri3V2DM= pos=<9851.128906, 6.197762, 5371.288086>) Left the safezone
17:55:09 [VehicleCarKey] Player "Majky" (id=wvz1jGdA27Eb3vtZqqzBgGv9Su_0oOujtdP3UqN1c-g= pos=<6202.393066, 3.483343, 5929.581055>) used the  ExpansionCarKey to unlock a CrSk_Hummer_H2_6x6_Camo
18:03:39 [VehicleCarKey] Player "Belthazar" (id=RltGA7jYsRIS6j9XdLdrJPzdhNNDCxY3jxHIri3V2DM= pos=<4491.001465, 1.313377, 3108.093750>) used the  ExpansionCarKey to unlock a ExpansionVodnik
18:05:06 [Safezone] Player "Belthazar" (id=RltGA7jYsRIS6j9XdLdrJPzdhNNDCxY3jxHIri3V2DM= pos=<4370.491699, 5.275596, 4060.049561>) Entered the safezone
18:05:40 [Safezone] Player "Belthazar" (id=RltGA7jYsRIS6j9XdLdrJPzdhNNDCxY3jxHIri3V2DM= pos=<4153.110840, 15.785629, 4290.513672>) Left the safezone
18:16:11 [VehicleCarKey] Player "Belthazar" (id=RltGA7jYsRIS6j9XdLdrJPzdhNNDCxY3jxHIri3V2DM= pos=<2666.213135, 24.612499, 6049.948730>) used the  ExpansionCarKey to lock a ExpansionVodnik
18:16:47 [CodeLockRaiding] ExpansionCodelock (<2651.418945, 18.425444, 6019.571777>) Damaged player "Belthazar" (ID = "RltGA7jYsRIS6j9XdLdrJPzdhNNDCxY3jxHIri3V2DM=" at <2652.968994, 17.578489, 6019.991699>) by 10 health points. Reason: Failed to enter the correct code.
18:16:47 [CodeLockRaiding] ExpansionCodelock (<2651.418945, 18.425444, 6019.571777>) The correct code was 0274 and the player tried 0143
18:17:41 [CodeLockRaiding] ExpansionCodelock (<2651.418945, 18.425444, 6019.571777>) Damaged player "Belthazar" (ID = "RltGA7jYsRIS6j9XdLdrJPzdhNNDCxY3jxHIri3V2DM=" at <2652.968994, 17.578489, 6019.991699>) by 10 health points. Reason: Failed to enter the correct code.
18:17:41 [CodeLockRaiding] ExpansionCodelock (<2651.418945, 18.425444, 6019.571777>) The correct code was 0274 and the player tried 0228
18:18:00 [CodeLockRaiding] ExpansionCodelock (<2651.418945, 18.425444, 6019.571777>) Damaged player "Belthazar" (ID = "RltGA7jYsRIS6j9XdLdrJPzdhNNDCxY3jxHIri3V2DM=" at <2652.968994, 17.578489, 6019.991699>) by 10 health points. Reason: Failed to enter the correct code.
18:18:00 [CodeLockRaiding] ExpansionCodelock (<2651.418945, 18.425444, 6019.571777>) The correct code was 0274 and the player tried 0341
18:18:29 [CodeLockRaiding] ExpansionCodelock (<2651.418945, 18.425444, 6019.571777>) Damaged player "Belthazar" (ID = "RltGA7jYsRIS6j9XdLdrJPzdhNNDCxY3jxHIri3V2DM=" at <2652.968994, 17.578489, 6019.991699>) by 10 health points. Reason: Failed to enter the correct code.
18:18:29 [CodeLockRaiding] ExpansionCodelock (<2651.418945, 18.425444, 6019.571777>) The correct code was 0274 and the player tried 0324
18:18:59 [CodeLockRaiding] ExpansionCodelock (<2651.418945, 18.425444, 6019.571777>) Damaged player "Belthazar" (ID = "RltGA7jYsRIS6j9XdLdrJPzdhNNDCxY3jxHIri3V2DM=" at <2652.968994, 17.578491, 6019.991699>) by 10 health points. Reason: Failed to enter the correct code.
18:18:59 [CodeLockRaiding] ExpansionCodelock (<2651.418945, 18.425444, 6019.571777>) The correct code was 0274 and the player tried 0342
18:19:37 [CodeLockRaiding] ExpansionCodelock (<2651.418945, 18.425444, 6019.571777>) Damaged player "Belthazar" (ID = "RltGA7jYsRIS6j9XdLdrJPzdhNNDCxY3jxHIri3V2DM=" at <2652.909180, 17.578474, 6019.876953>) by 10 health points. Reason: Failed to enter the correct code.
18:19:37 [CodeLockRaiding] ExpansionCodelock (<2651.418945, 18.425444, 6019.571777>) The correct code was 0274 and the player tried 0298
18:23:08 [CodeLockRaiding] ExpansionCodelock (<2651.418945, 18.425444, 6019.571777>) Damaged player "Belthazar" (ID = "RltGA7jYsRIS6j9XdLdrJPzdhNNDCxY3jxHIri3V2DM=" at <2652.357178, 18.429577, 6020.820801>) by 10 health points. Reason: Failed to enter the correct code.
18:23:08 [CodeLockRaiding] ExpansionCodelock (<2651.418945, 18.425444, 6019.571777>) The correct code was 0274 and the player tried 0256
18:23:33 [CodeLockRaiding] ExpansionCodelock (<2651.418945, 18.425444, 6019.571777>) Damaged player "Belthazar" (ID = "RltGA7jYsRIS6j9XdLdrJPzdhNNDCxY3jxHIri3V2DM=" at <2652.357178, 18.443981, 6020.820801>) by 10 health points. Reason: Failed to enter the correct code.
18:23:33 [CodeLockRaiding] ExpansionCodelock (<2651.418945, 18.425444, 6019.571777>) The correct code was 0274 and the player tried 0380
18:32:49 [CodeLockRaiding] ExpansionCodelock (<2651.418945, 18.425444, 6019.571777>) Damaged player "Belthazar" (ID = "RltGA7jYsRIS6j9XdLdrJPzdhNNDCxY3jxHIri3V2DM=" at <2652.315430, 18.458193, 6020.067383>) by 10 health points. Reason: Failed to enter the correct code.
18:32:49 [CodeLockRaiding] ExpansionCodelock (<2651.418945, 18.425444, 6019.571777>) The correct code was 0274 and the player tried 0321
18:33:56 [CodeLockRaiding] ExpansionCodelock (<2651.418945, 18.425444, 6019.571777>) Damaged player "Belthazar" (ID = "RltGA7jYsRIS6j9XdLdrJPzdhNNDCxY3jxHIri3V2DM=" at <2652.315430, 18.458193, 6020.067383>) by 10 health points. Reason: Failed to enter the correct code.
18:33:56 [CodeLockRaiding] ExpansionCodelock (<2651.418945, 18.425444, 6019.571777>) The correct code was 0274 and the player tried 0312
18:35:53 [CodeLockRaiding] ExpansionCodelock (<2651.418945, 18.425444, 6019.571777>) Damaged player "Belthazar" (ID = "RltGA7jYsRIS6j9XdLdrJPzdhNNDCxY3jxHIri3V2DM=" at <2652.349365, 18.458195, 6020.088379>) by 10 health points. Reason: Failed to enter the correct code.
18:35:53 [CodeLockRaiding] ExpansionCodelock (<2651.418945, 18.425444, 6019.571777>) The correct code was 0274 and the player tried 0343
18:36:46 [VehicleCarKey] Player "Majky" (id=wvz1jGdA27Eb3vtZqqzBgGv9Su_0oOujtdP3UqN1c-g= pos=<3462.517822, 3.739231, 5361.170898>) used the  ExpansionCarKey to lock a CrSk_Hummer_H2_6x6_Camo
18:42:44 [CodeLockRaiding] ExpansionCodelock (<2653.308838, 17.578518, 6018.347168>) Damaged player "Belthazar" (ID = "RltGA7jYsRIS6j9XdLdrJPzdhNNDCxY3jxHIri3V2DM=" at <2652.934814, 17.578514, 6019.550781>) by 10 health points. Reason: Failed to enter the correct code.
18:42:44 [CodeLockRaiding] ExpansionCodelock (<2653.308838, 17.578518, 6018.347168>) The correct code was 4600 and the player tried 0367
18:53:20 [CodeLockRaiding] ExpansionCodelock (<2651.418945, 18.425444, 6019.571777>) Damaged player "Belthazar" (ID = "RltGA7jYsRIS6j9XdLdrJPzdhNNDCxY3jxHIri3V2DM=" at <2652.432617, 17.578497, 6019.303711>) by 10 health points. Reason: Failed to enter the correct code.
18:53:20 [CodeLockRaiding] ExpansionCodelock (<2651.418945, 18.425444, 6019.571777>) The correct code was 0274 and the player tried 0389
19:09:48 [MissionAirdrop] An airdrop is heading towards "Obing" (pos=<6316.000000, 0.000000, 9204.000000> type=Random_Obing) with a ExpansionAirdropContainer_Military
19:09:48 [MissionAirdrop] An airdrop is heading towards "Mauerkirchen" (pos=<3123.000000, 0.000000, 4342.000000> type=Random_Mauerkirchen) with a ExpansionAirdropContainer_Military
19:11:18 [VehicleCarKey] Player "Majky" (id=wvz1jGdA27Eb3vtZqqzBgGv9Su_0oOujtdP3UqN1c-g= pos=<3462.725830, 3.746133, 5361.176758>) used the  ExpansionCarKey to unlock a CrSk_Hummer_H2_6x6_Camo
19:43:57 [VehicleCarKey] Player "Maltrix CZE" (id=l3HvTWnXl8COrcbWA0dEsar-QbcB4NyANSOekVJXAcY= pos=<557.473572, 458.452515, 7654.467773>) used the  ExpansionCarKey to unlock a ExpansionUh1h
19:44:03 [VehicleCarKey] Player "Maltrix CZE" (id=l3HvTWnXl8COrcbWA0dEsar-QbcB4NyANSOekVJXAcY= pos=<557.794373, 458.421936, 7654.023926>) used the  ExpansionCarKey to lock a ExpansionUh1h
19:56:02 [VehicleCarKey] Player "Majky" (id=wvz1jGdA27Eb3vtZqqzBgGv9Su_0oOujtdP3UqN1c-g= pos=<3460.777100, 3.691994, 5361.779297>) used the  ExpansionCarKey to lock a CrSk_Hummer_H2_6x6_Camo
19:56:06 [VehicleCarKey] Player "Majky" (id=wvz1jGdA27Eb3vtZqqzBgGv9Su_0oOujtdP3UqN1c-g= pos=<3461.219727, 3.700657, 5361.379395>) used the  ExpansionCarKey to unlock a CrSk_Hummer_H2_6x6_Camo
19:56:15 [VehicleCarKey] Player "Majky" (id=wvz1jGdA27Eb3vtZqqzBgGv9Su_0oOujtdP3UqN1c-g= pos=<3461.219727, 3.700680, 5361.379395>) used the  ExpansionCarKey to lock a CrSk_Hummer_H2_6x6_Camo
