08:02:42 [AI Object Patrol] Generating an example config...
08:09:21 [Expansion Quests] - SetupClientData - Loaded existing player quest data for player with UID: wvz1jGdA27Eb3vtZqqzBgGv9Su_0oOujtdP3UqN1c-g=
08:09:21 [Expansion Quests] - PlayerQuestsInit - Create new quest instance for quest: 23 - Creator UID: wvz1jGdA27Eb3vtZqqzBgGv9Su_0oOujtdP3UqN1c-g=
08:09:21 [Expansion Quests] - PlayerQuestsInit - Create new quest instance for quest: 75 - Creator UID: wvz1jGdA27Eb3vtZqqzBgGv9Su_0oOujtdP3UqN1c-g=
08:09:21 [Expansion Quests] - PlayerQuestsInit - Create new quest instance for quest: 72 - Creator UID: wvz1jGdA27Eb3vtZqqzBgGv9Su_0oOujtdP3UqN1c-g=
08:09:21 [Expansion Quests] - PlayerQuestsInit - Create new quest instance for quest: 74 - Creator UID: wvz1jGdA27Eb3vtZqqzBgGv9Su_0oOujtdP3UqN1c-g=
08:09:21 [Expansion Quests] - PlayerQuestsInit - Create new quest instance for quest: 73 - Creator UID: wvz1jGdA27Eb3vtZqqzBgGv9Su_0oOujtdP3UqN1c-g=
08:14:30 [MissionAirdrop] An airdrop is heading towards "Mauerkirchen" (pos=<3123.000000, 0.000000, 4342.000000> type=Random_Mauerkirchen) with a ExpansionAirdropContainer_Basebuilding
08:14:30 [MissionAirdrop] An airdrop is heading towards "Airport" (pos=<8307.879883, 0.000000, 924.599976> type=Random_Airport) with a ExpansionAirdropContainer
08:31:18 [Expansion Quests] - SetupClientData - Loaded existing player quest data for player with UID: 5HGJM4GfzznjUOY_lcVWS3zeQvKgWVOcukrVzOvxsYc=
08:31:18 [Expansion Quests] - PlayerQuestsInit - Create new quest instance for quest: 23 - Creator UID: 5HGJM4GfzznjUOY_lcVWS3zeQvKgWVOcukrVzOvxsYc=
08:39:10 [Expansion Quests] - SetupClientData - Created new persistent player quest data for player UID: slACz8Zo5NJ5r3z125qu3TA7hZdJ12LCb6nKV20BD6M=
08:45:19 [Expansion Quests] - SetupClientData - Got cached player quest data for player with UID: slACz8Zo5NJ5r3z125qu3TA7hZdJ12LCb6nKV20BD6M=
09:14:58 [Expansion Quests] - SetupClientData - Created new persistent player quest data for player UID: wmCB5EPbzqg7_fvyJicKztypWRTOHWmZvNtB5IeqtAU=
09:15:04 [Killfeed] PAN TULAK bled out.
09:15:32 [Expansion Quests] - SetupClientData - Got cached player quest data for player with UID: wmCB5EPbzqg7_fvyJicKztypWRTOHWmZvNtB5IeqtAU=
09:18:38 [Expansion Quests] - SetupClientData - Got cached player quest data for player with UID: wmCB5EPbzqg7_fvyJicKztypWRTOHWmZvNtB5IeqtAU=
09:18:38 [Expansion Quests] - PlayerQuestsInit - Create new quest instance for quest: 19 - Creator UID: wmCB5EPbzqg7_fvyJicKztypWRTOHWmZvNtB5IeqtAU=
09:18:38 [Expansion Quests] - PlayerQuestsInit - Create new quest instance for quest: 23 - Creator UID: wmCB5EPbzqg7_fvyJicKztypWRTOHWmZvNtB5IeqtAU=
09:33:59 [Expansion Quests] - SetupClientData - Loaded existing player quest data for player with UID: z67WFg-Joo3MekD4H0kXOZXbSI0D6ip7P9dY0J-nUoM=
09:33:59 [Expansion Quests] - PlayerQuestsInit - Create new quest instance for quest: 23 - Creator UID: z67WFg-Joo3MekD4H0kXOZXbSI0D6ip7P9dY0J-nUoM=
09:33:59 [Expansion Quests] - PlayerQuestsInit - Create new quest instance for quest: 85 - Creator UID: z67WFg-Joo3MekD4H0kXOZXbSI0D6ip7P9dY0J-nUoM=
09:34:37 [Chat - Global]("[Chill] Rehy_CZ"(id=z67WFg-Joo3MekD4H0kXOZXbSI0D6ip7P9dY0J-nUoM=)): Zdarec
09:34:54 [Chat - Global]("MaxKulera"(id=5HGJM4GfzznjUOY_lcVWS3zeQvKgWVOcukrVzOvxsYc=)): Cago
09:34:56 [VehicleCarKey] Player "[Chill] Rehy_CZ" (id=z67WFg-Joo3MekD4H0kXOZXbSI0D6ip7P9dY0J-nUoM= pos=<9670.011719, 0.814385, 4486.052734>) used the  ExpansionCarKey to unlock a ExpansionUtilityBoat
09:35:06 [VehicleEnter] Player [Chill] Rehy_CZ [uid=z67WFg-Joo3MekD4H0kXOZXbSI0D6ip7P9dY0J-nUoM=] entered vehicle RHIB (pos=<9672.001953, 0.253476, 4485.006836>, type=ExpansionUtilityBoat) as driver
09:35:07 [VehicleEngine] Player [Chill] Rehy_CZ [uid=z67WFg-Joo3MekD4H0kXOZXbSI0D6ip7P9dY0J-nUoM=] started vehicle RHIB (pos=<9672.001953, 0.188071, 4485.006836>, type=ExpansionUtilityBoat)
09:36:11 [VehicleLeave] Player [Chill] Rehy_CZ [uid=z67WFg-Joo3MekD4H0kXOZXbSI0D6ip7P9dY0J-nUoM=] left vehicle RHIB (pos=<9068.761719, 0.246971, 4645.356445>, type=ExpansionUtilityBoat)
09:36:35 [VehicleEnter] Player [Chill] Rehy_CZ [uid=z67WFg-Joo3MekD4H0kXOZXbSI0D6ip7P9dY0J-nUoM=] entered vehicle RHIB (pos=<9068.269531, 0.191608, 4644.731445>, type=ExpansionUtilityBoat) as driver
09:36:40 [VehicleEngine] Player [Chill] Rehy_CZ [uid=z67WFg-Joo3MekD4H0kXOZXbSI0D6ip7P9dY0J-nUoM=] stopped vehicle RHIB (pos=<9068.269531, 0.619637, 4644.731445>, type=ExpansionUtilityBoat)
09:36:43 [VehicleLeave] Player [Chill] Rehy_CZ [uid=z67WFg-Joo3MekD4H0kXOZXbSI0D6ip7P9dY0J-nUoM=] left vehicle RHIB (pos=<9068.269531, 0.589584, 4644.731445>, type=ExpansionUtilityBoat)
09:36:47 [VehicleCarKey] Player "[Chill] Rehy_CZ" (id=z67WFg-Joo3MekD4H0kXOZXbSI0D6ip7P9dY0J-nUoM= pos=<9068.083008, 0.967058, 4644.588867>) used the  ExpansionCarKey to lock a ExpansionUtilityBoat
09:39:06 [MissionAirdrop] An airdrop is heading towards "Schlachtfeld" (pos=<3059.000000, 0.000000, 1707.000000> type=Random_Schlachtfeld) with a ExpansionAirdropContainer_Medical
09:39:06 [MissionAirdrop] An airdrop is heading towards "Prison" (pos=<1399.579956, 0.000000, 9977.769531> type=Random_Prison) with a ExpansionAirdropContainer_Medical
10:55:41 [Safezone] Player "MADness" (id=OWXX6Y-5LFd-7A6ELi2o-QPO0kjmZUMZvMTKL0AQ_q0= pos=<4255.802246, 9.539838, 4117.883301>) Entered the safezone
10:55:41 [Expansion Quests] - SetupClientData - Loaded existing player quest data for player with UID: OWXX6Y-5LFd-7A6ELi2o-QPO0kjmZUMZvMTKL0AQ_q0=
10:55:41 [Expansion Quests] - PlayerQuestsInit - Create new quest instance for quest: 23 - Creator UID: OWXX6Y-5LFd-7A6ELi2o-QPO0kjmZUMZvMTKL0AQ_q0=
10:57:19 [Safezone] Player "MADness" (id=OWXX6Y-5LFd-7A6ELi2o-QPO0kjmZUMZvMTKL0AQ_q0= pos=<1167.705444, 37.438839, 8070.389648>) Left the safezone
11:30:05 [Expansion Quests] - SetupClientData - Got cached player quest data for player with UID: z67WFg-Joo3MekD4H0kXOZXbSI0D6ip7P9dY0J-nUoM=
11:30:05 [Expansion Quests] - PlayerQuestsInit - Create new quest instance for quest: 23 - Creator UID: z67WFg-Joo3MekD4H0kXOZXbSI0D6ip7P9dY0J-nUoM=
11:30:07 [MissionAirdrop] An airdrop is heading towards "Krater" (pos=<7262.000000, 0.000000, 9618.000000> type=Random_Krater) with a ExpansionAirdropContainer_Medical
11:30:07 [MissionAirdrop] An airdrop is heading towards "Obing" (pos=<6316.000000, 0.000000, 9204.000000> type=Random_Obing) with a ExpansionAirdropContainer_Military
11:32:14 [VehicleCarKey] Player "[Chill] Rehy_CZ" (id=z67WFg-Joo3MekD4H0kXOZXbSI0D6ip7P9dY0J-nUoM= pos=<9067.181641, 0.455587, 4644.305176>) used the  ExpansionCarKey to unlock a ExpansionUtilityBoat
11:33:49 [VehicleCarKey] Player "[Chill] Rehy_CZ" (id=z67WFg-Joo3MekD4H0kXOZXbSI0D6ip7P9dY0J-nUoM= pos=<9066.216797, 0.476730, 4644.064941>) used the  ExpansionCarKey to lock a ExpansionUtilityBoat
11:34:31 [VehicleCarKey] Player "[Chill] Rehy_CZ" (id=z67WFg-Joo3MekD4H0kXOZXbSI0D6ip7P9dY0J-nUoM= pos=<9067.650391, 1.084929, 4644.096191>) used the  ExpansionCarKey to unlock a ExpansionUtilityBoat
11:34:35 [VehicleEnter] Player [Chill] Rehy_CZ [uid=z67WFg-Joo3MekD4H0kXOZXbSI0D6ip7P9dY0J-nUoM=] entered vehicle RHIB (pos=<9068.269531, -0.158602, 4644.731445>, type=ExpansionUtilityBoat) as driver
11:34:37 [VehicleEngine] Player [Chill] Rehy_CZ [uid=z67WFg-Joo3MekD4H0kXOZXbSI0D6ip7P9dY0J-nUoM=] started vehicle RHIB (pos=<9068.269531, -0.038037, 4644.731445>, type=ExpansionUtilityBoat)
11:34:52 [VehicleEngine] Player [Chill] Rehy_CZ [uid=z67WFg-Joo3MekD4H0kXOZXbSI0D6ip7P9dY0J-nUoM=] stopped vehicle RHIB (pos=<9093.245117, -0.200942, 4652.524414>, type=ExpansionUtilityBoat)
11:34:55 [VehicleLeave] Player [Chill] Rehy_CZ [uid=z67WFg-Joo3MekD4H0kXOZXbSI0D6ip7P9dY0J-nUoM=] left vehicle RHIB (pos=<9096.395508, -0.515877, 4653.531250>, type=ExpansionUtilityBoat)
11:34:56 [VehicleCarKey] Player "[Chill] Rehy_CZ" (id=z67WFg-Joo3MekD4H0kXOZXbSI0D6ip7P9dY0J-nUoM= pos=<9097.377930, -0.558670, 4654.309082>) used the  ExpansionCarKey to lock a ExpansionUtilityBoat
11:36:10 [Expansion Quests] - SetupClientData - Loaded existing player quest data for player with UID: Nfzv6DNFIQOUrIIFI7jKar3zQROPreXislu94V8gvHM=
11:36:10 [Expansion Quests] - PlayerQuestsInit - Create new quest instance for quest: 20 - Creator UID: Nfzv6DNFIQOUrIIFI7jKar3zQROPreXislu94V8gvHM=
11:36:10 [Expansion Quests] - PlayerQuestsInit - Create new quest instance for quest: 23 - Creator UID: Nfzv6DNFIQOUrIIFI7jKar3zQROPreXislu94V8gvHM=
11:37:53 [Expansion Quests] - SetupClientData - Loaded existing player quest data for player with UID: htCDnLpFFf_5M--EE2Ozogwz4CTNBchyoCFouXFMQFU=
11:37:53 [Expansion Quests] - PlayerQuestsInit - Create new quest instance for quest: 20 - Creator UID: htCDnLpFFf_5M--EE2Ozogwz4CTNBchyoCFouXFMQFU=
11:37:53 [Expansion Quests] - PlayerQuestsInit - Create new quest instance for quest: 23 - Creator UID: htCDnLpFFf_5M--EE2Ozogwz4CTNBchyoCFouXFMQFU=
11:38:07 [VehicleCarKey] Player "[Chill] Rehy_CZ" (id=z67WFg-Joo3MekD4H0kXOZXbSI0D6ip7P9dY0J-nUoM= pos=<9099.305664, 0.705243, 4655.107910>) used the  ExpansionCarKey to unlock a ExpansionUtilityBoat
11:38:13 [VehicleEnter] Player [Chill] Rehy_CZ [uid=z67WFg-Joo3MekD4H0kXOZXbSI0D6ip7P9dY0J-nUoM=] entered vehicle RHIB (pos=<9100.874023, -0.240850, 4655.201172>, type=ExpansionUtilityBoat) as driver
11:38:14 [VehicleEngine] Player [Chill] Rehy_CZ [uid=z67WFg-Joo3MekD4H0kXOZXbSI0D6ip7P9dY0J-nUoM=] started vehicle RHIB (pos=<9100.874023, -0.409935, 4655.201172>, type=ExpansionUtilityBoat)
11:39:49 [Chat - Global]("[Chill] Rehy_CZ"(id=z67WFg-Joo3MekD4H0kXOZXbSI0D6ip7P9dY0J-nUoM=)): Zdarec
11:40:03 [Chat - Global]("Honan "(id=htCDnLpFFf_5M--EE2Ozogwz4CTNBchyoCFouXFMQFU=)): zdarec
11:40:11 [Chat - Global]("[Chill] Rehy_CZ"(id=z67WFg-Joo3MekD4H0kXOZXbSI0D6ip7P9dY0J-nUoM=)): jsem na dis
11:40:37 [Chat - Global]("Honan "(id=htCDnLpFFf_5M--EE2Ozogwz4CTNBchyoCFouXFMQFU=)): dorayim tam
11:40:45 [Chat - Global]("[Chill] Rehy_CZ"(id=z67WFg-Joo3MekD4H0kXOZXbSI0D6ip7P9dY0J-nUoM=)): KO
11:46:02 [Safezone] Player "[Chill] Rehy_CZ" (id=z67WFg-Joo3MekD4H0kXOZXbSI0D6ip7P9dY0J-nUoM= pos=<4387.532227, 0.394513, 4250.159668>) Entered the safezone
11:46:21 [Safezone] Player "[Chill] Rehy_CZ" (id=z67WFg-Joo3MekD4H0kXOZXbSI0D6ip7P9dY0J-nUoM= pos=<4394.907715, 0.130360, 4298.011719>) Left the safezone
11:47:24 [VehicleEngine] Player [Chill] Rehy_CZ [uid=z67WFg-Joo3MekD4H0kXOZXbSI0D6ip7P9dY0J-nUoM=] stopped vehicle RHIB (pos=<4419.599609, -0.152420, 4258.873535>, type=ExpansionUtilityBoat)
11:47:28 [VehicleLeave] Player [Chill] Rehy_CZ [uid=z67WFg-Joo3MekD4H0kXOZXbSI0D6ip7P9dY0J-nUoM=] left vehicle RHIB (pos=<4419.009766, -0.032620, 4263.652344>, type=ExpansionUtilityBoat)
11:56:36 [VehicleCarKey] Player "[Chill] Rehy_CZ" (id=z67WFg-Joo3MekD4H0kXOZXbSI0D6ip7P9dY0J-nUoM= pos=<4418.997070, 0.638400, 4270.187500>) used the  ExpansionCarKey to lock a ExpansionUtilityBoat
11:56:49 [Safezone] Player "Honan " (id=htCDnLpFFf_5M--EE2Ozogwz4CTNBchyoCFouXFMQFU= pos=<4174.110352, 13.669707, 4217.772461>) Entered the safezone
11:57:03 [Safezone] Player "[Chill] Rehy_CZ" (id=z67WFg-Joo3MekD4H0kXOZXbSI0D6ip7P9dY0J-nUoM= pos=<4386.940918, -1.106031, 4250.815918>) Entered the safezone
11:57:22 [Market] Player "Honan " (id=htCDnLpFFf_5M--EE2Ozogwz4CTNBchyoCFouXFMQFU=) has send a requested to sell fal x1 at the trader "Weapons (Denis [#STR_EXPANSION_MARKET_TRADER_WEAPONS])" in market zone "OUTLIVE Trader" (pos=<4291.589844, 25.247801, 4162.500000>).
11:57:22 [Market] Player "Honan " (id=htCDnLpFFf_5M--EE2Ozogwz4CTNBchyoCFouXFMQFU=) has sold fal x1 at the trader "Weapons (Denis [#STR_EXPANSION_MARKET_TRADER_WEAPONS])" in market zone "OUTLIVE Trader" (pos=<4291.589844, 25.247801, 4162.500000>) and got 940.
11:57:26 [Market] Player "Honan " (id=htCDnLpFFf_5M--EE2Ozogwz4CTNBchyoCFouXFMQFU=) has send a requested to sell twp_mac10 x1 at the trader "Weapons (Denis [#STR_EXPANSION_MARKET_TRADER_WEAPONS])" in market zone "OUTLIVE Trader" (pos=<4291.589844, 25.247801, 4162.500000>).
11:57:26 [Market] Player "Honan " (id=htCDnLpFFf_5M--EE2Ozogwz4CTNBchyoCFouXFMQFU=) has sold twp_mac10 x1 at the trader "Weapons (Denis [#STR_EXPANSION_MARKET_TRADER_WEAPONS])" in market zone "OUTLIVE Trader" (pos=<4291.589844, 25.247801, 4162.500000>) and got 800.
11:57:33 [Market] Player "Honan " (id=htCDnLpFFf_5M--EE2Ozogwz4CTNBchyoCFouXFMQFU=) has send a requested to sell twp_m110 x1 at the trader "Weapons (Denis [#STR_EXPANSION_MARKET_TRADER_WEAPONS])" in market zone "OUTLIVE Trader" (pos=<4291.589844, 25.247801, 4162.500000>).
11:57:33 [Market] Player "Honan " (id=htCDnLpFFf_5M--EE2Ozogwz4CTNBchyoCFouXFMQFU=) has sold twp_m110 x1 at the trader "Weapons (Denis [#STR_EXPANSION_MARKET_TRADER_WEAPONS])" in market zone "OUTLIVE Trader" (pos=<4291.589844, 25.247801, 4162.500000>) and got 2200.
11:57:38 [Market] Player "Honan " (id=htCDnLpFFf_5M--EE2Ozogwz4CTNBchyoCFouXFMQFU=) has send a requested to sell twp_g3a3 x1 at the trader "Weapons (Denis [#STR_EXPANSION_MARKET_TRADER_WEAPONS])" in market zone "OUTLIVE Trader" (pos=<4291.589844, 25.247801, 4162.500000>).
11:57:38 [Market] Player "Honan " (id=htCDnLpFFf_5M--EE2Ozogwz4CTNBchyoCFouXFMQFU=) has sold twp_g3a3 x1 at the trader "Weapons (Denis [#STR_EXPANSION_MARKET_TRADER_WEAPONS])" in market zone "OUTLIVE Trader" (pos=<4291.589844, 25.247801, 4162.500000>) and got 1600.
11:57:40 [Market] Player "Honan " (id=htCDnLpFFf_5M--EE2Ozogwz4CTNBchyoCFouXFMQFU=) has send a requested to sell twp_famas x1 at the trader "Weapons (Denis [#STR_EXPANSION_MARKET_TRADER_WEAPONS])" in market zone "OUTLIVE Trader" (pos=<4291.589844, 25.247801, 4162.500000>).
11:57:41 [Market] Player "Honan " (id=htCDnLpFFf_5M--EE2Ozogwz4CTNBchyoCFouXFMQFU=) has sold twp_famas x1 at the trader "Weapons (Denis [#STR_EXPANSION_MARKET_TRADER_WEAPONS])" in market zone "OUTLIVE Trader" (pos=<4291.589844, 25.247801, 4162.500000>) and got 1200.
