16:02:42 [AI Object Patrol] Generating an example config...
16:19:19 [Safezone] Player "Majky" (id=wvz1jGdA27Eb3vtZqqzBgGv9Su_0oOujtdP3UqN1c-g= pos=<4296.213379, 6.880936, 4166.929688>) Entered the safezone
16:19:19 [Expansion Quests] - SetupClientData - Loaded existing player quest data for player with UID: wvz1jGdA27Eb3vtZqqzBgGv9Su_0oOujtdP3UqN1c-g=
16:19:19 [Expansion Quests] - PlayerQuestsInit - Create new quest instance for quest: 23 - Creator UID: wvz1jGdA27Eb3vtZqqzBgGv9Su_0oOujtdP3UqN1c-g=
16:19:19 [Expansion Quests] - PlayerQuestsInit - Create new quest instance for quest: 4 - Creator UID: wvz1jGdA27Eb3vtZqqzBgGv9Su_0oOujtdP3UqN1c-g=
16:19:19 [Expansion Quests] - PlayerQuestsInit - Create new quest instance for quest: 7 - Creator UID: wvz1jGdA27Eb3vtZqqzBgGv9Su_0oOujtdP3UqN1c-g=
16:19:19 [Expansion Quests] - PlayerQuestsInit - Create new quest instance for quest: 3 - Creator UID: wvz1jGdA27Eb3vtZqqzBgGv9Su_0oOujtdP3UqN1c-g=
16:19:19 [Expansion Quests] - PlayerQuestsInit - Create new quest instance for quest: 15 - Creator UID: wvz1jGdA27Eb3vtZqqzBgGv9Su_0oOujtdP3UqN1c-g=
16:21:03 [VehicleCarKey] Player "Majky" (id=wvz1jGdA27Eb3vtZqqzBgGv9Su_0oOujtdP3UqN1c-g= pos=<4295.860352, 6.852616, 4163.069336>) used the  ExpansionCarKey to unlock a ExpansionGyrocopter
16:21:44 [Safezone] Player "Majky" (id=wvz1jGdA27Eb3vtZqqzBgGv9Su_0oOujtdP3UqN1c-g= pos=<4576.443848, 265.309937, 4326.318848>) Left the safezone
16:23:17 [VehicleCarKey] Player "Majky" (id=wvz1jGdA27Eb3vtZqqzBgGv9Su_0oOujtdP3UqN1c-g= pos=<4790.112793, 19.388588, 5392.807129>) used the  ExpansionCarKey to lock a ExpansionGyrocopter
16:24:27 [MissionAirdrop] An airdrop is heading towards "SouthEast" (pos=<7892.000000, 0.000000, 1340.000000> type=Random_SouthEast) with a ExpansionAirdropContainer
16:24:27 [MissionAirdrop] An airdrop is heading towards "Schlachtfeld" (pos=<3059.000000, 0.000000, 1707.000000> type=Random_Schlachtfeld) with a ExpansionAirdropContainer_Military
16:32:09 [VehicleCarKey] Player "Majky" (id=wvz1jGdA27Eb3vtZqqzBgGv9Su_0oOujtdP3UqN1c-g= pos=<4789.173828, 18.600332, 5392.878906>) used the  ExpansionCarKey to unlock a ExpansionGyrocopter
16:35:24 [VehicleCarKey] Player "Majky" (id=wvz1jGdA27Eb3vtZqqzBgGv9Su_0oOujtdP3UqN1c-g= pos=<6955.254883, 36.308407, 6638.417969>) used the  ExpansionCarKey to lock a ExpansionGyrocopter
16:39:57 [VehicleCarKey] Player "Majky" (id=wvz1jGdA27Eb3vtZqqzBgGv9Su_0oOujtdP3UqN1c-g= pos=<6956.613770, 36.048149, 6636.098633>) used the  ExpansionCarKey to unlock a ExpansionGyrocopter
16:44:17 [VehicleCarKey] Player "Majky" (id=wvz1jGdA27Eb3vtZqqzBgGv9Su_0oOujtdP3UqN1c-g= pos=<8663.909180, 12.428355, 6696.466797>) used the  ExpansionCarKey to lock a ExpansionGyrocopter
16:48:45 [VehicleCarKey] Player "Majky" (id=wvz1jGdA27Eb3vtZqqzBgGv9Su_0oOujtdP3UqN1c-g= pos=<8650.935547, 2.552367, 6687.683105>) used the  ExpansionCarKey to unlock a ExpansionGyrocopter
16:49:51 [VehicleCarKey] Player "Majky" (id=wvz1jGdA27Eb3vtZqqzBgGv9Su_0oOujtdP3UqN1c-g= pos=<8781.824219, 3.931641, 6621.421387>) used the  ExpansionCarKey to lock a ExpansionGyrocopter
16:49:53 [VehicleCarKey] Player "Majky" (id=wvz1jGdA27Eb3vtZqqzBgGv9Su_0oOujtdP3UqN1c-g= pos=<8781.824219, 3.931615, 6621.421387>) used the  ExpansionCarKey to unlock a ExpansionGyrocopter
16:49:58 [VehicleCarKey] Player "Majky" (id=wvz1jGdA27Eb3vtZqqzBgGv9Su_0oOujtdP3UqN1c-g= pos=<8781.824219, 3.931615, 6621.421387>) used the  ExpansionCarKey to lock a ExpansionGyrocopter
17:02:05 [VehicleCarKey] Player "Majky" (id=wvz1jGdA27Eb3vtZqqzBgGv9Su_0oOujtdP3UqN1c-g= pos=<8807.863281, 3.893380, 6627.961426>) used the  ExpansionCarKey to unlock a CrSk_Hummer_H2_6x6_Camo
17:05:14 [VehicleCarKey] Player "Majky" (id=wvz1jGdA27Eb3vtZqqzBgGv9Su_0oOujtdP3UqN1c-g= pos=<8808.149414, 3.892428, 6628.156738>) used the  ExpansionCarKey to lock a CrSk_Hummer_H2_6x6_Camo
17:11:00 [VehicleCarKey] Player "Majky" (id=wvz1jGdA27Eb3vtZqqzBgGv9Su_0oOujtdP3UqN1c-g= pos=<8807.925781, 3.900473, 6628.733398>) used the  ExpansionCarKey to unlock a CrSk_Hummer_H2_6x6_Camo
17:13:14 [VehicleCarKey] Player "Majky" (id=wvz1jGdA27Eb3vtZqqzBgGv9Su_0oOujtdP3UqN1c-g= pos=<8810.156250, 3.858640, 6626.793457>) used the  ExpansionCarKey to lock a CrSk_Hummer_H2_6x6_Camo
17:17:07 [VehicleCarKey] Player "Majky" (id=wvz1jGdA27Eb3vtZqqzBgGv9Su_0oOujtdP3UqN1c-g= pos=<8782.859375, 3.963020, 6619.708008>) used the  ExpansionCarKey to unlock a ExpansionGyrocopter
17:30:24 [VehicleCarKey] Player "Majky" (id=wvz1jGdA27Eb3vtZqqzBgGv9Su_0oOujtdP3UqN1c-g= pos=<3321.772461, 16.072453, 8374.255859>) used the  ExpansionCarKey to lock a ExpansionGyrocopter
17:45:59 [MissionAirdrop] An airdrop is heading towards "Prison" (pos=<1399.579956, 0.000000, 9977.769531> type=Random_Prison) with a ExpansionAirdropContainer
17:45:59 [MissionAirdrop] An airdrop is heading towards "SouthEast" (pos=<7892.000000, 0.000000, 1340.000000> type=Random_SouthEast) with a ExpansionAirdropContainer
17:50:24 [VehicleCarKey] Player "Majky" (id=wvz1jGdA27Eb3vtZqqzBgGv9Su_0oOujtdP3UqN1c-g= pos=<3319.704590, 16.072495, 8376.031250>) used the  ExpansionCarKey to unlock a ExpansionGyrocopter
17:55:01 [Safezone] Player "Majky" (id=wvz1jGdA27Eb3vtZqqzBgGv9Su_0oOujtdP3UqN1c-g= pos=<4197.991699, 207.570023, 4252.572754>) Entered the safezone
17:57:35 [Safezone] Player "Majky" (id=wvz1jGdA27Eb3vtZqqzBgGv9Su_0oOujtdP3UqN1c-g= pos=<4305.129883, 5.927753, 4156.195313>) Entered the safezone
17:57:35 [Expansion Quests] - SetupClientData - Got cached player quest data for player with UID: wvz1jGdA27Eb3vtZqqzBgGv9Su_0oOujtdP3UqN1c-g=
17:57:35 [Expansion Quests] - PlayerQuestsInit - Create new quest instance for quest: 23 - Creator UID: wvz1jGdA27Eb3vtZqqzBgGv9Su_0oOujtdP3UqN1c-g=
17:57:35 [Expansion Quests] - PlayerQuestsInit - Create new quest instance for quest: 7 - Creator UID: wvz1jGdA27Eb3vtZqqzBgGv9Su_0oOujtdP3UqN1c-g=
17:57:35 [Expansion Quests] - PlayerQuestsInit - Create new quest instance for quest: 15 - Creator UID: wvz1jGdA27Eb3vtZqqzBgGv9Su_0oOujtdP3UqN1c-g=
17:57:42 [VehicleCarKey] Player "Majky" (id=wvz1jGdA27Eb3vtZqqzBgGv9Su_0oOujtdP3UqN1c-g= pos=<4304.933594, 6.173455, 4156.599609>) used the  ExpansionCarKey to lock a ExpansionGyrocopter
17:57:46 [VehicleCarKey] Player "Majky" (id=wvz1jGdA27Eb3vtZqqzBgGv9Su_0oOujtdP3UqN1c-g= pos=<4304.419434, 5.984626, 4156.391113>) used the  ExpansionCarKey to unlock a ExpansionGyrocopter
17:57:52 [VehicleCarKey] Player "Majky" (id=wvz1jGdA27Eb3vtZqqzBgGv9Su_0oOujtdP3UqN1c-g= pos=<4304.419434, 5.984626, 4156.391113>) used the  ExpansionCarKey to lock a ExpansionGyrocopter
18:51:24 [Safezone] Player "Majky" (id=wvz1jGdA27Eb3vtZqqzBgGv9Su_0oOujtdP3UqN1c-g= pos=<4302.437988, 6.078540, 4155.889648>) Entered the safezone
18:51:24 [Expansion Quests] - SetupClientData - Got cached player quest data for player with UID: wvz1jGdA27Eb3vtZqqzBgGv9Su_0oOujtdP3UqN1c-g=
18:51:24 [Expansion Quests] - PlayerQuestsInit - Create new quest instance for quest: 23 - Creator UID: wvz1jGdA27Eb3vtZqqzBgGv9Su_0oOujtdP3UqN1c-g=
18:51:24 [Expansion Quests] - PlayerQuestsInit - Create new quest instance for quest: 4 - Creator UID: wvz1jGdA27Eb3vtZqqzBgGv9Su_0oOujtdP3UqN1c-g=
18:51:24 [Expansion Quests] - PlayerQuestsInit - Create new quest instance for quest: 15 - Creator UID: wvz1jGdA27Eb3vtZqqzBgGv9Su_0oOujtdP3UqN1c-g=
18:57:53 [VehicleCarKey] Player "Majky" (id=wvz1jGdA27Eb3vtZqqzBgGv9Su_0oOujtdP3UqN1c-g= pos=<4305.778320, 5.910356, 4159.192383>) used the  ExpansionCarKey to unlock a ExpansionGyrocopter
18:58:32 [Safezone] Player "Majky" (id=wvz1jGdA27Eb3vtZqqzBgGv9Su_0oOujtdP3UqN1c-g= pos=<4177.193359, 218.769562, 3879.161621>) Left the safezone
19:04:52 [VehicleCarKey] Player "Majky" (id=wvz1jGdA27Eb3vtZqqzBgGv9Su_0oOujtdP3UqN1c-g= pos=<7636.372070, 13.118896, 757.841675>) used the  ExpansionCarKey to lock a ExpansionGyrocopter
19:11:20 [MissionAirdrop] An airdrop is heading towards "Bachham" (pos=<1137.000000, 0.000000, 2551.000000> type=Random_Bachham) with a ExpansionAirdropContainer
19:11:20 [MissionAirdrop] An airdrop is heading towards "Weitmoos" (pos=<6222.000000, 0.000000, 9723.000000> type=Random_Weitmoos) with a ExpansionAirdropContainer
19:12:46 [VehicleCarKey] Player "Majky" (id=wvz1jGdA27Eb3vtZqqzBgGv9Su_0oOujtdP3UqN1c-g= pos=<7635.242676, 12.802855, 758.241150>) used the  ExpansionCarKey to unlock a ExpansionGyrocopter
19:12:48 [VehicleCarKey] Player "Majky" (id=wvz1jGdA27Eb3vtZqqzBgGv9Su_0oOujtdP3UqN1c-g= pos=<7635.242676, 12.802855, 758.241150>) used the  ExpansionCarKey to lock a ExpansionGyrocopter
19:32:04 [VehicleCarKey] Player "Majky" (id=wvz1jGdA27Eb3vtZqqzBgGv9Su_0oOujtdP3UqN1c-g= pos=<7635.245605, 12.802826, 755.060181>) used the  ExpansionCarKey to unlock a ExpansionGyrocopter
19:40:02 [Safezone] Player "Majky" (id=wvz1jGdA27Eb3vtZqqzBgGv9Su_0oOujtdP3UqN1c-g= pos=<4289.151367, 203.695633, 4032.623291>) Entered the safezone
19:41:14 [VehicleCarKey] Player "Majky" (id=wvz1jGdA27Eb3vtZqqzBgGv9Su_0oOujtdP3UqN1c-g= pos=<4302.871582, 6.211700, 4157.827148>) used the  ExpansionCarKey to lock a ExpansionGyrocopter
19:43:29 [Market] Player "Majky" (id=wvz1jGdA27Eb3vtZqqzBgGv9Su_0oOujtdP3UqN1c-g=) has send a requested to sell twp_m110 x1 at the trader "Weapons (Denis [#STR_EXPANSION_MARKET_TRADER_WEAPONS])" in market zone "OUTLIVE Trader" (pos=<4291.589844, 25.247801, 4162.500000>).
19:43:29 [Market] Player "Majky" (id=wvz1jGdA27Eb3vtZqqzBgGv9Su_0oOujtdP3UqN1c-g=) has sold twp_m110 x1 at the trader "Weapons (Denis [#STR_EXPANSION_MARKET_TRADER_WEAPONS])" in market zone "OUTLIVE Trader" (pos=<4291.589844, 25.247801, 4162.500000>) and got 2200.
19:43:59 [ATM Locker] Player "Majky" (id=wvz1jGdA27Eb3vtZqqzBgGv9Su_0oOujtdP3UqN1c-g=) has withdrawn 800 from his ATM account.
19:44:16 [Market] Player "Majky" (id=wvz1jGdA27Eb3vtZqqzBgGv9Su_0oOujtdP3UqN1c-g=) has send a requested to purchase canistergasoline x1 from the trader "Vehicles (Peter [#STR_EXPANSION_MARKET_TRADER_VEHICLES])" in market zone "OUTLIVE Trader" (pos=<4291.589844, 25.247801, 4162.500000>).
19:44:16 [Market] Player "Majky" (id=wvz1jGdA27Eb3vtZqqzBgGv9Su_0oOujtdP3UqN1c-g=) has bought canistergasoline x1 from the trader "Vehicles (Peter [#STR_EXPANSION_MARKET_TRADER_VEHICLES])" in market zone "OUTLIVE Trader" (pos=<4291.589844, 25.247801, 4162.500000>) for a price of 3000.
