17:26:56 [Expansion Quests] - SetupClientData - Loaded existend player quest data for player with UID: u7jy1hFXeX-3C-ubChAdh59YiiyuY16LDVnTQIqtPmk=
17:26:56 [Expansion Quests] - PlayerQuestsInit - Create new quest instance for quest: 20 - Creator UID: u7jy1hFXeX-3C-ubChAdh59YiiyuY16LDVnTQIqtPmk=
17:26:56 [Expansion Quests] - PlayerQuestsInit - Create new quest instance for quest: 23 - Creator UID: u7jy1hFXeX-3C-ubChAdh59YiiyuY16LDVnTQIqtPmk=
17:31:42 [VehicleCarKey] Player "Bflame" (id=u7jy1hFXeX-3C-ubChAdh59YiiyuY16LDVnTQIqtPmk= pos=<3386.454834, 7.990400, 6547.118164>) used the  ExpansionCarKey to unlock a Expansion_Landrover_Green
17:31:57 [MissionAirdrop] An airdrop is heading towards "Schlachtfeld" (pos=<3059.000000, 0.000000, 1707.000000> type=Random_Schlachtfeld) with a ExpansionAirdropContainer_Basebuilding
17:31:57 [MissionAirdrop] An airdrop is heading towards "Prison" (pos=<1399.579956, 0.000000, 9977.769531> type=Random_Prison) with a ExpansionAirdropContainer
17:44:08 [Expansion Quests] - SetupClientData - Loaded existend player quest data for player with UID: OWXX6Y-5LFd-7A6ELi2o-QPO0kjmZUMZvMTKL0AQ_q0=
17:44:08 [Expansion Quests] - PlayerQuestsInit - Create new quest instance for quest: 19 - Creator UID: OWXX6Y-5LFd-7A6ELi2o-QPO0kjmZUMZvMTKL0AQ_q0=
17:44:08 [Expansion Quests] - PlayerQuestsInit - Create new quest instance for quest: 20 - Creator UID: OWXX6Y-5LFd-7A6ELi2o-QPO0kjmZUMZvMTKL0AQ_q0=
17:44:08 [Expansion Quests] - PlayerQuestsInit - Create new quest instance for quest: 23 - Creator UID: OWXX6Y-5LFd-7A6ELi2o-QPO0kjmZUMZvMTKL0AQ_q0=
17:54:41 [VehicleCarKey] Player "Bflame" (id=u7jy1hFXeX-3C-ubChAdh59YiiyuY16LDVnTQIqtPmk= pos=<6636.319824, 7.796704, 5874.960449>) used the  ExpansionCarKey to lock a Expansion_Landrover_Green
17:58:36 [VehicleCarKey] Player "Bflame" (id=u7jy1hFXeX-3C-ubChAdh59YiiyuY16LDVnTQIqtPmk= pos=<6635.630859, 7.796702, 5874.735352>) used the  ExpansionCarKey to unlock a Expansion_Landrover_Green
18:00:16 [VehicleCarKey] Player "Bflame" (id=u7jy1hFXeX-3C-ubChAdh59YiiyuY16LDVnTQIqtPmk= pos=<6917.704102, 35.612434, 6391.624512>) used the  ExpansionCarKey to lock a Expansion_Landrover_Green
18:02:04 [VehicleCarKey] Player "Bflame" (id=u7jy1hFXeX-3C-ubChAdh59YiiyuY16LDVnTQIqtPmk= pos=<6918.523438, 35.612495, 6391.235840>) used the  ExpansionCarKey to unlock a Expansion_Landrover_Green
18:02:39 [VehicleCarKey] Player "Bflame" (id=u7jy1hFXeX-3C-ubChAdh59YiiyuY16LDVnTQIqtPmk= pos=<6918.371094, 35.612495, 6391.225586>) used the  ExpansionCarKey to lock a Expansion_Landrover_Green
18:06:33 [VehicleCarKey] Player "Bflame" (id=u7jy1hFXeX-3C-ubChAdh59YiiyuY16LDVnTQIqtPmk= pos=<6917.872559, 35.612446, 6391.289551>) used the  ExpansionCarKey to unlock a Expansion_Landrover_Green
18:12:20 [Market] Player "Bflame" (id=u7jy1hFXeX-3C-ubChAdh59YiiyuY16LDVnTQIqtPmk=) has send a requested to sell sewingkit x1 at the trader "Hunting (Peter [Hunter & Fish Trader])" in market zone "OUTLIVE Hunter&Fish Trader" (pos=<7173.500000, 72.561798, 8110.560059>).
18:12:20 [Market] Player "Bflame" (id=u7jy1hFXeX-3C-ubChAdh59YiiyuY16LDVnTQIqtPmk=) has sold sewingkit x1 at the trader "Hunting (Peter [Hunter & Fish Trader])" in market zone "OUTLIVE Hunter&Fish Trader" (pos=<7173.500000, 72.561798, 8110.560059>) and got 150.
18:12:21 [Market] Player "Bflame" (id=u7jy1hFXeX-3C-ubChAdh59YiiyuY16LDVnTQIqtPmk=) has send a requested to sell leathersewingkit x1 at the trader "Hunting (Peter [Hunter & Fish Trader])" in market zone "OUTLIVE Hunter&Fish Trader" (pos=<7173.500000, 72.561798, 8110.560059>).
18:12:21 [Market] Player "Bflame" (id=u7jy1hFXeX-3C-ubChAdh59YiiyuY16LDVnTQIqtPmk=) has sold leathersewingkit x1 at the trader "Hunting (Peter [Hunter & Fish Trader])" in market zone "OUTLIVE Hunter&Fish Trader" (pos=<7173.500000, 72.561798, 8110.560059>) and got 300.
18:12:24 [Market] Player "Bflame" (id=u7jy1hFXeX-3C-ubChAdh59YiiyuY16LDVnTQIqtPmk=) has send a requested to sell deersteakmeat x1 at the trader "Hunting (Peter [Hunter & Fish Trader])" in market zone "OUTLIVE Hunter&Fish Trader" (pos=<7173.500000, 72.561798, 8110.560059>).
18:12:24 [Market] Player "Bflame" (id=u7jy1hFXeX-3C-ubChAdh59YiiyuY16LDVnTQIqtPmk=) has sold deersteakmeat x1 at the trader "Hunting (Peter [Hunter & Fish Trader])" in market zone "OUTLIVE Hunter&Fish Trader" (pos=<7173.500000, 72.561798, 8110.560059>) and got 250.
18:12:24 [Market] Player "Bflame" (id=u7jy1hFXeX-3C-ubChAdh59YiiyuY16LDVnTQIqtPmk=) has send a requested to sell deersteakmeat x1 at the trader "Hunting (Peter [Hunter & Fish Trader])" in market zone "OUTLIVE Hunter&Fish Trader" (pos=<7173.500000, 72.561798, 8110.560059>).
18:12:24 [Market] Player "Bflame" (id=u7jy1hFXeX-3C-ubChAdh59YiiyuY16LDVnTQIqtPmk=) has sold deersteakmeat x1 at the trader "Hunting (Peter [Hunter & Fish Trader])" in market zone "OUTLIVE Hunter&Fish Trader" (pos=<7173.500000, 72.561798, 8110.560059>) and got 250.
18:12:25 [Market] Player "Bflame" (id=u7jy1hFXeX-3C-ubChAdh59YiiyuY16LDVnTQIqtPmk=) has send a requested to sell deersteakmeat x1 at the trader "Hunting (Peter [Hunter & Fish Trader])" in market zone "OUTLIVE Hunter&Fish Trader" (pos=<7173.500000, 72.561798, 8110.560059>).
18:12:25 [Market] Player "Bflame" (id=u7jy1hFXeX-3C-ubChAdh59YiiyuY16LDVnTQIqtPmk=) has sold deersteakmeat x1 at the trader "Hunting (Peter [Hunter & Fish Trader])" in market zone "OUTLIVE Hunter&Fish Trader" (pos=<7173.500000, 72.561798, 8110.560059>) and got 250.
18:12:25 [Market] Player "Bflame" (id=u7jy1hFXeX-3C-ubChAdh59YiiyuY16LDVnTQIqtPmk=) has send a requested to sell deersteakmeat x1 at the trader "Hunting (Peter [Hunter & Fish Trader])" in market zone "OUTLIVE Hunter&Fish Trader" (pos=<7173.500000, 72.561798, 8110.560059>).
18:12:25 [Market] Player "Bflame" (id=u7jy1hFXeX-3C-ubChAdh59YiiyuY16LDVnTQIqtPmk=) has sold deersteakmeat x1 at the trader "Hunting (Peter [Hunter & Fish Trader])" in market zone "OUTLIVE Hunter&Fish Trader" (pos=<7173.500000, 72.561798, 8110.560059>) and got 250.
18:12:26 [Market] Player "Bflame" (id=u7jy1hFXeX-3C-ubChAdh59YiiyuY16LDVnTQIqtPmk=) has send a requested to sell deersteakmeat x1 at the trader "Hunting (Peter [Hunter & Fish Trader])" in market zone "OUTLIVE Hunter&Fish Trader" (pos=<7173.500000, 72.561798, 8110.560059>).
18:12:26 [Market] Player "Bflame" (id=u7jy1hFXeX-3C-ubChAdh59YiiyuY16LDVnTQIqtPmk=) has sold deersteakmeat x1 at the trader "Hunting (Peter [Hunter & Fish Trader])" in market zone "OUTLIVE Hunter&Fish Trader" (pos=<7173.500000, 72.561798, 8110.560059>) and got 250.
18:12:28 [Market] Player "Bflame" (id=u7jy1hFXeX-3C-ubChAdh59YiiyuY16LDVnTQIqtPmk=) has send a requested to sell orienteeringcompass x1 at the trader "Hunting (Peter [Hunter & Fish Trader])" in market zone "OUTLIVE Hunter&Fish Trader" (pos=<7173.500000, 72.561798, 8110.560059>).
18:12:28 [Market] Player "Bflame" (id=u7jy1hFXeX-3C-ubChAdh59YiiyuY16LDVnTQIqtPmk=) has sold orienteeringcompass x1 at the trader "Hunting (Peter [Hunter & Fish Trader])" in market zone "OUTLIVE Hunter&Fish Trader" (pos=<7173.500000, 72.561798, 8110.560059>) and got 800.
18:12:28 [Market] Player "Bflame" (id=u7jy1hFXeX-3C-ubChAdh59YiiyuY16LDVnTQIqtPmk=) has send a requested to sell orienteeringcompass x1 at the trader "Hunting (Peter [Hunter & Fish Trader])" in market zone "OUTLIVE Hunter&Fish Trader" (pos=<7173.500000, 72.561798, 8110.560059>).
18:12:29 [Market] Player "Bflame" (id=u7jy1hFXeX-3C-ubChAdh59YiiyuY16LDVnTQIqtPmk=) has sold orienteeringcompass x1 at the trader "Hunting (Peter [Hunter & Fish Trader])" in market zone "OUTLIVE Hunter&Fish Trader" (pos=<7173.500000, 72.561798, 8110.560059>) and got 800.
18:12:29 [Market] Player "Bflame" (id=u7jy1hFXeX-3C-ubChAdh59YiiyuY16LDVnTQIqtPmk=) has send a requested to sell orienteeringcompass x1 at the trader "Hunting (Peter [Hunter & Fish Trader])" in market zone "OUTLIVE Hunter&Fish Trader" (pos=<7173.500000, 72.561798, 8110.560059>).
18:12:29 [Market] Player "Bflame" (id=u7jy1hFXeX-3C-ubChAdh59YiiyuY16LDVnTQIqtPmk=) has sold orienteeringcompass x1 at the trader "Hunting (Peter [Hunter & Fish Trader])" in market zone "OUTLIVE Hunter&Fish Trader" (pos=<7173.500000, 72.561798, 8110.560059>) and got 800.
18:12:30 [Market] Player "Bflame" (id=u7jy1hFXeX-3C-ubChAdh59YiiyuY16LDVnTQIqtPmk=) has send a requested to sell orienteeringcompass x1 at the trader "Hunting (Peter [Hunter & Fish Trader])" in market zone "OUTLIVE Hunter&Fish Trader" (pos=<7173.500000, 72.561798, 8110.560059>).
18:12:30 [Market] Player "Bflame" (id=u7jy1hFXeX-3C-ubChAdh59YiiyuY16LDVnTQIqtPmk=) has sold orienteeringcompass x1 at the trader "Hunting (Peter [Hunter & Fish Trader])" in market zone "OUTLIVE Hunter&Fish Trader" (pos=<7173.500000, 72.561798, 8110.560059>) and got 800.
18:12:30 [Market] Player "Bflame" (id=u7jy1hFXeX-3C-ubChAdh59YiiyuY16LDVnTQIqtPmk=) has send a requested to sell orienteeringcompass x1 at the trader "Hunting (Peter [Hunter & Fish Trader])" in market zone "OUTLIVE Hunter&Fish Trader" (pos=<7173.500000, 72.561798, 8110.560059>).
18:12:30 [Market] Player "Bflame" (id=u7jy1hFXeX-3C-ubChAdh59YiiyuY16LDVnTQIqtPmk=) has sold orienteeringcompass x1 at the trader "Hunting (Peter [Hunter & Fish Trader])" in market zone "OUTLIVE Hunter&Fish Trader" (pos=<7173.500000, 72.561798, 8110.560059>) and got 800.
18:12:31 [Market] Player "Bflame" (id=u7jy1hFXeX-3C-ubChAdh59YiiyuY16LDVnTQIqtPmk=) has send a requested to sell compass x1 at the trader "Hunting (Peter [Hunter & Fish Trader])" in market zone "OUTLIVE Hunter&Fish Trader" (pos=<7173.500000, 72.561798, 8110.560059>).
18:12:31 [Market] Player "Bflame" (id=u7jy1hFXeX-3C-ubChAdh59YiiyuY16LDVnTQIqtPmk=) has sold compass x1 at the trader "Hunting (Peter [Hunter & Fish Trader])" in market zone "OUTLIVE Hunter&Fish Trader" (pos=<7173.500000, 72.561798, 8110.560059>) and got 1200.
18:12:32 [Market] Player "Bflame" (id=u7jy1hFXeX-3C-ubChAdh59YiiyuY16LDVnTQIqtPmk=) has send a requested to sell compass x1 at the trader "Hunting (Peter [Hunter & Fish Trader])" in market zone "OUTLIVE Hunter&Fish Trader" (pos=<7173.500000, 72.561798, 8110.560059>).
18:12:32 [Market] Player "Bflame" (id=u7jy1hFXeX-3C-ubChAdh59YiiyuY16LDVnTQIqtPmk=) has sold compass x1 at the trader "Hunting (Peter [Hunter & Fish Trader])" in market zone "OUTLIVE Hunter&Fish Trader" (pos=<7173.500000, 72.561798, 8110.560059>) and got 1200.
18:12:32 [Market] Player "Bflame" (id=u7jy1hFXeX-3C-ubChAdh59YiiyuY16LDVnTQIqtPmk=) has send a requested to sell compass x1 at the trader "Hunting (Peter [Hunter & Fish Trader])" in market zone "OUTLIVE Hunter&Fish Trader" (pos=<7173.500000, 72.561798, 8110.560059>).
18:12:32 [Market] Player "Bflame" (id=u7jy1hFXeX-3C-ubChAdh59YiiyuY16LDVnTQIqtPmk=) has sold compass x1 at the trader "Hunting (Peter [Hunter & Fish Trader])" in market zone "OUTLIVE Hunter&Fish Trader" (pos=<7173.500000, 72.561798, 8110.560059>) and got 1200.
18:12:33 [Market] Player "Bflame" (id=u7jy1hFXeX-3C-ubChAdh59YiiyuY16LDVnTQIqtPmk=) has send a requested to sell compass x1 at the trader "Hunting (Peter [Hunter & Fish Trader])" in market zone "OUTLIVE Hunter&Fish Trader" (pos=<7173.500000, 72.561798, 8110.560059>).
18:12:33 [Market] Player "Bflame" (id=u7jy1hFXeX-3C-ubChAdh59YiiyuY16LDVnTQIqtPmk=) has sold compass x1 at the trader "Hunting (Peter [Hunter & Fish Trader])" in market zone "OUTLIVE Hunter&Fish Trader" (pos=<7173.500000, 72.561798, 8110.560059>) and got 1200.
18:12:33 [Market] Player "Bflame" (id=u7jy1hFXeX-3C-ubChAdh59YiiyuY16LDVnTQIqtPmk=) has send a requested to sell compass x1 at the trader "Hunting (Peter [Hunter & Fish Trader])" in market zone "OUTLIVE Hunter&Fish Trader" (pos=<7173.500000, 72.561798, 8110.560059>).
18:12:33 [Market] Player "Bflame" (id=u7jy1hFXeX-3C-ubChAdh59YiiyuY16LDVnTQIqtPmk=) has sold compass x1 at the trader "Hunting (Peter [Hunter & Fish Trader])" in market zone "OUTLIVE Hunter&Fish Trader" (pos=<7173.500000, 72.561798, 8110.560059>) and got 1200.
18:12:34 [Market] Player "Bflame" (id=u7jy1hFXeX-3C-ubChAdh59YiiyuY16LDVnTQIqtPmk=) has send a requested to sell chernarusmap x1 at the trader "Hunting (Peter [Hunter & Fish Trader])" in market zone "OUTLIVE Hunter&Fish Trader" (pos=<7173.500000, 72.561798, 8110.560059>).
18:12:34 [Market] Player "Bflame" (id=u7jy1hFXeX-3C-ubChAdh59YiiyuY16LDVnTQIqtPmk=) has sold chernarusmap x1 at the trader "Hunting (Peter [Hunter & Fish Trader])" in market zone "OUTLIVE Hunter&Fish Trader" (pos=<7173.500000, 72.561798, 8110.560059>) and got 1200.
18:12:34 [Market] Player "Bflame" (id=u7jy1hFXeX-3C-ubChAdh59YiiyuY16LDVnTQIqtPmk=) has send a requested to sell chernarusmap x1 at the trader "Hunting (Peter [Hunter & Fish Trader])" in market zone "OUTLIVE Hunter&Fish Trader" (pos=<7173.500000, 72.561798, 8110.560059>).
18:12:34 [Market] Player "Bflame" (id=u7jy1hFXeX-3C-ubChAdh59YiiyuY16LDVnTQIqtPmk=) has sold chernarusmap x1 at the trader "Hunting (Peter [Hunter & Fish Trader])" in market zone "OUTLIVE Hunter&Fish Trader" (pos=<7173.500000, 72.561798, 8110.560059>) and got 1200.
18:12:35 [Market] Player "Bflame" (id=u7jy1hFXeX-3C-ubChAdh59YiiyuY16LDVnTQIqtPmk=) has send a requested to sell chernarusmap x1 at the trader "Hunting (Peter [Hunter & Fish Trader])" in market zone "OUTLIVE Hunter&Fish Trader" (pos=<7173.500000, 72.561798, 8110.560059>).
18:12:35 [Market] Player "Bflame" (id=u7jy1hFXeX-3C-ubChAdh59YiiyuY16LDVnTQIqtPmk=) has sold chernarusmap x1 at the trader "Hunting (Peter [Hunter & Fish Trader])" in market zone "OUTLIVE Hunter&Fish Trader" (pos=<7173.500000, 72.561798, 8110.560059>) and got 1200.
18:12:35 [Market] Player "Bflame" (id=u7jy1hFXeX-3C-ubChAdh59YiiyuY16LDVnTQIqtPmk=) has send a requested to sell chernarusmap x1 at the trader "Hunting (Peter [Hunter & Fish Trader])" in market zone "OUTLIVE Hunter&Fish Trader" (pos=<7173.500000, 72.561798, 8110.560059>).
18:12:36 [Market] Player "Bflame" (id=u7jy1hFXeX-3C-ubChAdh59YiiyuY16LDVnTQIqtPmk=) has sold chernarusmap x1 at the trader "Hunting (Peter [Hunter & Fish Trader])" in market zone "OUTLIVE Hunter&Fish Trader" (pos=<7173.500000, 72.561798, 8110.560059>) and got 1200.
18:12:36 [Market] Player "Bflame" (id=u7jy1hFXeX-3C-ubChAdh59YiiyuY16LDVnTQIqtPmk=) has send a requested to sell chernarusmap x1 at the trader "Hunting (Peter [Hunter & Fish Trader])" in market zone "OUTLIVE Hunter&Fish Trader" (pos=<7173.500000, 72.561798, 8110.560059>).
18:12:36 [Market] Player "Bflame" (id=u7jy1hFXeX-3C-ubChAdh59YiiyuY16LDVnTQIqtPmk=) has sold chernarusmap x1 at the trader "Hunting (Peter [Hunter & Fish Trader])" in market zone "OUTLIVE Hunter&Fish Trader" (pos=<7173.500000, 72.561798, 8110.560059>) and got 1200.
18:12:36 [Market] Player "Bflame" (id=u7jy1hFXeX-3C-ubChAdh59YiiyuY16LDVnTQIqtPmk=) has send a requested to sell chernarusmap x1 at the trader "Hunting (Peter [Hunter & Fish Trader])" in market zone "OUTLIVE Hunter&Fish Trader" (pos=<7173.500000, 72.561798, 8110.560059>).
18:12:36 [Market] Player "Bflame" (id=u7jy1hFXeX-3C-ubChAdh59YiiyuY16LDVnTQIqtPmk=) has sold chernarusmap x1 at the trader "Hunting (Peter [Hunter & Fish Trader])" in market zone "OUTLIVE Hunter&Fish Trader" (pos=<7173.500000, 72.561798, 8110.560059>) and got 1200.
18:12:37 [Market] Player "Bflame" (id=u7jy1hFXeX-3C-ubChAdh59YiiyuY16LDVnTQIqtPmk=) has send a requested to sell chernarusmap x1 at the trader "Hunting (Peter [Hunter & Fish Trader])" in market zone "OUTLIVE Hunter&Fish Trader" (pos=<7173.500000, 72.561798, 8110.560059>).
18:12:37 [Market] Player "Bflame" (id=u7jy1hFXeX-3C-ubChAdh59YiiyuY16LDVnTQIqtPmk=) has sold chernarusmap x1 at the trader "Hunting (Peter [Hunter & Fish Trader])" in market zone "OUTLIVE Hunter&Fish Trader" (pos=<7173.500000, 72.561798, 8110.560059>) and got 1200.
18:12:37 [Market] Player "Bflame" (id=u7jy1hFXeX-3C-ubChAdh59YiiyuY16LDVnTQIqtPmk=) has send a requested to sell chernarusmap x1 at the trader "Hunting (Peter [Hunter & Fish Trader])" in market zone "OUTLIVE Hunter&Fish Trader" (pos=<7173.500000, 72.561798, 8110.560059>).
18:12:37 [Market] Player "Bflame" (id=u7jy1hFXeX-3C-ubChAdh59YiiyuY16LDVnTQIqtPmk=) has sold chernarusmap x1 at the trader "Hunting (Peter [Hunter & Fish Trader])" in market zone "OUTLIVE Hunter&Fish Trader" (pos=<7173.500000, 72.561798, 8110.560059>) and got 1200.
18:12:38 [Market] Player "Bflame" (id=u7jy1hFXeX-3C-ubChAdh59YiiyuY16LDVnTQIqtPmk=) has send a requested to sell chernarusmap x1 at the trader "Hunting (Peter [Hunter & Fish Trader])" in market zone "OUTLIVE Hunter&Fish Trader" (pos=<7173.500000, 72.561798, 8110.560059>).
18:12:38 [Market] Player "Bflame" (id=u7jy1hFXeX-3C-ubChAdh59YiiyuY16LDVnTQIqtPmk=) has sold chernarusmap x1 at the trader "Hunting (Peter [Hunter & Fish Trader])" in market zone "OUTLIVE Hunter&Fish Trader" (pos=<7173.500000, 72.561798, 8110.560059>) and got 1200.
18:12:39 [Market] Player "Bflame" (id=u7jy1hFXeX-3C-ubChAdh59YiiyuY16LDVnTQIqtPmk=) has send a requested to sell chernarusmap x1 at the trader "Hunting (Peter [Hunter & Fish Trader])" in market zone "OUTLIVE Hunter&Fish Trader" (pos=<7173.500000, 72.561798, 8110.560059>).
18:12:39 [Market] Player "Bflame" (id=u7jy1hFXeX-3C-ubChAdh59YiiyuY16LDVnTQIqtPmk=) has sold chernarusmap x1 at the trader "Hunting (Peter [Hunter & Fish Trader])" in market zone "OUTLIVE Hunter&Fish Trader" (pos=<7173.500000, 72.561798, 8110.560059>) and got 1200.
18:16:11 [Market] Player "Bflame" (id=u7jy1hFXeX-3C-ubChAdh59YiiyuY16LDVnTQIqtPmk=) has send a requested to sell rag_bearcarpet_white x1 at the trader "Hunting (Peter [Hunter & Fish Trader])" in market zone "OUTLIVE Hunter&Fish Trader" (pos=<7173.500000, 72.561798, 8110.560059>).
18:16:11 [Market] Player "Bflame" (id=u7jy1hFXeX-3C-ubChAdh59YiiyuY16LDVnTQIqtPmk=) has sold rag_bearcarpet_white x1 at the trader "Hunting (Peter [Hunter & Fish Trader])" in market zone "OUTLIVE Hunter&Fish Trader" (pos=<7173.500000, 72.561798, 8110.560059>) and got 7500.
18:16:12 [Market] Player "Bflame" (id=u7jy1hFXeX-3C-ubChAdh59YiiyuY16LDVnTQIqtPmk=) has send a requested to sell rag_bearcarpet_white x1 at the trader "Hunting (Peter [Hunter & Fish Trader])" in market zone "OUTLIVE Hunter&Fish Trader" (pos=<7173.500000, 72.561798, 8110.560059>).
18:16:12 [Market] Player "Bflame" (id=u7jy1hFXeX-3C-ubChAdh59YiiyuY16LDVnTQIqtPmk=) has sold rag_bearcarpet_white x1 at the trader "Hunting (Peter [Hunter & Fish Trader])" in market zone "OUTLIVE Hunter&Fish Trader" (pos=<7173.500000, 72.561798, 8110.560059>) and got 7500.
18:16:33 [VehicleCarKey] Player "Bflame" (id=u7jy1hFXeX-3C-ubChAdh59YiiyuY16LDVnTQIqtPmk= pos=<7168.714844, 70.640205, 8125.843262>) used the  ExpansionCarKey to lock a Expansion_Landrover_Green
18:19:05 [VehicleCarKey] Player "Bflame" (id=u7jy1hFXeX-3C-ubChAdh59YiiyuY16LDVnTQIqtPmk= pos=<7168.668457, 70.688072, 8124.811035>) used the  ExpansionCarKey to unlock a Expansion_Landrover_Green
18:19:56 [Market] Player "Bflame" (id=u7jy1hFXeX-3C-ubChAdh59YiiyuY16LDVnTQIqtPmk=) has send a requested to sell wolfpelt x1 at the trader "Hunting (Peter [Hunter & Fish Trader])" in market zone "OUTLIVE Hunter&Fish Trader" (pos=<7173.500000, 72.561798, 8110.560059>).
18:19:56 [Market] Player "Bflame" (id=u7jy1hFXeX-3C-ubChAdh59YiiyuY16LDVnTQIqtPmk=) has sold wolfpelt x1 at the trader "Hunting (Peter [Hunter & Fish Trader])" in market zone "OUTLIVE Hunter&Fish Trader" (pos=<7173.500000, 72.561798, 8110.560059>) and got 750.
18:19:57 [Market] Player "Bflame" (id=u7jy1hFXeX-3C-ubChAdh59YiiyuY16LDVnTQIqtPmk=) has send a requested to sell wolfpelt x1 at the trader "Hunting (Peter [Hunter & Fish Trader])" in market zone "OUTLIVE Hunter&Fish Trader" (pos=<7173.500000, 72.561798, 8110.560059>).
18:19:57 [Market] Player "Bflame" (id=u7jy1hFXeX-3C-ubChAdh59YiiyuY16LDVnTQIqtPmk=) has sold wolfpelt x1 at the trader "Hunting (Peter [Hunter & Fish Trader])" in market zone "OUTLIVE Hunter&Fish Trader" (pos=<7173.500000, 72.561798, 8110.560059>) and got 750.
18:21:14 [VehicleCarKey] Player "Bflame" (id=u7jy1hFXeX-3C-ubChAdh59YiiyuY16LDVnTQIqtPmk= pos=<7168.410156, 70.662514, 8125.187500>) used the  ExpansionCarKey to lock a Expansion_Landrover_Green
18:21:26 [Market] Player "Bflame" (id=u7jy1hFXeX-3C-ubChAdh59YiiyuY16LDVnTQIqtPmk=) has send a requested to sell weaponcleaningkit x1 at the trader "Hunting (Peter [Hunter & Fish Trader])" in market zone "OUTLIVE Hunter&Fish Trader" (pos=<7173.500000, 72.561798, 8110.560059>).
18:21:26 [Market] Player "Bflame" (id=u7jy1hFXeX-3C-ubChAdh59YiiyuY16LDVnTQIqtPmk=) has sold weaponcleaningkit x1 at the trader "Hunting (Peter [Hunter & Fish Trader])" in market zone "OUTLIVE Hunter&Fish Trader" (pos=<7173.500000, 72.561798, 8110.560059>) and got 600.
18:21:29 [Market] Player "Bflame" (id=u7jy1hFXeX-3C-ubChAdh59YiiyuY16LDVnTQIqtPmk=) has send a requested to sell deerpelt x1 at the trader "Hunting (Peter [Hunter & Fish Trader])" in market zone "OUTLIVE Hunter&Fish Trader" (pos=<7173.500000, 72.561798, 8110.560059>).
18:21:29 [Market] Player "Bflame" (id=u7jy1hFXeX-3C-ubChAdh59YiiyuY16LDVnTQIqtPmk=) has sold deerpelt x1 at the trader "Hunting (Peter [Hunter & Fish Trader])" in market zone "OUTLIVE Hunter&Fish Trader" (pos=<7173.500000, 72.561798, 8110.560059>) and got 1500.
18:21:30 [Market] Player "Bflame" (id=u7jy1hFXeX-3C-ubChAdh59YiiyuY16LDVnTQIqtPmk=) has send a requested to sell pigpelt x1 at the trader "Hunting (Peter [Hunter & Fish Trader])" in market zone "OUTLIVE Hunter&Fish Trader" (pos=<7173.500000, 72.561798, 8110.560059>).
18:21:30 [Market] Player "Bflame" (id=u7jy1hFXeX-3C-ubChAdh59YiiyuY16LDVnTQIqtPmk=) has sold pigpelt x1 at the trader "Hunting (Peter [Hunter & Fish Trader])" in market zone "OUTLIVE Hunter&Fish Trader" (pos=<7173.500000, 72.561798, 8110.560059>) and got 1200.
18:21:31 [Market] Player "Bflame" (id=u7jy1hFXeX-3C-ubChAdh59YiiyuY16LDVnTQIqtPmk=) has send a requested to sell pigpelt x1 at the trader "Hunting (Peter [Hunter & Fish Trader])" in market zone "OUTLIVE Hunter&Fish Trader" (pos=<7173.500000, 72.561798, 8110.560059>).
18:21:31 [Market] Player "Bflame" (id=u7jy1hFXeX-3C-ubChAdh59YiiyuY16LDVnTQIqtPmk=) has sold pigpelt x1 at the trader "Hunting (Peter [Hunter & Fish Trader])" in market zone "OUTLIVE Hunter&Fish Trader" (pos=<7173.500000, 72.561798, 8110.560059>) and got 1200.
18:54:05 [Expansion Quests] - SetupClientData - Created new persistent player quest data for player UID: wvz1jGdA27Eb3vtZqqzBgGv9Su_0oOujtdP3UqN1c-g=
18:54:24 [Safezone] Player "Majky" (id=wvz1jGdA27Eb3vtZqqzBgGv9Su_0oOujtdP3UqN1c-g= pos=<4418.545898, 1.415172, 4189.885254>) Entered the safezone
18:54:40 [MissionAirdrop] An airdrop is heading towards "Mauerkirchen" (pos=<3123.000000, 0.000000, 4342.000000> type=Random_Mauerkirchen) with a ExpansionAirdropContainer_Basebuilding
18:54:40 [MissionAirdrop] An airdrop is heading towards "Airport" (pos=<8307.879883, 0.000000, 924.599976> type=Random_Airport) with a ExpansionAirdropContainer_Military
18:55:10 [ATM Locker] Player "Majky" (id=wvz1jGdA27Eb3vtZqqzBgGv9Su_0oOujtdP3UqN1c-g=) has withdrawn 200000 from his ATM account.
18:57:25 [Market] Player "Majky" (id=wvz1jGdA27Eb3vtZqqzBgGv9Su_0oOujtdP3UqN1c-g=) has send a requested to purchase mmg_falcon_b1_belt_black x1 from the trader "Clothing (Linda [#STR_EXPANSION_MARKET_TRADER_CLOTHING])" in market zone "OUTLIVE Trader" (pos=<4291.589844, 25.247801, 4162.500000>).
18:57:25 [Market] Player "Majky" (id=wvz1jGdA27Eb3vtZqqzBgGv9Su_0oOujtdP3UqN1c-g=) has bought mmg_falcon_b1_belt_black x1 from the trader "Clothing (Linda [#STR_EXPANSION_MARKET_TRADER_CLOTHING])" in market zone "OUTLIVE Trader" (pos=<4291.589844, 25.247801, 4162.500000>) for a price of 15000.
18:57:30 [Market] Player "Majky" (id=wvz1jGdA27Eb3vtZqqzBgGv9Su_0oOujtdP3UqN1c-g=) has send a requested to purchase mmg_med_pouch_black x1 from the trader "Clothing (Linda [#STR_EXPANSION_MARKET_TRADER_CLOTHING])" in market zone "OUTLIVE Trader" (pos=<4291.589844, 25.247801, 4162.500000>).
18:57:30 [Market] Player "Majky" (id=wvz1jGdA27Eb3vtZqqzBgGv9Su_0oOujtdP3UqN1c-g=) has bought mmg_med_pouch_black x1 from the trader "Clothing (Linda [#STR_EXPANSION_MARKET_TRADER_CLOTHING])" in market zone "OUTLIVE Trader" (pos=<4291.589844, 25.247801, 4162.500000>) for a price of 2000.
18:57:32 [Market] Player "Majky" (id=wvz1jGdA27Eb3vtZqqzBgGv9Su_0oOujtdP3UqN1c-g=) has send a requested to purchase mmg_nbc_pouch x1 from the trader "Clothing (Linda [#STR_EXPANSION_MARKET_TRADER_CLOTHING])" in market zone "OUTLIVE Trader" (pos=<4291.589844, 25.247801, 4162.500000>).
18:57:32 [Market] Player "Majky" (id=wvz1jGdA27Eb3vtZqqzBgGv9Su_0oOujtdP3UqN1c-g=) has bought mmg_nbc_pouch x1 from the trader "Clothing (Linda [#STR_EXPANSION_MARKET_TRADER_CLOTHING])" in market zone "OUTLIVE Trader" (pos=<4291.589844, 25.247801, 4162.500000>) for a price of 35000.
18:57:35 [Market] Player "Majky" (id=wvz1jGdA27Eb3vtZqqzBgGv9Su_0oOujtdP3UqN1c-g=) has send a requested to purchase mmg_mag_pouch_black x1 from the trader "Clothing (Linda [#STR_EXPANSION_MARKET_TRADER_CLOTHING])" in market zone "OUTLIVE Trader" (pos=<4291.589844, 25.247801, 4162.500000>).
18:57:35 [Market] Player "Majky" (id=wvz1jGdA27Eb3vtZqqzBgGv9Su_0oOujtdP3UqN1c-g=) has bought mmg_mag_pouch_black x1 from the trader "Clothing (Linda [#STR_EXPANSION_MARKET_TRADER_CLOTHING])" in market zone "OUTLIVE Trader" (pos=<4291.589844, 25.247801, 4162.500000>) for a price of 2000.
18:57:43 [Market] Player "Majky" (id=wvz1jGdA27Eb3vtZqqzBgGv9Su_0oOujtdP3UqN1c-g=) has send a requested to purchase mmg_gp_nvg_black x1 from the trader "Clothing (Linda [#STR_EXPANSION_MARKET_TRADER_CLOTHING])" in market zone "OUTLIVE Trader" (pos=<4291.589844, 25.247801, 4162.500000>).
18:57:43 [Market] Player "Majky" (id=wvz1jGdA27Eb3vtZqqzBgGv9Su_0oOujtdP3UqN1c-g=) has bought mmg_gp_nvg_black x1 from the trader "Clothing (Linda [#STR_EXPANSION_MARKET_TRADER_CLOTHING])" in market zone "OUTLIVE Trader" (pos=<4291.589844, 25.247801, 4162.500000>) for a price of 85000.
18:57:49 [Market] Player "Majky" (id=wvz1jGdA27Eb3vtZqqzBgGv9Su_0oOujtdP3UqN1c-g=) has send a requested to purchase mmg_holster_black x1 from the trader "Clothing (Linda [#STR_EXPANSION_MARKET_TRADER_CLOTHING])" in market zone "OUTLIVE Trader" (pos=<4291.589844, 25.247801, 4162.500000>).
18:57:50 [Market] Player "Majky" (id=wvz1jGdA27Eb3vtZqqzBgGv9Su_0oOujtdP3UqN1c-g=) has bought mmg_holster_black x1 from the trader "Clothing (Linda [#STR_EXPANSION_MARKET_TRADER_CLOTHING])" in market zone "OUTLIVE Trader" (pos=<4291.589844, 25.247801, 4162.500000>) for a price of 2000.
18:57:53 [Market] Player "Majky" (id=wvz1jGdA27Eb3vtZqqzBgGv9Su_0oOujtdP3UqN1c-g=) has send a requested to purchase mmg_facemask_black x1 from the trader "Clothing (Linda [#STR_EXPANSION_MARKET_TRADER_CLOTHING])" in market zone "OUTLIVE Trader" (pos=<4291.589844, 25.247801, 4162.500000>).
18:57:53 [Market] Player "Majky" (id=wvz1jGdA27Eb3vtZqqzBgGv9Su_0oOujtdP3UqN1c-g=) has bought mmg_facemask_black x1 from the trader "Clothing (Linda [#STR_EXPANSION_MARKET_TRADER_CLOTHING])" in market zone "OUTLIVE Trader" (pos=<4291.589844, 25.247801, 4162.500000>) for a price of 3000.
18:57:57 [Market] Player "Majky" (id=wvz1jGdA27Eb3vtZqqzBgGv9Su_0oOujtdP3UqN1c-g=) has send a requested to purchase mmg_double_magpouch_black x1 from the trader "Clothing (Linda [#STR_EXPANSION_MARKET_TRADER_CLOTHING])" in market zone "OUTLIVE Trader" (pos=<4291.589844, 25.247801, 4162.500000>).
18:57:57 [Market] Player "Majky" (id=wvz1jGdA27Eb3vtZqqzBgGv9Su_0oOujtdP3UqN1c-g=) has bought mmg_double_magpouch_black x1 from the trader "Clothing (Linda [#STR_EXPANSION_MARKET_TRADER_CLOTHING])" in market zone "OUTLIVE Trader" (pos=<4291.589844, 25.247801, 4162.500000>) for a price of 2000.
18:58:12 [Market] Player "Majky" (id=wvz1jGdA27Eb3vtZqqzBgGv9Su_0oOujtdP3UqN1c-g=) has send a requested to purchase mmg_carrier_backpack_black x1 from the trader "Clothing (Linda [#STR_EXPANSION_MARKET_TRADER_CLOTHING])" in market zone "OUTLIVE Trader" (pos=<4291.589844, 25.247801, 4162.500000>).
18:58:12 [Market] Player "Majky" (id=wvz1jGdA27Eb3vtZqqzBgGv9Su_0oOujtdP3UqN1c-g=) has bought mmg_carrier_backpack_black x1 from the trader "Clothing (Linda [#STR_EXPANSION_MARKET_TRADER_CLOTHING])" in market zone "OUTLIVE Trader" (pos=<4291.589844, 25.247801, 4162.500000>) for a price of 5000.
18:59:00 [Market] Player "Majky" (id=wvz1jGdA27Eb3vtZqqzBgGv9Su_0oOujtdP3UqN1c-g=) has send a requested to purchase mmg_tactical_gloves_black x1 from the trader "Clothing (Linda [#STR_EXPANSION_MARKET_TRADER_CLOTHING])" in market zone "OUTLIVE Trader" (pos=<4291.589844, 25.247801, 4162.500000>).
18:59:00 [Market] Player "Majky" (id=wvz1jGdA27Eb3vtZqqzBgGv9Su_0oOujtdP3UqN1c-g=) has bought mmg_tactical_gloves_black x1 from the trader "Clothing (Linda [#STR_EXPANSION_MARKET_TRADER_CLOTHING])" in market zone "OUTLIVE Trader" (pos=<4291.589844, 25.247801, 4162.500000>) for a price of 2000.
18:59:08 [Market] Player "Majky" (id=wvz1jGdA27Eb3vtZqqzBgGv9Su_0oOujtdP3UqN1c-g=) has send a requested to purchase mmg_tactical_shirt_black x1 from the trader "Clothing (Linda [#STR_EXPANSION_MARKET_TRADER_CLOTHING])" in market zone "OUTLIVE Trader" (pos=<4291.589844, 25.247801, 4162.500000>).
18:59:08 [Market] Player "Majky" (id=wvz1jGdA27Eb3vtZqqzBgGv9Su_0oOujtdP3UqN1c-g=) has bought mmg_tactical_shirt_black x1 from the trader "Clothing (Linda [#STR_EXPANSION_MARKET_TRADER_CLOTHING])" in market zone "OUTLIVE Trader" (pos=<4291.589844, 25.247801, 4162.500000>) for a price of 5000.
18:59:10 [Market] Player "Majky" (id=wvz1jGdA27Eb3vtZqqzBgGv9Su_0oOujtdP3UqN1c-g=) has send a requested to purchase mmg_boots_black x1 from the trader "Clothing (Linda [#STR_EXPANSION_MARKET_TRADER_CLOTHING])" in market zone "OUTLIVE Trader" (pos=<4291.589844, 25.247801, 4162.500000>).
18:59:10 [Market] Player "Majky" (id=wvz1jGdA27Eb3vtZqqzBgGv9Su_0oOujtdP3UqN1c-g=) has bought mmg_boots_black x1 from the trader "Clothing (Linda [#STR_EXPANSION_MARKET_TRADER_CLOTHING])" in market zone "OUTLIVE Trader" (pos=<4291.589844, 25.247801, 4162.500000>) for a price of 3000.
18:59:18 [Market] Player "Majky" (id=wvz1jGdA27Eb3vtZqqzBgGv9Su_0oOujtdP3UqN1c-g=) has send a requested to purchase mmg_tactical_pants_black x1 from the trader "Clothing (Linda [#STR_EXPANSION_MARKET_TRADER_CLOTHING])" in market zone "OUTLIVE Trader" (pos=<4291.589844, 25.247801, 4162.500000>).
18:59:19 [Market] Player "Majky" (id=wvz1jGdA27Eb3vtZqqzBgGv9Su_0oOujtdP3UqN1c-g=) has bought mmg_tactical_pants_black x1 from the trader "Clothing (Linda [#STR_EXPANSION_MARKET_TRADER_CLOTHING])" in market zone "OUTLIVE Trader" (pos=<4291.589844, 25.247801, 4162.500000>) for a price of 5000.
18:59:22 [Market] Player "Majky" (id=wvz1jGdA27Eb3vtZqqzBgGv9Su_0oOujtdP3UqN1c-g=) has send a requested to purchase mmg_tactical_helmet_black x1 from the trader "Clothing (Linda [#STR_EXPANSION_MARKET_TRADER_CLOTHING])" in market zone "OUTLIVE Trader" (pos=<4291.589844, 25.247801, 4162.500000>).
18:59:22 [Market] Player "Majky" (id=wvz1jGdA27Eb3vtZqqzBgGv9Su_0oOujtdP3UqN1c-g=) has bought mmg_tactical_helmet_black x1 from the trader "Clothing (Linda [#STR_EXPANSION_MARKET_TRADER_CLOTHING])" in market zone "OUTLIVE Trader" (pos=<4291.589844, 25.247801, 4162.500000>) for a price of 5000.
18:59:35 [Market] Player "Majky" (id=wvz1jGdA27Eb3vtZqqzBgGv9Su_0oOujtdP3UqN1c-g=) has send a requested to purchase mmg_operatorshirt_black x1 from the trader "Clothing (Linda [#STR_EXPANSION_MARKET_TRADER_CLOTHING])" in market zone "OUTLIVE Trader" (pos=<4291.589844, 25.247801, 4162.500000>).
18:59:35 [Market] Player "Majky" (id=wvz1jGdA27Eb3vtZqqzBgGv9Su_0oOujtdP3UqN1c-g=) has bought mmg_operatorshirt_black x1 from the trader "Clothing (Linda [#STR_EXPANSION_MARKET_TRADER_CLOTHING])" in market zone "OUTLIVE Trader" (pos=<4291.589844, 25.247801, 4162.500000>) for a price of 5000.
19:00:49 [ATM Locker] Player "Majky" (id=wvz1jGdA27Eb3vtZqqzBgGv9Su_0oOujtdP3UqN1c-g=) has withdrawn 100000 from his ATM account.
19:01:06 [Market] Player "Majky" (id=wvz1jGdA27Eb3vtZqqzBgGv9Su_0oOujtdP3UqN1c-g=) has send a requested to purchase mmg_carbine_black x1 from the trader "Clothing (Linda [#STR_EXPANSION_MARKET_TRADER_CLOTHING])" in market zone "OUTLIVE Trader" (pos=<4291.589844, 25.247801, 4162.500000>).
19:01:06 [Market] Player "Majky" (id=wvz1jGdA27Eb3vtZqqzBgGv9Su_0oOujtdP3UqN1c-g=) has bought mmg_carbine_black x1 from the trader "Clothing (Linda [#STR_EXPANSION_MARKET_TRADER_CLOTHING])" in market zone "OUTLIVE Trader" (pos=<4291.589844, 25.247801, 4162.500000>) for a price of 2000.
19:01:17 [Market] Player "Majky" (id=wvz1jGdA27Eb3vtZqqzBgGv9Su_0oOujtdP3UqN1c-g=) has send a requested to purchase mmg_chestrig_black x1 from the trader "Clothing (Linda [#STR_EXPANSION_MARKET_TRADER_CLOTHING])" in market zone "OUTLIVE Trader" (pos=<4291.589844, 25.247801, 4162.500000>).
19:01:17 [Market] Player "Majky" (id=wvz1jGdA27Eb3vtZqqzBgGv9Su_0oOujtdP3UqN1c-g=) has bought mmg_chestrig_black x1 from the trader "Clothing (Linda [#STR_EXPANSION_MARKET_TRADER_CLOTHING])" in market zone "OUTLIVE Trader" (pos=<4291.589844, 25.247801, 4162.500000>) for a price of 10000.
19:01:25 [Market] Player "Majky" (id=wvz1jGdA27Eb3vtZqqzBgGv9Su_0oOujtdP3UqN1c-g=) has send a requested to purchase mmg_bottle_black x1 from the trader "Clothing (Linda [#STR_EXPANSION_MARKET_TRADER_CLOTHING])" in market zone "OUTLIVE Trader" (pos=<4291.589844, 25.247801, 4162.500000>).
19:01:25 [Market] Player "Majky" (id=wvz1jGdA27Eb3vtZqqzBgGv9Su_0oOujtdP3UqN1c-g=) has bought mmg_bottle_black x1 from the trader "Clothing (Linda [#STR_EXPANSION_MARKET_TRADER_CLOTHING])" in market zone "OUTLIVE Trader" (pos=<4291.589844, 25.247801, 4162.500000>) for a price of 2500.
19:01:29 [Market] Player "Majky" (id=wvz1jGdA27Eb3vtZqqzBgGv9Su_0oOujtdP3UqN1c-g=) has send a requested to purchase mmg_ammo_pouch_black x1 from the trader "Clothing (Linda [#STR_EXPANSION_MARKET_TRADER_CLOTHING])" in market zone "OUTLIVE Trader" (pos=<4291.589844, 25.247801, 4162.500000>).
19:01:29 [Market] Player "Majky" (id=wvz1jGdA27Eb3vtZqqzBgGv9Su_0oOujtdP3UqN1c-g=) has bought mmg_ammo_pouch_black x1 from the trader "Clothing (Linda [#STR_EXPANSION_MARKET_TRADER_CLOTHING])" in market zone "OUTLIVE Trader" (pos=<4291.589844, 25.247801, 4162.500000>) for a price of 2000.
19:01:35 [Market] Player "Majky" (id=wvz1jGdA27Eb3vtZqqzBgGv9Su_0oOujtdP3UqN1c-g=) has send a requested to purchase mmg_combatpants_black x1 from the trader "Clothing (Linda [#STR_EXPANSION_MARKET_TRADER_CLOTHING])" in market zone "OUTLIVE Trader" (pos=<4291.589844, 25.247801, 4162.500000>).
19:01:35 [Market] Player "Majky" (id=wvz1jGdA27Eb3vtZqqzBgGv9Su_0oOujtdP3UqN1c-g=) has bought mmg_combatpants_black x1 from the trader "Clothing (Linda [#STR_EXPANSION_MARKET_TRADER_CLOTHING])" in market zone "OUTLIVE Trader" (pos=<4291.589844, 25.247801, 4162.500000>) for a price of 5000.
19:01:38 [Market] Player "Majky" (id=wvz1jGdA27Eb3vtZqqzBgGv9Su_0oOujtdP3UqN1c-g=) has send a requested to purchase mmg_combatshirt_black x1 from the trader "Clothing (Linda [#STR_EXPANSION_MARKET_TRADER_CLOTHING])" in market zone "OUTLIVE Trader" (pos=<4291.589844, 25.247801, 4162.500000>).
19:01:39 [Market] Player "Majky" (id=wvz1jGdA27Eb3vtZqqzBgGv9Su_0oOujtdP3UqN1c-g=) has bought mmg_combatshirt_black x1 from the trader "Clothing (Linda [#STR_EXPANSION_MARKET_TRADER_CLOTHING])" in market zone "OUTLIVE Trader" (pos=<4291.589844, 25.247801, 4162.500000>) for a price of 5000.
19:01:50 [Market] Player "Majky" (id=wvz1jGdA27Eb3vtZqqzBgGv9Su_0oOujtdP3UqN1c-g=) has send a requested to purchase mmg_jpc_vest_black x1 from the trader "Clothing (Linda [#STR_EXPANSION_MARKET_TRADER_CLOTHING])" in market zone "OUTLIVE Trader" (pos=<4291.589844, 25.247801, 4162.500000>).
19:01:50 [Market] Player "Majky" (id=wvz1jGdA27Eb3vtZqqzBgGv9Su_0oOujtdP3UqN1c-g=) has bought mmg_jpc_vest_black x1 from the trader "Clothing (Linda [#STR_EXPANSION_MARKET_TRADER_CLOTHING])" in market zone "OUTLIVE Trader" (pos=<4291.589844, 25.247801, 4162.500000>) for a price of 15000.
19:02:42 [Market] Player "Majky" (id=wvz1jGdA27Eb3vtZqqzBgGv9Su_0oOujtdP3UqN1c-g=) has send a requested to purchase mmg_mk_v_armor_black x1 from the trader "Clothing (Linda [#STR_EXPANSION_MARKET_TRADER_CLOTHING])" in market zone "OUTLIVE Trader" (pos=<4291.589844, 25.247801, 4162.500000>).
19:02:42 [Market] Player "Majky" (id=wvz1jGdA27Eb3vtZqqzBgGv9Su_0oOujtdP3UqN1c-g=) has bought mmg_mk_v_armor_black x1 from the trader "Clothing (Linda [#STR_EXPANSION_MARKET_TRADER_CLOTHING])" in market zone "OUTLIVE Trader" (pos=<4291.589844, 25.247801, 4162.500000>) for a price of 55000.
19:02:53 [Market] Player "Majky" (id=wvz1jGdA27Eb3vtZqqzBgGv9Su_0oOujtdP3UqN1c-g=) has send a requested to purchase mmg_sheath_black x1 from the trader "Clothing (Linda [#STR_EXPANSION_MARKET_TRADER_CLOTHING])" in market zone "OUTLIVE Trader" (pos=<4291.589844, 25.247801, 4162.500000>).
19:02:53 [Market] Player "Majky" (id=wvz1jGdA27Eb3vtZqqzBgGv9Su_0oOujtdP3UqN1c-g=) has bought mmg_sheath_black x1 from the trader "Clothing (Linda [#STR_EXPANSION_MARKET_TRADER_CLOTHING])" in market zone "OUTLIVE Trader" (pos=<4291.589844, 25.247801, 4162.500000>) for a price of 2000.
19:03:02 [Market] Player "Majky" (id=wvz1jGdA27Eb3vtZqqzBgGv9Su_0oOujtdP3UqN1c-g=) has send a requested to purchase mmg_tactical_pouch_black x1 from the trader "Clothing (Linda [#STR_EXPANSION_MARKET_TRADER_CLOTHING])" in market zone "OUTLIVE Trader" (pos=<4291.589844, 25.247801, 4162.500000>).
19:03:02 [Market] Player "Majky" (id=wvz1jGdA27Eb3vtZqqzBgGv9Su_0oOujtdP3UqN1c-g=) has bought mmg_tactical_pouch_black x1 from the trader "Clothing (Linda [#STR_EXPANSION_MARKET_TRADER_CLOTHING])" in market zone "OUTLIVE Trader" (pos=<4291.589844, 25.247801, 4162.500000>) for a price of 2000.
19:03:08 [Market] Player "Majky" (id=wvz1jGdA27Eb3vtZqqzBgGv9Su_0oOujtdP3UqN1c-g=) has send a requested to purchase mmg_triple_magpouch_black x1 from the trader "Clothing (Linda [#STR_EXPANSION_MARKET_TRADER_CLOTHING])" in market zone "OUTLIVE Trader" (pos=<4291.589844, 25.247801, 4162.500000>).
19:03:08 [Market] Player "Majky" (id=wvz1jGdA27Eb3vtZqqzBgGv9Su_0oOujtdP3UqN1c-g=) has bought mmg_triple_magpouch_black x1 from the trader "Clothing (Linda [#STR_EXPANSION_MARKET_TRADER_CLOTHING])" in market zone "OUTLIVE Trader" (pos=<4291.589844, 25.247801, 4162.500000>) for a price of 2000.
19:04:18 [ATM Locker] Player "Majky" (id=wvz1jGdA27Eb3vtZqqzBgGv9Su_0oOujtdP3UqN1c-g=) has deposited 21500 on his ATM account.
19:05:06 [Safezone] Player "Majky" (id=wvz1jGdA27Eb3vtZqqzBgGv9Su_0oOujtdP3UqN1c-g= pos=<4436.429199, 1.415219, 4196.779297>) Left the safezone
19:05:15 [Safezone] Player "Majky" (id=wvz1jGdA27Eb3vtZqqzBgGv9Su_0oOujtdP3UqN1c-g= pos=<4418.532715, 1.415250, 4190.126465>) Entered the safezone
19:05:16 [VehicleCarKey] Player "Majky" (id=wvz1jGdA27Eb3vtZqqzBgGv9Su_0oOujtdP3UqN1c-g= pos=<4418.114746, 1.415249, 4190.115234>) used the  ExpansionCarKey to unlock a ExpansionUtilityBoat
19:05:24 [Safezone] Player "Majky" (id=wvz1jGdA27Eb3vtZqqzBgGv9Su_0oOujtdP3UqN1c-g= pos=<4418.650391, 1.415250, 4189.227539>) Entered the safezone
19:05:35 [Safezone] Player "Majky" (id=wvz1jGdA27Eb3vtZqqzBgGv9Su_0oOujtdP3UqN1c-g= pos=<4422.061035, 0.345086, 4202.878418>) Left the safezone
19:08:08 [VehicleCarKey] Player "Majky" (id=wvz1jGdA27Eb3vtZqqzBgGv9Su_0oOujtdP3UqN1c-g= pos=<3514.974121, 1.562284, 5385.012207>) used the  ExpansionCarKey to lock a ExpansionUtilityBoat
19:25:19 [VehicleCarKey] Player "Majky" (id=wvz1jGdA27Eb3vtZqqzBgGv9Su_0oOujtdP3UqN1c-g= pos=<3455.357910, 3.610651, 5344.291504>) used the  ExpansionCarKey to unlock a CrSk_Hummer_H2_6x6_Camo
19:25:40 [VehicleCarKey] Player "Majky" (id=wvz1jGdA27Eb3vtZqqzBgGv9Su_0oOujtdP3UqN1c-g= pos=<3454.657715, 3.613194, 5344.316895>) used the  ExpansionCarKey to lock a CrSk_Hummer_H2_6x6_Camo
19:31:00 [VehicleCarKey] Player "Majky" (id=wvz1jGdA27Eb3vtZqqzBgGv9Su_0oOujtdP3UqN1c-g= pos=<3515.315430, 1.560216, 5385.424316>) used the  ExpansionCarKey to unlock a ExpansionUtilityBoat
19:31:35 [VehicleCarKey] Player "Majky" (id=wvz1jGdA27Eb3vtZqqzBgGv9Su_0oOujtdP3UqN1c-g= pos=<3515.315430, 1.560215, 5385.424316>) used the  ExpansionCarKey to lock a ExpansionUtilityBoat
19:36:43 [VehicleCarKey] Player "Majky" (id=wvz1jGdA27Eb3vtZqqzBgGv9Su_0oOujtdP3UqN1c-g= pos=<3450.977539, 3.627008, 5343.483398>) used the  ExpansionCarKey to unlock a CrSk_Hummer_H2_6x6_Camo
19:38:15 [Safezone] Player "Majky" (id=wvz1jGdA27Eb3vtZqqzBgGv9Su_0oOujtdP3UqN1c-g= pos=<4189.645020, 15.413134, 4242.302734>) Entered the safezone
19:38:43 [VehicleCarKey] Player "Majky" (id=wvz1jGdA27Eb3vtZqqzBgGv9Su_0oOujtdP3UqN1c-g= pos=<4271.062500, 10.828537, 4195.393555>) used the  ExpansionCarKey to lock a CrSk_Hummer_H2_6x6_Camo
19:39:11 [ATM Locker] Player "Majky" (id=wvz1jGdA27Eb3vtZqqzBgGv9Su_0oOujtdP3UqN1c-g=) has withdrawn 100000 from his ATM account.
19:39:24 [Market] Player "Majky" (id=wvz1jGdA27Eb3vtZqqzBgGv9Su_0oOujtdP3UqN1c-g=) has send a requested to purchase mmg_headphones_black x1 from the trader "Clothing (Linda [#STR_EXPANSION_MARKET_TRADER_CLOTHING])" in market zone "OUTLIVE Trader" (pos=<4291.589844, 25.247801, 4162.500000>).
19:39:25 [Market] Player "Majky" (id=wvz1jGdA27Eb3vtZqqzBgGv9Su_0oOujtdP3UqN1c-g=) has bought mmg_headphones_black x1 from the trader "Clothing (Linda [#STR_EXPANSION_MARKET_TRADER_CLOTHING])" in market zone "OUTLIVE Trader" (pos=<4291.589844, 25.247801, 4162.500000>) for a price of 5000.
19:39:33 [Market] Player "Majky" (id=wvz1jGdA27Eb3vtZqqzBgGv9Su_0oOujtdP3UqN1c-g=) has send a requested to purchase mmg_bottle_black x1 from the trader "Clothing (Linda [#STR_EXPANSION_MARKET_TRADER_CLOTHING])" in market zone "OUTLIVE Trader" (pos=<4291.589844, 25.247801, 4162.500000>).
19:39:33 [Market] Player "Majky" (id=wvz1jGdA27Eb3vtZqqzBgGv9Su_0oOujtdP3UqN1c-g=) has bought mmg_bottle_black x1 from the trader "Clothing (Linda [#STR_EXPANSION_MARKET_TRADER_CLOTHING])" in market zone "OUTLIVE Trader" (pos=<4291.589844, 25.247801, 4162.500000>) for a price of 2500.
19:39:41 [Market] Player "Majky" (id=wvz1jGdA27Eb3vtZqqzBgGv9Su_0oOujtdP3UqN1c-g=) has send a requested to purchase mmg_sheath_black x1 from the trader "Clothing (Linda [#STR_EXPANSION_MARKET_TRADER_CLOTHING])" in market zone "OUTLIVE Trader" (pos=<4291.589844, 25.247801, 4162.500000>).
19:39:41 [Market] Player "Majky" (id=wvz1jGdA27Eb3vtZqqzBgGv9Su_0oOujtdP3UqN1c-g=) has bought mmg_sheath_black x1 from the trader "Clothing (Linda [#STR_EXPANSION_MARKET_TRADER_CLOTHING])" in market zone "OUTLIVE Trader" (pos=<4291.589844, 25.247801, 4162.500000>) for a price of 2000.
19:40:41 [Market] Player "Majky" (id=wvz1jGdA27Eb3vtZqqzBgGv9Su_0oOujtdP3UqN1c-g=) has send a requested to purchase mmg_patch_rubber_punisher x1 from the trader "Clothing (Linda [#STR_EXPANSION_MARKET_TRADER_CLOTHING])" in market zone "OUTLIVE Trader" (pos=<4291.589844, 25.247801, 4162.500000>).
19:40:41 [Market] Player "Majky" (id=wvz1jGdA27Eb3vtZqqzBgGv9Su_0oOujtdP3UqN1c-g=) has bought mmg_patch_rubber_punisher x1 from the trader "Clothing (Linda [#STR_EXPANSION_MARKET_TRADER_CLOTHING])" in market zone "OUTLIVE Trader" (pos=<4291.589844, 25.247801, 4162.500000>) for a price of 1000.
19:43:32 [Market] Player "Majky" (id=wvz1jGdA27Eb3vtZqqzBgGv9Su_0oOujtdP3UqN1c-g=) has send a requested to purchase twp_glock18 x1 from the trader "Weapons (Denis [#STR_EXPANSION_MARKET_TRADER_WEAPONS])" in market zone "OUTLIVE Trader" (pos=<4291.589844, 25.247801, 4162.500000>).
19:43:32 [Market] Player "Majky" (id=wvz1jGdA27Eb3vtZqqzBgGv9Su_0oOujtdP3UqN1c-g=) has bought twp_glock18 x1 from the trader "Weapons (Denis [#STR_EXPANSION_MARKET_TRADER_WEAPONS])" in market zone "OUTLIVE Trader" (pos=<4291.589844, 25.247801, 4162.500000>) for a price of 7500.
19:43:35 [Market] Player "Majky" (id=wvz1jGdA27Eb3vtZqqzBgGv9Su_0oOujtdP3UqN1c-g=) has send a requested to purchase twp_glock42 x1 from the trader "Weapons (Denis [#STR_EXPANSION_MARKET_TRADER_WEAPONS])" in market zone "OUTLIVE Trader" (pos=<4291.589844, 25.247801, 4162.500000>).
19:43:35 [Market] Player "Majky" (id=wvz1jGdA27Eb3vtZqqzBgGv9Su_0oOujtdP3UqN1c-g=) has bought twp_glock42 x1 from the trader "Weapons (Denis [#STR_EXPANSION_MARKET_TRADER_WEAPONS])" in market zone "OUTLIVE Trader" (pos=<4291.589844, 25.247801, 4162.500000>) for a price of 3500.
19:44:00 [VehicleCarKey] Player "Majky" (id=wvz1jGdA27Eb3vtZqqzBgGv9Su_0oOujtdP3UqN1c-g= pos=<4270.206543, 10.909875, 4194.182129>) used the  ExpansionCarKey to unlock a CrSk_Hummer_H2_6x6_Camo
19:44:25 [VehicleCarKey] Player "Majky" (id=wvz1jGdA27Eb3vtZqqzBgGv9Su_0oOujtdP3UqN1c-g= pos=<4270.355957, 10.904517, 4194.225586>) used the  ExpansionCarKey to lock a CrSk_Hummer_H2_6x6_Camo
19:46:44 [Market] Player "Majky" (id=wvz1jGdA27Eb3vtZqqzBgGv9Su_0oOujtdP3UqN1c-g=) has send a requested to purchase mmg_ammo_pouch_atacs x1 from the trader "Clothing (Linda [#STR_EXPANSION_MARKET_TRADER_CLOTHING])" in market zone "OUTLIVE Trader" (pos=<4291.589844, 25.247801, 4162.500000>).
19:46:44 [Market] Player "Majky" (id=wvz1jGdA27Eb3vtZqqzBgGv9Su_0oOujtdP3UqN1c-g=) has bought mmg_ammo_pouch_atacs x1 from the trader "Clothing (Linda [#STR_EXPANSION_MARKET_TRADER_CLOTHING])" in market zone "OUTLIVE Trader" (pos=<4291.589844, 25.247801, 4162.500000>) for a price of 2000.
19:46:57 [Market] Player "Majky" (id=wvz1jGdA27Eb3vtZqqzBgGv9Su_0oOujtdP3UqN1c-g=) has send a requested to purchase mmg_bottle_atacs x2 from the trader "Clothing (Linda [#STR_EXPANSION_MARKET_TRADER_CLOTHING])" in market zone "OUTLIVE Trader" (pos=<4291.589844, 25.247801, 4162.500000>).
19:46:57 [Market] Player "Majky" (id=wvz1jGdA27Eb3vtZqqzBgGv9Su_0oOujtdP3UqN1c-g=) has bought mmg_bottle_atacs x2 from the trader "Clothing (Linda [#STR_EXPANSION_MARKET_TRADER_CLOTHING])" in market zone "OUTLIVE Trader" (pos=<4291.589844, 25.247801, 4162.500000>) for a price of 5000.
19:47:09 [Market] Player "Majky" (id=wvz1jGdA27Eb3vtZqqzBgGv9Su_0oOujtdP3UqN1c-g=) has send a requested to purchase mmg_balaclava_atacs x1 from the trader "Clothing (Linda [#STR_EXPANSION_MARKET_TRADER_CLOTHING])" in market zone "OUTLIVE Trader" (pos=<4291.589844, 25.247801, 4162.500000>).
19:47:09 [Market] Player "Majky" (id=wvz1jGdA27Eb3vtZqqzBgGv9Su_0oOujtdP3UqN1c-g=) has bought mmg_balaclava_atacs x1 from the trader "Clothing (Linda [#STR_EXPANSION_MARKET_TRADER_CLOTHING])" in market zone "OUTLIVE Trader" (pos=<4291.589844, 25.247801, 4162.500000>) for a price of 3000.
19:47:43 [Market] Player "Majky" (id=wvz1jGdA27Eb3vtZqqzBgGv9Su_0oOujtdP3UqN1c-g=) has send a requested to purchase mmg_carrier_backpack_atacs x1 from the trader "Clothing (Linda [#STR_EXPANSION_MARKET_TRADER_CLOTHING])" in market zone "OUTLIVE Trader" (pos=<4291.589844, 25.247801, 4162.500000>).
19:47:43 [Market] Player "Majky" (id=wvz1jGdA27Eb3vtZqqzBgGv9Su_0oOujtdP3UqN1c-g=) has bought mmg_carrier_backpack_atacs x1 from the trader "Clothing (Linda [#STR_EXPANSION_MARKET_TRADER_CLOTHING])" in market zone "OUTLIVE Trader" (pos=<4291.589844, 25.247801, 4162.500000>) for a price of 5000.
19:48:18 [Market] Player "Majky" (id=wvz1jGdA27Eb3vtZqqzBgGv9Su_0oOujtdP3UqN1c-g=) has send a requested to purchase mmg_carbine_green x1 from the trader "Clothing (Linda [#STR_EXPANSION_MARKET_TRADER_CLOTHING])" in market zone "OUTLIVE Trader" (pos=<4291.589844, 25.247801, 4162.500000>).
19:48:18 [Market] Player "Majky" (id=wvz1jGdA27Eb3vtZqqzBgGv9Su_0oOujtdP3UqN1c-g=) has bought mmg_carbine_green x1 from the trader "Clothing (Linda [#STR_EXPANSION_MARKET_TRADER_CLOTHING])" in market zone "OUTLIVE Trader" (pos=<4291.589844, 25.247801, 4162.500000>) for a price of 2000.
19:48:35 [Market] Player "Majky" (id=wvz1jGdA27Eb3vtZqqzBgGv9Su_0oOujtdP3UqN1c-g=) has send a requested to purchase mmg_headphones_green x1 from the trader "Clothing (Linda [#STR_EXPANSION_MARKET_TRADER_CLOTHING])" in market zone "OUTLIVE Trader" (pos=<4291.589844, 25.247801, 4162.500000>).
19:48:35 [Market] Player "Majky" (id=wvz1jGdA27Eb3vtZqqzBgGv9Su_0oOujtdP3UqN1c-g=) has bought mmg_headphones_green x1 from the trader "Clothing (Linda [#STR_EXPANSION_MARKET_TRADER_CLOTHING])" in market zone "OUTLIVE Trader" (pos=<4291.589844, 25.247801, 4162.500000>) for a price of 5000.
19:48:45 [Market] Player "Majky" (id=wvz1jGdA27Eb3vtZqqzBgGv9Su_0oOujtdP3UqN1c-g=) has send a requested to purchase mmg_combatpants_atacs x1 from the trader "Clothing (Linda [#STR_EXPANSION_MARKET_TRADER_CLOTHING])" in market zone "OUTLIVE Trader" (pos=<4291.589844, 25.247801, 4162.500000>).
19:48:45 [Market] Player "Majky" (id=wvz1jGdA27Eb3vtZqqzBgGv9Su_0oOujtdP3UqN1c-g=) has bought mmg_combatpants_atacs x1 from the trader "Clothing (Linda [#STR_EXPANSION_MARKET_TRADER_CLOTHING])" in market zone "OUTLIVE Trader" (pos=<4291.589844, 25.247801, 4162.500000>) for a price of 5000.
19:48:51 [Market] Player "Majky" (id=wvz1jGdA27Eb3vtZqqzBgGv9Su_0oOujtdP3UqN1c-g=) has send a requested to purchase mmg_combatshirt_atacs x1 from the trader "Clothing (Linda [#STR_EXPANSION_MARKET_TRADER_CLOTHING])" in market zone "OUTLIVE Trader" (pos=<4291.589844, 25.247801, 4162.500000>).
19:48:51 [Market] Player "Majky" (id=wvz1jGdA27Eb3vtZqqzBgGv9Su_0oOujtdP3UqN1c-g=) has bought mmg_combatshirt_atacs x1 from the trader "Clothing (Linda [#STR_EXPANSION_MARKET_TRADER_CLOTHING])" in market zone "OUTLIVE Trader" (pos=<4291.589844, 25.247801, 4162.500000>) for a price of 5000.
19:49:47 [Market] Player "Majky" (id=wvz1jGdA27Eb3vtZqqzBgGv9Su_0oOujtdP3UqN1c-g=) has send a requested to purchase mmg_med_pouch_atacs x1 from the trader "Clothing (Linda [#STR_EXPANSION_MARKET_TRADER_CLOTHING])" in market zone "OUTLIVE Trader" (pos=<4291.589844, 25.247801, 4162.500000>).
19:49:47 [Market] Player "Majky" (id=wvz1jGdA27Eb3vtZqqzBgGv9Su_0oOujtdP3UqN1c-g=) has bought mmg_med_pouch_atacs x1 from the trader "Clothing (Linda [#STR_EXPANSION_MARKET_TRADER_CLOTHING])" in market zone "OUTLIVE Trader" (pos=<4291.589844, 25.247801, 4162.500000>) for a price of 2000.
19:50:08 [Market] Player "Majky" (id=wvz1jGdA27Eb3vtZqqzBgGv9Su_0oOujtdP3UqN1c-g=) has send a requested to purchase mmg_operatorshirt_atacs x1 from the trader "Clothing (Linda [#STR_EXPANSION_MARKET_TRADER_CLOTHING])" in market zone "OUTLIVE Trader" (pos=<4291.589844, 25.247801, 4162.500000>).
19:50:08 [Market] Player "Majky" (id=wvz1jGdA27Eb3vtZqqzBgGv9Su_0oOujtdP3UqN1c-g=) has bought mmg_operatorshirt_atacs x1 from the trader "Clothing (Linda [#STR_EXPANSION_MARKET_TRADER_CLOTHING])" in market zone "OUTLIVE Trader" (pos=<4291.589844, 25.247801, 4162.500000>) for a price of 5000.
19:50:16 [Market] Player "Majky" (id=wvz1jGdA27Eb3vtZqqzBgGv9Su_0oOujtdP3UqN1c-g=) has send a requested to purchase mmg_sheath_atacs x2 from the trader "Clothing (Linda [#STR_EXPANSION_MARKET_TRADER_CLOTHING])" in market zone "OUTLIVE Trader" (pos=<4291.589844, 25.247801, 4162.500000>).
19:50:16 [Market] Player "Majky" (id=wvz1jGdA27Eb3vtZqqzBgGv9Su_0oOujtdP3UqN1c-g=) has bought mmg_sheath_atacs x2 from the trader "Clothing (Linda [#STR_EXPANSION_MARKET_TRADER_CLOTHING])" in market zone "OUTLIVE Trader" (pos=<4291.589844, 25.247801, 4162.500000>) for a price of 4000.
19:51:56 [Safezone] Player "Majky" (id=wvz1jGdA27Eb3vtZqqzBgGv9Su_0oOujtdP3UqN1c-g= pos=<4186.616211, 15.385397, 4131.648438>) Entered the safezone
19:51:56 [Expansion Quests] - SetupClientData - Loaded existend player quest data for player with UID: wvz1jGdA27Eb3vtZqqzBgGv9Su_0oOujtdP3UqN1c-g=
19:52:44 [Market] Player "Majky" (id=wvz1jGdA27Eb3vtZqqzBgGv9Su_0oOujtdP3UqN1c-g=) has send a requested to purchase mmg_balaclava_atacs x1 from the trader "Clothing (Linda [#STR_EXPANSION_MARKET_TRADER_CLOTHING])" in market zone "OUTLIVE Trader" (pos=<4291.589844, 25.247801, 4162.500000>).
19:52:44 [Market] Player "Majky" (id=wvz1jGdA27Eb3vtZqqzBgGv9Su_0oOujtdP3UqN1c-g=) has bought mmg_balaclava_atacs x1 from the trader "Clothing (Linda [#STR_EXPANSION_MARKET_TRADER_CLOTHING])" in market zone "OUTLIVE Trader" (pos=<4291.589844, 25.247801, 4162.500000>) for a price of 3000.
19:52:52 [Market] Player "Majky" (id=wvz1jGdA27Eb3vtZqqzBgGv9Su_0oOujtdP3UqN1c-g=) has send a requested to purchase mmg_falcon_b1_belt_atacs x1 from the trader "Clothing (Linda [#STR_EXPANSION_MARKET_TRADER_CLOTHING])" in market zone "OUTLIVE Trader" (pos=<4291.589844, 25.247801, 4162.500000>).
19:52:52 [Market] Player "Majky" (id=wvz1jGdA27Eb3vtZqqzBgGv9Su_0oOujtdP3UqN1c-g=) has bought mmg_falcon_b1_belt_atacs x1 from the trader "Clothing (Linda [#STR_EXPANSION_MARKET_TRADER_CLOTHING])" in market zone "OUTLIVE Trader" (pos=<4291.589844, 25.247801, 4162.500000>) for a price of 15000.
19:53:00 [Market] Player "Majky" (id=wvz1jGdA27Eb3vtZqqzBgGv9Su_0oOujtdP3UqN1c-g=) has send a requested to purchase mmg_mag_pouch_atacs x1 from the trader "Clothing (Linda [#STR_EXPANSION_MARKET_TRADER_CLOTHING])" in market zone "OUTLIVE Trader" (pos=<4291.589844, 25.247801, 4162.500000>).
19:53:00 [Market] Player "Majky" (id=wvz1jGdA27Eb3vtZqqzBgGv9Su_0oOujtdP3UqN1c-g=) has bought mmg_mag_pouch_atacs x1 from the trader "Clothing (Linda [#STR_EXPANSION_MARKET_TRADER_CLOTHING])" in market zone "OUTLIVE Trader" (pos=<4291.589844, 25.247801, 4162.500000>) for a price of 2000.
19:53:50 [Market] Player "Majky" (id=wvz1jGdA27Eb3vtZqqzBgGv9Su_0oOujtdP3UqN1c-g=) has send a requested to purchase mmg_tactical_helmet_atacs x1 from the trader "Clothing (Linda [#STR_EXPANSION_MARKET_TRADER_CLOTHING])" in market zone "OUTLIVE Trader" (pos=<4291.589844, 25.247801, 4162.500000>).
19:53:50 [Market] Player "Majky" (id=wvz1jGdA27Eb3vtZqqzBgGv9Su_0oOujtdP3UqN1c-g=) has bought mmg_tactical_helmet_atacs x1 from the trader "Clothing (Linda [#STR_EXPANSION_MARKET_TRADER_CLOTHING])" in market zone "OUTLIVE Trader" (pos=<4291.589844, 25.247801, 4162.500000>) for a price of 5000.
19:53:59 [Market] Player "Majky" (id=wvz1jGdA27Eb3vtZqqzBgGv9Su_0oOujtdP3UqN1c-g=) has send a requested to purchase mmg_tactical_gloves_atacs x1 from the trader "Clothing (Linda [#STR_EXPANSION_MARKET_TRADER_CLOTHING])" in market zone "OUTLIVE Trader" (pos=<4291.589844, 25.247801, 4162.500000>).
19:53:59 [Market] Player "Majky" (id=wvz1jGdA27Eb3vtZqqzBgGv9Su_0oOujtdP3UqN1c-g=) has bought mmg_tactical_gloves_atacs x1 from the trader "Clothing (Linda [#STR_EXPANSION_MARKET_TRADER_CLOTHING])" in market zone "OUTLIVE Trader" (pos=<4291.589844, 25.247801, 4162.500000>) for a price of 2000.
19:54:14 [Market] Player "Majky" (id=wvz1jGdA27Eb3vtZqqzBgGv9Su_0oOujtdP3UqN1c-g=) has send a requested to purchase mmg_boots_atacs x1 from the trader "Clothing (Linda [#STR_EXPANSION_MARKET_TRADER_CLOTHING])" in market zone "OUTLIVE Trader" (pos=<4291.589844, 25.247801, 4162.500000>).
19:54:14 [Market] Player "Majky" (id=wvz1jGdA27Eb3vtZqqzBgGv9Su_0oOujtdP3UqN1c-g=) has bought mmg_boots_atacs x1 from the trader "Clothing (Linda [#STR_EXPANSION_MARKET_TRADER_CLOTHING])" in market zone "OUTLIVE Trader" (pos=<4291.589844, 25.247801, 4162.500000>) for a price of 3000.
19:54:29 [Market] Player "Majky" (id=wvz1jGdA27Eb3vtZqqzBgGv9Su_0oOujtdP3UqN1c-g=) has send a requested to purchase mmg_facemask_atacs x1 from the trader "Clothing (Linda [#STR_EXPANSION_MARKET_TRADER_CLOTHING])" in market zone "OUTLIVE Trader" (pos=<4291.589844, 25.247801, 4162.500000>).
19:54:29 [Market] Player "Majky" (id=wvz1jGdA27Eb3vtZqqzBgGv9Su_0oOujtdP3UqN1c-g=) has bought mmg_facemask_atacs x1 from the trader "Clothing (Linda [#STR_EXPANSION_MARKET_TRADER_CLOTHING])" in market zone "OUTLIVE Trader" (pos=<4291.589844, 25.247801, 4162.500000>) for a price of 3000.
