16:02:29 [AI Object Patrol] Generating an example config...
16:03:47 [Expansion Quests] - SetupClientData - Loaded existing player quest data for player with UID: ewpcSX1gVl6rtoiM1TLJPYAJ8T38ZdMCN0onTChMs54=
16:03:47 [Expansion Quests] - PlayerQuestsInit - Create new quest instance for quest: 23 - Creator UID: ewpcSX1gVl6rtoiM1TLJPYAJ8T38ZdMCN0onTChMs54=
16:08:54 [MissionAirdrop] An airdrop is heading towards "Krater" (pos=<7262.000000, 0.000000, 9618.000000> type=Random_Krater) with a ExpansionAirdropContainer_Military
16:08:54 [MissionAirdrop] An airdrop is heading towards "Herrnchiemsee" (pos=<7218.000000, 0.000000, 3495.000000> type=Random_Herrnchiemsee) with a ExpansionAirdropContainer_Military
16:15:55 [Expansion Quests] - SetupClientData - Loaded existing player quest data for player with UID: O51WMdDQzgXORUqSM5snQEXNY_mRJk6JpE3sxZs1430=
16:15:55 [Expansion Quests] - PlayerQuestsInit - Create new quest instance for quest: 23 - Creator UID: O51WMdDQzgXORUqSM5snQEXNY_mRJk6JpE3sxZs1430=
16:15:55 [Expansion Quests] - PlayerQuestsInit - Create new quest instance for quest: 12 - Creator UID: O51WMdDQzgXORUqSM5snQEXNY_mRJk6JpE3sxZs1430=
16:15:55 [Expansion Quests] - PlayerQuestsInit - Create new quest instance for quest: 41 - Creator UID: O51WMdDQzgXORUqSM5snQEXNY_mRJk6JpE3sxZs1430=
16:15:55 [Expansion Quests] - PlayerQuestsInit - Create new quest instance for quest: 18 - Creator UID: O51WMdDQzgXORUqSM5snQEXNY_mRJk6JpE3sxZs1430=
16:16:15 [VehicleCarKey] Player "Loomio" (id=O51WMdDQzgXORUqSM5snQEXNY_mRJk6JpE3sxZs1430= pos=<6760.926270, 3.982501, 765.121094>) used the  ExpansionCarKey to unlock a Sedan_02
16:18:16 [Expansion Quests] - SetupClientData - Loaded existing player quest data for player with UID: S9XeA0hkzh0BuQ40IZp9f43dJV0cx5VEKx2whZkh39A=
16:18:16 [Expansion Quests] - PlayerQuestsInit - Create new quest instance for quest: 23 - Creator UID: S9XeA0hkzh0BuQ40IZp9f43dJV0cx5VEKx2whZkh39A=
16:31:31 [Expansion Quests] - SetupClientData - Got cached player quest data for player with UID: ewpcSX1gVl6rtoiM1TLJPYAJ8T38ZdMCN0onTChMs54=
16:31:31 [Expansion Quests] - PlayerQuestsInit - Create new quest instance for quest: 23 - Creator UID: ewpcSX1gVl6rtoiM1TLJPYAJ8T38ZdMCN0onTChMs54=
16:32:22 [Safezone] Player "MADness" (id=OWXX6Y-5LFd-7A6ELi2o-QPO0kjmZUMZvMTKL0AQ_q0= pos=<4282.981934, 8.627906, 4180.608887>) Entered the safezone
16:32:22 [Expansion Quests] - SetupClientData - Loaded existing player quest data for player with UID: OWXX6Y-5LFd-7A6ELi2o-QPO0kjmZUMZvMTKL0AQ_q0=
16:32:22 [Expansion Quests] - PlayerQuestsInit - Create new quest instance for quest: 23 - Creator UID: OWXX6Y-5LFd-7A6ELi2o-QPO0kjmZUMZvMTKL0AQ_q0=
16:33:42 [Chat - Global]("MADness"(id=OWXX6Y-5LFd-7A6ELi2o-QPO0kjmZUMZvMTKL0AQ_q0=)): Kluciiiii?
16:34:55 [Chat - Global]("MADness"(id=OWXX6Y-5LFd-7A6ELi2o-QPO0kjmZUMZvMTKL0AQ_q0=)): Můžu udělat jeden rychlý restart? 
16:35:09 [Chat - Global]("MADness"(id=OWXX6Y-5LFd-7A6ELi2o-QPO0kjmZUMZvMTKL0AQ_q0=)): Po restartu bude třeba aktualizovat Outlive mod.
16:35:57 [Chat - Global]("MADness"(id=OWXX6Y-5LFd-7A6ELi2o-QPO0kjmZUMZvMTKL0AQ_q0=)): Heroquest? 
16:36:33 [Chat - Global]("MADness"(id=OWXX6Y-5LFd-7A6ELi2o-QPO0kjmZUMZvMTKL0AQ_q0=)): Heeeeeeeerooooooooo :D
16:37:08 [Chat - Global]("MADness"(id=OWXX6Y-5LFd-7A6ELi2o-QPO0kjmZUMZvMTKL0AQ_q0=)): Do you hear me heeeeeroooo? 
16:37:39 [Safezone] Player "MADness" (id=OWXX6Y-5LFd-7A6ELi2o-QPO0kjmZUMZvMTKL0AQ_q0= pos=<6580.033203, 2.584924, 3955.277832>) Left the safezone
