04:02:32 [AI Object Patrol] Generating an example config...
06:54:48 [Expansion Quests] - SetupClientData - Created new persistent player quest data for player UID: 3_GPYuzW_E0bbcG2arikdNfouXcmH4hARmNG7KRNXoM=
06:59:48 [MissionAirdrop] An airdrop is heading towards "SouthEast" (pos=<7892.000000, 0.000000, 1340.000000> type=Random_SouthEast) with a ExpansionAirdropContainer_Basebuilding
06:59:48 [MissionAirdrop] An airdrop is heading towards "Obing" (pos=<6316.000000, 0.000000, 9204.000000> type=Random_Obing) with a ExpansionAirdropContainer
07:10:20 [Expansion Quests] - SetupClientData - Loaded existing player quest data for player with UID: wvz1jGdA27Eb3vtZqqzBgGv9Su_0oOujtdP3UqN1c-g=
07:10:20 [Expansion Quests] - PlayerQuestsInit - Create new quest instance for quest: 23 - Creator UID: wvz1jGdA27Eb3vtZqqzBgGv9Su_0oOujtdP3UqN1c-g=
07:10:20 [Expansion Quests] - PlayerQuestsInit - Create new quest instance for quest: 78 - Creator UID: wvz1jGdA27Eb3vtZqqzBgGv9Su_0oOujtdP3UqN1c-g=
07:10:20 [Expansion Quests] - PlayerQuestsInit - Create new quest instance for quest: 75 - Creator UID: wvz1jGdA27Eb3vtZqqzBgGv9Su_0oOujtdP3UqN1c-g=
07:10:20 [Expansion Quests] - PlayerQuestsInit - Create new quest instance for quest: 72 - Creator UID: wvz1jGdA27Eb3vtZqqzBgGv9Su_0oOujtdP3UqN1c-g=
07:10:20 [Expansion Quests] - PlayerQuestsInit - Create new quest instance for quest: 74 - Creator UID: wvz1jGdA27Eb3vtZqqzBgGv9Su_0oOujtdP3UqN1c-g=
07:10:20 [Expansion Quests] - PlayerQuestsInit - Create new quest instance for quest: 73 - Creator UID: wvz1jGdA27Eb3vtZqqzBgGv9Su_0oOujtdP3UqN1c-g=
07:17:00 [VehicleCarKey] Player "Majky" (id=wvz1jGdA27Eb3vtZqqzBgGv9Su_0oOujtdP3UqN1c-g= pos=<6479.032715, 3.683574, 3632.918457>) used the  ExpansionCarKey to unlock a ExpansionMh6
07:17:24 [VehicleCarKey] Player "Majky" (id=wvz1jGdA27Eb3vtZqqzBgGv9Su_0oOujtdP3UqN1c-g= pos=<6479.032715, 3.679284, 3632.918457>) used the  ExpansionCarKey to lock a ExpansionMh6
07:54:42 [Expansion Quests] - CompleteQuest - Player with UID 3_GPYuzW_E0bbcG2arikdNfouXcmH4hARmNG7KRNXoM= has completed quest 19
07:54:42 [Expansion Quests] - ExpansionQuest - Quest owner ID: 3_GPYuzW_E0bbcG2arikdNfouXcmH4hARmNG7KRNXoM=
07:54:42 [Expansion Quests] - ExpansionQuest - Quest ID: 19
07:54:42 [Expansion Quests] - ExpansionQuest - Quest state: 3
07:54:42 [Expansion Quests] - ExpansionQuest - Quest completed: true
07:56:16 [Safezone] Player "P@lko2265" (id=iyN6JbNqEvHMp_A5zeXvCmCy1_EaihIFwZocZ4y6-LM= pos=<4239.386230, 9.412622, 4148.861816>) Entered the safezone
07:56:17 [Expansion Quests] - SetupClientData - Loaded existing player quest data for player with UID: iyN6JbNqEvHMp_A5zeXvCmCy1_EaihIFwZocZ4y6-LM=
07:56:17 [Expansion Quests] - PlayerQuestsInit - Create new quest instance for quest: 20 - Creator UID: iyN6JbNqEvHMp_A5zeXvCmCy1_EaihIFwZocZ4y6-LM=
07:56:17 [Expansion Quests] - PlayerQuestsInit - Create new quest instance for quest: 23 - Creator UID: iyN6JbNqEvHMp_A5zeXvCmCy1_EaihIFwZocZ4y6-LM=
