08:58:06 [Expansion Quests] - SetupClientData - Loaded existing player quest data for player with UID: wvz1jGdA27Eb3vtZqqzBgGv9Su_0oOujtdP3UqN1c-g=
08:58:06 [Expansion Quests] - PlayerQuestsInit - Create new quest instance for quest: 23 - Creator UID: wvz1jGdA27Eb3vtZqqzBgGv9Su_0oOujtdP3UqN1c-g=
08:58:06 [Expansion Quests] - PlayerQuestsInit - Create new quest instance for quest: 11 - Creator UID: wvz1jGdA27Eb3vtZqqzBgGv9Su_0oOujtdP3UqN1c-g=
09:03:14 [MissionAirdrop] An airdrop is heading towards "Krater" (pos=<7262.000000, 0.000000, 9618.000000> type=Random_Krater) with a ExpansionAirdropContainer
09:03:14 [MissionAirdrop] An airdrop is heading towards "Atomkraftwerk" (pos=<3099.000000, 0.000000, 8394.000000> type=Random_Atomkraftwerk) with a ExpansionAirdropContainer
09:59:25 [Expansion Quests] - SetupClientData - Got cached player quest data for player with UID: wvz1jGdA27Eb3vtZqqzBgGv9Su_0oOujtdP3UqN1c-g=
10:01:27 [VehicleCarKey] Player "Majky" (id=wvz1jGdA27Eb3vtZqqzBgGv9Su_0oOujtdP3UqN1c-g= pos=<3533.168945, 0.874893, 5387.264160>) used the  ExpansionCarKey to unlock a ExpansionUtilityBoat
10:03:54 [VehicleCarKey] Player "Majky" (id=wvz1jGdA27Eb3vtZqqzBgGv9Su_0oOujtdP3UqN1c-g= pos=<3535.065674, 0.650177, 5387.282227>) used the  ExpansionCarKey to lock a ExpansionUtilityBoat
10:03:55 [VehicleCarKey] Player "Majky" (id=wvz1jGdA27Eb3vtZqqzBgGv9Su_0oOujtdP3UqN1c-g= pos=<3535.065674, 0.650172, 5387.282227>) used the  ExpansionCarKey to unlock a ExpansionUtilityBoat
10:10:28 [VehicleCarKey] Player "Majky" (id=wvz1jGdA27Eb3vtZqqzBgGv9Su_0oOujtdP3UqN1c-g= pos=<9103.622070, 1.524953, 4666.604492>) used the  ExpansionCarKey to lock a ExpansionUtilityBoat
10:15:16 [Expansion Quests] - SetupClientData - Loaded existing player quest data for player with UID: OWXX6Y-5LFd-7A6ELi2o-QPO0kjmZUMZvMTKL0AQ_q0=
10:15:16 [Expansion Quests] - PlayerQuestsInit - Create new quest instance for quest: 23 - Creator UID: OWXX6Y-5LFd-7A6ELi2o-QPO0kjmZUMZvMTKL0AQ_q0=
10:25:41 [VehicleCarKey] Player "Majky" (id=wvz1jGdA27Eb3vtZqqzBgGv9Su_0oOujtdP3UqN1c-g= pos=<9103.684570, 1.480260, 4666.940918>) used the  ExpansionCarKey to unlock a ExpansionUtilityBoat
10:26:57 [VehicleCarKey] Player "Majky" (id=wvz1jGdA27Eb3vtZqqzBgGv9Su_0oOujtdP3UqN1c-g= pos=<9103.684570, 1.480612, 4666.940918>) used the  ExpansionCarKey to lock a ExpansionUtilityBoat
10:27:01 [VehicleCarKey] Player "Majky" (id=wvz1jGdA27Eb3vtZqqzBgGv9Su_0oOujtdP3UqN1c-g= pos=<9103.684570, 1.451757, 4666.940918>) used the  ExpansionCarKey to unlock a ExpansionUtilityBoat
10:27:38 [MissionAirdrop] An airdrop is heading towards "Airport" (pos=<8307.879883, 0.000000, 924.599976> type=Random_Airport) with a ExpansionAirdropContainer
10:27:38 [MissionAirdrop] An airdrop is heading towards "Weitmoos" (pos=<6222.000000, 0.000000, 9723.000000> type=Random_Weitmoos) with a ExpansionAirdropContainer_Medical
10:28:38 [VehicleCarKey] Player "Majky" (id=wvz1jGdA27Eb3vtZqqzBgGv9Su_0oOujtdP3UqN1c-g= pos=<9097.569336, 0.469748, 4661.059570>) used the  ExpansionCarKey to lock a ExpansionUtilityBoat
10:41:00 [VehicleCarKey] Player "Majky" (id=wvz1jGdA27Eb3vtZqqzBgGv9Su_0oOujtdP3UqN1c-g= pos=<9094.343750, 1.619082, 4662.341309>) used the  ExpansionCarKey to unlock a ExpansionUtilityBoat
10:42:08 [VehicleCarKey] Player "Majky" (id=wvz1jGdA27Eb3vtZqqzBgGv9Su_0oOujtdP3UqN1c-g= pos=<9094.343750, 1.616477, 4662.341309>) used the  ExpansionCarKey to lock a ExpansionUtilityBoat
10:57:06 [VehicleCarKey] Player "Majky" (id=wvz1jGdA27Eb3vtZqqzBgGv9Su_0oOujtdP3UqN1c-g= pos=<9094.789063, 1.668748, 4662.274902>) used the  ExpansionCarKey to unlock a ExpansionUtilityBoat
10:58:49 [VehicleCarKey] Player "Majky" (id=wvz1jGdA27Eb3vtZqqzBgGv9Su_0oOujtdP3UqN1c-g= pos=<9096.363281, 0.920572, 4661.330078>) used the  ExpansionCarKey to lock a ExpansionUtilityBoat
11:07:22 [Safezone] Player "Bflame" (id=u7jy1hFXeX-3C-ubChAdh59YiiyuY16LDVnTQIqtPmk= pos=<9948.484375, 10.798246, 5356.043457>) Entered the safezone
11:07:22 [Expansion Quests] - SetupClientData - Loaded existing player quest data for player with UID: u7jy1hFXeX-3C-ubChAdh59YiiyuY16LDVnTQIqtPmk=
11:07:22 [Expansion Quests] - PlayerQuestsInit - Create new quest instance for quest: 23 - Creator UID: u7jy1hFXeX-3C-ubChAdh59YiiyuY16LDVnTQIqtPmk=
11:07:42 [VehicleCarKey] Player "Majky" (id=wvz1jGdA27Eb3vtZqqzBgGv9Su_0oOujtdP3UqN1c-g= pos=<9094.305664, 1.631582, 4662.247070>) used the  ExpansionCarKey to unlock a ExpansionUtilityBoat
11:09:33 [Safezone] Player "Bflame" (id=u7jy1hFXeX-3C-ubChAdh59YiiyuY16LDVnTQIqtPmk= pos=<9948.504883, 10.798054, 5356.057617>) Entered the safezone
11:09:33 [Expansion Quests] - SetupClientData - Got cached player quest data for player with UID: u7jy1hFXeX-3C-ubChAdh59YiiyuY16LDVnTQIqtPmk=
11:09:33 [Expansion Quests] - PlayerQuestsInit - Create new quest instance for quest: 23 - Creator UID: u7jy1hFXeX-3C-ubChAdh59YiiyuY16LDVnTQIqtPmk=
11:10:46 [Safezone] Player "Bflame" (id=u7jy1hFXeX-3C-ubChAdh59YiiyuY16LDVnTQIqtPmk= pos=<9894.808594, 9.128448, 5433.707520>) Left the safezone
11:10:51 [VehicleCarKey] Player "Bflame" (id=u7jy1hFXeX-3C-ubChAdh59YiiyuY16LDVnTQIqtPmk= pos=<9899.541016, 9.128426, 5429.109863>) used the  ExpansionCarKey to unlock a ExpansionGyrocopter
11:15:43 [VehicleCarKey] Player "Bflame" (id=u7jy1hFXeX-3C-ubChAdh59YiiyuY16LDVnTQIqtPmk= pos=<7133.287598, 16.271729, 5199.592773>) used the  ExpansionCarKey to lock a ExpansionGyrocopter
11:22:21 [VehicleCarKey] Player "Majky" (id=wvz1jGdA27Eb3vtZqqzBgGv9Su_0oOujtdP3UqN1c-g= pos=<3547.277832, 0.976563, 5393.303223>) used the  ExpansionCarKey to lock a ExpansionUtilityBoat
11:43:15 [Expansion Quests] - SetupClientData - Got cached player quest data for player with UID: wvz1jGdA27Eb3vtZqqzBgGv9Su_0oOujtdP3UqN1c-g=
11:43:15 [Expansion Quests] - PlayerQuestsInit - Create new quest instance for quest: 23 - Creator UID: wvz1jGdA27Eb3vtZqqzBgGv9Su_0oOujtdP3UqN1c-g=
11:45:55 [VehicleCarKey] Player "Majky" (id=wvz1jGdA27Eb3vtZqqzBgGv9Su_0oOujtdP3UqN1c-g= pos=<3543.710205, 0.319633, 5393.719727>) used the  ExpansionCarKey to unlock a ExpansionUtilityBoat
11:49:22 [VehicleCarKey] Player "Majky" (id=wvz1jGdA27Eb3vtZqqzBgGv9Su_0oOujtdP3UqN1c-g= pos=<4266.074219, 0.557785, 5378.947266>) used the  ExpansionCarKey to lock a ExpansionUtilityBoat
11:50:47 [MissionAirdrop] An airdrop is heading towards "Obing" (pos=<6316.000000, 0.000000, 9204.000000> type=Random_Obing) with a ExpansionAirdropContainer_Medical
11:50:47 [MissionAirdrop] An airdrop is heading towards "Prison" (pos=<1399.579956, 0.000000, 9977.769531> type=Random_Prison) with a ExpansionAirdropContainer_Basebuilding
