16:02:36 [AI Object Patrol] Generating an example config...
16:04:23 [Expansion Quests] - SetupClientData - Loaded existing player quest data for player with UID: O51WMdDQzgXORUqSM5snQEXNY_mRJk6JpE3sxZs1430=
16:04:23 [Expansion Quests] - PlayerQuestsInit - Create new quest instance for quest: 23 - Creator UID: O51WMdDQzgXORUqSM5snQEXNY_mRJk6JpE3sxZs1430=
16:04:23 [Expansion Quests] - PlayerQuestsInit - Create new quest instance for quest: 12 - Creator UID: O51WMdDQzgXORUqSM5snQEXNY_mRJk6JpE3sxZs1430=
16:04:23 [Expansion Quests] - PlayerQuestsInit - Create new quest instance for quest: 41 - Creator UID: O51WMdDQzgXORUqSM5snQEXNY_mRJk6JpE3sxZs1430=
16:04:23 [Expansion Quests] - PlayerQuestsInit - Create new quest instance for quest: 18 - Creator UID: O51WMdDQzgXORUqSM5snQEXNY_mRJk6JpE3sxZs1430=
16:04:23 [Expansion Quests] - PlayerQuestsInit - Create new quest instance for quest: 6 - Creator UID: O51WMdDQzgXORUqSM5snQEXNY_mRJk6JpE3sxZs1430=
16:04:23 [Expansion Quests] - PlayerQuestsInit - Create new quest instance for quest: 7 - Creator UID: O51WMdDQzgXORUqSM5snQEXNY_mRJk6JpE3sxZs1430=
16:04:23 [Expansion Quests] - PlayerQuestsInit - Create new quest instance for quest: 10 - Creator UID: O51WMdDQzgXORUqSM5snQEXNY_mRJk6JpE3sxZs1430=
16:04:48 [Expansion Quests] - SetupClientData - Loaded existing player quest data for player with UID: CoFE74V8SNNeCRyPCukE2UTBlM4Qe7Hv2NTd8IIPuYI=
16:04:48 [Expansion Quests] - PlayerQuestsInit - Create new quest instance for quest: 20 - Creator UID: CoFE74V8SNNeCRyPCukE2UTBlM4Qe7Hv2NTd8IIPuYI=
16:04:48 [Expansion Quests] - PlayerQuestsInit - Create new quest instance for quest: 23 - Creator UID: CoFE74V8SNNeCRyPCukE2UTBlM4Qe7Hv2NTd8IIPuYI=
16:08:25 [Safezone] Player "MADness" (id=OWXX6Y-5LFd-7A6ELi2o-QPO0kjmZUMZvMTKL0AQ_q0= pos=<4236.546387, 11.104604, 4177.835449>) Entered the safezone
16:08:25 [Expansion Quests] - SetupClientData - Loaded existing player quest data for player with UID: OWXX6Y-5LFd-7A6ELi2o-QPO0kjmZUMZvMTKL0AQ_q0=
16:08:25 [Expansion Quests] - PlayerQuestsInit - Create new quest instance for quest: 23 - Creator UID: OWXX6Y-5LFd-7A6ELi2o-QPO0kjmZUMZvMTKL0AQ_q0=
16:08:25 [Expansion Quests] - PlayerQuestsInit - Create new quest instance for quest: 79 - Creator UID: OWXX6Y-5LFd-7A6ELi2o-QPO0kjmZUMZvMTKL0AQ_q0=
16:09:32 [MissionAirdrop] An airdrop is heading towards "Herrnchiemsee" (pos=<7218.000000, 0.000000, 3495.000000> type=Random_Herrnchiemsee) with a ExpansionAirdropContainer
16:09:32 [MissionAirdrop] An airdrop is heading towards "Airport" (pos=<8307.879883, 0.000000, 924.599976> type=Random_Airport) with a ExpansionAirdropContainer_Basebuilding
16:09:56 [VehicleCarKey] Player "MADness" (id=OWXX6Y-5LFd-7A6ELi2o-QPO0kjmZUMZvMTKL0AQ_q0= pos=<4252.149902, 10.861952, 4173.843750>) used the  ExpansionCarKey to unlock a ExpansionMh6_Digital
16:11:25 [Safezone] Player "HrabefonVorezprut" (id=J56CBd6WRzt5c58nX9b986Cp2niBSm4n26sMa8FuFaU= pos=<4260.751465, 9.197094, 4161.406250>) Entered the safezone
16:11:25 [Expansion Quests] - SetupClientData - Loaded existing player quest data for player with UID: J56CBd6WRzt5c58nX9b986Cp2niBSm4n26sMa8FuFaU=
16:11:25 [Expansion Quests] - PlayerQuestsInit - Create new quest instance for quest: 23 - Creator UID: J56CBd6WRzt5c58nX9b986Cp2niBSm4n26sMa8FuFaU=
16:11:25 [Expansion Quests] - PlayerQuestsInit - Create new quest instance for quest: 71 - Creator UID: J56CBd6WRzt5c58nX9b986Cp2niBSm4n26sMa8FuFaU=
16:11:25 [Expansion Quests] - PlayerQuestsInit - Create new quest instance for quest: 72 - Creator UID: J56CBd6WRzt5c58nX9b986Cp2niBSm4n26sMa8FuFaU=
16:11:25 [Expansion Quests] - PlayerQuestsInit - Create new quest instance for quest: 77 - Creator UID: J56CBd6WRzt5c58nX9b986Cp2niBSm4n26sMa8FuFaU=
16:11:25 [Expansion Quests] - PlayerQuestsInit - Create new quest instance for quest: 9 - Creator UID: J56CBd6WRzt5c58nX9b986Cp2niBSm4n26sMa8FuFaU=
16:12:40 [Safezone] Player "HrabefonVorezprut" (id=J56CBd6WRzt5c58nX9b986Cp2niBSm4n26sMa8FuFaU= pos=<4018.065674, 77.995270, 4062.972168>) Left the safezone
16:12:40 [Safezone] Player "MADness" (id=OWXX6Y-5LFd-7A6ELi2o-QPO0kjmZUMZvMTKL0AQ_q0= pos=<4017.511475, 78.003036, 4063.528809>) Left the safezone
16:20:21 [VehicleDestroyed] ExpansionMh6_Digital was destroyed at pos=<1055.584961, 35.076920, 7639.663086>
16:21:31 [Expansion Quests] - SetupClientData - Got cached player quest data for player with UID: OWXX6Y-5LFd-7A6ELi2o-QPO0kjmZUMZvMTKL0AQ_q0=
16:21:31 [Expansion Quests] - PlayerQuestsInit - Create new quest instance for quest: 23 - Creator UID: OWXX6Y-5LFd-7A6ELi2o-QPO0kjmZUMZvMTKL0AQ_q0=
16:21:44 [Expansion Quests] - SetupClientData - Got cached player quest data for player with UID: J56CBd6WRzt5c58nX9b986Cp2niBSm4n26sMa8FuFaU=
16:21:44 [Expansion Quests] - PlayerQuestsInit - Create new quest instance for quest: 23 - Creator UID: J56CBd6WRzt5c58nX9b986Cp2niBSm4n26sMa8FuFaU=
16:21:44 [Expansion Quests] - PlayerQuestsInit - Create new quest instance for quest: 72 - Creator UID: J56CBd6WRzt5c58nX9b986Cp2niBSm4n26sMa8FuFaU=
16:21:44 [Expansion Quests] - PlayerQuestsInit - Create new quest instance for quest: 9 - Creator UID: J56CBd6WRzt5c58nX9b986Cp2niBSm4n26sMa8FuFaU=
16:22:27 [Expansion Quests] - CancelQuestServer - Player with UID OWXX6Y-5LFd-7A6ELi2o-QPO0kjmZUMZvMTKL0AQ_q0= has cancelled quest 79
16:27:16 [Expansion Quests] - SetupClientData - Loaded existing player quest data for player with UID: UNCCcxNkOxpXYEONIcz7r5MoVpxPCn0WPblUoNZCURI=
16:27:16 [Expansion Quests] - PlayerQuestsInit - Create new quest instance for quest: 23 - Creator UID: UNCCcxNkOxpXYEONIcz7r5MoVpxPCn0WPblUoNZCURI=
16:28:11 [VehicleCarKey] Player "Merky" (id=UNCCcxNkOxpXYEONIcz7r5MoVpxPCn0WPblUoNZCURI= pos=<3918.254883, 41.277130, 2919.705566>) used the  ExpansionCarKey to unlock a Expansion_Landrover_Green
16:35:42 [VehicleCarKey] Player "Merky" (id=UNCCcxNkOxpXYEONIcz7r5MoVpxPCn0WPblUoNZCURI= pos=<3912.513916, 41.221443, 2915.838867>) used the  ExpansionCarKey to lock a Expansion_Landrover_Green
16:38:05 [Expansion Quests] - SetupClientData - Got cached player quest data for player with UID: O51WMdDQzgXORUqSM5snQEXNY_mRJk6JpE3sxZs1430=
16:50:00 [Safezone] Player "Heroquest" (id=ewpcSX1gVl6rtoiM1TLJPYAJ8T38ZdMCN0onTChMs54= pos=<9948.305664, 10.787786, 5357.170898>) Entered the safezone
16:50:00 [Expansion Quests] - SetupClientData - Loaded existing player quest data for player with UID: ewpcSX1gVl6rtoiM1TLJPYAJ8T38ZdMCN0onTChMs54=
16:50:00 [Expansion Quests] - PlayerQuestsInit - Create new quest instance for quest: 23 - Creator UID: ewpcSX1gVl6rtoiM1TLJPYAJ8T38ZdMCN0onTChMs54=
16:50:39 [Safezone] Player "Heroquest" (id=ewpcSX1gVl6rtoiM1TLJPYAJ8T38ZdMCN0onTChMs54= pos=<9860.058594, 7.982685, 5432.316895>) Left the safezone
16:51:07 [VehicleCarKey] Player "Heroquest" (id=ewpcSX1gVl6rtoiM1TLJPYAJ8T38ZdMCN0onTChMs54= pos=<9753.809570, 1.484872, 5496.491699>) used the  ExpansionCarKey to unlock a ExpansionUtilityBoat
16:57:14 [VehicleCarKey] Player "Heroquest" (id=ewpcSX1gVl6rtoiM1TLJPYAJ8T38ZdMCN0onTChMs54= pos=<5056.043457, 1.006847, 595.889343>) used the  ExpansionCarKey to lock a ExpansionUtilityBoat
17:00:32 [Expansion Quests] - SetupClientData - Got cached player quest data for player with UID: J56CBd6WRzt5c58nX9b986Cp2niBSm4n26sMa8FuFaU=
17:01:40 [Safezone] Player "Loomio" (id=O51WMdDQzgXORUqSM5snQEXNY_mRJk6JpE3sxZs1430= pos=<4165.513672, 15.993097, 4193.875488>) Entered the safezone
17:02:08 [Market] Player "Loomio" (id=O51WMdDQzgXORUqSM5snQEXNY_mRJk6JpE3sxZs1430=) has send a requested to sell wrench x1 at the trader "BuildingSupplies (Boris [#STR_EXPANSION_MARKET_TRADER_BUILDING_SUPPLIES])" in market zone "OUTLIVE Trader" (pos=<4291.589844, 25.247801, 4162.500000>).
17:02:08 [Market] Player "Loomio" (id=O51WMdDQzgXORUqSM5snQEXNY_mRJk6JpE3sxZs1430=) has sold wrench x1 at the trader "BuildingSupplies (Boris [#STR_EXPANSION_MARKET_TRADER_BUILDING_SUPPLIES])" in market zone "OUTLIVE Trader" (pos=<4291.589844, 25.247801, 4162.500000>) and got 60.
17:02:27 [Market] Player "Loomio" (id=O51WMdDQzgXORUqSM5snQEXNY_mRJk6JpE3sxZs1430=) has send a requested to sell cz75 x1 at the trader "Weapons (Denis [#STR_EXPANSION_MARKET_TRADER_WEAPONS])" in market zone "OUTLIVE Trader" (pos=<4291.589844, 25.247801, 4162.500000>).
17:02:27 [Market] Player "Loomio" (id=O51WMdDQzgXORUqSM5snQEXNY_mRJk6JpE3sxZs1430=) has sold cz75 x1 at the trader "Weapons (Denis [#STR_EXPANSION_MARKET_TRADER_WEAPONS])" in market zone "OUTLIVE Trader" (pos=<4291.589844, 25.247801, 4162.500000>) and got 58.
17:02:31 [Market] Player "Loomio" (id=O51WMdDQzgXORUqSM5snQEXNY_mRJk6JpE3sxZs1430=) has send a requested to sell mosin9130 x1 at the trader "Weapons (Denis [#STR_EXPANSION_MARKET_TRADER_WEAPONS])" in market zone "OUTLIVE Trader" (pos=<4291.589844, 25.247801, 4162.500000>).
17:02:31 [Market] Player "Loomio" (id=O51WMdDQzgXORUqSM5snQEXNY_mRJk6JpE3sxZs1430=) has sold mosin9130 x1 at the trader "Weapons (Denis [#STR_EXPANSION_MARKET_TRADER_WEAPONS])" in market zone "OUTLIVE Trader" (pos=<4291.589844, 25.247801, 4162.500000>) and got 400.
17:02:32 [Market] Player "Loomio" (id=O51WMdDQzgXORUqSM5snQEXNY_mRJk6JpE3sxZs1430=) has send a requested to sell mosin9130 x1 at the trader "Weapons (Denis [#STR_EXPANSION_MARKET_TRADER_WEAPONS])" in market zone "OUTLIVE Trader" (pos=<4291.589844, 25.247801, 4162.500000>).
17:02:32 [Market] Player "Loomio" (id=O51WMdDQzgXORUqSM5snQEXNY_mRJk6JpE3sxZs1430=) has sold mosin9130 x1 at the trader "Weapons (Denis [#STR_EXPANSION_MARKET_TRADER_WEAPONS])" in market zone "OUTLIVE Trader" (pos=<4291.589844, 25.247801, 4162.500000>) and got 380.
17:02:39 [Market] Player "Loomio" (id=O51WMdDQzgXORUqSM5snQEXNY_mRJk6JpE3sxZs1430=) has send a requested to sell twp_komrad12 x1 at the trader "Weapons (Denis [#STR_EXPANSION_MARKET_TRADER_WEAPONS])" in market zone "OUTLIVE Trader" (pos=<4291.589844, 25.247801, 4162.500000>).
17:02:39 [Market] Player "Loomio" (id=O51WMdDQzgXORUqSM5snQEXNY_mRJk6JpE3sxZs1430=) has sold twp_komrad12 x1 at the trader "Weapons (Denis [#STR_EXPANSION_MARKET_TRADER_WEAPONS])" in market zone "OUTLIVE Trader" (pos=<4291.589844, 25.247801, 4162.500000>) and got 1700.
17:02:43 [Market] Player "Loomio" (id=O51WMdDQzgXORUqSM5snQEXNY_mRJk6JpE3sxZs1430=) has send a requested to sell twp_srframe x1 at the trader "Weapons (Denis [#STR_EXPANSION_MARKET_TRADER_WEAPONS])" in market zone "OUTLIVE Trader" (pos=<4291.589844, 25.247801, 4162.500000>).
17:02:43 [Market] Player "Loomio" (id=O51WMdDQzgXORUqSM5snQEXNY_mRJk6JpE3sxZs1430=) has sold twp_srframe x1 at the trader "Weapons (Denis [#STR_EXPANSION_MARKET_TRADER_WEAPONS])" in market zone "OUTLIVE Trader" (pos=<4291.589844, 25.247801, 4162.500000>) and got 450.
17:02:48 [Market] Player "Loomio" (id=O51WMdDQzgXORUqSM5snQEXNY_mRJk6JpE3sxZs1430=) has send a requested to sell ammobox_762x54_20rnd x1 at the trader "Attachments (Oliver [#STR_EXPANSION_MARKET_TRADER_ATTACHMENTS])" in market zone "OUTLIVE Trader" (pos=<4291.589844, 25.247801, 4162.500000>).
17:02:48 [Market] Player "Loomio" (id=O51WMdDQzgXORUqSM5snQEXNY_mRJk6JpE3sxZs1430=) has sold ammobox_762x54_20rnd x1 at the trader "Attachments (Oliver [#STR_EXPANSION_MARKET_TRADER_ATTACHMENTS])" in market zone "OUTLIVE Trader" (pos=<4291.589844, 25.247801, 4162.500000>) and got 192.
17:03:05 [Market] Player "Loomio" (id=O51WMdDQzgXORUqSM5snQEXNY_mRJk6JpE3sxZs1430=) has send a requested to sell twp_usppsychodelic_mag_15rnd x1 at the trader "Attachments (Oliver [#STR_EXPANSION_MARKET_TRADER_ATTACHMENTS])" in market zone "OUTLIVE Trader" (pos=<4291.589844, 25.247801, 4162.500000>).
17:03:05 [Market] Player "Loomio" (id=O51WMdDQzgXORUqSM5snQEXNY_mRJk6JpE3sxZs1430=) has sold twp_usppsychodelic_mag_15rnd x1 at the trader "Attachments (Oliver [#STR_EXPANSION_MARKET_TRADER_ATTACHMENTS])" in market zone "OUTLIVE Trader" (pos=<4291.589844, 25.247801, 4162.500000>) and got 100.
17:03:32 [Market] Player "Loomio" (id=O51WMdDQzgXORUqSM5snQEXNY_mRJk6JpE3sxZs1430=) has send a requested to sell msp_waistpack_green x1 at the trader "Clothing (Linda [#STR_EXPANSION_MARKET_TRADER_CLOTHING])" in market zone "OUTLIVE Trader" (pos=<4291.589844, 25.247801, 4162.500000>).
17:03:32 [Market] Player "Loomio" (id=O51WMdDQzgXORUqSM5snQEXNY_mRJk6JpE3sxZs1430=) has sold msp_waistpack_green x1 at the trader "Clothing (Linda [#STR_EXPANSION_MARKET_TRADER_CLOTHING])" in market zone "OUTLIVE Trader" (pos=<4291.589844, 25.247801, 4162.500000>) and got 250.
17:04:13 [ATM Locker] Player "Loomio" (id=O51WMdDQzgXORUqSM5snQEXNY_mRJk6JpE3sxZs1430=) has deposited 3590 on his ATM account.
17:04:52 [Safezone] Player "Loomio" (id=O51WMdDQzgXORUqSM5snQEXNY_mRJk6JpE3sxZs1430= pos=<4403.460449, 4.070998, 4000.076416>) Left the safezone
17:17:26 [Expansion Quests] - SetupClientData - Got cached player quest data for player with UID: CoFE74V8SNNeCRyPCukE2UTBlM4Qe7Hv2NTd8IIPuYI=
17:18:04 [Safezone] Player "HrabefonVorezprut" (id=J56CBd6WRzt5c58nX9b986Cp2niBSm4n26sMa8FuFaU= pos=<4186.389648, 14.344621, 4238.826172>) Entered the safezone
17:19:05 [Safezone] Player "Loomio" (id=O51WMdDQzgXORUqSM5snQEXNY_mRJk6JpE3sxZs1430= pos=<4360.228516, 4.159819, 4052.104248>) Entered the safezone
17:19:22 [Market] Player "HrabefonVorezprut" (id=J56CBd6WRzt5c58nX9b986Cp2niBSm4n26sMa8FuFaU=) has send a requested to sell twp_ax50_bttstck x1 at the trader "Attachments (Oliver [#STR_EXPANSION_MARKET_TRADER_ATTACHMENTS])" in market zone "OUTLIVE Trader" (pos=<4291.589844, 25.247801, 4162.500000>).
17:19:22 [Market] Player "HrabefonVorezprut" (id=J56CBd6WRzt5c58nX9b986Cp2niBSm4n26sMa8FuFaU=) has sold twp_ax50_bttstck x1 at the trader "Attachments (Oliver [#STR_EXPANSION_MARKET_TRADER_ATTACHMENTS])" in market zone "OUTLIVE Trader" (pos=<4291.589844, 25.247801, 4162.500000>) and got 60.
17:19:34 [Market] Player "HrabefonVorezprut" (id=J56CBd6WRzt5c58nX9b986Cp2niBSm4n26sMa8FuFaU=) has send a requested to sell twp_ax50 x1 at the trader "Weapons (Denis [#STR_EXPANSION_MARKET_TRADER_WEAPONS])" in market zone "OUTLIVE Trader" (pos=<4291.589844, 25.247801, 4162.500000>).
17:19:34 [Market] Player "HrabefonVorezprut" (id=J56CBd6WRzt5c58nX9b986Cp2niBSm4n26sMa8FuFaU=) has sold twp_ax50 x1 at the trader "Weapons (Denis [#STR_EXPANSION_MARKET_TRADER_WEAPONS])" in market zone "OUTLIVE Trader" (pos=<4291.589844, 25.247801, 4162.500000>) and got 8500.
17:19:35 [Market] Player "HrabefonVorezprut" (id=J56CBd6WRzt5c58nX9b986Cp2niBSm4n26sMa8FuFaU=) has send a requested to sell twp_l96a1 x1 at the trader "Weapons (Denis [#STR_EXPANSION_MARKET_TRADER_WEAPONS])" in market zone "OUTLIVE Trader" (pos=<4291.589844, 25.247801, 4162.500000>).
17:19:35 [Market] Player "HrabefonVorezprut" (id=J56CBd6WRzt5c58nX9b986Cp2niBSm4n26sMa8FuFaU=) has sold twp_l96a1 x1 at the trader "Weapons (Denis [#STR_EXPANSION_MARKET_TRADER_WEAPONS])" in market zone "OUTLIVE Trader" (pos=<4291.589844, 25.247801, 4162.500000>) and got 3800.
17:20:44 [Market] Player "Loomio" (id=O51WMdDQzgXORUqSM5snQEXNY_mRJk6JpE3sxZs1430=) has send a requested to sell mountainbag_red x1 at the trader "Clothing (Linda [#STR_EXPANSION_MARKET_TRADER_CLOTHING])" in market zone "OUTLIVE Trader" (pos=<4291.589844, 25.247801, 4162.500000>).
17:20:44 [Market] Player "Loomio" (id=O51WMdDQzgXORUqSM5snQEXNY_mRJk6JpE3sxZs1430=) has sold mountainbag_red x1 at the trader "Clothing (Linda [#STR_EXPANSION_MARKET_TRADER_CLOTHING])" in market zone "OUTLIVE Trader" (pos=<4291.589844, 25.247801, 4162.500000>) and got 0.
17:20:51 [Market] Player "Loomio" (id=O51WMdDQzgXORUqSM5snQEXNY_mRJk6JpE3sxZs1430=) has send a requested to sell policevest x1 at the trader "Clothing (Linda [#STR_EXPANSION_MARKET_TRADER_CLOTHING])" in market zone "OUTLIVE Trader" (pos=<4291.589844, 25.247801, 4162.500000>).
17:20:51 [Market] Player "Loomio" (id=O51WMdDQzgXORUqSM5snQEXNY_mRJk6JpE3sxZs1430=) has sold policevest x1 at the trader "Clothing (Linda [#STR_EXPANSION_MARKET_TRADER_CLOTHING])" in market zone "OUTLIVE Trader" (pos=<4291.589844, 25.247801, 4162.500000>) and got 70.
17:21:19 [Market] Player "Loomio" (id=O51WMdDQzgXORUqSM5snQEXNY_mRJk6JpE3sxZs1430=) has send a requested to sell msp_woodentable_kit x1 at the trader "BuildingSupplies (Boris [#STR_EXPANSION_MARKET_TRADER_BUILDING_SUPPLIES])" in market zone "OUTLIVE Trader" (pos=<4291.589844, 25.247801, 4162.500000>).
17:21:19 [Market] Player "Loomio" (id=O51WMdDQzgXORUqSM5snQEXNY_mRJk6JpE3sxZs1430=) has sold msp_woodentable_kit x1 at the trader "BuildingSupplies (Boris [#STR_EXPANSION_MARKET_TRADER_BUILDING_SUPPLIES])" in market zone "OUTLIVE Trader" (pos=<4291.589844, 25.247801, 4162.500000>) and got 500.
17:22:29 [Safezone] Player "HrabefonVorezprut" (id=J56CBd6WRzt5c58nX9b986Cp2niBSm4n26sMa8FuFaU= pos=<4405.413574, 4.024956, 4000.860352>) Left the safezone
17:22:43 [Expansion Quests] - SetupClientData - Got cached player quest data for player with UID: OWXX6Y-5LFd-7A6ELi2o-QPO0kjmZUMZvMTKL0AQ_q0=
17:22:55 [Safezone] Player "Loomio" (id=O51WMdDQzgXORUqSM5snQEXNY_mRJk6JpE3sxZs1430= pos=<4397.593262, 4.530269, 3995.479980>) Left the safezone
17:24:29 [Safezone] Player "MADness" (id=OWXX6Y-5LFd-7A6ELi2o-QPO0kjmZUMZvMTKL0AQ_q0= pos=<4299.283203, 6.291351, 4174.709961>) Entered the safezone
17:26:02 [Safezone] Player "MADness" (id=OWXX6Y-5LFd-7A6ELi2o-QPO0kjmZUMZvMTKL0AQ_q0= pos=<4559.663086, 1.707058, 2950.658447>) Left the safezone
17:34:27 [Expansion Quests] - SetupClientData - Created new persistent player quest data for player UID: d7eCt_r57YYXNXO1QsChgw1DiiULHAV1niE1cILy5mo=
17:34:52 [MissionAirdrop] An airdrop is heading towards "Krautinsel" (pos=<8192.009766, 0.000000, 4341.879883> type=Random_KrautInsel) with a ExpansionAirdropContainer_Military
17:34:52 [MissionAirdrop] An airdrop is heading towards "Stein" (pos=<4619.000000, 0.000000, 7618.000000> type=Random_Stein) with a ExpansionAirdropContainer_Military
17:37:02 [VehicleCarKey] Player "HrabefonVorezprut" (id=J56CBd6WRzt5c58nX9b986Cp2niBSm4n26sMa8FuFaU= pos=<4456.271973, 4.851770, 3089.017578>) used the  ExpansionCarKey to unlock a Expansion_Landrover_Grey
17:38:07 [Safezone] Player "HrabefonVorezprut" (id=J56CBd6WRzt5c58nX9b986Cp2niBSm4n26sMa8FuFaU= pos=<4365.078613, 5.295001, 4062.983398>) Entered the safezone
17:38:07 [Safezone] Player "Loomio" (id=O51WMdDQzgXORUqSM5snQEXNY_mRJk6JpE3sxZs1430= pos=<4365.509277, 5.328403, 4063.902832>) Entered the safezone
17:40:33 [ATM Locker] Player "HrabefonVorezprut" (id=J56CBd6WRzt5c58nX9b986Cp2niBSm4n26sMa8FuFaU=) has withdrawn 112000 from his ATM account.
17:41:00 [Market] Player "HrabefonVorezprut" (id=J56CBd6WRzt5c58nX9b986Cp2niBSm4n26sMa8FuFaU=) has send a requested to purchase expansionuaz x1 from the trader "Vehicles (Peter [#STR_EXPANSION_MARKET_TRADER_VEHICLES])" in market zone "OUTLIVE Trader" (pos=<4291.589844, 25.247801, 4162.500000>).
17:41:01 [Market] Player "HrabefonVorezprut" (id=J56CBd6WRzt5c58nX9b986Cp2niBSm4n26sMa8FuFaU=) has bought expansionuaz x1 from the trader "Vehicles (Peter [#STR_EXPANSION_MARKET_TRADER_VEHICLES])" in market zone "OUTLIVE Trader" (pos=<4291.589844, 25.247801, 4162.500000>) for a price of 110385.
17:41:21 [VehicleCarKey] Player "HrabefonVorezprut" (id=J56CBd6WRzt5c58nX9b986Cp2niBSm4n26sMa8FuFaU= pos=<4255.184570, 9.085299, 4138.024414>) used the  ExpansionCarKey to unlock a ExpansionUAZ
17:42:16 [ATM Locker] Player "HrabefonVorezprut" (id=J56CBd6WRzt5c58nX9b986Cp2niBSm4n26sMa8FuFaU=) has deposited 13975 on his ATM account.
17:43:49 [Safezone] Player "HrabefonVorezprut" (id=J56CBd6WRzt5c58nX9b986Cp2niBSm4n26sMa8FuFaU= pos=<4394.851074, 4.109801, 3854.237061>) Left the safezone
17:44:26 [Safezone] Player "Loomio" (id=O51WMdDQzgXORUqSM5snQEXNY_mRJk6JpE3sxZs1430= pos=<4417.569336, 4.773627, 3926.241211>) Left the safezone
17:45:15 [VehicleCarKey] Player "HrabefonVorezprut" (id=J56CBd6WRzt5c58nX9b986Cp2niBSm4n26sMa8FuFaU= pos=<4457.538086, 4.773032, 3090.590332>) used the  ExpansionCarKey to lock a Expansion_Landrover_Grey
17:52:57 [VehicleCarKey] Player "Heroquest" (id=ewpcSX1gVl6rtoiM1TLJPYAJ8T38ZdMCN0onTChMs54= pos=<5057.274414, 1.021095, 596.023254>) used the  ExpansionCarKey to unlock a ExpansionUtilityBoat
17:55:57 [Expansion Quests] - SetupClientData - Loaded existing player quest data for player with UID: ktRM41tfmEPWvroZR3AqsVqtk95x7WD2p7citvvKp8g=
17:55:57 [Expansion Quests] - PlayerQuestsInit - Create new quest instance for quest: 23 - Creator UID: ktRM41tfmEPWvroZR3AqsVqtk95x7WD2p7citvvKp8g=
17:56:53 [VehicleCarKey] Player "Heroquest" (id=ewpcSX1gVl6rtoiM1TLJPYAJ8T38ZdMCN0onTChMs54= pos=<4421.571289, -0.180627, 4185.992676>) used the  ExpansionCarKey to lock a ExpansionUtilityBoat
17:57:13 [Expansion Quests] - SetupClientData - Got cached player quest data for player with UID: O51WMdDQzgXORUqSM5snQEXNY_mRJk6JpE3sxZs1430=
17:57:17 [Safezone] Player "Heroquest" (id=ewpcSX1gVl6rtoiM1TLJPYAJ8T38ZdMCN0onTChMs54= pos=<4419.724121, -1.371216, 4183.686035>) Entered the safezone
17:58:30 [Market] Player "Heroquest" (id=ewpcSX1gVl6rtoiM1TLJPYAJ8T38ZdMCN0onTChMs54=) has send a requested to sell twp_ak12tan x1 at the trader "Weapons (Denis [#STR_EXPANSION_MARKET_TRADER_WEAPONS])" in market zone "OUTLIVE Trader" (pos=<4291.589844, 25.247801, 4162.500000>).
17:58:30 [Market] Player "Heroquest" (id=ewpcSX1gVl6rtoiM1TLJPYAJ8T38ZdMCN0onTChMs54=) has sold twp_ak12tan x1 at the trader "Weapons (Denis [#STR_EXPANSION_MARKET_TRADER_WEAPONS])" in market zone "OUTLIVE Trader" (pos=<4291.589844, 25.247801, 4162.500000>) and got 500.
17:58:38 [Market] Player "Heroquest" (id=ewpcSX1gVl6rtoiM1TLJPYAJ8T38ZdMCN0onTChMs54=) has send a requested to sell expansion_pmii25optic x2 at the trader "Attachments (Oliver [#STR_EXPANSION_MARKET_TRADER_ATTACHMENTS])" in market zone "OUTLIVE Trader" (pos=<4291.589844, 25.247801, 4162.500000>).
17:58:38 [Market] Player "Heroquest" (id=ewpcSX1gVl6rtoiM1TLJPYAJ8T38ZdMCN0onTChMs54=) has sold expansion_pmii25optic x2 at the trader "Attachments (Oliver [#STR_EXPANSION_MARKET_TRADER_ATTACHMENTS])" in market zone "OUTLIVE Trader" (pos=<4291.589844, 25.247801, 4162.500000>) and got 440.
17:58:44 [Market] Player "Heroquest" (id=ewpcSX1gVl6rtoiM1TLJPYAJ8T38ZdMCN0onTChMs54=) has send a requested to sell pistolsuppressor x1 at the trader "Attachments (Oliver [#STR_EXPANSION_MARKET_TRADER_ATTACHMENTS])" in market zone "OUTLIVE Trader" (pos=<4291.589844, 25.247801, 4162.500000>).
17:58:44 [Market] Player "Heroquest" (id=ewpcSX1gVl6rtoiM1TLJPYAJ8T38ZdMCN0onTChMs54=) has sold pistolsuppressor x1 at the trader "Attachments (Oliver [#STR_EXPANSION_MARKET_TRADER_ATTACHMENTS])" in market zone "OUTLIVE Trader" (pos=<4291.589844, 25.247801, 4162.500000>) and got 100.
17:59:26 [Market] Player "Heroquest" (id=ewpcSX1gVl6rtoiM1TLJPYAJ8T38ZdMCN0onTChMs54=) has send a requested to sell mad_ghilliesuit_lightblue x1 at the trader "Clothing (Linda [#STR_EXPANSION_MARKET_TRADER_CLOTHING])" in market zone "OUTLIVE Trader" (pos=<4291.589844, 25.247801, 4162.500000>).
17:59:26 [Market] Player "Heroquest" (id=ewpcSX1gVl6rtoiM1TLJPYAJ8T38ZdMCN0onTChMs54=) has sold mad_ghilliesuit_lightblue x1 at the trader "Clothing (Linda [#STR_EXPANSION_MARKET_TRADER_CLOTHING])" in market zone "OUTLIVE Trader" (pos=<4291.589844, 25.247801, 4162.500000>) and got 1200.
17:59:28 [Market] Player "Heroquest" (id=ewpcSX1gVl6rtoiM1TLJPYAJ8T38ZdMCN0onTChMs54=) has send a requested to sell outlive_ghilliehood_woodland2 x1 at the trader "Clothing (Linda [#STR_EXPANSION_MARKET_TRADER_CLOTHING])" in market zone "OUTLIVE Trader" (pos=<4291.589844, 25.247801, 4162.500000>).
17:59:28 [Market] Player "Heroquest" (id=ewpcSX1gVl6rtoiM1TLJPYAJ8T38ZdMCN0onTChMs54=) has sold outlive_ghilliehood_woodland2 x1 at the trader "Clothing (Linda [#STR_EXPANSION_MARKET_TRADER_CLOTHING])" in market zone "OUTLIVE Trader" (pos=<4291.589844, 25.247801, 4162.500000>) and got 500.
17:59:37 [Market] Player "Heroquest" (id=ewpcSX1gVl6rtoiM1TLJPYAJ8T38ZdMCN0onTChMs54=) has send a requested to sell mmg_supplybag_multicam x1 at the trader "Clothing (Linda [#STR_EXPANSION_MARKET_TRADER_CLOTHING])" in market zone "OUTLIVE Trader" (pos=<4291.589844, 25.247801, 4162.500000>).
17:59:37 [Market] Player "Heroquest" (id=ewpcSX1gVl6rtoiM1TLJPYAJ8T38ZdMCN0onTChMs54=) has sold mmg_supplybag_multicam x1 at the trader "Clothing (Linda [#STR_EXPANSION_MARKET_TRADER_CLOTHING])" in market zone "OUTLIVE Trader" (pos=<4291.589844, 25.247801, 4162.500000>) and got 1000.
17:59:41 [Market] Player "Heroquest" (id=ewpcSX1gVl6rtoiM1TLJPYAJ8T38ZdMCN0onTChMs54=) has send a requested to sell mmg_falcon_b1_belt_olive x1 at the trader "Clothing (Linda [#STR_EXPANSION_MARKET_TRADER_CLOTHING])" in market zone "OUTLIVE Trader" (pos=<4291.589844, 25.247801, 4162.500000>).
17:59:41 [Market] Player "Heroquest" (id=ewpcSX1gVl6rtoiM1TLJPYAJ8T38ZdMCN0onTChMs54=) has sold mmg_falcon_b1_belt_olive x1 at the trader "Clothing (Linda [#STR_EXPANSION_MARKET_TRADER_CLOTHING])" in market zone "OUTLIVE Trader" (pos=<4291.589844, 25.247801, 4162.500000>) and got 1500.
17:59:45 [Market] Player "Heroquest" (id=ewpcSX1gVl6rtoiM1TLJPYAJ8T38ZdMCN0onTChMs54=) has send a requested to sell mmg_tt_vest_ucp x1 at the trader "Clothing (Linda [#STR_EXPANSION_MARKET_TRADER_CLOTHING])" in market zone "OUTLIVE Trader" (pos=<4291.589844, 25.247801, 4162.500000>).
17:59:45 [Market] Player "Heroquest" (id=ewpcSX1gVl6rtoiM1TLJPYAJ8T38ZdMCN0onTChMs54=) has sold mmg_tt_vest_ucp x1 at the trader "Clothing (Linda [#STR_EXPANSION_MARKET_TRADER_CLOTHING])" in market zone "OUTLIVE Trader" (pos=<4291.589844, 25.247801, 4162.500000>) and got 1000.
17:59:50 [Market] Player "Heroquest" (id=ewpcSX1gVl6rtoiM1TLJPYAJ8T38ZdMCN0onTChMs54=) has send a requested to sell mvs_armoredhelmet_multicam_tropic x1 at the trader "Clothing (Linda [#STR_EXPANSION_MARKET_TRADER_CLOTHING])" in market zone "OUTLIVE Trader" (pos=<4291.589844, 25.247801, 4162.500000>).
17:59:50 [Market] Player "Heroquest" (id=ewpcSX1gVl6rtoiM1TLJPYAJ8T38ZdMCN0onTChMs54=) has sold mvs_armoredhelmet_multicam_tropic x1 at the trader "Clothing (Linda [#STR_EXPANSION_MARKET_TRADER_CLOTHING])" in market zone "OUTLIVE Trader" (pos=<4291.589844, 25.247801, 4162.500000>) and got 600.
18:00:02 [Market] Player "Heroquest" (id=ewpcSX1gVl6rtoiM1TLJPYAJ8T38ZdMCN0onTChMs54=) has send a requested to purchase charcoaltablets x1 from the trader "Medicals (Eva [#STR_EXPANSION_MARKET_TRADER_MEDICALS])" in market zone "OUTLIVE Trader" (pos=<4291.589844, 25.247801, 4162.500000>).
18:00:02 [Market] Player "Heroquest" (id=ewpcSX1gVl6rtoiM1TLJPYAJ8T38ZdMCN0onTChMs54=) has bought charcoaltablets x1 from the trader "Medicals (Eva [#STR_EXPANSION_MARKET_TRADER_MEDICALS])" in market zone "OUTLIVE Trader" (pos=<4291.589844, 25.247801, 4162.500000>) for a price of 4500.
18:01:05 [ATM Locker] Player "Heroquest" (id=ewpcSX1gVl6rtoiM1TLJPYAJ8T38ZdMCN0onTChMs54=) has deposited 2353 on his ATM account.
18:01:28 [Expansion Quests] - SetupClientData - Got cached player quest data for player with UID: O51WMdDQzgXORUqSM5snQEXNY_mRJk6JpE3sxZs1430=
18:01:53 [Expansion Quests] - SetupClientData - Created new persistent player quest data for player UID: P4SREVjnxT14r_rLUvADVMEcc4qxpGNGtpfxYhxbuoQ=
18:02:23 [Expansion Quests] - SetupClientData - Got cached player quest data for player with UID: ktRM41tfmEPWvroZR3AqsVqtk95x7WD2p7citvvKp8g=
18:02:34 [Safezone] Player "Heroquest" (id=ewpcSX1gVl6rtoiM1TLJPYAJ8T38ZdMCN0onTChMs54= pos=<4439.298828, 1.415204, 4196.756348>) Left the safezone
18:02:44 [Party] Player "Mozz " (id=P4SREVjnxT14r_rLUvADVMEcc4qxpGNGtpfxYhxbuoQ=) created a party named The lonesome
18:02:53 [Party] Player "Mozz " (id=P4SREVjnxT14r_rLUvADVMEcc4qxpGNGtpfxYhxbuoQ=) invited the player "Veronica/Emma" (id=d7eCt_r57YYXNXO1QsChgw1DiiULHAV1niE1cILy5mo=)to the party named The lonesome
18:05:28 [Expansion Quests] - SetupClientData - Got cached player quest data for player with UID: O51WMdDQzgXORUqSM5snQEXNY_mRJk6JpE3sxZs1430=
18:05:28 [Expansion Quests] - PlayerQuestsInit - Create new quest instance for quest: 23 - Creator UID: O51WMdDQzgXORUqSM5snQEXNY_mRJk6JpE3sxZs1430=
18:05:28 [Expansion Quests] - PlayerQuestsInit - Create new quest instance for quest: 41 - Creator UID: O51WMdDQzgXORUqSM5snQEXNY_mRJk6JpE3sxZs1430=
18:05:28 [Expansion Quests] - PlayerQuestsInit - Create new quest instance for quest: 6 - Creator UID: O51WMdDQzgXORUqSM5snQEXNY_mRJk6JpE3sxZs1430=
18:05:28 [Expansion Quests] - PlayerQuestsInit - Create new quest instance for quest: 10 - Creator UID: O51WMdDQzgXORUqSM5snQEXNY_mRJk6JpE3sxZs1430=
18:16:36 [Expansion Quests] - SetupClientData - Got cached player quest data for player with UID: CoFE74V8SNNeCRyPCukE2UTBlM4Qe7Hv2NTd8IIPuYI=
18:21:06 [Expansion Quests] - CompleteQuest - Player with UID CoFE74V8SNNeCRyPCukE2UTBlM4Qe7Hv2NTd8IIPuYI= has completed quest 20
18:21:06 [Expansion Quests] - ExpansionQuest - Quest owner ID: CoFE74V8SNNeCRyPCukE2UTBlM4Qe7Hv2NTd8IIPuYI=
18:21:06 [Expansion Quests] - ExpansionQuest - Quest ID: 20
18:21:06 [Expansion Quests] - ExpansionQuest - Quest state: 3
18:21:06 [Expansion Quests] - ExpansionQuest - Quest completed: true
18:24:14 [Market] Player "[R.E.D] DoDgY" (id=ktRM41tfmEPWvroZR3AqsVqtk95x7WD2p7citvvKp8g=) has send a requested to sell deerpelt x1 at the trader "Hunting (Peter [Hunter & Fish Trader])" in market zone "OUTLIVE Hunter&Fish Trader" (pos=<7173.500000, 72.561798, 8110.560059>).
18:24:14 [Market] Player "[R.E.D] DoDgY" (id=ktRM41tfmEPWvroZR3AqsVqtk95x7WD2p7citvvKp8g=) has sold deerpelt x1 at the trader "Hunting (Peter [Hunter & Fish Trader])" in market zone "OUTLIVE Hunter&Fish Trader" (pos=<7173.500000, 72.561798, 8110.560059>) and got 2000.
18:24:15 [Market] Player "[R.E.D] DoDgY" (id=ktRM41tfmEPWvroZR3AqsVqtk95x7WD2p7citvvKp8g=) has send a requested to sell deerpelt x1 at the trader "Hunting (Peter [Hunter & Fish Trader])" in market zone "OUTLIVE Hunter&Fish Trader" (pos=<7173.500000, 72.561798, 8110.560059>).
18:24:15 [Market] Player "[R.E.D] DoDgY" (id=ktRM41tfmEPWvroZR3AqsVqtk95x7WD2p7citvvKp8g=) has sold deerpelt x1 at the trader "Hunting (Peter [Hunter & Fish Trader])" in market zone "OUTLIVE Hunter&Fish Trader" (pos=<7173.500000, 72.561798, 8110.560059>) and got 1500.
18:24:21 [Market] Player "[R.E.D] DoDgY" (id=ktRM41tfmEPWvroZR3AqsVqtk95x7WD2p7citvvKp8g=) has send a requested to sell bearsteakmeat x1 at the trader "Hunting (Peter [Hunter & Fish Trader])" in market zone "OUTLIVE Hunter&Fish Trader" (pos=<7173.500000, 72.561798, 8110.560059>).
18:24:21 [Market] Player "[R.E.D] DoDgY" (id=ktRM41tfmEPWvroZR3AqsVqtk95x7WD2p7citvvKp8g=) has sold bearsteakmeat x1 at the trader "Hunting (Peter [Hunter & Fish Trader])" in market zone "OUTLIVE Hunter&Fish Trader" (pos=<7173.500000, 72.561798, 8110.560059>) and got 86.
18:24:22 [Market] Player "[R.E.D] DoDgY" (id=ktRM41tfmEPWvroZR3AqsVqtk95x7WD2p7citvvKp8g=) has send a requested to sell deersteakmeat x1 at the trader "Hunting (Peter [Hunter & Fish Trader])" in market zone "OUTLIVE Hunter&Fish Trader" (pos=<7173.500000, 72.561798, 8110.560059>).
18:24:22 [Market] Player "[R.E.D] DoDgY" (id=ktRM41tfmEPWvroZR3AqsVqtk95x7WD2p7citvvKp8g=) has sold deersteakmeat x1 at the trader "Hunting (Peter [Hunter & Fish Trader])" in market zone "OUTLIVE Hunter&Fish Trader" (pos=<7173.500000, 72.561798, 8110.560059>) and got 214.
18:24:22 [Market] Player "[R.E.D] DoDgY" (id=ktRM41tfmEPWvroZR3AqsVqtk95x7WD2p7citvvKp8g=) has send a requested to sell deersteakmeat x1 at the trader "Hunting (Peter [Hunter & Fish Trader])" in market zone "OUTLIVE Hunter&Fish Trader" (pos=<7173.500000, 72.561798, 8110.560059>).
18:24:22 [Market] Player "[R.E.D] DoDgY" (id=ktRM41tfmEPWvroZR3AqsVqtk95x7WD2p7citvvKp8g=) has sold deersteakmeat x1 at the trader "Hunting (Peter [Hunter & Fish Trader])" in market zone "OUTLIVE Hunter&Fish Trader" (pos=<7173.500000, 72.561798, 8110.560059>) and got 189.
18:24:22 [Market] Player "[R.E.D] DoDgY" (id=ktRM41tfmEPWvroZR3AqsVqtk95x7WD2p7citvvKp8g=) has send a requested to sell deersteakmeat x1 at the trader "Hunting (Peter [Hunter & Fish Trader])" in market zone "OUTLIVE Hunter&Fish Trader" (pos=<7173.500000, 72.561798, 8110.560059>).
18:24:23 [Market] Player "[R.E.D] DoDgY" (id=ktRM41tfmEPWvroZR3AqsVqtk95x7WD2p7citvvKp8g=) has sold deersteakmeat x1 at the trader "Hunting (Peter [Hunter & Fish Trader])" in market zone "OUTLIVE Hunter&Fish Trader" (pos=<7173.500000, 72.561798, 8110.560059>) and got 201.
18:24:23 [Market] Player "[R.E.D] DoDgY" (id=ktRM41tfmEPWvroZR3AqsVqtk95x7WD2p7citvvKp8g=) has send a requested to sell deersteakmeat x1 at the trader "Hunting (Peter [Hunter & Fish Trader])" in market zone "OUTLIVE Hunter&Fish Trader" (pos=<7173.500000, 72.561798, 8110.560059>).
18:24:23 [Market] Player "[R.E.D] DoDgY" (id=ktRM41tfmEPWvroZR3AqsVqtk95x7WD2p7citvvKp8g=) has sold deersteakmeat x1 at the trader "Hunting (Peter [Hunter & Fish Trader])" in market zone "OUTLIVE Hunter&Fish Trader" (pos=<7173.500000, 72.561798, 8110.560059>) and got 216.
18:24:23 [Market] Player "[R.E.D] DoDgY" (id=ktRM41tfmEPWvroZR3AqsVqtk95x7WD2p7citvvKp8g=) has send a requested to sell deersteakmeat x1 at the trader "Hunting (Peter [Hunter & Fish Trader])" in market zone "OUTLIVE Hunter&Fish Trader" (pos=<7173.500000, 72.561798, 8110.560059>).
18:24:23 [Market] Player "[R.E.D] DoDgY" (id=ktRM41tfmEPWvroZR3AqsVqtk95x7WD2p7citvvKp8g=) has sold deersteakmeat x1 at the trader "Hunting (Peter [Hunter & Fish Trader])" in market zone "OUTLIVE Hunter&Fish Trader" (pos=<7173.500000, 72.561798, 8110.560059>) and got 199.
18:24:23 [Market] Player "[R.E.D] DoDgY" (id=ktRM41tfmEPWvroZR3AqsVqtk95x7WD2p7citvvKp8g=) has send a requested to sell deersteakmeat x1 at the trader "Hunting (Peter [Hunter & Fish Trader])" in market zone "OUTLIVE Hunter&Fish Trader" (pos=<7173.500000, 72.561798, 8110.560059>).
18:24:24 [Market] Player "[R.E.D] DoDgY" (id=ktRM41tfmEPWvroZR3AqsVqtk95x7WD2p7citvvKp8g=) has sold deersteakmeat x1 at the trader "Hunting (Peter [Hunter & Fish Trader])" in market zone "OUTLIVE Hunter&Fish Trader" (pos=<7173.500000, 72.561798, 8110.560059>) and got 248.
18:24:24 [Market] Player "[R.E.D] DoDgY" (id=ktRM41tfmEPWvroZR3AqsVqtk95x7WD2p7citvvKp8g=) has send a requested to sell deersteakmeat x1 at the trader "Hunting (Peter [Hunter & Fish Trader])" in market zone "OUTLIVE Hunter&Fish Trader" (pos=<7173.500000, 72.561798, 8110.560059>).
18:24:24 [Market] Player "[R.E.D] DoDgY" (id=ktRM41tfmEPWvroZR3AqsVqtk95x7WD2p7citvvKp8g=) has sold deersteakmeat x1 at the trader "Hunting (Peter [Hunter & Fish Trader])" in market zone "OUTLIVE Hunter&Fish Trader" (pos=<7173.500000, 72.561798, 8110.560059>) and got 225.
18:24:24 [Market] Player "[R.E.D] DoDgY" (id=ktRM41tfmEPWvroZR3AqsVqtk95x7WD2p7citvvKp8g=) has send a requested to sell deersteakmeat x1 at the trader "Hunting (Peter [Hunter & Fish Trader])" in market zone "OUTLIVE Hunter&Fish Trader" (pos=<7173.500000, 72.561798, 8110.560059>).
18:24:24 [Market] Player "[R.E.D] DoDgY" (id=ktRM41tfmEPWvroZR3AqsVqtk95x7WD2p7citvvKp8g=) has sold deersteakmeat x1 at the trader "Hunting (Peter [Hunter & Fish Trader])" in market zone "OUTLIVE Hunter&Fish Trader" (pos=<7173.500000, 72.561798, 8110.560059>) and got 215.
18:24:25 [Market] Player "[R.E.D] DoDgY" (id=ktRM41tfmEPWvroZR3AqsVqtk95x7WD2p7citvvKp8g=) has send a requested to sell deersteakmeat x1 at the trader "Hunting (Peter [Hunter & Fish Trader])" in market zone "OUTLIVE Hunter&Fish Trader" (pos=<7173.500000, 72.561798, 8110.560059>).
18:24:25 [Market] Player "[R.E.D] DoDgY" (id=ktRM41tfmEPWvroZR3AqsVqtk95x7WD2p7citvvKp8g=) has sold deersteakmeat x1 at the trader "Hunting (Peter [Hunter & Fish Trader])" in market zone "OUTLIVE Hunter&Fish Trader" (pos=<7173.500000, 72.561798, 8110.560059>) and got 188.
18:24:25 [Market] Player "[R.E.D] DoDgY" (id=ktRM41tfmEPWvroZR3AqsVqtk95x7WD2p7citvvKp8g=) has send a requested to sell deersteakmeat x1 at the trader "Hunting (Peter [Hunter & Fish Trader])" in market zone "OUTLIVE Hunter&Fish Trader" (pos=<7173.500000, 72.561798, 8110.560059>).
18:24:25 [Market] Player "[R.E.D] DoDgY" (id=ktRM41tfmEPWvroZR3AqsVqtk95x7WD2p7citvvKp8g=) has sold deersteakmeat x1 at the trader "Hunting (Peter [Hunter & Fish Trader])" in market zone "OUTLIVE Hunter&Fish Trader" (pos=<7173.500000, 72.561798, 8110.560059>) and got 224.
18:24:25 [Market] Player "[R.E.D] DoDgY" (id=ktRM41tfmEPWvroZR3AqsVqtk95x7WD2p7citvvKp8g=) has send a requested to sell deersteakmeat x1 at the trader "Hunting (Peter [Hunter & Fish Trader])" in market zone "OUTLIVE Hunter&Fish Trader" (pos=<7173.500000, 72.561798, 8110.560059>).
18:24:25 [Market] Player "[R.E.D] DoDgY" (id=ktRM41tfmEPWvroZR3AqsVqtk95x7WD2p7citvvKp8g=) has sold deersteakmeat x1 at the trader "Hunting (Peter [Hunter & Fish Trader])" in market zone "OUTLIVE Hunter&Fish Trader" (pos=<7173.500000, 72.561798, 8110.560059>) and got 215.
18:24:26 [Market] Player "[R.E.D] DoDgY" (id=ktRM41tfmEPWvroZR3AqsVqtk95x7WD2p7citvvKp8g=) has send a requested to sell deersteakmeat x1 at the trader "Hunting (Peter [Hunter & Fish Trader])" in market zone "OUTLIVE Hunter&Fish Trader" (pos=<7173.500000, 72.561798, 8110.560059>).
18:24:26 [Market] Player "[R.E.D] DoDgY" (id=ktRM41tfmEPWvroZR3AqsVqtk95x7WD2p7citvvKp8g=) has sold deersteakmeat x1 at the trader "Hunting (Peter [Hunter & Fish Trader])" in market zone "OUTLIVE Hunter&Fish Trader" (pos=<7173.500000, 72.561798, 8110.560059>) and got 192.
18:24:26 [Market] Player "[R.E.D] DoDgY" (id=ktRM41tfmEPWvroZR3AqsVqtk95x7WD2p7citvvKp8g=) has send a requested to sell deersteakmeat x1 at the trader "Hunting (Peter [Hunter & Fish Trader])" in market zone "OUTLIVE Hunter&Fish Trader" (pos=<7173.500000, 72.561798, 8110.560059>).
18:24:26 [Market] Player "[R.E.D] DoDgY" (id=ktRM41tfmEPWvroZR3AqsVqtk95x7WD2p7citvvKp8g=) has sold deersteakmeat x1 at the trader "Hunting (Peter [Hunter & Fish Trader])" in market zone "OUTLIVE Hunter&Fish Trader" (pos=<7173.500000, 72.561798, 8110.560059>) and got 192.
18:24:26 [Market] Player "[R.E.D] DoDgY" (id=ktRM41tfmEPWvroZR3AqsVqtk95x7WD2p7citvvKp8g=) has send a requested to sell deersteakmeat x1 at the trader "Hunting (Peter [Hunter & Fish Trader])" in market zone "OUTLIVE Hunter&Fish Trader" (pos=<7173.500000, 72.561798, 8110.560059>).
18:24:26 [Market] Player "[R.E.D] DoDgY" (id=ktRM41tfmEPWvroZR3AqsVqtk95x7WD2p7citvvKp8g=) has sold deersteakmeat x1 at the trader "Hunting (Peter [Hunter & Fish Trader])" in market zone "OUTLIVE Hunter&Fish Trader" (pos=<7173.500000, 72.561798, 8110.560059>) and got 198.
18:24:27 [Market] Player "[R.E.D] DoDgY" (id=ktRM41tfmEPWvroZR3AqsVqtk95x7WD2p7citvvKp8g=) has send a requested to sell deersteakmeat x1 at the trader "Hunting (Peter [Hunter & Fish Trader])" in market zone "OUTLIVE Hunter&Fish Trader" (pos=<7173.500000, 72.561798, 8110.560059>).
18:24:27 [Market] Player "[R.E.D] DoDgY" (id=ktRM41tfmEPWvroZR3AqsVqtk95x7WD2p7citvvKp8g=) has sold deersteakmeat x1 at the trader "Hunting (Peter [Hunter & Fish Trader])" in market zone "OUTLIVE Hunter&Fish Trader" (pos=<7173.500000, 72.561798, 8110.560059>) and got 206.
18:24:27 [Market] Player "[R.E.D] DoDgY" (id=ktRM41tfmEPWvroZR3AqsVqtk95x7WD2p7citvvKp8g=) has send a requested to sell deersteakmeat x1 at the trader "Hunting (Peter [Hunter & Fish Trader])" in market zone "OUTLIVE Hunter&Fish Trader" (pos=<7173.500000, 72.561798, 8110.560059>).
18:24:27 [Market] Player "[R.E.D] DoDgY" (id=ktRM41tfmEPWvroZR3AqsVqtk95x7WD2p7citvvKp8g=) has sold deersteakmeat x1 at the trader "Hunting (Peter [Hunter & Fish Trader])" in market zone "OUTLIVE Hunter&Fish Trader" (pos=<7173.500000, 72.561798, 8110.560059>) and got 226.
18:24:28 [Market] Player "[R.E.D] DoDgY" (id=ktRM41tfmEPWvroZR3AqsVqtk95x7WD2p7citvvKp8g=) has send a requested to sell deersteakmeat x1 at the trader "Hunting (Peter [Hunter & Fish Trader])" in market zone "OUTLIVE Hunter&Fish Trader" (pos=<7173.500000, 72.561798, 8110.560059>).
18:24:28 [Market] Player "[R.E.D] DoDgY" (id=ktRM41tfmEPWvroZR3AqsVqtk95x7WD2p7citvvKp8g=) has sold deersteakmeat x1 at the trader "Hunting (Peter [Hunter & Fish Trader])" in market zone "OUTLIVE Hunter&Fish Trader" (pos=<7173.500000, 72.561798, 8110.560059>) and got 237.
18:24:28 [Market] Player "[R.E.D] DoDgY" (id=ktRM41tfmEPWvroZR3AqsVqtk95x7WD2p7citvvKp8g=) has send a requested to sell deersteakmeat x1 at the trader "Hunting (Peter [Hunter & Fish Trader])" in market zone "OUTLIVE Hunter&Fish Trader" (pos=<7173.500000, 72.561798, 8110.560059>).
18:24:28 [Market] Player "[R.E.D] DoDgY" (id=ktRM41tfmEPWvroZR3AqsVqtk95x7WD2p7citvvKp8g=) has sold deersteakmeat x1 at the trader "Hunting (Peter [Hunter & Fish Trader])" in market zone "OUTLIVE Hunter&Fish Trader" (pos=<7173.500000, 72.561798, 8110.560059>) and got 203.
18:24:28 [Market] Player "[R.E.D] DoDgY" (id=ktRM41tfmEPWvroZR3AqsVqtk95x7WD2p7citvvKp8g=) has send a requested to sell deersteakmeat x1 at the trader "Hunting (Peter [Hunter & Fish Trader])" in market zone "OUTLIVE Hunter&Fish Trader" (pos=<7173.500000, 72.561798, 8110.560059>).
18:24:28 [Market] Player "[R.E.D] DoDgY" (id=ktRM41tfmEPWvroZR3AqsVqtk95x7WD2p7citvvKp8g=) has sold deersteakmeat x1 at the trader "Hunting (Peter [Hunter & Fish Trader])" in market zone "OUTLIVE Hunter&Fish Trader" (pos=<7173.500000, 72.561798, 8110.560059>) and got 241.
18:24:29 [Market] Player "[R.E.D] DoDgY" (id=ktRM41tfmEPWvroZR3AqsVqtk95x7WD2p7citvvKp8g=) has send a requested to sell deersteakmeat x1 at the trader "Hunting (Peter [Hunter & Fish Trader])" in market zone "OUTLIVE Hunter&Fish Trader" (pos=<7173.500000, 72.561798, 8110.560059>).
18:24:29 [Market] Player "[R.E.D] DoDgY" (id=ktRM41tfmEPWvroZR3AqsVqtk95x7WD2p7citvvKp8g=) has sold deersteakmeat x1 at the trader "Hunting (Peter [Hunter & Fish Trader])" in market zone "OUTLIVE Hunter&Fish Trader" (pos=<7173.500000, 72.561798, 8110.560059>) and got 245.
18:24:29 [Market] Player "[R.E.D] DoDgY" (id=ktRM41tfmEPWvroZR3AqsVqtk95x7WD2p7citvvKp8g=) has send a requested to sell deersteakmeat x1 at the trader "Hunting (Peter [Hunter & Fish Trader])" in market zone "OUTLIVE Hunter&Fish Trader" (pos=<7173.500000, 72.561798, 8110.560059>).
18:24:29 [Market] Player "[R.E.D] DoDgY" (id=ktRM41tfmEPWvroZR3AqsVqtk95x7WD2p7citvvKp8g=) has sold deersteakmeat x1 at the trader "Hunting (Peter [Hunter & Fish Trader])" in market zone "OUTLIVE Hunter&Fish Trader" (pos=<7173.500000, 72.561798, 8110.560059>) and got 208.
18:24:29 [Market] Player "[R.E.D] DoDgY" (id=ktRM41tfmEPWvroZR3AqsVqtk95x7WD2p7citvvKp8g=) has send a requested to sell deersteakmeat x1 at the trader "Hunting (Peter [Hunter & Fish Trader])" in market zone "OUTLIVE Hunter&Fish Trader" (pos=<7173.500000, 72.561798, 8110.560059>).
18:24:29 [Market] Player "[R.E.D] DoDgY" (id=ktRM41tfmEPWvroZR3AqsVqtk95x7WD2p7citvvKp8g=) has sold deersteakmeat x1 at the trader "Hunting (Peter [Hunter & Fish Trader])" in market zone "OUTLIVE Hunter&Fish Trader" (pos=<7173.500000, 72.561798, 8110.560059>) and got 194.
18:24:29 [Market] Player "[R.E.D] DoDgY" (id=ktRM41tfmEPWvroZR3AqsVqtk95x7WD2p7citvvKp8g=) has send a requested to sell deersteakmeat x1 at the trader "Hunting (Peter [Hunter & Fish Trader])" in market zone "OUTLIVE Hunter&Fish Trader" (pos=<7173.500000, 72.561798, 8110.560059>).
18:24:30 [Market] Player "[R.E.D] DoDgY" (id=ktRM41tfmEPWvroZR3AqsVqtk95x7WD2p7citvvKp8g=) has sold deersteakmeat x1 at the trader "Hunting (Peter [Hunter & Fish Trader])" in market zone "OUTLIVE Hunter&Fish Trader" (pos=<7173.500000, 72.561798, 8110.560059>) and got 194.
18:24:30 [Market] Player "[R.E.D] DoDgY" (id=ktRM41tfmEPWvroZR3AqsVqtk95x7WD2p7citvvKp8g=) has send a requested to sell deersteakmeat x1 at the trader "Hunting (Peter [Hunter & Fish Trader])" in market zone "OUTLIVE Hunter&Fish Trader" (pos=<7173.500000, 72.561798, 8110.560059>).
18:24:30 [Market] Player "[R.E.D] DoDgY" (id=ktRM41tfmEPWvroZR3AqsVqtk95x7WD2p7citvvKp8g=) has sold deersteakmeat x1 at the trader "Hunting (Peter [Hunter & Fish Trader])" in market zone "OUTLIVE Hunter&Fish Trader" (pos=<7173.500000, 72.561798, 8110.560059>) and got 226.
18:24:30 [Market] Player "[R.E.D] DoDgY" (id=ktRM41tfmEPWvroZR3AqsVqtk95x7WD2p7citvvKp8g=) has send a requested to sell deersteakmeat x1 at the trader "Hunting (Peter [Hunter & Fish Trader])" in market zone "OUTLIVE Hunter&Fish Trader" (pos=<7173.500000, 72.561798, 8110.560059>).
18:24:30 [Market] Player "[R.E.D] DoDgY" (id=ktRM41tfmEPWvroZR3AqsVqtk95x7WD2p7citvvKp8g=) has sold deersteakmeat x1 at the trader "Hunting (Peter [Hunter & Fish Trader])" in market zone "OUTLIVE Hunter&Fish Trader" (pos=<7173.500000, 72.561798, 8110.560059>) and got 209.
18:26:31 [VehicleCarKey] Player "Loomio" (id=O51WMdDQzgXORUqSM5snQEXNY_mRJk6JpE3sxZs1430= pos=<3380.539307, 8.057365, 6547.193848>) used the  ExpansionCarKey to lock a ExpansionUAZ
18:31:30 [Expansion Quests] - CompleteQuest - Player with UID P4SREVjnxT14r_rLUvADVMEcc4qxpGNGtpfxYhxbuoQ= has completed quest 19
18:31:30 [Expansion Quests] - ExpansionQuest - Quest owner ID: P4SREVjnxT14r_rLUvADVMEcc4qxpGNGtpfxYhxbuoQ=
18:31:30 [Expansion Quests] - ExpansionQuest - Quest ID: 19
18:31:30 [Expansion Quests] - ExpansionQuest - Quest state: 3
18:31:30 [Expansion Quests] - ExpansionQuest - Quest completed: true
18:40:38 [Expansion Quests] - SetupClientData - Got cached player quest data for player with UID: J56CBd6WRzt5c58nX9b986Cp2niBSm4n26sMa8FuFaU=
18:40:38 [Expansion Quests] - PlayerQuestsInit - Create new quest instance for quest: 23 - Creator UID: J56CBd6WRzt5c58nX9b986Cp2niBSm4n26sMa8FuFaU=
18:40:38 [Expansion Quests] - PlayerQuestsInit - Create new quest instance for quest: 71 - Creator UID: J56CBd6WRzt5c58nX9b986Cp2niBSm4n26sMa8FuFaU=
18:40:38 [Expansion Quests] - PlayerQuestsInit - Create new quest instance for quest: 9 - Creator UID: J56CBd6WRzt5c58nX9b986Cp2niBSm4n26sMa8FuFaU=
18:44:23 [VehicleCarKey] Player "Loomio" (id=O51WMdDQzgXORUqSM5snQEXNY_mRJk6JpE3sxZs1430= pos=<3380.156006, 8.057461, 6547.411133>) used the  ExpansionCarKey to unlock a ExpansionUAZ
18:45:29 [Expansion Quests] - SetupClientData - Got cached player quest data for player with UID: P4SREVjnxT14r_rLUvADVMEcc4qxpGNGtpfxYhxbuoQ=
18:47:25 [Expansion Quests] - SetupClientData - Got cached player quest data for player with UID: CoFE74V8SNNeCRyPCukE2UTBlM4Qe7Hv2NTd8IIPuYI=
18:56:10 [Safezone] Player "Loomio" (id=O51WMdDQzgXORUqSM5snQEXNY_mRJk6JpE3sxZs1430= pos=<4189.276367, 15.258566, 4241.759277>) Entered the safezone
18:56:42 [ATM Locker] Player "Loomio" (id=O51WMdDQzgXORUqSM5snQEXNY_mRJk6JpE3sxZs1430=) has withdrawn 5000 from his ATM account.
18:56:59 [Market] Player "Loomio" (id=O51WMdDQzgXORUqSM5snQEXNY_mRJk6JpE3sxZs1430=) has send a requested to purchase bloodtestkit x1 from the trader "Medicals (Eva [#STR_EXPANSION_MARKET_TRADER_MEDICALS])" in market zone "OUTLIVE Trader" (pos=<4291.589844, 25.247801, 4162.500000>).
18:56:59 [Market] Player "Loomio" (id=O51WMdDQzgXORUqSM5snQEXNY_mRJk6JpE3sxZs1430=) has bought bloodtestkit x1 from the trader "Medicals (Eva [#STR_EXPANSION_MARKET_TRADER_MEDICALS])" in market zone "OUTLIVE Trader" (pos=<4291.589844, 25.247801, 4162.500000>) for a price of 150.
18:57:31 [Market] Player "Loomio" (id=O51WMdDQzgXORUqSM5snQEXNY_mRJk6JpE3sxZs1430=) has send a requested to purchase disinfectantalcohol x1 from the trader "Medicals (Eva [#STR_EXPANSION_MARKET_TRADER_MEDICALS])" in market zone "OUTLIVE Trader" (pos=<4291.589844, 25.247801, 4162.500000>).
18:57:31 [Market] Player "Loomio" (id=O51WMdDQzgXORUqSM5snQEXNY_mRJk6JpE3sxZs1430=) has bought disinfectantalcohol x1 from the trader "Medicals (Eva [#STR_EXPANSION_MARKET_TRADER_MEDICALS])" in market zone "OUTLIVE Trader" (pos=<4291.589844, 25.247801, 4162.500000>) for a price of 800.
18:57:32 [VehicleCarKey] Player "HrabefonVorezprut" (id=J56CBd6WRzt5c58nX9b986Cp2niBSm4n26sMa8FuFaU= pos=<4457.641602, 4.785704, 3090.117920>) used the  ExpansionCarKey to unlock a Expansion_Landrover_Grey
18:58:20 [Market] Player "Loomio" (id=O51WMdDQzgXORUqSM5snQEXNY_mRJk6JpE3sxZs1430=) has send a requested to purchase epinephrine x1 from the trader "Medicals (Eva [#STR_EXPANSION_MARKET_TRADER_MEDICALS])" in market zone "OUTLIVE Trader" (pos=<4291.589844, 25.247801, 4162.500000>).
18:58:20 [Market] Player "Loomio" (id=O51WMdDQzgXORUqSM5snQEXNY_mRJk6JpE3sxZs1430=) has bought epinephrine x1 from the trader "Medicals (Eva [#STR_EXPANSION_MARKET_TRADER_MEDICALS])" in market zone "OUTLIVE Trader" (pos=<4291.589844, 25.247801, 4162.500000>) for a price of 200.
18:58:41 [Safezone] Player "HrabefonVorezprut" (id=J56CBd6WRzt5c58nX9b986Cp2niBSm4n26sMa8FuFaU= pos=<4366.597168, 5.214392, 4058.100830>) Entered the safezone
18:58:46 [MissionAirdrop] An airdrop is heading towards "Prison" (pos=<1399.579956, 0.000000, 9977.769531> type=Random_Prison) with a ExpansionAirdropContainer_Medical
18:58:46 [MissionAirdrop] An airdrop is heading towards "Weitmoos" (pos=<6222.000000, 0.000000, 9723.000000> type=Random_Weitmoos) with a ExpansionAirdropContainer_Military
18:58:55 [Killfeed] Loomio died from #STR_EXPANSION_CHEMICAL_POISON.
18:58:55 [Expansion Quests] - CancelQuestServer - Player with UID O51WMdDQzgXORUqSM5snQEXNY_mRJk6JpE3sxZs1430= has cancelled quest 41
18:58:56 [Expansion Quests] - CancelQuestServer - Player with UID O51WMdDQzgXORUqSM5snQEXNY_mRJk6JpE3sxZs1430= has cancelled quest 18
18:58:56 [Expansion Quests] - CancelQuestServer - Player with UID O51WMdDQzgXORUqSM5snQEXNY_mRJk6JpE3sxZs1430= has cancelled quest 6
18:58:58 [Expansion Quests] - CancelQuestServer - Player with UID O51WMdDQzgXORUqSM5snQEXNY_mRJk6JpE3sxZs1430= has cancelled quest 7
19:00:25 [Expansion Quests] - SetupClientData - Got cached player quest data for player with UID: O51WMdDQzgXORUqSM5snQEXNY_mRJk6JpE3sxZs1430=
19:06:01 [Chat - Global]("TBW//Miguel"(id=CoFE74V8SNNeCRyPCukE2UTBlM4Qe7Hv2NTd8IIPuYI=)): hello
19:06:19 [Chat - Global]("HrabefonVorezprut"(id=J56CBd6WRzt5c58nX9b986Cp2niBSm4n26sMa8FuFaU=)): hola
19:06:24 [Chat - Global]("TBW//Miguel"(id=CoFE74V8SNNeCRyPCukE2UTBlM4Qe7Hv2NTd8IIPuYI=)): hola
19:06:28 [Chat - Global]("TBW//Miguel"(id=CoFE74V8SNNeCRyPCukE2UTBlM4Qe7Hv2NTd8IIPuYI=)): espaol
19:06:48 [Chat - Global]("HrabefonVorezprut"(id=J56CBd6WRzt5c58nX9b986Cp2niBSm4n26sMa8FuFaU=)): noup just like it 
19:07:32 [Chat - Global]("TBW//Miguel"(id=CoFE74V8SNNeCRyPCukE2UTBlM4Qe7Hv2NTd8IIPuYI=)): okey
19:08:47 [VehicleCarKey] Player "HrabefonVorezprut" (id=J56CBd6WRzt5c58nX9b986Cp2niBSm4n26sMa8FuFaU= pos=<4270.687500, 9.984211, 4175.030762>) used the  ExpansionCarKey to lock a ExpansionUAZ
19:12:23 [Safezone] Player "HrabefonVorezprut" (id=J56CBd6WRzt5c58nX9b986Cp2niBSm4n26sMa8FuFaU= pos=<4115.945313, 14.830492, 4357.815918>) Left the safezone
19:16:48 [Killfeed] Loomio got killed by an Infected.
19:17:33 [Expansion Quests] - SetupClientData - Got cached player quest data for player with UID: O51WMdDQzgXORUqSM5snQEXNY_mRJk6JpE3sxZs1430=
19:30:47 [VehicleCarKey] Player "HrabefonVorezprut" (id=J56CBd6WRzt5c58nX9b986Cp2niBSm4n26sMa8FuFaU= pos=<4674.057617, 3.414330, 6088.500000>) used the  ExpansionCarKey to lock a Expansion_Landrover_Grey
