11:04:37 [Safezone] Player "MADness" (id=OWXX6Y-5LFd-7A6ELi2o-QPO0kjmZUMZvMTKL0AQ_q0= pos=<4365.566406, 5.284738, 4056.636963>) Entered the safezone
11:05:00 [Safezone] Player "MADness" (id=OWXX6Y-5LFd-7A6ELi2o-QPO0kjmZUMZvMTKL0AQ_q0= pos=<4052.859619, 18.272470, 4382.535645>) Left the safezone
11:05:15 [Safezone] Player "MADness" (id=OWXX6Y-5LFd-7A6ELi2o-QPO0kjmZUMZvMTKL0AQ_q0= pos=<4189.601074, 15.412652, 4242.901855>) Entered the safezone
11:05:42 [Safezone] Player "MADness" (id=OWXX6Y-5LFd-7A6ELi2o-QPO0kjmZUMZvMTKL0AQ_q0= pos=<4406.495605, 4.356346, 3880.128662>) Left the safezone
11:06:11 [Safezone] Player "D3xt3R" (id=R5QkEcrxtly9KY8lzQxLv6FMruTgXOxuSWhCmf7J-cA= pos=<4362.465820, 4.200983, 4054.502441>) Entered the safezone
11:06:50 [Safezone] Player "D3xt3R" (id=R5QkEcrxtly9KY8lzQxLv6FMruTgXOxuSWhCmf7J-cA= pos=<4344.165039, 4.446678, 3709.076904>) Left the safezone
11:07:24 [MissionAirdrop] An airdrop is heading towards "Schlachtfeld" (pos=<3059.000000, 0.000000, 1707.000000> type=Random_Schlachtfeld) with a ExpansionAirdropContainer_Basebuilding
11:07:24 [MissionAirdrop] An airdrop is heading towards "Schlachtfeld" (pos=<3059.000000, 0.000000, 1707.000000> type=Random_Schlachtfeld) with a ExpansionAirdropContainer_Basebuilding
11:16:35 [Killfeed] D3xt3R was killed by an explosion caused by TennisBall Grenade.
11:36:05 [Safezone] Player "Majky" (id=wvz1jGdA27Eb3vtZqqzBgGv9Su_0oOujtdP3UqN1c-g= pos=<4368.716797, 4.243073, 4057.974121>) Entered the safezone
11:36:50 [Market] Player "Majky" (id=wvz1jGdA27Eb3vtZqqzBgGv9Su_0oOujtdP3UqN1c-g=) has send a requested to sell expansion_awm x1 at the trader "Weapons (Denis [WEAPONS TRADER])" in market zone "OUTLIVE Trader" (pos=<4291.589844, 25.247801, 4162.500000>).
11:36:50 [Market] Player "Majky" (id=wvz1jGdA27Eb3vtZqqzBgGv9Su_0oOujtdP3UqN1c-g=) has sold expansion_awm x1 at the trader "Weapons (Denis [WEAPONS TRADER])" in market zone "OUTLIVE Trader" (pos=<4291.589844, 25.247801, 4162.500000>) and got 4164.
11:37:03 [Market] Player "Majky" (id=wvz1jGdA27Eb3vtZqqzBgGv9Su_0oOujtdP3UqN1c-g=) has send a requested to sell twp_winchester1873 x1 at the trader "Weapons (Denis [WEAPONS TRADER])" in market zone "OUTLIVE Trader" (pos=<4291.589844, 25.247801, 4162.500000>).
11:37:03 [Market] Player "Majky" (id=wvz1jGdA27Eb3vtZqqzBgGv9Su_0oOujtdP3UqN1c-g=) has sold twp_winchester1873 x1 at the trader "Weapons (Denis [WEAPONS TRADER])" in market zone "OUTLIVE Trader" (pos=<4291.589844, 25.247801, 4162.500000>) and got 600.
11:37:47 [Market] Player "Majky" (id=wvz1jGdA27Eb3vtZqqzBgGv9Su_0oOujtdP3UqN1c-g=) has send a requested to sell expansion_mp5sd x1 at the trader "Weapons (Denis [WEAPONS TRADER])" in market zone "OUTLIVE Trader" (pos=<4291.589844, 25.247801, 4162.500000>).
11:37:47 [Market] Player "Majky" (id=wvz1jGdA27Eb3vtZqqzBgGv9Su_0oOujtdP3UqN1c-g=) has sold expansion_mp5sd x1 at the trader "Weapons (Denis [WEAPONS TRADER])" in market zone "OUTLIVE Trader" (pos=<4291.589844, 25.247801, 4162.500000>) and got 600.
11:37:58 [Market] Player "Majky" (id=wvz1jGdA27Eb3vtZqqzBgGv9Su_0oOujtdP3UqN1c-g=) has send a requested to sell expansion_mpx x1 at the trader "Weapons (Denis [WEAPONS TRADER])" in market zone "OUTLIVE Trader" (pos=<4291.589844, 25.247801, 4162.500000>).
11:37:58 [Market] Player "Majky" (id=wvz1jGdA27Eb3vtZqqzBgGv9Su_0oOujtdP3UqN1c-g=) has sold expansion_mpx x1 at the trader "Weapons (Denis [WEAPONS TRADER])" in market zone "OUTLIVE Trader" (pos=<4291.589844, 25.247801, 4162.500000>) and got 350.
11:38:23 [Market] Player "Majky" (id=wvz1jGdA27Eb3vtZqqzBgGv9Su_0oOujtdP3UqN1c-g=) has send a requested to sell twp_honeybadger_mag_40rnd x1 at the trader "Attachments (Oliver [ATTACHMENTS TRADER])" in market zone "OUTLIVE Trader" (pos=<4291.589844, 25.247801, 4162.500000>).
11:38:23 [Market] Player "Majky" (id=wvz1jGdA27Eb3vtZqqzBgGv9Su_0oOujtdP3UqN1c-g=) has sold twp_honeybadger_mag_40rnd x1 at the trader "Attachments (Oliver [ATTACHMENTS TRADER])" in market zone "OUTLIVE Trader" (pos=<4291.589844, 25.247801, 4162.500000>) and got 294.
11:38:26 [Market] Player "Majky" (id=wvz1jGdA27Eb3vtZqqzBgGv9Su_0oOujtdP3UqN1c-g=) has send a requested to sell twp_m200sand_mag_7rnd x1 at the trader "Attachments (Oliver [ATTACHMENTS TRADER])" in market zone "OUTLIVE Trader" (pos=<4291.589844, 25.247801, 4162.500000>).
11:38:26 [Market] Player "Majky" (id=wvz1jGdA27Eb3vtZqqzBgGv9Su_0oOujtdP3UqN1c-g=) has sold twp_m200sand_mag_7rnd x1 at the trader "Attachments (Oliver [ATTACHMENTS TRADER])" in market zone "OUTLIVE Trader" (pos=<4291.589844, 25.247801, 4162.500000>) and got 63.
11:38:29 [Market] Player "Majky" (id=wvz1jGdA27Eb3vtZqqzBgGv9Su_0oOujtdP3UqN1c-g=) has send a requested to sell twp_mcmillancs5_10rnd x1 at the trader "Attachments (Oliver [ATTACHMENTS TRADER])" in market zone "OUTLIVE Trader" (pos=<4291.589844, 25.247801, 4162.500000>).
11:38:29 [Market] Player "Majky" (id=wvz1jGdA27Eb3vtZqqzBgGv9Su_0oOujtdP3UqN1c-g=) has sold twp_mcmillancs5_10rnd x1 at the trader "Attachments (Oliver [ATTACHMENTS TRADER])" in market zone "OUTLIVE Trader" (pos=<4291.589844, 25.247801, 4162.500000>) and got 144.
11:38:31 [Market] Player "Majky" (id=wvz1jGdA27Eb3vtZqqzBgGv9Su_0oOujtdP3UqN1c-g=) has send a requested to sell twp_p2000renegade_mag_16rnd x1 at the trader "Attachments (Oliver [ATTACHMENTS TRADER])" in market zone "OUTLIVE Trader" (pos=<4291.589844, 25.247801, 4162.500000>).
11:38:31 [Market] Player "Majky" (id=wvz1jGdA27Eb3vtZqqzBgGv9Su_0oOujtdP3UqN1c-g=) has sold twp_p2000renegade_mag_16rnd x1 at the trader "Attachments (Oliver [ATTACHMENTS TRADER])" in market zone "OUTLIVE Trader" (pos=<4291.589844, 25.247801, 4162.500000>) and got 116.
11:38:34 [Market] Player "Majky" (id=wvz1jGdA27Eb3vtZqqzBgGv9Su_0oOujtdP3UqN1c-g=) has send a requested to sell twp_sks_mag_20rnd x1 at the trader "Attachments (Oliver [ATTACHMENTS TRADER])" in market zone "OUTLIVE Trader" (pos=<4291.589844, 25.247801, 4162.500000>).
11:38:34 [Market] Player "Majky" (id=wvz1jGdA27Eb3vtZqqzBgGv9Su_0oOujtdP3UqN1c-g=) has sold twp_sks_mag_20rnd x1 at the trader "Attachments (Oliver [ATTACHMENTS TRADER])" in market zone "OUTLIVE Trader" (pos=<4291.589844, 25.247801, 4162.500000>) and got 162.
11:38:52 [Market] Player "Majky" (id=wvz1jGdA27Eb3vtZqqzBgGv9Su_0oOujtdP3UqN1c-g=) has send a requested to sell twp_uspchromatic_supressor x1 at the trader "Attachments (Oliver [ATTACHMENTS TRADER])" in market zone "OUTLIVE Trader" (pos=<4291.589844, 25.247801, 4162.500000>).
11:38:52 [Market] Player "Majky" (id=wvz1jGdA27Eb3vtZqqzBgGv9Su_0oOujtdP3UqN1c-g=) has sold twp_uspchromatic_supressor x1 at the trader "Attachments (Oliver [ATTACHMENTS TRADER])" in market zone "OUTLIVE Trader" (pos=<4291.589844, 25.247801, 4162.500000>) and got 250.
11:39:07 [ATM Locker] Player "Majky" (id=wvz1jGdA27Eb3vtZqqzBgGv9Su_0oOujtdP3UqN1c-g=) has deposited 6743 on his ATM account.
11:39:52 [Market] Player "Majky" (id=wvz1jGdA27Eb3vtZqqzBgGv9Su_0oOujtdP3UqN1c-g=) has send a requested to sell twp_beretta92fs x1 at the trader "Weapons (Denis [WEAPONS TRADER])" in market zone "OUTLIVE Trader" (pos=<4291.589844, 25.247801, 4162.500000>).
11:39:52 [Market] Player "Majky" (id=wvz1jGdA27Eb3vtZqqzBgGv9Su_0oOujtdP3UqN1c-g=) has sold twp_beretta92fs x1 at the trader "Weapons (Denis [WEAPONS TRADER])" in market zone "OUTLIVE Trader" (pos=<4291.589844, 25.247801, 4162.500000>) and got 1200.
11:40:04 [Market] Player "Majky" (id=wvz1jGdA27Eb3vtZqqzBgGv9Su_0oOujtdP3UqN1c-g=) has send a requested to sell twp_marlin x1 at the trader "Weapons (Denis [WEAPONS TRADER])" in market zone "OUTLIVE Trader" (pos=<4291.589844, 25.247801, 4162.500000>).
11:40:05 [Market] Player "Majky" (id=wvz1jGdA27Eb3vtZqqzBgGv9Su_0oOujtdP3UqN1c-g=) has sold twp_marlin x1 at the trader "Weapons (Denis [WEAPONS TRADER])" in market zone "OUTLIVE Trader" (pos=<4291.589844, 25.247801, 4162.500000>) and got 1500.
11:40:28 [ATM Locker] Player "Majky" (id=wvz1jGdA27Eb3vtZqqzBgGv9Su_0oOujtdP3UqN1c-g=) has deposited 2700 on his ATM account.
11:41:03 [ATM Locker] Player "Majky" (id=wvz1jGdA27Eb3vtZqqzBgGv9Su_0oOujtdP3UqN1c-g=) has withdrawn 8000 from his ATM account.
11:41:19 [ATM Locker] Player "Majky" (id=wvz1jGdA27Eb3vtZqqzBgGv9Su_0oOujtdP3UqN1c-g=) has withdrawn 2000 from his ATM account.
11:41:26 [Market] Player "Majky" (id=wvz1jGdA27Eb3vtZqqzBgGv9Su_0oOujtdP3UqN1c-g=) has send a requested to purchase lockpick x1 from the trader "BuildingSupplies (Boris [BUILDING SUPPLIES TRADER])" in market zone "OUTLIVE Trader" (pos=<4291.589844, 25.247801, 4162.500000>).
11:41:26 [Market] Player "Majky" (id=wvz1jGdA27Eb3vtZqqzBgGv9Su_0oOujtdP3UqN1c-g=) has bought lockpick x1 from the trader "BuildingSupplies (Boris [BUILDING SUPPLIES TRADER])" in market zone "OUTLIVE Trader" (pos=<4291.589844, 25.247801, 4162.500000>) for a price of 10000.
11:42:57 [ATM Locker] Player "Majky" (id=wvz1jGdA27Eb3vtZqqzBgGv9Su_0oOujtdP3UqN1c-g=) has withdrawn 750 from his ATM account.
11:43:12 [Market] Player "Majky" (id=wvz1jGdA27Eb3vtZqqzBgGv9Su_0oOujtdP3UqN1c-g=) has send a requested to purchase cp_rollingpapers x1 from the trader "BuildingSupplies (Boris [BUILDING SUPPLIES TRADER])" in market zone "OUTLIVE Trader" (pos=<4291.589844, 25.247801, 4162.500000>).
11:43:12 [Market] Player "Majky" (id=wvz1jGdA27Eb3vtZqqzBgGv9Su_0oOujtdP3UqN1c-g=) has bought cp_rollingpapers x1 from the trader "BuildingSupplies (Boris [BUILDING SUPPLIES TRADER])" in market zone "OUTLIVE Trader" (pos=<4291.589844, 25.247801, 4162.500000>) for a price of 750.
11:43:44 [ATM Locker] Player "Majky" (id=wvz1jGdA27Eb3vtZqqzBgGv9Su_0oOujtdP3UqN1c-g=) has withdrawn 1260 from his ATM account.
11:44:08 [Market] Player "Majky" (id=wvz1jGdA27Eb3vtZqqzBgGv9Su_0oOujtdP3UqN1c-g=) has send a requested to purchase spaghettican x1 from the trader "Consumables (Naomi [CONSUMABLES TRADER])" in market zone "OUTLIVE Trader" (pos=<4291.589844, 25.247801, 4162.500000>).
11:44:08 [Market] Player "Majky" (id=wvz1jGdA27Eb3vtZqqzBgGv9Su_0oOujtdP3UqN1c-g=) has bought spaghettican x1 from the trader "Consumables (Naomi [CONSUMABLES TRADER])" in market zone "OUTLIVE Trader" (pos=<4291.589844, 25.247801, 4162.500000>) for a price of 250.
11:44:10 [Market] Player "Majky" (id=wvz1jGdA27Eb3vtZqqzBgGv9Su_0oOujtdP3UqN1c-g=) has send a requested to purchase spaghettican x1 from the trader "Consumables (Naomi [CONSUMABLES TRADER])" in market zone "OUTLIVE Trader" (pos=<4291.589844, 25.247801, 4162.500000>).
11:44:10 [Market] Player "Majky" (id=wvz1jGdA27Eb3vtZqqzBgGv9Su_0oOujtdP3UqN1c-g=) has bought spaghettican x1 from the trader "Consumables (Naomi [CONSUMABLES TRADER])" in market zone "OUTLIVE Trader" (pos=<4291.589844, 25.247801, 4162.500000>) for a price of 250.
11:44:38 [Market] Player "Majky" (id=wvz1jGdA27Eb3vtZqqzBgGv9Su_0oOujtdP3UqN1c-g=) has send a requested to purchase bakedbeanscan x1 from the trader "Consumables (Naomi [CONSUMABLES TRADER])" in market zone "OUTLIVE Trader" (pos=<4291.589844, 25.247801, 4162.500000>).
11:44:38 [Market] Player "Majky" (id=wvz1jGdA27Eb3vtZqqzBgGv9Su_0oOujtdP3UqN1c-g=) has bought bakedbeanscan x1 from the trader "Consumables (Naomi [CONSUMABLES TRADER])" in market zone "OUTLIVE Trader" (pos=<4291.589844, 25.247801, 4162.500000>) for a price of 250.
11:44:39 [Market] Player "Majky" (id=wvz1jGdA27Eb3vtZqqzBgGv9Su_0oOujtdP3UqN1c-g=) has send a requested to purchase bakedbeanscan x1 from the trader "Consumables (Naomi [CONSUMABLES TRADER])" in market zone "OUTLIVE Trader" (pos=<4291.589844, 25.247801, 4162.500000>).
11:44:39 [Market] Player "Majky" (id=wvz1jGdA27Eb3vtZqqzBgGv9Su_0oOujtdP3UqN1c-g=) has bought bakedbeanscan x1 from the trader "Consumables (Naomi [CONSUMABLES TRADER])" in market zone "OUTLIVE Trader" (pos=<4291.589844, 25.247801, 4162.500000>) for a price of 250.
11:45:32 [Market] Player "Majky" (id=wvz1jGdA27Eb3vtZqqzBgGv9Su_0oOujtdP3UqN1c-g=) has send a requested to purchase greenbellpepper x1 from the trader "Consumables (Naomi [CONSUMABLES TRADER])" in market zone "OUTLIVE Trader" (pos=<4291.589844, 25.247801, 4162.500000>).
11:45:33 [Market] Player "Majky" (id=wvz1jGdA27Eb3vtZqqzBgGv9Su_0oOujtdP3UqN1c-g=) has bought greenbellpepper x1 from the trader "Consumables (Naomi [CONSUMABLES TRADER])" in market zone "OUTLIVE Trader" (pos=<4291.589844, 25.247801, 4162.500000>) for a price of 90.
