16:02:27 [AI Object Patrol] Generating an example config...
16:03:55 [Expansion Quests] - SetupClientData - Loaded existing player quest data for player with UID: 5HGJM4GfzznjUOY_lcVWS3zeQvKgWVOcukrVzOvxsYc=
16:03:55 [Expansion Quests] - PlayerQuestsInit - Create new quest instance for quest: 23 - Creator UID: 5HGJM4GfzznjUOY_lcVWS3zeQvKgWVOcukrVzOvxsYc=
16:04:46 [Expansion Quests] - SetupClientData - Loaded existing player quest data for player with UID: z67WFg-Joo3MekD4H0kXOZXbSI0D6ip7P9dY0J-nUoM=
16:04:46 [Expansion Quests] - PlayerQuestsInit - Create new quest instance for quest: 23 - Creator UID: z67WFg-Joo3MekD4H0kXOZXbSI0D6ip7P9dY0J-nUoM=
16:04:46 [Expansion Quests] - PlayerQuestsInit - Create new quest instance for quest: 85 - Creator UID: z67WFg-Joo3MekD4H0kXOZXbSI0D6ip7P9dY0J-nUoM=
16:07:50 [Expansion Quests] - SetupClientData - Loaded existing player quest data for player with UID: _as2mpidcm2ETxDe4vO9p_hL3BTuR3CWMaI4yFTnxa4=
16:07:50 [Expansion Quests] - PlayerQuestsInit - Create new quest instance for quest: 20 - Creator UID: _as2mpidcm2ETxDe4vO9p_hL3BTuR3CWMaI4yFTnxa4=
16:07:50 [Expansion Quests] - PlayerQuestsInit - Create new quest instance for quest: 23 - Creator UID: _as2mpidcm2ETxDe4vO9p_hL3BTuR3CWMaI4yFTnxa4=
16:07:50 [Expansion Quests] - PlayerQuestsInit - Create new quest instance for quest: 11 - Creator UID: _as2mpidcm2ETxDe4vO9p_hL3BTuR3CWMaI4yFTnxa4=
16:07:50 [Expansion Quests] - PlayerQuestsInit - Create new quest instance for quest: 12 - Creator UID: _as2mpidcm2ETxDe4vO9p_hL3BTuR3CWMaI4yFTnxa4=
16:07:50 [Expansion Quests] - PlayerQuestsInit - Create new quest instance for quest: 13 - Creator UID: _as2mpidcm2ETxDe4vO9p_hL3BTuR3CWMaI4yFTnxa4=
16:07:50 [Expansion Quests] - PlayerQuestsInit - Create new quest instance for quest: 6 - Creator UID: _as2mpidcm2ETxDe4vO9p_hL3BTuR3CWMaI4yFTnxa4=
16:07:50 [Expansion Quests] - PlayerQuestsInit - Create new quest instance for quest: 7 - Creator UID: _as2mpidcm2ETxDe4vO9p_hL3BTuR3CWMaI4yFTnxa4=
16:07:50 [Expansion Quests] - PlayerQuestsInit - Create new quest instance for quest: 10 - Creator UID: _as2mpidcm2ETxDe4vO9p_hL3BTuR3CWMaI4yFTnxa4=
16:07:50 [Expansion Quests] - PlayerQuestsInit - Create new quest instance for quest: 41 - Creator UID: _as2mpidcm2ETxDe4vO9p_hL3BTuR3CWMaI4yFTnxa4=
16:07:50 [Expansion Quests] - PlayerQuestsInit - Create new quest instance for quest: 18 - Creator UID: _as2mpidcm2ETxDe4vO9p_hL3BTuR3CWMaI4yFTnxa4=
16:07:50 [Expansion Quests] - PlayerQuestsInit - Create new quest instance for quest: 82 - Creator UID: _as2mpidcm2ETxDe4vO9p_hL3BTuR3CWMaI4yFTnxa4=
16:07:51 [VehicleCarKey] Player "[Chill] Rehy_CZ" (id=z67WFg-Joo3MekD4H0kXOZXbSI0D6ip7P9dY0J-nUoM= pos=<4703.645508, 84.940773, 7132.229980>) used the  ExpansionCarKey to unlock a CivilianSedan
16:08:01 [VehicleEnter] Player [Chill] Rehy_CZ [uid=z67WFg-Joo3MekD4H0kXOZXbSI0D6ip7P9dY0J-nUoM=] entered vehicle Olga 24 (pos=<4704.727539, 85.095886, 7131.174805>, type=CivilianSedan) as driver
16:08:02 [Expansion Quests] - SetupClientData - Loaded existing player quest data for player with UID: htCDnLpFFf_5M--EE2Ozogwz4CTNBchyoCFouXFMQFU=
16:08:02 [Expansion Quests] - PlayerQuestsInit - Create new quest instance for quest: 23 - Creator UID: htCDnLpFFf_5M--EE2Ozogwz4CTNBchyoCFouXFMQFU=
16:08:09 [VehicleLeave] Player [Chill] Rehy_CZ [uid=z67WFg-Joo3MekD4H0kXOZXbSI0D6ip7P9dY0J-nUoM=] left vehicle Olga 24 (pos=<4704.727539, 85.097939, 7131.174805>, type=CivilianSedan)
16:08:16 [VehicleEnter] Player [CHILL]Wesan [uid=_as2mpidcm2ETxDe4vO9p_hL3BTuR3CWMaI4yFTnxa4=] entered vehicle Olga 24 (pos=<4704.727539, 85.097900, 7131.174805>, type=CivilianSedan) as passenger
16:08:31 [VehicleEnter] Player Honan  [uid=htCDnLpFFf_5M--EE2Ozogwz4CTNBchyoCFouXFMQFU=] entered vehicle Olga 24 (pos=<4704.727539, 85.095390, 7131.174805>, type=CivilianSedan) as driver
16:08:36 [VehicleEngine] Player Honan  [uid=htCDnLpFFf_5M--EE2Ozogwz4CTNBchyoCFouXFMQFU=] started vehicle Olga 24 (pos=<4704.728027, 85.098389, 7131.174316>, type=CivilianSedan)
16:09:04 [MissionAirdrop] An airdrop is heading towards "Stein" (pos=<4619.000000, 0.000000, 7618.000000> type=Random_Stein) with a ExpansionAirdropContainer_Military
16:09:04 [MissionAirdrop] An airdrop is heading towards "Stein" (pos=<4619.000000, 0.000000, 7618.000000> type=Random_Stein) with a ExpansionAirdropContainer_Military
16:09:11 [VehicleEnter] Player [Chill] Rehy_CZ [uid=z67WFg-Joo3MekD4H0kXOZXbSI0D6ip7P9dY0J-nUoM=] entered vehicle Olga 24 (pos=<4676.683105, 80.667786, 7172.167480>, type=CivilianSedan) as passenger
16:11:36 [VehicleLeave] Player [Chill] Rehy_CZ [uid=z67WFg-Joo3MekD4H0kXOZXbSI0D6ip7P9dY0J-nUoM=] left vehicle Olga 24 (pos=<4983.632324, 13.297365, 6455.499512>, type=CivilianSedan)
16:11:52 [VehicleLeave] Player Honan  [uid=htCDnLpFFf_5M--EE2Ozogwz4CTNBchyoCFouXFMQFU=] left vehicle Olga 24 (pos=<4967.343262, 13.518911, 6427.338867>, type=CivilianSedan)
16:12:27 [VehicleLeave] Player [CHILL]Wesan [uid=_as2mpidcm2ETxDe4vO9p_hL3BTuR3CWMaI4yFTnxa4=] left vehicle Olga 24 (pos=<4967.343262, 13.518918, 6427.338867>, type=CivilianSedan)
16:15:26 [VehicleEnter] Player [CHILL]Wesan [uid=_as2mpidcm2ETxDe4vO9p_hL3BTuR3CWMaI4yFTnxa4=] entered vehicle Olga 24 (pos=<4967.343262, 13.518918, 6427.338867>, type=CivilianSedan) as passenger
16:15:40 [VehicleEnter] Player [Chill] Rehy_CZ [uid=z67WFg-Joo3MekD4H0kXOZXbSI0D6ip7P9dY0J-nUoM=] entered vehicle Olga 24 (pos=<4967.343262, 13.518918, 6427.338867>, type=CivilianSedan) as passenger
16:15:46 [VehicleEnter] Player Honan  [uid=htCDnLpFFf_5M--EE2Ozogwz4CTNBchyoCFouXFMQFU=] entered vehicle Olga 24 (pos=<4967.343262, 13.516402, 6427.338867>, type=CivilianSedan) as driver
16:15:49 [VehicleEngine] Player Honan  [uid=htCDnLpFFf_5M--EE2Ozogwz4CTNBchyoCFouXFMQFU=] started vehicle Olga 24 (pos=<4967.343262, 13.518921, 6427.338867>, type=CivilianSedan)
16:17:04 [Safezone] Player "StaryKojot" (id=_uJkEyflAFEKMpkKqdLWoQHEfGiapl6KlgBZ_xRI58A= pos=<4358.541016, 1.464666, 4179.359375>) Entered the safezone
16:17:04 [Expansion Quests] - SetupClientData - Loaded existing player quest data for player with UID: _uJkEyflAFEKMpkKqdLWoQHEfGiapl6KlgBZ_xRI58A=
16:17:04 [Expansion Quests] - PlayerQuestsInit - Create new quest instance for quest: 23 - Creator UID: _uJkEyflAFEKMpkKqdLWoQHEfGiapl6KlgBZ_xRI58A=
16:17:50 [VehicleEnter] Player StaryKojot [uid=_uJkEyflAFEKMpkKqdLWoQHEfGiapl6KlgBZ_xRI58A=] entered vehicle RHIB (pos=<4403.865723, -0.321193, 4205.237305>, type=ExpansionUtilityBoat) as driver
16:17:55 [VehicleLeave] Player StaryKojot [uid=_uJkEyflAFEKMpkKqdLWoQHEfGiapl6KlgBZ_xRI58A=] left vehicle RHIB (pos=<4403.868164, -0.003702, 4205.237793>, type=ExpansionUtilityBoat)
16:19:45 [Market] Player "StaryKojot" (id=_uJkEyflAFEKMpkKqdLWoQHEfGiapl6KlgBZ_xRI58A=) has send a requested to sell expansionutilityboat x1 at the trader "Boats (Rolf [#STR_EXPANSION_MARKET_TRADER_BOATS])" in market zone "OUTLIVE Trader" (pos=<4291.589844, 25.247801, 4162.500000>).
16:19:46 [VehicleDeleted] Vehicle ExpansionUtilityBoat deleted! (pos=<4403.868164, -0.063144, 4205.238281>)
16:19:46 [Market] Player "StaryKojot" (id=_uJkEyflAFEKMpkKqdLWoQHEfGiapl6KlgBZ_xRI58A=) has sold expansionutilityboat x1 at the trader "Boats (Rolf [#STR_EXPANSION_MARKET_TRADER_BOATS])" in market zone "OUTLIVE Trader" (pos=<4291.589844, 25.247801, 4162.500000>) and got 15418.
16:20:28 [VehicleLeave] Player [Chill] Rehy_CZ [uid=z67WFg-Joo3MekD4H0kXOZXbSI0D6ip7P9dY0J-nUoM=] left vehicle Olga 24 (pos=<2217.997070, 53.743610, 5490.429688>, type=CivilianSedan)
16:21:36 [VehicleEngine] Player Honan  [uid=htCDnLpFFf_5M--EE2Ozogwz4CTNBchyoCFouXFMQFU=] stopped vehicle Olga 24 (pos=<2284.075684, 56.614304, 5208.835938>, type=CivilianSedan)
16:21:39 [VehicleLeave] Player Honan  [uid=htCDnLpFFf_5M--EE2Ozogwz4CTNBchyoCFouXFMQFU=] left vehicle Olga 24 (pos=<2284.075928, 56.614296, 5208.835938>, type=CivilianSedan)
16:21:44 [ATM] Player "StaryKojot" (id=_uJkEyflAFEKMpkKqdLWoQHEfGiapl6KlgBZ_xRI58A=) has withdrawn 50000 from his ATM account.
16:22:11 [Expansion Quests] - SetupClientData - Got cached player quest data for player with UID: _as2mpidcm2ETxDe4vO9p_hL3BTuR3CWMaI4yFTnxa4=
16:22:37 [VehicleEnter] Player [CHILL]Wesan [uid=_as2mpidcm2ETxDe4vO9p_hL3BTuR3CWMaI4yFTnxa4=] entered vehicle Olga 24 (pos=<2284.075928, 56.614269, 5208.835938>, type=CivilianSedan) as passenger
16:22:47 [VehicleEnter] Player Honan  [uid=htCDnLpFFf_5M--EE2Ozogwz4CTNBchyoCFouXFMQFU=] entered vehicle Olga 24 (pos=<2284.075928, 56.611771, 5208.835938>, type=CivilianSedan) as driver
16:22:48 [VehicleEngine] Player Honan  [uid=htCDnLpFFf_5M--EE2Ozogwz4CTNBchyoCFouXFMQFU=] started vehicle Olga 24 (pos=<2284.075684, 56.614307, 5208.835938>, type=CivilianSedan)
16:23:03 [VehicleEnter] Player [Chill] Rehy_CZ [uid=z67WFg-Joo3MekD4H0kXOZXbSI0D6ip7P9dY0J-nUoM=] entered vehicle Olga 24 (pos=<2285.865967, 58.030643, 5172.831543>, type=CivilianSedan) as passenger
16:23:30 [Market] Player "StaryKojot" (id=_uJkEyflAFEKMpkKqdLWoQHEfGiapl6KlgBZ_xRI58A=) has send a requested to purchase expansionzodiacboat_black x1 from the trader "Boats (Rolf [#STR_EXPANSION_MARKET_TRADER_BOATS])" in market zone "OUTLIVE Trader" (pos=<4291.589844, 25.247801, 4162.500000>).
16:23:30 [VehicleDeleted] Vehicle ExpansionZodiacBoat_Black deleted! (pos=<0.000000, 0.000000, 0.000000>)
16:23:30 [Market] Player "StaryKojot" (id=_uJkEyflAFEKMpkKqdLWoQHEfGiapl6KlgBZ_xRI58A=) has bought expansionzodiacboat_black x1 from the trader "Boats (Rolf [#STR_EXPANSION_MARKET_TRADER_BOATS])" in market zone "OUTLIVE Trader" (pos=<4291.589844, 25.247801, 4162.500000>) for a price of 26000.
16:23:47 [Market] Player "StaryKojot" (id=_uJkEyflAFEKMpkKqdLWoQHEfGiapl6KlgBZ_xRI58A=) has send a requested to purchase expansioncarkey x1 from the trader "Boats (Rolf [#STR_EXPANSION_MARKET_TRADER_BOATS])" in market zone "OUTLIVE Trader" (pos=<4291.589844, 25.247801, 4162.500000>).
16:23:47 [Market] Player "StaryKojot" (id=_uJkEyflAFEKMpkKqdLWoQHEfGiapl6KlgBZ_xRI58A=) has bought expansioncarkey x1 from the trader "Boats (Rolf [#STR_EXPANSION_MARKET_TRADER_BOATS])" in market zone "OUTLIVE Trader" (pos=<4291.589844, 25.247801, 4162.500000>) for a price of 500.
16:23:47 [Market] Player "StaryKojot" (id=_uJkEyflAFEKMpkKqdLWoQHEfGiapl6KlgBZ_xRI58A=) has send a requested to purchase expansioncarkey x1 from the trader "Boats (Rolf [#STR_EXPANSION_MARKET_TRADER_BOATS])" in market zone "OUTLIVE Trader" (pos=<4291.589844, 25.247801, 4162.500000>).
16:23:47 [Market] Player "StaryKojot" (id=_uJkEyflAFEKMpkKqdLWoQHEfGiapl6KlgBZ_xRI58A=) has bought expansioncarkey x1 from the trader "Boats (Rolf [#STR_EXPANSION_MARKET_TRADER_BOATS])" in market zone "OUTLIVE Trader" (pos=<4291.589844, 25.247801, 4162.500000>) for a price of 500.
16:25:05 [VehicleCarKey] Player "StaryKojot" (id=_uJkEyflAFEKMpkKqdLWoQHEfGiapl6KlgBZ_xRI58A= pos=<4405.839844, 0.762112, 4174.767578>) used the  ExpansionCarKey to unlock a ExpansionZodiacBoat_Black
16:25:25 [VehicleEnter] Player StaryKojot [uid=_uJkEyflAFEKMpkKqdLWoQHEfGiapl6KlgBZ_xRI58A=] entered vehicle PBX (pos=<4406.100098, 0.485304, 4175.229980>, type=ExpansionZodiacBoat_Black) as driver
16:25:32 [VehicleEngine] Player StaryKojot [uid=_uJkEyflAFEKMpkKqdLWoQHEfGiapl6KlgBZ_xRI58A=] started vehicle PBX (pos=<4406.100098, 0.018203, 4175.229980>, type=ExpansionZodiacBoat_Black)
16:25:48 [Safezone] Player "StaryKojot" (id=_uJkEyflAFEKMpkKqdLWoQHEfGiapl6KlgBZ_xRI58A= pos=<4491.151367, 0.889599, 4109.959961>) Left the safezone
16:27:41 [VehicleLeave] Player [Chill] Rehy_CZ [uid=z67WFg-Joo3MekD4H0kXOZXbSI0D6ip7P9dY0J-nUoM=] left vehicle Olga 24 (pos=<2491.208252, 28.171902, 3194.316162>, type=CivilianSedan)
16:28:11 [VehicleLeave] Player [CHILL]Wesan [uid=_as2mpidcm2ETxDe4vO9p_hL3BTuR3CWMaI4yFTnxa4=] left vehicle Olga 24 (pos=<2491.207520, 28.172312, 3194.316406>, type=CivilianSedan)
16:28:19 [Expansion Quests] - SetupClientData - Got cached player quest data for player with UID: htCDnLpFFf_5M--EE2Ozogwz4CTNBchyoCFouXFMQFU=
16:29:27 [Expansion Quests] - SetupClientData - Got cached player quest data for player with UID: z67WFg-Joo3MekD4H0kXOZXbSI0D6ip7P9dY0J-nUoM=
16:31:46 [VehicleEnter] Player Honan  [uid=htCDnLpFFf_5M--EE2Ozogwz4CTNBchyoCFouXFMQFU=] entered vehicle Olga 24 (pos=<2491.207520, 28.169802, 3194.316406>, type=CivilianSedan) as driver
16:31:49 [VehicleEngine] Player Honan  [uid=htCDnLpFFf_5M--EE2Ozogwz4CTNBchyoCFouXFMQFU=] started vehicle Olga 24 (pos=<2491.207031, 28.172377, 3194.316650>, type=CivilianSedan)
16:31:58 [VehicleEnter] Player [CHILL]Wesan [uid=_as2mpidcm2ETxDe4vO9p_hL3BTuR3CWMaI4yFTnxa4=] entered vehicle Olga 24 (pos=<2491.206787, 28.172344, 3194.316895>, type=CivilianSedan) as passenger
16:33:16 [VehicleEngine] Player StaryKojot [uid=_uJkEyflAFEKMpkKqdLWoQHEfGiapl6KlgBZ_xRI58A=] stopped vehicle PBX (pos=<5012.300293, 0.209842, 692.664429>, type=ExpansionZodiacBoat_Black)
16:33:19 [VehicleLeave] Player StaryKojot [uid=_uJkEyflAFEKMpkKqdLWoQHEfGiapl6KlgBZ_xRI58A=] left vehicle PBX (pos=<5012.009277, 0.568595, 692.694458>, type=ExpansionZodiacBoat_Black)
16:34:18 [VehicleLeave] Player Honan  [uid=htCDnLpFFf_5M--EE2Ozogwz4CTNBchyoCFouXFMQFU=] left vehicle Olga 24 (pos=<3041.057861, 23.478813, 3736.349854>, type=CivilianSedan)
16:34:18 [VehicleLeave] Player [CHILL]Wesan [uid=_as2mpidcm2ETxDe4vO9p_hL3BTuR3CWMaI4yFTnxa4=] left vehicle Olga 24 (pos=<3041.057861, 23.478836, 3736.349854>, type=CivilianSedan)
16:35:47 [VehicleEnter] Player Honan  [uid=htCDnLpFFf_5M--EE2Ozogwz4CTNBchyoCFouXFMQFU=] entered vehicle Olga 24 (pos=<3041.057617, 23.476336, 3736.349854>, type=CivilianSedan) as driver
16:35:50 [VehicleEngine] Player Honan  [uid=htCDnLpFFf_5M--EE2Ozogwz4CTNBchyoCFouXFMQFU=] started vehicle Olga 24 (pos=<3041.057373, 23.478981, 3736.349609>, type=CivilianSedan)
16:36:22 [VehicleCarKey] Player "StaryKojot" (id=_uJkEyflAFEKMpkKqdLWoQHEfGiapl6KlgBZ_xRI58A= pos=<5011.287109, 0.985256, 692.625488>) used the  ExpansionCarKey to lock a ExpansionZodiacBoat_Black
16:37:21 [VehicleEngine] Player Honan  [uid=htCDnLpFFf_5M--EE2Ozogwz4CTNBchyoCFouXFMQFU=] stopped vehicle Olga 24 (pos=<3376.802246, 29.179705, 3422.221191>, type=CivilianSedan)
16:37:24 [VehicleLeave] Player Honan  [uid=htCDnLpFFf_5M--EE2Ozogwz4CTNBchyoCFouXFMQFU=] left vehicle Olga 24 (pos=<3376.801514, 29.165134, 3422.218750>, type=CivilianSedan)
16:40:19 [CodeLockRaiding] ExpansionCodelock (<3392.158447, 30.455196, 3412.048096>) Code set by player "[Chill] Rehy_CZ" (ID = "z67WFg-Joo3MekD4H0kXOZXbSI0D6ip7P9dY0J-nUoM=" at <3390.945068, 30.455090, 3410.996094>) and the code is 1988
16:51:30 [Expansion Quests] - SetupClientData - Loaded existing player quest data for player with UID: iyN6JbNqEvHMp_A5zeXvCmCy1_EaihIFwZocZ4y6-LM=
16:51:30 [Expansion Quests] - PlayerQuestsInit - Create new quest instance for quest: 20 - Creator UID: iyN6JbNqEvHMp_A5zeXvCmCy1_EaihIFwZocZ4y6-LM=
16:51:30 [Expansion Quests] - PlayerQuestsInit - Create new quest instance for quest: 23 - Creator UID: iyN6JbNqEvHMp_A5zeXvCmCy1_EaihIFwZocZ4y6-LM=
17:08:02 [Expansion Quests] - SetupClientData - Loaded existing player quest data for player with UID: u7jy1hFXeX-3C-ubChAdh59YiiyuY16LDVnTQIqtPmk=
17:08:02 [Expansion Quests] - PlayerQuestsInit - Create new quest instance for quest: 23 - Creator UID: u7jy1hFXeX-3C-ubChAdh59YiiyuY16LDVnTQIqtPmk=
17:11:23 [Chat - Global]("P@lko2265"(id=iyN6JbNqEvHMp_A5zeXvCmCy1_EaihIFwZocZ4y6-LM=)): zdarec
17:11:52 [VehicleCarKey] Player "P@lko2265" (id=iyN6JbNqEvHMp_A5zeXvCmCy1_EaihIFwZocZ4y6-LM= pos=<4374.220215, 1.943891, 5953.375488>) used the  ExpansionCarKey to unlock a ExpansionGyrocopter
17:11:57 [VehicleEnter] Player P@lko2265 [uid=iyN6JbNqEvHMp_A5zeXvCmCy1_EaihIFwZocZ4y6-LM=] entered vehicle Gyrocopter (pos=<4375.986816, 2.036532, 5953.288574>, type=ExpansionGyrocopter) as pilot
17:12:03 [VehicleEngine] Player P@lko2265 [uid=iyN6JbNqEvHMp_A5zeXvCmCy1_EaihIFwZocZ4y6-LM=] started vehicle Gyrocopter (pos=<4375.979004, 2.039210, 5953.301270>, type=ExpansionGyrocopter)
17:14:19 [VehicleLeave] Player P@lko2265 [uid=iyN6JbNqEvHMp_A5zeXvCmCy1_EaihIFwZocZ4y6-LM=] left vehicle Gyrocopter (pos=<5128.538086, 6.075623, 6396.064941>, type=ExpansionGyrocopter)
17:15:09 [VehicleCarKey] Player "P@lko2265" (id=iyN6JbNqEvHMp_A5zeXvCmCy1_EaihIFwZocZ4y6-LM= pos=<5128.256836, 5.926616, 6394.731934>) used the  ExpansionCarKey to lock a ExpansionGyrocopter
17:15:37 [Chat - Global]("[Chill] Rehy_CZ"(id=z67WFg-Joo3MekD4H0kXOZXbSI0D6ip7P9dY0J-nUoM=)): Ahoj
17:15:56 [Expansion Quests] - SetupClientData - Got cached player quest data for player with UID: 5HGJM4GfzznjUOY_lcVWS3zeQvKgWVOcukrVzOvxsYc=
17:15:56 [Expansion Quests] - PlayerQuestsInit - Create new quest instance for quest: 23 - Creator UID: 5HGJM4GfzznjUOY_lcVWS3zeQvKgWVOcukrVzOvxsYc=
17:15:59 [Chat - Global]("Bflame"(id=u7jy1hFXeX-3C-ubChAdh59YiiyuY16LDVnTQIqtPmk=)): sevas
17:20:42 [VehicleCarKey] Player "P@lko2265" (id=iyN6JbNqEvHMp_A5zeXvCmCy1_EaihIFwZocZ4y6-LM= pos=<5127.399414, 5.891544, 6394.572266>) used the  ExpansionCarKey to unlock a ExpansionGyrocopter
17:20:47 [VehicleEnter] Player P@lko2265 [uid=iyN6JbNqEvHMp_A5zeXvCmCy1_EaihIFwZocZ4y6-LM=] entered vehicle Gyrocopter (pos=<5128.515625, 6.063734, 6396.062500>, type=ExpansionGyrocopter) as pilot
17:20:50 [VehicleEngine] Player P@lko2265 [uid=iyN6JbNqEvHMp_A5zeXvCmCy1_EaihIFwZocZ4y6-LM=] started vehicle Gyrocopter (pos=<5128.515137, 6.062849, 6396.062012>, type=ExpansionGyrocopter)
17:22:24 [MissionAirdrop] An airdrop is heading towards "Atomkraftwerk" (pos=<3099.000000, 0.000000, 8394.000000> type=Random_Atomkraftwerk) with a ExpansionAirdropContainer_Military
17:23:56 [VehicleEngine] Player P@lko2265 [uid=iyN6JbNqEvHMp_A5zeXvCmCy1_EaihIFwZocZ4y6-LM=] stopped vehicle Gyrocopter (pos=<7069.918457, 28.403488, 5852.686035>, type=ExpansionGyrocopter)
17:24:01 [VehicleLeave] Player P@lko2265 [uid=iyN6JbNqEvHMp_A5zeXvCmCy1_EaihIFwZocZ4y6-LM=] left vehicle Gyrocopter (pos=<7069.918945, 28.403143, 5852.690918>, type=ExpansionGyrocopter)
17:26:14 [VehicleCarKey] Player "P@lko2265" (id=iyN6JbNqEvHMp_A5zeXvCmCy1_EaihIFwZocZ4y6-LM= pos=<7069.221191, 28.387577, 5851.172363>) used the  ExpansionCarKey to lock a ExpansionGyrocopter
17:53:39 [Expansion Quests] - SetupClientData - Loaded existing player quest data for player with UID: OWXX6Y-5LFd-7A6ELi2o-QPO0kjmZUMZvMTKL0AQ_q0=
17:53:39 [Expansion Quests] - PlayerQuestsInit - Create new quest instance for quest: 23 - Creator UID: OWXX6Y-5LFd-7A6ELi2o-QPO0kjmZUMZvMTKL0AQ_q0=
17:54:11 [Chat - Global]("MADness"(id=OWXX6Y-5LFd-7A6ELi2o-QPO0kjmZUMZvMTKL0AQ_q0=)): Dobrý podvečer
18:05:15 [Chat - Global]("[Chill] Rehy_CZ"(id=z67WFg-Joo3MekD4H0kXOZXbSI0D6ip7P9dY0J-nUoM=)): Zdravim :)
18:14:50 [Safezone] Player "[Chill] Rehy_CZ" (id=z67WFg-Joo3MekD4H0kXOZXbSI0D6ip7P9dY0J-nUoM= pos=<4230.375488, 18.224411, 4047.834229>) Entered the safezone
18:14:56 [Expansion Quests] - SetupClientData - Got cached player quest data for player with UID: _uJkEyflAFEKMpkKqdLWoQHEfGiapl6KlgBZ_xRI58A=
18:14:56 [Expansion Quests] - PlayerQuestsInit - Create new quest instance for quest: 23 - Creator UID: _uJkEyflAFEKMpkKqdLWoQHEfGiapl6KlgBZ_xRI58A=
18:15:48 [Market] Player "[Chill] Rehy_CZ" (id=z67WFg-Joo3MekD4H0kXOZXbSI0D6ip7P9dY0J-nUoM=) has send a requested to sell ak101 x1 at the trader "Weapons (Denis [#STR_EXPANSION_MARKET_TRADER_WEAPONS])" in market zone "OUTLIVE Trader" (pos=<4291.589844, 25.247801, 4162.500000>).
18:15:48 [Market] Player "[Chill] Rehy_CZ" (id=z67WFg-Joo3MekD4H0kXOZXbSI0D6ip7P9dY0J-nUoM=) has sold ak101 x1 at the trader "Weapons (Denis [#STR_EXPANSION_MARKET_TRADER_WEAPONS])" in market zone "OUTLIVE Trader" (pos=<4291.589844, 25.247801, 4162.500000>) and got 1120.
18:15:55 [Market] Player "[Chill] Rehy_CZ" (id=z67WFg-Joo3MekD4H0kXOZXbSI0D6ip7P9dY0J-nUoM=) has send a requested to sell expansion_longhorn x1 at the trader "Weapons (Denis [#STR_EXPANSION_MARKET_TRADER_WEAPONS])" in market zone "OUTLIVE Trader" (pos=<4291.589844, 25.247801, 4162.500000>).
18:15:55 [Market] Player "[Chill] Rehy_CZ" (id=z67WFg-Joo3MekD4H0kXOZXbSI0D6ip7P9dY0J-nUoM=) has sold expansion_longhorn x1 at the trader "Weapons (Denis [#STR_EXPANSION_MARKET_TRADER_WEAPONS])" in market zone "OUTLIVE Trader" (pos=<4291.589844, 25.247801, 4162.500000>) and got 190.
18:16:11 [Market] Player "[Chill] Rehy_CZ" (id=z67WFg-Joo3MekD4H0kXOZXbSI0D6ip7P9dY0J-nUoM=) has send a requested to sell mag_ak101_30rnd x1 at the trader "Attachments (Oliver [#STR_EXPANSION_MARKET_TRADER_ATTACHMENTS])" in market zone "OUTLIVE Trader" (pos=<4291.589844, 25.247801, 4162.500000>).
18:16:11 [Market] Player "[Chill] Rehy_CZ" (id=z67WFg-Joo3MekD4H0kXOZXbSI0D6ip7P9dY0J-nUoM=) has sold mag_ak101_30rnd x1 at the trader "Attachments (Oliver [#STR_EXPANSION_MARKET_TRADER_ATTACHMENTS])" in market zone "OUTLIVE Trader" (pos=<4291.589844, 25.247801, 4162.500000>) and got 55.
18:16:17 [Market] Player "[Chill] Rehy_CZ" (id=z67WFg-Joo3MekD4H0kXOZXbSI0D6ip7P9dY0J-nUoM=) has send a requested to sell twp_ak12_mag_30rnd x1 at the trader "Attachments (Oliver [#STR_EXPANSION_MARKET_TRADER_ATTACHMENTS])" in market zone "OUTLIVE Trader" (pos=<4291.589844, 25.247801, 4162.500000>).
18:16:17 [Market] Player "[Chill] Rehy_CZ" (id=z67WFg-Joo3MekD4H0kXOZXbSI0D6ip7P9dY0J-nUoM=) has sold twp_ak12_mag_30rnd x1 at the trader "Attachments (Oliver [#STR_EXPANSION_MARKET_TRADER_ATTACHMENTS])" in market zone "OUTLIVE Trader" (pos=<4291.589844, 25.247801, 4162.500000>) and got 180.
18:16:26 [Market] Player "[Chill] Rehy_CZ" (id=z67WFg-Joo3MekD4H0kXOZXbSI0D6ip7P9dY0J-nUoM=) has send a requested to sell twp_m4a1_mag_35rnd x1 at the trader "Attachments (Oliver [#STR_EXPANSION_MARKET_TRADER_ATTACHMENTS])" in market zone "OUTLIVE Trader" (pos=<4291.589844, 25.247801, 4162.500000>).
18:16:26 [Market] Player "[Chill] Rehy_CZ" (id=z67WFg-Joo3MekD4H0kXOZXbSI0D6ip7P9dY0J-nUoM=) has sold twp_m4a1_mag_35rnd x1 at the trader "Attachments (Oliver [#STR_EXPANSION_MARKET_TRADER_ATTACHMENTS])" in market zone "OUTLIVE Trader" (pos=<4291.589844, 25.247801, 4162.500000>) and got 210.
18:16:47 [ATM] Player "[Chill] Rehy_CZ" (id=z67WFg-Joo3MekD4H0kXOZXbSI0D6ip7P9dY0J-nUoM=) has withdrawn 40000 from his ATM account.
18:17:13 [Market] Player "[Chill] Rehy_CZ" (id=z67WFg-Joo3MekD4H0kXOZXbSI0D6ip7P9dY0J-nUoM=) has send a requested to sell mad_ghillieatt_lightpink x1 at the trader "Clothing (Linda [#STR_EXPANSION_MARKET_TRADER_CLOTHING])" in market zone "OUTLIVE Trader" (pos=<4291.589844, 25.247801, 4162.500000>).
18:17:13 [Market] Player "[Chill] Rehy_CZ" (id=z67WFg-Joo3MekD4H0kXOZXbSI0D6ip7P9dY0J-nUoM=) has sold mad_ghillieatt_lightpink x1 at the trader "Clothing (Linda [#STR_EXPANSION_MARKET_TRADER_CLOTHING])" in market zone "OUTLIVE Trader" (pos=<4291.589844, 25.247801, 4162.500000>) and got 800.
18:18:17 [Chat - Global]("StaryKojot"(id=_uJkEyflAFEKMpkKqdLWoQHEfGiapl6KlgBZ_xRI58A=)): cus lidi
18:18:44 [Chat - Global]("StaryKojot"(id=_uJkEyflAFEKMpkKqdLWoQHEfGiapl6KlgBZ_xRI58A=)): odlognete se bude treba aktualizovat mod
18:19:07 [Chat - Global]("StaryKojot"(id=_uJkEyflAFEKMpkKqdLWoQHEfGiapl6KlgBZ_xRI58A=)): Jinak vás prej odlogne admin
18:19:51 [Chat - Global]("Bflame"(id=u7jy1hFXeX-3C-ubChAdh59YiiyuY16LDVnTQIqtPmk=)): sakra teraz ked som nasiel 2 craty... :)
18:20:05 [Chat - Global]("StaryKojot"(id=_uJkEyflAFEKMpkKqdLWoQHEfGiapl6KlgBZ_xRI58A=)): tak delej
