20:56:02 [Safezone] Player "Rikinoo" (id=R5QkEcrxtly9KY8lzQxLv6FMruTgXOxuSWhCmf7J-cA= pos=<4267.250000, 8.545469, 4160.496582>) Entered the safezone
20:57:18 [Safezone] Player "Rikinoo" (id=R5QkEcrxtly9KY8lzQxLv6FMruTgXOxuSWhCmf7J-cA= pos=<297.154907, 494.268616, 6697.796387>) Left the safezone
21:01:04 [MissionAirdrop] An airdrop is heading towards "SouthEast" (pos=<7892.000000, 0.000000, 1340.000000> type=Random_SouthEast) with a ExpansionAirdropContainer_Basebuilding
21:01:04 [MissionAirdrop] An airdrop is heading towards "Weitmoos" (pos=<6222.000000, 0.000000, 9723.000000> type=Random_Weitmoos) with a ExpansionAirdropContainer_Military
21:08:27 [VehicleCarKey] Player "Majky" (id=wvz1jGdA27Eb3vtZqqzBgGv9Su_0oOujtdP3UqN1c-g= pos=<3457.586426, 3.613403, 5361.050781>) used the  ExpansionCarKey to unlock a CrSk_Hummer_H2_6x6_Camo
21:08:29 [VehicleCarKey] Player "Majky" (id=wvz1jGdA27Eb3vtZqqzBgGv9Su_0oOujtdP3UqN1c-g= pos=<3456.947998, 3.606127, 5360.861816>) used the  ExpansionCarKey to lock a CrSk_Hummer_H2_6x6_Camo
21:08:30 [VehicleCarKey] Player "Majky" (id=wvz1jGdA27Eb3vtZqqzBgGv9Su_0oOujtdP3UqN1c-g= pos=<3456.947998, 3.606168, 5360.861816>) used the  ExpansionCarKey to unlock a CrSk_Hummer_H2_6x6_Camo
21:13:05 [Chat - Global]("Majky"(id=wvz1jGdA27Eb3vtZqqzBgGv9Su_0oOujtdP3UqN1c-g=)): na chvilku som AFK :D 
21:13:15 [Chat - Global]("Majky"(id=wvz1jGdA27Eb3vtZqqzBgGv9Su_0oOujtdP3UqN1c-g=)): mám hovor 
21:35:56 [Safezone] Player "Rikinoo" (id=R5QkEcrxtly9KY8lzQxLv6FMruTgXOxuSWhCmf7J-cA= pos=<4273.050781, 4.184602, 4289.264648>) Entered the safezone
22:19:43 [VehicleCarKey] Player "Majky" (id=wvz1jGdA27Eb3vtZqqzBgGv9Su_0oOujtdP3UqN1c-g= pos=<2384.934814, 27.930565, 6011.579590>) used the  ExpansionCarKey to lock a CrSk_Hummer_H2_6x6_Camo
22:21:25 [MissionAirdrop] An airdrop is heading towards "Gollenhausen" (pos=<8957.000000, 0.000000, 8931.000000> type=Random_Gollenhausen) with a ExpansionAirdropContainer
22:21:25 [MissionAirdrop] An airdrop is heading towards "Gollenhausen" (pos=<8957.000000, 0.000000, 8931.000000> type=Random_Gollenhausen) with a ExpansionAirdropContainer
22:28:32 [VehicleCarKey] Player "Majky" (id=wvz1jGdA27Eb3vtZqqzBgGv9Su_0oOujtdP3UqN1c-g= pos=<2385.923096, 27.859896, 6011.574707>) used the  ExpansionCarKey to unlock a CrSk_Hummer_H2_6x6_Camo
22:31:21 [VehicleCarKey] Player "Majky" (id=wvz1jGdA27Eb3vtZqqzBgGv9Su_0oOujtdP3UqN1c-g= pos=<3457.788818, 3.615869, 5360.631836>) used the  ExpansionCarKey to lock a CrSk_Hummer_H2_6x6_Camo
22:35:14 [VehicleCarKey] Player "Martina_(.)(.)_" (id=KBvZ7N7QOK5224QFIh6ry8QI5xBwogyjGyBaskjwU0A= pos=<2558.482666, 41.278271, 3444.909668>) used the  ExpansionCarKey to unlock a CrSk_Hummer_H2_6x6_Space
22:36:24 [VehicleCarKey] Player "Martina_(.)(.)_" (id=KBvZ7N7QOK5224QFIh6ry8QI5xBwogyjGyBaskjwU0A= pos=<3000.279053, 20.469641, 3043.040771>) used the  ExpansionCarKey to lock a CrSk_Hummer_H2_6x6_Space
22:38:48 [VehicleCarKey] Player "Martina_(.)(.)_" (id=KBvZ7N7QOK5224QFIh6ry8QI5xBwogyjGyBaskjwU0A= pos=<3000.832031, 20.481289, 3042.439453>) used the  ExpansionCarKey to unlock a CrSk_Hummer_H2_6x6_Space
22:42:30 [Safezone] Player "Martina_(.)(.)_" (id=KBvZ7N7QOK5224QFIh6ry8QI5xBwogyjGyBaskjwU0A= pos=<4362.064453, 5.269739, 4055.916016>) Entered the safezone
22:42:56 [VehicleCarKey] Player "Martina_(.)(.)_" (id=KBvZ7N7QOK5224QFIh6ry8QI5xBwogyjGyBaskjwU0A= pos=<4275.877441, 10.029830, 4189.772949>) used the  ExpansionCarKey to lock a CrSk_Hummer_H2_6x6_Space
22:43:17 [Market] Player "Martina_(.)(.)_" (id=KBvZ7N7QOK5224QFIh6ry8QI5xBwogyjGyBaskjwU0A=) has send a requested to sell hammer x1 at the trader "BuildingSupplies (Boris [#STR_EXPANSION_MARKET_TRADER_BUILDING_SUPPLIES])" in market zone "OUTLIVE Trader" (pos=<4291.589844, 25.247801, 4162.500000>).
22:43:17 [Market] Player "Martina_(.)(.)_" (id=KBvZ7N7QOK5224QFIh6ry8QI5xBwogyjGyBaskjwU0A=) has sold hammer x1 at the trader "BuildingSupplies (Boris [#STR_EXPANSION_MARKET_TRADER_BUILDING_SUPPLIES])" in market zone "OUTLIVE Trader" (pos=<4291.589844, 25.247801, 4162.500000>) and got 500.
22:43:20 [Market] Player "Martina_(.)(.)_" (id=KBvZ7N7QOK5224QFIh6ry8QI5xBwogyjGyBaskjwU0A=) has send a requested to sell wrench x1 at the trader "BuildingSupplies (Boris [#STR_EXPANSION_MARKET_TRADER_BUILDING_SUPPLIES])" in market zone "OUTLIVE Trader" (pos=<4291.589844, 25.247801, 4162.500000>).
22:43:20 [Market] Player "Martina_(.)(.)_" (id=KBvZ7N7QOK5224QFIh6ry8QI5xBwogyjGyBaskjwU0A=) has sold wrench x1 at the trader "BuildingSupplies (Boris [#STR_EXPANSION_MARKET_TRADER_BUILDING_SUPPLIES])" in market zone "OUTLIVE Trader" (pos=<4291.589844, 25.247801, 4162.500000>) and got 60.
23:35:29 [MissionAirdrop] An airdrop is heading towards "Weitmoos" (pos=<6222.000000, 0.000000, 9723.000000> type=Random_Weitmoos) with a ExpansionAirdropContainer_Military
