08:03:39 [Safezone] Player "Fjindra" (id=KEeyuhDsYLiECEFdBCYpCgFI-MzMaMCWXF6DqS5ShMM= pos=<4256.605957, 11.807258, 4198.042969>) Entered the safezone
08:05:09 [VehicleCarKey] Player "Fjindra" (id=KEeyuhDsYLiECEFdBCYpCgFI-MzMaMCWXF6DqS5ShMM= pos=<4253.896973, 11.968023, 4201.003418>) used the  ExpansionCarKey to unlock a Hatchback_02
08:05:14 [VehicleCarKey] Player "Fjindra" (id=KEeyuhDsYLiECEFdBCYpCgFI-MzMaMCWXF6DqS5ShMM= pos=<4253.896973, 11.967921, 4201.003418>) used the  ExpansionCarKey to lock a Hatchback_02
08:05:16 [VehicleCarKey] Player "Fjindra" (id=KEeyuhDsYLiECEFdBCYpCgFI-MzMaMCWXF6DqS5ShMM= pos=<4253.896973, 11.967901, 4201.003418>) used the  ExpansionCarKey to unlock a Hatchback_02
08:06:13 [Safezone] Player "Fjindra" (id=KEeyuhDsYLiECEFdBCYpCgFI-MzMaMCWXF6DqS5ShMM= pos=<4144.128418, 14.440358, 4320.183105>) Left the safezone
08:08:49 [MissionAirdrop] An airdrop is heading towards "Weitmoos" (pos=<6222.000000, 0.000000, 9723.000000> type=Random_Weitmoos) with a ExpansionAirdropContainer_Basebuilding
08:08:49 [MissionAirdrop] An airdrop is heading towards "Gollenhausen" (pos=<8957.000000, 0.000000, 8931.000000> type=Random_Gollenhausen) with a ExpansionAirdropContainer
08:20:51 [VehicleCarKey] Player "Maltrix CZE" (id=l3HvTWnXl8COrcbWA0dEsar-QbcB4NyANSOekVJXAcY= pos=<839.380188, 405.356964, 6792.921387>) used the  ExpansionCarKey to unlock a ExpansionMerlin
08:34:44 [Chat - Global]("Maltrix CZE"(id=l3HvTWnXl8COrcbWA0dEsar-QbcB4NyANSOekVJXAcY=)): dobré ráno ;)
08:43:02 [Safezone] Player "Fjindra" (id=KEeyuhDsYLiECEFdBCYpCgFI-MzMaMCWXF6DqS5ShMM= pos=<4190.832520, 14.938105, 4243.459961>) Entered the safezone
08:44:23 [Market] Player "Fjindra" (id=KEeyuhDsYLiECEFdBCYpCgFI-MzMaMCWXF6DqS5ShMM=) has send a requested to sell twp_r700mod x1 at the trader "Weapons (Denis [#STR_EXPANSION_MARKET_TRADER_WEAPONS])" in market zone "OUTLIVE Trader" (pos=<4291.589844, 25.247801, 4162.500000>).
08:44:23 [Market] Player "Fjindra" (id=KEeyuhDsYLiECEFdBCYpCgFI-MzMaMCWXF6DqS5ShMM=) has sold twp_r700mod x1 at the trader "Weapons (Denis [#STR_EXPANSION_MARKET_TRADER_WEAPONS])" in market zone "OUTLIVE Trader" (pos=<4291.589844, 25.247801, 4162.500000>) and got 2000.
08:44:24 [Market] Player "Fjindra" (id=KEeyuhDsYLiECEFdBCYpCgFI-MzMaMCWXF6DqS5ShMM=) has send a requested to sell twp_sg550s x1 at the trader "Weapons (Denis [#STR_EXPANSION_MARKET_TRADER_WEAPONS])" in market zone "OUTLIVE Trader" (pos=<4291.589844, 25.247801, 4162.500000>).
08:44:24 [Market] Player "Fjindra" (id=KEeyuhDsYLiECEFdBCYpCgFI-MzMaMCWXF6DqS5ShMM=) has sold twp_sg550s x1 at the trader "Weapons (Denis [#STR_EXPANSION_MARKET_TRADER_WEAPONS])" in market zone "OUTLIVE Trader" (pos=<4291.589844, 25.247801, 4162.500000>) and got 2300.
08:44:25 [Market] Player "Fjindra" (id=KEeyuhDsYLiECEFdBCYpCgFI-MzMaMCWXF6DqS5ShMM=) has send a requested to sell twp_sv98 x1 at the trader "Weapons (Denis [#STR_EXPANSION_MARKET_TRADER_WEAPONS])" in market zone "OUTLIVE Trader" (pos=<4291.589844, 25.247801, 4162.500000>).
08:44:25 [Market] Player "Fjindra" (id=KEeyuhDsYLiECEFdBCYpCgFI-MzMaMCWXF6DqS5ShMM=) has sold twp_sv98 x1 at the trader "Weapons (Denis [#STR_EXPANSION_MARKET_TRADER_WEAPONS])" in market zone "OUTLIVE Trader" (pos=<4291.589844, 25.247801, 4162.500000>) and got 2500.
08:45:03 [Market] Player "Fjindra" (id=KEeyuhDsYLiECEFdBCYpCgFI-MzMaMCWXF6DqS5ShMM=) has send a requested to sell twp_m40a5 x1 at the trader "Weapons (Denis [#STR_EXPANSION_MARKET_TRADER_WEAPONS])" in market zone "OUTLIVE Trader" (pos=<4291.589844, 25.247801, 4162.500000>).
08:45:04 [Market] Player "Fjindra" (id=KEeyuhDsYLiECEFdBCYpCgFI-MzMaMCWXF6DqS5ShMM=) has sold twp_m40a5 x1 at the trader "Weapons (Denis [#STR_EXPANSION_MARKET_TRADER_WEAPONS])" in market zone "OUTLIVE Trader" (pos=<4291.589844, 25.247801, 4162.500000>) and got 1800.
08:45:04 [Market] Player "Fjindra" (id=KEeyuhDsYLiECEFdBCYpCgFI-MzMaMCWXF6DqS5ShMM=) has send a requested to sell twp_sv98novapriam x1 at the trader "Weapons (Denis [#STR_EXPANSION_MARKET_TRADER_WEAPONS])" in market zone "OUTLIVE Trader" (pos=<4291.589844, 25.247801, 4162.500000>).
08:45:05 [Market] Player "Fjindra" (id=KEeyuhDsYLiECEFdBCYpCgFI-MzMaMCWXF6DqS5ShMM=) has sold twp_sv98novapriam x1 at the trader "Weapons (Denis [#STR_EXPANSION_MARKET_TRADER_WEAPONS])" in market zone "OUTLIVE Trader" (pos=<4291.589844, 25.247801, 4162.500000>) and got 2500.
08:45:33 [Market] Player "Fjindra" (id=KEeyuhDsYLiECEFdBCYpCgFI-MzMaMCWXF6DqS5ShMM=) has send a requested to sell ammo_762x39 x1 at the trader "Attachments (Oliver [#STR_EXPANSION_MARKET_TRADER_ATTACHMENTS])" in market zone "OUTLIVE Trader" (pos=<4291.589844, 25.247801, 4162.500000>).
08:45:33 [Market] Player "Fjindra" (id=KEeyuhDsYLiECEFdBCYpCgFI-MzMaMCWXF6DqS5ShMM=) has sold ammo_762x39 x1 at the trader "Attachments (Oliver [#STR_EXPANSION_MARKET_TRADER_ATTACHMENTS])" in market zone "OUTLIVE Trader" (pos=<4291.589844, 25.247801, 4162.500000>) and got 8.
08:45:55 [Market] Player "Fjindra" (id=KEeyuhDsYLiECEFdBCYpCgFI-MzMaMCWXF6DqS5ShMM=) has send a requested to sell ammo_762x39 x35 at the trader "Attachments (Oliver [#STR_EXPANSION_MARKET_TRADER_ATTACHMENTS])" in market zone "OUTLIVE Trader" (pos=<4291.589844, 25.247801, 4162.500000>).
08:45:55 [Market] Player "Fjindra" (id=KEeyuhDsYLiECEFdBCYpCgFI-MzMaMCWXF6DqS5ShMM=) has sold ammo_762x39 x35 at the trader "Attachments (Oliver [#STR_EXPANSION_MARKET_TRADER_ATTACHMENTS])" in market zone "OUTLIVE Trader" (pos=<4291.589844, 25.247801, 4162.500000>) and got 294.
08:46:48 [Market] Player "Fjindra" (id=KEeyuhDsYLiECEFdBCYpCgFI-MzMaMCWXF6DqS5ShMM=) has send a requested to sell buisoptic x1 at the trader "Attachments (Oliver [#STR_EXPANSION_MARKET_TRADER_ATTACHMENTS])" in market zone "OUTLIVE Trader" (pos=<4291.589844, 25.247801, 4162.500000>).
08:46:48 [Market] Player "Fjindra" (id=KEeyuhDsYLiECEFdBCYpCgFI-MzMaMCWXF6DqS5ShMM=) has sold buisoptic x1 at the trader "Attachments (Oliver [#STR_EXPANSION_MARKET_TRADER_ATTACHMENTS])" in market zone "OUTLIVE Trader" (pos=<4291.589844, 25.247801, 4162.500000>) and got 30.
08:46:54 [Market] Player "Fjindra" (id=KEeyuhDsYLiECEFdBCYpCgFI-MzMaMCWXF6DqS5ShMM=) has send a requested to sell expansion_m1a_railatt x1 at the trader "Attachments (Oliver [#STR_EXPANSION_MARKET_TRADER_ATTACHMENTS])" in market zone "OUTLIVE Trader" (pos=<4291.589844, 25.247801, 4162.500000>).
08:46:54 [Market] Player "Fjindra" (id=KEeyuhDsYLiECEFdBCYpCgFI-MzMaMCWXF6DqS5ShMM=) has sold expansion_m1a_railatt x1 at the trader "Attachments (Oliver [#STR_EXPANSION_MARKET_TRADER_ATTACHMENTS])" in market zone "OUTLIVE Trader" (pos=<4291.589844, 25.247801, 4162.500000>) and got 60.
08:46:58 [Market] Player "Fjindra" (id=KEeyuhDsYLiECEFdBCYpCgFI-MzMaMCWXF6DqS5ShMM=) has send a requested to sell ak_plastichndgrd x1 at the trader "Attachments (Oliver [#STR_EXPANSION_MARKET_TRADER_ATTACHMENTS])" in market zone "OUTLIVE Trader" (pos=<4291.589844, 25.247801, 4162.500000>).
08:46:58 [Market] Player "Fjindra" (id=KEeyuhDsYLiECEFdBCYpCgFI-MzMaMCWXF6DqS5ShMM=) has sold ak_plastichndgrd x1 at the trader "Attachments (Oliver [#STR_EXPANSION_MARKET_TRADER_ATTACHMENTS])" in market zone "OUTLIVE Trader" (pos=<4291.589844, 25.247801, 4162.500000>) and got 80.
08:47:07 [Market] Player "Fjindra" (id=KEeyuhDsYLiECEFdBCYpCgFI-MzMaMCWXF6DqS5ShMM=) has send a requested to sell twp_ump_mag_35rnd x1 at the trader "Attachments (Oliver [#STR_EXPANSION_MARKET_TRADER_ATTACHMENTS])" in market zone "OUTLIVE Trader" (pos=<4291.589844, 25.247801, 4162.500000>).
08:47:07 [Market] Player "Fjindra" (id=KEeyuhDsYLiECEFdBCYpCgFI-MzMaMCWXF6DqS5ShMM=) has sold twp_ump_mag_35rnd x1 at the trader "Attachments (Oliver [#STR_EXPANSION_MARKET_TRADER_ATTACHMENTS])" in market zone "OUTLIVE Trader" (pos=<4291.589844, 25.247801, 4162.500000>) and got 252.
08:47:09 [Market] Player "Fjindra" (id=KEeyuhDsYLiECEFdBCYpCgFI-MzMaMCWXF6DqS5ShMM=) has send a requested to sell twp_psg1_mag_5rnd x1 at the trader "Attachments (Oliver [#STR_EXPANSION_MARKET_TRADER_ATTACHMENTS])" in market zone "OUTLIVE Trader" (pos=<4291.589844, 25.247801, 4162.500000>).
08:47:09 [Market] Player "Fjindra" (id=KEeyuhDsYLiECEFdBCYpCgFI-MzMaMCWXF6DqS5ShMM=) has sold twp_psg1_mag_5rnd x1 at the trader "Attachments (Oliver [#STR_EXPANSION_MARKET_TRADER_ATTACHMENTS])" in market zone "OUTLIVE Trader" (pos=<4291.589844, 25.247801, 4162.500000>) and got 85.
08:47:10 [Market] Player "Fjindra" (id=KEeyuhDsYLiECEFdBCYpCgFI-MzMaMCWXF6DqS5ShMM=) has send a requested to sell twp_mpx_mag_30rnd x1 at the trader "Attachments (Oliver [#STR_EXPANSION_MARKET_TRADER_ATTACHMENTS])" in market zone "OUTLIVE Trader" (pos=<4291.589844, 25.247801, 4162.500000>).
08:47:10 [Market] Player "Fjindra" (id=KEeyuhDsYLiECEFdBCYpCgFI-MzMaMCWXF6DqS5ShMM=) has sold twp_mpx_mag_30rnd x1 at the trader "Attachments (Oliver [#STR_EXPANSION_MARKET_TRADER_ATTACHMENTS])" in market zone "OUTLIVE Trader" (pos=<4291.589844, 25.247801, 4162.500000>) and got 192.
08:47:11 [Market] Player "Fjindra" (id=KEeyuhDsYLiECEFdBCYpCgFI-MzMaMCWXF6DqS5ShMM=) has send a requested to sell twp_g43_mag_10rnd x1 at the trader "Attachments (Oliver [#STR_EXPANSION_MARKET_TRADER_ATTACHMENTS])" in market zone "OUTLIVE Trader" (pos=<4291.589844, 25.247801, 4162.500000>).
08:47:11 [Market] Player "Fjindra" (id=KEeyuhDsYLiECEFdBCYpCgFI-MzMaMCWXF6DqS5ShMM=) has sold twp_g43_mag_10rnd x1 at the trader "Attachments (Oliver [#STR_EXPANSION_MARKET_TRADER_ATTACHMENTS])" in market zone "OUTLIVE Trader" (pos=<4291.589844, 25.247801, 4162.500000>) and got 129.
08:47:12 [Market] Player "Fjindra" (id=KEeyuhDsYLiECEFdBCYpCgFI-MzMaMCWXF6DqS5ShMM=) has send a requested to sell twp_dragunov_mag_8rnd x1 at the trader "Attachments (Oliver [#STR_EXPANSION_MARKET_TRADER_ATTACHMENTS])" in market zone "OUTLIVE Trader" (pos=<4291.589844, 25.247801, 4162.500000>).
08:47:12 [Market] Player "Fjindra" (id=KEeyuhDsYLiECEFdBCYpCgFI-MzMaMCWXF6DqS5ShMM=) has sold twp_dragunov_mag_8rnd x1 at the trader "Attachments (Oliver [#STR_EXPANSION_MARKET_TRADER_ATTACHMENTS])" in market zone "OUTLIVE Trader" (pos=<4291.589844, 25.247801, 4162.500000>) and got 95.
08:47:30 [Market] Player "Fjindra" (id=KEeyuhDsYLiECEFdBCYpCgFI-MzMaMCWXF6DqS5ShMM=) has send a requested to sell ammo_762x39 x60 at the trader "Attachments (Oliver [#STR_EXPANSION_MARKET_TRADER_ATTACHMENTS])" in market zone "OUTLIVE Trader" (pos=<4291.589844, 25.247801, 4162.500000>).
08:47:30 [Market] Player "Fjindra" (id=KEeyuhDsYLiECEFdBCYpCgFI-MzMaMCWXF6DqS5ShMM=) has sold ammo_762x39 x60 at the trader "Attachments (Oliver [#STR_EXPANSION_MARKET_TRADER_ATTACHMENTS])" in market zone "OUTLIVE Trader" (pos=<4291.589844, 25.247801, 4162.500000>) and got 504.
08:47:41 [Market] Player "Fjindra" (id=KEeyuhDsYLiECEFdBCYpCgFI-MzMaMCWXF6DqS5ShMM=) has send a requested to sell ammo_380 x11 at the trader "Attachments (Oliver [#STR_EXPANSION_MARKET_TRADER_ATTACHMENTS])" in market zone "OUTLIVE Trader" (pos=<4291.589844, 25.247801, 4162.500000>).
08:47:42 [Market] Player "Fjindra" (id=KEeyuhDsYLiECEFdBCYpCgFI-MzMaMCWXF6DqS5ShMM=) has sold ammo_380 x11 at the trader "Attachments (Oliver [#STR_EXPANSION_MARKET_TRADER_ATTACHMENTS])" in market zone "OUTLIVE Trader" (pos=<4291.589844, 25.247801, 4162.500000>) and got 16.
08:48:04 [Market] Player "Fjindra" (id=KEeyuhDsYLiECEFdBCYpCgFI-MzMaMCWXF6DqS5ShMM=) has send a requested to sell ammo_308win x26 at the trader "Attachments (Oliver [#STR_EXPANSION_MARKET_TRADER_ATTACHMENTS])" in market zone "OUTLIVE Trader" (pos=<4291.589844, 25.247801, 4162.500000>).
08:48:04 [Market] Player "Fjindra" (id=KEeyuhDsYLiECEFdBCYpCgFI-MzMaMCWXF6DqS5ShMM=) has sold ammo_308win x26 at the trader "Attachments (Oliver [#STR_EXPANSION_MARKET_TRADER_ATTACHMENTS])" in market zone "OUTLIVE Trader" (pos=<4291.589844, 25.247801, 4162.500000>) and got 257.
08:48:11 [Market] Player "Fjindra" (id=KEeyuhDsYLiECEFdBCYpCgFI-MzMaMCWXF6DqS5ShMM=) has send a requested to sell ammobox_762x39_20rnd x1 at the trader "Attachments (Oliver [#STR_EXPANSION_MARKET_TRADER_ATTACHMENTS])" in market zone "OUTLIVE Trader" (pos=<4291.589844, 25.247801, 4162.500000>).
08:48:11 [Market] Player "Fjindra" (id=KEeyuhDsYLiECEFdBCYpCgFI-MzMaMCWXF6DqS5ShMM=) has sold ammobox_762x39_20rnd x1 at the trader "Attachments (Oliver [#STR_EXPANSION_MARKET_TRADER_ATTACHMENTS])" in market zone "OUTLIVE Trader" (pos=<4291.589844, 25.247801, 4162.500000>) and got 180.
08:48:13 [Market] Player "Fjindra" (id=KEeyuhDsYLiECEFdBCYpCgFI-MzMaMCWXF6DqS5ShMM=) has send a requested to sell ammobox_45acp_25rnd x1 at the trader "Attachments (Oliver [#STR_EXPANSION_MARKET_TRADER_ATTACHMENTS])" in market zone "OUTLIVE Trader" (pos=<4291.589844, 25.247801, 4162.500000>).
08:48:13 [Market] Player "Fjindra" (id=KEeyuhDsYLiECEFdBCYpCgFI-MzMaMCWXF6DqS5ShMM=) has sold ammobox_45acp_25rnd x1 at the trader "Attachments (Oliver [#STR_EXPANSION_MARKET_TRADER_ATTACHMENTS])" in market zone "OUTLIVE Trader" (pos=<4291.589844, 25.247801, 4162.500000>) and got 45.
08:48:52 [VehicleCarKey] Player "Majky" (id=wvz1jGdA27Eb3vtZqqzBgGv9Su_0oOujtdP3UqN1c-g= pos=<4709.452148, 2.871415, 6081.782227>) used the  ExpansionCarKey to unlock a CrSk_Hummer_H2_6x6_Camo
08:49:03 [Chat - Global]("Majky"(id=wvz1jGdA27Eb3vtZqqzBgGv9Su_0oOujtdP3UqN1c-g=)): nazdárek 
08:49:33 [Market] Player "Fjindra" (id=KEeyuhDsYLiECEFdBCYpCgFI-MzMaMCWXF6DqS5ShMM=) has send a requested to purchase ammobox_556x45_20rnd x5 from the trader "Attachments (Oliver [#STR_EXPANSION_MARKET_TRADER_ATTACHMENTS])" in market zone "OUTLIVE Trader" (pos=<4291.589844, 25.247801, 4162.500000>).
08:49:33 [Market] Player "Fjindra" (id=KEeyuhDsYLiECEFdBCYpCgFI-MzMaMCWXF6DqS5ShMM=) has bought ammobox_556x45_20rnd x5 from the trader "Attachments (Oliver [#STR_EXPANSION_MARKET_TRADER_ATTACHMENTS])" in market zone "OUTLIVE Trader" (pos=<4291.589844, 25.247801, 4162.500000>) for a price of 2750.
08:51:55 [Market] Player "Fjindra" (id=KEeyuhDsYLiECEFdBCYpCgFI-MzMaMCWXF6DqS5ShMM=) has send a requested to sell mag_1911_7rnd x1 at the trader "Attachments (Oliver [#STR_EXPANSION_MARKET_TRADER_ATTACHMENTS])" in market zone "OUTLIVE Trader" (pos=<4291.589844, 25.247801, 4162.500000>).
08:51:55 [Market] Player "Fjindra" (id=KEeyuhDsYLiECEFdBCYpCgFI-MzMaMCWXF6DqS5ShMM=) has sold mag_1911_7rnd x1 at the trader "Attachments (Oliver [#STR_EXPANSION_MARKET_TRADER_ATTACHMENTS])" in market zone "OUTLIVE Trader" (pos=<4291.589844, 25.247801, 4162.500000>) and got 32.
08:51:58 [Market] Player "Fjindra" (id=KEeyuhDsYLiECEFdBCYpCgFI-MzMaMCWXF6DqS5ShMM=) has send a requested to sell mag_expansion_kedr_20rnd x1 at the trader "Attachments (Oliver [#STR_EXPANSION_MARKET_TRADER_ATTACHMENTS])" in market zone "OUTLIVE Trader" (pos=<4291.589844, 25.247801, 4162.500000>).
08:51:58 [Market] Player "Fjindra" (id=KEeyuhDsYLiECEFdBCYpCgFI-MzMaMCWXF6DqS5ShMM=) has sold mag_expansion_kedr_20rnd x1 at the trader "Attachments (Oliver [#STR_EXPANSION_MARKET_TRADER_ATTACHMENTS])" in market zone "OUTLIVE Trader" (pos=<4291.589844, 25.247801, 4162.500000>) and got 55.
08:53:04 [VehicleCarKey] Player "Majky" (id=wvz1jGdA27Eb3vtZqqzBgGv9Su_0oOujtdP3UqN1c-g= pos=<3461.353027, 3.693379, 5360.543457>) used the  ExpansionCarKey to lock a CrSk_Hummer_H2_6x6_Camo
08:53:38 [Market] Player "Fjindra" (id=KEeyuhDsYLiECEFdBCYpCgFI-MzMaMCWXF6DqS5ShMM=) has send a requested to purchase bandagedressing x1 from the trader "Medicals (Eva [#STR_EXPANSION_MARKET_TRADER_MEDICALS])" in market zone "OUTLIVE Trader" (pos=<4291.589844, 25.247801, 4162.500000>).
08:53:38 [Market] Player "Fjindra" (id=KEeyuhDsYLiECEFdBCYpCgFI-MzMaMCWXF6DqS5ShMM=) has bought bandagedressing x1 from the trader "Medicals (Eva [#STR_EXPANSION_MARKET_TRADER_MEDICALS])" in market zone "OUTLIVE Trader" (pos=<4291.589844, 25.247801, 4162.500000>) for a price of 250.
08:53:39 [Market] Player "Fjindra" (id=KEeyuhDsYLiECEFdBCYpCgFI-MzMaMCWXF6DqS5ShMM=) has send a requested to purchase bandagedressing x1 from the trader "Medicals (Eva [#STR_EXPANSION_MARKET_TRADER_MEDICALS])" in market zone "OUTLIVE Trader" (pos=<4291.589844, 25.247801, 4162.500000>).
08:53:39 [Market] Player "Fjindra" (id=KEeyuhDsYLiECEFdBCYpCgFI-MzMaMCWXF6DqS5ShMM=) has bought bandagedressing x1 from the trader "Medicals (Eva [#STR_EXPANSION_MARKET_TRADER_MEDICALS])" in market zone "OUTLIVE Trader" (pos=<4291.589844, 25.247801, 4162.500000>) for a price of 250.
08:53:39 [Market] Player "Fjindra" (id=KEeyuhDsYLiECEFdBCYpCgFI-MzMaMCWXF6DqS5ShMM=) has send a requested to purchase bandagedressing x1 from the trader "Medicals (Eva [#STR_EXPANSION_MARKET_TRADER_MEDICALS])" in market zone "OUTLIVE Trader" (pos=<4291.589844, 25.247801, 4162.500000>).
08:53:39 [Market] Player "Fjindra" (id=KEeyuhDsYLiECEFdBCYpCgFI-MzMaMCWXF6DqS5ShMM=) has bought bandagedressing x1 from the trader "Medicals (Eva [#STR_EXPANSION_MARKET_TRADER_MEDICALS])" in market zone "OUTLIVE Trader" (pos=<4291.589844, 25.247801, 4162.500000>) for a price of 250.
08:54:24 [Market] Player "Fjindra" (id=KEeyuhDsYLiECEFdBCYpCgFI-MzMaMCWXF6DqS5ShMM=) has send a requested to sell militarybelt x1 at the trader "Clothing (Linda [#STR_EXPANSION_MARKET_TRADER_CLOTHING])" in market zone "OUTLIVE Trader" (pos=<4291.589844, 25.247801, 4162.500000>).
08:54:24 [Market] Player "Fjindra" (id=KEeyuhDsYLiECEFdBCYpCgFI-MzMaMCWXF6DqS5ShMM=) has sold militarybelt x1 at the trader "Clothing (Linda [#STR_EXPANSION_MARKET_TRADER_CLOTHING])" in market zone "OUTLIVE Trader" (pos=<4291.589844, 25.247801, 4162.500000>) and got 125.
08:55:14 [Market] Player "Fjindra" (id=KEeyuhDsYLiECEFdBCYpCgFI-MzMaMCWXF6DqS5ShMM=) has send a requested to purchase ghilliehood_woodland x1 from the trader "Clothing (Linda [#STR_EXPANSION_MARKET_TRADER_CLOTHING])" in market zone "OUTLIVE Trader" (pos=<4291.589844, 25.247801, 4162.500000>).
08:55:14 [Market] Player "Fjindra" (id=KEeyuhDsYLiECEFdBCYpCgFI-MzMaMCWXF6DqS5ShMM=) has bought ghilliehood_woodland x1 from the trader "Clothing (Linda [#STR_EXPANSION_MARKET_TRADER_CLOTHING])" in market zone "OUTLIVE Trader" (pos=<4291.589844, 25.247801, 4162.500000>) for a price of 1500.
08:56:12 [Market] Player "Fjindra" (id=KEeyuhDsYLiECEFdBCYpCgFI-MzMaMCWXF6DqS5ShMM=) has send a requested to purchase ghillietop_woodland x1 from the trader "Clothing (Linda [#STR_EXPANSION_MARKET_TRADER_CLOTHING])" in market zone "OUTLIVE Trader" (pos=<4291.589844, 25.247801, 4162.500000>).
08:56:12 [Market] Player "Fjindra" (id=KEeyuhDsYLiECEFdBCYpCgFI-MzMaMCWXF6DqS5ShMM=) has bought ghillietop_woodland x1 from the trader "Clothing (Linda [#STR_EXPANSION_MARKET_TRADER_CLOTHING])" in market zone "OUTLIVE Trader" (pos=<4291.589844, 25.247801, 4162.500000>) for a price of 2000.
08:57:31 [Market] Player "Fjindra" (id=KEeyuhDsYLiECEFdBCYpCgFI-MzMaMCWXF6DqS5ShMM=) has send a requested to purchase hatchback_02_trunk_black x1 from the trader "Vehicles (Peter [#STR_EXPANSION_MARKET_TRADER_VEHICLES])" in market zone "OUTLIVE Trader" (pos=<4291.589844, 25.247801, 4162.500000>).
08:57:31 [Market] Player "Fjindra" (id=KEeyuhDsYLiECEFdBCYpCgFI-MzMaMCWXF6DqS5ShMM=) has bought hatchback_02_trunk_black x1 from the trader "Vehicles (Peter [#STR_EXPANSION_MARKET_TRADER_VEHICLES])" in market zone "OUTLIVE Trader" (pos=<4291.589844, 25.247801, 4162.500000>) for a price of 380.
08:58:50 [VehicleCarKey] Player "Fjindra" (id=KEeyuhDsYLiECEFdBCYpCgFI-MzMaMCWXF6DqS5ShMM= pos=<4251.865723, 12.038858, 4200.503418>) used the  ExpansionCarKey to lock a Hatchback_02
08:58:51 [VehicleCarKey] Player "Fjindra" (id=KEeyuhDsYLiECEFdBCYpCgFI-MzMaMCWXF6DqS5ShMM= pos=<4251.865723, 12.038858, 4200.503418>) used the  ExpansionCarKey to unlock a Hatchback_02
09:04:32 [Market] Player "Fjindra" (id=KEeyuhDsYLiECEFdBCYpCgFI-MzMaMCWXF6DqS5ShMM=) has send a requested to purchase nylonknifesheath x1 from the trader "Clothing (Linda [#STR_EXPANSION_MARKET_TRADER_CLOTHING])" in market zone "OUTLIVE Trader" (pos=<4291.589844, 25.247801, 4162.500000>).
09:04:32 [Market] Player "Fjindra" (id=KEeyuhDsYLiECEFdBCYpCgFI-MzMaMCWXF6DqS5ShMM=) has bought nylonknifesheath x1 from the trader "Clothing (Linda [#STR_EXPANSION_MARKET_TRADER_CLOTHING])" in market zone "OUTLIVE Trader" (pos=<4291.589844, 25.247801, 4162.500000>) for a price of 300.
09:04:35 [Market] Player "Fjindra" (id=KEeyuhDsYLiECEFdBCYpCgFI-MzMaMCWXF6DqS5ShMM=) has send a requested to purchase platecarrierholster x1 from the trader "Clothing (Linda [#STR_EXPANSION_MARKET_TRADER_CLOTHING])" in market zone "OUTLIVE Trader" (pos=<4291.589844, 25.247801, 4162.500000>).
09:04:35 [Market] Player "Fjindra" (id=KEeyuhDsYLiECEFdBCYpCgFI-MzMaMCWXF6DqS5ShMM=) has bought platecarrierholster x1 from the trader "Clothing (Linda [#STR_EXPANSION_MARKET_TRADER_CLOTHING])" in market zone "OUTLIVE Trader" (pos=<4291.589844, 25.247801, 4162.500000>) for a price of 600.
09:08:15 [Market] Player "Fjindra" (id=KEeyuhDsYLiECEFdBCYpCgFI-MzMaMCWXF6DqS5ShMM=) has send a requested to sell platecarrierholster x1 at the trader "Clothing (Linda [#STR_EXPANSION_MARKET_TRADER_CLOTHING])" in market zone "OUTLIVE Trader" (pos=<4291.589844, 25.247801, 4162.500000>).
09:08:15 [Market] Player "Fjindra" (id=KEeyuhDsYLiECEFdBCYpCgFI-MzMaMCWXF6DqS5ShMM=) has sold platecarrierholster x1 at the trader "Clothing (Linda [#STR_EXPANSION_MARKET_TRADER_CLOTHING])" in market zone "OUTLIVE Trader" (pos=<4291.589844, 25.247801, 4162.500000>) and got 60.
09:08:17 [Market] Player "Fjindra" (id=KEeyuhDsYLiECEFdBCYpCgFI-MzMaMCWXF6DqS5ShMM=) has send a requested to sell nylonknifesheath x1 at the trader "Clothing (Linda [#STR_EXPANSION_MARKET_TRADER_CLOTHING])" in market zone "OUTLIVE Trader" (pos=<4291.589844, 25.247801, 4162.500000>).
09:08:17 [Market] Player "Fjindra" (id=KEeyuhDsYLiECEFdBCYpCgFI-MzMaMCWXF6DqS5ShMM=) has sold nylonknifesheath x1 at the trader "Clothing (Linda [#STR_EXPANSION_MARKET_TRADER_CLOTHING])" in market zone "OUTLIVE Trader" (pos=<4291.589844, 25.247801, 4162.500000>) and got 30.
09:09:27 [Market] Player "Fjindra" (id=KEeyuhDsYLiECEFdBCYpCgFI-MzMaMCWXF6DqS5ShMM=) has send a requested to purchase headtorch_black x1 from the trader "Clothing (Linda [#STR_EXPANSION_MARKET_TRADER_CLOTHING])" in market zone "OUTLIVE Trader" (pos=<4291.589844, 25.247801, 4162.500000>).
09:09:27 [Market] Player "Fjindra" (id=KEeyuhDsYLiECEFdBCYpCgFI-MzMaMCWXF6DqS5ShMM=) has bought headtorch_black x1 from the trader "Clothing (Linda [#STR_EXPANSION_MARKET_TRADER_CLOTHING])" in market zone "OUTLIVE Trader" (pos=<4291.589844, 25.247801, 4162.500000>) for a price of 1500.
09:12:50 [VehicleCarKey] Player "Fjindra" (id=KEeyuhDsYLiECEFdBCYpCgFI-MzMaMCWXF6DqS5ShMM= pos=<4252.127441, 12.019396, 4200.094727>) used the  ExpansionCarKey to lock a Hatchback_02
09:12:52 [VehicleCarKey] Player "Fjindra" (id=KEeyuhDsYLiECEFdBCYpCgFI-MzMaMCWXF6DqS5ShMM= pos=<4252.127441, 12.019396, 4200.094727>) used the  ExpansionCarKey to unlock a Hatchback_02
09:13:14 [VehicleCarKey] Player "Fjindra" (id=KEeyuhDsYLiECEFdBCYpCgFI-MzMaMCWXF6DqS5ShMM= pos=<4250.590820, 12.100544, 4200.987793>) used the  ExpansionCarKey to lock a Hatchback_02
09:13:15 [VehicleCarKey] Player "Fjindra" (id=KEeyuhDsYLiECEFdBCYpCgFI-MzMaMCWXF6DqS5ShMM= pos=<4250.590820, 12.100544, 4200.987793>) used the  ExpansionCarKey to unlock a Hatchback_02
09:14:06 [VehicleCarKey] Player "Fjindra" (id=KEeyuhDsYLiECEFdBCYpCgFI-MzMaMCWXF6DqS5ShMM= pos=<4253.375977, 11.967866, 4200.020508>) used the  ExpansionCarKey to lock a Hatchback_02
09:14:08 [VehicleCarKey] Player "Fjindra" (id=KEeyuhDsYLiECEFdBCYpCgFI-MzMaMCWXF6DqS5ShMM= pos=<4253.375977, 11.967866, 4200.020508>) used the  ExpansionCarKey to unlock a Hatchback_02
09:14:17 [VehicleCarKey] Player "Fjindra" (id=KEeyuhDsYLiECEFdBCYpCgFI-MzMaMCWXF6DqS5ShMM= pos=<4254.688477, 11.966433, 4201.887207>) used the  ExpansionCarKey to lock a Hatchback_02
09:14:18 [VehicleCarKey] Player "Fjindra" (id=KEeyuhDsYLiECEFdBCYpCgFI-MzMaMCWXF6DqS5ShMM= pos=<4254.688477, 11.966433, 4201.887207>) used the  ExpansionCarKey to unlock a Hatchback_02
09:16:44 [Market] Player "Fjindra" (id=KEeyuhDsYLiECEFdBCYpCgFI-MzMaMCWXF6DqS5ShMM=) has send a requested to purchase battery9v x1 from the trader "BuildingSupplies (Boris [#STR_EXPANSION_MARKET_TRADER_BUILDING_SUPPLIES])" in market zone "OUTLIVE Trader" (pos=<4291.589844, 25.247801, 4162.500000>).
09:16:44 [Market] Player "Fjindra" (id=KEeyuhDsYLiECEFdBCYpCgFI-MzMaMCWXF6DqS5ShMM=) has bought battery9v x1 from the trader "BuildingSupplies (Boris [#STR_EXPANSION_MARKET_TRADER_BUILDING_SUPPLIES])" in market zone "OUTLIVE Trader" (pos=<4291.589844, 25.247801, 4162.500000>) for a price of 250.
09:16:45 [Market] Player "Fjindra" (id=KEeyuhDsYLiECEFdBCYpCgFI-MzMaMCWXF6DqS5ShMM=) has send a requested to purchase battery9v x1 from the trader "BuildingSupplies (Boris [#STR_EXPANSION_MARKET_TRADER_BUILDING_SUPPLIES])" in market zone "OUTLIVE Trader" (pos=<4291.589844, 25.247801, 4162.500000>).
09:16:45 [Market] Player "Fjindra" (id=KEeyuhDsYLiECEFdBCYpCgFI-MzMaMCWXF6DqS5ShMM=) has bought battery9v x1 from the trader "BuildingSupplies (Boris [#STR_EXPANSION_MARKET_TRADER_BUILDING_SUPPLIES])" in market zone "OUTLIVE Trader" (pos=<4291.589844, 25.247801, 4162.500000>) for a price of 250.
09:17:46 [Market] Player "Fjindra" (id=KEeyuhDsYLiECEFdBCYpCgFI-MzMaMCWXF6DqS5ShMM=) has send a requested to purchase battery9v x1 from the trader "BuildingSupplies (Boris [#STR_EXPANSION_MARKET_TRADER_BUILDING_SUPPLIES])" in market zone "OUTLIVE Trader" (pos=<4291.589844, 25.247801, 4162.500000>).
09:17:46 [Market] Player "Fjindra" (id=KEeyuhDsYLiECEFdBCYpCgFI-MzMaMCWXF6DqS5ShMM=) has bought battery9v x1 from the trader "BuildingSupplies (Boris [#STR_EXPANSION_MARKET_TRADER_BUILDING_SUPPLIES])" in market zone "OUTLIVE Trader" (pos=<4291.589844, 25.247801, 4162.500000>) for a price of 250.
09:18:17 [Market] Player "Fjindra" (id=KEeyuhDsYLiECEFdBCYpCgFI-MzMaMCWXF6DqS5ShMM=) has send a requested to purchase handsaw x1 from the trader "BuildingSupplies (Boris [#STR_EXPANSION_MARKET_TRADER_BUILDING_SUPPLIES])" in market zone "OUTLIVE Trader" (pos=<4291.589844, 25.247801, 4162.500000>).
09:18:17 [Market] Player "Fjindra" (id=KEeyuhDsYLiECEFdBCYpCgFI-MzMaMCWXF6DqS5ShMM=) has bought handsaw x1 from the trader "BuildingSupplies (Boris [#STR_EXPANSION_MARKET_TRADER_BUILDING_SUPPLIES])" in market zone "OUTLIVE Trader" (pos=<4291.589844, 25.247801, 4162.500000>) for a price of 3300.
09:25:13 [VehicleCarKey] Player "Fjindra" (id=KEeyuhDsYLiECEFdBCYpCgFI-MzMaMCWXF6DqS5ShMM= pos=<4252.071777, 12.088345, 4203.108887>) used the  ExpansionCarKey to lock a Hatchback_02
09:27:05 [VehicleCarKey] Player "Maltrix CZE" (id=l3HvTWnXl8COrcbWA0dEsar-QbcB4NyANSOekVJXAcY= pos=<2565.493164, 41.552814, 3436.835449>) used the  ExpansionCarKey to lock a ExpansionMerlin
09:29:19 [MissionAirdrop] An airdrop is heading towards "Schlachtfeld" (pos=<3059.000000, 0.000000, 1707.000000> type=Random_Schlachtfeld) with a ExpansionAirdropContainer_Military
09:29:19 [MissionAirdrop] An airdrop is heading towards "Osternach" (pos=<3924.000000, 0.000000, 2662.000000> type=Random_Osternach) with a ExpansionAirdropContainer_Military
10:03:00 [Safezone] Player "Fjindra" (id=KEeyuhDsYLiECEFdBCYpCgFI-MzMaMCWXF6DqS5ShMM= pos=<4116.065918, 14.454438, 4357.907715>) Left the safezone
10:06:50 [VehicleCarKey] Player "Bflame" (id=u7jy1hFXeX-3C-ubChAdh59YiiyuY16LDVnTQIqtPmk= pos=<21.994770, 458.897400, 7536.083984>) used the  ExpansionCarKey to unlock a ExpansionGyrocopter
10:08:11 [VehicleCarKey] Player "Fjindra" (id=KEeyuhDsYLiECEFdBCYpCgFI-MzMaMCWXF6DqS5ShMM= pos=<1864.073853, 40.032497, 6493.868164>) used the  ExpansionCarKey to lock a Hatchback_02
10:09:32 [VehicleCarKey] Player "Fjindra" (id=KEeyuhDsYLiECEFdBCYpCgFI-MzMaMCWXF6DqS5ShMM= pos=<1863.804199, 40.032497, 6494.243652>) used the  ExpansionCarKey to unlock a Hatchback_02
10:11:45 [Safezone] Player "Bflame" (id=u7jy1hFXeX-3C-ubChAdh59YiiyuY16LDVnTQIqtPmk= pos=<4187.401855, 92.457237, 4240.234375>) Entered the safezone
10:12:18 [VehicleCarKey] Player "Bflame" (id=u7jy1hFXeX-3C-ubChAdh59YiiyuY16LDVnTQIqtPmk= pos=<4232.125000, 12.951010, 4197.263184>) used the  ExpansionCarKey to lock a ExpansionGyrocopter
10:14:19 [Market] Player "Bflame" (id=u7jy1hFXeX-3C-ubChAdh59YiiyuY16LDVnTQIqtPmk=) has send a requested to sell personalradio x1 at the trader "BuildingSupplies (Boris [#STR_EXPANSION_MARKET_TRADER_BUILDING_SUPPLIES])" in market zone "OUTLIVE Trader" (pos=<4291.589844, 25.247801, 4162.500000>).
10:14:19 [Market] Player "Bflame" (id=u7jy1hFXeX-3C-ubChAdh59YiiyuY16LDVnTQIqtPmk=) has sold personalradio x1 at the trader "BuildingSupplies (Boris [#STR_EXPANSION_MARKET_TRADER_BUILDING_SUPPLIES])" in market zone "OUTLIVE Trader" (pos=<4291.589844, 25.247801, 4162.500000>) and got 450.
10:14:27 [Market] Player "Bflame" (id=u7jy1hFXeX-3C-ubChAdh59YiiyuY16LDVnTQIqtPmk=) has send a requested to sell ducttape x1 at the trader "BuildingSupplies (Boris [#STR_EXPANSION_MARKET_TRADER_BUILDING_SUPPLIES])" in market zone "OUTLIVE Trader" (pos=<4291.589844, 25.247801, 4162.500000>).
10:14:27 [Market] Player "Bflame" (id=u7jy1hFXeX-3C-ubChAdh59YiiyuY16LDVnTQIqtPmk=) has sold ducttape x1 at the trader "BuildingSupplies (Boris [#STR_EXPANSION_MARKET_TRADER_BUILDING_SUPPLIES])" in market zone "OUTLIVE Trader" (pos=<4291.589844, 25.247801, 4162.500000>) and got 180.
10:14:30 [Market] Player "Bflame" (id=u7jy1hFXeX-3C-ubChAdh59YiiyuY16LDVnTQIqtPmk=) has send a requested to sell ducttape x1 at the trader "BuildingSupplies (Boris [#STR_EXPANSION_MARKET_TRADER_BUILDING_SUPPLIES])" in market zone "OUTLIVE Trader" (pos=<4291.589844, 25.247801, 4162.500000>).
10:14:30 [Market] Player "Bflame" (id=u7jy1hFXeX-3C-ubChAdh59YiiyuY16LDVnTQIqtPmk=) has sold ducttape x1 at the trader "BuildingSupplies (Boris [#STR_EXPANSION_MARKET_TRADER_BUILDING_SUPPLIES])" in market zone "OUTLIVE Trader" (pos=<4291.589844, 25.247801, 4162.500000>) and got 180.
10:14:49 [Market] Player "Bflame" (id=u7jy1hFXeX-3C-ubChAdh59YiiyuY16LDVnTQIqtPmk=) has send a requested to sell repeater x1 at the trader "Weapons (Denis [#STR_EXPANSION_MARKET_TRADER_WEAPONS])" in market zone "OUTLIVE Trader" (pos=<4291.589844, 25.247801, 4162.500000>).
10:14:49 [Market] Player "Bflame" (id=u7jy1hFXeX-3C-ubChAdh59YiiyuY16LDVnTQIqtPmk=) has sold repeater x1 at the trader "Weapons (Denis [#STR_EXPANSION_MARKET_TRADER_WEAPONS])" in market zone "OUTLIVE Trader" (pos=<4291.589844, 25.247801, 4162.500000>) and got 150.
10:14:54 [Market] Player "Bflame" (id=u7jy1hFXeX-3C-ubChAdh59YiiyuY16LDVnTQIqtPmk=) has send a requested to sell twp_ak9 x1 at the trader "Weapons (Denis [#STR_EXPANSION_MARKET_TRADER_WEAPONS])" in market zone "OUTLIVE Trader" (pos=<4291.589844, 25.247801, 4162.500000>).
10:14:54 [Market] Player "Bflame" (id=u7jy1hFXeX-3C-ubChAdh59YiiyuY16LDVnTQIqtPmk=) has sold twp_ak9 x1 at the trader "Weapons (Denis [#STR_EXPANSION_MARKET_TRADER_WEAPONS])" in market zone "OUTLIVE Trader" (pos=<4291.589844, 25.247801, 4162.500000>) and got 400.
10:14:55 [Market] Player "Bflame" (id=u7jy1hFXeX-3C-ubChAdh59YiiyuY16LDVnTQIqtPmk=) has send a requested to sell twp_an94 x1 at the trader "Weapons (Denis [#STR_EXPANSION_MARKET_TRADER_WEAPONS])" in market zone "OUTLIVE Trader" (pos=<4291.589844, 25.247801, 4162.500000>).
10:14:55 [Market] Player "Bflame" (id=u7jy1hFXeX-3C-ubChAdh59YiiyuY16LDVnTQIqtPmk=) has sold twp_an94 x1 at the trader "Weapons (Denis [#STR_EXPANSION_MARKET_TRADER_WEAPONS])" in market zone "OUTLIVE Trader" (pos=<4291.589844, 25.247801, 4162.500000>) and got 900.
10:14:59 [Market] Player "Bflame" (id=u7jy1hFXeX-3C-ubChAdh59YiiyuY16LDVnTQIqtPmk=) has send a requested to sell twp_bushmaster_m17smod x1 at the trader "Weapons (Denis [#STR_EXPANSION_MARKET_TRADER_WEAPONS])" in market zone "OUTLIVE Trader" (pos=<4291.589844, 25.247801, 4162.500000>).
10:14:59 [Market] Player "Bflame" (id=u7jy1hFXeX-3C-ubChAdh59YiiyuY16LDVnTQIqtPmk=) has sold twp_bushmaster_m17smod x1 at the trader "Weapons (Denis [#STR_EXPANSION_MARKET_TRADER_WEAPONS])" in market zone "OUTLIVE Trader" (pos=<4291.589844, 25.247801, 4162.500000>) and got 2000.
10:15:02 [Market] Player "Bflame" (id=u7jy1hFXeX-3C-ubChAdh59YiiyuY16LDVnTQIqtPmk=) has send a requested to sell twp_steyraug_black x1 at the trader "Weapons (Denis [#STR_EXPANSION_MARKET_TRADER_WEAPONS])" in market zone "OUTLIVE Trader" (pos=<4291.589844, 25.247801, 4162.500000>).
10:15:02 [Market] Player "Bflame" (id=u7jy1hFXeX-3C-ubChAdh59YiiyuY16LDVnTQIqtPmk=) has sold twp_steyraug_black x1 at the trader "Weapons (Denis [#STR_EXPANSION_MARKET_TRADER_WEAPONS])" in market zone "OUTLIVE Trader" (pos=<4291.589844, 25.247801, 4162.500000>) and got 2300.
10:15:02 [Market] Player "Bflame" (id=u7jy1hFXeX-3C-ubChAdh59YiiyuY16LDVnTQIqtPmk=) has send a requested to sell twp_thompsonmk2 x1 at the trader "Weapons (Denis [#STR_EXPANSION_MARKET_TRADER_WEAPONS])" in market zone "OUTLIVE Trader" (pos=<4291.589844, 25.247801, 4162.500000>).
10:15:02 [Market] Player "Bflame" (id=u7jy1hFXeX-3C-ubChAdh59YiiyuY16LDVnTQIqtPmk=) has sold twp_thompsonmk2 x1 at the trader "Weapons (Denis [#STR_EXPANSION_MARKET_TRADER_WEAPONS])" in market zone "OUTLIVE Trader" (pos=<4291.589844, 25.247801, 4162.500000>) and got 1100.
10:15:10 [Market] Player "Bflame" (id=u7jy1hFXeX-3C-ubChAdh59YiiyuY16LDVnTQIqtPmk=) has send a requested to sell ammobox_expansion_338_15rnd x1 at the trader "Attachments (Oliver [#STR_EXPANSION_MARKET_TRADER_ATTACHMENTS])" in market zone "OUTLIVE Trader" (pos=<4291.589844, 25.247801, 4162.500000>).
10:15:10 [Market] Player "Bflame" (id=u7jy1hFXeX-3C-ubChAdh59YiiyuY16LDVnTQIqtPmk=) has sold ammobox_expansion_338_15rnd x1 at the trader "Attachments (Oliver [#STR_EXPANSION_MARKET_TRADER_ATTACHMENTS])" in market zone "OUTLIVE Trader" (pos=<4291.589844, 25.247801, 4162.500000>) and got 210.
10:15:25 [Market] Player "Bflame" (id=u7jy1hFXeX-3C-ubChAdh59YiiyuY16LDVnTQIqtPmk=) has send a requested to sell twp_beowulf_mag_10rnd x1 at the trader "Attachments (Oliver [#STR_EXPANSION_MARKET_TRADER_ATTACHMENTS])" in market zone "OUTLIVE Trader" (pos=<4291.589844, 25.247801, 4162.500000>).
10:15:25 [Market] Player "Bflame" (id=u7jy1hFXeX-3C-ubChAdh59YiiyuY16LDVnTQIqtPmk=) has sold twp_beowulf_mag_10rnd x1 at the trader "Attachments (Oliver [#STR_EXPANSION_MARKET_TRADER_ATTACHMENTS])" in market zone "OUTLIVE Trader" (pos=<4291.589844, 25.247801, 4162.500000>) and got 399.
10:15:26 [Market] Player "Bflame" (id=u7jy1hFXeX-3C-ubChAdh59YiiyuY16LDVnTQIqtPmk=) has send a requested to sell twp_frf2blackdragon_mag_10rnd x1 at the trader "Attachments (Oliver [#STR_EXPANSION_MARKET_TRADER_ATTACHMENTS])" in market zone "OUTLIVE Trader" (pos=<4291.589844, 25.247801, 4162.500000>).
10:15:26 [Market] Player "Bflame" (id=u7jy1hFXeX-3C-ubChAdh59YiiyuY16LDVnTQIqtPmk=) has sold twp_frf2blackdragon_mag_10rnd x1 at the trader "Attachments (Oliver [#STR_EXPANSION_MARKET_TRADER_ATTACHMENTS])" in market zone "OUTLIVE Trader" (pos=<4291.589844, 25.247801, 4162.500000>) and got 144.
10:15:29 [Market] Player "Bflame" (id=u7jy1hFXeX-3C-ubChAdh59YiiyuY16LDVnTQIqtPmk=) has send a requested to sell twp_m16a4_mag_30rnd x1 at the trader "Attachments (Oliver [#STR_EXPANSION_MARKET_TRADER_ATTACHMENTS])" in market zone "OUTLIVE Trader" (pos=<4291.589844, 25.247801, 4162.500000>).
10:15:29 [Market] Player "Bflame" (id=u7jy1hFXeX-3C-ubChAdh59YiiyuY16LDVnTQIqtPmk=) has sold twp_m16a4_mag_30rnd x1 at the trader "Attachments (Oliver [#STR_EXPANSION_MARKET_TRADER_ATTACHMENTS])" in market zone "OUTLIVE Trader" (pos=<4291.589844, 25.247801, 4162.500000>) and got 240.
10:15:32 [Market] Player "Bflame" (id=u7jy1hFXeX-3C-ubChAdh59YiiyuY16LDVnTQIqtPmk=) has send a requested to sell twp_stoner63_mag_30rnd x1 at the trader "Attachments (Oliver [#STR_EXPANSION_MARKET_TRADER_ATTACHMENTS])" in market zone "OUTLIVE Trader" (pos=<4291.589844, 25.247801, 4162.500000>).
10:15:32 [Market] Player "Bflame" (id=u7jy1hFXeX-3C-ubChAdh59YiiyuY16LDVnTQIqtPmk=) has sold twp_stoner63_mag_30rnd x1 at the trader "Attachments (Oliver [#STR_EXPANSION_MARKET_TRADER_ATTACHMENTS])" in market zone "OUTLIVE Trader" (pos=<4291.589844, 25.247801, 4162.500000>) and got 278.
10:15:34 [Market] Player "Bflame" (id=u7jy1hFXeX-3C-ubChAdh59YiiyuY16LDVnTQIqtPmk=) has send a requested to sell mag_cz527_5rnd x1 at the trader "Attachments (Oliver [#STR_EXPANSION_MARKET_TRADER_ATTACHMENTS])" in market zone "OUTLIVE Trader" (pos=<4291.589844, 25.247801, 4162.500000>).
10:15:34 [Market] Player "Bflame" (id=u7jy1hFXeX-3C-ubChAdh59YiiyuY16LDVnTQIqtPmk=) has sold mag_cz527_5rnd x1 at the trader "Attachments (Oliver [#STR_EXPANSION_MARKET_TRADER_ATTACHMENTS])" in market zone "OUTLIVE Trader" (pos=<4291.589844, 25.247801, 4162.500000>) and got 69.
10:15:36 [VehicleCarKey] Player "Fjindra" (id=KEeyuhDsYLiECEFdBCYpCgFI-MzMaMCWXF6DqS5ShMM= pos=<1859.704712, 40.032497, 6519.608887>) used the  ExpansionCarKey to lock a Hatchback_02
10:16:13 [ATM Locker] Player "Bflame" (id=u7jy1hFXeX-3C-ubChAdh59YiiyuY16LDVnTQIqtPmk=) has deposited 9000 on his ATM account.
10:16:50 [Market] Player "Bflame" (id=u7jy1hFXeX-3C-ubChAdh59YiiyuY16LDVnTQIqtPmk=) has send a requested to sell sewingkit x1 at the trader "Clothing (Linda [#STR_EXPANSION_MARKET_TRADER_CLOTHING])" in market zone "OUTLIVE Trader" (pos=<4291.589844, 25.247801, 4162.500000>).
10:16:50 [Market] Player "Bflame" (id=u7jy1hFXeX-3C-ubChAdh59YiiyuY16LDVnTQIqtPmk=) has sold sewingkit x1 at the trader "Clothing (Linda [#STR_EXPANSION_MARKET_TRADER_CLOTHING])" in market zone "OUTLIVE Trader" (pos=<4291.589844, 25.247801, 4162.500000>) and got 150.
10:16:55 [Market] Player "Bflame" (id=u7jy1hFXeX-3C-ubChAdh59YiiyuY16LDVnTQIqtPmk=) has send a requested to sell mvs_comtacs_od x1 at the trader "Clothing (Linda [#STR_EXPANSION_MARKET_TRADER_CLOTHING])" in market zone "OUTLIVE Trader" (pos=<4291.589844, 25.247801, 4162.500000>).
10:16:55 [Market] Player "Bflame" (id=u7jy1hFXeX-3C-ubChAdh59YiiyuY16LDVnTQIqtPmk=) has sold mvs_comtacs_od x1 at the trader "Clothing (Linda [#STR_EXPANSION_MARKET_TRADER_CLOTHING])" in market zone "OUTLIVE Trader" (pos=<4291.589844, 25.247801, 4162.500000>) and got 225.
10:16:55 [Market] Player "Bflame" (id=u7jy1hFXeX-3C-ubChAdh59YiiyuY16LDVnTQIqtPmk=) has send a requested to sell mvs_comtacs_od x1 at the trader "Clothing (Linda [#STR_EXPANSION_MARKET_TRADER_CLOTHING])" in market zone "OUTLIVE Trader" (pos=<4291.589844, 25.247801, 4162.500000>).
10:16:56 [Market] Player "Bflame" (id=u7jy1hFXeX-3C-ubChAdh59YiiyuY16LDVnTQIqtPmk=) has sold mvs_comtacs_od x1 at the trader "Clothing (Linda [#STR_EXPANSION_MARKET_TRADER_CLOTHING])" in market zone "OUTLIVE Trader" (pos=<4291.589844, 25.247801, 4162.500000>) and got 225.
10:18:46 [Market] Player "Bflame" (id=u7jy1hFXeX-3C-ubChAdh59YiiyuY16LDVnTQIqtPmk=) has send a requested to purchase pate x1 from the trader "Consumables (Naomi [#STR_EXPANSION_MARKET_TRADER_CONSUMABLES])" in market zone "OUTLIVE Trader" (pos=<4291.589844, 25.247801, 4162.500000>).
10:18:46 [Market] Player "Bflame" (id=u7jy1hFXeX-3C-ubChAdh59YiiyuY16LDVnTQIqtPmk=) has bought pate x1 from the trader "Consumables (Naomi [#STR_EXPANSION_MARKET_TRADER_CONSUMABLES])" in market zone "OUTLIVE Trader" (pos=<4291.589844, 25.247801, 4162.500000>) for a price of 80.
10:18:48 [Market] Player "Bflame" (id=u7jy1hFXeX-3C-ubChAdh59YiiyuY16LDVnTQIqtPmk=) has send a requested to purchase pate x1 from the trader "Consumables (Naomi [#STR_EXPANSION_MARKET_TRADER_CONSUMABLES])" in market zone "OUTLIVE Trader" (pos=<4291.589844, 25.247801, 4162.500000>).
10:18:48 [Market] Player "Bflame" (id=u7jy1hFXeX-3C-ubChAdh59YiiyuY16LDVnTQIqtPmk=) has bought pate x1 from the trader "Consumables (Naomi [#STR_EXPANSION_MARKET_TRADER_CONSUMABLES])" in market zone "OUTLIVE Trader" (pos=<4291.589844, 25.247801, 4162.500000>) for a price of 80.
10:18:48 [Market] Player "Bflame" (id=u7jy1hFXeX-3C-ubChAdh59YiiyuY16LDVnTQIqtPmk=) has send a requested to purchase pate x1 from the trader "Consumables (Naomi [#STR_EXPANSION_MARKET_TRADER_CONSUMABLES])" in market zone "OUTLIVE Trader" (pos=<4291.589844, 25.247801, 4162.500000>).
10:18:49 [Market] Player "Bflame" (id=u7jy1hFXeX-3C-ubChAdh59YiiyuY16LDVnTQIqtPmk=) has bought pate x1 from the trader "Consumables (Naomi [#STR_EXPANSION_MARKET_TRADER_CONSUMABLES])" in market zone "OUTLIVE Trader" (pos=<4291.589844, 25.247801, 4162.500000>) for a price of 80.
10:18:50 [Market] Player "Bflame" (id=u7jy1hFXeX-3C-ubChAdh59YiiyuY16LDVnTQIqtPmk=) has send a requested to purchase tunacan x1 from the trader "Consumables (Naomi [#STR_EXPANSION_MARKET_TRADER_CONSUMABLES])" in market zone "OUTLIVE Trader" (pos=<4291.589844, 25.247801, 4162.500000>).
10:18:50 [Market] Player "Bflame" (id=u7jy1hFXeX-3C-ubChAdh59YiiyuY16LDVnTQIqtPmk=) has bought tunacan x1 from the trader "Consumables (Naomi [#STR_EXPANSION_MARKET_TRADER_CONSUMABLES])" in market zone "OUTLIVE Trader" (pos=<4291.589844, 25.247801, 4162.500000>) for a price of 200.
10:18:52 [Market] Player "Bflame" (id=u7jy1hFXeX-3C-ubChAdh59YiiyuY16LDVnTQIqtPmk=) has send a requested to purchase powderedmilk x1 from the trader "Consumables (Naomi [#STR_EXPANSION_MARKET_TRADER_CONSUMABLES])" in market zone "OUTLIVE Trader" (pos=<4291.589844, 25.247801, 4162.500000>).
10:18:52 [Market] Player "Bflame" (id=u7jy1hFXeX-3C-ubChAdh59YiiyuY16LDVnTQIqtPmk=) has bought powderedmilk x1 from the trader "Consumables (Naomi [#STR_EXPANSION_MARKET_TRADER_CONSUMABLES])" in market zone "OUTLIVE Trader" (pos=<4291.589844, 25.247801, 4162.500000>) for a price of 150.
10:19:00 [ATM Locker] Player "Bflame" (id=u7jy1hFXeX-3C-ubChAdh59YiiyuY16LDVnTQIqtPmk=) has withdrawn 10 from his ATM account.
10:19:01 [ATM Locker] Player "Bflame" (id=u7jy1hFXeX-3C-ubChAdh59YiiyuY16LDVnTQIqtPmk=) has deposited 10 on his ATM account.
10:19:02 [ATM Locker] Player "Bflame" (id=u7jy1hFXeX-3C-ubChAdh59YiiyuY16LDVnTQIqtPmk=) has deposited 10 on his ATM account.
10:20:55 [VehicleCarKey] Player "Bflame" (id=u7jy1hFXeX-3C-ubChAdh59YiiyuY16LDVnTQIqtPmk= pos=<4262.814941, 11.482223, 4195.056152>) used the  ExpansionCarKey to unlock a Expansion_Landrover_Green
10:22:11 [VehicleCarKey] Player "Bflame" (id=u7jy1hFXeX-3C-ubChAdh59YiiyuY16LDVnTQIqtPmk= pos=<4262.814941, 11.482224, 4195.056152>) used the  ExpansionCarKey to lock a Expansion_Landrover_Green
10:30:19 [VehicleCarKey] Player "Bflame" (id=u7jy1hFXeX-3C-ubChAdh59YiiyuY16LDVnTQIqtPmk= pos=<4231.073242, 12.957439, 4195.217285>) used the  ExpansionCarKey to unlock a ExpansionGyrocopter
10:30:53 [Safezone] Player "Bflame" (id=u7jy1hFXeX-3C-ubChAdh59YiiyuY16LDVnTQIqtPmk= pos=<4277.509277, 77.328751, 3707.825195>) Left the safezone
10:32:34 [Safezone] Player "Chance" (id=5mYS6njOA1E481BGvqykdIlkcfAO6fqkCELivJdds-E= pos=<9971.737305, 8.619150, 5319.873047>) Entered the safezone
10:35:02 [Safezone] Player "Chance" (id=5mYS6njOA1E481BGvqykdIlkcfAO6fqkCELivJdds-E= pos=<10008.684570, 9.285398, 5283.986816>) Left the safezone
10:35:51 [Safezone] Player "Chance" (id=5mYS6njOA1E481BGvqykdIlkcfAO6fqkCELivJdds-E= pos=<9982.334961, 10.190356, 5329.374023>) Entered the safezone
10:36:51 [VehicleCarKey] Player "Bflame" (id=u7jy1hFXeX-3C-ubChAdh59YiiyuY16LDVnTQIqtPmk= pos=<987.174744, 19.202080, 2374.466064>) used the  ExpansionCarKey to lock a ExpansionGyrocopter
10:38:39 [Safezone] Player "Chance" (id=5mYS6njOA1E481BGvqykdIlkcfAO6fqkCELivJdds-E= pos=<9874.118164, 9.668200, 5451.384277>) Left the safezone
10:39:00 [VehicleCarKey] Player "Fjindra" (id=KEeyuhDsYLiECEFdBCYpCgFI-MzMaMCWXF6DqS5ShMM= pos=<1585.682861, 41.956287, 7635.924316>) used the  ExpansionCarKey to lock a Hatchback_02
10:40:17 [Safezone] Player "Chance" (id=5mYS6njOA1E481BGvqykdIlkcfAO6fqkCELivJdds-E= pos=<9920.911133, 8.619131, 5399.701172>) Entered the safezone
10:43:25 [Safezone] Player "Chance" (id=5mYS6njOA1E481BGvqykdIlkcfAO6fqkCELivJdds-E= pos=<9996.919922, 10.661830, 5413.849121>) Left the safezone
10:43:30 [Safezone] Player "Chance" (id=5mYS6njOA1E481BGvqykdIlkcfAO6fqkCELivJdds-E= pos=<9985.411133, 10.486262, 5383.929199>) Entered the safezone
10:43:55 [Safezone] Player "Chance" (id=5mYS6njOA1E481BGvqykdIlkcfAO6fqkCELivJdds-E= pos=<9953.000000, 8.616254, 5245.797363>) Left the safezone
10:51:48 [VehicleCarKey] Player "Bflame" (id=u7jy1hFXeX-3C-ubChAdh59YiiyuY16LDVnTQIqtPmk= pos=<986.226196, 19.174675, 2376.681152>) used the  ExpansionCarKey to unlock a ExpansionGyrocopter
10:53:24 [VehicleCarKey] Player "Bflame" (id=u7jy1hFXeX-3C-ubChAdh59YiiyuY16LDVnTQIqtPmk= pos=<1903.792236, 18.619884, 2216.136230>) used the  ExpansionCarKey to lock a ExpansionGyrocopter
10:55:13 [MissionAirdrop] An airdrop is heading towards "SouthEast" (pos=<7892.000000, 0.000000, 1340.000000> type=Random_SouthEast) with a ExpansionAirdropContainer
10:55:13 [MissionAirdrop] An airdrop is heading towards "Obing" (pos=<6316.000000, 0.000000, 9204.000000> type=Random_Obing) with a ExpansionAirdropContainer_Medical
10:57:43 [VehicleCarKey] Player "Bflame" (id=u7jy1hFXeX-3C-ubChAdh59YiiyuY16LDVnTQIqtPmk= pos=<1904.179932, 18.623079, 2215.555420>) used the  ExpansionCarKey to unlock a ExpansionGyrocopter
11:02:36 [VehicleCarKey] Player "Bflame" (id=u7jy1hFXeX-3C-ubChAdh59YiiyuY16LDVnTQIqtPmk= pos=<7279.548340, 21.746767, 1209.966553>) used the  ExpansionCarKey to lock a ExpansionGyrocopter
11:04:10 [VehicleCarKey] Player "Fjindra" (id=KEeyuhDsYLiECEFdBCYpCgFI-MzMaMCWXF6DqS5ShMM= pos=<1911.883911, 23.742886, 8253.986328>) used the  ExpansionCarKey to lock a Hatchback_02
11:05:16 [Safezone] Player "Chance" (id=5mYS6njOA1E481BGvqykdIlkcfAO6fqkCELivJdds-E= pos=<9974.505859, 8.618943, 5322.342285>) Entered the safezone
11:11:47 [VehicleCarKey] Player "Fjindra" (id=KEeyuhDsYLiECEFdBCYpCgFI-MzMaMCWXF6DqS5ShMM= pos=<2163.473877, 6.320144, 8716.176758>) used the  ExpansionCarKey to lock a Hatchback_02
11:14:56 [Safezone] Player "Chance" (id=5mYS6njOA1E481BGvqykdIlkcfAO6fqkCELivJdds-E= pos=<9947.467773, 10.788274, 5357.236816>) Entered the safezone
11:15:33 [Safezone] Player "Chance" (id=5mYS6njOA1E481BGvqykdIlkcfAO6fqkCELivJdds-E= pos=<10001.813477, 12.607671, 5455.260254>) Left the safezone
11:15:50 [Safezone] Player "Chance" (id=5mYS6njOA1E481BGvqykdIlkcfAO6fqkCELivJdds-E= pos=<9993.106445, 12.728122, 5374.737793>) Entered the safezone
11:16:09 [Safezone] Player "Chance" (id=5mYS6njOA1E481BGvqykdIlkcfAO6fqkCELivJdds-E= pos=<9979.592773, 10.016285, 5313.274902>) Left the safezone
11:28:27 [VehicleCarKey] Player "Fjindra" (id=KEeyuhDsYLiECEFdBCYpCgFI-MzMaMCWXF6DqS5ShMM= pos=<2185.487793, 5.578165, 8740.554688>) used the  ExpansionCarKey to unlock a Hatchback_02
11:28:32 [VehicleCarKey] Player "Fjindra" (id=KEeyuhDsYLiECEFdBCYpCgFI-MzMaMCWXF6DqS5ShMM= pos=<2185.832031, 5.561053, 8740.924805>) used the  ExpansionCarKey to lock a Hatchback_02
11:39:09 [Killfeed] Chance bled out.
11:42:46 [Chat - Global]("Bflame"(id=u7jy1hFXeX-3C-ubChAdh59YiiyuY16LDVnTQIqtPmk=)): kto bol tu dole pridrope?
11:42:51 [Chat - Global]("Bflame"(id=u7jy1hFXeX-3C-ubChAdh59YiiyuY16LDVnTQIqtPmk=)): drope
11:43:10 [Chat - Global]("Majky"(id=wvz1jGdA27Eb3vtZqqzBgGv9Su_0oOujtdP3UqN1c-g=)): asi ten Chance :D 
11:43:43 [Chat - Global]("Bflame"(id=u7jy1hFXeX-3C-ubChAdh59YiiyuY16LDVnTQIqtPmk=)): myslim ze mu vlci dali co preto
11:43:56 [Chat - Global]("Majky"(id=wvz1jGdA27Eb3vtZqqzBgGv9Su_0oOujtdP3UqN1c-g=)): asi áno keď vykrvácal :D 
11:44:25 [Chat - Global]("Bflame"(id=u7jy1hFXeX-3C-ubChAdh59YiiyuY16LDVnTQIqtPmk=)): do rici som mu chcel pomoct ale zdrhol mi z dohladu
11:45:08 [Chat - Global]("Majky"(id=wvz1jGdA27Eb3vtZqqzBgGv9Su_0oOujtdP3UqN1c-g=)): to je nejaký Anglán . 
11:45:14 [Chat - Global]("Majky"(id=wvz1jGdA27Eb3vtZqqzBgGv9Su_0oOujtdP3UqN1c-g=)): vraj 
