08:02:39 [AI Object Patrol] Generating an example config...
08:40:33 [Expansion Quests] - SetupClientData - Loaded existing player quest data for player with UID: wvz1jGdA27Eb3vtZqqzBgGv9Su_0oOujtdP3UqN1c-g=
08:40:33 [Expansion Quests] - PlayerQuestsInit - Create new quest instance for quest: 23 - Creator UID: wvz1jGdA27Eb3vtZqqzBgGv9Su_0oOujtdP3UqN1c-g=
08:40:33 [Expansion Quests] - PlayerQuestsInit - Create new quest instance for quest: 11 - Creator UID: wvz1jGdA27Eb3vtZqqzBgGv9Su_0oOujtdP3UqN1c-g=
08:40:33 [Expansion Quests] - PlayerQuestsInit - Create new quest instance for quest: 1 - Creator UID: wvz1jGdA27Eb3vtZqqzBgGv9Su_0oOujtdP3UqN1c-g=
08:40:33 [Expansion Quests] - PlayerQuestsInit - Create new quest instance for quest: 6 - Creator UID: wvz1jGdA27Eb3vtZqqzBgGv9Su_0oOujtdP3UqN1c-g=
08:40:33 [Expansion Quests] - PlayerQuestsInit - Create new quest instance for quest: 7 - Creator UID: wvz1jGdA27Eb3vtZqqzBgGv9Su_0oOujtdP3UqN1c-g=
08:40:33 [Expansion Quests] - PlayerQuestsInit - Create new quest instance for quest: 10 - Creator UID: wvz1jGdA27Eb3vtZqqzBgGv9Su_0oOujtdP3UqN1c-g=
08:45:36 [MissionAirdrop] An airdrop is heading towards "SouthEast" (pos=<7892.000000, 0.000000, 1340.000000> type=Random_SouthEast) with a ExpansionAirdropContainer_Military
08:45:36 [MissionAirdrop] An airdrop is heading towards "Airport" (pos=<8307.879883, 0.000000, 924.599976> type=Random_Airport) with a ExpansionAirdropContainer_Basebuilding
08:58:39 [VehicleCarKey] Player "Majky" (id=wvz1jGdA27Eb3vtZqqzBgGv9Su_0oOujtdP3UqN1c-g= pos=<3445.144287, 3.608268, 5426.880859>) used the  ExpansionCarKey to unlock a ExpansionGyrocopter
08:58:44 [VehicleCarKey] Player "Majky" (id=wvz1jGdA27Eb3vtZqqzBgGv9Su_0oOujtdP3UqN1c-g= pos=<3445.144287, 3.608274, 5426.880859>) used the  ExpansionCarKey to lock a ExpansionGyrocopter
08:59:37 [VehicleCarKey] Player "Majky" (id=wvz1jGdA27Eb3vtZqqzBgGv9Su_0oOujtdP3UqN1c-g= pos=<3442.273682, 3.591589, 5426.500488>) used the  ExpansionCarKey to unlock a ExpansionGyrocopter
09:06:29 [Expansion Quests] - CompleteQuest - Player with UID wvz1jGdA27Eb3vtZqqzBgGv9Su_0oOujtdP3UqN1c-g= has completed quest 1
09:06:29 [Expansion Quests] - ExpansionQuest - Quest owner ID: wvz1jGdA27Eb3vtZqqzBgGv9Su_0oOujtdP3UqN1c-g=
09:06:29 [Expansion Quests] - ExpansionQuest - Quest ID: 1
09:06:29 [Expansion Quests] - ExpansionQuest - Quest state: 3
09:06:29 [Expansion Quests] - ExpansionQuest - Quest completed: true
09:06:35 [Expansion Quests] - CreateQuestInstance - Created new quest instance for player with UID wvz1jGdA27Eb3vtZqqzBgGv9Su_0oOujtdP3UqN1c-g= for quest 21
09:06:35 [Expansion Quests] - ExpansionQuest - Quest owner ID: wvz1jGdA27Eb3vtZqqzBgGv9Su_0oOujtdP3UqN1c-g=
09:06:35 [Expansion Quests] - ExpansionQuest - Quest ID: 21
09:06:35 [Expansion Quests] - ExpansionQuest - Quest state: 1
09:06:35 [Expansion Quests] - ExpansionQuest - Quest completed: false
09:06:43 [Expansion Quests] - CreateQuestInstance - Created new quest instance for player with UID wvz1jGdA27Eb3vtZqqzBgGv9Su_0oOujtdP3UqN1c-g= for quest 2
09:06:43 [Expansion Quests] - ExpansionQuest - Quest owner ID: wvz1jGdA27Eb3vtZqqzBgGv9Su_0oOujtdP3UqN1c-g=
09:06:43 [Expansion Quests] - ExpansionQuest - Quest ID: 2
09:06:43 [Expansion Quests] - ExpansionQuest - Quest state: 1
09:06:43 [Expansion Quests] - ExpansionQuest - Quest completed: false
09:06:52 [Expansion Quests] - CreateQuestInstance - Created new quest instance for player with UID wvz1jGdA27Eb3vtZqqzBgGv9Su_0oOujtdP3UqN1c-g= for quest 9
09:06:52 [Expansion Quests] - ExpansionQuest - Quest owner ID: wvz1jGdA27Eb3vtZqqzBgGv9Su_0oOujtdP3UqN1c-g=
09:06:52 [Expansion Quests] - ExpansionQuest - Quest ID: 9
09:06:52 [Expansion Quests] - ExpansionQuest - Quest state: 1
09:06:52 [Expansion Quests] - ExpansionQuest - Quest completed: false
09:21:18 [VehicleCarKey] Player "Majky" (id=wvz1jGdA27Eb3vtZqqzBgGv9Su_0oOujtdP3UqN1c-g= pos=<4901.591797, 5.140931, 8429.143555>) used the  ExpansionCarKey to lock a ExpansionGyrocopter
09:24:49 [Expansion Quests] - CompleteQuest - Player with UID wvz1jGdA27Eb3vtZqqzBgGv9Su_0oOujtdP3UqN1c-g= has completed quest 2
09:24:49 [Expansion Quests] - ExpansionQuest - Quest owner ID: wvz1jGdA27Eb3vtZqqzBgGv9Su_0oOujtdP3UqN1c-g=
09:24:49 [Expansion Quests] - ExpansionQuest - Quest ID: 2
09:24:49 [Expansion Quests] - ExpansionQuest - Quest state: 3
09:24:49 [Expansion Quests] - ExpansionQuest - Quest completed: true
09:25:01 [Expansion Quests] - CreateQuestInstance - Created new quest instance for player with UID wvz1jGdA27Eb3vtZqqzBgGv9Su_0oOujtdP3UqN1c-g= for quest 3
09:25:01 [Expansion Quests] - ExpansionQuest - Quest owner ID: wvz1jGdA27Eb3vtZqqzBgGv9Su_0oOujtdP3UqN1c-g=
09:25:01 [Expansion Quests] - ExpansionQuest - Quest ID: 3
09:25:01 [Expansion Quests] - ExpansionQuest - Quest state: 1
09:25:01 [Expansion Quests] - ExpansionQuest - Quest completed: false
09:25:09 [Expansion Quests] - CreateQuestInstance - Created new quest instance for player with UID wvz1jGdA27Eb3vtZqqzBgGv9Su_0oOujtdP3UqN1c-g= for quest 24
09:25:09 [Expansion Quests] - ExpansionQuest - Quest owner ID: wvz1jGdA27Eb3vtZqqzBgGv9Su_0oOujtdP3UqN1c-g=
09:25:09 [Expansion Quests] - ExpansionQuest - Quest ID: 24
09:25:09 [Expansion Quests] - ExpansionQuest - Quest state: 1
09:25:09 [Expansion Quests] - ExpansionQuest - Quest completed: false
09:32:39 [VehicleCarKey] Player "Majky" (id=wvz1jGdA27Eb3vtZqqzBgGv9Su_0oOujtdP3UqN1c-g= pos=<4901.430664, 5.060081, 8428.104492>) used the  ExpansionCarKey to unlock a ExpansionGyrocopter
09:53:52 [Expansion Quests] - CreateQuestInstance - Created new quest instance for player with UID wvz1jGdA27Eb3vtZqqzBgGv9Su_0oOujtdP3UqN1c-g= for quest 15
09:53:52 [Expansion Quests] - ExpansionQuest - Quest owner ID: wvz1jGdA27Eb3vtZqqzBgGv9Su_0oOujtdP3UqN1c-g=
09:53:52 [Expansion Quests] - ExpansionQuest - Quest ID: 15
09:53:52 [Expansion Quests] - ExpansionQuest - Quest state: 1
09:53:52 [Expansion Quests] - ExpansionQuest - Quest completed: false
09:54:08 [Expansion Quests] - CreateQuestInstance - Created new quest instance for player with UID wvz1jGdA27Eb3vtZqqzBgGv9Su_0oOujtdP3UqN1c-g= for quest 22
09:54:08 [Expansion Quests] - ExpansionQuest - Quest owner ID: wvz1jGdA27Eb3vtZqqzBgGv9Su_0oOujtdP3UqN1c-g=
09:54:08 [Expansion Quests] - ExpansionQuest - Quest ID: 22
09:54:08 [Expansion Quests] - ExpansionQuest - Quest state: 1
09:54:08 [Expansion Quests] - ExpansionQuest - Quest completed: false
09:58:03 [VehicleCarKey] Player "Majky" (id=wvz1jGdA27Eb3vtZqqzBgGv9Su_0oOujtdP3UqN1c-g= pos=<9902.453125, 9.128445, 5410.530273>) used the  ExpansionCarKey to lock a ExpansionGyrocopter
09:58:06 [Safezone] Player "Majky" (id=wvz1jGdA27Eb3vtZqqzBgGv9Su_0oOujtdP3UqN1c-g= pos=<9915.686523, 8.591125, 5399.224121>) Entered the safezone
10:00:16 [VehicleCarKey] Player "Majky" (id=wvz1jGdA27Eb3vtZqqzBgGv9Su_0oOujtdP3UqN1c-g= pos=<9902.804688, 9.128446, 5410.579590>) used the  ExpansionCarKey to unlock a ExpansionGyrocopter
10:00:21 [Safezone] Player "Majky" (id=wvz1jGdA27Eb3vtZqqzBgGv9Su_0oOujtdP3UqN1c-g= pos=<9901.647461, 9.743916, 5411.645508>) Left the safezone
10:05:45 [VehicleCarKey] Player "Majky" (id=wvz1jGdA27Eb3vtZqqzBgGv9Su_0oOujtdP3UqN1c-g= pos=<7621.440918, 2.993011, 789.373352>) used the  ExpansionCarKey to lock a ExpansionGyrocopter
10:07:42 [Expansion Quests] - CompleteQuest - Player with UID wvz1jGdA27Eb3vtZqqzBgGv9Su_0oOujtdP3UqN1c-g= has completed quest 10
10:07:42 [Expansion Quests] - ExpansionQuest - Quest owner ID: wvz1jGdA27Eb3vtZqqzBgGv9Su_0oOujtdP3UqN1c-g=
10:07:42 [Expansion Quests] - ExpansionQuest - Quest ID: 10
10:07:42 [Expansion Quests] - ExpansionQuest - Quest state: 3
10:07:42 [Expansion Quests] - ExpansionQuest - Quest completed: true
10:07:47 [Expansion Quests] - CompleteQuest - Player with UID wvz1jGdA27Eb3vtZqqzBgGv9Su_0oOujtdP3UqN1c-g= has completed quest 24
10:07:47 [Expansion Quests] - ExpansionQuest - Quest owner ID: wvz1jGdA27Eb3vtZqqzBgGv9Su_0oOujtdP3UqN1c-g=
10:07:47 [Expansion Quests] - ExpansionQuest - Quest ID: 24
10:07:47 [Expansion Quests] - ExpansionQuest - Quest state: 3
10:07:47 [Expansion Quests] - ExpansionQuest - Quest completed: true
10:09:12 [MissionAirdrop] An airdrop is heading towards "Obing" (pos=<6316.000000, 0.000000, 9204.000000> type=Random_Obing) with a ExpansionAirdropContainer_Military
10:09:12 [MissionAirdrop] An airdrop is heading towards "Prien" (pos=<4452.000000, 0.000000, 2196.000000> type=Random_Prien) with a ExpansionAirdropContainer
