16:59:12 [Expansion Quests] - SetupClientData - Loaded existend player quest data for player with UID: Zrh9hHGK1XBVjxDTN7UcanX0mWXnB78iUz91_fnR0Lc=
16:59:12 [Expansion Quests] - PlayerQuestsInit - Create new quest instance for quest: 20 - Creator UID: Zrh9hHGK1XBVjxDTN7UcanX0mWXnB78iUz91_fnR0Lc=
16:59:12 [Expansion Quests] - PlayerQuestsInit - Create new quest instance for quest: 23 - Creator UID: Zrh9hHGK1XBVjxDTN7UcanX0mWXnB78iUz91_fnR0Lc=
17:04:17 [MissionAirdrop] An airdrop is heading towards "Weitmoos" (pos=<6222.000000, 0.000000, 9723.000000> type=Random_Weitmoos) with a ExpansionAirdropContainer_Medical
17:04:17 [MissionAirdrop] An airdrop is heading towards "Herrnchiemsee" (pos=<7218.000000, 0.000000, 3495.000000> type=Random_Herrnchiemsee) with a ExpansionAirdropContainer
17:30:24 [Expansion Quests] - SetupClientData - Loaded existend player quest data for player with UID: OWXX6Y-5LFd-7A6ELi2o-QPO0kjmZUMZvMTKL0AQ_q0=
17:30:24 [Expansion Quests] - PlayerQuestsInit - Create new quest instance for quest: 20 - Creator UID: OWXX6Y-5LFd-7A6ELi2o-QPO0kjmZUMZvMTKL0AQ_q0=
17:30:24 [Expansion Quests] - PlayerQuestsInit - Create new quest instance for quest: 23 - Creator UID: OWXX6Y-5LFd-7A6ELi2o-QPO0kjmZUMZvMTKL0AQ_q0=
17:30:24 [Expansion Quests] - PlayerQuestsInit - Create new quest instance for quest: 21 - Creator UID: OWXX6Y-5LFd-7A6ELi2o-QPO0kjmZUMZvMTKL0AQ_q0=
17:52:44 [Expansion Quests] - SetupClientData - Loaded existend player quest data for player with UID: S9XeA0hkzh0BuQ40IZp9f43dJV0cx5VEKx2whZkh39A=
17:52:44 [Expansion Quests] - PlayerQuestsInit - Create new quest instance for quest: 20 - Creator UID: S9XeA0hkzh0BuQ40IZp9f43dJV0cx5VEKx2whZkh39A=
17:52:44 [Expansion Quests] - PlayerQuestsInit - Create new quest instance for quest: 23 - Creator UID: S9XeA0hkzh0BuQ40IZp9f43dJV0cx5VEKx2whZkh39A=
17:52:59 [Chat - Global]("Casper"(id=S9XeA0hkzh0BuQ40IZp9f43dJV0cx5VEKx2whZkh39A=)): hoj
17:54:14 [Chat - Global]("MADness"(id=OWXX6Y-5LFd-7A6ELi2o-QPO0kjmZUMZvMTKL0AQ_q0=)): Ahojky
17:55:16 [Chat - Global]("MADness"(id=OWXX6Y-5LFd-7A6ELi2o-QPO0kjmZUMZvMTKL0AQ_q0=)): Jak to jde?
17:55:46 [Chat - Global]("Casper"(id=S9XeA0hkzh0BuQ40IZp9f43dJV0cx5VEKx2whZkh39A=)): jsem tu druhy den takze nevim jeste :D
17:56:05 [Chat - Global]("MADness"(id=OWXX6Y-5LFd-7A6ELi2o-QPO0kjmZUMZvMTKL0AQ_q0=)): Ono to půjde, kdyby něco jsem k dispozici :)
17:56:11 [Chat - Global]("Casper"(id=S9XeA0hkzh0BuQ40IZp9f43dJV0cx5VEKx2whZkh39A=)): v poho
17:56:24 [Chat - Global]("Casper"(id=S9XeA0hkzh0BuQ40IZp9f43dJV0cx5VEKx2whZkh39A=)): akorat mam problem s nabojema :D
17:56:31 [Chat - Global]("Casper"(id=S9XeA0hkzh0BuQ40IZp9f43dJV0cx5VEKx2whZkh39A=)): moc jich tu neni :D
17:56:45 [Chat - Global]("MADness"(id=OWXX6Y-5LFd-7A6ELi2o-QPO0kjmZUMZvMTKL0AQ_q0=)): špatně hledáš :D nebo střílíš špatnýma :D 
17:57:08 [Chat - Global]("MADness"(id=OWXX6Y-5LFd-7A6ELi2o-QPO0kjmZUMZvMTKL0AQ_q0=)): militarkovy zombici maji kolem 70 7.62x39
18:01:08 [Chat - Global]("MADness"(id=OWXX6Y-5LFd-7A6ELi2o-QPO0kjmZUMZvMTKL0AQ_q0=)): mj. tu máme NPCčka, u kterých si muzes vyzvednout ukoly
18:06:16 [Chat - Global]("Casper"(id=S9XeA0hkzh0BuQ40IZp9f43dJV0cx5VEKx2whZkh39A=)): tvle kolik jich tu je :D
18:06:38 [Chat - Global]("MADness"(id=OWXX6Y-5LFd-7A6ELi2o-QPO0kjmZUMZvMTKL0AQ_q0=)): Vzhledem k tomu, jak se ptáš, tak HerrenInsel?
18:10:39 [Chat - Global]("Casper"(id=S9XeA0hkzh0BuQ40IZp9f43dJV0cx5VEKx2whZkh39A=)): tady je bedna a nejde otevrit
18:10:48 [Chat - Global]("MADness"(id=OWXX6Y-5LFd-7A6ELi2o-QPO0kjmZUMZvMTKL0AQ_q0=)): military crate?
18:10:50 [Chat - Global]("Casper"(id=S9XeA0hkzh0BuQ40IZp9f43dJV0cx5VEKx2whZkh39A=)): jj
18:10:56 [Chat - Global]("MADness"(id=OWXX6Y-5LFd-7A6ELi2o-QPO0kjmZUMZvMTKL0AQ_q0=)): perlik, pacidlo, sperhak
18:11:56 [Chat - Global]("MADness"(id=OWXX6Y-5LFd-7A6ELi2o-QPO0kjmZUMZvMTKL0AQ_q0=)): Casper - známe se z nějakého serveru?
18:14:30 [Killfeed] Pilly got killed by an Infected.
18:14:43 [Expansion Quests] - SetupClientData - Loaded existend player quest data for player with UID: Zrh9hHGK1XBVjxDTN7UcanX0mWXnB78iUz91_fnR0Lc=
18:26:50 [Safezone] Player "Bflame" (id=u7jy1hFXeX-3C-ubChAdh59YiiyuY16LDVnTQIqtPmk= pos=<4187.136230, 15.385389, 4131.680176>) Entered the safezone
18:26:50 [Expansion Quests] - SetupClientData - Loaded existend player quest data for player with UID: u7jy1hFXeX-3C-ubChAdh59YiiyuY16LDVnTQIqtPmk=
18:26:50 [Expansion Quests] - PlayerQuestsInit - Create new quest instance for quest: 23 - Creator UID: u7jy1hFXeX-3C-ubChAdh59YiiyuY16LDVnTQIqtPmk=
18:26:50 [Expansion Quests] - PlayerQuestsInit - Create new quest instance for quest: 4 - Creator UID: u7jy1hFXeX-3C-ubChAdh59YiiyuY16LDVnTQIqtPmk=
18:26:50 [Expansion Quests] - PlayerQuestsInit - Create new quest instance for quest: 13 - Creator UID: u7jy1hFXeX-3C-ubChAdh59YiiyuY16LDVnTQIqtPmk=
18:26:50 [Expansion Quests] - PlayerQuestsInit - Create new quest instance for quest: 12 - Creator UID: u7jy1hFXeX-3C-ubChAdh59YiiyuY16LDVnTQIqtPmk=
18:26:50 [Expansion Quests] - PlayerQuestsInit - Create new quest instance for quest: 11 - Creator UID: u7jy1hFXeX-3C-ubChAdh59YiiyuY16LDVnTQIqtPmk=
18:27:08 [Chat - Global]("Casper"(id=S9XeA0hkzh0BuQ40IZp9f43dJV0cx5VEKx2whZkh39A=)): je to mozny
18:27:17 [Chat - Global]("MADness"(id=OWXX6Y-5LFd-7A6ELi2o-QPO0kjmZUMZvMTKL0AQ_q0=)): od Raduse, což?
18:27:28 [Chat - Global]("Bflame"(id=u7jy1hFXeX-3C-ubChAdh59YiiyuY16LDVnTQIqtPmk=)): kam ti donesiem tu travu? :)
18:27:34 [Chat - Global]("Casper"(id=S9XeA0hkzh0BuQ40IZp9f43dJV0cx5VEKx2whZkh39A=)): tvl v ty bedne ani neodpovida zasobnik kua te zbrani :D
18:27:51 [Chat - Global]("Casper"(id=S9XeA0hkzh0BuQ40IZp9f43dJV0cx5VEKx2whZkh39A=)): tisic zbrani a ani jeden zasobnik co potrebuju :D
18:28:00 [Chat - Global]("MADness"(id=OWXX6Y-5LFd-7A6ELi2o-QPO0kjmZUMZvMTKL0AQ_q0=)): Jooooojojojojo, máme to tu také pexeso :D Všude mraky zbrani, mraky zasobniku, ale nic 
18:28:06 [Chat - Global]("MADness"(id=OWXX6Y-5LFd-7A6ELi2o-QPO0kjmZUMZvMTKL0AQ_q0=)): kompatibilní s ničím :D
18:28:11 [Chat - Global]("Casper"(id=S9XeA0hkzh0BuQ40IZp9f43dJV0cx5VEKx2whZkh39A=)): koukam
18:28:38 [Chat - Global]("Bflame"(id=u7jy1hFXeX-3C-ubChAdh59YiiyuY16LDVnTQIqtPmk=)): heej kde ste jake zbrane aj ja chcem
18:29:13 [Chat - Global]("Casper"(id=S9XeA0hkzh0BuQ40IZp9f43dJV0cx5VEKx2whZkh39A=)): vyplati se tahat vlci kuzi
18:29:20 [Chat - Global]("Casper"(id=S9XeA0hkzh0BuQ40IZp9f43dJV0cx5VEKx2whZkh39A=)): mam plnej bagl
18:29:23 [Chat - Global]("MADness"(id=OWXX6Y-5LFd-7A6ELi2o-QPO0kjmZUMZvMTKL0AQ_q0=)): Asi ani uplne ne
18:29:28 [Chat - Global]("Casper"(id=S9XeA0hkzh0BuQ40IZp9f43dJV0cx5VEKx2whZkh39A=)): kua
18:29:30 [Chat - Global]("MADness"(id=OWXX6Y-5LFd-7A6ELi2o-QPO0kjmZUMZvMTKL0AQ_q0=)): musel bys ji vysusit a tak
18:29:30 [Chat - Global]("Casper"(id=S9XeA0hkzh0BuQ40IZp9f43dJV0cx5VEKx2whZkh39A=)): :D
18:29:53 [Chat - Global]("Bflame"(id=u7jy1hFXeX-3C-ubChAdh59YiiyuY16LDVnTQIqtPmk=)): casper tebe som slubil tu travu?
18:30:04 [Chat - Global]("Casper"(id=S9XeA0hkzh0BuQ40IZp9f43dJV0cx5VEKx2whZkh39A=)): nn
18:30:07 [Chat - Global]("MADness"(id=OWXX6Y-5LFd-7A6ELi2o-QPO0kjmZUMZvMTKL0AQ_q0=)): Majkymu ráno
18:30:20 [Chat - Global]("Bflame"(id=u7jy1hFXeX-3C-ubChAdh59YiiyuY16LDVnTQIqtPmk=)): jaaj dik, som musel odist necakane 
18:30:32 [MissionAirdrop] An airdrop is heading towards "Stein" (pos=<4619.000000, 0.000000, 7618.000000> type=Random_Stein) with a ExpansionAirdropContainer_Military
18:30:32 [MissionAirdrop] An airdrop is heading towards "Krater" (pos=<7262.000000, 0.000000, 9618.000000> type=Random_Krater) with a ExpansionAirdropContainer_Military
18:31:26 [Safezone] Player "Bflame" (id=u7jy1hFXeX-3C-ubChAdh59YiiyuY16LDVnTQIqtPmk= pos=<4099.723145, 15.128419, 4357.562500>) Left the safezone
18:33:43 [Expansion Quests] - SetupClientData - Loaded existend player quest data for player with UID: OWXX6Y-5LFd-7A6ELi2o-QPO0kjmZUMZvMTKL0AQ_q0=
18:33:43 [Expansion Quests] - PlayerQuestsInit - Create new quest instance for quest: 20 - Creator UID: OWXX6Y-5LFd-7A6ELi2o-QPO0kjmZUMZvMTKL0AQ_q0=
18:33:43 [Expansion Quests] - PlayerQuestsInit - Create new quest instance for quest: 21 - Creator UID: OWXX6Y-5LFd-7A6ELi2o-QPO0kjmZUMZvMTKL0AQ_q0=
18:35:56 [Killfeed] Pilly got mauled to death by a Wolf.
18:35:58 [Expansion Quests] - CancelQuestServer - Player with UID u7jy1hFXeX-3C-ubChAdh59YiiyuY16LDVnTQIqtPmk= has cancelled quest 21
18:36:00 [Expansion Quests] - CancelQuestServer - Player with UID u7jy1hFXeX-3C-ubChAdh59YiiyuY16LDVnTQIqtPmk= has cancelled quest 21
18:43:34 [VehicleCarKey] Player "Bflame" (id=u7jy1hFXeX-3C-ubChAdh59YiiyuY16LDVnTQIqtPmk= pos=<3432.006592, 11.872362, 5044.563965>) used the  ExpansionCarKey to lock a Expansion_Landrover_Green
18:43:36 [VehicleCarKey] Player "Bflame" (id=u7jy1hFXeX-3C-ubChAdh59YiiyuY16LDVnTQIqtPmk= pos=<3432.006592, 11.872362, 5044.563965>) used the  ExpansionCarKey to unlock a Expansion_Landrover_Green
18:44:14 [VehicleCarKey] Player "Bflame" (id=u7jy1hFXeX-3C-ubChAdh59YiiyuY16LDVnTQIqtPmk= pos=<3432.147705, 11.809385, 5044.924316>) used the  ExpansionCarKey to lock a Expansion_Landrover_Green
19:30:30 [Expansion Quests] - SetupClientData - Loaded existend player quest data for player with UID: S9XeA0hkzh0BuQ40IZp9f43dJV0cx5VEKx2whZkh39A=
19:30:30 [Expansion Quests] - PlayerQuestsInit - Create new quest instance for quest: 20 - Creator UID: S9XeA0hkzh0BuQ40IZp9f43dJV0cx5VEKx2whZkh39A=
19:39:43 [Expansion Quests] - SetupClientData - Loaded existend player quest data for player with UID: u7jy1hFXeX-3C-ubChAdh59YiiyuY16LDVnTQIqtPmk=
19:39:43 [Expansion Quests] - PlayerQuestsInit - Create new quest instance for quest: 23 - Creator UID: u7jy1hFXeX-3C-ubChAdh59YiiyuY16LDVnTQIqtPmk=
19:39:43 [Expansion Quests] - PlayerQuestsInit - Create new quest instance for quest: 13 - Creator UID: u7jy1hFXeX-3C-ubChAdh59YiiyuY16LDVnTQIqtPmk=
19:39:43 [Expansion Quests] - PlayerQuestsInit - Create new quest instance for quest: 11 - Creator UID: u7jy1hFXeX-3C-ubChAdh59YiiyuY16LDVnTQIqtPmk=
19:43:02 [VehicleCarKey] Player "Bflame" (id=u7jy1hFXeX-3C-ubChAdh59YiiyuY16LDVnTQIqtPmk= pos=<3432.307373, 11.877725, 5044.352051>) used the  ExpansionCarKey to unlock a Expansion_Landrover_Green
19:45:13 [VehicleCarKey] Player "Bflame" (id=u7jy1hFXeX-3C-ubChAdh59YiiyuY16LDVnTQIqtPmk= pos=<3284.676758, 27.682745, 4428.757324>) used the  ExpansionCarKey to lock a Expansion_Landrover_Green
19:52:27 [MissionAirdrop] An airdrop is heading towards "Krater" (pos=<7262.000000, 0.000000, 9618.000000> type=Random_Krater) with a ExpansionAirdropContainer_Military
19:52:27 [MissionAirdrop] An airdrop is heading towards "Airport" (pos=<8307.879883, 0.000000, 924.599976> type=Random_Airport) with a ExpansionAirdropContainer_Military
19:59:48 [VehicleCarKey] Player "Bflame" (id=u7jy1hFXeX-3C-ubChAdh59YiiyuY16LDVnTQIqtPmk= pos=<3284.499268, 27.717550, 4429.629395>) used the  ExpansionCarKey to unlock a Expansion_Landrover_Green
