20:02:33 [AI Object Patrol] Generating an example config...
20:12:40 [Safezone] Player "Angel26CZ" (id=7m4g5kj-9ameQQYOn3-ffBnNaSaiVnXK_TVWz7UMVpU= pos=<4221.733398, 10.967119, 4137.489746>) Entered the safezone
20:12:40 [Expansion Quests] - SetupClientData - Loaded existing player quest data for player with UID: 7m4g5kj-9ameQQYOn3-ffBnNaSaiVnXK_TVWz7UMVpU=
20:12:40 [Expansion Quests] - PlayerQuestsInit - Create new quest instance for quest: 19 - Creator UID: 7m4g5kj-9ameQQYOn3-ffBnNaSaiVnXK_TVWz7UMVpU=
20:12:40 [Expansion Quests] - PlayerQuestsInit - Create new quest instance for quest: 20 - Creator UID: 7m4g5kj-9ameQQYOn3-ffBnNaSaiVnXK_TVWz7UMVpU=
20:12:40 [Expansion Quests] - PlayerQuestsInit - Create new quest instance for quest: 23 - Creator UID: 7m4g5kj-9ameQQYOn3-ffBnNaSaiVnXK_TVWz7UMVpU=
20:16:51 [Safezone] Player "Angel26CZ" (id=7m4g5kj-9ameQQYOn3-ffBnNaSaiVnXK_TVWz7UMVpU= pos=<4170.354492, 16.033604, 4106.961914>) Left the safezone
20:17:47 [MissionAirdrop] An airdrop is heading towards "Airport" (pos=<8307.879883, 0.000000, 924.599976> type=Random_Airport) with a ExpansionAirdropContainer_Military
20:17:47 [MissionAirdrop] An airdrop is heading towards "Krautinsel" (pos=<8192.009766, 0.000000, 4341.879883> type=Random_KrautInsel) with a ExpansionAirdropContainer_Military
20:17:47 [Safezone] Player "Angel26CZ" (id=7m4g5kj-9ameQQYOn3-ffBnNaSaiVnXK_TVWz7UMVpU= pos=<4170.882813, 39.748985, 4114.436523>) Entered the safezone
20:18:20 [Safezone] Player "Angel26CZ" (id=7m4g5kj-9ameQQYOn3-ffBnNaSaiVnXK_TVWz7UMVpU= pos=<4169.479492, 39.757374, 4118.397949>) Entered the safezone
20:18:33 [Safezone] Player "Angel26CZ" (id=7m4g5kj-9ameQQYOn3-ffBnNaSaiVnXK_TVWz7UMVpU= pos=<4170.866211, 39.786289, 4108.037598>) Left the safezone
20:18:34 [Safezone] Player "Angel26CZ" (id=7m4g5kj-9ameQQYOn3-ffBnNaSaiVnXK_TVWz7UMVpU= pos=<4173.053711, 39.726891, 4109.136230>) Entered the safezone
20:18:46 [Safezone] Player "Angel26CZ" (id=7m4g5kj-9ameQQYOn3-ffBnNaSaiVnXK_TVWz7UMVpU= pos=<4167.213867, 47.114841, 4111.904785>) Left the safezone
20:18:54 [Safezone] Player "Angel26CZ" (id=7m4g5kj-9ameQQYOn3-ffBnNaSaiVnXK_TVWz7UMVpU= pos=<4169.941895, 47.013733, 4117.322754>) Entered the safezone
20:19:08 [Safezone] Player "Angel26CZ" (id=7m4g5kj-9ameQQYOn3-ffBnNaSaiVnXK_TVWz7UMVpU= pos=<4166.564453, 35.334965, 4106.913086>) Left the safezone
20:19:24 [Safezone] Player "Angel26CZ" (id=7m4g5kj-9ameQQYOn3-ffBnNaSaiVnXK_TVWz7UMVpU= pos=<4174.414551, 15.973488, 4106.551270>) Entered the safezone
20:22:44 [ATM Locker] Player "Angel26CZ" (id=7m4g5kj-9ameQQYOn3-ffBnNaSaiVnXK_TVWz7UMVpU=) has withdrawn 15000 from his ATM account.
20:23:17 [Market] Player "Angel26CZ" (id=7m4g5kj-9ameQQYOn3-ffBnNaSaiVnXK_TVWz7UMVpU=) has send a requested to purchase mag_akm_drum75rnd x1 from the trader "Attachments (Oliver [#STR_EXPANSION_MARKET_TRADER_ATTACHMENTS])" in market zone "OUTLIVE Trader" (pos=<4291.589844, 25.247801, 4162.500000>).
20:23:17 [Market] Player "Angel26CZ" (id=7m4g5kj-9ameQQYOn3-ffBnNaSaiVnXK_TVWz7UMVpU=) has bought mag_akm_drum75rnd x1 from the trader "Attachments (Oliver [#STR_EXPANSION_MARKET_TRADER_ATTACHMENTS])" in market zone "OUTLIVE Trader" (pos=<4291.589844, 25.247801, 4162.500000>) for a price of 5600.
20:24:00 [Market] Player "Angel26CZ" (id=7m4g5kj-9ameQQYOn3-ffBnNaSaiVnXK_TVWz7UMVpU=) has send a requested to purchase mag_akm_30rnd x1 from the trader "Attachments (Oliver [#STR_EXPANSION_MARKET_TRADER_ATTACHMENTS])" in market zone "OUTLIVE Trader" (pos=<4291.589844, 25.247801, 4162.500000>).
20:24:00 [Market] Player "Angel26CZ" (id=7m4g5kj-9ameQQYOn3-ffBnNaSaiVnXK_TVWz7UMVpU=) has bought mag_akm_30rnd x1 from the trader "Attachments (Oliver [#STR_EXPANSION_MARKET_TRADER_ATTACHMENTS])" in market zone "OUTLIVE Trader" (pos=<4291.589844, 25.247801, 4162.500000>) for a price of 1340.
20:24:01 [Market] Player "Angel26CZ" (id=7m4g5kj-9ameQQYOn3-ffBnNaSaiVnXK_TVWz7UMVpU=) has send a requested to purchase mag_akm_30rnd x1 from the trader "Attachments (Oliver [#STR_EXPANSION_MARKET_TRADER_ATTACHMENTS])" in market zone "OUTLIVE Trader" (pos=<4291.589844, 25.247801, 4162.500000>).
20:24:01 [Market] Player "Angel26CZ" (id=7m4g5kj-9ameQQYOn3-ffBnNaSaiVnXK_TVWz7UMVpU=) has bought mag_akm_30rnd x1 from the trader "Attachments (Oliver [#STR_EXPANSION_MARKET_TRADER_ATTACHMENTS])" in market zone "OUTLIVE Trader" (pos=<4291.589844, 25.247801, 4162.500000>) for a price of 1340.
20:24:09 [Market] Player "Angel26CZ" (id=7m4g5kj-9ameQQYOn3-ffBnNaSaiVnXK_TVWz7UMVpU=) has send a requested to purchase mag_stanagcoupled_30rnd x1 from the trader "Attachments (Oliver [#STR_EXPANSION_MARKET_TRADER_ATTACHMENTS])" in market zone "OUTLIVE Trader" (pos=<4291.589844, 25.247801, 4162.500000>).
20:24:10 [Market] Player "Angel26CZ" (id=7m4g5kj-9ameQQYOn3-ffBnNaSaiVnXK_TVWz7UMVpU=) has bought mag_stanagcoupled_30rnd x1 from the trader "Attachments (Oliver [#STR_EXPANSION_MARKET_TRADER_ATTACHMENTS])" in market zone "OUTLIVE Trader" (pos=<4291.589844, 25.247801, 4162.500000>) for a price of 3000.
20:26:40 [Safezone] Player "Angel26CZ" (id=7m4g5kj-9ameQQYOn3-ffBnNaSaiVnXK_TVWz7UMVpU= pos=<4194.715332, 15.911980, 4076.395020>) Entered the safezone
20:28:29 [Market] Player "Angel26CZ" (id=7m4g5kj-9ameQQYOn3-ffBnNaSaiVnXK_TVWz7UMVpU=) has send a requested to purchase mmg_mk5_utility_pouch_black x1 from the trader "Clothing (Linda [#STR_EXPANSION_MARKET_TRADER_CLOTHING])" in market zone "OUTLIVE Trader" (pos=<4291.589844, 25.247801, 4162.500000>).
20:28:29 [Market] Player "Angel26CZ" (id=7m4g5kj-9ameQQYOn3-ffBnNaSaiVnXK_TVWz7UMVpU=) has bought mmg_mk5_utility_pouch_black x1 from the trader "Clothing (Linda [#STR_EXPANSION_MARKET_TRADER_CLOTHING])" in market zone "OUTLIVE Trader" (pos=<4291.589844, 25.247801, 4162.500000>) for a price of 2000.
20:30:20 [ATM Locker] Player "Angel26CZ" (id=7m4g5kj-9ameQQYOn3-ffBnNaSaiVnXK_TVWz7UMVpU=) has deposited 1720 on his ATM account.
20:31:47 [Safezone] Player "Angel26CZ" (id=7m4g5kj-9ameQQYOn3-ffBnNaSaiVnXK_TVWz7UMVpU= pos=<4410.461426, 4.032500, 4007.653564>) Left the safezone
20:40:48 [Expansion Quests] - CompleteQuest - Player with UID 7m4g5kj-9ameQQYOn3-ffBnNaSaiVnXK_TVWz7UMVpU= has completed quest 19
20:40:48 [Expansion Quests] - ExpansionQuest - Quest owner ID: 7m4g5kj-9ameQQYOn3-ffBnNaSaiVnXK_TVWz7UMVpU=
20:40:48 [Expansion Quests] - ExpansionQuest - Quest ID: 19
20:40:48 [Expansion Quests] - ExpansionQuest - Quest state: 3
20:40:48 [Expansion Quests] - ExpansionQuest - Quest completed: true
20:55:15 [Expansion Quests] - SetupClientData - Loaded existing player quest data for player with UID: OWXX6Y-5LFd-7A6ELi2o-QPO0kjmZUMZvMTKL0AQ_q0=
20:55:15 [Expansion Quests] - PlayerQuestsInit - Create new quest instance for quest: 23 - Creator UID: OWXX6Y-5LFd-7A6ELi2o-QPO0kjmZUMZvMTKL0AQ_q0=
20:59:01 [Chat - Global]("MADness"(id=OWXX6Y-5LFd-7A6ELi2o-QPO0kjmZUMZvMTKL0AQ_q0=)): Dobrý večer
21:05:20 [Chat - Global]("Angel26CZ"(id=7m4g5kj-9ameQQYOn3-ffBnNaSaiVnXK_TVWz7UMVpU=)): též zdravim 
21:05:32 [Chat - Global]("MADness"(id=OWXX6Y-5LFd-7A6ELi2o-QPO0kjmZUMZvMTKL0AQ_q0=)): jak to jde?
21:05:57 [Chat - Global]("Angel26CZ"(id=7m4g5kj-9ameQQYOn3-ffBnNaSaiVnXK_TVWz7UMVpU=)): zombie mě bacil a chytil jsem nějakýho bacila :D
21:06:11 [Chat - Global]("Angel26CZ"(id=7m4g5kj-9ameQQYOn3-ffBnNaSaiVnXK_TVWz7UMVpU=)): jinak dobře
21:06:16 [Chat - Global]("MADness"(id=OWXX6Y-5LFd-7A6ELi2o-QPO0kjmZUMZvMTKL0AQ_q0=)): zombik spatnej nedobrej :D 
21:06:23 [Chat - Global]("MADness"(id=OWXX6Y-5LFd-7A6ELi2o-QPO0kjmZUMZvMTKL0AQ_q0=)): Desinfekce to pořeší
21:07:24 [Chat - Global]("Angel26CZ"(id=7m4g5kj-9ameQQYOn3-ffBnNaSaiVnXK_TVWz7UMVpU=)): to bych nějakou musel mít :D teď jsem ve špitále, tak snad něco najdu
21:08:34 [Chat - Global]("MADness"(id=OWXX6Y-5LFd-7A6ELi2o-QPO0kjmZUMZvMTKL0AQ_q0=)): Ona mozna spis bude v autickach :D
21:43:19 [Expansion Quests] - SetupClientData - Loaded existing player quest data for player with UID: 44dQ0cnFzUA_6kpX-D9wUNcXT2m9kkMRQUwMD_7CwEg=
21:43:19 [Expansion Quests] - PlayerQuestsInit - Create new quest instance for quest: 20 - Creator UID: 44dQ0cnFzUA_6kpX-D9wUNcXT2m9kkMRQUwMD_7CwEg=
21:43:19 [Expansion Quests] - PlayerQuestsInit - Create new quest instance for quest: 23 - Creator UID: 44dQ0cnFzUA_6kpX-D9wUNcXT2m9kkMRQUwMD_7CwEg=
21:43:24 [MissionAirdrop] An airdrop is heading towards "Krautinsel" (pos=<8192.009766, 0.000000, 4341.879883> type=Random_KrautInsel) with a ExpansionAirdropContainer_Military
21:43:24 [MissionAirdrop] An airdrop is heading towards "Airport" (pos=<8307.879883, 0.000000, 924.599976> type=Random_Airport) with a ExpansionAirdropContainer_Military
21:53:34 [Expansion Quests] - SetupClientData - Got cached player quest data for player with UID: 44dQ0cnFzUA_6kpX-D9wUNcXT2m9kkMRQUwMD_7CwEg=
21:53:34 [Expansion Quests] - PlayerQuestsInit - Create new quest instance for quest: 20 - Creator UID: 44dQ0cnFzUA_6kpX-D9wUNcXT2m9kkMRQUwMD_7CwEg=
21:53:53 [VehicleCarKey] Player "martyCZ" (id=44dQ0cnFzUA_6kpX-D9wUNcXT2m9kkMRQUwMD_7CwEg= pos=<4194.603516, 4.973134, 4982.520996>) used the  ExpansionCarKey to unlock a OffroadHatchback
21:58:35 [Safezone] Player "martyCZ" (id=44dQ0cnFzUA_6kpX-D9wUNcXT2m9kkMRQUwMD_7CwEg= pos=<4190.882324, 15.229877, 4243.057129>) Entered the safezone
22:00:45 [Market] Player "martyCZ" (id=44dQ0cnFzUA_6kpX-D9wUNcXT2m9kkMRQUwMD_7CwEg=) has send a requested to sell twp_psg1 x1 at the trader "Weapons (Denis [#STR_EXPANSION_MARKET_TRADER_WEAPONS])" in market zone "OUTLIVE Trader" (pos=<4291.589844, 25.247801, 4162.500000>).
22:00:45 [Market] Player "martyCZ" (id=44dQ0cnFzUA_6kpX-D9wUNcXT2m9kkMRQUwMD_7CwEg=) has sold twp_psg1 x1 at the trader "Weapons (Denis [#STR_EXPANSION_MARKET_TRADER_WEAPONS])" in market zone "OUTLIVE Trader" (pos=<4291.589844, 25.247801, 4162.500000>) and got 2500.
22:00:50 [Market] Player "martyCZ" (id=44dQ0cnFzUA_6kpX-D9wUNcXT2m9kkMRQUwMD_7CwEg=) has send a requested to sell twp_r700mod x1 at the trader "Weapons (Denis [#STR_EXPANSION_MARKET_TRADER_WEAPONS])" in market zone "OUTLIVE Trader" (pos=<4291.589844, 25.247801, 4162.500000>).
22:00:50 [Market] Player "martyCZ" (id=44dQ0cnFzUA_6kpX-D9wUNcXT2m9kkMRQUwMD_7CwEg=) has sold twp_r700mod x1 at the trader "Weapons (Denis [#STR_EXPANSION_MARKET_TRADER_WEAPONS])" in market zone "OUTLIVE Trader" (pos=<4291.589844, 25.247801, 4162.500000>) and got 2000.
22:01:02 [Market] Player "martyCZ" (id=44dQ0cnFzUA_6kpX-D9wUNcXT2m9kkMRQUwMD_7CwEg=) has send a requested to sell twp_ace23 x1 at the trader "Weapons (Denis [#STR_EXPANSION_MARKET_TRADER_WEAPONS])" in market zone "OUTLIVE Trader" (pos=<4291.589844, 25.247801, 4162.500000>).
22:01:02 [Market] Player "martyCZ" (id=44dQ0cnFzUA_6kpX-D9wUNcXT2m9kkMRQUwMD_7CwEg=) has sold twp_ace23 x1 at the trader "Weapons (Denis [#STR_EXPANSION_MARKET_TRADER_WEAPONS])" in market zone "OUTLIVE Trader" (pos=<4291.589844, 25.247801, 4162.500000>) and got 1800.
22:01:29 [Market] Player "martyCZ" (id=44dQ0cnFzUA_6kpX-D9wUNcXT2m9kkMRQUwMD_7CwEg=) has send a requested to sell twp_g36x x1 at the trader "Weapons (Denis [#STR_EXPANSION_MARKET_TRADER_WEAPONS])" in market zone "OUTLIVE Trader" (pos=<4291.589844, 25.247801, 4162.500000>).
22:01:29 [Market] Player "martyCZ" (id=44dQ0cnFzUA_6kpX-D9wUNcXT2m9kkMRQUwMD_7CwEg=) has sold twp_g36x x1 at the trader "Weapons (Denis [#STR_EXPANSION_MARKET_TRADER_WEAPONS])" in market zone "OUTLIVE Trader" (pos=<4291.589844, 25.247801, 4162.500000>) and got 1500.
22:01:44 [Market] Player "martyCZ" (id=44dQ0cnFzUA_6kpX-D9wUNcXT2m9kkMRQUwMD_7CwEg=) has send a requested to sell fnx45 x1 at the trader "Weapons (Denis [#STR_EXPANSION_MARKET_TRADER_WEAPONS])" in market zone "OUTLIVE Trader" (pos=<4291.589844, 25.247801, 4162.500000>).
22:01:44 [Market] Player "martyCZ" (id=44dQ0cnFzUA_6kpX-D9wUNcXT2m9kkMRQUwMD_7CwEg=) has sold fnx45 x1 at the trader "Weapons (Denis [#STR_EXPANSION_MARKET_TRADER_WEAPONS])" in market zone "OUTLIVE Trader" (pos=<4291.589844, 25.247801, 4162.500000>) and got 16.
22:02:05 [Market] Player "martyCZ" (id=44dQ0cnFzUA_6kpX-D9wUNcXT2m9kkMRQUwMD_7CwEg=) has send a requested to sell ak74 x1 at the trader "Weapons (Denis [#STR_EXPANSION_MARKET_TRADER_WEAPONS])" in market zone "OUTLIVE Trader" (pos=<4291.589844, 25.247801, 4162.500000>).
22:02:05 [Market] Player "martyCZ" (id=44dQ0cnFzUA_6kpX-D9wUNcXT2m9kkMRQUwMD_7CwEg=) has sold ak74 x1 at the trader "Weapons (Denis [#STR_EXPANSION_MARKET_TRADER_WEAPONS])" in market zone "OUTLIVE Trader" (pos=<4291.589844, 25.247801, 4162.500000>) and got 720.
22:02:22 [Market] Player "martyCZ" (id=44dQ0cnFzUA_6kpX-D9wUNcXT2m9kkMRQUwMD_7CwEg=) has send a requested to sell mag_mp5_30rnd x1 at the trader "Attachments (Oliver [#STR_EXPANSION_MARKET_TRADER_ATTACHMENTS])" in market zone "OUTLIVE Trader" (pos=<4291.589844, 25.247801, 4162.500000>).
22:02:22 [Market] Player "martyCZ" (id=44dQ0cnFzUA_6kpX-D9wUNcXT2m9kkMRQUwMD_7CwEg=) has sold mag_mp5_30rnd x1 at the trader "Attachments (Oliver [#STR_EXPANSION_MARKET_TRADER_ATTACHMENTS])" in market zone "OUTLIVE Trader" (pos=<4291.589844, 25.247801, 4162.500000>) and got 72.
22:02:28 [Market] Player "martyCZ" (id=44dQ0cnFzUA_6kpX-D9wUNcXT2m9kkMRQUwMD_7CwEg=) has send a requested to sell twp_g3a3_suppressor x1 at the trader "Attachments (Oliver [#STR_EXPANSION_MARKET_TRADER_ATTACHMENTS])" in market zone "OUTLIVE Trader" (pos=<4291.589844, 25.247801, 4162.500000>).
22:02:28 [Market] Player "martyCZ" (id=44dQ0cnFzUA_6kpX-D9wUNcXT2m9kkMRQUwMD_7CwEg=) has sold twp_g3a3_suppressor x1 at the trader "Attachments (Oliver [#STR_EXPANSION_MARKET_TRADER_ATTACHMENTS])" in market zone "OUTLIVE Trader" (pos=<4291.589844, 25.247801, 4162.500000>) and got 250.
22:02:31 [Market] Player "martyCZ" (id=44dQ0cnFzUA_6kpX-D9wUNcXT2m9kkMRQUwMD_7CwEg=) has send a requested to sell twp_aek919_mag_20rnd x1 at the trader "Attachments (Oliver [#STR_EXPANSION_MARKET_TRADER_ATTACHMENTS])" in market zone "OUTLIVE Trader" (pos=<4291.589844, 25.247801, 4162.500000>).
22:02:31 [Market] Player "martyCZ" (id=44dQ0cnFzUA_6kpX-D9wUNcXT2m9kkMRQUwMD_7CwEg=) has sold twp_aek919_mag_20rnd x1 at the trader "Attachments (Oliver [#STR_EXPANSION_MARKET_TRADER_ATTACHMENTS])" in market zone "OUTLIVE Trader" (pos=<4291.589844, 25.247801, 4162.500000>) and got 136.
22:02:36 [Market] Player "martyCZ" (id=44dQ0cnFzUA_6kpX-D9wUNcXT2m9kkMRQUwMD_7CwEg=) has send a requested to sell twp_m4v5_mag_30rnd x1 at the trader "Attachments (Oliver [#STR_EXPANSION_MARKET_TRADER_ATTACHMENTS])" in market zone "OUTLIVE Trader" (pos=<4291.589844, 25.247801, 4162.500000>).
22:02:36 [Market] Player "martyCZ" (id=44dQ0cnFzUA_6kpX-D9wUNcXT2m9kkMRQUwMD_7CwEg=) has sold twp_m4v5_mag_30rnd x1 at the trader "Attachments (Oliver [#STR_EXPANSION_MARKET_TRADER_ATTACHMENTS])" in market zone "OUTLIVE Trader" (pos=<4291.589844, 25.247801, 4162.500000>) and got 248.
22:04:26 [Market] Player "martyCZ" (id=44dQ0cnFzUA_6kpX-D9wUNcXT2m9kkMRQUwMD_7CwEg=) has send a requested to sell twp_l85a2_mag_30rnd x1 at the trader "Attachments (Oliver [#STR_EXPANSION_MARKET_TRADER_ATTACHMENTS])" in market zone "OUTLIVE Trader" (pos=<4291.589844, 25.247801, 4162.500000>).
22:04:26 [Market] Player "martyCZ" (id=44dQ0cnFzUA_6kpX-D9wUNcXT2m9kkMRQUwMD_7CwEg=) has sold twp_l85a2_mag_30rnd x1 at the trader "Attachments (Oliver [#STR_EXPANSION_MARKET_TRADER_ATTACHMENTS])" in market zone "OUTLIVE Trader" (pos=<4291.589844, 25.247801, 4162.500000>) and got 180.
22:04:27 [Market] Player "martyCZ" (id=44dQ0cnFzUA_6kpX-D9wUNcXT2m9kkMRQUwMD_7CwEg=) has send a requested to sell twp_xm8_mag_30rnd x1 at the trader "Attachments (Oliver [#STR_EXPANSION_MARKET_TRADER_ATTACHMENTS])" in market zone "OUTLIVE Trader" (pos=<4291.589844, 25.247801, 4162.500000>).
22:04:27 [Market] Player "martyCZ" (id=44dQ0cnFzUA_6kpX-D9wUNcXT2m9kkMRQUwMD_7CwEg=) has sold twp_xm8_mag_30rnd x1 at the trader "Attachments (Oliver [#STR_EXPANSION_MARKET_TRADER_ATTACHMENTS])" in market zone "OUTLIVE Trader" (pos=<4291.589844, 25.247801, 4162.500000>) and got 180.
22:07:14 [Market] Player "martyCZ" (id=44dQ0cnFzUA_6kpX-D9wUNcXT2m9kkMRQUwMD_7CwEg=) has send a requested to sell mmg_supplybag_ucp x1 at the trader "Clothing (Linda [#STR_EXPANSION_MARKET_TRADER_CLOTHING])" in market zone "OUTLIVE Trader" (pos=<4291.589844, 25.247801, 4162.500000>).
22:07:14 [Market] Player "martyCZ" (id=44dQ0cnFzUA_6kpX-D9wUNcXT2m9kkMRQUwMD_7CwEg=) has sold mmg_supplybag_ucp x1 at the trader "Clothing (Linda [#STR_EXPANSION_MARKET_TRADER_CLOTHING])" in market zone "OUTLIVE Trader" (pos=<4291.589844, 25.247801, 4162.500000>) and got 1000.
22:07:48 [ATM Locker] Player "martyCZ" (id=44dQ0cnFzUA_6kpX-D9wUNcXT2m9kkMRQUwMD_7CwEg=) has deposited 10602 on his ATM account.
22:08:38 [Market] Player "martyCZ" (id=44dQ0cnFzUA_6kpX-D9wUNcXT2m9kkMRQUwMD_7CwEg=) has send a requested to sell mvs_molle_panel_multicam_tropic x1 at the trader "Clothing (Linda [#STR_EXPANSION_MARKET_TRADER_CLOTHING])" in market zone "OUTLIVE Trader" (pos=<4291.589844, 25.247801, 4162.500000>).
22:08:38 [Market] Player "martyCZ" (id=44dQ0cnFzUA_6kpX-D9wUNcXT2m9kkMRQUwMD_7CwEg=) has sold mvs_molle_panel_multicam_tropic x1 at the trader "Clothing (Linda [#STR_EXPANSION_MARKET_TRADER_CLOTHING])" in market zone "OUTLIVE Trader" (pos=<4291.589844, 25.247801, 4162.500000>) and got 225.
22:12:39 [Safezone] Player "martyCZ" (id=44dQ0cnFzUA_6kpX-D9wUNcXT2m9kkMRQUwMD_7CwEg= pos=<4097.289063, 15.017283, 4374.177734>) Left the safezone
22:24:11 [Expansion Quests] - SetupClientData - Loaded existing player quest data for player with UID: iyN6JbNqEvHMp_A5zeXvCmCy1_EaihIFwZocZ4y6-LM=
22:24:11 [Expansion Quests] - PlayerQuestsInit - Create new quest instance for quest: 19 - Creator UID: iyN6JbNqEvHMp_A5zeXvCmCy1_EaihIFwZocZ4y6-LM=
22:24:11 [Expansion Quests] - PlayerQuestsInit - Create new quest instance for quest: 20 - Creator UID: iyN6JbNqEvHMp_A5zeXvCmCy1_EaihIFwZocZ4y6-LM=
22:24:11 [Expansion Quests] - PlayerQuestsInit - Create new quest instance for quest: 23 - Creator UID: iyN6JbNqEvHMp_A5zeXvCmCy1_EaihIFwZocZ4y6-LM=
22:27:24 [ATM Locker] Player "martyCZ" (id=44dQ0cnFzUA_6kpX-D9wUNcXT2m9kkMRQUwMD_7CwEg=) has deposited 225 on his ATM account.
22:33:04 [VehicleCarKey] Player "martyCZ" (id=44dQ0cnFzUA_6kpX-D9wUNcXT2m9kkMRQUwMD_7CwEg= pos=<3390.831299, 8.008632, 6546.267090>) used the  ExpansionCarKey to lock a OffroadHatchback
22:43:58 [VehicleCarKey] Player "martyCZ" (id=44dQ0cnFzUA_6kpX-D9wUNcXT2m9kkMRQUwMD_7CwEg= pos=<3389.905273, 7.929420, 6549.054199>) used the  ExpansionCarKey to unlock a OffroadHatchback
22:55:50 [VehicleCarKey] Player "martyCZ" (id=44dQ0cnFzUA_6kpX-D9wUNcXT2m9kkMRQUwMD_7CwEg= pos=<6415.426270, 3.957869, 5877.177246>) used the  ExpansionCarKey to lock a OffroadHatchback
23:03:43 [Safezone] Player "Kocur69" (id=iTnQj5Zddd6ul6ie1MZ58a6IghppA2N8HvFffg9SNWw= pos=<4209.654297, 11.418444, 4155.814941>) Entered the safezone
23:03:43 [Expansion Quests] - SetupClientData - Loaded existing player quest data for player with UID: iTnQj5Zddd6ul6ie1MZ58a6IghppA2N8HvFffg9SNWw=
23:03:43 [Expansion Quests] - PlayerQuestsInit - Create new quest instance for quest: 23 - Creator UID: iTnQj5Zddd6ul6ie1MZ58a6IghppA2N8HvFffg9SNWw=
23:03:57 [MissionAirdrop] An airdrop is heading towards "Prison" (pos=<1399.579956, 0.000000, 9977.769531> type=Random_Prison) with a ExpansionAirdropContainer_Medical
23:03:57 [MissionAirdrop] An airdrop is heading towards "SouthEast" (pos=<7892.000000, 0.000000, 1340.000000> type=Random_SouthEast) with a ExpansionAirdropContainer_Medical
23:05:22 [Chat - Global]("Kocur69"(id=iTnQj5Zddd6ul6ie1MZ58a6IghppA2N8HvFffg9SNWw=)): JAK SA ZVETSUJE TA VELKOST CHATU ? 
23:05:33 [Chat - Global]("Kocur69"(id=iTnQj5Zddd6ul6ie1MZ58a6IghppA2N8HvFffg9SNWw=)): NEVIS NAHODOU PLS ?
23:09:48 [VehicleCarKey] Player "martyCZ" (id=44dQ0cnFzUA_6kpX-D9wUNcXT2m9kkMRQUwMD_7CwEg= pos=<6414.920898, 3.958413, 5876.680176>) used the  ExpansionCarKey to unlock a OffroadHatchback
23:12:42 [ATM Locker] Player "Kocur69" (id=iTnQj5Zddd6ul6ie1MZ58a6IghppA2N8HvFffg9SNWw=) has withdrawn 5000 from his ATM account.
23:12:43 [Safezone] Player "[Chill] Rehy_CZ" (id=z67WFg-Joo3MekD4H0kXOZXbSI0D6ip7P9dY0J-nUoM= pos=<4216.042969, 10.920595, 4154.242676>) Entered the safezone
23:12:43 [Expansion Quests] - SetupClientData - Loaded existing player quest data for player with UID: z67WFg-Joo3MekD4H0kXOZXbSI0D6ip7P9dY0J-nUoM=
23:12:43 [Expansion Quests] - PlayerQuestsInit - Create new quest instance for quest: 23 - Creator UID: z67WFg-Joo3MekD4H0kXOZXbSI0D6ip7P9dY0J-nUoM=
23:12:43 [Expansion Quests] - PlayerQuestsInit - Create new quest instance for quest: 13 - Creator UID: z67WFg-Joo3MekD4H0kXOZXbSI0D6ip7P9dY0J-nUoM=
23:14:41 [Safezone] Player "[Chill] Rehy_CZ" (id=z67WFg-Joo3MekD4H0kXOZXbSI0D6ip7P9dY0J-nUoM= pos=<4119.486816, 18.233627, 4161.357910>) Left the safezone
23:15:27 [ATM Locker] Player "Kocur69" (id=iTnQj5Zddd6ul6ie1MZ58a6IghppA2N8HvFffg9SNWw=) has withdrawn 52000 from his ATM account.
23:15:29 [VehicleCarKey] Player "martyCZ" (id=44dQ0cnFzUA_6kpX-D9wUNcXT2m9kkMRQUwMD_7CwEg= pos=<7037.416504, 27.473230, 5840.811523>) used the  ExpansionCarKey to lock a OffroadHatchback
23:16:02 [Market] Player "Kocur69" (id=iTnQj5Zddd6ul6ie1MZ58a6IghppA2N8HvFffg9SNWw=) has send a requested to purchase twp_ammo_50bmg x100 from the trader "Attachments (Oliver [#STR_EXPANSION_MARKET_TRADER_ATTACHMENTS])" in market zone "OUTLIVE Trader" (pos=<4291.589844, 25.247801, 4162.500000>).
23:16:02 [Market] Player "Kocur69" (id=iTnQj5Zddd6ul6ie1MZ58a6IghppA2N8HvFffg9SNWw=) has bought twp_ammo_50bmg x100 from the trader "Attachments (Oliver [#STR_EXPANSION_MARKET_TRADER_ATTACHMENTS])" in market zone "OUTLIVE Trader" (pos=<4291.589844, 25.247801, 4162.500000>) for a price of 11000.
23:16:15 [Chat - Global]("[Chill] Rehy_CZ"(id=z67WFg-Joo3MekD4H0kXOZXbSI0D6ip7P9dY0J-nUoM=)): Zdarec všem
23:16:26 [Expansion Quests] - SetupClientData - Loaded existing player quest data for player with UID: wvz1jGdA27Eb3vtZqqzBgGv9Su_0oOujtdP3UqN1c-g=
23:16:26 [Expansion Quests] - PlayerQuestsInit - Create new quest instance for quest: 23 - Creator UID: wvz1jGdA27Eb3vtZqqzBgGv9Su_0oOujtdP3UqN1c-g=
23:16:26 [Expansion Quests] - PlayerQuestsInit - Create new quest instance for quest: 4 - Creator UID: wvz1jGdA27Eb3vtZqqzBgGv9Su_0oOujtdP3UqN1c-g=
23:16:26 [Expansion Quests] - PlayerQuestsInit - Create new quest instance for quest: 7 - Creator UID: wvz1jGdA27Eb3vtZqqzBgGv9Su_0oOujtdP3UqN1c-g=
23:16:26 [Expansion Quests] - PlayerQuestsInit - Create new quest instance for quest: 2 - Creator UID: wvz1jGdA27Eb3vtZqqzBgGv9Su_0oOujtdP3UqN1c-g=
23:16:26 [Expansion Quests] - PlayerQuestsInit - Create new quest instance for quest: 15 - Creator UID: wvz1jGdA27Eb3vtZqqzBgGv9Su_0oOujtdP3UqN1c-g=
23:16:26 [Chat - Global]("Kocur69"(id=iTnQj5Zddd6ul6ie1MZ58a6IghppA2N8HvFffg9SNWw=)): cus
23:21:16 [Market] Player "Kocur69" (id=iTnQj5Zddd6ul6ie1MZ58a6IghppA2N8HvFffg9SNWw=) has send a requested to purchase bloodtestkit x1 from the trader "Medicals (Eva [#STR_EXPANSION_MARKET_TRADER_MEDICALS])" in market zone "OUTLIVE Trader" (pos=<4291.589844, 25.247801, 4162.500000>).
23:21:17 [Market] Player "Kocur69" (id=iTnQj5Zddd6ul6ie1MZ58a6IghppA2N8HvFffg9SNWw=) has bought bloodtestkit x1 from the trader "Medicals (Eva [#STR_EXPANSION_MARKET_TRADER_MEDICALS])" in market zone "OUTLIVE Trader" (pos=<4291.589844, 25.247801, 4162.500000>) for a price of 150.
23:21:27 [Market] Player "Kocur69" (id=iTnQj5Zddd6ul6ie1MZ58a6IghppA2N8HvFffg9SNWw=) has send a requested to purchase startkitiv x1 from the trader "Medicals (Eva [#STR_EXPANSION_MARKET_TRADER_MEDICALS])" in market zone "OUTLIVE Trader" (pos=<4291.589844, 25.247801, 4162.500000>).
23:21:27 [Market] Player "Kocur69" (id=iTnQj5Zddd6ul6ie1MZ58a6IghppA2N8HvFffg9SNWw=) has bought startkitiv x1 from the trader "Medicals (Eva [#STR_EXPANSION_MARKET_TRADER_MEDICALS])" in market zone "OUTLIVE Trader" (pos=<4291.589844, 25.247801, 4162.500000>) for a price of 300.
23:23:27 [ATM Locker] Player "Kocur69" (id=iTnQj5Zddd6ul6ie1MZ58a6IghppA2N8HvFffg9SNWw=) has deposited 45550 on his ATM account.
23:26:55 [VehicleCarKey] Player "Kocur69" (id=iTnQj5Zddd6ul6ie1MZ58a6IghppA2N8HvFffg9SNWw= pos=<4287.502441, 7.942241, 4180.488281>) used the  ExpansionCarKey to unlock a Truck_01_Covered
23:28:23 [Expansion Quests] - SetupClientData - Got cached player quest data for player with UID: wvz1jGdA27Eb3vtZqqzBgGv9Su_0oOujtdP3UqN1c-g=
23:29:05 [VehicleCarKey] Player "Kocur69" (id=iTnQj5Zddd6ul6ie1MZ58a6IghppA2N8HvFffg9SNWw= pos=<4287.511719, 7.942168, 4180.775879>) used the  ExpansionCarKey to lock a Truck_01_Covered
