08:02:45 [AI Object Patrol] Generating an example config...
08:04:20 [Expansion Quests] - SetupClientData - Loaded existing player quest data for player with UID: KBvZ7N7QOK5224QFIh6ry8QI5xBwogyjGyBaskjwU0A=
08:04:20 [Expansion Quests] - PlayerQuestsInit - Create new quest instance for quest: 20 - Creator UID: KBvZ7N7QOK5224QFIh6ry8QI5xBwogyjGyBaskjwU0A=
08:04:20 [Expansion Quests] - PlayerQuestsInit - Create new quest instance for quest: 23 - Creator UID: KBvZ7N7QOK5224QFIh6ry8QI5xBwogyjGyBaskjwU0A=
08:05:32 [VehicleCarKey] Player "Martina_(.)(.)_" (id=KBvZ7N7QOK5224QFIh6ry8QI5xBwogyjGyBaskjwU0A= pos=<2551.857910, 40.644283, 3439.702881>) used the  ExpansionCarKey to unlock a CrSk_Hummer_H2_6x6_Space
08:09:24 [MissionAirdrop] An airdrop is heading towards "Krautinsel" (pos=<8192.009766, 0.000000, 4341.879883> type=Random_KrautInsel) with a ExpansionAirdropContainer_Basebuilding
08:09:24 [MissionAirdrop] An airdrop is heading towards "Stein" (pos=<4619.000000, 0.000000, 7618.000000> type=Random_Stein) with a ExpansionAirdropContainer_Military
08:23:19 [Expansion Quests] - SetupClientData - Loaded existing player quest data for player with UID: wvz1jGdA27Eb3vtZqqzBgGv9Su_0oOujtdP3UqN1c-g=
08:23:19 [Expansion Quests] - PlayerQuestsInit - Create new quest instance for quest: 23 - Creator UID: wvz1jGdA27Eb3vtZqqzBgGv9Su_0oOujtdP3UqN1c-g=
08:23:19 [Expansion Quests] - PlayerQuestsInit - Create new quest instance for quest: 11 - Creator UID: wvz1jGdA27Eb3vtZqqzBgGv9Su_0oOujtdP3UqN1c-g=
08:23:19 [Expansion Quests] - PlayerQuestsInit - Create new quest instance for quest: 6 - Creator UID: wvz1jGdA27Eb3vtZqqzBgGv9Su_0oOujtdP3UqN1c-g=
08:23:19 [Expansion Quests] - PlayerQuestsInit - Create new quest instance for quest: 7 - Creator UID: wvz1jGdA27Eb3vtZqqzBgGv9Su_0oOujtdP3UqN1c-g=
08:23:19 [Expansion Quests] - PlayerQuestsInit - Create new quest instance for quest: 9 - Creator UID: wvz1jGdA27Eb3vtZqqzBgGv9Su_0oOujtdP3UqN1c-g=
08:23:19 [Expansion Quests] - PlayerQuestsInit - Create new quest instance for quest: 3 - Creator UID: wvz1jGdA27Eb3vtZqqzBgGv9Su_0oOujtdP3UqN1c-g=
08:23:19 [Expansion Quests] - PlayerQuestsInit - Create new quest instance for quest: 15 - Creator UID: wvz1jGdA27Eb3vtZqqzBgGv9Su_0oOujtdP3UqN1c-g=
08:23:19 [Expansion Quests] - PlayerQuestsInit - Create new quest instance for quest: 8 - Creator UID: wvz1jGdA27Eb3vtZqqzBgGv9Su_0oOujtdP3UqN1c-g=
08:23:19 [Expansion Quests] - PlayerQuestsInit - Create new quest instance for quest: 16 - Creator UID: wvz1jGdA27Eb3vtZqqzBgGv9Su_0oOujtdP3UqN1c-g=
08:33:27 [VehicleCarKey] Player "Majky" (id=wvz1jGdA27Eb3vtZqqzBgGv9Su_0oOujtdP3UqN1c-g= pos=<3473.673096, 4.885268, 5375.908691>) used the  ExpansionCarKey to unlock a ExpansionGyrocopter
08:45:08 [Chat - Global]("Martina_(.)(.)_"(id=KBvZ7N7QOK5224QFIh6ry8QI5xBwogyjGyBaskjwU0A=)): ahojky
08:45:12 [Chat - Global]("Martina_(.)(.)_"(id=KBvZ7N7QOK5224QFIh6ry8QI5xBwogyjGyBaskjwU0A=)): to už je noc nebo jen mraky?
09:33:01 [MissionAirdrop] An airdrop is heading towards "Stein" (pos=<4619.000000, 0.000000, 7618.000000> type=Random_Stein) with a ExpansionAirdropContainer_Military
09:33:01 [MissionAirdrop] An airdrop is heading towards "Prien" (pos=<4452.000000, 0.000000, 2196.000000> type=Random_Prien) with a ExpansionAirdropContainer_Basebuilding
09:40:56 [Safezone] Player "Martina_(.)(.)_" (id=KBvZ7N7QOK5224QFIh6ry8QI5xBwogyjGyBaskjwU0A= pos=<4370.221680, 5.289590, 4059.907959>) Entered the safezone
09:47:23 [ATM Locker] Player "Martina_(.)(.)_" (id=KBvZ7N7QOK5224QFIh6ry8QI5xBwogyjGyBaskjwU0A=) has withdrawn 50000 from the party "Cernihavrani" (partyid=6 | ownerid=KBvZ7N7QOK5224QFIh6ry8QI5xBwogyjGyBaskjwU0A=) ATM account.
09:47:28 [ATM Locker] Player "Martina_(.)(.)_" (id=KBvZ7N7QOK5224QFIh6ry8QI5xBwogyjGyBaskjwU0A=) has withdrawn 50000 from his ATM account.
09:47:36 [ATM Locker] Player "Martina_(.)(.)_" (id=KBvZ7N7QOK5224QFIh6ry8QI5xBwogyjGyBaskjwU0A=) has withdrawn 10000 from his ATM account.
09:47:56 [Market] Player "Martina_(.)(.)_" (id=KBvZ7N7QOK5224QFIh6ry8QI5xBwogyjGyBaskjwU0A=) has send a requested to purchase twp_ammo_500sw_mag x1 from the trader "Attachments (Oliver [#STR_EXPANSION_MARKET_TRADER_ATTACHMENTS])" in market zone "OUTLIVE Trader" (pos=<4291.589844, 25.247801, 4162.500000>).
09:47:56 [Market] Player "Martina_(.)(.)_" (id=KBvZ7N7QOK5224QFIh6ry8QI5xBwogyjGyBaskjwU0A=) has bought twp_ammo_500sw_mag x1 from the trader "Attachments (Oliver [#STR_EXPANSION_MARKET_TRADER_ATTACHMENTS])" in market zone "OUTLIVE Trader" (pos=<4291.589844, 25.247801, 4162.500000>) for a price of 20.
09:48:44 [Market] Player "Martina_(.)(.)_" (id=KBvZ7N7QOK5224QFIh6ry8QI5xBwogyjGyBaskjwU0A=) has send a requested to purchase twp_ammo_500sw_mag x50 from the trader "Attachments (Oliver [#STR_EXPANSION_MARKET_TRADER_ATTACHMENTS])" in market zone "OUTLIVE Trader" (pos=<4291.589844, 25.247801, 4162.500000>).
09:48:44 [Market] Player "Martina_(.)(.)_" (id=KBvZ7N7QOK5224QFIh6ry8QI5xBwogyjGyBaskjwU0A=) has bought twp_ammo_500sw_mag x50 from the trader "Attachments (Oliver [#STR_EXPANSION_MARKET_TRADER_ATTACHMENTS])" in market zone "OUTLIVE Trader" (pos=<4291.589844, 25.247801, 4162.500000>) for a price of 1000.
09:49:13 [VehicleCarKey] Player "Martina_(.)(.)_" (id=KBvZ7N7QOK5224QFIh6ry8QI5xBwogyjGyBaskjwU0A= pos=<4272.752441, 10.352985, 4187.493164>) used the  ExpansionCarKey to lock a CrSk_Hummer_H2_6x6_Space
09:49:59 [Market] Player "Martina_(.)(.)_" (id=KBvZ7N7QOK5224QFIh6ry8QI5xBwogyjGyBaskjwU0A=) has send a requested to purchase expansionutilityboat x1 from the trader "Boats (Rolf [#STR_EXPANSION_MARKET_TRADER_BOATS])" in market zone "OUTLIVE Trader" (pos=<4291.589844, 25.247801, 4162.500000>).
09:49:59 [Market] Player "Martina_(.)(.)_" (id=KBvZ7N7QOK5224QFIh6ry8QI5xBwogyjGyBaskjwU0A=) has bought expansionutilityboat x1 from the trader "Boats (Rolf [#STR_EXPANSION_MARKET_TRADER_BOATS])" in market zone "OUTLIVE Trader" (pos=<4291.589844, 25.247801, 4162.500000>) for a price of 52000.
09:51:40 [VehicleCarKey] Player "Martina_(.)(.)_" (id=KBvZ7N7QOK5224QFIh6ry8QI5xBwogyjGyBaskjwU0A= pos=<4273.317871, 10.303211, 4188.001953>) used the  ExpansionCarKey to unlock a CrSk_Hummer_H2_6x6_Space
09:52:28 [Safezone] Player "Martina_(.)(.)_" (id=KBvZ7N7QOK5224QFIh6ry8QI5xBwogyjGyBaskjwU0A= pos=<4426.769531, 5.182333, 3959.009033>) Left the safezone
09:57:44 [VehicleCarKey] Player "Martina_(.)(.)_" (id=KBvZ7N7QOK5224QFIh6ry8QI5xBwogyjGyBaskjwU0A= pos=<4455.279785, 2.261233, 2260.538330>) used the  ExpansionCarKey to lock a CrSk_Hummer_H2_6x6_Space
09:59:18 [VehicleCarKey] Player "Martina_(.)(.)_" (id=KBvZ7N7QOK5224QFIh6ry8QI5xBwogyjGyBaskjwU0A= pos=<4458.330566, 2.236578, 2264.668213>) used the  ExpansionCarKey to unlock a CrSk_Hummer_H2_6x6_Space
10:02:22 [Expansion Quests] - SetupClientData - Got cached player quest data for player with UID: KBvZ7N7QOK5224QFIh6ry8QI5xBwogyjGyBaskjwU0A=
10:02:22 [Expansion Quests] - PlayerQuestsInit - Create new quest instance for quest: 20 - Creator UID: KBvZ7N7QOK5224QFIh6ry8QI5xBwogyjGyBaskjwU0A=
10:09:54 [Safezone] Player "Martina_(.)(.)_" (id=KBvZ7N7QOK5224QFIh6ry8QI5xBwogyjGyBaskjwU0A= pos=<4369.094727, 5.303215, 4060.798096>) Entered the safezone
10:12:36 [VehicleCarKey] Player "Martina_(.)(.)_" (id=KBvZ7N7QOK5224QFIh6ry8QI5xBwogyjGyBaskjwU0A= pos=<4271.771973, 10.646281, 4191.833008>) used the  ExpansionCarKey to lock a CrSk_Hummer_H2_6x6_Space
10:13:16 [Market] Player "Martina_(.)(.)_" (id=KBvZ7N7QOK5224QFIh6ry8QI5xBwogyjGyBaskjwU0A=) has send a requested to purchase mmg_patch_rubber_0neg x1 from the trader "Clothing (Linda [#STR_EXPANSION_MARKET_TRADER_CLOTHING])" in market zone "OUTLIVE Trader" (pos=<4291.589844, 25.247801, 4162.500000>).
10:13:16 [Market] Player "Martina_(.)(.)_" (id=KBvZ7N7QOK5224QFIh6ry8QI5xBwogyjGyBaskjwU0A=) has bought mmg_patch_rubber_0neg x1 from the trader "Clothing (Linda [#STR_EXPANSION_MARKET_TRADER_CLOTHING])" in market zone "OUTLIVE Trader" (pos=<4291.589844, 25.247801, 4162.500000>) for a price of 1000.
10:24:18 [Expansion Quests] - SetupClientData - Loaded existing player quest data for player with UID: OWXX6Y-5LFd-7A6ELi2o-QPO0kjmZUMZvMTKL0AQ_q0=
10:24:18 [Expansion Quests] - PlayerQuestsInit - Create new quest instance for quest: 23 - Creator UID: OWXX6Y-5LFd-7A6ELi2o-QPO0kjmZUMZvMTKL0AQ_q0=
10:24:31 [Safezone] Player "MADness" (id=OWXX6Y-5LFd-7A6ELi2o-QPO0kjmZUMZvMTKL0AQ_q0= pos=<4299.283203, 6.298539, 4174.709961>) Entered the safezone
10:25:01 [VehicleCarKey] Player "Martina_(.)(.)_" (id=KBvZ7N7QOK5224QFIh6ry8QI5xBwogyjGyBaskjwU0A= pos=<4404.013184, 1.666279, 4175.178223>) used the  ExpansionCarKey to unlock a ExpansionUtilityBoat
10:25:43 [Safezone] Player "Martina_(.)(.)_" (id=KBvZ7N7QOK5224QFIh6ry8QI5xBwogyjGyBaskjwU0A= pos=<4422.595703, 0.840765, 4180.352051>) Left the safezone
10:25:48 [Safezone] Player "Martina_(.)(.)_" (id=KBvZ7N7QOK5224QFIh6ry8QI5xBwogyjGyBaskjwU0A= pos=<4418.817871, 1.415230, 4188.892090>) Entered the safezone
10:26:15 [VehicleCarKey] Player "Martina_(.)(.)_" (id=KBvZ7N7QOK5224QFIh6ry8QI5xBwogyjGyBaskjwU0A= pos=<4274.867676, 10.202904, 4190.588867>) used the  ExpansionCarKey to unlock a CrSk_Hummer_H2_6x6_Space
10:27:34 [VehicleCarKey] Player "Martina_(.)(.)_" (id=KBvZ7N7QOK5224QFIh6ry8QI5xBwogyjGyBaskjwU0A= pos=<4274.865234, 10.203482, 4190.563965>) used the  ExpansionCarKey to lock a CrSk_Hummer_H2_6x6_Space
10:28:14 [Safezone] Player "Martina_(.)(.)_" (id=KBvZ7N7QOK5224QFIh6ry8QI5xBwogyjGyBaskjwU0A= pos=<4420.602539, -1.267460, 4178.337891>) Entered the safezone
10:28:26 [Safezone] Player "Martina_(.)(.)_" (id=KBvZ7N7QOK5224QFIh6ry8QI5xBwogyjGyBaskjwU0A= pos=<4423.458984, 0.052633, 4182.025391>) Left the safezone
10:36:05 [Safezone] Player "Martina_(.)(.)_" (id=KBvZ7N7QOK5224QFIh6ry8QI5xBwogyjGyBaskjwU0A= pos=<9899.421875, 8.280144, 5340.957520>) Entered the safezone
10:38:54 [Market] Player "Martina_(.)(.)_" (id=KBvZ7N7QOK5224QFIh6ry8QI5xBwogyjGyBaskjwU0A=) has send a requested to sell cp_cannabisbrickblackfrost x1 at the trader "Blacktrader (Elias [Smuggler Trader])" in market zone "OUTLIVE Smuggler Trader" (pos=<9945.549805, 36.532902, 5359.779785>).
10:38:54 [Market] Player "Martina_(.)(.)_" (id=KBvZ7N7QOK5224QFIh6ry8QI5xBwogyjGyBaskjwU0A=) has sold cp_cannabisbrickblackfrost x1 at the trader "Blacktrader (Elias [Smuggler Trader])" in market zone "OUTLIVE Smuggler Trader" (pos=<9945.549805, 36.532902, 5359.779785>) and got 24000.
10:38:54 [Market] Player "Martina_(.)(.)_" (id=KBvZ7N7QOK5224QFIh6ry8QI5xBwogyjGyBaskjwU0A=) has send a requested to sell cp_cannabisbrickblue x1 at the trader "Blacktrader (Elias [Smuggler Trader])" in market zone "OUTLIVE Smuggler Trader" (pos=<9945.549805, 36.532902, 5359.779785>).
10:38:54 [Market] Player "Martina_(.)(.)_" (id=KBvZ7N7QOK5224QFIh6ry8QI5xBwogyjGyBaskjwU0A=) has sold cp_cannabisbrickblue x1 at the trader "Blacktrader (Elias [Smuggler Trader])" in market zone "OUTLIVE Smuggler Trader" (pos=<9945.549805, 36.532902, 5359.779785>) and got 12000.
10:38:55 [Market] Player "Martina_(.)(.)_" (id=KBvZ7N7QOK5224QFIh6ry8QI5xBwogyjGyBaskjwU0A=) has send a requested to sell cp_cannabisbrickfuture x1 at the trader "Blacktrader (Elias [Smuggler Trader])" in market zone "OUTLIVE Smuggler Trader" (pos=<9945.549805, 36.532902, 5359.779785>).
10:38:55 [Market] Player "Martina_(.)(.)_" (id=KBvZ7N7QOK5224QFIh6ry8QI5xBwogyjGyBaskjwU0A=) has sold cp_cannabisbrickfuture x1 at the trader "Blacktrader (Elias [Smuggler Trader])" in market zone "OUTLIVE Smuggler Trader" (pos=<9945.549805, 36.532902, 5359.779785>) and got 18000.
10:38:56 [Market] Player "Martina_(.)(.)_" (id=KBvZ7N7QOK5224QFIh6ry8QI5xBwogyjGyBaskjwU0A=) has send a requested to sell cp_cannabisbrickfuture x1 at the trader "Blacktrader (Elias [Smuggler Trader])" in market zone "OUTLIVE Smuggler Trader" (pos=<9945.549805, 36.532902, 5359.779785>).
10:38:56 [Market] Player "Martina_(.)(.)_" (id=KBvZ7N7QOK5224QFIh6ry8QI5xBwogyjGyBaskjwU0A=) has sold cp_cannabisbrickfuture x1 at the trader "Blacktrader (Elias [Smuggler Trader])" in market zone "OUTLIVE Smuggler Trader" (pos=<9945.549805, 36.532902, 5359.779785>) and got 18000.
10:38:57 [Market] Player "Martina_(.)(.)_" (id=KBvZ7N7QOK5224QFIh6ry8QI5xBwogyjGyBaskjwU0A=) has send a requested to sell cp_cannabisbricknomad x1 at the trader "Blacktrader (Elias [Smuggler Trader])" in market zone "OUTLIVE Smuggler Trader" (pos=<9945.549805, 36.532902, 5359.779785>).
10:38:57 [Market] Player "Martina_(.)(.)_" (id=KBvZ7N7QOK5224QFIh6ry8QI5xBwogyjGyBaskjwU0A=) has sold cp_cannabisbricknomad x1 at the trader "Blacktrader (Elias [Smuggler Trader])" in market zone "OUTLIVE Smuggler Trader" (pos=<9945.549805, 36.532902, 5359.779785>) and got 22000.
10:38:58 [Market] Player "Martina_(.)(.)_" (id=KBvZ7N7QOK5224QFIh6ry8QI5xBwogyjGyBaskjwU0A=) has send a requested to sell cp_cannabisbrickskunk x1 at the trader "Blacktrader (Elias [Smuggler Trader])" in market zone "OUTLIVE Smuggler Trader" (pos=<9945.549805, 36.532902, 5359.779785>).
10:38:58 [Market] Player "Martina_(.)(.)_" (id=KBvZ7N7QOK5224QFIh6ry8QI5xBwogyjGyBaskjwU0A=) has sold cp_cannabisbrickskunk x1 at the trader "Blacktrader (Elias [Smuggler Trader])" in market zone "OUTLIVE Smuggler Trader" (pos=<9945.549805, 36.532902, 5359.779785>) and got 10000.
10:38:59 [Market] Player "Martina_(.)(.)_" (id=KBvZ7N7QOK5224QFIh6ry8QI5xBwogyjGyBaskjwU0A=) has send a requested to sell cp_cannabisbrickskunk x1 at the trader "Blacktrader (Elias [Smuggler Trader])" in market zone "OUTLIVE Smuggler Trader" (pos=<9945.549805, 36.532902, 5359.779785>).
10:38:59 [Market] Player "Martina_(.)(.)_" (id=KBvZ7N7QOK5224QFIh6ry8QI5xBwogyjGyBaskjwU0A=) has sold cp_cannabisbrickskunk x1 at the trader "Blacktrader (Elias [Smuggler Trader])" in market zone "OUTLIVE Smuggler Trader" (pos=<9945.549805, 36.532902, 5359.779785>) and got 10000.
10:39:00 [Market] Player "Martina_(.)(.)_" (id=KBvZ7N7QOK5224QFIh6ry8QI5xBwogyjGyBaskjwU0A=) has send a requested to sell cp_cannabisbrickskunk x1 at the trader "Blacktrader (Elias [Smuggler Trader])" in market zone "OUTLIVE Smuggler Trader" (pos=<9945.549805, 36.532902, 5359.779785>).
10:39:00 [Market] Player "Martina_(.)(.)_" (id=KBvZ7N7QOK5224QFIh6ry8QI5xBwogyjGyBaskjwU0A=) has sold cp_cannabisbrickskunk x1 at the trader "Blacktrader (Elias [Smuggler Trader])" in market zone "OUTLIVE Smuggler Trader" (pos=<9945.549805, 36.532902, 5359.779785>) and got 10000.
10:39:58 [Market] Player "Martina_(.)(.)_" (id=KBvZ7N7QOK5224QFIh6ry8QI5xBwogyjGyBaskjwU0A=) has send a requested to sell cp_cannabisbrickblackfrost x1 at the trader "Blacktrader (Elias [Smuggler Trader])" in market zone "OUTLIVE Smuggler Trader" (pos=<9945.549805, 36.532902, 5359.779785>).
10:39:58 [Market] Player "Martina_(.)(.)_" (id=KBvZ7N7QOK5224QFIh6ry8QI5xBwogyjGyBaskjwU0A=) has sold cp_cannabisbrickblackfrost x1 at the trader "Blacktrader (Elias [Smuggler Trader])" in market zone "OUTLIVE Smuggler Trader" (pos=<9945.549805, 36.532902, 5359.779785>) and got 24000.
10:39:58 [Market] Player "Martina_(.)(.)_" (id=KBvZ7N7QOK5224QFIh6ry8QI5xBwogyjGyBaskjwU0A=) has send a requested to sell cp_cannabisbrickblackfrost x1 at the trader "Blacktrader (Elias [Smuggler Trader])" in market zone "OUTLIVE Smuggler Trader" (pos=<9945.549805, 36.532902, 5359.779785>).
10:39:58 [Market] Player "Martina_(.)(.)_" (id=KBvZ7N7QOK5224QFIh6ry8QI5xBwogyjGyBaskjwU0A=) has sold cp_cannabisbrickblackfrost x1 at the trader "Blacktrader (Elias [Smuggler Trader])" in market zone "OUTLIVE Smuggler Trader" (pos=<9945.549805, 36.532902, 5359.779785>) and got 24000.
10:39:59 [Market] Player "Martina_(.)(.)_" (id=KBvZ7N7QOK5224QFIh6ry8QI5xBwogyjGyBaskjwU0A=) has send a requested to sell cp_cannabisbrickblackfrost x1 at the trader "Blacktrader (Elias [Smuggler Trader])" in market zone "OUTLIVE Smuggler Trader" (pos=<9945.549805, 36.532902, 5359.779785>).
10:39:59 [Market] Player "Martina_(.)(.)_" (id=KBvZ7N7QOK5224QFIh6ry8QI5xBwogyjGyBaskjwU0A=) has sold cp_cannabisbrickblackfrost x1 at the trader "Blacktrader (Elias [Smuggler Trader])" in market zone "OUTLIVE Smuggler Trader" (pos=<9945.549805, 36.532902, 5359.779785>) and got 24000.
10:40:00 [Market] Player "Martina_(.)(.)_" (id=KBvZ7N7QOK5224QFIh6ry8QI5xBwogyjGyBaskjwU0A=) has send a requested to sell cp_cannabisbricknomad x1 at the trader "Blacktrader (Elias [Smuggler Trader])" in market zone "OUTLIVE Smuggler Trader" (pos=<9945.549805, 36.532902, 5359.779785>).
10:40:00 [Market] Player "Martina_(.)(.)_" (id=KBvZ7N7QOK5224QFIh6ry8QI5xBwogyjGyBaskjwU0A=) has sold cp_cannabisbricknomad x1 at the trader "Blacktrader (Elias [Smuggler Trader])" in market zone "OUTLIVE Smuggler Trader" (pos=<9945.549805, 36.532902, 5359.779785>) and got 22000.
10:40:00 [Market] Player "Martina_(.)(.)_" (id=KBvZ7N7QOK5224QFIh6ry8QI5xBwogyjGyBaskjwU0A=) has send a requested to sell cp_cannabisbrickskunk x1 at the trader "Blacktrader (Elias [Smuggler Trader])" in market zone "OUTLIVE Smuggler Trader" (pos=<9945.549805, 36.532902, 5359.779785>).
10:40:00 [Market] Player "Martina_(.)(.)_" (id=KBvZ7N7QOK5224QFIh6ry8QI5xBwogyjGyBaskjwU0A=) has sold cp_cannabisbrickskunk x1 at the trader "Blacktrader (Elias [Smuggler Trader])" in market zone "OUTLIVE Smuggler Trader" (pos=<9945.549805, 36.532902, 5359.779785>) and got 10000.
10:40:01 [Market] Player "Martina_(.)(.)_" (id=KBvZ7N7QOK5224QFIh6ry8QI5xBwogyjGyBaskjwU0A=) has send a requested to sell cp_cannabisbrickstardawg x1 at the trader "Blacktrader (Elias [Smuggler Trader])" in market zone "OUTLIVE Smuggler Trader" (pos=<9945.549805, 36.532902, 5359.779785>).
10:40:01 [Market] Player "Martina_(.)(.)_" (id=KBvZ7N7QOK5224QFIh6ry8QI5xBwogyjGyBaskjwU0A=) has sold cp_cannabisbrickstardawg x1 at the trader "Blacktrader (Elias [Smuggler Trader])" in market zone "OUTLIVE Smuggler Trader" (pos=<9945.549805, 36.532902, 5359.779785>) and got 16000.
10:40:15 [ATM Locker] Player "Martina_(.)(.)_" (id=KBvZ7N7QOK5224QFIh6ry8QI5xBwogyjGyBaskjwU0A=) has deposited 249980 on his ATM account.
10:40:27 [Market] Player "Martina_(.)(.)_" (id=KBvZ7N7QOK5224QFIh6ry8QI5xBwogyjGyBaskjwU0A=) has send a requested to sell skullmask x1 at the trader "Blacktrader (Elias [Smuggler Trader])" in market zone "OUTLIVE Smuggler Trader" (pos=<9945.549805, 36.532902, 5359.779785>).
10:40:27 [Market] Player "Martina_(.)(.)_" (id=KBvZ7N7QOK5224QFIh6ry8QI5xBwogyjGyBaskjwU0A=) has sold skullmask x1 at the trader "Blacktrader (Elias [Smuggler Trader])" in market zone "OUTLIVE Smuggler Trader" (pos=<9945.549805, 36.532902, 5359.779785>) and got 3750.
10:40:29 [Market] Player "Martina_(.)(.)_" (id=KBvZ7N7QOK5224QFIh6ry8QI5xBwogyjGyBaskjwU0A=) has send a requested to sell dogtag_survivor x1 at the trader "Blacktrader (Elias [Smuggler Trader])" in market zone "OUTLIVE Smuggler Trader" (pos=<9945.549805, 36.532902, 5359.779785>).
10:40:29 [Market] Player "Martina_(.)(.)_" (id=KBvZ7N7QOK5224QFIh6ry8QI5xBwogyjGyBaskjwU0A=) has sold dogtag_survivor x1 at the trader "Blacktrader (Elias [Smuggler Trader])" in market zone "OUTLIVE Smuggler Trader" (pos=<9945.549805, 36.532902, 5359.779785>) and got 2500.
10:40:30 [Market] Player "Martina_(.)(.)_" (id=KBvZ7N7QOK5224QFIh6ry8QI5xBwogyjGyBaskjwU0A=) has send a requested to sell dogtag_survivor x1 at the trader "Blacktrader (Elias [Smuggler Trader])" in market zone "OUTLIVE Smuggler Trader" (pos=<9945.549805, 36.532902, 5359.779785>).
10:40:30 [Market] Player "Martina_(.)(.)_" (id=KBvZ7N7QOK5224QFIh6ry8QI5xBwogyjGyBaskjwU0A=) has sold dogtag_survivor x1 at the trader "Blacktrader (Elias [Smuggler Trader])" in market zone "OUTLIVE Smuggler Trader" (pos=<9945.549805, 36.532902, 5359.779785>) and got 2500.
10:40:31 [Market] Player "Martina_(.)(.)_" (id=KBvZ7N7QOK5224QFIh6ry8QI5xBwogyjGyBaskjwU0A=) has send a requested to sell dogtag_survivor x1 at the trader "Blacktrader (Elias [Smuggler Trader])" in market zone "OUTLIVE Smuggler Trader" (pos=<9945.549805, 36.532902, 5359.779785>).
10:40:31 [Market] Player "Martina_(.)(.)_" (id=KBvZ7N7QOK5224QFIh6ry8QI5xBwogyjGyBaskjwU0A=) has sold dogtag_survivor x1 at the trader "Blacktrader (Elias [Smuggler Trader])" in market zone "OUTLIVE Smuggler Trader" (pos=<9945.549805, 36.532902, 5359.779785>) and got 2500.
10:40:32 [Market] Player "Martina_(.)(.)_" (id=KBvZ7N7QOK5224QFIh6ry8QI5xBwogyjGyBaskjwU0A=) has send a requested to sell dogtag_survivor x1 at the trader "Blacktrader (Elias [Smuggler Trader])" in market zone "OUTLIVE Smuggler Trader" (pos=<9945.549805, 36.532902, 5359.779785>).
10:40:32 [Market] Player "Martina_(.)(.)_" (id=KBvZ7N7QOK5224QFIh6ry8QI5xBwogyjGyBaskjwU0A=) has sold dogtag_survivor x1 at the trader "Blacktrader (Elias [Smuggler Trader])" in market zone "OUTLIVE Smuggler Trader" (pos=<9945.549805, 36.532902, 5359.779785>) and got 2500.
10:41:00 [ATM Locker] Player "Martina_(.)(.)_" (id=KBvZ7N7QOK5224QFIh6ry8QI5xBwogyjGyBaskjwU0A=) has deposited 13750 on his ATM account.
10:47:22 [Safezone] Player "Martina_(.)(.)_" (id=KBvZ7N7QOK5224QFIh6ry8QI5xBwogyjGyBaskjwU0A= pos=<9858.857422, 8.007643, 5435.165039>) Left the safezone
10:57:22 [MissionAirdrop] An airdrop is heading towards "Mauerkirchen" (pos=<3123.000000, 0.000000, 4342.000000> type=Random_Mauerkirchen) with a ExpansionAirdropContainer_Basebuilding
10:57:22 [MissionAirdrop] An airdrop is heading towards "Prien" (pos=<4452.000000, 0.000000, 2196.000000> type=Random_Prien) with a ExpansionAirdropContainer_Basebuilding
11:32:37 [VehicleCarKey] Player "Martina_(.)(.)_" (id=KBvZ7N7QOK5224QFIh6ry8QI5xBwogyjGyBaskjwU0A= pos=<9452.602539, 1.655259, 8186.793945>) used the  ExpansionCarKey to lock a ExpansionUtilityBoat
