12:02:31 [AI Object Patrol] Generating an example config...
12:05:51 [Expansion Quests] - SetupClientData - Loaded existing player quest data for player with UID: u7jy1hFXeX-3C-ubChAdh59YiiyuY16LDVnTQIqtPmk=
12:05:51 [Expansion Quests] - PlayerQuestsInit - Create new quest instance for quest: 23 - Creator UID: u7jy1hFXeX-3C-ubChAdh59YiiyuY16LDVnTQIqtPmk=
12:10:53 [MissionAirdrop] An airdrop is heading towards "Obing" (pos=<6316.000000, 0.000000, 9204.000000> type=Random_Obing) with a ExpansionAirdropContainer_Military
12:10:53 [MissionAirdrop] An airdrop is heading towards "Prison" (pos=<1399.579956, 0.000000, 9977.769531> type=Random_Prison) with a ExpansionAirdropContainer_Medical
12:54:22 [Expansion Quests] - SetupClientData - Created new persistent player quest data for player UID: WbET02TyqFW-5osXto86Dm-Kon6uplI6si_oDJEaOKo=
13:12:01 [Expansion Quests] - SetupClientData - Got cached player quest data for player with UID: u7jy1hFXeX-3C-ubChAdh59YiiyuY16LDVnTQIqtPmk=
13:12:01 [Expansion Quests] - PlayerQuestsInit - Create new quest instance for quest: 23 - Creator UID: u7jy1hFXeX-3C-ubChAdh59YiiyuY16LDVnTQIqtPmk=
13:25:03 [Safezone] Player "Sayan" (id=xYupmIqC3C2PJU57N9BnIpPl--oJP40A0d4GY2B8Hl0= pos=<4341.599121, 1.464665, 4173.754883>) Entered the safezone
13:25:03 [Expansion Quests] - SetupClientData - Loaded existing player quest data for player with UID: xYupmIqC3C2PJU57N9BnIpPl--oJP40A0d4GY2B8Hl0=
13:25:03 [Expansion Quests] - PlayerQuestsInit - Create new quest instance for quest: 19 - Creator UID: xYupmIqC3C2PJU57N9BnIpPl--oJP40A0d4GY2B8Hl0=
13:25:03 [Expansion Quests] - PlayerQuestsInit - Create new quest instance for quest: 20 - Creator UID: xYupmIqC3C2PJU57N9BnIpPl--oJP40A0d4GY2B8Hl0=
13:25:03 [Expansion Quests] - PlayerQuestsInit - Create new quest instance for quest: 23 - Creator UID: xYupmIqC3C2PJU57N9BnIpPl--oJP40A0d4GY2B8Hl0=
13:34:21 [MissionAirdrop] An airdrop is heading towards "Krater" (pos=<7262.000000, 0.000000, 9618.000000> type=Random_Krater) with a ExpansionAirdropContainer_Basebuilding
13:34:21 [MissionAirdrop] An airdrop is heading towards "Camprefugi" (pos=<4669.000000, 0.000000, 5240.000000> type=Random_Camprefugi) with a ExpansionAirdropContainer_Basebuilding
13:47:32 [Expansion Quests] - SetupClientData - Got cached player quest data for player with UID: u7jy1hFXeX-3C-ubChAdh59YiiyuY16LDVnTQIqtPmk=
13:57:19 [Expansion Quests] - SetupClientData - Loaded existing player quest data for player with UID: ewpcSX1gVl6rtoiM1TLJPYAJ8T38ZdMCN0onTChMs54=
13:57:19 [Expansion Quests] - PlayerQuestsInit - Create new quest instance for quest: 23 - Creator UID: ewpcSX1gVl6rtoiM1TLJPYAJ8T38ZdMCN0onTChMs54=
14:11:37 [Chat - Global]("Bflame"(id=u7jy1hFXeX-3C-ubChAdh59YiiyuY16LDVnTQIqtPmk=)): Nazdarek je niekto pobliz gstadtu?
14:17:56 [VehicleCarKey] Player "Heroquest" (id=ewpcSX1gVl6rtoiM1TLJPYAJ8T38ZdMCN0onTChMs54= pos=<3436.172607, 0.733180, 6096.432617>) used the  ExpansionCarKey to unlock a ExpansionUtilityBoat
14:19:56 [VehicleCarKey] Player "Heroquest" (id=ewpcSX1gVl6rtoiM1TLJPYAJ8T38ZdMCN0onTChMs54= pos=<3439.484131, 0.837618, 6091.770508>) used the  ExpansionCarKey to lock a ExpansionUtilityBoat
14:36:30 [Expansion Quests] - SetupClientData - Got cached player quest data for player with UID: u7jy1hFXeX-3C-ubChAdh59YiiyuY16LDVnTQIqtPmk=
14:56:12 [VehicleCarKey] Player "Heroquest" (id=ewpcSX1gVl6rtoiM1TLJPYAJ8T38ZdMCN0onTChMs54= pos=<3439.827881, 0.687713, 6092.771484>) used the  ExpansionCarKey to unlock a ExpansionUtilityBoat
14:56:29 [VehicleCarKey] Player "Heroquest" (id=ewpcSX1gVl6rtoiM1TLJPYAJ8T38ZdMCN0onTChMs54= pos=<3440.208496, 0.082746, 6091.703613>) used the  ExpansionCarKey to lock a ExpansionUtilityBoat
14:58:07 [MissionAirdrop] An airdrop is heading towards "Airport" (pos=<8307.879883, 0.000000, 924.599976> type=Random_Airport) with a ExpansionAirdropContainer_Basebuilding
14:58:07 [MissionAirdrop] An airdrop is heading towards "Osternach" (pos=<3924.000000, 0.000000, 2662.000000> type=Random_Osternach) with a ExpansionAirdropContainer_Basebuilding
15:50:45 [Expansion Quests] - SetupClientData - Loaded existing player quest data for player with UID: z1ZdbpbfuGvi_SWpi71-vqXhsT8TDEbdpipmdYdbHhY=
15:50:45 [Expansion Quests] - PlayerQuestsInit - Create new quest instance for quest: 19 - Creator UID: z1ZdbpbfuGvi_SWpi71-vqXhsT8TDEbdpipmdYdbHhY=
15:50:45 [Expansion Quests] - PlayerQuestsInit - Create new quest instance for quest: 20 - Creator UID: z1ZdbpbfuGvi_SWpi71-vqXhsT8TDEbdpipmdYdbHhY=
15:50:45 [Expansion Quests] - PlayerQuestsInit - Create new quest instance for quest: 23 - Creator UID: z1ZdbpbfuGvi_SWpi71-vqXhsT8TDEbdpipmdYdbHhY=
