00:14:38 [AI Object Patrol] Generating an example config...
00:44:02 [Expansion Quests] - SetupClientData - Loaded existing player quest data for player with UID: z67WFg-Joo3MekD4H0kXOZXbSI0D6ip7P9dY0J-nUoM=
00:44:02 [Expansion Quests] - PlayerQuestsInit - Create new quest instance for quest: 23 - Creator UID: z67WFg-Joo3MekD4H0kXOZXbSI0D6ip7P9dY0J-nUoM=
00:44:02 [Expansion Quests] - PlayerQuestsInit - Create new quest instance for quest: 13 - Creator UID: z67WFg-Joo3MekD4H0kXOZXbSI0D6ip7P9dY0J-nUoM=
00:44:02 [Expansion Quests] - PlayerQuestsInit - Create new quest instance for quest: 11 - Creator UID: z67WFg-Joo3MekD4H0kXOZXbSI0D6ip7P9dY0J-nUoM=
00:44:02 [Expansion Quests] - PlayerQuestsInit - Create new quest instance for quest: 12 - Creator UID: z67WFg-Joo3MekD4H0kXOZXbSI0D6ip7P9dY0J-nUoM=
00:44:02 [Expansion Quests] - PlayerQuestsInit - Create new quest instance for quest: 18 - Creator UID: z67WFg-Joo3MekD4H0kXOZXbSI0D6ip7P9dY0J-nUoM=
00:49:09 [MissionAirdrop] An airdrop is heading towards "Stein" (pos=<4619.000000, 0.000000, 7618.000000> type=Random_Stein) with a ExpansionAirdropContainer_Basebuilding
00:49:09 [MissionAirdrop] An airdrop is heading towards "Prison" (pos=<1399.579956, 0.000000, 9977.769531> type=Random_Prison) with a ExpansionAirdropContainer_Medical
01:32:03 [Expansion Quests] - CompleteQuest - Player with UID z67WFg-Joo3MekD4H0kXOZXbSI0D6ip7P9dY0J-nUoM= has completed quest 11
01:32:03 [Expansion Quests] - ExpansionQuest - Quest owner ID: z67WFg-Joo3MekD4H0kXOZXbSI0D6ip7P9dY0J-nUoM=
01:32:03 [Expansion Quests] - ExpansionQuest - Quest ID: 11
01:32:03 [Expansion Quests] - ExpansionQuest - Quest state: 3
01:32:03 [Expansion Quests] - ExpansionQuest - Quest completed: true
01:32:09 [Expansion Quests] - CompleteQuest - Player with UID z67WFg-Joo3MekD4H0kXOZXbSI0D6ip7P9dY0J-nUoM= has completed quest 12
01:32:09 [Expansion Quests] - ExpansionQuest - Quest owner ID: z67WFg-Joo3MekD4H0kXOZXbSI0D6ip7P9dY0J-nUoM=
01:32:09 [Expansion Quests] - ExpansionQuest - Quest ID: 12
01:32:09 [Expansion Quests] - ExpansionQuest - Quest state: 3
01:32:09 [Expansion Quests] - ExpansionQuest - Quest completed: true
01:38:20 [Market] Player "[Chill] Rehy_CZ" (id=z67WFg-Joo3MekD4H0kXOZXbSI0D6ip7P9dY0J-nUoM=) has send a requested to sell wolfpelt x1 at the trader "Hunting (Peter [Hunter & Fish Trader])" in market zone "OUTLIVE Hunter&Fish Trader" (pos=<7173.500000, 72.561798, 8110.560059>).
01:38:20 [Market] Player "[Chill] Rehy_CZ" (id=z67WFg-Joo3MekD4H0kXOZXbSI0D6ip7P9dY0J-nUoM=) has sold wolfpelt x1 at the trader "Hunting (Peter [Hunter & Fish Trader])" in market zone "OUTLIVE Hunter&Fish Trader" (pos=<7173.500000, 72.561798, 8110.560059>) and got 375.
02:11:45 [MissionAirdrop] An airdrop is heading towards "Weitmoos" (pos=<6222.000000, 0.000000, 9723.000000> type=Random_Weitmoos) with a ExpansionAirdropContainer_Medical
02:11:45 [MissionAirdrop] An airdrop is heading towards "Prison" (pos=<1399.579956, 0.000000, 9977.769531> type=Random_Prison) with a ExpansionAirdropContainer_Medical
02:30:48 [Safezone] Player "[Chill] Rehy_CZ" (id=z67WFg-Joo3MekD4H0kXOZXbSI0D6ip7P9dY0J-nUoM= pos=<4185.716797, 14.344618, 4237.831543>) Entered the safezone
02:32:26 [Market] Player "[Chill] Rehy_CZ" (id=z67WFg-Joo3MekD4H0kXOZXbSI0D6ip7P9dY0J-nUoM=) has send a requested to sell twp_l96a1 x1 at the trader "Weapons (Denis [#STR_EXPANSION_MARKET_TRADER_WEAPONS])" in market zone "OUTLIVE Trader" (pos=<4291.589844, 25.247801, 4162.500000>).
02:32:26 [Market] Player "[Chill] Rehy_CZ" (id=z67WFg-Joo3MekD4H0kXOZXbSI0D6ip7P9dY0J-nUoM=) has sold twp_l96a1 x1 at the trader "Weapons (Denis [#STR_EXPANSION_MARKET_TRADER_WEAPONS])" in market zone "OUTLIVE Trader" (pos=<4291.589844, 25.247801, 4162.500000>) and got 3800.
02:32:41 [Market] Player "[Chill] Rehy_CZ" (id=z67WFg-Joo3MekD4H0kXOZXbSI0D6ip7P9dY0J-nUoM=) has send a requested to sell twp_auto9 x1 at the trader "Weapons (Denis [#STR_EXPANSION_MARKET_TRADER_WEAPONS])" in market zone "OUTLIVE Trader" (pos=<4291.589844, 25.247801, 4162.500000>).
02:32:41 [Market] Player "[Chill] Rehy_CZ" (id=z67WFg-Joo3MekD4H0kXOZXbSI0D6ip7P9dY0J-nUoM=) has sold twp_auto9 x1 at the trader "Weapons (Denis [#STR_EXPANSION_MARKET_TRADER_WEAPONS])" in market zone "OUTLIVE Trader" (pos=<4291.589844, 25.247801, 4162.500000>) and got 6000.
02:32:42 [Market] Player "[Chill] Rehy_CZ" (id=z67WFg-Joo3MekD4H0kXOZXbSI0D6ip7P9dY0J-nUoM=) has send a requested to sell twp_uzi x1 at the trader "Weapons (Denis [#STR_EXPANSION_MARKET_TRADER_WEAPONS])" in market zone "OUTLIVE Trader" (pos=<4291.589844, 25.247801, 4162.500000>).
02:32:43 [Market] Player "[Chill] Rehy_CZ" (id=z67WFg-Joo3MekD4H0kXOZXbSI0D6ip7P9dY0J-nUoM=) has sold twp_uzi x1 at the trader "Weapons (Denis [#STR_EXPANSION_MARKET_TRADER_WEAPONS])" in market zone "OUTLIVE Trader" (pos=<4291.589844, 25.247801, 4162.500000>) and got 900.
02:33:12 [Market] Player "[Chill] Rehy_CZ" (id=z67WFg-Joo3MekD4H0kXOZXbSI0D6ip7P9dY0J-nUoM=) has send a requested to purchase ammo_12gapellets x200 from the trader "Attachments (Oliver [#STR_EXPANSION_MARKET_TRADER_ATTACHMENTS])" in market zone "OUTLIVE Trader" (pos=<4291.589844, 25.247801, 4162.500000>).
02:33:12 [Market] Player "[Chill] Rehy_CZ" (id=z67WFg-Joo3MekD4H0kXOZXbSI0D6ip7P9dY0J-nUoM=) has bought ammo_12gapellets x200 from the trader "Attachments (Oliver [#STR_EXPANSION_MARKET_TRADER_ATTACHMENTS])" in market zone "OUTLIVE Trader" (pos=<4291.589844, 25.247801, 4162.500000>) for a price of 3000.
02:33:23 [Market] Player "[Chill] Rehy_CZ" (id=z67WFg-Joo3MekD4H0kXOZXbSI0D6ip7P9dY0J-nUoM=) has send a requested to sell ammo_45acp x102 at the trader "Attachments (Oliver [#STR_EXPANSION_MARKET_TRADER_ATTACHMENTS])" in market zone "OUTLIVE Trader" (pos=<4291.589844, 25.247801, 4162.500000>).
02:33:23 [Market] Player "[Chill] Rehy_CZ" (id=z67WFg-Joo3MekD4H0kXOZXbSI0D6ip7P9dY0J-nUoM=) has sold ammo_45acp x102 at the trader "Attachments (Oliver [#STR_EXPANSION_MARKET_TRADER_ATTACHMENTS])" in market zone "OUTLIVE Trader" (pos=<4291.589844, 25.247801, 4162.500000>) and got 153.
02:33:51 [Market] Player "[Chill] Rehy_CZ" (id=z67WFg-Joo3MekD4H0kXOZXbSI0D6ip7P9dY0J-nUoM=) has send a requested to sell twp_uzi_mag_20rnd x1 at the trader "Attachments (Oliver [#STR_EXPANSION_MARKET_TRADER_ATTACHMENTS])" in market zone "OUTLIVE Trader" (pos=<4291.589844, 25.247801, 4162.500000>).
02:33:51 [Market] Player "[Chill] Rehy_CZ" (id=z67WFg-Joo3MekD4H0kXOZXbSI0D6ip7P9dY0J-nUoM=) has sold twp_uzi_mag_20rnd x1 at the trader "Attachments (Oliver [#STR_EXPANSION_MARKET_TRADER_ATTACHMENTS])" in market zone "OUTLIVE Trader" (pos=<4291.589844, 25.247801, 4162.500000>) and got 136.
02:35:39 [ATM Locker] Player "[Chill] Rehy_CZ" (id=z67WFg-Joo3MekD4H0kXOZXbSI0D6ip7P9dY0J-nUoM=) has deposited 60554 on his ATM account.
02:37:25 [ATM Locker] Player "[Chill] Rehy_CZ" (id=z67WFg-Joo3MekD4H0kXOZXbSI0D6ip7P9dY0J-nUoM=) has withdrawn 5000 from his ATM account.
02:37:39 [Market] Player "[Chill] Rehy_CZ" (id=z67WFg-Joo3MekD4H0kXOZXbSI0D6ip7P9dY0J-nUoM=) has send a requested to purchase sodacan_kvass x1 from the trader "Consumables (Naomi [#STR_EXPANSION_MARKET_TRADER_CONSUMABLES])" in market zone "OUTLIVE Trader" (pos=<4291.589844, 25.247801, 4162.500000>).
02:37:39 [Market] Player "[Chill] Rehy_CZ" (id=z67WFg-Joo3MekD4H0kXOZXbSI0D6ip7P9dY0J-nUoM=) has bought sodacan_kvass x1 from the trader "Consumables (Naomi [#STR_EXPANSION_MARKET_TRADER_CONSUMABLES])" in market zone "OUTLIVE Trader" (pos=<4291.589844, 25.247801, 4162.500000>) for a price of 200.
02:37:40 [Market] Player "[Chill] Rehy_CZ" (id=z67WFg-Joo3MekD4H0kXOZXbSI0D6ip7P9dY0J-nUoM=) has send a requested to purchase sodacan_kvass x1 from the trader "Consumables (Naomi [#STR_EXPANSION_MARKET_TRADER_CONSUMABLES])" in market zone "OUTLIVE Trader" (pos=<4291.589844, 25.247801, 4162.500000>).
02:37:40 [Market] Player "[Chill] Rehy_CZ" (id=z67WFg-Joo3MekD4H0kXOZXbSI0D6ip7P9dY0J-nUoM=) has bought sodacan_kvass x1 from the trader "Consumables (Naomi [#STR_EXPANSION_MARKET_TRADER_CONSUMABLES])" in market zone "OUTLIVE Trader" (pos=<4291.589844, 25.247801, 4162.500000>) for a price of 200.
02:37:41 [Market] Player "[Chill] Rehy_CZ" (id=z67WFg-Joo3MekD4H0kXOZXbSI0D6ip7P9dY0J-nUoM=) has send a requested to purchase sodacan_kvass x1 from the trader "Consumables (Naomi [#STR_EXPANSION_MARKET_TRADER_CONSUMABLES])" in market zone "OUTLIVE Trader" (pos=<4291.589844, 25.247801, 4162.500000>).
02:37:41 [Market] Player "[Chill] Rehy_CZ" (id=z67WFg-Joo3MekD4H0kXOZXbSI0D6ip7P9dY0J-nUoM=) has bought sodacan_kvass x1 from the trader "Consumables (Naomi [#STR_EXPANSION_MARKET_TRADER_CONSUMABLES])" in market zone "OUTLIVE Trader" (pos=<4291.589844, 25.247801, 4162.500000>) for a price of 200.
02:37:42 [Market] Player "[Chill] Rehy_CZ" (id=z67WFg-Joo3MekD4H0kXOZXbSI0D6ip7P9dY0J-nUoM=) has send a requested to purchase sodacan_kvass x1 from the trader "Consumables (Naomi [#STR_EXPANSION_MARKET_TRADER_CONSUMABLES])" in market zone "OUTLIVE Trader" (pos=<4291.589844, 25.247801, 4162.500000>).
02:37:42 [Market] Player "[Chill] Rehy_CZ" (id=z67WFg-Joo3MekD4H0kXOZXbSI0D6ip7P9dY0J-nUoM=) has bought sodacan_kvass x1 from the trader "Consumables (Naomi [#STR_EXPANSION_MARKET_TRADER_CONSUMABLES])" in market zone "OUTLIVE Trader" (pos=<4291.589844, 25.247801, 4162.500000>) for a price of 200.
02:37:43 [Market] Player "[Chill] Rehy_CZ" (id=z67WFg-Joo3MekD4H0kXOZXbSI0D6ip7P9dY0J-nUoM=) has send a requested to purchase sodacan_kvass x1 from the trader "Consumables (Naomi [#STR_EXPANSION_MARKET_TRADER_CONSUMABLES])" in market zone "OUTLIVE Trader" (pos=<4291.589844, 25.247801, 4162.500000>).
02:37:43 [Market] Player "[Chill] Rehy_CZ" (id=z67WFg-Joo3MekD4H0kXOZXbSI0D6ip7P9dY0J-nUoM=) has bought sodacan_kvass x1 from the trader "Consumables (Naomi [#STR_EXPANSION_MARKET_TRADER_CONSUMABLES])" in market zone "OUTLIVE Trader" (pos=<4291.589844, 25.247801, 4162.500000>) for a price of 200.
02:37:44 [Market] Player "[Chill] Rehy_CZ" (id=z67WFg-Joo3MekD4H0kXOZXbSI0D6ip7P9dY0J-nUoM=) has send a requested to purchase sodacan_kvass x1 from the trader "Consumables (Naomi [#STR_EXPANSION_MARKET_TRADER_CONSUMABLES])" in market zone "OUTLIVE Trader" (pos=<4291.589844, 25.247801, 4162.500000>).
02:37:44 [Market] Player "[Chill] Rehy_CZ" (id=z67WFg-Joo3MekD4H0kXOZXbSI0D6ip7P9dY0J-nUoM=) has bought sodacan_kvass x1 from the trader "Consumables (Naomi [#STR_EXPANSION_MARKET_TRADER_CONSUMABLES])" in market zone "OUTLIVE Trader" (pos=<4291.589844, 25.247801, 4162.500000>) for a price of 200.
02:37:47 [Market] Player "[Chill] Rehy_CZ" (id=z67WFg-Joo3MekD4H0kXOZXbSI0D6ip7P9dY0J-nUoM=) has send a requested to purchase vodka x1 from the trader "Consumables (Naomi [#STR_EXPANSION_MARKET_TRADER_CONSUMABLES])" in market zone "OUTLIVE Trader" (pos=<4291.589844, 25.247801, 4162.500000>).
02:37:47 [Market] Player "[Chill] Rehy_CZ" (id=z67WFg-Joo3MekD4H0kXOZXbSI0D6ip7P9dY0J-nUoM=) has bought vodka x1 from the trader "Consumables (Naomi [#STR_EXPANSION_MARKET_TRADER_CONSUMABLES])" in market zone "OUTLIVE Trader" (pos=<4291.589844, 25.247801, 4162.500000>) for a price of 440.
02:37:48 [Market] Player "[Chill] Rehy_CZ" (id=z67WFg-Joo3MekD4H0kXOZXbSI0D6ip7P9dY0J-nUoM=) has send a requested to purchase vodka x1 from the trader "Consumables (Naomi [#STR_EXPANSION_MARKET_TRADER_CONSUMABLES])" in market zone "OUTLIVE Trader" (pos=<4291.589844, 25.247801, 4162.500000>).
02:37:48 [Market] Player "[Chill] Rehy_CZ" (id=z67WFg-Joo3MekD4H0kXOZXbSI0D6ip7P9dY0J-nUoM=) has bought vodka x1 from the trader "Consumables (Naomi [#STR_EXPANSION_MARKET_TRADER_CONSUMABLES])" in market zone "OUTLIVE Trader" (pos=<4291.589844, 25.247801, 4162.500000>) for a price of 440.
03:03:16 [Expansion Quests] - SetupClientData - Loaded existing player quest data for player with UID: RxtWfZ1mQA9QSCtNNCHCdSTy9_3NqAG1ehM1Gu134cI=
03:03:16 [Expansion Quests] - PlayerQuestsInit - Create new quest instance for quest: 20 - Creator UID: RxtWfZ1mQA9QSCtNNCHCdSTy9_3NqAG1ehM1Gu134cI=
03:03:16 [Expansion Quests] - PlayerQuestsInit - Create new quest instance for quest: 23 - Creator UID: RxtWfZ1mQA9QSCtNNCHCdSTy9_3NqAG1ehM1Gu134cI=
03:28:01 [Expansion Quests] - SetupClientData - Got cached player quest data for player with UID: RxtWfZ1mQA9QSCtNNCHCdSTy9_3NqAG1ehM1Gu134cI=
03:35:12 [MissionAirdrop] An airdrop is heading towards "Weitmoos" (pos=<6222.000000, 0.000000, 9723.000000> type=Random_Weitmoos) with a ExpansionAirdropContainer_Medical
03:35:12 [MissionAirdrop] An airdrop is heading towards "Osternach" (pos=<3924.000000, 0.000000, 2662.000000> type=Random_Osternach) with a ExpansionAirdropContainer_Military
