08:02:39 [AI Object Patrol] Generating an example config...
08:03:56 [Expansion Quests] - SetupClientData - Loaded existing player quest data for player with UID: z67WFg-Joo3MekD4H0kXOZXbSI0D6ip7P9dY0J-nUoM=
08:03:56 [Expansion Quests] - PlayerQuestsInit - Create new quest instance for quest: 23 - Creator UID: z67WFg-Joo3MekD4H0kXOZXbSI0D6ip7P9dY0J-nUoM=
08:03:56 [Expansion Quests] - PlayerQuestsInit - Create new quest instance for quest: 18 - Creator UID: z67WFg-Joo3MekD4H0kXOZXbSI0D6ip7P9dY0J-nUoM=
08:03:56 [Expansion Quests] - PlayerQuestsInit - Create new quest instance for quest: 7 - Creator UID: z67WFg-Joo3MekD4H0kXOZXbSI0D6ip7P9dY0J-nUoM=
08:08:59 [MissionAirdrop] An airdrop is heading towards "SouthEast" (pos=<7892.000000, 0.000000, 1340.000000> type=Random_SouthEast) with a ExpansionAirdropContainer_Basebuilding
08:08:59 [MissionAirdrop] An airdrop is heading towards "PVP" (pos=<423.000000, 0.000000, 6703.000000> type=IcyPleasure) with a ExpansionAirdropContainer_Military_WinterCamo
08:16:37 [Expansion Quests] - SetupClientData - Loaded existing player quest data for player with UID: htCDnLpFFf_5M--EE2Ozogwz4CTNBchyoCFouXFMQFU=
08:16:37 [Expansion Quests] - PlayerQuestsInit - Create new quest instance for quest: 20 - Creator UID: htCDnLpFFf_5M--EE2Ozogwz4CTNBchyoCFouXFMQFU=
08:16:37 [Expansion Quests] - PlayerQuestsInit - Create new quest instance for quest: 23 - Creator UID: htCDnLpFFf_5M--EE2Ozogwz4CTNBchyoCFouXFMQFU=
08:45:23 [Safezone] Player "[Chill] Rehy_CZ" (id=z67WFg-Joo3MekD4H0kXOZXbSI0D6ip7P9dY0J-nUoM= pos=<4231.939941, 18.153299, 4047.612793>) Entered the safezone
08:46:26 [Market] Player "[Chill] Rehy_CZ" (id=z67WFg-Joo3MekD4H0kXOZXbSI0D6ip7P9dY0J-nUoM=) has send a requested to sell aks74u x1 at the trader "Weapons (Denis [#STR_EXPANSION_MARKET_TRADER_WEAPONS])" in market zone "OUTLIVE Trader" (pos=<4291.589844, 25.247801, 4162.500000>).
08:46:26 [Market] Player "[Chill] Rehy_CZ" (id=z67WFg-Joo3MekD4H0kXOZXbSI0D6ip7P9dY0J-nUoM=) has sold aks74u x1 at the trader "Weapons (Denis [#STR_EXPANSION_MARKET_TRADER_WEAPONS])" in market zone "OUTLIVE Trader" (pos=<4291.589844, 25.247801, 4162.500000>) and got 660.
08:46:32 [Market] Player "[Chill] Rehy_CZ" (id=z67WFg-Joo3MekD4H0kXOZXbSI0D6ip7P9dY0J-nUoM=) has send a requested to sell asval x1 at the trader "Weapons (Denis [#STR_EXPANSION_MARKET_TRADER_WEAPONS])" in market zone "OUTLIVE Trader" (pos=<4291.589844, 25.247801, 4162.500000>).
08:46:32 [Market] Player "[Chill] Rehy_CZ" (id=z67WFg-Joo3MekD4H0kXOZXbSI0D6ip7P9dY0J-nUoM=) has sold asval x1 at the trader "Weapons (Denis [#STR_EXPANSION_MARKET_TRADER_WEAPONS])" in market zone "OUTLIVE Trader" (pos=<4291.589844, 25.247801, 4162.500000>) and got 525.
08:46:42 [Market] Player "[Chill] Rehy_CZ" (id=z67WFg-Joo3MekD4H0kXOZXbSI0D6ip7P9dY0J-nUoM=) has send a requested to sell twp_type89 x1 at the trader "Weapons (Denis [#STR_EXPANSION_MARKET_TRADER_WEAPONS])" in market zone "OUTLIVE Trader" (pos=<4291.589844, 25.247801, 4162.500000>).
08:46:43 [Market] Player "[Chill] Rehy_CZ" (id=z67WFg-Joo3MekD4H0kXOZXbSI0D6ip7P9dY0J-nUoM=) has sold twp_type89 x1 at the trader "Weapons (Denis [#STR_EXPANSION_MARKET_TRADER_WEAPONS])" in market zone "OUTLIVE Trader" (pos=<4291.589844, 25.247801, 4162.500000>) and got 1700.
08:46:44 [Market] Player "[Chill] Rehy_CZ" (id=z67WFg-Joo3MekD4H0kXOZXbSI0D6ip7P9dY0J-nUoM=) has send a requested to sell twp_amd x1 at the trader "Weapons (Denis [#STR_EXPANSION_MARKET_TRADER_WEAPONS])" in market zone "OUTLIVE Trader" (pos=<4291.589844, 25.247801, 4162.500000>).
08:46:44 [Market] Player "[Chill] Rehy_CZ" (id=z67WFg-Joo3MekD4H0kXOZXbSI0D6ip7P9dY0J-nUoM=) has sold twp_amd x1 at the trader "Weapons (Denis [#STR_EXPANSION_MARKET_TRADER_WEAPONS])" in market zone "OUTLIVE Trader" (pos=<4291.589844, 25.247801, 4162.500000>) and got 1000.
08:46:50 [Market] Player "[Chill] Rehy_CZ" (id=z67WFg-Joo3MekD4H0kXOZXbSI0D6ip7P9dY0J-nUoM=) has send a requested to sell twp_mp5silenced x1 at the trader "Weapons (Denis [#STR_EXPANSION_MARKET_TRADER_WEAPONS])" in market zone "OUTLIVE Trader" (pos=<4291.589844, 25.247801, 4162.500000>).
08:46:50 [Market] Player "[Chill] Rehy_CZ" (id=z67WFg-Joo3MekD4H0kXOZXbSI0D6ip7P9dY0J-nUoM=) has sold twp_mp5silenced x1 at the trader "Weapons (Denis [#STR_EXPANSION_MARKET_TRADER_WEAPONS])" in market zone "OUTLIVE Trader" (pos=<4291.589844, 25.247801, 4162.500000>) and got 650.
08:46:57 [Market] Player "[Chill] Rehy_CZ" (id=z67WFg-Joo3MekD4H0kXOZXbSI0D6ip7P9dY0J-nUoM=) has send a requested to sell ak101 x1 at the trader "Weapons (Denis [#STR_EXPANSION_MARKET_TRADER_WEAPONS])" in market zone "OUTLIVE Trader" (pos=<4291.589844, 25.247801, 4162.500000>).
08:46:57 [Market] Player "[Chill] Rehy_CZ" (id=z67WFg-Joo3MekD4H0kXOZXbSI0D6ip7P9dY0J-nUoM=) has sold ak101 x1 at the trader "Weapons (Denis [#STR_EXPANSION_MARKET_TRADER_WEAPONS])" in market zone "OUTLIVE Trader" (pos=<4291.589844, 25.247801, 4162.500000>) and got 1140.
08:47:33 [Market] Player "[Chill] Rehy_CZ" (id=z67WFg-Joo3MekD4H0kXOZXbSI0D6ip7P9dY0J-nUoM=) has send a requested to sell acogoptic x1 at the trader "Attachments (Oliver [#STR_EXPANSION_MARKET_TRADER_ATTACHMENTS])" in market zone "OUTLIVE Trader" (pos=<4291.589844, 25.247801, 4162.500000>).
08:47:33 [Market] Player "[Chill] Rehy_CZ" (id=z67WFg-Joo3MekD4H0kXOZXbSI0D6ip7P9dY0J-nUoM=) has sold acogoptic x1 at the trader "Attachments (Oliver [#STR_EXPANSION_MARKET_TRADER_ATTACHMENTS])" in market zone "OUTLIVE Trader" (pos=<4291.589844, 25.247801, 4162.500000>) and got 120.
08:47:33 [Market] Player "[Chill] Rehy_CZ" (id=z67WFg-Joo3MekD4H0kXOZXbSI0D6ip7P9dY0J-nUoM=) has send a requested to sell acogoptic x1 at the trader "Attachments (Oliver [#STR_EXPANSION_MARKET_TRADER_ATTACHMENTS])" in market zone "OUTLIVE Trader" (pos=<4291.589844, 25.247801, 4162.500000>).
08:47:33 [Market] Player "[Chill] Rehy_CZ" (id=z67WFg-Joo3MekD4H0kXOZXbSI0D6ip7P9dY0J-nUoM=) has sold acogoptic x1 at the trader "Attachments (Oliver [#STR_EXPANSION_MARKET_TRADER_ATTACHMENTS])" in market zone "OUTLIVE Trader" (pos=<4291.589844, 25.247801, 4162.500000>) and got 120.
08:50:39 [ATM] Player "[Chill] Rehy_CZ" (id=z67WFg-Joo3MekD4H0kXOZXbSI0D6ip7P9dY0J-nUoM=) has deposited 13915 on his ATM account.
08:50:50 [ATM] Player "[Chill] Rehy_CZ" (id=z67WFg-Joo3MekD4H0kXOZXbSI0D6ip7P9dY0J-nUoM=) has deposited 20000 on the party "Chillgamer" (partyid=16 | ownerid=z67WFg-Joo3MekD4H0kXOZXbSI0D6ip7P9dY0J-nUoM=) ATM account.
08:51:33 [Safezone] Player "[Chill] Rehy_CZ" (id=z67WFg-Joo3MekD4H0kXOZXbSI0D6ip7P9dY0J-nUoM= pos=<4151.760254, 14.618566, 4299.040039>) Left the safezone
09:22:47 [Expansion Quests] - CompleteQuest - Player with UID z67WFg-Joo3MekD4H0kXOZXbSI0D6ip7P9dY0J-nUoM= has completed quest 7
09:22:47 [Expansion Quests] - ExpansionQuest - Quest owner ID: z67WFg-Joo3MekD4H0kXOZXbSI0D6ip7P9dY0J-nUoM=
09:22:47 [Expansion Quests] - ExpansionQuest - Quest ID: 7
09:22:47 [Expansion Quests] - ExpansionQuest - Quest state: 3
09:22:47 [Expansion Quests] - ExpansionQuest - Quest completed: true
09:23:04 [Expansion Quests] - CreateQuestInstance - Created new quest instance for player with UID z67WFg-Joo3MekD4H0kXOZXbSI0D6ip7P9dY0J-nUoM= for quest 85
09:23:04 [Expansion Quests] - ExpansionQuest - Quest owner ID: z67WFg-Joo3MekD4H0kXOZXbSI0D6ip7P9dY0J-nUoM=
09:23:04 [Expansion Quests] - ExpansionQuest - Quest ID: 85
09:23:04 [Expansion Quests] - ExpansionQuest - Quest state: 1
09:23:04 [Expansion Quests] - ExpansionQuest - Quest completed: false
09:34:43 [MissionAirdrop] An airdrop is heading towards "Mauerkirchen" (pos=<3123.000000, 0.000000, 4342.000000> type=Random_Mauerkirchen) with a ExpansionAirdropContainer
10:22:21 [Safezone] Player "Honan" (id=htCDnLpFFf_5M--EE2Ozogwz4CTNBchyoCFouXFMQFU= pos=<4214.550781, 11.096959, 4266.823242>) Entered the safezone
10:23:02 [Market] Player "Honan" (id=htCDnLpFFf_5M--EE2Ozogwz4CTNBchyoCFouXFMQFU=) has send a requested to sell kitchenknife x1 at the trader "Weapons (Denis [#STR_EXPANSION_MARKET_TRADER_WEAPONS])" in market zone "OUTLIVE Trader" (pos=<4291.589844, 25.247801, 4162.500000>).
10:23:02 [Market] Player "Honan" (id=htCDnLpFFf_5M--EE2Ozogwz4CTNBchyoCFouXFMQFU=) has sold kitchenknife x1 at the trader "Weapons (Denis [#STR_EXPANSION_MARKET_TRADER_WEAPONS])" in market zone "OUTLIVE Trader" (pos=<4291.589844, 25.247801, 4162.500000>) and got 30.
10:23:07 [Market] Player "Honan" (id=htCDnLpFFf_5M--EE2Ozogwz4CTNBchyoCFouXFMQFU=) has send a requested to sell colt1911 x1 at the trader "Weapons (Denis [#STR_EXPANSION_MARKET_TRADER_WEAPONS])" in market zone "OUTLIVE Trader" (pos=<4291.589844, 25.247801, 4162.500000>).
10:23:07 [Market] Player "Honan" (id=htCDnLpFFf_5M--EE2Ozogwz4CTNBchyoCFouXFMQFU=) has sold colt1911 x1 at the trader "Weapons (Denis [#STR_EXPANSION_MARKET_TRADER_WEAPONS])" in market zone "OUTLIVE Trader" (pos=<4291.589844, 25.247801, 4162.500000>) and got 67.
10:23:19 [Market] Player "Honan" (id=htCDnLpFFf_5M--EE2Ozogwz4CTNBchyoCFouXFMQFU=) has send a requested to sell expansion_m9 x1 at the trader "Weapons (Denis [#STR_EXPANSION_MARKET_TRADER_WEAPONS])" in market zone "OUTLIVE Trader" (pos=<4291.589844, 25.247801, 4162.500000>).
10:23:20 [Market] Player "Honan" (id=htCDnLpFFf_5M--EE2Ozogwz4CTNBchyoCFouXFMQFU=) has sold expansion_m9 x1 at the trader "Weapons (Denis [#STR_EXPANSION_MARKET_TRADER_WEAPONS])" in market zone "OUTLIVE Trader" (pos=<4291.589844, 25.247801, 4162.500000>) and got 135.
10:23:23 [Market] Player "Honan" (id=htCDnLpFFf_5M--EE2Ozogwz4CTNBchyoCFouXFMQFU=) has send a requested to sell twp_bloodymachete x1 at the trader "Weapons (Denis [#STR_EXPANSION_MARKET_TRADER_WEAPONS])" in market zone "OUTLIVE Trader" (pos=<4291.589844, 25.247801, 4162.500000>).
10:23:23 [Market] Player "Honan" (id=htCDnLpFFf_5M--EE2Ozogwz4CTNBchyoCFouXFMQFU=) has sold twp_bloodymachete x1 at the trader "Weapons (Denis [#STR_EXPANSION_MARKET_TRADER_WEAPONS])" in market zone "OUTLIVE Trader" (pos=<4291.589844, 25.247801, 4162.500000>) and got 500.
10:23:29 [Market] Player "Honan" (id=htCDnLpFFf_5M--EE2Ozogwz4CTNBchyoCFouXFMQFU=) has send a requested to sell twp_hk47 x1 at the trader "Weapons (Denis [#STR_EXPANSION_MARKET_TRADER_WEAPONS])" in market zone "OUTLIVE Trader" (pos=<4291.589844, 25.247801, 4162.500000>).
10:23:29 [Market] Player "Honan" (id=htCDnLpFFf_5M--EE2Ozogwz4CTNBchyoCFouXFMQFU=) has sold twp_hk47 x1 at the trader "Weapons (Denis [#STR_EXPANSION_MARKET_TRADER_WEAPONS])" in market zone "OUTLIVE Trader" (pos=<4291.589844, 25.247801, 4162.500000>) and got 350.
10:23:31 [Market] Player "Honan" (id=htCDnLpFFf_5M--EE2Ozogwz4CTNBchyoCFouXFMQFU=) has send a requested to sell twp_berettaswordcutlass x1 at the trader "Weapons (Denis [#STR_EXPANSION_MARKET_TRADER_WEAPONS])" in market zone "OUTLIVE Trader" (pos=<4291.589844, 25.247801, 4162.500000>).
10:23:31 [Market] Player "Honan" (id=htCDnLpFFf_5M--EE2Ozogwz4CTNBchyoCFouXFMQFU=) has sold twp_berettaswordcutlass x1 at the trader "Weapons (Denis [#STR_EXPANSION_MARKET_TRADER_WEAPONS])" in market zone "OUTLIVE Trader" (pos=<4291.589844, 25.247801, 4162.500000>) and got 350.
10:23:34 [Market] Player "Honan" (id=htCDnLpFFf_5M--EE2Ozogwz4CTNBchyoCFouXFMQFU=) has send a requested to sell twp_ak12 x1 at the trader "Weapons (Denis [#STR_EXPANSION_MARKET_TRADER_WEAPONS])" in market zone "OUTLIVE Trader" (pos=<4291.589844, 25.247801, 4162.500000>).
10:23:34 [Market] Player "Honan" (id=htCDnLpFFf_5M--EE2Ozogwz4CTNBchyoCFouXFMQFU=) has sold twp_ak12 x1 at the trader "Weapons (Denis [#STR_EXPANSION_MARKET_TRADER_WEAPONS])" in market zone "OUTLIVE Trader" (pos=<4291.589844, 25.247801, 4162.500000>) and got 500.
10:24:24 [Market] Player "Honan" (id=htCDnLpFFf_5M--EE2Ozogwz4CTNBchyoCFouXFMQFU=) has send a requested to sell twp_m110 x1 at the trader "Weapons (Denis [#STR_EXPANSION_MARKET_TRADER_WEAPONS])" in market zone "OUTLIVE Trader" (pos=<4291.589844, 25.247801, 4162.500000>).
10:24:24 [Market] Player "Honan" (id=htCDnLpFFf_5M--EE2Ozogwz4CTNBchyoCFouXFMQFU=) has sold twp_m110 x1 at the trader "Weapons (Denis [#STR_EXPANSION_MARKET_TRADER_WEAPONS])" in market zone "OUTLIVE Trader" (pos=<4291.589844, 25.247801, 4162.500000>) and got 1650.
10:26:39 [Safezone] Player "[Chill] Rehy_CZ" (id=z67WFg-Joo3MekD4H0kXOZXbSI0D6ip7P9dY0J-nUoM= pos=<4186.170410, 14.344620, 4238.068359>) Entered the safezone
10:26:41 [Market] Player "Honan" (id=htCDnLpFFf_5M--EE2Ozogwz4CTNBchyoCFouXFMQFU=) has send a requested to purchase twp_dragunov_mag_10rnd x1 from the trader "Attachments (Oliver [#STR_EXPANSION_MARKET_TRADER_ATTACHMENTS])" in market zone "OUTLIVE Trader" (pos=<4291.589844, 25.247801, 4162.500000>).
10:26:42 [Market] Player "Honan" (id=htCDnLpFFf_5M--EE2Ozogwz4CTNBchyoCFouXFMQFU=) has bought twp_dragunov_mag_10rnd x1 from the trader "Attachments (Oliver [#STR_EXPANSION_MARKET_TRADER_ATTACHMENTS])" in market zone "OUTLIVE Trader" (pos=<4291.589844, 25.247801, 4162.500000>) for a price of 1050.
10:27:26 [Market] Player "[Chill] Rehy_CZ" (id=z67WFg-Joo3MekD4H0kXOZXbSI0D6ip7P9dY0J-nUoM=) has send a requested to sell expansion_mp5 x1 at the trader "Weapons (Denis [#STR_EXPANSION_MARKET_TRADER_WEAPONS])" in market zone "OUTLIVE Trader" (pos=<4291.589844, 25.247801, 4162.500000>).
10:27:26 [Market] Player "[Chill] Rehy_CZ" (id=z67WFg-Joo3MekD4H0kXOZXbSI0D6ip7P9dY0J-nUoM=) has sold expansion_mp5 x1 at the trader "Weapons (Denis [#STR_EXPANSION_MARKET_TRADER_WEAPONS])" in market zone "OUTLIVE Trader" (pos=<4291.589844, 25.247801, 4162.500000>) and got 450.
10:27:30 [Market] Player "[Chill] Rehy_CZ" (id=z67WFg-Joo3MekD4H0kXOZXbSI0D6ip7P9dY0J-nUoM=) has send a requested to sell combatknife x1 at the trader "Weapons (Denis [#STR_EXPANSION_MARKET_TRADER_WEAPONS])" in market zone "OUTLIVE Trader" (pos=<4291.589844, 25.247801, 4162.500000>).
10:27:30 [Market] Player "[Chill] Rehy_CZ" (id=z67WFg-Joo3MekD4H0kXOZXbSI0D6ip7P9dY0J-nUoM=) has sold combatknife x1 at the trader "Weapons (Denis [#STR_EXPANSION_MARKET_TRADER_WEAPONS])" in market zone "OUTLIVE Trader" (pos=<4291.589844, 25.247801, 4162.500000>) and got 25.
10:27:36 [Market] Player "[Chill] Rehy_CZ" (id=z67WFg-Joo3MekD4H0kXOZXbSI0D6ip7P9dY0J-nUoM=) has send a requested to sell deagle x1 at the trader "Weapons (Denis [#STR_EXPANSION_MARKET_TRADER_WEAPONS])" in market zone "OUTLIVE Trader" (pos=<4291.589844, 25.247801, 4162.500000>).
10:27:36 [Market] Player "[Chill] Rehy_CZ" (id=z67WFg-Joo3MekD4H0kXOZXbSI0D6ip7P9dY0J-nUoM=) has sold deagle x1 at the trader "Weapons (Denis [#STR_EXPANSION_MARKET_TRADER_WEAPONS])" in market zone "OUTLIVE Trader" (pos=<4291.589844, 25.247801, 4162.500000>) and got 750.
10:27:46 [Market] Player "[Chill] Rehy_CZ" (id=z67WFg-Joo3MekD4H0kXOZXbSI0D6ip7P9dY0J-nUoM=) has send a requested to sell twp_ar70 x1 at the trader "Weapons (Denis [#STR_EXPANSION_MARKET_TRADER_WEAPONS])" in market zone "OUTLIVE Trader" (pos=<4291.589844, 25.247801, 4162.500000>).
10:27:46 [Market] Player "[Chill] Rehy_CZ" (id=z67WFg-Joo3MekD4H0kXOZXbSI0D6ip7P9dY0J-nUoM=) has sold twp_ar70 x1 at the trader "Weapons (Denis [#STR_EXPANSION_MARKET_TRADER_WEAPONS])" in market zone "OUTLIVE Trader" (pos=<4291.589844, 25.247801, 4162.500000>) and got 1100.
10:27:49 [Market] Player "[Chill] Rehy_CZ" (id=z67WFg-Joo3MekD4H0kXOZXbSI0D6ip7P9dY0J-nUoM=) has send a requested to sell twp_g36c x1 at the trader "Weapons (Denis [#STR_EXPANSION_MARKET_TRADER_WEAPONS])" in market zone "OUTLIVE Trader" (pos=<4291.589844, 25.247801, 4162.500000>).
10:27:49 [Market] Player "[Chill] Rehy_CZ" (id=z67WFg-Joo3MekD4H0kXOZXbSI0D6ip7P9dY0J-nUoM=) has sold twp_g36c x1 at the trader "Weapons (Denis [#STR_EXPANSION_MARKET_TRADER_WEAPONS])" in market zone "OUTLIVE Trader" (pos=<4291.589844, 25.247801, 4162.500000>) and got 1400.
10:27:54 [Market] Player "[Chill] Rehy_CZ" (id=z67WFg-Joo3MekD4H0kXOZXbSI0D6ip7P9dY0J-nUoM=) has send a requested to sell twp_winchesterrifle x1 at the trader "Weapons (Denis [#STR_EXPANSION_MARKET_TRADER_WEAPONS])" in market zone "OUTLIVE Trader" (pos=<4291.589844, 25.247801, 4162.500000>).
10:27:54 [Market] Player "[Chill] Rehy_CZ" (id=z67WFg-Joo3MekD4H0kXOZXbSI0D6ip7P9dY0J-nUoM=) has sold twp_winchesterrifle x1 at the trader "Weapons (Denis [#STR_EXPANSION_MARKET_TRADER_WEAPONS])" in market zone "OUTLIVE Trader" (pos=<4291.589844, 25.247801, 4162.500000>) and got 650.
10:27:55 [Market] Player "[Chill] Rehy_CZ" (id=z67WFg-Joo3MekD4H0kXOZXbSI0D6ip7P9dY0J-nUoM=) has send a requested to sell twp_winchesterrifle x1 at the trader "Weapons (Denis [#STR_EXPANSION_MARKET_TRADER_WEAPONS])" in market zone "OUTLIVE Trader" (pos=<4291.589844, 25.247801, 4162.500000>).
10:27:55 [Market] Player "[Chill] Rehy_CZ" (id=z67WFg-Joo3MekD4H0kXOZXbSI0D6ip7P9dY0J-nUoM=) has sold twp_winchesterrifle x1 at the trader "Weapons (Denis [#STR_EXPANSION_MARKET_TRADER_WEAPONS])" in market zone "OUTLIVE Trader" (pos=<4291.589844, 25.247801, 4162.500000>) and got 650.
10:28:00 [Market] Player "[Chill] Rehy_CZ" (id=z67WFg-Joo3MekD4H0kXOZXbSI0D6ip7P9dY0J-nUoM=) has send a requested to sell twp_sst30silenced x1 at the trader "Weapons (Denis [#STR_EXPANSION_MARKET_TRADER_WEAPONS])" in market zone "OUTLIVE Trader" (pos=<4291.589844, 25.247801, 4162.500000>).
10:28:00 [Market] Player "[Chill] Rehy_CZ" (id=z67WFg-Joo3MekD4H0kXOZXbSI0D6ip7P9dY0J-nUoM=) has sold twp_sst30silenced x1 at the trader "Weapons (Denis [#STR_EXPANSION_MARKET_TRADER_WEAPONS])" in market zone "OUTLIVE Trader" (pos=<4291.589844, 25.247801, 4162.500000>) and got 800.
10:28:19 [Market] Player "[Chill] Rehy_CZ" (id=z67WFg-Joo3MekD4H0kXOZXbSI0D6ip7P9dY0J-nUoM=) has send a requested to sell ammo_45acp x95 at the trader "Attachments (Oliver [#STR_EXPANSION_MARKET_TRADER_ATTACHMENTS])" in market zone "OUTLIVE Trader" (pos=<4291.589844, 25.247801, 4162.500000>).
10:28:19 [Market] Player "[Chill] Rehy_CZ" (id=z67WFg-Joo3MekD4H0kXOZXbSI0D6ip7P9dY0J-nUoM=) has sold ammo_45acp x95 at the trader "Attachments (Oliver [#STR_EXPANSION_MARKET_TRADER_ATTACHMENTS])" in market zone "OUTLIVE Trader" (pos=<4291.589844, 25.247801, 4162.500000>) and got 142.
10:28:29 [Market] Player "[Chill] Rehy_CZ" (id=z67WFg-Joo3MekD4H0kXOZXbSI0D6ip7P9dY0J-nUoM=) has send a requested to sell ammo_9x39 x57 at the trader "Attachments (Oliver [#STR_EXPANSION_MARKET_TRADER_ATTACHMENTS])" in market zone "OUTLIVE Trader" (pos=<4291.589844, 25.247801, 4162.500000>).
10:28:29 [Market] Player "[Chill] Rehy_CZ" (id=z67WFg-Joo3MekD4H0kXOZXbSI0D6ip7P9dY0J-nUoM=) has sold ammo_9x39 x57 at the trader "Attachments (Oliver [#STR_EXPANSION_MARKET_TRADER_ATTACHMENTS])" in market zone "OUTLIVE Trader" (pos=<4291.589844, 25.247801, 4162.500000>) and got 222.
10:28:47 [Market] Player "[Chill] Rehy_CZ" (id=z67WFg-Joo3MekD4H0kXOZXbSI0D6ip7P9dY0J-nUoM=) has send a requested to sell twp_aa12black_mag_32rnd x1 at the trader "Attachments (Oliver [#STR_EXPANSION_MARKET_TRADER_ATTACHMENTS])" in market zone "OUTLIVE Trader" (pos=<4291.589844, 25.247801, 4162.500000>).
10:28:47 [Market] Player "[Chill] Rehy_CZ" (id=z67WFg-Joo3MekD4H0kXOZXbSI0D6ip7P9dY0J-nUoM=) has sold twp_aa12black_mag_32rnd x1 at the trader "Attachments (Oliver [#STR_EXPANSION_MARKET_TRADER_ATTACHMENTS])" in market zone "OUTLIVE Trader" (pos=<4291.589844, 25.247801, 4162.500000>) and got 327.
10:28:48 [Market] Player "[Chill] Rehy_CZ" (id=z67WFg-Joo3MekD4H0kXOZXbSI0D6ip7P9dY0J-nUoM=) has send a requested to sell twp_aa12dragon_mag_32rnd x1 at the trader "Attachments (Oliver [#STR_EXPANSION_MARKET_TRADER_ATTACHMENTS])" in market zone "OUTLIVE Trader" (pos=<4291.589844, 25.247801, 4162.500000>).
10:28:48 [Market] Player "[Chill] Rehy_CZ" (id=z67WFg-Joo3MekD4H0kXOZXbSI0D6ip7P9dY0J-nUoM=) has sold twp_aa12dragon_mag_32rnd x1 at the trader "Attachments (Oliver [#STR_EXPANSION_MARKET_TRADER_ATTACHMENTS])" in market zone "OUTLIVE Trader" (pos=<4291.589844, 25.247801, 4162.500000>) and got 305.
10:28:50 [Market] Player "[Chill] Rehy_CZ" (id=z67WFg-Joo3MekD4H0kXOZXbSI0D6ip7P9dY0J-nUoM=) has send a requested to sell twp_aa12dragon_mag_32rnd x1 at the trader "Attachments (Oliver [#STR_EXPANSION_MARKET_TRADER_ATTACHMENTS])" in market zone "OUTLIVE Trader" (pos=<4291.589844, 25.247801, 4162.500000>).
10:28:50 [Market] Player "[Chill] Rehy_CZ" (id=z67WFg-Joo3MekD4H0kXOZXbSI0D6ip7P9dY0J-nUoM=) has sold twp_aa12dragon_mag_32rnd x1 at the trader "Attachments (Oliver [#STR_EXPANSION_MARKET_TRADER_ATTACHMENTS])" in market zone "OUTLIVE Trader" (pos=<4291.589844, 25.247801, 4162.500000>) and got 260.
10:28:51 [Market] Player "[Chill] Rehy_CZ" (id=z67WFg-Joo3MekD4H0kXOZXbSI0D6ip7P9dY0J-nUoM=) has send a requested to sell twp_ak12tan_mag_30rnd x1 at the trader "Attachments (Oliver [#STR_EXPANSION_MARKET_TRADER_ATTACHMENTS])" in market zone "OUTLIVE Trader" (pos=<4291.589844, 25.247801, 4162.500000>).
10:28:51 [Market] Player "[Chill] Rehy_CZ" (id=z67WFg-Joo3MekD4H0kXOZXbSI0D6ip7P9dY0J-nUoM=) has sold twp_ak12tan_mag_30rnd x1 at the trader "Attachments (Oliver [#STR_EXPANSION_MARKET_TRADER_ATTACHMENTS])" in market zone "OUTLIVE Trader" (pos=<4291.589844, 25.247801, 4162.500000>) and got 282.
10:28:52 [Market] Player "[Chill] Rehy_CZ" (id=z67WFg-Joo3MekD4H0kXOZXbSI0D6ip7P9dY0J-nUoM=) has send a requested to sell twp_ak12_mag_30rnd x1 at the trader "Attachments (Oliver [#STR_EXPANSION_MARKET_TRADER_ATTACHMENTS])" in market zone "OUTLIVE Trader" (pos=<4291.589844, 25.247801, 4162.500000>).
10:28:52 [Market] Player "[Chill] Rehy_CZ" (id=z67WFg-Joo3MekD4H0kXOZXbSI0D6ip7P9dY0J-nUoM=) has sold twp_ak12_mag_30rnd x1 at the trader "Attachments (Oliver [#STR_EXPANSION_MARKET_TRADER_ATTACHMENTS])" in market zone "OUTLIVE Trader" (pos=<4291.589844, 25.247801, 4162.500000>) and got 246.
10:28:56 [Market] Player "[Chill] Rehy_CZ" (id=z67WFg-Joo3MekD4H0kXOZXbSI0D6ip7P9dY0J-nUoM=) has send a requested to sell twp_ar60_mag_40rnd x1 at the trader "Attachments (Oliver [#STR_EXPANSION_MARKET_TRADER_ATTACHMENTS])" in market zone "OUTLIVE Trader" (pos=<4291.589844, 25.247801, 4162.500000>).
10:28:56 [Market] Player "[Chill] Rehy_CZ" (id=z67WFg-Joo3MekD4H0kXOZXbSI0D6ip7P9dY0J-nUoM=) has sold twp_ar60_mag_40rnd x1 at the trader "Attachments (Oliver [#STR_EXPANSION_MARKET_TRADER_ATTACHMENTS])" in market zone "OUTLIVE Trader" (pos=<4291.589844, 25.247801, 4162.500000>) and got 332.
10:28:57 [Market] Player "[Chill] Rehy_CZ" (id=z67WFg-Joo3MekD4H0kXOZXbSI0D6ip7P9dY0J-nUoM=) has send a requested to sell twp_califasnomad_mag_40rnd x1 at the trader "Attachments (Oliver [#STR_EXPANSION_MARKET_TRADER_ATTACHMENTS])" in market zone "OUTLIVE Trader" (pos=<4291.589844, 25.247801, 4162.500000>).
10:28:57 [Market] Player "[Chill] Rehy_CZ" (id=z67WFg-Joo3MekD4H0kXOZXbSI0D6ip7P9dY0J-nUoM=) has sold twp_califasnomad_mag_40rnd x1 at the trader "Attachments (Oliver [#STR_EXPANSION_MARKET_TRADER_ATTACHMENTS])" in market zone "OUTLIVE Trader" (pos=<4291.589844, 25.247801, 4162.500000>) and got 360.
10:28:57 [Market] Player "[Chill] Rehy_CZ" (id=z67WFg-Joo3MekD4H0kXOZXbSI0D6ip7P9dY0J-nUoM=) has send a requested to sell twp_honeybadgergold_mag_40rnd x1 at the trader "Attachments (Oliver [#STR_EXPANSION_MARKET_TRADER_ATTACHMENTS])" in market zone "OUTLIVE Trader" (pos=<4291.589844, 25.247801, 4162.500000>).
10:28:58 [Market] Player "[Chill] Rehy_CZ" (id=z67WFg-Joo3MekD4H0kXOZXbSI0D6ip7P9dY0J-nUoM=) has sold twp_honeybadgergold_mag_40rnd x1 at the trader "Attachments (Oliver [#STR_EXPANSION_MARKET_TRADER_ATTACHMENTS])" in market zone "OUTLIVE Trader" (pos=<4291.589844, 25.247801, 4162.500000>) and got 429.
10:28:58 [Market] Player "[Chill] Rehy_CZ" (id=z67WFg-Joo3MekD4H0kXOZXbSI0D6ip7P9dY0J-nUoM=) has send a requested to sell twp_qbz03_mag_30rnd x1 at the trader "Attachments (Oliver [#STR_EXPANSION_MARKET_TRADER_ATTACHMENTS])" in market zone "OUTLIVE Trader" (pos=<4291.589844, 25.247801, 4162.500000>).
10:28:58 [Market] Player "[Chill] Rehy_CZ" (id=z67WFg-Joo3MekD4H0kXOZXbSI0D6ip7P9dY0J-nUoM=) has sold twp_qbz03_mag_30rnd x1 at the trader "Attachments (Oliver [#STR_EXPANSION_MARKET_TRADER_ATTACHMENTS])" in market zone "OUTLIVE Trader" (pos=<4291.589844, 25.247801, 4162.500000>) and got 262.
10:29:01 [Market] Player "[Chill] Rehy_CZ" (id=z67WFg-Joo3MekD4H0kXOZXbSI0D6ip7P9dY0J-nUoM=) has send a requested to sell twp_sg556_mag_30rnd x1 at the trader "Attachments (Oliver [#STR_EXPANSION_MARKET_TRADER_ATTACHMENTS])" in market zone "OUTLIVE Trader" (pos=<4291.589844, 25.247801, 4162.500000>).
10:29:01 [Market] Player "[Chill] Rehy_CZ" (id=z67WFg-Joo3MekD4H0kXOZXbSI0D6ip7P9dY0J-nUoM=) has sold twp_sg556_mag_30rnd x1 at the trader "Attachments (Oliver [#STR_EXPANSION_MARKET_TRADER_ATTACHMENTS])" in market zone "OUTLIVE Trader" (pos=<4291.589844, 25.247801, 4162.500000>) and got 315.
10:29:01 [Market] Player "[Chill] Rehy_CZ" (id=z67WFg-Joo3MekD4H0kXOZXbSI0D6ip7P9dY0J-nUoM=) has send a requested to sell twp_ssg69_mag_5rnd x1 at the trader "Attachments (Oliver [#STR_EXPANSION_MARKET_TRADER_ATTACHMENTS])" in market zone "OUTLIVE Trader" (pos=<4291.589844, 25.247801, 4162.500000>).
10:29:01 [Market] Player "[Chill] Rehy_CZ" (id=z67WFg-Joo3MekD4H0kXOZXbSI0D6ip7P9dY0J-nUoM=) has sold twp_ssg69_mag_5rnd x1 at the trader "Attachments (Oliver [#STR_EXPANSION_MARKET_TRADER_ATTACHMENTS])" in market zone "OUTLIVE Trader" (pos=<4291.589844, 25.247801, 4162.500000>) and got 85.
10:29:02 [Market] Player "[Chill] Rehy_CZ" (id=z67WFg-Joo3MekD4H0kXOZXbSI0D6ip7P9dY0J-nUoM=) has send a requested to sell twp_sst30_mag_35rnd x1 at the trader "Attachments (Oliver [#STR_EXPANSION_MARKET_TRADER_ATTACHMENTS])" in market zone "OUTLIVE Trader" (pos=<4291.589844, 25.247801, 4162.500000>).
10:29:02 [Market] Player "[Chill] Rehy_CZ" (id=z67WFg-Joo3MekD4H0kXOZXbSI0D6ip7P9dY0J-nUoM=) has sold twp_sst30_mag_35rnd x1 at the trader "Attachments (Oliver [#STR_EXPANSION_MARKET_TRADER_ATTACHMENTS])" in market zone "OUTLIVE Trader" (pos=<4291.589844, 25.247801, 4162.500000>) and got 234.
10:29:03 [Market] Player "[Chill] Rehy_CZ" (id=z67WFg-Joo3MekD4H0kXOZXbSI0D6ip7P9dY0J-nUoM=) has send a requested to sell twp_scarl_mag_30rnd x1 at the trader "Attachments (Oliver [#STR_EXPANSION_MARKET_TRADER_ATTACHMENTS])" in market zone "OUTLIVE Trader" (pos=<4291.589844, 25.247801, 4162.500000>).
10:29:03 [Market] Player "[Chill] Rehy_CZ" (id=z67WFg-Joo3MekD4H0kXOZXbSI0D6ip7P9dY0J-nUoM=) has sold twp_scarl_mag_30rnd x1 at the trader "Attachments (Oliver [#STR_EXPANSION_MARKET_TRADER_ATTACHMENTS])" in market zone "OUTLIVE Trader" (pos=<4291.589844, 25.247801, 4162.500000>) and got 338.
10:29:04 [Market] Player "[Chill] Rehy_CZ" (id=z67WFg-Joo3MekD4H0kXOZXbSI0D6ip7P9dY0J-nUoM=) has send a requested to sell twp_steyraug_mag_45rnd x1 at the trader "Attachments (Oliver [#STR_EXPANSION_MARKET_TRADER_ATTACHMENTS])" in market zone "OUTLIVE Trader" (pos=<4291.589844, 25.247801, 4162.500000>).
10:29:04 [Market] Player "[Chill] Rehy_CZ" (id=z67WFg-Joo3MekD4H0kXOZXbSI0D6ip7P9dY0J-nUoM=) has sold twp_steyraug_mag_45rnd x1 at the trader "Attachments (Oliver [#STR_EXPANSION_MARKET_TRADER_ATTACHMENTS])" in market zone "OUTLIVE Trader" (pos=<4291.589844, 25.247801, 4162.500000>) and got 352.
10:29:04 [Market] Player "[Chill] Rehy_CZ" (id=z67WFg-Joo3MekD4H0kXOZXbSI0D6ip7P9dY0J-nUoM=) has send a requested to sell twp_ar15cannabis_mag_30rnd x1 at the trader "Attachments (Oliver [#STR_EXPANSION_MARKET_TRADER_ATTACHMENTS])" in market zone "OUTLIVE Trader" (pos=<4291.589844, 25.247801, 4162.500000>).
10:29:04 [Market] Player "[Chill] Rehy_CZ" (id=z67WFg-Joo3MekD4H0kXOZXbSI0D6ip7P9dY0J-nUoM=) has sold twp_ar15cannabis_mag_30rnd x1 at the trader "Attachments (Oliver [#STR_EXPANSION_MARKET_TRADER_ATTACHMENTS])" in market zone "OUTLIVE Trader" (pos=<4291.589844, 25.247801, 4162.500000>) and got 225.
10:29:06 [Market] Player "[Chill] Rehy_CZ" (id=z67WFg-Joo3MekD4H0kXOZXbSI0D6ip7P9dY0J-nUoM=) has send a requested to sell twp_vr80_mag_10rnd x1 at the trader "Attachments (Oliver [#STR_EXPANSION_MARKET_TRADER_ATTACHMENTS])" in market zone "OUTLIVE Trader" (pos=<4291.589844, 25.247801, 4162.500000>).
10:29:06 [Market] Player "[Chill] Rehy_CZ" (id=z67WFg-Joo3MekD4H0kXOZXbSI0D6ip7P9dY0J-nUoM=) has sold twp_vr80_mag_10rnd x1 at the trader "Attachments (Oliver [#STR_EXPANSION_MARKET_TRADER_ATTACHMENTS])" in market zone "OUTLIVE Trader" (pos=<4291.589844, 25.247801, 4162.500000>) and got 87.
10:31:06 [Market] Player "[Chill] Rehy_CZ" (id=z67WFg-Joo3MekD4H0kXOZXbSI0D6ip7P9dY0J-nUoM=) has send a requested to sell mmg_camelback_tan x1 at the trader "Clothing (Linda [#STR_EXPANSION_MARKET_TRADER_CLOTHING])" in market zone "OUTLIVE Trader" (pos=<4291.589844, 25.247801, 4162.500000>).
10:31:06 [Market] Player "[Chill] Rehy_CZ" (id=z67WFg-Joo3MekD4H0kXOZXbSI0D6ip7P9dY0J-nUoM=) has sold mmg_camelback_tan x1 at the trader "Clothing (Linda [#STR_EXPANSION_MARKET_TRADER_CLOTHING])" in market zone "OUTLIVE Trader" (pos=<4291.589844, 25.247801, 4162.500000>) and got 1000.
10:31:29 [Market] Player "[Chill] Rehy_CZ" (id=z67WFg-Joo3MekD4H0kXOZXbSI0D6ip7P9dY0J-nUoM=) has send a requested to sell mmg_operatorshirt_green x1 at the trader "Clothing (Linda [#STR_EXPANSION_MARKET_TRADER_CLOTHING])" in market zone "OUTLIVE Trader" (pos=<4291.589844, 25.247801, 4162.500000>).
10:31:29 [Market] Player "[Chill] Rehy_CZ" (id=z67WFg-Joo3MekD4H0kXOZXbSI0D6ip7P9dY0J-nUoM=) has sold mmg_operatorshirt_green x1 at the trader "Clothing (Linda [#STR_EXPANSION_MARKET_TRADER_CLOTHING])" in market zone "OUTLIVE Trader" (pos=<4291.589844, 25.247801, 4162.500000>) and got 500.
10:31:58 [Market] Player "Honan" (id=htCDnLpFFf_5M--EE2Ozogwz4CTNBchyoCFouXFMQFU=) has send a requested to sell expansionkar98scopeoptic x1 at the trader "Attachments (Oliver [#STR_EXPANSION_MARKET_TRADER_ATTACHMENTS])" in market zone "OUTLIVE Trader" (pos=<4291.589844, 25.247801, 4162.500000>).
10:31:58 [Market] Player "Honan" (id=htCDnLpFFf_5M--EE2Ozogwz4CTNBchyoCFouXFMQFU=) has sold expansionkar98scopeoptic x1 at the trader "Attachments (Oliver [#STR_EXPANSION_MARKET_TRADER_ATTACHMENTS])" in market zone "OUTLIVE Trader" (pos=<4291.589844, 25.247801, 4162.500000>) and got 220.
10:32:00 [Market] Player "Honan" (id=htCDnLpFFf_5M--EE2Ozogwz4CTNBchyoCFouXFMQFU=) has send a requested to sell m68optic x1 at the trader "Attachments (Oliver [#STR_EXPANSION_MARKET_TRADER_ATTACHMENTS])" in market zone "OUTLIVE Trader" (pos=<4291.589844, 25.247801, 4162.500000>).
10:32:00 [Market] Player "Honan" (id=htCDnLpFFf_5M--EE2Ozogwz4CTNBchyoCFouXFMQFU=) has sold m68optic x1 at the trader "Attachments (Oliver [#STR_EXPANSION_MARKET_TRADER_ATTACHMENTS])" in market zone "OUTLIVE Trader" (pos=<4291.589844, 25.247801, 4162.500000>) and got 100.
10:32:06 [Market] Player "Honan" (id=htCDnLpFFf_5M--EE2Ozogwz4CTNBchyoCFouXFMQFU=) has send a requested to sell twp_whitewolfbayonet x1 at the trader "Attachments (Oliver [#STR_EXPANSION_MARKET_TRADER_ATTACHMENTS])" in market zone "OUTLIVE Trader" (pos=<4291.589844, 25.247801, 4162.500000>).
10:32:06 [Market] Player "Honan" (id=htCDnLpFFf_5M--EE2Ozogwz4CTNBchyoCFouXFMQFU=) has sold twp_whitewolfbayonet x1 at the trader "Attachments (Oliver [#STR_EXPANSION_MARKET_TRADER_ATTACHMENTS])" in market zone "OUTLIVE Trader" (pos=<4291.589844, 25.247801, 4162.500000>) and got 700.
10:32:14 [Market] Player "Honan" (id=htCDnLpFFf_5M--EE2Ozogwz4CTNBchyoCFouXFMQFU=) has send a requested to sell twp_weaponlight x1 at the trader "Attachments (Oliver [#STR_EXPANSION_MARKET_TRADER_ATTACHMENTS])" in market zone "OUTLIVE Trader" (pos=<4291.589844, 25.247801, 4162.500000>).
10:32:14 [Market] Player "Honan" (id=htCDnLpFFf_5M--EE2Ozogwz4CTNBchyoCFouXFMQFU=) has sold twp_weaponlight x1 at the trader "Attachments (Oliver [#STR_EXPANSION_MARKET_TRADER_ATTACHMENTS])" in market zone "OUTLIVE Trader" (pos=<4291.589844, 25.247801, 4162.500000>) and got 100.
10:32:22 [Market] Player "Honan" (id=htCDnLpFFf_5M--EE2Ozogwz4CTNBchyoCFouXFMQFU=) has send a requested to sell twp_optic_blackdragon x1 at the trader "Attachments (Oliver [#STR_EXPANSION_MARKET_TRADER_ATTACHMENTS])" in market zone "OUTLIVE Trader" (pos=<4291.589844, 25.247801, 4162.500000>).
10:32:22 [Market] Player "Honan" (id=htCDnLpFFf_5M--EE2Ozogwz4CTNBchyoCFouXFMQFU=) has sold twp_optic_blackdragon x1 at the trader "Attachments (Oliver [#STR_EXPANSION_MARKET_TRADER_ATTACHMENTS])" in market zone "OUTLIVE Trader" (pos=<4291.589844, 25.247801, 4162.500000>) and got 394.
10:32:23 [Market] Player "Honan" (id=htCDnLpFFf_5M--EE2Ozogwz4CTNBchyoCFouXFMQFU=) has send a requested to sell twp_trijiconacog x1 at the trader "Attachments (Oliver [#STR_EXPANSION_MARKET_TRADER_ATTACHMENTS])" in market zone "OUTLIVE Trader" (pos=<4291.589844, 25.247801, 4162.500000>).
10:32:23 [Market] Player "Honan" (id=htCDnLpFFf_5M--EE2Ozogwz4CTNBchyoCFouXFMQFU=) has sold twp_trijiconacog x1 at the trader "Attachments (Oliver [#STR_EXPANSION_MARKET_TRADER_ATTACHMENTS])" in market zone "OUTLIVE Trader" (pos=<4291.589844, 25.247801, 4162.500000>) and got 550.
10:32:35 [Market] Player "Honan" (id=htCDnLpFFf_5M--EE2Ozogwz4CTNBchyoCFouXFMQFU=) has send a requested to sell twp_g3a3_suppressor x1 at the trader "Attachments (Oliver [#STR_EXPANSION_MARKET_TRADER_ATTACHMENTS])" in market zone "OUTLIVE Trader" (pos=<4291.589844, 25.247801, 4162.500000>).
10:32:35 [Market] Player "Honan" (id=htCDnLpFFf_5M--EE2Ozogwz4CTNBchyoCFouXFMQFU=) has sold twp_g3a3_suppressor x1 at the trader "Attachments (Oliver [#STR_EXPANSION_MARKET_TRADER_ATTACHMENTS])" in market zone "OUTLIVE Trader" (pos=<4291.589844, 25.247801, 4162.500000>) and got 188.
10:32:36 [Market] Player "Honan" (id=htCDnLpFFf_5M--EE2Ozogwz4CTNBchyoCFouXFMQFU=) has send a requested to sell twp_aksuppressor x1 at the trader "Attachments (Oliver [#STR_EXPANSION_MARKET_TRADER_ATTACHMENTS])" in market zone "OUTLIVE Trader" (pos=<4291.589844, 25.247801, 4162.500000>).
10:32:36 [Market] Player "Honan" (id=htCDnLpFFf_5M--EE2Ozogwz4CTNBchyoCFouXFMQFU=) has sold twp_aksuppressor x1 at the trader "Attachments (Oliver [#STR_EXPANSION_MARKET_TRADER_ATTACHMENTS])" in market zone "OUTLIVE Trader" (pos=<4291.589844, 25.247801, 4162.500000>) and got 250.
10:32:42 [Market] Player "Honan" (id=htCDnLpFFf_5M--EE2Ozogwz4CTNBchyoCFouXFMQFU=) has send a requested to sell mag_scout_5rnd x1 at the trader "Attachments (Oliver [#STR_EXPANSION_MARKET_TRADER_ATTACHMENTS])" in market zone "OUTLIVE Trader" (pos=<4291.589844, 25.247801, 4162.500000>).
10:32:42 [Market] Player "Honan" (id=htCDnLpFFf_5M--EE2Ozogwz4CTNBchyoCFouXFMQFU=) has sold mag_scout_5rnd x1 at the trader "Attachments (Oliver [#STR_EXPANSION_MARKET_TRADER_ATTACHMENTS])" in market zone "OUTLIVE Trader" (pos=<4291.589844, 25.247801, 4162.500000>) and got 50.
10:32:44 [Market] Player "Honan" (id=htCDnLpFFf_5M--EE2Ozogwz4CTNBchyoCFouXFMQFU=) has send a requested to sell mag_akm_30rnd x1 at the trader "Attachments (Oliver [#STR_EXPANSION_MARKET_TRADER_ATTACHMENTS])" in market zone "OUTLIVE Trader" (pos=<4291.589844, 25.247801, 4162.500000>).
10:32:44 [Market] Player "Honan" (id=htCDnLpFFf_5M--EE2Ozogwz4CTNBchyoCFouXFMQFU=) has sold mag_akm_30rnd x1 at the trader "Attachments (Oliver [#STR_EXPANSION_MARKET_TRADER_ATTACHMENTS])" in market zone "OUTLIVE Trader" (pos=<4291.589844, 25.247801, 4162.500000>) and got 50.
10:32:47 [Market] Player "Honan" (id=htCDnLpFFf_5M--EE2Ozogwz4CTNBchyoCFouXFMQFU=) has send a requested to sell mag_ij70_8rnd x1 at the trader "Attachments (Oliver [#STR_EXPANSION_MARKET_TRADER_ATTACHMENTS])" in market zone "OUTLIVE Trader" (pos=<4291.589844, 25.247801, 4162.500000>).
10:32:47 [Market] Player "Honan" (id=htCDnLpFFf_5M--EE2Ozogwz4CTNBchyoCFouXFMQFU=) has sold mag_ij70_8rnd x1 at the trader "Attachments (Oliver [#STR_EXPANSION_MARKET_TRADER_ATTACHMENTS])" in market zone "OUTLIVE Trader" (pos=<4291.589844, 25.247801, 4162.500000>) and got 20.
10:32:48 [Market] Player "Honan" (id=htCDnLpFFf_5M--EE2Ozogwz4CTNBchyoCFouXFMQFU=) has send a requested to sell mag_ij70_8rnd x1 at the trader "Attachments (Oliver [#STR_EXPANSION_MARKET_TRADER_ATTACHMENTS])" in market zone "OUTLIVE Trader" (pos=<4291.589844, 25.247801, 4162.500000>).
10:32:48 [Market] Player "Honan" (id=htCDnLpFFf_5M--EE2Ozogwz4CTNBchyoCFouXFMQFU=) has sold mag_ij70_8rnd x1 at the trader "Attachments (Oliver [#STR_EXPANSION_MARKET_TRADER_ATTACHMENTS])" in market zone "OUTLIVE Trader" (pos=<4291.589844, 25.247801, 4162.500000>) and got 20.
10:32:50 [Market] Player "Honan" (id=htCDnLpFFf_5M--EE2Ozogwz4CTNBchyoCFouXFMQFU=) has send a requested to sell mag_expansion_vityaz_30rnd x1 at the trader "Attachments (Oliver [#STR_EXPANSION_MARKET_TRADER_ATTACHMENTS])" in market zone "OUTLIVE Trader" (pos=<4291.589844, 25.247801, 4162.500000>).
10:32:50 [Market] Player "Honan" (id=htCDnLpFFf_5M--EE2Ozogwz4CTNBchyoCFouXFMQFU=) has sold mag_expansion_vityaz_30rnd x1 at the trader "Attachments (Oliver [#STR_EXPANSION_MARKET_TRADER_ATTACHMENTS])" in market zone "OUTLIVE Trader" (pos=<4291.589844, 25.247801, 4162.500000>) and got 50.
10:32:51 [Market] Player "Honan" (id=htCDnLpFFf_5M--EE2Ozogwz4CTNBchyoCFouXFMQFU=) has send a requested to sell mag_akm_drum75rnd x1 at the trader "Attachments (Oliver [#STR_EXPANSION_MARKET_TRADER_ATTACHMENTS])" in market zone "OUTLIVE Trader" (pos=<4291.589844, 25.247801, 4162.500000>).
10:32:51 [Market] Player "Honan" (id=htCDnLpFFf_5M--EE2Ozogwz4CTNBchyoCFouXFMQFU=) has sold mag_akm_drum75rnd x1 at the trader "Attachments (Oliver [#STR_EXPANSION_MARKET_TRADER_ATTACHMENTS])" in market zone "OUTLIVE Trader" (pos=<4291.589844, 25.247801, 4162.500000>) and got 350.
10:32:54 [Market] Player "Honan" (id=htCDnLpFFf_5M--EE2Ozogwz4CTNBchyoCFouXFMQFU=) has send a requested to sell mag_expansion_m14_20rnd x1 at the trader "Attachments (Oliver [#STR_EXPANSION_MARKET_TRADER_ATTACHMENTS])" in market zone "OUTLIVE Trader" (pos=<4291.589844, 25.247801, 4162.500000>).
10:32:54 [Market] Player "Honan" (id=htCDnLpFFf_5M--EE2Ozogwz4CTNBchyoCFouXFMQFU=) has sold mag_expansion_m14_20rnd x1 at the trader "Attachments (Oliver [#STR_EXPANSION_MARKET_TRADER_ATTACHMENTS])" in market zone "OUTLIVE Trader" (pos=<4291.589844, 25.247801, 4162.500000>) and got 80.
10:32:56 [Market] Player "Honan" (id=htCDnLpFFf_5M--EE2Ozogwz4CTNBchyoCFouXFMQFU=) has send a requested to sell mag_expansion_m9_15rnd x1 at the trader "Attachments (Oliver [#STR_EXPANSION_MARKET_TRADER_ATTACHMENTS])" in market zone "OUTLIVE Trader" (pos=<4291.589844, 25.247801, 4162.500000>).
10:32:56 [Market] Player "Honan" (id=htCDnLpFFf_5M--EE2Ozogwz4CTNBchyoCFouXFMQFU=) has sold mag_expansion_m9_15rnd x1 at the trader "Attachments (Oliver [#STR_EXPANSION_MARKET_TRADER_ATTACHMENTS])" in market zone "OUTLIVE Trader" (pos=<4291.589844, 25.247801, 4162.500000>) and got 35.
10:32:58 [Market] Player "Honan" (id=htCDnLpFFf_5M--EE2Ozogwz4CTNBchyoCFouXFMQFU=) has send a requested to sell mag_expansion_awm_5rnd x1 at the trader "Attachments (Oliver [#STR_EXPANSION_MARKET_TRADER_ATTACHMENTS])" in market zone "OUTLIVE Trader" (pos=<4291.589844, 25.247801, 4162.500000>).
10:32:59 [Market] Player "Honan" (id=htCDnLpFFf_5M--EE2Ozogwz4CTNBchyoCFouXFMQFU=) has sold mag_expansion_awm_5rnd x1 at the trader "Attachments (Oliver [#STR_EXPANSION_MARKET_TRADER_ATTACHMENTS])" in market zone "OUTLIVE Trader" (pos=<4291.589844, 25.247801, 4162.500000>) and got 243.
10:33:21 [Market] Player "Honan" (id=htCDnLpFFf_5M--EE2Ozogwz4CTNBchyoCFouXFMQFU=) has send a requested to sell twp_sks_mag_20rnd x1 at the trader "Attachments (Oliver [#STR_EXPANSION_MARKET_TRADER_ATTACHMENTS])" in market zone "OUTLIVE Trader" (pos=<4291.589844, 25.247801, 4162.500000>).
10:33:21 [Market] Player "Honan" (id=htCDnLpFFf_5M--EE2Ozogwz4CTNBchyoCFouXFMQFU=) has sold twp_sks_mag_20rnd x1 at the trader "Attachments (Oliver [#STR_EXPANSION_MARKET_TRADER_ATTACHMENTS])" in market zone "OUTLIVE Trader" (pos=<4291.589844, 25.247801, 4162.500000>) and got 120.
10:33:22 [Market] Player "Honan" (id=htCDnLpFFf_5M--EE2Ozogwz4CTNBchyoCFouXFMQFU=) has send a requested to sell twp_mp40_mag_15rnd x1 at the trader "Attachments (Oliver [#STR_EXPANSION_MARKET_TRADER_ATTACHMENTS])" in market zone "OUTLIVE Trader" (pos=<4291.589844, 25.247801, 4162.500000>).
10:33:23 [Market] Player "Honan" (id=htCDnLpFFf_5M--EE2Ozogwz4CTNBchyoCFouXFMQFU=) has sold twp_mp40_mag_15rnd x1 at the trader "Attachments (Oliver [#STR_EXPANSION_MARKET_TRADER_ATTACHMENTS])" in market zone "OUTLIVE Trader" (pos=<4291.589844, 25.247801, 4162.500000>) and got 90.
10:33:23 [Market] Player "Honan" (id=htCDnLpFFf_5M--EE2Ozogwz4CTNBchyoCFouXFMQFU=) has send a requested to sell twp_glock17_mag_19rnd x1 at the trader "Attachments (Oliver [#STR_EXPANSION_MARKET_TRADER_ATTACHMENTS])" in market zone "OUTLIVE Trader" (pos=<4291.589844, 25.247801, 4162.500000>).
10:33:23 [Market] Player "Honan" (id=htCDnLpFFf_5M--EE2Ozogwz4CTNBchyoCFouXFMQFU=) has sold twp_glock17_mag_19rnd x1 at the trader "Attachments (Oliver [#STR_EXPANSION_MARKET_TRADER_ATTACHMENTS])" in market zone "OUTLIVE Trader" (pos=<4291.589844, 25.247801, 4162.500000>) and got 114.
10:33:28 [Market] Player "Honan" (id=htCDnLpFFf_5M--EE2Ozogwz4CTNBchyoCFouXFMQFU=) has send a requested to purchase twp_dragunov_mag_10rnd x1 from the trader "Attachments (Oliver [#STR_EXPANSION_MARKET_TRADER_ATTACHMENTS])" in market zone "OUTLIVE Trader" (pos=<4291.589844, 25.247801, 4162.500000>).
10:33:28 [Market] Player "Honan" (id=htCDnLpFFf_5M--EE2Ozogwz4CTNBchyoCFouXFMQFU=) has bought twp_dragunov_mag_10rnd x1 from the trader "Attachments (Oliver [#STR_EXPANSION_MARKET_TRADER_ATTACHMENTS])" in market zone "OUTLIVE Trader" (pos=<4291.589844, 25.247801, 4162.500000>) for a price of 1050.
10:33:29 [Market] Player "Honan" (id=htCDnLpFFf_5M--EE2Ozogwz4CTNBchyoCFouXFMQFU=) has send a requested to purchase twp_dragunov_mag_10rnd x1 from the trader "Attachments (Oliver [#STR_EXPANSION_MARKET_TRADER_ATTACHMENTS])" in market zone "OUTLIVE Trader" (pos=<4291.589844, 25.247801, 4162.500000>).
10:33:29 [Market] Player "Honan" (id=htCDnLpFFf_5M--EE2Ozogwz4CTNBchyoCFouXFMQFU=) has bought twp_dragunov_mag_10rnd x1 from the trader "Attachments (Oliver [#STR_EXPANSION_MARKET_TRADER_ATTACHMENTS])" in market zone "OUTLIVE Trader" (pos=<4291.589844, 25.247801, 4162.500000>) for a price of 1050.
10:33:40 [Market] Player "Honan" (id=htCDnLpFFf_5M--EE2Ozogwz4CTNBchyoCFouXFMQFU=) has send a requested to purchase ammo_762x54 x1 from the trader "Attachments (Oliver [#STR_EXPANSION_MARKET_TRADER_ATTACHMENTS])" in market zone "OUTLIVE Trader" (pos=<4291.589844, 25.247801, 4162.500000>).
10:33:40 [Market] Player "Honan" (id=htCDnLpFFf_5M--EE2Ozogwz4CTNBchyoCFouXFMQFU=) has bought ammo_762x54 x1 from the trader "Attachments (Oliver [#STR_EXPANSION_MARKET_TRADER_ATTACHMENTS])" in market zone "OUTLIVE Trader" (pos=<4291.589844, 25.247801, 4162.500000>) for a price of 30.
10:33:49 [Market] Player "Honan" (id=htCDnLpFFf_5M--EE2Ozogwz4CTNBchyoCFouXFMQFU=) has send a requested to purchase ammo_762x54 x100 from the trader "Attachments (Oliver [#STR_EXPANSION_MARKET_TRADER_ATTACHMENTS])" in market zone "OUTLIVE Trader" (pos=<4291.589844, 25.247801, 4162.500000>).
10:33:49 [Market] Player "Honan" (id=htCDnLpFFf_5M--EE2Ozogwz4CTNBchyoCFouXFMQFU=) has bought ammo_762x54 x100 from the trader "Attachments (Oliver [#STR_EXPANSION_MARKET_TRADER_ATTACHMENTS])" in market zone "OUTLIVE Trader" (pos=<4291.589844, 25.247801, 4162.500000>) for a price of 3000.
10:33:53 [Market] Player "[Chill] Rehy_CZ" (id=z67WFg-Joo3MekD4H0kXOZXbSI0D6ip7P9dY0J-nUoM=) has send a requested to sell gasmask_filter x1 at the trader "Medicals (Eva [#STR_EXPANSION_MARKET_TRADER_MEDICALS])" in market zone "OUTLIVE Trader" (pos=<4291.589844, 25.247801, 4162.500000>).
10:33:53 [Market] Player "[Chill] Rehy_CZ" (id=z67WFg-Joo3MekD4H0kXOZXbSI0D6ip7P9dY0J-nUoM=) has sold gasmask_filter x1 at the trader "Medicals (Eva [#STR_EXPANSION_MARKET_TRADER_MEDICALS])" in market zone "OUTLIVE Trader" (pos=<4291.589844, 25.247801, 4162.500000>) and got 800.
10:33:54 [Market] Player "[Chill] Rehy_CZ" (id=z67WFg-Joo3MekD4H0kXOZXbSI0D6ip7P9dY0J-nUoM=) has send a requested to sell gasmask_filter x1 at the trader "Medicals (Eva [#STR_EXPANSION_MARKET_TRADER_MEDICALS])" in market zone "OUTLIVE Trader" (pos=<4291.589844, 25.247801, 4162.500000>).
10:33:54 [Market] Player "[Chill] Rehy_CZ" (id=z67WFg-Joo3MekD4H0kXOZXbSI0D6ip7P9dY0J-nUoM=) has sold gasmask_filter x1 at the trader "Medicals (Eva [#STR_EXPANSION_MARKET_TRADER_MEDICALS])" in market zone "OUTLIVE Trader" (pos=<4291.589844, 25.247801, 4162.500000>) and got 800.
10:33:55 [Market] Player "[Chill] Rehy_CZ" (id=z67WFg-Joo3MekD4H0kXOZXbSI0D6ip7P9dY0J-nUoM=) has send a requested to sell gasmask_filter x1 at the trader "Medicals (Eva [#STR_EXPANSION_MARKET_TRADER_MEDICALS])" in market zone "OUTLIVE Trader" (pos=<4291.589844, 25.247801, 4162.500000>).
10:33:55 [Market] Player "[Chill] Rehy_CZ" (id=z67WFg-Joo3MekD4H0kXOZXbSI0D6ip7P9dY0J-nUoM=) has sold gasmask_filter x1 at the trader "Medicals (Eva [#STR_EXPANSION_MARKET_TRADER_MEDICALS])" in market zone "OUTLIVE Trader" (pos=<4291.589844, 25.247801, 4162.500000>) and got 800.
10:33:55 [Market] Player "[Chill] Rehy_CZ" (id=z67WFg-Joo3MekD4H0kXOZXbSI0D6ip7P9dY0J-nUoM=) has send a requested to sell gasmask_filter x1 at the trader "Medicals (Eva [#STR_EXPANSION_MARKET_TRADER_MEDICALS])" in market zone "OUTLIVE Trader" (pos=<4291.589844, 25.247801, 4162.500000>).
10:33:56 [Market] Player "[Chill] Rehy_CZ" (id=z67WFg-Joo3MekD4H0kXOZXbSI0D6ip7P9dY0J-nUoM=) has sold gasmask_filter x1 at the trader "Medicals (Eva [#STR_EXPANSION_MARKET_TRADER_MEDICALS])" in market zone "OUTLIVE Trader" (pos=<4291.589844, 25.247801, 4162.500000>) and got 800.
10:33:56 [Market] Player "[Chill] Rehy_CZ" (id=z67WFg-Joo3MekD4H0kXOZXbSI0D6ip7P9dY0J-nUoM=) has send a requested to sell gasmask_filter x1 at the trader "Medicals (Eva [#STR_EXPANSION_MARKET_TRADER_MEDICALS])" in market zone "OUTLIVE Trader" (pos=<4291.589844, 25.247801, 4162.500000>).
10:33:56 [Market] Player "[Chill] Rehy_CZ" (id=z67WFg-Joo3MekD4H0kXOZXbSI0D6ip7P9dY0J-nUoM=) has sold gasmask_filter x1 at the trader "Medicals (Eva [#STR_EXPANSION_MARKET_TRADER_MEDICALS])" in market zone "OUTLIVE Trader" (pos=<4291.589844, 25.247801, 4162.500000>) and got 800.
10:33:57 [Market] Player "[Chill] Rehy_CZ" (id=z67WFg-Joo3MekD4H0kXOZXbSI0D6ip7P9dY0J-nUoM=) has send a requested to sell gasmask_filter x1 at the trader "Medicals (Eva [#STR_EXPANSION_MARKET_TRADER_MEDICALS])" in market zone "OUTLIVE Trader" (pos=<4291.589844, 25.247801, 4162.500000>).
10:33:57 [Market] Player "[Chill] Rehy_CZ" (id=z67WFg-Joo3MekD4H0kXOZXbSI0D6ip7P9dY0J-nUoM=) has sold gasmask_filter x1 at the trader "Medicals (Eva [#STR_EXPANSION_MARKET_TRADER_MEDICALS])" in market zone "OUTLIVE Trader" (pos=<4291.589844, 25.247801, 4162.500000>) and got 800.
10:33:59 [Market] Player "[Chill] Rehy_CZ" (id=z67WFg-Joo3MekD4H0kXOZXbSI0D6ip7P9dY0J-nUoM=) has send a requested to sell gasmask_filter x1 at the trader "Medicals (Eva [#STR_EXPANSION_MARKET_TRADER_MEDICALS])" in market zone "OUTLIVE Trader" (pos=<4291.589844, 25.247801, 4162.500000>).
10:33:59 [Market] Player "[Chill] Rehy_CZ" (id=z67WFg-Joo3MekD4H0kXOZXbSI0D6ip7P9dY0J-nUoM=) has sold gasmask_filter x1 at the trader "Medicals (Eva [#STR_EXPANSION_MARKET_TRADER_MEDICALS])" in market zone "OUTLIVE Trader" (pos=<4291.589844, 25.247801, 4162.500000>) and got 800.
10:34:00 [Market] Player "[Chill] Rehy_CZ" (id=z67WFg-Joo3MekD4H0kXOZXbSI0D6ip7P9dY0J-nUoM=) has send a requested to sell gasmask_filter x1 at the trader "Medicals (Eva [#STR_EXPANSION_MARKET_TRADER_MEDICALS])" in market zone "OUTLIVE Trader" (pos=<4291.589844, 25.247801, 4162.500000>).
10:34:00 [Market] Player "[Chill] Rehy_CZ" (id=z67WFg-Joo3MekD4H0kXOZXbSI0D6ip7P9dY0J-nUoM=) has sold gasmask_filter x1 at the trader "Medicals (Eva [#STR_EXPANSION_MARKET_TRADER_MEDICALS])" in market zone "OUTLIVE Trader" (pos=<4291.589844, 25.247801, 4162.500000>) and got 800.
10:34:13 [Market] Player "Honan" (id=htCDnLpFFf_5M--EE2Ozogwz4CTNBchyoCFouXFMQFU=) has send a requested to purchase ammo_22 x100 from the trader "Attachments (Oliver [#STR_EXPANSION_MARKET_TRADER_ATTACHMENTS])" in market zone "OUTLIVE Trader" (pos=<4291.589844, 25.247801, 4162.500000>).
10:34:13 [Market] Player "Honan" (id=htCDnLpFFf_5M--EE2Ozogwz4CTNBchyoCFouXFMQFU=) has bought ammo_22 x100 from the trader "Attachments (Oliver [#STR_EXPANSION_MARKET_TRADER_ATTACHMENTS])" in market zone "OUTLIVE Trader" (pos=<4291.589844, 25.247801, 4162.500000>) for a price of 500.
