16:02:36 [AI Object Patrol] Generating an example config...
16:42:34 [Safezone] Player "Chladak" (id=te2HLU7m_hVpyd4BmyBmyUrFdJaZnnJuju8NTX7n5m0= pos=<4175.820313, 53.019241, 4116.109375>) Entered the safezone
16:42:34 [Expansion Quests] - SetupClientData - Loaded existing player quest data for player with UID: te2HLU7m_hVpyd4BmyBmyUrFdJaZnnJuju8NTX7n5m0=
16:42:34 [Expansion Quests] - PlayerQuestsInit - Create new quest instance for quest: 20 - Creator UID: te2HLU7m_hVpyd4BmyBmyUrFdJaZnnJuju8NTX7n5m0=
16:42:34 [Expansion Quests] - PlayerQuestsInit - Create new quest instance for quest: 23 - Creator UID: te2HLU7m_hVpyd4BmyBmyUrFdJaZnnJuju8NTX7n5m0=
16:47:35 [MissionAirdrop] An airdrop is heading towards "Prison" (pos=<1399.579956, 0.000000, 9977.769531> type=Random_Prison) with a ExpansionAirdropContainer
16:47:35 [MissionAirdrop] An airdrop is heading towards "Airport" (pos=<8307.879883, 0.000000, 924.599976> type=Random_Airport) with a ExpansionAirdropContainer_Medical
17:12:43 [Expansion Quests] - SetupClientData - Loaded existing player quest data for player with UID: qIqV-pR-yQ2rVSasZu6D1H8TpXIswulQfAVy8TWuLxM=
17:12:43 [Expansion Quests] - PlayerQuestsInit - Create new quest instance for quest: 19 - Creator UID: qIqV-pR-yQ2rVSasZu6D1H8TpXIswulQfAVy8TWuLxM=
17:12:43 [Expansion Quests] - PlayerQuestsInit - Create new quest instance for quest: 20 - Creator UID: qIqV-pR-yQ2rVSasZu6D1H8TpXIswulQfAVy8TWuLxM=
17:12:43 [Expansion Quests] - PlayerQuestsInit - Create new quest instance for quest: 23 - Creator UID: qIqV-pR-yQ2rVSasZu6D1H8TpXIswulQfAVy8TWuLxM=
18:03:39 [Expansion Quests] - SetupClientData - Loaded existing player quest data for player with UID: wvz1jGdA27Eb3vtZqqzBgGv9Su_0oOujtdP3UqN1c-g=
18:03:39 [Expansion Quests] - PlayerQuestsInit - Create new quest instance for quest: 23 - Creator UID: wvz1jGdA27Eb3vtZqqzBgGv9Su_0oOujtdP3UqN1c-g=
18:08:40 [VehicleCarKey] Player "Majky" (id=wvz1jGdA27Eb3vtZqqzBgGv9Su_0oOujtdP3UqN1c-g= pos=<3540.281494, 0.440755, 5390.270020>) used the  ExpansionCarKey to unlock a ExpansionUtilityBoat
18:08:56 [MissionAirdrop] An airdrop is heading towards "Stein" (pos=<4619.000000, 0.000000, 7618.000000> type=Random_Stein) with a ExpansionAirdropContainer
18:08:56 [MissionAirdrop] An airdrop is heading towards "SouthEast" (pos=<7892.000000, 0.000000, 1340.000000> type=Random_SouthEast) with a ExpansionAirdropContainer_Basebuilding
18:15:07 [VehicleCarKey] Player "Majky" (id=wvz1jGdA27Eb3vtZqqzBgGv9Su_0oOujtdP3UqN1c-g= pos=<8052.128906, 0.189994, 4295.245605>) used the  ExpansionCarKey to lock a ExpansionUtilityBoat
18:20:56 [Expansion Quests] - CreateQuestInstance - Created new quest instance for player with UID wvz1jGdA27Eb3vtZqqzBgGv9Su_0oOujtdP3UqN1c-g= for quest 55
18:20:56 [Expansion Quests] - ExpansionQuest - Quest owner ID: wvz1jGdA27Eb3vtZqqzBgGv9Su_0oOujtdP3UqN1c-g=
18:20:56 [Expansion Quests] - ExpansionQuest - Quest ID: 55
18:20:56 [Expansion Quests] - ExpansionQuest - Quest state: 1
18:20:56 [Expansion Quests] - ExpansionQuest - Quest completed: false
18:31:15 [Expansion Quests] - CompleteQuest - Player with UID wvz1jGdA27Eb3vtZqqzBgGv9Su_0oOujtdP3UqN1c-g= has completed quest 55
18:31:15 [Expansion Quests] - ExpansionQuest - Quest owner ID: wvz1jGdA27Eb3vtZqqzBgGv9Su_0oOujtdP3UqN1c-g=
18:31:15 [Expansion Quests] - ExpansionQuest - Quest ID: 55
18:31:15 [Expansion Quests] - ExpansionQuest - Quest state: 3
18:31:15 [Expansion Quests] - ExpansionQuest - Quest completed: true
18:38:22 [VehicleCarKey] Player "Majky" (id=wvz1jGdA27Eb3vtZqqzBgGv9Su_0oOujtdP3UqN1c-g= pos=<8052.599121, 0.581114, 4295.488770>) used the  ExpansionCarKey to unlock a ExpansionUtilityBoat
18:41:19 [VehicleCarKey] Player "Majky" (id=wvz1jGdA27Eb3vtZqqzBgGv9Su_0oOujtdP3UqN1c-g= pos=<9081.620117, 0.927060, 4660.810547>) used the  ExpansionCarKey to lock a ExpansionUtilityBoat
19:04:41 [VehicleCarKey] Player "Majky" (id=wvz1jGdA27Eb3vtZqqzBgGv9Su_0oOujtdP3UqN1c-g= pos=<9082.392578, 0.933296, 4662.352539>) used the  ExpansionCarKey to unlock a ExpansionUtilityBoat
19:05:43 [VehicleCarKey] Player "Majky" (id=wvz1jGdA27Eb3vtZqqzBgGv9Su_0oOujtdP3UqN1c-g= pos=<9082.488281, 0.931392, 4662.357910>) used the  ExpansionCarKey to lock a ExpansionUtilityBoat
19:08:44 [VehicleCarKey] Player "Majky" (id=wvz1jGdA27Eb3vtZqqzBgGv9Su_0oOujtdP3UqN1c-g= pos=<9083.649414, 0.952423, 4662.297852>) used the  ExpansionCarKey to unlock a ExpansionUtilityBoat
19:14:17 [VehicleCarKey] Player "Majky" (id=wvz1jGdA27Eb3vtZqqzBgGv9Su_0oOujtdP3UqN1c-g= pos=<4447.029785, 0.316464, 4200.528809>) used the  ExpansionCarKey to lock a ExpansionUtilityBoat
19:14:25 [Safezone] Player "Majky" (id=wvz1jGdA27Eb3vtZqqzBgGv9Su_0oOujtdP3UqN1c-g= pos=<4418.187500, 1.415188, 4189.685547>) Entered the safezone
19:22:10 [Expansion Quests] - SetupClientData - Loaded existing player quest data for player with UID: iTnQj5Zddd6ul6ie1MZ58a6IghppA2N8HvFffg9SNWw=
19:22:10 [Expansion Quests] - PlayerQuestsInit - Create new quest instance for quest: 23 - Creator UID: iTnQj5Zddd6ul6ie1MZ58a6IghppA2N8HvFffg9SNWw=
19:22:10 [Expansion Quests] - PlayerQuestsInit - Create new quest instance for quest: 15 - Creator UID: iTnQj5Zddd6ul6ie1MZ58a6IghppA2N8HvFffg9SNWw=
19:22:10 [Expansion Quests] - PlayerQuestsInit - Create new quest instance for quest: 4 - Creator UID: iTnQj5Zddd6ul6ie1MZ58a6IghppA2N8HvFffg9SNWw=
19:22:10 [Expansion Quests] - PlayerQuestsInit - Create new quest instance for quest: 1 - Creator UID: iTnQj5Zddd6ul6ie1MZ58a6IghppA2N8HvFffg9SNWw=
19:22:10 [Expansion Quests] - PlayerQuestsInit - Create new quest instance for quest: 29 - Creator UID: iTnQj5Zddd6ul6ie1MZ58a6IghppA2N8HvFffg9SNWw=
19:24:14 [Expansion Quests] - SetupClientData - Got cached player quest data for player with UID: iTnQj5Zddd6ul6ie1MZ58a6IghppA2N8HvFffg9SNWw=
19:24:14 [Expansion Quests] - PlayerQuestsInit - Create new quest instance for quest: 23 - Creator UID: iTnQj5Zddd6ul6ie1MZ58a6IghppA2N8HvFffg9SNWw=
19:24:14 [Expansion Quests] - PlayerQuestsInit - Create new quest instance for quest: 4 - Creator UID: iTnQj5Zddd6ul6ie1MZ58a6IghppA2N8HvFffg9SNWw=
19:24:14 [Expansion Quests] - PlayerQuestsInit - Create new quest instance for quest: 29 - Creator UID: iTnQj5Zddd6ul6ie1MZ58a6IghppA2N8HvFffg9SNWw=
19:26:05 [Expansion Quests] - SetupClientData - Got cached player quest data for player with UID: iTnQj5Zddd6ul6ie1MZ58a6IghppA2N8HvFffg9SNWw=
19:27:52 [VehicleCarKey] Player "Kocur69" (id=iTnQj5Zddd6ul6ie1MZ58a6IghppA2N8HvFffg9SNWw= pos=<1540.711182, 13.775308, 10076.049805>) used the  ExpansionCarKey to unlock a Truck_01_Covered
19:30:34 [Safezone] Player "Majky" (id=wvz1jGdA27Eb3vtZqqzBgGv9Su_0oOujtdP3UqN1c-g= pos=<4255.872559, 9.085298, 4121.557129>) Entered the safezone
19:30:34 [Expansion Quests] - SetupClientData - Got cached player quest data for player with UID: wvz1jGdA27Eb3vtZqqzBgGv9Su_0oOujtdP3UqN1c-g=
19:30:34 [Expansion Quests] - PlayerQuestsInit - Create new quest instance for quest: 23 - Creator UID: wvz1jGdA27Eb3vtZqqzBgGv9Su_0oOujtdP3UqN1c-g=
19:31:35 [Safezone] Player "Majky" (id=wvz1jGdA27Eb3vtZqqzBgGv9Su_0oOujtdP3UqN1c-g= pos=<4430.562012, 1.415250, 4193.692871>) Left the safezone
19:31:51 [MissionAirdrop] An airdrop is heading towards "Stein" (pos=<4619.000000, 0.000000, 7618.000000> type=Random_Stein) with a ExpansionAirdropContainer
19:31:51 [MissionAirdrop] An airdrop is heading towards "Prison" (pos=<1399.579956, 0.000000, 9977.769531> type=Random_Prison) with a ExpansionAirdropContainer
19:32:11 [VehicleCarKey] Player "Majky" (id=wvz1jGdA27Eb3vtZqqzBgGv9Su_0oOujtdP3UqN1c-g= pos=<4446.529297, 0.881680, 4199.033691>) used the  ExpansionCarKey to unlock a ExpansionUtilityBoat
19:32:28 [VehicleCarKey] Player "Majky" (id=wvz1jGdA27Eb3vtZqqzBgGv9Su_0oOujtdP3UqN1c-g= pos=<4446.529297, 0.881680, 4199.033691>) used the  ExpansionCarKey to lock a ExpansionUtilityBoat
19:32:33 [Safezone] Player "Majky" (id=wvz1jGdA27Eb3vtZqqzBgGv9Su_0oOujtdP3UqN1c-g= pos=<4418.639648, 1.415233, 4189.681152>) Entered the safezone
19:33:54 [ATM Locker] Player "Majky" (id=wvz1jGdA27Eb3vtZqqzBgGv9Su_0oOujtdP3UqN1c-g=) has withdrawn 6240 from his ATM account.
19:34:04 [Market] Player "Majky" (id=wvz1jGdA27Eb3vtZqqzBgGv9Su_0oOujtdP3UqN1c-g=) has send a requested to purchase twp_ar60_mag_40rnd x1 from the trader "Attachments (Oliver [#STR_EXPANSION_MARKET_TRADER_ATTACHMENTS])" in market zone "OUTLIVE Trader" (pos=<4291.589844, 25.247801, 4162.500000>).
19:34:04 [Market] Player "Majky" (id=wvz1jGdA27Eb3vtZqqzBgGv9Su_0oOujtdP3UqN1c-g=) has bought twp_ar60_mag_40rnd x1 from the trader "Attachments (Oliver [#STR_EXPANSION_MARKET_TRADER_ATTACHMENTS])" in market zone "OUTLIVE Trader" (pos=<4291.589844, 25.247801, 4162.500000>) for a price of 3120.
19:34:05 [Market] Player "Majky" (id=wvz1jGdA27Eb3vtZqqzBgGv9Su_0oOujtdP3UqN1c-g=) has send a requested to purchase twp_ar60_mag_40rnd x1 from the trader "Attachments (Oliver [#STR_EXPANSION_MARKET_TRADER_ATTACHMENTS])" in market zone "OUTLIVE Trader" (pos=<4291.589844, 25.247801, 4162.500000>).
19:34:05 [Market] Player "Majky" (id=wvz1jGdA27Eb3vtZqqzBgGv9Su_0oOujtdP3UqN1c-g=) has bought twp_ar60_mag_40rnd x1 from the trader "Attachments (Oliver [#STR_EXPANSION_MARKET_TRADER_ATTACHMENTS])" in market zone "OUTLIVE Trader" (pos=<4291.589844, 25.247801, 4162.500000>) for a price of 3120.
19:35:01 [Safezone] Player "Majky" (id=wvz1jGdA27Eb3vtZqqzBgGv9Su_0oOujtdP3UqN1c-g= pos=<4449.922852, 1.617255, 4201.701660>) Left the safezone
19:35:02 [VehicleCarKey] Player "Majky" (id=wvz1jGdA27Eb3vtZqqzBgGv9Su_0oOujtdP3UqN1c-g= pos=<4449.922852, 1.617250, 4201.701660>) used the  ExpansionCarKey to unlock a ExpansionUtilityBoat
19:37:30 [VehicleCarKey] Player "Majky" (id=wvz1jGdA27Eb3vtZqqzBgGv9Su_0oOujtdP3UqN1c-g= pos=<3545.714600, 0.553214, 5395.925781>) used the  ExpansionCarKey to lock a ExpansionUtilityBoat
19:38:20 [VehicleCarKey] Player "Kocur69" (id=iTnQj5Zddd6ul6ie1MZ58a6IghppA2N8HvFffg9SNWw= pos=<1451.249512, 15.161265, 9825.873047>) used the  ExpansionCarKey to lock a Truck_01_Covered
19:41:26 [VehicleCarKey] Player "Kocur69" (id=iTnQj5Zddd6ul6ie1MZ58a6IghppA2N8HvFffg9SNWw= pos=<1451.247803, 15.160762, 9826.066406>) used the  ExpansionCarKey to unlock a Truck_01_Covered
19:44:10 [VehicleCarKey] Player "Majky" (id=wvz1jGdA27Eb3vtZqqzBgGv9Su_0oOujtdP3UqN1c-g= pos=<3540.073242, 0.440755, 5394.436035>) used the  ExpansionCarKey to unlock a ExpansionUtilityBoat
19:44:50 [VehicleCarKey] Player "Majky" (id=wvz1jGdA27Eb3vtZqqzBgGv9Su_0oOujtdP3UqN1c-g= pos=<3540.073242, 0.440755, 5394.436035>) used the  ExpansionCarKey to lock a ExpansionUtilityBoat
19:49:04 [VehicleCarKey] Player "Kocur69" (id=iTnQj5Zddd6ul6ie1MZ58a6IghppA2N8HvFffg9SNWw= pos=<1629.216919, 19.124838, 9221.363281>) used the  ExpansionCarKey to lock a Truck_01_Covered
19:55:56 [Expansion Quests] - SetupClientData - Got cached player quest data for player with UID: iTnQj5Zddd6ul6ie1MZ58a6IghppA2N8HvFffg9SNWw=
