00:02:36 [AI Object Patrol] Generating an example config...
00:29:51 [Expansion Quests] - SetupClientData - Loaded existing player quest data for player with UID: vHFZU74BZI_ayyjapF-71XC4icK9QMS69f8Uu0qGWrk=
00:29:51 [Expansion Quests] - PlayerQuestsInit - Create new quest instance for quest: 20 - Creator UID: vHFZU74BZI_ayyjapF-71XC4icK9QMS69f8Uu0qGWrk=
00:29:51 [Expansion Quests] - PlayerQuestsInit - Create new quest instance for quest: 23 - Creator UID: vHFZU74BZI_ayyjapF-71XC4icK9QMS69f8Uu0qGWrk=
00:29:58 [VehicleCarKey] Player "Szymon Serepecky" (id=vHFZU74BZI_ayyjapF-71XC4icK9QMS69f8Uu0qGWrk= pos=<2936.639648, 35.758881, 5075.608398>) used the  ExpansionCarKey to unlock a CivilianSedan
00:33:11 [Safezone] Player "Szymon Serepecky" (id=vHFZU74BZI_ayyjapF-71XC4icK9QMS69f8Uu0qGWrk= pos=<4189.958008, 15.023378, 4242.689941>) Entered the safezone
00:34:55 [MissionAirdrop] An airdrop is heading towards "Atomkraftwerk" (pos=<3099.000000, 0.000000, 8394.000000> type=Random_Atomkraftwerk) with a ExpansionAirdropContainer_Basebuilding
00:34:55 [MissionAirdrop] An airdrop is heading towards "Mauerkirchen" (pos=<3123.000000, 0.000000, 4342.000000> type=Random_Mauerkirchen) with a ExpansionAirdropContainer_Basebuilding
00:37:56 [Market] Player "Szymon Serepecky" (id=vHFZU74BZI_ayyjapF-71XC4icK9QMS69f8Uu0qGWrk=) has send a requested to sell nailbox x1 at the trader "BuildingSupplies (Boris [#STR_EXPANSION_MARKET_TRADER_BUILDING_SUPPLIES])" in market zone "OUTLIVE Trader" (pos=<4291.589844, 25.247801, 4162.500000>).
00:37:56 [Market] Player "Szymon Serepecky" (id=vHFZU74BZI_ayyjapF-71XC4icK9QMS69f8Uu0qGWrk=) has sold nailbox x1 at the trader "BuildingSupplies (Boris [#STR_EXPANSION_MARKET_TRADER_BUILDING_SUPPLIES])" in market zone "OUTLIVE Trader" (pos=<4291.589844, 25.247801, 4162.500000>) and got 250.
00:37:56 [Market] Player "Szymon Serepecky" (id=vHFZU74BZI_ayyjapF-71XC4icK9QMS69f8Uu0qGWrk=) has send a requested to sell nailbox x1 at the trader "BuildingSupplies (Boris [#STR_EXPANSION_MARKET_TRADER_BUILDING_SUPPLIES])" in market zone "OUTLIVE Trader" (pos=<4291.589844, 25.247801, 4162.500000>).
00:37:56 [Market] Player "Szymon Serepecky" (id=vHFZU74BZI_ayyjapF-71XC4icK9QMS69f8Uu0qGWrk=) has sold nailbox x1 at the trader "BuildingSupplies (Boris [#STR_EXPANSION_MARKET_TRADER_BUILDING_SUPPLIES])" in market zone "OUTLIVE Trader" (pos=<4291.589844, 25.247801, 4162.500000>) and got 375.
00:38:03 [Market] Player "Szymon Serepecky" (id=vHFZU74BZI_ayyjapF-71XC4icK9QMS69f8Uu0qGWrk=) has send a requested to sell expansioncodelock x1 at the trader "BuildingSupplies (Boris [#STR_EXPANSION_MARKET_TRADER_BUILDING_SUPPLIES])" in market zone "OUTLIVE Trader" (pos=<4291.589844, 25.247801, 4162.500000>).
00:38:03 [Market] Player "Szymon Serepecky" (id=vHFZU74BZI_ayyjapF-71XC4icK9QMS69f8Uu0qGWrk=) has sold expansioncodelock x1 at the trader "BuildingSupplies (Boris [#STR_EXPANSION_MARKET_TRADER_BUILDING_SUPPLIES])" in market zone "OUTLIVE Trader" (pos=<4291.589844, 25.247801, 4162.500000>) and got 1500.
00:38:04 [Market] Player "Szymon Serepecky" (id=vHFZU74BZI_ayyjapF-71XC4icK9QMS69f8Uu0qGWrk=) has send a requested to sell codelock x1 at the trader "BuildingSupplies (Boris [#STR_EXPANSION_MARKET_TRADER_BUILDING_SUPPLIES])" in market zone "OUTLIVE Trader" (pos=<4291.589844, 25.247801, 4162.500000>).
00:38:04 [Market] Player "Szymon Serepecky" (id=vHFZU74BZI_ayyjapF-71XC4icK9QMS69f8Uu0qGWrk=) has sold codelock x1 at the trader "BuildingSupplies (Boris [#STR_EXPANSION_MARKET_TRADER_BUILDING_SUPPLIES])" in market zone "OUTLIVE Trader" (pos=<4291.589844, 25.247801, 4162.500000>) and got 2250.
00:38:30 [Market] Player "Szymon Serepecky" (id=vHFZU74BZI_ayyjapF-71XC4icK9QMS69f8Uu0qGWrk=) has send a requested to sell twp_frf2 x1 at the trader "Weapons (Denis [#STR_EXPANSION_MARKET_TRADER_WEAPONS])" in market zone "OUTLIVE Trader" (pos=<4291.589844, 25.247801, 4162.500000>).
00:38:30 [Market] Player "Szymon Serepecky" (id=vHFZU74BZI_ayyjapF-71XC4icK9QMS69f8Uu0qGWrk=) has sold twp_frf2 x1 at the trader "Weapons (Denis [#STR_EXPANSION_MARKET_TRADER_WEAPONS])" in market zone "OUTLIVE Trader" (pos=<4291.589844, 25.247801, 4162.500000>) and got 2200.
00:38:33 [Market] Player "Szymon Serepecky" (id=vHFZU74BZI_ayyjapF-71XC4icK9QMS69f8Uu0qGWrk=) has send a requested to sell twp_m110 x1 at the trader "Weapons (Denis [#STR_EXPANSION_MARKET_TRADER_WEAPONS])" in market zone "OUTLIVE Trader" (pos=<4291.589844, 25.247801, 4162.500000>).
00:38:33 [Market] Player "Szymon Serepecky" (id=vHFZU74BZI_ayyjapF-71XC4icK9QMS69f8Uu0qGWrk=) has sold twp_m110 x1 at the trader "Weapons (Denis [#STR_EXPANSION_MARKET_TRADER_WEAPONS])" in market zone "OUTLIVE Trader" (pos=<4291.589844, 25.247801, 4162.500000>) and got 2200.
00:38:34 [Market] Player "Szymon Serepecky" (id=vHFZU74BZI_ayyjapF-71XC4icK9QMS69f8Uu0qGWrk=) has send a requested to sell twp_mcmillancs5 x1 at the trader "Weapons (Denis [#STR_EXPANSION_MARKET_TRADER_WEAPONS])" in market zone "OUTLIVE Trader" (pos=<4291.589844, 25.247801, 4162.500000>).
00:38:35 [Market] Player "Szymon Serepecky" (id=vHFZU74BZI_ayyjapF-71XC4icK9QMS69f8Uu0qGWrk=) has sold twp_mcmillancs5 x1 at the trader "Weapons (Denis [#STR_EXPANSION_MARKET_TRADER_WEAPONS])" in market zone "OUTLIVE Trader" (pos=<4291.589844, 25.247801, 4162.500000>) and got 2800.
00:38:41 [Market] Player "Szymon Serepecky" (id=vHFZU74BZI_ayyjapF-71XC4icK9QMS69f8Uu0qGWrk=) has send a requested to sell expansion_mp7 x1 at the trader "Weapons (Denis [#STR_EXPANSION_MARKET_TRADER_WEAPONS])" in market zone "OUTLIVE Trader" (pos=<4291.589844, 25.247801, 4162.500000>).
00:38:41 [Market] Player "Szymon Serepecky" (id=vHFZU74BZI_ayyjapF-71XC4icK9QMS69f8Uu0qGWrk=) has sold expansion_mp7 x1 at the trader "Weapons (Denis [#STR_EXPANSION_MARKET_TRADER_WEAPONS])" in market zone "OUTLIVE Trader" (pos=<4291.589844, 25.247801, 4162.500000>) and got 450.
00:38:42 [Market] Player "Szymon Serepecky" (id=vHFZU74BZI_ayyjapF-71XC4icK9QMS69f8Uu0qGWrk=) has send a requested to sell expansion_mp7 x1 at the trader "Weapons (Denis [#STR_EXPANSION_MARKET_TRADER_WEAPONS])" in market zone "OUTLIVE Trader" (pos=<4291.589844, 25.247801, 4162.500000>).
00:38:42 [Market] Player "Szymon Serepecky" (id=vHFZU74BZI_ayyjapF-71XC4icK9QMS69f8Uu0qGWrk=) has sold expansion_mp7 x1 at the trader "Weapons (Denis [#STR_EXPANSION_MARKET_TRADER_WEAPONS])" in market zone "OUTLIVE Trader" (pos=<4291.589844, 25.247801, 4162.500000>) and got 540.
00:38:49 [Market] Player "Szymon Serepecky" (id=vHFZU74BZI_ayyjapF-71XC4icK9QMS69f8Uu0qGWrk=) has send a requested to sell akm x1 at the trader "Weapons (Denis [#STR_EXPANSION_MARKET_TRADER_WEAPONS])" in market zone "OUTLIVE Trader" (pos=<4291.589844, 25.247801, 4162.500000>).
00:38:49 [Market] Player "Szymon Serepecky" (id=vHFZU74BZI_ayyjapF-71XC4icK9QMS69f8Uu0qGWrk=) has sold akm x1 at the trader "Weapons (Denis [#STR_EXPANSION_MARKET_TRADER_WEAPONS])" in market zone "OUTLIVE Trader" (pos=<4291.589844, 25.247801, 4162.500000>) and got 1130.
00:39:35 [Market] Player "Szymon Serepecky" (id=vHFZU74BZI_ayyjapF-71XC4icK9QMS69f8Uu0qGWrk=) has send a requested to sell twp_optic_camouflage x1 at the trader "Attachments (Oliver [#STR_EXPANSION_MARKET_TRADER_ATTACHMENTS])" in market zone "OUTLIVE Trader" (pos=<4291.589844, 25.247801, 4162.500000>).
00:39:35 [Market] Player "Szymon Serepecky" (id=vHFZU74BZI_ayyjapF-71XC4icK9QMS69f8Uu0qGWrk=) has sold twp_optic_camouflage x1 at the trader "Attachments (Oliver [#STR_EXPANSION_MARKET_TRADER_ATTACHMENTS])" in market zone "OUTLIVE Trader" (pos=<4291.589844, 25.247801, 4162.500000>) and got 253.
00:39:38 [Market] Player "Szymon Serepecky" (id=vHFZU74BZI_ayyjapF-71XC4icK9QMS69f8Uu0qGWrk=) has send a requested to sell twp_famasspecialops_mag_40rnd x1 at the trader "Attachments (Oliver [#STR_EXPANSION_MARKET_TRADER_ATTACHMENTS])" in market zone "OUTLIVE Trader" (pos=<4291.589844, 25.247801, 4162.500000>).
00:39:38 [Market] Player "Szymon Serepecky" (id=vHFZU74BZI_ayyjapF-71XC4icK9QMS69f8Uu0qGWrk=) has sold twp_famasspecialops_mag_40rnd x1 at the trader "Attachments (Oliver [#STR_EXPANSION_MARKET_TRADER_ATTACHMENTS])" in market zone "OUTLIVE Trader" (pos=<4291.589844, 25.247801, 4162.500000>) and got 120.
00:39:49 [Market] Player "Szymon Serepecky" (id=vHFZU74BZI_ayyjapF-71XC4icK9QMS69f8Uu0qGWrk=) has send a requested to sell twp_ammo_46x30 x73 at the trader "Attachments (Oliver [#STR_EXPANSION_MARKET_TRADER_ATTACHMENTS])" in market zone "OUTLIVE Trader" (pos=<4291.589844, 25.247801, 4162.500000>).
00:39:49 [Market] Player "Szymon Serepecky" (id=vHFZU74BZI_ayyjapF-71XC4icK9QMS69f8Uu0qGWrk=) has sold twp_ammo_46x30 x73 at the trader "Attachments (Oliver [#STR_EXPANSION_MARKET_TRADER_ATTACHMENTS])" in market zone "OUTLIVE Trader" (pos=<4291.589844, 25.247801, 4162.500000>) and got 285.
00:39:57 [Market] Player "Szymon Serepecky" (id=vHFZU74BZI_ayyjapF-71XC4icK9QMS69f8Uu0qGWrk=) has send a requested to sell twp_ammo_44mag x75 at the trader "Attachments (Oliver [#STR_EXPANSION_MARKET_TRADER_ATTACHMENTS])" in market zone "OUTLIVE Trader" (pos=<4291.589844, 25.247801, 4162.500000>).
00:39:57 [Market] Player "Szymon Serepecky" (id=vHFZU74BZI_ayyjapF-71XC4icK9QMS69f8Uu0qGWrk=) has sold twp_ammo_44mag x75 at the trader "Attachments (Oliver [#STR_EXPANSION_MARKET_TRADER_ATTACHMENTS])" in market zone "OUTLIVE Trader" (pos=<4291.589844, 25.247801, 4162.500000>) and got 113.
00:40:04 [Market] Player "Szymon Serepecky" (id=vHFZU74BZI_ayyjapF-71XC4icK9QMS69f8Uu0qGWrk=) has send a requested to sell twp_ammo_57x28 x58 at the trader "Attachments (Oliver [#STR_EXPANSION_MARKET_TRADER_ATTACHMENTS])" in market zone "OUTLIVE Trader" (pos=<4291.589844, 25.247801, 4162.500000>).
00:40:04 [Market] Player "Szymon Serepecky" (id=vHFZU74BZI_ayyjapF-71XC4icK9QMS69f8Uu0qGWrk=) has sold twp_ammo_57x28 x58 at the trader "Attachments (Oliver [#STR_EXPANSION_MARKET_TRADER_ATTACHMENTS])" in market zone "OUTLIVE Trader" (pos=<4291.589844, 25.247801, 4162.500000>) and got 261.
00:40:08 [Market] Player "Szymon Serepecky" (id=vHFZU74BZI_ayyjapF-71XC4icK9QMS69f8Uu0qGWrk=) has send a requested to sell twp_ammobox_20x76_10rnd x1 at the trader "Attachments (Oliver [#STR_EXPANSION_MARKET_TRADER_ATTACHMENTS])" in market zone "OUTLIVE Trader" (pos=<4291.589844, 25.247801, 4162.500000>).
00:40:08 [Market] Player "Szymon Serepecky" (id=vHFZU74BZI_ayyjapF-71XC4icK9QMS69f8Uu0qGWrk=) has sold twp_ammobox_20x76_10rnd x1 at the trader "Attachments (Oliver [#STR_EXPANSION_MARKET_TRADER_ATTACHMENTS])" in market zone "OUTLIVE Trader" (pos=<4291.589844, 25.247801, 4162.500000>) and got 45.
00:40:09 [Market] Player "Szymon Serepecky" (id=vHFZU74BZI_ayyjapF-71XC4icK9QMS69f8Uu0qGWrk=) has send a requested to sell twp_ammobox_46x30_30rnd x1 at the trader "Attachments (Oliver [#STR_EXPANSION_MARKET_TRADER_ATTACHMENTS])" in market zone "OUTLIVE Trader" (pos=<4291.589844, 25.247801, 4162.500000>).
00:40:09 [Market] Player "Szymon Serepecky" (id=vHFZU74BZI_ayyjapF-71XC4icK9QMS69f8Uu0qGWrk=) has sold twp_ammobox_46x30_30rnd x1 at the trader "Attachments (Oliver [#STR_EXPANSION_MARKET_TRADER_ATTACHMENTS])" in market zone "OUTLIVE Trader" (pos=<4291.589844, 25.247801, 4162.500000>) and got 123.
00:40:11 [Market] Player "Szymon Serepecky" (id=vHFZU74BZI_ayyjapF-71XC4icK9QMS69f8Uu0qGWrk=) has send a requested to sell twp_ammobox_50bmg_10rnd x1 at the trader "Attachments (Oliver [#STR_EXPANSION_MARKET_TRADER_ATTACHMENTS])" in market zone "OUTLIVE Trader" (pos=<4291.589844, 25.247801, 4162.500000>).
00:40:11 [Market] Player "Szymon Serepecky" (id=vHFZU74BZI_ayyjapF-71XC4icK9QMS69f8Uu0qGWrk=) has sold twp_ammobox_50bmg_10rnd x1 at the trader "Attachments (Oliver [#STR_EXPANSION_MARKET_TRADER_ATTACHMENTS])" in market zone "OUTLIVE Trader" (pos=<4291.589844, 25.247801, 4162.500000>) and got 330.
00:40:13 [Market] Player "Szymon Serepecky" (id=vHFZU74BZI_ayyjapF-71XC4icK9QMS69f8Uu0qGWrk=) has send a requested to sell mag_val_20rnd x1 at the trader "Attachments (Oliver [#STR_EXPANSION_MARKET_TRADER_ATTACHMENTS])" in market zone "OUTLIVE Trader" (pos=<4291.589844, 25.247801, 4162.500000>).
00:40:13 [Market] Player "Szymon Serepecky" (id=vHFZU74BZI_ayyjapF-71XC4icK9QMS69f8Uu0qGWrk=) has sold mag_val_20rnd x1 at the trader "Attachments (Oliver [#STR_EXPANSION_MARKET_TRADER_ATTACHMENTS])" in market zone "OUTLIVE Trader" (pos=<4291.589844, 25.247801, 4162.500000>) and got 42.
00:40:14 [Market] Player "Szymon Serepecky" (id=vHFZU74BZI_ayyjapF-71XC4icK9QMS69f8Uu0qGWrk=) has send a requested to sell mag_akm_30rnd x1 at the trader "Attachments (Oliver [#STR_EXPANSION_MARKET_TRADER_ATTACHMENTS])" in market zone "OUTLIVE Trader" (pos=<4291.589844, 25.247801, 4162.500000>).
00:40:14 [Market] Player "Szymon Serepecky" (id=vHFZU74BZI_ayyjapF-71XC4icK9QMS69f8Uu0qGWrk=) has sold mag_akm_30rnd x1 at the trader "Attachments (Oliver [#STR_EXPANSION_MARKET_TRADER_ATTACHMENTS])" in market zone "OUTLIVE Trader" (pos=<4291.589844, 25.247801, 4162.500000>) and got 50.
00:40:15 [Market] Player "Szymon Serepecky" (id=vHFZU74BZI_ayyjapF-71XC4icK9QMS69f8Uu0qGWrk=) has send a requested to sell mag_akm_palm30rnd x1 at the trader "Attachments (Oliver [#STR_EXPANSION_MARKET_TRADER_ATTACHMENTS])" in market zone "OUTLIVE Trader" (pos=<4291.589844, 25.247801, 4162.500000>).
00:40:15 [Market] Player "Szymon Serepecky" (id=vHFZU74BZI_ayyjapF-71XC4icK9QMS69f8Uu0qGWrk=) has sold mag_akm_palm30rnd x1 at the trader "Attachments (Oliver [#STR_EXPANSION_MARKET_TRADER_ATTACHMENTS])" in market zone "OUTLIVE Trader" (pos=<4291.589844, 25.247801, 4162.500000>) and got 50.
00:40:16 [Market] Player "Szymon Serepecky" (id=vHFZU74BZI_ayyjapF-71XC4icK9QMS69f8Uu0qGWrk=) has send a requested to sell mag_akm_palm30rnd x1 at the trader "Attachments (Oliver [#STR_EXPANSION_MARKET_TRADER_ATTACHMENTS])" in market zone "OUTLIVE Trader" (pos=<4291.589844, 25.247801, 4162.500000>).
00:40:16 [Market] Player "Szymon Serepecky" (id=vHFZU74BZI_ayyjapF-71XC4icK9QMS69f8Uu0qGWrk=) has sold mag_akm_palm30rnd x1 at the trader "Attachments (Oliver [#STR_EXPANSION_MARKET_TRADER_ATTACHMENTS])" in market zone "OUTLIVE Trader" (pos=<4291.589844, 25.247801, 4162.500000>) and got 50.
00:40:17 [Market] Player "Szymon Serepecky" (id=vHFZU74BZI_ayyjapF-71XC4icK9QMS69f8Uu0qGWrk=) has send a requested to sell mag_ak74_45rnd x1 at the trader "Attachments (Oliver [#STR_EXPANSION_MARKET_TRADER_ATTACHMENTS])" in market zone "OUTLIVE Trader" (pos=<4291.589844, 25.247801, 4162.500000>).
00:40:17 [Market] Player "Szymon Serepecky" (id=vHFZU74BZI_ayyjapF-71XC4icK9QMS69f8Uu0qGWrk=) has sold mag_ak74_45rnd x1 at the trader "Attachments (Oliver [#STR_EXPANSION_MARKET_TRADER_ATTACHMENTS])" in market zone "OUTLIVE Trader" (pos=<4291.589844, 25.247801, 4162.500000>) and got 315.
00:40:20 [Market] Player "Szymon Serepecky" (id=vHFZU74BZI_ayyjapF-71XC4icK9QMS69f8Uu0qGWrk=) has send a requested to sell ammobox_762x54_20rnd x1 at the trader "Attachments (Oliver [#STR_EXPANSION_MARKET_TRADER_ATTACHMENTS])" in market zone "OUTLIVE Trader" (pos=<4291.589844, 25.247801, 4162.500000>).
00:40:20 [Market] Player "Szymon Serepecky" (id=vHFZU74BZI_ayyjapF-71XC4icK9QMS69f8Uu0qGWrk=) has sold ammobox_762x54_20rnd x1 at the trader "Attachments (Oliver [#STR_EXPANSION_MARKET_TRADER_ATTACHMENTS])" in market zone "OUTLIVE Trader" (pos=<4291.589844, 25.247801, 4162.500000>) and got 144.
00:40:21 [Market] Player "Szymon Serepecky" (id=vHFZU74BZI_ayyjapF-71XC4icK9QMS69f8Uu0qGWrk=) has send a requested to sell ammobox_9x39_20rnd x1 at the trader "Attachments (Oliver [#STR_EXPANSION_MARKET_TRADER_ATTACHMENTS])" in market zone "OUTLIVE Trader" (pos=<4291.589844, 25.247801, 4162.500000>).
00:40:21 [Market] Player "Szymon Serepecky" (id=vHFZU74BZI_ayyjapF-71XC4icK9QMS69f8Uu0qGWrk=) has sold ammobox_9x39_20rnd x1 at the trader "Attachments (Oliver [#STR_EXPANSION_MARKET_TRADER_ATTACHMENTS])" in market zone "OUTLIVE Trader" (pos=<4291.589844, 25.247801, 4162.500000>) and got 21.
00:40:31 [Market] Player "Szymon Serepecky" (id=vHFZU74BZI_ayyjapF-71XC4icK9QMS69f8Uu0qGWrk=) has send a requested to sell ammo_556x45 x40 at the trader "Attachments (Oliver [#STR_EXPANSION_MARKET_TRADER_ATTACHMENTS])" in market zone "OUTLIVE Trader" (pos=<4291.589844, 25.247801, 4162.500000>).
00:40:31 [Market] Player "Szymon Serepecky" (id=vHFZU74BZI_ayyjapF-71XC4icK9QMS69f8Uu0qGWrk=) has sold ammo_556x45 x40 at the trader "Attachments (Oliver [#STR_EXPANSION_MARKET_TRADER_ATTACHMENTS])" in market zone "OUTLIVE Trader" (pos=<4291.589844, 25.247801, 4162.500000>) and got 150.
00:40:43 [Market] Player "Szymon Serepecky" (id=vHFZU74BZI_ayyjapF-71XC4icK9QMS69f8Uu0qGWrk=) has send a requested to sell ammo_9x39 x20 at the trader "Attachments (Oliver [#STR_EXPANSION_MARKET_TRADER_ATTACHMENTS])" in market zone "OUTLIVE Trader" (pos=<4291.589844, 25.247801, 4162.500000>).
00:40:43 [Market] Player "Szymon Serepecky" (id=vHFZU74BZI_ayyjapF-71XC4icK9QMS69f8Uu0qGWrk=) has sold ammo_9x39 x20 at the trader "Attachments (Oliver [#STR_EXPANSION_MARKET_TRADER_ATTACHMENTS])" in market zone "OUTLIVE Trader" (pos=<4291.589844, 25.247801, 4162.500000>) and got 59.
00:43:23 [Market] Player "Szymon Serepecky" (id=vHFZU74BZI_ayyjapF-71XC4icK9QMS69f8Uu0qGWrk=) has send a requested to purchase civsedandoors_driver_black x1 from the trader "Vehicles (Peter [#STR_EXPANSION_MARKET_TRADER_VEHICLES])" in market zone "OUTLIVE Trader" (pos=<4291.589844, 25.247801, 4162.500000>).
00:43:23 [Market] Player "Szymon Serepecky" (id=vHFZU74BZI_ayyjapF-71XC4icK9QMS69f8Uu0qGWrk=) has bought civsedandoors_driver_black x1 from the trader "Vehicles (Peter [#STR_EXPANSION_MARKET_TRADER_VEHICLES])" in market zone "OUTLIVE Trader" (pos=<4291.589844, 25.247801, 4162.500000>) for a price of 500.
00:43:32 [ATM Locker] Player "Szymon Serepecky" (id=vHFZU74BZI_ayyjapF-71XC4icK9QMS69f8Uu0qGWrk=) has deposited 15866 on his ATM account.
00:53:03 [Safezone] Player "Szymon Serepecky" (id=vHFZU74BZI_ayyjapF-71XC4icK9QMS69f8Uu0qGWrk= pos=<4247.618652, 9.847981, 4163.278809>) Entered the safezone
00:53:03 [Expansion Quests] - SetupClientData - Got cached player quest data for player with UID: vHFZU74BZI_ayyjapF-71XC4icK9QMS69f8Uu0qGWrk=
00:53:03 [Expansion Quests] - PlayerQuestsInit - Create new quest instance for quest: 20 - Creator UID: vHFZU74BZI_ayyjapF-71XC4icK9QMS69f8Uu0qGWrk=
00:54:11 [Safezone] Player "Szymon Serepecky" (id=vHFZU74BZI_ayyjapF-71XC4icK9QMS69f8Uu0qGWrk= pos=<4121.918457, 14.798401, 4357.160156>) Left the safezone
01:12:28 [Expansion Quests] - CreateQuestInstance - Created new quest instance for player with UID vHFZU74BZI_ayyjapF-71XC4icK9QMS69f8Uu0qGWrk= for quest 50
01:12:28 [Expansion Quests] - ExpansionQuest - Quest owner ID: vHFZU74BZI_ayyjapF-71XC4icK9QMS69f8Uu0qGWrk=
01:12:28 [Expansion Quests] - ExpansionQuest - Quest ID: 50
01:12:28 [Expansion Quests] - ExpansionQuest - Quest state: 1
01:12:28 [Expansion Quests] - ExpansionQuest - Quest completed: false
01:12:35 [Expansion Quests] - CompleteQuest - Player with UID vHFZU74BZI_ayyjapF-71XC4icK9QMS69f8Uu0qGWrk= has completed quest 50
01:12:35 [Expansion Quests] - ExpansionQuest - Quest owner ID: vHFZU74BZI_ayyjapF-71XC4icK9QMS69f8Uu0qGWrk=
01:12:35 [Expansion Quests] - ExpansionQuest - Quest ID: 50
01:12:35 [Expansion Quests] - ExpansionQuest - Quest state: 3
01:12:35 [Expansion Quests] - ExpansionQuest - Quest completed: true
01:14:02 [Expansion Quests] - CreateQuestInstance - Created new quest instance for player with UID vHFZU74BZI_ayyjapF-71XC4icK9QMS69f8Uu0qGWrk= for quest 33
01:14:02 [Expansion Quests] - ExpansionQuest - Quest owner ID: vHFZU74BZI_ayyjapF-71XC4icK9QMS69f8Uu0qGWrk=
01:14:02 [Expansion Quests] - ExpansionQuest - Quest ID: 33
01:14:02 [Expansion Quests] - ExpansionQuest - Quest state: 1
01:14:02 [Expansion Quests] - ExpansionQuest - Quest completed: false
01:14:54 [Expansion Quests] - CompleteQuest - Player with UID vHFZU74BZI_ayyjapF-71XC4icK9QMS69f8Uu0qGWrk= has completed quest 33
01:14:54 [Expansion Quests] - ExpansionQuest - Quest owner ID: vHFZU74BZI_ayyjapF-71XC4icK9QMS69f8Uu0qGWrk=
01:14:54 [Expansion Quests] - ExpansionQuest - Quest ID: 33
01:14:54 [Expansion Quests] - ExpansionQuest - Quest state: 3
01:14:54 [Expansion Quests] - ExpansionQuest - Quest completed: true
01:15:05 [ATM Locker] Player "Szymon Serepecky" (id=vHFZU74BZI_ayyjapF-71XC4icK9QMS69f8Uu0qGWrk=) has deposited 25000 on his ATM account.
01:18:35 [VehicleDestroyed] CivilianSedan was destroyed at pos=<2904.462891, 10.340764, 5693.957520>
01:21:37 [Expansion Quests] - CompleteQuest - Player with UID vHFZU74BZI_ayyjapF-71XC4icK9QMS69f8Uu0qGWrk= has completed quest 20
01:21:37 [Expansion Quests] - ExpansionQuest - Quest owner ID: vHFZU74BZI_ayyjapF-71XC4icK9QMS69f8Uu0qGWrk=
01:21:37 [Expansion Quests] - ExpansionQuest - Quest ID: 20
01:21:37 [Expansion Quests] - ExpansionQuest - Quest state: 3
01:21:37 [Expansion Quests] - ExpansionQuest - Quest completed: true
01:28:24 [Safezone] Player "Szymon Serepecky" (id=vHFZU74BZI_ayyjapF-71XC4icK9QMS69f8Uu0qGWrk= pos=<4188.883301, 14.344614, 4242.023926>) Entered the safezone
01:29:05 [Market] Player "Szymon Serepecky" (id=vHFZU74BZI_ayyjapF-71XC4icK9QMS69f8Uu0qGWrk=) has send a requested to sell twp_sv98 x1 at the trader "Weapons (Denis [#STR_EXPANSION_MARKET_TRADER_WEAPONS])" in market zone "OUTLIVE Trader" (pos=<4291.589844, 25.247801, 4162.500000>).
01:29:05 [Market] Player "Szymon Serepecky" (id=vHFZU74BZI_ayyjapF-71XC4icK9QMS69f8Uu0qGWrk=) has sold twp_sv98 x1 at the trader "Weapons (Denis [#STR_EXPANSION_MARKET_TRADER_WEAPONS])" in market zone "OUTLIVE Trader" (pos=<4291.589844, 25.247801, 4162.500000>) and got 2500.
01:29:14 [Market] Player "Szymon Serepecky" (id=vHFZU74BZI_ayyjapF-71XC4icK9QMS69f8Uu0qGWrk=) has send a requested to sell svd x1 at the trader "Weapons (Denis [#STR_EXPANSION_MARKET_TRADER_WEAPONS])" in market zone "OUTLIVE Trader" (pos=<4291.589844, 25.247801, 4162.500000>).
01:29:15 [Market] Player "Szymon Serepecky" (id=vHFZU74BZI_ayyjapF-71XC4icK9QMS69f8Uu0qGWrk=) has sold svd x1 at the trader "Weapons (Denis [#STR_EXPANSION_MARKET_TRADER_WEAPONS])" in market zone "OUTLIVE Trader" (pos=<4291.589844, 25.247801, 4162.500000>) and got 2740.
01:30:13 [Market] Player "Szymon Serepecky" (id=vHFZU74BZI_ayyjapF-71XC4icK9QMS69f8Uu0qGWrk=) has send a requested to sell mvs_rucksack_tan x1 at the trader "Clothing (Linda [#STR_EXPANSION_MARKET_TRADER_CLOTHING])" in market zone "OUTLIVE Trader" (pos=<4291.589844, 25.247801, 4162.500000>).
01:30:14 [Market] Player "Szymon Serepecky" (id=vHFZU74BZI_ayyjapF-71XC4icK9QMS69f8Uu0qGWrk=) has sold mvs_rucksack_tan x1 at the trader "Clothing (Linda [#STR_EXPANSION_MARKET_TRADER_CLOTHING])" in market zone "OUTLIVE Trader" (pos=<4291.589844, 25.247801, 4162.500000>) and got 750.
01:30:57 [ATM Locker] Player "Szymon Serepecky" (id=vHFZU74BZI_ayyjapF-71XC4icK9QMS69f8Uu0qGWrk=) has deposited 10990 on his ATM account.
01:33:06 [ATM Locker] Player "Szymon Serepecky" (id=vHFZU74BZI_ayyjapF-71XC4icK9QMS69f8Uu0qGWrk=) has withdrawn 52000 from his ATM account.
01:33:23 [Market] Player "Szymon Serepecky" (id=vHFZU74BZI_ayyjapF-71XC4icK9QMS69f8Uu0qGWrk=) has send a requested to purchase expansionutilityboat x1 from the trader "Boats (Rolf [#STR_EXPANSION_MARKET_TRADER_BOATS])" in market zone "OUTLIVE Trader" (pos=<4291.589844, 25.247801, 4162.500000>).
01:33:23 [Market] Player "Szymon Serepecky" (id=vHFZU74BZI_ayyjapF-71XC4icK9QMS69f8Uu0qGWrk=) has bought expansionutilityboat x1 from the trader "Boats (Rolf [#STR_EXPANSION_MARKET_TRADER_BOATS])" in market zone "OUTLIVE Trader" (pos=<4291.589844, 25.247801, 4162.500000>) for a price of 52000.
01:34:38 [VehicleCarKey] Player "Szymon Serepecky" (id=vHFZU74BZI_ayyjapF-71XC4icK9QMS69f8Uu0qGWrk= pos=<4409.972168, 0.903411, 4179.676758>) used the  ExpansionCarKey to unlock a ExpansionUtilityBoat
01:36:21 [Safezone] Player "Szymon Serepecky" (id=vHFZU74BZI_ayyjapF-71XC4icK9QMS69f8Uu0qGWrk= pos=<4420.082520, 0.390782, 4179.025391>) Entered the safezone
01:36:47 [Safezone] Player "Szymon Serepecky" (id=vHFZU74BZI_ayyjapF-71XC4icK9QMS69f8Uu0qGWrk= pos=<4479.888672, 0.414334, 4157.914551>) Left the safezone
01:58:19 [MissionAirdrop] An airdrop is heading towards "Camprefugi" (pos=<4669.000000, 0.000000, 5240.000000> type=Random_Camprefugi) with a ExpansionAirdropContainer_Military
01:58:19 [MissionAirdrop] An airdrop is heading towards "Krautinsel" (pos=<8192.009766, 0.000000, 4341.879883> type=Random_KrautInsel) with a ExpansionAirdropContainer_Basebuilding
01:58:19 [VehicleCarKey] Player "Szymon Serepecky" (id=vHFZU74BZI_ayyjapF-71XC4icK9QMS69f8Uu0qGWrk= pos=<9698.724609, -0.534754, 5390.063477>) used the  ExpansionCarKey to lock a ExpansionUtilityBoat
01:58:54 [Safezone] Player "Szymon Serepecky" (id=vHFZU74BZI_ayyjapF-71XC4icK9QMS69f8Uu0qGWrk= pos=<9913.372070, 8.416361, 5396.302734>) Entered the safezone
01:59:19 [Safezone] Player "Szymon Serepecky" (id=vHFZU74BZI_ayyjapF-71XC4icK9QMS69f8Uu0qGWrk= pos=<9978.291992, 10.534496, 5294.705078>) Left the safezone
02:03:23 [Safezone] Player "Szymon Serepecky" (id=vHFZU74BZI_ayyjapF-71XC4icK9QMS69f8Uu0qGWrk= pos=<9971.542969, 8.619118, 5317.455566>) Entered the safezone
02:03:49 [Market] Player "Szymon Serepecky" (id=vHFZU74BZI_ayyjapF-71XC4icK9QMS69f8Uu0qGWrk=) has send a requested to sell skullmask x8 at the trader "Blacktrader (Elias [Smuggler Trader])" in market zone "OUTLIVE Smuggler Trader" (pos=<9945.549805, 36.532902, 5359.779785>).
02:03:49 [Market] Player "Szymon Serepecky" (id=vHFZU74BZI_ayyjapF-71XC4icK9QMS69f8Uu0qGWrk=) has sold skullmask x8 at the trader "Blacktrader (Elias [Smuggler Trader])" in market zone "OUTLIVE Smuggler Trader" (pos=<9945.549805, 36.532902, 5359.779785>) and got 36250.
02:03:55 [Market] Player "Szymon Serepecky" (id=vHFZU74BZI_ayyjapF-71XC4icK9QMS69f8Uu0qGWrk=) has send a requested to sell twp_jackinthebox x1 at the trader "Blacktrader (Elias [Smuggler Trader])" in market zone "OUTLIVE Smuggler Trader" (pos=<9945.549805, 36.532902, 5359.779785>).
02:03:55 [Market] Player "Szymon Serepecky" (id=vHFZU74BZI_ayyjapF-71XC4icK9QMS69f8Uu0qGWrk=) has sold twp_jackinthebox x1 at the trader "Blacktrader (Elias [Smuggler Trader])" in market zone "OUTLIVE Smuggler Trader" (pos=<9945.549805, 36.532902, 5359.779785>) and got 750.
02:03:58 [Market] Player "Szymon Serepecky" (id=vHFZU74BZI_ayyjapF-71XC4icK9QMS69f8Uu0qGWrk=) has send a requested to sell flashgrenade x1 at the trader "Blacktrader (Elias [Smuggler Trader])" in market zone "OUTLIVE Smuggler Trader" (pos=<9945.549805, 36.532902, 5359.779785>).
02:03:59 [Market] Player "Szymon Serepecky" (id=vHFZU74BZI_ayyjapF-71XC4icK9QMS69f8Uu0qGWrk=) has sold flashgrenade x1 at the trader "Blacktrader (Elias [Smuggler Trader])" in market zone "OUTLIVE Smuggler Trader" (pos=<9945.549805, 36.532902, 5359.779785>) and got 400.
02:03:59 [Market] Player "Szymon Serepecky" (id=vHFZU74BZI_ayyjapF-71XC4icK9QMS69f8Uu0qGWrk=) has send a requested to sell claymoremine x1 at the trader "Blacktrader (Elias [Smuggler Trader])" in market zone "OUTLIVE Smuggler Trader" (pos=<9945.549805, 36.532902, 5359.779785>).
02:03:59 [Market] Player "Szymon Serepecky" (id=vHFZU74BZI_ayyjapF-71XC4icK9QMS69f8Uu0qGWrk=) has sold claymoremine x1 at the trader "Blacktrader (Elias [Smuggler Trader])" in market zone "OUTLIVE Smuggler Trader" (pos=<9945.549805, 36.532902, 5359.779785>) and got 3375.
02:04:16 [ATM Locker] Player "Szymon Serepecky" (id=vHFZU74BZI_ayyjapF-71XC4icK9QMS69f8Uu0qGWrk=) has deposited 40775 on his ATM account.
02:24:39 [Expansion Quests] - SetupClientData - Loaded existing player quest data for player with UID: z67WFg-Joo3MekD4H0kXOZXbSI0D6ip7P9dY0J-nUoM=
02:24:39 [Expansion Quests] - PlayerQuestsInit - Create new quest instance for quest: 23 - Creator UID: z67WFg-Joo3MekD4H0kXOZXbSI0D6ip7P9dY0J-nUoM=
02:24:39 [Expansion Quests] - PlayerQuestsInit - Create new quest instance for quest: 13 - Creator UID: z67WFg-Joo3MekD4H0kXOZXbSI0D6ip7P9dY0J-nUoM=
03:22:11 [MissionAirdrop] An airdrop is heading towards "Obing" (pos=<6316.000000, 0.000000, 9204.000000> type=Random_Obing) with a ExpansionAirdropContainer_Medical
03:22:11 [MissionAirdrop] An airdrop is heading towards "Stein" (pos=<4619.000000, 0.000000, 7618.000000> type=Random_Stein) with a ExpansionAirdropContainer_Military
