08:13:42 [MissionAirdrop] An airdrop is heading towards "Schlachtfeld" (pos=<3059.000000, 0.000000, 1707.000000> type=Random_Schlachtfeld) with a ExpansionAirdropContainer
08:13:42 [MissionAirdrop] An airdrop is heading towards "Stein" (pos=<4619.000000, 0.000000, 7618.000000> type=Random_Stein) with a ExpansionAirdropContainer
08:17:24 [VehicleCarKey] Player "P@lko2265" (id=iyN6JbNqEvHMp_A5zeXvCmCy1_EaihIFwZocZ4y6-LM= pos=<4636.416016, 1.011326, 2507.800293>) used the  ExpansionCarKey to unlock a ExpansionUtilityBoat
08:23:04 [VehicleCarKey] Player "P@lko2265" (id=iyN6JbNqEvHMp_A5zeXvCmCy1_EaihIFwZocZ4y6-LM= pos=<4342.946777, 1.081166, 5963.576660>) used the  ExpansionCarKey to lock a ExpansionUtilityBoat
08:24:20 [VehicleCarKey] Player "P@lko2265" (id=iyN6JbNqEvHMp_A5zeXvCmCy1_EaihIFwZocZ4y6-LM= pos=<4342.296387, 1.211504, 5963.810547>) used the  ExpansionCarKey to unlock a ExpansionUtilityBoat
08:24:31 [VehicleCarKey] Player "P@lko2265" (id=iyN6JbNqEvHMp_A5zeXvCmCy1_EaihIFwZocZ4y6-LM= pos=<4342.296387, 1.211514, 5963.810547>) used the  ExpansionCarKey to lock a ExpansionUtilityBoat
09:06:23 [VehicleCarKey] Player "P@lko2265" (id=iyN6JbNqEvHMp_A5zeXvCmCy1_EaihIFwZocZ4y6-LM= pos=<4341.710449, 1.189636, 5963.850586>) used the  ExpansionCarKey to unlock a ExpansionUtilityBoat
09:08:41 [VehicleCarKey] Player "P@lko2265" (id=iyN6JbNqEvHMp_A5zeXvCmCy1_EaihIFwZocZ4y6-LM= pos=<4227.327637, 0.963711, 5174.161133>) used the  ExpansionCarKey to lock a ExpansionUtilityBoat
09:10:59 [VehicleCarKey] Player "P@lko2265" (id=iyN6JbNqEvHMp_A5zeXvCmCy1_EaihIFwZocZ4y6-LM= pos=<4229.362793, 1.106006, 5173.387207>) used the  ExpansionCarKey to unlock a ExpansionUtilityBoat
09:11:57 [VehicleCarKey] Player "P@lko2265" (id=iyN6JbNqEvHMp_A5zeXvCmCy1_EaihIFwZocZ4y6-LM= pos=<4229.179199, 1.098795, 5173.437500>) used the  ExpansionCarKey to lock a ExpansionUtilityBoat
09:37:14 [MissionAirdrop] An airdrop is heading towards "Stein" (pos=<4619.000000, 0.000000, 7618.000000> type=Random_Stein) with a ExpansionAirdropContainer
09:37:14 [MissionAirdrop] An airdrop is heading towards "Schlachtfeld" (pos=<3059.000000, 0.000000, 1707.000000> type=Random_Schlachtfeld) with a ExpansionAirdropContainer
09:49:31 [VehicleCarKey] Player "P@lko2265" (id=iyN6JbNqEvHMp_A5zeXvCmCy1_EaihIFwZocZ4y6-LM= pos=<4228.817383, 1.079193, 5173.481934>) used the  ExpansionCarKey to unlock a ExpansionUtilityBoat
09:54:38 [VehicleCarKey] Player "P@lko2265" (id=iyN6JbNqEvHMp_A5zeXvCmCy1_EaihIFwZocZ4y6-LM= pos=<4343.352539, 1.117169, 5963.206543>) used the  ExpansionCarKey to lock a ExpansionUtilityBoat
10:13:08 [VehicleCarKey] Player "P@lko2265" (id=iyN6JbNqEvHMp_A5zeXvCmCy1_EaihIFwZocZ4y6-LM= pos=<4338.986816, 0.563209, 5962.903809>) used the  ExpansionCarKey to unlock a ExpansionUtilityBoat
10:15:35 [VehicleCarKey] Player "P@lko2265" (id=iyN6JbNqEvHMp_A5zeXvCmCy1_EaihIFwZocZ4y6-LM= pos=<4420.484863, 1.323301, 4194.350098>) used the  ExpansionCarKey to lock a ExpansionUtilityBoat
10:15:40 [Safezone] Player "P@lko2265" (id=iyN6JbNqEvHMp_A5zeXvCmCy1_EaihIFwZocZ4y6-LM= pos=<4418.525391, 1.415211, 4189.768555>) Entered the safezone
10:17:11 [ATM Locker] Player "P@lko2265" (id=iyN6JbNqEvHMp_A5zeXvCmCy1_EaihIFwZocZ4y6-LM=) has withdrawn 10000 from his ATM account.
10:17:30 [Market] Player "P@lko2265" (id=iyN6JbNqEvHMp_A5zeXvCmCy1_EaihIFwZocZ4y6-LM=) has send a requested to purchase twp_aa12black_mag_32rnd x1 from the trader "Attachments (Oliver [#STR_EXPANSION_MARKET_TRADER_ATTACHMENTS])" in market zone "OUTLIVE Trader" (pos=<4291.589844, 25.247801, 4162.500000>).
10:17:30 [Market] Player "P@lko2265" (id=iyN6JbNqEvHMp_A5zeXvCmCy1_EaihIFwZocZ4y6-LM=) has bought twp_aa12black_mag_32rnd x1 from the trader "Attachments (Oliver [#STR_EXPANSION_MARKET_TRADER_ATTACHMENTS])" in market zone "OUTLIVE Trader" (pos=<4291.589844, 25.247801, 4162.500000>) for a price of 2496.
10:17:32 [Market] Player "P@lko2265" (id=iyN6JbNqEvHMp_A5zeXvCmCy1_EaihIFwZocZ4y6-LM=) has send a requested to purchase twp_aa12black_mag_32rnd x1 from the trader "Attachments (Oliver [#STR_EXPANSION_MARKET_TRADER_ATTACHMENTS])" in market zone "OUTLIVE Trader" (pos=<4291.589844, 25.247801, 4162.500000>).
10:17:32 [Market] Player "P@lko2265" (id=iyN6JbNqEvHMp_A5zeXvCmCy1_EaihIFwZocZ4y6-LM=) has bought twp_aa12black_mag_32rnd x1 from the trader "Attachments (Oliver [#STR_EXPANSION_MARKET_TRADER_ATTACHMENTS])" in market zone "OUTLIVE Trader" (pos=<4291.589844, 25.247801, 4162.500000>) for a price of 2496.
10:18:03 [Market] Player "P@lko2265" (id=iyN6JbNqEvHMp_A5zeXvCmCy1_EaihIFwZocZ4y6-LM=) has send a requested to purchase twp_ammobox_20x76_10rnd x1 from the trader "Attachments (Oliver [#STR_EXPANSION_MARKET_TRADER_ATTACHMENTS])" in market zone "OUTLIVE Trader" (pos=<4291.589844, 25.247801, 4162.500000>).
10:18:03 [Market] Player "P@lko2265" (id=iyN6JbNqEvHMp_A5zeXvCmCy1_EaihIFwZocZ4y6-LM=) has bought twp_ammobox_20x76_10rnd x1 from the trader "Attachments (Oliver [#STR_EXPANSION_MARKET_TRADER_ATTACHMENTS])" in market zone "OUTLIVE Trader" (pos=<4291.589844, 25.247801, 4162.500000>) for a price of 200.
10:19:20 [Market] Player "P@lko2265" (id=iyN6JbNqEvHMp_A5zeXvCmCy1_EaihIFwZocZ4y6-LM=) has send a requested to purchase twp_ammobox_20x76_10rnd x1 from the trader "Attachments (Oliver [#STR_EXPANSION_MARKET_TRADER_ATTACHMENTS])" in market zone "OUTLIVE Trader" (pos=<4291.589844, 25.247801, 4162.500000>).
10:19:20 [Market] Player "P@lko2265" (id=iyN6JbNqEvHMp_A5zeXvCmCy1_EaihIFwZocZ4y6-LM=) has bought twp_ammobox_20x76_10rnd x1 from the trader "Attachments (Oliver [#STR_EXPANSION_MARKET_TRADER_ATTACHMENTS])" in market zone "OUTLIVE Trader" (pos=<4291.589844, 25.247801, 4162.500000>) for a price of 200.
10:19:21 [Market] Player "P@lko2265" (id=iyN6JbNqEvHMp_A5zeXvCmCy1_EaihIFwZocZ4y6-LM=) has send a requested to purchase twp_ammobox_20x76_10rnd x1 from the trader "Attachments (Oliver [#STR_EXPANSION_MARKET_TRADER_ATTACHMENTS])" in market zone "OUTLIVE Trader" (pos=<4291.589844, 25.247801, 4162.500000>).
10:19:21 [Market] Player "P@lko2265" (id=iyN6JbNqEvHMp_A5zeXvCmCy1_EaihIFwZocZ4y6-LM=) has bought twp_ammobox_20x76_10rnd x1 from the trader "Attachments (Oliver [#STR_EXPANSION_MARKET_TRADER_ATTACHMENTS])" in market zone "OUTLIVE Trader" (pos=<4291.589844, 25.247801, 4162.500000>) for a price of 200.
10:19:22 [Market] Player "P@lko2265" (id=iyN6JbNqEvHMp_A5zeXvCmCy1_EaihIFwZocZ4y6-LM=) has send a requested to purchase twp_ammobox_20x76_10rnd x1 from the trader "Attachments (Oliver [#STR_EXPANSION_MARKET_TRADER_ATTACHMENTS])" in market zone "OUTLIVE Trader" (pos=<4291.589844, 25.247801, 4162.500000>).
10:19:22 [Market] Player "P@lko2265" (id=iyN6JbNqEvHMp_A5zeXvCmCy1_EaihIFwZocZ4y6-LM=) has bought twp_ammobox_20x76_10rnd x1 from the trader "Attachments (Oliver [#STR_EXPANSION_MARKET_TRADER_ATTACHMENTS])" in market zone "OUTLIVE Trader" (pos=<4291.589844, 25.247801, 4162.500000>) for a price of 200.
10:19:23 [Market] Player "P@lko2265" (id=iyN6JbNqEvHMp_A5zeXvCmCy1_EaihIFwZocZ4y6-LM=) has send a requested to purchase twp_ammobox_20x76_10rnd x1 from the trader "Attachments (Oliver [#STR_EXPANSION_MARKET_TRADER_ATTACHMENTS])" in market zone "OUTLIVE Trader" (pos=<4291.589844, 25.247801, 4162.500000>).
10:19:23 [Market] Player "P@lko2265" (id=iyN6JbNqEvHMp_A5zeXvCmCy1_EaihIFwZocZ4y6-LM=) has bought twp_ammobox_20x76_10rnd x1 from the trader "Attachments (Oliver [#STR_EXPANSION_MARKET_TRADER_ATTACHMENTS])" in market zone "OUTLIVE Trader" (pos=<4291.589844, 25.247801, 4162.500000>) for a price of 200.
10:19:24 [Market] Player "P@lko2265" (id=iyN6JbNqEvHMp_A5zeXvCmCy1_EaihIFwZocZ4y6-LM=) has send a requested to purchase twp_ammobox_20x76_10rnd x1 from the trader "Attachments (Oliver [#STR_EXPANSION_MARKET_TRADER_ATTACHMENTS])" in market zone "OUTLIVE Trader" (pos=<4291.589844, 25.247801, 4162.500000>).
10:19:25 [Market] Player "P@lko2265" (id=iyN6JbNqEvHMp_A5zeXvCmCy1_EaihIFwZocZ4y6-LM=) has bought twp_ammobox_20x76_10rnd x1 from the trader "Attachments (Oliver [#STR_EXPANSION_MARKET_TRADER_ATTACHMENTS])" in market zone "OUTLIVE Trader" (pos=<4291.589844, 25.247801, 4162.500000>) for a price of 200.
10:19:25 [Market] Player "P@lko2265" (id=iyN6JbNqEvHMp_A5zeXvCmCy1_EaihIFwZocZ4y6-LM=) has send a requested to purchase twp_ammobox_20x76_10rnd x1 from the trader "Attachments (Oliver [#STR_EXPANSION_MARKET_TRADER_ATTACHMENTS])" in market zone "OUTLIVE Trader" (pos=<4291.589844, 25.247801, 4162.500000>).
10:19:26 [Market] Player "P@lko2265" (id=iyN6JbNqEvHMp_A5zeXvCmCy1_EaihIFwZocZ4y6-LM=) has bought twp_ammobox_20x76_10rnd x1 from the trader "Attachments (Oliver [#STR_EXPANSION_MARKET_TRADER_ATTACHMENTS])" in market zone "OUTLIVE Trader" (pos=<4291.589844, 25.247801, 4162.500000>) for a price of 200.
10:19:26 [Market] Player "P@lko2265" (id=iyN6JbNqEvHMp_A5zeXvCmCy1_EaihIFwZocZ4y6-LM=) has send a requested to purchase twp_ammobox_20x76_10rnd x1 from the trader "Attachments (Oliver [#STR_EXPANSION_MARKET_TRADER_ATTACHMENTS])" in market zone "OUTLIVE Trader" (pos=<4291.589844, 25.247801, 4162.500000>).
10:19:26 [Market] Player "P@lko2265" (id=iyN6JbNqEvHMp_A5zeXvCmCy1_EaihIFwZocZ4y6-LM=) has bought twp_ammobox_20x76_10rnd x1 from the trader "Attachments (Oliver [#STR_EXPANSION_MARKET_TRADER_ATTACHMENTS])" in market zone "OUTLIVE Trader" (pos=<4291.589844, 25.247801, 4162.500000>) for a price of 200.
10:19:27 [Market] Player "P@lko2265" (id=iyN6JbNqEvHMp_A5zeXvCmCy1_EaihIFwZocZ4y6-LM=) has send a requested to purchase twp_ammobox_20x76_10rnd x1 from the trader "Attachments (Oliver [#STR_EXPANSION_MARKET_TRADER_ATTACHMENTS])" in market zone "OUTLIVE Trader" (pos=<4291.589844, 25.247801, 4162.500000>).
10:19:27 [Market] Player "P@lko2265" (id=iyN6JbNqEvHMp_A5zeXvCmCy1_EaihIFwZocZ4y6-LM=) has bought twp_ammobox_20x76_10rnd x1 from the trader "Attachments (Oliver [#STR_EXPANSION_MARKET_TRADER_ATTACHMENTS])" in market zone "OUTLIVE Trader" (pos=<4291.589844, 25.247801, 4162.500000>) for a price of 200.
10:19:28 [Market] Player "P@lko2265" (id=iyN6JbNqEvHMp_A5zeXvCmCy1_EaihIFwZocZ4y6-LM=) has send a requested to purchase twp_ammobox_20x76_10rnd x1 from the trader "Attachments (Oliver [#STR_EXPANSION_MARKET_TRADER_ATTACHMENTS])" in market zone "OUTLIVE Trader" (pos=<4291.589844, 25.247801, 4162.500000>).
10:19:29 [Market] Player "P@lko2265" (id=iyN6JbNqEvHMp_A5zeXvCmCy1_EaihIFwZocZ4y6-LM=) has bought twp_ammobox_20x76_10rnd x1 from the trader "Attachments (Oliver [#STR_EXPANSION_MARKET_TRADER_ATTACHMENTS])" in market zone "OUTLIVE Trader" (pos=<4291.589844, 25.247801, 4162.500000>) for a price of 200.
10:22:00 [Market] Player "P@lko2265" (id=iyN6JbNqEvHMp_A5zeXvCmCy1_EaihIFwZocZ4y6-LM=) has send a requested to purchase twp_ammobox_20x76_10rnd x1 from the trader "Attachments (Oliver [#STR_EXPANSION_MARKET_TRADER_ATTACHMENTS])" in market zone "OUTLIVE Trader" (pos=<4291.589844, 25.247801, 4162.500000>).
10:22:00 [Market] Player "P@lko2265" (id=iyN6JbNqEvHMp_A5zeXvCmCy1_EaihIFwZocZ4y6-LM=) has bought twp_ammobox_20x76_10rnd x1 from the trader "Attachments (Oliver [#STR_EXPANSION_MARKET_TRADER_ATTACHMENTS])" in market zone "OUTLIVE Trader" (pos=<4291.589844, 25.247801, 4162.500000>) for a price of 200.
10:22:01 [Market] Player "P@lko2265" (id=iyN6JbNqEvHMp_A5zeXvCmCy1_EaihIFwZocZ4y6-LM=) has send a requested to purchase twp_ammobox_20x76_10rnd x1 from the trader "Attachments (Oliver [#STR_EXPANSION_MARKET_TRADER_ATTACHMENTS])" in market zone "OUTLIVE Trader" (pos=<4291.589844, 25.247801, 4162.500000>).
10:22:01 [Market] Player "P@lko2265" (id=iyN6JbNqEvHMp_A5zeXvCmCy1_EaihIFwZocZ4y6-LM=) has bought twp_ammobox_20x76_10rnd x1 from the trader "Attachments (Oliver [#STR_EXPANSION_MARKET_TRADER_ATTACHMENTS])" in market zone "OUTLIVE Trader" (pos=<4291.589844, 25.247801, 4162.500000>) for a price of 200.
10:22:02 [Market] Player "P@lko2265" (id=iyN6JbNqEvHMp_A5zeXvCmCy1_EaihIFwZocZ4y6-LM=) has send a requested to purchase twp_ammobox_20x76_10rnd x1 from the trader "Attachments (Oliver [#STR_EXPANSION_MARKET_TRADER_ATTACHMENTS])" in market zone "OUTLIVE Trader" (pos=<4291.589844, 25.247801, 4162.500000>).
10:22:02 [Market] Player "P@lko2265" (id=iyN6JbNqEvHMp_A5zeXvCmCy1_EaihIFwZocZ4y6-LM=) has bought twp_ammobox_20x76_10rnd x1 from the trader "Attachments (Oliver [#STR_EXPANSION_MARKET_TRADER_ATTACHMENTS])" in market zone "OUTLIVE Trader" (pos=<4291.589844, 25.247801, 4162.500000>) for a price of 200.
10:22:03 [Market] Player "P@lko2265" (id=iyN6JbNqEvHMp_A5zeXvCmCy1_EaihIFwZocZ4y6-LM=) has send a requested to purchase twp_ammobox_20x76_10rnd x1 from the trader "Attachments (Oliver [#STR_EXPANSION_MARKET_TRADER_ATTACHMENTS])" in market zone "OUTLIVE Trader" (pos=<4291.589844, 25.247801, 4162.500000>).
10:22:03 [Market] Player "P@lko2265" (id=iyN6JbNqEvHMp_A5zeXvCmCy1_EaihIFwZocZ4y6-LM=) has bought twp_ammobox_20x76_10rnd x1 from the trader "Attachments (Oliver [#STR_EXPANSION_MARKET_TRADER_ATTACHMENTS])" in market zone "OUTLIVE Trader" (pos=<4291.589844, 25.247801, 4162.500000>) for a price of 200.
10:22:04 [Market] Player "P@lko2265" (id=iyN6JbNqEvHMp_A5zeXvCmCy1_EaihIFwZocZ4y6-LM=) has send a requested to purchase twp_ammobox_20x76_10rnd x1 from the trader "Attachments (Oliver [#STR_EXPANSION_MARKET_TRADER_ATTACHMENTS])" in market zone "OUTLIVE Trader" (pos=<4291.589844, 25.247801, 4162.500000>).
10:22:04 [Market] Player "P@lko2265" (id=iyN6JbNqEvHMp_A5zeXvCmCy1_EaihIFwZocZ4y6-LM=) has bought twp_ammobox_20x76_10rnd x1 from the trader "Attachments (Oliver [#STR_EXPANSION_MARKET_TRADER_ATTACHMENTS])" in market zone "OUTLIVE Trader" (pos=<4291.589844, 25.247801, 4162.500000>) for a price of 200.
10:22:05 [Market] Player "P@lko2265" (id=iyN6JbNqEvHMp_A5zeXvCmCy1_EaihIFwZocZ4y6-LM=) has send a requested to purchase twp_ammobox_20x76_10rnd x1 from the trader "Attachments (Oliver [#STR_EXPANSION_MARKET_TRADER_ATTACHMENTS])" in market zone "OUTLIVE Trader" (pos=<4291.589844, 25.247801, 4162.500000>).
10:22:05 [Market] Player "P@lko2265" (id=iyN6JbNqEvHMp_A5zeXvCmCy1_EaihIFwZocZ4y6-LM=) has bought twp_ammobox_20x76_10rnd x1 from the trader "Attachments (Oliver [#STR_EXPANSION_MARKET_TRADER_ATTACHMENTS])" in market zone "OUTLIVE Trader" (pos=<4291.589844, 25.247801, 4162.500000>) for a price of 200.
10:22:06 [Market] Player "P@lko2265" (id=iyN6JbNqEvHMp_A5zeXvCmCy1_EaihIFwZocZ4y6-LM=) has send a requested to purchase twp_ammobox_20x76_10rnd x1 from the trader "Attachments (Oliver [#STR_EXPANSION_MARKET_TRADER_ATTACHMENTS])" in market zone "OUTLIVE Trader" (pos=<4291.589844, 25.247801, 4162.500000>).
10:22:06 [Market] Player "P@lko2265" (id=iyN6JbNqEvHMp_A5zeXvCmCy1_EaihIFwZocZ4y6-LM=) has bought twp_ammobox_20x76_10rnd x1 from the trader "Attachments (Oliver [#STR_EXPANSION_MARKET_TRADER_ATTACHMENTS])" in market zone "OUTLIVE Trader" (pos=<4291.589844, 25.247801, 4162.500000>) for a price of 200.
10:22:07 [Market] Player "P@lko2265" (id=iyN6JbNqEvHMp_A5zeXvCmCy1_EaihIFwZocZ4y6-LM=) has send a requested to purchase twp_ammobox_20x76_10rnd x1 from the trader "Attachments (Oliver [#STR_EXPANSION_MARKET_TRADER_ATTACHMENTS])" in market zone "OUTLIVE Trader" (pos=<4291.589844, 25.247801, 4162.500000>).
10:22:07 [Market] Player "P@lko2265" (id=iyN6JbNqEvHMp_A5zeXvCmCy1_EaihIFwZocZ4y6-LM=) has bought twp_ammobox_20x76_10rnd x1 from the trader "Attachments (Oliver [#STR_EXPANSION_MARKET_TRADER_ATTACHMENTS])" in market zone "OUTLIVE Trader" (pos=<4291.589844, 25.247801, 4162.500000>) for a price of 200.
10:22:08 [Market] Player "P@lko2265" (id=iyN6JbNqEvHMp_A5zeXvCmCy1_EaihIFwZocZ4y6-LM=) has send a requested to purchase twp_ammobox_20x76_10rnd x1 from the trader "Attachments (Oliver [#STR_EXPANSION_MARKET_TRADER_ATTACHMENTS])" in market zone "OUTLIVE Trader" (pos=<4291.589844, 25.247801, 4162.500000>).
10:22:08 [Market] Player "P@lko2265" (id=iyN6JbNqEvHMp_A5zeXvCmCy1_EaihIFwZocZ4y6-LM=) has bought twp_ammobox_20x76_10rnd x1 from the trader "Attachments (Oliver [#STR_EXPANSION_MARKET_TRADER_ATTACHMENTS])" in market zone "OUTLIVE Trader" (pos=<4291.589844, 25.247801, 4162.500000>) for a price of 200.
10:22:09 [Market] Player "P@lko2265" (id=iyN6JbNqEvHMp_A5zeXvCmCy1_EaihIFwZocZ4y6-LM=) has send a requested to purchase twp_ammobox_20x76_10rnd x1 from the trader "Attachments (Oliver [#STR_EXPANSION_MARKET_TRADER_ATTACHMENTS])" in market zone "OUTLIVE Trader" (pos=<4291.589844, 25.247801, 4162.500000>).
10:22:09 [Market] Player "P@lko2265" (id=iyN6JbNqEvHMp_A5zeXvCmCy1_EaihIFwZocZ4y6-LM=) has bought twp_ammobox_20x76_10rnd x1 from the trader "Attachments (Oliver [#STR_EXPANSION_MARKET_TRADER_ATTACHMENTS])" in market zone "OUTLIVE Trader" (pos=<4291.589844, 25.247801, 4162.500000>) for a price of 200.
10:22:29 [ATM Locker] Player "P@lko2265" (id=iyN6JbNqEvHMp_A5zeXvCmCy1_EaihIFwZocZ4y6-LM=) has deposited 1008 on his ATM account.
10:23:50 [Safezone] Player "Kocur69" (id=iTnQj5Zddd6ul6ie1MZ58a6IghppA2N8HvFffg9SNWw= pos=<4248.405273, 10.047907, 4165.738281>) Entered the safezone
10:24:13 [Chat - Global]("Kocur69"(id=iTnQj5Zddd6ul6ie1MZ58a6IghppA2N8HvFffg9SNWw=)): cus
10:24:27 [Chat - Global]("P@lko2265"(id=iyN6JbNqEvHMp_A5zeXvCmCy1_EaihIFwZocZ4y6-LM=)): zdar
10:31:27 [ATM Locker] Player "Kocur69" (id=iTnQj5Zddd6ul6ie1MZ58a6IghppA2N8HvFffg9SNWw=) has withdrawn 5000 from his ATM account.
10:32:00 [Market] Player "Kocur69" (id=iTnQj5Zddd6ul6ie1MZ58a6IghppA2N8HvFffg9SNWw=) has send a requested to purchase ammo_556x45 x200 from the trader "Attachments (Oliver [#STR_EXPANSION_MARKET_TRADER_ATTACHMENTS])" in market zone "OUTLIVE Trader" (pos=<4291.589844, 25.247801, 4162.500000>).
10:32:00 [Market] Player "Kocur69" (id=iTnQj5Zddd6ul6ie1MZ58a6IghppA2N8HvFffg9SNWw=) has bought ammo_556x45 x200 from the trader "Attachments (Oliver [#STR_EXPANSION_MARKET_TRADER_ATTACHMENTS])" in market zone "OUTLIVE Trader" (pos=<4291.589844, 25.247801, 4162.500000>) for a price of 5000.
10:33:00 [VehicleCarKey] Player "Kocur69" (id=iTnQj5Zddd6ul6ie1MZ58a6IghppA2N8HvFffg9SNWw= pos=<4391.412109, 1.010764, 4251.786133>) used the  ExpansionCarKey to unlock a ExpansionUtilityBoat
10:33:04 [Safezone] Player "Kocur69" (id=iTnQj5Zddd6ul6ie1MZ58a6IghppA2N8HvFffg9SNWw= pos=<4389.808105, 0.728776, 4252.150879>) Left the safezone
10:34:43 [VehicleCarKey] Player "Kocur69" (id=iTnQj5Zddd6ul6ie1MZ58a6IghppA2N8HvFffg9SNWw= pos=<4273.778320, 1.578869, 5105.957031>) used the  ExpansionCarKey to lock a ExpansionUtilityBoat
10:45:46 [VehicleCarKey] Player "Kocur69" (id=iTnQj5Zddd6ul6ie1MZ58a6IghppA2N8HvFffg9SNWw= pos=<4275.448242, 1.626973, 5106.006836>) used the  ExpansionCarKey to unlock a ExpansionUtilityBoat
10:47:22 [Safezone] Player "Kocur69" (id=iTnQj5Zddd6ul6ie1MZ58a6IghppA2N8HvFffg9SNWw= pos=<4418.557129, 1.415185, 4189.842285>) Entered the safezone
10:48:11 [Market] Player "Kocur69" (id=iTnQj5Zddd6ul6ie1MZ58a6IghppA2N8HvFffg9SNWw=) has send a requested to sell twp_kacpdw x1 at the trader "Weapons (Denis [#STR_EXPANSION_MARKET_TRADER_WEAPONS])" in market zone "OUTLIVE Trader" (pos=<4291.589844, 25.247801, 4162.500000>).
10:48:11 [Market] Player "Kocur69" (id=iTnQj5Zddd6ul6ie1MZ58a6IghppA2N8HvFffg9SNWw=) has sold twp_kacpdw x1 at the trader "Weapons (Denis [#STR_EXPANSION_MARKET_TRADER_WEAPONS])" in market zone "OUTLIVE Trader" (pos=<4291.589844, 25.247801, 4162.500000>) and got 430.
10:48:13 [Market] Player "Kocur69" (id=iTnQj5Zddd6ul6ie1MZ58a6IghppA2N8HvFffg9SNWw=) has send a requested to sell twp_spectre x1 at the trader "Weapons (Denis [#STR_EXPANSION_MARKET_TRADER_WEAPONS])" in market zone "OUTLIVE Trader" (pos=<4291.589844, 25.247801, 4162.500000>).
10:48:13 [Market] Player "Kocur69" (id=iTnQj5Zddd6ul6ie1MZ58a6IghppA2N8HvFffg9SNWw=) has sold twp_spectre x1 at the trader "Weapons (Denis [#STR_EXPANSION_MARKET_TRADER_WEAPONS])" in market zone "OUTLIVE Trader" (pos=<4291.589844, 25.247801, 4162.500000>) and got 800.
10:48:24 [Market] Player "Kocur69" (id=iTnQj5Zddd6ul6ie1MZ58a6IghppA2N8HvFffg9SNWw=) has send a requested to sell twp_rk95 x1 at the trader "Weapons (Denis [#STR_EXPANSION_MARKET_TRADER_WEAPONS])" in market zone "OUTLIVE Trader" (pos=<4291.589844, 25.247801, 4162.500000>).
10:48:24 [Market] Player "Kocur69" (id=iTnQj5Zddd6ul6ie1MZ58a6IghppA2N8HvFffg9SNWw=) has sold twp_rk95 x1 at the trader "Weapons (Denis [#STR_EXPANSION_MARKET_TRADER_WEAPONS])" in market zone "OUTLIVE Trader" (pos=<4291.589844, 25.247801, 4162.500000>) and got 1400.
10:48:28 [Market] Player "Kocur69" (id=iTnQj5Zddd6ul6ie1MZ58a6IghppA2N8HvFffg9SNWw=) has send a requested to sell twp_sp1vektor x1 at the trader "Weapons (Denis [#STR_EXPANSION_MARKET_TRADER_WEAPONS])" in market zone "OUTLIVE Trader" (pos=<4291.589844, 25.247801, 4162.500000>).
10:48:28 [Market] Player "Kocur69" (id=iTnQj5Zddd6ul6ie1MZ58a6IghppA2N8HvFffg9SNWw=) has sold twp_sp1vektor x1 at the trader "Weapons (Denis [#STR_EXPANSION_MARKET_TRADER_WEAPONS])" in market zone "OUTLIVE Trader" (pos=<4291.589844, 25.247801, 4162.500000>) and got 350.
10:48:35 [Market] Player "Kocur69" (id=iTnQj5Zddd6ul6ie1MZ58a6IghppA2N8HvFffg9SNWw=) has send a requested to sell ump45 x1 at the trader "Weapons (Denis [#STR_EXPANSION_MARKET_TRADER_WEAPONS])" in market zone "OUTLIVE Trader" (pos=<4291.589844, 25.247801, 4162.500000>).
10:48:35 [Market] Player "Kocur69" (id=iTnQj5Zddd6ul6ie1MZ58a6IghppA2N8HvFffg9SNWw=) has sold ump45 x1 at the trader "Weapons (Denis [#STR_EXPANSION_MARKET_TRADER_WEAPONS])" in market zone "OUTLIVE Trader" (pos=<4291.589844, 25.247801, 4162.500000>) and got 209.
10:48:41 [Market] Player "Kocur69" (id=iTnQj5Zddd6ul6ie1MZ58a6IghppA2N8HvFffg9SNWw=) has send a requested to sell expansion_g36 x1 at the trader "Weapons (Denis [#STR_EXPANSION_MARKET_TRADER_WEAPONS])" in market zone "OUTLIVE Trader" (pos=<4291.589844, 25.247801, 4162.500000>).
10:48:41 [Market] Player "Kocur69" (id=iTnQj5Zddd6ul6ie1MZ58a6IghppA2N8HvFffg9SNWw=) has sold expansion_g36 x1 at the trader "Weapons (Denis [#STR_EXPANSION_MARKET_TRADER_WEAPONS])" in market zone "OUTLIVE Trader" (pos=<4291.589844, 25.247801, 4162.500000>) and got 1600.
10:49:10 [Market] Player "Kocur69" (id=iTnQj5Zddd6ul6ie1MZ58a6IghppA2N8HvFffg9SNWw=) has send a requested to sell twp_mp5_custom_mag_40rnd x1 at the trader "Attachments (Oliver [#STR_EXPANSION_MARKET_TRADER_ATTACHMENTS])" in market zone "OUTLIVE Trader" (pos=<4291.589844, 25.247801, 4162.500000>).
10:49:10 [Market] Player "Kocur69" (id=iTnQj5Zddd6ul6ie1MZ58a6IghppA2N8HvFffg9SNWw=) has sold twp_mp5_custom_mag_40rnd x1 at the trader "Attachments (Oliver [#STR_EXPANSION_MARKET_TRADER_ATTACHMENTS])" in market zone "OUTLIVE Trader" (pos=<4291.589844, 25.247801, 4162.500000>) and got 268.
10:49:11 [Market] Player "Kocur69" (id=iTnQj5Zddd6ul6ie1MZ58a6IghppA2N8HvFffg9SNWw=) has send a requested to sell twp_honeybadger_mag_40rnd x1 at the trader "Attachments (Oliver [#STR_EXPANSION_MARKET_TRADER_ATTACHMENTS])" in market zone "OUTLIVE Trader" (pos=<4291.589844, 25.247801, 4162.500000>).
10:49:11 [Market] Player "Kocur69" (id=iTnQj5Zddd6ul6ie1MZ58a6IghppA2N8HvFffg9SNWw=) has sold twp_honeybadger_mag_40rnd x1 at the trader "Attachments (Oliver [#STR_EXPANSION_MARKET_TRADER_ATTACHMENTS])" in market zone "OUTLIVE Trader" (pos=<4291.589844, 25.247801, 4162.500000>) and got 294.
10:49:17 [Market] Player "Kocur69" (id=iTnQj5Zddd6ul6ie1MZ58a6IghppA2N8HvFffg9SNWw=) has send a requested to sell twp_ammobox_792x57_20rnd x1 at the trader "Attachments (Oliver [#STR_EXPANSION_MARKET_TRADER_ATTACHMENTS])" in market zone "OUTLIVE Trader" (pos=<4291.589844, 25.247801, 4162.500000>).
10:49:17 [Market] Player "Kocur69" (id=iTnQj5Zddd6ul6ie1MZ58a6IghppA2N8HvFffg9SNWw=) has sold twp_ammobox_792x57_20rnd x1 at the trader "Attachments (Oliver [#STR_EXPANSION_MARKET_TRADER_ATTACHMENTS])" in market zone "OUTLIVE Trader" (pos=<4291.589844, 25.247801, 4162.500000>) and got 65.
10:49:19 [Market] Player "Kocur69" (id=iTnQj5Zddd6ul6ie1MZ58a6IghppA2N8HvFffg9SNWw=) has send a requested to sell expansionreflexmrsoptic x1 at the trader "Attachments (Oliver [#STR_EXPANSION_MARKET_TRADER_ATTACHMENTS])" in market zone "OUTLIVE Trader" (pos=<4291.589844, 25.247801, 4162.500000>).
10:49:20 [Market] Player "Kocur69" (id=iTnQj5Zddd6ul6ie1MZ58a6IghppA2N8HvFffg9SNWw=) has sold expansionreflexmrsoptic x1 at the trader "Attachments (Oliver [#STR_EXPANSION_MARKET_TRADER_ATTACHMENTS])" in market zone "OUTLIVE Trader" (pos=<4291.589844, 25.247801, 4162.500000>) and got 90.
10:49:29 [Market] Player "Kocur69" (id=iTnQj5Zddd6ul6ie1MZ58a6IghppA2N8HvFffg9SNWw=) has send a requested to sell ak74_hndgrd x1 at the trader "Attachments (Oliver [#STR_EXPANSION_MARKET_TRADER_ATTACHMENTS])" in market zone "OUTLIVE Trader" (pos=<4291.589844, 25.247801, 4162.500000>).
10:49:29 [Market] Player "Kocur69" (id=iTnQj5Zddd6ul6ie1MZ58a6IghppA2N8HvFffg9SNWw=) has sold ak74_hndgrd x1 at the trader "Attachments (Oliver [#STR_EXPANSION_MARKET_TRADER_ATTACHMENTS])" in market zone "OUTLIVE Trader" (pos=<4291.589844, 25.247801, 4162.500000>) and got 60.
10:49:59 [Market] Player "Kocur69" (id=iTnQj5Zddd6ul6ie1MZ58a6IghppA2N8HvFffg9SNWw=) has send a requested to sell mvs_holster_multicam x1 at the trader "Clothing (Linda [#STR_EXPANSION_MARKET_TRADER_CLOTHING])" in market zone "OUTLIVE Trader" (pos=<4291.589844, 25.247801, 4162.500000>).
10:49:59 [Market] Player "Kocur69" (id=iTnQj5Zddd6ul6ie1MZ58a6IghppA2N8HvFffg9SNWw=) has sold mvs_holster_multicam x1 at the trader "Clothing (Linda [#STR_EXPANSION_MARKET_TRADER_CLOTHING])" in market zone "OUTLIVE Trader" (pos=<4291.589844, 25.247801, 4162.500000>) and got 225.
10:50:06 [Market] Player "Kocur69" (id=iTnQj5Zddd6ul6ie1MZ58a6IghppA2N8HvFffg9SNWw=) has send a requested to sell mvs_chestrig_multicam x1 at the trader "Clothing (Linda [#STR_EXPANSION_MARKET_TRADER_CLOTHING])" in market zone "OUTLIVE Trader" (pos=<4291.589844, 25.247801, 4162.500000>).
10:50:06 [Market] Player "Kocur69" (id=iTnQj5Zddd6ul6ie1MZ58a6IghppA2N8HvFffg9SNWw=) has sold mvs_chestrig_multicam x1 at the trader "Clothing (Linda [#STR_EXPANSION_MARKET_TRADER_CLOTHING])" in market zone "OUTLIVE Trader" (pos=<4291.589844, 25.247801, 4162.500000>) and got 500.
10:50:18 [Market] Player "Kocur69" (id=iTnQj5Zddd6ul6ie1MZ58a6IghppA2N8HvFffg9SNWw=) has send a requested to sell tacticalgoggles x1 at the trader "Clothing (Linda [#STR_EXPANSION_MARKET_TRADER_CLOTHING])" in market zone "OUTLIVE Trader" (pos=<4291.589844, 25.247801, 4162.500000>).
10:50:18 [Market] Player "Kocur69" (id=iTnQj5Zddd6ul6ie1MZ58a6IghppA2N8HvFffg9SNWw=) has sold tacticalgoggles x1 at the trader "Clothing (Linda [#STR_EXPANSION_MARKET_TRADER_CLOTHING])" in market zone "OUTLIVE Trader" (pos=<4291.589844, 25.247801, 4162.500000>) and got 120.
10:51:25 [ATM Locker] Player "Kocur69" (id=iTnQj5Zddd6ul6ie1MZ58a6IghppA2N8HvFffg9SNWw=) has deposited 7091 on his ATM account.
10:51:52 [Market] Player "Kocur69" (id=iTnQj5Zddd6ul6ie1MZ58a6IghppA2N8HvFffg9SNWw=) has send a requested to sell twp_asval_mag_30rnd x1 at the trader "Attachments (Oliver [#STR_EXPANSION_MARKET_TRADER_ATTACHMENTS])" in market zone "OUTLIVE Trader" (pos=<4291.589844, 25.247801, 4162.500000>).
10:51:52 [Market] Player "Kocur69" (id=iTnQj5Zddd6ul6ie1MZ58a6IghppA2N8HvFffg9SNWw=) has sold twp_asval_mag_30rnd x1 at the trader "Attachments (Oliver [#STR_EXPANSION_MARKET_TRADER_ATTACHMENTS])" in market zone "OUTLIVE Trader" (pos=<4291.589844, 25.247801, 4162.500000>) and got 180.
10:52:46 [ATM Locker] Player "Kocur69" (id=iTnQj5Zddd6ul6ie1MZ58a6IghppA2N8HvFffg9SNWw=) has deposited 180 on his ATM account.
10:55:45 [Safezone] Player "Kocur69" (id=iTnQj5Zddd6ul6ie1MZ58a6IghppA2N8HvFffg9SNWw= pos=<4430.138184, 1.415248, 4193.572754>) Left the safezone
11:01:48 [MissionAirdrop] An airdrop is heading towards "Atomkraftwerk" (pos=<3099.000000, 0.000000, 8394.000000> type=Random_Atomkraftwerk) with a ExpansionAirdropContainer_Military
11:01:48 [MissionAirdrop] An airdrop is heading towards "Stein" (pos=<4619.000000, 0.000000, 7618.000000> type=Random_Stein) with a ExpansionAirdropContainer
11:03:48 [VehicleCarKey] Player "Kocur69" (id=iTnQj5Zddd6ul6ie1MZ58a6IghppA2N8HvFffg9SNWw= pos=<9746.864258, 0.365708, 5488.120605>) used the  ExpansionCarKey to lock a ExpansionUtilityBoat
11:04:26 [Safezone] Player "Kocur69" (id=iTnQj5Zddd6ul6ie1MZ58a6IghppA2N8HvFffg9SNWw= pos=<9914.660156, 8.530280, 5398.495605>) Entered the safezone
11:06:27 [Market] Player "Kocur69" (id=iTnQj5Zddd6ul6ie1MZ58a6IghppA2N8HvFffg9SNWw=) has send a requested to sell twp_stielhandgranate x1 at the trader "Blacktrader (Elias [Smuggler Trader])" in market zone "OUTLIVE Smuggler Trader" (pos=<9945.549805, 36.532902, 5359.779785>).
11:06:27 [Market] Player "Kocur69" (id=iTnQj5Zddd6ul6ie1MZ58a6IghppA2N8HvFffg9SNWw=) has sold twp_stielhandgranate x1 at the trader "Blacktrader (Elias [Smuggler Trader])" in market zone "OUTLIVE Smuggler Trader" (pos=<9945.549805, 36.532902, 5359.779785>) and got 1000.
11:06:28 [Market] Player "Kocur69" (id=iTnQj5Zddd6ul6ie1MZ58a6IghppA2N8HvFffg9SNWw=) has send a requested to sell twp_whoopeecushion_mine x1 at the trader "Blacktrader (Elias [Smuggler Trader])" in market zone "OUTLIVE Smuggler Trader" (pos=<9945.549805, 36.532902, 5359.779785>).
11:06:28 [Market] Player "Kocur69" (id=iTnQj5Zddd6ul6ie1MZ58a6IghppA2N8HvFffg9SNWw=) has sold twp_whoopeecushion_mine x1 at the trader "Blacktrader (Elias [Smuggler Trader])" in market zone "OUTLIVE Smuggler Trader" (pos=<9945.549805, 36.532902, 5359.779785>) and got 1000.
11:06:29 [Market] Player "Kocur69" (id=iTnQj5Zddd6ul6ie1MZ58a6IghppA2N8HvFffg9SNWw=) has send a requested to sell twp_whoopeecushion_mine x1 at the trader "Blacktrader (Elias [Smuggler Trader])" in market zone "OUTLIVE Smuggler Trader" (pos=<9945.549805, 36.532902, 5359.779785>).
11:06:29 [Market] Player "Kocur69" (id=iTnQj5Zddd6ul6ie1MZ58a6IghppA2N8HvFffg9SNWw=) has sold twp_whoopeecushion_mine x1 at the trader "Blacktrader (Elias [Smuggler Trader])" in market zone "OUTLIVE Smuggler Trader" (pos=<9945.549805, 36.532902, 5359.779785>) and got 1000.
11:06:31 [Market] Player "Kocur69" (id=iTnQj5Zddd6ul6ie1MZ58a6IghppA2N8HvFffg9SNWw=) has send a requested to sell twp_zarya3_stungrenade x1 at the trader "Blacktrader (Elias [Smuggler Trader])" in market zone "OUTLIVE Smuggler Trader" (pos=<9945.549805, 36.532902, 5359.779785>).
11:06:31 [Market] Player "Kocur69" (id=iTnQj5Zddd6ul6ie1MZ58a6IghppA2N8HvFffg9SNWw=) has sold twp_zarya3_stungrenade x1 at the trader "Blacktrader (Elias [Smuggler Trader])" in market zone "OUTLIVE Smuggler Trader" (pos=<9945.549805, 36.532902, 5359.779785>) and got 1000.
11:06:33 [Market] Player "Kocur69" (id=iTnQj5Zddd6ul6ie1MZ58a6IghppA2N8HvFffg9SNWw=) has send a requested to sell chiemsee_scorpion_tail x1 at the trader "Blacktrader (Elias [Smuggler Trader])" in market zone "OUTLIVE Smuggler Trader" (pos=<9945.549805, 36.532902, 5359.779785>).
11:06:33 [Market] Player "Kocur69" (id=iTnQj5Zddd6ul6ie1MZ58a6IghppA2N8HvFffg9SNWw=) has sold chiemsee_scorpion_tail x1 at the trader "Blacktrader (Elias [Smuggler Trader])" in market zone "OUTLIVE Smuggler Trader" (pos=<9945.549805, 36.532902, 5359.779785>) and got 3750.
11:06:37 [Market] Player "Kocur69" (id=iTnQj5Zddd6ul6ie1MZ58a6IghppA2N8HvFffg9SNWw=) has send a requested to sell expansionlaw x1 at the trader "Blacktrader (Elias [Smuggler Trader])" in market zone "OUTLIVE Smuggler Trader" (pos=<9945.549805, 36.532902, 5359.779785>).
11:06:37 [Market] Player "Kocur69" (id=iTnQj5Zddd6ul6ie1MZ58a6IghppA2N8HvFffg9SNWw=) has sold expansionlaw x1 at the trader "Blacktrader (Elias [Smuggler Trader])" in market zone "OUTLIVE Smuggler Trader" (pos=<9945.549805, 36.532902, 5359.779785>) and got 5000.
11:06:41 [Market] Player "Kocur69" (id=iTnQj5Zddd6ul6ie1MZ58a6IghppA2N8HvFffg9SNWw=) has send a requested to sell m18smokegrenade_white x1 at the trader "Blacktrader (Elias [Smuggler Trader])" in market zone "OUTLIVE Smuggler Trader" (pos=<9945.549805, 36.532902, 5359.779785>).
11:06:41 [Market] Player "Kocur69" (id=iTnQj5Zddd6ul6ie1MZ58a6IghppA2N8HvFffg9SNWw=) has sold m18smokegrenade_white x1 at the trader "Blacktrader (Elias [Smuggler Trader])" in market zone "OUTLIVE Smuggler Trader" (pos=<9945.549805, 36.532902, 5359.779785>) and got 500.
11:06:42 [Market] Player "Kocur69" (id=iTnQj5Zddd6ul6ie1MZ58a6IghppA2N8HvFffg9SNWw=) has send a requested to sell rdg2smokegrenade_white x1 at the trader "Blacktrader (Elias [Smuggler Trader])" in market zone "OUTLIVE Smuggler Trader" (pos=<9945.549805, 36.532902, 5359.779785>).
11:06:42 [Market] Player "Kocur69" (id=iTnQj5Zddd6ul6ie1MZ58a6IghppA2N8HvFffg9SNWw=) has sold rdg2smokegrenade_white x1 at the trader "Blacktrader (Elias [Smuggler Trader])" in market zone "OUTLIVE Smuggler Trader" (pos=<9945.549805, 36.532902, 5359.779785>) and got 200.
11:06:42 [Market] Player "Kocur69" (id=iTnQj5Zddd6ul6ie1MZ58a6IghppA2N8HvFffg9SNWw=) has send a requested to sell ammo_expansion_m203_sticky_smoke_green x1 at the trader "Blacktrader (Elias [Smuggler Trader])" in market zone "OUTLIVE Smuggler Trader" (pos=<9945.549805, 36.532902, 5359.779785>).
11:06:42 [Market] Player "Kocur69" (id=iTnQj5Zddd6ul6ie1MZ58a6IghppA2N8HvFffg9SNWw=) has sold ammo_expansion_m203_sticky_smoke_green x1 at the trader "Blacktrader (Elias [Smuggler Trader])" in market zone "OUTLIVE Smuggler Trader" (pos=<9945.549805, 36.532902, 5359.779785>) and got 450.
11:06:43 [Market] Player "Kocur69" (id=iTnQj5Zddd6ul6ie1MZ58a6IghppA2N8HvFffg9SNWw=) has send a requested to sell ammo_expansion_m203_sticky_smoke_green x1 at the trader "Blacktrader (Elias [Smuggler Trader])" in market zone "OUTLIVE Smuggler Trader" (pos=<9945.549805, 36.532902, 5359.779785>).
11:06:43 [Market] Player "Kocur69" (id=iTnQj5Zddd6ul6ie1MZ58a6IghppA2N8HvFffg9SNWw=) has sold ammo_expansion_m203_sticky_smoke_green x1 at the trader "Blacktrader (Elias [Smuggler Trader])" in market zone "OUTLIVE Smuggler Trader" (pos=<9945.549805, 36.532902, 5359.779785>) and got 450.
11:06:43 [Market] Player "Kocur69" (id=iTnQj5Zddd6ul6ie1MZ58a6IghppA2N8HvFffg9SNWw=) has send a requested to sell ammo_expansion_m203_sticky_smoke_green x1 at the trader "Blacktrader (Elias [Smuggler Trader])" in market zone "OUTLIVE Smuggler Trader" (pos=<9945.549805, 36.532902, 5359.779785>).
11:06:43 [Market] Player "Kocur69" (id=iTnQj5Zddd6ul6ie1MZ58a6IghppA2N8HvFffg9SNWw=) has sold ammo_expansion_m203_sticky_smoke_green x1 at the trader "Blacktrader (Elias [Smuggler Trader])" in market zone "OUTLIVE Smuggler Trader" (pos=<9945.549805, 36.532902, 5359.779785>) and got 450.
11:06:44 [Market] Player "Kocur69" (id=iTnQj5Zddd6ul6ie1MZ58a6IghppA2N8HvFffg9SNWw=) has send a requested to sell ammo_expansion_m203_smoke_green x1 at the trader "Blacktrader (Elias [Smuggler Trader])" in market zone "OUTLIVE Smuggler Trader" (pos=<9945.549805, 36.532902, 5359.779785>).
11:06:44 [Market] Player "Kocur69" (id=iTnQj5Zddd6ul6ie1MZ58a6IghppA2N8HvFffg9SNWw=) has sold ammo_expansion_m203_smoke_green x1 at the trader "Blacktrader (Elias [Smuggler Trader])" in market zone "OUTLIVE Smuggler Trader" (pos=<9945.549805, 36.532902, 5359.779785>) and got 450.
11:06:44 [Market] Player "Kocur69" (id=iTnQj5Zddd6ul6ie1MZ58a6IghppA2N8HvFffg9SNWw=) has send a requested to sell ammo_expansion_m203_smoke_green x1 at the trader "Blacktrader (Elias [Smuggler Trader])" in market zone "OUTLIVE Smuggler Trader" (pos=<9945.549805, 36.532902, 5359.779785>).
11:06:44 [Market] Player "Kocur69" (id=iTnQj5Zddd6ul6ie1MZ58a6IghppA2N8HvFffg9SNWw=) has sold ammo_expansion_m203_smoke_green x1 at the trader "Blacktrader (Elias [Smuggler Trader])" in market zone "OUTLIVE Smuggler Trader" (pos=<9945.549805, 36.532902, 5359.779785>) and got 450.
11:06:45 [Market] Player "Kocur69" (id=iTnQj5Zddd6ul6ie1MZ58a6IghppA2N8HvFffg9SNWw=) has send a requested to sell ammo_expansion_m203_sticky_smoke_purple x1 at the trader "Blacktrader (Elias [Smuggler Trader])" in market zone "OUTLIVE Smuggler Trader" (pos=<9945.549805, 36.532902, 5359.779785>).
11:06:45 [Market] Player "Kocur69" (id=iTnQj5Zddd6ul6ie1MZ58a6IghppA2N8HvFffg9SNWw=) has sold ammo_expansion_m203_sticky_smoke_purple x1 at the trader "Blacktrader (Elias [Smuggler Trader])" in market zone "OUTLIVE Smuggler Trader" (pos=<9945.549805, 36.532902, 5359.779785>) and got 450.
11:06:45 [Market] Player "Kocur69" (id=iTnQj5Zddd6ul6ie1MZ58a6IghppA2N8HvFffg9SNWw=) has send a requested to sell ammo_expansion_m203_sticky_smoke_purple x1 at the trader "Blacktrader (Elias [Smuggler Trader])" in market zone "OUTLIVE Smuggler Trader" (pos=<9945.549805, 36.532902, 5359.779785>).
11:06:45 [Market] Player "Kocur69" (id=iTnQj5Zddd6ul6ie1MZ58a6IghppA2N8HvFffg9SNWw=) has sold ammo_expansion_m203_sticky_smoke_purple x1 at the trader "Blacktrader (Elias [Smuggler Trader])" in market zone "OUTLIVE Smuggler Trader" (pos=<9945.549805, 36.532902, 5359.779785>) and got 450.
11:06:46 [Market] Player "Kocur69" (id=iTnQj5Zddd6ul6ie1MZ58a6IghppA2N8HvFffg9SNWw=) has send a requested to sell ammo_expansion_m203_sticky_smoke_purple x1 at the trader "Blacktrader (Elias [Smuggler Trader])" in market zone "OUTLIVE Smuggler Trader" (pos=<9945.549805, 36.532902, 5359.779785>).
11:06:46 [Market] Player "Kocur69" (id=iTnQj5Zddd6ul6ie1MZ58a6IghppA2N8HvFffg9SNWw=) has sold ammo_expansion_m203_sticky_smoke_purple x1 at the trader "Blacktrader (Elias [Smuggler Trader])" in market zone "OUTLIVE Smuggler Trader" (pos=<9945.549805, 36.532902, 5359.779785>) and got 450.
11:06:46 [Market] Player "Kocur69" (id=iTnQj5Zddd6ul6ie1MZ58a6IghppA2N8HvFffg9SNWw=) has send a requested to sell ammo_expansion_m203_sticky_smoke_white x1 at the trader "Blacktrader (Elias [Smuggler Trader])" in market zone "OUTLIVE Smuggler Trader" (pos=<9945.549805, 36.532902, 5359.779785>).
11:06:46 [Market] Player "Kocur69" (id=iTnQj5Zddd6ul6ie1MZ58a6IghppA2N8HvFffg9SNWw=) has sold ammo_expansion_m203_sticky_smoke_white x1 at the trader "Blacktrader (Elias [Smuggler Trader])" in market zone "OUTLIVE Smuggler Trader" (pos=<9945.549805, 36.532902, 5359.779785>) and got 450.
11:06:46 [Market] Player "Kocur69" (id=iTnQj5Zddd6ul6ie1MZ58a6IghppA2N8HvFffg9SNWw=) has send a requested to sell ammo_expansion_m203_sticky_smoke_white x1 at the trader "Blacktrader (Elias [Smuggler Trader])" in market zone "OUTLIVE Smuggler Trader" (pos=<9945.549805, 36.532902, 5359.779785>).
11:06:46 [Market] Player "Kocur69" (id=iTnQj5Zddd6ul6ie1MZ58a6IghppA2N8HvFffg9SNWw=) has sold ammo_expansion_m203_sticky_smoke_white x1 at the trader "Blacktrader (Elias [Smuggler Trader])" in market zone "OUTLIVE Smuggler Trader" (pos=<9945.549805, 36.532902, 5359.779785>) and got 450.
11:06:47 [Market] Player "Kocur69" (id=iTnQj5Zddd6ul6ie1MZ58a6IghppA2N8HvFffg9SNWw=) has send a requested to sell ammo_expansion_m203_sticky_smoke_white x1 at the trader "Blacktrader (Elias [Smuggler Trader])" in market zone "OUTLIVE Smuggler Trader" (pos=<9945.549805, 36.532902, 5359.779785>).
11:06:47 [Market] Player "Kocur69" (id=iTnQj5Zddd6ul6ie1MZ58a6IghppA2N8HvFffg9SNWw=) has sold ammo_expansion_m203_sticky_smoke_white x1 at the trader "Blacktrader (Elias [Smuggler Trader])" in market zone "OUTLIVE Smuggler Trader" (pos=<9945.549805, 36.532902, 5359.779785>) and got 450.
11:06:47 [Market] Player "Kocur69" (id=iTnQj5Zddd6ul6ie1MZ58a6IghppA2N8HvFffg9SNWw=) has send a requested to sell ammo_expansion_m203_smoke_white x1 at the trader "Blacktrader (Elias [Smuggler Trader])" in market zone "OUTLIVE Smuggler Trader" (pos=<9945.549805, 36.532902, 5359.779785>).
11:06:47 [Market] Player "Kocur69" (id=iTnQj5Zddd6ul6ie1MZ58a6IghppA2N8HvFffg9SNWw=) has sold ammo_expansion_m203_smoke_white x1 at the trader "Blacktrader (Elias [Smuggler Trader])" in market zone "OUTLIVE Smuggler Trader" (pos=<9945.549805, 36.532902, 5359.779785>) and got 450.
11:06:47 [Market] Player "Kocur69" (id=iTnQj5Zddd6ul6ie1MZ58a6IghppA2N8HvFffg9SNWw=) has send a requested to sell ammo_expansion_m203_smoke_white x1 at the trader "Blacktrader (Elias [Smuggler Trader])" in market zone "OUTLIVE Smuggler Trader" (pos=<9945.549805, 36.532902, 5359.779785>).
11:06:47 [Market] Player "Kocur69" (id=iTnQj5Zddd6ul6ie1MZ58a6IghppA2N8HvFffg9SNWw=) has sold ammo_expansion_m203_smoke_white x1 at the trader "Blacktrader (Elias [Smuggler Trader])" in market zone "OUTLIVE Smuggler Trader" (pos=<9945.549805, 36.532902, 5359.779785>) and got 450.
11:06:48 [Market] Player "Kocur69" (id=iTnQj5Zddd6ul6ie1MZ58a6IghppA2N8HvFffg9SNWw=) has send a requested to sell ammo_expansion_m203_sticky_smoke_yellow x1 at the trader "Blacktrader (Elias [Smuggler Trader])" in market zone "OUTLIVE Smuggler Trader" (pos=<9945.549805, 36.532902, 5359.779785>).
11:06:48 [Market] Player "Kocur69" (id=iTnQj5Zddd6ul6ie1MZ58a6IghppA2N8HvFffg9SNWw=) has sold ammo_expansion_m203_sticky_smoke_yellow x1 at the trader "Blacktrader (Elias [Smuggler Trader])" in market zone "OUTLIVE Smuggler Trader" (pos=<9945.549805, 36.532902, 5359.779785>) and got 450.
11:06:48 [Market] Player "Kocur69" (id=iTnQj5Zddd6ul6ie1MZ58a6IghppA2N8HvFffg9SNWw=) has send a requested to sell ammo_expansion_m203_sticky_smoke_yellow x1 at the trader "Blacktrader (Elias [Smuggler Trader])" in market zone "OUTLIVE Smuggler Trader" (pos=<9945.549805, 36.532902, 5359.779785>).
11:06:48 [Market] Player "Kocur69" (id=iTnQj5Zddd6ul6ie1MZ58a6IghppA2N8HvFffg9SNWw=) has sold ammo_expansion_m203_sticky_smoke_yellow x1 at the trader "Blacktrader (Elias [Smuggler Trader])" in market zone "OUTLIVE Smuggler Trader" (pos=<9945.549805, 36.532902, 5359.779785>) and got 450.
11:06:48 [Market] Player "Kocur69" (id=iTnQj5Zddd6ul6ie1MZ58a6IghppA2N8HvFffg9SNWw=) has send a requested to sell ammo_expansion_m203_smoke_teargas x1 at the trader "Blacktrader (Elias [Smuggler Trader])" in market zone "OUTLIVE Smuggler Trader" (pos=<9945.549805, 36.532902, 5359.779785>).
11:06:48 [Market] Player "Kocur69" (id=iTnQj5Zddd6ul6ie1MZ58a6IghppA2N8HvFffg9SNWw=) has sold ammo_expansion_m203_smoke_teargas x1 at the trader "Blacktrader (Elias [Smuggler Trader])" in market zone "OUTLIVE Smuggler Trader" (pos=<9945.549805, 36.532902, 5359.779785>) and got 750.
11:06:49 [Market] Player "Kocur69" (id=iTnQj5Zddd6ul6ie1MZ58a6IghppA2N8HvFffg9SNWw=) has send a requested to sell ammo_expansion_m203_smoke_teargas x1 at the trader "Blacktrader (Elias [Smuggler Trader])" in market zone "OUTLIVE Smuggler Trader" (pos=<9945.549805, 36.532902, 5359.779785>).
11:06:49 [Market] Player "Kocur69" (id=iTnQj5Zddd6ul6ie1MZ58a6IghppA2N8HvFffg9SNWw=) has sold ammo_expansion_m203_smoke_teargas x1 at the trader "Blacktrader (Elias [Smuggler Trader])" in market zone "OUTLIVE Smuggler Trader" (pos=<9945.549805, 36.532902, 5359.779785>) and got 750.
11:06:49 [Market] Player "Kocur69" (id=iTnQj5Zddd6ul6ie1MZ58a6IghppA2N8HvFffg9SNWw=) has send a requested to sell ammo_expansion_m203_smoke_teargas x1 at the trader "Blacktrader (Elias [Smuggler Trader])" in market zone "OUTLIVE Smuggler Trader" (pos=<9945.549805, 36.532902, 5359.779785>).
11:06:49 [Market] Player "Kocur69" (id=iTnQj5Zddd6ul6ie1MZ58a6IghppA2N8HvFffg9SNWw=) has sold ammo_expansion_m203_smoke_teargas x1 at the trader "Blacktrader (Elias [Smuggler Trader])" in market zone "OUTLIVE Smuggler Trader" (pos=<9945.549805, 36.532902, 5359.779785>) and got 750.
11:06:50 [Market] Player "Kocur69" (id=iTnQj5Zddd6ul6ie1MZ58a6IghppA2N8HvFffg9SNWw=) has send a requested to sell ammo_expansion_m203_sticky_smoke_teargas x1 at the trader "Blacktrader (Elias [Smuggler Trader])" in market zone "OUTLIVE Smuggler Trader" (pos=<9945.549805, 36.532902, 5359.779785>).
11:06:50 [Market] Player "Kocur69" (id=iTnQj5Zddd6ul6ie1MZ58a6IghppA2N8HvFffg9SNWw=) has sold ammo_expansion_m203_sticky_smoke_teargas x1 at the trader "Blacktrader (Elias [Smuggler Trader])" in market zone "OUTLIVE Smuggler Trader" (pos=<9945.549805, 36.532902, 5359.779785>) and got 750.
11:06:50 [Market] Player "Kocur69" (id=iTnQj5Zddd6ul6ie1MZ58a6IghppA2N8HvFffg9SNWw=) has send a requested to sell ammo_expansion_m203_sticky_smoke_teargas x1 at the trader "Blacktrader (Elias [Smuggler Trader])" in market zone "OUTLIVE Smuggler Trader" (pos=<9945.549805, 36.532902, 5359.779785>).
11:06:50 [Market] Player "Kocur69" (id=iTnQj5Zddd6ul6ie1MZ58a6IghppA2N8HvFffg9SNWw=) has sold ammo_expansion_m203_sticky_smoke_teargas x1 at the trader "Blacktrader (Elias [Smuggler Trader])" in market zone "OUTLIVE Smuggler Trader" (pos=<9945.549805, 36.532902, 5359.779785>) and got 750.
11:06:50 [Market] Player "Kocur69" (id=iTnQj5Zddd6ul6ie1MZ58a6IghppA2N8HvFffg9SNWw=) has send a requested to sell ammo_expansion_m203_sticky_smoke_teargas x1 at the trader "Blacktrader (Elias [Smuggler Trader])" in market zone "OUTLIVE Smuggler Trader" (pos=<9945.549805, 36.532902, 5359.779785>).
11:06:51 [Market] Player "Kocur69" (id=iTnQj5Zddd6ul6ie1MZ58a6IghppA2N8HvFffg9SNWw=) has sold ammo_expansion_m203_sticky_smoke_teargas x1 at the trader "Blacktrader (Elias [Smuggler Trader])" in market zone "OUTLIVE Smuggler Trader" (pos=<9945.549805, 36.532902, 5359.779785>) and got 750.
11:07:01 [ATM Locker] Player "Kocur69" (id=iTnQj5Zddd6ul6ie1MZ58a6IghppA2N8HvFffg9SNWw=) has deposited 24700 on his ATM account.
11:07:31 [Safezone] Player "Kocur69" (id=iTnQj5Zddd6ul6ie1MZ58a6IghppA2N8HvFffg9SNWw= pos=<9978.986328, 10.044346, 5298.001953>) Left the safezone
11:10:06 [VehicleCarKey] Player "Kocur69" (id=iTnQj5Zddd6ul6ie1MZ58a6IghppA2N8HvFffg9SNWw= pos=<9748.588867, 0.794452, 5487.479004>) used the  ExpansionCarKey to unlock a ExpansionUtilityBoat
11:11:35 [VehicleCarKey] Player "Kocur69" (id=iTnQj5Zddd6ul6ie1MZ58a6IghppA2N8HvFffg9SNWw= pos=<9185.281250, 1.189493, 5971.043945>) used the  ExpansionCarKey to lock a ExpansionUtilityBoat
11:33:36 [VehicleCarKey] Player "Kocur69" (id=iTnQj5Zddd6ul6ie1MZ58a6IghppA2N8HvFffg9SNWw= pos=<9181.916016, 1.820541, 5970.036621>) used the  ExpansionCarKey to unlock a ExpansionUtilityBoat
11:35:33 [VehicleCarKey] Player "Kocur69" (id=iTnQj5Zddd6ul6ie1MZ58a6IghppA2N8HvFffg9SNWw= pos=<9775.732422, 1.333179, 4550.370605>) used the  ExpansionCarKey to lock a ExpansionUtilityBoat
11:48:45 [VehicleCarKey] Player "Kocur69" (id=iTnQj5Zddd6ul6ie1MZ58a6IghppA2N8HvFffg9SNWw= pos=<9774.176758, 1.739818, 4551.328125>) used the  ExpansionCarKey to unlock a ExpansionUtilityBoat
11:51:35 [VehicleCarKey] Player "Kocur69" (id=iTnQj5Zddd6ul6ie1MZ58a6IghppA2N8HvFffg9SNWw= pos=<9774.451172, 1.030736, 4550.472656>) used the  ExpansionCarKey to lock a ExpansionUtilityBoat
