00:02:40 [AI Object Patrol] Generating an example config...
00:03:54 [Expansion Quests] - SetupClientData - Loaded existing player quest data for player with UID: S9XeA0hkzh0BuQ40IZp9f43dJV0cx5VEKx2whZkh39A=
00:03:54 [Expansion Quests] - PlayerQuestsInit - Create new quest instance for quest: 23 - Creator UID: S9XeA0hkzh0BuQ40IZp9f43dJV0cx5VEKx2whZkh39A=
00:03:54 [Expansion Quests] - PlayerQuestsInit - Create new quest instance for quest: 61 - Creator UID: S9XeA0hkzh0BuQ40IZp9f43dJV0cx5VEKx2whZkh39A=
00:03:54 [Expansion Quests] - PlayerQuestsInit - Create new quest instance for quest: 9 - Creator UID: S9XeA0hkzh0BuQ40IZp9f43dJV0cx5VEKx2whZkh39A=
00:03:54 [Expansion Quests] - PlayerQuestsInit - Create new quest instance for quest: 8 - Creator UID: S9XeA0hkzh0BuQ40IZp9f43dJV0cx5VEKx2whZkh39A=
00:03:54 [Expansion Quests] - PlayerQuestsInit - Create new quest instance for quest: 71 - Creator UID: S9XeA0hkzh0BuQ40IZp9f43dJV0cx5VEKx2whZkh39A=
00:03:54 [Expansion Quests] - PlayerQuestsInit - Create new quest instance for quest: 78 - Creator UID: S9XeA0hkzh0BuQ40IZp9f43dJV0cx5VEKx2whZkh39A=
00:04:43 [Expansion Quests] - SetupClientData - Loaded existing player quest data for player with UID: J56CBd6WRzt5c58nX9b986Cp2niBSm4n26sMa8FuFaU=
00:04:43 [Expansion Quests] - PlayerQuestsInit - Create new quest instance for quest: 23 - Creator UID: J56CBd6WRzt5c58nX9b986Cp2niBSm4n26sMa8FuFaU=
00:04:43 [Expansion Quests] - PlayerQuestsInit - Create new quest instance for quest: 71 - Creator UID: J56CBd6WRzt5c58nX9b986Cp2niBSm4n26sMa8FuFaU=
00:04:43 [Expansion Quests] - PlayerQuestsInit - Create new quest instance for quest: 72 - Creator UID: J56CBd6WRzt5c58nX9b986Cp2niBSm4n26sMa8FuFaU=
00:04:43 [Expansion Quests] - PlayerQuestsInit - Create new quest instance for quest: 77 - Creator UID: J56CBd6WRzt5c58nX9b986Cp2niBSm4n26sMa8FuFaU=
00:04:43 [Expansion Quests] - PlayerQuestsInit - Create new quest instance for quest: 9 - Creator UID: J56CBd6WRzt5c58nX9b986Cp2niBSm4n26sMa8FuFaU=
00:09:01 [MissionAirdrop] An airdrop is heading towards "Krater" (pos=<7262.000000, 0.000000, 9618.000000> type=Random_Krater) with a ExpansionAirdropContainer
00:09:01 [MissionAirdrop] An airdrop is heading towards "Krautinsel" (pos=<8192.009766, 0.000000, 4341.879883> type=Random_KrautInsel) with a ExpansionAirdropContainer_Basebuilding
00:31:06 [Expansion Quests] - SetupClientData - Got cached player quest data for player with UID: S9XeA0hkzh0BuQ40IZp9f43dJV0cx5VEKx2whZkh39A=
00:31:06 [Expansion Quests] - PlayerQuestsInit - Create new quest instance for quest: 23 - Creator UID: S9XeA0hkzh0BuQ40IZp9f43dJV0cx5VEKx2whZkh39A=
00:31:06 [Expansion Quests] - PlayerQuestsInit - Create new quest instance for quest: 9 - Creator UID: S9XeA0hkzh0BuQ40IZp9f43dJV0cx5VEKx2whZkh39A=
00:31:06 [Expansion Quests] - PlayerQuestsInit - Create new quest instance for quest: 71 - Creator UID: S9XeA0hkzh0BuQ40IZp9f43dJV0cx5VEKx2whZkh39A=
00:35:41 [Expansion Quests] - CompleteQuest - Player with UID S9XeA0hkzh0BuQ40IZp9f43dJV0cx5VEKx2whZkh39A= has completed quest 78
00:35:41 [Expansion Quests] - ExpansionQuest - Quest owner ID: S9XeA0hkzh0BuQ40IZp9f43dJV0cx5VEKx2whZkh39A=
00:35:41 [Expansion Quests] - ExpansionQuest - Quest ID: 78
00:35:41 [Expansion Quests] - ExpansionQuest - Quest state: 3
00:35:41 [Expansion Quests] - ExpansionQuest - Quest completed: true
00:36:30 [Expansion Quests] - CreateQuestInstance - Created new quest instance for player with UID S9XeA0hkzh0BuQ40IZp9f43dJV0cx5VEKx2whZkh39A= for quest 75
00:36:30 [Expansion Quests] - ExpansionQuest - Quest owner ID: S9XeA0hkzh0BuQ40IZp9f43dJV0cx5VEKx2whZkh39A=
00:36:30 [Expansion Quests] - ExpansionQuest - Quest ID: 75
00:36:30 [Expansion Quests] - ExpansionQuest - Quest state: 1
00:36:30 [Expansion Quests] - ExpansionQuest - Quest completed: false
00:48:18 [Expansion Quests] - SetupClientData - Created new persistent player quest data for player UID: Kp552-DUmpXjFmzRHkPAo19gGBC4gSvKLPksgSQ_nac=
00:49:58 [Expansion Quests] - SetupClientData - Created new persistent player quest data for player UID: CoFE74V8SNNeCRyPCukE2UTBlM4Qe7Hv2NTd8IIPuYI=
00:51:57 [Party] Player "TBW//Miguel" (id=CoFE74V8SNNeCRyPCukE2UTBlM4Qe7Hv2NTd8IIPuYI=) created a party named TBW
00:52:15 [Party] Player "TBW//Miguel" (id=CoFE74V8SNNeCRyPCukE2UTBlM4Qe7Hv2NTd8IIPuYI=) invited the player "Agapito" (id=Kp552-DUmpXjFmzRHkPAo19gGBC4gSvKLPksgSQ_nac=)to the party named TBW
00:59:40 [Killfeed] Agapito bled out.
01:01:35 [Expansion Quests] - SetupClientData - Got cached player quest data for player with UID: Kp552-DUmpXjFmzRHkPAo19gGBC4gSvKLPksgSQ_nac=
01:03:35 [Chat - Global]("Agapito"(id=Kp552-DUmpXjFmzRHkPAo19gGBC4gSvKLPksgSQ_nac=)): hi im new how i het quest
01:29:00 [MissionAirdrop] An airdrop is heading towards "Airport" (pos=<8307.879883, 0.000000, 924.599976> type=Random_Airport) with a ExpansionAirdropContainer_Medical
01:29:00 [MissionAirdrop] An airdrop is heading towards "Prien" (pos=<4452.000000, 0.000000, 2196.000000> type=Random_Prien) with a ExpansionAirdropContainer
01:39:26 [Expansion Quests] - CompleteQuest - Player with UID Kp552-DUmpXjFmzRHkPAo19gGBC4gSvKLPksgSQ_nac= has completed quest 19
01:39:26 [Expansion Quests] - ExpansionQuest - Quest owner ID: Kp552-DUmpXjFmzRHkPAo19gGBC4gSvKLPksgSQ_nac=
01:39:26 [Expansion Quests] - ExpansionQuest - Quest ID: 19
01:39:26 [Expansion Quests] - ExpansionQuest - Quest state: 3
01:39:26 [Expansion Quests] - ExpansionQuest - Quest completed: true
01:39:28 [Expansion Quests] - CompleteQuest - Player with UID CoFE74V8SNNeCRyPCukE2UTBlM4Qe7Hv2NTd8IIPuYI= has completed quest 19
01:39:28 [Expansion Quests] - ExpansionQuest - Quest owner ID: CoFE74V8SNNeCRyPCukE2UTBlM4Qe7Hv2NTd8IIPuYI=
01:39:28 [Expansion Quests] - ExpansionQuest - Quest ID: 19
01:39:28 [Expansion Quests] - ExpansionQuest - Quest state: 3
01:39:28 [Expansion Quests] - ExpansionQuest - Quest completed: true
02:22:13 [Expansion Quests] - SetupClientData - Got cached player quest data for player with UID: Kp552-DUmpXjFmzRHkPAo19gGBC4gSvKLPksgSQ_nac=
02:22:13 [Expansion Quests] - PlayerQuestsInit - Create new quest instance for quest: 20 - Creator UID: Kp552-DUmpXjFmzRHkPAo19gGBC4gSvKLPksgSQ_nac=
02:32:26 [Expansion Quests] - SetupClientData - Got cached player quest data for player with UID: CoFE74V8SNNeCRyPCukE2UTBlM4Qe7Hv2NTd8IIPuYI=
02:32:26 [Expansion Quests] - PlayerQuestsInit - Create new quest instance for quest: 20 - Creator UID: CoFE74V8SNNeCRyPCukE2UTBlM4Qe7Hv2NTd8IIPuYI=
02:32:26 [Expansion Quests] - PlayerQuestsInit - Create new quest instance for quest: 23 - Creator UID: CoFE74V8SNNeCRyPCukE2UTBlM4Qe7Hv2NTd8IIPuYI=
02:54:44 [MissionAirdrop] An airdrop is heading towards "Obing" (pos=<6316.000000, 0.000000, 9204.000000> type=Random_Obing) with a ExpansionAirdropContainer_Medical
02:54:44 [MissionAirdrop] An airdrop is heading towards "Mauerkirchen" (pos=<3123.000000, 0.000000, 4342.000000> type=Random_Mauerkirchen) with a ExpansionAirdropContainer_Medical
03:02:59 [Expansion Quests] - SetupClientData - Got cached player quest data for player with UID: CoFE74V8SNNeCRyPCukE2UTBlM4Qe7Hv2NTd8IIPuYI=
03:53:05 [Killfeed] TBW//Miguel died from #STR_EXPANSION_CHEMICAL_POISON.
03:53:39 [Expansion Quests] - SetupClientData - Got cached player quest data for player with UID: CoFE74V8SNNeCRyPCukE2UTBlM4Qe7Hv2NTd8IIPuYI=
