17:18:53 [Expansion Quests] - SetupClientData - Created new persistent player quest data for player UID: iyN6JbNqEvHMp_A5zeXvCmCy1_EaihIFwZocZ4y6-LM=
17:21:30 [VehicleCarKey] Player "P@lko2265" (id=iyN6JbNqEvHMp_A5zeXvCmCy1_EaihIFwZocZ4y6-LM= pos=<8077.018066, 0.898214, 4269.733887>) used the  ExpansionCarKey to unlock a ExpansionUtilityBoat
17:24:02 [MissionAirdrop] An airdrop is heading towards "PVP" (pos=<423.000000, 0.000000, 6703.000000> type=IcyPleasure) with a ExpansionAirdropContainer_Military_WinterCamo
17:24:02 [MissionAirdrop] An airdrop is heading towards "Gollenhausen" (pos=<8957.000000, 0.000000, 8931.000000> type=Random_Gollenhausen) with a ExpansionAirdropContainer
17:24:23 [VehicleCarKey] Player "P@lko2265" (id=iyN6JbNqEvHMp_A5zeXvCmCy1_EaihIFwZocZ4y6-LM= pos=<8043.520508, 1.744079, 4285.421387>) used the  ExpansionCarKey to lock a ExpansionUtilityBoat
18:24:11 [Safezone] Player "Bflame" (id=u7jy1hFXeX-3C-ubChAdh59YiiyuY16LDVnTQIqtPmk= pos=<4187.324219, 15.385456, 4132.033203>) Entered the safezone
18:24:11 [Expansion Quests] - SetupClientData - Loaded existing player quest data for player with UID: u7jy1hFXeX-3C-ubChAdh59YiiyuY16LDVnTQIqtPmk=
18:24:11 [Expansion Quests] - PlayerQuestsInit - Create new quest instance for quest: 23 - Creator UID: u7jy1hFXeX-3C-ubChAdh59YiiyuY16LDVnTQIqtPmk=
18:30:36 [ATM Locker] Player "Bflame" (id=u7jy1hFXeX-3C-ubChAdh59YiiyuY16LDVnTQIqtPmk=) has deposited 15324 on his ATM account.
18:30:48 [VehicleCarKey] Player "Bflame" (id=u7jy1hFXeX-3C-ubChAdh59YiiyuY16LDVnTQIqtPmk= pos=<4251.686035, 11.545054, 4182.051270>) used the  ExpansionCarKey to unlock a ExpansionGyrocopter
18:31:37 [Safezone] Player "Bflame" (id=u7jy1hFXeX-3C-ubChAdh59YiiyuY16LDVnTQIqtPmk= pos=<3889.510498, 74.716713, 4392.810059>) Left the safezone
18:32:27 [Chat - Global]("Bflame"(id=u7jy1hFXeX-3C-ubChAdh59YiiyuY16LDVnTQIqtPmk=)): caftee
18:34:27 [VehicleCarKey] Player "Bflame" (id=u7jy1hFXeX-3C-ubChAdh59YiiyuY16LDVnTQIqtPmk= pos=<425.903381, 555.931946, 6701.579590>) used the  ExpansionCarKey to lock a ExpansionGyrocopter
18:52:02 [MissionAirdrop] An airdrop is heading towards "Prison" (pos=<1399.579956, 0.000000, 9977.769531> type=Random_Prison) with a ExpansionAirdropContainer_Military
19:26:32 [Expansion Quests] - SetupClientData - Got cached player quest data for player with UID: u7jy1hFXeX-3C-ubChAdh59YiiyuY16LDVnTQIqtPmk=
19:26:32 [Expansion Quests] - PlayerQuestsInit - Create new quest instance for quest: 23 - Creator UID: u7jy1hFXeX-3C-ubChAdh59YiiyuY16LDVnTQIqtPmk=
19:28:39 [VehicleCarKey] Player "Bflame" (id=u7jy1hFXeX-3C-ubChAdh59YiiyuY16LDVnTQIqtPmk= pos=<426.638000, 555.395508, 6700.343262>) used the  ExpansionCarKey to unlock a ExpansionGyrocopter
19:31:32 [Safezone] Player "Bflame" (id=u7jy1hFXeX-3C-ubChAdh59YiiyuY16LDVnTQIqtPmk= pos=<4186.289063, 111.381615, 4238.325195>) Entered the safezone
19:32:22 [VehicleCarKey] Player "Bflame" (id=u7jy1hFXeX-3C-ubChAdh59YiiyuY16LDVnTQIqtPmk= pos=<4252.181641, 11.286139, 4177.331055>) used the  ExpansionCarKey to lock a ExpansionGyrocopter
19:33:21 [Market] Player "Bflame" (id=u7jy1hFXeX-3C-ubChAdh59YiiyuY16LDVnTQIqtPmk=) has send a requested to sell msp_snowballfridge_kit x1 at the trader "BuildingSupplies (Boris [#STR_EXPANSION_MARKET_TRADER_BUILDING_SUPPLIES])" in market zone "OUTLIVE Trader" (pos=<4291.589844, 25.247801, 4162.500000>).
19:33:21 [Market] Player "Bflame" (id=u7jy1hFXeX-3C-ubChAdh59YiiyuY16LDVnTQIqtPmk=) has sold msp_snowballfridge_kit x1 at the trader "BuildingSupplies (Boris [#STR_EXPANSION_MARKET_TRADER_BUILDING_SUPPLIES])" in market zone "OUTLIVE Trader" (pos=<4291.589844, 25.247801, 4162.500000>) and got 500.
19:33:23 [Market] Player "Bflame" (id=u7jy1hFXeX-3C-ubChAdh59YiiyuY16LDVnTQIqtPmk=) has send a requested to sell flag_white x1 at the trader "BuildingSupplies (Boris [#STR_EXPANSION_MARKET_TRADER_BUILDING_SUPPLIES])" in market zone "OUTLIVE Trader" (pos=<4291.589844, 25.247801, 4162.500000>).
19:33:24 [Market] Player "Bflame" (id=u7jy1hFXeX-3C-ubChAdh59YiiyuY16LDVnTQIqtPmk=) has sold flag_white x1 at the trader "BuildingSupplies (Boris [#STR_EXPANSION_MARKET_TRADER_BUILDING_SUPPLIES])" in market zone "OUTLIVE Trader" (pos=<4291.589844, 25.247801, 4162.500000>) and got 1000.
19:33:41 [Market] Player "Bflame" (id=u7jy1hFXeX-3C-ubChAdh59YiiyuY16LDVnTQIqtPmk=) has send a requested to sell sks x1 at the trader "Weapons (Denis [#STR_EXPANSION_MARKET_TRADER_WEAPONS])" in market zone "OUTLIVE Trader" (pos=<4291.589844, 25.247801, 4162.500000>).
19:33:41 [Market] Player "Bflame" (id=u7jy1hFXeX-3C-ubChAdh59YiiyuY16LDVnTQIqtPmk=) has sold sks x1 at the trader "Weapons (Denis [#STR_EXPANSION_MARKET_TRADER_WEAPONS])" in market zone "OUTLIVE Trader" (pos=<4291.589844, 25.247801, 4162.500000>) and got 1200.
19:34:11 [Market] Player "Bflame" (id=u7jy1hFXeX-3C-ubChAdh59YiiyuY16LDVnTQIqtPmk=) has send a requested to sell twp_parasa58 x1 at the trader "Weapons (Denis [#STR_EXPANSION_MARKET_TRADER_WEAPONS])" in market zone "OUTLIVE Trader" (pos=<4291.589844, 25.247801, 4162.500000>).
19:34:12 [Market] Player "Bflame" (id=u7jy1hFXeX-3C-ubChAdh59YiiyuY16LDVnTQIqtPmk=) has sold twp_parasa58 x1 at the trader "Weapons (Denis [#STR_EXPANSION_MARKET_TRADER_WEAPONS])" in market zone "OUTLIVE Trader" (pos=<4291.589844, 25.247801, 4162.500000>) and got 3200.
19:34:18 [Market] Player "Bflame" (id=u7jy1hFXeX-3C-ubChAdh59YiiyuY16LDVnTQIqtPmk=) has send a requested to sell ammobox_762x54_20rnd x1 at the trader "Attachments (Oliver [#STR_EXPANSION_MARKET_TRADER_ATTACHMENTS])" in market zone "OUTLIVE Trader" (pos=<4291.589844, 25.247801, 4162.500000>).
19:34:18 [Market] Player "Bflame" (id=u7jy1hFXeX-3C-ubChAdh59YiiyuY16LDVnTQIqtPmk=) has sold ammobox_762x54_20rnd x1 at the trader "Attachments (Oliver [#STR_EXPANSION_MARKET_TRADER_ATTACHMENTS])" in market zone "OUTLIVE Trader" (pos=<4291.589844, 25.247801, 4162.500000>) and got 192.
19:34:25 [Market] Player "Bflame" (id=u7jy1hFXeX-3C-ubChAdh59YiiyuY16LDVnTQIqtPmk=) has send a requested to sell twp_whitewolfbayonet x1 at the trader "Attachments (Oliver [#STR_EXPANSION_MARKET_TRADER_ATTACHMENTS])" in market zone "OUTLIVE Trader" (pos=<4291.589844, 25.247801, 4162.500000>).
19:34:25 [Market] Player "Bflame" (id=u7jy1hFXeX-3C-ubChAdh59YiiyuY16LDVnTQIqtPmk=) has sold twp_whitewolfbayonet x1 at the trader "Attachments (Oliver [#STR_EXPANSION_MARKET_TRADER_ATTACHMENTS])" in market zone "OUTLIVE Trader" (pos=<4291.589844, 25.247801, 4162.500000>) and got 700.
19:34:38 [Market] Player "Bflame" (id=u7jy1hFXeX-3C-ubChAdh59YiiyuY16LDVnTQIqtPmk=) has send a requested to sell twp_ak107_mag_30rnd x1 at the trader "Attachments (Oliver [#STR_EXPANSION_MARKET_TRADER_ATTACHMENTS])" in market zone "OUTLIVE Trader" (pos=<4291.589844, 25.247801, 4162.500000>).
19:34:38 [Market] Player "Bflame" (id=u7jy1hFXeX-3C-ubChAdh59YiiyuY16LDVnTQIqtPmk=) has sold twp_ak107_mag_30rnd x1 at the trader "Attachments (Oliver [#STR_EXPANSION_MARKET_TRADER_ATTACHMENTS])" in market zone "OUTLIVE Trader" (pos=<4291.589844, 25.247801, 4162.500000>) and got 276.
19:34:42 [Market] Player "Bflame" (id=u7jy1hFXeX-3C-ubChAdh59YiiyuY16LDVnTQIqtPmk=) has send a requested to sell twp_dragunov_mag_10rnd x1 at the trader "Attachments (Oliver [#STR_EXPANSION_MARKET_TRADER_ATTACHMENTS])" in market zone "OUTLIVE Trader" (pos=<4291.589844, 25.247801, 4162.500000>).
19:34:42 [Market] Player "Bflame" (id=u7jy1hFXeX-3C-ubChAdh59YiiyuY16LDVnTQIqtPmk=) has sold twp_dragunov_mag_10rnd x1 at the trader "Attachments (Oliver [#STR_EXPANSION_MARKET_TRADER_ATTACHMENTS])" in market zone "OUTLIVE Trader" (pos=<4291.589844, 25.247801, 4162.500000>) and got 165.
19:34:42 [Market] Player "Bflame" (id=u7jy1hFXeX-3C-ubChAdh59YiiyuY16LDVnTQIqtPmk=) has send a requested to sell twp_dragunov_mag_10rnd x1 at the trader "Attachments (Oliver [#STR_EXPANSION_MARKET_TRADER_ATTACHMENTS])" in market zone "OUTLIVE Trader" (pos=<4291.589844, 25.247801, 4162.500000>).
19:34:42 [Market] Player "Bflame" (id=u7jy1hFXeX-3C-ubChAdh59YiiyuY16LDVnTQIqtPmk=) has sold twp_dragunov_mag_10rnd x1 at the trader "Attachments (Oliver [#STR_EXPANSION_MARKET_TRADER_ATTACHMENTS])" in market zone "OUTLIVE Trader" (pos=<4291.589844, 25.247801, 4162.500000>) and got 165.
19:34:43 [Market] Player "Bflame" (id=u7jy1hFXeX-3C-ubChAdh59YiiyuY16LDVnTQIqtPmk=) has send a requested to sell twp_dragunov_mag_10rnd x1 at the trader "Attachments (Oliver [#STR_EXPANSION_MARKET_TRADER_ATTACHMENTS])" in market zone "OUTLIVE Trader" (pos=<4291.589844, 25.247801, 4162.500000>).
19:34:43 [Market] Player "Bflame" (id=u7jy1hFXeX-3C-ubChAdh59YiiyuY16LDVnTQIqtPmk=) has sold twp_dragunov_mag_10rnd x1 at the trader "Attachments (Oliver [#STR_EXPANSION_MARKET_TRADER_ATTACHMENTS])" in market zone "OUTLIVE Trader" (pos=<4291.589844, 25.247801, 4162.500000>) and got 165.
19:34:44 [Market] Player "Bflame" (id=u7jy1hFXeX-3C-ubChAdh59YiiyuY16LDVnTQIqtPmk=) has send a requested to sell twp_m24_mag_4rnd x1 at the trader "Attachments (Oliver [#STR_EXPANSION_MARKET_TRADER_ATTACHMENTS])" in market zone "OUTLIVE Trader" (pos=<4291.589844, 25.247801, 4162.500000>).
19:34:44 [Market] Player "Bflame" (id=u7jy1hFXeX-3C-ubChAdh59YiiyuY16LDVnTQIqtPmk=) has sold twp_m24_mag_4rnd x1 at the trader "Attachments (Oliver [#STR_EXPANSION_MARKET_TRADER_ATTACHMENTS])" in market zone "OUTLIVE Trader" (pos=<4291.589844, 25.247801, 4162.500000>) and got 115.
19:34:45 [Market] Player "Bflame" (id=u7jy1hFXeX-3C-ubChAdh59YiiyuY16LDVnTQIqtPmk=) has send a requested to sell twp_otsgrosa_mag_30rnd x1 at the trader "Attachments (Oliver [#STR_EXPANSION_MARKET_TRADER_ATTACHMENTS])" in market zone "OUTLIVE Trader" (pos=<4291.589844, 25.247801, 4162.500000>).
19:34:45 [Market] Player "Bflame" (id=u7jy1hFXeX-3C-ubChAdh59YiiyuY16LDVnTQIqtPmk=) has sold twp_otsgrosa_mag_30rnd x1 at the trader "Attachments (Oliver [#STR_EXPANSION_MARKET_TRADER_ATTACHMENTS])" in market zone "OUTLIVE Trader" (pos=<4291.589844, 25.247801, 4162.500000>) and got 230.
19:34:45 [Market] Player "Bflame" (id=u7jy1hFXeX-3C-ubChAdh59YiiyuY16LDVnTQIqtPmk=) has send a requested to sell twp_parasa58_mag_20rnd x1 at the trader "Attachments (Oliver [#STR_EXPANSION_MARKET_TRADER_ATTACHMENTS])" in market zone "OUTLIVE Trader" (pos=<4291.589844, 25.247801, 4162.500000>).
19:34:45 [Market] Player "Bflame" (id=u7jy1hFXeX-3C-ubChAdh59YiiyuY16LDVnTQIqtPmk=) has sold twp_parasa58_mag_20rnd x1 at the trader "Attachments (Oliver [#STR_EXPANSION_MARKET_TRADER_ATTACHMENTS])" in market zone "OUTLIVE Trader" (pos=<4291.589844, 25.247801, 4162.500000>) and got 318.
19:34:46 [Market] Player "Bflame" (id=u7jy1hFXeX-3C-ubChAdh59YiiyuY16LDVnTQIqtPmk=) has send a requested to sell twp_parasa58_mag_20rnd x1 at the trader "Attachments (Oliver [#STR_EXPANSION_MARKET_TRADER_ATTACHMENTS])" in market zone "OUTLIVE Trader" (pos=<4291.589844, 25.247801, 4162.500000>).
19:34:46 [Market] Player "Bflame" (id=u7jy1hFXeX-3C-ubChAdh59YiiyuY16LDVnTQIqtPmk=) has sold twp_parasa58_mag_20rnd x1 at the trader "Attachments (Oliver [#STR_EXPANSION_MARKET_TRADER_ATTACHMENTS])" in market zone "OUTLIVE Trader" (pos=<4291.589844, 25.247801, 4162.500000>) and got 318.
19:34:46 [Market] Player "Bflame" (id=u7jy1hFXeX-3C-ubChAdh59YiiyuY16LDVnTQIqtPmk=) has send a requested to sell twp_scarl_mag_30rnd x1 at the trader "Attachments (Oliver [#STR_EXPANSION_MARKET_TRADER_ATTACHMENTS])" in market zone "OUTLIVE Trader" (pos=<4291.589844, 25.247801, 4162.500000>).
19:34:46 [Market] Player "Bflame" (id=u7jy1hFXeX-3C-ubChAdh59YiiyuY16LDVnTQIqtPmk=) has sold twp_scarl_mag_30rnd x1 at the trader "Attachments (Oliver [#STR_EXPANSION_MARKET_TRADER_ATTACHMENTS])" in market zone "OUTLIVE Trader" (pos=<4291.589844, 25.247801, 4162.500000>) and got 255.
19:34:51 [Market] Player "Bflame" (id=u7jy1hFXeX-3C-ubChAdh59YiiyuY16LDVnTQIqtPmk=) has send a requested to sell twp_optic_camouflage x1 at the trader "Attachments (Oliver [#STR_EXPANSION_MARKET_TRADER_ATTACHMENTS])" in market zone "OUTLIVE Trader" (pos=<4291.589844, 25.247801, 4162.500000>).
19:34:52 [Market] Player "Bflame" (id=u7jy1hFXeX-3C-ubChAdh59YiiyuY16LDVnTQIqtPmk=) has sold twp_optic_camouflage x1 at the trader "Attachments (Oliver [#STR_EXPANSION_MARKET_TRADER_ATTACHMENTS])" in market zone "OUTLIVE Trader" (pos=<4291.589844, 25.247801, 4162.500000>) and got 338.
19:36:11 [Market] Player "Bflame" (id=u7jy1hFXeX-3C-ubChAdh59YiiyuY16LDVnTQIqtPmk=) has send a requested to sell twp_ar15snow_mag_30rnd x1 at the trader "Attachments (Oliver [#STR_EXPANSION_MARKET_TRADER_ATTACHMENTS])" in market zone "OUTLIVE Trader" (pos=<4291.589844, 25.247801, 4162.500000>).
19:36:11 [Market] Player "Bflame" (id=u7jy1hFXeX-3C-ubChAdh59YiiyuY16LDVnTQIqtPmk=) has sold twp_ar15snow_mag_30rnd x1 at the trader "Attachments (Oliver [#STR_EXPANSION_MARKET_TRADER_ATTACHMENTS])" in market zone "OUTLIVE Trader" (pos=<4291.589844, 25.247801, 4162.500000>) and got 405.
19:36:12 [Market] Player "Bflame" (id=u7jy1hFXeX-3C-ubChAdh59YiiyuY16LDVnTQIqtPmk=) has send a requested to sell twp_bushmaster_m17s_mag_30rnd x1 at the trader "Attachments (Oliver [#STR_EXPANSION_MARKET_TRADER_ATTACHMENTS])" in market zone "OUTLIVE Trader" (pos=<4291.589844, 25.247801, 4162.500000>).
19:36:12 [Market] Player "Bflame" (id=u7jy1hFXeX-3C-ubChAdh59YiiyuY16LDVnTQIqtPmk=) has sold twp_bushmaster_m17s_mag_30rnd x1 at the trader "Attachments (Oliver [#STR_EXPANSION_MARKET_TRADER_ATTACHMENTS])" in market zone "OUTLIVE Trader" (pos=<4291.589844, 25.247801, 4162.500000>) and got 369.
19:38:06 [ATM Locker] Player "Bflame" (id=u7jy1hFXeX-3C-ubChAdh59YiiyuY16LDVnTQIqtPmk=) has deposited 9911 on his ATM account.
19:38:40 [Market] Player "Bflame" (id=u7jy1hFXeX-3C-ubChAdh59YiiyuY16LDVnTQIqtPmk=) has send a requested to sell mvs_chestrig_snow x1 at the trader "Clothing (Linda [#STR_EXPANSION_MARKET_TRADER_CLOTHING])" in market zone "OUTLIVE Trader" (pos=<4291.589844, 25.247801, 4162.500000>).
19:38:40 [Market] Player "Bflame" (id=u7jy1hFXeX-3C-ubChAdh59YiiyuY16LDVnTQIqtPmk=) has sold mvs_chestrig_snow x1 at the trader "Clothing (Linda [#STR_EXPANSION_MARKET_TRADER_CLOTHING])" in market zone "OUTLIVE Trader" (pos=<4291.589844, 25.247801, 4162.500000>) and got 750.
19:38:42 [Market] Player "Bflame" (id=u7jy1hFXeX-3C-ubChAdh59YiiyuY16LDVnTQIqtPmk=) has send a requested to sell mvs_combat_vest_heavy_snow x1 at the trader "Clothing (Linda [#STR_EXPANSION_MARKET_TRADER_CLOTHING])" in market zone "OUTLIVE Trader" (pos=<4291.589844, 25.247801, 4162.500000>).
19:38:42 [Market] Player "Bflame" (id=u7jy1hFXeX-3C-ubChAdh59YiiyuY16LDVnTQIqtPmk=) has sold mvs_combat_vest_heavy_snow x1 at the trader "Clothing (Linda [#STR_EXPANSION_MARKET_TRADER_CLOTHING])" in market zone "OUTLIVE Trader" (pos=<4291.589844, 25.247801, 4162.500000>) and got 3975.
19:38:45 [Market] Player "Bflame" (id=u7jy1hFXeX-3C-ubChAdh59YiiyuY16LDVnTQIqtPmk=) has send a requested to sell mvs_combat_vest_heavy_snow x1 at the trader "Clothing (Linda [#STR_EXPANSION_MARKET_TRADER_CLOTHING])" in market zone "OUTLIVE Trader" (pos=<4291.589844, 25.247801, 4162.500000>).
19:38:45 [Market] Player "Bflame" (id=u7jy1hFXeX-3C-ubChAdh59YiiyuY16LDVnTQIqtPmk=) has sold mvs_combat_vest_heavy_snow x1 at the trader "Clothing (Linda [#STR_EXPANSION_MARKET_TRADER_CLOTHING])" in market zone "OUTLIVE Trader" (pos=<4291.589844, 25.247801, 4162.500000>) and got 3500.
19:38:51 [Market] Player "Bflame" (id=u7jy1hFXeX-3C-ubChAdh59YiiyuY16LDVnTQIqtPmk=) has send a requested to sell mvs_helmet_02_snow x1 at the trader "Clothing (Linda [#STR_EXPANSION_MARKET_TRADER_CLOTHING])" in market zone "OUTLIVE Trader" (pos=<4291.589844, 25.247801, 4162.500000>).
19:38:51 [Market] Player "Bflame" (id=u7jy1hFXeX-3C-ubChAdh59YiiyuY16LDVnTQIqtPmk=) has sold mvs_helmet_02_snow x1 at the trader "Clothing (Linda [#STR_EXPANSION_MARKET_TRADER_CLOTHING])" in market zone "OUTLIVE Trader" (pos=<4291.589844, 25.247801, 4162.500000>) and got 750.
19:38:52 [Market] Player "Bflame" (id=u7jy1hFXeX-3C-ubChAdh59YiiyuY16LDVnTQIqtPmk=) has send a requested to sell mvs_warriorhelmet_snow x1 at the trader "Clothing (Linda [#STR_EXPANSION_MARKET_TRADER_CLOTHING])" in market zone "OUTLIVE Trader" (pos=<4291.589844, 25.247801, 4162.500000>).
19:38:52 [Market] Player "Bflame" (id=u7jy1hFXeX-3C-ubChAdh59YiiyuY16LDVnTQIqtPmk=) has sold mvs_warriorhelmet_snow x1 at the trader "Clothing (Linda [#STR_EXPANSION_MARKET_TRADER_CLOTHING])" in market zone "OUTLIVE Trader" (pos=<4291.589844, 25.247801, 4162.500000>) and got 900.
19:38:54 [Market] Player "Bflame" (id=u7jy1hFXeX-3C-ubChAdh59YiiyuY16LDVnTQIqtPmk=) has send a requested to sell mvs_pack_snow x1 at the trader "Clothing (Linda [#STR_EXPANSION_MARKET_TRADER_CLOTHING])" in market zone "OUTLIVE Trader" (pos=<4291.589844, 25.247801, 4162.500000>).
19:38:54 [Market] Player "Bflame" (id=u7jy1hFXeX-3C-ubChAdh59YiiyuY16LDVnTQIqtPmk=) has sold mvs_pack_snow x1 at the trader "Clothing (Linda [#STR_EXPANSION_MARKET_TRADER_CLOTHING])" in market zone "OUTLIVE Trader" (pos=<4291.589844, 25.247801, 4162.500000>) and got 1000.
19:39:12 [Market] Player "Bflame" (id=u7jy1hFXeX-3C-ubChAdh59YiiyuY16LDVnTQIqtPmk=) has send a requested to sell mmg_mk_iii_armor_black x1 at the trader "Clothing (Linda [#STR_EXPANSION_MARKET_TRADER_CLOTHING])" in market zone "OUTLIVE Trader" (pos=<4291.589844, 25.247801, 4162.500000>).
19:39:12 [Market] Player "Bflame" (id=u7jy1hFXeX-3C-ubChAdh59YiiyuY16LDVnTQIqtPmk=) has sold mmg_mk_iii_armor_black x1 at the trader "Clothing (Linda [#STR_EXPANSION_MARKET_TRADER_CLOTHING])" in market zone "OUTLIVE Trader" (pos=<4291.589844, 25.247801, 4162.500000>) and got 2750.
19:39:14 [Market] Player "Bflame" (id=u7jy1hFXeX-3C-ubChAdh59YiiyuY16LDVnTQIqtPmk=) has send a requested to sell mmg_mk_iii_armor_green x1 at the trader "Clothing (Linda [#STR_EXPANSION_MARKET_TRADER_CLOTHING])" in market zone "OUTLIVE Trader" (pos=<4291.589844, 25.247801, 4162.500000>).
19:39:14 [Market] Player "Bflame" (id=u7jy1hFXeX-3C-ubChAdh59YiiyuY16LDVnTQIqtPmk=) has sold mmg_mk_iii_armor_green x1 at the trader "Clothing (Linda [#STR_EXPANSION_MARKET_TRADER_CLOTHING])" in market zone "OUTLIVE Trader" (pos=<4291.589844, 25.247801, 4162.500000>) and got 2750.
19:41:26 [Market] Player "Bflame" (id=u7jy1hFXeX-3C-ubChAdh59YiiyuY16LDVnTQIqtPmk=) has send a requested to sell poncho_white x1 at the trader "Clothing (Linda [#STR_EXPANSION_MARKET_TRADER_CLOTHING])" in market zone "OUTLIVE Trader" (pos=<4291.589844, 25.247801, 4162.500000>).
19:41:26 [Market] Player "Bflame" (id=u7jy1hFXeX-3C-ubChAdh59YiiyuY16LDVnTQIqtPmk=) has sold poncho_white x1 at the trader "Clothing (Linda [#STR_EXPANSION_MARKET_TRADER_CLOTHING])" in market zone "OUTLIVE Trader" (pos=<4291.589844, 25.247801, 4162.500000>) and got 250.
19:41:27 [Market] Player "Bflame" (id=u7jy1hFXeX-3C-ubChAdh59YiiyuY16LDVnTQIqtPmk=) has send a requested to sell canvas_backpack_white x1 at the trader "Clothing (Linda [#STR_EXPANSION_MARKET_TRADER_CLOTHING])" in market zone "OUTLIVE Trader" (pos=<4291.589844, 25.247801, 4162.500000>).
19:41:27 [Market] Player "Bflame" (id=u7jy1hFXeX-3C-ubChAdh59YiiyuY16LDVnTQIqtPmk=) has sold canvas_backpack_white x1 at the trader "Clothing (Linda [#STR_EXPANSION_MARKET_TRADER_CLOTHING])" in market zone "OUTLIVE Trader" (pos=<4291.589844, 25.247801, 4162.500000>) and got 250.
19:41:48 [Market] Player "Bflame" (id=u7jy1hFXeX-3C-ubChAdh59YiiyuY16LDVnTQIqtPmk=) has send a requested to sell mvs_utility_pouch_snow x1 at the trader "Clothing (Linda [#STR_EXPANSION_MARKET_TRADER_CLOTHING])" in market zone "OUTLIVE Trader" (pos=<4291.589844, 25.247801, 4162.500000>).
19:41:49 [Market] Player "Bflame" (id=u7jy1hFXeX-3C-ubChAdh59YiiyuY16LDVnTQIqtPmk=) has sold mvs_utility_pouch_snow x1 at the trader "Clothing (Linda [#STR_EXPANSION_MARKET_TRADER_CLOTHING])" in market zone "OUTLIVE Trader" (pos=<4291.589844, 25.247801, 4162.500000>) and got 250.
19:41:57 [Market] Player "Bflame" (id=u7jy1hFXeX-3C-ubChAdh59YiiyuY16LDVnTQIqtPmk=) has send a requested to sell mvs_medical_pouch_snow x1 at the trader "Clothing (Linda [#STR_EXPANSION_MARKET_TRADER_CLOTHING])" in market zone "OUTLIVE Trader" (pos=<4291.589844, 25.247801, 4162.500000>).
19:41:57 [Market] Player "Bflame" (id=u7jy1hFXeX-3C-ubChAdh59YiiyuY16LDVnTQIqtPmk=) has sold mvs_medical_pouch_snow x1 at the trader "Clothing (Linda [#STR_EXPANSION_MARKET_TRADER_CLOTHING])" in market zone "OUTLIVE Trader" (pos=<4291.589844, 25.247801, 4162.500000>) and got 250.
19:42:07 [Market] Player "Bflame" (id=u7jy1hFXeX-3C-ubChAdh59YiiyuY16LDVnTQIqtPmk=) has send a requested to sell mvs_sheath_snow x1 at the trader "Clothing (Linda [#STR_EXPANSION_MARKET_TRADER_CLOTHING])" in market zone "OUTLIVE Trader" (pos=<4291.589844, 25.247801, 4162.500000>).
19:42:07 [Market] Player "Bflame" (id=u7jy1hFXeX-3C-ubChAdh59YiiyuY16LDVnTQIqtPmk=) has sold mvs_sheath_snow x1 at the trader "Clothing (Linda [#STR_EXPANSION_MARKET_TRADER_CLOTHING])" in market zone "OUTLIVE Trader" (pos=<4291.589844, 25.247801, 4162.500000>) and got 225.
19:42:26 [Market] Player "Bflame" (id=u7jy1hFXeX-3C-ubChAdh59YiiyuY16LDVnTQIqtPmk=) has send a requested to sell mvs_pack_snow x1 at the trader "Clothing (Linda [#STR_EXPANSION_MARKET_TRADER_CLOTHING])" in market zone "OUTLIVE Trader" (pos=<4291.589844, 25.247801, 4162.500000>).
19:42:26 [Market] Player "Bflame" (id=u7jy1hFXeX-3C-ubChAdh59YiiyuY16LDVnTQIqtPmk=) has sold mvs_pack_snow x1 at the trader "Clothing (Linda [#STR_EXPANSION_MARKET_TRADER_CLOTHING])" in market zone "OUTLIVE Trader" (pos=<4291.589844, 25.247801, 4162.500000>) and got 1000.
19:42:41 [Market] Player "Bflame" (id=u7jy1hFXeX-3C-ubChAdh59YiiyuY16LDVnTQIqtPmk=) has send a requested to sell mvs_taco_pouch_snow x1 at the trader "Clothing (Linda [#STR_EXPANSION_MARKET_TRADER_CLOTHING])" in market zone "OUTLIVE Trader" (pos=<4291.589844, 25.247801, 4162.500000>).
19:42:41 [Market] Player "Bflame" (id=u7jy1hFXeX-3C-ubChAdh59YiiyuY16LDVnTQIqtPmk=) has sold mvs_taco_pouch_snow x1 at the trader "Clothing (Linda [#STR_EXPANSION_MARKET_TRADER_CLOTHING])" in market zone "OUTLIVE Trader" (pos=<4291.589844, 25.247801, 4162.500000>) and got 250.
19:43:28 [ATM Locker] Player "Bflame" (id=u7jy1hFXeX-3C-ubChAdh59YiiyuY16LDVnTQIqtPmk=) has deposited 18850 on his ATM account.
19:44:18 [Market] Player "Bflame" (id=u7jy1hFXeX-3C-ubChAdh59YiiyuY16LDVnTQIqtPmk=) has send a requested to sell twp_mk23light x1 at the trader "Attachments (Oliver [#STR_EXPANSION_MARKET_TRADER_ATTACHMENTS])" in market zone "OUTLIVE Trader" (pos=<4291.589844, 25.247801, 4162.500000>).
19:44:18 [Market] Player "Bflame" (id=u7jy1hFXeX-3C-ubChAdh59YiiyuY16LDVnTQIqtPmk=) has sold twp_mk23light x1 at the trader "Attachments (Oliver [#STR_EXPANSION_MARKET_TRADER_ATTACHMENTS])" in market zone "OUTLIVE Trader" (pos=<4291.589844, 25.247801, 4162.500000>) and got 100.
19:44:27 [ATM Locker] Player "Bflame" (id=u7jy1hFXeX-3C-ubChAdh59YiiyuY16LDVnTQIqtPmk=) has deposited 100 on his ATM account.
19:45:41 [Market] Player "Bflame" (id=u7jy1hFXeX-3C-ubChAdh59YiiyuY16LDVnTQIqtPmk=) has send a requested to sell epinephrine x1 at the trader "Medicals (Eva [#STR_EXPANSION_MARKET_TRADER_MEDICALS])" in market zone "OUTLIVE Trader" (pos=<4291.589844, 25.247801, 4162.500000>).
19:45:41 [Market] Player "Bflame" (id=u7jy1hFXeX-3C-ubChAdh59YiiyuY16LDVnTQIqtPmk=) has sold epinephrine x1 at the trader "Medicals (Eva [#STR_EXPANSION_MARKET_TRADER_MEDICALS])" in market zone "OUTLIVE Trader" (pos=<4291.589844, 25.247801, 4162.500000>) and got 60.
19:45:41 [Market] Player "Bflame" (id=u7jy1hFXeX-3C-ubChAdh59YiiyuY16LDVnTQIqtPmk=) has send a requested to sell epinephrine x1 at the trader "Medicals (Eva [#STR_EXPANSION_MARKET_TRADER_MEDICALS])" in market zone "OUTLIVE Trader" (pos=<4291.589844, 25.247801, 4162.500000>).
19:45:41 [Market] Player "Bflame" (id=u7jy1hFXeX-3C-ubChAdh59YiiyuY16LDVnTQIqtPmk=) has sold epinephrine x1 at the trader "Medicals (Eva [#STR_EXPANSION_MARKET_TRADER_MEDICALS])" in market zone "OUTLIVE Trader" (pos=<4291.589844, 25.247801, 4162.500000>) and got 60.
19:47:04 [VehicleCarKey] Player "Bflame" (id=u7jy1hFXeX-3C-ubChAdh59YiiyuY16LDVnTQIqtPmk= pos=<4436.216797, 1.166039, 4197.539551>) used the  ExpansionCarKey to unlock a ExpansionUtilityBoat
19:47:07 [Safezone] Player "Bflame" (id=u7jy1hFXeX-3C-ubChAdh59YiiyuY16LDVnTQIqtPmk= pos=<4436.216797, 1.166039, 4197.539551>) Left the safezone
19:47:11 [VehicleCarKey] Player "Bflame" (id=u7jy1hFXeX-3C-ubChAdh59YiiyuY16LDVnTQIqtPmk= pos=<4436.216797, 1.166039, 4197.539551>) used the  ExpansionCarKey to lock a ExpansionUtilityBoat
19:47:18 [Safezone] Player "Bflame" (id=u7jy1hFXeX-3C-ubChAdh59YiiyuY16LDVnTQIqtPmk= pos=<4418.555176, 1.415249, 4189.962891>) Entered the safezone
19:50:04 [VehicleCarKey] Player "Bflame" (id=u7jy1hFXeX-3C-ubChAdh59YiiyuY16LDVnTQIqtPmk= pos=<4252.043457, 11.510693, 4176.511719>) used the  ExpansionCarKey to unlock a ExpansionGyrocopter
19:50:49 [Safezone] Player "Bflame" (id=u7jy1hFXeX-3C-ubChAdh59YiiyuY16LDVnTQIqtPmk= pos=<3925.088379, 117.368958, 4432.996094>) Left the safezone
19:52:17 [VehicleCarKey] Player "Bflame" (id=u7jy1hFXeX-3C-ubChAdh59YiiyuY16LDVnTQIqtPmk= pos=<3417.621582, 10.563713, 5063.344727>) used the  ExpansionCarKey to lock a ExpansionGyrocopter
19:52:36 [VehicleCarKey] Player "Bflame" (id=u7jy1hFXeX-3C-ubChAdh59YiiyuY16LDVnTQIqtPmk= pos=<3423.476074, 11.606946, 5052.143066>) used the  ExpansionCarKey to unlock a Expansion_Landrover_Green
19:54:08 [VehicleCarKey] Player "Bflame" (id=u7jy1hFXeX-3C-ubChAdh59YiiyuY16LDVnTQIqtPmk= pos=<3423.459473, 11.544259, 5052.697754>) used the  ExpansionCarKey to lock a Expansion_Landrover_Green
