04:02:34 [AI Object Patrol] Generating an example config...
04:03:51 [Expansion Quests] - SetupClientData - Loaded existing player quest data for player with UID: jX_CFGAIC2WIrh3kyOKKQ7qs26A3y_stFGEESltAkWQ=
04:03:51 [Expansion Quests] - PlayerQuestsInit - Create new quest instance for quest: 20 - Creator UID: jX_CFGAIC2WIrh3kyOKKQ7qs26A3y_stFGEESltAkWQ=
04:03:51 [Expansion Quests] - PlayerQuestsInit - Create new quest instance for quest: 23 - Creator UID: jX_CFGAIC2WIrh3kyOKKQ7qs26A3y_stFGEESltAkWQ=
04:04:51 [Expansion Quests] - SetupClientData - Loaded existing player quest data for player with UID: u7jy1hFXeX-3C-ubChAdh59YiiyuY16LDVnTQIqtPmk=
04:04:51 [Expansion Quests] - PlayerQuestsInit - Create new quest instance for quest: 23 - Creator UID: u7jy1hFXeX-3C-ubChAdh59YiiyuY16LDVnTQIqtPmk=
04:04:51 [Expansion Quests] - PlayerQuestsInit - Create new quest instance for quest: 65 - Creator UID: u7jy1hFXeX-3C-ubChAdh59YiiyuY16LDVnTQIqtPmk=
04:06:30 [VehicleCarKey] Player "Bflame" (id=u7jy1hFXeX-3C-ubChAdh59YiiyuY16LDVnTQIqtPmk= pos=<1590.114624, 23.757702, 9882.432617>) used the  ExpansionCarKey to unlock a ExpansionMh6
04:09:02 [MissionAirdrop] An airdrop is heading towards "Airport" (pos=<8307.879883, 0.000000, 924.599976> type=Random_Airport) with a ExpansionAirdropContainer_Medical
04:09:02 [MissionAirdrop] An airdrop is heading towards "Atomkraftwerk" (pos=<3099.000000, 0.000000, 8394.000000> type=Random_Atomkraftwerk) with a ExpansionAirdropContainer_Military
04:10:28 [Safezone] Player "Bflame" (id=u7jy1hFXeX-3C-ubChAdh59YiiyuY16LDVnTQIqtPmk= pos=<4237.448242, 202.907074, 4276.146973>) Entered the safezone
04:10:28 [Safezone] Player "Aycarambakid" (id=jX_CFGAIC2WIrh3kyOKKQ7qs26A3y_stFGEESltAkWQ= pos=<4236.806641, 202.954437, 4275.696289>) Entered the safezone
04:10:52 [Safezone] Player "Bflame" (id=u7jy1hFXeX-3C-ubChAdh59YiiyuY16LDVnTQIqtPmk= pos=<4399.352051, 93.484749, 4082.063721>) Left the safezone
04:10:53 [Safezone] Player "Aycarambakid" (id=jX_CFGAIC2WIrh3kyOKKQ7qs26A3y_stFGEESltAkWQ= pos=<4398.328125, 91.259254, 4084.012207>) Left the safezone
04:10:53 [Safezone] Player "Aycarambakid" (id=jX_CFGAIC2WIrh3kyOKKQ7qs26A3y_stFGEESltAkWQ= pos=<4396.445801, 89.263428, 4085.661133>) Entered the safezone
04:10:53 [Safezone] Player "Bflame" (id=u7jy1hFXeX-3C-ubChAdh59YiiyuY16LDVnTQIqtPmk= pos=<4395.692871, 89.051437, 4085.279297>) Entered the safezone
04:12:08 [VehicleCarKey] Player "Bflame" (id=u7jy1hFXeX-3C-ubChAdh59YiiyuY16LDVnTQIqtPmk= pos=<4257.652344, 11.136417, 4175.397949>) used the  ExpansionCarKey to lock a ExpansionMh6
04:13:10 [VehicleCarKey] Player "Bflame" (id=u7jy1hFXeX-3C-ubChAdh59YiiyuY16LDVnTQIqtPmk= pos=<4257.753418, 10.920108, 4174.792480>) used the  ExpansionCarKey to unlock a ExpansionMh6
04:14:03 [ATM Locker] Player "Aycarambakid" (id=jX_CFGAIC2WIrh3kyOKKQ7qs26A3y_stFGEESltAkWQ=) has withdrawn 10000 from his ATM account.
04:14:36 [ATM Locker] Player "Bflame" (id=u7jy1hFXeX-3C-ubChAdh59YiiyuY16LDVnTQIqtPmk=) has deposited 10000 on his ATM account.
04:15:40 [Market] Player "Bflame" (id=u7jy1hFXeX-3C-ubChAdh59YiiyuY16LDVnTQIqtPmk=) has send a requested to sell tacticalbaconcan x1 at the trader "Consumables (Naomi [#STR_EXPANSION_MARKET_TRADER_CONSUMABLES])" in market zone "OUTLIVE Trader" (pos=<4291.589844, 25.247801, 4162.500000>).
04:15:40 [Market] Player "Bflame" (id=u7jy1hFXeX-3C-ubChAdh59YiiyuY16LDVnTQIqtPmk=) has sold tacticalbaconcan x1 at the trader "Consumables (Naomi [#STR_EXPANSION_MARKET_TRADER_CONSUMABLES])" in market zone "OUTLIVE Trader" (pos=<4291.589844, 25.247801, 4162.500000>) and got 80.
04:15:48 [Market] Player "Bflame" (id=u7jy1hFXeX-3C-ubChAdh59YiiyuY16LDVnTQIqtPmk=) has send a requested to sell bloodbagempty x1 at the trader "Medicals (Eva [#STR_EXPANSION_MARKET_TRADER_MEDICALS])" in market zone "OUTLIVE Trader" (pos=<4291.589844, 25.247801, 4162.500000>).
04:15:48 [Market] Player "Bflame" (id=u7jy1hFXeX-3C-ubChAdh59YiiyuY16LDVnTQIqtPmk=) has sold bloodbagempty x1 at the trader "Medicals (Eva [#STR_EXPANSION_MARKET_TRADER_MEDICALS])" in market zone "OUTLIVE Trader" (pos=<4291.589844, 25.247801, 4162.500000>) and got 90.
04:15:52 [Market] Player "Bflame" (id=u7jy1hFXeX-3C-ubChAdh59YiiyuY16LDVnTQIqtPmk=) has send a requested to sell gasmask_filter x1 at the trader "Medicals (Eva [#STR_EXPANSION_MARKET_TRADER_MEDICALS])" in market zone "OUTLIVE Trader" (pos=<4291.589844, 25.247801, 4162.500000>).
04:15:52 [Market] Player "Bflame" (id=u7jy1hFXeX-3C-ubChAdh59YiiyuY16LDVnTQIqtPmk=) has sold gasmask_filter x1 at the trader "Medicals (Eva [#STR_EXPANSION_MARKET_TRADER_MEDICALS])" in market zone "OUTLIVE Trader" (pos=<4291.589844, 25.247801, 4162.500000>) and got 800.
04:15:55 [Market] Player "Bflame" (id=u7jy1hFXeX-3C-ubChAdh59YiiyuY16LDVnTQIqtPmk=) has send a requested to sell tetracyclineantibiotics x1 at the trader "Medicals (Eva [#STR_EXPANSION_MARKET_TRADER_MEDICALS])" in market zone "OUTLIVE Trader" (pos=<4291.589844, 25.247801, 4162.500000>).
04:15:55 [Market] Player "Bflame" (id=u7jy1hFXeX-3C-ubChAdh59YiiyuY16LDVnTQIqtPmk=) has sold tetracyclineantibiotics x1 at the trader "Medicals (Eva [#STR_EXPANSION_MARKET_TRADER_MEDICALS])" in market zone "OUTLIVE Trader" (pos=<4291.589844, 25.247801, 4162.500000>) and got 156.
04:15:58 [Market] Player "Aycarambakid" (id=jX_CFGAIC2WIrh3kyOKKQ7qs26A3y_stFGEESltAkWQ=) has send a requested to sell twp_ammo_44mag x82 at the trader "Attachments (Oliver [#STR_EXPANSION_MARKET_TRADER_ATTACHMENTS])" in market zone "OUTLIVE Trader" (pos=<4291.589844, 25.247801, 4162.500000>).
04:15:58 [Market] Player "Aycarambakid" (id=jX_CFGAIC2WIrh3kyOKKQ7qs26A3y_stFGEESltAkWQ=) has sold twp_ammo_44mag x82 at the trader "Attachments (Oliver [#STR_EXPANSION_MARKET_TRADER_ATTACHMENTS])" in market zone "OUTLIVE Trader" (pos=<4291.589844, 25.247801, 4162.500000>) and got 123.
04:16:10 [Market] Player "Aycarambakid" (id=jX_CFGAIC2WIrh3kyOKKQ7qs26A3y_stFGEESltAkWQ=) has send a requested to sell twp_ammo_57x28 x81 at the trader "Attachments (Oliver [#STR_EXPANSION_MARKET_TRADER_ATTACHMENTS])" in market zone "OUTLIVE Trader" (pos=<4291.589844, 25.247801, 4162.500000>).
04:16:10 [Market] Player "Aycarambakid" (id=jX_CFGAIC2WIrh3kyOKKQ7qs26A3y_stFGEESltAkWQ=) has sold twp_ammo_57x28 x81 at the trader "Attachments (Oliver [#STR_EXPANSION_MARKET_TRADER_ATTACHMENTS])" in market zone "OUTLIVE Trader" (pos=<4291.589844, 25.247801, 4162.500000>) and got 364.
04:16:12 [Market] Player "Bflame" (id=u7jy1hFXeX-3C-ubChAdh59YiiyuY16LDVnTQIqtPmk=) has send a requested to sell smershbag x1 at the trader "Clothing (Linda [#STR_EXPANSION_MARKET_TRADER_CLOTHING])" in market zone "OUTLIVE Trader" (pos=<4291.589844, 25.247801, 4162.500000>).
04:16:12 [Market] Player "Bflame" (id=u7jy1hFXeX-3C-ubChAdh59YiiyuY16LDVnTQIqtPmk=) has sold smershbag x1 at the trader "Clothing (Linda [#STR_EXPANSION_MARKET_TRADER_CLOTHING])" in market zone "OUTLIVE Trader" (pos=<4291.589844, 25.247801, 4162.500000>) and got 75.
04:16:21 [Market] Player "Aycarambakid" (id=jX_CFGAIC2WIrh3kyOKKQ7qs26A3y_stFGEESltAkWQ=) has send a requested to sell twp_ammo_50ae x80 at the trader "Attachments (Oliver [#STR_EXPANSION_MARKET_TRADER_ATTACHMENTS])" in market zone "OUTLIVE Trader" (pos=<4291.589844, 25.247801, 4162.500000>).
04:16:21 [Market] Player "Aycarambakid" (id=jX_CFGAIC2WIrh3kyOKKQ7qs26A3y_stFGEESltAkWQ=) has sold twp_ammo_50ae x80 at the trader "Attachments (Oliver [#STR_EXPANSION_MARKET_TRADER_ATTACHMENTS])" in market zone "OUTLIVE Trader" (pos=<4291.589844, 25.247801, 4162.500000>) and got 120.
04:16:39 [Market] Player "Bflame" (id=u7jy1hFXeX-3C-ubChAdh59YiiyuY16LDVnTQIqtPmk=) has send a requested to sell ammobox_762x54_20rnd x1 at the trader "Attachments (Oliver [#STR_EXPANSION_MARKET_TRADER_ATTACHMENTS])" in market zone "OUTLIVE Trader" (pos=<4291.589844, 25.247801, 4162.500000>).
04:16:39 [Market] Player "Bflame" (id=u7jy1hFXeX-3C-ubChAdh59YiiyuY16LDVnTQIqtPmk=) has sold ammobox_762x54_20rnd x1 at the trader "Attachments (Oliver [#STR_EXPANSION_MARKET_TRADER_ATTACHMENTS])" in market zone "OUTLIVE Trader" (pos=<4291.589844, 25.247801, 4162.500000>) and got 192.
04:16:55 [Market] Player "Aycarambakid" (id=jX_CFGAIC2WIrh3kyOKKQ7qs26A3y_stFGEESltAkWQ=) has send a requested to sell ammobox_45acp_25rnd x1 at the trader "Attachments (Oliver [#STR_EXPANSION_MARKET_TRADER_ATTACHMENTS])" in market zone "OUTLIVE Trader" (pos=<4291.589844, 25.247801, 4162.500000>).
04:16:55 [Market] Player "Aycarambakid" (id=jX_CFGAIC2WIrh3kyOKKQ7qs26A3y_stFGEESltAkWQ=) has sold ammobox_45acp_25rnd x1 at the trader "Attachments (Oliver [#STR_EXPANSION_MARKET_TRADER_ATTACHMENTS])" in market zone "OUTLIVE Trader" (pos=<4291.589844, 25.247801, 4162.500000>) and got 45.
04:16:56 [Market] Player "Aycarambakid" (id=jX_CFGAIC2WIrh3kyOKKQ7qs26A3y_stFGEESltAkWQ=) has send a requested to sell ammobox_45acp_25rnd x1 at the trader "Attachments (Oliver [#STR_EXPANSION_MARKET_TRADER_ATTACHMENTS])" in market zone "OUTLIVE Trader" (pos=<4291.589844, 25.247801, 4162.500000>).
04:16:57 [Market] Player "Aycarambakid" (id=jX_CFGAIC2WIrh3kyOKKQ7qs26A3y_stFGEESltAkWQ=) has sold ammobox_45acp_25rnd x1 at the trader "Attachments (Oliver [#STR_EXPANSION_MARKET_TRADER_ATTACHMENTS])" in market zone "OUTLIVE Trader" (pos=<4291.589844, 25.247801, 4162.500000>) and got 45.
04:16:58 [Market] Player "Aycarambakid" (id=jX_CFGAIC2WIrh3kyOKKQ7qs26A3y_stFGEESltAkWQ=) has send a requested to sell ammobox_45acp_25rnd x1 at the trader "Attachments (Oliver [#STR_EXPANSION_MARKET_TRADER_ATTACHMENTS])" in market zone "OUTLIVE Trader" (pos=<4291.589844, 25.247801, 4162.500000>).
04:16:58 [Market] Player "Aycarambakid" (id=jX_CFGAIC2WIrh3kyOKKQ7qs26A3y_stFGEESltAkWQ=) has sold ammobox_45acp_25rnd x1 at the trader "Attachments (Oliver [#STR_EXPANSION_MARKET_TRADER_ATTACHMENTS])" in market zone "OUTLIVE Trader" (pos=<4291.589844, 25.247801, 4162.500000>) and got 45.
04:17:02 [Market] Player "Aycarambakid" (id=jX_CFGAIC2WIrh3kyOKKQ7qs26A3y_stFGEESltAkWQ=) has send a requested to sell ammobox_762x54_20rnd x1 at the trader "Attachments (Oliver [#STR_EXPANSION_MARKET_TRADER_ATTACHMENTS])" in market zone "OUTLIVE Trader" (pos=<4291.589844, 25.247801, 4162.500000>).
04:17:02 [Market] Player "Aycarambakid" (id=jX_CFGAIC2WIrh3kyOKKQ7qs26A3y_stFGEESltAkWQ=) has sold ammobox_762x54_20rnd x1 at the trader "Attachments (Oliver [#STR_EXPANSION_MARKET_TRADER_ATTACHMENTS])" in market zone "OUTLIVE Trader" (pos=<4291.589844, 25.247801, 4162.500000>) and got 192.
04:17:11 [Market] Player "Bflame" (id=u7jy1hFXeX-3C-ubChAdh59YiiyuY16LDVnTQIqtPmk=) has send a requested to sell pso1optic x1 at the trader "Attachments (Oliver [#STR_EXPANSION_MARKET_TRADER_ATTACHMENTS])" in market zone "OUTLIVE Trader" (pos=<4291.589844, 25.247801, 4162.500000>).
04:17:11 [Market] Player "Bflame" (id=u7jy1hFXeX-3C-ubChAdh59YiiyuY16LDVnTQIqtPmk=) has sold pso1optic x1 at the trader "Attachments (Oliver [#STR_EXPANSION_MARKET_TRADER_ATTACHMENTS])" in market zone "OUTLIVE Trader" (pos=<4291.589844, 25.247801, 4162.500000>) and got 320.
04:17:18 [Market] Player "Bflame" (id=u7jy1hFXeX-3C-ubChAdh59YiiyuY16LDVnTQIqtPmk=) has send a requested to sell brassknuckles_shiny x1 at the trader "Weapons (Denis [#STR_EXPANSION_MARKET_TRADER_WEAPONS])" in market zone "OUTLIVE Trader" (pos=<4291.589844, 25.247801, 4162.500000>).
04:17:19 [Market] Player "Bflame" (id=u7jy1hFXeX-3C-ubChAdh59YiiyuY16LDVnTQIqtPmk=) has sold brassknuckles_shiny x1 at the trader "Weapons (Denis [#STR_EXPANSION_MARKET_TRADER_WEAPONS])" in market zone "OUTLIVE Trader" (pos=<4291.589844, 25.247801, 4162.500000>) and got 65.
04:17:36 [Market] Player "Bflame" (id=u7jy1hFXeX-3C-ubChAdh59YiiyuY16LDVnTQIqtPmk=) has send a requested to sell twp_hk416jungle x1 at the trader "Weapons (Denis [#STR_EXPANSION_MARKET_TRADER_WEAPONS])" in market zone "OUTLIVE Trader" (pos=<4291.589844, 25.247801, 4162.500000>).
04:17:36 [Market] Player "Bflame" (id=u7jy1hFXeX-3C-ubChAdh59YiiyuY16LDVnTQIqtPmk=) has sold twp_hk416jungle x1 at the trader "Weapons (Denis [#STR_EXPANSION_MARKET_TRADER_WEAPONS])" in market zone "OUTLIVE Trader" (pos=<4291.589844, 25.247801, 4162.500000>) and got 2455.
04:17:37 [Market] Player "Bflame" (id=u7jy1hFXeX-3C-ubChAdh59YiiyuY16LDVnTQIqtPmk=) has send a requested to sell twp_ak47tactical x1 at the trader "Weapons (Denis [#STR_EXPANSION_MARKET_TRADER_WEAPONS])" in market zone "OUTLIVE Trader" (pos=<4291.589844, 25.247801, 4162.500000>).
04:17:37 [Market] Player "Bflame" (id=u7jy1hFXeX-3C-ubChAdh59YiiyuY16LDVnTQIqtPmk=) has sold twp_ak47tactical x1 at the trader "Weapons (Denis [#STR_EXPANSION_MARKET_TRADER_WEAPONS])" in market zone "OUTLIVE Trader" (pos=<4291.589844, 25.247801, 4162.500000>) and got 2200.
04:17:40 [Market] Player "Bflame" (id=u7jy1hFXeX-3C-ubChAdh59YiiyuY16LDVnTQIqtPmk=) has send a requested to sell twp_sv98novapriam x1 at the trader "Weapons (Denis [#STR_EXPANSION_MARKET_TRADER_WEAPONS])" in market zone "OUTLIVE Trader" (pos=<4291.589844, 25.247801, 4162.500000>).
04:17:40 [Market] Player "Bflame" (id=u7jy1hFXeX-3C-ubChAdh59YiiyuY16LDVnTQIqtPmk=) has sold twp_sv98novapriam x1 at the trader "Weapons (Denis [#STR_EXPANSION_MARKET_TRADER_WEAPONS])" in market zone "OUTLIVE Trader" (pos=<4291.589844, 25.247801, 4162.500000>) and got 2500.
04:17:51 [ATM Locker] Player "Bflame" (id=u7jy1hFXeX-3C-ubChAdh59YiiyuY16LDVnTQIqtPmk=) has deposited 8933 on his ATM account.
04:19:50 [Market] Player "Aycarambakid" (id=jX_CFGAIC2WIrh3kyOKKQ7qs26A3y_stFGEESltAkWQ=) has send a requested to sell twp_m107 x1 at the trader "Weapons (Denis [#STR_EXPANSION_MARKET_TRADER_WEAPONS])" in market zone "OUTLIVE Trader" (pos=<4291.589844, 25.247801, 4162.500000>).
04:19:50 [Market] Player "Aycarambakid" (id=jX_CFGAIC2WIrh3kyOKKQ7qs26A3y_stFGEESltAkWQ=) has sold twp_m107 x1 at the trader "Weapons (Denis [#STR_EXPANSION_MARKET_TRADER_WEAPONS])" in market zone "OUTLIVE Trader" (pos=<4291.589844, 25.247801, 4162.500000>) and got 4200.
04:20:52 [Market] Player "Aycarambakid" (id=jX_CFGAIC2WIrh3kyOKKQ7qs26A3y_stFGEESltAkWQ=) has send a requested to sell twp_remingtonmsr x1 at the trader "Weapons (Denis [#STR_EXPANSION_MARKET_TRADER_WEAPONS])" in market zone "OUTLIVE Trader" (pos=<4291.589844, 25.247801, 4162.500000>).
04:20:52 [Market] Player "Aycarambakid" (id=jX_CFGAIC2WIrh3kyOKKQ7qs26A3y_stFGEESltAkWQ=) has sold twp_remingtonmsr x1 at the trader "Weapons (Denis [#STR_EXPANSION_MARKET_TRADER_WEAPONS])" in market zone "OUTLIVE Trader" (pos=<4291.589844, 25.247801, 4162.500000>) and got 2800.
04:22:31 [Safezone] Player "Bflame" (id=u7jy1hFXeX-3C-ubChAdh59YiiyuY16LDVnTQIqtPmk= pos=<4393.573730, 142.370178, 3661.861084>) Left the safezone
04:24:12 [Market] Player "Aycarambakid" (id=jX_CFGAIC2WIrh3kyOKKQ7qs26A3y_stFGEESltAkWQ=) has send a requested to sell twp_sks_mag_20rnd x4 at the trader "Attachments (Oliver [#STR_EXPANSION_MARKET_TRADER_ATTACHMENTS])" in market zone "OUTLIVE Trader" (pos=<4291.589844, 25.247801, 4162.500000>).
04:24:12 [Market] Player "Aycarambakid" (id=jX_CFGAIC2WIrh3kyOKKQ7qs26A3y_stFGEESltAkWQ=) has sold twp_sks_mag_20rnd x4 at the trader "Attachments (Oliver [#STR_EXPANSION_MARKET_TRADER_ATTACHMENTS])" in market zone "OUTLIVE Trader" (pos=<4291.589844, 25.247801, 4162.500000>) and got 850.
04:24:29 [Market] Player "Aycarambakid" (id=jX_CFGAIC2WIrh3kyOKKQ7qs26A3y_stFGEESltAkWQ=) has send a requested to sell twp_t5000_mag_10rnd x3 at the trader "Attachments (Oliver [#STR_EXPANSION_MARKET_TRADER_ATTACHMENTS])" in market zone "OUTLIVE Trader" (pos=<4291.589844, 25.247801, 4162.500000>).
04:24:30 [Market] Player "Aycarambakid" (id=jX_CFGAIC2WIrh3kyOKKQ7qs26A3y_stFGEESltAkWQ=) has sold twp_t5000_mag_10rnd x3 at the trader "Attachments (Oliver [#STR_EXPANSION_MARKET_TRADER_ATTACHMENTS])" in market zone "OUTLIVE Trader" (pos=<4291.589844, 25.247801, 4162.500000>) and got 297.
04:24:39 [Market] Player "Aycarambakid" (id=jX_CFGAIC2WIrh3kyOKKQ7qs26A3y_stFGEESltAkWQ=) has send a requested to sell twp_tac21_mag_8rnd x2 at the trader "Attachments (Oliver [#STR_EXPANSION_MARKET_TRADER_ATTACHMENTS])" in market zone "OUTLIVE Trader" (pos=<4291.589844, 25.247801, 4162.500000>).
04:24:39 [Market] Player "Aycarambakid" (id=jX_CFGAIC2WIrh3kyOKKQ7qs26A3y_stFGEESltAkWQ=) has sold twp_tac21_mag_8rnd x2 at the trader "Attachments (Oliver [#STR_EXPANSION_MARKET_TRADER_ATTACHMENTS])" in market zone "OUTLIVE Trader" (pos=<4291.589844, 25.247801, 4162.500000>) and got 204.
04:24:45 [Market] Player "Aycarambakid" (id=jX_CFGAIC2WIrh3kyOKKQ7qs26A3y_stFGEESltAkWQ=) has send a requested to sell twp_vssk_mag_5rnd x1 at the trader "Attachments (Oliver [#STR_EXPANSION_MARKET_TRADER_ATTACHMENTS])" in market zone "OUTLIVE Trader" (pos=<4291.589844, 25.247801, 4162.500000>).
04:24:46 [Market] Player "Aycarambakid" (id=jX_CFGAIC2WIrh3kyOKKQ7qs26A3y_stFGEESltAkWQ=) has sold twp_vssk_mag_5rnd x1 at the trader "Attachments (Oliver [#STR_EXPANSION_MARKET_TRADER_ATTACHMENTS])" in market zone "OUTLIVE Trader" (pos=<4291.589844, 25.247801, 4162.500000>) and got 75.
04:24:50 [Market] Player "Aycarambakid" (id=jX_CFGAIC2WIrh3kyOKKQ7qs26A3y_stFGEESltAkWQ=) has send a requested to sell twp_waltherp99_mag_15rnd x1 at the trader "Attachments (Oliver [#STR_EXPANSION_MARKET_TRADER_ATTACHMENTS])" in market zone "OUTLIVE Trader" (pos=<4291.589844, 25.247801, 4162.500000>).
04:24:50 [Market] Player "Aycarambakid" (id=jX_CFGAIC2WIrh3kyOKKQ7qs26A3y_stFGEESltAkWQ=) has sold twp_waltherp99_mag_15rnd x1 at the trader "Attachments (Oliver [#STR_EXPANSION_MARKET_TRADER_ATTACHMENTS])" in market zone "OUTLIVE Trader" (pos=<4291.589844, 25.247801, 4162.500000>) and got 94.
04:25:14 [Market] Player "Aycarambakid" (id=jX_CFGAIC2WIrh3kyOKKQ7qs26A3y_stFGEESltAkWQ=) has send a requested to sell twp_remingtonmsr_mag_5rnd x2 at the trader "Attachments (Oliver [#STR_EXPANSION_MARKET_TRADER_ATTACHMENTS])" in market zone "OUTLIVE Trader" (pos=<4291.589844, 25.247801, 4162.500000>).
04:25:14 [Market] Player "Aycarambakid" (id=jX_CFGAIC2WIrh3kyOKKQ7qs26A3y_stFGEESltAkWQ=) has sold twp_remingtonmsr_mag_5rnd x2 at the trader "Attachments (Oliver [#STR_EXPANSION_MARKET_TRADER_ATTACHMENTS])" in market zone "OUTLIVE Trader" (pos=<4291.589844, 25.247801, 4162.500000>) and got 150.
04:25:20 [Market] Player "Aycarambakid" (id=jX_CFGAIC2WIrh3kyOKKQ7qs26A3y_stFGEESltAkWQ=) has send a requested to sell twp_sv98_mag_10rnd x1 at the trader "Attachments (Oliver [#STR_EXPANSION_MARKET_TRADER_ATTACHMENTS])" in market zone "OUTLIVE Trader" (pos=<4291.589844, 25.247801, 4162.500000>).
04:25:20 [Market] Player "Aycarambakid" (id=jX_CFGAIC2WIrh3kyOKKQ7qs26A3y_stFGEESltAkWQ=) has sold twp_sv98_mag_10rnd x1 at the trader "Attachments (Oliver [#STR_EXPANSION_MARKET_TRADER_ATTACHMENTS])" in market zone "OUTLIVE Trader" (pos=<4291.589844, 25.247801, 4162.500000>) and got 65.
04:25:28 [Market] Player "Aycarambakid" (id=jX_CFGAIC2WIrh3kyOKKQ7qs26A3y_stFGEESltAkWQ=) has send a requested to sell twp_m107_mag_15rnd x2 at the trader "Attachments (Oliver [#STR_EXPANSION_MARKET_TRADER_ATTACHMENTS])" in market zone "OUTLIVE Trader" (pos=<4291.589844, 25.247801, 4162.500000>).
04:25:28 [Market] Player "Aycarambakid" (id=jX_CFGAIC2WIrh3kyOKKQ7qs26A3y_stFGEESltAkWQ=) has sold twp_m107_mag_15rnd x2 at the trader "Attachments (Oliver [#STR_EXPANSION_MARKET_TRADER_ATTACHMENTS])" in market zone "OUTLIVE Trader" (pos=<4291.589844, 25.247801, 4162.500000>) and got 180.
04:32:20 [Expansion Quests] - CompleteQuest - Player with UID u7jy1hFXeX-3C-ubChAdh59YiiyuY16LDVnTQIqtPmk= has completed quest 65
04:32:20 [Expansion Quests] - ExpansionQuest - Quest owner ID: u7jy1hFXeX-3C-ubChAdh59YiiyuY16LDVnTQIqtPmk=
04:32:20 [Expansion Quests] - ExpansionQuest - Quest ID: 65
04:32:20 [Expansion Quests] - ExpansionQuest - Quest state: 3
04:32:20 [Expansion Quests] - ExpansionQuest - Quest completed: true
04:32:51 [Market] Player "Aycarambakid" (id=jX_CFGAIC2WIrh3kyOKKQ7qs26A3y_stFGEESltAkWQ=) has send a requested to sell epoxyputty x1 at the trader "BuildingSupplies (Boris [#STR_EXPANSION_MARKET_TRADER_BUILDING_SUPPLIES])" in market zone "OUTLIVE Trader" (pos=<4291.589844, 25.247801, 4162.500000>).
04:32:52 [Market] Player "Aycarambakid" (id=jX_CFGAIC2WIrh3kyOKKQ7qs26A3y_stFGEESltAkWQ=) has sold epoxyputty x1 at the trader "BuildingSupplies (Boris [#STR_EXPANSION_MARKET_TRADER_BUILDING_SUPPLIES])" in market zone "OUTLIVE Trader" (pos=<4291.589844, 25.247801, 4162.500000>) and got 300.
04:32:53 [Market] Player "Aycarambakid" (id=jX_CFGAIC2WIrh3kyOKKQ7qs26A3y_stFGEESltAkWQ=) has send a requested to sell ducttape x1 at the trader "BuildingSupplies (Boris [#STR_EXPANSION_MARKET_TRADER_BUILDING_SUPPLIES])" in market zone "OUTLIVE Trader" (pos=<4291.589844, 25.247801, 4162.500000>).
04:32:53 [Market] Player "Aycarambakid" (id=jX_CFGAIC2WIrh3kyOKKQ7qs26A3y_stFGEESltAkWQ=) has sold ducttape x1 at the trader "BuildingSupplies (Boris [#STR_EXPANSION_MARKET_TRADER_BUILDING_SUPPLIES])" in market zone "OUTLIVE Trader" (pos=<4291.589844, 25.247801, 4162.500000>) and got 180.
04:33:42 [Market] Player "Aycarambakid" (id=jX_CFGAIC2WIrh3kyOKKQ7qs26A3y_stFGEESltAkWQ=) has send a requested to sell mvs_combatpants_od x1 at the trader "Clothing (Linda [#STR_EXPANSION_MARKET_TRADER_CLOTHING])" in market zone "OUTLIVE Trader" (pos=<4291.589844, 25.247801, 4162.500000>).
04:33:42 [Market] Player "Aycarambakid" (id=jX_CFGAIC2WIrh3kyOKKQ7qs26A3y_stFGEESltAkWQ=) has sold mvs_combatpants_od x1 at the trader "Clothing (Linda [#STR_EXPANSION_MARKET_TRADER_CLOTHING])" in market zone "OUTLIVE Trader" (pos=<4291.589844, 25.247801, 4162.500000>) and got 225.
04:34:01 [Market] Player "Aycarambakid" (id=jX_CFGAIC2WIrh3kyOKKQ7qs26A3y_stFGEESltAkWQ=) has send a requested to sell mvs_armoredhelmet_multicam_tropic x1 at the trader "Clothing (Linda [#STR_EXPANSION_MARKET_TRADER_CLOTHING])" in market zone "OUTLIVE Trader" (pos=<4291.589844, 25.247801, 4162.500000>).
04:34:01 [Market] Player "Aycarambakid" (id=jX_CFGAIC2WIrh3kyOKKQ7qs26A3y_stFGEESltAkWQ=) has sold mvs_armoredhelmet_multicam_tropic x1 at the trader "Clothing (Linda [#STR_EXPANSION_MARKET_TRADER_CLOTHING])" in market zone "OUTLIVE Trader" (pos=<4291.589844, 25.247801, 4162.500000>) and got 600.
04:34:03 [Market] Player "Aycarambakid" (id=jX_CFGAIC2WIrh3kyOKKQ7qs26A3y_stFGEESltAkWQ=) has send a requested to sell mvs_armoredhelmet_erdl x1 at the trader "Clothing (Linda [#STR_EXPANSION_MARKET_TRADER_CLOTHING])" in market zone "OUTLIVE Trader" (pos=<4291.589844, 25.247801, 4162.500000>).
04:34:03 [Market] Player "Aycarambakid" (id=jX_CFGAIC2WIrh3kyOKKQ7qs26A3y_stFGEESltAkWQ=) has sold mvs_armoredhelmet_erdl x1 at the trader "Clothing (Linda [#STR_EXPANSION_MARKET_TRADER_CLOTHING])" in market zone "OUTLIVE Trader" (pos=<4291.589844, 25.247801, 4162.500000>) and got 600.
04:34:24 [Market] Player "Aycarambakid" (id=jX_CFGAIC2WIrh3kyOKKQ7qs26A3y_stFGEESltAkWQ=) has send a requested to sell mvs_chestrig_black x1 at the trader "Clothing (Linda [#STR_EXPANSION_MARKET_TRADER_CLOTHING])" in market zone "OUTLIVE Trader" (pos=<4291.589844, 25.247801, 4162.500000>).
04:34:24 [Market] Player "Aycarambakid" (id=jX_CFGAIC2WIrh3kyOKKQ7qs26A3y_stFGEESltAkWQ=) has sold mvs_chestrig_black x1 at the trader "Clothing (Linda [#STR_EXPANSION_MARKET_TRADER_CLOTHING])" in market zone "OUTLIVE Trader" (pos=<4291.589844, 25.247801, 4162.500000>) and got 500.
04:38:20 [Market] Player "Aycarambakid" (id=jX_CFGAIC2WIrh3kyOKKQ7qs26A3y_stFGEESltAkWQ=) has send a requested to sell mvs_balaclava_tan x1 at the trader "Clothing (Linda [#STR_EXPANSION_MARKET_TRADER_CLOTHING])" in market zone "OUTLIVE Trader" (pos=<4291.589844, 25.247801, 4162.500000>).
04:38:20 [Market] Player "Aycarambakid" (id=jX_CFGAIC2WIrh3kyOKKQ7qs26A3y_stFGEESltAkWQ=) has sold mvs_balaclava_tan x1 at the trader "Clothing (Linda [#STR_EXPANSION_MARKET_TRADER_CLOTHING])" in market zone "OUTLIVE Trader" (pos=<4291.589844, 25.247801, 4162.500000>) and got 225.
04:38:24 [Market] Player "Aycarambakid" (id=jX_CFGAIC2WIrh3kyOKKQ7qs26A3y_stFGEESltAkWQ=) has send a requested to sell mvs_gorkapants_multicam_tropic x1 at the trader "Clothing (Linda [#STR_EXPANSION_MARKET_TRADER_CLOTHING])" in market zone "OUTLIVE Trader" (pos=<4291.589844, 25.247801, 4162.500000>).
04:38:24 [Market] Player "Aycarambakid" (id=jX_CFGAIC2WIrh3kyOKKQ7qs26A3y_stFGEESltAkWQ=) has sold mvs_gorkapants_multicam_tropic x1 at the trader "Clothing (Linda [#STR_EXPANSION_MARKET_TRADER_CLOTHING])" in market zone "OUTLIVE Trader" (pos=<4291.589844, 25.247801, 4162.500000>) and got 375.
04:43:40 [Market] Player "Aycarambakid" (id=jX_CFGAIC2WIrh3kyOKKQ7qs26A3y_stFGEESltAkWQ=) has send a requested to purchase hybrid_suppressor_green x1 from the trader "Attachments (Oliver [#STR_EXPANSION_MARKET_TRADER_ATTACHMENTS])" in market zone "OUTLIVE Trader" (pos=<4291.589844, 25.247801, 4162.500000>).
04:43:41 [Market] Player "Aycarambakid" (id=jX_CFGAIC2WIrh3kyOKKQ7qs26A3y_stFGEESltAkWQ=) has bought hybrid_suppressor_green x1 from the trader "Attachments (Oliver [#STR_EXPANSION_MARKET_TRADER_ATTACHMENTS])" in market zone "OUTLIVE Trader" (pos=<4291.589844, 25.247801, 4162.500000>) for a price of 2500.
04:45:11 [Market] Player "Aycarambakid" (id=jX_CFGAIC2WIrh3kyOKKQ7qs26A3y_stFGEESltAkWQ=) has send a requested to sell twp_svddragunov x1 at the trader "Weapons (Denis [#STR_EXPANSION_MARKET_TRADER_WEAPONS])" in market zone "OUTLIVE Trader" (pos=<4291.589844, 25.247801, 4162.500000>).
04:45:11 [Market] Player "Aycarambakid" (id=jX_CFGAIC2WIrh3kyOKKQ7qs26A3y_stFGEESltAkWQ=) has sold twp_svddragunov x1 at the trader "Weapons (Denis [#STR_EXPANSION_MARKET_TRADER_WEAPONS])" in market zone "OUTLIVE Trader" (pos=<4291.589844, 25.247801, 4162.500000>) and got 1875.
04:47:31 [Market] Player "Aycarambakid" (id=jX_CFGAIC2WIrh3kyOKKQ7qs26A3y_stFGEESltAkWQ=) has send a requested to sell twp_auto9_mag_25rnd x1 at the trader "Attachments (Oliver [#STR_EXPANSION_MARKET_TRADER_ATTACHMENTS])" in market zone "OUTLIVE Trader" (pos=<4291.589844, 25.247801, 4162.500000>).
04:47:32 [Market] Player "Aycarambakid" (id=jX_CFGAIC2WIrh3kyOKKQ7qs26A3y_stFGEESltAkWQ=) has sold twp_auto9_mag_25rnd x1 at the trader "Attachments (Oliver [#STR_EXPANSION_MARKET_TRADER_ATTACHMENTS])" in market zone "OUTLIVE Trader" (pos=<4291.589844, 25.247801, 4162.500000>) and got 150.
04:47:33 [Market] Player "Aycarambakid" (id=jX_CFGAIC2WIrh3kyOKKQ7qs26A3y_stFGEESltAkWQ=) has send a requested to sell twp_dmr25_mag_20rnd x1 at the trader "Attachments (Oliver [#STR_EXPANSION_MARKET_TRADER_ATTACHMENTS])" in market zone "OUTLIVE Trader" (pos=<4291.589844, 25.247801, 4162.500000>).
04:47:33 [Market] Player "Aycarambakid" (id=jX_CFGAIC2WIrh3kyOKKQ7qs26A3y_stFGEESltAkWQ=) has sold twp_dmr25_mag_20rnd x1 at the trader "Attachments (Oliver [#STR_EXPANSION_MARKET_TRADER_ATTACHMENTS])" in market zone "OUTLIVE Trader" (pos=<4291.589844, 25.247801, 4162.500000>) and got 120.
04:47:36 [Market] Player "Aycarambakid" (id=jX_CFGAIC2WIrh3kyOKKQ7qs26A3y_stFGEESltAkWQ=) has send a requested to sell twp_dragunov_mag_10rnd x1 at the trader "Attachments (Oliver [#STR_EXPANSION_MARKET_TRADER_ATTACHMENTS])" in market zone "OUTLIVE Trader" (pos=<4291.589844, 25.247801, 4162.500000>).
04:47:36 [Market] Player "Aycarambakid" (id=jX_CFGAIC2WIrh3kyOKKQ7qs26A3y_stFGEESltAkWQ=) has sold twp_dragunov_mag_10rnd x1 at the trader "Attachments (Oliver [#STR_EXPANSION_MARKET_TRADER_ATTACHMENTS])" in market zone "OUTLIVE Trader" (pos=<4291.589844, 25.247801, 4162.500000>) and got 75.
04:47:37 [Market] Player "Aycarambakid" (id=jX_CFGAIC2WIrh3kyOKKQ7qs26A3y_stFGEESltAkWQ=) has send a requested to sell twp_dragunov_mag_10rnd x1 at the trader "Attachments (Oliver [#STR_EXPANSION_MARKET_TRADER_ATTACHMENTS])" in market zone "OUTLIVE Trader" (pos=<4291.589844, 25.247801, 4162.500000>).
04:47:37 [Market] Player "Aycarambakid" (id=jX_CFGAIC2WIrh3kyOKKQ7qs26A3y_stFGEESltAkWQ=) has sold twp_dragunov_mag_10rnd x1 at the trader "Attachments (Oliver [#STR_EXPANSION_MARKET_TRADER_ATTACHMENTS])" in market zone "OUTLIVE Trader" (pos=<4291.589844, 25.247801, 4162.500000>) and got 75.
04:47:38 [Market] Player "Aycarambakid" (id=jX_CFGAIC2WIrh3kyOKKQ7qs26A3y_stFGEESltAkWQ=) has send a requested to sell twp_dragunov_mag_10rnd x1 at the trader "Attachments (Oliver [#STR_EXPANSION_MARKET_TRADER_ATTACHMENTS])" in market zone "OUTLIVE Trader" (pos=<4291.589844, 25.247801, 4162.500000>).
04:47:38 [Market] Player "Aycarambakid" (id=jX_CFGAIC2WIrh3kyOKKQ7qs26A3y_stFGEESltAkWQ=) has sold twp_dragunov_mag_10rnd x1 at the trader "Attachments (Oliver [#STR_EXPANSION_MARKET_TRADER_ATTACHMENTS])" in market zone "OUTLIVE Trader" (pos=<4291.589844, 25.247801, 4162.500000>) and got 75.
04:47:42 [Market] Player "Aycarambakid" (id=jX_CFGAIC2WIrh3kyOKKQ7qs26A3y_stFGEESltAkWQ=) has send a requested to sell twp_tec9_mag_50rnd x1 at the trader "Attachments (Oliver [#STR_EXPANSION_MARKET_TRADER_ATTACHMENTS])" in market zone "OUTLIVE Trader" (pos=<4291.589844, 25.247801, 4162.500000>).
04:47:42 [Market] Player "Aycarambakid" (id=jX_CFGAIC2WIrh3kyOKKQ7qs26A3y_stFGEESltAkWQ=) has sold twp_tec9_mag_50rnd x1 at the trader "Attachments (Oliver [#STR_EXPANSION_MARKET_TRADER_ATTACHMENTS])" in market zone "OUTLIVE Trader" (pos=<4291.589844, 25.247801, 4162.500000>) and got 300.
04:49:48 [Market] Player "Aycarambakid" (id=jX_CFGAIC2WIrh3kyOKKQ7qs26A3y_stFGEESltAkWQ=) has send a requested to sell twp_ammo_300winmag x2 at the trader "Attachments (Oliver [#STR_EXPANSION_MARKET_TRADER_ATTACHMENTS])" in market zone "OUTLIVE Trader" (pos=<4291.589844, 25.247801, 4162.500000>).
04:49:48 [Market] Player "Aycarambakid" (id=jX_CFGAIC2WIrh3kyOKKQ7qs26A3y_stFGEESltAkWQ=) has sold twp_ammo_300winmag x2 at the trader "Attachments (Oliver [#STR_EXPANSION_MARKET_TRADER_ATTACHMENTS])" in market zone "OUTLIVE Trader" (pos=<4291.589844, 25.247801, 4162.500000>) and got 18.
04:49:59 [Market] Player "Aycarambakid" (id=jX_CFGAIC2WIrh3kyOKKQ7qs26A3y_stFGEESltAkWQ=) has send a requested to sell twp_ammo_338lapua_magnum x4 at the trader "Attachments (Oliver [#STR_EXPANSION_MARKET_TRADER_ATTACHMENTS])" in market zone "OUTLIVE Trader" (pos=<4291.589844, 25.247801, 4162.500000>).
04:49:59 [Market] Player "Aycarambakid" (id=jX_CFGAIC2WIrh3kyOKKQ7qs26A3y_stFGEESltAkWQ=) has sold twp_ammo_338lapua_magnum x4 at the trader "Attachments (Oliver [#STR_EXPANSION_MARKET_TRADER_ATTACHMENTS])" in market zone "OUTLIVE Trader" (pos=<4291.589844, 25.247801, 4162.500000>) and got 132.
04:50:08 [Market] Player "Aycarambakid" (id=jX_CFGAIC2WIrh3kyOKKQ7qs26A3y_stFGEESltAkWQ=) has send a requested to sell twp_ammo_50bmg x12 at the trader "Attachments (Oliver [#STR_EXPANSION_MARKET_TRADER_ATTACHMENTS])" in market zone "OUTLIVE Trader" (pos=<4291.589844, 25.247801, 4162.500000>).
04:50:08 [Market] Player "Aycarambakid" (id=jX_CFGAIC2WIrh3kyOKKQ7qs26A3y_stFGEESltAkWQ=) has sold twp_ammo_50bmg x12 at the trader "Attachments (Oliver [#STR_EXPANSION_MARKET_TRADER_ATTACHMENTS])" in market zone "OUTLIVE Trader" (pos=<4291.589844, 25.247801, 4162.500000>) and got 396.
04:52:01 [Market] Player "Aycarambakid" (id=jX_CFGAIC2WIrh3kyOKKQ7qs26A3y_stFGEESltAkWQ=) has send a requested to sell twp_hk47_mag_15rnd x1 at the trader "Attachments (Oliver [#STR_EXPANSION_MARKET_TRADER_ATTACHMENTS])" in market zone "OUTLIVE Trader" (pos=<4291.589844, 25.247801, 4162.500000>).
04:52:02 [Market] Player "Aycarambakid" (id=jX_CFGAIC2WIrh3kyOKKQ7qs26A3y_stFGEESltAkWQ=) has sold twp_hk47_mag_15rnd x1 at the trader "Attachments (Oliver [#STR_EXPANSION_MARKET_TRADER_ATTACHMENTS])" in market zone "OUTLIVE Trader" (pos=<4291.589844, 25.247801, 4162.500000>) and got 90.
04:56:47 [ATM Locker] Player "Aycarambakid" (id=jX_CFGAIC2WIrh3kyOKKQ7qs26A3y_stFGEESltAkWQ=) has deposited 13660 on his ATM account.
07:38:59 [Safezone] Player "Sayan" (id=xYupmIqC3C2PJU57N9BnIpPl--oJP40A0d4GY2B8Hl0= pos=<4230.697266, 9.995934, 4170.790527>) Entered the safezone
07:38:59 [Expansion Quests] - SetupClientData - Loaded existing player quest data for player with UID: xYupmIqC3C2PJU57N9BnIpPl--oJP40A0d4GY2B8Hl0=
07:38:59 [Expansion Quests] - PlayerQuestsInit - Create new quest instance for quest: 19 - Creator UID: xYupmIqC3C2PJU57N9BnIpPl--oJP40A0d4GY2B8Hl0=
07:38:59 [Expansion Quests] - PlayerQuestsInit - Create new quest instance for quest: 20 - Creator UID: xYupmIqC3C2PJU57N9BnIpPl--oJP40A0d4GY2B8Hl0=
07:38:59 [Expansion Quests] - PlayerQuestsInit - Create new quest instance for quest: 23 - Creator UID: xYupmIqC3C2PJU57N9BnIpPl--oJP40A0d4GY2B8Hl0=
07:39:00 [MissionAirdrop] An airdrop is heading towards "SouthEast" (pos=<7892.000000, 0.000000, 1340.000000> type=Random_SouthEast) with a ExpansionAirdropContainer_Medical
07:39:00 [MissionAirdrop] An airdrop is heading towards "Weitmoos" (pos=<6222.000000, 0.000000, 9723.000000> type=Random_Weitmoos) with a ExpansionAirdropContainer_Military
07:40:09 [Market] Player "Sayan" (id=xYupmIqC3C2PJU57N9BnIpPl--oJP40A0d4GY2B8Hl0=) has send a requested to purchase peachescan x1 from the trader "Consumables (Naomi [#STR_EXPANSION_MARKET_TRADER_CONSUMABLES])" in market zone "OUTLIVE Trader" (pos=<4291.589844, 25.247801, 4162.500000>).
07:40:09 [Market] Player "Sayan" (id=xYupmIqC3C2PJU57N9BnIpPl--oJP40A0d4GY2B8Hl0=) has bought peachescan x1 from the trader "Consumables (Naomi [#STR_EXPANSION_MARKET_TRADER_CONSUMABLES])" in market zone "OUTLIVE Trader" (pos=<4291.589844, 25.247801, 4162.500000>) for a price of 120.
07:40:13 [Market] Player "Sayan" (id=xYupmIqC3C2PJU57N9BnIpPl--oJP40A0d4GY2B8Hl0=) has send a requested to purchase peachescan x1 from the trader "Consumables (Naomi [#STR_EXPANSION_MARKET_TRADER_CONSUMABLES])" in market zone "OUTLIVE Trader" (pos=<4291.589844, 25.247801, 4162.500000>).
07:40:13 [Market] Player "Sayan" (id=xYupmIqC3C2PJU57N9BnIpPl--oJP40A0d4GY2B8Hl0=) has bought peachescan x1 from the trader "Consumables (Naomi [#STR_EXPANSION_MARKET_TRADER_CONSUMABLES])" in market zone "OUTLIVE Trader" (pos=<4291.589844, 25.247801, 4162.500000>) for a price of 120.
07:40:15 [Market] Player "Sayan" (id=xYupmIqC3C2PJU57N9BnIpPl--oJP40A0d4GY2B8Hl0=) has send a requested to purchase peachescan x1 from the trader "Consumables (Naomi [#STR_EXPANSION_MARKET_TRADER_CONSUMABLES])" in market zone "OUTLIVE Trader" (pos=<4291.589844, 25.247801, 4162.500000>).
07:40:15 [Market] Player "Sayan" (id=xYupmIqC3C2PJU57N9BnIpPl--oJP40A0d4GY2B8Hl0=) has bought peachescan x1 from the trader "Consumables (Naomi [#STR_EXPANSION_MARKET_TRADER_CONSUMABLES])" in market zone "OUTLIVE Trader" (pos=<4291.589844, 25.247801, 4162.500000>) for a price of 120.
07:42:07 [Safezone] Player "Sayan" (id=xYupmIqC3C2PJU57N9BnIpPl--oJP40A0d4GY2B8Hl0= pos=<4404.869141, 1.373004, 4079.509766>) Left the safezone
07:46:19 [CodeLockRaiding] ExpansionCodelock (<4505.987305, 4.027533, 3106.814697>) Damaged player "Sayan" (ID = "xYupmIqC3C2PJU57N9BnIpPl--oJP40A0d4GY2B8Hl0=" at <4505.974609, 3.698487, 3105.843262>) by 10 health points. Reason: Failed to enter the correct code.
07:46:19 [CodeLockRaiding] ExpansionCodelock (<4505.987305, 4.027533, 3106.814697>) The correct code was 1306 and the player tried 0000
