13:12:19 [AI Object Patrol] Generating an example config...
13:15:12 [Expansion Quests] - SetupClientData - Loaded existing player quest data for player with UID: UNCCcxNkOxpXYEONIcz7r5MoVpxPCn0WPblUoNZCURI=
13:15:12 [Expansion Quests] - PlayerQuestsInit - Create new quest instance for quest: 20 - Creator UID: UNCCcxNkOxpXYEONIcz7r5MoVpxPCn0WPblUoNZCURI=
13:15:12 [Expansion Quests] - PlayerQuestsInit - Create new quest instance for quest: 23 - Creator UID: UNCCcxNkOxpXYEONIcz7r5MoVpxPCn0WPblUoNZCURI=
13:16:12 [VehicleCarKey] Player "Merky" (id=UNCCcxNkOxpXYEONIcz7r5MoVpxPCn0WPblUoNZCURI= pos=<3407.297607, 20.323666, 4482.883789>) used the  ExpansionCarKey to unlock a ExpansionUAZ
13:20:20 [MissionAirdrop] An airdrop is heading towards "Schlachtfeld" (pos=<3059.000000, 0.000000, 1707.000000> type=Random_Schlachtfeld) with a ExpansionAirdropContainer
13:20:20 [MissionAirdrop] An airdrop is heading towards "Bachham" (pos=<1137.000000, 0.000000, 2551.000000> type=Random_Bachham) with a ExpansionAirdropContainer_Medical
13:24:54 [VehicleCarKey] Player "Merky" (id=UNCCcxNkOxpXYEONIcz7r5MoVpxPCn0WPblUoNZCURI= pos=<2414.359619, 29.154766, 7099.511719>) used the  ExpansionCarKey to unlock a ExpansionUAZ
13:24:56 [VehicleCarKey] Player "Merky" (id=UNCCcxNkOxpXYEONIcz7r5MoVpxPCn0WPblUoNZCURI= pos=<2414.359619, 29.154770, 7099.511719>) used the  ExpansionCarKey to lock a ExpansionUAZ
13:32:14 [VehicleCarKey] Player "Merky" (id=UNCCcxNkOxpXYEONIcz7r5MoVpxPCn0WPblUoNZCURI= pos=<2414.389893, 29.153858, 7099.930176>) used the  ExpansionCarKey to unlock a ExpansionUAZ
13:32:52 [VehicleCarKey] Player "Merky" (id=UNCCcxNkOxpXYEONIcz7r5MoVpxPCn0WPblUoNZCURI= pos=<2414.389893, 29.153858, 7099.930176>) used the  ExpansionCarKey to lock a ExpansionUAZ
13:43:47 [VehicleCarKey] Player "Merky" (id=UNCCcxNkOxpXYEONIcz7r5MoVpxPCn0WPblUoNZCURI= pos=<2414.447266, 29.153902, 7099.856445>) used the  ExpansionCarKey to unlock a ExpansionUAZ
13:43:48 [VehicleCarKey] Player "Merky" (id=UNCCcxNkOxpXYEONIcz7r5MoVpxPCn0WPblUoNZCURI= pos=<2414.447266, 29.153902, 7099.856445>) used the  ExpansionCarKey to lock a ExpansionUAZ
13:43:50 [VehicleCarKey] Player "Merky" (id=UNCCcxNkOxpXYEONIcz7r5MoVpxPCn0WPblUoNZCURI= pos=<2414.447266, 29.153902, 7099.856445>) used the  ExpansionCarKey to unlock a ExpansionUAZ
13:52:13 [VehicleCarKey] Player "Merky" (id=UNCCcxNkOxpXYEONIcz7r5MoVpxPCn0WPblUoNZCURI= pos=<3938.974854, 20.489540, 4989.944824>) used the  ExpansionCarKey to lock a ExpansionUAZ
13:55:11 [Safezone] Player "Majky" (id=wvz1jGdA27Eb3vtZqqzBgGv9Su_0oOujtdP3UqN1c-g= pos=<4215.480469, 13.236212, 4111.035645>) Entered the safezone
13:55:11 [Expansion Quests] - SetupClientData - Loaded existing player quest data for player with UID: wvz1jGdA27Eb3vtZqqzBgGv9Su_0oOujtdP3UqN1c-g=
13:55:11 [Expansion Quests] - PlayerQuestsInit - Create new quest instance for quest: 23 - Creator UID: wvz1jGdA27Eb3vtZqqzBgGv9Su_0oOujtdP3UqN1c-g=
13:55:11 [Expansion Quests] - PlayerQuestsInit - Create new quest instance for quest: 11 - Creator UID: wvz1jGdA27Eb3vtZqqzBgGv9Su_0oOujtdP3UqN1c-g=
13:55:11 [Expansion Quests] - PlayerQuestsInit - Create new quest instance for quest: 6 - Creator UID: wvz1jGdA27Eb3vtZqqzBgGv9Su_0oOujtdP3UqN1c-g=
13:55:11 [Expansion Quests] - PlayerQuestsInit - Create new quest instance for quest: 7 - Creator UID: wvz1jGdA27Eb3vtZqqzBgGv9Su_0oOujtdP3UqN1c-g=
13:55:11 [Expansion Quests] - PlayerQuestsInit - Create new quest instance for quest: 26 - Creator UID: wvz1jGdA27Eb3vtZqqzBgGv9Su_0oOujtdP3UqN1c-g=
13:55:11 [Expansion Quests] - PlayerQuestsInit - Create new quest instance for quest: 9 - Creator UID: wvz1jGdA27Eb3vtZqqzBgGv9Su_0oOujtdP3UqN1c-g=
13:55:11 [Expansion Quests] - PlayerQuestsInit - Create new quest instance for quest: 3 - Creator UID: wvz1jGdA27Eb3vtZqqzBgGv9Su_0oOujtdP3UqN1c-g=
13:55:11 [Expansion Quests] - PlayerQuestsInit - Create new quest instance for quest: 15 - Creator UID: wvz1jGdA27Eb3vtZqqzBgGv9Su_0oOujtdP3UqN1c-g=
13:55:25 [VehicleCarKey] Player "Merky" (id=UNCCcxNkOxpXYEONIcz7r5MoVpxPCn0WPblUoNZCURI= pos=<3939.036621, 20.470631, 4990.474609>) used the  ExpansionCarKey to unlock a ExpansionUAZ
13:56:36 [VehicleCarKey] Player "Majky" (id=wvz1jGdA27Eb3vtZqqzBgGv9Su_0oOujtdP3UqN1c-g= pos=<4259.277344, 11.686046, 4200.556641>) used the  ExpansionCarKey to unlock a CrSk_Hummer_H2_6x6_Camo
13:57:15 [Safezone] Player "Majky" (id=wvz1jGdA27Eb3vtZqqzBgGv9Su_0oOujtdP3UqN1c-g= pos=<4114.530273, 14.937509, 4357.534180>) Left the safezone
13:57:15 [Safezone] Player "Merky" (id=UNCCcxNkOxpXYEONIcz7r5MoVpxPCn0WPblUoNZCURI= pos=<4190.020996, 15.248825, 4243.542969>) Entered the safezone
13:57:19 [Chat - Global]("Merky"(id=UNCCcxNkOxpXYEONIcz7r5MoVpxPCn0WPblUoNZCURI=)): tu tuuu
13:57:34 [Chat - Global]("Majky"(id=wvz1jGdA27Eb3vtZqqzBgGv9Su_0oOujtdP3UqN1c-g=)): trúbiš Hčkom :D 
13:57:41 [Chat - Global]("Merky"(id=UNCCcxNkOxpXYEONIcz7r5MoVpxPCn0WPblUoNZCURI=)): aha ok :D
13:59:04 [VehicleCarKey] Player "Majky" (id=wvz1jGdA27Eb3vtZqqzBgGv9Su_0oOujtdP3UqN1c-g= pos=<3459.510254, 3.585258, 5341.600586>) used the  ExpansionCarKey to lock a CrSk_Hummer_H2_6x6_Camo
13:59:08 [Market] Player "Merky" (id=UNCCcxNkOxpXYEONIcz7r5MoVpxPCn0WPblUoNZCURI=) has send a requested to sell ammobox_545x39_20rnd x1 at the trader "Attachments (Oliver [#STR_EXPANSION_MARKET_TRADER_ATTACHMENTS])" in market zone "OUTLIVE Trader" (pos=<4291.589844, 25.247801, 4162.500000>).
13:59:08 [Market] Player "Merky" (id=UNCCcxNkOxpXYEONIcz7r5MoVpxPCn0WPblUoNZCURI=) has sold ammobox_545x39_20rnd x1 at the trader "Attachments (Oliver [#STR_EXPANSION_MARKET_TRADER_ATTACHMENTS])" in market zone "OUTLIVE Trader" (pos=<4291.589844, 25.247801, 4162.500000>) and got 135.
13:59:12 [Market] Player "Merky" (id=UNCCcxNkOxpXYEONIcz7r5MoVpxPCn0WPblUoNZCURI=) has send a requested to sell mag_expansion_kedr_20rnd x1 at the trader "Attachments (Oliver [#STR_EXPANSION_MARKET_TRADER_ATTACHMENTS])" in market zone "OUTLIVE Trader" (pos=<4291.589844, 25.247801, 4162.500000>).
13:59:12 [Market] Player "Merky" (id=UNCCcxNkOxpXYEONIcz7r5MoVpxPCn0WPblUoNZCURI=) has sold mag_expansion_kedr_20rnd x1 at the trader "Attachments (Oliver [#STR_EXPANSION_MARKET_TRADER_ATTACHMENTS])" in market zone "OUTLIVE Trader" (pos=<4291.589844, 25.247801, 4162.500000>) and got 52.
13:59:15 [Market] Player "Merky" (id=UNCCcxNkOxpXYEONIcz7r5MoVpxPCn0WPblUoNZCURI=) has send a requested to sell puscopeoptic x1 at the trader "Attachments (Oliver [#STR_EXPANSION_MARKET_TRADER_ATTACHMENTS])" in market zone "OUTLIVE Trader" (pos=<4291.589844, 25.247801, 4162.500000>).
13:59:15 [Market] Player "Merky" (id=UNCCcxNkOxpXYEONIcz7r5MoVpxPCn0WPblUoNZCURI=) has sold puscopeoptic x1 at the trader "Attachments (Oliver [#STR_EXPANSION_MARKET_TRADER_ATTACHMENTS])" in market zone "OUTLIVE Trader" (pos=<4291.589844, 25.247801, 4162.500000>) and got 180.
13:59:16 [Market] Player "Merky" (id=UNCCcxNkOxpXYEONIcz7r5MoVpxPCn0WPblUoNZCURI=) has send a requested to sell expansionreflexmrsoptic x1 at the trader "Attachments (Oliver [#STR_EXPANSION_MARKET_TRADER_ATTACHMENTS])" in market zone "OUTLIVE Trader" (pos=<4291.589844, 25.247801, 4162.500000>).
13:59:16 [Market] Player "Merky" (id=UNCCcxNkOxpXYEONIcz7r5MoVpxPCn0WPblUoNZCURI=) has sold expansionreflexmrsoptic x1 at the trader "Attachments (Oliver [#STR_EXPANSION_MARKET_TRADER_ATTACHMENTS])" in market zone "OUTLIVE Trader" (pos=<4291.589844, 25.247801, 4162.500000>) and got 90.
13:59:24 [Market] Player "Merky" (id=UNCCcxNkOxpXYEONIcz7r5MoVpxPCn0WPblUoNZCURI=) has send a requested to sell twp_ammo_44mag x86 at the trader "Attachments (Oliver [#STR_EXPANSION_MARKET_TRADER_ATTACHMENTS])" in market zone "OUTLIVE Trader" (pos=<4291.589844, 25.247801, 4162.500000>).
13:59:24 [Market] Player "Merky" (id=UNCCcxNkOxpXYEONIcz7r5MoVpxPCn0WPblUoNZCURI=) has sold twp_ammo_44mag x86 at the trader "Attachments (Oliver [#STR_EXPANSION_MARKET_TRADER_ATTACHMENTS])" in market zone "OUTLIVE Trader" (pos=<4291.589844, 25.247801, 4162.500000>) and got 129.
13:59:32 [Market] Player "Merky" (id=UNCCcxNkOxpXYEONIcz7r5MoVpxPCn0WPblUoNZCURI=) has send a requested to sell twp_ammo_57x28 x85 at the trader "Attachments (Oliver [#STR_EXPANSION_MARKET_TRADER_ATTACHMENTS])" in market zone "OUTLIVE Trader" (pos=<4291.589844, 25.247801, 4162.500000>).
13:59:32 [Market] Player "Merky" (id=UNCCcxNkOxpXYEONIcz7r5MoVpxPCn0WPblUoNZCURI=) has sold twp_ammo_57x28 x85 at the trader "Attachments (Oliver [#STR_EXPANSION_MARKET_TRADER_ATTACHMENTS])" in market zone "OUTLIVE Trader" (pos=<4291.589844, 25.247801, 4162.500000>) and got 382.
13:59:37 [Market] Player "Merky" (id=UNCCcxNkOxpXYEONIcz7r5MoVpxPCn0WPblUoNZCURI=) has send a requested to sell twp_ammo_792x57 x45 at the trader "Attachments (Oliver [#STR_EXPANSION_MARKET_TRADER_ATTACHMENTS])" in market zone "OUTLIVE Trader" (pos=<4291.589844, 25.247801, 4162.500000>).
13:59:37 [Market] Player "Merky" (id=UNCCcxNkOxpXYEONIcz7r5MoVpxPCn0WPblUoNZCURI=) has sold twp_ammo_792x57 x45 at the trader "Attachments (Oliver [#STR_EXPANSION_MARKET_TRADER_ATTACHMENTS])" in market zone "OUTLIVE Trader" (pos=<4291.589844, 25.247801, 4162.500000>) and got 419.
13:59:40 [Market] Player "Merky" (id=UNCCcxNkOxpXYEONIcz7r5MoVpxPCn0WPblUoNZCURI=) has send a requested to sell twp_amdspaceship_mag_30rnd x1 at the trader "Attachments (Oliver [#STR_EXPANSION_MARKET_TRADER_ATTACHMENTS])" in market zone "OUTLIVE Trader" (pos=<4291.589844, 25.247801, 4162.500000>).
13:59:40 [Market] Player "Merky" (id=UNCCcxNkOxpXYEONIcz7r5MoVpxPCn0WPblUoNZCURI=) has sold twp_amdspaceship_mag_30rnd x1 at the trader "Attachments (Oliver [#STR_EXPANSION_MARKET_TRADER_ATTACHMENTS])" in market zone "OUTLIVE Trader" (pos=<4291.589844, 25.247801, 4162.500000>) and got 298.
13:59:41 [Market] Player "Merky" (id=UNCCcxNkOxpXYEONIcz7r5MoVpxPCn0WPblUoNZCURI=) has send a requested to sell twp_g56_mag_32rnd x1 at the trader "Attachments (Oliver [#STR_EXPANSION_MARKET_TRADER_ATTACHMENTS])" in market zone "OUTLIVE Trader" (pos=<4291.589844, 25.247801, 4162.500000>).
13:59:41 [Market] Player "Merky" (id=UNCCcxNkOxpXYEONIcz7r5MoVpxPCn0WPblUoNZCURI=) has sold twp_g56_mag_32rnd x1 at the trader "Attachments (Oliver [#STR_EXPANSION_MARKET_TRADER_ATTACHMENTS])" in market zone "OUTLIVE Trader" (pos=<4291.589844, 25.247801, 4162.500000>) and got 192.
13:59:42 [Market] Player "Merky" (id=UNCCcxNkOxpXYEONIcz7r5MoVpxPCn0WPblUoNZCURI=) has send a requested to sell twp_ia2_mag_30rnd x1 at the trader "Attachments (Oliver [#STR_EXPANSION_MARKET_TRADER_ATTACHMENTS])" in market zone "OUTLIVE Trader" (pos=<4291.589844, 25.247801, 4162.500000>).
13:59:42 [Market] Player "Merky" (id=UNCCcxNkOxpXYEONIcz7r5MoVpxPCn0WPblUoNZCURI=) has sold twp_ia2_mag_30rnd x1 at the trader "Attachments (Oliver [#STR_EXPANSION_MARKET_TRADER_ATTACHMENTS])" in market zone "OUTLIVE Trader" (pos=<4291.589844, 25.247801, 4162.500000>) and got 315.
13:59:43 [VehicleCarKey] Player "Majky" (id=wvz1jGdA27Eb3vtZqqzBgGv9Su_0oOujtdP3UqN1c-g= pos=<3465.464355, 4.380586, 5392.784180>) used the  ExpansionCarKey to unlock a ExpansionGyrocopter
13:59:44 [Market] Player "Merky" (id=UNCCcxNkOxpXYEONIcz7r5MoVpxPCn0WPblUoNZCURI=) has send a requested to sell twp_svt38_mag_10rnd x1 at the trader "Attachments (Oliver [#STR_EXPANSION_MARKET_TRADER_ATTACHMENTS])" in market zone "OUTLIVE Trader" (pos=<4291.589844, 25.247801, 4162.500000>).
13:59:44 [Market] Player "Merky" (id=UNCCcxNkOxpXYEONIcz7r5MoVpxPCn0WPblUoNZCURI=) has sold twp_svt38_mag_10rnd x1 at the trader "Attachments (Oliver [#STR_EXPANSION_MARKET_TRADER_ATTACHMENTS])" in market zone "OUTLIVE Trader" (pos=<4291.589844, 25.247801, 4162.500000>) and got 138.
13:59:46 [Market] Player "Merky" (id=UNCCcxNkOxpXYEONIcz7r5MoVpxPCn0WPblUoNZCURI=) has send a requested to sell twp_stoner63_mag_30rnd x1 at the trader "Attachments (Oliver [#STR_EXPANSION_MARKET_TRADER_ATTACHMENTS])" in market zone "OUTLIVE Trader" (pos=<4291.589844, 25.247801, 4162.500000>).
13:59:46 [Market] Player "Merky" (id=UNCCcxNkOxpXYEONIcz7r5MoVpxPCn0WPblUoNZCURI=) has sold twp_stoner63_mag_30rnd x1 at the trader "Attachments (Oliver [#STR_EXPANSION_MARKET_TRADER_ATTACHMENTS])" in market zone "OUTLIVE Trader" (pos=<4291.589844, 25.247801, 4162.500000>) and got 180.
13:59:47 [Market] Player "Merky" (id=UNCCcxNkOxpXYEONIcz7r5MoVpxPCn0WPblUoNZCURI=) has send a requested to sell twp_vssk_mag_5rnd x1 at the trader "Attachments (Oliver [#STR_EXPANSION_MARKET_TRADER_ATTACHMENTS])" in market zone "OUTLIVE Trader" (pos=<4291.589844, 25.247801, 4162.500000>).
13:59:47 [Market] Player "Merky" (id=UNCCcxNkOxpXYEONIcz7r5MoVpxPCn0WPblUoNZCURI=) has sold twp_vssk_mag_5rnd x1 at the trader "Attachments (Oliver [#STR_EXPANSION_MARKET_TRADER_ATTACHMENTS])" in market zone "OUTLIVE Trader" (pos=<4291.589844, 25.247801, 4162.500000>) and got 141.
13:59:48 [Market] Player "Merky" (id=UNCCcxNkOxpXYEONIcz7r5MoVpxPCn0WPblUoNZCURI=) has send a requested to sell twp_vssk_mag_5rnd x1 at the trader "Attachments (Oliver [#STR_EXPANSION_MARKET_TRADER_ATTACHMENTS])" in market zone "OUTLIVE Trader" (pos=<4291.589844, 25.247801, 4162.500000>).
13:59:48 [Market] Player "Merky" (id=UNCCcxNkOxpXYEONIcz7r5MoVpxPCn0WPblUoNZCURI=) has sold twp_vssk_mag_5rnd x1 at the trader "Attachments (Oliver [#STR_EXPANSION_MARKET_TRADER_ATTACHMENTS])" in market zone "OUTLIVE Trader" (pos=<4291.589844, 25.247801, 4162.500000>) and got 174.
13:59:52 [Market] Player "Merky" (id=UNCCcxNkOxpXYEONIcz7r5MoVpxPCn0WPblUoNZCURI=) has send a requested to sell twp_longrangeoptic_tan x1 at the trader "Attachments (Oliver [#STR_EXPANSION_MARKET_TRADER_ATTACHMENTS])" in market zone "OUTLIVE Trader" (pos=<4291.589844, 25.247801, 4162.500000>).
13:59:52 [Market] Player "Merky" (id=UNCCcxNkOxpXYEONIcz7r5MoVpxPCn0WPblUoNZCURI=) has sold twp_longrangeoptic_tan x1 at the trader "Attachments (Oliver [#STR_EXPANSION_MARKET_TRADER_ATTACHMENTS])" in market zone "OUTLIVE Trader" (pos=<4291.589844, 25.247801, 4162.500000>) and got 262.
14:00:03 [Market] Player "Merky" (id=UNCCcxNkOxpXYEONIcz7r5MoVpxPCn0WPblUoNZCURI=) has send a requested to sell mosin9130 x1 at the trader "Weapons (Denis [#STR_EXPANSION_MARKET_TRADER_WEAPONS])" in market zone "OUTLIVE Trader" (pos=<4291.589844, 25.247801, 4162.500000>).
14:00:03 [Market] Player "Merky" (id=UNCCcxNkOxpXYEONIcz7r5MoVpxPCn0WPblUoNZCURI=) has sold mosin9130 x1 at the trader "Weapons (Denis [#STR_EXPANSION_MARKET_TRADER_WEAPONS])" in market zone "OUTLIVE Trader" (pos=<4291.589844, 25.247801, 4162.500000>) and got 400.
14:00:04 [Market] Player "Merky" (id=UNCCcxNkOxpXYEONIcz7r5MoVpxPCn0WPblUoNZCURI=) has send a requested to sell sks x1 at the trader "Weapons (Denis [#STR_EXPANSION_MARKET_TRADER_WEAPONS])" in market zone "OUTLIVE Trader" (pos=<4291.589844, 25.247801, 4162.500000>).
14:00:04 [Market] Player "Merky" (id=UNCCcxNkOxpXYEONIcz7r5MoVpxPCn0WPblUoNZCURI=) has sold sks x1 at the trader "Weapons (Denis [#STR_EXPANSION_MARKET_TRADER_WEAPONS])" in market zone "OUTLIVE Trader" (pos=<4291.589844, 25.247801, 4162.500000>) and got 900.
14:00:10 [Market] Player "Merky" (id=UNCCcxNkOxpXYEONIcz7r5MoVpxPCn0WPblUoNZCURI=) has send a requested to sell twp_americanrifle x1 at the trader "Weapons (Denis [#STR_EXPANSION_MARKET_TRADER_WEAPONS])" in market zone "OUTLIVE Trader" (pos=<4291.589844, 25.247801, 4162.500000>).
14:00:10 [Market] Player "Merky" (id=UNCCcxNkOxpXYEONIcz7r5MoVpxPCn0WPblUoNZCURI=) has sold twp_americanrifle x1 at the trader "Weapons (Denis [#STR_EXPANSION_MARKET_TRADER_WEAPONS])" in market zone "OUTLIVE Trader" (pos=<4291.589844, 25.247801, 4162.500000>) and got 5000.
14:00:39 [Market] Player "Merky" (id=UNCCcxNkOxpXYEONIcz7r5MoVpxPCn0WPblUoNZCURI=) has send a requested to sell mvs_balaclava_wraith x1 at the trader "Clothing (Linda [#STR_EXPANSION_MARKET_TRADER_CLOTHING])" in market zone "OUTLIVE Trader" (pos=<4291.589844, 25.247801, 4162.500000>).
14:00:40 [Market] Player "Merky" (id=UNCCcxNkOxpXYEONIcz7r5MoVpxPCn0WPblUoNZCURI=) has sold mvs_balaclava_wraith x1 at the trader "Clothing (Linda [#STR_EXPANSION_MARKET_TRADER_CLOTHING])" in market zone "OUTLIVE Trader" (pos=<4291.589844, 25.247801, 4162.500000>) and got 191.
14:01:13 [VehicleCarKey] Player "Merky" (id=UNCCcxNkOxpXYEONIcz7r5MoVpxPCn0WPblUoNZCURI= pos=<4250.159668, 10.591882, 4171.183105>) used the  ExpansionCarKey to lock a ExpansionUAZ
14:01:15 [VehicleCarKey] Player "Merky" (id=UNCCcxNkOxpXYEONIcz7r5MoVpxPCn0WPblUoNZCURI= pos=<4249.656250, 10.618208, 4171.430176>) used the  ExpansionCarKey to unlock a ExpansionUAZ
14:03:22 [Market] Player "Merky" (id=UNCCcxNkOxpXYEONIcz7r5MoVpxPCn0WPblUoNZCURI=) has send a requested to sell ump45 x1 at the trader "Weapons (Denis [#STR_EXPANSION_MARKET_TRADER_WEAPONS])" in market zone "OUTLIVE Trader" (pos=<4291.589844, 25.247801, 4162.500000>).
14:03:22 [Market] Player "Merky" (id=UNCCcxNkOxpXYEONIcz7r5MoVpxPCn0WPblUoNZCURI=) has sold ump45 x1 at the trader "Weapons (Denis [#STR_EXPANSION_MARKET_TRADER_WEAPONS])" in market zone "OUTLIVE Trader" (pos=<4291.589844, 25.247801, 4162.500000>) and got 75.
14:03:26 [Market] Player "Merky" (id=UNCCcxNkOxpXYEONIcz7r5MoVpxPCn0WPblUoNZCURI=) has send a requested to sell twp_stoner63 x1 at the trader "Weapons (Denis [#STR_EXPANSION_MARKET_TRADER_WEAPONS])" in market zone "OUTLIVE Trader" (pos=<4291.589844, 25.247801, 4162.500000>).
14:03:26 [Market] Player "Merky" (id=UNCCcxNkOxpXYEONIcz7r5MoVpxPCn0WPblUoNZCURI=) has sold twp_stoner63 x1 at the trader "Weapons (Denis [#STR_EXPANSION_MARKET_TRADER_WEAPONS])" in market zone "OUTLIVE Trader" (pos=<4291.589844, 25.247801, 4162.500000>) and got 2800.
14:03:30 [Market] Player "Merky" (id=UNCCcxNkOxpXYEONIcz7r5MoVpxPCn0WPblUoNZCURI=) has send a requested to sell twp_vssk x1 at the trader "Weapons (Denis [#STR_EXPANSION_MARKET_TRADER_WEAPONS])" in market zone "OUTLIVE Trader" (pos=<4291.589844, 25.247801, 4162.500000>).
14:03:30 [Market] Player "Merky" (id=UNCCcxNkOxpXYEONIcz7r5MoVpxPCn0WPblUoNZCURI=) has sold twp_vssk x1 at the trader "Weapons (Denis [#STR_EXPANSION_MARKET_TRADER_WEAPONS])" in market zone "OUTLIVE Trader" (pos=<4291.589844, 25.247801, 4162.500000>) and got 1500.
14:03:36 [Market] Player "Merky" (id=UNCCcxNkOxpXYEONIcz7r5MoVpxPCn0WPblUoNZCURI=) has send a requested to sell augshort x1 at the trader "Weapons (Denis [#STR_EXPANSION_MARKET_TRADER_WEAPONS])" in market zone "OUTLIVE Trader" (pos=<4291.589844, 25.247801, 4162.500000>).
14:03:36 [Market] Player "Merky" (id=UNCCcxNkOxpXYEONIcz7r5MoVpxPCn0WPblUoNZCURI=) has sold augshort x1 at the trader "Weapons (Denis [#STR_EXPANSION_MARKET_TRADER_WEAPONS])" in market zone "OUTLIVE Trader" (pos=<4291.589844, 25.247801, 4162.500000>) and got 2000.
14:03:46 [Market] Player "Merky" (id=UNCCcxNkOxpXYEONIcz7r5MoVpxPCn0WPblUoNZCURI=) has send a requested to sell mag_expansion_m14_20rnd x1 at the trader "Attachments (Oliver [#STR_EXPANSION_MARKET_TRADER_ATTACHMENTS])" in market zone "OUTLIVE Trader" (pos=<4291.589844, 25.247801, 4162.500000>).
14:03:46 [Market] Player "Merky" (id=UNCCcxNkOxpXYEONIcz7r5MoVpxPCn0WPblUoNZCURI=) has sold mag_expansion_m14_20rnd x1 at the trader "Attachments (Oliver [#STR_EXPANSION_MARKET_TRADER_ATTACHMENTS])" in market zone "OUTLIVE Trader" (pos=<4291.589844, 25.247801, 4162.500000>) and got 80.
14:03:48 [Market] Player "Merky" (id=UNCCcxNkOxpXYEONIcz7r5MoVpxPCn0WPblUoNZCURI=) has send a requested to sell pso1optic x1 at the trader "Attachments (Oliver [#STR_EXPANSION_MARKET_TRADER_ATTACHMENTS])" in market zone "OUTLIVE Trader" (pos=<4291.589844, 25.247801, 4162.500000>).
14:03:49 [Market] Player "Merky" (id=UNCCcxNkOxpXYEONIcz7r5MoVpxPCn0WPblUoNZCURI=) has sold pso1optic x1 at the trader "Attachments (Oliver [#STR_EXPANSION_MARKET_TRADER_ATTACHMENTS])" in market zone "OUTLIVE Trader" (pos=<4291.589844, 25.247801, 4162.500000>) and got 220.
14:03:49 [Market] Player "Merky" (id=UNCCcxNkOxpXYEONIcz7r5MoVpxPCn0WPblUoNZCURI=) has send a requested to sell expansionreflexmrsoptic x1 at the trader "Attachments (Oliver [#STR_EXPANSION_MARKET_TRADER_ATTACHMENTS])" in market zone "OUTLIVE Trader" (pos=<4291.589844, 25.247801, 4162.500000>).
14:03:49 [Market] Player "Merky" (id=UNCCcxNkOxpXYEONIcz7r5MoVpxPCn0WPblUoNZCURI=) has sold expansionreflexmrsoptic x1 at the trader "Attachments (Oliver [#STR_EXPANSION_MARKET_TRADER_ATTACHMENTS])" in market zone "OUTLIVE Trader" (pos=<4291.589844, 25.247801, 4162.500000>) and got 90.
14:03:57 [Market] Player "Merky" (id=UNCCcxNkOxpXYEONIcz7r5MoVpxPCn0WPblUoNZCURI=) has send a requested to sell twp_ammo_arrow x63 at the trader "Attachments (Oliver [#STR_EXPANSION_MARKET_TRADER_ATTACHMENTS])" in market zone "OUTLIVE Trader" (pos=<4291.589844, 25.247801, 4162.500000>).
14:03:57 [Market] Player "Merky" (id=UNCCcxNkOxpXYEONIcz7r5MoVpxPCn0WPblUoNZCURI=) has sold twp_ammo_arrow x63 at the trader "Attachments (Oliver [#STR_EXPANSION_MARKET_TRADER_ATTACHMENTS])" in market zone "OUTLIVE Trader" (pos=<4291.589844, 25.247801, 4162.500000>) and got 851.
14:04:03 [Market] Player "Merky" (id=UNCCcxNkOxpXYEONIcz7r5MoVpxPCn0WPblUoNZCURI=) has send a requested to sell twp_ammo_40sw x84 at the trader "Attachments (Oliver [#STR_EXPANSION_MARKET_TRADER_ATTACHMENTS])" in market zone "OUTLIVE Trader" (pos=<4291.589844, 25.247801, 4162.500000>).
14:04:03 [Market] Player "Merky" (id=UNCCcxNkOxpXYEONIcz7r5MoVpxPCn0WPblUoNZCURI=) has sold twp_ammo_40sw x84 at the trader "Attachments (Oliver [#STR_EXPANSION_MARKET_TRADER_ATTACHMENTS])" in market zone "OUTLIVE Trader" (pos=<4291.589844, 25.247801, 4162.500000>) and got 504.
14:04:09 [Market] Player "Merky" (id=UNCCcxNkOxpXYEONIcz7r5MoVpxPCn0WPblUoNZCURI=) has send a requested to sell twp_ammo_300winmag x6 at the trader "Attachments (Oliver [#STR_EXPANSION_MARKET_TRADER_ATTACHMENTS])" in market zone "OUTLIVE Trader" (pos=<4291.589844, 25.247801, 4162.500000>).
14:04:09 [Market] Player "Merky" (id=UNCCcxNkOxpXYEONIcz7r5MoVpxPCn0WPblUoNZCURI=) has sold twp_ammo_300winmag x6 at the trader "Attachments (Oliver [#STR_EXPANSION_MARKET_TRADER_ATTACHMENTS])" in market zone "OUTLIVE Trader" (pos=<4291.589844, 25.247801, 4162.500000>) and got 54.
14:04:12 [Market] Player "Merky" (id=UNCCcxNkOxpXYEONIcz7r5MoVpxPCn0WPblUoNZCURI=) has send a requested to sell twp_ak9_mag_30rnd x1 at the trader "Attachments (Oliver [#STR_EXPANSION_MARKET_TRADER_ATTACHMENTS])" in market zone "OUTLIVE Trader" (pos=<4291.589844, 25.247801, 4162.500000>).
14:04:12 [Market] Player "Merky" (id=UNCCcxNkOxpXYEONIcz7r5MoVpxPCn0WPblUoNZCURI=) has sold twp_ak9_mag_30rnd x1 at the trader "Attachments (Oliver [#STR_EXPANSION_MARKET_TRADER_ATTACHMENTS])" in market zone "OUTLIVE Trader" (pos=<4291.589844, 25.247801, 4162.500000>) and got 180.
14:04:13 [Market] Player "Merky" (id=UNCCcxNkOxpXYEONIcz7r5MoVpxPCn0WPblUoNZCURI=) has send a requested to sell twp_r700_mag_10rnd x1 at the trader "Attachments (Oliver [#STR_EXPANSION_MARKET_TRADER_ATTACHMENTS])" in market zone "OUTLIVE Trader" (pos=<4291.589844, 25.247801, 4162.500000>).
14:04:13 [Market] Player "Merky" (id=UNCCcxNkOxpXYEONIcz7r5MoVpxPCn0WPblUoNZCURI=) has sold twp_r700_mag_10rnd x1 at the trader "Attachments (Oliver [#STR_EXPANSION_MARKET_TRADER_ATTACHMENTS])" in market zone "OUTLIVE Trader" (pos=<4291.589844, 25.247801, 4162.500000>) and got 75.
14:04:14 [Market] Player "Merky" (id=UNCCcxNkOxpXYEONIcz7r5MoVpxPCn0WPblUoNZCURI=) has send a requested to sell twp_rk95_mag_30rnd x1 at the trader "Attachments (Oliver [#STR_EXPANSION_MARKET_TRADER_ATTACHMENTS])" in market zone "OUTLIVE Trader" (pos=<4291.589844, 25.247801, 4162.500000>).
14:04:14 [Market] Player "Merky" (id=UNCCcxNkOxpXYEONIcz7r5MoVpxPCn0WPblUoNZCURI=) has sold twp_rk95_mag_30rnd x1 at the trader "Attachments (Oliver [#STR_EXPANSION_MARKET_TRADER_ATTACHMENTS])" in market zone "OUTLIVE Trader" (pos=<4291.589844, 25.247801, 4162.500000>) and got 256.
14:04:15 [Market] Player "Merky" (id=UNCCcxNkOxpXYEONIcz7r5MoVpxPCn0WPblUoNZCURI=) has send a requested to sell twp_kacpdw_mag_30rnd x1 at the trader "Attachments (Oliver [#STR_EXPANSION_MARKET_TRADER_ATTACHMENTS])" in market zone "OUTLIVE Trader" (pos=<4291.589844, 25.247801, 4162.500000>).
14:04:15 [Market] Player "Merky" (id=UNCCcxNkOxpXYEONIcz7r5MoVpxPCn0WPblUoNZCURI=) has sold twp_kacpdw_mag_30rnd x1 at the trader "Attachments (Oliver [#STR_EXPANSION_MARKET_TRADER_ATTACHMENTS])" in market zone "OUTLIVE Trader" (pos=<4291.589844, 25.247801, 4162.500000>) and got 233.
14:04:16 [Market] Player "Merky" (id=UNCCcxNkOxpXYEONIcz7r5MoVpxPCn0WPblUoNZCURI=) has send a requested to sell twp_m16a1_mag_20rnd x1 at the trader "Attachments (Oliver [#STR_EXPANSION_MARKET_TRADER_ATTACHMENTS])" in market zone "OUTLIVE Trader" (pos=<4291.589844, 25.247801, 4162.500000>).
14:04:16 [Market] Player "Merky" (id=UNCCcxNkOxpXYEONIcz7r5MoVpxPCn0WPblUoNZCURI=) has sold twp_m16a1_mag_20rnd x1 at the trader "Attachments (Oliver [#STR_EXPANSION_MARKET_TRADER_ATTACHMENTS])" in market zone "OUTLIVE Trader" (pos=<4291.589844, 25.247801, 4162.500000>) and got 120.
14:04:17 [Market] Player "Merky" (id=UNCCcxNkOxpXYEONIcz7r5MoVpxPCn0WPblUoNZCURI=) has send a requested to sell twp_tac21_mag_8rnd x1 at the trader "Attachments (Oliver [#STR_EXPANSION_MARKET_TRADER_ATTACHMENTS])" in market zone "OUTLIVE Trader" (pos=<4291.589844, 25.247801, 4162.500000>).
14:04:17 [Market] Player "Merky" (id=UNCCcxNkOxpXYEONIcz7r5MoVpxPCn0WPblUoNZCURI=) has sold twp_tac21_mag_8rnd x1 at the trader "Attachments (Oliver [#STR_EXPANSION_MARKET_TRADER_ATTACHMENTS])" in market zone "OUTLIVE Trader" (pos=<4291.589844, 25.247801, 4162.500000>) and got 75.
14:04:21 [Market] Player "Merky" (id=UNCCcxNkOxpXYEONIcz7r5MoVpxPCn0WPblUoNZCURI=) has send a requested to sell twp_optic_aimdot x1 at the trader "Attachments (Oliver [#STR_EXPANSION_MARKET_TRADER_ATTACHMENTS])" in market zone "OUTLIVE Trader" (pos=<4291.589844, 25.247801, 4162.500000>).
14:04:21 [Market] Player "Merky" (id=UNCCcxNkOxpXYEONIcz7r5MoVpxPCn0WPblUoNZCURI=) has sold twp_optic_aimdot x1 at the trader "Attachments (Oliver [#STR_EXPANSION_MARKET_TRADER_ATTACHMENTS])" in market zone "OUTLIVE Trader" (pos=<4291.589844, 25.247801, 4162.500000>) and got 525.
14:04:24 [Market] Player "Merky" (id=UNCCcxNkOxpXYEONIcz7r5MoVpxPCn0WPblUoNZCURI=) has send a requested to sell twp_optic_redcross x1 at the trader "Attachments (Oliver [#STR_EXPANSION_MARKET_TRADER_ATTACHMENTS])" in market zone "OUTLIVE Trader" (pos=<4291.589844, 25.247801, 4162.500000>).
14:04:24 [Market] Player "Merky" (id=UNCCcxNkOxpXYEONIcz7r5MoVpxPCn0WPblUoNZCURI=) has sold twp_optic_redcross x1 at the trader "Attachments (Oliver [#STR_EXPANSION_MARKET_TRADER_ATTACHMENTS])" in market zone "OUTLIVE Trader" (pos=<4291.589844, 25.247801, 4162.500000>) and got 188.
14:04:27 [Market] Player "Merky" (id=UNCCcxNkOxpXYEONIcz7r5MoVpxPCn0WPblUoNZCURI=) has send a requested to sell twp_usppsychodelic_supressor x1 at the trader "Attachments (Oliver [#STR_EXPANSION_MARKET_TRADER_ATTACHMENTS])" in market zone "OUTLIVE Trader" (pos=<4291.589844, 25.247801, 4162.500000>).
14:04:27 [Market] Player "Merky" (id=UNCCcxNkOxpXYEONIcz7r5MoVpxPCn0WPblUoNZCURI=) has sold twp_usppsychodelic_supressor x1 at the trader "Attachments (Oliver [#STR_EXPANSION_MARKET_TRADER_ATTACHMENTS])" in market zone "OUTLIVE Trader" (pos=<4291.589844, 25.247801, 4162.500000>) and got 250.
14:04:58 [VehicleCarKey] Player "Merky" (id=UNCCcxNkOxpXYEONIcz7r5MoVpxPCn0WPblUoNZCURI= pos=<4250.276367, 10.664356, 4171.871094>) used the  ExpansionCarKey to lock a ExpansionUAZ
14:05:22 [Market] Player "Merky" (id=UNCCcxNkOxpXYEONIcz7r5MoVpxPCn0WPblUoNZCURI=) has send a requested to sell twp_winchester1873 x1 at the trader "Weapons (Denis [#STR_EXPANSION_MARKET_TRADER_WEAPONS])" in market zone "OUTLIVE Trader" (pos=<4291.589844, 25.247801, 4162.500000>).
14:05:22 [Market] Player "Merky" (id=UNCCcxNkOxpXYEONIcz7r5MoVpxPCn0WPblUoNZCURI=) has sold twp_winchester1873 x1 at the trader "Weapons (Denis [#STR_EXPANSION_MARKET_TRADER_WEAPONS])" in market zone "OUTLIVE Trader" (pos=<4291.589844, 25.247801, 4162.500000>) and got 600.
14:05:23 [Market] Player "Merky" (id=UNCCcxNkOxpXYEONIcz7r5MoVpxPCn0WPblUoNZCURI=) has send a requested to sell twp_m200mod x1 at the trader "Weapons (Denis [#STR_EXPANSION_MARKET_TRADER_WEAPONS])" in market zone "OUTLIVE Trader" (pos=<4291.589844, 25.247801, 4162.500000>).
14:05:23 [Market] Player "Merky" (id=UNCCcxNkOxpXYEONIcz7r5MoVpxPCn0WPblUoNZCURI=) has sold twp_m200mod x1 at the trader "Weapons (Denis [#STR_EXPANSION_MARKET_TRADER_WEAPONS])" in market zone "OUTLIVE Trader" (pos=<4291.589844, 25.247801, 4162.500000>) and got 5500.
14:05:27 [Market] Player "Merky" (id=UNCCcxNkOxpXYEONIcz7r5MoVpxPCn0WPblUoNZCURI=) has send a requested to sell m16a2 x1 at the trader "Weapons (Denis [#STR_EXPANSION_MARKET_TRADER_WEAPONS])" in market zone "OUTLIVE Trader" (pos=<4291.589844, 25.247801, 4162.500000>).
14:05:27 [Market] Player "Merky" (id=UNCCcxNkOxpXYEONIcz7r5MoVpxPCn0WPblUoNZCURI=) has sold m16a2 x1 at the trader "Weapons (Denis [#STR_EXPANSION_MARKET_TRADER_WEAPONS])" in market zone "OUTLIVE Trader" (pos=<4291.589844, 25.247801, 4162.500000>) and got 2288.
14:05:28 [Market] Player "Merky" (id=UNCCcxNkOxpXYEONIcz7r5MoVpxPCn0WPblUoNZCURI=) has send a requested to sell m16a2 x1 at the trader "Weapons (Denis [#STR_EXPANSION_MARKET_TRADER_WEAPONS])" in market zone "OUTLIVE Trader" (pos=<4291.589844, 25.247801, 4162.500000>).
14:05:28 [Market] Player "Merky" (id=UNCCcxNkOxpXYEONIcz7r5MoVpxPCn0WPblUoNZCURI=) has sold m16a2 x1 at the trader "Weapons (Denis [#STR_EXPANSION_MARKET_TRADER_WEAPONS])" in market zone "OUTLIVE Trader" (pos=<4291.589844, 25.247801, 4162.500000>) and got 2288.
14:05:36 [Expansion Quests] - CreateQuestInstance - Created new quest instance for player with UID wvz1jGdA27Eb3vtZqqzBgGv9Su_0oOujtdP3UqN1c-g= for quest 8
14:05:36 [Expansion Quests] - ExpansionQuest - Quest owner ID: wvz1jGdA27Eb3vtZqqzBgGv9Su_0oOujtdP3UqN1c-g=
14:05:36 [Expansion Quests] - ExpansionQuest - Quest ID: 8
14:05:36 [Expansion Quests] - ExpansionQuest - Quest state: 1
14:05:36 [Expansion Quests] - ExpansionQuest - Quest completed: false
14:05:40 [Market] Player "Merky" (id=UNCCcxNkOxpXYEONIcz7r5MoVpxPCn0WPblUoNZCURI=) has send a requested to sell ammo_45acp x1 at the trader "Attachments (Oliver [#STR_EXPANSION_MARKET_TRADER_ATTACHMENTS])" in market zone "OUTLIVE Trader" (pos=<4291.589844, 25.247801, 4162.500000>).
14:05:40 [Market] Player "Merky" (id=UNCCcxNkOxpXYEONIcz7r5MoVpxPCn0WPblUoNZCURI=) has sold ammo_45acp x1 at the trader "Attachments (Oliver [#STR_EXPANSION_MARKET_TRADER_ATTACHMENTS])" in market zone "OUTLIVE Trader" (pos=<4291.589844, 25.247801, 4162.500000>) and got 2.
14:05:42 [Expansion Quests] - CreateQuestInstance - Created new quest instance for player with UID wvz1jGdA27Eb3vtZqqzBgGv9Su_0oOujtdP3UqN1c-g= for quest 16
14:05:42 [Expansion Quests] - ExpansionQuest - Quest owner ID: wvz1jGdA27Eb3vtZqqzBgGv9Su_0oOujtdP3UqN1c-g=
14:05:42 [Expansion Quests] - ExpansionQuest - Quest ID: 16
14:05:42 [Expansion Quests] - ExpansionQuest - Quest state: 1
14:05:42 [Expansion Quests] - ExpansionQuest - Quest completed: false
14:05:45 [Market] Player "Merky" (id=UNCCcxNkOxpXYEONIcz7r5MoVpxPCn0WPblUoNZCURI=) has send a requested to sell ammo_45acp x110 at the trader "Attachments (Oliver [#STR_EXPANSION_MARKET_TRADER_ATTACHMENTS])" in market zone "OUTLIVE Trader" (pos=<4291.589844, 25.247801, 4162.500000>).
14:05:45 [Market] Player "Merky" (id=UNCCcxNkOxpXYEONIcz7r5MoVpxPCn0WPblUoNZCURI=) has sold ammo_45acp x110 at the trader "Attachments (Oliver [#STR_EXPANSION_MARKET_TRADER_ATTACHMENTS])" in market zone "OUTLIVE Trader" (pos=<4291.589844, 25.247801, 4162.500000>) and got 164.
14:05:51 [Market] Player "Merky" (id=UNCCcxNkOxpXYEONIcz7r5MoVpxPCn0WPblUoNZCURI=) has send a requested to sell ammo_545x39 x33 at the trader "Attachments (Oliver [#STR_EXPANSION_MARKET_TRADER_ATTACHMENTS])" in market zone "OUTLIVE Trader" (pos=<4291.589844, 25.247801, 4162.500000>).
14:05:51 [Market] Player "Merky" (id=UNCCcxNkOxpXYEONIcz7r5MoVpxPCn0WPblUoNZCURI=) has sold ammo_545x39 x33 at the trader "Attachments (Oliver [#STR_EXPANSION_MARKET_TRADER_ATTACHMENTS])" in market zone "OUTLIVE Trader" (pos=<4291.589844, 25.247801, 4162.500000>) and got 198.
14:05:56 [Market] Player "Merky" (id=UNCCcxNkOxpXYEONIcz7r5MoVpxPCn0WPblUoNZCURI=) has send a requested to sell ammo_762x54tracer x41 at the trader "Attachments (Oliver [#STR_EXPANSION_MARKET_TRADER_ATTACHMENTS])" in market zone "OUTLIVE Trader" (pos=<4291.589844, 25.247801, 4162.500000>).
14:05:56 [Market] Player "Merky" (id=UNCCcxNkOxpXYEONIcz7r5MoVpxPCn0WPblUoNZCURI=) has sold ammo_762x54tracer x41 at the trader "Attachments (Oliver [#STR_EXPANSION_MARKET_TRADER_ATTACHMENTS])" in market zone "OUTLIVE Trader" (pos=<4291.589844, 25.247801, 4162.500000>) and got 369.
14:06:03 [Market] Player "Merky" (id=UNCCcxNkOxpXYEONIcz7r5MoVpxPCn0WPblUoNZCURI=) has send a requested to sell ammo_9x39 x18 at the trader "Attachments (Oliver [#STR_EXPANSION_MARKET_TRADER_ATTACHMENTS])" in market zone "OUTLIVE Trader" (pos=<4291.589844, 25.247801, 4162.500000>).
14:06:03 [Market] Player "Merky" (id=UNCCcxNkOxpXYEONIcz7r5MoVpxPCn0WPblUoNZCURI=) has sold ammo_9x39 x18 at the trader "Attachments (Oliver [#STR_EXPANSION_MARKET_TRADER_ATTACHMENTS])" in market zone "OUTLIVE Trader" (pos=<4291.589844, 25.247801, 4162.500000>) and got 70.
14:06:13 [ATM Locker] Player "Merky" (id=UNCCcxNkOxpXYEONIcz7r5MoVpxPCn0WPblUoNZCURI=) has deposited 31133 on his ATM account.
14:09:10 [Market] Player "Merky" (id=UNCCcxNkOxpXYEONIcz7r5MoVpxPCn0WPblUoNZCURI=) has send a requested to sell personalradio x1 at the trader "BuildingSupplies (Boris [#STR_EXPANSION_MARKET_TRADER_BUILDING_SUPPLIES])" in market zone "OUTLIVE Trader" (pos=<4291.589844, 25.247801, 4162.500000>).
14:09:10 [Market] Player "Merky" (id=UNCCcxNkOxpXYEONIcz7r5MoVpxPCn0WPblUoNZCURI=) has sold personalradio x1 at the trader "BuildingSupplies (Boris [#STR_EXPANSION_MARKET_TRADER_BUILDING_SUPPLIES])" in market zone "OUTLIVE Trader" (pos=<4291.589844, 25.247801, 4162.500000>) and got 300.
14:09:15 [Market] Player "Merky" (id=UNCCcxNkOxpXYEONIcz7r5MoVpxPCn0WPblUoNZCURI=) has send a requested to sell weaponcleaningkit x1 at the trader "BuildingSupplies (Boris [#STR_EXPANSION_MARKET_TRADER_BUILDING_SUPPLIES])" in market zone "OUTLIVE Trader" (pos=<4291.589844, 25.247801, 4162.500000>).
14:09:15 [Market] Player "Merky" (id=UNCCcxNkOxpXYEONIcz7r5MoVpxPCn0WPblUoNZCURI=) has sold weaponcleaningkit x1 at the trader "BuildingSupplies (Boris [#STR_EXPANSION_MARKET_TRADER_BUILDING_SUPPLIES])" in market zone "OUTLIVE Trader" (pos=<4291.589844, 25.247801, 4162.500000>) and got 600.
14:09:16 [Market] Player "Merky" (id=UNCCcxNkOxpXYEONIcz7r5MoVpxPCn0WPblUoNZCURI=) has send a requested to sell weaponcleaningkit x1 at the trader "BuildingSupplies (Boris [#STR_EXPANSION_MARKET_TRADER_BUILDING_SUPPLIES])" in market zone "OUTLIVE Trader" (pos=<4291.589844, 25.247801, 4162.500000>).
14:09:16 [Market] Player "Merky" (id=UNCCcxNkOxpXYEONIcz7r5MoVpxPCn0WPblUoNZCURI=) has sold weaponcleaningkit x1 at the trader "BuildingSupplies (Boris [#STR_EXPANSION_MARKET_TRADER_BUILDING_SUPPLIES])" in market zone "OUTLIVE Trader" (pos=<4291.589844, 25.247801, 4162.500000>) and got 600.
14:09:23 [VehicleCarKey] Player "Merky" (id=UNCCcxNkOxpXYEONIcz7r5MoVpxPCn0WPblUoNZCURI= pos=<4247.957031, 10.456151, 4169.918457>) used the  ExpansionCarKey to unlock a ExpansionUAZ
14:09:32 [VehicleCarKey] Player "Merky" (id=UNCCcxNkOxpXYEONIcz7r5MoVpxPCn0WPblUoNZCURI= pos=<4249.627441, 10.615417, 4171.413086>) used the  ExpansionCarKey to lock a ExpansionUAZ
14:09:57 [Market] Player "Merky" (id=UNCCcxNkOxpXYEONIcz7r5MoVpxPCn0WPblUoNZCURI=) has send a requested to sell truckbattery x1 at the trader "BuildingSupplies (Boris [#STR_EXPANSION_MARKET_TRADER_BUILDING_SUPPLIES])" in market zone "OUTLIVE Trader" (pos=<4291.589844, 25.247801, 4162.500000>).
14:09:57 [Market] Player "Merky" (id=UNCCcxNkOxpXYEONIcz7r5MoVpxPCn0WPblUoNZCURI=) has sold truckbattery x1 at the trader "BuildingSupplies (Boris [#STR_EXPANSION_MARKET_TRADER_BUILDING_SUPPLIES])" in market zone "OUTLIVE Trader" (pos=<4291.589844, 25.247801, 4162.500000>) and got 500.
14:10:05 [ATM Locker] Player "Merky" (id=UNCCcxNkOxpXYEONIcz7r5MoVpxPCn0WPblUoNZCURI=) has deposited 2000 on his ATM account.
14:11:21 [VehicleCarKey] Player "Merky" (id=UNCCcxNkOxpXYEONIcz7r5MoVpxPCn0WPblUoNZCURI= pos=<4249.184082, 10.571565, 4171.041504>) used the  ExpansionCarKey to unlock a ExpansionUAZ
14:12:41 [Safezone] Player "Merky" (id=UNCCcxNkOxpXYEONIcz7r5MoVpxPCn0WPblUoNZCURI= pos=<4425.116699, 4.891835, 3942.934082>) Left the safezone
14:14:32 [VehicleCarKey] Player "Merky" (id=UNCCcxNkOxpXYEONIcz7r5MoVpxPCn0WPblUoNZCURI= pos=<4442.312500, 3.278140, 3165.803223>) used the  ExpansionCarKey to lock a ExpansionUAZ
14:18:49 [VehicleCarKey] Player "Merky" (id=UNCCcxNkOxpXYEONIcz7r5MoVpxPCn0WPblUoNZCURI= pos=<4445.807617, 3.567876, 3164.843018>) used the  ExpansionCarKey to unlock a ExpansionUAZ
14:27:14 [VehicleCarKey] Player "Merky" (id=UNCCcxNkOxpXYEONIcz7r5MoVpxPCn0WPblUoNZCURI= pos=<2891.392578, 17.858015, 1477.664307>) used the  ExpansionCarKey to lock a ExpansionUAZ
14:28:53 [Expansion Quests] - SetupClientData - Got cached player quest data for player with UID: wvz1jGdA27Eb3vtZqqzBgGv9Su_0oOujtdP3UqN1c-g=
14:28:53 [Expansion Quests] - PlayerQuestsInit - Create new quest instance for quest: 23 - Creator UID: wvz1jGdA27Eb3vtZqqzBgGv9Su_0oOujtdP3UqN1c-g=
14:28:53 [Expansion Quests] - PlayerQuestsInit - Create new quest instance for quest: 6 - Creator UID: wvz1jGdA27Eb3vtZqqzBgGv9Su_0oOujtdP3UqN1c-g=
14:28:53 [Expansion Quests] - PlayerQuestsInit - Create new quest instance for quest: 26 - Creator UID: wvz1jGdA27Eb3vtZqqzBgGv9Su_0oOujtdP3UqN1c-g=
14:28:53 [Expansion Quests] - PlayerQuestsInit - Create new quest instance for quest: 3 - Creator UID: wvz1jGdA27Eb3vtZqqzBgGv9Su_0oOujtdP3UqN1c-g=
14:28:53 [Expansion Quests] - PlayerQuestsInit - Create new quest instance for quest: 8 - Creator UID: wvz1jGdA27Eb3vtZqqzBgGv9Su_0oOujtdP3UqN1c-g=
14:29:06 [VehicleCarKey] Player "Majky" (id=wvz1jGdA27Eb3vtZqqzBgGv9Su_0oOujtdP3UqN1c-g= pos=<4776.520508, 20.874134, 5437.171875>) used the  ExpansionCarKey to lock a ExpansionGyrocopter
14:32:32 [VehicleCarKey] Player "Merky" (id=UNCCcxNkOxpXYEONIcz7r5MoVpxPCn0WPblUoNZCURI= pos=<2890.900146, 17.830601, 1477.628296>) used the  ExpansionCarKey to unlock a ExpansionUAZ
14:35:15 [Expansion Quests] - SetupClientData - Loaded existing player quest data for player with UID: OWXX6Y-5LFd-7A6ELi2o-QPO0kjmZUMZvMTKL0AQ_q0=
14:35:15 [Expansion Quests] - PlayerQuestsInit - Create new quest instance for quest: 23 - Creator UID: OWXX6Y-5LFd-7A6ELi2o-QPO0kjmZUMZvMTKL0AQ_q0=
14:35:56 [VehicleCarKey] Player "Merky" (id=UNCCcxNkOxpXYEONIcz7r5MoVpxPCn0WPblUoNZCURI= pos=<1990.008423, 21.499756, 2387.478027>) used the  ExpansionCarKey to lock a ExpansionUAZ
14:36:39 [VehicleCarKey] Player "Merky" (id=UNCCcxNkOxpXYEONIcz7r5MoVpxPCn0WPblUoNZCURI= pos=<1989.887573, 21.497341, 2387.441895>) used the  ExpansionCarKey to unlock a ExpansionUAZ
14:37:45 [Expansion Quests] - SetupClientData - Got cached player quest data for player with UID: OWXX6Y-5LFd-7A6ELi2o-QPO0kjmZUMZvMTKL0AQ_q0=
14:37:45 [Expansion Quests] - PlayerQuestsInit - Create new quest instance for quest: 23 - Creator UID: OWXX6Y-5LFd-7A6ELi2o-QPO0kjmZUMZvMTKL0AQ_q0=
14:39:42 [Safezone] Player "Kocur69" (id=iTnQj5Zddd6ul6ie1MZ58a6IghppA2N8HvFffg9SNWw= pos=<4279.084473, 8.671268, 4172.575684>) Entered the safezone
14:39:42 [Expansion Quests] - SetupClientData - Loaded existing player quest data for player with UID: iTnQj5Zddd6ul6ie1MZ58a6IghppA2N8HvFffg9SNWw=
14:39:42 [Expansion Quests] - PlayerQuestsInit - Create new quest instance for quest: 23 - Creator UID: iTnQj5Zddd6ul6ie1MZ58a6IghppA2N8HvFffg9SNWw=
14:40:50 [Market] Player "Kocur69" (id=iTnQj5Zddd6ul6ie1MZ58a6IghppA2N8HvFffg9SNWw=) has send a requested to sell mvs_warriorhelmet_multicam_tropic x1 at the trader "Clothing (Linda [#STR_EXPANSION_MARKET_TRADER_CLOTHING])" in market zone "OUTLIVE Trader" (pos=<4291.589844, 25.247801, 4162.500000>).
14:40:50 [Market] Player "Kocur69" (id=iTnQj5Zddd6ul6ie1MZ58a6IghppA2N8HvFffg9SNWw=) has sold mvs_warriorhelmet_multicam_tropic x1 at the trader "Clothing (Linda [#STR_EXPANSION_MARKET_TRADER_CLOTHING])" in market zone "OUTLIVE Trader" (pos=<4291.589844, 25.247801, 4162.500000>) and got 900.
14:41:02 [Market] Player "Kocur69" (id=iTnQj5Zddd6ul6ie1MZ58a6IghppA2N8HvFffg9SNWw=) has send a requested to sell mmg_mk_iii_armor_tan x1 at the trader "Clothing (Linda [#STR_EXPANSION_MARKET_TRADER_CLOTHING])" in market zone "OUTLIVE Trader" (pos=<4291.589844, 25.247801, 4162.500000>).
14:41:02 [Market] Player "Kocur69" (id=iTnQj5Zddd6ul6ie1MZ58a6IghppA2N8HvFffg9SNWw=) has sold mmg_mk_iii_armor_tan x1 at the trader "Clothing (Linda [#STR_EXPANSION_MARKET_TRADER_CLOTHING])" in market zone "OUTLIVE Trader" (pos=<4291.589844, 25.247801, 4162.500000>) and got 2750.
14:41:16 [Market] Player "Kocur69" (id=iTnQj5Zddd6ul6ie1MZ58a6IghppA2N8HvFffg9SNWw=) has send a requested to sell mmg_combatshirt_multicam x1 at the trader "Clothing (Linda [#STR_EXPANSION_MARKET_TRADER_CLOTHING])" in market zone "OUTLIVE Trader" (pos=<4291.589844, 25.247801, 4162.500000>).
14:41:16 [Market] Player "Kocur69" (id=iTnQj5Zddd6ul6ie1MZ58a6IghppA2N8HvFffg9SNWw=) has sold mmg_combatshirt_multicam x1 at the trader "Clothing (Linda [#STR_EXPANSION_MARKET_TRADER_CLOTHING])" in market zone "OUTLIVE Trader" (pos=<4291.589844, 25.247801, 4162.500000>) and got 500.
14:41:45 [VehicleCarKey] Player "Merky" (id=UNCCcxNkOxpXYEONIcz7r5MoVpxPCn0WPblUoNZCURI= pos=<3190.236084, 20.022009, 2899.458008>) used the  ExpansionCarKey to lock a ExpansionUAZ
14:42:22 [Market] Player "Kocur69" (id=iTnQj5Zddd6ul6ie1MZ58a6IghppA2N8HvFffg9SNWw=) has send a requested to sell twp_ammobox_762x25_30rnd x1 at the trader "Attachments (Oliver [#STR_EXPANSION_MARKET_TRADER_ATTACHMENTS])" in market zone "OUTLIVE Trader" (pos=<4291.589844, 25.247801, 4162.500000>).
14:42:22 [Market] Player "Kocur69" (id=iTnQj5Zddd6ul6ie1MZ58a6IghppA2N8HvFffg9SNWw=) has sold twp_ammobox_762x25_30rnd x1 at the trader "Attachments (Oliver [#STR_EXPANSION_MARKET_TRADER_ATTACHMENTS])" in market zone "OUTLIVE Trader" (pos=<4291.589844, 25.247801, 4162.500000>) and got 300.
14:42:54 [Market] Player "Kocur69" (id=iTnQj5Zddd6ul6ie1MZ58a6IghppA2N8HvFffg9SNWw=) has send a requested to sell twp_longrangeoptic_tan x1 at the trader "Attachments (Oliver [#STR_EXPANSION_MARKET_TRADER_ATTACHMENTS])" in market zone "OUTLIVE Trader" (pos=<4291.589844, 25.247801, 4162.500000>).
14:42:54 [Market] Player "Kocur69" (id=iTnQj5Zddd6ul6ie1MZ58a6IghppA2N8HvFffg9SNWw=) has sold twp_longrangeoptic_tan x1 at the trader "Attachments (Oliver [#STR_EXPANSION_MARKET_TRADER_ATTACHMENTS])" in market zone "OUTLIVE Trader" (pos=<4291.589844, 25.247801, 4162.500000>) and got 262.
14:43:13 [Market] Player "Kocur69" (id=iTnQj5Zddd6ul6ie1MZ58a6IghppA2N8HvFffg9SNWw=) has send a requested to sell twp_taurus x1 at the trader "Weapons (Denis [#STR_EXPANSION_MARKET_TRADER_WEAPONS])" in market zone "OUTLIVE Trader" (pos=<4291.589844, 25.247801, 4162.500000>).
14:43:13 [Market] Player "Kocur69" (id=iTnQj5Zddd6ul6ie1MZ58a6IghppA2N8HvFffg9SNWw=) has sold twp_taurus x1 at the trader "Weapons (Denis [#STR_EXPANSION_MARKET_TRADER_WEAPONS])" in market zone "OUTLIVE Trader" (pos=<4291.589844, 25.247801, 4162.500000>) and got 450.
14:43:16 [Market] Player "Kocur69" (id=iTnQj5Zddd6ul6ie1MZ58a6IghppA2N8HvFffg9SNWw=) has send a requested to sell twp_ak105 x1 at the trader "Weapons (Denis [#STR_EXPANSION_MARKET_TRADER_WEAPONS])" in market zone "OUTLIVE Trader" (pos=<4291.589844, 25.247801, 4162.500000>).
14:43:16 [Market] Player "Kocur69" (id=iTnQj5Zddd6ul6ie1MZ58a6IghppA2N8HvFffg9SNWw=) has sold twp_ak105 x1 at the trader "Weapons (Denis [#STR_EXPANSION_MARKET_TRADER_WEAPONS])" in market zone "OUTLIVE Trader" (pos=<4291.589844, 25.247801, 4162.500000>) and got 1500.
14:43:22 [Market] Player "Kocur69" (id=iTnQj5Zddd6ul6ie1MZ58a6IghppA2N8HvFffg9SNWw=) has send a requested to sell twp_sr2 x1 at the trader "Weapons (Denis [#STR_EXPANSION_MARKET_TRADER_WEAPONS])" in market zone "OUTLIVE Trader" (pos=<4291.589844, 25.247801, 4162.500000>).
14:43:22 [Market] Player "Kocur69" (id=iTnQj5Zddd6ul6ie1MZ58a6IghppA2N8HvFffg9SNWw=) has sold twp_sr2 x1 at the trader "Weapons (Denis [#STR_EXPANSION_MARKET_TRADER_WEAPONS])" in market zone "OUTLIVE Trader" (pos=<4291.589844, 25.247801, 4162.500000>) and got 300.
14:45:01 [Market] Player "Kocur69" (id=iTnQj5Zddd6ul6ie1MZ58a6IghppA2N8HvFffg9SNWw=) has send a requested to purchase twp_ammo_50bmg x30 from the trader "Attachments (Oliver [#STR_EXPANSION_MARKET_TRADER_ATTACHMENTS])" in market zone "OUTLIVE Trader" (pos=<4291.589844, 25.247801, 4162.500000>).
14:45:01 [Market] Player "Kocur69" (id=iTnQj5Zddd6ul6ie1MZ58a6IghppA2N8HvFffg9SNWw=) has bought twp_ammo_50bmg x30 from the trader "Attachments (Oliver [#STR_EXPANSION_MARKET_TRADER_ATTACHMENTS])" in market zone "OUTLIVE Trader" (pos=<4291.589844, 25.247801, 4162.500000>) for a price of 3300.
14:45:22 [MissionAirdrop] An airdrop is heading towards "Krautinsel" (pos=<8192.009766, 0.000000, 4341.879883> type=Random_KrautInsel) with a ExpansionAirdropContainer_Military
14:45:22 [MissionAirdrop] An airdrop is heading towards "Schlachtfeld" (pos=<3059.000000, 0.000000, 1707.000000> type=Random_Schlachtfeld) with a ExpansionAirdropContainer
14:46:02 [VehicleCarKey] Player "Merky" (id=UNCCcxNkOxpXYEONIcz7r5MoVpxPCn0WPblUoNZCURI= pos=<3189.291748, 20.022499, 2898.249268>) used the  ExpansionCarKey to unlock a ExpansionUAZ
14:46:53 [VehicleCarKey] Player "Merky" (id=UNCCcxNkOxpXYEONIcz7r5MoVpxPCn0WPblUoNZCURI= pos=<3190.497314, 20.021496, 2899.635742>) used the  ExpansionCarKey to lock a ExpansionUAZ
14:47:08 [VehicleCarKey] Player "Merky" (id=UNCCcxNkOxpXYEONIcz7r5MoVpxPCn0WPblUoNZCURI= pos=<3190.866943, 20.020756, 2899.678711>) used the  ExpansionCarKey to unlock a ExpansionUAZ
14:47:11 [VehicleCarKey] Player "Kocur69" (id=iTnQj5Zddd6ul6ie1MZ58a6IghppA2N8HvFffg9SNWw= pos=<4287.277344, 7.993012, 4177.579102>) used the  ExpansionCarKey to unlock a Truck_01_Covered
14:48:32 [VehicleCarKey] Player "Kocur69" (id=iTnQj5Zddd6ul6ie1MZ58a6IghppA2N8HvFffg9SNWw= pos=<4287.189453, 8.005281, 4177.628906>) used the  ExpansionCarKey to lock a Truck_01_Covered
14:50:23 [VehicleCarKey] Player "Kocur69" (id=iTnQj5Zddd6ul6ie1MZ58a6IghppA2N8HvFffg9SNWw= pos=<4287.283203, 7.993223, 4177.594238>) used the  ExpansionCarKey to unlock a Truck_01_Covered
14:51:57 [VehicleCarKey] Player "Kocur69" (id=iTnQj5Zddd6ul6ie1MZ58a6IghppA2N8HvFffg9SNWw= pos=<4287.283203, 7.993622, 4177.594238>) used the  ExpansionCarKey to lock a Truck_01_Covered
14:52:42 [Market] Player "Kocur69" (id=iTnQj5Zddd6ul6ie1MZ58a6IghppA2N8HvFffg9SNWw=) has send a requested to sell twp_hk416_mag_40rnd x1 at the trader "Attachments (Oliver [#STR_EXPANSION_MARKET_TRADER_ATTACHMENTS])" in market zone "OUTLIVE Trader" (pos=<4291.589844, 25.247801, 4162.500000>).
14:52:42 [Market] Player "Kocur69" (id=iTnQj5Zddd6ul6ie1MZ58a6IghppA2N8HvFffg9SNWw=) has sold twp_hk416_mag_40rnd x1 at the trader "Attachments (Oliver [#STR_EXPANSION_MARKET_TRADER_ATTACHMENTS])" in market zone "OUTLIVE Trader" (pos=<4291.589844, 25.247801, 4162.500000>) and got 240.
14:52:44 [Market] Player "Kocur69" (id=iTnQj5Zddd6ul6ie1MZ58a6IghppA2N8HvFffg9SNWw=) has send a requested to sell twp_sks_mag_20rnd x1 at the trader "Attachments (Oliver [#STR_EXPANSION_MARKET_TRADER_ATTACHMENTS])" in market zone "OUTLIVE Trader" (pos=<4291.589844, 25.247801, 4162.500000>).
14:52:44 [Market] Player "Kocur69" (id=iTnQj5Zddd6ul6ie1MZ58a6IghppA2N8HvFffg9SNWw=) has sold twp_sks_mag_20rnd x1 at the trader "Attachments (Oliver [#STR_EXPANSION_MARKET_TRADER_ATTACHMENTS])" in market zone "OUTLIVE Trader" (pos=<4291.589844, 25.247801, 4162.500000>) and got 120.
14:52:44 [Market] Player "Kocur69" (id=iTnQj5Zddd6ul6ie1MZ58a6IghppA2N8HvFffg9SNWw=) has send a requested to sell twp_sks_mag_20rnd x1 at the trader "Attachments (Oliver [#STR_EXPANSION_MARKET_TRADER_ATTACHMENTS])" in market zone "OUTLIVE Trader" (pos=<4291.589844, 25.247801, 4162.500000>).
14:52:45 [Market] Player "Kocur69" (id=iTnQj5Zddd6ul6ie1MZ58a6IghppA2N8HvFffg9SNWw=) has sold twp_sks_mag_20rnd x1 at the trader "Attachments (Oliver [#STR_EXPANSION_MARKET_TRADER_ATTACHMENTS])" in market zone "OUTLIVE Trader" (pos=<4291.589844, 25.247801, 4162.500000>) and got 120.
14:52:45 [Market] Player "Kocur69" (id=iTnQj5Zddd6ul6ie1MZ58a6IghppA2N8HvFffg9SNWw=) has send a requested to sell twp_sr47_mag_30rnd x1 at the trader "Attachments (Oliver [#STR_EXPANSION_MARKET_TRADER_ATTACHMENTS])" in market zone "OUTLIVE Trader" (pos=<4291.589844, 25.247801, 4162.500000>).
14:52:45 [Market] Player "Kocur69" (id=iTnQj5Zddd6ul6ie1MZ58a6IghppA2N8HvFffg9SNWw=) has sold twp_sr47_mag_30rnd x1 at the trader "Attachments (Oliver [#STR_EXPANSION_MARKET_TRADER_ATTACHMENTS])" in market zone "OUTLIVE Trader" (pos=<4291.589844, 25.247801, 4162.500000>) and got 180.
14:52:46 [Market] Player "Kocur69" (id=iTnQj5Zddd6ul6ie1MZ58a6IghppA2N8HvFffg9SNWw=) has send a requested to sell twp_sterling_mag_34rnd x1 at the trader "Attachments (Oliver [#STR_EXPANSION_MARKET_TRADER_ATTACHMENTS])" in market zone "OUTLIVE Trader" (pos=<4291.589844, 25.247801, 4162.500000>).
14:52:46 [Market] Player "Kocur69" (id=iTnQj5Zddd6ul6ie1MZ58a6IghppA2N8HvFffg9SNWw=) has sold twp_sterling_mag_34rnd x1 at the trader "Attachments (Oliver [#STR_EXPANSION_MARKET_TRADER_ATTACHMENTS])" in market zone "OUTLIVE Trader" (pos=<4291.589844, 25.247801, 4162.500000>) and got 225.
14:53:11 [VehicleCarKey] Player "Merky" (id=UNCCcxNkOxpXYEONIcz7r5MoVpxPCn0WPblUoNZCURI= pos=<3122.677734, 21.402914, 2003.631226>) used the  ExpansionCarKey to lock a ExpansionUAZ
14:53:29 [Market] Player "Kocur69" (id=iTnQj5Zddd6ul6ie1MZ58a6IghppA2N8HvFffg9SNWw=) has send a requested to sell mag_scout_5rnd x1 at the trader "Attachments (Oliver [#STR_EXPANSION_MARKET_TRADER_ATTACHMENTS])" in market zone "OUTLIVE Trader" (pos=<4291.589844, 25.247801, 4162.500000>).
14:53:29 [Market] Player "Kocur69" (id=iTnQj5Zddd6ul6ie1MZ58a6IghppA2N8HvFffg9SNWw=) has sold mag_scout_5rnd x1 at the trader "Attachments (Oliver [#STR_EXPANSION_MARKET_TRADER_ATTACHMENTS])" in market zone "OUTLIVE Trader" (pos=<4291.589844, 25.247801, 4162.500000>) and got 88.
14:54:01 [VehicleCarKey] Player "Kocur69" (id=iTnQj5Zddd6ul6ie1MZ58a6IghppA2N8HvFffg9SNWw= pos=<4286.583496, 8.079307, 4177.885742>) used the  ExpansionCarKey to unlock a Truck_01_Covered
14:54:35 [Expansion Quests] - CompleteQuest - Player with UID UNCCcxNkOxpXYEONIcz7r5MoVpxPCn0WPblUoNZCURI= has completed quest 20
14:54:35 [Expansion Quests] - ExpansionQuest - Quest owner ID: UNCCcxNkOxpXYEONIcz7r5MoVpxPCn0WPblUoNZCURI=
14:54:35 [Expansion Quests] - ExpansionQuest - Quest ID: 20
14:54:35 [Expansion Quests] - ExpansionQuest - Quest state: 3
14:54:35 [Expansion Quests] - ExpansionQuest - Quest completed: true
14:55:04 [Market] Player "Kocur69" (id=iTnQj5Zddd6ul6ie1MZ58a6IghppA2N8HvFffg9SNWw=) has send a requested to purchase truckbattery x1 from the trader "Vehicles (Peter [#STR_EXPANSION_MARKET_TRADER_VEHICLES])" in market zone "OUTLIVE Trader" (pos=<4291.589844, 25.247801, 4162.500000>).
14:55:04 [Market] Player "Kocur69" (id=iTnQj5Zddd6ul6ie1MZ58a6IghppA2N8HvFffg9SNWw=) has bought truckbattery x1 from the trader "Vehicles (Peter [#STR_EXPANSION_MARKET_TRADER_VEHICLES])" in market zone "OUTLIVE Trader" (pos=<4291.589844, 25.247801, 4162.500000>) for a price of 2500.
14:55:09 [VehicleCarKey] Player "Majky" (id=wvz1jGdA27Eb3vtZqqzBgGv9Su_0oOujtdP3UqN1c-g= pos=<4778.316895, 20.941626, 5438.662109>) used the  ExpansionCarKey to unlock a ExpansionGyrocopter
14:55:09 [ATM Locker] Player "Kocur69" (id=iTnQj5Zddd6ul6ie1MZ58a6IghppA2N8HvFffg9SNWw=) has deposited 2162 on his ATM account.
14:56:22 [Safezone] Player "Kocur69" (id=iTnQj5Zddd6ul6ie1MZ58a6IghppA2N8HvFffg9SNWw= pos=<4428.292480, 5.620936, 3964.369629>) Left the safezone
14:57:09 [VehicleCarKey] Player "Merky" (id=UNCCcxNkOxpXYEONIcz7r5MoVpxPCn0WPblUoNZCURI= pos=<3122.588379, 21.396278, 2003.685059>) used the  ExpansionCarKey to unlock a ExpansionUAZ
14:57:52 [VehicleCarKey] Player "Majky" (id=wvz1jGdA27Eb3vtZqqzBgGv9Su_0oOujtdP3UqN1c-g= pos=<6105.284668, 6.267045, 5946.923828>) used the  ExpansionCarKey to lock a ExpansionGyrocopter
15:02:06 [VehicleCarKey] Player "Merky" (id=wvz1jGdA27Eb3vtZqqzBgGv9Su_0oOujtdP3UqN1c-g= pos=<2815.426758, 19.292831, 2929.729980>) used the  ExpansionCarKey to lock a ExpansionUAZ
15:02:26 [VehicleCarKey] Player "Kocur69" (id=iTnQj5Zddd6ul6ie1MZ58a6IghppA2N8HvFffg9SNWw= pos=<3325.495605, 23.281666, 1936.431396>) used the  ExpansionCarKey to lock a Truck_01_Covered
15:05:04 [VehicleCarKey] Player "Kocur69" (id=iTnQj5Zddd6ul6ie1MZ58a6IghppA2N8HvFffg9SNWw= pos=<3327.690430, 23.587807, 1937.319336>) used the  ExpansionCarKey to unlock a Truck_01_Covered
15:08:16 [VehicleCarKey] Player "Majky" (id=wvz1jGdA27Eb3vtZqqzBgGv9Su_0oOujtdP3UqN1c-g= pos=<6105.912598, 6.114106, 5945.481934>) used the  ExpansionCarKey to unlock a ExpansionGyrocopter
15:10:28 [VehicleCarKey] Player "Merky" (id=wvz1jGdA27Eb3vtZqqzBgGv9Su_0oOujtdP3UqN1c-g= pos=<2812.723145, 19.298206, 2931.808350>) used the  ExpansionCarKey to unlock a ExpansionUAZ
15:13:07 [VehicleCarKey] Player "Kocur69" (id=iTnQj5Zddd6ul6ie1MZ58a6IghppA2N8HvFffg9SNWw= pos=<3123.201416, 22.790182, 1812.109985>) used the  ExpansionCarKey to lock a Truck_01_Covered
15:13:14 [VehicleCarKey] Player "Kocur69" (id=iTnQj5Zddd6ul6ie1MZ58a6IghppA2N8HvFffg9SNWw= pos=<3122.136230, 22.736979, 1811.745239>) used the  ExpansionCarKey to unlock a Truck_01_Covered
15:14:17 [VehicleCarKey] Player "Majky" (id=wvz1jGdA27Eb3vtZqqzBgGv9Su_0oOujtdP3UqN1c-g= pos=<6994.042969, 29.638639, 5896.518555>) used the  ExpansionCarKey to lock a ExpansionGyrocopter
15:15:05 [VehicleCarKey] Player "Merky" (id=wvz1jGdA27Eb3vtZqqzBgGv9Su_0oOujtdP3UqN1c-g= pos=<3916.884277, 41.365044, 2914.318604>) used the  ExpansionCarKey to lock a ExpansionUAZ
15:15:45 [VehicleCarKey] Player "Majky" (id=wvz1jGdA27Eb3vtZqqzBgGv9Su_0oOujtdP3UqN1c-g= pos=<6993.851563, 29.629843, 5896.262207>) used the  ExpansionCarKey to unlock a ExpansionGyrocopter
15:18:38 [Expansion Quests] - SetupClientData - Got cached player quest data for player with UID: UNCCcxNkOxpXYEONIcz7r5MoVpxPCn0WPblUoNZCURI=
15:20:29 [VehicleCarKey] Player "Majky" (id=wvz1jGdA27Eb3vtZqqzBgGv9Su_0oOujtdP3UqN1c-g= pos=<7152.233887, 70.077110, 8126.304688>) used the  ExpansionCarKey to lock a ExpansionGyrocopter
15:27:39 [Expansion Quests] - SetupClientData - Got cached player quest data for player with UID: wvz1jGdA27Eb3vtZqqzBgGv9Su_0oOujtdP3UqN1c-g=
15:27:39 [Expansion Quests] - PlayerQuestsInit - Create new quest instance for quest: 23 - Creator UID: wvz1jGdA27Eb3vtZqqzBgGv9Su_0oOujtdP3UqN1c-g=
15:27:39 [Expansion Quests] - PlayerQuestsInit - Create new quest instance for quest: 11 - Creator UID: wvz1jGdA27Eb3vtZqqzBgGv9Su_0oOujtdP3UqN1c-g=
15:27:39 [Expansion Quests] - PlayerQuestsInit - Create new quest instance for quest: 6 - Creator UID: wvz1jGdA27Eb3vtZqqzBgGv9Su_0oOujtdP3UqN1c-g=
15:27:39 [Expansion Quests] - PlayerQuestsInit - Create new quest instance for quest: 7 - Creator UID: wvz1jGdA27Eb3vtZqqzBgGv9Su_0oOujtdP3UqN1c-g=
15:27:39 [Expansion Quests] - PlayerQuestsInit - Create new quest instance for quest: 9 - Creator UID: wvz1jGdA27Eb3vtZqqzBgGv9Su_0oOujtdP3UqN1c-g=
15:27:39 [Expansion Quests] - PlayerQuestsInit - Create new quest instance for quest: 3 - Creator UID: wvz1jGdA27Eb3vtZqqzBgGv9Su_0oOujtdP3UqN1c-g=
15:27:39 [Expansion Quests] - PlayerQuestsInit - Create new quest instance for quest: 8 - Creator UID: wvz1jGdA27Eb3vtZqqzBgGv9Su_0oOujtdP3UqN1c-g=
15:27:39 [Expansion Quests] - PlayerQuestsInit - Create new quest instance for quest: 16 - Creator UID: wvz1jGdA27Eb3vtZqqzBgGv9Su_0oOujtdP3UqN1c-g=
15:28:04 [Expansion Quests] - CompleteQuest - Player with UID wvz1jGdA27Eb3vtZqqzBgGv9Su_0oOujtdP3UqN1c-g= has completed quest 26
15:28:04 [Expansion Quests] - ExpansionQuest - Quest owner ID: wvz1jGdA27Eb3vtZqqzBgGv9Su_0oOujtdP3UqN1c-g=
15:28:04 [Expansion Quests] - ExpansionQuest - Quest ID: 26
15:28:04 [Expansion Quests] - ExpansionQuest - Quest state: 3
15:28:04 [Expansion Quests] - ExpansionQuest - Quest completed: true
15:30:27 [VehicleCarKey] Player "Majky" (id=wvz1jGdA27Eb3vtZqqzBgGv9Su_0oOujtdP3UqN1c-g= pos=<7151.926758, 70.005699, 8127.718262>) used the  ExpansionCarKey to unlock a ExpansionGyrocopter
15:37:08 [VehicleCarKey] Player "Majky" (id=wvz1jGdA27Eb3vtZqqzBgGv9Su_0oOujtdP3UqN1c-g= pos=<3481.310791, 4.955011, 5397.284668>) used the  ExpansionCarKey to lock a ExpansionGyrocopter
15:40:39 [VehicleCarKey] Player "Majky" (id=wvz1jGdA27Eb3vtZqqzBgGv9Su_0oOujtdP3UqN1c-g= pos=<3459.415283, 3.585964, 5341.611328>) used the  ExpansionCarKey to unlock a CrSk_Hummer_H2_6x6_Camo
15:41:12 [VehicleCarKey] Player "Majky" (id=wvz1jGdA27Eb3vtZqqzBgGv9Su_0oOujtdP3UqN1c-g= pos=<3459.415283, 3.585977, 5341.611328>) used the  ExpansionCarKey to lock a CrSk_Hummer_H2_6x6_Camo
15:43:06 [VehicleCarKey] Player "Majky" (id=wvz1jGdA27Eb3vtZqqzBgGv9Su_0oOujtdP3UqN1c-g= pos=<3459.220947, 3.587130, 5341.541504>) used the  ExpansionCarKey to unlock a CrSk_Hummer_H2_6x6_Camo
15:44:47 [Safezone] Player "Majky" (id=wvz1jGdA27Eb3vtZqqzBgGv9Su_0oOujtdP3UqN1c-g= pos=<4189.239746, 15.411453, 4242.366699>) Entered the safezone
15:45:13 [VehicleCarKey] Player "Majky" (id=wvz1jGdA27Eb3vtZqqzBgGv9Su_0oOujtdP3UqN1c-g= pos=<4263.316406, 11.478716, 4198.552734>) used the  ExpansionCarKey to lock a CrSk_Hummer_H2_6x6_Camo
15:46:17 [Safezone] Player "Kocur69" (id=iTnQj5Zddd6ul6ie1MZ58a6IghppA2N8HvFffg9SNWw= pos=<4368.022949, 5.720562, 4057.637451>) Entered the safezone
15:46:48 [ATM Locker] Player "Majky" (id=wvz1jGdA27Eb3vtZqqzBgGv9Su_0oOujtdP3UqN1c-g=) has withdrawn 10000 from his ATM account.
15:47:16 [Market] Player "Majky" (id=wvz1jGdA27Eb3vtZqqzBgGv9Su_0oOujtdP3UqN1c-g=) has send a requested to purchase ammo_556x45tracer x400 from the trader "Attachments (Oliver [#STR_EXPANSION_MARKET_TRADER_ATTACHMENTS])" in market zone "OUTLIVE Trader" (pos=<4291.589844, 25.247801, 4162.500000>).
15:47:16 [Market] Player "Majky" (id=wvz1jGdA27Eb3vtZqqzBgGv9Su_0oOujtdP3UqN1c-g=) has bought ammo_556x45tracer x400 from the trader "Attachments (Oliver [#STR_EXPANSION_MARKET_TRADER_ATTACHMENTS])" in market zone "OUTLIVE Trader" (pos=<4291.589844, 25.247801, 4162.500000>) for a price of 10000.
15:47:39 [VehicleCarKey] Player "Kocur69" (id=iTnQj5Zddd6ul6ie1MZ58a6IghppA2N8HvFffg9SNWw= pos=<4286.329590, 8.104639, 4177.488281>) used the  ExpansionCarKey to lock a Truck_01_Covered
15:48:08 [Market] Player "Kocur69" (id=iTnQj5Zddd6ul6ie1MZ58a6IghppA2N8HvFffg9SNWw=) has send a requested to sell twp_fnfal x1 at the trader "Weapons (Denis [#STR_EXPANSION_MARKET_TRADER_WEAPONS])" in market zone "OUTLIVE Trader" (pos=<4291.589844, 25.247801, 4162.500000>).
15:48:08 [Market] Player "Kocur69" (id=iTnQj5Zddd6ul6ie1MZ58a6IghppA2N8HvFffg9SNWw=) has sold twp_fnfal x1 at the trader "Weapons (Denis [#STR_EXPANSION_MARKET_TRADER_WEAPONS])" in market zone "OUTLIVE Trader" (pos=<4291.589844, 25.247801, 4162.500000>) and got 1800.
15:48:09 [Market] Player "Kocur69" (id=iTnQj5Zddd6ul6ie1MZ58a6IghppA2N8HvFffg9SNWw=) has send a requested to sell twp_g56 x1 at the trader "Weapons (Denis [#STR_EXPANSION_MARKET_TRADER_WEAPONS])" in market zone "OUTLIVE Trader" (pos=<4291.589844, 25.247801, 4162.500000>).
15:48:09 [Market] Player "Kocur69" (id=iTnQj5Zddd6ul6ie1MZ58a6IghppA2N8HvFffg9SNWw=) has sold twp_g56 x1 at the trader "Weapons (Denis [#STR_EXPANSION_MARKET_TRADER_WEAPONS])" in market zone "OUTLIVE Trader" (pos=<4291.589844, 25.247801, 4162.500000>) and got 2500.
15:48:12 [Market] Player "Kocur69" (id=iTnQj5Zddd6ul6ie1MZ58a6IghppA2N8HvFffg9SNWw=) has send a requested to sell twp_sg556 x1 at the trader "Weapons (Denis [#STR_EXPANSION_MARKET_TRADER_WEAPONS])" in market zone "OUTLIVE Trader" (pos=<4291.589844, 25.247801, 4162.500000>).
15:48:12 [Market] Player "Kocur69" (id=iTnQj5Zddd6ul6ie1MZ58a6IghppA2N8HvFffg9SNWw=) has sold twp_sg556 x1 at the trader "Weapons (Denis [#STR_EXPANSION_MARKET_TRADER_WEAPONS])" in market zone "OUTLIVE Trader" (pos=<4291.589844, 25.247801, 4162.500000>) and got 2000.
15:48:12 [Chat - Global]("Majky"(id=wvz1jGdA27Eb3vtZqqzBgGv9Su_0oOujtdP3UqN1c-g=)): nazdárek 
15:48:18 [Market] Player "Kocur69" (id=iTnQj5Zddd6ul6ie1MZ58a6IghppA2N8HvFffg9SNWw=) has send a requested to sell twp_l85a2 x1 at the trader "Weapons (Denis [#STR_EXPANSION_MARKET_TRADER_WEAPONS])" in market zone "OUTLIVE Trader" (pos=<4291.589844, 25.247801, 4162.500000>).
15:48:18 [Market] Player "Kocur69" (id=iTnQj5Zddd6ul6ie1MZ58a6IghppA2N8HvFffg9SNWw=) has sold twp_l85a2 x1 at the trader "Weapons (Denis [#STR_EXPANSION_MARKET_TRADER_WEAPONS])" in market zone "OUTLIVE Trader" (pos=<4291.589844, 25.247801, 4162.500000>) and got 2000.
15:48:26 [Market] Player "Kocur69" (id=iTnQj5Zddd6ul6ie1MZ58a6IghppA2N8HvFffg9SNWw=) has send a requested to sell ak101 x1 at the trader "Weapons (Denis [#STR_EXPANSION_MARKET_TRADER_WEAPONS])" in market zone "OUTLIVE Trader" (pos=<4291.589844, 25.247801, 4162.500000>).
15:48:26 [Market] Player "Kocur69" (id=iTnQj5Zddd6ul6ie1MZ58a6IghppA2N8HvFffg9SNWw=) has sold ak101 x1 at the trader "Weapons (Denis [#STR_EXPANSION_MARKET_TRADER_WEAPONS])" in market zone "OUTLIVE Trader" (pos=<4291.589844, 25.247801, 4162.500000>) and got 510.
15:48:29 [Market] Player "Kocur69" (id=iTnQj5Zddd6ul6ie1MZ58a6IghppA2N8HvFffg9SNWw=) has send a requested to sell sks x1 at the trader "Weapons (Denis [#STR_EXPANSION_MARKET_TRADER_WEAPONS])" in market zone "OUTLIVE Trader" (pos=<4291.589844, 25.247801, 4162.500000>).
15:48:29 [Market] Player "Kocur69" (id=iTnQj5Zddd6ul6ie1MZ58a6IghppA2N8HvFffg9SNWw=) has sold sks x1 at the trader "Weapons (Denis [#STR_EXPANSION_MARKET_TRADER_WEAPONS])" in market zone "OUTLIVE Trader" (pos=<4291.589844, 25.247801, 4162.500000>) and got 1200.
15:48:29 [Market] Player "Kocur69" (id=iTnQj5Zddd6ul6ie1MZ58a6IghppA2N8HvFffg9SNWw=) has send a requested to sell sks x1 at the trader "Weapons (Denis [#STR_EXPANSION_MARKET_TRADER_WEAPONS])" in market zone "OUTLIVE Trader" (pos=<4291.589844, 25.247801, 4162.500000>).
15:48:29 [Market] Player "Kocur69" (id=iTnQj5Zddd6ul6ie1MZ58a6IghppA2N8HvFffg9SNWw=) has sold sks x1 at the trader "Weapons (Denis [#STR_EXPANSION_MARKET_TRADER_WEAPONS])" in market zone "OUTLIVE Trader" (pos=<4291.589844, 25.247801, 4162.500000>) and got 1300.
15:48:56 [Market] Player "Kocur69" (id=iTnQj5Zddd6ul6ie1MZ58a6IghppA2N8HvFffg9SNWw=) has send a requested to sell twp_lr300_mag_30rnd x1 at the trader "Attachments (Oliver [#STR_EXPANSION_MARKET_TRADER_ATTACHMENTS])" in market zone "OUTLIVE Trader" (pos=<4291.589844, 25.247801, 4162.500000>).
15:48:56 [Market] Player "Kocur69" (id=iTnQj5Zddd6ul6ie1MZ58a6IghppA2N8HvFffg9SNWw=) has sold twp_lr300_mag_30rnd x1 at the trader "Attachments (Oliver [#STR_EXPANSION_MARKET_TRADER_ATTACHMENTS])" in market zone "OUTLIVE Trader" (pos=<4291.589844, 25.247801, 4162.500000>) and got 345.
15:48:57 [Market] Player "Kocur69" (id=iTnQj5Zddd6ul6ie1MZ58a6IghppA2N8HvFffg9SNWw=) has send a requested to sell twp_honeybadger_mag_40rnd x1 at the trader "Attachments (Oliver [#STR_EXPANSION_MARKET_TRADER_ATTACHMENTS])" in market zone "OUTLIVE Trader" (pos=<4291.589844, 25.247801, 4162.500000>).
15:48:57 [Market] Player "Kocur69" (id=iTnQj5Zddd6ul6ie1MZ58a6IghppA2N8HvFffg9SNWw=) has sold twp_honeybadger_mag_40rnd x1 at the trader "Attachments (Oliver [#STR_EXPANSION_MARKET_TRADER_ATTACHMENTS])" in market zone "OUTLIVE Trader" (pos=<4291.589844, 25.247801, 4162.500000>) and got 447.
15:48:59 [Market] Player "Kocur69" (id=iTnQj5Zddd6ul6ie1MZ58a6IghppA2N8HvFffg9SNWw=) has send a requested to sell twp_famasspecialops_mag_40rnd x1 at the trader "Attachments (Oliver [#STR_EXPANSION_MARKET_TRADER_ATTACHMENTS])" in market zone "OUTLIVE Trader" (pos=<4291.589844, 25.247801, 4162.500000>).
15:48:59 [Market] Player "Kocur69" (id=iTnQj5Zddd6ul6ie1MZ58a6IghppA2N8HvFffg9SNWw=) has sold twp_famasspecialops_mag_40rnd x1 at the trader "Attachments (Oliver [#STR_EXPANSION_MARKET_TRADER_ATTACHMENTS])" in market zone "OUTLIVE Trader" (pos=<4291.589844, 25.247801, 4162.500000>) and got 443.
15:48:59 [Market] Player "Kocur69" (id=iTnQj5Zddd6ul6ie1MZ58a6IghppA2N8HvFffg9SNWw=) has send a requested to sell twp_famasspecialops_mag_40rnd x1 at the trader "Attachments (Oliver [#STR_EXPANSION_MARKET_TRADER_ATTACHMENTS])" in market zone "OUTLIVE Trader" (pos=<4291.589844, 25.247801, 4162.500000>).
15:48:59 [Market] Player "Kocur69" (id=iTnQj5Zddd6ul6ie1MZ58a6IghppA2N8HvFffg9SNWw=) has sold twp_famasspecialops_mag_40rnd x1 at the trader "Attachments (Oliver [#STR_EXPANSION_MARKET_TRADER_ATTACHMENTS])" in market zone "OUTLIVE Trader" (pos=<4291.589844, 25.247801, 4162.500000>) and got 308.
15:49:00 [Market] Player "Kocur69" (id=iTnQj5Zddd6ul6ie1MZ58a6IghppA2N8HvFffg9SNWw=) has send a requested to sell twp_famasspecialops_mag_40rnd x1 at the trader "Attachments (Oliver [#STR_EXPANSION_MARKET_TRADER_ATTACHMENTS])" in market zone "OUTLIVE Trader" (pos=<4291.589844, 25.247801, 4162.500000>).
15:49:00 [Market] Player "Kocur69" (id=iTnQj5Zddd6ul6ie1MZ58a6IghppA2N8HvFffg9SNWw=) has sold twp_famasspecialops_mag_40rnd x1 at the trader "Attachments (Oliver [#STR_EXPANSION_MARKET_TRADER_ATTACHMENTS])" in market zone "OUTLIVE Trader" (pos=<4291.589844, 25.247801, 4162.500000>) and got 435.
15:49:02 [Market] Player "Kocur69" (id=iTnQj5Zddd6ul6ie1MZ58a6IghppA2N8HvFffg9SNWw=) has send a requested to sell twp_stg44_mag_30rnd x1 at the trader "Attachments (Oliver [#STR_EXPANSION_MARKET_TRADER_ATTACHMENTS])" in market zone "OUTLIVE Trader" (pos=<4291.589844, 25.247801, 4162.500000>).
15:49:02 [Market] Player "Kocur69" (id=iTnQj5Zddd6ul6ie1MZ58a6IghppA2N8HvFffg9SNWw=) has sold twp_stg44_mag_30rnd x1 at the trader "Attachments (Oliver [#STR_EXPANSION_MARKET_TRADER_ATTACHMENTS])" in market zone "OUTLIVE Trader" (pos=<4291.589844, 25.247801, 4162.500000>) and got 202.
15:49:03 [Market] Player "Kocur69" (id=iTnQj5Zddd6ul6ie1MZ58a6IghppA2N8HvFffg9SNWw=) has send a requested to sell twp_stoner63_mag_30rnd x1 at the trader "Attachments (Oliver [#STR_EXPANSION_MARKET_TRADER_ATTACHMENTS])" in market zone "OUTLIVE Trader" (pos=<4291.589844, 25.247801, 4162.500000>).
15:49:03 [Market] Player "Kocur69" (id=iTnQj5Zddd6ul6ie1MZ58a6IghppA2N8HvFffg9SNWw=) has sold twp_stoner63_mag_30rnd x1 at the trader "Attachments (Oliver [#STR_EXPANSION_MARKET_TRADER_ATTACHMENTS])" in market zone "OUTLIVE Trader" (pos=<4291.589844, 25.247801, 4162.500000>) and got 293.
15:49:04 [Market] Player "Kocur69" (id=iTnQj5Zddd6ul6ie1MZ58a6IghppA2N8HvFffg9SNWw=) has send a requested to sell twp_type64_mag_20rnd x1 at the trader "Attachments (Oliver [#STR_EXPANSION_MARKET_TRADER_ATTACHMENTS])" in market zone "OUTLIVE Trader" (pos=<4291.589844, 25.247801, 4162.500000>).
15:49:05 [Market] Player "Kocur69" (id=iTnQj5Zddd6ul6ie1MZ58a6IghppA2N8HvFffg9SNWw=) has sold twp_type64_mag_20rnd x1 at the trader "Attachments (Oliver [#STR_EXPANSION_MARKET_TRADER_ATTACHMENTS])" in market zone "OUTLIVE Trader" (pos=<4291.589844, 25.247801, 4162.500000>) and got 268.
15:49:05 [Market] Player "Kocur69" (id=iTnQj5Zddd6ul6ie1MZ58a6IghppA2N8HvFffg9SNWw=) has send a requested to sell twp_walthermpk_mag_32rnd x1 at the trader "Attachments (Oliver [#STR_EXPANSION_MARKET_TRADER_ATTACHMENTS])" in market zone "OUTLIVE Trader" (pos=<4291.589844, 25.247801, 4162.500000>).
15:49:06 [Market] Player "Kocur69" (id=iTnQj5Zddd6ul6ie1MZ58a6IghppA2N8HvFffg9SNWw=) has sold twp_walthermpk_mag_32rnd x1 at the trader "Attachments (Oliver [#STR_EXPANSION_MARKET_TRADER_ATTACHMENTS])" in market zone "OUTLIVE Trader" (pos=<4291.589844, 25.247801, 4162.500000>) and got 77.
15:49:24 [Market] Player "Kocur69" (id=iTnQj5Zddd6ul6ie1MZ58a6IghppA2N8HvFffg9SNWw=) has send a requested to sell mvs_rucksack_od x1 at the trader "Clothing (Linda [#STR_EXPANSION_MARKET_TRADER_CLOTHING])" in market zone "OUTLIVE Trader" (pos=<4291.589844, 25.247801, 4162.500000>).
15:49:24 [Market] Player "Kocur69" (id=iTnQj5Zddd6ul6ie1MZ58a6IghppA2N8HvFffg9SNWw=) has sold mvs_rucksack_od x1 at the trader "Clothing (Linda [#STR_EXPANSION_MARKET_TRADER_CLOTHING])" in market zone "OUTLIVE Trader" (pos=<4291.589844, 25.247801, 4162.500000>) and got 1125.
15:49:46 [VehicleCarKey] Player "Kocur69" (id=iTnQj5Zddd6ul6ie1MZ58a6IghppA2N8HvFffg9SNWw= pos=<4287.832520, 7.916145, 4177.573730>) used the  ExpansionCarKey to unlock a Truck_01_Covered
15:54:45 [VehicleCarKey] Player "Kocur69" (id=iTnQj5Zddd6ul6ie1MZ58a6IghppA2N8HvFffg9SNWw= pos=<4286.549316, 8.085759, 4177.816895>) used the  ExpansionCarKey to lock a Truck_01_Covered
15:54:51 [VehicleCarKey] Player "Kocur69" (id=iTnQj5Zddd6ul6ie1MZ58a6IghppA2N8HvFffg9SNWw= pos=<4285.698242, 8.196417, 4178.165527>) used the  ExpansionCarKey to unlock a Truck_01_Covered
15:56:04 [VehicleCarKey] Player "Kocur69" (id=iTnQj5Zddd6ul6ie1MZ58a6IghppA2N8HvFffg9SNWw= pos=<4287.047852, 8.029587, 4177.955078>) used the  ExpansionCarKey to lock a Truck_01_Covered
15:56:26 [Market] Player "Kocur69" (id=iTnQj5Zddd6ul6ie1MZ58a6IghppA2N8HvFffg9SNWw=) has send a requested to sell augshort x1 at the trader "Weapons (Denis [#STR_EXPANSION_MARKET_TRADER_WEAPONS])" in market zone "OUTLIVE Trader" (pos=<4291.589844, 25.247801, 4162.500000>).
15:56:26 [Market] Player "Kocur69" (id=iTnQj5Zddd6ul6ie1MZ58a6IghppA2N8HvFffg9SNWw=) has sold augshort x1 at the trader "Weapons (Denis [#STR_EXPANSION_MARKET_TRADER_WEAPONS])" in market zone "OUTLIVE Trader" (pos=<4291.589844, 25.247801, 4162.500000>) and got 2000.
15:56:27 [Market] Player "Kocur69" (id=iTnQj5Zddd6ul6ie1MZ58a6IghppA2N8HvFffg9SNWw=) has send a requested to sell ak101 x1 at the trader "Weapons (Denis [#STR_EXPANSION_MARKET_TRADER_WEAPONS])" in market zone "OUTLIVE Trader" (pos=<4291.589844, 25.247801, 4162.500000>).
15:56:27 [Market] Player "Kocur69" (id=iTnQj5Zddd6ul6ie1MZ58a6IghppA2N8HvFffg9SNWw=) has sold ak101 x1 at the trader "Weapons (Denis [#STR_EXPANSION_MARKET_TRADER_WEAPONS])" in market zone "OUTLIVE Trader" (pos=<4291.589844, 25.247801, 4162.500000>) and got 1243.
15:56:28 [Market] Player "Kocur69" (id=iTnQj5Zddd6ul6ie1MZ58a6IghppA2N8HvFffg9SNWw=) has send a requested to sell ak74 x1 at the trader "Weapons (Denis [#STR_EXPANSION_MARKET_TRADER_WEAPONS])" in market zone "OUTLIVE Trader" (pos=<4291.589844, 25.247801, 4162.500000>).
15:56:28 [Market] Player "Kocur69" (id=iTnQj5Zddd6ul6ie1MZ58a6IghppA2N8HvFffg9SNWw=) has sold ak74 x1 at the trader "Weapons (Denis [#STR_EXPANSION_MARKET_TRADER_WEAPONS])" in market zone "OUTLIVE Trader" (pos=<4291.589844, 25.247801, 4162.500000>) and got 570.
15:56:31 [Market] Player "Kocur69" (id=iTnQj5Zddd6ul6ie1MZ58a6IghppA2N8HvFffg9SNWw=) has send a requested to sell twp_fnm29 x1 at the trader "Weapons (Denis [#STR_EXPANSION_MARKET_TRADER_WEAPONS])" in market zone "OUTLIVE Trader" (pos=<4291.589844, 25.247801, 4162.500000>).
15:56:31 [Market] Player "Kocur69" (id=iTnQj5Zddd6ul6ie1MZ58a6IghppA2N8HvFffg9SNWw=) has sold twp_fnm29 x1 at the trader "Weapons (Denis [#STR_EXPANSION_MARKET_TRADER_WEAPONS])" in market zone "OUTLIVE Trader" (pos=<4291.589844, 25.247801, 4162.500000>) and got 3100.
15:56:31 [Market] Player "Kocur69" (id=iTnQj5Zddd6ul6ie1MZ58a6IghppA2N8HvFffg9SNWw=) has send a requested to sell twp_g56 x1 at the trader "Weapons (Denis [#STR_EXPANSION_MARKET_TRADER_WEAPONS])" in market zone "OUTLIVE Trader" (pos=<4291.589844, 25.247801, 4162.500000>).
15:56:31 [Market] Player "Kocur69" (id=iTnQj5Zddd6ul6ie1MZ58a6IghppA2N8HvFffg9SNWw=) has sold twp_g56 x1 at the trader "Weapons (Denis [#STR_EXPANSION_MARKET_TRADER_WEAPONS])" in market zone "OUTLIVE Trader" (pos=<4291.589844, 25.247801, 4162.500000>) and got 2500.
15:56:32 [Market] Player "Kocur69" (id=iTnQj5Zddd6ul6ie1MZ58a6IghppA2N8HvFffg9SNWw=) has send a requested to sell twp_steyraug_black x1 at the trader "Weapons (Denis [#STR_EXPANSION_MARKET_TRADER_WEAPONS])" in market zone "OUTLIVE Trader" (pos=<4291.589844, 25.247801, 4162.500000>).
15:56:32 [Market] Player "Kocur69" (id=iTnQj5Zddd6ul6ie1MZ58a6IghppA2N8HvFffg9SNWw=) has sold twp_steyraug_black x1 at the trader "Weapons (Denis [#STR_EXPANSION_MARKET_TRADER_WEAPONS])" in market zone "OUTLIVE Trader" (pos=<4291.589844, 25.247801, 4162.500000>) and got 2300.
15:57:18 [Market] Player "Kocur69" (id=iTnQj5Zddd6ul6ie1MZ58a6IghppA2N8HvFffg9SNWw=) has send a requested to purchase mmg_mk5_grenade_pouch_black x1 from the trader "Clothing (Linda [#STR_EXPANSION_MARKET_TRADER_CLOTHING])" in market zone "OUTLIVE Trader" (pos=<4291.589844, 25.247801, 4162.500000>).
15:57:18 [Market] Player "Kocur69" (id=iTnQj5Zddd6ul6ie1MZ58a6IghppA2N8HvFffg9SNWw=) has bought mmg_mk5_grenade_pouch_black x1 from the trader "Clothing (Linda [#STR_EXPANSION_MARKET_TRADER_CLOTHING])" in market zone "OUTLIVE Trader" (pos=<4291.589844, 25.247801, 4162.500000>) for a price of 2000.
15:57:23 [Market] Player "Kocur69" (id=iTnQj5Zddd6ul6ie1MZ58a6IghppA2N8HvFffg9SNWw=) has send a requested to purchase mmg_mk5_utility_pouch_black x1 from the trader "Clothing (Linda [#STR_EXPANSION_MARKET_TRADER_CLOTHING])" in market zone "OUTLIVE Trader" (pos=<4291.589844, 25.247801, 4162.500000>).
15:57:23 [Market] Player "Kocur69" (id=iTnQj5Zddd6ul6ie1MZ58a6IghppA2N8HvFffg9SNWw=) has bought mmg_mk5_utility_pouch_black x1 from the trader "Clothing (Linda [#STR_EXPANSION_MARKET_TRADER_CLOTHING])" in market zone "OUTLIVE Trader" (pos=<4291.589844, 25.247801, 4162.500000>) for a price of 2000.
15:58:09 [Market] Player "Kocur69" (id=iTnQj5Zddd6ul6ie1MZ58a6IghppA2N8HvFffg9SNWw=) has send a requested to purchase mmg_ammo_pouch_black x1 from the trader "Clothing (Linda [#STR_EXPANSION_MARKET_TRADER_CLOTHING])" in market zone "OUTLIVE Trader" (pos=<4291.589844, 25.247801, 4162.500000>).
15:58:09 [Market] Player "Kocur69" (id=iTnQj5Zddd6ul6ie1MZ58a6IghppA2N8HvFffg9SNWw=) has bought mmg_ammo_pouch_black x1 from the trader "Clothing (Linda [#STR_EXPANSION_MARKET_TRADER_CLOTHING])" in market zone "OUTLIVE Trader" (pos=<4291.589844, 25.247801, 4162.500000>) for a price of 2000.
15:58:25 [Market] Player "Kocur69" (id=iTnQj5Zddd6ul6ie1MZ58a6IghppA2N8HvFffg9SNWw=) has send a requested to purchase mmg_holster_black x1 from the trader "Clothing (Linda [#STR_EXPANSION_MARKET_TRADER_CLOTHING])" in market zone "OUTLIVE Trader" (pos=<4291.589844, 25.247801, 4162.500000>).
15:58:25 [Market] Player "Kocur69" (id=iTnQj5Zddd6ul6ie1MZ58a6IghppA2N8HvFffg9SNWw=) has bought mmg_holster_black x1 from the trader "Clothing (Linda [#STR_EXPANSION_MARKET_TRADER_CLOTHING])" in market zone "OUTLIVE Trader" (pos=<4291.589844, 25.247801, 4162.500000>) for a price of 2000.
15:58:29 [Market] Player "Kocur69" (id=iTnQj5Zddd6ul6ie1MZ58a6IghppA2N8HvFffg9SNWw=) has send a requested to purchase mmg_sheath_black x1 from the trader "Clothing (Linda [#STR_EXPANSION_MARKET_TRADER_CLOTHING])" in market zone "OUTLIVE Trader" (pos=<4291.589844, 25.247801, 4162.500000>).
15:58:29 [Market] Player "Kocur69" (id=iTnQj5Zddd6ul6ie1MZ58a6IghppA2N8HvFffg9SNWw=) has bought mmg_sheath_black x1 from the trader "Clothing (Linda [#STR_EXPANSION_MARKET_TRADER_CLOTHING])" in market zone "OUTLIVE Trader" (pos=<4291.589844, 25.247801, 4162.500000>) for a price of 2000.
15:58:59 [Market] Player "Kocur69" (id=iTnQj5Zddd6ul6ie1MZ58a6IghppA2N8HvFffg9SNWw=) has send a requested to purchase mmg_mk5_utility_pouch_black x1 from the trader "Clothing (Linda [#STR_EXPANSION_MARKET_TRADER_CLOTHING])" in market zone "OUTLIVE Trader" (pos=<4291.589844, 25.247801, 4162.500000>).
15:58:59 [Market] Player "Kocur69" (id=iTnQj5Zddd6ul6ie1MZ58a6IghppA2N8HvFffg9SNWw=) has bought mmg_mk5_utility_pouch_black x1 from the trader "Clothing (Linda [#STR_EXPANSION_MARKET_TRADER_CLOTHING])" in market zone "OUTLIVE Trader" (pos=<4291.589844, 25.247801, 4162.500000>) for a price of 2000.
15:59:21 [Market] Player "Kocur69" (id=iTnQj5Zddd6ul6ie1MZ58a6IghppA2N8HvFffg9SNWw=) has send a requested to purchase mmg_boonie_black x1 from the trader "Clothing (Linda [#STR_EXPANSION_MARKET_TRADER_CLOTHING])" in market zone "OUTLIVE Trader" (pos=<4291.589844, 25.247801, 4162.500000>).
15:59:21 [Market] Player "Kocur69" (id=iTnQj5Zddd6ul6ie1MZ58a6IghppA2N8HvFffg9SNWw=) has bought mmg_boonie_black x1 from the trader "Clothing (Linda [#STR_EXPANSION_MARKET_TRADER_CLOTHING])" in market zone "OUTLIVE Trader" (pos=<4291.589844, 25.247801, 4162.500000>) for a price of 3000.
15:59:31 [Market] Player "Kocur69" (id=iTnQj5Zddd6ul6ie1MZ58a6IghppA2N8HvFffg9SNWw=) has send a requested to purchase mmg_mk5_grenade_pouch_black x1 from the trader "Clothing (Linda [#STR_EXPANSION_MARKET_TRADER_CLOTHING])" in market zone "OUTLIVE Trader" (pos=<4291.589844, 25.247801, 4162.500000>).
15:59:31 [Market] Player "Kocur69" (id=iTnQj5Zddd6ul6ie1MZ58a6IghppA2N8HvFffg9SNWw=) has bought mmg_mk5_grenade_pouch_black x1 from the trader "Clothing (Linda [#STR_EXPANSION_MARKET_TRADER_CLOTHING])" in market zone "OUTLIVE Trader" (pos=<4291.589844, 25.247801, 4162.500000>) for a price of 2000.
15:59:58 [ATM Locker] Player "Kocur69" (id=iTnQj5Zddd6ul6ie1MZ58a6IghppA2N8HvFffg9SNWw=) has deposited 9966 on his ATM account.
