08:08:23 [VehicleCarKey] Player "StaryKojot" (id=_uJkEyflAFEKMpkKqdLWoQHEfGiapl6KlgBZ_xRI58A= pos=<4426.956055, 3.599190, 3209.428955>) used the  ExpansionCarKey to unlock a Truck_01_Covered
08:09:59 [Safezone] Player "StaryKojot" (id=_uJkEyflAFEKMpkKqdLWoQHEfGiapl6KlgBZ_xRI58A= pos=<4367.959961, 5.722178, 4057.963867>) Entered the safezone
08:10:31 [VehicleCarKey] Player "StaryKojot" (id=_uJkEyflAFEKMpkKqdLWoQHEfGiapl6KlgBZ_xRI58A= pos=<4266.720215, 11.120353, 4191.111328>) used the  ExpansionCarKey to lock a Truck_01_Covered
08:10:48 [VehicleCarKey] Player "StaryKojot" (id=_uJkEyflAFEKMpkKqdLWoQHEfGiapl6KlgBZ_xRI58A= pos=<4267.455566, 11.072444, 4191.604980>) used the  ExpansionCarKey to unlock a Truck_01_Covered
08:11:33 [MissionAirdrop] An airdrop is heading towards "Herrnchiemsee" (pos=<7218.000000, 0.000000, 3495.000000> type=Random_Herrnchiemsee) with a ExpansionAirdropContainer_Basebuilding
08:11:33 [MissionAirdrop] An airdrop is heading towards "Mauerkirchen" (pos=<3123.000000, 0.000000, 4342.000000> type=Random_Mauerkirchen) with a ExpansionAirdropContainer
08:12:10 [Market] Player "StaryKojot" (id=_uJkEyflAFEKMpkKqdLWoQHEfGiapl6KlgBZ_xRI58A=) has send a requested to sell lard x1 at the trader "Consumables (Naomi [#STR_EXPANSION_MARKET_TRADER_CONSUMABLES])" in market zone "OUTLIVE Trader" (pos=<4291.589844, 25.247801, 4162.500000>).
08:12:10 [Market] Player "StaryKojot" (id=_uJkEyflAFEKMpkKqdLWoQHEfGiapl6KlgBZ_xRI58A=) has sold lard x1 at the trader "Consumables (Naomi [#STR_EXPANSION_MARKET_TRADER_CONSUMABLES])" in market zone "OUTLIVE Trader" (pos=<4291.589844, 25.247801, 4162.500000>) and got 68.
08:12:11 [Market] Player "StaryKojot" (id=_uJkEyflAFEKMpkKqdLWoQHEfGiapl6KlgBZ_xRI58A=) has send a requested to sell lard x1 at the trader "Consumables (Naomi [#STR_EXPANSION_MARKET_TRADER_CONSUMABLES])" in market zone "OUTLIVE Trader" (pos=<4291.589844, 25.247801, 4162.500000>).
08:12:11 [Market] Player "StaryKojot" (id=_uJkEyflAFEKMpkKqdLWoQHEfGiapl6KlgBZ_xRI58A=) has sold lard x1 at the trader "Consumables (Naomi [#STR_EXPANSION_MARKET_TRADER_CONSUMABLES])" in market zone "OUTLIVE Trader" (pos=<4291.589844, 25.247801, 4162.500000>) and got 49.
08:12:12 [Market] Player "StaryKojot" (id=_uJkEyflAFEKMpkKqdLWoQHEfGiapl6KlgBZ_xRI58A=) has send a requested to sell lard x1 at the trader "Consumables (Naomi [#STR_EXPANSION_MARKET_TRADER_CONSUMABLES])" in market zone "OUTLIVE Trader" (pos=<4291.589844, 25.247801, 4162.500000>).
08:12:12 [Market] Player "StaryKojot" (id=_uJkEyflAFEKMpkKqdLWoQHEfGiapl6KlgBZ_xRI58A=) has sold lard x1 at the trader "Consumables (Naomi [#STR_EXPANSION_MARKET_TRADER_CONSUMABLES])" in market zone "OUTLIVE Trader" (pos=<4291.589844, 25.247801, 4162.500000>) and got 62.
08:12:13 [Market] Player "StaryKojot" (id=_uJkEyflAFEKMpkKqdLWoQHEfGiapl6KlgBZ_xRI58A=) has send a requested to sell lard x1 at the trader "Consumables (Naomi [#STR_EXPANSION_MARKET_TRADER_CONSUMABLES])" in market zone "OUTLIVE Trader" (pos=<4291.589844, 25.247801, 4162.500000>).
08:12:13 [Market] Player "StaryKojot" (id=_uJkEyflAFEKMpkKqdLWoQHEfGiapl6KlgBZ_xRI58A=) has sold lard x1 at the trader "Consumables (Naomi [#STR_EXPANSION_MARKET_TRADER_CONSUMABLES])" in market zone "OUTLIVE Trader" (pos=<4291.589844, 25.247801, 4162.500000>) and got 47.
08:12:15 [Market] Player "StaryKojot" (id=_uJkEyflAFEKMpkKqdLWoQHEfGiapl6KlgBZ_xRI58A=) has send a requested to sell wolfsteakmeat x1 at the trader "Consumables (Naomi [#STR_EXPANSION_MARKET_TRADER_CONSUMABLES])" in market zone "OUTLIVE Trader" (pos=<4291.589844, 25.247801, 4162.500000>).
08:12:15 [Market] Player "StaryKojot" (id=_uJkEyflAFEKMpkKqdLWoQHEfGiapl6KlgBZ_xRI58A=) has sold wolfsteakmeat x1 at the trader "Consumables (Naomi [#STR_EXPANSION_MARKET_TRADER_CONSUMABLES])" in market zone "OUTLIVE Trader" (pos=<4291.589844, 25.247801, 4162.500000>) and got 80.
08:12:15 [Market] Player "StaryKojot" (id=_uJkEyflAFEKMpkKqdLWoQHEfGiapl6KlgBZ_xRI58A=) has send a requested to sell wolfsteakmeat x1 at the trader "Consumables (Naomi [#STR_EXPANSION_MARKET_TRADER_CONSUMABLES])" in market zone "OUTLIVE Trader" (pos=<4291.589844, 25.247801, 4162.500000>).
08:12:16 [Market] Player "StaryKojot" (id=_uJkEyflAFEKMpkKqdLWoQHEfGiapl6KlgBZ_xRI58A=) has sold wolfsteakmeat x1 at the trader "Consumables (Naomi [#STR_EXPANSION_MARKET_TRADER_CONSUMABLES])" in market zone "OUTLIVE Trader" (pos=<4291.589844, 25.247801, 4162.500000>) and got 57.
08:12:16 [Market] Player "StaryKojot" (id=_uJkEyflAFEKMpkKqdLWoQHEfGiapl6KlgBZ_xRI58A=) has send a requested to sell wolfsteakmeat x1 at the trader "Consumables (Naomi [#STR_EXPANSION_MARKET_TRADER_CONSUMABLES])" in market zone "OUTLIVE Trader" (pos=<4291.589844, 25.247801, 4162.500000>).
08:12:16 [Market] Player "StaryKojot" (id=_uJkEyflAFEKMpkKqdLWoQHEfGiapl6KlgBZ_xRI58A=) has sold wolfsteakmeat x1 at the trader "Consumables (Naomi [#STR_EXPANSION_MARKET_TRADER_CONSUMABLES])" in market zone "OUTLIVE Trader" (pos=<4291.589844, 25.247801, 4162.500000>) and got 65.
08:12:17 [Market] Player "StaryKojot" (id=_uJkEyflAFEKMpkKqdLWoQHEfGiapl6KlgBZ_xRI58A=) has send a requested to sell wolfsteakmeat x1 at the trader "Consumables (Naomi [#STR_EXPANSION_MARKET_TRADER_CONSUMABLES])" in market zone "OUTLIVE Trader" (pos=<4291.589844, 25.247801, 4162.500000>).
08:12:17 [Market] Player "StaryKojot" (id=_uJkEyflAFEKMpkKqdLWoQHEfGiapl6KlgBZ_xRI58A=) has sold wolfsteakmeat x1 at the trader "Consumables (Naomi [#STR_EXPANSION_MARKET_TRADER_CONSUMABLES])" in market zone "OUTLIVE Trader" (pos=<4291.589844, 25.247801, 4162.500000>) and got 49.
08:12:17 [Market] Player "StaryKojot" (id=_uJkEyflAFEKMpkKqdLWoQHEfGiapl6KlgBZ_xRI58A=) has send a requested to sell wolfsteakmeat x1 at the trader "Consumables (Naomi [#STR_EXPANSION_MARKET_TRADER_CONSUMABLES])" in market zone "OUTLIVE Trader" (pos=<4291.589844, 25.247801, 4162.500000>).
08:12:17 [Market] Player "StaryKojot" (id=_uJkEyflAFEKMpkKqdLWoQHEfGiapl6KlgBZ_xRI58A=) has sold wolfsteakmeat x1 at the trader "Consumables (Naomi [#STR_EXPANSION_MARKET_TRADER_CONSUMABLES])" in market zone "OUTLIVE Trader" (pos=<4291.589844, 25.247801, 4162.500000>) and got 75.
08:12:18 [Market] Player "StaryKojot" (id=_uJkEyflAFEKMpkKqdLWoQHEfGiapl6KlgBZ_xRI58A=) has send a requested to sell wolfsteakmeat x1 at the trader "Consumables (Naomi [#STR_EXPANSION_MARKET_TRADER_CONSUMABLES])" in market zone "OUTLIVE Trader" (pos=<4291.589844, 25.247801, 4162.500000>).
08:12:18 [Market] Player "StaryKojot" (id=_uJkEyflAFEKMpkKqdLWoQHEfGiapl6KlgBZ_xRI58A=) has sold wolfsteakmeat x1 at the trader "Consumables (Naomi [#STR_EXPANSION_MARKET_TRADER_CONSUMABLES])" in market zone "OUTLIVE Trader" (pos=<4291.589844, 25.247801, 4162.500000>) and got 68.
08:12:19 [Market] Player "StaryKojot" (id=_uJkEyflAFEKMpkKqdLWoQHEfGiapl6KlgBZ_xRI58A=) has send a requested to sell wolfsteakmeat x1 at the trader "Consumables (Naomi [#STR_EXPANSION_MARKET_TRADER_CONSUMABLES])" in market zone "OUTLIVE Trader" (pos=<4291.589844, 25.247801, 4162.500000>).
08:12:19 [Market] Player "StaryKojot" (id=_uJkEyflAFEKMpkKqdLWoQHEfGiapl6KlgBZ_xRI58A=) has sold wolfsteakmeat x1 at the trader "Consumables (Naomi [#STR_EXPANSION_MARKET_TRADER_CONSUMABLES])" in market zone "OUTLIVE Trader" (pos=<4291.589844, 25.247801, 4162.500000>) and got 91.
08:12:19 [Market] Player "StaryKojot" (id=_uJkEyflAFEKMpkKqdLWoQHEfGiapl6KlgBZ_xRI58A=) has send a requested to sell wolfsteakmeat x1 at the trader "Consumables (Naomi [#STR_EXPANSION_MARKET_TRADER_CONSUMABLES])" in market zone "OUTLIVE Trader" (pos=<4291.589844, 25.247801, 4162.500000>).
08:12:19 [Market] Player "StaryKojot" (id=_uJkEyflAFEKMpkKqdLWoQHEfGiapl6KlgBZ_xRI58A=) has sold wolfsteakmeat x1 at the trader "Consumables (Naomi [#STR_EXPANSION_MARKET_TRADER_CONSUMABLES])" in market zone "OUTLIVE Trader" (pos=<4291.589844, 25.247801, 4162.500000>) and got 89.
08:12:20 [Market] Player "StaryKojot" (id=_uJkEyflAFEKMpkKqdLWoQHEfGiapl6KlgBZ_xRI58A=) has send a requested to sell wolfsteakmeat x1 at the trader "Consumables (Naomi [#STR_EXPANSION_MARKET_TRADER_CONSUMABLES])" in market zone "OUTLIVE Trader" (pos=<4291.589844, 25.247801, 4162.500000>).
08:12:20 [Market] Player "StaryKojot" (id=_uJkEyflAFEKMpkKqdLWoQHEfGiapl6KlgBZ_xRI58A=) has sold wolfsteakmeat x1 at the trader "Consumables (Naomi [#STR_EXPANSION_MARKET_TRADER_CONSUMABLES])" in market zone "OUTLIVE Trader" (pos=<4291.589844, 25.247801, 4162.500000>) and got 82.
08:12:20 [Market] Player "StaryKojot" (id=_uJkEyflAFEKMpkKqdLWoQHEfGiapl6KlgBZ_xRI58A=) has send a requested to sell wolfsteakmeat x1 at the trader "Consumables (Naomi [#STR_EXPANSION_MARKET_TRADER_CONSUMABLES])" in market zone "OUTLIVE Trader" (pos=<4291.589844, 25.247801, 4162.500000>).
08:12:20 [Market] Player "StaryKojot" (id=_uJkEyflAFEKMpkKqdLWoQHEfGiapl6KlgBZ_xRI58A=) has sold wolfsteakmeat x1 at the trader "Consumables (Naomi [#STR_EXPANSION_MARKET_TRADER_CONSUMABLES])" in market zone "OUTLIVE Trader" (pos=<4291.589844, 25.247801, 4162.500000>) and got 64.
08:12:21 [Market] Player "StaryKojot" (id=_uJkEyflAFEKMpkKqdLWoQHEfGiapl6KlgBZ_xRI58A=) has send a requested to sell wolfsteakmeat x1 at the trader "Consumables (Naomi [#STR_EXPANSION_MARKET_TRADER_CONSUMABLES])" in market zone "OUTLIVE Trader" (pos=<4291.589844, 25.247801, 4162.500000>).
08:12:21 [Market] Player "StaryKojot" (id=_uJkEyflAFEKMpkKqdLWoQHEfGiapl6KlgBZ_xRI58A=) has sold wolfsteakmeat x1 at the trader "Consumables (Naomi [#STR_EXPANSION_MARKET_TRADER_CONSUMABLES])" in market zone "OUTLIVE Trader" (pos=<4291.589844, 25.247801, 4162.500000>) and got 55.
08:12:21 [Market] Player "StaryKojot" (id=_uJkEyflAFEKMpkKqdLWoQHEfGiapl6KlgBZ_xRI58A=) has send a requested to sell wolfsteakmeat x1 at the trader "Consumables (Naomi [#STR_EXPANSION_MARKET_TRADER_CONSUMABLES])" in market zone "OUTLIVE Trader" (pos=<4291.589844, 25.247801, 4162.500000>).
08:12:21 [Market] Player "StaryKojot" (id=_uJkEyflAFEKMpkKqdLWoQHEfGiapl6KlgBZ_xRI58A=) has sold wolfsteakmeat x1 at the trader "Consumables (Naomi [#STR_EXPANSION_MARKET_TRADER_CONSUMABLES])" in market zone "OUTLIVE Trader" (pos=<4291.589844, 25.247801, 4162.500000>) and got 86.
08:12:22 [Market] Player "StaryKojot" (id=_uJkEyflAFEKMpkKqdLWoQHEfGiapl6KlgBZ_xRI58A=) has send a requested to sell wolfsteakmeat x1 at the trader "Consumables (Naomi [#STR_EXPANSION_MARKET_TRADER_CONSUMABLES])" in market zone "OUTLIVE Trader" (pos=<4291.589844, 25.247801, 4162.500000>).
08:12:22 [Market] Player "StaryKojot" (id=_uJkEyflAFEKMpkKqdLWoQHEfGiapl6KlgBZ_xRI58A=) has sold wolfsteakmeat x1 at the trader "Consumables (Naomi [#STR_EXPANSION_MARKET_TRADER_CONSUMABLES])" in market zone "OUTLIVE Trader" (pos=<4291.589844, 25.247801, 4162.500000>) and got 56.
08:12:23 [Market] Player "StaryKojot" (id=_uJkEyflAFEKMpkKqdLWoQHEfGiapl6KlgBZ_xRI58A=) has send a requested to sell wolfsteakmeat x1 at the trader "Consumables (Naomi [#STR_EXPANSION_MARKET_TRADER_CONSUMABLES])" in market zone "OUTLIVE Trader" (pos=<4291.589844, 25.247801, 4162.500000>).
08:12:23 [Market] Player "StaryKojot" (id=_uJkEyflAFEKMpkKqdLWoQHEfGiapl6KlgBZ_xRI58A=) has sold wolfsteakmeat x1 at the trader "Consumables (Naomi [#STR_EXPANSION_MARKET_TRADER_CONSUMABLES])" in market zone "OUTLIVE Trader" (pos=<4291.589844, 25.247801, 4162.500000>) and got 55.
08:12:23 [Market] Player "StaryKojot" (id=_uJkEyflAFEKMpkKqdLWoQHEfGiapl6KlgBZ_xRI58A=) has send a requested to sell wolfsteakmeat x1 at the trader "Consumables (Naomi [#STR_EXPANSION_MARKET_TRADER_CONSUMABLES])" in market zone "OUTLIVE Trader" (pos=<4291.589844, 25.247801, 4162.500000>).
08:12:23 [Market] Player "StaryKojot" (id=_uJkEyflAFEKMpkKqdLWoQHEfGiapl6KlgBZ_xRI58A=) has sold wolfsteakmeat x1 at the trader "Consumables (Naomi [#STR_EXPANSION_MARKET_TRADER_CONSUMABLES])" in market zone "OUTLIVE Trader" (pos=<4291.589844, 25.247801, 4162.500000>) and got 87.
08:12:24 [Market] Player "StaryKojot" (id=_uJkEyflAFEKMpkKqdLWoQHEfGiapl6KlgBZ_xRI58A=) has send a requested to sell wolfsteakmeat x1 at the trader "Consumables (Naomi [#STR_EXPANSION_MARKET_TRADER_CONSUMABLES])" in market zone "OUTLIVE Trader" (pos=<4291.589844, 25.247801, 4162.500000>).
08:12:24 [Market] Player "StaryKojot" (id=_uJkEyflAFEKMpkKqdLWoQHEfGiapl6KlgBZ_xRI58A=) has sold wolfsteakmeat x1 at the trader "Consumables (Naomi [#STR_EXPANSION_MARKET_TRADER_CONSUMABLES])" in market zone "OUTLIVE Trader" (pos=<4291.589844, 25.247801, 4162.500000>) and got 92.
08:12:24 [Market] Player "StaryKojot" (id=_uJkEyflAFEKMpkKqdLWoQHEfGiapl6KlgBZ_xRI58A=) has send a requested to sell wolfsteakmeat x1 at the trader "Consumables (Naomi [#STR_EXPANSION_MARKET_TRADER_CONSUMABLES])" in market zone "OUTLIVE Trader" (pos=<4291.589844, 25.247801, 4162.500000>).
08:12:24 [Market] Player "StaryKojot" (id=_uJkEyflAFEKMpkKqdLWoQHEfGiapl6KlgBZ_xRI58A=) has sold wolfsteakmeat x1 at the trader "Consumables (Naomi [#STR_EXPANSION_MARKET_TRADER_CONSUMABLES])" in market zone "OUTLIVE Trader" (pos=<4291.589844, 25.247801, 4162.500000>) and got 65.
08:12:25 [Market] Player "StaryKojot" (id=_uJkEyflAFEKMpkKqdLWoQHEfGiapl6KlgBZ_xRI58A=) has send a requested to sell wolfsteakmeat x1 at the trader "Consumables (Naomi [#STR_EXPANSION_MARKET_TRADER_CONSUMABLES])" in market zone "OUTLIVE Trader" (pos=<4291.589844, 25.247801, 4162.500000>).
08:12:25 [Market] Player "StaryKojot" (id=_uJkEyflAFEKMpkKqdLWoQHEfGiapl6KlgBZ_xRI58A=) has sold wolfsteakmeat x1 at the trader "Consumables (Naomi [#STR_EXPANSION_MARKET_TRADER_CONSUMABLES])" in market zone "OUTLIVE Trader" (pos=<4291.589844, 25.247801, 4162.500000>) and got 77.
08:12:26 [Market] Player "StaryKojot" (id=_uJkEyflAFEKMpkKqdLWoQHEfGiapl6KlgBZ_xRI58A=) has send a requested to sell wolfsteakmeat x1 at the trader "Consumables (Naomi [#STR_EXPANSION_MARKET_TRADER_CONSUMABLES])" in market zone "OUTLIVE Trader" (pos=<4291.589844, 25.247801, 4162.500000>).
08:12:26 [Market] Player "StaryKojot" (id=_uJkEyflAFEKMpkKqdLWoQHEfGiapl6KlgBZ_xRI58A=) has sold wolfsteakmeat x1 at the trader "Consumables (Naomi [#STR_EXPANSION_MARKET_TRADER_CONSUMABLES])" in market zone "OUTLIVE Trader" (pos=<4291.589844, 25.247801, 4162.500000>) and got 67.
08:12:26 [Market] Player "StaryKojot" (id=_uJkEyflAFEKMpkKqdLWoQHEfGiapl6KlgBZ_xRI58A=) has send a requested to sell wolfsteakmeat x1 at the trader "Consumables (Naomi [#STR_EXPANSION_MARKET_TRADER_CONSUMABLES])" in market zone "OUTLIVE Trader" (pos=<4291.589844, 25.247801, 4162.500000>).
08:12:27 [Market] Player "StaryKojot" (id=_uJkEyflAFEKMpkKqdLWoQHEfGiapl6KlgBZ_xRI58A=) has sold wolfsteakmeat x1 at the trader "Consumables (Naomi [#STR_EXPANSION_MARKET_TRADER_CONSUMABLES])" in market zone "OUTLIVE Trader" (pos=<4291.589844, 25.247801, 4162.500000>) and got 93.
08:12:27 [Market] Player "StaryKojot" (id=_uJkEyflAFEKMpkKqdLWoQHEfGiapl6KlgBZ_xRI58A=) has send a requested to sell wolfsteakmeat x1 at the trader "Consumables (Naomi [#STR_EXPANSION_MARKET_TRADER_CONSUMABLES])" in market zone "OUTLIVE Trader" (pos=<4291.589844, 25.247801, 4162.500000>).
08:12:27 [Market] Player "StaryKojot" (id=_uJkEyflAFEKMpkKqdLWoQHEfGiapl6KlgBZ_xRI58A=) has sold wolfsteakmeat x1 at the trader "Consumables (Naomi [#STR_EXPANSION_MARKET_TRADER_CONSUMABLES])" in market zone "OUTLIVE Trader" (pos=<4291.589844, 25.247801, 4162.500000>) and got 52.
08:12:28 [Market] Player "StaryKojot" (id=_uJkEyflAFEKMpkKqdLWoQHEfGiapl6KlgBZ_xRI58A=) has send a requested to sell wolfsteakmeat x1 at the trader "Consumables (Naomi [#STR_EXPANSION_MARKET_TRADER_CONSUMABLES])" in market zone "OUTLIVE Trader" (pos=<4291.589844, 25.247801, 4162.500000>).
08:12:28 [Market] Player "StaryKojot" (id=_uJkEyflAFEKMpkKqdLWoQHEfGiapl6KlgBZ_xRI58A=) has sold wolfsteakmeat x1 at the trader "Consumables (Naomi [#STR_EXPANSION_MARKET_TRADER_CONSUMABLES])" in market zone "OUTLIVE Trader" (pos=<4291.589844, 25.247801, 4162.500000>) and got 57.
08:12:29 [Market] Player "StaryKojot" (id=_uJkEyflAFEKMpkKqdLWoQHEfGiapl6KlgBZ_xRI58A=) has send a requested to sell wolfsteakmeat x1 at the trader "Consumables (Naomi [#STR_EXPANSION_MARKET_TRADER_CONSUMABLES])" in market zone "OUTLIVE Trader" (pos=<4291.589844, 25.247801, 4162.500000>).
08:12:29 [Market] Player "StaryKojot" (id=_uJkEyflAFEKMpkKqdLWoQHEfGiapl6KlgBZ_xRI58A=) has sold wolfsteakmeat x1 at the trader "Consumables (Naomi [#STR_EXPANSION_MARKET_TRADER_CONSUMABLES])" in market zone "OUTLIVE Trader" (pos=<4291.589844, 25.247801, 4162.500000>) and got 54.
08:12:30 [Market] Player "StaryKojot" (id=_uJkEyflAFEKMpkKqdLWoQHEfGiapl6KlgBZ_xRI58A=) has send a requested to sell wolfsteakmeat x1 at the trader "Consumables (Naomi [#STR_EXPANSION_MARKET_TRADER_CONSUMABLES])" in market zone "OUTLIVE Trader" (pos=<4291.589844, 25.247801, 4162.500000>).
08:12:30 [Market] Player "StaryKojot" (id=_uJkEyflAFEKMpkKqdLWoQHEfGiapl6KlgBZ_xRI58A=) has sold wolfsteakmeat x1 at the trader "Consumables (Naomi [#STR_EXPANSION_MARKET_TRADER_CONSUMABLES])" in market zone "OUTLIVE Trader" (pos=<4291.589844, 25.247801, 4162.500000>) and got 90.
08:12:30 [Market] Player "StaryKojot" (id=_uJkEyflAFEKMpkKqdLWoQHEfGiapl6KlgBZ_xRI58A=) has send a requested to sell wolfsteakmeat x1 at the trader "Consumables (Naomi [#STR_EXPANSION_MARKET_TRADER_CONSUMABLES])" in market zone "OUTLIVE Trader" (pos=<4291.589844, 25.247801, 4162.500000>).
08:12:30 [Market] Player "StaryKojot" (id=_uJkEyflAFEKMpkKqdLWoQHEfGiapl6KlgBZ_xRI58A=) has sold wolfsteakmeat x1 at the trader "Consumables (Naomi [#STR_EXPANSION_MARKET_TRADER_CONSUMABLES])" in market zone "OUTLIVE Trader" (pos=<4291.589844, 25.247801, 4162.500000>) and got 61.
08:13:41 [Market] Player "StaryKojot" (id=_uJkEyflAFEKMpkKqdLWoQHEfGiapl6KlgBZ_xRI58A=) has send a requested to sell lard x1 at the trader "Consumables (Naomi [#STR_EXPANSION_MARKET_TRADER_CONSUMABLES])" in market zone "OUTLIVE Trader" (pos=<4291.589844, 25.247801, 4162.500000>).
08:13:41 [Market] Player "StaryKojot" (id=_uJkEyflAFEKMpkKqdLWoQHEfGiapl6KlgBZ_xRI58A=) has sold lard x1 at the trader "Consumables (Naomi [#STR_EXPANSION_MARKET_TRADER_CONSUMABLES])" in market zone "OUTLIVE Trader" (pos=<4291.589844, 25.247801, 4162.500000>) and got 3.
08:13:41 [Market] Player "StaryKojot" (id=_uJkEyflAFEKMpkKqdLWoQHEfGiapl6KlgBZ_xRI58A=) has send a requested to sell lard x1 at the trader "Consumables (Naomi [#STR_EXPANSION_MARKET_TRADER_CONSUMABLES])" in market zone "OUTLIVE Trader" (pos=<4291.589844, 25.247801, 4162.500000>).
08:13:41 [Market] Player "StaryKojot" (id=_uJkEyflAFEKMpkKqdLWoQHEfGiapl6KlgBZ_xRI58A=) has sold lard x1 at the trader "Consumables (Naomi [#STR_EXPANSION_MARKET_TRADER_CONSUMABLES])" in market zone "OUTLIVE Trader" (pos=<4291.589844, 25.247801, 4162.500000>) and got 2.
08:13:42 [Market] Player "StaryKojot" (id=_uJkEyflAFEKMpkKqdLWoQHEfGiapl6KlgBZ_xRI58A=) has send a requested to sell lard x1 at the trader "Consumables (Naomi [#STR_EXPANSION_MARKET_TRADER_CONSUMABLES])" in market zone "OUTLIVE Trader" (pos=<4291.589844, 25.247801, 4162.500000>).
08:13:42 [Market] Player "StaryKojot" (id=_uJkEyflAFEKMpkKqdLWoQHEfGiapl6KlgBZ_xRI58A=) has sold lard x1 at the trader "Consumables (Naomi [#STR_EXPANSION_MARKET_TRADER_CONSUMABLES])" in market zone "OUTLIVE Trader" (pos=<4291.589844, 25.247801, 4162.500000>) and got 3.
08:13:43 [Market] Player "StaryKojot" (id=_uJkEyflAFEKMpkKqdLWoQHEfGiapl6KlgBZ_xRI58A=) has send a requested to sell lard x1 at the trader "Consumables (Naomi [#STR_EXPANSION_MARKET_TRADER_CONSUMABLES])" in market zone "OUTLIVE Trader" (pos=<4291.589844, 25.247801, 4162.500000>).
08:13:43 [Market] Player "StaryKojot" (id=_uJkEyflAFEKMpkKqdLWoQHEfGiapl6KlgBZ_xRI58A=) has sold lard x1 at the trader "Consumables (Naomi [#STR_EXPANSION_MARKET_TRADER_CONSUMABLES])" in market zone "OUTLIVE Trader" (pos=<4291.589844, 25.247801, 4162.500000>) and got 3.
08:13:51 [Market] Player "StaryKojot" (id=_uJkEyflAFEKMpkKqdLWoQHEfGiapl6KlgBZ_xRI58A=) has send a requested to sell vitaminbottle x1 at the trader "Medicals (Eva [#STR_EXPANSION_MARKET_TRADER_MEDICALS])" in market zone "OUTLIVE Trader" (pos=<4291.589844, 25.247801, 4162.500000>).
08:13:51 [Market] Player "StaryKojot" (id=_uJkEyflAFEKMpkKqdLWoQHEfGiapl6KlgBZ_xRI58A=) has sold vitaminbottle x1 at the trader "Medicals (Eva [#STR_EXPANSION_MARKET_TRADER_MEDICALS])" in market zone "OUTLIVE Trader" (pos=<4291.589844, 25.247801, 4162.500000>) and got 15.
08:13:53 [Market] Player "StaryKojot" (id=_uJkEyflAFEKMpkKqdLWoQHEfGiapl6KlgBZ_xRI58A=) has send a requested to sell vitaminbottle x1 at the trader "Medicals (Eva [#STR_EXPANSION_MARKET_TRADER_MEDICALS])" in market zone "OUTLIVE Trader" (pos=<4291.589844, 25.247801, 4162.500000>).
08:13:53 [Market] Player "StaryKojot" (id=_uJkEyflAFEKMpkKqdLWoQHEfGiapl6KlgBZ_xRI58A=) has sold vitaminbottle x1 at the trader "Medicals (Eva [#STR_EXPANSION_MARKET_TRADER_MEDICALS])" in market zone "OUTLIVE Trader" (pos=<4291.589844, 25.247801, 4162.500000>) and got 125.
08:13:53 [Market] Player "StaryKojot" (id=_uJkEyflAFEKMpkKqdLWoQHEfGiapl6KlgBZ_xRI58A=) has send a requested to sell vitaminbottle x1 at the trader "Medicals (Eva [#STR_EXPANSION_MARKET_TRADER_MEDICALS])" in market zone "OUTLIVE Trader" (pos=<4291.589844, 25.247801, 4162.500000>).
08:13:54 [Market] Player "StaryKojot" (id=_uJkEyflAFEKMpkKqdLWoQHEfGiapl6KlgBZ_xRI58A=) has sold vitaminbottle x1 at the trader "Medicals (Eva [#STR_EXPANSION_MARKET_TRADER_MEDICALS])" in market zone "OUTLIVE Trader" (pos=<4291.589844, 25.247801, 4162.500000>) and got 125.
08:13:55 [Market] Player "StaryKojot" (id=_uJkEyflAFEKMpkKqdLWoQHEfGiapl6KlgBZ_xRI58A=) has send a requested to sell vitaminbottle x1 at the trader "Medicals (Eva [#STR_EXPANSION_MARKET_TRADER_MEDICALS])" in market zone "OUTLIVE Trader" (pos=<4291.589844, 25.247801, 4162.500000>).
08:13:55 [Market] Player "StaryKojot" (id=_uJkEyflAFEKMpkKqdLWoQHEfGiapl6KlgBZ_xRI58A=) has sold vitaminbottle x1 at the trader "Medicals (Eva [#STR_EXPANSION_MARKET_TRADER_MEDICALS])" in market zone "OUTLIVE Trader" (pos=<4291.589844, 25.247801, 4162.500000>) and got 125.
08:13:58 [Market] Player "StaryKojot" (id=_uJkEyflAFEKMpkKqdLWoQHEfGiapl6KlgBZ_xRI58A=) has send a requested to sell tetracyclineantibiotics x1 at the trader "Medicals (Eva [#STR_EXPANSION_MARKET_TRADER_MEDICALS])" in market zone "OUTLIVE Trader" (pos=<4291.589844, 25.247801, 4162.500000>).
08:13:59 [Market] Player "StaryKojot" (id=_uJkEyflAFEKMpkKqdLWoQHEfGiapl6KlgBZ_xRI58A=) has sold tetracyclineantibiotics x1 at the trader "Medicals (Eva [#STR_EXPANSION_MARKET_TRADER_MEDICALS])" in market zone "OUTLIVE Trader" (pos=<4291.589844, 25.247801, 4162.500000>) and got 156.
08:13:59 [Market] Player "StaryKojot" (id=_uJkEyflAFEKMpkKqdLWoQHEfGiapl6KlgBZ_xRI58A=) has send a requested to sell tetracyclineantibiotics x1 at the trader "Medicals (Eva [#STR_EXPANSION_MARKET_TRADER_MEDICALS])" in market zone "OUTLIVE Trader" (pos=<4291.589844, 25.247801, 4162.500000>).
08:13:59 [Market] Player "StaryKojot" (id=_uJkEyflAFEKMpkKqdLWoQHEfGiapl6KlgBZ_xRI58A=) has sold tetracyclineantibiotics x1 at the trader "Medicals (Eva [#STR_EXPANSION_MARKET_TRADER_MEDICALS])" in market zone "OUTLIVE Trader" (pos=<4291.589844, 25.247801, 4162.500000>) and got 375.
08:14:00 [Market] Player "StaryKojot" (id=_uJkEyflAFEKMpkKqdLWoQHEfGiapl6KlgBZ_xRI58A=) has send a requested to sell tetracyclineantibiotics x1 at the trader "Medicals (Eva [#STR_EXPANSION_MARKET_TRADER_MEDICALS])" in market zone "OUTLIVE Trader" (pos=<4291.589844, 25.247801, 4162.500000>).
08:14:00 [Market] Player "StaryKojot" (id=_uJkEyflAFEKMpkKqdLWoQHEfGiapl6KlgBZ_xRI58A=) has sold tetracyclineantibiotics x1 at the trader "Medicals (Eva [#STR_EXPANSION_MARKET_TRADER_MEDICALS])" in market zone "OUTLIVE Trader" (pos=<4291.589844, 25.247801, 4162.500000>) and got 375.
08:14:01 [Market] Player "StaryKojot" (id=_uJkEyflAFEKMpkKqdLWoQHEfGiapl6KlgBZ_xRI58A=) has send a requested to sell tetracyclineantibiotics x1 at the trader "Medicals (Eva [#STR_EXPANSION_MARKET_TRADER_MEDICALS])" in market zone "OUTLIVE Trader" (pos=<4291.589844, 25.247801, 4162.500000>).
08:14:01 [Market] Player "StaryKojot" (id=_uJkEyflAFEKMpkKqdLWoQHEfGiapl6KlgBZ_xRI58A=) has sold tetracyclineantibiotics x1 at the trader "Medicals (Eva [#STR_EXPANSION_MARKET_TRADER_MEDICALS])" in market zone "OUTLIVE Trader" (pos=<4291.589844, 25.247801, 4162.500000>) and got 375.
08:14:08 [Market] Player "StaryKojot" (id=_uJkEyflAFEKMpkKqdLWoQHEfGiapl6KlgBZ_xRI58A=) has send a requested to sell disinfectantalcohol x1 at the trader "Medicals (Eva [#STR_EXPANSION_MARKET_TRADER_MEDICALS])" in market zone "OUTLIVE Trader" (pos=<4291.589844, 25.247801, 4162.500000>).
08:14:08 [Market] Player "StaryKojot" (id=_uJkEyflAFEKMpkKqdLWoQHEfGiapl6KlgBZ_xRI58A=) has sold disinfectantalcohol x1 at the trader "Medicals (Eva [#STR_EXPANSION_MARKET_TRADER_MEDICALS])" in market zone "OUTLIVE Trader" (pos=<4291.589844, 25.247801, 4162.500000>) and got 42.
08:14:08 [Market] Player "StaryKojot" (id=_uJkEyflAFEKMpkKqdLWoQHEfGiapl6KlgBZ_xRI58A=) has send a requested to sell disinfectantalcohol x1 at the trader "Medicals (Eva [#STR_EXPANSION_MARKET_TRADER_MEDICALS])" in market zone "OUTLIVE Trader" (pos=<4291.589844, 25.247801, 4162.500000>).
08:14:09 [Market] Player "StaryKojot" (id=_uJkEyflAFEKMpkKqdLWoQHEfGiapl6KlgBZ_xRI58A=) has sold disinfectantalcohol x1 at the trader "Medicals (Eva [#STR_EXPANSION_MARKET_TRADER_MEDICALS])" in market zone "OUTLIVE Trader" (pos=<4291.589844, 25.247801, 4162.500000>) and got 80.
08:14:09 [Market] Player "StaryKojot" (id=_uJkEyflAFEKMpkKqdLWoQHEfGiapl6KlgBZ_xRI58A=) has send a requested to sell disinfectantalcohol x1 at the trader "Medicals (Eva [#STR_EXPANSION_MARKET_TRADER_MEDICALS])" in market zone "OUTLIVE Trader" (pos=<4291.589844, 25.247801, 4162.500000>).
08:14:09 [Market] Player "StaryKojot" (id=_uJkEyflAFEKMpkKqdLWoQHEfGiapl6KlgBZ_xRI58A=) has sold disinfectantalcohol x1 at the trader "Medicals (Eva [#STR_EXPANSION_MARKET_TRADER_MEDICALS])" in market zone "OUTLIVE Trader" (pos=<4291.589844, 25.247801, 4162.500000>) and got 80.
08:14:10 [Market] Player "StaryKojot" (id=_uJkEyflAFEKMpkKqdLWoQHEfGiapl6KlgBZ_xRI58A=) has send a requested to sell disinfectantalcohol x1 at the trader "Medicals (Eva [#STR_EXPANSION_MARKET_TRADER_MEDICALS])" in market zone "OUTLIVE Trader" (pos=<4291.589844, 25.247801, 4162.500000>).
08:14:10 [Market] Player "StaryKojot" (id=_uJkEyflAFEKMpkKqdLWoQHEfGiapl6KlgBZ_xRI58A=) has sold disinfectantalcohol x1 at the trader "Medicals (Eva [#STR_EXPANSION_MARKET_TRADER_MEDICALS])" in market zone "OUTLIVE Trader" (pos=<4291.589844, 25.247801, 4162.500000>) and got 80.
08:14:11 [Market] Player "StaryKojot" (id=_uJkEyflAFEKMpkKqdLWoQHEfGiapl6KlgBZ_xRI58A=) has send a requested to sell disinfectantalcohol x1 at the trader "Medicals (Eva [#STR_EXPANSION_MARKET_TRADER_MEDICALS])" in market zone "OUTLIVE Trader" (pos=<4291.589844, 25.247801, 4162.500000>).
08:14:11 [Market] Player "StaryKojot" (id=_uJkEyflAFEKMpkKqdLWoQHEfGiapl6KlgBZ_xRI58A=) has sold disinfectantalcohol x1 at the trader "Medicals (Eva [#STR_EXPANSION_MARKET_TRADER_MEDICALS])" in market zone "OUTLIVE Trader" (pos=<4291.589844, 25.247801, 4162.500000>) and got 80.
08:14:12 [Market] Player "StaryKojot" (id=_uJkEyflAFEKMpkKqdLWoQHEfGiapl6KlgBZ_xRI58A=) has send a requested to sell epinephrine x1 at the trader "Medicals (Eva [#STR_EXPANSION_MARKET_TRADER_MEDICALS])" in market zone "OUTLIVE Trader" (pos=<4291.589844, 25.247801, 4162.500000>).
08:14:12 [Market] Player "StaryKojot" (id=_uJkEyflAFEKMpkKqdLWoQHEfGiapl6KlgBZ_xRI58A=) has sold epinephrine x1 at the trader "Medicals (Eva [#STR_EXPANSION_MARKET_TRADER_MEDICALS])" in market zone "OUTLIVE Trader" (pos=<4291.589844, 25.247801, 4162.500000>) and got 60.
08:14:13 [Market] Player "StaryKojot" (id=_uJkEyflAFEKMpkKqdLWoQHEfGiapl6KlgBZ_xRI58A=) has send a requested to sell epinephrine x1 at the trader "Medicals (Eva [#STR_EXPANSION_MARKET_TRADER_MEDICALS])" in market zone "OUTLIVE Trader" (pos=<4291.589844, 25.247801, 4162.500000>).
08:14:13 [Market] Player "StaryKojot" (id=_uJkEyflAFEKMpkKqdLWoQHEfGiapl6KlgBZ_xRI58A=) has sold epinephrine x1 at the trader "Medicals (Eva [#STR_EXPANSION_MARKET_TRADER_MEDICALS])" in market zone "OUTLIVE Trader" (pos=<4291.589844, 25.247801, 4162.500000>) and got 60.
08:14:13 [Market] Player "StaryKojot" (id=_uJkEyflAFEKMpkKqdLWoQHEfGiapl6KlgBZ_xRI58A=) has send a requested to sell epinephrine x1 at the trader "Medicals (Eva [#STR_EXPANSION_MARKET_TRADER_MEDICALS])" in market zone "OUTLIVE Trader" (pos=<4291.589844, 25.247801, 4162.500000>).
08:14:14 [Market] Player "StaryKojot" (id=_uJkEyflAFEKMpkKqdLWoQHEfGiapl6KlgBZ_xRI58A=) has sold epinephrine x1 at the trader "Medicals (Eva [#STR_EXPANSION_MARKET_TRADER_MEDICALS])" in market zone "OUTLIVE Trader" (pos=<4291.589844, 25.247801, 4162.500000>) and got 60.
08:14:14 [Market] Player "StaryKojot" (id=_uJkEyflAFEKMpkKqdLWoQHEfGiapl6KlgBZ_xRI58A=) has send a requested to sell epinephrine x1 at the trader "Medicals (Eva [#STR_EXPANSION_MARKET_TRADER_MEDICALS])" in market zone "OUTLIVE Trader" (pos=<4291.589844, 25.247801, 4162.500000>).
08:14:14 [Market] Player "StaryKojot" (id=_uJkEyflAFEKMpkKqdLWoQHEfGiapl6KlgBZ_xRI58A=) has sold epinephrine x1 at the trader "Medicals (Eva [#STR_EXPANSION_MARKET_TRADER_MEDICALS])" in market zone "OUTLIVE Trader" (pos=<4291.589844, 25.247801, 4162.500000>) and got 60.
08:14:15 [Market] Player "StaryKojot" (id=_uJkEyflAFEKMpkKqdLWoQHEfGiapl6KlgBZ_xRI58A=) has send a requested to sell morphine x1 at the trader "Medicals (Eva [#STR_EXPANSION_MARKET_TRADER_MEDICALS])" in market zone "OUTLIVE Trader" (pos=<4291.589844, 25.247801, 4162.500000>).
08:14:15 [Market] Player "StaryKojot" (id=_uJkEyflAFEKMpkKqdLWoQHEfGiapl6KlgBZ_xRI58A=) has sold morphine x1 at the trader "Medicals (Eva [#STR_EXPANSION_MARKET_TRADER_MEDICALS])" in market zone "OUTLIVE Trader" (pos=<4291.589844, 25.247801, 4162.500000>) and got 75.
08:14:24 [Market] Player "StaryKojot" (id=_uJkEyflAFEKMpkKqdLWoQHEfGiapl6KlgBZ_xRI58A=) has send a requested to sell heatpack x1 at the trader "Medicals (Eva [#STR_EXPANSION_MARKET_TRADER_MEDICALS])" in market zone "OUTLIVE Trader" (pos=<4291.589844, 25.247801, 4162.500000>).
08:14:24 [Market] Player "StaryKojot" (id=_uJkEyflAFEKMpkKqdLWoQHEfGiapl6KlgBZ_xRI58A=) has sold heatpack x1 at the trader "Medicals (Eva [#STR_EXPANSION_MARKET_TRADER_MEDICALS])" in market zone "OUTLIVE Trader" (pos=<4291.589844, 25.247801, 4162.500000>) and got 40.
08:18:24 [ATM Locker] Player "StaryKojot" (id=_uJkEyflAFEKMpkKqdLWoQHEfGiapl6KlgBZ_xRI58A=) has deposited 4682 on his ATM account.
08:19:24 [Safezone] Player "StaryKojot" (id=_uJkEyflAFEKMpkKqdLWoQHEfGiapl6KlgBZ_xRI58A= pos=<4129.843750, 15.345068, 4343.057129>) Left the safezone
08:21:12 [VehicleCarKey] Player "StaryKojot" (id=_uJkEyflAFEKMpkKqdLWoQHEfGiapl6KlgBZ_xRI58A= pos=<3470.365723, 3.805915, 5128.917969>) used the  ExpansionCarKey to lock a Truck_01_Covered
08:26:58 [VehicleCarKey] Player "StaryKojot" (id=_uJkEyflAFEKMpkKqdLWoQHEfGiapl6KlgBZ_xRI58A= pos=<3474.209717, 3.754299, 5124.422852>) used the  ExpansionCarKey to unlock a Truck_01_Covered
08:29:20 [VehicleCarKey] Player "StaryKojot" (id=_uJkEyflAFEKMpkKqdLWoQHEfGiapl6KlgBZ_xRI58A= pos=<3472.774414, 3.772895, 5124.072266>) used the  ExpansionCarKey to lock a Truck_01_Covered
08:30:35 [VehicleCarKey] Player "StaryKojot" (id=_uJkEyflAFEKMpkKqdLWoQHEfGiapl6KlgBZ_xRI58A= pos=<3474.156982, 3.755375, 5124.314941>) used the  ExpansionCarKey to unlock a Truck_01_Covered
08:33:00 [Safezone] Player "StaryKojot" (id=_uJkEyflAFEKMpkKqdLWoQHEfGiapl6KlgBZ_xRI58A= pos=<4190.378418, 15.831638, 4243.337891>) Entered the safezone
08:34:22 [Market] Player "StaryKojot" (id=_uJkEyflAFEKMpkKqdLWoQHEfGiapl6KlgBZ_xRI58A=) has send a requested to sell rangefinder x1 at the trader "BuildingSupplies (Boris [#STR_EXPANSION_MARKET_TRADER_BUILDING_SUPPLIES])" in market zone "OUTLIVE Trader" (pos=<4291.589844, 25.247801, 4162.500000>).
08:34:22 [Market] Player "StaryKojot" (id=_uJkEyflAFEKMpkKqdLWoQHEfGiapl6KlgBZ_xRI58A=) has sold rangefinder x1 at the trader "BuildingSupplies (Boris [#STR_EXPANSION_MARKET_TRADER_BUILDING_SUPPLIES])" in market zone "OUTLIVE Trader" (pos=<4291.589844, 25.247801, 4162.500000>) and got 175.
08:34:25 [Market] Player "StaryKojot" (id=_uJkEyflAFEKMpkKqdLWoQHEfGiapl6KlgBZ_xRI58A=) has send a requested to sell binoculars x1 at the trader "BuildingSupplies (Boris [#STR_EXPANSION_MARKET_TRADER_BUILDING_SUPPLIES])" in market zone "OUTLIVE Trader" (pos=<4291.589844, 25.247801, 4162.500000>).
08:34:25 [Market] Player "StaryKojot" (id=_uJkEyflAFEKMpkKqdLWoQHEfGiapl6KlgBZ_xRI58A=) has sold binoculars x1 at the trader "BuildingSupplies (Boris [#STR_EXPANSION_MARKET_TRADER_BUILDING_SUPPLIES])" in market zone "OUTLIVE Trader" (pos=<4291.589844, 25.247801, 4162.500000>) and got 120.
08:34:26 [Market] Player "StaryKojot" (id=_uJkEyflAFEKMpkKqdLWoQHEfGiapl6KlgBZ_xRI58A=) has send a requested to sell binoculars x1 at the trader "BuildingSupplies (Boris [#STR_EXPANSION_MARKET_TRADER_BUILDING_SUPPLIES])" in market zone "OUTLIVE Trader" (pos=<4291.589844, 25.247801, 4162.500000>).
08:34:26 [Market] Player "StaryKojot" (id=_uJkEyflAFEKMpkKqdLWoQHEfGiapl6KlgBZ_xRI58A=) has sold binoculars x1 at the trader "BuildingSupplies (Boris [#STR_EXPANSION_MARKET_TRADER_BUILDING_SUPPLIES])" in market zone "OUTLIVE Trader" (pos=<4291.589844, 25.247801, 4162.500000>) and got 120.
08:34:26 [Market] Player "StaryKojot" (id=_uJkEyflAFEKMpkKqdLWoQHEfGiapl6KlgBZ_xRI58A=) has send a requested to sell chernarusmap x1 at the trader "BuildingSupplies (Boris [#STR_EXPANSION_MARKET_TRADER_BUILDING_SUPPLIES])" in market zone "OUTLIVE Trader" (pos=<4291.589844, 25.247801, 4162.500000>).
08:34:27 [Market] Player "StaryKojot" (id=_uJkEyflAFEKMpkKqdLWoQHEfGiapl6KlgBZ_xRI58A=) has sold chernarusmap x1 at the trader "BuildingSupplies (Boris [#STR_EXPANSION_MARKET_TRADER_BUILDING_SUPPLIES])" in market zone "OUTLIVE Trader" (pos=<4291.589844, 25.247801, 4162.500000>) and got 900.
08:34:31 [Market] Player "StaryKojot" (id=_uJkEyflAFEKMpkKqdLWoQHEfGiapl6KlgBZ_xRI58A=) has send a requested to sell canopener x1 at the trader "BuildingSupplies (Boris [#STR_EXPANSION_MARKET_TRADER_BUILDING_SUPPLIES])" in market zone "OUTLIVE Trader" (pos=<4291.589844, 25.247801, 4162.500000>).
08:34:31 [Market] Player "StaryKojot" (id=_uJkEyflAFEKMpkKqdLWoQHEfGiapl6KlgBZ_xRI58A=) has sold canopener x1 at the trader "BuildingSupplies (Boris [#STR_EXPANSION_MARKET_TRADER_BUILDING_SUPPLIES])" in market zone "OUTLIVE Trader" (pos=<4291.589844, 25.247801, 4162.500000>) and got 30.
08:35:12 [Market] Player "StaryKojot" (id=_uJkEyflAFEKMpkKqdLWoQHEfGiapl6KlgBZ_xRI58A=) has send a requested to sell mp133shotgun x1 at the trader "Weapons (Denis [#STR_EXPANSION_MARKET_TRADER_WEAPONS])" in market zone "OUTLIVE Trader" (pos=<4291.589844, 25.247801, 4162.500000>).
08:35:12 [Market] Player "StaryKojot" (id=_uJkEyflAFEKMpkKqdLWoQHEfGiapl6KlgBZ_xRI58A=) has sold mp133shotgun x1 at the trader "Weapons (Denis [#STR_EXPANSION_MARKET_TRADER_WEAPONS])" in market zone "OUTLIVE Trader" (pos=<4291.589844, 25.247801, 4162.500000>) and got 250.
08:35:19 [Market] Player "StaryKojot" (id=_uJkEyflAFEKMpkKqdLWoQHEfGiapl6KlgBZ_xRI58A=) has send a requested to sell cz527 x1 at the trader "Weapons (Denis [#STR_EXPANSION_MARKET_TRADER_WEAPONS])" in market zone "OUTLIVE Trader" (pos=<4291.589844, 25.247801, 4162.500000>).
08:35:19 [Market] Player "StaryKojot" (id=_uJkEyflAFEKMpkKqdLWoQHEfGiapl6KlgBZ_xRI58A=) has sold cz527 x1 at the trader "Weapons (Denis [#STR_EXPANSION_MARKET_TRADER_WEAPONS])" in market zone "OUTLIVE Trader" (pos=<4291.589844, 25.247801, 4162.500000>) and got 600.
08:35:22 [Market] Player "StaryKojot" (id=_uJkEyflAFEKMpkKqdLWoQHEfGiapl6KlgBZ_xRI58A=) has send a requested to sell sks x1 at the trader "Weapons (Denis [#STR_EXPANSION_MARKET_TRADER_WEAPONS])" in market zone "OUTLIVE Trader" (pos=<4291.589844, 25.247801, 4162.500000>).
08:35:22 [Market] Player "StaryKojot" (id=_uJkEyflAFEKMpkKqdLWoQHEfGiapl6KlgBZ_xRI58A=) has sold sks x1 at the trader "Weapons (Denis [#STR_EXPANSION_MARKET_TRADER_WEAPONS])" in market zone "OUTLIVE Trader" (pos=<4291.589844, 25.247801, 4162.500000>) and got 1380.
08:35:37 [ATM Locker] Player "StaryKojot" (id=_uJkEyflAFEKMpkKqdLWoQHEfGiapl6KlgBZ_xRI58A=) has deposited 3575 on his ATM account.
08:36:22 [Safezone] Player "StaryKojot" (id=_uJkEyflAFEKMpkKqdLWoQHEfGiapl6KlgBZ_xRI58A= pos=<4433.346191, 5.579851, 3958.697754>) Left the safezone
08:46:55 [VehicleCarKey] Player "StaryKojot" (id=_uJkEyflAFEKMpkKqdLWoQHEfGiapl6KlgBZ_xRI58A= pos=<4465.858398, 4.339776, 3149.302734>) used the  ExpansionCarKey to lock a Truck_01_Covered
08:54:27 [VehicleCarKey] Player "StaryKojot" (id=_uJkEyflAFEKMpkKqdLWoQHEfGiapl6KlgBZ_xRI58A= pos=<4463.023926, 4.425943, 3152.747314>) used the  ExpansionCarKey to unlock a Truck_01_Covered
08:57:16 [Safezone] Player "StaryKojot" (id=_uJkEyflAFEKMpkKqdLWoQHEfGiapl6KlgBZ_xRI58A= pos=<4366.964355, 5.709671, 4056.702637>) Entered the safezone
08:57:49 [Safezone] Player "StaryKojot" (id=_uJkEyflAFEKMpkKqdLWoQHEfGiapl6KlgBZ_xRI58A= pos=<4132.336914, 15.311298, 4343.422852>) Left the safezone
08:59:47 [VehicleCarKey] Player "StaryKojot" (id=_uJkEyflAFEKMpkKqdLWoQHEfGiapl6KlgBZ_xRI58A= pos=<4185.254883, 5.327259, 4957.188965>) used the  ExpansionCarKey to lock a Truck_01_Covered
09:35:20 [MissionAirdrop] An airdrop is heading towards "Prien" (pos=<4452.000000, 0.000000, 2196.000000> type=Random_Prien) with a ExpansionAirdropContainer
09:35:20 [MissionAirdrop] An airdrop is heading towards "Mauerkirchen" (pos=<3123.000000, 0.000000, 4342.000000> type=Random_Mauerkirchen) with a ExpansionAirdropContainer
09:36:07 [VehicleCarKey] Player "StaryKojot" (id=_uJkEyflAFEKMpkKqdLWoQHEfGiapl6KlgBZ_xRI58A= pos=<4185.308594, 5.313833, 4956.942383>) used the  ExpansionCarKey to unlock a Truck_01_Covered
09:40:49 [VehicleCarKey] Player "P@lko2265" (id=iyN6JbNqEvHMp_A5zeXvCmCy1_EaihIFwZocZ4y6-LM= pos=<8663.396484, 0.897613, 4714.591797>) used the  ExpansionCarKey to unlock a ExpansionUtilityBoat
09:43:05 [VehicleCarKey] Player "StaryKojot" (id=_uJkEyflAFEKMpkKqdLWoQHEfGiapl6KlgBZ_xRI58A= pos=<3092.345215, 22.491146, 5068.979004>) used the  ExpansionCarKey to lock a Truck_01_Covered
09:43:21 [VehicleCarKey] Player "P@lko2265" (id=iyN6JbNqEvHMp_A5zeXvCmCy1_EaihIFwZocZ4y6-LM= pos=<9083.468750, 1.269375, 4673.455078>) used the  ExpansionCarKey to lock a ExpansionUtilityBoat
09:46:06 [VehicleCarKey] Player "StaryKojot" (id=_uJkEyflAFEKMpkKqdLWoQHEfGiapl6KlgBZ_xRI58A= pos=<3092.289551, 22.486923, 5069.524902>) used the  ExpansionCarKey to unlock a Truck_01_Covered
09:52:27 [VehicleCarKey] Player "P@lko2265" (id=iyN6JbNqEvHMp_A5zeXvCmCy1_EaihIFwZocZ4y6-LM= pos=<9083.012695, 3.419748, 4675.380859>) used the  ExpansionCarKey to unlock a ExpansionUtilityBoat
09:53:40 [VehicleCarKey] Player "P@lko2265" (id=iyN6JbNqEvHMp_A5zeXvCmCy1_EaihIFwZocZ4y6-LM= pos=<9082.533203, 2.727474, 4675.117676>) used the  ExpansionCarKey to lock a ExpansionUtilityBoat
09:53:53 [VehicleCarKey] Player "P@lko2265" (id=iyN6JbNqEvHMp_A5zeXvCmCy1_EaihIFwZocZ4y6-LM= pos=<9082.981445, 3.368330, 4675.184082>) used the  ExpansionCarKey to unlock a ExpansionUtilityBoat
09:53:54 [VehicleCarKey] Player "StaryKojot" (id=_uJkEyflAFEKMpkKqdLWoQHEfGiapl6KlgBZ_xRI58A= pos=<4282.687012, 7.493217, 2192.357178>) used the  ExpansionCarKey to lock a Truck_01_Covered
09:54:04 [VehicleCarKey] Player "P@lko2265" (id=iyN6JbNqEvHMp_A5zeXvCmCy1_EaihIFwZocZ4y6-LM= pos=<9082.981445, 3.368205, 4675.184082>) used the  ExpansionCarKey to lock a ExpansionUtilityBoat
09:57:15 [VehicleCarKey] Player "StaryKojot" (id=_uJkEyflAFEKMpkKqdLWoQHEfGiapl6KlgBZ_xRI58A= pos=<4276.847656, 7.374542, 2195.840088>) used the  ExpansionCarKey to unlock a Truck_01_Covered
10:00:16 [VehicleCarKey] Player "StaryKojot" (id=_uJkEyflAFEKMpkKqdLWoQHEfGiapl6KlgBZ_xRI58A= pos=<3885.414795, 35.384148, 2736.265381>) used the  ExpansionCarKey to lock a Truck_01_Covered
10:06:49 [VehicleCarKey] Player "StaryKojot" (id=_uJkEyflAFEKMpkKqdLWoQHEfGiapl6KlgBZ_xRI58A= pos=<3881.617432, 35.776035, 2740.628906>) used the  ExpansionCarKey to unlock a Truck_01_Covered
10:10:15 [Safezone] Player "StaryKojot" (id=_uJkEyflAFEKMpkKqdLWoQHEfGiapl6KlgBZ_xRI58A= pos=<4190.311035, 15.828788, 4243.260254>) Entered the safezone
10:13:32 [VehicleCarKey] Player "P@lko2265" (id=iyN6JbNqEvHMp_A5zeXvCmCy1_EaihIFwZocZ4y6-LM= pos=<9082.380859, 3.588866, 4675.356445>) used the  ExpansionCarKey to unlock a ExpansionUtilityBoat
10:14:18 [VehicleCarKey] Player "P@lko2265" (id=iyN6JbNqEvHMp_A5zeXvCmCy1_EaihIFwZocZ4y6-LM= pos=<9082.426758, 3.600062, 4675.562500>) used the  ExpansionCarKey to lock a ExpansionUtilityBoat
10:16:20 [Safezone] Player "StaryKojot" (id=_uJkEyflAFEKMpkKqdLWoQHEfGiapl6KlgBZ_xRI58A= pos=<4256.657227, 11.521106, 4186.374023>) Entered the safezone
10:18:25 [Market] Player "StaryKojot" (id=_uJkEyflAFEKMpkKqdLWoQHEfGiapl6KlgBZ_xRI58A=) has send a requested to sell twp_sr2 x1 at the trader "Weapons (Denis [#STR_EXPANSION_MARKET_TRADER_WEAPONS])" in market zone "OUTLIVE Trader" (pos=<4291.589844, 25.247801, 4162.500000>).
10:18:26 [Market] Player "StaryKojot" (id=_uJkEyflAFEKMpkKqdLWoQHEfGiapl6KlgBZ_xRI58A=) has sold twp_sr2 x1 at the trader "Weapons (Denis [#STR_EXPANSION_MARKET_TRADER_WEAPONS])" in market zone "OUTLIVE Trader" (pos=<4291.589844, 25.247801, 4162.500000>) and got 300.
10:18:28 [Market] Player "StaryKojot" (id=_uJkEyflAFEKMpkKqdLWoQHEfGiapl6KlgBZ_xRI58A=) has send a requested to sell twp_americanrifle x1 at the trader "Weapons (Denis [#STR_EXPANSION_MARKET_TRADER_WEAPONS])" in market zone "OUTLIVE Trader" (pos=<4291.589844, 25.247801, 4162.500000>).
10:18:28 [Market] Player "StaryKojot" (id=_uJkEyflAFEKMpkKqdLWoQHEfGiapl6KlgBZ_xRI58A=) has sold twp_americanrifle x1 at the trader "Weapons (Denis [#STR_EXPANSION_MARKET_TRADER_WEAPONS])" in market zone "OUTLIVE Trader" (pos=<4291.589844, 25.247801, 4162.500000>) and got 5000.
10:18:31 [Market] Player "StaryKojot" (id=_uJkEyflAFEKMpkKqdLWoQHEfGiapl6KlgBZ_xRI58A=) has send a requested to sell twp_ksg x1 at the trader "Weapons (Denis [#STR_EXPANSION_MARKET_TRADER_WEAPONS])" in market zone "OUTLIVE Trader" (pos=<4291.589844, 25.247801, 4162.500000>).
10:18:31 [Market] Player "StaryKojot" (id=_uJkEyflAFEKMpkKqdLWoQHEfGiapl6KlgBZ_xRI58A=) has sold twp_ksg x1 at the trader "Weapons (Denis [#STR_EXPANSION_MARKET_TRADER_WEAPONS])" in market zone "OUTLIVE Trader" (pos=<4291.589844, 25.247801, 4162.500000>) and got 1700.
10:18:35 [Market] Player "StaryKojot" (id=_uJkEyflAFEKMpkKqdLWoQHEfGiapl6KlgBZ_xRI58A=) has send a requested to sell winchester70 x1 at the trader "Weapons (Denis [#STR_EXPANSION_MARKET_TRADER_WEAPONS])" in market zone "OUTLIVE Trader" (pos=<4291.589844, 25.247801, 4162.500000>).
10:18:35 [Market] Player "StaryKojot" (id=_uJkEyflAFEKMpkKqdLWoQHEfGiapl6KlgBZ_xRI58A=) has sold winchester70 x1 at the trader "Weapons (Denis [#STR_EXPANSION_MARKET_TRADER_WEAPONS])" in market zone "OUTLIVE Trader" (pos=<4291.589844, 25.247801, 4162.500000>) and got 500.
10:18:38 [Market] Player "StaryKojot" (id=_uJkEyflAFEKMpkKqdLWoQHEfGiapl6KlgBZ_xRI58A=) has send a requested to sell winchester70 x1 at the trader "Weapons (Denis [#STR_EXPANSION_MARKET_TRADER_WEAPONS])" in market zone "OUTLIVE Trader" (pos=<4291.589844, 25.247801, 4162.500000>).
10:18:38 [Market] Player "StaryKojot" (id=_uJkEyflAFEKMpkKqdLWoQHEfGiapl6KlgBZ_xRI58A=) has sold winchester70 x1 at the trader "Weapons (Denis [#STR_EXPANSION_MARKET_TRADER_WEAPONS])" in market zone "OUTLIVE Trader" (pos=<4291.589844, 25.247801, 4162.500000>) and got 500.
10:18:39 [Market] Player "StaryKojot" (id=_uJkEyflAFEKMpkKqdLWoQHEfGiapl6KlgBZ_xRI58A=) has send a requested to sell sks x1 at the trader "Weapons (Denis [#STR_EXPANSION_MARKET_TRADER_WEAPONS])" in market zone "OUTLIVE Trader" (pos=<4291.589844, 25.247801, 4162.500000>).
10:18:39 [Market] Player "StaryKojot" (id=_uJkEyflAFEKMpkKqdLWoQHEfGiapl6KlgBZ_xRI58A=) has sold sks x1 at the trader "Weapons (Denis [#STR_EXPANSION_MARKET_TRADER_WEAPONS])" in market zone "OUTLIVE Trader" (pos=<4291.589844, 25.247801, 4162.500000>) and got 1380.
10:18:43 [Market] Player "StaryKojot" (id=_uJkEyflAFEKMpkKqdLWoQHEfGiapl6KlgBZ_xRI58A=) has send a requested to sell kitchenknife x1 at the trader "Weapons (Denis [#STR_EXPANSION_MARKET_TRADER_WEAPONS])" in market zone "OUTLIVE Trader" (pos=<4291.589844, 25.247801, 4162.500000>).
10:18:43 [Market] Player "StaryKojot" (id=_uJkEyflAFEKMpkKqdLWoQHEfGiapl6KlgBZ_xRI58A=) has sold kitchenknife x1 at the trader "Weapons (Denis [#STR_EXPANSION_MARKET_TRADER_WEAPONS])" in market zone "OUTLIVE Trader" (pos=<4291.589844, 25.247801, 4162.500000>) and got 30.
10:18:46 [Market] Player "StaryKojot" (id=_uJkEyflAFEKMpkKqdLWoQHEfGiapl6KlgBZ_xRI58A=) has send a requested to sell mp133shotgun x1 at the trader "Weapons (Denis [#STR_EXPANSION_MARKET_TRADER_WEAPONS])" in market zone "OUTLIVE Trader" (pos=<4291.589844, 25.247801, 4162.500000>).
10:18:46 [Market] Player "StaryKojot" (id=_uJkEyflAFEKMpkKqdLWoQHEfGiapl6KlgBZ_xRI58A=) has sold mp133shotgun x1 at the trader "Weapons (Denis [#STR_EXPANSION_MARKET_TRADER_WEAPONS])" in market zone "OUTLIVE Trader" (pos=<4291.589844, 25.247801, 4162.500000>) and got 250.
10:20:45 [Market] Player "StaryKojot" (id=_uJkEyflAFEKMpkKqdLWoQHEfGiapl6KlgBZ_xRI58A=) has send a requested to sell mediumtent x1 at the trader "BuildingSupplies (Boris [#STR_EXPANSION_MARKET_TRADER_BUILDING_SUPPLIES])" in market zone "OUTLIVE Trader" (pos=<4291.589844, 25.247801, 4162.500000>).
10:20:45 [Market] Player "StaryKojot" (id=_uJkEyflAFEKMpkKqdLWoQHEfGiapl6KlgBZ_xRI58A=) has sold mediumtent x1 at the trader "BuildingSupplies (Boris [#STR_EXPANSION_MARKET_TRADER_BUILDING_SUPPLIES])" in market zone "OUTLIVE Trader" (pos=<4291.589844, 25.247801, 4162.500000>) and got 800.
10:20:54 [Market] Player "StaryKojot" (id=_uJkEyflAFEKMpkKqdLWoQHEfGiapl6KlgBZ_xRI58A=) has send a requested to sell screwdriver x1 at the trader "BuildingSupplies (Boris [#STR_EXPANSION_MARKET_TRADER_BUILDING_SUPPLIES])" in market zone "OUTLIVE Trader" (pos=<4291.589844, 25.247801, 4162.500000>).
10:20:55 [Market] Player "StaryKojot" (id=_uJkEyflAFEKMpkKqdLWoQHEfGiapl6KlgBZ_xRI58A=) has sold screwdriver x1 at the trader "BuildingSupplies (Boris [#STR_EXPANSION_MARKET_TRADER_BUILDING_SUPPLIES])" in market zone "OUTLIVE Trader" (pos=<4291.589844, 25.247801, 4162.500000>) and got 350.
10:20:59 [Market] Player "StaryKojot" (id=_uJkEyflAFEKMpkKqdLWoQHEfGiapl6KlgBZ_xRI58A=) has send a requested to sell binoculars x1 at the trader "BuildingSupplies (Boris [#STR_EXPANSION_MARKET_TRADER_BUILDING_SUPPLIES])" in market zone "OUTLIVE Trader" (pos=<4291.589844, 25.247801, 4162.500000>).
10:20:59 [Market] Player "StaryKojot" (id=_uJkEyflAFEKMpkKqdLWoQHEfGiapl6KlgBZ_xRI58A=) has sold binoculars x1 at the trader "BuildingSupplies (Boris [#STR_EXPANSION_MARKET_TRADER_BUILDING_SUPPLIES])" in market zone "OUTLIVE Trader" (pos=<4291.589844, 25.247801, 4162.500000>) and got 120.
10:21:00 [Market] Player "StaryKojot" (id=_uJkEyflAFEKMpkKqdLWoQHEfGiapl6KlgBZ_xRI58A=) has send a requested to sell chernarusmap x1 at the trader "BuildingSupplies (Boris [#STR_EXPANSION_MARKET_TRADER_BUILDING_SUPPLIES])" in market zone "OUTLIVE Trader" (pos=<4291.589844, 25.247801, 4162.500000>).
10:21:00 [Market] Player "StaryKojot" (id=_uJkEyflAFEKMpkKqdLWoQHEfGiapl6KlgBZ_xRI58A=) has sold chernarusmap x1 at the trader "BuildingSupplies (Boris [#STR_EXPANSION_MARKET_TRADER_BUILDING_SUPPLIES])" in market zone "OUTLIVE Trader" (pos=<4291.589844, 25.247801, 4162.500000>) and got 900.
10:21:03 [Market] Player "StaryKojot" (id=_uJkEyflAFEKMpkKqdLWoQHEfGiapl6KlgBZ_xRI58A=) has send a requested to sell msp_moskvafridge_red_kit x1 at the trader "BuildingSupplies (Boris [#STR_EXPANSION_MARKET_TRADER_BUILDING_SUPPLIES])" in market zone "OUTLIVE Trader" (pos=<4291.589844, 25.247801, 4162.500000>).
10:21:03 [Market] Player "StaryKojot" (id=_uJkEyflAFEKMpkKqdLWoQHEfGiapl6KlgBZ_xRI58A=) has sold msp_moskvafridge_red_kit x1 at the trader "BuildingSupplies (Boris [#STR_EXPANSION_MARKET_TRADER_BUILDING_SUPPLIES])" in market zone "OUTLIVE Trader" (pos=<4291.589844, 25.247801, 4162.500000>) and got 500.
10:21:04 [Market] Player "StaryKojot" (id=_uJkEyflAFEKMpkKqdLWoQHEfGiapl6KlgBZ_xRI58A=) has send a requested to sell msp_moskvafridge_red_kit x1 at the trader "BuildingSupplies (Boris [#STR_EXPANSION_MARKET_TRADER_BUILDING_SUPPLIES])" in market zone "OUTLIVE Trader" (pos=<4291.589844, 25.247801, 4162.500000>).
10:21:04 [Market] Player "StaryKojot" (id=_uJkEyflAFEKMpkKqdLWoQHEfGiapl6KlgBZ_xRI58A=) has sold msp_moskvafridge_red_kit x1 at the trader "BuildingSupplies (Boris [#STR_EXPANSION_MARKET_TRADER_BUILDING_SUPPLIES])" in market zone "OUTLIVE Trader" (pos=<4291.589844, 25.247801, 4162.500000>) and got 500.
10:21:04 [Market] Player "StaryKojot" (id=_uJkEyflAFEKMpkKqdLWoQHEfGiapl6KlgBZ_xRI58A=) has send a requested to sell msp_moskvafridge_red_kit x1 at the trader "BuildingSupplies (Boris [#STR_EXPANSION_MARKET_TRADER_BUILDING_SUPPLIES])" in market zone "OUTLIVE Trader" (pos=<4291.589844, 25.247801, 4162.500000>).
10:21:05 [Market] Player "StaryKojot" (id=_uJkEyflAFEKMpkKqdLWoQHEfGiapl6KlgBZ_xRI58A=) has sold msp_moskvafridge_red_kit x1 at the trader "BuildingSupplies (Boris [#STR_EXPANSION_MARKET_TRADER_BUILDING_SUPPLIES])" in market zone "OUTLIVE Trader" (pos=<4291.589844, 25.247801, 4162.500000>) and got 500.
10:21:34 [Market] Player "StaryKojot" (id=_uJkEyflAFEKMpkKqdLWoQHEfGiapl6KlgBZ_xRI58A=) has send a requested to sell twp_scottex_soft x1 at the trader "BuildingSupplies (Boris [#STR_EXPANSION_MARKET_TRADER_BUILDING_SUPPLIES])" in market zone "OUTLIVE Trader" (pos=<4291.589844, 25.247801, 4162.500000>).
10:21:35 [Market] Player "StaryKojot" (id=_uJkEyflAFEKMpkKqdLWoQHEfGiapl6KlgBZ_xRI58A=) has sold twp_scottex_soft x1 at the trader "BuildingSupplies (Boris [#STR_EXPANSION_MARKET_TRADER_BUILDING_SUPPLIES])" in market zone "OUTLIVE Trader" (pos=<4291.589844, 25.247801, 4162.500000>) and got 700.
10:21:35 [Market] Player "StaryKojot" (id=_uJkEyflAFEKMpkKqdLWoQHEfGiapl6KlgBZ_xRI58A=) has send a requested to sell twp_scottex_soft x1 at the trader "BuildingSupplies (Boris [#STR_EXPANSION_MARKET_TRADER_BUILDING_SUPPLIES])" in market zone "OUTLIVE Trader" (pos=<4291.589844, 25.247801, 4162.500000>).
10:21:36 [Market] Player "StaryKojot" (id=_uJkEyflAFEKMpkKqdLWoQHEfGiapl6KlgBZ_xRI58A=) has sold twp_scottex_soft x1 at the trader "BuildingSupplies (Boris [#STR_EXPANSION_MARKET_TRADER_BUILDING_SUPPLIES])" in market zone "OUTLIVE Trader" (pos=<4291.589844, 25.247801, 4162.500000>) and got 700.
10:21:36 [Market] Player "StaryKojot" (id=_uJkEyflAFEKMpkKqdLWoQHEfGiapl6KlgBZ_xRI58A=) has send a requested to sell twp_scottex_soft x1 at the trader "BuildingSupplies (Boris [#STR_EXPANSION_MARKET_TRADER_BUILDING_SUPPLIES])" in market zone "OUTLIVE Trader" (pos=<4291.589844, 25.247801, 4162.500000>).
10:21:36 [Market] Player "StaryKojot" (id=_uJkEyflAFEKMpkKqdLWoQHEfGiapl6KlgBZ_xRI58A=) has sold twp_scottex_soft x1 at the trader "BuildingSupplies (Boris [#STR_EXPANSION_MARKET_TRADER_BUILDING_SUPPLIES])" in market zone "OUTLIVE Trader" (pos=<4291.589844, 25.247801, 4162.500000>) and got 700.
10:21:52 [Market] Player "StaryKojot" (id=_uJkEyflAFEKMpkKqdLWoQHEfGiapl6KlgBZ_xRI58A=) has send a requested to sell expansion_g36 x1 at the trader "Weapons (Denis [#STR_EXPANSION_MARKET_TRADER_WEAPONS])" in market zone "OUTLIVE Trader" (pos=<4291.589844, 25.247801, 4162.500000>).
10:21:52 [Market] Player "StaryKojot" (id=_uJkEyflAFEKMpkKqdLWoQHEfGiapl6KlgBZ_xRI58A=) has sold expansion_g36 x1 at the trader "Weapons (Denis [#STR_EXPANSION_MARKET_TRADER_WEAPONS])" in market zone "OUTLIVE Trader" (pos=<4291.589844, 25.247801, 4162.500000>) and got 1600.
10:21:54 [Market] Player "StaryKojot" (id=_uJkEyflAFEKMpkKqdLWoQHEfGiapl6KlgBZ_xRI58A=) has send a requested to sell twp_frf2 x1 at the trader "Weapons (Denis [#STR_EXPANSION_MARKET_TRADER_WEAPONS])" in market zone "OUTLIVE Trader" (pos=<4291.589844, 25.247801, 4162.500000>).
10:21:54 [Market] Player "StaryKojot" (id=_uJkEyflAFEKMpkKqdLWoQHEfGiapl6KlgBZ_xRI58A=) has sold twp_frf2 x1 at the trader "Weapons (Denis [#STR_EXPANSION_MARKET_TRADER_WEAPONS])" in market zone "OUTLIVE Trader" (pos=<4291.589844, 25.247801, 4162.500000>) and got 2200.
10:21:59 [Market] Player "StaryKojot" (id=_uJkEyflAFEKMpkKqdLWoQHEfGiapl6KlgBZ_xRI58A=) has send a requested to sell twp_honeybadgergold x1 at the trader "Weapons (Denis [#STR_EXPANSION_MARKET_TRADER_WEAPONS])" in market zone "OUTLIVE Trader" (pos=<4291.589844, 25.247801, 4162.500000>).
10:21:59 [Market] Player "StaryKojot" (id=_uJkEyflAFEKMpkKqdLWoQHEfGiapl6KlgBZ_xRI58A=) has sold twp_honeybadgergold x1 at the trader "Weapons (Denis [#STR_EXPANSION_MARKET_TRADER_WEAPONS])" in market zone "OUTLIVE Trader" (pos=<4291.589844, 25.247801, 4162.500000>) and got 2200.
10:25:44 [Market] Player "StaryKojot" (id=_uJkEyflAFEKMpkKqdLWoQHEfGiapl6KlgBZ_xRI58A=) has send a requested to sell twp_scottex_soft x1 at the trader "BuildingSupplies (Boris [#STR_EXPANSION_MARKET_TRADER_BUILDING_SUPPLIES])" in market zone "OUTLIVE Trader" (pos=<4291.589844, 25.247801, 4162.500000>).
10:25:44 [Market] Player "StaryKojot" (id=_uJkEyflAFEKMpkKqdLWoQHEfGiapl6KlgBZ_xRI58A=) has sold twp_scottex_soft x1 at the trader "BuildingSupplies (Boris [#STR_EXPANSION_MARKET_TRADER_BUILDING_SUPPLIES])" in market zone "OUTLIVE Trader" (pos=<4291.589844, 25.247801, 4162.500000>) and got 700.
10:25:45 [Market] Player "StaryKojot" (id=_uJkEyflAFEKMpkKqdLWoQHEfGiapl6KlgBZ_xRI58A=) has send a requested to sell twp_scottex_supersoft x1 at the trader "BuildingSupplies (Boris [#STR_EXPANSION_MARKET_TRADER_BUILDING_SUPPLIES])" in market zone "OUTLIVE Trader" (pos=<4291.589844, 25.247801, 4162.500000>).
10:25:45 [Market] Player "StaryKojot" (id=_uJkEyflAFEKMpkKqdLWoQHEfGiapl6KlgBZ_xRI58A=) has sold twp_scottex_supersoft x1 at the trader "BuildingSupplies (Boris [#STR_EXPANSION_MARKET_TRADER_BUILDING_SUPPLIES])" in market zone "OUTLIVE Trader" (pos=<4291.589844, 25.247801, 4162.500000>) and got 1000.
10:25:49 [Market] Player "StaryKojot" (id=_uJkEyflAFEKMpkKqdLWoQHEfGiapl6KlgBZ_xRI58A=) has send a requested to sell screwdriver x1 at the trader "BuildingSupplies (Boris [#STR_EXPANSION_MARKET_TRADER_BUILDING_SUPPLIES])" in market zone "OUTLIVE Trader" (pos=<4291.589844, 25.247801, 4162.500000>).
10:25:49 [Market] Player "StaryKojot" (id=_uJkEyflAFEKMpkKqdLWoQHEfGiapl6KlgBZ_xRI58A=) has sold screwdriver x1 at the trader "BuildingSupplies (Boris [#STR_EXPANSION_MARKET_TRADER_BUILDING_SUPPLIES])" in market zone "OUTLIVE Trader" (pos=<4291.589844, 25.247801, 4162.500000>) and got 350.
10:25:58 [Market] Player "StaryKojot" (id=_uJkEyflAFEKMpkKqdLWoQHEfGiapl6KlgBZ_xRI58A=) has send a requested to sell lockpick x1 at the trader "BuildingSupplies (Boris [#STR_EXPANSION_MARKET_TRADER_BUILDING_SUPPLIES])" in market zone "OUTLIVE Trader" (pos=<4291.589844, 25.247801, 4162.500000>).
10:25:58 [Market] Player "StaryKojot" (id=_uJkEyflAFEKMpkKqdLWoQHEfGiapl6KlgBZ_xRI58A=) has sold lockpick x1 at the trader "BuildingSupplies (Boris [#STR_EXPANSION_MARKET_TRADER_BUILDING_SUPPLIES])" in market zone "OUTLIVE Trader" (pos=<4291.589844, 25.247801, 4162.500000>) and got 1000.
10:26:03 [Market] Player "StaryKojot" (id=_uJkEyflAFEKMpkKqdLWoQHEfGiapl6KlgBZ_xRI58A=) has send a requested to sell binoculars x1 at the trader "BuildingSupplies (Boris [#STR_EXPANSION_MARKET_TRADER_BUILDING_SUPPLIES])" in market zone "OUTLIVE Trader" (pos=<4291.589844, 25.247801, 4162.500000>).
10:26:03 [Market] Player "StaryKojot" (id=_uJkEyflAFEKMpkKqdLWoQHEfGiapl6KlgBZ_xRI58A=) has sold binoculars x1 at the trader "BuildingSupplies (Boris [#STR_EXPANSION_MARKET_TRADER_BUILDING_SUPPLIES])" in market zone "OUTLIVE Trader" (pos=<4291.589844, 25.247801, 4162.500000>) and got 120.
10:26:04 [Market] Player "StaryKojot" (id=_uJkEyflAFEKMpkKqdLWoQHEfGiapl6KlgBZ_xRI58A=) has send a requested to sell chernarusmap x1 at the trader "BuildingSupplies (Boris [#STR_EXPANSION_MARKET_TRADER_BUILDING_SUPPLIES])" in market zone "OUTLIVE Trader" (pos=<4291.589844, 25.247801, 4162.500000>).
10:26:04 [Market] Player "StaryKojot" (id=_uJkEyflAFEKMpkKqdLWoQHEfGiapl6KlgBZ_xRI58A=) has sold chernarusmap x1 at the trader "BuildingSupplies (Boris [#STR_EXPANSION_MARKET_TRADER_BUILDING_SUPPLIES])" in market zone "OUTLIVE Trader" (pos=<4291.589844, 25.247801, 4162.500000>) and got 900.
10:26:09 [Market] Player "StaryKojot" (id=_uJkEyflAFEKMpkKqdLWoQHEfGiapl6KlgBZ_xRI58A=) has send a requested to sell rangefinder x1 at the trader "BuildingSupplies (Boris [#STR_EXPANSION_MARKET_TRADER_BUILDING_SUPPLIES])" in market zone "OUTLIVE Trader" (pos=<4291.589844, 25.247801, 4162.500000>).
10:26:09 [Market] Player "StaryKojot" (id=_uJkEyflAFEKMpkKqdLWoQHEfGiapl6KlgBZ_xRI58A=) has sold rangefinder x1 at the trader "BuildingSupplies (Boris [#STR_EXPANSION_MARKET_TRADER_BUILDING_SUPPLIES])" in market zone "OUTLIVE Trader" (pos=<4291.589844, 25.247801, 4162.500000>) and got 175.
10:26:10 [Market] Player "StaryKojot" (id=_uJkEyflAFEKMpkKqdLWoQHEfGiapl6KlgBZ_xRI58A=) has send a requested to sell rangefinder x1 at the trader "BuildingSupplies (Boris [#STR_EXPANSION_MARKET_TRADER_BUILDING_SUPPLIES])" in market zone "OUTLIVE Trader" (pos=<4291.589844, 25.247801, 4162.500000>).
10:26:11 [Market] Player "StaryKojot" (id=_uJkEyflAFEKMpkKqdLWoQHEfGiapl6KlgBZ_xRI58A=) has sold rangefinder x1 at the trader "BuildingSupplies (Boris [#STR_EXPANSION_MARKET_TRADER_BUILDING_SUPPLIES])" in market zone "OUTLIVE Trader" (pos=<4291.589844, 25.247801, 4162.500000>) and got 175.
10:26:12 [Market] Player "StaryKojot" (id=_uJkEyflAFEKMpkKqdLWoQHEfGiapl6KlgBZ_xRI58A=) has send a requested to sell rangefinder x1 at the trader "BuildingSupplies (Boris [#STR_EXPANSION_MARKET_TRADER_BUILDING_SUPPLIES])" in market zone "OUTLIVE Trader" (pos=<4291.589844, 25.247801, 4162.500000>).
10:26:13 [Market] Player "StaryKojot" (id=_uJkEyflAFEKMpkKqdLWoQHEfGiapl6KlgBZ_xRI58A=) has sold rangefinder x1 at the trader "BuildingSupplies (Boris [#STR_EXPANSION_MARKET_TRADER_BUILDING_SUPPLIES])" in market zone "OUTLIVE Trader" (pos=<4291.589844, 25.247801, 4162.500000>) and got 175.
10:26:13 [Market] Player "StaryKojot" (id=_uJkEyflAFEKMpkKqdLWoQHEfGiapl6KlgBZ_xRI58A=) has send a requested to sell rangefinder x1 at the trader "BuildingSupplies (Boris [#STR_EXPANSION_MARKET_TRADER_BUILDING_SUPPLIES])" in market zone "OUTLIVE Trader" (pos=<4291.589844, 25.247801, 4162.500000>).
10:26:13 [Market] Player "StaryKojot" (id=_uJkEyflAFEKMpkKqdLWoQHEfGiapl6KlgBZ_xRI58A=) has sold rangefinder x1 at the trader "BuildingSupplies (Boris [#STR_EXPANSION_MARKET_TRADER_BUILDING_SUPPLIES])" in market zone "OUTLIVE Trader" (pos=<4291.589844, 25.247801, 4162.500000>) and got 175.
10:26:14 [Market] Player "StaryKojot" (id=_uJkEyflAFEKMpkKqdLWoQHEfGiapl6KlgBZ_xRI58A=) has send a requested to sell rangefinder x1 at the trader "BuildingSupplies (Boris [#STR_EXPANSION_MARKET_TRADER_BUILDING_SUPPLIES])" in market zone "OUTLIVE Trader" (pos=<4291.589844, 25.247801, 4162.500000>).
10:26:14 [Market] Player "StaryKojot" (id=_uJkEyflAFEKMpkKqdLWoQHEfGiapl6KlgBZ_xRI58A=) has sold rangefinder x1 at the trader "BuildingSupplies (Boris [#STR_EXPANSION_MARKET_TRADER_BUILDING_SUPPLIES])" in market zone "OUTLIVE Trader" (pos=<4291.589844, 25.247801, 4162.500000>) and got 175.
10:26:15 [Market] Player "StaryKojot" (id=_uJkEyflAFEKMpkKqdLWoQHEfGiapl6KlgBZ_xRI58A=) has send a requested to sell rangefinder x1 at the trader "BuildingSupplies (Boris [#STR_EXPANSION_MARKET_TRADER_BUILDING_SUPPLIES])" in market zone "OUTLIVE Trader" (pos=<4291.589844, 25.247801, 4162.500000>).
10:26:15 [Market] Player "StaryKojot" (id=_uJkEyflAFEKMpkKqdLWoQHEfGiapl6KlgBZ_xRI58A=) has sold rangefinder x1 at the trader "BuildingSupplies (Boris [#STR_EXPANSION_MARKET_TRADER_BUILDING_SUPPLIES])" in market zone "OUTLIVE Trader" (pos=<4291.589844, 25.247801, 4162.500000>) and got 175.
10:26:15 [Market] Player "StaryKojot" (id=_uJkEyflAFEKMpkKqdLWoQHEfGiapl6KlgBZ_xRI58A=) has send a requested to sell rangefinder x1 at the trader "BuildingSupplies (Boris [#STR_EXPANSION_MARKET_TRADER_BUILDING_SUPPLIES])" in market zone "OUTLIVE Trader" (pos=<4291.589844, 25.247801, 4162.500000>).
10:26:15 [Market] Player "StaryKojot" (id=_uJkEyflAFEKMpkKqdLWoQHEfGiapl6KlgBZ_xRI58A=) has sold rangefinder x1 at the trader "BuildingSupplies (Boris [#STR_EXPANSION_MARKET_TRADER_BUILDING_SUPPLIES])" in market zone "OUTLIVE Trader" (pos=<4291.589844, 25.247801, 4162.500000>) and got 175.
10:27:16 [Market] Player "StaryKojot" (id=_uJkEyflAFEKMpkKqdLWoQHEfGiapl6KlgBZ_xRI58A=) has send a requested to sell personalradio x1 at the trader "BuildingSupplies (Boris [#STR_EXPANSION_MARKET_TRADER_BUILDING_SUPPLIES])" in market zone "OUTLIVE Trader" (pos=<4291.589844, 25.247801, 4162.500000>).
10:27:16 [Market] Player "StaryKojot" (id=_uJkEyflAFEKMpkKqdLWoQHEfGiapl6KlgBZ_xRI58A=) has sold personalradio x1 at the trader "BuildingSupplies (Boris [#STR_EXPANSION_MARKET_TRADER_BUILDING_SUPPLIES])" in market zone "OUTLIVE Trader" (pos=<4291.589844, 25.247801, 4162.500000>) and got 400.
10:27:18 [Market] Player "StaryKojot" (id=_uJkEyflAFEKMpkKqdLWoQHEfGiapl6KlgBZ_xRI58A=) has send a requested to sell personalradio x1 at the trader "BuildingSupplies (Boris [#STR_EXPANSION_MARKET_TRADER_BUILDING_SUPPLIES])" in market zone "OUTLIVE Trader" (pos=<4291.589844, 25.247801, 4162.500000>).
10:27:18 [Market] Player "StaryKojot" (id=_uJkEyflAFEKMpkKqdLWoQHEfGiapl6KlgBZ_xRI58A=) has sold personalradio x1 at the trader "BuildingSupplies (Boris [#STR_EXPANSION_MARKET_TRADER_BUILDING_SUPPLIES])" in market zone "OUTLIVE Trader" (pos=<4291.589844, 25.247801, 4162.500000>) and got 700.
10:27:20 [Market] Player "StaryKojot" (id=_uJkEyflAFEKMpkKqdLWoQHEfGiapl6KlgBZ_xRI58A=) has send a requested to sell personalradio x1 at the trader "BuildingSupplies (Boris [#STR_EXPANSION_MARKET_TRADER_BUILDING_SUPPLIES])" in market zone "OUTLIVE Trader" (pos=<4291.589844, 25.247801, 4162.500000>).
10:27:20 [Market] Player "StaryKojot" (id=_uJkEyflAFEKMpkKqdLWoQHEfGiapl6KlgBZ_xRI58A=) has sold personalradio x1 at the trader "BuildingSupplies (Boris [#STR_EXPANSION_MARKET_TRADER_BUILDING_SUPPLIES])" in market zone "OUTLIVE Trader" (pos=<4291.589844, 25.247801, 4162.500000>) and got 600.
10:27:38 [Market] Player "StaryKojot" (id=_uJkEyflAFEKMpkKqdLWoQHEfGiapl6KlgBZ_xRI58A=) has send a requested to sell twp_m110 x1 at the trader "Weapons (Denis [#STR_EXPANSION_MARKET_TRADER_WEAPONS])" in market zone "OUTLIVE Trader" (pos=<4291.589844, 25.247801, 4162.500000>).
10:27:38 [Market] Player "StaryKojot" (id=_uJkEyflAFEKMpkKqdLWoQHEfGiapl6KlgBZ_xRI58A=) has sold twp_m110 x1 at the trader "Weapons (Denis [#STR_EXPANSION_MARKET_TRADER_WEAPONS])" in market zone "OUTLIVE Trader" (pos=<4291.589844, 25.247801, 4162.500000>) and got 2200.
10:27:41 [Market] Player "StaryKojot" (id=_uJkEyflAFEKMpkKqdLWoQHEfGiapl6KlgBZ_xRI58A=) has send a requested to sell twp_psg1 x1 at the trader "Weapons (Denis [#STR_EXPANSION_MARKET_TRADER_WEAPONS])" in market zone "OUTLIVE Trader" (pos=<4291.589844, 25.247801, 4162.500000>).
10:27:41 [Market] Player "StaryKojot" (id=_uJkEyflAFEKMpkKqdLWoQHEfGiapl6KlgBZ_xRI58A=) has sold twp_psg1 x1 at the trader "Weapons (Denis [#STR_EXPANSION_MARKET_TRADER_WEAPONS])" in market zone "OUTLIVE Trader" (pos=<4291.589844, 25.247801, 4162.500000>) and got 2500.
10:27:45 [Market] Player "StaryKojot" (id=_uJkEyflAFEKMpkKqdLWoQHEfGiapl6KlgBZ_xRI58A=) has send a requested to sell twp_improvisedshotgun x1 at the trader "Weapons (Denis [#STR_EXPANSION_MARKET_TRADER_WEAPONS])" in market zone "OUTLIVE Trader" (pos=<4291.589844, 25.247801, 4162.500000>).
10:27:45 [Market] Player "StaryKojot" (id=_uJkEyflAFEKMpkKqdLWoQHEfGiapl6KlgBZ_xRI58A=) has sold twp_improvisedshotgun x1 at the trader "Weapons (Denis [#STR_EXPANSION_MARKET_TRADER_WEAPONS])" in market zone "OUTLIVE Trader" (pos=<4291.589844, 25.247801, 4162.500000>) and got 1600.
10:28:16 [Market] Player "StaryKojot" (id=_uJkEyflAFEKMpkKqdLWoQHEfGiapl6KlgBZ_xRI58A=) has send a requested to sell shemagh_brown x1 at the trader "Clothing (Linda [#STR_EXPANSION_MARKET_TRADER_CLOTHING])" in market zone "OUTLIVE Trader" (pos=<4291.589844, 25.247801, 4162.500000>).
10:28:16 [Market] Player "StaryKojot" (id=_uJkEyflAFEKMpkKqdLWoQHEfGiapl6KlgBZ_xRI58A=) has sold shemagh_brown x1 at the trader "Clothing (Linda [#STR_EXPANSION_MARKET_TRADER_CLOTHING])" in market zone "OUTLIVE Trader" (pos=<4291.589844, 25.247801, 4162.500000>) and got 40.
10:28:20 [Market] Player "StaryKojot" (id=_uJkEyflAFEKMpkKqdLWoQHEfGiapl6KlgBZ_xRI58A=) has send a requested to sell shemagh_brown x1 at the trader "Clothing (Linda [#STR_EXPANSION_MARKET_TRADER_CLOTHING])" in market zone "OUTLIVE Trader" (pos=<4291.589844, 25.247801, 4162.500000>).
10:28:20 [Market] Player "StaryKojot" (id=_uJkEyflAFEKMpkKqdLWoQHEfGiapl6KlgBZ_xRI58A=) has sold shemagh_brown x1 at the trader "Clothing (Linda [#STR_EXPANSION_MARKET_TRADER_CLOTHING])" in market zone "OUTLIVE Trader" (pos=<4291.589844, 25.247801, 4162.500000>) and got 40.
10:28:21 [Market] Player "StaryKojot" (id=_uJkEyflAFEKMpkKqdLWoQHEfGiapl6KlgBZ_xRI58A=) has send a requested to sell shemagh_brown x1 at the trader "Clothing (Linda [#STR_EXPANSION_MARKET_TRADER_CLOTHING])" in market zone "OUTLIVE Trader" (pos=<4291.589844, 25.247801, 4162.500000>).
10:28:21 [Market] Player "StaryKojot" (id=_uJkEyflAFEKMpkKqdLWoQHEfGiapl6KlgBZ_xRI58A=) has sold shemagh_brown x1 at the trader "Clothing (Linda [#STR_EXPANSION_MARKET_TRADER_CLOTHING])" in market zone "OUTLIVE Trader" (pos=<4291.589844, 25.247801, 4162.500000>) and got 40.
10:28:22 [Market] Player "StaryKojot" (id=_uJkEyflAFEKMpkKqdLWoQHEfGiapl6KlgBZ_xRI58A=) has send a requested to sell shemagh_brown x1 at the trader "Clothing (Linda [#STR_EXPANSION_MARKET_TRADER_CLOTHING])" in market zone "OUTLIVE Trader" (pos=<4291.589844, 25.247801, 4162.500000>).
10:28:22 [Market] Player "StaryKojot" (id=_uJkEyflAFEKMpkKqdLWoQHEfGiapl6KlgBZ_xRI58A=) has sold shemagh_brown x1 at the trader "Clothing (Linda [#STR_EXPANSION_MARKET_TRADER_CLOTHING])" in market zone "OUTLIVE Trader" (pos=<4291.589844, 25.247801, 4162.500000>) and got 40.
10:28:23 [Market] Player "StaryKojot" (id=_uJkEyflAFEKMpkKqdLWoQHEfGiapl6KlgBZ_xRI58A=) has send a requested to sell shemagh_brown x1 at the trader "Clothing (Linda [#STR_EXPANSION_MARKET_TRADER_CLOTHING])" in market zone "OUTLIVE Trader" (pos=<4291.589844, 25.247801, 4162.500000>).
10:28:23 [Market] Player "StaryKojot" (id=_uJkEyflAFEKMpkKqdLWoQHEfGiapl6KlgBZ_xRI58A=) has sold shemagh_brown x1 at the trader "Clothing (Linda [#STR_EXPANSION_MARKET_TRADER_CLOTHING])" in market zone "OUTLIVE Trader" (pos=<4291.589844, 25.247801, 4162.500000>) and got 40.
10:28:24 [Market] Player "StaryKojot" (id=_uJkEyflAFEKMpkKqdLWoQHEfGiapl6KlgBZ_xRI58A=) has send a requested to sell shemagh_brown x1 at the trader "Clothing (Linda [#STR_EXPANSION_MARKET_TRADER_CLOTHING])" in market zone "OUTLIVE Trader" (pos=<4291.589844, 25.247801, 4162.500000>).
10:28:24 [Market] Player "StaryKojot" (id=_uJkEyflAFEKMpkKqdLWoQHEfGiapl6KlgBZ_xRI58A=) has sold shemagh_brown x1 at the trader "Clothing (Linda [#STR_EXPANSION_MARKET_TRADER_CLOTHING])" in market zone "OUTLIVE Trader" (pos=<4291.589844, 25.247801, 4162.500000>) and got 40.
10:28:26 [Market] Player "StaryKojot" (id=_uJkEyflAFEKMpkKqdLWoQHEfGiapl6KlgBZ_xRI58A=) has send a requested to sell sheriff_badge x1 at the trader "Clothing (Linda [#STR_EXPANSION_MARKET_TRADER_CLOTHING])" in market zone "OUTLIVE Trader" (pos=<4291.589844, 25.247801, 4162.500000>).
10:28:26 [Market] Player "StaryKojot" (id=_uJkEyflAFEKMpkKqdLWoQHEfGiapl6KlgBZ_xRI58A=) has sold sheriff_badge x1 at the trader "Clothing (Linda [#STR_EXPANSION_MARKET_TRADER_CLOTHING])" in market zone "OUTLIVE Trader" (pos=<4291.589844, 25.247801, 4162.500000>) and got 600.
10:28:26 [Market] Player "StaryKojot" (id=_uJkEyflAFEKMpkKqdLWoQHEfGiapl6KlgBZ_xRI58A=) has send a requested to sell sheriff_badge x1 at the trader "Clothing (Linda [#STR_EXPANSION_MARKET_TRADER_CLOTHING])" in market zone "OUTLIVE Trader" (pos=<4291.589844, 25.247801, 4162.500000>).
10:28:26 [Market] Player "StaryKojot" (id=_uJkEyflAFEKMpkKqdLWoQHEfGiapl6KlgBZ_xRI58A=) has sold sheriff_badge x1 at the trader "Clothing (Linda [#STR_EXPANSION_MARKET_TRADER_CLOTHING])" in market zone "OUTLIVE Trader" (pos=<4291.589844, 25.247801, 4162.500000>) and got 600.
10:28:59 [ATM Locker] Player "StaryKojot" (id=_uJkEyflAFEKMpkKqdLWoQHEfGiapl6KlgBZ_xRI58A=) has deposited 36165 on his ATM account.
10:31:34 [Market] Player "StaryKojot" (id=_uJkEyflAFEKMpkKqdLWoQHEfGiapl6KlgBZ_xRI58A=) has send a requested to sell mag_expansion_m9_15rnd x1 at the trader "Attachments (Oliver [#STR_EXPANSION_MARKET_TRADER_ATTACHMENTS])" in market zone "OUTLIVE Trader" (pos=<4291.589844, 25.247801, 4162.500000>).
10:31:34 [Market] Player "StaryKojot" (id=_uJkEyflAFEKMpkKqdLWoQHEfGiapl6KlgBZ_xRI58A=) has sold mag_expansion_m9_15rnd x1 at the trader "Attachments (Oliver [#STR_EXPANSION_MARKET_TRADER_ATTACHMENTS])" in market zone "OUTLIVE Trader" (pos=<4291.589844, 25.247801, 4162.500000>) and got 35.
10:31:40 [Market] Player "StaryKojot" (id=_uJkEyflAFEKMpkKqdLWoQHEfGiapl6KlgBZ_xRI58A=) has send a requested to sell mag_deagle_9rnd x1 at the trader "Attachments (Oliver [#STR_EXPANSION_MARKET_TRADER_ATTACHMENTS])" in market zone "OUTLIVE Trader" (pos=<4291.589844, 25.247801, 4162.500000>).
10:31:40 [Market] Player "StaryKojot" (id=_uJkEyflAFEKMpkKqdLWoQHEfGiapl6KlgBZ_xRI58A=) has sold mag_deagle_9rnd x1 at the trader "Attachments (Oliver [#STR_EXPANSION_MARKET_TRADER_ATTACHMENTS])" in market zone "OUTLIVE Trader" (pos=<4291.589844, 25.247801, 4162.500000>) and got 40.
10:31:48 [Market] Player "StaryKojot" (id=_uJkEyflAFEKMpkKqdLWoQHEfGiapl6KlgBZ_xRI58A=) has send a requested to sell twp_optic_ncstar x1 at the trader "Attachments (Oliver [#STR_EXPANSION_MARKET_TRADER_ATTACHMENTS])" in market zone "OUTLIVE Trader" (pos=<4291.589844, 25.247801, 4162.500000>).
10:31:48 [Market] Player "StaryKojot" (id=_uJkEyflAFEKMpkKqdLWoQHEfGiapl6KlgBZ_xRI58A=) has sold twp_optic_ncstar x1 at the trader "Attachments (Oliver [#STR_EXPANSION_MARKET_TRADER_ATTACHMENTS])" in market zone "OUTLIVE Trader" (pos=<4291.589844, 25.247801, 4162.500000>) and got 262.
10:31:50 [Market] Player "StaryKojot" (id=_uJkEyflAFEKMpkKqdLWoQHEfGiapl6KlgBZ_xRI58A=) has send a requested to sell twp_optic_ax50 x1 at the trader "Attachments (Oliver [#STR_EXPANSION_MARKET_TRADER_ATTACHMENTS])" in market zone "OUTLIVE Trader" (pos=<4291.589844, 25.247801, 4162.500000>).
10:31:50 [Market] Player "StaryKojot" (id=_uJkEyflAFEKMpkKqdLWoQHEfGiapl6KlgBZ_xRI58A=) has sold twp_optic_ax50 x1 at the trader "Attachments (Oliver [#STR_EXPANSION_MARKET_TRADER_ATTACHMENTS])" in market zone "OUTLIVE Trader" (pos=<4291.589844, 25.247801, 4162.500000>) and got 262.
10:31:51 [Market] Player "StaryKojot" (id=_uJkEyflAFEKMpkKqdLWoQHEfGiapl6KlgBZ_xRI58A=) has send a requested to sell twp_optic_vlife x1 at the trader "Attachments (Oliver [#STR_EXPANSION_MARKET_TRADER_ATTACHMENTS])" in market zone "OUTLIVE Trader" (pos=<4291.589844, 25.247801, 4162.500000>).
10:31:51 [Market] Player "StaryKojot" (id=_uJkEyflAFEKMpkKqdLWoQHEfGiapl6KlgBZ_xRI58A=) has sold twp_optic_vlife x1 at the trader "Attachments (Oliver [#STR_EXPANSION_MARKET_TRADER_ATTACHMENTS])" in market zone "OUTLIVE Trader" (pos=<4291.589844, 25.247801, 4162.500000>) and got 262.
10:31:57 [Market] Player "StaryKojot" (id=_uJkEyflAFEKMpkKqdLWoQHEfGiapl6KlgBZ_xRI58A=) has send a requested to sell twp_dragunov_mag_8rnd x1 at the trader "Attachments (Oliver [#STR_EXPANSION_MARKET_TRADER_ATTACHMENTS])" in market zone "OUTLIVE Trader" (pos=<4291.589844, 25.247801, 4162.500000>).
10:31:57 [Market] Player "StaryKojot" (id=_uJkEyflAFEKMpkKqdLWoQHEfGiapl6KlgBZ_xRI58A=) has sold twp_dragunov_mag_8rnd x1 at the trader "Attachments (Oliver [#STR_EXPANSION_MARKET_TRADER_ATTACHMENTS])" in market zone "OUTLIVE Trader" (pos=<4291.589844, 25.247801, 4162.500000>) and got 75.
10:31:58 [Market] Player "StaryKojot" (id=_uJkEyflAFEKMpkKqdLWoQHEfGiapl6KlgBZ_xRI58A=) has send a requested to sell twp_m107_mag_15rnd x1 at the trader "Attachments (Oliver [#STR_EXPANSION_MARKET_TRADER_ATTACHMENTS])" in market zone "OUTLIVE Trader" (pos=<4291.589844, 25.247801, 4162.500000>).
10:31:58 [Market] Player "StaryKojot" (id=_uJkEyflAFEKMpkKqdLWoQHEfGiapl6KlgBZ_xRI58A=) has sold twp_m107_mag_15rnd x1 at the trader "Attachments (Oliver [#STR_EXPANSION_MARKET_TRADER_ATTACHMENTS])" in market zone "OUTLIVE Trader" (pos=<4291.589844, 25.247801, 4162.500000>) and got 90.
10:31:59 [Market] Player "StaryKojot" (id=_uJkEyflAFEKMpkKqdLWoQHEfGiapl6KlgBZ_xRI58A=) has send a requested to sell twp_m14_mag_20rnd x1 at the trader "Attachments (Oliver [#STR_EXPANSION_MARKET_TRADER_ATTACHMENTS])" in market zone "OUTLIVE Trader" (pos=<4291.589844, 25.247801, 4162.500000>).
10:31:59 [Market] Player "StaryKojot" (id=_uJkEyflAFEKMpkKqdLWoQHEfGiapl6KlgBZ_xRI58A=) has sold twp_m14_mag_20rnd x1 at the trader "Attachments (Oliver [#STR_EXPANSION_MARKET_TRADER_ATTACHMENTS])" in market zone "OUTLIVE Trader" (pos=<4291.589844, 25.247801, 4162.500000>) and got 120.
10:32:00 [Market] Player "StaryKojot" (id=_uJkEyflAFEKMpkKqdLWoQHEfGiapl6KlgBZ_xRI58A=) has send a requested to sell twp_m1carbine_mag_15rnd x1 at the trader "Attachments (Oliver [#STR_EXPANSION_MARKET_TRADER_ATTACHMENTS])" in market zone "OUTLIVE Trader" (pos=<4291.589844, 25.247801, 4162.500000>).
10:32:00 [Market] Player "StaryKojot" (id=_uJkEyflAFEKMpkKqdLWoQHEfGiapl6KlgBZ_xRI58A=) has sold twp_m1carbine_mag_15rnd x1 at the trader "Attachments (Oliver [#STR_EXPANSION_MARKET_TRADER_ATTACHMENTS])" in market zone "OUTLIVE Trader" (pos=<4291.589844, 25.247801, 4162.500000>) and got 75.
10:32:01 [Market] Player "StaryKojot" (id=_uJkEyflAFEKMpkKqdLWoQHEfGiapl6KlgBZ_xRI58A=) has send a requested to sell twp_m200old_mag_7rnd x1 at the trader "Attachments (Oliver [#STR_EXPANSION_MARKET_TRADER_ATTACHMENTS])" in market zone "OUTLIVE Trader" (pos=<4291.589844, 25.247801, 4162.500000>).
10:32:01 [Market] Player "StaryKojot" (id=_uJkEyflAFEKMpkKqdLWoQHEfGiapl6KlgBZ_xRI58A=) has sold twp_m200old_mag_7rnd x1 at the trader "Attachments (Oliver [#STR_EXPANSION_MARKET_TRADER_ATTACHMENTS])" in market zone "OUTLIVE Trader" (pos=<4291.589844, 25.247801, 4162.500000>) and got 300.
10:32:02 [Market] Player "StaryKojot" (id=_uJkEyflAFEKMpkKqdLWoQHEfGiapl6KlgBZ_xRI58A=) has send a requested to sell twp_mp40_mag_15rnd x1 at the trader "Attachments (Oliver [#STR_EXPANSION_MARKET_TRADER_ATTACHMENTS])" in market zone "OUTLIVE Trader" (pos=<4291.589844, 25.247801, 4162.500000>).
10:32:02 [Market] Player "StaryKojot" (id=_uJkEyflAFEKMpkKqdLWoQHEfGiapl6KlgBZ_xRI58A=) has sold twp_mp40_mag_15rnd x1 at the trader "Attachments (Oliver [#STR_EXPANSION_MARKET_TRADER_ATTACHMENTS])" in market zone "OUTLIVE Trader" (pos=<4291.589844, 25.247801, 4162.500000>) and got 90.
10:32:03 [Market] Player "StaryKojot" (id=_uJkEyflAFEKMpkKqdLWoQHEfGiapl6KlgBZ_xRI58A=) has send a requested to sell twp_psg1_mag_5rnd x1 at the trader "Attachments (Oliver [#STR_EXPANSION_MARKET_TRADER_ATTACHMENTS])" in market zone "OUTLIVE Trader" (pos=<4291.589844, 25.247801, 4162.500000>).
10:32:03 [Market] Player "StaryKojot" (id=_uJkEyflAFEKMpkKqdLWoQHEfGiapl6KlgBZ_xRI58A=) has sold twp_psg1_mag_5rnd x1 at the trader "Attachments (Oliver [#STR_EXPANSION_MARKET_TRADER_ATTACHMENTS])" in market zone "OUTLIVE Trader" (pos=<4291.589844, 25.247801, 4162.500000>) and got 75.
10:32:04 [Market] Player "StaryKojot" (id=_uJkEyflAFEKMpkKqdLWoQHEfGiapl6KlgBZ_xRI58A=) has send a requested to sell twp_r700_mag_10rnd x1 at the trader "Attachments (Oliver [#STR_EXPANSION_MARKET_TRADER_ATTACHMENTS])" in market zone "OUTLIVE Trader" (pos=<4291.589844, 25.247801, 4162.500000>).
10:32:04 [Market] Player "StaryKojot" (id=_uJkEyflAFEKMpkKqdLWoQHEfGiapl6KlgBZ_xRI58A=) has sold twp_r700_mag_10rnd x1 at the trader "Attachments (Oliver [#STR_EXPANSION_MARKET_TRADER_ATTACHMENTS])" in market zone "OUTLIVE Trader" (pos=<4291.589844, 25.247801, 4162.500000>) and got 75.
10:32:04 [Market] Player "StaryKojot" (id=_uJkEyflAFEKMpkKqdLWoQHEfGiapl6KlgBZ_xRI58A=) has send a requested to sell twp_ak103_mag_30rnd x1 at the trader "Attachments (Oliver [#STR_EXPANSION_MARKET_TRADER_ATTACHMENTS])" in market zone "OUTLIVE Trader" (pos=<4291.589844, 25.247801, 4162.500000>).
10:32:04 [Market] Player "StaryKojot" (id=_uJkEyflAFEKMpkKqdLWoQHEfGiapl6KlgBZ_xRI58A=) has sold twp_ak103_mag_30rnd x1 at the trader "Attachments (Oliver [#STR_EXPANSION_MARKET_TRADER_ATTACHMENTS])" in market zone "OUTLIVE Trader" (pos=<4291.589844, 25.247801, 4162.500000>) and got 180.
10:32:05 [Market] Player "StaryKojot" (id=_uJkEyflAFEKMpkKqdLWoQHEfGiapl6KlgBZ_xRI58A=) has send a requested to sell twp_tec9_mag_50rnd x1 at the trader "Attachments (Oliver [#STR_EXPANSION_MARKET_TRADER_ATTACHMENTS])" in market zone "OUTLIVE Trader" (pos=<4291.589844, 25.247801, 4162.500000>).
10:32:05 [Market] Player "StaryKojot" (id=_uJkEyflAFEKMpkKqdLWoQHEfGiapl6KlgBZ_xRI58A=) has sold twp_tec9_mag_50rnd x1 at the trader "Attachments (Oliver [#STR_EXPANSION_MARKET_TRADER_ATTACHMENTS])" in market zone "OUTLIVE Trader" (pos=<4291.589844, 25.247801, 4162.500000>) and got 300.
10:32:07 [Market] Player "StaryKojot" (id=_uJkEyflAFEKMpkKqdLWoQHEfGiapl6KlgBZ_xRI58A=) has send a requested to sell twp_pistollight x1 at the trader "Attachments (Oliver [#STR_EXPANSION_MARKET_TRADER_ATTACHMENTS])" in market zone "OUTLIVE Trader" (pos=<4291.589844, 25.247801, 4162.500000>).
10:32:07 [Market] Player "StaryKojot" (id=_uJkEyflAFEKMpkKqdLWoQHEfGiapl6KlgBZ_xRI58A=) has sold twp_pistollight x1 at the trader "Attachments (Oliver [#STR_EXPANSION_MARKET_TRADER_ATTACHMENTS])" in market zone "OUTLIVE Trader" (pos=<4291.589844, 25.247801, 4162.500000>) and got 100.
10:32:11 [Market] Player "StaryKojot" (id=_uJkEyflAFEKMpkKqdLWoQHEfGiapl6KlgBZ_xRI58A=) has send a requested to sell tlrlight x1 at the trader "Attachments (Oliver [#STR_EXPANSION_MARKET_TRADER_ATTACHMENTS])" in market zone "OUTLIVE Trader" (pos=<4291.589844, 25.247801, 4162.500000>).
10:32:11 [Market] Player "StaryKojot" (id=_uJkEyflAFEKMpkKqdLWoQHEfGiapl6KlgBZ_xRI58A=) has sold tlrlight x1 at the trader "Attachments (Oliver [#STR_EXPANSION_MARKET_TRADER_ATTACHMENTS])" in market zone "OUTLIVE Trader" (pos=<4291.589844, 25.247801, 4162.500000>) and got 50.
10:32:13 [Market] Player "StaryKojot" (id=_uJkEyflAFEKMpkKqdLWoQHEfGiapl6KlgBZ_xRI58A=) has send a requested to sell tlrlight x1 at the trader "Attachments (Oliver [#STR_EXPANSION_MARKET_TRADER_ATTACHMENTS])" in market zone "OUTLIVE Trader" (pos=<4291.589844, 25.247801, 4162.500000>).
10:32:13 [Market] Player "StaryKojot" (id=_uJkEyflAFEKMpkKqdLWoQHEfGiapl6KlgBZ_xRI58A=) has sold tlrlight x1 at the trader "Attachments (Oliver [#STR_EXPANSION_MARKET_TRADER_ATTACHMENTS])" in market zone "OUTLIVE Trader" (pos=<4291.589844, 25.247801, 4162.500000>) and got 50.
10:36:45 [Market] Player "StaryKojot" (id=_uJkEyflAFEKMpkKqdLWoQHEfGiapl6KlgBZ_xRI58A=) has send a requested to sell headtorch_black x1 at the trader "Clothing (Linda [#STR_EXPANSION_MARKET_TRADER_CLOTHING])" in market zone "OUTLIVE Trader" (pos=<4291.589844, 25.247801, 4162.500000>).
10:36:45 [Market] Player "StaryKojot" (id=_uJkEyflAFEKMpkKqdLWoQHEfGiapl6KlgBZ_xRI58A=) has sold headtorch_black x1 at the trader "Clothing (Linda [#STR_EXPANSION_MARKET_TRADER_CLOTHING])" in market zone "OUTLIVE Trader" (pos=<4291.589844, 25.247801, 4162.500000>) and got 150.
10:36:48 [Market] Player "StaryKojot" (id=_uJkEyflAFEKMpkKqdLWoQHEfGiapl6KlgBZ_xRI58A=) has send a requested to sell nbcjacketyellow x1 at the trader "Clothing (Linda [#STR_EXPANSION_MARKET_TRADER_CLOTHING])" in market zone "OUTLIVE Trader" (pos=<4291.589844, 25.247801, 4162.500000>).
10:36:49 [Market] Player "StaryKojot" (id=_uJkEyflAFEKMpkKqdLWoQHEfGiapl6KlgBZ_xRI58A=) has sold nbcjacketyellow x1 at the trader "Clothing (Linda [#STR_EXPANSION_MARKET_TRADER_CLOTHING])" in market zone "OUTLIVE Trader" (pos=<4291.589844, 25.247801, 4162.500000>) and got 350.
10:38:05 [Safezone] Player "StaryKojot" (id=_uJkEyflAFEKMpkKqdLWoQHEfGiapl6KlgBZ_xRI58A= pos=<4420.427246, 5.535439, 3994.490967>) Left the safezone
10:41:39 [VehicleCarKey] Player "StaryKojot" (id=_uJkEyflAFEKMpkKqdLWoQHEfGiapl6KlgBZ_xRI58A= pos=<4468.138184, 4.278388, 3157.106445>) used the  ExpansionCarKey to lock a Truck_01_Covered
10:41:40 [VehicleCarKey] Player "StaryKojot" (id=_uJkEyflAFEKMpkKqdLWoQHEfGiapl6KlgBZ_xRI58A= pos=<4468.138184, 4.278388, 3157.106445>) used the  ExpansionCarKey to unlock a Truck_01_Covered
10:44:46 [VehicleCarKey] Player "StaryKojot" (id=_uJkEyflAFEKMpkKqdLWoQHEfGiapl6KlgBZ_xRI58A= pos=<4468.212402, 4.273615, 3157.028320>) used the  ExpansionCarKey to lock a Truck_01_Covered
11:08:33 [MissionAirdrop] An airdrop is heading towards "Schlachtfeld" (pos=<3059.000000, 0.000000, 1707.000000> type=Random_Schlachtfeld) with a ExpansionAirdropContainer_Medical
11:08:33 [MissionAirdrop] An airdrop is heading towards "Obing" (pos=<6316.000000, 0.000000, 9204.000000> type=Random_Obing) with a ExpansionAirdropContainer_Basebuilding
11:12:20 [VehicleCarKey] Player "StaryKojot" (id=_uJkEyflAFEKMpkKqdLWoQHEfGiapl6KlgBZ_xRI58A= pos=<4468.522949, 4.258934, 3156.919678>) used the  ExpansionCarKey to unlock a Truck_01_Covered
11:16:17 [Safezone] Player "StaryKojot" (id=_uJkEyflAFEKMpkKqdLWoQHEfGiapl6KlgBZ_xRI58A= pos=<4367.119629, 5.713165, 4056.831543>) Entered the safezone
11:16:51 [Safezone] Player "StaryKojot" (id=_uJkEyflAFEKMpkKqdLWoQHEfGiapl6KlgBZ_xRI58A= pos=<4133.596191, 15.288559, 4342.115234>) Left the safezone
11:34:15 [VehicleCarKey] Player "StaryKojot" (id=_uJkEyflAFEKMpkKqdLWoQHEfGiapl6KlgBZ_xRI58A= pos=<6535.249023, 7.072170, 9470.536133>) used the  ExpansionCarKey to lock a Truck_01_Covered
11:43:52 [VehicleCarKey] Player "StaryKojot" (id=_uJkEyflAFEKMpkKqdLWoQHEfGiapl6KlgBZ_xRI58A= pos=<6534.868652, 6.966686, 9475.607422>) used the  ExpansionCarKey to unlock a Truck_01_Covered
11:44:18 [VehicleCarKey] Player "StaryKojot" (id=_uJkEyflAFEKMpkKqdLWoQHEfGiapl6KlgBZ_xRI58A= pos=<6534.671387, 6.953519, 9475.204102>) used the  ExpansionCarKey to lock a Truck_01_Covered
11:49:30 [VehicleCarKey] Player "StaryKojot" (id=_uJkEyflAFEKMpkKqdLWoQHEfGiapl6KlgBZ_xRI58A= pos=<6534.606445, 6.946691, 9474.985352>) used the  ExpansionCarKey to unlock a Truck_01_Covered
