18:56:01 [AI Object Patrol] Generating an example config...
18:57:53 [Expansion Quests] - SetupClientData - Loaded existing player quest data for player with UID: ktRM41tfmEPWvroZR3AqsVqtk95x7WD2p7citvvKp8g=
18:57:53 [Expansion Quests] - PlayerQuestsInit - Create new quest instance for quest: 23 - Creator UID: ktRM41tfmEPWvroZR3AqsVqtk95x7WD2p7citvvKp8g=
19:01:42 [Expansion Quests] - SetupClientData - Loaded existing player quest data for player with UID: 4J1ZKcwA-26L3HgU5BJNo7WcyuiqX0LXnszrWFv9hmQ=
19:01:42 [Expansion Quests] - PlayerQuestsInit - Create new quest instance for quest: 23 - Creator UID: 4J1ZKcwA-26L3HgU5BJNo7WcyuiqX0LXnszrWFv9hmQ=
19:02:54 [MissionAirdrop] An airdrop is heading towards "Weitmoos" (pos=<6222.000000, 0.000000, 9723.000000> type=Random_Weitmoos) with a ExpansionAirdropContainer_Military
19:02:54 [MissionAirdrop] An airdrop is heading towards "Mauerkirchen" (pos=<3123.000000, 0.000000, 4342.000000> type=Random_Mauerkirchen) with a ExpansionAirdropContainer_Military
19:04:26 [Expansion Quests] - SetupClientData - Loaded existing player quest data for player with UID: z67WFg-Joo3MekD4H0kXOZXbSI0D6ip7P9dY0J-nUoM=
19:04:26 [Expansion Quests] - PlayerQuestsInit - Create new quest instance for quest: 23 - Creator UID: z67WFg-Joo3MekD4H0kXOZXbSI0D6ip7P9dY0J-nUoM=
19:04:26 [Expansion Quests] - PlayerQuestsInit - Create new quest instance for quest: 18 - Creator UID: z67WFg-Joo3MekD4H0kXOZXbSI0D6ip7P9dY0J-nUoM=
19:04:26 [Expansion Quests] - PlayerQuestsInit - Create new quest instance for quest: 7 - Creator UID: z67WFg-Joo3MekD4H0kXOZXbSI0D6ip7P9dY0J-nUoM=
19:08:36 [Chat - Global]("Banderas"(id=4J1ZKcwA-26L3HgU5BJNo7WcyuiqX0LXnszrWFv9hmQ=)): why need gps?
19:08:55 [Chat - Global]("[R.E.D] DoDgY"(id=ktRM41tfmEPWvroZR3AqsVqtk95x7WD2p7citvvKp8g=)): i dont use them
19:09:15 [Chat - Global]("[R.E.D] DoDgY"(id=ktRM41tfmEPWvroZR3AqsVqtk95x7WD2p7citvvKp8g=)): think it puts a small map on screen if u press right ctrl and m
19:09:38 [Expansion Quests] - SetupClientData - Loaded existing player quest data for player with UID: O51WMdDQzgXORUqSM5snQEXNY_mRJk6JpE3sxZs1430=
19:09:38 [Expansion Quests] - PlayerQuestsInit - Create new quest instance for quest: 23 - Creator UID: O51WMdDQzgXORUqSM5snQEXNY_mRJk6JpE3sxZs1430=
19:09:38 [Expansion Quests] - PlayerQuestsInit - Create new quest instance for quest: 12 - Creator UID: O51WMdDQzgXORUqSM5snQEXNY_mRJk6JpE3sxZs1430=
19:09:38 [Expansion Quests] - PlayerQuestsInit - Create new quest instance for quest: 13 - Creator UID: O51WMdDQzgXORUqSM5snQEXNY_mRJk6JpE3sxZs1430=
19:11:13 [Expansion Quests] - SetupClientData - Got cached player quest data for player with UID: 4J1ZKcwA-26L3HgU5BJNo7WcyuiqX0LXnszrWFv9hmQ=
19:11:13 [Expansion Quests] - PlayerQuestsInit - Create new quest instance for quest: 23 - Creator UID: 4J1ZKcwA-26L3HgU5BJNo7WcyuiqX0LXnszrWFv9hmQ=
19:13:28 [VehicleCarKey] Player "Banderas" (id=4J1ZKcwA-26L3HgU5BJNo7WcyuiqX0LXnszrWFv9hmQ= pos=<3129.354980, 20.473475, 4257.575195>) used the  ExpansionCarKey to unlock a ExpansionUAZ
19:15:17 [VehicleCarKey] Player "Loomio" (id=O51WMdDQzgXORUqSM5snQEXNY_mRJk6JpE3sxZs1430= pos=<4466.987793, 5.213577, 3169.356201>) used the  ExpansionCarKey to unlock a ExpansionUAZ
19:16:45 [Safezone] Player "Loomio" (id=O51WMdDQzgXORUqSM5snQEXNY_mRJk6JpE3sxZs1430= pos=<4368.652832, 5.127891, 4058.145264>) Entered the safezone
19:17:12 [Safezone] Player "Loomio" (id=O51WMdDQzgXORUqSM5snQEXNY_mRJk6JpE3sxZs1430= pos=<4132.913574, 15.291705, 4312.137695>) Left the safezone
19:18:23 [Chat - Global]("Banderas"(id=4J1ZKcwA-26L3HgU5BJNo7WcyuiqX0LXnszrWFv9hmQ=)): someone is going to airdrop near trader?
19:18:42 [VehicleCarKey] Player "Loomio" (id=O51WMdDQzgXORUqSM5snQEXNY_mRJk6JpE3sxZs1430= pos=<3560.610840, 25.250973, 4801.703613>) used the  ExpansionCarKey to lock a ExpansionUAZ
19:21:30 [VehicleDestroyed] OffroadHatchback was destroyed at pos=<3393.102539, 29.579086, 3417.173828>
19:22:12 [Expansion Quests] - SetupClientData - Got cached player quest data for player with UID: 4J1ZKcwA-26L3HgU5BJNo7WcyuiqX0LXnszrWFv9hmQ=
19:22:13 [VehicleCarKey] Player "[Chill] Rehy_CZ" (id=z67WFg-Joo3MekD4H0kXOZXbSI0D6ip7P9dY0J-nUoM= pos=<3394.194824, 29.684771, 3416.713623>) used the  ExpansionCarKey to unlock a OffroadHatchback
19:22:25 [Chat - Global]("Banderas"(id=4J1ZKcwA-26L3HgU5BJNo7WcyuiqX0LXnszrWFv9hmQ=)): ashole
19:23:50 [Chat - Global]("Banderas"(id=4J1ZKcwA-26L3HgU5BJNo7WcyuiqX0LXnszrWFv9hmQ=)): feel better now?
19:27:39 [VehicleCarKey] Player "Loomio" (id=O51WMdDQzgXORUqSM5snQEXNY_mRJk6JpE3sxZs1430= pos=<3559.207764, 25.701904, 4806.337402>) used the  ExpansionCarKey to unlock a ExpansionUAZ
19:27:48 [Killfeed] Banderas bled out.
19:28:05 [Expansion Quests] - SetupClientData - Got cached player quest data for player with UID: 4J1ZKcwA-26L3HgU5BJNo7WcyuiqX0LXnszrWFv9hmQ=
19:29:19 [Safezone] Player "Loomio" (id=O51WMdDQzgXORUqSM5snQEXNY_mRJk6JpE3sxZs1430= pos=<4190.471680, 15.259931, 4241.682617>) Entered the safezone
19:29:42 [Safezone] Player "Loomio" (id=O51WMdDQzgXORUqSM5snQEXNY_mRJk6JpE3sxZs1430= pos=<4420.983887, 4.823078, 3929.627930>) Left the safezone
19:29:47 [Expansion Quests] - SetupClientData - Got cached player quest data for player with UID: 4J1ZKcwA-26L3HgU5BJNo7WcyuiqX0LXnszrWFv9hmQ=
19:31:10 [VehicleCarKey] Player "Loomio" (id=O51WMdDQzgXORUqSM5snQEXNY_mRJk6JpE3sxZs1430= pos=<4466.861328, 5.065388, 3167.927246>) used the  ExpansionCarKey to lock a ExpansionUAZ
19:46:24 [Safezone] Player "MADness" (id=OWXX6Y-5LFd-7A6ELi2o-QPO0kjmZUMZvMTKL0AQ_q0= pos=<4223.329102, 10.032362, 4155.552246>) Entered the safezone
19:46:24 [Expansion Quests] - SetupClientData - Loaded existing player quest data for player with UID: OWXX6Y-5LFd-7A6ELi2o-QPO0kjmZUMZvMTKL0AQ_q0=
19:46:24 [Expansion Quests] - PlayerQuestsInit - Create new quest instance for quest: 23 - Creator UID: OWXX6Y-5LFd-7A6ELi2o-QPO0kjmZUMZvMTKL0AQ_q0=
19:46:34 [Chat - Global]("MADness"(id=OWXX6Y-5LFd-7A6ELi2o-QPO0kjmZUMZvMTKL0AQ_q0=)): Hola
19:49:23 [Market] Player "MADness" (id=OWXX6Y-5LFd-7A6ELi2o-QPO0kjmZUMZvMTKL0AQ_q0=) has send a requested to sell twp_sst30silenced x1 at the trader "Weapons (Denis [#STR_EXPANSION_MARKET_TRADER_WEAPONS])" in market zone "OUTLIVE Trader" (pos=<4291.589844, 25.247801, 4162.500000>).
19:49:23 [Market] Player "MADness" (id=OWXX6Y-5LFd-7A6ELi2o-QPO0kjmZUMZvMTKL0AQ_q0=) has sold twp_sst30silenced x1 at the trader "Weapons (Denis [#STR_EXPANSION_MARKET_TRADER_WEAPONS])" in market zone "OUTLIVE Trader" (pos=<4291.589844, 25.247801, 4162.500000>) and got 800.
19:49:39 [ATM Locker] Player "MADness" (id=OWXX6Y-5LFd-7A6ELi2o-QPO0kjmZUMZvMTKL0AQ_q0=) has deposited 800 on his ATM account.
