03:59:58 [AI Object Patrol] Generating an example config...
04:04:37 [Expansion Quests] - SetupClientData - Loaded existing player quest data for player with UID: 57YCvZuMRkHJU3yw82KRoiZHJWkQ2zloZIsjAhJjCWQ=
04:04:37 [Expansion Quests] - PlayerQuestsInit - Create new quest instance for quest: 23 - Creator UID: 57YCvZuMRkHJU3yw82KRoiZHJWkQ2zloZIsjAhJjCWQ=
04:21:59 [Expansion Quests] - SetupClientData - Created new persistent player quest data for player UID: 2Try_3qbaTEpsZFGDBuJm6aX_lt9gyn8JYC7GcR3pyU=
04:23:22 [Party] Player "Dutch" (id=57YCvZuMRkHJU3yw82KRoiZHJWkQ2zloZIsjAhJjCWQ=) invited the player "Utopia" (id=2Try_3qbaTEpsZFGDBuJm6aX_lt9gyn8JYC7GcR3pyU=)to the party named Dusk Walkers
05:17:23 [Safezone] Player "Utopia" (id=2Try_3qbaTEpsZFGDBuJm6aX_lt9gyn8JYC7GcR3pyU= pos=<4225.224609, 11.054064, 4274.224121>) Entered the safezone
05:17:36 [Safezone] Player "Dutch" (id=57YCvZuMRkHJU3yw82KRoiZHJWkQ2zloZIsjAhJjCWQ= pos=<4208.899414, 11.071380, 4262.292480>) Entered the safezone
05:18:00 [ATM] Player "Utopia" (id=2Try_3qbaTEpsZFGDBuJm6aX_lt9gyn8JYC7GcR3pyU=) has withdrawn 20000 from his ATM account.
05:18:04 [Market] Player "Dutch" (id=57YCvZuMRkHJU3yw82KRoiZHJWkQ2zloZIsjAhJjCWQ=) has send a requested to sell expansion_m9 x1 at the trader "Weapons (Denis [#STR_EXPANSION_MARKET_TRADER_WEAPONS])" in market zone "OUTLIVE Trader" (pos=<4291.589844, 25.247801, 4162.500000>).
05:18:04 [Market] Player "Dutch" (id=57YCvZuMRkHJU3yw82KRoiZHJWkQ2zloZIsjAhJjCWQ=) has sold expansion_m9 x1 at the trader "Weapons (Denis [#STR_EXPANSION_MARKET_TRADER_WEAPONS])" in market zone "OUTLIVE Trader" (pos=<4291.589844, 25.247801, 4162.500000>) and got 135.
05:18:07 [Market] Player "Dutch" (id=57YCvZuMRkHJU3yw82KRoiZHJWkQ2zloZIsjAhJjCWQ=) has send a requested to sell expansion_benellim4 x1 at the trader "Weapons (Denis [#STR_EXPANSION_MARKET_TRADER_WEAPONS])" in market zone "OUTLIVE Trader" (pos=<4291.589844, 25.247801, 4162.500000>).
05:18:07 [Market] Player "Dutch" (id=57YCvZuMRkHJU3yw82KRoiZHJWkQ2zloZIsjAhJjCWQ=) has sold expansion_benellim4 x1 at the trader "Weapons (Denis [#STR_EXPANSION_MARKET_TRADER_WEAPONS])" in market zone "OUTLIVE Trader" (pos=<4291.589844, 25.247801, 4162.500000>) and got 500.
05:18:09 [Market] Player "Dutch" (id=57YCvZuMRkHJU3yw82KRoiZHJWkQ2zloZIsjAhJjCWQ=) has send a requested to sell twp_psg1 x1 at the trader "Weapons (Denis [#STR_EXPANSION_MARKET_TRADER_WEAPONS])" in market zone "OUTLIVE Trader" (pos=<4291.589844, 25.247801, 4162.500000>).
05:18:10 [Market] Player "Dutch" (id=57YCvZuMRkHJU3yw82KRoiZHJWkQ2zloZIsjAhJjCWQ=) has sold twp_psg1 x1 at the trader "Weapons (Denis [#STR_EXPANSION_MARKET_TRADER_WEAPONS])" in market zone "OUTLIVE Trader" (pos=<4291.589844, 25.247801, 4162.500000>) and got 2500.
05:18:11 [Market] Player "Dutch" (id=57YCvZuMRkHJU3yw82KRoiZHJWkQ2zloZIsjAhJjCWQ=) has send a requested to sell twp_vssk x1 at the trader "Weapons (Denis [#STR_EXPANSION_MARKET_TRADER_WEAPONS])" in market zone "OUTLIVE Trader" (pos=<4291.589844, 25.247801, 4162.500000>).
05:18:11 [Market] Player "Dutch" (id=57YCvZuMRkHJU3yw82KRoiZHJWkQ2zloZIsjAhJjCWQ=) has sold twp_vssk x1 at the trader "Weapons (Denis [#STR_EXPANSION_MARKET_TRADER_WEAPONS])" in market zone "OUTLIVE Trader" (pos=<4291.589844, 25.247801, 4162.500000>) and got 1500.
05:18:19 [Market] Player "Utopia" (id=2Try_3qbaTEpsZFGDBuJm6aX_lt9gyn8JYC7GcR3pyU=) has send a requested to sell twp_sigsauerp250wingshot x1 at the trader "Weapons (Denis [#STR_EXPANSION_MARKET_TRADER_WEAPONS])" in market zone "OUTLIVE Trader" (pos=<4291.589844, 25.247801, 4162.500000>).
05:18:19 [Market] Player "Utopia" (id=2Try_3qbaTEpsZFGDBuJm6aX_lt9gyn8JYC7GcR3pyU=) has sold twp_sigsauerp250wingshot x1 at the trader "Weapons (Denis [#STR_EXPANSION_MARKET_TRADER_WEAPONS])" in market zone "OUTLIVE Trader" (pos=<4291.589844, 25.247801, 4162.500000>) and got 1200.
05:19:19 [Market] Player "Utopia" (id=2Try_3qbaTEpsZFGDBuJm6aX_lt9gyn8JYC7GcR3pyU=) has send a requested to sell twp_ia2 x1 at the trader "Weapons (Denis [#STR_EXPANSION_MARKET_TRADER_WEAPONS])" in market zone "OUTLIVE Trader" (pos=<4291.589844, 25.247801, 4162.500000>).
05:19:20 [Market] Player "Utopia" (id=2Try_3qbaTEpsZFGDBuJm6aX_lt9gyn8JYC7GcR3pyU=) has sold twp_ia2 x1 at the trader "Weapons (Denis [#STR_EXPANSION_MARKET_TRADER_WEAPONS])" in market zone "OUTLIVE Trader" (pos=<4291.589844, 25.247801, 4162.500000>) and got 1700.
05:21:04 [Market] Player "Utopia" (id=2Try_3qbaTEpsZFGDBuJm6aX_lt9gyn8JYC7GcR3pyU=) has send a requested to purchase twp_vr80_mag_20rnd x1 from the trader "Attachments (Oliver [#STR_EXPANSION_MARKET_TRADER_ATTACHMENTS])" in market zone "OUTLIVE Trader" (pos=<4291.589844, 25.247801, 4162.500000>).
05:21:04 [Market] Player "Utopia" (id=2Try_3qbaTEpsZFGDBuJm6aX_lt9gyn8JYC7GcR3pyU=) has bought twp_vr80_mag_20rnd x1 from the trader "Attachments (Oliver [#STR_EXPANSION_MARKET_TRADER_ATTACHMENTS])" in market zone "OUTLIVE Trader" (pos=<4291.589844, 25.247801, 4162.500000>) for a price of 1100.
05:21:06 [Market] Player "Utopia" (id=2Try_3qbaTEpsZFGDBuJm6aX_lt9gyn8JYC7GcR3pyU=) has send a requested to purchase twp_vr80_mag_20rnd x1 from the trader "Attachments (Oliver [#STR_EXPANSION_MARKET_TRADER_ATTACHMENTS])" in market zone "OUTLIVE Trader" (pos=<4291.589844, 25.247801, 4162.500000>).
05:21:06 [Market] Player "Utopia" (id=2Try_3qbaTEpsZFGDBuJm6aX_lt9gyn8JYC7GcR3pyU=) has bought twp_vr80_mag_20rnd x1 from the trader "Attachments (Oliver [#STR_EXPANSION_MARKET_TRADER_ATTACHMENTS])" in market zone "OUTLIVE Trader" (pos=<4291.589844, 25.247801, 4162.500000>) for a price of 1100.
05:21:25 [Market] Player "Dutch" (id=57YCvZuMRkHJU3yw82KRoiZHJWkQ2zloZIsjAhJjCWQ=) has send a requested to sell militarybelt x1 at the trader "Clothing (Linda [#STR_EXPANSION_MARKET_TRADER_CLOTHING])" in market zone "OUTLIVE Trader" (pos=<4291.589844, 25.247801, 4162.500000>).
05:21:26 [Market] Player "Dutch" (id=57YCvZuMRkHJU3yw82KRoiZHJWkQ2zloZIsjAhJjCWQ=) has sold militarybelt x1 at the trader "Clothing (Linda [#STR_EXPANSION_MARKET_TRADER_CLOTHING])" in market zone "OUTLIVE Trader" (pos=<4291.589844, 25.247801, 4162.500000>) and got 125.
05:21:40 [Market] Player "Dutch" (id=57YCvZuMRkHJU3yw82KRoiZHJWkQ2zloZIsjAhJjCWQ=) has send a requested to sell mmg_mag_pouch_multicam x1 at the trader "Clothing (Linda [#STR_EXPANSION_MARKET_TRADER_CLOTHING])" in market zone "OUTLIVE Trader" (pos=<4291.589844, 25.247801, 4162.500000>).
05:21:40 [Market] Player "Dutch" (id=57YCvZuMRkHJU3yw82KRoiZHJWkQ2zloZIsjAhJjCWQ=) has sold mmg_mag_pouch_multicam x1 at the trader "Clothing (Linda [#STR_EXPANSION_MARKET_TRADER_CLOTHING])" in market zone "OUTLIVE Trader" (pos=<4291.589844, 25.247801, 4162.500000>) and got 200.
05:21:48 [Market] Player "Dutch" (id=57YCvZuMRkHJU3yw82KRoiZHJWkQ2zloZIsjAhJjCWQ=) has send a requested to sell mvs_chestrig_erdl x1 at the trader "Clothing (Linda [#STR_EXPANSION_MARKET_TRADER_CLOTHING])" in market zone "OUTLIVE Trader" (pos=<4291.589844, 25.247801, 4162.500000>).
05:21:48 [Market] Player "Dutch" (id=57YCvZuMRkHJU3yw82KRoiZHJWkQ2zloZIsjAhJjCWQ=) has sold mvs_chestrig_erdl x1 at the trader "Clothing (Linda [#STR_EXPANSION_MARKET_TRADER_CLOTHING])" in market zone "OUTLIVE Trader" (pos=<4291.589844, 25.247801, 4162.500000>) and got 500.
05:21:50 [Market] Player "Utopia" (id=2Try_3qbaTEpsZFGDBuJm6aX_lt9gyn8JYC7GcR3pyU=) has send a requested to purchase m4_rishndgrd x1 from the trader "Attachments (Oliver [#STR_EXPANSION_MARKET_TRADER_ATTACHMENTS])" in market zone "OUTLIVE Trader" (pos=<4291.589844, 25.247801, 4162.500000>).
05:21:51 [Market] Player "Utopia" (id=2Try_3qbaTEpsZFGDBuJm6aX_lt9gyn8JYC7GcR3pyU=) has bought m4_rishndgrd x1 from the trader "Attachments (Oliver [#STR_EXPANSION_MARKET_TRADER_ATTACHMENTS])" in market zone "OUTLIVE Trader" (pos=<4291.589844, 25.247801, 4162.500000>) for a price of 800.
05:22:26 [Market] Player "Utopia" (id=2Try_3qbaTEpsZFGDBuJm6aX_lt9gyn8JYC7GcR3pyU=) has send a requested to purchase m4_cqbbttstck x1 from the trader "Attachments (Oliver [#STR_EXPANSION_MARKET_TRADER_ATTACHMENTS])" in market zone "OUTLIVE Trader" (pos=<4291.589844, 25.247801, 4162.500000>).
05:22:26 [Market] Player "Utopia" (id=2Try_3qbaTEpsZFGDBuJm6aX_lt9gyn8JYC7GcR3pyU=) has bought m4_cqbbttstck x1 from the trader "Attachments (Oliver [#STR_EXPANSION_MARKET_TRADER_ATTACHMENTS])" in market zone "OUTLIVE Trader" (pos=<4291.589844, 25.247801, 4162.500000>) for a price of 600.
05:22:27 [Market] Player "Dutch" (id=57YCvZuMRkHJU3yw82KRoiZHJWkQ2zloZIsjAhJjCWQ=) has send a requested to sell platecarriervest x1 at the trader "Clothing (Linda [#STR_EXPANSION_MARKET_TRADER_CLOTHING])" in market zone "OUTLIVE Trader" (pos=<4291.589844, 25.247801, 4162.500000>).
05:22:28 [Market] Player "Dutch" (id=57YCvZuMRkHJU3yw82KRoiZHJWkQ2zloZIsjAhJjCWQ=) has sold platecarriervest x1 at the trader "Clothing (Linda [#STR_EXPANSION_MARKET_TRADER_CLOTHING])" in market zone "OUTLIVE Trader" (pos=<4291.589844, 25.247801, 4162.500000>) and got 170.
05:22:46 [Market] Player "Dutch" (id=57YCvZuMRkHJU3yw82KRoiZHJWkQ2zloZIsjAhJjCWQ=) has send a requested to sell twp_ammobox_46x30_30rnd x1 at the trader "Attachments (Oliver [#STR_EXPANSION_MARKET_TRADER_ATTACHMENTS])" in market zone "OUTLIVE Trader" (pos=<4291.589844, 25.247801, 4162.500000>).
05:22:46 [Market] Player "Dutch" (id=57YCvZuMRkHJU3yw82KRoiZHJWkQ2zloZIsjAhJjCWQ=) has sold twp_ammobox_46x30_30rnd x1 at the trader "Attachments (Oliver [#STR_EXPANSION_MARKET_TRADER_ATTACHMENTS])" in market zone "OUTLIVE Trader" (pos=<4291.589844, 25.247801, 4162.500000>) and got 123.
05:23:09 [ATM] Player "Dutch" (id=57YCvZuMRkHJU3yw82KRoiZHJWkQ2zloZIsjAhJjCWQ=) has deposited 5768 on his ATM account.
05:23:20 [Market] Player "Utopia" (id=2Try_3qbaTEpsZFGDBuJm6aX_lt9gyn8JYC7GcR3pyU=) has send a requested to purchase mag_stanagcoupled_30rnd x1 from the trader "Attachments (Oliver [#STR_EXPANSION_MARKET_TRADER_ATTACHMENTS])" in market zone "OUTLIVE Trader" (pos=<4291.589844, 25.247801, 4162.500000>).
05:23:20 [Market] Player "Utopia" (id=2Try_3qbaTEpsZFGDBuJm6aX_lt9gyn8JYC7GcR3pyU=) has bought mag_stanagcoupled_30rnd x1 from the trader "Attachments (Oliver [#STR_EXPANSION_MARKET_TRADER_ATTACHMENTS])" in market zone "OUTLIVE Trader" (pos=<4291.589844, 25.247801, 4162.500000>) for a price of 3000.
05:24:26 [Safezone] Player "Dutch" (id=57YCvZuMRkHJU3yw82KRoiZHJWkQ2zloZIsjAhJjCWQ= pos=<4217.056641, 13.236216, 4113.345215>) Entered the safezone
05:24:26 [Expansion Quests] - SetupClientData - Got cached player quest data for player with UID: 57YCvZuMRkHJU3yw82KRoiZHJWkQ2zloZIsjAhJjCWQ=
05:24:26 [Expansion Quests] - PlayerQuestsInit - Create new quest instance for quest: 23 - Creator UID: 57YCvZuMRkHJU3yw82KRoiZHJWkQ2zloZIsjAhJjCWQ=
05:25:33 [Market] Player "Utopia" (id=2Try_3qbaTEpsZFGDBuJm6aX_lt9gyn8JYC7GcR3pyU=) has send a requested to purchase twp_dragunov_mag_10rnd x1 from the trader "Attachments (Oliver [#STR_EXPANSION_MARKET_TRADER_ATTACHMENTS])" in market zone "OUTLIVE Trader" (pos=<4291.589844, 25.247801, 4162.500000>).
05:25:34 [Market] Player "Utopia" (id=2Try_3qbaTEpsZFGDBuJm6aX_lt9gyn8JYC7GcR3pyU=) has bought twp_dragunov_mag_10rnd x1 from the trader "Attachments (Oliver [#STR_EXPANSION_MARKET_TRADER_ATTACHMENTS])" in market zone "OUTLIVE Trader" (pos=<4291.589844, 25.247801, 4162.500000>) for a price of 1050.
05:25:35 [Market] Player "Utopia" (id=2Try_3qbaTEpsZFGDBuJm6aX_lt9gyn8JYC7GcR3pyU=) has send a requested to purchase twp_dragunov_mag_10rnd x1 from the trader "Attachments (Oliver [#STR_EXPANSION_MARKET_TRADER_ATTACHMENTS])" in market zone "OUTLIVE Trader" (pos=<4291.589844, 25.247801, 4162.500000>).
05:25:35 [Market] Player "Utopia" (id=2Try_3qbaTEpsZFGDBuJm6aX_lt9gyn8JYC7GcR3pyU=) has bought twp_dragunov_mag_10rnd x1 from the trader "Attachments (Oliver [#STR_EXPANSION_MARKET_TRADER_ATTACHMENTS])" in market zone "OUTLIVE Trader" (pos=<4291.589844, 25.247801, 4162.500000>) for a price of 1050.
05:26:51 [Market] Player "Utopia" (id=2Try_3qbaTEpsZFGDBuJm6aX_lt9gyn8JYC7GcR3pyU=) has send a requested to purchase twp_oldrifle_optic x1 from the trader "Attachments (Oliver [#STR_EXPANSION_MARKET_TRADER_ATTACHMENTS])" in market zone "OUTLIVE Trader" (pos=<4291.589844, 25.247801, 4162.500000>).
05:26:51 [Market] Player "Utopia" (id=2Try_3qbaTEpsZFGDBuJm6aX_lt9gyn8JYC7GcR3pyU=) has bought twp_oldrifle_optic x1 from the trader "Attachments (Oliver [#STR_EXPANSION_MARKET_TRADER_ATTACHMENTS])" in market zone "OUTLIVE Trader" (pos=<4291.589844, 25.247801, 4162.500000>) for a price of 2250.
05:27:17 [Market] Player "Utopia" (id=2Try_3qbaTEpsZFGDBuJm6aX_lt9gyn8JYC7GcR3pyU=) has send a requested to purchase twp_oldrifle_optic2 x1 from the trader "Attachments (Oliver [#STR_EXPANSION_MARKET_TRADER_ATTACHMENTS])" in market zone "OUTLIVE Trader" (pos=<4291.589844, 25.247801, 4162.500000>).
05:27:17 [Market] Player "Utopia" (id=2Try_3qbaTEpsZFGDBuJm6aX_lt9gyn8JYC7GcR3pyU=) has bought twp_oldrifle_optic2 x1 from the trader "Attachments (Oliver [#STR_EXPANSION_MARKET_TRADER_ATTACHMENTS])" in market zone "OUTLIVE Trader" (pos=<4291.589844, 25.247801, 4162.500000>) for a price of 1750.
05:28:46 [Market] Player "Utopia" (id=2Try_3qbaTEpsZFGDBuJm6aX_lt9gyn8JYC7GcR3pyU=) has send a requested to purchase pso11optic x1 from the trader "Attachments (Oliver [#STR_EXPANSION_MARKET_TRADER_ATTACHMENTS])" in market zone "OUTLIVE Trader" (pos=<4291.589844, 25.247801, 4162.500000>).
05:28:46 [Market] Player "Utopia" (id=2Try_3qbaTEpsZFGDBuJm6aX_lt9gyn8JYC7GcR3pyU=) has bought pso11optic x1 from the trader "Attachments (Oliver [#STR_EXPANSION_MARKET_TRADER_ATTACHMENTS])" in market zone "OUTLIVE Trader" (pos=<4291.589844, 25.247801, 4162.500000>) for a price of 3050.
05:29:39 [Market] Player "Utopia" (id=2Try_3qbaTEpsZFGDBuJm6aX_lt9gyn8JYC7GcR3pyU=) has send a requested to purchase twp_optic_vlife x1 from the trader "Attachments (Oliver [#STR_EXPANSION_MARKET_TRADER_ATTACHMENTS])" in market zone "OUTLIVE Trader" (pos=<4291.589844, 25.247801, 4162.500000>).
05:29:40 [Market] Player "Utopia" (id=2Try_3qbaTEpsZFGDBuJm6aX_lt9gyn8JYC7GcR3pyU=) has bought twp_optic_vlife x1 from the trader "Attachments (Oliver [#STR_EXPANSION_MARKET_TRADER_ATTACHMENTS])" in market zone "OUTLIVE Trader" (pos=<4291.589844, 25.247801, 4162.500000>) for a price of 1750.
05:30:14 [Market] Player "Utopia" (id=2Try_3qbaTEpsZFGDBuJm6aX_lt9gyn8JYC7GcR3pyU=) has send a requested to sell twp_oldrifle_optic2 x1 at the trader "Attachments (Oliver [#STR_EXPANSION_MARKET_TRADER_ATTACHMENTS])" in market zone "OUTLIVE Trader" (pos=<4291.589844, 25.247801, 4162.500000>).
05:30:14 [Market] Player "Utopia" (id=2Try_3qbaTEpsZFGDBuJm6aX_lt9gyn8JYC7GcR3pyU=) has sold twp_oldrifle_optic2 x1 at the trader "Attachments (Oliver [#STR_EXPANSION_MARKET_TRADER_ATTACHMENTS])" in market zone "OUTLIVE Trader" (pos=<4291.589844, 25.247801, 4162.500000>) and got 262.
05:30:16 [Market] Player "Utopia" (id=2Try_3qbaTEpsZFGDBuJm6aX_lt9gyn8JYC7GcR3pyU=) has send a requested to sell twp_oldrifle_optic x1 at the trader "Attachments (Oliver [#STR_EXPANSION_MARKET_TRADER_ATTACHMENTS])" in market zone "OUTLIVE Trader" (pos=<4291.589844, 25.247801, 4162.500000>).
05:30:17 [Market] Player "Utopia" (id=2Try_3qbaTEpsZFGDBuJm6aX_lt9gyn8JYC7GcR3pyU=) has sold twp_oldrifle_optic x1 at the trader "Attachments (Oliver [#STR_EXPANSION_MARKET_TRADER_ATTACHMENTS])" in market zone "OUTLIVE Trader" (pos=<4291.589844, 25.247801, 4162.500000>) and got 338.
05:30:21 [Market] Player "Utopia" (id=2Try_3qbaTEpsZFGDBuJm6aX_lt9gyn8JYC7GcR3pyU=) has send a requested to sell pso11optic x1 at the trader "Attachments (Oliver [#STR_EXPANSION_MARKET_TRADER_ATTACHMENTS])" in market zone "OUTLIVE Trader" (pos=<4291.589844, 25.247801, 4162.500000>).
05:30:21 [Market] Player "Utopia" (id=2Try_3qbaTEpsZFGDBuJm6aX_lt9gyn8JYC7GcR3pyU=) has sold pso11optic x1 at the trader "Attachments (Oliver [#STR_EXPANSION_MARKET_TRADER_ATTACHMENTS])" in market zone "OUTLIVE Trader" (pos=<4291.589844, 25.247801, 4162.500000>) and got 380.
05:30:36 [Market] Player "Utopia" (id=2Try_3qbaTEpsZFGDBuJm6aX_lt9gyn8JYC7GcR3pyU=) has send a requested to sell twp_auto9_mag_25rnd x1 at the trader "Attachments (Oliver [#STR_EXPANSION_MARKET_TRADER_ATTACHMENTS])" in market zone "OUTLIVE Trader" (pos=<4291.589844, 25.247801, 4162.500000>).
05:30:36 [Market] Player "Utopia" (id=2Try_3qbaTEpsZFGDBuJm6aX_lt9gyn8JYC7GcR3pyU=) has sold twp_auto9_mag_25rnd x1 at the trader "Attachments (Oliver [#STR_EXPANSION_MARKET_TRADER_ATTACHMENTS])" in market zone "OUTLIVE Trader" (pos=<4291.589844, 25.247801, 4162.500000>) and got 160.
05:30:38 [Market] Player "Utopia" (id=2Try_3qbaTEpsZFGDBuJm6aX_lt9gyn8JYC7GcR3pyU=) has send a requested to sell twp_dmr25_mag_20rnd x1 at the trader "Attachments (Oliver [#STR_EXPANSION_MARKET_TRADER_ATTACHMENTS])" in market zone "OUTLIVE Trader" (pos=<4291.589844, 25.247801, 4162.500000>).
05:30:39 [Market] Player "Utopia" (id=2Try_3qbaTEpsZFGDBuJm6aX_lt9gyn8JYC7GcR3pyU=) has sold twp_dmr25_mag_20rnd x1 at the trader "Attachments (Oliver [#STR_EXPANSION_MARKET_TRADER_ATTACHMENTS])" in market zone "OUTLIVE Trader" (pos=<4291.589844, 25.247801, 4162.500000>) and got 120.
05:30:41 [Market] Player "Utopia" (id=2Try_3qbaTEpsZFGDBuJm6aX_lt9gyn8JYC7GcR3pyU=) has send a requested to sell twp_m40a5_mag_5rnd x1 at the trader "Attachments (Oliver [#STR_EXPANSION_MARKET_TRADER_ATTACHMENTS])" in market zone "OUTLIVE Trader" (pos=<4291.589844, 25.247801, 4162.500000>).
05:30:41 [Market] Player "Utopia" (id=2Try_3qbaTEpsZFGDBuJm6aX_lt9gyn8JYC7GcR3pyU=) has sold twp_m40a5_mag_5rnd x1 at the trader "Attachments (Oliver [#STR_EXPANSION_MARKET_TRADER_ATTACHMENTS])" in market zone "OUTLIVE Trader" (pos=<4291.589844, 25.247801, 4162.500000>) and got 85.
05:30:43 [Market] Player "Utopia" (id=2Try_3qbaTEpsZFGDBuJm6aX_lt9gyn8JYC7GcR3pyU=) has send a requested to sell twp_r700_mag_10rnd x1 at the trader "Attachments (Oliver [#STR_EXPANSION_MARKET_TRADER_ATTACHMENTS])" in market zone "OUTLIVE Trader" (pos=<4291.589844, 25.247801, 4162.500000>).
05:30:44 [Market] Player "Utopia" (id=2Try_3qbaTEpsZFGDBuJm6aX_lt9gyn8JYC7GcR3pyU=) has sold twp_r700_mag_10rnd x1 at the trader "Attachments (Oliver [#STR_EXPANSION_MARKET_TRADER_ATTACHMENTS])" in market zone "OUTLIVE Trader" (pos=<4291.589844, 25.247801, 4162.500000>) and got 93.
05:30:47 [Market] Player "Utopia" (id=2Try_3qbaTEpsZFGDBuJm6aX_lt9gyn8JYC7GcR3pyU=) has send a requested to sell twp_sks_mag_20rnd x1 at the trader "Attachments (Oliver [#STR_EXPANSION_MARKET_TRADER_ATTACHMENTS])" in market zone "OUTLIVE Trader" (pos=<4291.589844, 25.247801, 4162.500000>).
05:30:47 [Market] Player "Utopia" (id=2Try_3qbaTEpsZFGDBuJm6aX_lt9gyn8JYC7GcR3pyU=) has sold twp_sks_mag_20rnd x1 at the trader "Attachments (Oliver [#STR_EXPANSION_MARKET_TRADER_ATTACHMENTS])" in market zone "OUTLIVE Trader" (pos=<4291.589844, 25.247801, 4162.500000>) and got 154.
05:30:50 [Market] Player "Utopia" (id=2Try_3qbaTEpsZFGDBuJm6aX_lt9gyn8JYC7GcR3pyU=) has send a requested to sell twp_sv98_mag_10rnd x1 at the trader "Attachments (Oliver [#STR_EXPANSION_MARKET_TRADER_ATTACHMENTS])" in market zone "OUTLIVE Trader" (pos=<4291.589844, 25.247801, 4162.500000>).
05:30:50 [Market] Player "Utopia" (id=2Try_3qbaTEpsZFGDBuJm6aX_lt9gyn8JYC7GcR3pyU=) has sold twp_sv98_mag_10rnd x1 at the trader "Attachments (Oliver [#STR_EXPANSION_MARKET_TRADER_ATTACHMENTS])" in market zone "OUTLIVE Trader" (pos=<4291.589844, 25.247801, 4162.500000>) and got 197.
05:30:54 [Market] Player "Utopia" (id=2Try_3qbaTEpsZFGDBuJm6aX_lt9gyn8JYC7GcR3pyU=) has send a requested to sell twp_ammo_57x28 x1 at the trader "Attachments (Oliver [#STR_EXPANSION_MARKET_TRADER_ATTACHMENTS])" in market zone "OUTLIVE Trader" (pos=<4291.589844, 25.247801, 4162.500000>).
05:30:54 [Market] Player "Utopia" (id=2Try_3qbaTEpsZFGDBuJm6aX_lt9gyn8JYC7GcR3pyU=) has sold twp_ammo_57x28 x1 at the trader "Attachments (Oliver [#STR_EXPANSION_MARKET_TRADER_ATTACHMENTS])" in market zone "OUTLIVE Trader" (pos=<4291.589844, 25.247801, 4162.500000>) and got 4.
05:31:15 [Market] Player "Utopia" (id=2Try_3qbaTEpsZFGDBuJm6aX_lt9gyn8JYC7GcR3pyU=) has send a requested to sell twp_ammo_57x28 x57 at the trader "Attachments (Oliver [#STR_EXPANSION_MARKET_TRADER_ATTACHMENTS])" in market zone "OUTLIVE Trader" (pos=<4291.589844, 25.247801, 4162.500000>).
05:31:16 [Market] Player "Utopia" (id=2Try_3qbaTEpsZFGDBuJm6aX_lt9gyn8JYC7GcR3pyU=) has sold twp_ammo_57x28 x57 at the trader "Attachments (Oliver [#STR_EXPANSION_MARKET_TRADER_ATTACHMENTS])" in market zone "OUTLIVE Trader" (pos=<4291.589844, 25.247801, 4162.500000>) and got 256.
05:31:25 [Market] Player "Utopia" (id=2Try_3qbaTEpsZFGDBuJm6aX_lt9gyn8JYC7GcR3pyU=) has send a requested to sell ammo_308win x1 at the trader "Attachments (Oliver [#STR_EXPANSION_MARKET_TRADER_ATTACHMENTS])" in market zone "OUTLIVE Trader" (pos=<4291.589844, 25.247801, 4162.500000>).
05:31:25 [Market] Player "Utopia" (id=2Try_3qbaTEpsZFGDBuJm6aX_lt9gyn8JYC7GcR3pyU=) has sold ammo_308win x1 at the trader "Attachments (Oliver [#STR_EXPANSION_MARKET_TRADER_ATTACHMENTS])" in market zone "OUTLIVE Trader" (pos=<4291.589844, 25.247801, 4162.500000>) and got 10.
05:31:33 [Market] Player "Utopia" (id=2Try_3qbaTEpsZFGDBuJm6aX_lt9gyn8JYC7GcR3pyU=) has send a requested to sell ammo_308win x9 at the trader "Attachments (Oliver [#STR_EXPANSION_MARKET_TRADER_ATTACHMENTS])" in market zone "OUTLIVE Trader" (pos=<4291.589844, 25.247801, 4162.500000>).
05:31:33 [Market] Player "Utopia" (id=2Try_3qbaTEpsZFGDBuJm6aX_lt9gyn8JYC7GcR3pyU=) has sold ammo_308win x9 at the trader "Attachments (Oliver [#STR_EXPANSION_MARKET_TRADER_ATTACHMENTS])" in market zone "OUTLIVE Trader" (pos=<4291.589844, 25.247801, 4162.500000>) and got 89.
05:31:48 [ATM] Player "Dutch" (id=57YCvZuMRkHJU3yw82KRoiZHJWkQ2zloZIsjAhJjCWQ=) has withdrawn 2000 from his ATM account.
05:31:56 [Market] Player "Utopia" (id=2Try_3qbaTEpsZFGDBuJm6aX_lt9gyn8JYC7GcR3pyU=) has send a requested to purchase ammo_556x45 x31 from the trader "Attachments (Oliver [#STR_EXPANSION_MARKET_TRADER_ATTACHMENTS])" in market zone "OUTLIVE Trader" (pos=<4291.589844, 25.247801, 4162.500000>).
05:31:56 [Market] Player "Utopia" (id=2Try_3qbaTEpsZFGDBuJm6aX_lt9gyn8JYC7GcR3pyU=) has bought ammo_556x45 x31 from the trader "Attachments (Oliver [#STR_EXPANSION_MARKET_TRADER_ATTACHMENTS])" in market zone "OUTLIVE Trader" (pos=<4291.589844, 25.247801, 4162.500000>) for a price of 775.
05:31:56 [Market] Player "Dutch" (id=57YCvZuMRkHJU3yw82KRoiZHJWkQ2zloZIsjAhJjCWQ=) has send a requested to purchase weaponcleaningkit x1 from the trader "BuildingSupplies (Boris [#STR_EXPANSION_MARKET_TRADER_BUILDING_SUPPLIES])" in market zone "OUTLIVE Trader" (pos=<4291.589844, 25.247801, 4162.500000>).
05:31:57 [Market] Player "Dutch" (id=57YCvZuMRkHJU3yw82KRoiZHJWkQ2zloZIsjAhJjCWQ=) has bought weaponcleaningkit x1 from the trader "BuildingSupplies (Boris [#STR_EXPANSION_MARKET_TRADER_BUILDING_SUPPLIES])" in market zone "OUTLIVE Trader" (pos=<4291.589844, 25.247801, 4162.500000>) for a price of 2000.
05:33:00 [Market] Player "Utopia" (id=2Try_3qbaTEpsZFGDBuJm6aX_lt9gyn8JYC7GcR3pyU=) has send a requested to purchase twp_aksuppressor x1 from the trader "Attachments (Oliver [#STR_EXPANSION_MARKET_TRADER_ATTACHMENTS])" in market zone "OUTLIVE Trader" (pos=<4291.589844, 25.247801, 4162.500000>).
05:33:00 [Market] Player "Utopia" (id=2Try_3qbaTEpsZFGDBuJm6aX_lt9gyn8JYC7GcR3pyU=) has bought twp_aksuppressor x1 from the trader "Attachments (Oliver [#STR_EXPANSION_MARKET_TRADER_ATTACHMENTS])" in market zone "OUTLIVE Trader" (pos=<4291.589844, 25.247801, 4162.500000>) for a price of 2500.
05:34:01 [Market] Player "Utopia" (id=2Try_3qbaTEpsZFGDBuJm6aX_lt9gyn8JYC7GcR3pyU=) has send a requested to sell twp_winchesterrifle x1 at the trader "Weapons (Denis [#STR_EXPANSION_MARKET_TRADER_WEAPONS])" in market zone "OUTLIVE Trader" (pos=<4291.589844, 25.247801, 4162.500000>).
05:34:01 [Market] Player "Utopia" (id=2Try_3qbaTEpsZFGDBuJm6aX_lt9gyn8JYC7GcR3pyU=) has sold twp_winchesterrifle x1 at the trader "Weapons (Denis [#STR_EXPANSION_MARKET_TRADER_WEAPONS])" in market zone "OUTLIVE Trader" (pos=<4291.589844, 25.247801, 4162.500000>) and got 650.
05:34:49 [Market] Player "Utopia" (id=2Try_3qbaTEpsZFGDBuJm6aX_lt9gyn8JYC7GcR3pyU=) has send a requested to purchase ammo_762x54 x29 from the trader "Attachments (Oliver [#STR_EXPANSION_MARKET_TRADER_ATTACHMENTS])" in market zone "OUTLIVE Trader" (pos=<4291.589844, 25.247801, 4162.500000>).
05:34:49 [Market] Player "Utopia" (id=2Try_3qbaTEpsZFGDBuJm6aX_lt9gyn8JYC7GcR3pyU=) has bought ammo_762x54 x29 from the trader "Attachments (Oliver [#STR_EXPANSION_MARKET_TRADER_ATTACHMENTS])" in market zone "OUTLIVE Trader" (pos=<4291.589844, 25.247801, 4162.500000>) for a price of 870.
05:35:01 [Market] Player "Utopia" (id=2Try_3qbaTEpsZFGDBuJm6aX_lt9gyn8JYC7GcR3pyU=) has send a requested to purchase ammo_12gapellets x27 from the trader "Attachments (Oliver [#STR_EXPANSION_MARKET_TRADER_ATTACHMENTS])" in market zone "OUTLIVE Trader" (pos=<4291.589844, 25.247801, 4162.500000>).
05:35:01 [Market] Player "Utopia" (id=2Try_3qbaTEpsZFGDBuJm6aX_lt9gyn8JYC7GcR3pyU=) has bought ammo_12gapellets x27 from the trader "Attachments (Oliver [#STR_EXPANSION_MARKET_TRADER_ATTACHMENTS])" in market zone "OUTLIVE Trader" (pos=<4291.589844, 25.247801, 4162.500000>) for a price of 405.
05:43:50 [Safezone] Player "Utopia" (id=2Try_3qbaTEpsZFGDBuJm6aX_lt9gyn8JYC7GcR3pyU= pos=<4220.997559, 11.119379, 4136.060059>) Entered the safezone
05:43:50 [Expansion Quests] - SetupClientData - Got cached player quest data for player with UID: 2Try_3qbaTEpsZFGDBuJm6aX_lt9gyn8JYC7GcR3pyU=
05:43:50 [Expansion Quests] - PlayerQuestsInit - Create new quest instance for quest: 19 - Creator UID: 2Try_3qbaTEpsZFGDBuJm6aX_lt9gyn8JYC7GcR3pyU=
05:43:50 [Expansion Quests] - PlayerQuestsInit - Create new quest instance for quest: 23 - Creator UID: 2Try_3qbaTEpsZFGDBuJm6aX_lt9gyn8JYC7GcR3pyU=
05:45:00 [Safezone] Player "Dutch" (id=57YCvZuMRkHJU3yw82KRoiZHJWkQ2zloZIsjAhJjCWQ= pos=<4151.128906, 14.653906, 4257.375488>) Left the safezone
05:45:01 [Safezone] Player "Utopia" (id=2Try_3qbaTEpsZFGDBuJm6aX_lt9gyn8JYC7GcR3pyU= pos=<4156.970215, 14.517167, 4263.232910>) Left the safezone
05:58:34 [Expansion Quests] - SetupClientData - Got cached player quest data for player with UID: 2Try_3qbaTEpsZFGDBuJm6aX_lt9gyn8JYC7GcR3pyU=
05:58:34 [Expansion Quests] - PlayerQuestsInit - Create new quest instance for quest: 19 - Creator UID: 2Try_3qbaTEpsZFGDBuJm6aX_lt9gyn8JYC7GcR3pyU=
05:58:34 [Expansion Quests] - PlayerQuestsInit - Create new quest instance for quest: 20 - Creator UID: 2Try_3qbaTEpsZFGDBuJm6aX_lt9gyn8JYC7GcR3pyU=
