08:02:42 [AI Object Patrol] Generating an example config...
08:27:54 [Expansion Quests] - SetupClientData - Loaded existing player quest data for player with UID: HmoyAH1t2KejoSgtXMBbb7G-XqppYeWNJ-JGgiwVNzw=
08:27:54 [Expansion Quests] - PlayerQuestsInit - Create new quest instance for quest: 20 - Creator UID: HmoyAH1t2KejoSgtXMBbb7G-XqppYeWNJ-JGgiwVNzw=
08:27:54 [Expansion Quests] - PlayerQuestsInit - Create new quest instance for quest: 23 - Creator UID: HmoyAH1t2KejoSgtXMBbb7G-XqppYeWNJ-JGgiwVNzw=
08:32:54 [MissionAirdrop] An airdrop is heading towards "Stein" (pos=<4619.000000, 0.000000, 7618.000000> type=Random_Stein) with a ExpansionAirdropContainer_Basebuilding
08:32:54 [MissionAirdrop] An airdrop is heading towards "Obing" (pos=<6316.000000, 0.000000, 9204.000000> type=Random_Obing) with a ExpansionAirdropContainer_Basebuilding
08:44:07 [Killfeed] YAKUZA got mauled to death by a Wolf.
08:44:10 [Expansion Quests] - SetupClientData - Got cached player quest data for player with UID: HmoyAH1t2KejoSgtXMBbb7G-XqppYeWNJ-JGgiwVNzw=
08:58:38 [Killfeed] YAKUZA bled out.
08:58:45 [Expansion Quests] - SetupClientData - Got cached player quest data for player with UID: HmoyAH1t2KejoSgtXMBbb7G-XqppYeWNJ-JGgiwVNzw=
09:06:07 [Killfeed] YAKUZA got mauled to death by a Wolf.
09:06:11 [Expansion Quests] - SetupClientData - Got cached player quest data for player with UID: HmoyAH1t2KejoSgtXMBbb7G-XqppYeWNJ-JGgiwVNzw=
09:10:45 [Killfeed] YAKUZA got mauled to death by a Wolf.
09:10:49 [Expansion Quests] - SetupClientData - Got cached player quest data for player with UID: HmoyAH1t2KejoSgtXMBbb7G-XqppYeWNJ-JGgiwVNzw=
09:14:09 [Killfeed] YAKUZA got mauled to death by a Wolf.
09:14:28 [Expansion Quests] - SetupClientData - Got cached player quest data for player with UID: HmoyAH1t2KejoSgtXMBbb7G-XqppYeWNJ-JGgiwVNzw=
09:23:14 [Killfeed] YAKUZA got mauled to death by a Wolf.
09:23:17 [Expansion Quests] - SetupClientData - Got cached player quest data for player with UID: HmoyAH1t2KejoSgtXMBbb7G-XqppYeWNJ-JGgiwVNzw=
09:27:09 [Killfeed] YAKUZA got mauled to death by a Wolf.
09:27:26 [Expansion Quests] - SetupClientData - Got cached player quest data for player with UID: HmoyAH1t2KejoSgtXMBbb7G-XqppYeWNJ-JGgiwVNzw=
09:29:20 [Expansion Quests] - SetupClientData - Loaded existing player quest data for player with UID: u7jy1hFXeX-3C-ubChAdh59YiiyuY16LDVnTQIqtPmk=
09:29:20 [Expansion Quests] - PlayerQuestsInit - Create new quest instance for quest: 23 - Creator UID: u7jy1hFXeX-3C-ubChAdh59YiiyuY16LDVnTQIqtPmk=
09:41:30 [Market] Player "YAKUZA" (id=HmoyAH1t2KejoSgtXMBbb7G-XqppYeWNJ-JGgiwVNzw=) has send a requested to sell wolfpelt x1 at the trader "Hunting (Peter [Hunter & Fish Trader])" in market zone "OUTLIVE Hunter&Fish Trader" (pos=<7173.500000, 72.561798, 8110.560059>).
09:41:30 [Market] Player "YAKUZA" (id=HmoyAH1t2KejoSgtXMBbb7G-XqppYeWNJ-JGgiwVNzw=) has sold wolfpelt x1 at the trader "Hunting (Peter [Hunter & Fish Trader])" in market zone "OUTLIVE Hunter&Fish Trader" (pos=<7173.500000, 72.561798, 8110.560059>) and got 1500.
09:41:38 [Market] Player "YAKUZA" (id=HmoyAH1t2KejoSgtXMBbb7G-XqppYeWNJ-JGgiwVNzw=) has send a requested to sell wolfsteakmeat x1 at the trader "Hunting (Peter [Hunter & Fish Trader])" in market zone "OUTLIVE Hunter&Fish Trader" (pos=<7173.500000, 72.561798, 8110.560059>).
09:41:38 [Market] Player "YAKUZA" (id=HmoyAH1t2KejoSgtXMBbb7G-XqppYeWNJ-JGgiwVNzw=) has sold wolfsteakmeat x1 at the trader "Hunting (Peter [Hunter & Fish Trader])" in market zone "OUTLIVE Hunter&Fish Trader" (pos=<7173.500000, 72.561798, 8110.560059>) and got 157.
09:41:38 [Market] Player "YAKUZA" (id=HmoyAH1t2KejoSgtXMBbb7G-XqppYeWNJ-JGgiwVNzw=) has send a requested to sell wolfsteakmeat x1 at the trader "Hunting (Peter [Hunter & Fish Trader])" in market zone "OUTLIVE Hunter&Fish Trader" (pos=<7173.500000, 72.561798, 8110.560059>).
09:41:38 [Market] Player "YAKUZA" (id=HmoyAH1t2KejoSgtXMBbb7G-XqppYeWNJ-JGgiwVNzw=) has sold wolfsteakmeat x1 at the trader "Hunting (Peter [Hunter & Fish Trader])" in market zone "OUTLIVE Hunter&Fish Trader" (pos=<7173.500000, 72.561798, 8110.560059>) and got 152.
09:41:38 [Market] Player "YAKUZA" (id=HmoyAH1t2KejoSgtXMBbb7G-XqppYeWNJ-JGgiwVNzw=) has send a requested to sell wolfsteakmeat x1 at the trader "Hunting (Peter [Hunter & Fish Trader])" in market zone "OUTLIVE Hunter&Fish Trader" (pos=<7173.500000, 72.561798, 8110.560059>).
09:41:38 [Market] Player "YAKUZA" (id=HmoyAH1t2KejoSgtXMBbb7G-XqppYeWNJ-JGgiwVNzw=) has sold wolfsteakmeat x1 at the trader "Hunting (Peter [Hunter & Fish Trader])" in market zone "OUTLIVE Hunter&Fish Trader" (pos=<7173.500000, 72.561798, 8110.560059>) and got 187.
09:41:39 [Market] Player "YAKUZA" (id=HmoyAH1t2KejoSgtXMBbb7G-XqppYeWNJ-JGgiwVNzw=) has send a requested to sell wolfsteakmeat x1 at the trader "Hunting (Peter [Hunter & Fish Trader])" in market zone "OUTLIVE Hunter&Fish Trader" (pos=<7173.500000, 72.561798, 8110.560059>).
09:41:39 [Market] Player "YAKUZA" (id=HmoyAH1t2KejoSgtXMBbb7G-XqppYeWNJ-JGgiwVNzw=) has sold wolfsteakmeat x1 at the trader "Hunting (Peter [Hunter & Fish Trader])" in market zone "OUTLIVE Hunter&Fish Trader" (pos=<7173.500000, 72.561798, 8110.560059>) and got 143.
09:41:39 [Market] Player "YAKUZA" (id=HmoyAH1t2KejoSgtXMBbb7G-XqppYeWNJ-JGgiwVNzw=) has send a requested to sell wolfsteakmeat x1 at the trader "Hunting (Peter [Hunter & Fish Trader])" in market zone "OUTLIVE Hunter&Fish Trader" (pos=<7173.500000, 72.561798, 8110.560059>).
09:41:39 [Market] Player "YAKUZA" (id=HmoyAH1t2KejoSgtXMBbb7G-XqppYeWNJ-JGgiwVNzw=) has sold wolfsteakmeat x1 at the trader "Hunting (Peter [Hunter & Fish Trader])" in market zone "OUTLIVE Hunter&Fish Trader" (pos=<7173.500000, 72.561798, 8110.560059>) and got 136.
09:41:39 [Market] Player "YAKUZA" (id=HmoyAH1t2KejoSgtXMBbb7G-XqppYeWNJ-JGgiwVNzw=) has send a requested to sell wolfsteakmeat x1 at the trader "Hunting (Peter [Hunter & Fish Trader])" in market zone "OUTLIVE Hunter&Fish Trader" (pos=<7173.500000, 72.561798, 8110.560059>).
09:41:39 [Market] Player "YAKUZA" (id=HmoyAH1t2KejoSgtXMBbb7G-XqppYeWNJ-JGgiwVNzw=) has sold wolfsteakmeat x1 at the trader "Hunting (Peter [Hunter & Fish Trader])" in market zone "OUTLIVE Hunter&Fish Trader" (pos=<7173.500000, 72.561798, 8110.560059>) and got 169.
09:41:40 [Market] Player "YAKUZA" (id=HmoyAH1t2KejoSgtXMBbb7G-XqppYeWNJ-JGgiwVNzw=) has send a requested to sell wolfsteakmeat x1 at the trader "Hunting (Peter [Hunter & Fish Trader])" in market zone "OUTLIVE Hunter&Fish Trader" (pos=<7173.500000, 72.561798, 8110.560059>).
09:41:40 [Market] Player "YAKUZA" (id=HmoyAH1t2KejoSgtXMBbb7G-XqppYeWNJ-JGgiwVNzw=) has sold wolfsteakmeat x1 at the trader "Hunting (Peter [Hunter & Fish Trader])" in market zone "OUTLIVE Hunter&Fish Trader" (pos=<7173.500000, 72.561798, 8110.560059>) and got 135.
09:41:40 [Market] Player "YAKUZA" (id=HmoyAH1t2KejoSgtXMBbb7G-XqppYeWNJ-JGgiwVNzw=) has send a requested to sell wolfsteakmeat x1 at the trader "Hunting (Peter [Hunter & Fish Trader])" in market zone "OUTLIVE Hunter&Fish Trader" (pos=<7173.500000, 72.561798, 8110.560059>).
09:41:40 [Market] Player "YAKUZA" (id=HmoyAH1t2KejoSgtXMBbb7G-XqppYeWNJ-JGgiwVNzw=) has sold wolfsteakmeat x1 at the trader "Hunting (Peter [Hunter & Fish Trader])" in market zone "OUTLIVE Hunter&Fish Trader" (pos=<7173.500000, 72.561798, 8110.560059>) and got 115.
09:44:06 [Expansion Quests] - CreateQuestInstance - Created new quest instance for player with UID HmoyAH1t2KejoSgtXMBbb7G-XqppYeWNJ-JGgiwVNzw= for quest 82
09:44:06 [Expansion Quests] - ExpansionQuest - Quest owner ID: HmoyAH1t2KejoSgtXMBbb7G-XqppYeWNJ-JGgiwVNzw=
09:44:06 [Expansion Quests] - ExpansionQuest - Quest ID: 82
09:44:06 [Expansion Quests] - ExpansionQuest - Quest state: 1
09:44:06 [Expansion Quests] - ExpansionQuest - Quest completed: false
09:45:46 [Expansion Quests] - SetupClientData - Loaded existing player quest data for player with UID: iyN6JbNqEvHMp_A5zeXvCmCy1_EaihIFwZocZ4y6-LM=
09:45:46 [Expansion Quests] - PlayerQuestsInit - Create new quest instance for quest: 20 - Creator UID: iyN6JbNqEvHMp_A5zeXvCmCy1_EaihIFwZocZ4y6-LM=
09:45:46 [Expansion Quests] - PlayerQuestsInit - Create new quest instance for quest: 23 - Creator UID: iyN6JbNqEvHMp_A5zeXvCmCy1_EaihIFwZocZ4y6-LM=
09:49:11 [VehicleCarKey] Player "P@lko2265" (id=iyN6JbNqEvHMp_A5zeXvCmCy1_EaihIFwZocZ4y6-LM= pos=<9654.211914, 0.447705, 4431.965820>) used the  ExpansionCarKey to unlock a ExpansionUtilityBoat
09:49:56 [Expansion Quests] - CompleteQuest - Player with UID HmoyAH1t2KejoSgtXMBbb7G-XqppYeWNJ-JGgiwVNzw= has completed quest 82
09:49:56 [Expansion Quests] - ExpansionQuest - Quest owner ID: HmoyAH1t2KejoSgtXMBbb7G-XqppYeWNJ-JGgiwVNzw=
09:49:56 [Expansion Quests] - ExpansionQuest - Quest ID: 82
09:49:56 [Expansion Quests] - ExpansionQuest - Quest state: 3
09:49:56 [Expansion Quests] - ExpansionQuest - Quest completed: true
09:51:32 [VehicleCarKey] Player "P@lko2265" (id=iyN6JbNqEvHMp_A5zeXvCmCy1_EaihIFwZocZ4y6-LM= pos=<9753.617188, 1.544075, 5485.971680>) used the  ExpansionCarKey to lock a ExpansionUtilityBoat
09:52:05 [Safezone] Player "P@lko2265" (id=iyN6JbNqEvHMp_A5zeXvCmCy1_EaihIFwZocZ4y6-LM= pos=<9915.281250, 8.586834, 5399.273926>) Entered the safezone
09:52:25 [Market] Player "P@lko2265" (id=iyN6JbNqEvHMp_A5zeXvCmCy1_EaihIFwZocZ4y6-LM=) has send a requested to sell m79 x1 at the trader "Blacktrader (Elias [Smuggler Trader])" in market zone "OUTLIVE Smuggler Trader" (pos=<9945.549805, 36.532902, 5359.779785>).
09:52:25 [Market] Player "P@lko2265" (id=iyN6JbNqEvHMp_A5zeXvCmCy1_EaihIFwZocZ4y6-LM=) has sold m79 x1 at the trader "Blacktrader (Elias [Smuggler Trader])" in market zone "OUTLIVE Smuggler Trader" (pos=<9945.549805, 36.532902, 5359.779785>) and got 6000.
09:53:03 [Market] Player "P@lko2265" (id=iyN6JbNqEvHMp_A5zeXvCmCy1_EaihIFwZocZ4y6-LM=) has send a requested to sell ammo_40mm_smoke_black x1 at the trader "Blacktrader (Elias [Smuggler Trader])" in market zone "OUTLIVE Smuggler Trader" (pos=<9945.549805, 36.532902, 5359.779785>).
09:53:04 [Market] Player "P@lko2265" (id=iyN6JbNqEvHMp_A5zeXvCmCy1_EaihIFwZocZ4y6-LM=) has sold ammo_40mm_smoke_black x1 at the trader "Blacktrader (Elias [Smuggler Trader])" in market zone "OUTLIVE Smuggler Trader" (pos=<9945.549805, 36.532902, 5359.779785>) and got 450.
09:53:25 [Market] Player "P@lko2265" (id=iyN6JbNqEvHMp_A5zeXvCmCy1_EaihIFwZocZ4y6-LM=) has send a requested to sell twp_t13_beano x1 at the trader "Blacktrader (Elias [Smuggler Trader])" in market zone "OUTLIVE Smuggler Trader" (pos=<9945.549805, 36.532902, 5359.779785>).
09:53:25 [Market] Player "P@lko2265" (id=iyN6JbNqEvHMp_A5zeXvCmCy1_EaihIFwZocZ4y6-LM=) has sold twp_t13_beano x1 at the trader "Blacktrader (Elias [Smuggler Trader])" in market zone "OUTLIVE Smuggler Trader" (pos=<9945.549805, 36.532902, 5359.779785>) and got 1000.
09:53:28 [Market] Player "P@lko2265" (id=iyN6JbNqEvHMp_A5zeXvCmCy1_EaihIFwZocZ4y6-LM=) has send a requested to sell twp_mk2_grenade x1 at the trader "Blacktrader (Elias [Smuggler Trader])" in market zone "OUTLIVE Smuggler Trader" (pos=<9945.549805, 36.532902, 5359.779785>).
09:53:28 [Market] Player "P@lko2265" (id=iyN6JbNqEvHMp_A5zeXvCmCy1_EaihIFwZocZ4y6-LM=) has sold twp_mk2_grenade x1 at the trader "Blacktrader (Elias [Smuggler Trader])" in market zone "OUTLIVE Smuggler Trader" (pos=<9945.549805, 36.532902, 5359.779785>) and got 1000.
09:53:56 [ATM Locker] Player "P@lko2265" (id=iyN6JbNqEvHMp_A5zeXvCmCy1_EaihIFwZocZ4y6-LM=) has deposited 8450 on his ATM account.
09:56:37 [Safezone] Player "P@lko2265" (id=iyN6JbNqEvHMp_A5zeXvCmCy1_EaihIFwZocZ4y6-LM= pos=<9850.823242, 5.264210, 5415.341797>) Left the safezone
09:56:37 [MissionAirdrop] An airdrop is heading towards "Osternach" (pos=<3924.000000, 0.000000, 2662.000000> type=Random_Osternach) with a ExpansionAirdropContainer_Military
09:56:37 [MissionAirdrop] An airdrop is heading towards "Airport" (pos=<8307.879883, 0.000000, 924.599976> type=Random_Airport) with a ExpansionAirdropContainer_Basebuilding
09:57:14 [VehicleCarKey] Player "P@lko2265" (id=iyN6JbNqEvHMp_A5zeXvCmCy1_EaihIFwZocZ4y6-LM= pos=<9747.373047, 0.721745, 5489.501465>) used the  ExpansionCarKey to unlock a ExpansionUtilityBoat
10:00:41 [VehicleCarKey] Player "P@lko2265" (id=iyN6JbNqEvHMp_A5zeXvCmCy1_EaihIFwZocZ4y6-LM= pos=<9698.645508, 1.002949, 4165.447754>) used the  ExpansionCarKey to lock a ExpansionUtilityBoat
10:05:02 [VehicleCarKey] Player "Bflame" (id=u7jy1hFXeX-3C-ubChAdh59YiiyuY16LDVnTQIqtPmk= pos=<3405.765625, 10.386478, 5073.645508>) used the  ExpansionCarKey to unlock a ExpansionMh6_Digital
10:09:15 [VehicleCarKey] Player "P@lko2265" (id=iyN6JbNqEvHMp_A5zeXvCmCy1_EaihIFwZocZ4y6-LM= pos=<9699.295898, 1.390019, 4165.102539>) used the  ExpansionCarKey to unlock a ExpansionUtilityBoat
10:10:18 [Safezone] Player "YAKUZA" (id=HmoyAH1t2KejoSgtXMBbb7G-XqppYeWNJ-JGgiwVNzw= pos=<4221.979004, 11.045099, 4271.553711>) Entered the safezone
10:11:16 [ATM Locker] Player "YAKUZA" (id=HmoyAH1t2KejoSgtXMBbb7G-XqppYeWNJ-JGgiwVNzw=) has deposited 7694 on his ATM account.
10:12:03 [Market] Player "YAKUZA" (id=HmoyAH1t2KejoSgtXMBbb7G-XqppYeWNJ-JGgiwVNzw=) has send a requested to sell crowbar x1 at the trader "BuildingSupplies (Boris [#STR_EXPANSION_MARKET_TRADER_BUILDING_SUPPLIES])" in market zone "OUTLIVE Trader" (pos=<4291.589844, 25.247801, 4162.500000>).
10:12:03 [Market] Player "YAKUZA" (id=HmoyAH1t2KejoSgtXMBbb7G-XqppYeWNJ-JGgiwVNzw=) has sold crowbar x1 at the trader "BuildingSupplies (Boris [#STR_EXPANSION_MARKET_TRADER_BUILDING_SUPPLIES])" in market zone "OUTLIVE Trader" (pos=<4291.589844, 25.247801, 4162.500000>) and got 300.
10:12:05 [Market] Player "YAKUZA" (id=HmoyAH1t2KejoSgtXMBbb7G-XqppYeWNJ-JGgiwVNzw=) has send a requested to sell shovel x1 at the trader "BuildingSupplies (Boris [#STR_EXPANSION_MARKET_TRADER_BUILDING_SUPPLIES])" in market zone "OUTLIVE Trader" (pos=<4291.589844, 25.247801, 4162.500000>).
10:12:05 [Market] Player "YAKUZA" (id=HmoyAH1t2KejoSgtXMBbb7G-XqppYeWNJ-JGgiwVNzw=) has sold shovel x1 at the trader "BuildingSupplies (Boris [#STR_EXPANSION_MARKET_TRADER_BUILDING_SUPPLIES])" in market zone "OUTLIVE Trader" (pos=<4291.589844, 25.247801, 4162.500000>) and got 350.
10:12:09 [Market] Player "YAKUZA" (id=HmoyAH1t2KejoSgtXMBbb7G-XqppYeWNJ-JGgiwVNzw=) has send a requested to sell pliers x1 at the trader "BuildingSupplies (Boris [#STR_EXPANSION_MARKET_TRADER_BUILDING_SUPPLIES])" in market zone "OUTLIVE Trader" (pos=<4291.589844, 25.247801, 4162.500000>).
10:12:09 [Market] Player "YAKUZA" (id=HmoyAH1t2KejoSgtXMBbb7G-XqppYeWNJ-JGgiwVNzw=) has sold pliers x1 at the trader "BuildingSupplies (Boris [#STR_EXPANSION_MARKET_TRADER_BUILDING_SUPPLIES])" in market zone "OUTLIVE Trader" (pos=<4291.589844, 25.247801, 4162.500000>) and got 330.
10:12:10 [Market] Player "YAKUZA" (id=HmoyAH1t2KejoSgtXMBbb7G-XqppYeWNJ-JGgiwVNzw=) has send a requested to sell pliers x1 at the trader "BuildingSupplies (Boris [#STR_EXPANSION_MARKET_TRADER_BUILDING_SUPPLIES])" in market zone "OUTLIVE Trader" (pos=<4291.589844, 25.247801, 4162.500000>).
10:12:10 [Market] Player "YAKUZA" (id=HmoyAH1t2KejoSgtXMBbb7G-XqppYeWNJ-JGgiwVNzw=) has sold pliers x1 at the trader "BuildingSupplies (Boris [#STR_EXPANSION_MARKET_TRADER_BUILDING_SUPPLIES])" in market zone "OUTLIVE Trader" (pos=<4291.589844, 25.247801, 4162.500000>) and got 330.
10:12:14 [Market] Player "YAKUZA" (id=HmoyAH1t2KejoSgtXMBbb7G-XqppYeWNJ-JGgiwVNzw=) has send a requested to sell hacksaw x1 at the trader "BuildingSupplies (Boris [#STR_EXPANSION_MARKET_TRADER_BUILDING_SUPPLIES])" in market zone "OUTLIVE Trader" (pos=<4291.589844, 25.247801, 4162.500000>).
10:12:14 [Market] Player "YAKUZA" (id=HmoyAH1t2KejoSgtXMBbb7G-XqppYeWNJ-JGgiwVNzw=) has sold hacksaw x1 at the trader "BuildingSupplies (Boris [#STR_EXPANSION_MARKET_TRADER_BUILDING_SUPPLIES])" in market zone "OUTLIVE Trader" (pos=<4291.589844, 25.247801, 4162.500000>) and got 280.
10:12:21 [Market] Player "YAKUZA" (id=HmoyAH1t2KejoSgtXMBbb7G-XqppYeWNJ-JGgiwVNzw=) has send a requested to sell woodaxe x1 at the trader "BuildingSupplies (Boris [#STR_EXPANSION_MARKET_TRADER_BUILDING_SUPPLIES])" in market zone "OUTLIVE Trader" (pos=<4291.589844, 25.247801, 4162.500000>).
10:12:21 [Market] Player "YAKUZA" (id=HmoyAH1t2KejoSgtXMBbb7G-XqppYeWNJ-JGgiwVNzw=) has sold woodaxe x1 at the trader "BuildingSupplies (Boris [#STR_EXPANSION_MARKET_TRADER_BUILDING_SUPPLIES])" in market zone "OUTLIVE Trader" (pos=<4291.589844, 25.247801, 4162.500000>) and got 260.
10:12:30 [Market] Player "YAKUZA" (id=HmoyAH1t2KejoSgtXMBbb7G-XqppYeWNJ-JGgiwVNzw=) has send a requested to sell hatchet x1 at the trader "BuildingSupplies (Boris [#STR_EXPANSION_MARKET_TRADER_BUILDING_SUPPLIES])" in market zone "OUTLIVE Trader" (pos=<4291.589844, 25.247801, 4162.500000>).
10:12:30 [Market] Player "YAKUZA" (id=HmoyAH1t2KejoSgtXMBbb7G-XqppYeWNJ-JGgiwVNzw=) has sold hatchet x1 at the trader "BuildingSupplies (Boris [#STR_EXPANSION_MARKET_TRADER_BUILDING_SUPPLIES])" in market zone "OUTLIVE Trader" (pos=<4291.589844, 25.247801, 4162.500000>) and got 220.
10:13:00 [VehicleCarKey] Player "Bflame" (id=u7jy1hFXeX-3C-ubChAdh59YiiyuY16LDVnTQIqtPmk= pos=<4491.785156, 3.150330, 2515.062500>) used the  ExpansionCarKey to lock a ExpansionMh6_Digital
10:13:01 [Market] Player "YAKUZA" (id=HmoyAH1t2KejoSgtXMBbb7G-XqppYeWNJ-JGgiwVNzw=) has send a requested to sell hatchet x1 at the trader "BuildingSupplies (Boris [#STR_EXPANSION_MARKET_TRADER_BUILDING_SUPPLIES])" in market zone "OUTLIVE Trader" (pos=<4291.589844, 25.247801, 4162.500000>).
10:13:01 [Market] Player "YAKUZA" (id=HmoyAH1t2KejoSgtXMBbb7G-XqppYeWNJ-JGgiwVNzw=) has sold hatchet x1 at the trader "BuildingSupplies (Boris [#STR_EXPANSION_MARKET_TRADER_BUILDING_SUPPLIES])" in market zone "OUTLIVE Trader" (pos=<4291.589844, 25.247801, 4162.500000>) and got 220.
10:13:31 [Market] Player "YAKUZA" (id=HmoyAH1t2KejoSgtXMBbb7G-XqppYeWNJ-JGgiwVNzw=) has send a requested to purchase waterbottle x1 from the trader "Consumables (Naomi [#STR_EXPANSION_MARKET_TRADER_CONSUMABLES])" in market zone "OUTLIVE Trader" (pos=<4291.589844, 25.247801, 4162.500000>).
10:13:32 [Market] Player "YAKUZA" (id=HmoyAH1t2KejoSgtXMBbb7G-XqppYeWNJ-JGgiwVNzw=) has bought waterbottle x1 from the trader "Consumables (Naomi [#STR_EXPANSION_MARKET_TRADER_CONSUMABLES])" in market zone "OUTLIVE Trader" (pos=<4291.589844, 25.247801, 4162.500000>) for a price of 250.
10:13:44 [ATM Locker] Player "YAKUZA" (id=HmoyAH1t2KejoSgtXMBbb7G-XqppYeWNJ-JGgiwVNzw=) has deposited 2040 on his ATM account.
10:14:25 [Safezone] Player "YAKUZA" (id=HmoyAH1t2KejoSgtXMBbb7G-XqppYeWNJ-JGgiwVNzw= pos=<4279.810059, 19.785383, 3977.365723>) Left the safezone
10:16:53 [VehicleCarKey] Player "P@lko2265" (id=iyN6JbNqEvHMp_A5zeXvCmCy1_EaihIFwZocZ4y6-LM= pos=<4421.871582, 1.413594, 4189.993652>) used the  ExpansionCarKey to lock a ExpansionUtilityBoat
10:17:00 [Safezone] Player "P@lko2265" (id=iyN6JbNqEvHMp_A5zeXvCmCy1_EaihIFwZocZ4y6-LM= pos=<4418.630859, 1.415224, 4189.753906>) Entered the safezone
10:21:32 [Killfeed] YAKUZA bled out.
10:21:37 [Expansion Quests] - SetupClientData - Got cached player quest data for player with UID: HmoyAH1t2KejoSgtXMBbb7G-XqppYeWNJ-JGgiwVNzw=
10:25:41 [Market] Player "P@lko2265" (id=iyN6JbNqEvHMp_A5zeXvCmCy1_EaihIFwZocZ4y6-LM=) has send a requested to sell mvs_combat_vest_heavy_erdl x1 at the trader "Clothing (Linda [#STR_EXPANSION_MARKET_TRADER_CLOTHING])" in market zone "OUTLIVE Trader" (pos=<4291.589844, 25.247801, 4162.500000>).
10:25:41 [Market] Player "P@lko2265" (id=iyN6JbNqEvHMp_A5zeXvCmCy1_EaihIFwZocZ4y6-LM=) has sold mvs_combat_vest_heavy_erdl x1 at the trader "Clothing (Linda [#STR_EXPANSION_MARKET_TRADER_CLOTHING])" in market zone "OUTLIVE Trader" (pos=<4291.589844, 25.247801, 4162.500000>) and got 3500.
10:25:43 [Market] Player "P@lko2265" (id=iyN6JbNqEvHMp_A5zeXvCmCy1_EaihIFwZocZ4y6-LM=) has send a requested to sell mvs_combat_vest_heavy_erdl x1 at the trader "Clothing (Linda [#STR_EXPANSION_MARKET_TRADER_CLOTHING])" in market zone "OUTLIVE Trader" (pos=<4291.589844, 25.247801, 4162.500000>).
10:25:43 [Market] Player "P@lko2265" (id=iyN6JbNqEvHMp_A5zeXvCmCy1_EaihIFwZocZ4y6-LM=) has sold mvs_combat_vest_heavy_erdl x1 at the trader "Clothing (Linda [#STR_EXPANSION_MARKET_TRADER_CLOTHING])" in market zone "OUTLIVE Trader" (pos=<4291.589844, 25.247801, 4162.500000>) and got 3500.
10:25:51 [Market] Player "P@lko2265" (id=iyN6JbNqEvHMp_A5zeXvCmCy1_EaihIFwZocZ4y6-LM=) has send a requested to sell mvs_combat_vest_black x1 at the trader "Clothing (Linda [#STR_EXPANSION_MARKET_TRADER_CLOTHING])" in market zone "OUTLIVE Trader" (pos=<4291.589844, 25.247801, 4162.500000>).
10:25:51 [Market] Player "P@lko2265" (id=iyN6JbNqEvHMp_A5zeXvCmCy1_EaihIFwZocZ4y6-LM=) has sold mvs_combat_vest_black x1 at the trader "Clothing (Linda [#STR_EXPANSION_MARKET_TRADER_CLOTHING])" in market zone "OUTLIVE Trader" (pos=<4291.589844, 25.247801, 4162.500000>) and got 1800.
10:26:45 [Market] Player "P@lko2265" (id=iyN6JbNqEvHMp_A5zeXvCmCy1_EaihIFwZocZ4y6-LM=) has send a requested to sell mmg_mk_v_armor_dark_woodland x1 at the trader "Clothing (Linda [#STR_EXPANSION_MARKET_TRADER_CLOTHING])" in market zone "OUTLIVE Trader" (pos=<4291.589844, 25.247801, 4162.500000>).
10:26:45 [Market] Player "P@lko2265" (id=iyN6JbNqEvHMp_A5zeXvCmCy1_EaihIFwZocZ4y6-LM=) has sold mmg_mk_v_armor_dark_woodland x1 at the trader "Clothing (Linda [#STR_EXPANSION_MARKET_TRADER_CLOTHING])" in market zone "OUTLIVE Trader" (pos=<4291.589844, 25.247801, 4162.500000>) and got 2750.
10:27:13 [Market] Player "P@lko2265" (id=iyN6JbNqEvHMp_A5zeXvCmCy1_EaihIFwZocZ4y6-LM=) has send a requested to sell mvs_armoredhelmet_multicam_black x1 at the trader "Clothing (Linda [#STR_EXPANSION_MARKET_TRADER_CLOTHING])" in market zone "OUTLIVE Trader" (pos=<4291.589844, 25.247801, 4162.500000>).
10:27:13 [Market] Player "P@lko2265" (id=iyN6JbNqEvHMp_A5zeXvCmCy1_EaihIFwZocZ4y6-LM=) has sold mvs_armoredhelmet_multicam_black x1 at the trader "Clothing (Linda [#STR_EXPANSION_MARKET_TRADER_CLOTHING])" in market zone "OUTLIVE Trader" (pos=<4291.589844, 25.247801, 4162.500000>) and got 600.
10:28:10 [Market] Player "P@lko2265" (id=iyN6JbNqEvHMp_A5zeXvCmCy1_EaihIFwZocZ4y6-LM=) has send a requested to sell mvs_belt_erdl x1 at the trader "Clothing (Linda [#STR_EXPANSION_MARKET_TRADER_CLOTHING])" in market zone "OUTLIVE Trader" (pos=<4291.589844, 25.247801, 4162.500000>).
10:28:10 [Market] Player "P@lko2265" (id=iyN6JbNqEvHMp_A5zeXvCmCy1_EaihIFwZocZ4y6-LM=) has sold mvs_belt_erdl x1 at the trader "Clothing (Linda [#STR_EXPANSION_MARKET_TRADER_CLOTHING])" in market zone "OUTLIVE Trader" (pos=<4291.589844, 25.247801, 4162.500000>) and got 1250.
10:28:45 [ATM Locker] Player "P@lko2265" (id=iyN6JbNqEvHMp_A5zeXvCmCy1_EaihIFwZocZ4y6-LM=) has deposited 13400 on his ATM account.
10:29:21 [ATM Locker] Player "P@lko2265" (id=iyN6JbNqEvHMp_A5zeXvCmCy1_EaihIFwZocZ4y6-LM=) has withdrawn 3000 from his ATM account.
10:30:06 [Market] Player "P@lko2265" (id=iyN6JbNqEvHMp_A5zeXvCmCy1_EaihIFwZocZ4y6-LM=) has send a requested to purchase twp_ammobox_20x76_10rnd x1 from the trader "Attachments (Oliver [#STR_EXPANSION_MARKET_TRADER_ATTACHMENTS])" in market zone "OUTLIVE Trader" (pos=<4291.589844, 25.247801, 4162.500000>).
10:30:06 [Market] Player "P@lko2265" (id=iyN6JbNqEvHMp_A5zeXvCmCy1_EaihIFwZocZ4y6-LM=) has bought twp_ammobox_20x76_10rnd x1 from the trader "Attachments (Oliver [#STR_EXPANSION_MARKET_TRADER_ATTACHMENTS])" in market zone "OUTLIVE Trader" (pos=<4291.589844, 25.247801, 4162.500000>) for a price of 200.
10:30:08 [Market] Player "P@lko2265" (id=iyN6JbNqEvHMp_A5zeXvCmCy1_EaihIFwZocZ4y6-LM=) has send a requested to purchase twp_ammobox_20x76_10rnd x1 from the trader "Attachments (Oliver [#STR_EXPANSION_MARKET_TRADER_ATTACHMENTS])" in market zone "OUTLIVE Trader" (pos=<4291.589844, 25.247801, 4162.500000>).
10:30:08 [Market] Player "P@lko2265" (id=iyN6JbNqEvHMp_A5zeXvCmCy1_EaihIFwZocZ4y6-LM=) has bought twp_ammobox_20x76_10rnd x1 from the trader "Attachments (Oliver [#STR_EXPANSION_MARKET_TRADER_ATTACHMENTS])" in market zone "OUTLIVE Trader" (pos=<4291.589844, 25.247801, 4162.500000>) for a price of 200.
10:30:09 [Market] Player "P@lko2265" (id=iyN6JbNqEvHMp_A5zeXvCmCy1_EaihIFwZocZ4y6-LM=) has send a requested to purchase twp_ammobox_20x76_10rnd x1 from the trader "Attachments (Oliver [#STR_EXPANSION_MARKET_TRADER_ATTACHMENTS])" in market zone "OUTLIVE Trader" (pos=<4291.589844, 25.247801, 4162.500000>).
10:30:09 [Market] Player "P@lko2265" (id=iyN6JbNqEvHMp_A5zeXvCmCy1_EaihIFwZocZ4y6-LM=) has bought twp_ammobox_20x76_10rnd x1 from the trader "Attachments (Oliver [#STR_EXPANSION_MARKET_TRADER_ATTACHMENTS])" in market zone "OUTLIVE Trader" (pos=<4291.589844, 25.247801, 4162.500000>) for a price of 200.
10:30:10 [Market] Player "P@lko2265" (id=iyN6JbNqEvHMp_A5zeXvCmCy1_EaihIFwZocZ4y6-LM=) has send a requested to purchase twp_ammobox_20x76_10rnd x1 from the trader "Attachments (Oliver [#STR_EXPANSION_MARKET_TRADER_ATTACHMENTS])" in market zone "OUTLIVE Trader" (pos=<4291.589844, 25.247801, 4162.500000>).
10:30:10 [Market] Player "P@lko2265" (id=iyN6JbNqEvHMp_A5zeXvCmCy1_EaihIFwZocZ4y6-LM=) has bought twp_ammobox_20x76_10rnd x1 from the trader "Attachments (Oliver [#STR_EXPANSION_MARKET_TRADER_ATTACHMENTS])" in market zone "OUTLIVE Trader" (pos=<4291.589844, 25.247801, 4162.500000>) for a price of 200.
10:30:11 [Market] Player "P@lko2265" (id=iyN6JbNqEvHMp_A5zeXvCmCy1_EaihIFwZocZ4y6-LM=) has send a requested to purchase twp_ammobox_20x76_10rnd x1 from the trader "Attachments (Oliver [#STR_EXPANSION_MARKET_TRADER_ATTACHMENTS])" in market zone "OUTLIVE Trader" (pos=<4291.589844, 25.247801, 4162.500000>).
10:30:11 [Market] Player "P@lko2265" (id=iyN6JbNqEvHMp_A5zeXvCmCy1_EaihIFwZocZ4y6-LM=) has bought twp_ammobox_20x76_10rnd x1 from the trader "Attachments (Oliver [#STR_EXPANSION_MARKET_TRADER_ATTACHMENTS])" in market zone "OUTLIVE Trader" (pos=<4291.589844, 25.247801, 4162.500000>) for a price of 200.
10:30:11 [Market] Player "P@lko2265" (id=iyN6JbNqEvHMp_A5zeXvCmCy1_EaihIFwZocZ4y6-LM=) has send a requested to purchase twp_ammobox_20x76_10rnd x1 from the trader "Attachments (Oliver [#STR_EXPANSION_MARKET_TRADER_ATTACHMENTS])" in market zone "OUTLIVE Trader" (pos=<4291.589844, 25.247801, 4162.500000>).
10:30:12 [Market] Player "P@lko2265" (id=iyN6JbNqEvHMp_A5zeXvCmCy1_EaihIFwZocZ4y6-LM=) has bought twp_ammobox_20x76_10rnd x1 from the trader "Attachments (Oliver [#STR_EXPANSION_MARKET_TRADER_ATTACHMENTS])" in market zone "OUTLIVE Trader" (pos=<4291.589844, 25.247801, 4162.500000>) for a price of 200.
10:30:14 [Market] Player "P@lko2265" (id=iyN6JbNqEvHMp_A5zeXvCmCy1_EaihIFwZocZ4y6-LM=) has send a requested to purchase twp_ammobox_20x76_10rnd x1 from the trader "Attachments (Oliver [#STR_EXPANSION_MARKET_TRADER_ATTACHMENTS])" in market zone "OUTLIVE Trader" (pos=<4291.589844, 25.247801, 4162.500000>).
10:30:14 [Market] Player "P@lko2265" (id=iyN6JbNqEvHMp_A5zeXvCmCy1_EaihIFwZocZ4y6-LM=) has bought twp_ammobox_20x76_10rnd x1 from the trader "Attachments (Oliver [#STR_EXPANSION_MARKET_TRADER_ATTACHMENTS])" in market zone "OUTLIVE Trader" (pos=<4291.589844, 25.247801, 4162.500000>) for a price of 200.
10:34:18 [ATM Locker] Player "P@lko2265" (id=iyN6JbNqEvHMp_A5zeXvCmCy1_EaihIFwZocZ4y6-LM=) has deposited 1600 on his ATM account.
10:34:59 [Expansion Quests] - SetupClientData - Created new persistent player quest data for player UID: yVIZ6pKC0bGPsvcY75ZF53ifixrkA0LCLHIFZ-WRHv4=
11:07:10 [Expansion Quests] - SetupClientData - Loaded existing player quest data for player with UID: OWXX6Y-5LFd-7A6ELi2o-QPO0kjmZUMZvMTKL0AQ_q0=
11:07:10 [Expansion Quests] - PlayerQuestsInit - Create new quest instance for quest: 23 - Creator UID: OWXX6Y-5LFd-7A6ELi2o-QPO0kjmZUMZvMTKL0AQ_q0=
11:22:54 [MissionAirdrop] An airdrop is heading towards "Weitmoos" (pos=<6222.000000, 0.000000, 9723.000000> type=Random_Weitmoos) with a ExpansionAirdropContainer_Military
11:22:54 [MissionAirdrop] An airdrop is heading towards "Schlachtfeld" (pos=<3059.000000, 0.000000, 1707.000000> type=Random_Schlachtfeld) with a ExpansionAirdropContainer
