08:35:57 [MissionAirdrop] An airdrop is heading towards "Mauerkirchen" (pos=<3123.000000, 0.000000, 4342.000000> type=Random_Mauerkirchen) with a ExpansionAirdropContainer_Medical
08:35:57 [MissionAirdrop] An airdrop is heading towards "Obing" (pos=<6316.000000, 0.000000, 9204.000000> type=Random_Obing) with a ExpansionAirdropContainer_Medical
08:36:54 [VehicleCarKey] Player "martyCZ" (id=44dQ0cnFzUA_6kpX-D9wUNcXT2m9kkMRQUwMD_7CwEg= pos=<6337.087402, 6.093260, 5979.420410>) used the  ExpansionCarKey to unlock a OffroadHatchback
08:38:46 [VehicleCarKey] Player "martyCZ" (id=44dQ0cnFzUA_6kpX-D9wUNcXT2m9kkMRQUwMD_7CwEg= pos=<6336.077148, 6.071097, 5978.535156>) used the  ExpansionCarKey to lock a OffroadHatchback
09:48:12 [VehicleCarKey] Player "Bflame" (id=u7jy1hFXeX-3C-ubChAdh59YiiyuY16LDVnTQIqtPmk= pos=<2284.931885, 57.139183, 5198.592773>) used the  ExpansionCarKey to unlock a Expansion_Landrover_Green
09:51:13 [Chat - Global]("Bflame"(id=u7jy1hFXeX-3C-ubChAdh59YiiyuY16LDVnTQIqtPmk=)): helou
09:51:31 [Chat - Global]("martyCZ"(id=44dQ0cnFzUA_6kpX-D9wUNcXT2m9kkMRQUwMD_7CwEg=)): čauko
09:52:05 [Chat - Global]("Bflame"(id=u7jy1hFXeX-3C-ubChAdh59YiiyuY16LDVnTQIqtPmk=)): kolko nas tu je na servri? :)
09:52:16 [Chat - Global]("martyCZ"(id=44dQ0cnFzUA_6kpX-D9wUNcXT2m9kkMRQUwMD_7CwEg=)): sami.. :D
09:53:37 [VehicleCarKey] Player "Bflame" (id=u7jy1hFXeX-3C-ubChAdh59YiiyuY16LDVnTQIqtPmk= pos=<2333.569824, 29.152378, 7317.835938>) used the  ExpansionCarKey to lock a Expansion_Landrover_Green
09:55:24 [VehicleCarKey] Player "Bflame" (id=u7jy1hFXeX-3C-ubChAdh59YiiyuY16LDVnTQIqtPmk= pos=<2333.529785, 29.152430, 7317.928223>) used the  ExpansionCarKey to unlock a Expansion_Landrover_Green
09:55:41 [Safezone] Player "martyCZ" (id=44dQ0cnFzUA_6kpX-D9wUNcXT2m9kkMRQUwMD_7CwEg= pos=<4188.409180, 14.344619, 4241.443848>) Entered the safezone
09:56:12 [Market] Player "martyCZ" (id=44dQ0cnFzUA_6kpX-D9wUNcXT2m9kkMRQUwMD_7CwEg=) has send a requested to sell sledgehammer x1 at the trader "BuildingSupplies (Boris [BUILDING SUPPLIES TRADER])" in market zone "OUTLIVE Trader" (pos=<4291.589844, 25.247801, 4162.500000>).
09:56:12 [Market] Player "martyCZ" (id=44dQ0cnFzUA_6kpX-D9wUNcXT2m9kkMRQUwMD_7CwEg=) has sold sledgehammer x1 at the trader "BuildingSupplies (Boris [BUILDING SUPPLIES TRADER])" in market zone "OUTLIVE Trader" (pos=<4291.589844, 25.247801, 4162.500000>) and got 600.
09:56:13 [Market] Player "martyCZ" (id=44dQ0cnFzUA_6kpX-D9wUNcXT2m9kkMRQUwMD_7CwEg=) has send a requested to sell sledgehammer x1 at the trader "BuildingSupplies (Boris [BUILDING SUPPLIES TRADER])" in market zone "OUTLIVE Trader" (pos=<4291.589844, 25.247801, 4162.500000>).
09:56:13 [Market] Player "martyCZ" (id=44dQ0cnFzUA_6kpX-D9wUNcXT2m9kkMRQUwMD_7CwEg=) has sold sledgehammer x1 at the trader "BuildingSupplies (Boris [BUILDING SUPPLIES TRADER])" in market zone "OUTLIVE Trader" (pos=<4291.589844, 25.247801, 4162.500000>) and got 600.
09:56:14 [Market] Player "martyCZ" (id=44dQ0cnFzUA_6kpX-D9wUNcXT2m9kkMRQUwMD_7CwEg=) has send a requested to sell sledgehammer x1 at the trader "BuildingSupplies (Boris [BUILDING SUPPLIES TRADER])" in market zone "OUTLIVE Trader" (pos=<4291.589844, 25.247801, 4162.500000>).
09:56:14 [Market] Player "martyCZ" (id=44dQ0cnFzUA_6kpX-D9wUNcXT2m9kkMRQUwMD_7CwEg=) has sold sledgehammer x1 at the trader "BuildingSupplies (Boris [BUILDING SUPPLIES TRADER])" in market zone "OUTLIVE Trader" (pos=<4291.589844, 25.247801, 4162.500000>) and got 600.
09:56:14 [Market] Player "martyCZ" (id=44dQ0cnFzUA_6kpX-D9wUNcXT2m9kkMRQUwMD_7CwEg=) has send a requested to sell sledgehammer x1 at the trader "BuildingSupplies (Boris [BUILDING SUPPLIES TRADER])" in market zone "OUTLIVE Trader" (pos=<4291.589844, 25.247801, 4162.500000>).
09:56:15 [Market] Player "martyCZ" (id=44dQ0cnFzUA_6kpX-D9wUNcXT2m9kkMRQUwMD_7CwEg=) has sold sledgehammer x1 at the trader "BuildingSupplies (Boris [BUILDING SUPPLIES TRADER])" in market zone "OUTLIVE Trader" (pos=<4291.589844, 25.247801, 4162.500000>) and got 600.
09:56:18 [VehicleCarKey] Player "Bflame" (id=u7jy1hFXeX-3C-ubChAdh59YiiyuY16LDVnTQIqtPmk= pos=<2334.077881, 29.152363, 7317.340332>) used the  ExpansionCarKey to lock a Expansion_Landrover_Green
09:56:30 [ATM Locker] Player "martyCZ" (id=44dQ0cnFzUA_6kpX-D9wUNcXT2m9kkMRQUwMD_7CwEg=) has deposited 2882 on his ATM account.
09:56:53 [Market] Player "martyCZ" (id=44dQ0cnFzUA_6kpX-D9wUNcXT2m9kkMRQUwMD_7CwEg=) has send a requested to sell makarovij70 x1 at the trader "Weapons (Denis [WEAPONS TRADER])" in market zone "OUTLIVE Trader" (pos=<4291.589844, 25.247801, 4162.500000>).
09:56:53 [Market] Player "martyCZ" (id=44dQ0cnFzUA_6kpX-D9wUNcXT2m9kkMRQUwMD_7CwEg=) has sold makarovij70 x1 at the trader "Weapons (Denis [WEAPONS TRADER])" in market zone "OUTLIVE Trader" (pos=<4291.589844, 25.247801, 4162.500000>) and got 81.
09:56:54 [Market] Player "martyCZ" (id=44dQ0cnFzUA_6kpX-D9wUNcXT2m9kkMRQUwMD_7CwEg=) has send a requested to sell colt1911 x1 at the trader "Weapons (Denis [WEAPONS TRADER])" in market zone "OUTLIVE Trader" (pos=<4291.589844, 25.247801, 4162.500000>).
09:56:54 [Market] Player "martyCZ" (id=44dQ0cnFzUA_6kpX-D9wUNcXT2m9kkMRQUwMD_7CwEg=) has sold colt1911 x1 at the trader "Weapons (Denis [WEAPONS TRADER])" in market zone "OUTLIVE Trader" (pos=<4291.589844, 25.247801, 4162.500000>) and got 72.
09:57:16 [Market] Player "martyCZ" (id=44dQ0cnFzUA_6kpX-D9wUNcXT2m9kkMRQUwMD_7CwEg=) has send a requested to sell twp_berettade_mag_15rnd x1 at the trader "Attachments (Oliver [ATTACHMENTS TRADER])" in market zone "OUTLIVE Trader" (pos=<4291.589844, 25.247801, 4162.500000>).
09:57:16 [Market] Player "martyCZ" (id=44dQ0cnFzUA_6kpX-D9wUNcXT2m9kkMRQUwMD_7CwEg=) has sold twp_berettade_mag_15rnd x1 at the trader "Attachments (Oliver [ATTACHMENTS TRADER])" in market zone "OUTLIVE Trader" (pos=<4291.589844, 25.247801, 4162.500000>) and got 92.
09:57:20 [Market] Player "martyCZ" (id=44dQ0cnFzUA_6kpX-D9wUNcXT2m9kkMRQUwMD_7CwEg=) has send a requested to sell twp_sigsauerp250_mag_10rnd x1 at the trader "Attachments (Oliver [ATTACHMENTS TRADER])" in market zone "OUTLIVE Trader" (pos=<4291.589844, 25.247801, 4162.500000>).
09:57:20 [Market] Player "martyCZ" (id=44dQ0cnFzUA_6kpX-D9wUNcXT2m9kkMRQUwMD_7CwEg=) has sold twp_sigsauerp250_mag_10rnd x1 at the trader "Attachments (Oliver [ATTACHMENTS TRADER])" in market zone "OUTLIVE Trader" (pos=<4291.589844, 25.247801, 4162.500000>) and got 64.
09:57:23 [Market] Player "martyCZ" (id=44dQ0cnFzUA_6kpX-D9wUNcXT2m9kkMRQUwMD_7CwEg=) has send a requested to sell mag_expansion_m14_10rnd x1 at the trader "Attachments (Oliver [ATTACHMENTS TRADER])" in market zone "OUTLIVE Trader" (pos=<4291.589844, 25.247801, 4162.500000>).
09:57:24 [Market] Player "martyCZ" (id=44dQ0cnFzUA_6kpX-D9wUNcXT2m9kkMRQUwMD_7CwEg=) has sold mag_expansion_m14_10rnd x1 at the trader "Attachments (Oliver [ATTACHMENTS TRADER])" in market zone "OUTLIVE Trader" (pos=<4291.589844, 25.247801, 4162.500000>) and got 90.
09:57:27 [Market] Player "martyCZ" (id=44dQ0cnFzUA_6kpX-D9wUNcXT2m9kkMRQUwMD_7CwEg=) has send a requested to sell mag_cz75_15rnd x1 at the trader "Attachments (Oliver [ATTACHMENTS TRADER])" in market zone "OUTLIVE Trader" (pos=<4291.589844, 25.247801, 4162.500000>).
09:57:27 [Market] Player "martyCZ" (id=44dQ0cnFzUA_6kpX-D9wUNcXT2m9kkMRQUwMD_7CwEg=) has sold mag_cz75_15rnd x1 at the trader "Attachments (Oliver [ATTACHMENTS TRADER])" in market zone "OUTLIVE Trader" (pos=<4291.589844, 25.247801, 4162.500000>) and got 35.
09:57:31 [Market] Player "martyCZ" (id=44dQ0cnFzUA_6kpX-D9wUNcXT2m9kkMRQUwMD_7CwEg=) has send a requested to sell mag_ij70_8rnd x1 at the trader "Attachments (Oliver [ATTACHMENTS TRADER])" in market zone "OUTLIVE Trader" (pos=<4291.589844, 25.247801, 4162.500000>).
09:57:31 [Market] Player "martyCZ" (id=44dQ0cnFzUA_6kpX-D9wUNcXT2m9kkMRQUwMD_7CwEg=) has sold mag_ij70_8rnd x1 at the trader "Attachments (Oliver [ATTACHMENTS TRADER])" in market zone "OUTLIVE Trader" (pos=<4291.589844, 25.247801, 4162.500000>) and got 34.
09:57:33 [Market] Player "martyCZ" (id=44dQ0cnFzUA_6kpX-D9wUNcXT2m9kkMRQUwMD_7CwEg=) has send a requested to sell mag_glock_15rnd x1 at the trader "Attachments (Oliver [ATTACHMENTS TRADER])" in market zone "OUTLIVE Trader" (pos=<4291.589844, 25.247801, 4162.500000>).
09:57:33 [Market] Player "martyCZ" (id=44dQ0cnFzUA_6kpX-D9wUNcXT2m9kkMRQUwMD_7CwEg=) has sold mag_glock_15rnd x1 at the trader "Attachments (Oliver [ATTACHMENTS TRADER])" in market zone "OUTLIVE Trader" (pos=<4291.589844, 25.247801, 4162.500000>) and got 48.
09:57:34 [Market] Player "martyCZ" (id=44dQ0cnFzUA_6kpX-D9wUNcXT2m9kkMRQUwMD_7CwEg=) has send a requested to sell mag_scout_5rnd x1 at the trader "Attachments (Oliver [ATTACHMENTS TRADER])" in market zone "OUTLIVE Trader" (pos=<4291.589844, 25.247801, 4162.500000>).
09:57:34 [Market] Player "martyCZ" (id=44dQ0cnFzUA_6kpX-D9wUNcXT2m9kkMRQUwMD_7CwEg=) has sold mag_scout_5rnd x1 at the trader "Attachments (Oliver [ATTACHMENTS TRADER])" in market zone "OUTLIVE Trader" (pos=<4291.589844, 25.247801, 4162.500000>) and got 72.
09:57:40 [Market] Player "martyCZ" (id=44dQ0cnFzUA_6kpX-D9wUNcXT2m9kkMRQUwMD_7CwEg=) has send a requested to sell twp_oldrifle_optic x1 at the trader "Attachments (Oliver [ATTACHMENTS TRADER])" in market zone "OUTLIVE Trader" (pos=<4291.589844, 25.247801, 4162.500000>).
09:57:40 [Market] Player "martyCZ" (id=44dQ0cnFzUA_6kpX-D9wUNcXT2m9kkMRQUwMD_7CwEg=) has sold twp_oldrifle_optic x1 at the trader "Attachments (Oliver [ATTACHMENTS TRADER])" in market zone "OUTLIVE Trader" (pos=<4291.589844, 25.247801, 4162.500000>) and got 338.
09:57:53 [Market] Player "martyCZ" (id=44dQ0cnFzUA_6kpX-D9wUNcXT2m9kkMRQUwMD_7CwEg=) has send a requested to sell twp_ammo_20x102mm x35 at the trader "Attachments (Oliver [ATTACHMENTS TRADER])" in market zone "OUTLIVE Trader" (pos=<4291.589844, 25.247801, 4162.500000>).
09:57:53 [Market] Player "martyCZ" (id=44dQ0cnFzUA_6kpX-D9wUNcXT2m9kkMRQUwMD_7CwEg=) has sold twp_ammo_20x102mm x35 at the trader "Attachments (Oliver [ATTACHMENTS TRADER])" in market zone "OUTLIVE Trader" (pos=<4291.589844, 25.247801, 4162.500000>) and got 525.
09:58:00 [Market] Player "martyCZ" (id=44dQ0cnFzUA_6kpX-D9wUNcXT2m9kkMRQUwMD_7CwEg=) has send a requested to sell twp_ammo_20x76 x96 at the trader "Attachments (Oliver [ATTACHMENTS TRADER])" in market zone "OUTLIVE Trader" (pos=<4291.589844, 25.247801, 4162.500000>).
09:58:01 [Market] Player "martyCZ" (id=44dQ0cnFzUA_6kpX-D9wUNcXT2m9kkMRQUwMD_7CwEg=) has sold twp_ammo_20x76 x96 at the trader "Attachments (Oliver [ATTACHMENTS TRADER])" in market zone "OUTLIVE Trader" (pos=<4291.589844, 25.247801, 4162.500000>) and got 173.
09:58:06 [Market] Player "martyCZ" (id=44dQ0cnFzUA_6kpX-D9wUNcXT2m9kkMRQUwMD_7CwEg=) has send a requested to sell twp_ammo_300winmag x26 at the trader "Attachments (Oliver [ATTACHMENTS TRADER])" in market zone "OUTLIVE Trader" (pos=<4291.589844, 25.247801, 4162.500000>).
09:58:06 [Market] Player "martyCZ" (id=44dQ0cnFzUA_6kpX-D9wUNcXT2m9kkMRQUwMD_7CwEg=) has sold twp_ammo_300winmag x26 at the trader "Attachments (Oliver [ATTACHMENTS TRADER])" in market zone "OUTLIVE Trader" (pos=<4291.589844, 25.247801, 4162.500000>) and got 78.
09:58:13 [Market] Player "martyCZ" (id=44dQ0cnFzUA_6kpX-D9wUNcXT2m9kkMRQUwMD_7CwEg=) has send a requested to sell ak_bayonet x1 at the trader "Attachments (Oliver [ATTACHMENTS TRADER])" in market zone "OUTLIVE Trader" (pos=<4291.589844, 25.247801, 4162.500000>).
09:58:14 [Market] Player "martyCZ" (id=44dQ0cnFzUA_6kpX-D9wUNcXT2m9kkMRQUwMD_7CwEg=) has sold ak_bayonet x1 at the trader "Attachments (Oliver [ATTACHMENTS TRADER])" in market zone "OUTLIVE Trader" (pos=<4291.589844, 25.247801, 4162.500000>) and got 100.
09:59:45 [MissionAirdrop] An airdrop is heading towards "Schlachtfeld" (pos=<3059.000000, 0.000000, 1707.000000> type=Random_Schlachtfeld) with a ExpansionAirdropContainer_Military
09:59:45 [MissionAirdrop] An airdrop is heading towards "Atomkraftwerk" (pos=<3099.000000, 0.000000, 8394.000000> type=Random_Atomkraftwerk) with a ExpansionAirdropContainer
10:00:05 [Market] Player "martyCZ" (id=44dQ0cnFzUA_6kpX-D9wUNcXT2m9kkMRQUwMD_7CwEg=) has send a requested to sell mvs_combat_vest_snow x1 at the trader "Clothing (Linda [CLOTHING TRADER])" in market zone "OUTLIVE Trader" (pos=<4291.589844, 25.247801, 4162.500000>).
10:00:05 [Market] Player "martyCZ" (id=44dQ0cnFzUA_6kpX-D9wUNcXT2m9kkMRQUwMD_7CwEg=) has sold mvs_combat_vest_snow x1 at the trader "Clothing (Linda [CLOTHING TRADER])" in market zone "OUTLIVE Trader" (pos=<4291.589844, 25.247801, 4162.500000>) and got 1800.
10:00:31 [Market] Player "martyCZ" (id=44dQ0cnFzUA_6kpX-D9wUNcXT2m9kkMRQUwMD_7CwEg=) has send a requested to sell purificationtablets x1 at the trader "Medicals (Eva [MEDICALS TRADER])" in market zone "OUTLIVE Trader" (pos=<4291.589844, 25.247801, 4162.500000>).
10:00:31 [Market] Player "martyCZ" (id=44dQ0cnFzUA_6kpX-D9wUNcXT2m9kkMRQUwMD_7CwEg=) has sold purificationtablets x1 at the trader "Medicals (Eva [MEDICALS TRADER])" in market zone "OUTLIVE Trader" (pos=<4291.589844, 25.247801, 4162.500000>) and got 88.
10:00:37 [Market] Player "martyCZ" (id=44dQ0cnFzUA_6kpX-D9wUNcXT2m9kkMRQUwMD_7CwEg=) has send a requested to purchase bandagedressing x1 from the trader "Medicals (Eva [MEDICALS TRADER])" in market zone "OUTLIVE Trader" (pos=<4291.589844, 25.247801, 4162.500000>).
10:00:37 [Market] Player "martyCZ" (id=44dQ0cnFzUA_6kpX-D9wUNcXT2m9kkMRQUwMD_7CwEg=) has bought bandagedressing x1 from the trader "Medicals (Eva [MEDICALS TRADER])" in market zone "OUTLIVE Trader" (pos=<4291.589844, 25.247801, 4162.500000>) for a price of 250.
10:01:57 [Market] Player "martyCZ" (id=44dQ0cnFzUA_6kpX-D9wUNcXT2m9kkMRQUwMD_7CwEg=) has send a requested to purchase carbattery x1 from the trader "Vehicles (Peter [VEHICLES TRADER])" in market zone "OUTLIVE Trader" (pos=<4291.589844, 25.247801, 4162.500000>).
10:01:57 [Market] Player "martyCZ" (id=44dQ0cnFzUA_6kpX-D9wUNcXT2m9kkMRQUwMD_7CwEg=) has bought carbattery x1 from the trader "Vehicles (Peter [VEHICLES TRADER])" in market zone "OUTLIVE Trader" (pos=<4291.589844, 25.247801, 4162.500000>) for a price of 1500.
10:02:05 [ATM Locker] Player "martyCZ" (id=44dQ0cnFzUA_6kpX-D9wUNcXT2m9kkMRQUwMD_7CwEg=) has deposited 1940 on his ATM account.
10:05:00 [ATM Locker] Player "martyCZ" (id=44dQ0cnFzUA_6kpX-D9wUNcXT2m9kkMRQUwMD_7CwEg=) has withdrawn 10000 from his ATM account.
10:05:14 [Market] Player "martyCZ" (id=44dQ0cnFzUA_6kpX-D9wUNcXT2m9kkMRQUwMD_7CwEg=) has send a requested to purchase m4_suppressor x1 from the trader "Attachments (Oliver [ATTACHMENTS TRADER])" in market zone "OUTLIVE Trader" (pos=<4291.589844, 25.247801, 4162.500000>).
10:05:14 [Market] Player "martyCZ" (id=44dQ0cnFzUA_6kpX-D9wUNcXT2m9kkMRQUwMD_7CwEg=) has bought m4_suppressor x1 from the trader "Attachments (Oliver [ATTACHMENTS TRADER])" in market zone "OUTLIVE Trader" (pos=<4291.589844, 25.247801, 4162.500000>) for a price of 2000.
10:05:25 [Chat - Global]("Bflame"(id=u7jy1hFXeX-3C-ubChAdh59YiiyuY16LDVnTQIqtPmk=)): no paradicka.. to sa kde da zistit?
10:05:34 [Chat - Global]("Bflame"(id=u7jy1hFXeX-3C-ubChAdh59YiiyuY16LDVnTQIqtPmk=)): ze kolko nas tu je?
10:05:53 [Market] Player "martyCZ" (id=44dQ0cnFzUA_6kpX-D9wUNcXT2m9kkMRQUwMD_7CwEg=) has send a requested to purchase mag_stanag_60rnd x1 from the trader "Attachments (Oliver [ATTACHMENTS TRADER])" in market zone "OUTLIVE Trader" (pos=<4291.589844, 25.247801, 4162.500000>).
10:05:53 [Market] Player "martyCZ" (id=44dQ0cnFzUA_6kpX-D9wUNcXT2m9kkMRQUwMD_7CwEg=) has bought mag_stanag_60rnd x1 from the trader "Attachments (Oliver [ATTACHMENTS TRADER])" in market zone "OUTLIVE Trader" (pos=<4291.589844, 25.247801, 4162.500000>) for a price of 3050.
10:06:24 [Market] Player "martyCZ" (id=44dQ0cnFzUA_6kpX-D9wUNcXT2m9kkMRQUwMD_7CwEg=) has send a requested to purchase ammo_556x45 x100 from the trader "Attachments (Oliver [ATTACHMENTS TRADER])" in market zone "OUTLIVE Trader" (pos=<4291.589844, 25.247801, 4162.500000>).
10:06:24 [Market] Player "martyCZ" (id=44dQ0cnFzUA_6kpX-D9wUNcXT2m9kkMRQUwMD_7CwEg=) has bought ammo_556x45 x100 from the trader "Attachments (Oliver [ATTACHMENTS TRADER])" in market zone "OUTLIVE Trader" (pos=<4291.589844, 25.247801, 4162.500000>) for a price of 2500.
10:07:07 [Market] Player "martyCZ" (id=44dQ0cnFzUA_6kpX-D9wUNcXT2m9kkMRQUwMD_7CwEg=) has send a requested to sell mag_cmag_10rnd x1 at the trader "Attachments (Oliver [ATTACHMENTS TRADER])" in market zone "OUTLIVE Trader" (pos=<4291.589844, 25.247801, 4162.500000>).
10:07:07 [Market] Player "martyCZ" (id=44dQ0cnFzUA_6kpX-D9wUNcXT2m9kkMRQUwMD_7CwEg=) has sold mag_cmag_10rnd x1 at the trader "Attachments (Oliver [ATTACHMENTS TRADER])" in market zone "OUTLIVE Trader" (pos=<4291.589844, 25.247801, 4162.500000>) and got 24.
10:07:24 [Market] Player "martyCZ" (id=44dQ0cnFzUA_6kpX-D9wUNcXT2m9kkMRQUwMD_7CwEg=) has send a requested to sell ammo_12gapellets x35 at the trader "Attachments (Oliver [ATTACHMENTS TRADER])" in market zone "OUTLIVE Trader" (pos=<4291.589844, 25.247801, 4162.500000>).
10:07:25 [Market] Player "martyCZ" (id=44dQ0cnFzUA_6kpX-D9wUNcXT2m9kkMRQUwMD_7CwEg=) has sold ammo_12gapellets x35 at the trader "Attachments (Oliver [ATTACHMENTS TRADER])" in market zone "OUTLIVE Trader" (pos=<4291.589844, 25.247801, 4162.500000>) and got 158.
10:07:45 [Market] Player "martyCZ" (id=44dQ0cnFzUA_6kpX-D9wUNcXT2m9kkMRQUwMD_7CwEg=) has send a requested to sell ammo_9x19 x228 at the trader "Attachments (Oliver [ATTACHMENTS TRADER])" in market zone "OUTLIVE Trader" (pos=<4291.589844, 25.247801, 4162.500000>).
10:07:45 [Market] Player "martyCZ" (id=44dQ0cnFzUA_6kpX-D9wUNcXT2m9kkMRQUwMD_7CwEg=) has sold ammo_9x19 x228 at the trader "Attachments (Oliver [ATTACHMENTS TRADER])" in market zone "OUTLIVE Trader" (pos=<4291.589844, 25.247801, 4162.500000>) and got 342.
10:07:59 [Market] Player "martyCZ" (id=44dQ0cnFzUA_6kpX-D9wUNcXT2m9kkMRQUwMD_7CwEg=) has send a requested to sell ammo_762x39 x98 at the trader "Attachments (Oliver [ATTACHMENTS TRADER])" in market zone "OUTLIVE Trader" (pos=<4291.589844, 25.247801, 4162.500000>).
10:07:59 [Market] Player "martyCZ" (id=44dQ0cnFzUA_6kpX-D9wUNcXT2m9kkMRQUwMD_7CwEg=) has sold ammo_762x39 x98 at the trader "Attachments (Oliver [ATTACHMENTS TRADER])" in market zone "OUTLIVE Trader" (pos=<4291.589844, 25.247801, 4162.500000>) and got 822.
10:08:09 [Market] Player "martyCZ" (id=44dQ0cnFzUA_6kpX-D9wUNcXT2m9kkMRQUwMD_7CwEg=) has send a requested to sell ammo_762x54 x51 at the trader "Attachments (Oliver [ATTACHMENTS TRADER])" in market zone "OUTLIVE Trader" (pos=<4291.589844, 25.247801, 4162.500000>).
10:08:09 [Market] Player "martyCZ" (id=44dQ0cnFzUA_6kpX-D9wUNcXT2m9kkMRQUwMD_7CwEg=) has sold ammo_762x54 x51 at the trader "Attachments (Oliver [ATTACHMENTS TRADER])" in market zone "OUTLIVE Trader" (pos=<4291.589844, 25.247801, 4162.500000>) and got 459.
10:08:16 [Market] Player "martyCZ" (id=44dQ0cnFzUA_6kpX-D9wUNcXT2m9kkMRQUwMD_7CwEg=) has send a requested to sell mosin9130 x1 at the trader "Weapons (Denis [WEAPONS TRADER])" in market zone "OUTLIVE Trader" (pos=<4291.589844, 25.247801, 4162.500000>).
10:08:16 [Market] Player "martyCZ" (id=44dQ0cnFzUA_6kpX-D9wUNcXT2m9kkMRQUwMD_7CwEg=) has sold mosin9130 x1 at the trader "Weapons (Denis [WEAPONS TRADER])" in market zone "OUTLIVE Trader" (pos=<4291.589844, 25.247801, 4162.500000>) and got 600.
10:09:11 [ATM Locker] Player "martyCZ" (id=44dQ0cnFzUA_6kpX-D9wUNcXT2m9kkMRQUwMD_7CwEg=) has deposited 4855 on his ATM account.
10:09:45 [Safezone] Player "martyCZ" (id=44dQ0cnFzUA_6kpX-D9wUNcXT2m9kkMRQUwMD_7CwEg= pos=<4154.850098, 14.490294, 4300.644531>) Left the safezone
10:32:54 [VehicleCarKey] Player "martyCZ" (id=44dQ0cnFzUA_6kpX-D9wUNcXT2m9kkMRQUwMD_7CwEg= pos=<6337.485352, 6.022226, 5975.297363>) used the  ExpansionCarKey to unlock a OffroadHatchback
10:41:47 [Safezone] Player "martyCZ" (id=44dQ0cnFzUA_6kpX-D9wUNcXT2m9kkMRQUwMD_7CwEg= pos=<4189.955078, 15.230577, 4243.042969>) Entered the safezone
10:43:00 [Market] Player "martyCZ" (id=44dQ0cnFzUA_6kpX-D9wUNcXT2m9kkMRQUwMD_7CwEg=) has send a requested to sell mvs_combat_vest_heavy_od x1 at the trader "Clothing (Linda [CLOTHING TRADER])" in market zone "OUTLIVE Trader" (pos=<4291.589844, 25.247801, 4162.500000>).
10:43:00 [Market] Player "martyCZ" (id=44dQ0cnFzUA_6kpX-D9wUNcXT2m9kkMRQUwMD_7CwEg=) has sold mvs_combat_vest_heavy_od x1 at the trader "Clothing (Linda [CLOTHING TRADER])" in market zone "OUTLIVE Trader" (pos=<4291.589844, 25.247801, 4162.500000>) and got 3500.
10:43:02 [Market] Player "martyCZ" (id=44dQ0cnFzUA_6kpX-D9wUNcXT2m9kkMRQUwMD_7CwEg=) has send a requested to sell mvs_combat_vest_heavy_tan x1 at the trader "Clothing (Linda [CLOTHING TRADER])" in market zone "OUTLIVE Trader" (pos=<4291.589844, 25.247801, 4162.500000>).
10:43:02 [Market] Player "martyCZ" (id=44dQ0cnFzUA_6kpX-D9wUNcXT2m9kkMRQUwMD_7CwEg=) has sold mvs_combat_vest_heavy_tan x1 at the trader "Clothing (Linda [CLOTHING TRADER])" in market zone "OUTLIVE Trader" (pos=<4291.589844, 25.247801, 4162.500000>) and got 3500.
10:43:04 [Market] Player "martyCZ" (id=44dQ0cnFzUA_6kpX-D9wUNcXT2m9kkMRQUwMD_7CwEg=) has send a requested to sell mvs_combat_vest_heavy_multicam_tropic x1 at the trader "Clothing (Linda [CLOTHING TRADER])" in market zone "OUTLIVE Trader" (pos=<4291.589844, 25.247801, 4162.500000>).
10:43:04 [Market] Player "martyCZ" (id=44dQ0cnFzUA_6kpX-D9wUNcXT2m9kkMRQUwMD_7CwEg=) has sold mvs_combat_vest_heavy_multicam_tropic x1 at the trader "Clothing (Linda [CLOTHING TRADER])" in market zone "OUTLIVE Trader" (pos=<4291.589844, 25.247801, 4162.500000>) and got 3500.
10:46:32 [Market] Player "martyCZ" (id=44dQ0cnFzUA_6kpX-D9wUNcXT2m9kkMRQUwMD_7CwEg=) has send a requested to sell mvs_combat_vest_snow x1 at the trader "Clothing (Linda [CLOTHING TRADER])" in market zone "OUTLIVE Trader" (pos=<4291.589844, 25.247801, 4162.500000>).
10:46:32 [Market] Player "martyCZ" (id=44dQ0cnFzUA_6kpX-D9wUNcXT2m9kkMRQUwMD_7CwEg=) has sold mvs_combat_vest_snow x1 at the trader "Clothing (Linda [CLOTHING TRADER])" in market zone "OUTLIVE Trader" (pos=<4291.589844, 25.247801, 4162.500000>) and got 1800.
10:46:33 [Market] Player "martyCZ" (id=44dQ0cnFzUA_6kpX-D9wUNcXT2m9kkMRQUwMD_7CwEg=) has send a requested to sell mvs_combat_vest_heavy_od x1 at the trader "Clothing (Linda [CLOTHING TRADER])" in market zone "OUTLIVE Trader" (pos=<4291.589844, 25.247801, 4162.500000>).
10:46:33 [Market] Player "martyCZ" (id=44dQ0cnFzUA_6kpX-D9wUNcXT2m9kkMRQUwMD_7CwEg=) has sold mvs_combat_vest_heavy_od x1 at the trader "Clothing (Linda [CLOTHING TRADER])" in market zone "OUTLIVE Trader" (pos=<4291.589844, 25.247801, 4162.500000>) and got 3500.
10:46:58 [Market] Player "martyCZ" (id=44dQ0cnFzUA_6kpX-D9wUNcXT2m9kkMRQUwMD_7CwEg=) has send a requested to sell twp_m24browntan x1 at the trader "Weapons (Denis [WEAPONS TRADER])" in market zone "OUTLIVE Trader" (pos=<4291.589844, 25.247801, 4162.500000>).
10:46:58 [Market] Player "martyCZ" (id=44dQ0cnFzUA_6kpX-D9wUNcXT2m9kkMRQUwMD_7CwEg=) has sold twp_m24browntan x1 at the trader "Weapons (Denis [WEAPONS TRADER])" in market zone "OUTLIVE Trader" (pos=<4291.589844, 25.247801, 4162.500000>) and got 1900.
10:47:02 [Market] Player "martyCZ" (id=44dQ0cnFzUA_6kpX-D9wUNcXT2m9kkMRQUwMD_7CwEg=) has send a requested to sell twp_mp153 x1 at the trader "Weapons (Denis [WEAPONS TRADER])" in market zone "OUTLIVE Trader" (pos=<4291.589844, 25.247801, 4162.500000>).
10:47:02 [Market] Player "martyCZ" (id=44dQ0cnFzUA_6kpX-D9wUNcXT2m9kkMRQUwMD_7CwEg=) has sold twp_mp153 x1 at the trader "Weapons (Denis [WEAPONS TRADER])" in market zone "OUTLIVE Trader" (pos=<4291.589844, 25.247801, 4162.500000>) and got 1700.
10:47:05 [Market] Player "martyCZ" (id=44dQ0cnFzUA_6kpX-D9wUNcXT2m9kkMRQUwMD_7CwEg=) has send a requested to sell expansion_kar98 x1 at the trader "Weapons (Denis [WEAPONS TRADER])" in market zone "OUTLIVE Trader" (pos=<4291.589844, 25.247801, 4162.500000>).
10:47:05 [Market] Player "martyCZ" (id=44dQ0cnFzUA_6kpX-D9wUNcXT2m9kkMRQUwMD_7CwEg=) has sold expansion_kar98 x1 at the trader "Weapons (Denis [WEAPONS TRADER])" in market zone "OUTLIVE Trader" (pos=<4291.589844, 25.247801, 4162.500000>) and got 500.
10:48:04 [Market] Player "martyCZ" (id=44dQ0cnFzUA_6kpX-D9wUNcXT2m9kkMRQUwMD_7CwEg=) has send a requested to sell mag_expansion_mpx_50rnd x1 at the trader "Attachments (Oliver [ATTACHMENTS TRADER])" in market zone "OUTLIVE Trader" (pos=<4291.589844, 25.247801, 4162.500000>).
10:48:04 [Market] Player "martyCZ" (id=44dQ0cnFzUA_6kpX-D9wUNcXT2m9kkMRQUwMD_7CwEg=) has sold mag_expansion_mpx_50rnd x1 at the trader "Attachments (Oliver [ATTACHMENTS TRADER])" in market zone "OUTLIVE Trader" (pos=<4291.589844, 25.247801, 4162.500000>) and got 116.
10:48:05 [Market] Player "martyCZ" (id=44dQ0cnFzUA_6kpX-D9wUNcXT2m9kkMRQUwMD_7CwEg=) has send a requested to sell mag_expansion_mpx_50rnd x1 at the trader "Attachments (Oliver [ATTACHMENTS TRADER])" in market zone "OUTLIVE Trader" (pos=<4291.589844, 25.247801, 4162.500000>).
10:48:05 [Market] Player "martyCZ" (id=44dQ0cnFzUA_6kpX-D9wUNcXT2m9kkMRQUwMD_7CwEg=) has sold mag_expansion_mpx_50rnd x1 at the trader "Attachments (Oliver [ATTACHMENTS TRADER])" in market zone "OUTLIVE Trader" (pos=<4291.589844, 25.247801, 4162.500000>) and got 123.
10:48:15 [Market] Player "martyCZ" (id=44dQ0cnFzUA_6kpX-D9wUNcXT2m9kkMRQUwMD_7CwEg=) has send a requested to sell twp_oldrifle_optic x1 at the trader "Attachments (Oliver [ATTACHMENTS TRADER])" in market zone "OUTLIVE Trader" (pos=<4291.589844, 25.247801, 4162.500000>).
10:48:15 [Market] Player "martyCZ" (id=44dQ0cnFzUA_6kpX-D9wUNcXT2m9kkMRQUwMD_7CwEg=) has sold twp_oldrifle_optic x1 at the trader "Attachments (Oliver [ATTACHMENTS TRADER])" in market zone "OUTLIVE Trader" (pos=<4291.589844, 25.247801, 4162.500000>) and got 338.
10:48:20 [Market] Player "martyCZ" (id=44dQ0cnFzUA_6kpX-D9wUNcXT2m9kkMRQUwMD_7CwEg=) has send a requested to sell twp_optic_ax50 x1 at the trader "Attachments (Oliver [ATTACHMENTS TRADER])" in market zone "OUTLIVE Trader" (pos=<4291.589844, 25.247801, 4162.500000>).
10:48:20 [Market] Player "martyCZ" (id=44dQ0cnFzUA_6kpX-D9wUNcXT2m9kkMRQUwMD_7CwEg=) has sold twp_optic_ax50 x1 at the trader "Attachments (Oliver [ATTACHMENTS TRADER])" in market zone "OUTLIVE Trader" (pos=<4291.589844, 25.247801, 4162.500000>) and got 262.
10:48:21 [Market] Player "martyCZ" (id=44dQ0cnFzUA_6kpX-D9wUNcXT2m9kkMRQUwMD_7CwEg=) has send a requested to sell twp_longrangeoptic_black x1 at the trader "Attachments (Oliver [ATTACHMENTS TRADER])" in market zone "OUTLIVE Trader" (pos=<4291.589844, 25.247801, 4162.500000>).
10:48:21 [Market] Player "martyCZ" (id=44dQ0cnFzUA_6kpX-D9wUNcXT2m9kkMRQUwMD_7CwEg=) has sold twp_longrangeoptic_black x1 at the trader "Attachments (Oliver [ATTACHMENTS TRADER])" in market zone "OUTLIVE Trader" (pos=<4291.589844, 25.247801, 4162.500000>) and got 262.
10:48:24 [Market] Player "martyCZ" (id=44dQ0cnFzUA_6kpX-D9wUNcXT2m9kkMRQUwMD_7CwEg=) has send a requested to sell twp_longrangeoptic_black x1 at the trader "Attachments (Oliver [ATTACHMENTS TRADER])" in market zone "OUTLIVE Trader" (pos=<4291.589844, 25.247801, 4162.500000>).
10:48:24 [Market] Player "martyCZ" (id=44dQ0cnFzUA_6kpX-D9wUNcXT2m9kkMRQUwMD_7CwEg=) has sold twp_longrangeoptic_black x1 at the trader "Attachments (Oliver [ATTACHMENTS TRADER])" in market zone "OUTLIVE Trader" (pos=<4291.589844, 25.247801, 4162.500000>) and got 262.
10:48:29 [Market] Player "martyCZ" (id=44dQ0cnFzUA_6kpX-D9wUNcXT2m9kkMRQUwMD_7CwEg=) has send a requested to sell expansionkar98scopeoptic x1 at the trader "Attachments (Oliver [ATTACHMENTS TRADER])" in market zone "OUTLIVE Trader" (pos=<4291.589844, 25.247801, 4162.500000>).
10:48:29 [Market] Player "martyCZ" (id=44dQ0cnFzUA_6kpX-D9wUNcXT2m9kkMRQUwMD_7CwEg=) has sold expansionkar98scopeoptic x1 at the trader "Attachments (Oliver [ATTACHMENTS TRADER])" in market zone "OUTLIVE Trader" (pos=<4291.589844, 25.247801, 4162.500000>) and got 220.
10:48:33 [Market] Player "martyCZ" (id=44dQ0cnFzUA_6kpX-D9wUNcXT2m9kkMRQUwMD_7CwEg=) has send a requested to sell reflexoptic x1 at the trader "Attachments (Oliver [ATTACHMENTS TRADER])" in market zone "OUTLIVE Trader" (pos=<4291.589844, 25.247801, 4162.500000>).
10:48:33 [Market] Player "martyCZ" (id=44dQ0cnFzUA_6kpX-D9wUNcXT2m9kkMRQUwMD_7CwEg=) has sold reflexoptic x1 at the trader "Attachments (Oliver [ATTACHMENTS TRADER])" in market zone "OUTLIVE Trader" (pos=<4291.589844, 25.247801, 4162.500000>) and got 80.
10:48:42 [Market] Player "martyCZ" (id=44dQ0cnFzUA_6kpX-D9wUNcXT2m9kkMRQUwMD_7CwEg=) has send a requested to sell ammo_expansion_338 x22 at the trader "Attachments (Oliver [ATTACHMENTS TRADER])" in market zone "OUTLIVE Trader" (pos=<4291.589844, 25.247801, 4162.500000>).
10:48:42 [Market] Player "martyCZ" (id=44dQ0cnFzUA_6kpX-D9wUNcXT2m9kkMRQUwMD_7CwEg=) has sold ammo_expansion_338 x22 at the trader "Attachments (Oliver [ATTACHMENTS TRADER])" in market zone "OUTLIVE Trader" (pos=<4291.589844, 25.247801, 4162.500000>) and got 297.
10:48:58 [ATM Locker] Player "martyCZ" (id=44dQ0cnFzUA_6kpX-D9wUNcXT2m9kkMRQUwMD_7CwEg=) has deposited 21860 on his ATM account.
10:50:11 [Market] Player "martyCZ" (id=44dQ0cnFzUA_6kpX-D9wUNcXT2m9kkMRQUwMD_7CwEg=) has send a requested to sell personalradio x1 at the trader "BuildingSupplies (Boris [BUILDING SUPPLIES TRADER])" in market zone "OUTLIVE Trader" (pos=<4291.589844, 25.247801, 4162.500000>).
10:50:12 [Market] Player "martyCZ" (id=44dQ0cnFzUA_6kpX-D9wUNcXT2m9kkMRQUwMD_7CwEg=) has sold personalradio x1 at the trader "BuildingSupplies (Boris [BUILDING SUPPLIES TRADER])" in market zone "OUTLIVE Trader" (pos=<4291.589844, 25.247801, 4162.500000>) and got 450.
10:50:13 [Market] Player "martyCZ" (id=44dQ0cnFzUA_6kpX-D9wUNcXT2m9kkMRQUwMD_7CwEg=) has send a requested to sell personalradio x1 at the trader "BuildingSupplies (Boris [BUILDING SUPPLIES TRADER])" in market zone "OUTLIVE Trader" (pos=<4291.589844, 25.247801, 4162.500000>).
10:50:13 [Market] Player "martyCZ" (id=44dQ0cnFzUA_6kpX-D9wUNcXT2m9kkMRQUwMD_7CwEg=) has sold personalradio x1 at the trader "BuildingSupplies (Boris [BUILDING SUPPLIES TRADER])" in market zone "OUTLIVE Trader" (pos=<4291.589844, 25.247801, 4162.500000>) and got 300.
10:50:18 [Market] Player "martyCZ" (id=44dQ0cnFzUA_6kpX-D9wUNcXT2m9kkMRQUwMD_7CwEg=) has send a requested to sell carbattery x1 at the trader "BuildingSupplies (Boris [BUILDING SUPPLIES TRADER])" in market zone "OUTLIVE Trader" (pos=<4291.589844, 25.247801, 4162.500000>).
10:50:18 [Market] Player "martyCZ" (id=44dQ0cnFzUA_6kpX-D9wUNcXT2m9kkMRQUwMD_7CwEg=) has sold carbattery x1 at the trader "BuildingSupplies (Boris [BUILDING SUPPLIES TRADER])" in market zone "OUTLIVE Trader" (pos=<4291.589844, 25.247801, 4162.500000>) and got 300.
10:50:34 [Market] Player "martyCZ" (id=44dQ0cnFzUA_6kpX-D9wUNcXT2m9kkMRQUwMD_7CwEg=) has send a requested to sell colt1911 x1 at the trader "Weapons (Denis [WEAPONS TRADER])" in market zone "OUTLIVE Trader" (pos=<4291.589844, 25.247801, 4162.500000>).
10:50:34 [Market] Player "martyCZ" (id=44dQ0cnFzUA_6kpX-D9wUNcXT2m9kkMRQUwMD_7CwEg=) has sold colt1911 x1 at the trader "Weapons (Denis [WEAPONS TRADER])" in market zone "OUTLIVE Trader" (pos=<4291.589844, 25.247801, 4162.500000>) and got 101.
10:50:59 [Market] Player "martyCZ" (id=44dQ0cnFzUA_6kpX-D9wUNcXT2m9kkMRQUwMD_7CwEg=) has send a requested to sell mvs_combat_vest_heavy_multicam_tropic x1 at the trader "Clothing (Linda [CLOTHING TRADER])" in market zone "OUTLIVE Trader" (pos=<4291.589844, 25.247801, 4162.500000>).
10:50:59 [Market] Player "martyCZ" (id=44dQ0cnFzUA_6kpX-D9wUNcXT2m9kkMRQUwMD_7CwEg=) has sold mvs_combat_vest_heavy_multicam_tropic x1 at the trader "Clothing (Linda [CLOTHING TRADER])" in market zone "OUTLIVE Trader" (pos=<4291.589844, 25.247801, 4162.500000>) and got 3500.
10:51:04 [Market] Player "martyCZ" (id=44dQ0cnFzUA_6kpX-D9wUNcXT2m9kkMRQUwMD_7CwEg=) has send a requested to sell mvs_magazine_pouch_snow x1 at the trader "Clothing (Linda [CLOTHING TRADER])" in market zone "OUTLIVE Trader" (pos=<4291.589844, 25.247801, 4162.500000>).
10:51:05 [Market] Player "martyCZ" (id=44dQ0cnFzUA_6kpX-D9wUNcXT2m9kkMRQUwMD_7CwEg=) has sold mvs_magazine_pouch_snow x1 at the trader "Clothing (Linda [CLOTHING TRADER])" in market zone "OUTLIVE Trader" (pos=<4291.589844, 25.247801, 4162.500000>) and got 250.
10:52:00 [Market] Player "martyCZ" (id=44dQ0cnFzUA_6kpX-D9wUNcXT2m9kkMRQUwMD_7CwEg=) has send a requested to sell mvs_admin_pouch_snow x1 at the trader "Clothing (Linda [CLOTHING TRADER])" in market zone "OUTLIVE Trader" (pos=<4291.589844, 25.247801, 4162.500000>).
10:52:00 [Market] Player "martyCZ" (id=44dQ0cnFzUA_6kpX-D9wUNcXT2m9kkMRQUwMD_7CwEg=) has sold mvs_admin_pouch_snow x1 at the trader "Clothing (Linda [CLOTHING TRADER])" in market zone "OUTLIVE Trader" (pos=<4291.589844, 25.247801, 4162.500000>) and got 250.
10:52:03 [Market] Player "martyCZ" (id=44dQ0cnFzUA_6kpX-D9wUNcXT2m9kkMRQUwMD_7CwEg=) has send a requested to sell mvs_combat_vest_multicam_black x1 at the trader "Clothing (Linda [CLOTHING TRADER])" in market zone "OUTLIVE Trader" (pos=<4291.589844, 25.247801, 4162.500000>).
10:52:03 [Market] Player "martyCZ" (id=44dQ0cnFzUA_6kpX-D9wUNcXT2m9kkMRQUwMD_7CwEg=) has sold mvs_combat_vest_multicam_black x1 at the trader "Clothing (Linda [CLOTHING TRADER])" in market zone "OUTLIVE Trader" (pos=<4291.589844, 25.247801, 4162.500000>) and got 1800.
10:52:21 [Market] Player "martyCZ" (id=44dQ0cnFzUA_6kpX-D9wUNcXT2m9kkMRQUwMD_7CwEg=) has send a requested to sell mvs_assault_pack_erdl x1 at the trader "Clothing (Linda [CLOTHING TRADER])" in market zone "OUTLIVE Trader" (pos=<4291.589844, 25.247801, 4162.500000>).
10:52:22 [Market] Player "martyCZ" (id=44dQ0cnFzUA_6kpX-D9wUNcXT2m9kkMRQUwMD_7CwEg=) has sold mvs_assault_pack_erdl x1 at the trader "Clothing (Linda [CLOTHING TRADER])" in market zone "OUTLIVE Trader" (pos=<4291.589844, 25.247801, 4162.500000>) and got 1100.
10:54:23 [ATM Locker] Player "martyCZ" (id=44dQ0cnFzUA_6kpX-D9wUNcXT2m9kkMRQUwMD_7CwEg=) has deposited 8051 on his ATM account.
10:55:43 [VehicleCarKey] Player "martyCZ" (id=44dQ0cnFzUA_6kpX-D9wUNcXT2m9kkMRQUwMD_7CwEg= pos=<4253.291992, 11.393497, 4179.358887>) used the  ExpansionCarKey to lock a OffroadHatchback
11:31:07 [MissionAirdrop] An airdrop is heading towards "Obing" (pos=<6316.000000, 0.000000, 9204.000000> type=Random_Obing) with a ExpansionAirdropContainer_Medical
11:31:07 [MissionAirdrop] An airdrop is heading towards "Weitmoos" (pos=<6222.000000, 0.000000, 9723.000000> type=Random_Weitmoos) with a ExpansionAirdropContainer
12:03:00 [VehicleCarKey] Player "Bflame" (id=u7jy1hFXeX-3C-ubChAdh59YiiyuY16LDVnTQIqtPmk= pos=<2335.779053, 31.155005, 7316.516602>) used the  ExpansionCarKey to unlock a Expansion_Landrover_Green
12:08:48 [VehicleCarKey] Player "Bflame" (id=u7jy1hFXeX-3C-ubChAdh59YiiyuY16LDVnTQIqtPmk= pos=<2335.292969, 31.129686, 7317.461426>) used the  ExpansionCarKey to lock a Expansion_Landrover_Green
