20:02:33 [AI Object Patrol] Generating an example config...
20:03:51 [Expansion Quests] - SetupClientData - Loaded existing player quest data for player with UID: qa3SiHrOYQuyhWNE1xqFHOSVyeLINWrI-wJF_cwVwyw=
20:03:51 [Expansion Quests] - PlayerQuestsInit - Create new quest instance for quest: 23 - Creator UID: qa3SiHrOYQuyhWNE1xqFHOSVyeLINWrI-wJF_cwVwyw=
20:04:55 [Expansion Quests] - SetupClientData - Loaded existing player quest data for player with UID: J56CBd6WRzt5c58nX9b986Cp2niBSm4n26sMa8FuFaU=
20:04:55 [Expansion Quests] - PlayerQuestsInit - Create new quest instance for quest: 23 - Creator UID: J56CBd6WRzt5c58nX9b986Cp2niBSm4n26sMa8FuFaU=
20:04:55 [Expansion Quests] - PlayerQuestsInit - Create new quest instance for quest: 3 - Creator UID: J56CBd6WRzt5c58nX9b986Cp2niBSm4n26sMa8FuFaU=
20:04:55 [Expansion Quests] - PlayerQuestsInit - Create new quest instance for quest: 43 - Creator UID: J56CBd6WRzt5c58nX9b986Cp2niBSm4n26sMa8FuFaU=
20:04:55 [Expansion Quests] - PlayerQuestsInit - Create new quest instance for quest: 58 - Creator UID: J56CBd6WRzt5c58nX9b986Cp2niBSm4n26sMa8FuFaU=
20:05:42 [Expansion Quests] - SetupClientData - Loaded existing player quest data for player with UID: ktRM41tfmEPWvroZR3AqsVqtk95x7WD2p7citvvKp8g=
20:05:42 [Expansion Quests] - PlayerQuestsInit - Create new quest instance for quest: 23 - Creator UID: ktRM41tfmEPWvroZR3AqsVqtk95x7WD2p7citvvKp8g=
20:06:33 [Expansion Quests] - SetupClientData - Loaded existing player quest data for player with UID: O51WMdDQzgXORUqSM5snQEXNY_mRJk6JpE3sxZs1430=
20:06:33 [Expansion Quests] - PlayerQuestsInit - Create new quest instance for quest: 20 - Creator UID: O51WMdDQzgXORUqSM5snQEXNY_mRJk6JpE3sxZs1430=
20:06:33 [Expansion Quests] - PlayerQuestsInit - Create new quest instance for quest: 23 - Creator UID: O51WMdDQzgXORUqSM5snQEXNY_mRJk6JpE3sxZs1430=
20:06:33 [Expansion Quests] - PlayerQuestsInit - Create new quest instance for quest: 11 - Creator UID: O51WMdDQzgXORUqSM5snQEXNY_mRJk6JpE3sxZs1430=
20:06:33 [Expansion Quests] - PlayerQuestsInit - Create new quest instance for quest: 12 - Creator UID: O51WMdDQzgXORUqSM5snQEXNY_mRJk6JpE3sxZs1430=
20:08:56 [MissionAirdrop] An airdrop is heading towards "Krautinsel" (pos=<8192.009766, 0.000000, 4341.879883> type=Random_KrautInsel) with a ExpansionAirdropContainer_Medical
20:08:56 [MissionAirdrop] An airdrop is heading towards "Prison" (pos=<1399.579956, 0.000000, 9977.769531> type=Random_Prison) with a ExpansionAirdropContainer_Military
20:11:24 [Expansion Quests] - SetupClientData - Loaded existing player quest data for player with UID: R5QkEcrxtly9KY8lzQxLv6FMruTgXOxuSWhCmf7J-cA=
20:11:24 [Expansion Quests] - PlayerQuestsInit - Create new quest instance for quest: 23 - Creator UID: R5QkEcrxtly9KY8lzQxLv6FMruTgXOxuSWhCmf7J-cA=
20:17:19 [Safezone] Player "Rikinoo" (id=R5QkEcrxtly9KY8lzQxLv6FMruTgXOxuSWhCmf7J-cA= pos=<9946.305664, 8.623359, 5394.778809>) Entered the safezone
20:17:35 [Market] Player "Rikinoo" (id=R5QkEcrxtly9KY8lzQxLv6FMruTgXOxuSWhCmf7J-cA=) has send a requested to sell ammo_40mm_smoke_black x1 at the trader "Blacktrader (Elias [Smuggler Trader])" in market zone "OUTLIVE Smuggler Trader" (pos=<9945.549805, 36.532902, 5359.779785>).
20:17:35 [Market] Player "Rikinoo" (id=R5QkEcrxtly9KY8lzQxLv6FMruTgXOxuSWhCmf7J-cA=) has sold ammo_40mm_smoke_black x1 at the trader "Blacktrader (Elias [Smuggler Trader])" in market zone "OUTLIVE Smuggler Trader" (pos=<9945.549805, 36.532902, 5359.779785>) and got 450.
20:17:44 [Market] Player "Rikinoo" (id=R5QkEcrxtly9KY8lzQxLv6FMruTgXOxuSWhCmf7J-cA=) has send a requested to sell ammo_40mm_chemgas x1 at the trader "Blacktrader (Elias [Smuggler Trader])" in market zone "OUTLIVE Smuggler Trader" (pos=<9945.549805, 36.532902, 5359.779785>).
20:17:44 [Market] Player "Rikinoo" (id=R5QkEcrxtly9KY8lzQxLv6FMruTgXOxuSWhCmf7J-cA=) has sold ammo_40mm_chemgas x1 at the trader "Blacktrader (Elias [Smuggler Trader])" in market zone "OUTLIVE Smuggler Trader" (pos=<9945.549805, 36.532902, 5359.779785>) and got 2400.
20:17:49 [Chat - Global]("[R.E.D] DoDgY"(id=ktRM41tfmEPWvroZR3AqsVqtk95x7WD2p7citvvKp8g=)): thanks for the help
20:18:03 [Safezone] Player "Rikinoo" (id=R5QkEcrxtly9KY8lzQxLv6FMruTgXOxuSWhCmf7J-cA= pos=<10044.520508, 8.604690, 5265.906738>) Left the safezone
20:18:14 [Safezone] Player "Rikinoo" (id=R5QkEcrxtly9KY8lzQxLv6FMruTgXOxuSWhCmf7J-cA= pos=<9974.189453, 8.619141, 5319.599121>) Entered the safezone
20:18:32 [Safezone] Player "Rikinoo" (id=R5QkEcrxtly9KY8lzQxLv6FMruTgXOxuSWhCmf7J-cA= pos=<10019.297852, 8.066646, 5305.555176>) Left the safezone
20:18:34 [Chat - Global]("[R.E.D] DoDgY"(id=ktRM41tfmEPWvroZR3AqsVqtk95x7WD2p7citvvKp8g=)): have asked madnes for translation lol 
20:18:39 [Chat - Global]("[R.E.D] DoDgY"(id=ktRM41tfmEPWvroZR3AqsVqtk95x7WD2p7citvvKp8g=)): i got crying eyes
20:18:52 [Chat - Global]("HrabefonVorezprut"(id=J56CBd6WRzt5c58nX9b986Cp2niBSm4n26sMa8FuFaU=)): np
20:19:00 [Safezone] Player "Rikinoo" (id=R5QkEcrxtly9KY8lzQxLv6FMruTgXOxuSWhCmf7J-cA= pos=<9970.958984, 8.619143, 5316.719238>) Entered the safezone
20:19:01 [Safezone] Player "Rikinoo" (id=R5QkEcrxtly9KY8lzQxLv6FMruTgXOxuSWhCmf7J-cA= pos=<9969.604492, 8.619154, 5316.081055>) Entered the safezone
20:19:17 [Safezone] Player "Rikinoo" (id=R5QkEcrxtly9KY8lzQxLv6FMruTgXOxuSWhCmf7J-cA= pos=<9977.227539, 8.619157, 5310.161621>) Left the safezone
20:19:44 [Safezone] Player "Rikinoo" (id=R5QkEcrxtly9KY8lzQxLv6FMruTgXOxuSWhCmf7J-cA= pos=<9925.073242, 9.283092, 5314.432617>) Entered the safezone
20:19:57 [Safezone] Player "Rikinoo" (id=R5QkEcrxtly9KY8lzQxLv6FMruTgXOxuSWhCmf7J-cA= pos=<9975.305664, 8.619157, 5299.699707>) Left the safezone
20:20:02 [Safezone] Player "Rikinoo" (id=R5QkEcrxtly9KY8lzQxLv6FMruTgXOxuSWhCmf7J-cA= pos=<9962.568359, 8.619067, 5313.185059>) Entered the safezone
20:20:10 [Safezone] Player "HrabefonVorezprut" (id=J56CBd6WRzt5c58nX9b986Cp2niBSm4n26sMa8FuFaU= pos=<9982.163086, 10.866859, 5393.433105>) Entered the safezone
20:20:24 [Safezone] Player "Rikinoo" (id=R5QkEcrxtly9KY8lzQxLv6FMruTgXOxuSWhCmf7J-cA= pos=<9965.178711, 8.619149, 5299.154785>) Left the safezone
20:20:38 [Safezone] Player "Loomio" (id=O51WMdDQzgXORUqSM5snQEXNY_mRJk6JpE3sxZs1430= pos=<9990.641602, 9.655589, 5380.713379>) Entered the safezone
20:20:39 [Safezone] Player "HrabefonVorezprut" (id=J56CBd6WRzt5c58nX9b986Cp2niBSm4n26sMa8FuFaU= pos=<9973.201172, 8.619061, 5288.404785>) Left the safezone
20:21:14 [Safezone] Player "Loomio" (id=O51WMdDQzgXORUqSM5snQEXNY_mRJk6JpE3sxZs1430= pos=<9967.891602, 8.619106, 5306.402832>) Left the safezone
20:21:37 [Safezone] Player "HrabefonVorezprut" (id=J56CBd6WRzt5c58nX9b986Cp2niBSm4n26sMa8FuFaU= pos=<9963.044922, 8.619000, 5313.199707>) Entered the safezone
20:21:38 [Safezone] Player "Loomio" (id=O51WMdDQzgXORUqSM5snQEXNY_mRJk6JpE3sxZs1430= pos=<9963.713867, 8.619111, 5313.243652>) Entered the safezone
20:21:45 [Safezone] Player "Rikinoo" (id=R5QkEcrxtly9KY8lzQxLv6FMruTgXOxuSWhCmf7J-cA= pos=<9962.455078, 8.618958, 5313.562012>) Entered the safezone
20:22:18 [Market] Player "HrabefonVorezprut" (id=J56CBd6WRzt5c58nX9b986Cp2niBSm4n26sMa8FuFaU=) has send a requested to sell chiemsee_scorpion_tail x1 at the trader "Blacktrader (Elias [Smuggler Trader])" in market zone "OUTLIVE Smuggler Trader" (pos=<9945.549805, 36.532902, 5359.779785>).
20:22:18 [Market] Player "HrabefonVorezprut" (id=J56CBd6WRzt5c58nX9b986Cp2niBSm4n26sMa8FuFaU=) has sold chiemsee_scorpion_tail x1 at the trader "Blacktrader (Elias [Smuggler Trader])" in market zone "OUTLIVE Smuggler Trader" (pos=<9945.549805, 36.532902, 5359.779785>) and got 5000.
20:22:18 [Market] Player "HrabefonVorezprut" (id=J56CBd6WRzt5c58nX9b986Cp2niBSm4n26sMa8FuFaU=) has send a requested to sell chiemsee_scorpion_tail x1 at the trader "Blacktrader (Elias [Smuggler Trader])" in market zone "OUTLIVE Smuggler Trader" (pos=<9945.549805, 36.532902, 5359.779785>).
20:22:18 [Market] Player "HrabefonVorezprut" (id=J56CBd6WRzt5c58nX9b986Cp2niBSm4n26sMa8FuFaU=) has sold chiemsee_scorpion_tail x1 at the trader "Blacktrader (Elias [Smuggler Trader])" in market zone "OUTLIVE Smuggler Trader" (pos=<9945.549805, 36.532902, 5359.779785>) and got 5000.
20:22:19 [Market] Player "HrabefonVorezprut" (id=J56CBd6WRzt5c58nX9b986Cp2niBSm4n26sMa8FuFaU=) has send a requested to sell chiemsee_scorpion_tail x1 at the trader "Blacktrader (Elias [Smuggler Trader])" in market zone "OUTLIVE Smuggler Trader" (pos=<9945.549805, 36.532902, 5359.779785>).
20:22:19 [Market] Player "HrabefonVorezprut" (id=J56CBd6WRzt5c58nX9b986Cp2niBSm4n26sMa8FuFaU=) has sold chiemsee_scorpion_tail x1 at the trader "Blacktrader (Elias [Smuggler Trader])" in market zone "OUTLIVE Smuggler Trader" (pos=<9945.549805, 36.532902, 5359.779785>) and got 5000.
20:22:19 [Market] Player "HrabefonVorezprut" (id=J56CBd6WRzt5c58nX9b986Cp2niBSm4n26sMa8FuFaU=) has send a requested to sell chiemsee_scorpion_tail x1 at the trader "Blacktrader (Elias [Smuggler Trader])" in market zone "OUTLIVE Smuggler Trader" (pos=<9945.549805, 36.532902, 5359.779785>).
20:22:19 [Market] Player "HrabefonVorezprut" (id=J56CBd6WRzt5c58nX9b986Cp2niBSm4n26sMa8FuFaU=) has sold chiemsee_scorpion_tail x1 at the trader "Blacktrader (Elias [Smuggler Trader])" in market zone "OUTLIVE Smuggler Trader" (pos=<9945.549805, 36.532902, 5359.779785>) and got 5000.
20:22:19 [Market] Player "Loomio" (id=O51WMdDQzgXORUqSM5snQEXNY_mRJk6JpE3sxZs1430=) has send a requested to sell skullmask x1 at the trader "Blacktrader (Elias [Smuggler Trader])" in market zone "OUTLIVE Smuggler Trader" (pos=<9945.549805, 36.532902, 5359.779785>).
20:22:19 [Market] Player "Loomio" (id=O51WMdDQzgXORUqSM5snQEXNY_mRJk6JpE3sxZs1430=) has sold skullmask x1 at the trader "Blacktrader (Elias [Smuggler Trader])" in market zone "OUTLIVE Smuggler Trader" (pos=<9945.549805, 36.532902, 5359.779785>) and got 5000.
20:22:32 [ATM Locker] Player "HrabefonVorezprut" (id=J56CBd6WRzt5c58nX9b986Cp2niBSm4n26sMa8FuFaU=) has deposited 20000 on his ATM account.
20:22:51 [Safezone] Player "Rikinoo" (id=R5QkEcrxtly9KY8lzQxLv6FMruTgXOxuSWhCmf7J-cA= pos=<9900.283203, 9.128442, 5441.311523>) Left the safezone
20:23:02 [Safezone] Player "HrabefonVorezprut" (id=J56CBd6WRzt5c58nX9b986Cp2niBSm4n26sMa8FuFaU= pos=<9987.551758, 8.619082, 5293.216797>) Left the safezone
20:23:03 [ATM Locker] Player "Loomio" (id=O51WMdDQzgXORUqSM5snQEXNY_mRJk6JpE3sxZs1430=) has deposited 5000 on his ATM account.
20:23:28 [Safezone] Player "Loomio" (id=O51WMdDQzgXORUqSM5snQEXNY_mRJk6JpE3sxZs1430= pos=<10013.188477, 9.535333, 5287.737305>) Left the safezone
20:23:59 [Safezone] Player "HrabefonVorezprut" (id=J56CBd6WRzt5c58nX9b986Cp2niBSm4n26sMa8FuFaU= pos=<9961.794922, 8.619055, 5312.890137>) Entered the safezone
20:24:12 [Safezone] Player "Rikinoo" (id=R5QkEcrxtly9KY8lzQxLv6FMruTgXOxuSWhCmf7J-cA= pos=<9923.119141, 8.594153, 5404.270996>) Entered the safezone
20:24:12 [Safezone] Player "[R.E.D] DoDgY" (id=ktRM41tfmEPWvroZR3AqsVqtk95x7WD2p7citvvKp8g= pos=<9982.912109, 10.849244, 5392.683594>) Entered the safezone
20:24:19 [Safezone] Player "Loomio" (id=O51WMdDQzgXORUqSM5snQEXNY_mRJk6JpE3sxZs1430= pos=<9964.750977, 8.619145, 5314.087891>) Entered the safezone
20:24:31 [ATM Locker] Player "Rikinoo" (id=R5QkEcrxtly9KY8lzQxLv6FMruTgXOxuSWhCmf7J-cA=) has deposited 2950 on his ATM account.
20:24:44 [Market] Player "[R.E.D] DoDgY" (id=ktRM41tfmEPWvroZR3AqsVqtk95x7WD2p7citvvKp8g=) has send a requested to sell ammo_expansion_m203_sticky_smoke_red x1 at the trader "Blacktrader (Elias [Smuggler Trader])" in market zone "OUTLIVE Smuggler Trader" (pos=<9945.549805, 36.532902, 5359.779785>).
20:24:44 [Market] Player "[R.E.D] DoDgY" (id=ktRM41tfmEPWvroZR3AqsVqtk95x7WD2p7citvvKp8g=) has sold ammo_expansion_m203_sticky_smoke_red x1 at the trader "Blacktrader (Elias [Smuggler Trader])" in market zone "OUTLIVE Smuggler Trader" (pos=<9945.549805, 36.532902, 5359.779785>) and got 600.
20:26:34 [Safezone] Player "[R.E.D] The Old Man" (id=qa3SiHrOYQuyhWNE1xqFHOSVyeLINWrI-wJF_cwVwyw= pos=<9992.916016, 12.769848, 5375.485352>) Entered the safezone
20:28:10 [Safezone] Player "Loomio" (id=O51WMdDQzgXORUqSM5snQEXNY_mRJk6JpE3sxZs1430= pos=<9878.708984, 9.231335, 5347.944336>) Left the safezone
20:28:10 [Safezone] Player "HrabefonVorezprut" (id=J56CBd6WRzt5c58nX9b986Cp2niBSm4n26sMa8FuFaU= pos=<9863.005859, 8.319070, 5356.412109>) Left the safezone
20:28:53 [VehicleCarKey] Player "HrabefonVorezprut" (id=J56CBd6WRzt5c58nX9b986Cp2niBSm4n26sMa8FuFaU= pos=<9749.517578, 1.183560, 5491.054688>) used the  ExpansionCarKey to unlock a ExpansionUtilityBoat
20:30:01 [Safezone] Player "Rikinoo" (id=R5QkEcrxtly9KY8lzQxLv6FMruTgXOxuSWhCmf7J-cA= pos=<9908.434570, 9.128450, 5425.527832>) Left the safezone
20:30:40 [Safezone] Player "Rikinoo" (id=R5QkEcrxtly9KY8lzQxLv6FMruTgXOxuSWhCmf7J-cA= pos=<4258.029785, 11.414187, 4185.250000>) Entered the safezone
20:31:32 [Safezone] Player "[R.E.D] The Old Man" (id=qa3SiHrOYQuyhWNE1xqFHOSVyeLINWrI-wJF_cwVwyw= pos=<9966.503906, 8.619153, 5299.726563>) Left the safezone
20:32:53 [Safezone] Player "[R.E.D] The Old Man" (id=qa3SiHrOYQuyhWNE1xqFHOSVyeLINWrI-wJF_cwVwyw= pos=<9973.193359, 8.619101, 5318.263672>) Entered the safezone
20:35:01 [ATM Locker] Player "[R.E.D] The Old Man" (id=qa3SiHrOYQuyhWNE1xqFHOSVyeLINWrI-wJF_cwVwyw=) has withdrawn 5000 from the party "RED" (partyid=18 | ownerid=qa3SiHrOYQuyhWNE1xqFHOSVyeLINWrI-wJF_cwVwyw=) ATM account.
20:35:02 [ATM Locker] Player "[R.E.D] The Old Man" (id=qa3SiHrOYQuyhWNE1xqFHOSVyeLINWrI-wJF_cwVwyw=) has withdrawn 5000 from his ATM account.
20:35:14 [Market] Player "[R.E.D] The Old Man" (id=qa3SiHrOYQuyhWNE1xqFHOSVyeLINWrI-wJF_cwVwyw=) has send a requested to purchase nvgheadstrap x1 from the trader "Blacktrader (Elias [Smuggler Trader])" in market zone "OUTLIVE Smuggler Trader" (pos=<9945.549805, 36.532902, 5359.779785>).
20:35:14 [Market] Player "[R.E.D] The Old Man" (id=qa3SiHrOYQuyhWNE1xqFHOSVyeLINWrI-wJF_cwVwyw=) has bought nvgheadstrap x1 from the trader "Blacktrader (Elias [Smuggler Trader])" in market zone "OUTLIVE Smuggler Trader" (pos=<9945.549805, 36.532902, 5359.779785>) for a price of 5000.
20:35:31 [VehicleCarKey] Player "HrabefonVorezprut" (id=J56CBd6WRzt5c58nX9b986Cp2niBSm4n26sMa8FuFaU= pos=<4526.630371, 0.106645, 3102.914795>) used the  ExpansionCarKey to lock a ExpansionUtilityBoat
20:35:39 [Safezone] Player "[R.E.D] DoDgY" (id=ktRM41tfmEPWvroZR3AqsVqtk95x7WD2p7citvvKp8g= pos=<9863.048828, 8.228076, 5384.672363>) Left the safezone
20:35:42 [Safezone] Player "[R.E.D] The Old Man" (id=qa3SiHrOYQuyhWNE1xqFHOSVyeLINWrI-wJF_cwVwyw= pos=<9863.581055, 8.195749, 5393.608398>) Left the safezone
20:36:50 [VehicleCarKey] Player "[R.E.D] DoDgY" (id=ktRM41tfmEPWvroZR3AqsVqtk95x7WD2p7citvvKp8g= pos=<9739.596680, 0.952385, 5481.154785>) used the  ExpansionCarKey to unlock a ExpansionUtilityBoat
20:39:48 [Expansion Quests] - SetupClientData - Got cached player quest data for player with UID: qa3SiHrOYQuyhWNE1xqFHOSVyeLINWrI-wJF_cwVwyw=
20:40:28 [VehicleCarKey] Player "HrabefonVorezprut" (id=J56CBd6WRzt5c58nX9b986Cp2niBSm4n26sMa8FuFaU= pos=<4458.021484, 4.801656, 3089.288818>) used the  ExpansionCarKey to unlock a Expansion_Landrover_Grey
20:43:14 [Safezone] Player "HrabefonVorezprut" (id=J56CBd6WRzt5c58nX9b986Cp2niBSm4n26sMa8FuFaU= pos=<4367.326172, 5.194123, 4056.849609>) Entered the safezone
20:43:14 [Safezone] Player "Loomio" (id=O51WMdDQzgXORUqSM5snQEXNY_mRJk6JpE3sxZs1430= pos=<4366.455078, 5.248511, 4059.759277>) Entered the safezone
20:43:48 [VehicleCarKey] Player "HrabefonVorezprut" (id=J56CBd6WRzt5c58nX9b986Cp2niBSm4n26sMa8FuFaU= pos=<4273.967773, 10.344892, 4191.294434>) used the  ExpansionCarKey to lock a Expansion_Landrover_Grey
20:45:02 [Market] Player "HrabefonVorezprut" (id=J56CBd6WRzt5c58nX9b986Cp2niBSm4n26sMa8FuFaU=) has send a requested to sell acogoptic_6x x1 at the trader "Attachments (Oliver [#STR_EXPANSION_MARKET_TRADER_ATTACHMENTS])" in market zone "OUTLIVE Trader" (pos=<4291.589844, 25.247801, 4162.500000>).
20:45:02 [Market] Player "HrabefonVorezprut" (id=J56CBd6WRzt5c58nX9b986Cp2niBSm4n26sMa8FuFaU=) has sold acogoptic_6x x1 at the trader "Attachments (Oliver [#STR_EXPANSION_MARKET_TRADER_ATTACHMENTS])" in market zone "OUTLIVE Trader" (pos=<4291.589844, 25.247801, 4162.500000>) and got 150.
20:45:10 [Market] Player "HrabefonVorezprut" (id=J56CBd6WRzt5c58nX9b986Cp2niBSm4n26sMa8FuFaU=) has send a requested to sell mag_famas_25rnd x1 at the trader "Attachments (Oliver [#STR_EXPANSION_MARKET_TRADER_ATTACHMENTS])" in market zone "OUTLIVE Trader" (pos=<4291.589844, 25.247801, 4162.500000>).
20:45:10 [Market] Player "HrabefonVorezprut" (id=J56CBd6WRzt5c58nX9b986Cp2niBSm4n26sMa8FuFaU=) has sold mag_famas_25rnd x1 at the trader "Attachments (Oliver [#STR_EXPANSION_MARKET_TRADER_ATTACHMENTS])" in market zone "OUTLIVE Trader" (pos=<4291.589844, 25.247801, 4162.500000>) and got 232.
20:45:12 [Market] Player "HrabefonVorezprut" (id=J56CBd6WRzt5c58nX9b986Cp2niBSm4n26sMa8FuFaU=) has send a requested to sell mag_famas_25rnd x1 at the trader "Attachments (Oliver [#STR_EXPANSION_MARKET_TRADER_ATTACHMENTS])" in market zone "OUTLIVE Trader" (pos=<4291.589844, 25.247801, 4162.500000>).
20:45:12 [Market] Player "HrabefonVorezprut" (id=J56CBd6WRzt5c58nX9b986Cp2niBSm4n26sMa8FuFaU=) has sold mag_famas_25rnd x1 at the trader "Attachments (Oliver [#STR_EXPANSION_MARKET_TRADER_ATTACHMENTS])" in market zone "OUTLIVE Trader" (pos=<4291.589844, 25.247801, 4162.500000>) and got 52.
20:45:15 [Market] Player "HrabefonVorezprut" (id=J56CBd6WRzt5c58nX9b986Cp2niBSm4n26sMa8FuFaU=) has send a requested to sell ak_plastichndgrd x1 at the trader "Attachments (Oliver [#STR_EXPANSION_MARKET_TRADER_ATTACHMENTS])" in market zone "OUTLIVE Trader" (pos=<4291.589844, 25.247801, 4162.500000>).
20:45:15 [Market] Player "HrabefonVorezprut" (id=J56CBd6WRzt5c58nX9b986Cp2niBSm4n26sMa8FuFaU=) has sold ak_plastichndgrd x1 at the trader "Attachments (Oliver [#STR_EXPANSION_MARKET_TRADER_ATTACHMENTS])" in market zone "OUTLIVE Trader" (pos=<4291.589844, 25.247801, 4162.500000>) and got 80.
20:45:21 [Market] Player "HrabefonVorezprut" (id=J56CBd6WRzt5c58nX9b986Cp2niBSm4n26sMa8FuFaU=) has send a requested to sell ak_plasticbttstck x1 at the trader "Attachments (Oliver [#STR_EXPANSION_MARKET_TRADER_ATTACHMENTS])" in market zone "OUTLIVE Trader" (pos=<4291.589844, 25.247801, 4162.500000>).
20:45:21 [Market] Player "HrabefonVorezprut" (id=J56CBd6WRzt5c58nX9b986Cp2niBSm4n26sMa8FuFaU=) has sold ak_plasticbttstck x1 at the trader "Attachments (Oliver [#STR_EXPANSION_MARKET_TRADER_ATTACHMENTS])" in market zone "OUTLIVE Trader" (pos=<4291.589844, 25.247801, 4162.500000>) and got 40.
20:45:32 [Market] Player "HrabefonVorezprut" (id=J56CBd6WRzt5c58nX9b986Cp2niBSm4n26sMa8FuFaU=) has send a requested to sell twp_l85a2 x1 at the trader "Weapons (Denis [#STR_EXPANSION_MARKET_TRADER_WEAPONS])" in market zone "OUTLIVE Trader" (pos=<4291.589844, 25.247801, 4162.500000>).
20:45:32 [Market] Player "HrabefonVorezprut" (id=J56CBd6WRzt5c58nX9b986Cp2niBSm4n26sMa8FuFaU=) has sold twp_l85a2 x1 at the trader "Weapons (Denis [#STR_EXPANSION_MARKET_TRADER_WEAPONS])" in market zone "OUTLIVE Trader" (pos=<4291.589844, 25.247801, 4162.500000>) and got 2000.
20:45:37 [Market] Player "HrabefonVorezprut" (id=J56CBd6WRzt5c58nX9b986Cp2niBSm4n26sMa8FuFaU=) has send a requested to sell twp_berettaswordcutlass x1 at the trader "Weapons (Denis [#STR_EXPANSION_MARKET_TRADER_WEAPONS])" in market zone "OUTLIVE Trader" (pos=<4291.589844, 25.247801, 4162.500000>).
20:45:37 [Market] Player "HrabefonVorezprut" (id=J56CBd6WRzt5c58nX9b986Cp2niBSm4n26sMa8FuFaU=) has sold twp_berettaswordcutlass x1 at the trader "Weapons (Denis [#STR_EXPANSION_MARKET_TRADER_WEAPONS])" in market zone "OUTLIVE Trader" (pos=<4291.589844, 25.247801, 4162.500000>) and got 350.
20:45:40 [Market] Player "HrabefonVorezprut" (id=J56CBd6WRzt5c58nX9b986Cp2niBSm4n26sMa8FuFaU=) has send a requested to sell cz75 x1 at the trader "Weapons (Denis [#STR_EXPANSION_MARKET_TRADER_WEAPONS])" in market zone "OUTLIVE Trader" (pos=<4291.589844, 25.247801, 4162.500000>).
20:45:40 [Market] Player "HrabefonVorezprut" (id=J56CBd6WRzt5c58nX9b986Cp2niBSm4n26sMa8FuFaU=) has sold cz75 x1 at the trader "Weapons (Denis [#STR_EXPANSION_MARKET_TRADER_WEAPONS])" in market zone "OUTLIVE Trader" (pos=<4291.589844, 25.247801, 4162.500000>) and got 19.
20:45:40 [Market] Player "Loomio" (id=O51WMdDQzgXORUqSM5snQEXNY_mRJk6JpE3sxZs1430=) has send a requested to sell twp_g56 x1 at the trader "Weapons (Denis [#STR_EXPANSION_MARKET_TRADER_WEAPONS])" in market zone "OUTLIVE Trader" (pos=<4291.589844, 25.247801, 4162.500000>).
20:45:40 [Market] Player "Loomio" (id=O51WMdDQzgXORUqSM5snQEXNY_mRJk6JpE3sxZs1430=) has sold twp_g56 x1 at the trader "Weapons (Denis [#STR_EXPANSION_MARKET_TRADER_WEAPONS])" in market zone "OUTLIVE Trader" (pos=<4291.589844, 25.247801, 4162.500000>) and got 2500.
20:45:41 [Market] Player "Loomio" (id=O51WMdDQzgXORUqSM5snQEXNY_mRJk6JpE3sxZs1430=) has send a requested to sell twp_scarl x1 at the trader "Weapons (Denis [#STR_EXPANSION_MARKET_TRADER_WEAPONS])" in market zone "OUTLIVE Trader" (pos=<4291.589844, 25.247801, 4162.500000>).
20:45:41 [Market] Player "Loomio" (id=O51WMdDQzgXORUqSM5snQEXNY_mRJk6JpE3sxZs1430=) has sold twp_scarl x1 at the trader "Weapons (Denis [#STR_EXPANSION_MARKET_TRADER_WEAPONS])" in market zone "OUTLIVE Trader" (pos=<4291.589844, 25.247801, 4162.500000>) and got 2000.
20:45:42 [Market] Player "HrabefonVorezprut" (id=J56CBd6WRzt5c58nX9b986Cp2niBSm4n26sMa8FuFaU=) has send a requested to sell famas x1 at the trader "Weapons (Denis [#STR_EXPANSION_MARKET_TRADER_WEAPONS])" in market zone "OUTLIVE Trader" (pos=<4291.589844, 25.247801, 4162.500000>).
20:45:42 [Market] Player "HrabefonVorezprut" (id=J56CBd6WRzt5c58nX9b986Cp2niBSm4n26sMa8FuFaU=) has sold famas x1 at the trader "Weapons (Denis [#STR_EXPANSION_MARKET_TRADER_WEAPONS])" in market zone "OUTLIVE Trader" (pos=<4291.589844, 25.247801, 4162.500000>) and got 2200.
20:45:42 [Market] Player "Loomio" (id=O51WMdDQzgXORUqSM5snQEXNY_mRJk6JpE3sxZs1430=) has send a requested to sell twp_steyrauga3 x1 at the trader "Weapons (Denis [#STR_EXPANSION_MARKET_TRADER_WEAPONS])" in market zone "OUTLIVE Trader" (pos=<4291.589844, 25.247801, 4162.500000>).
20:45:43 [Market] Player "Loomio" (id=O51WMdDQzgXORUqSM5snQEXNY_mRJk6JpE3sxZs1430=) has sold twp_steyrauga3 x1 at the trader "Weapons (Denis [#STR_EXPANSION_MARKET_TRADER_WEAPONS])" in market zone "OUTLIVE Trader" (pos=<4291.589844, 25.247801, 4162.500000>) and got 2500.
20:45:43 [Market] Player "HrabefonVorezprut" (id=J56CBd6WRzt5c58nX9b986Cp2niBSm4n26sMa8FuFaU=) has send a requested to sell ak101 x1 at the trader "Weapons (Denis [#STR_EXPANSION_MARKET_TRADER_WEAPONS])" in market zone "OUTLIVE Trader" (pos=<4291.589844, 25.247801, 4162.500000>).
20:45:43 [Market] Player "HrabefonVorezprut" (id=J56CBd6WRzt5c58nX9b986Cp2niBSm4n26sMa8FuFaU=) has sold ak101 x1 at the trader "Weapons (Denis [#STR_EXPANSION_MARKET_TRADER_WEAPONS])" in market zone "OUTLIVE Trader" (pos=<4291.589844, 25.247801, 4162.500000>) and got 250.
20:45:44 [Market] Player "HrabefonVorezprut" (id=J56CBd6WRzt5c58nX9b986Cp2niBSm4n26sMa8FuFaU=) has send a requested to sell famas x1 at the trader "Weapons (Denis [#STR_EXPANSION_MARKET_TRADER_WEAPONS])" in market zone "OUTLIVE Trader" (pos=<4291.589844, 25.247801, 4162.500000>).
20:45:44 [Market] Player "HrabefonVorezprut" (id=J56CBd6WRzt5c58nX9b986Cp2niBSm4n26sMa8FuFaU=) has sold famas x1 at the trader "Weapons (Denis [#STR_EXPANSION_MARKET_TRADER_WEAPONS])" in market zone "OUTLIVE Trader" (pos=<4291.589844, 25.247801, 4162.500000>) and got 2200.
20:46:01 [ATM Locker] Player "Loomio" (id=O51WMdDQzgXORUqSM5snQEXNY_mRJk6JpE3sxZs1430=) has deposited 7000 on his ATM account.
20:46:02 [VehicleCarKey] Player "HrabefonVorezprut" (id=J56CBd6WRzt5c58nX9b986Cp2niBSm4n26sMa8FuFaU= pos=<4273.915527, 10.355439, 4191.541504>) used the  ExpansionCarKey to unlock a Expansion_Landrover_Grey
20:46:34 [Market] Player "Loomio" (id=O51WMdDQzgXORUqSM5snQEXNY_mRJk6JpE3sxZs1430=) has send a requested to sell twp_optic_snowy x1 at the trader "Attachments (Oliver [#STR_EXPANSION_MARKET_TRADER_ATTACHMENTS])" in market zone "OUTLIVE Trader" (pos=<4291.589844, 25.247801, 4162.500000>).
20:46:34 [Market] Player "Loomio" (id=O51WMdDQzgXORUqSM5snQEXNY_mRJk6JpE3sxZs1430=) has sold twp_optic_snowy x1 at the trader "Attachments (Oliver [#STR_EXPANSION_MARKET_TRADER_ATTACHMENTS])" in market zone "OUTLIVE Trader" (pos=<4291.589844, 25.247801, 4162.500000>) and got 338.
20:46:36 [Market] Player "HrabefonVorezprut" (id=J56CBd6WRzt5c58nX9b986Cp2niBSm4n26sMa8FuFaU=) has send a requested to sell twp_optic_reddot x1 at the trader "Attachments (Oliver [#STR_EXPANSION_MARKET_TRADER_ATTACHMENTS])" in market zone "OUTLIVE Trader" (pos=<4291.589844, 25.247801, 4162.500000>).
20:46:36 [Market] Player "HrabefonVorezprut" (id=J56CBd6WRzt5c58nX9b986Cp2niBSm4n26sMa8FuFaU=) has sold twp_optic_reddot x1 at the trader "Attachments (Oliver [#STR_EXPANSION_MARKET_TRADER_ATTACHMENTS])" in market zone "OUTLIVE Trader" (pos=<4291.589844, 25.247801, 4162.500000>) and got 188.
20:46:41 [Market] Player "HrabefonVorezprut" (id=J56CBd6WRzt5c58nX9b986Cp2niBSm4n26sMa8FuFaU=) has send a requested to sell kobraoptic x1 at the trader "Attachments (Oliver [#STR_EXPANSION_MARKET_TRADER_ATTACHMENTS])" in market zone "OUTLIVE Trader" (pos=<4291.589844, 25.247801, 4162.500000>).
20:46:41 [Market] Player "HrabefonVorezprut" (id=J56CBd6WRzt5c58nX9b986Cp2niBSm4n26sMa8FuFaU=) has sold kobraoptic x1 at the trader "Attachments (Oliver [#STR_EXPANSION_MARKET_TRADER_ATTACHMENTS])" in market zone "OUTLIVE Trader" (pos=<4291.589844, 25.247801, 4162.500000>) and got 120.
20:46:42 [Market] Player "Loomio" (id=O51WMdDQzgXORUqSM5snQEXNY_mRJk6JpE3sxZs1430=) has send a requested to sell twp_m200sand_mag_7rnd x1 at the trader "Attachments (Oliver [#STR_EXPANSION_MARKET_TRADER_ATTACHMENTS])" in market zone "OUTLIVE Trader" (pos=<4291.589844, 25.247801, 4162.500000>).
20:46:42 [Market] Player "Loomio" (id=O51WMdDQzgXORUqSM5snQEXNY_mRJk6JpE3sxZs1430=) has sold twp_m200sand_mag_7rnd x1 at the trader "Attachments (Oliver [#STR_EXPANSION_MARKET_TRADER_ATTACHMENTS])" in market zone "OUTLIVE Trader" (pos=<4291.589844, 25.247801, 4162.500000>) and got 67.
20:46:43 [Market] Player "Loomio" (id=O51WMdDQzgXORUqSM5snQEXNY_mRJk6JpE3sxZs1430=) has send a requested to sell twp_tar21_mag_30rnd x1 at the trader "Attachments (Oliver [#STR_EXPANSION_MARKET_TRADER_ATTACHMENTS])" in market zone "OUTLIVE Trader" (pos=<4291.589844, 25.247801, 4162.500000>).
20:46:43 [Market] Player "Loomio" (id=O51WMdDQzgXORUqSM5snQEXNY_mRJk6JpE3sxZs1430=) has sold twp_tar21_mag_30rnd x1 at the trader "Attachments (Oliver [#STR_EXPANSION_MARKET_TRADER_ATTACHMENTS])" in market zone "OUTLIVE Trader" (pos=<4291.589844, 25.247801, 4162.500000>) and got 293.
20:46:44 [Market] Player "Loomio" (id=O51WMdDQzgXORUqSM5snQEXNY_mRJk6JpE3sxZs1430=) has send a requested to sell twp_tar21_mag_30rnd x1 at the trader "Attachments (Oliver [#STR_EXPANSION_MARKET_TRADER_ATTACHMENTS])" in market zone "OUTLIVE Trader" (pos=<4291.589844, 25.247801, 4162.500000>).
20:46:45 [Market] Player "Loomio" (id=O51WMdDQzgXORUqSM5snQEXNY_mRJk6JpE3sxZs1430=) has sold twp_tar21_mag_30rnd x1 at the trader "Attachments (Oliver [#STR_EXPANSION_MARKET_TRADER_ATTACHMENTS])" in market zone "OUTLIVE Trader" (pos=<4291.589844, 25.247801, 4162.500000>) and got 248.
20:46:45 [Market] Player "HrabefonVorezprut" (id=J56CBd6WRzt5c58nX9b986Cp2niBSm4n26sMa8FuFaU=) has send a requested to purchase mag_akm_30rnd x1 from the trader "Attachments (Oliver [#STR_EXPANSION_MARKET_TRADER_ATTACHMENTS])" in market zone "OUTLIVE Trader" (pos=<4291.589844, 25.247801, 4162.500000>).
20:46:45 [Market] Player "HrabefonVorezprut" (id=J56CBd6WRzt5c58nX9b986Cp2niBSm4n26sMa8FuFaU=) has bought mag_akm_30rnd x1 from the trader "Attachments (Oliver [#STR_EXPANSION_MARKET_TRADER_ATTACHMENTS])" in market zone "OUTLIVE Trader" (pos=<4291.589844, 25.247801, 4162.500000>) for a price of 1340.
20:46:47 [Market] Player "HrabefonVorezprut" (id=J56CBd6WRzt5c58nX9b986Cp2niBSm4n26sMa8FuFaU=) has send a requested to sell mag_akm_30rnd x1 at the trader "Attachments (Oliver [#STR_EXPANSION_MARKET_TRADER_ATTACHMENTS])" in market zone "OUTLIVE Trader" (pos=<4291.589844, 25.247801, 4162.500000>).
20:46:47 [Market] Player "HrabefonVorezprut" (id=J56CBd6WRzt5c58nX9b986Cp2niBSm4n26sMa8FuFaU=) has sold mag_akm_30rnd x1 at the trader "Attachments (Oliver [#STR_EXPANSION_MARKET_TRADER_ATTACHMENTS])" in market zone "OUTLIVE Trader" (pos=<4291.589844, 25.247801, 4162.500000>) and got 302.
20:46:51 [Market] Player "HrabefonVorezprut" (id=J56CBd6WRzt5c58nX9b986Cp2niBSm4n26sMa8FuFaU=) has send a requested to sell mag_stanag_30rnd x1 at the trader "Attachments (Oliver [#STR_EXPANSION_MARKET_TRADER_ATTACHMENTS])" in market zone "OUTLIVE Trader" (pos=<4291.589844, 25.247801, 4162.500000>).
20:46:51 [Market] Player "HrabefonVorezprut" (id=J56CBd6WRzt5c58nX9b986Cp2niBSm4n26sMa8FuFaU=) has sold mag_stanag_30rnd x1 at the trader "Attachments (Oliver [#STR_EXPANSION_MARKET_TRADER_ATTACHMENTS])" in market zone "OUTLIVE Trader" (pos=<4291.589844, 25.247801, 4162.500000>) and got 70.
20:46:51 [Market] Player "Loomio" (id=O51WMdDQzgXORUqSM5snQEXNY_mRJk6JpE3sxZs1430=) has send a requested to sell tlrlight x1 at the trader "Attachments (Oliver [#STR_EXPANSION_MARKET_TRADER_ATTACHMENTS])" in market zone "OUTLIVE Trader" (pos=<4291.589844, 25.247801, 4162.500000>).
20:46:51 [Market] Player "Loomio" (id=O51WMdDQzgXORUqSM5snQEXNY_mRJk6JpE3sxZs1430=) has sold tlrlight x1 at the trader "Attachments (Oliver [#STR_EXPANSION_MARKET_TRADER_ATTACHMENTS])" in market zone "OUTLIVE Trader" (pos=<4291.589844, 25.247801, 4162.500000>) and got 50.
20:46:56 [Market] Player "HrabefonVorezprut" (id=J56CBd6WRzt5c58nX9b986Cp2niBSm4n26sMa8FuFaU=) has send a requested to sell ak_plastichndgrd x1 at the trader "Attachments (Oliver [#STR_EXPANSION_MARKET_TRADER_ATTACHMENTS])" in market zone "OUTLIVE Trader" (pos=<4291.589844, 25.247801, 4162.500000>).
20:46:56 [Market] Player "HrabefonVorezprut" (id=J56CBd6WRzt5c58nX9b986Cp2niBSm4n26sMa8FuFaU=) has sold ak_plastichndgrd x1 at the trader "Attachments (Oliver [#STR_EXPANSION_MARKET_TRADER_ATTACHMENTS])" in market zone "OUTLIVE Trader" (pos=<4291.589844, 25.247801, 4162.500000>) and got 80.
20:46:56 [Market] Player "Loomio" (id=O51WMdDQzgXORUqSM5snQEXNY_mRJk6JpE3sxZs1430=) has send a requested to sell expansiondeltapointoptic x1 at the trader "Attachments (Oliver [#STR_EXPANSION_MARKET_TRADER_ATTACHMENTS])" in market zone "OUTLIVE Trader" (pos=<4291.589844, 25.247801, 4162.500000>).
20:46:56 [Market] Player "Loomio" (id=O51WMdDQzgXORUqSM5snQEXNY_mRJk6JpE3sxZs1430=) has sold expansiondeltapointoptic x1 at the trader "Attachments (Oliver [#STR_EXPANSION_MARKET_TRADER_ATTACHMENTS])" in market zone "OUTLIVE Trader" (pos=<4291.589844, 25.247801, 4162.500000>) and got 120.
20:46:57 [Market] Player "Loomio" (id=O51WMdDQzgXORUqSM5snQEXNY_mRJk6JpE3sxZs1430=) has send a requested to sell expansiondeltapointoptic x1 at the trader "Attachments (Oliver [#STR_EXPANSION_MARKET_TRADER_ATTACHMENTS])" in market zone "OUTLIVE Trader" (pos=<4291.589844, 25.247801, 4162.500000>).
20:46:57 [Market] Player "Loomio" (id=O51WMdDQzgXORUqSM5snQEXNY_mRJk6JpE3sxZs1430=) has sold expansiondeltapointoptic x1 at the trader "Attachments (Oliver [#STR_EXPANSION_MARKET_TRADER_ATTACHMENTS])" in market zone "OUTLIVE Trader" (pos=<4291.589844, 25.247801, 4162.500000>) and got 120.
20:46:58 [Market] Player "HrabefonVorezprut" (id=J56CBd6WRzt5c58nX9b986Cp2niBSm4n26sMa8FuFaU=) has send a requested to sell ak_woodbttstck x1 at the trader "Attachments (Oliver [#STR_EXPANSION_MARKET_TRADER_ATTACHMENTS])" in market zone "OUTLIVE Trader" (pos=<4291.589844, 25.247801, 4162.500000>).
20:46:58 [Market] Player "HrabefonVorezprut" (id=J56CBd6WRzt5c58nX9b986Cp2niBSm4n26sMa8FuFaU=) has sold ak_woodbttstck x1 at the trader "Attachments (Oliver [#STR_EXPANSION_MARKET_TRADER_ATTACHMENTS])" in market zone "OUTLIVE Trader" (pos=<4291.589844, 25.247801, 4162.500000>) and got 60.
20:47:09 [Market] Player "HrabefonVorezprut" (id=J56CBd6WRzt5c58nX9b986Cp2niBSm4n26sMa8FuFaU=) has send a requested to sell twp_mk14 x1 at the trader "Weapons (Denis [#STR_EXPANSION_MARKET_TRADER_WEAPONS])" in market zone "OUTLIVE Trader" (pos=<4291.589844, 25.247801, 4162.500000>).
20:47:09 [Market] Player "HrabefonVorezprut" (id=J56CBd6WRzt5c58nX9b986Cp2niBSm4n26sMa8FuFaU=) has sold twp_mk14 x1 at the trader "Weapons (Denis [#STR_EXPANSION_MARKET_TRADER_WEAPONS])" in market zone "OUTLIVE Trader" (pos=<4291.589844, 25.247801, 4162.500000>) and got 2800.
20:47:10 [Market] Player "HrabefonVorezprut" (id=J56CBd6WRzt5c58nX9b986Cp2niBSm4n26sMa8FuFaU=) has send a requested to sell twp_k2c x1 at the trader "Weapons (Denis [#STR_EXPANSION_MARKET_TRADER_WEAPONS])" in market zone "OUTLIVE Trader" (pos=<4291.589844, 25.247801, 4162.500000>).
20:47:10 [Market] Player "HrabefonVorezprut" (id=J56CBd6WRzt5c58nX9b986Cp2niBSm4n26sMa8FuFaU=) has sold twp_k2c x1 at the trader "Weapons (Denis [#STR_EXPANSION_MARKET_TRADER_WEAPONS])" in market zone "OUTLIVE Trader" (pos=<4291.589844, 25.247801, 4162.500000>) and got 1700.
20:47:15 [Market] Player "HrabefonVorezprut" (id=J56CBd6WRzt5c58nX9b986Cp2niBSm4n26sMa8FuFaU=) has send a requested to sell cz550 x1 at the trader "Weapons (Denis [#STR_EXPANSION_MARKET_TRADER_WEAPONS])" in market zone "OUTLIVE Trader" (pos=<4291.589844, 25.247801, 4162.500000>).
20:47:15 [Market] Player "HrabefonVorezprut" (id=J56CBd6WRzt5c58nX9b986Cp2niBSm4n26sMa8FuFaU=) has sold cz550 x1 at the trader "Weapons (Denis [#STR_EXPANSION_MARKET_TRADER_WEAPONS])" in market zone "OUTLIVE Trader" (pos=<4291.589844, 25.247801, 4162.500000>) and got 625.
20:47:18 [Market] Player "HrabefonVorezprut" (id=J56CBd6WRzt5c58nX9b986Cp2niBSm4n26sMa8FuFaU=) has send a requested to sell akm x1 at the trader "Weapons (Denis [#STR_EXPANSION_MARKET_TRADER_WEAPONS])" in market zone "OUTLIVE Trader" (pos=<4291.589844, 25.247801, 4162.500000>).
20:47:18 [Market] Player "HrabefonVorezprut" (id=J56CBd6WRzt5c58nX9b986Cp2niBSm4n26sMa8FuFaU=) has sold akm x1 at the trader "Weapons (Denis [#STR_EXPANSION_MARKET_TRADER_WEAPONS])" in market zone "OUTLIVE Trader" (pos=<4291.589844, 25.247801, 4162.500000>) and got 1118.
20:47:19 [Market] Player "HrabefonVorezprut" (id=J56CBd6WRzt5c58nX9b986Cp2niBSm4n26sMa8FuFaU=) has send a requested to sell m16a2 x1 at the trader "Weapons (Denis [#STR_EXPANSION_MARKET_TRADER_WEAPONS])" in market zone "OUTLIVE Trader" (pos=<4291.589844, 25.247801, 4162.500000>).
20:47:19 [Market] Player "HrabefonVorezprut" (id=J56CBd6WRzt5c58nX9b986Cp2niBSm4n26sMa8FuFaU=) has sold m16a2 x1 at the trader "Weapons (Denis [#STR_EXPANSION_MARKET_TRADER_WEAPONS])" in market zone "OUTLIVE Trader" (pos=<4291.589844, 25.247801, 4162.500000>) and got 1000.
20:47:40 [ATM Locker] Player "HrabefonVorezprut" (id=J56CBd6WRzt5c58nX9b986Cp2niBSm4n26sMa8FuFaU=) has deposited 14296 on his ATM account.
20:48:13 [VehicleCarKey] Player "[R.E.D] The Old Man" (id=qa3SiHrOYQuyhWNE1xqFHOSVyeLINWrI-wJF_cwVwyw= pos=<7009.689941, 1.140584, 5087.543945>) used the  ExpansionCarKey to lock a ExpansionUtilityBoat
20:48:22 [ATM Locker] Player "Loomio" (id=O51WMdDQzgXORUqSM5snQEXNY_mRJk6JpE3sxZs1430=) has deposited 1236 on his ATM account.
20:49:45 [VehicleCarKey] Player "HrabefonVorezprut" (id=J56CBd6WRzt5c58nX9b986Cp2niBSm4n26sMa8FuFaU= pos=<4273.722656, 10.377226, 4191.172852>) used the  ExpansionCarKey to lock a Expansion_Landrover_Grey
20:58:01 [Expansion Quests] - SetupClientData - Loaded existing player quest data for player with UID: jrD_asowWB0s99lXnqwMLnVw2C-EKuK9C75m4ul4bH8=
20:58:01 [Expansion Quests] - PlayerQuestsInit - Create new quest instance for quest: 20 - Creator UID: jrD_asowWB0s99lXnqwMLnVw2C-EKuK9C75m4ul4bH8=
20:58:01 [Expansion Quests] - PlayerQuestsInit - Create new quest instance for quest: 23 - Creator UID: jrD_asowWB0s99lXnqwMLnVw2C-EKuK9C75m4ul4bH8=
21:08:10 [Expansion Quests] - SetupClientData - Loaded existing player quest data for player with UID: OWXX6Y-5LFd-7A6ELi2o-QPO0kjmZUMZvMTKL0AQ_q0=
21:08:10 [Expansion Quests] - PlayerQuestsInit - Create new quest instance for quest: 23 - Creator UID: OWXX6Y-5LFd-7A6ELi2o-QPO0kjmZUMZvMTKL0AQ_q0=
21:09:04 [Chat - Global]("MADness"(id=OWXX6Y-5LFd-7A6ELi2o-QPO0kjmZUMZvMTKL0AQ_q0=)): Ahojky. 
21:09:27 [Chat - Global]("MADness"(id=OWXX6Y-5LFd-7A6ELi2o-QPO0kjmZUMZvMTKL0AQ_q0=)): Mohli bychom hodit jeden rychlý restart kvůli aktualizaci módu?
