04:02:29 [AI Object Patrol] Generating an example config...
04:03:51 [Expansion Quests] - SetupClientData - Loaded existing player quest data for player with UID: 4J1ZKcwA-26L3HgU5BJNo7WcyuiqX0LXnszrWFv9hmQ=
04:03:51 [Expansion Quests] - PlayerQuestsInit - Create new quest instance for quest: 23 - Creator UID: 4J1ZKcwA-26L3HgU5BJNo7WcyuiqX0LXnszrWFv9hmQ=
04:03:51 [Expansion Quests] - PlayerQuestsInit - Create new quest instance for quest: 82 - Creator UID: 4J1ZKcwA-26L3HgU5BJNo7WcyuiqX0LXnszrWFv9hmQ=
04:05:18 [Expansion Quests] - SetupClientData - Loaded existing player quest data for player with UID: jX_CFGAIC2WIrh3kyOKKQ7qs26A3y_stFGEESltAkWQ=
04:05:18 [Expansion Quests] - PlayerQuestsInit - Create new quest instance for quest: 23 - Creator UID: jX_CFGAIC2WIrh3kyOKKQ7qs26A3y_stFGEESltAkWQ=
04:06:39 [VehicleCarKey] Player "Banderas" (id=4J1ZKcwA-26L3HgU5BJNo7WcyuiqX0LXnszrWFv9hmQ= pos=<2757.629395, 24.544249, 5841.850098>) used the  ExpansionCarKey to unlock a Sedan_02
04:08:59 [MissionAirdrop] An airdrop is heading towards "Krater" (pos=<7262.000000, 0.000000, 9618.000000> type=Random_Krater) with a ExpansionAirdropContainer_Medical
04:08:59 [MissionAirdrop] An airdrop is heading towards "Osternach" (pos=<3924.000000, 0.000000, 2662.000000> type=Random_Osternach) with a ExpansionAirdropContainer_Basebuilding
04:18:07 [Safezone] Player "Banderas" (id=4J1ZKcwA-26L3HgU5BJNo7WcyuiqX0LXnszrWFv9hmQ= pos=<4190.528320, 14.828925, 4243.345215>) Entered the safezone
04:20:23 [VehicleCarKey] Player "Banderas" (id=4J1ZKcwA-26L3HgU5BJNo7WcyuiqX0LXnszrWFv9hmQ= pos=<4293.199219, 7.209846, 4169.345215>) used the  ExpansionCarKey to lock a Sedan_02
04:20:48 [Market] Player "Banderas" (id=4J1ZKcwA-26L3HgU5BJNo7WcyuiqX0LXnszrWFv9hmQ=) has send a requested to sell battery9v x1 at the trader "BuildingSupplies (Boris [#STR_EXPANSION_MARKET_TRADER_BUILDING_SUPPLIES])" in market zone "OUTLIVE Trader" (pos=<4291.589844, 25.247801, 4162.500000>).
04:20:48 [Market] Player "Banderas" (id=4J1ZKcwA-26L3HgU5BJNo7WcyuiqX0LXnszrWFv9hmQ=) has sold battery9v x1 at the trader "BuildingSupplies (Boris [#STR_EXPANSION_MARKET_TRADER_BUILDING_SUPPLIES])" in market zone "OUTLIVE Trader" (pos=<4291.589844, 25.247801, 4162.500000>) and got 100.
04:20:54 [Market] Player "Banderas" (id=4J1ZKcwA-26L3HgU5BJNo7WcyuiqX0LXnszrWFv9hmQ=) has send a requested to sell battery9v x8 at the trader "BuildingSupplies (Boris [#STR_EXPANSION_MARKET_TRADER_BUILDING_SUPPLIES])" in market zone "OUTLIVE Trader" (pos=<4291.589844, 25.247801, 4162.500000>).
04:20:54 [Market] Player "Banderas" (id=4J1ZKcwA-26L3HgU5BJNo7WcyuiqX0LXnszrWFv9hmQ=) has sold battery9v x8 at the trader "BuildingSupplies (Boris [#STR_EXPANSION_MARKET_TRADER_BUILDING_SUPPLIES])" in market zone "OUTLIVE Trader" (pos=<4291.589844, 25.247801, 4162.500000>) and got 800.
04:21:12 [Market] Player "Banderas" (id=4J1ZKcwA-26L3HgU5BJNo7WcyuiqX0LXnszrWFv9hmQ=) has send a requested to purchase lugwrench x1 from the trader "BuildingSupplies (Boris [#STR_EXPANSION_MARKET_TRADER_BUILDING_SUPPLIES])" in market zone "OUTLIVE Trader" (pos=<4291.589844, 25.247801, 4162.500000>).
04:21:12 [Market] Player "Banderas" (id=4J1ZKcwA-26L3HgU5BJNo7WcyuiqX0LXnszrWFv9hmQ=) has bought lugwrench x1 from the trader "BuildingSupplies (Boris [#STR_EXPANSION_MARKET_TRADER_BUILDING_SUPPLIES])" in market zone "OUTLIVE Trader" (pos=<4291.589844, 25.247801, 4162.500000>) for a price of 800.
04:23:33 [Market] Player "Banderas" (id=4J1ZKcwA-26L3HgU5BJNo7WcyuiqX0LXnszrWFv9hmQ=) has send a requested to sell twp_usppsychodelic x1 at the trader "Weapons (Denis [#STR_EXPANSION_MARKET_TRADER_WEAPONS])" in market zone "OUTLIVE Trader" (pos=<4291.589844, 25.247801, 4162.500000>).
04:23:33 [Market] Player "Banderas" (id=4J1ZKcwA-26L3HgU5BJNo7WcyuiqX0LXnszrWFv9hmQ=) has sold twp_usppsychodelic x1 at the trader "Weapons (Denis [#STR_EXPANSION_MARKET_TRADER_WEAPONS])" in market zone "OUTLIVE Trader" (pos=<4291.589844, 25.247801, 4162.500000>) and got 350.
04:23:36 [Market] Player "Banderas" (id=4J1ZKcwA-26L3HgU5BJNo7WcyuiqX0LXnszrWFv9hmQ=) has send a requested to sell twp_sigsauerp250wingshot x1 at the trader "Weapons (Denis [#STR_EXPANSION_MARKET_TRADER_WEAPONS])" in market zone "OUTLIVE Trader" (pos=<4291.589844, 25.247801, 4162.500000>).
04:23:36 [Market] Player "Banderas" (id=4J1ZKcwA-26L3HgU5BJNo7WcyuiqX0LXnszrWFv9hmQ=) has sold twp_sigsauerp250wingshot x1 at the trader "Weapons (Denis [#STR_EXPANSION_MARKET_TRADER_WEAPONS])" in market zone "OUTLIVE Trader" (pos=<4291.589844, 25.247801, 4162.500000>) and got 1200.
04:23:47 [Market] Player "Banderas" (id=4J1ZKcwA-26L3HgU5BJNo7WcyuiqX0LXnszrWFv9hmQ=) has send a requested to sell twp_ppsh x1 at the trader "Weapons (Denis [#STR_EXPANSION_MARKET_TRADER_WEAPONS])" in market zone "OUTLIVE Trader" (pos=<4291.589844, 25.247801, 4162.500000>).
04:23:47 [Market] Player "Banderas" (id=4J1ZKcwA-26L3HgU5BJNo7WcyuiqX0LXnszrWFv9hmQ=) has sold twp_ppsh x1 at the trader "Weapons (Denis [#STR_EXPANSION_MARKET_TRADER_WEAPONS])" in market zone "OUTLIVE Trader" (pos=<4291.589844, 25.247801, 4162.500000>) and got 1200.
04:23:49 [Market] Player "Banderas" (id=4J1ZKcwA-26L3HgU5BJNo7WcyuiqX0LXnszrWFv9hmQ=) has send a requested to sell twp_sks x1 at the trader "Weapons (Denis [#STR_EXPANSION_MARKET_TRADER_WEAPONS])" in market zone "OUTLIVE Trader" (pos=<4291.589844, 25.247801, 4162.500000>).
04:23:49 [Market] Player "Banderas" (id=4J1ZKcwA-26L3HgU5BJNo7WcyuiqX0LXnszrWFv9hmQ=) has sold twp_sks x1 at the trader "Weapons (Denis [#STR_EXPANSION_MARKET_TRADER_WEAPONS])" in market zone "OUTLIVE Trader" (pos=<4291.589844, 25.247801, 4162.500000>) and got 1200.
04:23:50 [Market] Player "Banderas" (id=4J1ZKcwA-26L3HgU5BJNo7WcyuiqX0LXnszrWFv9hmQ=) has send a requested to sell twp_sks x1 at the trader "Weapons (Denis [#STR_EXPANSION_MARKET_TRADER_WEAPONS])" in market zone "OUTLIVE Trader" (pos=<4291.589844, 25.247801, 4162.500000>).
04:23:50 [Market] Player "Banderas" (id=4J1ZKcwA-26L3HgU5BJNo7WcyuiqX0LXnszrWFv9hmQ=) has sold twp_sks x1 at the trader "Weapons (Denis [#STR_EXPANSION_MARKET_TRADER_WEAPONS])" in market zone "OUTLIVE Trader" (pos=<4291.589844, 25.247801, 4162.500000>) and got 1200.
04:24:20 [Market] Player "Banderas" (id=4J1ZKcwA-26L3HgU5BJNo7WcyuiqX0LXnszrWFv9hmQ=) has send a requested to sell twp_ar60 x1 at the trader "Weapons (Denis [#STR_EXPANSION_MARKET_TRADER_WEAPONS])" in market zone "OUTLIVE Trader" (pos=<4291.589844, 25.247801, 4162.500000>).
04:24:20 [Market] Player "Banderas" (id=4J1ZKcwA-26L3HgU5BJNo7WcyuiqX0LXnszrWFv9hmQ=) has sold twp_ar60 x1 at the trader "Weapons (Denis [#STR_EXPANSION_MARKET_TRADER_WEAPONS])" in market zone "OUTLIVE Trader" (pos=<4291.589844, 25.247801, 4162.500000>) and got 2200.
04:24:31 [Market] Player "Banderas" (id=4J1ZKcwA-26L3HgU5BJNo7WcyuiqX0LXnszrWFv9hmQ=) has send a requested to sell sks x1 at the trader "Weapons (Denis [#STR_EXPANSION_MARKET_TRADER_WEAPONS])" in market zone "OUTLIVE Trader" (pos=<4291.589844, 25.247801, 4162.500000>).
04:24:31 [Market] Player "Banderas" (id=4J1ZKcwA-26L3HgU5BJNo7WcyuiqX0LXnszrWFv9hmQ=) has sold sks x1 at the trader "Weapons (Denis [#STR_EXPANSION_MARKET_TRADER_WEAPONS])" in market zone "OUTLIVE Trader" (pos=<4291.589844, 25.247801, 4162.500000>) and got 900.
04:26:13 [Market] Player "Banderas" (id=4J1ZKcwA-26L3HgU5BJNo7WcyuiqX0LXnszrWFv9hmQ=) has send a requested to sell painkillertablets x1 at the trader "Medicals (Eva [#STR_EXPANSION_MARKET_TRADER_MEDICALS])" in market zone "OUTLIVE Trader" (pos=<4291.589844, 25.247801, 4162.500000>).
04:26:13 [Market] Player "Banderas" (id=4J1ZKcwA-26L3HgU5BJNo7WcyuiqX0LXnszrWFv9hmQ=) has sold painkillertablets x1 at the trader "Medicals (Eva [#STR_EXPANSION_MARKET_TRADER_MEDICALS])" in market zone "OUTLIVE Trader" (pos=<4291.589844, 25.247801, 4162.500000>) and got 125.
04:26:17 [Market] Player "Banderas" (id=4J1ZKcwA-26L3HgU5BJNo7WcyuiqX0LXnszrWFv9hmQ=) has send a requested to sell heatpack x1 at the trader "Medicals (Eva [#STR_EXPANSION_MARKET_TRADER_MEDICALS])" in market zone "OUTLIVE Trader" (pos=<4291.589844, 25.247801, 4162.500000>).
04:26:17 [Market] Player "Banderas" (id=4J1ZKcwA-26L3HgU5BJNo7WcyuiqX0LXnszrWFv9hmQ=) has sold heatpack x1 at the trader "Medicals (Eva [#STR_EXPANSION_MARKET_TRADER_MEDICALS])" in market zone "OUTLIVE Trader" (pos=<4291.589844, 25.247801, 4162.500000>) and got 40.
04:27:27 [Safezone] Player "Banderas" (id=4J1ZKcwA-26L3HgU5BJNo7WcyuiqX0LXnszrWFv9hmQ= pos=<4174.605469, 15.968805, 4105.807129>) Entered the safezone
04:28:55 [Market] Player "Banderas" (id=4J1ZKcwA-26L3HgU5BJNo7WcyuiqX0LXnszrWFv9hmQ=) has send a requested to purchase sedan_02_wheel x1 from the trader "Vehicles (Peter [#STR_EXPANSION_MARKET_TRADER_VEHICLES])" in market zone "OUTLIVE Trader" (pos=<4291.589844, 25.247801, 4162.500000>).
04:28:55 [Market] Player "Banderas" (id=4J1ZKcwA-26L3HgU5BJNo7WcyuiqX0LXnszrWFv9hmQ=) has bought sedan_02_wheel x1 from the trader "Vehicles (Peter [#STR_EXPANSION_MARKET_TRADER_VEHICLES])" in market zone "OUTLIVE Trader" (pos=<4291.589844, 25.247801, 4162.500000>) for a price of 525.
04:30:02 [VehicleCarKey] Player "Banderas" (id=4J1ZKcwA-26L3HgU5BJNo7WcyuiqX0LXnszrWFv9hmQ= pos=<4293.293457, 7.197247, 4169.671875>) used the  ExpansionCarKey to unlock a Sedan_02
04:31:31 [Market] Player "Banderas" (id=4J1ZKcwA-26L3HgU5BJNo7WcyuiqX0LXnszrWFv9hmQ=) has send a requested to purchase sedan_02_wheel x1 from the trader "Vehicles (Peter [#STR_EXPANSION_MARKET_TRADER_VEHICLES])" in market zone "OUTLIVE Trader" (pos=<4291.589844, 25.247801, 4162.500000>).
04:31:31 [Market] Player "Banderas" (id=4J1ZKcwA-26L3HgU5BJNo7WcyuiqX0LXnszrWFv9hmQ=) has bought sedan_02_wheel x1 from the trader "Vehicles (Peter [#STR_EXPANSION_MARKET_TRADER_VEHICLES])" in market zone "OUTLIVE Trader" (pos=<4291.589844, 25.247801, 4162.500000>) for a price of 527.
04:33:29 [VehicleCarKey] Player "Banderas" (id=4J1ZKcwA-26L3HgU5BJNo7WcyuiqX0LXnszrWFv9hmQ= pos=<4295.389648, 6.976933, 4166.125977>) used the  ExpansionCarKey to lock a Sedan_02
04:33:49 [Market] Player "Banderas" (id=4J1ZKcwA-26L3HgU5BJNo7WcyuiqX0LXnszrWFv9hmQ=) has send a requested to purchase headlighth7_box x1 from the trader "Vehicles (Peter [#STR_EXPANSION_MARKET_TRADER_VEHICLES])" in market zone "OUTLIVE Trader" (pos=<4291.589844, 25.247801, 4162.500000>).
04:33:49 [Market] Player "Banderas" (id=4J1ZKcwA-26L3HgU5BJNo7WcyuiqX0LXnszrWFv9hmQ=) has bought headlighth7_box x1 from the trader "Vehicles (Peter [#STR_EXPANSION_MARKET_TRADER_VEHICLES])" in market zone "OUTLIVE Trader" (pos=<4291.589844, 25.247801, 4162.500000>) for a price of 200.
04:33:50 [Market] Player "Banderas" (id=4J1ZKcwA-26L3HgU5BJNo7WcyuiqX0LXnszrWFv9hmQ=) has send a requested to purchase headlighth7_box x1 from the trader "Vehicles (Peter [#STR_EXPANSION_MARKET_TRADER_VEHICLES])" in market zone "OUTLIVE Trader" (pos=<4291.589844, 25.247801, 4162.500000>).
04:33:50 [Market] Player "Banderas" (id=4J1ZKcwA-26L3HgU5BJNo7WcyuiqX0LXnszrWFv9hmQ=) has bought headlighth7_box x1 from the trader "Vehicles (Peter [#STR_EXPANSION_MARKET_TRADER_VEHICLES])" in market zone "OUTLIVE Trader" (pos=<4291.589844, 25.247801, 4162.500000>) for a price of 200.
04:34:09 [VehicleCarKey] Player "Banderas" (id=4J1ZKcwA-26L3HgU5BJNo7WcyuiqX0LXnszrWFv9hmQ= pos=<4295.882813, 6.914976, 4168.129395>) used the  ExpansionCarKey to unlock a Sedan_02
04:36:26 [VehicleCarKey] Player "Banderas" (id=4J1ZKcwA-26L3HgU5BJNo7WcyuiqX0LXnszrWFv9hmQ= pos=<4296.117676, 6.889550, 4167.863770>) used the  ExpansionCarKey to lock a Sedan_02
04:36:57 [Market] Player "Banderas" (id=4J1ZKcwA-26L3HgU5BJNo7WcyuiqX0LXnszrWFv9hmQ=) has send a requested to sell engraved1911 x1 at the trader "Weapons (Denis [#STR_EXPANSION_MARKET_TRADER_WEAPONS])" in market zone "OUTLIVE Trader" (pos=<4291.589844, 25.247801, 4162.500000>).
04:36:57 [Market] Player "Banderas" (id=4J1ZKcwA-26L3HgU5BJNo7WcyuiqX0LXnszrWFv9hmQ=) has sold engraved1911 x1 at the trader "Weapons (Denis [#STR_EXPANSION_MARKET_TRADER_WEAPONS])" in market zone "OUTLIVE Trader" (pos=<4291.589844, 25.247801, 4162.500000>) and got 1159.
04:37:04 [Market] Player "Banderas" (id=4J1ZKcwA-26L3HgU5BJNo7WcyuiqX0LXnszrWFv9hmQ=) has send a requested to sell twp_remington870tactical x1 at the trader "Weapons (Denis [#STR_EXPANSION_MARKET_TRADER_WEAPONS])" in market zone "OUTLIVE Trader" (pos=<4291.589844, 25.247801, 4162.500000>).
04:37:05 [Market] Player "Banderas" (id=4J1ZKcwA-26L3HgU5BJNo7WcyuiqX0LXnszrWFv9hmQ=) has sold twp_remington870tactical x1 at the trader "Weapons (Denis [#STR_EXPANSION_MARKET_TRADER_WEAPONS])" in market zone "OUTLIVE Trader" (pos=<4291.589844, 25.247801, 4162.500000>) and got 1800.
04:37:10 [Market] Player "Banderas" (id=4J1ZKcwA-26L3HgU5BJNo7WcyuiqX0LXnszrWFv9hmQ=) has send a requested to sell twp_1911_wilsoncombat x1 at the trader "Weapons (Denis [#STR_EXPANSION_MARKET_TRADER_WEAPONS])" in market zone "OUTLIVE Trader" (pos=<4291.589844, 25.247801, 4162.500000>).
04:37:10 [Market] Player "Banderas" (id=4J1ZKcwA-26L3HgU5BJNo7WcyuiqX0LXnszrWFv9hmQ=) has sold twp_1911_wilsoncombat x1 at the trader "Weapons (Denis [#STR_EXPANSION_MARKET_TRADER_WEAPONS])" in market zone "OUTLIVE Trader" (pos=<4291.589844, 25.247801, 4162.500000>) and got 350.
04:37:11 [Market] Player "Banderas" (id=4J1ZKcwA-26L3HgU5BJNo7WcyuiqX0LXnszrWFv9hmQ=) has send a requested to sell twp_waltherq5 x1 at the trader "Weapons (Denis [#STR_EXPANSION_MARKET_TRADER_WEAPONS])" in market zone "OUTLIVE Trader" (pos=<4291.589844, 25.247801, 4162.500000>).
04:37:11 [Market] Player "Banderas" (id=4J1ZKcwA-26L3HgU5BJNo7WcyuiqX0LXnszrWFv9hmQ=) has sold twp_waltherq5 x1 at the trader "Weapons (Denis [#STR_EXPANSION_MARKET_TRADER_WEAPONS])" in market zone "OUTLIVE Trader" (pos=<4291.589844, 25.247801, 4162.500000>) and got 350.
04:37:30 [ATM Locker] Player "Banderas" (id=4J1ZKcwA-26L3HgU5BJNo7WcyuiqX0LXnszrWFv9hmQ=) has deposited 24722 on his ATM account.
04:40:17 [ATM Locker] Player "Banderas" (id=4J1ZKcwA-26L3HgU5BJNo7WcyuiqX0LXnszrWFv9hmQ=) has withdrawn 10000 from his ATM account.
04:40:46 [Market] Player "Banderas" (id=4J1ZKcwA-26L3HgU5BJNo7WcyuiqX0LXnszrWFv9hmQ=) has send a requested to purchase ammo_556x45 x400 from the trader "Attachments (Oliver [#STR_EXPANSION_MARKET_TRADER_ATTACHMENTS])" in market zone "OUTLIVE Trader" (pos=<4291.589844, 25.247801, 4162.500000>).
04:40:46 [Market] Player "Banderas" (id=4J1ZKcwA-26L3HgU5BJNo7WcyuiqX0LXnszrWFv9hmQ=) has bought ammo_556x45 x400 from the trader "Attachments (Oliver [#STR_EXPANSION_MARKET_TRADER_ATTACHMENTS])" in market zone "OUTLIVE Trader" (pos=<4291.589844, 25.247801, 4162.500000>) for a price of 10000.
04:41:23 [ATM Locker] Player "Banderas" (id=4J1ZKcwA-26L3HgU5BJNo7WcyuiqX0LXnszrWFv9hmQ=) has withdrawn 5000 from his ATM account.
04:41:55 [Market] Player "Banderas" (id=4J1ZKcwA-26L3HgU5BJNo7WcyuiqX0LXnszrWFv9hmQ=) has send a requested to purchase twp_ammo_50bmg x45 from the trader "Attachments (Oliver [#STR_EXPANSION_MARKET_TRADER_ATTACHMENTS])" in market zone "OUTLIVE Trader" (pos=<4291.589844, 25.247801, 4162.500000>).
04:41:55 [Market] Player "Banderas" (id=4J1ZKcwA-26L3HgU5BJNo7WcyuiqX0LXnszrWFv9hmQ=) has bought twp_ammo_50bmg x45 from the trader "Attachments (Oliver [#STR_EXPANSION_MARKET_TRADER_ATTACHMENTS])" in market zone "OUTLIVE Trader" (pos=<4291.589844, 25.247801, 4162.500000>) for a price of 4950.
04:43:01 [VehicleCarKey] Player "Banderas" (id=4J1ZKcwA-26L3HgU5BJNo7WcyuiqX0LXnszrWFv9hmQ= pos=<4293.180176, 7.211383, 4169.318359>) used the  ExpansionCarKey to unlock a Sedan_02
04:43:37 [Safezone] Player "Banderas" (id=4J1ZKcwA-26L3HgU5BJNo7WcyuiqX0LXnszrWFv9hmQ= pos=<4426.097168, 4.625120, 3953.868164>) Left the safezone
04:48:02 [VehicleCarKey] Player "Banderas" (id=4J1ZKcwA-26L3HgU5BJNo7WcyuiqX0LXnszrWFv9hmQ= pos=<3814.419922, 41.706165, 2838.980957>) used the  ExpansionCarKey to lock a Sedan_02
04:51:25 [VehicleCarKey] Player "Banderas" (id=4J1ZKcwA-26L3HgU5BJNo7WcyuiqX0LXnszrWFv9hmQ= pos=<3812.223145, 41.718971, 2841.201660>) used the  ExpansionCarKey to unlock a Sedan_02
04:55:23 [Safezone] Player "Banderas" (id=4J1ZKcwA-26L3HgU5BJNo7WcyuiqX0LXnszrWFv9hmQ= pos=<4369.115234, 4.770519, 4058.574707>) Entered the safezone
04:55:49 [VehicleCarKey] Player "Banderas" (id=4J1ZKcwA-26L3HgU5BJNo7WcyuiqX0LXnszrWFv9hmQ= pos=<4267.715332, 11.031134, 4190.915527>) used the  ExpansionCarKey to lock a Sedan_02
04:57:42 [ATM Locker] Player "Banderas" (id=4J1ZKcwA-26L3HgU5BJNo7WcyuiqX0LXnszrWFv9hmQ=) has withdrawn 5000 from his ATM account.
04:57:58 [Market] Player "Banderas" (id=4J1ZKcwA-26L3HgU5BJNo7WcyuiqX0LXnszrWFv9hmQ=) has send a requested to purchase expansion_flag_biohazard x1 from the trader "BuildingSupplies (Boris [#STR_EXPANSION_MARKET_TRADER_BUILDING_SUPPLIES])" in market zone "OUTLIVE Trader" (pos=<4291.589844, 25.247801, 4162.500000>).
04:57:59 [Market] Player "Banderas" (id=4J1ZKcwA-26L3HgU5BJNo7WcyuiqX0LXnszrWFv9hmQ=) has bought expansion_flag_biohazard x1 from the trader "BuildingSupplies (Boris [#STR_EXPANSION_MARKET_TRADER_BUILDING_SUPPLIES])" in market zone "OUTLIVE Trader" (pos=<4291.589844, 25.247801, 4162.500000>) for a price of 5000.
05:03:21 [VehicleCarKey] Player "Banderas" (id=4J1ZKcwA-26L3HgU5BJNo7WcyuiqX0LXnszrWFv9hmQ= pos=<4267.523926, 11.058473, 4191.319824>) used the  ExpansionCarKey to unlock a Sedan_02
05:03:45 [CodeLockRaiding] ExpansionCodelock (<3687.774902, 83.350342, 2425.835205>) Code set by player "Aycarambakid" (ID = "jX_CFGAIC2WIrh3kyOKKQ7qs26A3y_stFGEESltAkWQ=" at <3684.379395, 83.680176, 2428.421875>) and the code is 7622
05:04:15 [CodeLockRaiding] ExpansionCodelock (<3687.151367, 83.170471, 2434.076660>) Code set by player "Aycarambakid" (ID = "jX_CFGAIC2WIrh3kyOKKQ7qs26A3y_stFGEESltAkWQ=" at <3683.885986, 83.402008, 2432.725830>) and the code is 7622
05:05:35 [Safezone] Player "Banderas" (id=4J1ZKcwA-26L3HgU5BJNo7WcyuiqX0LXnszrWFv9hmQ= pos=<4427.354492, 4.649129, 3957.463867>) Left the safezone
05:07:21 [Safezone] Player "Banderas" (id=4J1ZKcwA-26L3HgU5BJNo7WcyuiqX0LXnszrWFv9hmQ= pos=<4368.337891, 4.780030, 4057.705322>) Entered the safezone
05:08:59 [VehicleCarKey] Player "Banderas" (id=4J1ZKcwA-26L3HgU5BJNo7WcyuiqX0LXnszrWFv9hmQ= pos=<4267.865723, 10.963038, 4189.270996>) used the  ExpansionCarKey to lock a Sedan_02
05:09:37 [ATM Locker] Player "Banderas" (id=4J1ZKcwA-26L3HgU5BJNo7WcyuiqX0LXnszrWFv9hmQ=) has withdrawn 4750 from his ATM account.
05:09:46 [Market] Player "Banderas" (id=4J1ZKcwA-26L3HgU5BJNo7WcyuiqX0LXnszrWFv9hmQ=) has send a requested to purchase pickaxe x1 from the trader "BuildingSupplies (Boris [#STR_EXPANSION_MARKET_TRADER_BUILDING_SUPPLIES])" in market zone "OUTLIVE Trader" (pos=<4291.589844, 25.247801, 4162.500000>).
05:09:47 [Market] Player "Banderas" (id=4J1ZKcwA-26L3HgU5BJNo7WcyuiqX0LXnszrWFv9hmQ=) has bought pickaxe x1 from the trader "BuildingSupplies (Boris [#STR_EXPANSION_MARKET_TRADER_BUILDING_SUPPLIES])" in market zone "OUTLIVE Trader" (pos=<4291.589844, 25.247801, 4162.500000>) for a price of 4800.
05:10:30 [VehicleCarKey] Player "Banderas" (id=4J1ZKcwA-26L3HgU5BJNo7WcyuiqX0LXnszrWFv9hmQ= pos=<4268.325684, 10.918298, 4189.099121>) used the  ExpansionCarKey to unlock a Sedan_02
05:11:42 [Safezone] Player "Banderas" (id=4J1ZKcwA-26L3HgU5BJNo7WcyuiqX0LXnszrWFv9hmQ= pos=<4143.519043, 14.262053, 4325.399902>) Left the safezone
05:29:01 [MissionAirdrop] An airdrop is heading towards "Stein" (pos=<4619.000000, 0.000000, 7618.000000> type=Random_Stein) with a ExpansionAirdropContainer_Medical
05:29:01 [MissionAirdrop] An airdrop is heading towards "Mauerkirchen" (pos=<3123.000000, 0.000000, 4342.000000> type=Random_Mauerkirchen) with a ExpansionAirdropContainer_Medical
05:45:38 [Territory] Player "Banderas" (id=4J1ZKcwA-26L3HgU5BJNo7WcyuiqX0LXnszrWFv9hmQ=) created territory Goblin home at <3797.919434, 2.679877, 6155.104492>
05:49:46 [Expansion Quests] - SetupClientData - Loaded existing player quest data for player with UID: VdQMzQXeHHOFLSE_1rZsNZwA13odSwsy4R1-udi8Yjs=
05:49:46 [Expansion Quests] - PlayerQuestsInit - Create new quest instance for quest: 20 - Creator UID: VdQMzQXeHHOFLSE_1rZsNZwA13odSwsy4R1-udi8Yjs=
05:49:46 [Expansion Quests] - PlayerQuestsInit - Create new quest instance for quest: 23 - Creator UID: VdQMzQXeHHOFLSE_1rZsNZwA13odSwsy4R1-udi8Yjs=
05:49:46 [Expansion Quests] - PlayerQuestsInit - Create new quest instance for quest: 11 - Creator UID: VdQMzQXeHHOFLSE_1rZsNZwA13odSwsy4R1-udi8Yjs=
05:49:46 [Expansion Quests] - PlayerQuestsInit - Create new quest instance for quest: 12 - Creator UID: VdQMzQXeHHOFLSE_1rZsNZwA13odSwsy4R1-udi8Yjs=
05:53:58 [VehicleCarKey] Player "DeltaZero5" (id=VdQMzQXeHHOFLSE_1rZsNZwA13odSwsy4R1-udi8Yjs= pos=<9510.476563, 0.893574, 8849.332031>) used the  ExpansionCarKey to unlock a ExpansionUtilityBoat
06:36:54 [Expansion Quests] - SetupClientData - Got cached player quest data for player with UID: VdQMzQXeHHOFLSE_1rZsNZwA13odSwsy4R1-udi8Yjs=
06:49:51 [VehicleCarKey] Player "DeltaZero5" (id=VdQMzQXeHHOFLSE_1rZsNZwA13odSwsy4R1-udi8Yjs= pos=<3886.379883, -0.607031, 6011.601074>) used the  ExpansionCarKey to lock a ExpansionUtilityBoat
06:53:33 [Territory] Player "DeltaZero5" (id=VdQMzQXeHHOFLSE_1rZsNZwA13odSwsy4R1-udi8Yjs= pos=<3808.236816, 2.495952, 6135.690918>) was invited to join the territory Goblin home at <3797.919434, 2.679877, 6155.104492> by the player "Banderas" (id=4J1ZKcwA-26L3HgU5BJNo7WcyuiqX0LXnszrWFv9hmQ=)
06:54:29 [MissionAirdrop] An airdrop is heading towards "Schlachtfeld" (pos=<3059.000000, 0.000000, 1707.000000> type=Random_Schlachtfeld) with a ExpansionAirdropContainer_Basebuilding
06:54:29 [MissionAirdrop] An airdrop is heading towards "Obing" (pos=<6316.000000, 0.000000, 9204.000000> type=Random_Obing) with a ExpansionAirdropContainer_Basebuilding
07:01:32 [VehicleCarKey] Player "Banderas" (id=4J1ZKcwA-26L3HgU5BJNo7WcyuiqX0LXnszrWFv9hmQ= pos=<2744.311523, 24.612410, 5842.410156>) used the  ExpansionCarKey to lock a Sedan_02
07:31:23 [VehicleCarKey] Player "Banderas" (id=4J1ZKcwA-26L3HgU5BJNo7WcyuiqX0LXnszrWFv9hmQ= pos=<2744.046875, 24.612499, 5844.861328>) used the  ExpansionCarKey to unlock a Sedan_02
07:49:11 [VehicleCarKey] Player "Banderas" (id=4J1ZKcwA-26L3HgU5BJNo7WcyuiqX0LXnszrWFv9hmQ= pos=<3937.447754, 19.826395, 5002.841797>) used the  ExpansionCarKey to lock a Sedan_02
07:49:30 [Safezone] Player "P@lko2265" (id=iyN6JbNqEvHMp_A5zeXvCmCy1_EaihIFwZocZ4y6-LM= pos=<9945.680664, 10.790051, 5357.454590>) Entered the safezone
07:49:30 [Expansion Quests] - SetupClientData - Loaded existing player quest data for player with UID: iyN6JbNqEvHMp_A5zeXvCmCy1_EaihIFwZocZ4y6-LM=
07:49:30 [Expansion Quests] - PlayerQuestsInit - Create new quest instance for quest: 20 - Creator UID: iyN6JbNqEvHMp_A5zeXvCmCy1_EaihIFwZocZ4y6-LM=
07:49:30 [Expansion Quests] - PlayerQuestsInit - Create new quest instance for quest: 23 - Creator UID: iyN6JbNqEvHMp_A5zeXvCmCy1_EaihIFwZocZ4y6-LM=
07:52:54 [Chat - Global]("P@lko2265"(id=iyN6JbNqEvHMp_A5zeXvCmCy1_EaihIFwZocZ4y6-LM=)): zdarec
07:53:00 [VehicleCarKey] Player "P@lko2265" (id=iyN6JbNqEvHMp_A5zeXvCmCy1_EaihIFwZocZ4y6-LM= pos=<9913.323242, 9.362436, 5409.561523>) used the  ExpansionCarKey to unlock a ExpansionGyrocopter
07:53:07 [Safezone] Player "P@lko2265" (id=iyN6JbNqEvHMp_A5zeXvCmCy1_EaihIFwZocZ4y6-LM= pos=<9910.438477, 9.128442, 5410.369141>) Left the safezone
07:53:10 [Chat - Global]("DeltaZero5"(id=VdQMzQXeHHOFLSE_1rZsNZwA13odSwsy4R1-udi8Yjs=)): hi
07:54:39 [Safezone] Player "P@lko2265" (id=iyN6JbNqEvHMp_A5zeXvCmCy1_EaihIFwZocZ4y6-LM= pos=<9917.939453, 8.614601, 5401.359375>) Entered the safezone
07:55:16 [Safezone] Player "P@lko2265" (id=iyN6JbNqEvHMp_A5zeXvCmCy1_EaihIFwZocZ4y6-LM= pos=<9911.721680, 9.748065, 5411.692871>) Left the safezone
07:55:46 [VehicleCarKey] Player "Banderas" (id=4J1ZKcwA-26L3HgU5BJNo7WcyuiqX0LXnszrWFv9hmQ= pos=<3936.280029, 19.787399, 5003.553223>) used the  ExpansionCarKey to unlock a Sedan_02
07:55:47 [Safezone] Player "P@lko2265" (id=iyN6JbNqEvHMp_A5zeXvCmCy1_EaihIFwZocZ4y6-LM= pos=<9915.627930, 100.531044, 5398.585938>) Entered the safezone
07:56:03 [Safezone] Player "P@lko2265" (id=iyN6JbNqEvHMp_A5zeXvCmCy1_EaihIFwZocZ4y6-LM= pos=<9990.393555, 100.663429, 5131.083984>) Left the safezone
07:56:08 [VehicleCarKey] Player "Banderas" (id=4J1ZKcwA-26L3HgU5BJNo7WcyuiqX0LXnszrWFv9hmQ= pos=<3933.338867, 19.689455, 5005.837402>) used the  ExpansionCarKey to lock a Sedan_02
07:59:12 [VehicleCarKey] Player "P@lko2265" (id=iyN6JbNqEvHMp_A5zeXvCmCy1_EaihIFwZocZ4y6-LM= pos=<8961.652344, 15.309217, 3074.095215>) used the  ExpansionCarKey to lock a ExpansionGyrocopter
