18:24:52 [AI Object Patrol] Generating an example config...
18:26:58 [Expansion Quests] - SetupClientData - Loaded existing player quest data for player with UID: OWXX6Y-5LFd-7A6ELi2o-QPO0kjmZUMZvMTKL0AQ_q0=
18:26:58 [Expansion Quests] - PlayerQuestsInit - Create new quest instance for quest: 23 - Creator UID: OWXX6Y-5LFd-7A6ELi2o-QPO0kjmZUMZvMTKL0AQ_q0=
18:29:22 [Expansion Quests] - SetupClientData - Loaded existing player quest data for player with UID: J56CBd6WRzt5c58nX9b986Cp2niBSm4n26sMa8FuFaU=
18:29:22 [Expansion Quests] - PlayerQuestsInit - Create new quest instance for quest: 23 - Creator UID: J56CBd6WRzt5c58nX9b986Cp2niBSm4n26sMa8FuFaU=
18:29:22 [Expansion Quests] - PlayerQuestsInit - Create new quest instance for quest: 65 - Creator UID: J56CBd6WRzt5c58nX9b986Cp2niBSm4n26sMa8FuFaU=
18:29:22 [Expansion Quests] - PlayerQuestsInit - Create new quest instance for quest: 3 - Creator UID: J56CBd6WRzt5c58nX9b986Cp2niBSm4n26sMa8FuFaU=
18:29:22 [Expansion Quests] - PlayerQuestsInit - Create new quest instance for quest: 43 - Creator UID: J56CBd6WRzt5c58nX9b986Cp2niBSm4n26sMa8FuFaU=
18:30:03 [Expansion Quests] - SetupClientData - Created new persistent player quest data for player UID: 5HGJM4GfzznjUOY_lcVWS3zeQvKgWVOcukrVzOvxsYc=
18:30:03 [Expansion Quests] - SetupClientData - Loaded existing player quest data for player with UID: moju-o9r4WDdYTDyfrl9CwwZZHrLZ72NCguQWsUnk5Y=
18:30:03 [Expansion Quests] - PlayerQuestsInit - Create new quest instance for quest: 20 - Creator UID: moju-o9r4WDdYTDyfrl9CwwZZHrLZ72NCguQWsUnk5Y=
18:30:03 [Expansion Quests] - PlayerQuestsInit - Create new quest instance for quest: 23 - Creator UID: moju-o9r4WDdYTDyfrl9CwwZZHrLZ72NCguQWsUnk5Y=
18:32:05 [MissionAirdrop] An airdrop is heading towards "Krater" (pos=<7262.000000, 0.000000, 9618.000000> type=Random_Krater) with a ExpansionAirdropContainer_Military
18:32:05 [MissionAirdrop] An airdrop is heading towards "Osternach" (pos=<3924.000000, 0.000000, 2662.000000> type=Random_Osternach) with a ExpansionAirdropContainer_Medical
18:39:00 [Expansion Quests] - SetupClientData - Loaded existing player quest data for player with UID: wvz1jGdA27Eb3vtZqqzBgGv9Su_0oOujtdP3UqN1c-g=
18:39:00 [Expansion Quests] - PlayerQuestsInit - Create new quest instance for quest: 23 - Creator UID: wvz1jGdA27Eb3vtZqqzBgGv9Su_0oOujtdP3UqN1c-g=
18:39:03 [VehicleCarKey] Player "HrabefonVorezprut" (id=J56CBd6WRzt5c58nX9b986Cp2niBSm4n26sMa8FuFaU= pos=<9144.916992, -0.007217, 3349.748535>) used the  ExpansionCarKey to lock a ExpansionUtilityBoat
18:39:26 [Chat - Global]("Majky"(id=wvz1jGdA27Eb3vtZqqzBgGv9Su_0oOujtdP3UqN1c-g=)): nazdárek 
18:40:42 [Expansion Quests] - SetupClientData - Got cached player quest data for player with UID: 5HGJM4GfzznjUOY_lcVWS3zeQvKgWVOcukrVzOvxsYc=
18:43:45 [Expansion Quests] - SetupClientData - Got cached player quest data for player with UID: 5HGJM4GfzznjUOY_lcVWS3zeQvKgWVOcukrVzOvxsYc=
18:46:59 [Expansion Quests] - SetupClientData - Created new persistent player quest data for player UID: O51WMdDQzgXORUqSM5snQEXNY_mRJk6JpE3sxZs1430=
18:47:53 [VehicleCarKey] Player "Majky" (id=wvz1jGdA27Eb3vtZqqzBgGv9Su_0oOujtdP3UqN1c-g= pos=<4799.792480, 18.853168, 5401.487793>) used the  ExpansionCarKey to unlock a ExpansionMh6
18:49:16 [Expansion Quests] - SetupClientData - Got cached player quest data for player with UID: J56CBd6WRzt5c58nX9b986Cp2niBSm4n26sMa8FuFaU=
18:49:41 [Chat - Global]("Majky"(id=wvz1jGdA27Eb3vtZqqzBgGv9Su_0oOujtdP3UqN1c-g=)): nazdárek strelec :) 
18:49:52 [Chat - Global]("HrabefonVorezprut"(id=J56CBd6WRzt5c58nX9b986Cp2niBSm4n26sMa8FuFaU=)): hola
18:53:15 [Expansion Quests] - CreateQuestInstance - Created new quest instance for player with UID O51WMdDQzgXORUqSM5snQEXNY_mRJk6JpE3sxZs1430= for quest 11
18:53:15 [Expansion Quests] - ExpansionQuest - Quest owner ID: O51WMdDQzgXORUqSM5snQEXNY_mRJk6JpE3sxZs1430=
18:53:15 [Expansion Quests] - ExpansionQuest - Quest ID: 11
18:53:15 [Expansion Quests] - ExpansionQuest - Quest state: 1
18:53:15 [Expansion Quests] - ExpansionQuest - Quest completed: false
18:54:09 [VehicleCarKey] Player "HrabefonVorezprut" (id=J56CBd6WRzt5c58nX9b986Cp2niBSm4n26sMa8FuFaU= pos=<9141.483398, 2.031539, 3351.745605>) used the  ExpansionCarKey to unlock a ExpansionUtilityBoat
18:54:49 [VehicleCarKey] Player "Majky" (id=wvz1jGdA27Eb3vtZqqzBgGv9Su_0oOujtdP3UqN1c-g= pos=<8551.125977, 6.519710, 6708.479980>) used the  ExpansionCarKey to lock a ExpansionMh6
19:01:28 [VehicleCarKey] Player "Majky" (id=wvz1jGdA27Eb3vtZqqzBgGv9Su_0oOujtdP3UqN1c-g= pos=<8552.289063, 7.187525, 6708.391602>) used the  ExpansionCarKey to unlock a ExpansionMh6
19:04:52 [Expansion Quests] - CreateQuestInstance - Created new quest instance for player with UID O51WMdDQzgXORUqSM5snQEXNY_mRJk6JpE3sxZs1430= for quest 12
19:04:52 [Expansion Quests] - ExpansionQuest - Quest owner ID: O51WMdDQzgXORUqSM5snQEXNY_mRJk6JpE3sxZs1430=
19:04:52 [Expansion Quests] - ExpansionQuest - Quest ID: 12
19:04:52 [Expansion Quests] - ExpansionQuest - Quest state: 1
19:04:52 [Expansion Quests] - ExpansionQuest - Quest completed: false
19:07:25 [Expansion Quests] - CompleteQuest - Player with UID 5HGJM4GfzznjUOY_lcVWS3zeQvKgWVOcukrVzOvxsYc= has completed quest 19
19:07:25 [Expansion Quests] - ExpansionQuest - Quest owner ID: 5HGJM4GfzznjUOY_lcVWS3zeQvKgWVOcukrVzOvxsYc=
19:07:25 [Expansion Quests] - ExpansionQuest - Quest ID: 19
19:07:25 [Expansion Quests] - ExpansionQuest - Quest state: 3
19:07:25 [Expansion Quests] - ExpansionQuest - Quest completed: true
19:08:34 [Expansion Quests] - SetupClientData - Created new persistent player quest data for player UID: uVzig8ZnI5W2Dr47jwOhSWtG9IGs5RSjxv7LnM26T_8=
19:23:48 [Safezone] Player "Majky" (id=wvz1jGdA27Eb3vtZqqzBgGv9Su_0oOujtdP3UqN1c-g= pos=<4390.161621, 75.300529, 4078.519531>) Entered the safezone
19:24:22 [VehicleCarKey] Player "Majky" (id=wvz1jGdA27Eb3vtZqqzBgGv9Su_0oOujtdP3UqN1c-g= pos=<4299.504395, 5.326854, 4092.765137>) used the  ExpansionCarKey to lock a ExpansionMh6
19:24:53 [Market] Player "Majky" (id=wvz1jGdA27Eb3vtZqqzBgGv9Su_0oOujtdP3UqN1c-g=) has send a requested to sell msp_militarylocker_kit x1 at the trader "BuildingSupplies (Boris [#STR_EXPANSION_MARKET_TRADER_BUILDING_SUPPLIES])" in market zone "OUTLIVE Trader" (pos=<4291.589844, 25.247801, 4162.500000>).
19:24:53 [Market] Player "Majky" (id=wvz1jGdA27Eb3vtZqqzBgGv9Su_0oOujtdP3UqN1c-g=) has sold msp_militarylocker_kit x1 at the trader "BuildingSupplies (Boris [#STR_EXPANSION_MARKET_TRADER_BUILDING_SUPPLIES])" in market zone "OUTLIVE Trader" (pos=<4291.589844, 25.247801, 4162.500000>) and got 2500.
19:24:54 [Market] Player "Majky" (id=wvz1jGdA27Eb3vtZqqzBgGv9Su_0oOujtdP3UqN1c-g=) has send a requested to sell msp_militarylocker_kit x1 at the trader "BuildingSupplies (Boris [#STR_EXPANSION_MARKET_TRADER_BUILDING_SUPPLIES])" in market zone "OUTLIVE Trader" (pos=<4291.589844, 25.247801, 4162.500000>).
19:24:54 [Market] Player "Majky" (id=wvz1jGdA27Eb3vtZqqzBgGv9Su_0oOujtdP3UqN1c-g=) has sold msp_militarylocker_kit x1 at the trader "BuildingSupplies (Boris [#STR_EXPANSION_MARKET_TRADER_BUILDING_SUPPLIES])" in market zone "OUTLIVE Trader" (pos=<4291.589844, 25.247801, 4162.500000>) and got 2500.
19:25:03 [ATM Locker] Player "Majky" (id=wvz1jGdA27Eb3vtZqqzBgGv9Su_0oOujtdP3UqN1c-g=) has deposited 5000 on his ATM account.
19:27:49 [VehicleCarKey] Player "Majky" (id=wvz1jGdA27Eb3vtZqqzBgGv9Su_0oOujtdP3UqN1c-g= pos=<4298.893555, 5.125731, 4093.443604>) used the  ExpansionCarKey to unlock a ExpansionMh6
19:28:11 [VehicleCarKey] Player "Majky" (id=wvz1jGdA27Eb3vtZqqzBgGv9Su_0oOujtdP3UqN1c-g= pos=<4299.452637, 5.465286, 4093.478271>) used the  ExpansionCarKey to lock a ExpansionMh6
19:28:34 [VehicleCarKey] Player "Majky" (id=wvz1jGdA27Eb3vtZqqzBgGv9Su_0oOujtdP3UqN1c-g= pos=<4298.995605, 5.090053, 4092.317871>) used the  ExpansionCarKey to unlock a ExpansionMh6
19:28:55 [VehicleCarKey] Player "HrabefonVorezprut" (id=J56CBd6WRzt5c58nX9b986Cp2niBSm4n26sMa8FuFaU= pos=<4530.573730, 0.453249, 3117.780762>) used the  ExpansionCarKey to lock a ExpansionUtilityBoat
19:28:55 [VehicleCarKey] Player "Majky" (id=wvz1jGdA27Eb3vtZqqzBgGv9Su_0oOujtdP3UqN1c-g= pos=<4299.406250, 5.156134, 4092.496826>) used the  ExpansionCarKey to lock a ExpansionMh6
19:29:19 [VehicleCarKey] Player "Majky" (id=wvz1jGdA27Eb3vtZqqzBgGv9Su_0oOujtdP3UqN1c-g= pos=<4299.590820, 5.379242, 4092.729736>) used the  ExpansionCarKey to unlock a ExpansionMh6
19:30:20 [VehicleCarKey] Player "Majky" (id=wvz1jGdA27Eb3vtZqqzBgGv9Su_0oOujtdP3UqN1c-g= pos=<4299.590820, 5.376740, 4092.729736>) used the  ExpansionCarKey to lock a ExpansionMh6
19:32:37 [Expansion Quests] - SetupClientData - Loaded existing player quest data for player with UID: qa3SiHrOYQuyhWNE1xqFHOSVyeLINWrI-wJF_cwVwyw=
19:32:37 [Expansion Quests] - PlayerQuestsInit - Create new quest instance for quest: 23 - Creator UID: qa3SiHrOYQuyhWNE1xqFHOSVyeLINWrI-wJF_cwVwyw=
19:33:04 [Expansion Quests] - SetupClientData - Got cached player quest data for player with UID: OWXX6Y-5LFd-7A6ELi2o-QPO0kjmZUMZvMTKL0AQ_q0=
19:33:04 [Expansion Quests] - PlayerQuestsInit - Create new quest instance for quest: 23 - Creator UID: OWXX6Y-5LFd-7A6ELi2o-QPO0kjmZUMZvMTKL0AQ_q0=
19:33:05 [VehicleCarKey] Player "HrabefonVorezprut" (id=J56CBd6WRzt5c58nX9b986Cp2niBSm4n26sMa8FuFaU= pos=<4457.483887, 4.757985, 3091.100586>) used the  ExpansionCarKey to unlock a Expansion_Landrover_Grey
19:33:52 [Chat - Global]("MADness"(id=OWXX6Y-5LFd-7A6ELi2o-QPO0kjmZUMZvMTKL0AQ_q0=)): Dobrý večer
19:33:59 [VehicleCarKey] Player "HrabefonVorezprut" (id=J56CBd6WRzt5c58nX9b986Cp2niBSm4n26sMa8FuFaU= pos=<4457.515137, 4.760326, 3091.000977>) used the  ExpansionCarKey to lock a Expansion_Landrover_Grey
19:34:10 [VehicleCarKey] Player "HrabefonVorezprut" (id=J56CBd6WRzt5c58nX9b986Cp2niBSm4n26sMa8FuFaU= pos=<4457.112305, 4.766816, 3091.104004>) used the  ExpansionCarKey to unlock a Expansion_Landrover_Grey
19:34:23 [VehicleCarKey] Player "Majky" (id=wvz1jGdA27Eb3vtZqqzBgGv9Su_0oOujtdP3UqN1c-g= pos=<4299.151855, 5.349714, 4094.052734>) used the  ExpansionCarKey to unlock a ExpansionMh6
19:35:15 [VehicleCarKey] Player "Majky" (id=wvz1jGdA27Eb3vtZqqzBgGv9Su_0oOujtdP3UqN1c-g= pos=<4299.124023, 5.152081, 4093.360596>) used the  ExpansionCarKey to lock a ExpansionMh6
19:36:36 [VehicleCarKey] Player "Majky" (id=wvz1jGdA27Eb3vtZqqzBgGv9Su_0oOujtdP3UqN1c-g= pos=<4299.480469, 5.383423, 4093.102051>) used the  ExpansionCarKey to unlock a ExpansionMh6
19:37:58 [Safezone] Player "[R.E.D] Bishop" (id=CQzeKJXJrGklB6iAqxjP4uZS8F0K2tKdZ7eWkhhxpPc= pos=<4275.211914, 12.575775, 4201.280273>) Entered the safezone
19:37:58 [Expansion Quests] - SetupClientData - Loaded existing player quest data for player with UID: CQzeKJXJrGklB6iAqxjP4uZS8F0K2tKdZ7eWkhhxpPc=
19:37:58 [Expansion Quests] - PlayerQuestsInit - Create new quest instance for quest: 23 - Creator UID: CQzeKJXJrGklB6iAqxjP4uZS8F0K2tKdZ7eWkhhxpPc=
19:38:23 [VehicleCarKey] Player "Majky" (id=wvz1jGdA27Eb3vtZqqzBgGv9Su_0oOujtdP3UqN1c-g= pos=<4299.059082, 5.120633, 4093.372803>) used the  ExpansionCarKey to lock a ExpansionMh6
19:39:14 [VehicleCarKey] Player "Majky" (id=wvz1jGdA27Eb3vtZqqzBgGv9Su_0oOujtdP3UqN1c-g= pos=<4299.750000, 5.516557, 4092.745850>) used the  ExpansionCarKey to unlock a ExpansionMh6
19:39:30 [VehicleCarKey] Player "Majky" (id=wvz1jGdA27Eb3vtZqqzBgGv9Su_0oOujtdP3UqN1c-g= pos=<4299.750000, 5.516557, 4092.745850>) used the  ExpansionCarKey to lock a ExpansionMh6
19:41:01 [VehicleCarKey] Player "Majky" (id=wvz1jGdA27Eb3vtZqqzBgGv9Su_0oOujtdP3UqN1c-g= pos=<4299.412598, 5.185452, 4092.584717>) used the  ExpansionCarKey to unlock a ExpansionMh6
19:41:20 [Safezone] Player "[R.E.D] Bishop" (id=CQzeKJXJrGklB6iAqxjP4uZS8F0K2tKdZ7eWkhhxpPc= pos=<4162.037109, 14.304749, 4305.437500>) Left the safezone
19:41:22 [VehicleCarKey] Player "Majky" (id=wvz1jGdA27Eb3vtZqqzBgGv9Su_0oOujtdP3UqN1c-g= pos=<4299.470215, 5.316591, 4092.885986>) used the  ExpansionCarKey to lock a ExpansionMh6
19:41:47 [Safezone] Player "HrabefonVorezprut" (id=J56CBd6WRzt5c58nX9b986Cp2niBSm4n26sMa8FuFaU= pos=<4367.006348, 5.227502, 4059.583496>) Entered the safezone
19:42:32 [VehicleCarKey] Player "HrabefonVorezprut" (id=J56CBd6WRzt5c58nX9b986Cp2niBSm4n26sMa8FuFaU= pos=<4261.282715, 11.539563, 4202.166992>) used the  ExpansionCarKey to lock a Expansion_Landrover_Grey
19:43:39 [VehicleCarKey] Player "Majky" (id=wvz1jGdA27Eb3vtZqqzBgGv9Su_0oOujtdP3UqN1c-g= pos=<4299.002930, 5.128783, 4093.607666>) used the  ExpansionCarKey to unlock a ExpansionMh6
19:44:13 [VehicleCarKey] Player "HrabefonVorezprut" (id=J56CBd6WRzt5c58nX9b986Cp2niBSm4n26sMa8FuFaU= pos=<4261.187988, 11.534151, 4202.701660>) used the  ExpansionCarKey to unlock a Expansion_Landrover_Grey
19:44:16 [VehicleCarKey] Player "Majky" (id=wvz1jGdA27Eb3vtZqqzBgGv9Su_0oOujtdP3UqN1c-g= pos=<4299.641113, 5.712523, 4093.800293>) used the  ExpansionCarKey to lock a ExpansionMh6
19:44:55 [Safezone] Player "HrabefonVorezprut" (id=J56CBd6WRzt5c58nX9b986Cp2niBSm4n26sMa8FuFaU= pos=<4395.849121, 4.124701, 3859.741699>) Left the safezone
19:45:24 [Expansion Quests] - CompleteQuest - Player with UID O51WMdDQzgXORUqSM5snQEXNY_mRJk6JpE3sxZs1430= has completed quest 19
19:45:24 [Expansion Quests] - ExpansionQuest - Quest owner ID: O51WMdDQzgXORUqSM5snQEXNY_mRJk6JpE3sxZs1430=
19:45:24 [Expansion Quests] - ExpansionQuest - Quest ID: 19
19:45:24 [Expansion Quests] - ExpansionQuest - Quest state: 3
19:45:24 [Expansion Quests] - ExpansionQuest - Quest completed: true
19:46:22 [Chat - Global]("MaxKulera"(id=5HGJM4GfzznjUOY_lcVWS3zeQvKgWVOcukrVzOvxsYc=)): dobrý
19:46:41 [VehicleCarKey] Player "HrabefonVorezprut" (id=J56CBd6WRzt5c58nX9b986Cp2niBSm4n26sMa8FuFaU= pos=<4461.088867, 4.736407, 3088.718750>) used the  ExpansionCarKey to lock a Expansion_Landrover_Grey
19:47:31 [VehicleCarKey] Player "HrabefonVorezprut" (id=J56CBd6WRzt5c58nX9b986Cp2niBSm4n26sMa8FuFaU= pos=<4457.560059, 4.766174, 3090.793213>) used the  ExpansionCarKey to unlock a Expansion_Landrover_Grey
19:48:19 [VehicleCarKey] Player "HrabefonVorezprut" (id=J56CBd6WRzt5c58nX9b986Cp2niBSm4n26sMa8FuFaU= pos=<4457.877441, 4.768781, 3090.474854>) used the  ExpansionCarKey to lock a Expansion_Landrover_Grey
19:48:59 [VehicleCarKey] Player "HrabefonVorezprut" (id=J56CBd6WRzt5c58nX9b986Cp2niBSm4n26sMa8FuFaU= pos=<4530.382324, 0.496751, 3120.013184>) used the  ExpansionCarKey to unlock a ExpansionUtilityBoat
19:51:07 [VehicleCarKey] Player "Majky" (id=wvz1jGdA27Eb3vtZqqzBgGv9Su_0oOujtdP3UqN1c-g= pos=<4299.160156, 5.097381, 4092.659668>) used the  ExpansionCarKey to unlock a ExpansionMh6
19:52:04 [Safezone] Player "[R.E.D] DoDgY" (id=ktRM41tfmEPWvroZR3AqsVqtk95x7WD2p7citvvKp8g= pos=<4283.569824, 12.021394, 4195.251953>) Entered the safezone
19:52:04 [Expansion Quests] - SetupClientData - Loaded existing player quest data for player with UID: ktRM41tfmEPWvroZR3AqsVqtk95x7WD2p7citvvKp8g=
19:52:04 [Expansion Quests] - PlayerQuestsInit - Create new quest instance for quest: 23 - Creator UID: ktRM41tfmEPWvroZR3AqsVqtk95x7WD2p7citvvKp8g=
19:52:16 [Safezone] Player "Majky" (id=wvz1jGdA27Eb3vtZqqzBgGv9Su_0oOujtdP3UqN1c-g= pos=<4735.253906, 296.860443, 4002.157471>) Left the safezone
19:53:54 [ATM Locker] Player "[R.E.D] DoDgY" (id=ktRM41tfmEPWvroZR3AqsVqtk95x7WD2p7citvvKp8g=) has deposited 442 on his ATM account.
19:53:58 [VehicleCarKey] Player "Majky" (id=wvz1jGdA27Eb3vtZqqzBgGv9Su_0oOujtdP3UqN1c-g= pos=<6587.484375, 5.733739, 3537.578369>) used the  ExpansionCarKey to lock a ExpansionMh6
19:56:27 [MissionAirdrop] An airdrop is heading towards "Prien" (pos=<4452.000000, 0.000000, 2196.000000> type=Random_Prien) with a ExpansionAirdropContainer_Medical
19:56:27 [MissionAirdrop] An airdrop is heading towards "Weitmoos" (pos=<6222.000000, 0.000000, 9723.000000> type=Random_Weitmoos) with a ExpansionAirdropContainer_Military
