16:02:26 [AI Object Patrol] Generating an example config...
16:03:24 [Expansion Quests] - SetupClientData - Loaded existing player quest data for player with UID: ewpcSX1gVl6rtoiM1TLJPYAJ8T38ZdMCN0onTChMs54=
16:03:24 [Expansion Quests] - PlayerQuestsInit - Create new quest instance for quest: 23 - Creator UID: ewpcSX1gVl6rtoiM1TLJPYAJ8T38ZdMCN0onTChMs54=
16:03:33 [Expansion Quests] - SetupClientData - Loaded existing player quest data for player with UID: iyN6JbNqEvHMp_A5zeXvCmCy1_EaihIFwZocZ4y6-LM=
16:03:33 [Expansion Quests] - PlayerQuestsInit - Create new quest instance for quest: 19 - Creator UID: iyN6JbNqEvHMp_A5zeXvCmCy1_EaihIFwZocZ4y6-LM=
16:03:33 [Expansion Quests] - PlayerQuestsInit - Create new quest instance for quest: 20 - Creator UID: iyN6JbNqEvHMp_A5zeXvCmCy1_EaihIFwZocZ4y6-LM=
16:03:33 [Expansion Quests] - PlayerQuestsInit - Create new quest instance for quest: 23 - Creator UID: iyN6JbNqEvHMp_A5zeXvCmCy1_EaihIFwZocZ4y6-LM=
16:08:28 [MissionAirdrop] An airdrop is heading towards "Atomkraftwerk" (pos=<3099.000000, 0.000000, 8394.000000> type=Random_Atomkraftwerk) with a ExpansionAirdropContainer
16:08:28 [MissionAirdrop] An airdrop is heading towards "Stein" (pos=<4619.000000, 0.000000, 7618.000000> type=Random_Stein) with a ExpansionAirdropContainer_Military
16:14:37 [VehicleCarKey] Player "Heroquest" (id=ewpcSX1gVl6rtoiM1TLJPYAJ8T38ZdMCN0onTChMs54= pos=<8718.633789, 1.181444, 6469.051758>) used the  ExpansionCarKey to unlock a ExpansionUtilityBoat
16:17:18 [VehicleCarKey] Player "Heroquest" (id=ewpcSX1gVl6rtoiM1TLJPYAJ8T38ZdMCN0onTChMs54= pos=<9187.836914, 0.930469, 5963.730957>) used the  ExpansionCarKey to lock a ExpansionUtilityBoat
16:19:08 [ATM Locker] Player "Heroquest" (id=ewpcSX1gVl6rtoiM1TLJPYAJ8T38ZdMCN0onTChMs54=) has deposited 21949 on his ATM account.
16:25:05 [VehicleCarKey] Player "Heroquest" (id=ewpcSX1gVl6rtoiM1TLJPYAJ8T38ZdMCN0onTChMs54= pos=<9187.690430, 1.522256, 5965.379395>) used the  ExpansionCarKey to unlock a ExpansionUtilityBoat
16:28:42 [VehicleCarKey] Player "Heroquest" (id=ewpcSX1gVl6rtoiM1TLJPYAJ8T38ZdMCN0onTChMs54= pos=<8219.714844, 1.192106, 4222.264648>) used the  ExpansionCarKey to lock a ExpansionUtilityBoat
16:28:49 [Safezone] Player "P@lko2265" (id=iyN6JbNqEvHMp_A5zeXvCmCy1_EaihIFwZocZ4y6-LM= pos=<4248.435547, 10.539946, 4285.107422>) Entered the safezone
16:29:19 [VehicleCarKey] Player "Heroquest" (id=ewpcSX1gVl6rtoiM1TLJPYAJ8T38ZdMCN0onTChMs54= pos=<8213.167969, 1.931630, 4221.357910>) used the  ExpansionCarKey to unlock a ExpansionUtilityBoat
16:29:35 [VehicleCarKey] Player "Heroquest" (id=ewpcSX1gVl6rtoiM1TLJPYAJ8T38ZdMCN0onTChMs54= pos=<8213.167969, 1.930820, 4221.357910>) used the  ExpansionCarKey to lock a ExpansionUtilityBoat
16:30:14 [ATM Locker] Player "P@lko2265" (id=iyN6JbNqEvHMp_A5zeXvCmCy1_EaihIFwZocZ4y6-LM=) has withdrawn 300000 from his ATM account.
16:30:50 [Market] Player "P@lko2265" (id=iyN6JbNqEvHMp_A5zeXvCmCy1_EaihIFwZocZ4y6-LM=) has send a requested to purchase ammobox_556x45_20rnd x1 from the trader "Attachments (Oliver [#STR_EXPANSION_MARKET_TRADER_ATTACHMENTS])" in market zone "OUTLIVE Trader" (pos=<4291.589844, 25.247801, 4162.500000>).
16:30:50 [Market] Player "P@lko2265" (id=iyN6JbNqEvHMp_A5zeXvCmCy1_EaihIFwZocZ4y6-LM=) has bought ammobox_556x45_20rnd x1 from the trader "Attachments (Oliver [#STR_EXPANSION_MARKET_TRADER_ATTACHMENTS])" in market zone "OUTLIVE Trader" (pos=<4291.589844, 25.247801, 4162.500000>) for a price of 550.
16:30:51 [Market] Player "P@lko2265" (id=iyN6JbNqEvHMp_A5zeXvCmCy1_EaihIFwZocZ4y6-LM=) has send a requested to purchase ammobox_556x45_20rnd x1 from the trader "Attachments (Oliver [#STR_EXPANSION_MARKET_TRADER_ATTACHMENTS])" in market zone "OUTLIVE Trader" (pos=<4291.589844, 25.247801, 4162.500000>).
16:30:51 [Market] Player "P@lko2265" (id=iyN6JbNqEvHMp_A5zeXvCmCy1_EaihIFwZocZ4y6-LM=) has bought ammobox_556x45_20rnd x1 from the trader "Attachments (Oliver [#STR_EXPANSION_MARKET_TRADER_ATTACHMENTS])" in market zone "OUTLIVE Trader" (pos=<4291.589844, 25.247801, 4162.500000>) for a price of 550.
16:30:52 [Market] Player "P@lko2265" (id=iyN6JbNqEvHMp_A5zeXvCmCy1_EaihIFwZocZ4y6-LM=) has send a requested to purchase ammobox_556x45_20rnd x1 from the trader "Attachments (Oliver [#STR_EXPANSION_MARKET_TRADER_ATTACHMENTS])" in market zone "OUTLIVE Trader" (pos=<4291.589844, 25.247801, 4162.500000>).
16:30:52 [Market] Player "P@lko2265" (id=iyN6JbNqEvHMp_A5zeXvCmCy1_EaihIFwZocZ4y6-LM=) has bought ammobox_556x45_20rnd x1 from the trader "Attachments (Oliver [#STR_EXPANSION_MARKET_TRADER_ATTACHMENTS])" in market zone "OUTLIVE Trader" (pos=<4291.589844, 25.247801, 4162.500000>) for a price of 550.
16:32:39 [Market] Player "P@lko2265" (id=iyN6JbNqEvHMp_A5zeXvCmCy1_EaihIFwZocZ4y6-LM=) has send a requested to purchase twp_ammobox_20x76_10rnd x1 from the trader "Attachments (Oliver [#STR_EXPANSION_MARKET_TRADER_ATTACHMENTS])" in market zone "OUTLIVE Trader" (pos=<4291.589844, 25.247801, 4162.500000>).
16:32:39 [Market] Player "P@lko2265" (id=iyN6JbNqEvHMp_A5zeXvCmCy1_EaihIFwZocZ4y6-LM=) has bought twp_ammobox_20x76_10rnd x1 from the trader "Attachments (Oliver [#STR_EXPANSION_MARKET_TRADER_ATTACHMENTS])" in market zone "OUTLIVE Trader" (pos=<4291.589844, 25.247801, 4162.500000>) for a price of 200.
16:32:40 [Market] Player "P@lko2265" (id=iyN6JbNqEvHMp_A5zeXvCmCy1_EaihIFwZocZ4y6-LM=) has send a requested to purchase twp_ammobox_20x76_10rnd x1 from the trader "Attachments (Oliver [#STR_EXPANSION_MARKET_TRADER_ATTACHMENTS])" in market zone "OUTLIVE Trader" (pos=<4291.589844, 25.247801, 4162.500000>).
16:32:40 [Market] Player "P@lko2265" (id=iyN6JbNqEvHMp_A5zeXvCmCy1_EaihIFwZocZ4y6-LM=) has bought twp_ammobox_20x76_10rnd x1 from the trader "Attachments (Oliver [#STR_EXPANSION_MARKET_TRADER_ATTACHMENTS])" in market zone "OUTLIVE Trader" (pos=<4291.589844, 25.247801, 4162.500000>) for a price of 200.
16:32:41 [Market] Player "P@lko2265" (id=iyN6JbNqEvHMp_A5zeXvCmCy1_EaihIFwZocZ4y6-LM=) has send a requested to purchase twp_ammobox_20x76_10rnd x1 from the trader "Attachments (Oliver [#STR_EXPANSION_MARKET_TRADER_ATTACHMENTS])" in market zone "OUTLIVE Trader" (pos=<4291.589844, 25.247801, 4162.500000>).
16:32:41 [Market] Player "P@lko2265" (id=iyN6JbNqEvHMp_A5zeXvCmCy1_EaihIFwZocZ4y6-LM=) has bought twp_ammobox_20x76_10rnd x1 from the trader "Attachments (Oliver [#STR_EXPANSION_MARKET_TRADER_ATTACHMENTS])" in market zone "OUTLIVE Trader" (pos=<4291.589844, 25.247801, 4162.500000>) for a price of 200.
16:32:42 [Market] Player "P@lko2265" (id=iyN6JbNqEvHMp_A5zeXvCmCy1_EaihIFwZocZ4y6-LM=) has send a requested to purchase twp_ammobox_20x76_10rnd x1 from the trader "Attachments (Oliver [#STR_EXPANSION_MARKET_TRADER_ATTACHMENTS])" in market zone "OUTLIVE Trader" (pos=<4291.589844, 25.247801, 4162.500000>).
16:32:42 [Market] Player "P@lko2265" (id=iyN6JbNqEvHMp_A5zeXvCmCy1_EaihIFwZocZ4y6-LM=) has bought twp_ammobox_20x76_10rnd x1 from the trader "Attachments (Oliver [#STR_EXPANSION_MARKET_TRADER_ATTACHMENTS])" in market zone "OUTLIVE Trader" (pos=<4291.589844, 25.247801, 4162.500000>) for a price of 200.
16:32:43 [Market] Player "P@lko2265" (id=iyN6JbNqEvHMp_A5zeXvCmCy1_EaihIFwZocZ4y6-LM=) has send a requested to purchase twp_ammobox_20x76_10rnd x1 from the trader "Attachments (Oliver [#STR_EXPANSION_MARKET_TRADER_ATTACHMENTS])" in market zone "OUTLIVE Trader" (pos=<4291.589844, 25.247801, 4162.500000>).
16:32:43 [Market] Player "P@lko2265" (id=iyN6JbNqEvHMp_A5zeXvCmCy1_EaihIFwZocZ4y6-LM=) has bought twp_ammobox_20x76_10rnd x1 from the trader "Attachments (Oliver [#STR_EXPANSION_MARKET_TRADER_ATTACHMENTS])" in market zone "OUTLIVE Trader" (pos=<4291.589844, 25.247801, 4162.500000>) for a price of 200.
16:34:07 [Market] Player "P@lko2265" (id=iyN6JbNqEvHMp_A5zeXvCmCy1_EaihIFwZocZ4y6-LM=) has send a requested to purchase weaponcleaningkit x1 from the trader "BuildingSupplies (Boris [#STR_EXPANSION_MARKET_TRADER_BUILDING_SUPPLIES])" in market zone "OUTLIVE Trader" (pos=<4291.589844, 25.247801, 4162.500000>).
16:34:07 [Market] Player "P@lko2265" (id=iyN6JbNqEvHMp_A5zeXvCmCy1_EaihIFwZocZ4y6-LM=) has bought weaponcleaningkit x1 from the trader "BuildingSupplies (Boris [#STR_EXPANSION_MARKET_TRADER_BUILDING_SUPPLIES])" in market zone "OUTLIVE Trader" (pos=<4291.589844, 25.247801, 4162.500000>) for a price of 2000.
16:35:05 [Market] Player "P@lko2265" (id=iyN6JbNqEvHMp_A5zeXvCmCy1_EaihIFwZocZ4y6-LM=) has send a requested to purchase anticheminjector x1 from the trader "Medicals (Eva [#STR_EXPANSION_MARKET_TRADER_MEDICALS])" in market zone "OUTLIVE Trader" (pos=<4291.589844, 25.247801, 4162.500000>).
16:35:06 [Market] Player "P@lko2265" (id=iyN6JbNqEvHMp_A5zeXvCmCy1_EaihIFwZocZ4y6-LM=) has bought anticheminjector x1 from the trader "Medicals (Eva [#STR_EXPANSION_MARKET_TRADER_MEDICALS])" in market zone "OUTLIVE Trader" (pos=<4291.589844, 25.247801, 4162.500000>) for a price of 8000.
16:36:04 [ATM Locker] Player "P@lko2265" (id=iyN6JbNqEvHMp_A5zeXvCmCy1_EaihIFwZocZ4y6-LM=) has withdrawn 100000 from his ATM account.
16:36:13 [Market] Player "P@lko2265" (id=iyN6JbNqEvHMp_A5zeXvCmCy1_EaihIFwZocZ4y6-LM=) has send a requested to purchase expansiongyrocopter x1 from the trader "Vehicles (Peter [#STR_EXPANSION_MARKET_TRADER_VEHICLES])" in market zone "OUTLIVE Trader" (pos=<4291.589844, 25.247801, 4162.500000>).
16:36:13 [Market] Player "P@lko2265" (id=iyN6JbNqEvHMp_A5zeXvCmCy1_EaihIFwZocZ4y6-LM=) has bought expansiongyrocopter x1 from the trader "Vehicles (Peter [#STR_EXPANSION_MARKET_TRADER_VEHICLES])" in market zone "OUTLIVE Trader" (pos=<4291.589844, 25.247801, 4162.500000>) for a price of 305000.
16:36:22 [Market] Player "P@lko2265" (id=iyN6JbNqEvHMp_A5zeXvCmCy1_EaihIFwZocZ4y6-LM=) has send a requested to purchase expansioncarkey x1 from the trader "Vehicles (Peter [#STR_EXPANSION_MARKET_TRADER_VEHICLES])" in market zone "OUTLIVE Trader" (pos=<4291.589844, 25.247801, 4162.500000>).
16:36:22 [Market] Player "P@lko2265" (id=iyN6JbNqEvHMp_A5zeXvCmCy1_EaihIFwZocZ4y6-LM=) has bought expansioncarkey x1 from the trader "Vehicles (Peter [#STR_EXPANSION_MARKET_TRADER_VEHICLES])" in market zone "OUTLIVE Trader" (pos=<4291.589844, 25.247801, 4162.500000>) for a price of 500.
16:36:23 [Market] Player "P@lko2265" (id=iyN6JbNqEvHMp_A5zeXvCmCy1_EaihIFwZocZ4y6-LM=) has send a requested to purchase expansioncarkey x1 from the trader "Vehicles (Peter [#STR_EXPANSION_MARKET_TRADER_VEHICLES])" in market zone "OUTLIVE Trader" (pos=<4291.589844, 25.247801, 4162.500000>).
16:36:23 [Market] Player "P@lko2265" (id=iyN6JbNqEvHMp_A5zeXvCmCy1_EaihIFwZocZ4y6-LM=) has bought expansioncarkey x1 from the trader "Vehicles (Peter [#STR_EXPANSION_MARKET_TRADER_VEHICLES])" in market zone "OUTLIVE Trader" (pos=<4291.589844, 25.247801, 4162.500000>) for a price of 500.
16:37:06 [VehicleCarKey] Player "P@lko2265" (id=iyN6JbNqEvHMp_A5zeXvCmCy1_EaihIFwZocZ4y6-LM= pos=<4255.290039, 9.085298, 4138.541992>) used the  ExpansionCarKey to unlock a ExpansionGyrocopter
16:37:32 [Market] Player "P@lko2265" (id=iyN6JbNqEvHMp_A5zeXvCmCy1_EaihIFwZocZ4y6-LM=) has send a requested to purchase canistergasoline x1 from the trader "Vehicles (Peter [#STR_EXPANSION_MARKET_TRADER_VEHICLES])" in market zone "OUTLIVE Trader" (pos=<4291.589844, 25.247801, 4162.500000>).
16:37:32 [Market] Player "P@lko2265" (id=iyN6JbNqEvHMp_A5zeXvCmCy1_EaihIFwZocZ4y6-LM=) has bought canistergasoline x1 from the trader "Vehicles (Peter [#STR_EXPANSION_MARKET_TRADER_VEHICLES])" in market zone "OUTLIVE Trader" (pos=<4291.589844, 25.247801, 4162.500000>) for a price of 3000.
16:37:55 [Market] Player "P@lko2265" (id=iyN6JbNqEvHMp_A5zeXvCmCy1_EaihIFwZocZ4y6-LM=) has send a requested to purchase expansionkeychain_blue x1 from the trader "Vehicles (Peter [#STR_EXPANSION_MARKET_TRADER_VEHICLES])" in market zone "OUTLIVE Trader" (pos=<4291.589844, 25.247801, 4162.500000>).
16:37:55 [Market] Player "P@lko2265" (id=iyN6JbNqEvHMp_A5zeXvCmCy1_EaihIFwZocZ4y6-LM=) has bought expansionkeychain_blue x1 from the trader "Vehicles (Peter [#STR_EXPANSION_MARKET_TRADER_VEHICLES])" in market zone "OUTLIVE Trader" (pos=<4291.589844, 25.247801, 4162.500000>) for a price of 1500.
16:39:13 [VehicleCarKey] Player "P@lko2265" (id=iyN6JbNqEvHMp_A5zeXvCmCy1_EaihIFwZocZ4y6-LM= pos=<4255.242188, 9.085299, 4137.916016>) used the  ExpansionCarKey to lock a ExpansionGyrocopter
16:40:00 [Market] Player "P@lko2265" (id=iyN6JbNqEvHMp_A5zeXvCmCy1_EaihIFwZocZ4y6-LM=) has send a requested to purchase porkcan x1 from the trader "Consumables (Naomi [#STR_EXPANSION_MARKET_TRADER_CONSUMABLES])" in market zone "OUTLIVE Trader" (pos=<4291.589844, 25.247801, 4162.500000>).
16:40:01 [Market] Player "P@lko2265" (id=iyN6JbNqEvHMp_A5zeXvCmCy1_EaihIFwZocZ4y6-LM=) has bought porkcan x1 from the trader "Consumables (Naomi [#STR_EXPANSION_MARKET_TRADER_CONSUMABLES])" in market zone "OUTLIVE Trader" (pos=<4291.589844, 25.247801, 4162.500000>) for a price of 250.
16:40:04 [Market] Player "P@lko2265" (id=iyN6JbNqEvHMp_A5zeXvCmCy1_EaihIFwZocZ4y6-LM=) has send a requested to purchase expansioncheese2 x1 from the trader "Consumables (Naomi [#STR_EXPANSION_MARKET_TRADER_CONSUMABLES])" in market zone "OUTLIVE Trader" (pos=<4291.589844, 25.247801, 4162.500000>).
16:40:04 [Market] Player "P@lko2265" (id=iyN6JbNqEvHMp_A5zeXvCmCy1_EaihIFwZocZ4y6-LM=) has bought expansioncheese2 x1 from the trader "Consumables (Naomi [#STR_EXPANSION_MARKET_TRADER_CONSUMABLES])" in market zone "OUTLIVE Trader" (pos=<4291.589844, 25.247801, 4162.500000>) for a price of 150.
16:40:25 [ATM Locker] Player "P@lko2265" (id=iyN6JbNqEvHMp_A5zeXvCmCy1_EaihIFwZocZ4y6-LM=) has deposited 76450 on his ATM account.
16:40:41 [VehicleCarKey] Player "P@lko2265" (id=iyN6JbNqEvHMp_A5zeXvCmCy1_EaihIFwZocZ4y6-LM= pos=<4254.841797, 9.085298, 4138.455078>) used the  ExpansionCarKey to unlock a ExpansionGyrocopter
16:41:29 [Safezone] Player "P@lko2265" (id=iyN6JbNqEvHMp_A5zeXvCmCy1_EaihIFwZocZ4y6-LM= pos=<4198.709961, 105.931618, 4438.543945>) Left the safezone
16:51:15 [VehicleCarKey] Player "Heroquest" (id=ewpcSX1gVl6rtoiM1TLJPYAJ8T38ZdMCN0onTChMs54= pos=<8215.412109, 1.867063, 4222.352051>) used the  ExpansionCarKey to unlock a ExpansionUtilityBoat
16:54:48 [VehicleCarKey] Player "Heroquest" (id=ewpcSX1gVl6rtoiM1TLJPYAJ8T38ZdMCN0onTChMs54= pos=<8102.706543, 1.459904, 3786.115967>) used the  ExpansionCarKey to lock a ExpansionUtilityBoat
17:04:19 [VehicleCarKey] Player "Heroquest" (id=ewpcSX1gVl6rtoiM1TLJPYAJ8T38ZdMCN0onTChMs54= pos=<8102.533203, 1.452366, 3785.828125>) used the  ExpansionCarKey to unlock a ExpansionUtilityBoat
17:07:36 [VehicleCarKey] Player "Heroquest" (id=ewpcSX1gVl6rtoiM1TLJPYAJ8T38ZdMCN0onTChMs54= pos=<9747.617188, 1.267456, 5473.430664>) used the  ExpansionCarKey to lock a ExpansionUtilityBoat
17:07:38 [VehicleCarKey] Player "Heroquest" (id=ewpcSX1gVl6rtoiM1TLJPYAJ8T38ZdMCN0onTChMs54= pos=<9747.323242, 1.615485, 5477.103027>) used the  ExpansionCarKey to unlock a ExpansionUtilityBoat
17:08:17 [VehicleCarKey] Player "P@lko2265" (id=iyN6JbNqEvHMp_A5zeXvCmCy1_EaihIFwZocZ4y6-LM= pos=<4370.089844, 1.554716, 5960.162109>) used the  ExpansionCarKey to lock a ExpansionGyrocopter
17:12:00 [VehicleCarKey] Player "Heroquest" (id=ewpcSX1gVl6rtoiM1TLJPYAJ8T38ZdMCN0onTChMs54= pos=<9747.501953, 1.632155, 5476.519043>) used the  ExpansionCarKey to lock a ExpansionUtilityBoat
17:12:31 [Safezone] Player "Heroquest" (id=ewpcSX1gVl6rtoiM1TLJPYAJ8T38ZdMCN0onTChMs54= pos=<9912.078125, 8.395375, 5396.844727>) Entered the safezone
17:12:47 [Market] Player "Heroquest" (id=ewpcSX1gVl6rtoiM1TLJPYAJ8T38ZdMCN0onTChMs54=) has send a requested to sell rgd5grenade x1 at the trader "Blacktrader (Elias [Smuggler Trader])" in market zone "OUTLIVE Smuggler Trader" (pos=<9945.549805, 36.532902, 5359.779785>).
17:12:47 [Market] Player "Heroquest" (id=ewpcSX1gVl6rtoiM1TLJPYAJ8T38ZdMCN0onTChMs54=) has sold rgd5grenade x1 at the trader "Blacktrader (Elias [Smuggler Trader])" in market zone "OUTLIVE Smuggler Trader" (pos=<9945.549805, 36.532902, 5359.779785>) and got 350.
17:12:50 [Market] Player "Heroquest" (id=ewpcSX1gVl6rtoiM1TLJPYAJ8T38ZdMCN0onTChMs54=) has send a requested to sell expansionammorpg x1 at the trader "Blacktrader (Elias [Smuggler Trader])" in market zone "OUTLIVE Smuggler Trader" (pos=<9945.549805, 36.532902, 5359.779785>).
17:12:50 [Market] Player "Heroquest" (id=ewpcSX1gVl6rtoiM1TLJPYAJ8T38ZdMCN0onTChMs54=) has sold expansionammorpg x1 at the trader "Blacktrader (Elias [Smuggler Trader])" in market zone "OUTLIVE Smuggler Trader" (pos=<9945.549805, 36.532902, 5359.779785>) and got 1250.
17:12:56 [ATM Locker] Player "Heroquest" (id=ewpcSX1gVl6rtoiM1TLJPYAJ8T38ZdMCN0onTChMs54=) has deposited 1600 on his ATM account.
17:14:01 [Safezone] Player "Heroquest" (id=ewpcSX1gVl6rtoiM1TLJPYAJ8T38ZdMCN0onTChMs54= pos=<9860.919922, 8.155208, 5434.994141>) Left the safezone
17:14:21 [VehicleCarKey] Player "Heroquest" (id=ewpcSX1gVl6rtoiM1TLJPYAJ8T38ZdMCN0onTChMs54= pos=<9747.505859, 1.593227, 5476.402344>) used the  ExpansionCarKey to unlock a ExpansionUtilityBoat
17:20:31 [Safezone] Player "Heroquest" (id=ewpcSX1gVl6rtoiM1TLJPYAJ8T38ZdMCN0onTChMs54= pos=<4421.157227, 0.507938, 4170.737305>) Entered the safezone
17:20:42 [VehicleCarKey] Player "Heroquest" (id=ewpcSX1gVl6rtoiM1TLJPYAJ8T38ZdMCN0onTChMs54= pos=<4409.790039, 0.524597, 4181.403809>) used the  ExpansionCarKey to lock a ExpansionUtilityBoat
17:21:39 [Market] Player "Heroquest" (id=ewpcSX1gVl6rtoiM1TLJPYAJ8T38ZdMCN0onTChMs54=) has send a requested to sell twp_americanrifle x1 at the trader "Weapons (Denis [#STR_EXPANSION_MARKET_TRADER_WEAPONS])" in market zone "OUTLIVE Trader" (pos=<4291.589844, 25.247801, 4162.500000>).
17:21:39 [Market] Player "Heroquest" (id=ewpcSX1gVl6rtoiM1TLJPYAJ8T38ZdMCN0onTChMs54=) has sold twp_americanrifle x1 at the trader "Weapons (Denis [#STR_EXPANSION_MARKET_TRADER_WEAPONS])" in market zone "OUTLIVE Trader" (pos=<4291.589844, 25.247801, 4162.500000>) and got 5000.
17:21:43 [Market] Player "Heroquest" (id=ewpcSX1gVl6rtoiM1TLJPYAJ8T38ZdMCN0onTChMs54=) has send a requested to sell twp_deserteaglefalcon x1 at the trader "Weapons (Denis [#STR_EXPANSION_MARKET_TRADER_WEAPONS])" in market zone "OUTLIVE Trader" (pos=<4291.589844, 25.247801, 4162.500000>).
17:21:43 [Market] Player "Heroquest" (id=ewpcSX1gVl6rtoiM1TLJPYAJ8T38ZdMCN0onTChMs54=) has sold twp_deserteaglefalcon x1 at the trader "Weapons (Denis [#STR_EXPANSION_MARKET_TRADER_WEAPONS])" in market zone "OUTLIVE Trader" (pos=<4291.589844, 25.247801, 4162.500000>) and got 1650.
17:21:45 [Market] Player "Heroquest" (id=ewpcSX1gVl6rtoiM1TLJPYAJ8T38ZdMCN0onTChMs54=) has send a requested to sell twp_sigsauerp250patrician x1 at the trader "Weapons (Denis [#STR_EXPANSION_MARKET_TRADER_WEAPONS])" in market zone "OUTLIVE Trader" (pos=<4291.589844, 25.247801, 4162.500000>).
17:21:45 [Market] Player "Heroquest" (id=ewpcSX1gVl6rtoiM1TLJPYAJ8T38ZdMCN0onTChMs54=) has sold twp_sigsauerp250patrician x1 at the trader "Weapons (Denis [#STR_EXPANSION_MARKET_TRADER_WEAPONS])" in market zone "OUTLIVE Trader" (pos=<4291.589844, 25.247801, 4162.500000>) and got 1200.
17:21:50 [Market] Player "Heroquest" (id=ewpcSX1gVl6rtoiM1TLJPYAJ8T38ZdMCN0onTChMs54=) has send a requested to sell twp_ak47boar x1 at the trader "Weapons (Denis [#STR_EXPANSION_MARKET_TRADER_WEAPONS])" in market zone "OUTLIVE Trader" (pos=<4291.589844, 25.247801, 4162.500000>).
17:21:50 [Market] Player "Heroquest" (id=ewpcSX1gVl6rtoiM1TLJPYAJ8T38ZdMCN0onTChMs54=) has sold twp_ak47boar x1 at the trader "Weapons (Denis [#STR_EXPANSION_MARKET_TRADER_WEAPONS])" in market zone "OUTLIVE Trader" (pos=<4291.589844, 25.247801, 4162.500000>) and got 1800.
17:21:55 [Market] Player "Heroquest" (id=ewpcSX1gVl6rtoiM1TLJPYAJ8T38ZdMCN0onTChMs54=) has send a requested to sell twp_asr x1 at the trader "Weapons (Denis [#STR_EXPANSION_MARKET_TRADER_WEAPONS])" in market zone "OUTLIVE Trader" (pos=<4291.589844, 25.247801, 4162.500000>).
17:21:55 [Market] Player "Heroquest" (id=ewpcSX1gVl6rtoiM1TLJPYAJ8T38ZdMCN0onTChMs54=) has sold twp_asr x1 at the trader "Weapons (Denis [#STR_EXPANSION_MARKET_TRADER_WEAPONS])" in market zone "OUTLIVE Trader" (pos=<4291.589844, 25.247801, 4162.500000>) and got 1000.
17:21:57 [Market] Player "Heroquest" (id=ewpcSX1gVl6rtoiM1TLJPYAJ8T38ZdMCN0onTChMs54=) has send a requested to sell twp_g36x x1 at the trader "Weapons (Denis [#STR_EXPANSION_MARKET_TRADER_WEAPONS])" in market zone "OUTLIVE Trader" (pos=<4291.589844, 25.247801, 4162.500000>).
17:21:57 [Market] Player "Heroquest" (id=ewpcSX1gVl6rtoiM1TLJPYAJ8T38ZdMCN0onTChMs54=) has sold twp_g36x x1 at the trader "Weapons (Denis [#STR_EXPANSION_MARKET_TRADER_WEAPONS])" in market zone "OUTLIVE Trader" (pos=<4291.589844, 25.247801, 4162.500000>) and got 1500.
17:22:02 [Market] Player "Heroquest" (id=ewpcSX1gVl6rtoiM1TLJPYAJ8T38ZdMCN0onTChMs54=) has send a requested to sell twp_g3a3 x1 at the trader "Weapons (Denis [#STR_EXPANSION_MARKET_TRADER_WEAPONS])" in market zone "OUTLIVE Trader" (pos=<4291.589844, 25.247801, 4162.500000>).
17:22:02 [Market] Player "Heroquest" (id=ewpcSX1gVl6rtoiM1TLJPYAJ8T38ZdMCN0onTChMs54=) has sold twp_g3a3 x1 at the trader "Weapons (Denis [#STR_EXPANSION_MARKET_TRADER_WEAPONS])" in market zone "OUTLIVE Trader" (pos=<4291.589844, 25.247801, 4162.500000>) and got 1600.
17:22:05 [Market] Player "Heroquest" (id=ewpcSX1gVl6rtoiM1TLJPYAJ8T38ZdMCN0onTChMs54=) has send a requested to sell twp_hk416 x1 at the trader "Weapons (Denis [#STR_EXPANSION_MARKET_TRADER_WEAPONS])" in market zone "OUTLIVE Trader" (pos=<4291.589844, 25.247801, 4162.500000>).
17:22:05 [Market] Player "Heroquest" (id=ewpcSX1gVl6rtoiM1TLJPYAJ8T38ZdMCN0onTChMs54=) has sold twp_hk416 x1 at the trader "Weapons (Denis [#STR_EXPANSION_MARKET_TRADER_WEAPONS])" in market zone "OUTLIVE Trader" (pos=<4291.589844, 25.247801, 4162.500000>) and got 2300.
17:22:07 [Market] Player "Heroquest" (id=ewpcSX1gVl6rtoiM1TLJPYAJ8T38ZdMCN0onTChMs54=) has send a requested to sell twp_hk417 x1 at the trader "Weapons (Denis [#STR_EXPANSION_MARKET_TRADER_WEAPONS])" in market zone "OUTLIVE Trader" (pos=<4291.589844, 25.247801, 4162.500000>).
17:22:07 [Market] Player "Heroquest" (id=ewpcSX1gVl6rtoiM1TLJPYAJ8T38ZdMCN0onTChMs54=) has sold twp_hk417 x1 at the trader "Weapons (Denis [#STR_EXPANSION_MARKET_TRADER_WEAPONS])" in market zone "OUTLIVE Trader" (pos=<4291.589844, 25.247801, 4162.500000>) and got 2900.
17:22:09 [Market] Player "Heroquest" (id=ewpcSX1gVl6rtoiM1TLJPYAJ8T38ZdMCN0onTChMs54=) has send a requested to sell twp_hkcarabine x1 at the trader "Weapons (Denis [#STR_EXPANSION_MARKET_TRADER_WEAPONS])" in market zone "OUTLIVE Trader" (pos=<4291.589844, 25.247801, 4162.500000>).
17:22:09 [Market] Player "Heroquest" (id=ewpcSX1gVl6rtoiM1TLJPYAJ8T38ZdMCN0onTChMs54=) has sold twp_hkcarabine x1 at the trader "Weapons (Denis [#STR_EXPANSION_MARKET_TRADER_WEAPONS])" in market zone "OUTLIVE Trader" (pos=<4291.589844, 25.247801, 4162.500000>) and got 1600.
17:22:24 [Market] Player "Heroquest" (id=ewpcSX1gVl6rtoiM1TLJPYAJ8T38ZdMCN0onTChMs54=) has send a requested to sell acogoptic x1 at the trader "Attachments (Oliver [#STR_EXPANSION_MARKET_TRADER_ATTACHMENTS])" in market zone "OUTLIVE Trader" (pos=<4291.589844, 25.247801, 4162.500000>).
17:22:24 [Market] Player "Heroquest" (id=ewpcSX1gVl6rtoiM1TLJPYAJ8T38ZdMCN0onTChMs54=) has sold acogoptic x1 at the trader "Attachments (Oliver [#STR_EXPANSION_MARKET_TRADER_ATTACHMENTS])" in market zone "OUTLIVE Trader" (pos=<4291.589844, 25.247801, 4162.500000>) and got 120.
17:22:29 [Market] Player "Heroquest" (id=ewpcSX1gVl6rtoiM1TLJPYAJ8T38ZdMCN0onTChMs54=) has send a requested to sell twp_oldrifle_optic2 x1 at the trader "Attachments (Oliver [#STR_EXPANSION_MARKET_TRADER_ATTACHMENTS])" in market zone "OUTLIVE Trader" (pos=<4291.589844, 25.247801, 4162.500000>).
17:22:29 [Market] Player "Heroquest" (id=ewpcSX1gVl6rtoiM1TLJPYAJ8T38ZdMCN0onTChMs54=) has sold twp_oldrifle_optic2 x1 at the trader "Attachments (Oliver [#STR_EXPANSION_MARKET_TRADER_ATTACHMENTS])" in market zone "OUTLIVE Trader" (pos=<4291.589844, 25.247801, 4162.500000>) and got 262.
17:22:33 [Market] Player "Heroquest" (id=ewpcSX1gVl6rtoiM1TLJPYAJ8T38ZdMCN0onTChMs54=) has send a requested to sell twp_aa12dragon_mag_32rnd x2 at the trader "Attachments (Oliver [#STR_EXPANSION_MARKET_TRADER_ATTACHMENTS])" in market zone "OUTLIVE Trader" (pos=<4291.589844, 25.247801, 4162.500000>).
17:22:33 [Market] Player "Heroquest" (id=ewpcSX1gVl6rtoiM1TLJPYAJ8T38ZdMCN0onTChMs54=) has sold twp_aa12dragon_mag_32rnd x2 at the trader "Attachments (Oliver [#STR_EXPANSION_MARKET_TRADER_ATTACHMENTS])" in market zone "OUTLIVE Trader" (pos=<4291.589844, 25.247801, 4162.500000>) and got 586.
17:22:36 [Market] Player "Heroquest" (id=ewpcSX1gVl6rtoiM1TLJPYAJ8T38ZdMCN0onTChMs54=) has send a requested to sell twp_aa12_mag_32rnd x1 at the trader "Attachments (Oliver [#STR_EXPANSION_MARKET_TRADER_ATTACHMENTS])" in market zone "OUTLIVE Trader" (pos=<4291.589844, 25.247801, 4162.500000>).
17:22:36 [Market] Player "Heroquest" (id=ewpcSX1gVl6rtoiM1TLJPYAJ8T38ZdMCN0onTChMs54=) has sold twp_aa12_mag_32rnd x1 at the trader "Attachments (Oliver [#STR_EXPANSION_MARKET_TRADER_ATTACHMENTS])" in market zone "OUTLIVE Trader" (pos=<4291.589844, 25.247801, 4162.500000>) and got 286.
17:22:38 [Market] Player "Heroquest" (id=ewpcSX1gVl6rtoiM1TLJPYAJ8T38ZdMCN0onTChMs54=) has send a requested to sell twp_ak47boar_mag_30rnd x1 at the trader "Attachments (Oliver [#STR_EXPANSION_MARKET_TRADER_ATTACHMENTS])" in market zone "OUTLIVE Trader" (pos=<4291.589844, 25.247801, 4162.500000>).
17:22:38 [Market] Player "Heroquest" (id=ewpcSX1gVl6rtoiM1TLJPYAJ8T38ZdMCN0onTChMs54=) has sold twp_ak47boar_mag_30rnd x1 at the trader "Attachments (Oliver [#STR_EXPANSION_MARKET_TRADER_ATTACHMENTS])" in market zone "OUTLIVE Trader" (pos=<4291.589844, 25.247801, 4162.500000>) and got 314.
17:22:41 [Market] Player "Heroquest" (id=ewpcSX1gVl6rtoiM1TLJPYAJ8T38ZdMCN0onTChMs54=) has send a requested to sell twp_americanrifle_mag_5rnd x1 at the trader "Attachments (Oliver [#STR_EXPANSION_MARKET_TRADER_ATTACHMENTS])" in market zone "OUTLIVE Trader" (pos=<4291.589844, 25.247801, 4162.500000>).
17:22:41 [Market] Player "Heroquest" (id=ewpcSX1gVl6rtoiM1TLJPYAJ8T38ZdMCN0onTChMs54=) has sold twp_americanrifle_mag_5rnd x1 at the trader "Attachments (Oliver [#STR_EXPANSION_MARKET_TRADER_ATTACHMENTS])" in market zone "OUTLIVE Trader" (pos=<4291.589844, 25.247801, 4162.500000>) and got 50.
17:22:44 [Market] Player "Heroquest" (id=ewpcSX1gVl6rtoiM1TLJPYAJ8T38ZdMCN0onTChMs54=) has send a requested to sell twp_g3a3_mag_20rnd x1 at the trader "Attachments (Oliver [#STR_EXPANSION_MARKET_TRADER_ATTACHMENTS])" in market zone "OUTLIVE Trader" (pos=<4291.589844, 25.247801, 4162.500000>).
17:22:44 [Market] Player "Heroquest" (id=ewpcSX1gVl6rtoiM1TLJPYAJ8T38ZdMCN0onTChMs54=) has sold twp_g3a3_mag_20rnd x1 at the trader "Attachments (Oliver [#STR_EXPANSION_MARKET_TRADER_ATTACHMENTS])" in market zone "OUTLIVE Trader" (pos=<4291.589844, 25.247801, 4162.500000>) and got 229.
17:22:47 [Market] Player "Heroquest" (id=ewpcSX1gVl6rtoiM1TLJPYAJ8T38ZdMCN0onTChMs54=) has send a requested to sell twp_hk417_mag_30rnd x1 at the trader "Attachments (Oliver [#STR_EXPANSION_MARKET_TRADER_ATTACHMENTS])" in market zone "OUTLIVE Trader" (pos=<4291.589844, 25.247801, 4162.500000>).
17:22:47 [Market] Player "Heroquest" (id=ewpcSX1gVl6rtoiM1TLJPYAJ8T38ZdMCN0onTChMs54=) has sold twp_hk417_mag_30rnd x1 at the trader "Attachments (Oliver [#STR_EXPANSION_MARKET_TRADER_ATTACHMENTS])" in market zone "OUTLIVE Trader" (pos=<4291.589844, 25.247801, 4162.500000>) and got 259.
17:22:49 [Market] Player "Heroquest" (id=ewpcSX1gVl6rtoiM1TLJPYAJ8T38ZdMCN0onTChMs54=) has send a requested to sell twp_hk417_mag_30rnd x1 at the trader "Attachments (Oliver [#STR_EXPANSION_MARKET_TRADER_ATTACHMENTS])" in market zone "OUTLIVE Trader" (pos=<4291.589844, 25.247801, 4162.500000>).
17:22:49 [Market] Player "Heroquest" (id=ewpcSX1gVl6rtoiM1TLJPYAJ8T38ZdMCN0onTChMs54=) has sold twp_hk417_mag_30rnd x1 at the trader "Attachments (Oliver [#STR_EXPANSION_MARKET_TRADER_ATTACHMENTS])" in market zone "OUTLIVE Trader" (pos=<4291.589844, 25.247801, 4162.500000>) and got 388.
17:23:25 [Market] Player "Heroquest" (id=ewpcSX1gVl6rtoiM1TLJPYAJ8T38ZdMCN0onTChMs54=) has send a requested to purchase mad_meat_cookies x1 from the trader "Consumables (Naomi [#STR_EXPANSION_MARKET_TRADER_CONSUMABLES])" in market zone "OUTLIVE Trader" (pos=<4291.589844, 25.247801, 4162.500000>).
17:23:25 [Market] Player "Heroquest" (id=ewpcSX1gVl6rtoiM1TLJPYAJ8T38ZdMCN0onTChMs54=) has bought mad_meat_cookies x1 from the trader "Consumables (Naomi [#STR_EXPANSION_MARKET_TRADER_CONSUMABLES])" in market zone "OUTLIVE Trader" (pos=<4291.589844, 25.247801, 4162.500000>) for a price of 1250.
17:23:30 [Market] Player "Heroquest" (id=ewpcSX1gVl6rtoiM1TLJPYAJ8T38ZdMCN0onTChMs54=) has send a requested to purchase expansionbread2 x1 from the trader "Consumables (Naomi [#STR_EXPANSION_MARKET_TRADER_CONSUMABLES])" in market zone "OUTLIVE Trader" (pos=<4291.589844, 25.247801, 4162.500000>).
17:23:30 [Market] Player "Heroquest" (id=ewpcSX1gVl6rtoiM1TLJPYAJ8T38ZdMCN0onTChMs54=) has bought expansionbread2 x1 from the trader "Consumables (Naomi [#STR_EXPANSION_MARKET_TRADER_CONSUMABLES])" in market zone "OUTLIVE Trader" (pos=<4291.589844, 25.247801, 4162.500000>) for a price of 120.
17:23:46 [Market] Player "Heroquest" (id=ewpcSX1gVl6rtoiM1TLJPYAJ8T38ZdMCN0onTChMs54=) has send a requested to purchase mad_energydrink_blue x1 from the trader "Consumables (Naomi [#STR_EXPANSION_MARKET_TRADER_CONSUMABLES])" in market zone "OUTLIVE Trader" (pos=<4291.589844, 25.247801, 4162.500000>).
17:23:46 [Market] Player "Heroquest" (id=ewpcSX1gVl6rtoiM1TLJPYAJ8T38ZdMCN0onTChMs54=) has bought mad_energydrink_blue x1 from the trader "Consumables (Naomi [#STR_EXPANSION_MARKET_TRADER_CONSUMABLES])" in market zone "OUTLIVE Trader" (pos=<4291.589844, 25.247801, 4162.500000>) for a price of 1250.
17:24:51 [Market] Player "Heroquest" (id=ewpcSX1gVl6rtoiM1TLJPYAJ8T38ZdMCN0onTChMs54=) has send a requested to sell mmg_ammo_pouch_black x1 at the trader "Clothing (Linda [#STR_EXPANSION_MARKET_TRADER_CLOTHING])" in market zone "OUTLIVE Trader" (pos=<4291.589844, 25.247801, 4162.500000>).
17:24:51 [Market] Player "Heroquest" (id=ewpcSX1gVl6rtoiM1TLJPYAJ8T38ZdMCN0onTChMs54=) has sold mmg_ammo_pouch_black x1 at the trader "Clothing (Linda [#STR_EXPANSION_MARKET_TRADER_CLOTHING])" in market zone "OUTLIVE Trader" (pos=<4291.589844, 25.247801, 4162.500000>) and got 200.
17:26:07 [ATM Locker] Player "Heroquest" (id=ewpcSX1gVl6rtoiM1TLJPYAJ8T38ZdMCN0onTChMs54=) has deposited 20624 on his ATM account.
17:57:15 [Expansion Quests] - SetupClientData - Loaded existing player quest data for player with UID: J56CBd6WRzt5c58nX9b986Cp2niBSm4n26sMa8FuFaU=
17:57:15 [Expansion Quests] - PlayerQuestsInit - Create new quest instance for quest: 23 - Creator UID: J56CBd6WRzt5c58nX9b986Cp2niBSm4n26sMa8FuFaU=
17:57:15 [Expansion Quests] - PlayerQuestsInit - Create new quest instance for quest: 71 - Creator UID: J56CBd6WRzt5c58nX9b986Cp2niBSm4n26sMa8FuFaU=
17:57:15 [Expansion Quests] - PlayerQuestsInit - Create new quest instance for quest: 72 - Creator UID: J56CBd6WRzt5c58nX9b986Cp2niBSm4n26sMa8FuFaU=
17:57:15 [Expansion Quests] - PlayerQuestsInit - Create new quest instance for quest: 77 - Creator UID: J56CBd6WRzt5c58nX9b986Cp2niBSm4n26sMa8FuFaU=
17:57:15 [Expansion Quests] - PlayerQuestsInit - Create new quest instance for quest: 9 - Creator UID: J56CBd6WRzt5c58nX9b986Cp2niBSm4n26sMa8FuFaU=
17:57:23 [MissionAirdrop] An airdrop is heading towards "PVP" (pos=<423.000000, 0.000000, 6703.000000> type=IcyPleasure) with a ExpansionAirdropContainer_Military_WinterCamo
17:57:23 [MissionAirdrop] An airdrop is heading towards "Weitmoos" (pos=<6222.000000, 0.000000, 9723.000000> type=Random_Weitmoos) with a ExpansionAirdropContainer_Medical
17:59:04 [Expansion Quests] - SetupClientData - Got cached player quest data for player with UID: J56CBd6WRzt5c58nX9b986Cp2niBSm4n26sMa8FuFaU=
18:07:03 [VehicleCarKey] Player "HrabefonVorezprut" (id=J56CBd6WRzt5c58nX9b986Cp2niBSm4n26sMa8FuFaU= pos=<4458.100098, 4.841704, 3087.886475>) used the  ExpansionCarKey to unlock a Expansion_Landrover_Grey
18:08:01 [Safezone] Player "HrabefonVorezprut" (id=J56CBd6WRzt5c58nX9b986Cp2niBSm4n26sMa8FuFaU= pos=<4367.171387, 5.195605, 4056.923340>) Entered the safezone
18:08:24 [Safezone] Player "HrabefonVorezprut" (id=J56CBd6WRzt5c58nX9b986Cp2niBSm4n26sMa8FuFaU= pos=<4042.966064, 17.799915, 4415.046875>) Left the safezone
18:14:11 [VehicleCarKey] Player "HrabefonVorezprut" (id=J56CBd6WRzt5c58nX9b986Cp2niBSm4n26sMa8FuFaU= pos=<1239.488281, 37.429581, 8079.485840>) used the  ExpansionCarKey to lock a Expansion_Landrover_Grey
18:17:17 [Expansion Quests] - SetupClientData - Got cached player quest data for player with UID: J56CBd6WRzt5c58nX9b986Cp2niBSm4n26sMa8FuFaU=
18:17:19 [Expansion Quests] - SetupClientData - Loaded existing player quest data for player with UID: Kp552-DUmpXjFmzRHkPAo19gGBC4gSvKLPksgSQ_nac=
18:17:19 [Expansion Quests] - PlayerQuestsInit - Create new quest instance for quest: 20 - Creator UID: Kp552-DUmpXjFmzRHkPAo19gGBC4gSvKLPksgSQ_nac=
18:17:19 [Expansion Quests] - PlayerQuestsInit - Create new quest instance for quest: 23 - Creator UID: Kp552-DUmpXjFmzRHkPAo19gGBC4gSvKLPksgSQ_nac=
18:34:21 [VehicleDestroyed] OffroadHatchback was destroyed at pos=<759.589600, 349.221466, 7568.759766>
18:36:32 [Killfeed] HrabefonVorezprut fell to their death.
18:36:32 [Expansion Quests] - CancelQuestServer - Player with UID J56CBd6WRzt5c58nX9b986Cp2niBSm4n26sMa8FuFaU= has cancelled quest 71
18:36:32 [Expansion Quests] - CancelQuestServer - Player with UID J56CBd6WRzt5c58nX9b986Cp2niBSm4n26sMa8FuFaU= has cancelled quest 77
18:36:33 [Expansion Quests] - CancelQuestServer - Player with UID J56CBd6WRzt5c58nX9b986Cp2niBSm4n26sMa8FuFaU= has cancelled quest 72
18:36:34 [Expansion Quests] - CancelQuestServer - Player with UID J56CBd6WRzt5c58nX9b986Cp2niBSm4n26sMa8FuFaU= has cancelled quest 9
18:36:56 [Expansion Quests] - SetupClientData - Got cached player quest data for player with UID: J56CBd6WRzt5c58nX9b986Cp2niBSm4n26sMa8FuFaU=
18:44:14 [Expansion Quests] - SetupClientData - Loaded existing player quest data for player with UID: OWXX6Y-5LFd-7A6ELi2o-QPO0kjmZUMZvMTKL0AQ_q0=
18:44:14 [Expansion Quests] - PlayerQuestsInit - Create new quest instance for quest: 23 - Creator UID: OWXX6Y-5LFd-7A6ELi2o-QPO0kjmZUMZvMTKL0AQ_q0=
18:46:24 [Expansion Quests] - SetupClientData - Got cached player quest data for player with UID: J56CBd6WRzt5c58nX9b986Cp2niBSm4n26sMa8FuFaU=
18:51:17 [VehicleCarKey] Player "HrabefonVorezprut" (id=J56CBd6WRzt5c58nX9b986Cp2niBSm4n26sMa8FuFaU= pos=<1239.637329, 37.429565, 8079.259766>) used the  ExpansionCarKey to unlock a Expansion_Landrover_Grey
19:05:07 [VehicleCarKey] Player "HrabefonVorezprut" (id=J56CBd6WRzt5c58nX9b986Cp2niBSm4n26sMa8FuFaU= pos=<4112.379395, 16.584631, 3189.821777>) used the  ExpansionCarKey to lock a Expansion_Landrover_Grey
19:10:13 [VehicleCarKey] Player "HrabefonVorezprut" (id=J56CBd6WRzt5c58nX9b986Cp2niBSm4n26sMa8FuFaU= pos=<4112.481934, 16.589708, 3189.906738>) used the  ExpansionCarKey to lock a Expansion_Landrover_Grey
19:19:36 [Expansion Quests] - SetupClientData - Loaded existing player quest data for player with UID: O51WMdDQzgXORUqSM5snQEXNY_mRJk6JpE3sxZs1430=
19:19:36 [Expansion Quests] - PlayerQuestsInit - Create new quest instance for quest: 23 - Creator UID: O51WMdDQzgXORUqSM5snQEXNY_mRJk6JpE3sxZs1430=
19:19:36 [Expansion Quests] - PlayerQuestsInit - Create new quest instance for quest: 12 - Creator UID: O51WMdDQzgXORUqSM5snQEXNY_mRJk6JpE3sxZs1430=
19:19:36 [Expansion Quests] - PlayerQuestsInit - Create new quest instance for quest: 10 - Creator UID: O51WMdDQzgXORUqSM5snQEXNY_mRJk6JpE3sxZs1430=
19:19:39 [MissionAirdrop] An airdrop is heading towards "Airport" (pos=<8307.879883, 0.000000, 924.599976> type=Random_Airport) with a ExpansionAirdropContainer_Military
19:21:30 [Expansion Quests] - SetupClientData - Loaded existing player quest data for player with UID: ktRM41tfmEPWvroZR3AqsVqtk95x7WD2p7citvvKp8g=
19:21:30 [Expansion Quests] - PlayerQuestsInit - Create new quest instance for quest: 23 - Creator UID: ktRM41tfmEPWvroZR3AqsVqtk95x7WD2p7citvvKp8g=
19:26:03 [Safezone] Player "Heroquest" (id=ewpcSX1gVl6rtoiM1TLJPYAJ8T38ZdMCN0onTChMs54= pos=<4403.825684, 1.554699, 4187.472168>) Entered the safezone
19:26:03 [Expansion Quests] - SetupClientData - Got cached player quest data for player with UID: ewpcSX1gVl6rtoiM1TLJPYAJ8T38ZdMCN0onTChMs54=
19:26:03 [Expansion Quests] - PlayerQuestsInit - Create new quest instance for quest: 23 - Creator UID: ewpcSX1gVl6rtoiM1TLJPYAJ8T38ZdMCN0onTChMs54=
19:26:12 [VehicleCarKey] Player "Heroquest" (id=ewpcSX1gVl6rtoiM1TLJPYAJ8T38ZdMCN0onTChMs54= pos=<4407.735840, 1.385919, 4183.914063>) used the  ExpansionCarKey to unlock a ExpansionUtilityBoat
19:26:35 [Safezone] Player "Heroquest" (id=ewpcSX1gVl6rtoiM1TLJPYAJ8T38ZdMCN0onTChMs54= pos=<4479.412598, 0.762778, 4199.657227>) Left the safezone
19:27:04 [VehicleCarKey] Player "Loomio" (id=O51WMdDQzgXORUqSM5snQEXNY_mRJk6JpE3sxZs1430= pos=<4467.669922, 4.955872, 3167.011719>) used the  ExpansionCarKey to unlock a ExpansionUAZ
19:27:14 [VehicleCarKey] Player "Loomio" (id=O51WMdDQzgXORUqSM5snQEXNY_mRJk6JpE3sxZs1430= pos=<4467.673828, 5.001008, 3167.485107>) used the  ExpansionCarKey to lock a ExpansionUAZ
19:30:38 [Expansion Quests] - SetupClientData - Loaded existing player quest data for player with UID: qa3SiHrOYQuyhWNE1xqFHOSVyeLINWrI-wJF_cwVwyw=
19:30:38 [Expansion Quests] - PlayerQuestsInit - Create new quest instance for quest: 23 - Creator UID: qa3SiHrOYQuyhWNE1xqFHOSVyeLINWrI-wJF_cwVwyw=
19:30:40 [VehicleCarKey] Player "Heroquest" (id=ewpcSX1gVl6rtoiM1TLJPYAJ8T38ZdMCN0onTChMs54= pos=<5026.100098, 0.795496, 606.612488>) used the  ExpansionCarKey to lock a ExpansionUtilityBoat
19:31:10 [VehicleCarKey] Player "Loomio" (id=O51WMdDQzgXORUqSM5snQEXNY_mRJk6JpE3sxZs1430= pos=<4468.220703, 4.957354, 3167.165527>) used the  ExpansionCarKey to unlock a ExpansionUAZ
19:32:40 [Safezone] Player "Loomio" (id=O51WMdDQzgXORUqSM5snQEXNY_mRJk6JpE3sxZs1430= pos=<4368.114746, 5.137036, 4058.036377>) Entered the safezone
19:33:21 [VehicleCarKey] Player "Loomio" (id=O51WMdDQzgXORUqSM5snQEXNY_mRJk6JpE3sxZs1430= pos=<4267.358398, 11.241352, 4201.557129>) used the  ExpansionCarKey to lock a ExpansionUAZ
19:33:43 [Market] Player "Loomio" (id=O51WMdDQzgXORUqSM5snQEXNY_mRJk6JpE3sxZs1430=) has send a requested to sell camonet x1 at the trader "BuildingSupplies (Boris [#STR_EXPANSION_MARKET_TRADER_BUILDING_SUPPLIES])" in market zone "OUTLIVE Trader" (pos=<4291.589844, 25.247801, 4162.500000>).
19:33:43 [Market] Player "Loomio" (id=O51WMdDQzgXORUqSM5snQEXNY_mRJk6JpE3sxZs1430=) has sold camonet x1 at the trader "BuildingSupplies (Boris [#STR_EXPANSION_MARKET_TRADER_BUILDING_SUPPLIES])" in market zone "OUTLIVE Trader" (pos=<4291.589844, 25.247801, 4162.500000>) and got 200.
19:34:04 [Market] Player "Loomio" (id=O51WMdDQzgXORUqSM5snQEXNY_mRJk6JpE3sxZs1430=) has send a requested to sell ammobox_380_35rnd x1 at the trader "Attachments (Oliver [#STR_EXPANSION_MARKET_TRADER_ATTACHMENTS])" in market zone "OUTLIVE Trader" (pos=<4291.589844, 25.247801, 4162.500000>).
19:34:04 [Market] Player "Loomio" (id=O51WMdDQzgXORUqSM5snQEXNY_mRJk6JpE3sxZs1430=) has sold ammobox_380_35rnd x1 at the trader "Attachments (Oliver [#STR_EXPANSION_MARKET_TRADER_ATTACHMENTS])" in market zone "OUTLIVE Trader" (pos=<4291.589844, 25.247801, 4162.500000>) and got 60.
19:34:17 [Market] Player "Loomio" (id=O51WMdDQzgXORUqSM5snQEXNY_mRJk6JpE3sxZs1430=) has send a requested to sell ammo_45acp x1 at the trader "Attachments (Oliver [#STR_EXPANSION_MARKET_TRADER_ATTACHMENTS])" in market zone "OUTLIVE Trader" (pos=<4291.589844, 25.247801, 4162.500000>).
19:34:17 [Market] Player "Loomio" (id=O51WMdDQzgXORUqSM5snQEXNY_mRJk6JpE3sxZs1430=) has sold ammo_45acp x1 at the trader "Attachments (Oliver [#STR_EXPANSION_MARKET_TRADER_ATTACHMENTS])" in market zone "OUTLIVE Trader" (pos=<4291.589844, 25.247801, 4162.500000>) and got 2.
19:34:19 [Market] Player "Loomio" (id=O51WMdDQzgXORUqSM5snQEXNY_mRJk6JpE3sxZs1430=) has send a requested to sell ammo_45acp x1 at the trader "Attachments (Oliver [#STR_EXPANSION_MARKET_TRADER_ATTACHMENTS])" in market zone "OUTLIVE Trader" (pos=<4291.589844, 25.247801, 4162.500000>).
19:34:19 [Market] Player "Loomio" (id=O51WMdDQzgXORUqSM5snQEXNY_mRJk6JpE3sxZs1430=) has sold ammo_45acp x1 at the trader "Attachments (Oliver [#STR_EXPANSION_MARKET_TRADER_ATTACHMENTS])" in market zone "OUTLIVE Trader" (pos=<4291.589844, 25.247801, 4162.500000>) and got 2.
19:34:30 [Market] Player "Loomio" (id=O51WMdDQzgXORUqSM5snQEXNY_mRJk6JpE3sxZs1430=) has send a requested to sell ammo_45acp x112 at the trader "Attachments (Oliver [#STR_EXPANSION_MARKET_TRADER_ATTACHMENTS])" in market zone "OUTLIVE Trader" (pos=<4291.589844, 25.247801, 4162.500000>).
19:34:30 [Market] Player "Loomio" (id=O51WMdDQzgXORUqSM5snQEXNY_mRJk6JpE3sxZs1430=) has sold ammo_45acp x112 at the trader "Attachments (Oliver [#STR_EXPANSION_MARKET_TRADER_ATTACHMENTS])" in market zone "OUTLIVE Trader" (pos=<4291.589844, 25.247801, 4162.500000>) and got 168.
19:34:46 [Market] Player "Loomio" (id=O51WMdDQzgXORUqSM5snQEXNY_mRJk6JpE3sxZs1430=) has send a requested to sell ammo_9x19 x34 at the trader "Attachments (Oliver [#STR_EXPANSION_MARKET_TRADER_ATTACHMENTS])" in market zone "OUTLIVE Trader" (pos=<4291.589844, 25.247801, 4162.500000>).
19:34:46 [Market] Player "Loomio" (id=O51WMdDQzgXORUqSM5snQEXNY_mRJk6JpE3sxZs1430=) has sold ammo_9x19 x34 at the trader "Attachments (Oliver [#STR_EXPANSION_MARKET_TRADER_ATTACHMENTS])" in market zone "OUTLIVE Trader" (pos=<4291.589844, 25.247801, 4162.500000>) and got 51.
19:35:07 [Market] Player "Loomio" (id=O51WMdDQzgXORUqSM5snQEXNY_mRJk6JpE3sxZs1430=) has send a requested to sell twp_ammobox_792x57_20rnd x1 at the trader "Attachments (Oliver [#STR_EXPANSION_MARKET_TRADER_ATTACHMENTS])" in market zone "OUTLIVE Trader" (pos=<4291.589844, 25.247801, 4162.500000>).
19:35:07 [Market] Player "Loomio" (id=O51WMdDQzgXORUqSM5snQEXNY_mRJk6JpE3sxZs1430=) has sold twp_ammobox_792x57_20rnd x1 at the trader "Attachments (Oliver [#STR_EXPANSION_MARKET_TRADER_ATTACHMENTS])" in market zone "OUTLIVE Trader" (pos=<4291.589844, 25.247801, 4162.500000>) and got 195.
19:35:07 [Market] Player "Loomio" (id=O51WMdDQzgXORUqSM5snQEXNY_mRJk6JpE3sxZs1430=) has send a requested to sell twp_ammobox_57x28_30rnd x1 at the trader "Attachments (Oliver [#STR_EXPANSION_MARKET_TRADER_ATTACHMENTS])" in market zone "OUTLIVE Trader" (pos=<4291.589844, 25.247801, 4162.500000>).
19:35:07 [Market] Player "Loomio" (id=O51WMdDQzgXORUqSM5snQEXNY_mRJk6JpE3sxZs1430=) has sold twp_ammobox_57x28_30rnd x1 at the trader "Attachments (Oliver [#STR_EXPANSION_MARKET_TRADER_ATTACHMENTS])" in market zone "OUTLIVE Trader" (pos=<4291.589844, 25.247801, 4162.500000>) and got 141.
19:35:08 [Market] Player "Loomio" (id=O51WMdDQzgXORUqSM5snQEXNY_mRJk6JpE3sxZs1430=) has send a requested to sell twp_ammobox_50ae_20rnd x1 at the trader "Attachments (Oliver [#STR_EXPANSION_MARKET_TRADER_ATTACHMENTS])" in market zone "OUTLIVE Trader" (pos=<4291.589844, 25.247801, 4162.500000>).
19:35:08 [Market] Player "Loomio" (id=O51WMdDQzgXORUqSM5snQEXNY_mRJk6JpE3sxZs1430=) has sold twp_ammobox_50ae_20rnd x1 at the trader "Attachments (Oliver [#STR_EXPANSION_MARKET_TRADER_ATTACHMENTS])" in market zone "OUTLIVE Trader" (pos=<4291.589844, 25.247801, 4162.500000>) and got 48.
19:35:08 [Market] Player "Loomio" (id=O51WMdDQzgXORUqSM5snQEXNY_mRJk6JpE3sxZs1430=) has send a requested to sell twp_ammobox_300winmag_20rnd x1 at the trader "Attachments (Oliver [#STR_EXPANSION_MARKET_TRADER_ATTACHMENTS])" in market zone "OUTLIVE Trader" (pos=<4291.589844, 25.247801, 4162.500000>).
19:35:08 [Market] Player "Loomio" (id=O51WMdDQzgXORUqSM5snQEXNY_mRJk6JpE3sxZs1430=) has sold twp_ammobox_300winmag_20rnd x1 at the trader "Attachments (Oliver [#STR_EXPANSION_MARKET_TRADER_ATTACHMENTS])" in market zone "OUTLIVE Trader" (pos=<4291.589844, 25.247801, 4162.500000>) and got 186.
19:35:09 [Market] Player "Loomio" (id=O51WMdDQzgXORUqSM5snQEXNY_mRJk6JpE3sxZs1430=) has send a requested to sell twp_ammobox_3006_20rnd x1 at the trader "Attachments (Oliver [#STR_EXPANSION_MARKET_TRADER_ATTACHMENTS])" in market zone "OUTLIVE Trader" (pos=<4291.589844, 25.247801, 4162.500000>).
19:35:09 [Market] Player "Loomio" (id=O51WMdDQzgXORUqSM5snQEXNY_mRJk6JpE3sxZs1430=) has sold twp_ammobox_3006_20rnd x1 at the trader "Attachments (Oliver [#STR_EXPANSION_MARKET_TRADER_ATTACHMENTS])" in market zone "OUTLIVE Trader" (pos=<4291.589844, 25.247801, 4162.500000>) and got 570.
19:35:16 [Market] Player "Loomio" (id=O51WMdDQzgXORUqSM5snQEXNY_mRJk6JpE3sxZs1430=) has send a requested to sell twp_ak12tan_mag_30rnd x1 at the trader "Attachments (Oliver [#STR_EXPANSION_MARKET_TRADER_ATTACHMENTS])" in market zone "OUTLIVE Trader" (pos=<4291.589844, 25.247801, 4162.500000>).
19:35:16 [Market] Player "Loomio" (id=O51WMdDQzgXORUqSM5snQEXNY_mRJk6JpE3sxZs1430=) has sold twp_ak12tan_mag_30rnd x1 at the trader "Attachments (Oliver [#STR_EXPANSION_MARKET_TRADER_ATTACHMENTS])" in market zone "OUTLIVE Trader" (pos=<4291.589844, 25.247801, 4162.500000>) and got 312.
19:35:17 [Market] Player "Loomio" (id=O51WMdDQzgXORUqSM5snQEXNY_mRJk6JpE3sxZs1430=) has send a requested to sell twp_ak47boar_mag_30rnd x1 at the trader "Attachments (Oliver [#STR_EXPANSION_MARKET_TRADER_ATTACHMENTS])" in market zone "OUTLIVE Trader" (pos=<4291.589844, 25.247801, 4162.500000>).
19:35:17 [Market] Player "Loomio" (id=O51WMdDQzgXORUqSM5snQEXNY_mRJk6JpE3sxZs1430=) has sold twp_ak47boar_mag_30rnd x1 at the trader "Attachments (Oliver [#STR_EXPANSION_MARKET_TRADER_ATTACHMENTS])" in market zone "OUTLIVE Trader" (pos=<4291.589844, 25.247801, 4162.500000>) and got 289.
19:35:19 [Market] Player "Loomio" (id=O51WMdDQzgXORUqSM5snQEXNY_mRJk6JpE3sxZs1430=) has send a requested to sell twp_asval_mag_30rnd x1 at the trader "Attachments (Oliver [#STR_EXPANSION_MARKET_TRADER_ATTACHMENTS])" in market zone "OUTLIVE Trader" (pos=<4291.589844, 25.247801, 4162.500000>).
19:35:20 [Market] Player "Loomio" (id=O51WMdDQzgXORUqSM5snQEXNY_mRJk6JpE3sxZs1430=) has sold twp_asval_mag_30rnd x1 at the trader "Attachments (Oliver [#STR_EXPANSION_MARKET_TRADER_ATTACHMENTS])" in market zone "OUTLIVE Trader" (pos=<4291.589844, 25.247801, 4162.500000>) and got 180.
19:35:20 [Market] Player "Loomio" (id=O51WMdDQzgXORUqSM5snQEXNY_mRJk6JpE3sxZs1430=) has send a requested to sell twp_asval_mag_30rnd x1 at the trader "Attachments (Oliver [#STR_EXPANSION_MARKET_TRADER_ATTACHMENTS])" in market zone "OUTLIVE Trader" (pos=<4291.589844, 25.247801, 4162.500000>).
19:35:20 [Market] Player "Loomio" (id=O51WMdDQzgXORUqSM5snQEXNY_mRJk6JpE3sxZs1430=) has sold twp_asval_mag_30rnd x1 at the trader "Attachments (Oliver [#STR_EXPANSION_MARKET_TRADER_ATTACHMENTS])" in market zone "OUTLIVE Trader" (pos=<4291.589844, 25.247801, 4162.500000>) and got 264.
19:35:21 [Market] Player "Loomio" (id=O51WMdDQzgXORUqSM5snQEXNY_mRJk6JpE3sxZs1430=) has send a requested to sell twp_americanrifle_mag_5rnd x1 at the trader "Attachments (Oliver [#STR_EXPANSION_MARKET_TRADER_ATTACHMENTS])" in market zone "OUTLIVE Trader" (pos=<4291.589844, 25.247801, 4162.500000>).
19:35:21 [Market] Player "Loomio" (id=O51WMdDQzgXORUqSM5snQEXNY_mRJk6JpE3sxZs1430=) has sold twp_americanrifle_mag_5rnd x1 at the trader "Attachments (Oliver [#STR_EXPANSION_MARKET_TRADER_ATTACHMENTS])" in market zone "OUTLIVE Trader" (pos=<4291.589844, 25.247801, 4162.500000>) and got 30.
19:35:22 [Market] Player "Loomio" (id=O51WMdDQzgXORUqSM5snQEXNY_mRJk6JpE3sxZs1430=) has send a requested to sell twp_anzio_mag_3rnd x1 at the trader "Attachments (Oliver [#STR_EXPANSION_MARKET_TRADER_ATTACHMENTS])" in market zone "OUTLIVE Trader" (pos=<4291.589844, 25.247801, 4162.500000>).
19:35:22 [Market] Player "Loomio" (id=O51WMdDQzgXORUqSM5snQEXNY_mRJk6JpE3sxZs1430=) has sold twp_anzio_mag_3rnd x1 at the trader "Attachments (Oliver [#STR_EXPANSION_MARKET_TRADER_ATTACHMENTS])" in market zone "OUTLIVE Trader" (pos=<4291.589844, 25.247801, 4162.500000>) and got 750.
19:35:23 [Market] Player "Loomio" (id=O51WMdDQzgXORUqSM5snQEXNY_mRJk6JpE3sxZs1430=) has send a requested to sell twp_czscorpion_mag_30rnd x1 at the trader "Attachments (Oliver [#STR_EXPANSION_MARKET_TRADER_ATTACHMENTS])" in market zone "OUTLIVE Trader" (pos=<4291.589844, 25.247801, 4162.500000>).
19:35:23 [Market] Player "Loomio" (id=O51WMdDQzgXORUqSM5snQEXNY_mRJk6JpE3sxZs1430=) has sold twp_czscorpion_mag_30rnd x1 at the trader "Attachments (Oliver [#STR_EXPANSION_MARKET_TRADER_ATTACHMENTS])" in market zone "OUTLIVE Trader" (pos=<4291.589844, 25.247801, 4162.500000>) and got 195.
19:35:31 [Market] Player "Loomio" (id=O51WMdDQzgXORUqSM5snQEXNY_mRJk6JpE3sxZs1430=) has send a requested to sell twp_dmr25_mag_20rnd x1 at the trader "Attachments (Oliver [#STR_EXPANSION_MARKET_TRADER_ATTACHMENTS])" in market zone "OUTLIVE Trader" (pos=<4291.589844, 25.247801, 4162.500000>).
19:35:31 [Market] Player "Loomio" (id=O51WMdDQzgXORUqSM5snQEXNY_mRJk6JpE3sxZs1430=) has sold twp_dmr25_mag_20rnd x1 at the trader "Attachments (Oliver [#STR_EXPANSION_MARKET_TRADER_ATTACHMENTS])" in market zone "OUTLIVE Trader" (pos=<4291.589844, 25.247801, 4162.500000>) and got 249.
19:35:32 [Market] Player "Loomio" (id=O51WMdDQzgXORUqSM5snQEXNY_mRJk6JpE3sxZs1430=) has send a requested to sell twp_famasspecialops_mag_40rnd x1 at the trader "Attachments (Oliver [#STR_EXPANSION_MARKET_TRADER_ATTACHMENTS])" in market zone "OUTLIVE Trader" (pos=<4291.589844, 25.247801, 4162.500000>).
19:35:32 [Market] Player "Loomio" (id=O51WMdDQzgXORUqSM5snQEXNY_mRJk6JpE3sxZs1430=) has sold twp_famasspecialops_mag_40rnd x1 at the trader "Attachments (Oliver [#STR_EXPANSION_MARKET_TRADER_ATTACHMENTS])" in market zone "OUTLIVE Trader" (pos=<4291.589844, 25.247801, 4162.500000>) and got 240.
19:35:32 [Market] Player "Loomio" (id=O51WMdDQzgXORUqSM5snQEXNY_mRJk6JpE3sxZs1430=) has send a requested to sell twp_glock17_mag_19rnd x1 at the trader "Attachments (Oliver [#STR_EXPANSION_MARKET_TRADER_ATTACHMENTS])" in market zone "OUTLIVE Trader" (pos=<4291.589844, 25.247801, 4162.500000>).
19:35:32 [Market] Player "Loomio" (id=O51WMdDQzgXORUqSM5snQEXNY_mRJk6JpE3sxZs1430=) has sold twp_glock17_mag_19rnd x1 at the trader "Attachments (Oliver [#STR_EXPANSION_MARKET_TRADER_ATTACHMENTS])" in market zone "OUTLIVE Trader" (pos=<4291.589844, 25.247801, 4162.500000>) and got 114.
19:35:33 [Market] Player "Loomio" (id=O51WMdDQzgXORUqSM5snQEXNY_mRJk6JpE3sxZs1430=) has send a requested to sell twp_ia2_mag_30rnd x1 at the trader "Attachments (Oliver [#STR_EXPANSION_MARKET_TRADER_ATTACHMENTS])" in market zone "OUTLIVE Trader" (pos=<4291.589844, 25.247801, 4162.500000>).
19:35:33 [Market] Player "Loomio" (id=O51WMdDQzgXORUqSM5snQEXNY_mRJk6JpE3sxZs1430=) has sold twp_ia2_mag_30rnd x1 at the trader "Attachments (Oliver [#STR_EXPANSION_MARKET_TRADER_ATTACHMENTS])" in market zone "OUTLIVE Trader" (pos=<4291.589844, 25.247801, 4162.500000>) and got 180.
19:35:34 [Market] Player "Loomio" (id=O51WMdDQzgXORUqSM5snQEXNY_mRJk6JpE3sxZs1430=) has send a requested to sell twp_k2c_mag_30rnd x1 at the trader "Attachments (Oliver [#STR_EXPANSION_MARKET_TRADER_ATTACHMENTS])" in market zone "OUTLIVE Trader" (pos=<4291.589844, 25.247801, 4162.500000>).
19:35:34 [Market] Player "Loomio" (id=O51WMdDQzgXORUqSM5snQEXNY_mRJk6JpE3sxZs1430=) has sold twp_k2c_mag_30rnd x1 at the trader "Attachments (Oliver [#STR_EXPANSION_MARKET_TRADER_ATTACHMENTS])" in market zone "OUTLIVE Trader" (pos=<4291.589844, 25.247801, 4162.500000>) and got 180.
19:35:35 [Market] Player "Loomio" (id=O51WMdDQzgXORUqSM5snQEXNY_mRJk6JpE3sxZs1430=) has send a requested to sell twp_lr300_mag_30rnd x1 at the trader "Attachments (Oliver [#STR_EXPANSION_MARKET_TRADER_ATTACHMENTS])" in market zone "OUTLIVE Trader" (pos=<4291.589844, 25.247801, 4162.500000>).
19:35:35 [Market] Player "Loomio" (id=O51WMdDQzgXORUqSM5snQEXNY_mRJk6JpE3sxZs1430=) has sold twp_lr300_mag_30rnd x1 at the trader "Attachments (Oliver [#STR_EXPANSION_MARKET_TRADER_ATTACHMENTS])" in market zone "OUTLIVE Trader" (pos=<4291.589844, 25.247801, 4162.500000>) and got 308.
19:35:37 [Market] Player "Loomio" (id=O51WMdDQzgXORUqSM5snQEXNY_mRJk6JpE3sxZs1430=) has send a requested to sell twp_m4v5_mag_30rnd x1 at the trader "Attachments (Oliver [#STR_EXPANSION_MARKET_TRADER_ATTACHMENTS])" in market zone "OUTLIVE Trader" (pos=<4291.589844, 25.247801, 4162.500000>).
19:35:37 [Market] Player "Loomio" (id=O51WMdDQzgXORUqSM5snQEXNY_mRJk6JpE3sxZs1430=) has sold twp_m4v5_mag_30rnd x1 at the trader "Attachments (Oliver [#STR_EXPANSION_MARKET_TRADER_ATTACHMENTS])" in market zone "OUTLIVE Trader" (pos=<4291.589844, 25.247801, 4162.500000>) and got 180.
19:35:38 [Market] Player "Loomio" (id=O51WMdDQzgXORUqSM5snQEXNY_mRJk6JpE3sxZs1430=) has send a requested to sell twp_mpx_mag_30rnd x1 at the trader "Attachments (Oliver [#STR_EXPANSION_MARKET_TRADER_ATTACHMENTS])" in market zone "OUTLIVE Trader" (pos=<4291.589844, 25.247801, 4162.500000>).
19:35:38 [Market] Player "Loomio" (id=O51WMdDQzgXORUqSM5snQEXNY_mRJk6JpE3sxZs1430=) has sold twp_mpx_mag_30rnd x1 at the trader "Attachments (Oliver [#STR_EXPANSION_MARKET_TRADER_ATTACHMENTS])" in market zone "OUTLIVE Trader" (pos=<4291.589844, 25.247801, 4162.500000>) and got 198.
19:35:41 [Market] Player "Loomio" (id=O51WMdDQzgXORUqSM5snQEXNY_mRJk6JpE3sxZs1430=) has send a requested to sell twp_mcmillancs5_10rnd x1 at the trader "Attachments (Oliver [#STR_EXPANSION_MARKET_TRADER_ATTACHMENTS])" in market zone "OUTLIVE Trader" (pos=<4291.589844, 25.247801, 4162.500000>).
19:35:41 [Market] Player "Loomio" (id=O51WMdDQzgXORUqSM5snQEXNY_mRJk6JpE3sxZs1430=) has sold twp_mcmillancs5_10rnd x1 at the trader "Attachments (Oliver [#STR_EXPANSION_MARKET_TRADER_ATTACHMENTS])" in market zone "OUTLIVE Trader" (pos=<4291.589844, 25.247801, 4162.500000>) and got 75.
19:35:43 [Market] Player "Loomio" (id=O51WMdDQzgXORUqSM5snQEXNY_mRJk6JpE3sxZs1430=) has send a requested to sell twp_pindadss2_mag_30rnd x1 at the trader "Attachments (Oliver [#STR_EXPANSION_MARKET_TRADER_ATTACHMENTS])" in market zone "OUTLIVE Trader" (pos=<4291.589844, 25.247801, 4162.500000>).
19:35:43 [Market] Player "Loomio" (id=O51WMdDQzgXORUqSM5snQEXNY_mRJk6JpE3sxZs1430=) has sold twp_pindadss2_mag_30rnd x1 at the trader "Attachments (Oliver [#STR_EXPANSION_MARKET_TRADER_ATTACHMENTS])" in market zone "OUTLIVE Trader" (pos=<4291.589844, 25.247801, 4162.500000>) and got 180.
19:35:47 [Market] Player "Loomio" (id=O51WMdDQzgXORUqSM5snQEXNY_mRJk6JpE3sxZs1430=) has send a requested to sell twp_r700_mag_10rnd x1 at the trader "Attachments (Oliver [#STR_EXPANSION_MARKET_TRADER_ATTACHMENTS])" in market zone "OUTLIVE Trader" (pos=<4291.589844, 25.247801, 4162.500000>).
19:35:47 [Market] Player "Loomio" (id=O51WMdDQzgXORUqSM5snQEXNY_mRJk6JpE3sxZs1430=) has sold twp_r700_mag_10rnd x1 at the trader "Attachments (Oliver [#STR_EXPANSION_MARKET_TRADER_ATTACHMENTS])" in market zone "OUTLIVE Trader" (pos=<4291.589844, 25.247801, 4162.500000>) and got 102.
19:35:49 [Market] Player "Loomio" (id=O51WMdDQzgXORUqSM5snQEXNY_mRJk6JpE3sxZs1430=) has send a requested to sell twp_r700_mag_10rnd x1 at the trader "Attachments (Oliver [#STR_EXPANSION_MARKET_TRADER_ATTACHMENTS])" in market zone "OUTLIVE Trader" (pos=<4291.589844, 25.247801, 4162.500000>).
19:35:49 [Market] Player "Loomio" (id=O51WMdDQzgXORUqSM5snQEXNY_mRJk6JpE3sxZs1430=) has sold twp_r700_mag_10rnd x1 at the trader "Attachments (Oliver [#STR_EXPANSION_MARKET_TRADER_ATTACHMENTS])" in market zone "OUTLIVE Trader" (pos=<4291.589844, 25.247801, 4162.500000>) and got 75.
19:35:50 [Market] Player "Loomio" (id=O51WMdDQzgXORUqSM5snQEXNY_mRJk6JpE3sxZs1430=) has send a requested to sell twp_sr1gyrza_mag_18rnd x1 at the trader "Attachments (Oliver [#STR_EXPANSION_MARKET_TRADER_ATTACHMENTS])" in market zone "OUTLIVE Trader" (pos=<4291.589844, 25.247801, 4162.500000>).
19:35:50 [Market] Player "Loomio" (id=O51WMdDQzgXORUqSM5snQEXNY_mRJk6JpE3sxZs1430=) has sold twp_sr1gyrza_mag_18rnd x1 at the trader "Attachments (Oliver [#STR_EXPANSION_MARKET_TRADER_ATTACHMENTS])" in market zone "OUTLIVE Trader" (pos=<4291.589844, 25.247801, 4162.500000>) and got 116.
19:35:51 [Market] Player "Loomio" (id=O51WMdDQzgXORUqSM5snQEXNY_mRJk6JpE3sxZs1430=) has send a requested to sell twp_stoner63_mag_30rnd x1 at the trader "Attachments (Oliver [#STR_EXPANSION_MARKET_TRADER_ATTACHMENTS])" in market zone "OUTLIVE Trader" (pos=<4291.589844, 25.247801, 4162.500000>).
19:35:51 [Market] Player "Loomio" (id=O51WMdDQzgXORUqSM5snQEXNY_mRJk6JpE3sxZs1430=) has sold twp_stoner63_mag_30rnd x1 at the trader "Attachments (Oliver [#STR_EXPANSION_MARKET_TRADER_ATTACHMENTS])" in market zone "OUTLIVE Trader" (pos=<4291.589844, 25.247801, 4162.500000>) and got 315.
19:35:51 [Market] Player "Loomio" (id=O51WMdDQzgXORUqSM5snQEXNY_mRJk6JpE3sxZs1430=) has send a requested to sell twp_uspchromatic_mag_15rnd x1 at the trader "Attachments (Oliver [#STR_EXPANSION_MARKET_TRADER_ATTACHMENTS])" in market zone "OUTLIVE Trader" (pos=<4291.589844, 25.247801, 4162.500000>).
19:35:51 [Market] Player "Loomio" (id=O51WMdDQzgXORUqSM5snQEXNY_mRJk6JpE3sxZs1430=) has sold twp_uspchromatic_mag_15rnd x1 at the trader "Attachments (Oliver [#STR_EXPANSION_MARKET_TRADER_ATTACHMENTS])" in market zone "OUTLIVE Trader" (pos=<4291.589844, 25.247801, 4162.500000>) and got 94.
19:35:52 [Market] Player "Loomio" (id=O51WMdDQzgXORUqSM5snQEXNY_mRJk6JpE3sxZs1430=) has send a requested to sell twp_vr80_mag_20rnd x1 at the trader "Attachments (Oliver [#STR_EXPANSION_MARKET_TRADER_ATTACHMENTS])" in market zone "OUTLIVE Trader" (pos=<4291.589844, 25.247801, 4162.500000>).
19:35:52 [Market] Player "Loomio" (id=O51WMdDQzgXORUqSM5snQEXNY_mRJk6JpE3sxZs1430=) has sold twp_vr80_mag_20rnd x1 at the trader "Attachments (Oliver [#STR_EXPANSION_MARKET_TRADER_ATTACHMENTS])" in market zone "OUTLIVE Trader" (pos=<4291.589844, 25.247801, 4162.500000>) and got 143.
19:35:55 [Market] Player "Loomio" (id=O51WMdDQzgXORUqSM5snQEXNY_mRJk6JpE3sxZs1430=) has send a requested to sell mag_fnx45_15rnd x1 at the trader "Attachments (Oliver [#STR_EXPANSION_MARKET_TRADER_ATTACHMENTS])" in market zone "OUTLIVE Trader" (pos=<4291.589844, 25.247801, 4162.500000>).
19:35:55 [Market] Player "Loomio" (id=O51WMdDQzgXORUqSM5snQEXNY_mRJk6JpE3sxZs1430=) has sold mag_fnx45_15rnd x1 at the trader "Attachments (Oliver [#STR_EXPANSION_MARKET_TRADER_ATTACHMENTS])" in market zone "OUTLIVE Trader" (pos=<4291.589844, 25.247801, 4162.500000>) and got 43.
19:35:56 [Market] Player "Loomio" (id=O51WMdDQzgXORUqSM5snQEXNY_mRJk6JpE3sxZs1430=) has send a requested to sell mag_ij70_8rnd x1 at the trader "Attachments (Oliver [#STR_EXPANSION_MARKET_TRADER_ATTACHMENTS])" in market zone "OUTLIVE Trader" (pos=<4291.589844, 25.247801, 4162.500000>).
19:35:56 [Market] Player "Loomio" (id=O51WMdDQzgXORUqSM5snQEXNY_mRJk6JpE3sxZs1430=) has sold mag_ij70_8rnd x1 at the trader "Attachments (Oliver [#STR_EXPANSION_MARKET_TRADER_ATTACHMENTS])" in market zone "OUTLIVE Trader" (pos=<4291.589844, 25.247801, 4162.500000>) and got 28.
19:36:38 [Expansion Quests] - CreateQuestInstance - Created new quest instance for player with UID ktRM41tfmEPWvroZR3AqsVqtk95x7WD2p7citvvKp8g= for quest 14
19:36:38 [Expansion Quests] - ExpansionQuest - Quest owner ID: ktRM41tfmEPWvroZR3AqsVqtk95x7WD2p7citvvKp8g=
19:36:38 [Expansion Quests] - ExpansionQuest - Quest ID: 14
19:36:38 [Expansion Quests] - ExpansionQuest - Quest state: 1
19:36:38 [Expansion Quests] - ExpansionQuest - Quest completed: false
19:39:33 [Market] Player "Loomio" (id=O51WMdDQzgXORUqSM5snQEXNY_mRJk6JpE3sxZs1430=) has send a requested to sell baseballcap_camo x1 at the trader "Clothing (Linda [#STR_EXPANSION_MARKET_TRADER_CLOTHING])" in market zone "OUTLIVE Trader" (pos=<4291.589844, 25.247801, 4162.500000>).
19:39:33 [Market] Player "Loomio" (id=O51WMdDQzgXORUqSM5snQEXNY_mRJk6JpE3sxZs1430=) has sold baseballcap_camo x1 at the trader "Clothing (Linda [#STR_EXPANSION_MARKET_TRADER_CLOTHING])" in market zone "OUTLIVE Trader" (pos=<4291.589844, 25.247801, 4162.500000>) and got 24.
19:39:39 [Market] Player "Loomio" (id=O51WMdDQzgXORUqSM5snQEXNY_mRJk6JpE3sxZs1430=) has send a requested to sell mvs_balaclava_tan x1 at the trader "Clothing (Linda [#STR_EXPANSION_MARKET_TRADER_CLOTHING])" in market zone "OUTLIVE Trader" (pos=<4291.589844, 25.247801, 4162.500000>).
19:39:39 [Market] Player "Loomio" (id=O51WMdDQzgXORUqSM5snQEXNY_mRJk6JpE3sxZs1430=) has sold mvs_balaclava_tan x1 at the trader "Clothing (Linda [#STR_EXPANSION_MARKET_TRADER_CLOTHING])" in market zone "OUTLIVE Trader" (pos=<4291.589844, 25.247801, 4162.500000>) and got 225.
19:39:44 [Market] Player "Loomio" (id=O51WMdDQzgXORUqSM5snQEXNY_mRJk6JpE3sxZs1430=) has send a requested to sell mmg_striker_helmet_black x1 at the trader "Clothing (Linda [#STR_EXPANSION_MARKET_TRADER_CLOTHING])" in market zone "OUTLIVE Trader" (pos=<4291.589844, 25.247801, 4162.500000>).
19:39:44 [Market] Player "Loomio" (id=O51WMdDQzgXORUqSM5snQEXNY_mRJk6JpE3sxZs1430=) has sold mmg_striker_helmet_black x1 at the trader "Clothing (Linda [#STR_EXPANSION_MARKET_TRADER_CLOTHING])" in market zone "OUTLIVE Trader" (pos=<4291.589844, 25.247801, 4162.500000>) and got 750.
19:39:46 [Market] Player "Loomio" (id=O51WMdDQzgXORUqSM5snQEXNY_mRJk6JpE3sxZs1430=) has send a requested to sell mmg_jpc_vest_multicamblack x1 at the trader "Clothing (Linda [#STR_EXPANSION_MARKET_TRADER_CLOTHING])" in market zone "OUTLIVE Trader" (pos=<4291.589844, 25.247801, 4162.500000>).
19:39:46 [Market] Player "Loomio" (id=O51WMdDQzgXORUqSM5snQEXNY_mRJk6JpE3sxZs1430=) has sold mmg_jpc_vest_multicamblack x1 at the trader "Clothing (Linda [#STR_EXPANSION_MARKET_TRADER_CLOTHING])" in market zone "OUTLIVE Trader" (pos=<4291.589844, 25.247801, 4162.500000>) and got 1500.
19:39:59 [Market] Player "Loomio" (id=O51WMdDQzgXORUqSM5snQEXNY_mRJk6JpE3sxZs1430=) has send a requested to sell mmg_tactical_helmet_black x1 at the trader "Clothing (Linda [#STR_EXPANSION_MARKET_TRADER_CLOTHING])" in market zone "OUTLIVE Trader" (pos=<4291.589844, 25.247801, 4162.500000>).
19:39:59 [Market] Player "Loomio" (id=O51WMdDQzgXORUqSM5snQEXNY_mRJk6JpE3sxZs1430=) has sold mmg_tactical_helmet_black x1 at the trader "Clothing (Linda [#STR_EXPANSION_MARKET_TRADER_CLOTHING])" in market zone "OUTLIVE Trader" (pos=<4291.589844, 25.247801, 4162.500000>) and got 1000.
19:40:25 [Market] Player "Loomio" (id=O51WMdDQzgXORUqSM5snQEXNY_mRJk6JpE3sxZs1430=) has send a requested to sell mmg_assault_pack_ucp x1 at the trader "Clothing (Linda [#STR_EXPANSION_MARKET_TRADER_CLOTHING])" in market zone "OUTLIVE Trader" (pos=<4291.589844, 25.247801, 4162.500000>).
19:40:25 [Market] Player "Loomio" (id=O51WMdDQzgXORUqSM5snQEXNY_mRJk6JpE3sxZs1430=) has sold mmg_assault_pack_ucp x1 at the trader "Clothing (Linda [#STR_EXPANSION_MARKET_TRADER_CLOTHING])" in market zone "OUTLIVE Trader" (pos=<4291.589844, 25.247801, 4162.500000>) and got 1000.
19:40:55 [Expansion Quests] - SetupClientData - Loaded existing player quest data for player with UID: CQzeKJXJrGklB6iAqxjP4uZS8F0K2tKdZ7eWkhhxpPc=
19:40:55 [Expansion Quests] - PlayerQuestsInit - Create new quest instance for quest: 23 - Creator UID: CQzeKJXJrGklB6iAqxjP4uZS8F0K2tKdZ7eWkhhxpPc=
19:41:19 [Market] Player "Loomio" (id=O51WMdDQzgXORUqSM5snQEXNY_mRJk6JpE3sxZs1430=) has send a requested to sell universallight x1 at the trader "Attachments (Oliver [#STR_EXPANSION_MARKET_TRADER_ATTACHMENTS])" in market zone "OUTLIVE Trader" (pos=<4291.589844, 25.247801, 4162.500000>).
19:41:19 [Market] Player "Loomio" (id=O51WMdDQzgXORUqSM5snQEXNY_mRJk6JpE3sxZs1430=) has sold universallight x1 at the trader "Attachments (Oliver [#STR_EXPANSION_MARKET_TRADER_ATTACHMENTS])" in market zone "OUTLIVE Trader" (pos=<4291.589844, 25.247801, 4162.500000>) and got 120.
19:41:23 [Market] Player "Loomio" (id=O51WMdDQzgXORUqSM5snQEXNY_mRJk6JpE3sxZs1430=) has send a requested to sell expansionhamroptic x1 at the trader "Attachments (Oliver [#STR_EXPANSION_MARKET_TRADER_ATTACHMENTS])" in market zone "OUTLIVE Trader" (pos=<4291.589844, 25.247801, 4162.500000>).
19:41:23 [Market] Player "Loomio" (id=O51WMdDQzgXORUqSM5snQEXNY_mRJk6JpE3sxZs1430=) has sold expansionhamroptic x1 at the trader "Attachments (Oliver [#STR_EXPANSION_MARKET_TRADER_ATTACHMENTS])" in market zone "OUTLIVE Trader" (pos=<4291.589844, 25.247801, 4162.500000>) and got 220.
19:41:24 [Market] Player "Loomio" (id=O51WMdDQzgXORUqSM5snQEXNY_mRJk6JpE3sxZs1430=) has send a requested to sell reflexoptic x1 at the trader "Attachments (Oliver [#STR_EXPANSION_MARKET_TRADER_ATTACHMENTS])" in market zone "OUTLIVE Trader" (pos=<4291.589844, 25.247801, 4162.500000>).
19:41:24 [Market] Player "Loomio" (id=O51WMdDQzgXORUqSM5snQEXNY_mRJk6JpE3sxZs1430=) has sold reflexoptic x1 at the trader "Attachments (Oliver [#STR_EXPANSION_MARKET_TRADER_ATTACHMENTS])" in market zone "OUTLIVE Trader" (pos=<4291.589844, 25.247801, 4162.500000>) and got 80.
19:43:13 [ATM Locker] Player "Loomio" (id=O51WMdDQzgXORUqSM5snQEXNY_mRJk6JpE3sxZs1430=) has deposited 11382 on his ATM account.
19:43:53 [Safezone] Player "Loomio" (id=O51WMdDQzgXORUqSM5snQEXNY_mRJk6JpE3sxZs1430= pos=<4402.576660, 4.109811, 3998.507813>) Left the safezone
19:44:04 [Market] Player "[R.E.D] DoDgY" (id=ktRM41tfmEPWvroZR3AqsVqtk95x7WD2p7citvvKp8g=) has send a requested to sell lard x1 at the trader "Hunting (Peter [Hunter & Fish Trader])" in market zone "OUTLIVE Hunter&Fish Trader" (pos=<7173.500000, 72.561798, 8110.560059>).
19:44:04 [Market] Player "[R.E.D] DoDgY" (id=ktRM41tfmEPWvroZR3AqsVqtk95x7WD2p7citvvKp8g=) has sold lard x1 at the trader "Hunting (Peter [Hunter & Fish Trader])" in market zone "OUTLIVE Hunter&Fish Trader" (pos=<7173.500000, 72.561798, 8110.560059>) and got 66.
19:44:05 [Market] Player "[R.E.D] DoDgY" (id=ktRM41tfmEPWvroZR3AqsVqtk95x7WD2p7citvvKp8g=) has send a requested to sell lard x1 at the trader "Hunting (Peter [Hunter & Fish Trader])" in market zone "OUTLIVE Hunter&Fish Trader" (pos=<7173.500000, 72.561798, 8110.560059>).
19:44:05 [Market] Player "[R.E.D] DoDgY" (id=ktRM41tfmEPWvroZR3AqsVqtk95x7WD2p7citvvKp8g=) has sold lard x1 at the trader "Hunting (Peter [Hunter & Fish Trader])" in market zone "OUTLIVE Hunter&Fish Trader" (pos=<7173.500000, 72.561798, 8110.560059>) and got 79.
19:44:11 [Market] Player "[R.E.D] DoDgY" (id=ktRM41tfmEPWvroZR3AqsVqtk95x7WD2p7citvvKp8g=) has send a requested to sell wildboarpelt x1 at the trader "Hunting (Peter [Hunter & Fish Trader])" in market zone "OUTLIVE Hunter&Fish Trader" (pos=<7173.500000, 72.561798, 8110.560059>).
19:44:11 [Market] Player "[R.E.D] DoDgY" (id=ktRM41tfmEPWvroZR3AqsVqtk95x7WD2p7citvvKp8g=) has sold wildboarpelt x1 at the trader "Hunting (Peter [Hunter & Fish Trader])" in market zone "OUTLIVE Hunter&Fish Trader" (pos=<7173.500000, 72.561798, 8110.560059>) and got 1350.
19:44:12 [Market] Player "[R.E.D] DoDgY" (id=ktRM41tfmEPWvroZR3AqsVqtk95x7WD2p7citvvKp8g=) has send a requested to sell wildboarpelt x1 at the trader "Hunting (Peter [Hunter & Fish Trader])" in market zone "OUTLIVE Hunter&Fish Trader" (pos=<7173.500000, 72.561798, 8110.560059>).
19:44:12 [Market] Player "[R.E.D] DoDgY" (id=ktRM41tfmEPWvroZR3AqsVqtk95x7WD2p7citvvKp8g=) has sold wildboarpelt x1 at the trader "Hunting (Peter [Hunter & Fish Trader])" in market zone "OUTLIVE Hunter&Fish Trader" (pos=<7173.500000, 72.561798, 8110.560059>) and got 450.
19:44:28 [Expansion Quests] - CompleteQuest - Player with UID ktRM41tfmEPWvroZR3AqsVqtk95x7WD2p7citvvKp8g= has completed quest 14
19:44:28 [Expansion Quests] - ExpansionQuest - Quest owner ID: ktRM41tfmEPWvroZR3AqsVqtk95x7WD2p7citvvKp8g=
19:44:28 [Expansion Quests] - ExpansionQuest - Quest ID: 14
19:44:28 [Expansion Quests] - ExpansionQuest - Quest state: 3
19:44:28 [Expansion Quests] - ExpansionQuest - Quest completed: true
19:44:56 [VehicleCarKey] Player "[R.E.D] The Old Man" (id=qa3SiHrOYQuyhWNE1xqFHOSVyeLINWrI-wJF_cwVwyw= pos=<7008.663574, 1.655299, 5091.556152>) used the  ExpansionCarKey to unlock a ExpansionUtilityBoat
19:48:10 [VehicleCarKey] Player "[R.E.D] The Old Man" (id=qa3SiHrOYQuyhWNE1xqFHOSVyeLINWrI-wJF_cwVwyw= pos=<8336.201172, 1.564433, 5827.479004>) used the  ExpansionCarKey to lock a ExpansionUtilityBoat
19:48:50 [VehicleCarKey] Player "Heroquest" (id=ewpcSX1gVl6rtoiM1TLJPYAJ8T38ZdMCN0onTChMs54= pos=<5026.420410, 1.516449, 605.853149>) used the  ExpansionCarKey to unlock a ExpansionUtilityBoat
19:50:01 [Safezone] Player "Loomio" (id=O51WMdDQzgXORUqSM5snQEXNY_mRJk6JpE3sxZs1430= pos=<4366.458008, 4.250017, 4056.874756>) Entered the safezone
19:50:32 [VehicleCarKey] Player "Loomio" (id=O51WMdDQzgXORUqSM5snQEXNY_mRJk6JpE3sxZs1430= pos=<4266.739258, 11.294480, 4200.875977>) used the  ExpansionCarKey to unlock a ExpansionUAZ
19:51:17 [Safezone] Player "Loomio" (id=O51WMdDQzgXORUqSM5snQEXNY_mRJk6JpE3sxZs1430= pos=<4414.514648, 4.416933, 3900.678467>) Left the safezone
19:52:43 [VehicleCarKey] Player "Loomio" (id=O51WMdDQzgXORUqSM5snQEXNY_mRJk6JpE3sxZs1430= pos=<4465.834961, 5.046824, 3167.255615>) used the  ExpansionCarKey to lock a ExpansionUAZ
19:52:54 [Safezone] Player "Heroquest" (id=ewpcSX1gVl6rtoiM1TLJPYAJ8T38ZdMCN0onTChMs54= pos=<4421.404297, 0.575352, 4166.311035>) Entered the safezone
19:53:06 [VehicleCarKey] Player "Heroquest" (id=ewpcSX1gVl6rtoiM1TLJPYAJ8T38ZdMCN0onTChMs54= pos=<4412.607910, 0.667538, 4181.471191>) used the  ExpansionCarKey to lock a ExpansionUtilityBoat
19:53:58 [Market] Player "Heroquest" (id=ewpcSX1gVl6rtoiM1TLJPYAJ8T38ZdMCN0onTChMs54=) has send a requested to sell twp_americanrifle x1 at the trader "Weapons (Denis [#STR_EXPANSION_MARKET_TRADER_WEAPONS])" in market zone "OUTLIVE Trader" (pos=<4291.589844, 25.247801, 4162.500000>).
19:53:58 [Market] Player "Heroquest" (id=ewpcSX1gVl6rtoiM1TLJPYAJ8T38ZdMCN0onTChMs54=) has sold twp_americanrifle x1 at the trader "Weapons (Denis [#STR_EXPANSION_MARKET_TRADER_WEAPONS])" in market zone "OUTLIVE Trader" (pos=<4291.589844, 25.247801, 4162.500000>) and got 5000.
19:54:04 [Market] Player "Heroquest" (id=ewpcSX1gVl6rtoiM1TLJPYAJ8T38ZdMCN0onTChMs54=) has send a requested to sell twp_ash12 x1 at the trader "Weapons (Denis [#STR_EXPANSION_MARKET_TRADER_WEAPONS])" in market zone "OUTLIVE Trader" (pos=<4291.589844, 25.247801, 4162.500000>).
19:54:04 [Market] Player "Heroquest" (id=ewpcSX1gVl6rtoiM1TLJPYAJ8T38ZdMCN0onTChMs54=) has sold twp_ash12 x1 at the trader "Weapons (Denis [#STR_EXPANSION_MARKET_TRADER_WEAPONS])" in market zone "OUTLIVE Trader" (pos=<4291.589844, 25.247801, 4162.500000>) and got 2200.
19:54:17 [Market] Player "Heroquest" (id=ewpcSX1gVl6rtoiM1TLJPYAJ8T38ZdMCN0onTChMs54=) has send a requested to sell twp_m4a1 x1 at the trader "Weapons (Denis [#STR_EXPANSION_MARKET_TRADER_WEAPONS])" in market zone "OUTLIVE Trader" (pos=<4291.589844, 25.247801, 4162.500000>).
19:54:17 [Market] Player "Heroquest" (id=ewpcSX1gVl6rtoiM1TLJPYAJ8T38ZdMCN0onTChMs54=) has sold twp_m4a1 x1 at the trader "Weapons (Denis [#STR_EXPANSION_MARKET_TRADER_WEAPONS])" in market zone "OUTLIVE Trader" (pos=<4291.589844, 25.247801, 4162.500000>) and got 1500.
19:54:53 [Market] Player "Heroquest" (id=ewpcSX1gVl6rtoiM1TLJPYAJ8T38ZdMCN0onTChMs54=) has send a requested to sell mad_ghilliehood_white x1 at the trader "Clothing (Linda [#STR_EXPANSION_MARKET_TRADER_CLOTHING])" in market zone "OUTLIVE Trader" (pos=<4291.589844, 25.247801, 4162.500000>).
19:54:53 [Market] Player "Heroquest" (id=ewpcSX1gVl6rtoiM1TLJPYAJ8T38ZdMCN0onTChMs54=) has sold mad_ghilliehood_white x1 at the trader "Clothing (Linda [#STR_EXPANSION_MARKET_TRADER_CLOTHING])" in market zone "OUTLIVE Trader" (pos=<4291.589844, 25.247801, 4162.500000>) and got 500.
19:54:56 [Market] Player "Heroquest" (id=ewpcSX1gVl6rtoiM1TLJPYAJ8T38ZdMCN0onTChMs54=) has send a requested to sell outlive_ghillieatt_woodland2 x1 at the trader "Clothing (Linda [#STR_EXPANSION_MARKET_TRADER_CLOTHING])" in market zone "OUTLIVE Trader" (pos=<4291.589844, 25.247801, 4162.500000>).
19:54:56 [Market] Player "Heroquest" (id=ewpcSX1gVl6rtoiM1TLJPYAJ8T38ZdMCN0onTChMs54=) has sold outlive_ghillieatt_woodland2 x1 at the trader "Clothing (Linda [#STR_EXPANSION_MARKET_TRADER_CLOTHING])" in market zone "OUTLIVE Trader" (pos=<4291.589844, 25.247801, 4162.500000>) and got 800.
19:55:02 [Market] Player "Heroquest" (id=ewpcSX1gVl6rtoiM1TLJPYAJ8T38ZdMCN0onTChMs54=) has send a requested to sell mmg_striker_helmet_green x1 at the trader "Clothing (Linda [#STR_EXPANSION_MARKET_TRADER_CLOTHING])" in market zone "OUTLIVE Trader" (pos=<4291.589844, 25.247801, 4162.500000>).
19:55:02 [Market] Player "Heroquest" (id=ewpcSX1gVl6rtoiM1TLJPYAJ8T38ZdMCN0onTChMs54=) has sold mmg_striker_helmet_green x1 at the trader "Clothing (Linda [#STR_EXPANSION_MARKET_TRADER_CLOTHING])" in market zone "OUTLIVE Trader" (pos=<4291.589844, 25.247801, 4162.500000>) and got 750.
19:55:05 [Market] Player "Heroquest" (id=ewpcSX1gVl6rtoiM1TLJPYAJ8T38ZdMCN0onTChMs54=) has send a requested to sell mmg_striker_helmet_ucp x1 at the trader "Clothing (Linda [#STR_EXPANSION_MARKET_TRADER_CLOTHING])" in market zone "OUTLIVE Trader" (pos=<4291.589844, 25.247801, 4162.500000>).
19:55:05 [Market] Player "Heroquest" (id=ewpcSX1gVl6rtoiM1TLJPYAJ8T38ZdMCN0onTChMs54=) has sold mmg_striker_helmet_ucp x1 at the trader "Clothing (Linda [#STR_EXPANSION_MARKET_TRADER_CLOTHING])" in market zone "OUTLIVE Trader" (pos=<4291.589844, 25.247801, 4162.500000>) and got 750.
19:55:07 [Market] Player "Heroquest" (id=ewpcSX1gVl6rtoiM1TLJPYAJ8T38ZdMCN0onTChMs54=) has send a requested to sell mmg_tactical_helmet_multicam_tropic x1 at the trader "Clothing (Linda [#STR_EXPANSION_MARKET_TRADER_CLOTHING])" in market zone "OUTLIVE Trader" (pos=<4291.589844, 25.247801, 4162.500000>).
19:55:07 [Market] Player "Heroquest" (id=ewpcSX1gVl6rtoiM1TLJPYAJ8T38ZdMCN0onTChMs54=) has sold mmg_tactical_helmet_multicam_tropic x1 at the trader "Clothing (Linda [#STR_EXPANSION_MARKET_TRADER_CLOTHING])" in market zone "OUTLIVE Trader" (pos=<4291.589844, 25.247801, 4162.500000>) and got 500.
19:55:10 [Market] Player "Heroquest" (id=ewpcSX1gVl6rtoiM1TLJPYAJ8T38ZdMCN0onTChMs54=) has send a requested to sell mmg_mk_iii_armor_green x1 at the trader "Clothing (Linda [#STR_EXPANSION_MARKET_TRADER_CLOTHING])" in market zone "OUTLIVE Trader" (pos=<4291.589844, 25.247801, 4162.500000>).
19:55:10 [Market] Player "Heroquest" (id=ewpcSX1gVl6rtoiM1TLJPYAJ8T38ZdMCN0onTChMs54=) has sold mmg_mk_iii_armor_green x1 at the trader "Clothing (Linda [#STR_EXPANSION_MARKET_TRADER_CLOTHING])" in market zone "OUTLIVE Trader" (pos=<4291.589844, 25.247801, 4162.500000>) and got 2750.
19:55:16 [Market] Player "Heroquest" (id=ewpcSX1gVl6rtoiM1TLJPYAJ8T38ZdMCN0onTChMs54=) has send a requested to sell mvs_comtacs_tan x1 at the trader "Clothing (Linda [#STR_EXPANSION_MARKET_TRADER_CLOTHING])" in market zone "OUTLIVE Trader" (pos=<4291.589844, 25.247801, 4162.500000>).
19:55:17 [Market] Player "Heroquest" (id=ewpcSX1gVl6rtoiM1TLJPYAJ8T38ZdMCN0onTChMs54=) has sold mvs_comtacs_tan x1 at the trader "Clothing (Linda [#STR_EXPANSION_MARKET_TRADER_CLOTHING])" in market zone "OUTLIVE Trader" (pos=<4291.589844, 25.247801, 4162.500000>) and got 225.
19:55:29 [Market] Player "Heroquest" (id=ewpcSX1gVl6rtoiM1TLJPYAJ8T38ZdMCN0onTChMs54=) has send a requested to sell mmg_striker_helmet_ucp x1 at the trader "Clothing (Linda [#STR_EXPANSION_MARKET_TRADER_CLOTHING])" in market zone "OUTLIVE Trader" (pos=<4291.589844, 25.247801, 4162.500000>).
19:55:29 [Market] Player "Heroquest" (id=ewpcSX1gVl6rtoiM1TLJPYAJ8T38ZdMCN0onTChMs54=) has sold mmg_striker_helmet_ucp x1 at the trader "Clothing (Linda [#STR_EXPANSION_MARKET_TRADER_CLOTHING])" in market zone "OUTLIVE Trader" (pos=<4291.589844, 25.247801, 4162.500000>) and got 750.
19:56:14 [Market] Player "Heroquest" (id=ewpcSX1gVl6rtoiM1TLJPYAJ8T38ZdMCN0onTChMs54=) has send a requested to sell mmg_falcon_b1_belt_ucp x1 at the trader "Clothing (Linda [#STR_EXPANSION_MARKET_TRADER_CLOTHING])" in market zone "OUTLIVE Trader" (pos=<4291.589844, 25.247801, 4162.500000>).
19:56:14 [Market] Player "Heroquest" (id=ewpcSX1gVl6rtoiM1TLJPYAJ8T38ZdMCN0onTChMs54=) has sold mmg_falcon_b1_belt_ucp x1 at the trader "Clothing (Linda [#STR_EXPANSION_MARKET_TRADER_CLOTHING])" in market zone "OUTLIVE Trader" (pos=<4291.589844, 25.247801, 4162.500000>) and got 1500.
19:57:35 [Market] Player "Heroquest" (id=ewpcSX1gVl6rtoiM1TLJPYAJ8T38ZdMCN0onTChMs54=) has send a requested to sell mmg_tactical_pouch_tan x1 at the trader "Clothing (Linda [#STR_EXPANSION_MARKET_TRADER_CLOTHING])" in market zone "OUTLIVE Trader" (pos=<4291.589844, 25.247801, 4162.500000>).
19:57:36 [Market] Player "Heroquest" (id=ewpcSX1gVl6rtoiM1TLJPYAJ8T38ZdMCN0onTChMs54=) has sold mmg_tactical_pouch_tan x1 at the trader "Clothing (Linda [#STR_EXPANSION_MARKET_TRADER_CLOTHING])" in market zone "OUTLIVE Trader" (pos=<4291.589844, 25.247801, 4162.500000>) and got 200.
19:58:04 [ATM Locker] Player "Heroquest" (id=ewpcSX1gVl6rtoiM1TLJPYAJ8T38ZdMCN0onTChMs54=) has deposited 17425 on his ATM account.
