12:17:36 [MissionAirdrop] An airdrop is heading towards "Gollenhausen" (pos=<8957.000000, 0.000000, 8931.000000> type=Random_Gollenhausen) with a ExpansionAirdropContainer_Military
12:17:36 [MissionAirdrop] An airdrop is heading towards "Prien" (pos=<4452.000000, 0.000000, 2196.000000> type=Random_Prien) with a ExpansionAirdropContainer_Medical
12:22:25 [VehicleCarKey] Player "Belthazar" (id=RltGA7jYsRIS6j9XdLdrJPzdhNNDCxY3jxHIri3V2DM= pos=<4488.923828, 1.226589, 3097.064453>) used the  ExpansionCarKey to lock a ExpansionVodnik
12:23:07 [VehicleCarKey] Player "Bflame" (id=u7jy1hFXeX-3C-ubChAdh59YiiyuY16LDVnTQIqtPmk= pos=<2481.578857, 22.523710, 2580.067383>) used the  ExpansionCarKey to unlock a Expansion_Landrover_Green
12:33:19 [VehicleCarKey] Player "Bflame" (id=u7jy1hFXeX-3C-ubChAdh59YiiyuY16LDVnTQIqtPmk= pos=<1147.235352, 19.752499, 2530.064697>) used the  ExpansionCarKey to lock a Expansion_Landrover_Green
12:33:48 [Safezone] Player "martyCZ" (id=44dQ0cnFzUA_6kpX-D9wUNcXT2m9kkMRQUwMD_7CwEg= pos=<4189.353516, 14.344609, 4242.783691>) Entered the safezone
12:34:17 [Market] Player "martyCZ" (id=44dQ0cnFzUA_6kpX-D9wUNcXT2m9kkMRQUwMD_7CwEg=) has send a requested to sell rangefinder x1 at the trader "BuildingSupplies (Boris [BUILDING SUPPLIES TRADER])" in market zone "OUTLIVE Trader" (pos=<4291.589844, 25.247801, 4162.500000>).
12:34:17 [Market] Player "martyCZ" (id=44dQ0cnFzUA_6kpX-D9wUNcXT2m9kkMRQUwMD_7CwEg=) has sold rangefinder x1 at the trader "BuildingSupplies (Boris [BUILDING SUPPLIES TRADER])" in market zone "OUTLIVE Trader" (pos=<4291.589844, 25.247801, 4162.500000>) and got 175.
12:35:01 [Market] Player "martyCZ" (id=44dQ0cnFzUA_6kpX-D9wUNcXT2m9kkMRQUwMD_7CwEg=) has send a requested to sell msp_baseballbat x1 at the trader "Weapons (Denis [WEAPONS TRADER])" in market zone "OUTLIVE Trader" (pos=<4291.589844, 25.247801, 4162.500000>).
12:35:02 [Market] Player "martyCZ" (id=44dQ0cnFzUA_6kpX-D9wUNcXT2m9kkMRQUwMD_7CwEg=) has sold msp_baseballbat x1 at the trader "Weapons (Denis [WEAPONS TRADER])" in market zone "OUTLIVE Trader" (pos=<4291.589844, 25.247801, 4162.500000>) and got 100.
12:35:05 [Market] Player "martyCZ" (id=44dQ0cnFzUA_6kpX-D9wUNcXT2m9kkMRQUwMD_7CwEg=) has send a requested to sell twp_axe x1 at the trader "Weapons (Denis [WEAPONS TRADER])" in market zone "OUTLIVE Trader" (pos=<4291.589844, 25.247801, 4162.500000>).
12:35:05 [Market] Player "martyCZ" (id=44dQ0cnFzUA_6kpX-D9wUNcXT2m9kkMRQUwMD_7CwEg=) has sold twp_axe x1 at the trader "Weapons (Denis [WEAPONS TRADER])" in market zone "OUTLIVE Trader" (pos=<4291.589844, 25.247801, 4162.500000>) and got 130.
12:35:34 [Market] Player "martyCZ" (id=44dQ0cnFzUA_6kpX-D9wUNcXT2m9kkMRQUwMD_7CwEg=) has send a requested to sell twp_m16a2 x1 at the trader "Weapons (Denis [WEAPONS TRADER])" in market zone "OUTLIVE Trader" (pos=<4291.589844, 25.247801, 4162.500000>).
12:35:34 [Market] Player "martyCZ" (id=44dQ0cnFzUA_6kpX-D9wUNcXT2m9kkMRQUwMD_7CwEg=) has sold twp_m16a2 x1 at the trader "Weapons (Denis [WEAPONS TRADER])" in market zone "OUTLIVE Trader" (pos=<4291.589844, 25.247801, 4162.500000>) and got 2200.
12:37:20 [VehicleCarKey] Player "Bflame" (id=u7jy1hFXeX-3C-ubChAdh59YiiyuY16LDVnTQIqtPmk= pos=<1143.628174, 19.752499, 2529.687500>) used the  ExpansionCarKey to unlock a Expansion_Landrover_Green
12:37:56 [Market] Player "martyCZ" (id=44dQ0cnFzUA_6kpX-D9wUNcXT2m9kkMRQUwMD_7CwEg=) has send a requested to sell m4a1 x1 at the trader "Weapons (Denis [WEAPONS TRADER])" in market zone "OUTLIVE Trader" (pos=<4291.589844, 25.247801, 4162.500000>).
12:37:56 [Market] Player "martyCZ" (id=44dQ0cnFzUA_6kpX-D9wUNcXT2m9kkMRQUwMD_7CwEg=) has sold m4a1 x1 at the trader "Weapons (Denis [WEAPONS TRADER])" in market zone "OUTLIVE Trader" (pos=<4291.589844, 25.247801, 4162.500000>) and got 1640.
12:38:10 [Market] Player "martyCZ" (id=44dQ0cnFzUA_6kpX-D9wUNcXT2m9kkMRQUwMD_7CwEg=) has send a requested to sell twp_optic_reddot x1 at the trader "Attachments (Oliver [ATTACHMENTS TRADER])" in market zone "OUTLIVE Trader" (pos=<4291.589844, 25.247801, 4162.500000>).
12:38:10 [Market] Player "martyCZ" (id=44dQ0cnFzUA_6kpX-D9wUNcXT2m9kkMRQUwMD_7CwEg=) has sold twp_optic_reddot x1 at the trader "Attachments (Oliver [ATTACHMENTS TRADER])" in market zone "OUTLIVE Trader" (pos=<4291.589844, 25.247801, 4162.500000>) and got 188.
12:38:20 [Market] Player "martyCZ" (id=44dQ0cnFzUA_6kpX-D9wUNcXT2m9kkMRQUwMD_7CwEg=) has send a requested to sell acogoptic x1 at the trader "Attachments (Oliver [ATTACHMENTS TRADER])" in market zone "OUTLIVE Trader" (pos=<4291.589844, 25.247801, 4162.500000>).
12:38:20 [Market] Player "martyCZ" (id=44dQ0cnFzUA_6kpX-D9wUNcXT2m9kkMRQUwMD_7CwEg=) has sold acogoptic x1 at the trader "Attachments (Oliver [ATTACHMENTS TRADER])" in market zone "OUTLIVE Trader" (pos=<4291.589844, 25.247801, 4162.500000>) and got 120.
12:39:25 [Market] Player "martyCZ" (id=44dQ0cnFzUA_6kpX-D9wUNcXT2m9kkMRQUwMD_7CwEg=) has send a requested to sell twp_mk23light x1 at the trader "Attachments (Oliver [ATTACHMENTS TRADER])" in market zone "OUTLIVE Trader" (pos=<4291.589844, 25.247801, 4162.500000>).
12:39:26 [Market] Player "martyCZ" (id=44dQ0cnFzUA_6kpX-D9wUNcXT2m9kkMRQUwMD_7CwEg=) has sold twp_mk23light x1 at the trader "Attachments (Oliver [ATTACHMENTS TRADER])" in market zone "OUTLIVE Trader" (pos=<4291.589844, 25.247801, 4162.500000>) and got 100.
12:40:04 [ATM Locker] Player "martyCZ" (id=44dQ0cnFzUA_6kpX-D9wUNcXT2m9kkMRQUwMD_7CwEg=) has deposited 4653 on his ATM account.
12:40:55 [VehicleCarKey] Player "Bflame" (id=u7jy1hFXeX-3C-ubChAdh59YiiyuY16LDVnTQIqtPmk= pos=<1010.959229, 15.752483, 2374.826416>) used the  ExpansionCarKey to lock a Expansion_Landrover_Green
12:44:15 [VehicleCarKey] Player "Belthazar" (id=RltGA7jYsRIS6j9XdLdrJPzdhNNDCxY3jxHIri3V2DM= pos=<4489.857910, 1.214622, 3094.630371>) used the  ExpansionCarKey to unlock a ExpansionVodnik
12:57:10 [VehicleCarKey] Player "Belthazar" (id=RltGA7jYsRIS6j9XdLdrJPzdhNNDCxY3jxHIri3V2DM= pos=<4485.787109, 1.525113, 3095.349854>) used the  ExpansionCarKey to lock a ExpansionVodnik
12:59:30 [VehicleCarKey] Player "Bflame" (id=u7jy1hFXeX-3C-ubChAdh59YiiyuY16LDVnTQIqtPmk= pos=<1010.414673, 15.752499, 2374.771729>) used the  ExpansionCarKey to unlock a Expansion_Landrover_Green
13:09:24 [VehicleCarKey] Player "Bflame" (id=u7jy1hFXeX-3C-ubChAdh59YiiyuY16LDVnTQIqtPmk= pos=<2254.556152, 19.292496, 3295.361572>) used the  ExpansionCarKey to lock a Expansion_Landrover_Green
13:15:09 [Safezone] Player "Pivo_tn" (id=GUHI2I0Vs22aRc9THQKqgNHrOWYalmAZ-bHCPSQrPgQ= pos=<4353.006348, -0.512592, 4276.718262>) Entered the safezone
13:15:59 [Market] Player "Pivo_tn" (id=GUHI2I0Vs22aRc9THQKqgNHrOWYalmAZ-bHCPSQrPgQ=) has send a requested to sell carbattery x1 at the trader "Vehicles (Peter [VEHICLES TRADER])" in market zone "OUTLIVE Trader" (pos=<4291.589844, 25.247801, 4162.500000>).
13:15:59 [Market] Player "Pivo_tn" (id=GUHI2I0Vs22aRc9THQKqgNHrOWYalmAZ-bHCPSQrPgQ=) has sold carbattery x1 at the trader "Vehicles (Peter [VEHICLES TRADER])" in market zone "OUTLIVE Trader" (pos=<4291.589844, 25.247801, 4162.500000>) and got 300.
13:16:14 [Market] Player "Pivo_tn" (id=GUHI2I0Vs22aRc9THQKqgNHrOWYalmAZ-bHCPSQrPgQ=) has send a requested to sell msp_tacklebox x1 at the trader "BuildingSupplies (Boris [BUILDING SUPPLIES TRADER])" in market zone "OUTLIVE Trader" (pos=<4291.589844, 25.247801, 4162.500000>).
13:16:14 [Market] Player "Pivo_tn" (id=GUHI2I0Vs22aRc9THQKqgNHrOWYalmAZ-bHCPSQrPgQ=) has sold msp_tacklebox x1 at the trader "BuildingSupplies (Boris [BUILDING SUPPLIES TRADER])" in market zone "OUTLIVE Trader" (pos=<4291.589844, 25.247801, 4162.500000>) and got 180.
13:16:16 [Market] Player "Pivo_tn" (id=GUHI2I0Vs22aRc9THQKqgNHrOWYalmAZ-bHCPSQrPgQ=) has send a requested to sell nailbox x1 at the trader "BuildingSupplies (Boris [BUILDING SUPPLIES TRADER])" in market zone "OUTLIVE Trader" (pos=<4291.589844, 25.247801, 4162.500000>).
13:16:16 [Market] Player "Pivo_tn" (id=GUHI2I0Vs22aRc9THQKqgNHrOWYalmAZ-bHCPSQrPgQ=) has sold nailbox x1 at the trader "BuildingSupplies (Boris [BUILDING SUPPLIES TRADER])" in market zone "OUTLIVE Trader" (pos=<4291.589844, 25.247801, 4162.500000>) and got 500.
13:16:32 [Market] Player "Pivo_tn" (id=GUHI2I0Vs22aRc9THQKqgNHrOWYalmAZ-bHCPSQrPgQ=) has send a requested to sell expansion_ammo_8mm x1 at the trader "Attachments (Oliver [ATTACHMENTS TRADER])" in market zone "OUTLIVE Trader" (pos=<4291.589844, 25.247801, 4162.500000>).
13:16:32 [Market] Player "Pivo_tn" (id=GUHI2I0Vs22aRc9THQKqgNHrOWYalmAZ-bHCPSQrPgQ=) has sold expansion_ammo_8mm x1 at the trader "Attachments (Oliver [ATTACHMENTS TRADER])" in market zone "OUTLIVE Trader" (pos=<4291.589844, 25.247801, 4162.500000>) and got 2.
13:16:39 [Market] Player "Pivo_tn" (id=GUHI2I0Vs22aRc9THQKqgNHrOWYalmAZ-bHCPSQrPgQ=) has send a requested to sell expansion_ammo_8mm x23 at the trader "Attachments (Oliver [ATTACHMENTS TRADER])" in market zone "OUTLIVE Trader" (pos=<4291.589844, 25.247801, 4162.500000>).
13:16:39 [Market] Player "Pivo_tn" (id=GUHI2I0Vs22aRc9THQKqgNHrOWYalmAZ-bHCPSQrPgQ=) has sold expansion_ammo_8mm x23 at the trader "Attachments (Oliver [ATTACHMENTS TRADER])" in market zone "OUTLIVE Trader" (pos=<4291.589844, 25.247801, 4162.500000>) and got 34.
13:16:46 [Market] Player "Pivo_tn" (id=GUHI2I0Vs22aRc9THQKqgNHrOWYalmAZ-bHCPSQrPgQ=) has send a requested to sell ammo_9x19 x48 at the trader "Attachments (Oliver [ATTACHMENTS TRADER])" in market zone "OUTLIVE Trader" (pos=<4291.589844, 25.247801, 4162.500000>).
13:16:46 [Market] Player "Pivo_tn" (id=GUHI2I0Vs22aRc9THQKqgNHrOWYalmAZ-bHCPSQrPgQ=) has sold ammo_9x19 x48 at the trader "Attachments (Oliver [ATTACHMENTS TRADER])" in market zone "OUTLIVE Trader" (pos=<4291.589844, 25.247801, 4162.500000>) and got 72.
13:22:02 [ATM Locker] Player "Pivo_tn" (id=GUHI2I0Vs22aRc9THQKqgNHrOWYalmAZ-bHCPSQrPgQ=) has withdrawn 86999 from his ATM account.
13:22:49 [Market] Player "Pivo_tn" (id=GUHI2I0Vs22aRc9THQKqgNHrOWYalmAZ-bHCPSQrPgQ=) has send a requested to purchase mvs_pack_black x1 from the trader "Clothing (Linda [CLOTHING TRADER])" in market zone "OUTLIVE Trader" (pos=<4291.589844, 25.247801, 4162.500000>).
13:22:49 [Market] Player "Pivo_tn" (id=GUHI2I0Vs22aRc9THQKqgNHrOWYalmAZ-bHCPSQrPgQ=) has bought mvs_pack_black x1 from the trader "Clothing (Linda [CLOTHING TRADER])" in market zone "OUTLIVE Trader" (pos=<4291.589844, 25.247801, 4162.500000>) for a price of 10000.
13:24:24 [Market] Player "Pivo_tn" (id=GUHI2I0Vs22aRc9THQKqgNHrOWYalmAZ-bHCPSQrPgQ=) has send a requested to purchase combatboots_beige x1 from the trader "Clothing (Linda [CLOTHING TRADER])" in market zone "OUTLIVE Trader" (pos=<4291.589844, 25.247801, 4162.500000>).
13:24:24 [Market] Player "Pivo_tn" (id=GUHI2I0Vs22aRc9THQKqgNHrOWYalmAZ-bHCPSQrPgQ=) has bought combatboots_beige x1 from the trader "Clothing (Linda [CLOTHING TRADER])" in market zone "OUTLIVE Trader" (pos=<4291.589844, 25.247801, 4162.500000>) for a price of 1600.
13:24:30 [VehicleCarKey] Player "Bflame" (id=u7jy1hFXeX-3C-ubChAdh59YiiyuY16LDVnTQIqtPmk= pos=<2255.350586, 19.292500, 3294.622559>) used the  ExpansionCarKey to unlock a Expansion_Landrover_Green
13:24:38 [Market] Player "Pivo_tn" (id=GUHI2I0Vs22aRc9THQKqgNHrOWYalmAZ-bHCPSQrPgQ=) has send a requested to purchase smershvest x1 from the trader "Clothing (Linda [CLOTHING TRADER])" in market zone "OUTLIVE Trader" (pos=<4291.589844, 25.247801, 4162.500000>).
13:24:38 [Market] Player "Pivo_tn" (id=GUHI2I0Vs22aRc9THQKqgNHrOWYalmAZ-bHCPSQrPgQ=) has bought smershvest x1 from the trader "Clothing (Linda [CLOTHING TRADER])" in market zone "OUTLIVE Trader" (pos=<4291.589844, 25.247801, 4162.500000>) for a price of 2200.
13:25:02 [Market] Player "Pivo_tn" (id=GUHI2I0Vs22aRc9THQKqgNHrOWYalmAZ-bHCPSQrPgQ=) has send a requested to purchase msp_waistpack_tan x1 from the trader "Clothing (Linda [CLOTHING TRADER])" in market zone "OUTLIVE Trader" (pos=<4291.589844, 25.247801, 4162.500000>).
13:25:02 [Market] Player "Pivo_tn" (id=GUHI2I0Vs22aRc9THQKqgNHrOWYalmAZ-bHCPSQrPgQ=) has bought msp_waistpack_tan x1 from the trader "Clothing (Linda [CLOTHING TRADER])" in market zone "OUTLIVE Trader" (pos=<4291.589844, 25.247801, 4162.500000>) for a price of 2500.
13:25:02 [Market] Player "Pivo_tn" (id=GUHI2I0Vs22aRc9THQKqgNHrOWYalmAZ-bHCPSQrPgQ=) has send a requested to purchase civilianbelt x1 from the trader "Clothing (Linda [CLOTHING TRADER])" in market zone "OUTLIVE Trader" (pos=<4291.589844, 25.247801, 4162.500000>).
13:25:03 [Market] Player "Pivo_tn" (id=GUHI2I0Vs22aRc9THQKqgNHrOWYalmAZ-bHCPSQrPgQ=) has bought civilianbelt x1 from the trader "Clothing (Linda [CLOTHING TRADER])" in market zone "OUTLIVE Trader" (pos=<4291.589844, 25.247801, 4162.500000>) for a price of 2000.
13:25:13 [Market] Player "Pivo_tn" (id=GUHI2I0Vs22aRc9THQKqgNHrOWYalmAZ-bHCPSQrPgQ=) has send a requested to purchase mvs_combat_vest_od x1 from the trader "Clothing (Linda [CLOTHING TRADER])" in market zone "OUTLIVE Trader" (pos=<4291.589844, 25.247801, 4162.500000>).
13:25:13 [Market] Player "Pivo_tn" (id=GUHI2I0Vs22aRc9THQKqgNHrOWYalmAZ-bHCPSQrPgQ=) has bought mvs_combat_vest_od x1 from the trader "Clothing (Linda [CLOTHING TRADER])" in market zone "OUTLIVE Trader" (pos=<4291.589844, 25.247801, 4162.500000>) for a price of 31700.
13:25:20 [Market] Player "Pivo_tn" (id=GUHI2I0Vs22aRc9THQKqgNHrOWYalmAZ-bHCPSQrPgQ=) has send a requested to purchase mvs_medical_pouch_od x1 from the trader "Clothing (Linda [CLOTHING TRADER])" in market zone "OUTLIVE Trader" (pos=<4291.589844, 25.247801, 4162.500000>).
13:25:20 [Market] Player "Pivo_tn" (id=GUHI2I0Vs22aRc9THQKqgNHrOWYalmAZ-bHCPSQrPgQ=) has bought mvs_medical_pouch_od x1 from the trader "Clothing (Linda [CLOTHING TRADER])" in market zone "OUTLIVE Trader" (pos=<4291.589844, 25.247801, 4162.500000>) for a price of 3200.
13:25:34 [Market] Player "Pivo_tn" (id=GUHI2I0Vs22aRc9THQKqgNHrOWYalmAZ-bHCPSQrPgQ=) has send a requested to purchase mvs_gorkajacket x1 from the trader "Clothing (Linda [CLOTHING TRADER])" in market zone "OUTLIVE Trader" (pos=<4291.589844, 25.247801, 4162.500000>).
13:25:34 [Market] Player "Pivo_tn" (id=GUHI2I0Vs22aRc9THQKqgNHrOWYalmAZ-bHCPSQrPgQ=) has bought mvs_gorkajacket x1 from the trader "Clothing (Linda [CLOTHING TRADER])" in market zone "OUTLIVE Trader" (pos=<4291.589844, 25.247801, 4162.500000>) for a price of 3550.
13:26:03 [Market] Player "Pivo_tn" (id=GUHI2I0Vs22aRc9THQKqgNHrOWYalmAZ-bHCPSQrPgQ=) has send a requested to purchase hunterpants_winter x1 from the trader "Clothing (Linda [CLOTHING TRADER])" in market zone "OUTLIVE Trader" (pos=<4291.589844, 25.247801, 4162.500000>).
13:26:03 [Market] Player "Pivo_tn" (id=GUHI2I0Vs22aRc9THQKqgNHrOWYalmAZ-bHCPSQrPgQ=) has bought hunterpants_winter x1 from the trader "Clothing (Linda [CLOTHING TRADER])" in market zone "OUTLIVE Trader" (pos=<4291.589844, 25.247801, 4162.500000>) for a price of 1800.
13:26:13 [Market] Player "Pivo_tn" (id=GUHI2I0Vs22aRc9THQKqgNHrOWYalmAZ-bHCPSQrPgQ=) has send a requested to purchase ssh68helmet x1 from the trader "Clothing (Linda [CLOTHING TRADER])" in market zone "OUTLIVE Trader" (pos=<4291.589844, 25.247801, 4162.500000>).
13:26:13 [Market] Player "Pivo_tn" (id=GUHI2I0Vs22aRc9THQKqgNHrOWYalmAZ-bHCPSQrPgQ=) has bought ssh68helmet x1 from the trader "Clothing (Linda [CLOTHING TRADER])" in market zone "OUTLIVE Trader" (pos=<4291.589844, 25.247801, 4162.500000>) for a price of 2700.
13:26:19 [Market] Player "Pivo_tn" (id=GUHI2I0Vs22aRc9THQKqgNHrOWYalmAZ-bHCPSQrPgQ=) has send a requested to purchase headtorch_black x1 from the trader "Clothing (Linda [CLOTHING TRADER])" in market zone "OUTLIVE Trader" (pos=<4291.589844, 25.247801, 4162.500000>).
13:26:19 [Market] Player "Pivo_tn" (id=GUHI2I0Vs22aRc9THQKqgNHrOWYalmAZ-bHCPSQrPgQ=) has bought headtorch_black x1 from the trader "Clothing (Linda [CLOTHING TRADER])" in market zone "OUTLIVE Trader" (pos=<4291.589844, 25.247801, 4162.500000>) for a price of 1500.
13:26:48 [Market] Player "Pivo_tn" (id=GUHI2I0Vs22aRc9THQKqgNHrOWYalmAZ-bHCPSQrPgQ=) has send a requested to sell ssh68helmet x1 at the trader "Clothing (Linda [CLOTHING TRADER])" in market zone "OUTLIVE Trader" (pos=<4291.589844, 25.247801, 4162.500000>).
13:26:48 [Market] Player "Pivo_tn" (id=GUHI2I0Vs22aRc9THQKqgNHrOWYalmAZ-bHCPSQrPgQ=) has sold ssh68helmet x1 at the trader "Clothing (Linda [CLOTHING TRADER])" in market zone "OUTLIVE Trader" (pos=<4291.589844, 25.247801, 4162.500000>) and got 270.
13:27:08 [Market] Player "Pivo_tn" (id=GUHI2I0Vs22aRc9THQKqgNHrOWYalmAZ-bHCPSQrPgQ=) has send a requested to purchase vitaminbottle x1 from the trader "Medicals (Eva [MEDICALS TRADER])" in market zone "OUTLIVE Trader" (pos=<4291.589844, 25.247801, 4162.500000>).
13:27:08 [Market] Player "Pivo_tn" (id=GUHI2I0Vs22aRc9THQKqgNHrOWYalmAZ-bHCPSQrPgQ=) has bought vitaminbottle x1 from the trader "Medicals (Eva [MEDICALS TRADER])" in market zone "OUTLIVE Trader" (pos=<4291.589844, 25.247801, 4162.500000>) for a price of 2500.
13:27:30 [ATM Locker] Player "Pivo_tn" (id=GUHI2I0Vs22aRc9THQKqgNHrOWYalmAZ-bHCPSQrPgQ=) has deposited 23107 on his ATM account.
13:41:19 [MissionAirdrop] An airdrop is heading towards "Weitmoos" (pos=<6222.000000, 0.000000, 9723.000000> type=Random_Weitmoos) with a ExpansionAirdropContainer_Military
13:41:19 [MissionAirdrop] An airdrop is heading towards "Schlachtfeld" (pos=<3059.000000, 0.000000, 1707.000000> type=Random_Schlachtfeld) with a ExpansionAirdropContainer_Medical
13:43:02 [Safezone] Player "Bflame" (id=u7jy1hFXeX-3C-ubChAdh59YiiyuY16LDVnTQIqtPmk= pos=<4367.962891, 5.213841, 4058.563477>) Entered the safezone
13:45:00 [VehicleCarKey] Player "Bflame" (id=u7jy1hFXeX-3C-ubChAdh59YiiyuY16LDVnTQIqtPmk= pos=<4255.058594, 11.985498, 4203.080078>) used the  ExpansionCarKey to lock a Expansion_Landrover_Green
13:45:21 [VehicleCarKey] Player "Bflame" (id=u7jy1hFXeX-3C-ubChAdh59YiiyuY16LDVnTQIqtPmk= pos=<4254.893555, 12.000569, 4203.379395>) used the  ExpansionCarKey to unlock a Expansion_Landrover_Green
13:46:10 [VehicleCarKey] Player "Bflame" (id=u7jy1hFXeX-3C-ubChAdh59YiiyuY16LDVnTQIqtPmk= pos=<4255.521973, 11.955848, 4202.912598>) used the  ExpansionCarKey to lock a Expansion_Landrover_Green
13:46:37 [Market] Player "Bflame" (id=u7jy1hFXeX-3C-ubChAdh59YiiyuY16LDVnTQIqtPmk=) has send a requested to sell msp_woodentable_kit x1 at the trader "BuildingSupplies (Boris [BUILDING SUPPLIES TRADER])" in market zone "OUTLIVE Trader" (pos=<4291.589844, 25.247801, 4162.500000>).
13:46:37 [Market] Player "Bflame" (id=u7jy1hFXeX-3C-ubChAdh59YiiyuY16LDVnTQIqtPmk=) has sold msp_woodentable_kit x1 at the trader "BuildingSupplies (Boris [BUILDING SUPPLIES TRADER])" in market zone "OUTLIVE Trader" (pos=<4291.589844, 25.247801, 4162.500000>) and got 500.
13:47:08 [Market] Player "Bflame" (id=u7jy1hFXeX-3C-ubChAdh59YiiyuY16LDVnTQIqtPmk=) has send a requested to sell expansioncodelock x1 at the trader "BuildingSupplies (Boris [BUILDING SUPPLIES TRADER])" in market zone "OUTLIVE Trader" (pos=<4291.589844, 25.247801, 4162.500000>).
13:47:08 [Market] Player "Bflame" (id=u7jy1hFXeX-3C-ubChAdh59YiiyuY16LDVnTQIqtPmk=) has sold expansioncodelock x1 at the trader "BuildingSupplies (Boris [BUILDING SUPPLIES TRADER])" in market zone "OUTLIVE Trader" (pos=<4291.589844, 25.247801, 4162.500000>) and got 3000.
13:47:10 [Market] Player "Bflame" (id=u7jy1hFXeX-3C-ubChAdh59YiiyuY16LDVnTQIqtPmk=) has send a requested to sell nailbox x1 at the trader "BuildingSupplies (Boris [BUILDING SUPPLIES TRADER])" in market zone "OUTLIVE Trader" (pos=<4291.589844, 25.247801, 4162.500000>).
13:47:11 [Market] Player "Bflame" (id=u7jy1hFXeX-3C-ubChAdh59YiiyuY16LDVnTQIqtPmk=) has sold nailbox x1 at the trader "BuildingSupplies (Boris [BUILDING SUPPLIES TRADER])" in market zone "OUTLIVE Trader" (pos=<4291.589844, 25.247801, 4162.500000>) and got 500.
13:47:11 [Market] Player "Bflame" (id=u7jy1hFXeX-3C-ubChAdh59YiiyuY16LDVnTQIqtPmk=) has send a requested to sell nailbox x1 at the trader "BuildingSupplies (Boris [BUILDING SUPPLIES TRADER])" in market zone "OUTLIVE Trader" (pos=<4291.589844, 25.247801, 4162.500000>).
13:47:11 [Market] Player "Bflame" (id=u7jy1hFXeX-3C-ubChAdh59YiiyuY16LDVnTQIqtPmk=) has sold nailbox x1 at the trader "BuildingSupplies (Boris [BUILDING SUPPLIES TRADER])" in market zone "OUTLIVE Trader" (pos=<4291.589844, 25.247801, 4162.500000>) and got 500.
13:47:11 [Market] Player "Bflame" (id=u7jy1hFXeX-3C-ubChAdh59YiiyuY16LDVnTQIqtPmk=) has send a requested to sell nailbox x1 at the trader "BuildingSupplies (Boris [BUILDING SUPPLIES TRADER])" in market zone "OUTLIVE Trader" (pos=<4291.589844, 25.247801, 4162.500000>).
13:47:11 [Market] Player "Bflame" (id=u7jy1hFXeX-3C-ubChAdh59YiiyuY16LDVnTQIqtPmk=) has sold nailbox x1 at the trader "BuildingSupplies (Boris [BUILDING SUPPLIES TRADER])" in market zone "OUTLIVE Trader" (pos=<4291.589844, 25.247801, 4162.500000>) and got 500.
13:47:12 [Market] Player "Bflame" (id=u7jy1hFXeX-3C-ubChAdh59YiiyuY16LDVnTQIqtPmk=) has send a requested to sell nailbox x1 at the trader "BuildingSupplies (Boris [BUILDING SUPPLIES TRADER])" in market zone "OUTLIVE Trader" (pos=<4291.589844, 25.247801, 4162.500000>).
13:47:12 [Market] Player "Bflame" (id=u7jy1hFXeX-3C-ubChAdh59YiiyuY16LDVnTQIqtPmk=) has sold nailbox x1 at the trader "BuildingSupplies (Boris [BUILDING SUPPLIES TRADER])" in market zone "OUTLIVE Trader" (pos=<4291.589844, 25.247801, 4162.500000>) and got 500.
13:47:12 [Market] Player "Bflame" (id=u7jy1hFXeX-3C-ubChAdh59YiiyuY16LDVnTQIqtPmk=) has send a requested to sell nailbox x1 at the trader "BuildingSupplies (Boris [BUILDING SUPPLIES TRADER])" in market zone "OUTLIVE Trader" (pos=<4291.589844, 25.247801, 4162.500000>).
13:47:12 [Market] Player "Bflame" (id=u7jy1hFXeX-3C-ubChAdh59YiiyuY16LDVnTQIqtPmk=) has sold nailbox x1 at the trader "BuildingSupplies (Boris [BUILDING SUPPLIES TRADER])" in market zone "OUTLIVE Trader" (pos=<4291.589844, 25.247801, 4162.500000>) and got 500.
13:47:12 [Market] Player "Bflame" (id=u7jy1hFXeX-3C-ubChAdh59YiiyuY16LDVnTQIqtPmk=) has send a requested to sell nailbox x1 at the trader "BuildingSupplies (Boris [BUILDING SUPPLIES TRADER])" in market zone "OUTLIVE Trader" (pos=<4291.589844, 25.247801, 4162.500000>).
13:47:12 [Market] Player "Bflame" (id=u7jy1hFXeX-3C-ubChAdh59YiiyuY16LDVnTQIqtPmk=) has sold nailbox x1 at the trader "BuildingSupplies (Boris [BUILDING SUPPLIES TRADER])" in market zone "OUTLIVE Trader" (pos=<4291.589844, 25.247801, 4162.500000>) and got 500.
13:47:33 [Market] Player "Bflame" (id=u7jy1hFXeX-3C-ubChAdh59YiiyuY16LDVnTQIqtPmk=) has send a requested to sell brassknuckles_shiny x1 at the trader "Weapons (Denis [WEAPONS TRADER])" in market zone "OUTLIVE Trader" (pos=<4291.589844, 25.247801, 4162.500000>).
13:47:33 [Market] Player "Bflame" (id=u7jy1hFXeX-3C-ubChAdh59YiiyuY16LDVnTQIqtPmk=) has sold brassknuckles_shiny x1 at the trader "Weapons (Denis [WEAPONS TRADER])" in market zone "OUTLIVE Trader" (pos=<4291.589844, 25.247801, 4162.500000>) and got 65.
13:47:37 [Market] Player "Bflame" (id=u7jy1hFXeX-3C-ubChAdh59YiiyuY16LDVnTQIqtPmk=) has send a requested to sell twp_deserteagle x1 at the trader "Weapons (Denis [WEAPONS TRADER])" in market zone "OUTLIVE Trader" (pos=<4291.589844, 25.247801, 4162.500000>).
13:47:37 [Market] Player "Bflame" (id=u7jy1hFXeX-3C-ubChAdh59YiiyuY16LDVnTQIqtPmk=) has sold twp_deserteagle x1 at the trader "Weapons (Denis [WEAPONS TRADER])" in market zone "OUTLIVE Trader" (pos=<4291.589844, 25.247801, 4162.500000>) and got 1650.
13:48:07 [Market] Player "Bflame" (id=u7jy1hFXeX-3C-ubChAdh59YiiyuY16LDVnTQIqtPmk=) has send a requested to sell twp_kacpdw x1 at the trader "Weapons (Denis [WEAPONS TRADER])" in market zone "OUTLIVE Trader" (pos=<4291.589844, 25.247801, 4162.500000>).
13:48:07 [Market] Player "Bflame" (id=u7jy1hFXeX-3C-ubChAdh59YiiyuY16LDVnTQIqtPmk=) has sold twp_kacpdw x1 at the trader "Weapons (Denis [WEAPONS TRADER])" in market zone "OUTLIVE Trader" (pos=<4291.589844, 25.247801, 4162.500000>) and got 430.
13:48:21 [Market] Player "Bflame" (id=u7jy1hFXeX-3C-ubChAdh59YiiyuY16LDVnTQIqtPmk=) has send a requested to sell twp_rk62 x1 at the trader "Weapons (Denis [WEAPONS TRADER])" in market zone "OUTLIVE Trader" (pos=<4291.589844, 25.247801, 4162.500000>).
13:48:21 [Market] Player "Bflame" (id=u7jy1hFXeX-3C-ubChAdh59YiiyuY16LDVnTQIqtPmk=) has sold twp_rk62 x1 at the trader "Weapons (Denis [WEAPONS TRADER])" in market zone "OUTLIVE Trader" (pos=<4291.589844, 25.247801, 4162.500000>) and got 1200.
13:48:32 [Market] Player "Bflame" (id=u7jy1hFXeX-3C-ubChAdh59YiiyuY16LDVnTQIqtPmk=) has send a requested to sell ammobox_22_50rnd x1 at the trader "Attachments (Oliver [ATTACHMENTS TRADER])" in market zone "OUTLIVE Trader" (pos=<4291.589844, 25.247801, 4162.500000>).
13:48:32 [Market] Player "Bflame" (id=u7jy1hFXeX-3C-ubChAdh59YiiyuY16LDVnTQIqtPmk=) has sold ammobox_22_50rnd x1 at the trader "Attachments (Oliver [ATTACHMENTS TRADER])" in market zone "OUTLIVE Trader" (pos=<4291.589844, 25.247801, 4162.500000>) and got 84.
13:48:32 [Market] Player "Bflame" (id=u7jy1hFXeX-3C-ubChAdh59YiiyuY16LDVnTQIqtPmk=) has send a requested to sell ammobox_22_50rnd x1 at the trader "Attachments (Oliver [ATTACHMENTS TRADER])" in market zone "OUTLIVE Trader" (pos=<4291.589844, 25.247801, 4162.500000>).
13:48:33 [Market] Player "Bflame" (id=u7jy1hFXeX-3C-ubChAdh59YiiyuY16LDVnTQIqtPmk=) has sold ammobox_22_50rnd x1 at the trader "Attachments (Oliver [ATTACHMENTS TRADER])" in market zone "OUTLIVE Trader" (pos=<4291.589844, 25.247801, 4162.500000>) and got 84.
13:48:46 [Market] Player "Bflame" (id=u7jy1hFXeX-3C-ubChAdh59YiiyuY16LDVnTQIqtPmk=) has send a requested to sell ammobox_357_20rnd x1 at the trader "Attachments (Oliver [ATTACHMENTS TRADER])" in market zone "OUTLIVE Trader" (pos=<4291.589844, 25.247801, 4162.500000>).
13:48:46 [Market] Player "Bflame" (id=u7jy1hFXeX-3C-ubChAdh59YiiyuY16LDVnTQIqtPmk=) has sold ammobox_357_20rnd x1 at the trader "Attachments (Oliver [ATTACHMENTS TRADER])" in market zone "OUTLIVE Trader" (pos=<4291.589844, 25.247801, 4162.500000>) and got 135.
13:49:15 [Market] Player "Bflame" (id=u7jy1hFXeX-3C-ubChAdh59YiiyuY16LDVnTQIqtPmk=) has send a requested to sell ammo_762x39 x21 at the trader "Attachments (Oliver [ATTACHMENTS TRADER])" in market zone "OUTLIVE Trader" (pos=<4291.589844, 25.247801, 4162.500000>).
13:49:15 [Market] Player "Bflame" (id=u7jy1hFXeX-3C-ubChAdh59YiiyuY16LDVnTQIqtPmk=) has sold ammo_762x39 x21 at the trader "Attachments (Oliver [ATTACHMENTS TRADER])" in market zone "OUTLIVE Trader" (pos=<4291.589844, 25.247801, 4162.500000>) and got 176.
13:49:31 [Market] Player "Bflame" (id=u7jy1hFXeX-3C-ubChAdh59YiiyuY16LDVnTQIqtPmk=) has send a requested to sell ammo_357 x65 at the trader "Attachments (Oliver [ATTACHMENTS TRADER])" in market zone "OUTLIVE Trader" (pos=<4291.589844, 25.247801, 4162.500000>).
13:49:31 [Market] Player "Bflame" (id=u7jy1hFXeX-3C-ubChAdh59YiiyuY16LDVnTQIqtPmk=) has sold ammo_357 x65 at the trader "Attachments (Oliver [ATTACHMENTS TRADER])" in market zone "OUTLIVE Trader" (pos=<4291.589844, 25.247801, 4162.500000>) and got 390.
13:49:40 [Market] Player "Bflame" (id=u7jy1hFXeX-3C-ubChAdh59YiiyuY16LDVnTQIqtPmk=) has send a requested to sell ammo_556x45 x34 at the trader "Attachments (Oliver [ATTACHMENTS TRADER])" in market zone "OUTLIVE Trader" (pos=<4291.589844, 25.247801, 4162.500000>).
13:49:40 [Market] Player "Bflame" (id=u7jy1hFXeX-3C-ubChAdh59YiiyuY16LDVnTQIqtPmk=) has sold ammo_556x45 x34 at the trader "Attachments (Oliver [ATTACHMENTS TRADER])" in market zone "OUTLIVE Trader" (pos=<4291.589844, 25.247801, 4162.500000>) and got 255.
13:49:48 [Market] Player "Bflame" (id=u7jy1hFXeX-3C-ubChAdh59YiiyuY16LDVnTQIqtPmk=) has send a requested to sell ammo_762x54 x9 at the trader "Attachments (Oliver [ATTACHMENTS TRADER])" in market zone "OUTLIVE Trader" (pos=<4291.589844, 25.247801, 4162.500000>).
13:49:48 [Market] Player "Bflame" (id=u7jy1hFXeX-3C-ubChAdh59YiiyuY16LDVnTQIqtPmk=) has sold ammo_762x54 x9 at the trader "Attachments (Oliver [ATTACHMENTS TRADER])" in market zone "OUTLIVE Trader" (pos=<4291.589844, 25.247801, 4162.500000>) and got 81.
13:49:54 [Market] Player "Bflame" (id=u7jy1hFXeX-3C-ubChAdh59YiiyuY16LDVnTQIqtPmk=) has send a requested to sell expansion_m1a_railatt x1 at the trader "Attachments (Oliver [ATTACHMENTS TRADER])" in market zone "OUTLIVE Trader" (pos=<4291.589844, 25.247801, 4162.500000>).
13:49:54 [Market] Player "Bflame" (id=u7jy1hFXeX-3C-ubChAdh59YiiyuY16LDVnTQIqtPmk=) has sold expansion_m1a_railatt x1 at the trader "Attachments (Oliver [ATTACHMENTS TRADER])" in market zone "OUTLIVE Trader" (pos=<4291.589844, 25.247801, 4162.500000>) and got 60.
13:50:02 [Market] Player "Bflame" (id=u7jy1hFXeX-3C-ubChAdh59YiiyuY16LDVnTQIqtPmk=) has send a requested to sell kobraoptic x1 at the trader "Attachments (Oliver [ATTACHMENTS TRADER])" in market zone "OUTLIVE Trader" (pos=<4291.589844, 25.247801, 4162.500000>).
13:50:02 [Market] Player "Bflame" (id=u7jy1hFXeX-3C-ubChAdh59YiiyuY16LDVnTQIqtPmk=) has sold kobraoptic x1 at the trader "Attachments (Oliver [ATTACHMENTS TRADER])" in market zone "OUTLIVE Trader" (pos=<4291.589844, 25.247801, 4162.500000>) and got 120.
13:50:09 [Market] Player "Bflame" (id=u7jy1hFXeX-3C-ubChAdh59YiiyuY16LDVnTQIqtPmk=) has send a requested to sell mp5_railhndgrd x1 at the trader "Attachments (Oliver [ATTACHMENTS TRADER])" in market zone "OUTLIVE Trader" (pos=<4291.589844, 25.247801, 4162.500000>).
13:50:09 [Market] Player "Bflame" (id=u7jy1hFXeX-3C-ubChAdh59YiiyuY16LDVnTQIqtPmk=) has sold mp5_railhndgrd x1 at the trader "Attachments (Oliver [ATTACHMENTS TRADER])" in market zone "OUTLIVE Trader" (pos=<4291.589844, 25.247801, 4162.500000>) and got 60.
13:50:18 [Market] Player "Bflame" (id=u7jy1hFXeX-3C-ubChAdh59YiiyuY16LDVnTQIqtPmk=) has send a requested to sell twp_ammobox_20x102mm_10rnd x1 at the trader "Attachments (Oliver [ATTACHMENTS TRADER])" in market zone "OUTLIVE Trader" (pos=<4291.589844, 25.247801, 4162.500000>).
13:50:18 [Market] Player "Bflame" (id=u7jy1hFXeX-3C-ubChAdh59YiiyuY16LDVnTQIqtPmk=) has sold twp_ammobox_20x102mm_10rnd x1 at the trader "Attachments (Oliver [ATTACHMENTS TRADER])" in market zone "OUTLIVE Trader" (pos=<4291.589844, 25.247801, 4162.500000>) and got 150.
13:50:20 [Market] Player "Bflame" (id=u7jy1hFXeX-3C-ubChAdh59YiiyuY16LDVnTQIqtPmk=) has send a requested to sell twp_ammobox_300winmag_20rnd x1 at the trader "Attachments (Oliver [ATTACHMENTS TRADER])" in market zone "OUTLIVE Trader" (pos=<4291.589844, 25.247801, 4162.500000>).
13:50:20 [Market] Player "Bflame" (id=u7jy1hFXeX-3C-ubChAdh59YiiyuY16LDVnTQIqtPmk=) has sold twp_ammobox_300winmag_20rnd x1 at the trader "Attachments (Oliver [ATTACHMENTS TRADER])" in market zone "OUTLIVE Trader" (pos=<4291.589844, 25.247801, 4162.500000>) and got 62.
13:50:22 [Market] Player "Bflame" (id=u7jy1hFXeX-3C-ubChAdh59YiiyuY16LDVnTQIqtPmk=) has send a requested to sell twp_ammobox_50ae_20rnd x1 at the trader "Attachments (Oliver [ATTACHMENTS TRADER])" in market zone "OUTLIVE Trader" (pos=<4291.589844, 25.247801, 4162.500000>).
13:50:22 [Market] Player "Bflame" (id=u7jy1hFXeX-3C-ubChAdh59YiiyuY16LDVnTQIqtPmk=) has sold twp_ammobox_50ae_20rnd x1 at the trader "Attachments (Oliver [ATTACHMENTS TRADER])" in market zone "OUTLIVE Trader" (pos=<4291.589844, 25.247801, 4162.500000>) and got 16.
13:50:25 [Market] Player "Bflame" (id=u7jy1hFXeX-3C-ubChAdh59YiiyuY16LDVnTQIqtPmk=) has send a requested to sell twp_ammobox_408cheytac_10rnd x1 at the trader "Attachments (Oliver [ATTACHMENTS TRADER])" in market zone "OUTLIVE Trader" (pos=<4291.589844, 25.247801, 4162.500000>).
13:50:25 [Market] Player "Bflame" (id=u7jy1hFXeX-3C-ubChAdh59YiiyuY16LDVnTQIqtPmk=) has sold twp_ammobox_408cheytac_10rnd x1 at the trader "Attachments (Oliver [ATTACHMENTS TRADER])" in market zone "OUTLIVE Trader" (pos=<4291.589844, 25.247801, 4162.500000>) and got 41.
13:50:39 [Market] Player "Bflame" (id=u7jy1hFXeX-3C-ubChAdh59YiiyuY16LDVnTQIqtPmk=) has send a requested to sell twp_ammo_762x25 x89 at the trader "Attachments (Oliver [ATTACHMENTS TRADER])" in market zone "OUTLIVE Trader" (pos=<4291.589844, 25.247801, 4162.500000>).
13:50:39 [Market] Player "Bflame" (id=u7jy1hFXeX-3C-ubChAdh59YiiyuY16LDVnTQIqtPmk=) has sold twp_ammo_762x25 x89 at the trader "Attachments (Oliver [ATTACHMENTS TRADER])" in market zone "OUTLIVE Trader" (pos=<4291.589844, 25.247801, 4162.500000>) and got 267.
13:50:46 [Market] Player "Bflame" (id=u7jy1hFXeX-3C-ubChAdh59YiiyuY16LDVnTQIqtPmk=) has send a requested to sell twp_ak105_mag_30rnd x1 at the trader "Attachments (Oliver [ATTACHMENTS TRADER])" in market zone "OUTLIVE Trader" (pos=<4291.589844, 25.247801, 4162.500000>).
13:50:46 [Market] Player "Bflame" (id=u7jy1hFXeX-3C-ubChAdh59YiiyuY16LDVnTQIqtPmk=) has sold twp_ak105_mag_30rnd x1 at the trader "Attachments (Oliver [ATTACHMENTS TRADER])" in market zone "OUTLIVE Trader" (pos=<4291.589844, 25.247801, 4162.500000>) and got 222.
13:50:50 [Market] Player "Bflame" (id=u7jy1hFXeX-3C-ubChAdh59YiiyuY16LDVnTQIqtPmk=) has send a requested to sell twp_ak12green_mag_30rnd x1 at the trader "Attachments (Oliver [ATTACHMENTS TRADER])" in market zone "OUTLIVE Trader" (pos=<4291.589844, 25.247801, 4162.500000>).
13:50:50 [Market] Player "Bflame" (id=u7jy1hFXeX-3C-ubChAdh59YiiyuY16LDVnTQIqtPmk=) has sold twp_ak12green_mag_30rnd x1 at the trader "Attachments (Oliver [ATTACHMENTS TRADER])" in market zone "OUTLIVE Trader" (pos=<4291.589844, 25.247801, 4162.500000>) and got 234.
13:50:52 [Market] Player "Bflame" (id=u7jy1hFXeX-3C-ubChAdh59YiiyuY16LDVnTQIqtPmk=) has send a requested to sell twp_fg42old_mag_25rnd x1 at the trader "Attachments (Oliver [ATTACHMENTS TRADER])" in market zone "OUTLIVE Trader" (pos=<4291.589844, 25.247801, 4162.500000>).
13:50:52 [Market] Player "Bflame" (id=u7jy1hFXeX-3C-ubChAdh59YiiyuY16LDVnTQIqtPmk=) has sold twp_fg42old_mag_25rnd x1 at the trader "Attachments (Oliver [ATTACHMENTS TRADER])" in market zone "OUTLIVE Trader" (pos=<4291.589844, 25.247801, 4162.500000>) and got 338.
13:50:53 [Market] Player "Bflame" (id=u7jy1hFXeX-3C-ubChAdh59YiiyuY16LDVnTQIqtPmk=) has send a requested to sell twp_famasspecialops_mag_40rnd x1 at the trader "Attachments (Oliver [ATTACHMENTS TRADER])" in market zone "OUTLIVE Trader" (pos=<4291.589844, 25.247801, 4162.500000>).
13:50:54 [Market] Player "Bflame" (id=u7jy1hFXeX-3C-ubChAdh59YiiyuY16LDVnTQIqtPmk=) has sold twp_famasspecialops_mag_40rnd x1 at the trader "Attachments (Oliver [ATTACHMENTS TRADER])" in market zone "OUTLIVE Trader" (pos=<4291.589844, 25.247801, 4162.500000>) and got 420.
13:50:58 [Market] Player "Bflame" (id=u7jy1hFXeX-3C-ubChAdh59YiiyuY16LDVnTQIqtPmk=) has send a requested to sell twp_honeybadgergold_mag_40rnd x1 at the trader "Attachments (Oliver [ATTACHMENTS TRADER])" in market zone "OUTLIVE Trader" (pos=<4291.589844, 25.247801, 4162.500000>).
13:50:59 [Market] Player "Bflame" (id=u7jy1hFXeX-3C-ubChAdh59YiiyuY16LDVnTQIqtPmk=) has sold twp_honeybadgergold_mag_40rnd x1 at the trader "Attachments (Oliver [ATTACHMENTS TRADER])" in market zone "OUTLIVE Trader" (pos=<4291.589844, 25.247801, 4162.500000>) and got 360.
13:51:00 [Market] Player "Bflame" (id=u7jy1hFXeX-3C-ubChAdh59YiiyuY16LDVnTQIqtPmk=) has send a requested to sell twp_m16a4_mag_30rnd x1 at the trader "Attachments (Oliver [ATTACHMENTS TRADER])" in market zone "OUTLIVE Trader" (pos=<4291.589844, 25.247801, 4162.500000>).
13:51:00 [Market] Player "Bflame" (id=u7jy1hFXeX-3C-ubChAdh59YiiyuY16LDVnTQIqtPmk=) has sold twp_m16a4_mag_30rnd x1 at the trader "Attachments (Oliver [ATTACHMENTS TRADER])" in market zone "OUTLIVE Trader" (pos=<4291.589844, 25.247801, 4162.500000>) and got 322.
13:51:02 [Market] Player "Bflame" (id=u7jy1hFXeX-3C-ubChAdh59YiiyuY16LDVnTQIqtPmk=) has send a requested to sell twp_mp7_mag_30rnd x1 at the trader "Attachments (Oliver [ATTACHMENTS TRADER])" in market zone "OUTLIVE Trader" (pos=<4291.589844, 25.247801, 4162.500000>).
13:51:02 [Market] Player "Bflame" (id=u7jy1hFXeX-3C-ubChAdh59YiiyuY16LDVnTQIqtPmk=) has sold twp_mp7_mag_30rnd x1 at the trader "Attachments (Oliver [ATTACHMENTS TRADER])" in market zone "OUTLIVE Trader" (pos=<4291.589844, 25.247801, 4162.500000>) and got 206.
13:51:03 [Market] Player "Bflame" (id=u7jy1hFXeX-3C-ubChAdh59YiiyuY16LDVnTQIqtPmk=) has send a requested to sell twp_psg1_mag_5rnd x1 at the trader "Attachments (Oliver [ATTACHMENTS TRADER])" in market zone "OUTLIVE Trader" (pos=<4291.589844, 25.247801, 4162.500000>).
13:51:03 [Market] Player "Bflame" (id=u7jy1hFXeX-3C-ubChAdh59YiiyuY16LDVnTQIqtPmk=) has sold twp_psg1_mag_5rnd x1 at the trader "Attachments (Oliver [ATTACHMENTS TRADER])" in market zone "OUTLIVE Trader" (pos=<4291.589844, 25.247801, 4162.500000>) and got 95.
13:51:04 [Market] Player "Bflame" (id=u7jy1hFXeX-3C-ubChAdh59YiiyuY16LDVnTQIqtPmk=) has send a requested to sell twp_remingtonr5_mag_40rnd x1 at the trader "Attachments (Oliver [ATTACHMENTS TRADER])" in market zone "OUTLIVE Trader" (pos=<4291.589844, 25.247801, 4162.500000>).
13:51:04 [Market] Player "Bflame" (id=u7jy1hFXeX-3C-ubChAdh59YiiyuY16LDVnTQIqtPmk=) has sold twp_remingtonr5_mag_40rnd x1 at the trader "Attachments (Oliver [ATTACHMENTS TRADER])" in market zone "OUTLIVE Trader" (pos=<4291.589844, 25.247801, 4162.500000>) and got 428.
13:51:06 [Market] Player "Bflame" (id=u7jy1hFXeX-3C-ubChAdh59YiiyuY16LDVnTQIqtPmk=) has send a requested to sell twp_sr47_mag_30rnd x1 at the trader "Attachments (Oliver [ATTACHMENTS TRADER])" in market zone "OUTLIVE Trader" (pos=<4291.589844, 25.247801, 4162.500000>).
13:51:06 [Market] Player "Bflame" (id=u7jy1hFXeX-3C-ubChAdh59YiiyuY16LDVnTQIqtPmk=) has sold twp_sr47_mag_30rnd x1 at the trader "Attachments (Oliver [ATTACHMENTS TRADER])" in market zone "OUTLIVE Trader" (pos=<4291.589844, 25.247801, 4162.500000>) and got 247.
13:51:07 [Market] Player "Bflame" (id=u7jy1hFXeX-3C-ubChAdh59YiiyuY16LDVnTQIqtPmk=) has send a requested to sell twp_scarh_mag_30rnd x1 at the trader "Attachments (Oliver [ATTACHMENTS TRADER])" in market zone "OUTLIVE Trader" (pos=<4291.589844, 25.247801, 4162.500000>).
13:51:07 [Market] Player "Bflame" (id=u7jy1hFXeX-3C-ubChAdh59YiiyuY16LDVnTQIqtPmk=) has sold twp_scarh_mag_30rnd x1 at the trader "Attachments (Oliver [ATTACHMENTS TRADER])" in market zone "OUTLIVE Trader" (pos=<4291.589844, 25.247801, 4162.500000>) and got 378.
13:51:09 [Market] Player "Bflame" (id=u7jy1hFXeX-3C-ubChAdh59YiiyuY16LDVnTQIqtPmk=) has send a requested to sell twp_thompsonmk2_mag_50rnd x1 at the trader "Attachments (Oliver [ATTACHMENTS TRADER])" in market zone "OUTLIVE Trader" (pos=<4291.589844, 25.247801, 4162.500000>).
13:51:09 [Market] Player "Bflame" (id=u7jy1hFXeX-3C-ubChAdh59YiiyuY16LDVnTQIqtPmk=) has sold twp_thompsonmk2_mag_50rnd x1 at the trader "Attachments (Oliver [ATTACHMENTS TRADER])" in market zone "OUTLIVE Trader" (pos=<4291.589844, 25.247801, 4162.500000>) and got 375.
13:51:29 [Market] Player "Bflame" (id=u7jy1hFXeX-3C-ubChAdh59YiiyuY16LDVnTQIqtPmk=) has send a requested to sell mag_ak101_30rnd x1 at the trader "Attachments (Oliver [ATTACHMENTS TRADER])" in market zone "OUTLIVE Trader" (pos=<4291.589844, 25.247801, 4162.500000>).
13:51:29 [Market] Player "Bflame" (id=u7jy1hFXeX-3C-ubChAdh59YiiyuY16LDVnTQIqtPmk=) has sold mag_ak101_30rnd x1 at the trader "Attachments (Oliver [ATTACHMENTS TRADER])" in market zone "OUTLIVE Trader" (pos=<4291.589844, 25.247801, 4162.500000>) and got 280.
13:51:32 [Market] Player "Bflame" (id=u7jy1hFXeX-3C-ubChAdh59YiiyuY16LDVnTQIqtPmk=) has send a requested to sell mag_ak74_45rnd x1 at the trader "Attachments (Oliver [ATTACHMENTS TRADER])" in market zone "OUTLIVE Trader" (pos=<4291.589844, 25.247801, 4162.500000>).
13:51:32 [Market] Player "Bflame" (id=u7jy1hFXeX-3C-ubChAdh59YiiyuY16LDVnTQIqtPmk=) has sold mag_ak74_45rnd x1 at the trader "Attachments (Oliver [ATTACHMENTS TRADER])" in market zone "OUTLIVE Trader" (pos=<4291.589844, 25.247801, 4162.500000>) and got 360.
13:51:35 [Market] Player "Bflame" (id=u7jy1hFXeX-3C-ubChAdh59YiiyuY16LDVnTQIqtPmk=) has send a requested to sell mag_ump_25rnd x1 at the trader "Attachments (Oliver [ATTACHMENTS TRADER])" in market zone "OUTLIVE Trader" (pos=<4291.589844, 25.247801, 4162.500000>).
13:51:35 [Market] Player "Bflame" (id=u7jy1hFXeX-3C-ubChAdh59YiiyuY16LDVnTQIqtPmk=) has sold mag_ump_25rnd x1 at the trader "Attachments (Oliver [ATTACHMENTS TRADER])" in market zone "OUTLIVE Trader" (pos=<4291.589844, 25.247801, 4162.500000>) and got 50.
13:51:49 [Market] Player "Bflame" (id=u7jy1hFXeX-3C-ubChAdh59YiiyuY16LDVnTQIqtPmk=) has send a requested to sell ammobox_308win_20rnd x1 at the trader "Attachments (Oliver [ATTACHMENTS TRADER])" in market zone "OUTLIVE Trader" (pos=<4291.589844, 25.247801, 4162.500000>).
13:51:49 [Market] Player "Bflame" (id=u7jy1hFXeX-3C-ubChAdh59YiiyuY16LDVnTQIqtPmk=) has sold ammobox_308win_20rnd x1 at the trader "Attachments (Oliver [ATTACHMENTS TRADER])" in market zone "OUTLIVE Trader" (pos=<4291.589844, 25.247801, 4162.500000>) and got 210.
13:51:50 [Market] Player "Bflame" (id=u7jy1hFXeX-3C-ubChAdh59YiiyuY16LDVnTQIqtPmk=) has send a requested to sell ammobox_308win_20rnd x1 at the trader "Attachments (Oliver [ATTACHMENTS TRADER])" in market zone "OUTLIVE Trader" (pos=<4291.589844, 25.247801, 4162.500000>).
13:51:50 [Market] Player "Bflame" (id=u7jy1hFXeX-3C-ubChAdh59YiiyuY16LDVnTQIqtPmk=) has sold ammobox_308win_20rnd x1 at the trader "Attachments (Oliver [ATTACHMENTS TRADER])" in market zone "OUTLIVE Trader" (pos=<4291.589844, 25.247801, 4162.500000>) and got 210.
13:52:08 [Market] Player "Bflame" (id=u7jy1hFXeX-3C-ubChAdh59YiiyuY16LDVnTQIqtPmk=) has send a requested to sell twp_honeybadgerbluewhite x1 at the trader "Weapons (Denis [WEAPONS TRADER])" in market zone "OUTLIVE Trader" (pos=<4291.589844, 25.247801, 4162.500000>).
13:52:08 [Market] Player "Bflame" (id=u7jy1hFXeX-3C-ubChAdh59YiiyuY16LDVnTQIqtPmk=) has sold twp_honeybadgerbluewhite x1 at the trader "Weapons (Denis [WEAPONS TRADER])" in market zone "OUTLIVE Trader" (pos=<4291.589844, 25.247801, 4162.500000>) and got 2800.
13:56:43 [Market] Player "Bflame" (id=u7jy1hFXeX-3C-ubChAdh59YiiyuY16LDVnTQIqtPmk=) has send a requested to sell mvs_chestrig_od x1 at the trader "Clothing (Linda [CLOTHING TRADER])" in market zone "OUTLIVE Trader" (pos=<4291.589844, 25.247801, 4162.500000>).
13:56:43 [Market] Player "Bflame" (id=u7jy1hFXeX-3C-ubChAdh59YiiyuY16LDVnTQIqtPmk=) has sold mvs_chestrig_od x1 at the trader "Clothing (Linda [CLOTHING TRADER])" in market zone "OUTLIVE Trader" (pos=<4291.589844, 25.247801, 4162.500000>) and got 750.
13:56:47 [Market] Player "Bflame" (id=u7jy1hFXeX-3C-ubChAdh59YiiyuY16LDVnTQIqtPmk=) has send a requested to sell militarybelt x1 at the trader "Clothing (Linda [CLOTHING TRADER])" in market zone "OUTLIVE Trader" (pos=<4291.589844, 25.247801, 4162.500000>).
13:56:47 [Market] Player "Bflame" (id=u7jy1hFXeX-3C-ubChAdh59YiiyuY16LDVnTQIqtPmk=) has sold militarybelt x1 at the trader "Clothing (Linda [CLOTHING TRADER])" in market zone "OUTLIVE Trader" (pos=<4291.589844, 25.247801, 4162.500000>) and got 125.
14:07:51 [Market] Player "Bflame" (id=u7jy1hFXeX-3C-ubChAdh59YiiyuY16LDVnTQIqtPmk=) has send a requested to purchase ammo_762x39 x200 from the trader "Attachments (Oliver [ATTACHMENTS TRADER])" in market zone "OUTLIVE Trader" (pos=<4291.589844, 25.247801, 4162.500000>).
14:07:52 [Market] Player "Bflame" (id=u7jy1hFXeX-3C-ubChAdh59YiiyuY16LDVnTQIqtPmk=) has bought ammo_762x39 x200 from the trader "Attachments (Oliver [ATTACHMENTS TRADER])" in market zone "OUTLIVE Trader" (pos=<4291.589844, 25.247801, 4162.500000>) for a price of 5600.
14:08:19 [Market] Player "Bflame" (id=u7jy1hFXeX-3C-ubChAdh59YiiyuY16LDVnTQIqtPmk=) has send a requested to sell twp_uspchromatic_mag_15rnd x1 at the trader "Attachments (Oliver [ATTACHMENTS TRADER])" in market zone "OUTLIVE Trader" (pos=<4291.589844, 25.247801, 4162.500000>).
14:08:19 [Market] Player "Bflame" (id=u7jy1hFXeX-3C-ubChAdh59YiiyuY16LDVnTQIqtPmk=) has sold twp_uspchromatic_mag_15rnd x1 at the trader "Attachments (Oliver [ATTACHMENTS TRADER])" in market zone "OUTLIVE Trader" (pos=<4291.589844, 25.247801, 4162.500000>) and got 90.
14:09:14 [Market] Player "Bflame" (id=u7jy1hFXeX-3C-ubChAdh59YiiyuY16LDVnTQIqtPmk=) has send a requested to sell twp_ash12_suppressor x1 at the trader "Attachments (Oliver [ATTACHMENTS TRADER])" in market zone "OUTLIVE Trader" (pos=<4291.589844, 25.247801, 4162.500000>).
14:09:14 [Market] Player "Bflame" (id=u7jy1hFXeX-3C-ubChAdh59YiiyuY16LDVnTQIqtPmk=) has sold twp_ash12_suppressor x1 at the trader "Attachments (Oliver [ATTACHMENTS TRADER])" in market zone "OUTLIVE Trader" (pos=<4291.589844, 25.247801, 4162.500000>) and got 250.
14:10:10 [ATM Locker] Player "Bflame" (id=u7jy1hFXeX-3C-ubChAdh59YiiyuY16LDVnTQIqtPmk=) has deposited 14976 on his ATM account.
14:10:22 [VehicleCarKey] Player "Bflame" (id=u7jy1hFXeX-3C-ubChAdh59YiiyuY16LDVnTQIqtPmk= pos=<4255.085938, 11.976334, 4202.815918>) used the  ExpansionCarKey to unlock a Expansion_Landrover_Green
14:19:36 [VehicleCarKey] Player "Bflame" (id=u7jy1hFXeX-3C-ubChAdh59YiiyuY16LDVnTQIqtPmk= pos=<4256.642578, 11.813962, 4199.916504>) used the  ExpansionCarKey to lock a Expansion_Landrover_Green
14:20:27 [Market] Player "Bflame" (id=u7jy1hFXeX-3C-ubChAdh59YiiyuY16LDVnTQIqtPmk=) has send a requested to sell pliers x1 at the trader "BuildingSupplies (Boris [BUILDING SUPPLIES TRADER])" in market zone "OUTLIVE Trader" (pos=<4291.589844, 25.247801, 4162.500000>).
14:20:27 [Market] Player "Bflame" (id=u7jy1hFXeX-3C-ubChAdh59YiiyuY16LDVnTQIqtPmk=) has sold pliers x1 at the trader "BuildingSupplies (Boris [BUILDING SUPPLIES TRADER])" in market zone "OUTLIVE Trader" (pos=<4291.589844, 25.247801, 4162.500000>) and got 330.
14:20:34 [Market] Player "Bflame" (id=u7jy1hFXeX-3C-ubChAdh59YiiyuY16LDVnTQIqtPmk=) has send a requested to sell rangefinder x1 at the trader "BuildingSupplies (Boris [BUILDING SUPPLIES TRADER])" in market zone "OUTLIVE Trader" (pos=<4291.589844, 25.247801, 4162.500000>).
14:20:34 [Market] Player "Bflame" (id=u7jy1hFXeX-3C-ubChAdh59YiiyuY16LDVnTQIqtPmk=) has sold rangefinder x1 at the trader "BuildingSupplies (Boris [BUILDING SUPPLIES TRADER])" in market zone "OUTLIVE Trader" (pos=<4291.589844, 25.247801, 4162.500000>) and got 175.
14:20:35 [Market] Player "Bflame" (id=u7jy1hFXeX-3C-ubChAdh59YiiyuY16LDVnTQIqtPmk=) has send a requested to sell rangefinder x1 at the trader "BuildingSupplies (Boris [BUILDING SUPPLIES TRADER])" in market zone "OUTLIVE Trader" (pos=<4291.589844, 25.247801, 4162.500000>).
14:20:35 [Market] Player "Bflame" (id=u7jy1hFXeX-3C-ubChAdh59YiiyuY16LDVnTQIqtPmk=) has sold rangefinder x1 at the trader "BuildingSupplies (Boris [BUILDING SUPPLIES TRADER])" in market zone "OUTLIVE Trader" (pos=<4291.589844, 25.247801, 4162.500000>) and got 175.
14:20:57 [Market] Player "Bflame" (id=u7jy1hFXeX-3C-ubChAdh59YiiyuY16LDVnTQIqtPmk=) has send a requested to sell expansion_benellim4 x1 at the trader "Weapons (Denis [WEAPONS TRADER])" in market zone "OUTLIVE Trader" (pos=<4291.589844, 25.247801, 4162.500000>).
14:20:57 [Market] Player "Bflame" (id=u7jy1hFXeX-3C-ubChAdh59YiiyuY16LDVnTQIqtPmk=) has sold expansion_benellim4 x1 at the trader "Weapons (Denis [WEAPONS TRADER])" in market zone "OUTLIVE Trader" (pos=<4291.589844, 25.247801, 4162.500000>) and got 710.
14:21:06 [Market] Player "Bflame" (id=u7jy1hFXeX-3C-ubChAdh59YiiyuY16LDVnTQIqtPmk=) has send a requested to sell twp_p2000renegade_mag_16rnd x1 at the trader "Attachments (Oliver [ATTACHMENTS TRADER])" in market zone "OUTLIVE Trader" (pos=<4291.589844, 25.247801, 4162.500000>).
14:21:06 [Market] Player "Bflame" (id=u7jy1hFXeX-3C-ubChAdh59YiiyuY16LDVnTQIqtPmk=) has sold twp_p2000renegade_mag_16rnd x1 at the trader "Attachments (Oliver [ATTACHMENTS TRADER])" in market zone "OUTLIVE Trader" (pos=<4291.589844, 25.247801, 4162.500000>) and got 104.
14:21:12 [Market] Player "Bflame" (id=u7jy1hFXeX-3C-ubChAdh59YiiyuY16LDVnTQIqtPmk=) has send a requested to sell twp_optic_acog x1 at the trader "Attachments (Oliver [ATTACHMENTS TRADER])" in market zone "OUTLIVE Trader" (pos=<4291.589844, 25.247801, 4162.500000>).
14:21:12 [Market] Player "Bflame" (id=u7jy1hFXeX-3C-ubChAdh59YiiyuY16LDVnTQIqtPmk=) has sold twp_optic_acog x1 at the trader "Attachments (Oliver [ATTACHMENTS TRADER])" in market zone "OUTLIVE Trader" (pos=<4291.589844, 25.247801, 4162.500000>) and got 338.
14:21:17 [Market] Player "Bflame" (id=u7jy1hFXeX-3C-ubChAdh59YiiyuY16LDVnTQIqtPmk=) has send a requested to sell mag_expansion_m9_15rnd x1 at the trader "Attachments (Oliver [ATTACHMENTS TRADER])" in market zone "OUTLIVE Trader" (pos=<4291.589844, 25.247801, 4162.500000>).
14:21:17 [Market] Player "Bflame" (id=u7jy1hFXeX-3C-ubChAdh59YiiyuY16LDVnTQIqtPmk=) has sold mag_expansion_m9_15rnd x1 at the trader "Attachments (Oliver [ATTACHMENTS TRADER])" in market zone "OUTLIVE Trader" (pos=<4291.589844, 25.247801, 4162.500000>) and got 39.
14:21:24 [Market] Player "Bflame" (id=u7jy1hFXeX-3C-ubChAdh59YiiyuY16LDVnTQIqtPmk=) has send a requested to sell twp_m16_bayonet x1 at the trader "Attachments (Oliver [ATTACHMENTS TRADER])" in market zone "OUTLIVE Trader" (pos=<4291.589844, 25.247801, 4162.500000>).
14:21:24 [Market] Player "Bflame" (id=u7jy1hFXeX-3C-ubChAdh59YiiyuY16LDVnTQIqtPmk=) has sold twp_m16_bayonet x1 at the trader "Attachments (Oliver [ATTACHMENTS TRADER])" in market zone "OUTLIVE Trader" (pos=<4291.589844, 25.247801, 4162.500000>) and got 300.
14:22:16 [Market] Player "Bflame" (id=u7jy1hFXeX-3C-ubChAdh59YiiyuY16LDVnTQIqtPmk=) has send a requested to sell mvs_combat_vest_multicam_tropic x1 at the trader "Clothing (Linda [CLOTHING TRADER])" in market zone "OUTLIVE Trader" (pos=<4291.589844, 25.247801, 4162.500000>).
14:22:16 [Market] Player "Bflame" (id=u7jy1hFXeX-3C-ubChAdh59YiiyuY16LDVnTQIqtPmk=) has sold mvs_combat_vest_multicam_tropic x1 at the trader "Clothing (Linda [CLOTHING TRADER])" in market zone "OUTLIVE Trader" (pos=<4291.589844, 25.247801, 4162.500000>) and got 1800.
14:22:21 [Market] Player "Bflame" (id=u7jy1hFXeX-3C-ubChAdh59YiiyuY16LDVnTQIqtPmk=) has send a requested to sell mvs_heavy_pouch_tan x1 at the trader "Clothing (Linda [CLOTHING TRADER])" in market zone "OUTLIVE Trader" (pos=<4291.589844, 25.247801, 4162.500000>).
14:22:21 [Market] Player "Bflame" (id=u7jy1hFXeX-3C-ubChAdh59YiiyuY16LDVnTQIqtPmk=) has sold mvs_heavy_pouch_tan x1 at the trader "Clothing (Linda [CLOTHING TRADER])" in market zone "OUTLIVE Trader" (pos=<4291.589844, 25.247801, 4162.500000>) and got 450.
14:22:31 [Market] Player "Bflame" (id=u7jy1hFXeX-3C-ubChAdh59YiiyuY16LDVnTQIqtPmk=) has send a requested to sell mvs_pack_multicam_tropic x1 at the trader "Clothing (Linda [CLOTHING TRADER])" in market zone "OUTLIVE Trader" (pos=<4291.589844, 25.247801, 4162.500000>).
14:22:31 [Market] Player "Bflame" (id=u7jy1hFXeX-3C-ubChAdh59YiiyuY16LDVnTQIqtPmk=) has sold mvs_pack_multicam_tropic x1 at the trader "Clothing (Linda [CLOTHING TRADER])" in market zone "OUTLIVE Trader" (pos=<4291.589844, 25.247801, 4162.500000>) and got 1000.
14:47:21 [VehicleCarKey] Player "Bflame" (id=u7jy1hFXeX-3C-ubChAdh59YiiyuY16LDVnTQIqtPmk= pos=<4255.340332, 11.977422, 4203.332520>) used the  ExpansionCarKey to unlock a Expansion_Landrover_Green
14:49:06 [VehicleCarKey] Player "Bflame" (id=u7jy1hFXeX-3C-ubChAdh59YiiyuY16LDVnTQIqtPmk= pos=<4255.340332, 11.977422, 4203.332520>) used the  ExpansionCarKey to lock a Expansion_Landrover_Green
14:50:45 [ATM Locker] Player "Bflame" (id=u7jy1hFXeX-3C-ubChAdh59YiiyuY16LDVnTQIqtPmk=) has deposited 5421 on his ATM account.
14:50:57 [VehicleCarKey] Player "Bflame" (id=u7jy1hFXeX-3C-ubChAdh59YiiyuY16LDVnTQIqtPmk= pos=<4395.121582, 1.152233, 4206.004883>) used the  ExpansionCarKey to unlock a ExpansionUtilityBoat
15:03:44 [MissionAirdrop] An airdrop is heading towards "Prien" (pos=<4452.000000, 0.000000, 2196.000000> type=Random_Prien) with a ExpansionAirdropContainer_Medical
15:03:44 [MissionAirdrop] An airdrop is heading towards "Weitmoos" (pos=<6222.000000, 0.000000, 9723.000000> type=Random_Weitmoos) with a ExpansionAirdropContainer_Military
15:04:44 [Chat - Global]("Bflame"(id=u7jy1hFXeX-3C-ubChAdh59YiiyuY16LDVnTQIqtPmk=)): hellou
15:11:25 [VehicleCarKey] Player "Bflame" (id=u7jy1hFXeX-3C-ubChAdh59YiiyuY16LDVnTQIqtPmk= pos=<4254.988770, 11.974895, 4202.583008>) used the  ExpansionCarKey to unlock a Expansion_Landrover_Green
15:11:38 [VehicleCarKey] Player "Bflame" (id=u7jy1hFXeX-3C-ubChAdh59YiiyuY16LDVnTQIqtPmk= pos=<4256.014160, 11.951180, 4203.702148>) used the  ExpansionCarKey to lock a Expansion_Landrover_Green
15:20:30 [VehicleCarKey] Player "Bflame" (id=u7jy1hFXeX-3C-ubChAdh59YiiyuY16LDVnTQIqtPmk= pos=<4257.420898, 11.803167, 4201.095215>) used the  ExpansionCarKey to unlock a Expansion_Landrover_Green
15:24:18 [VehicleCarKey] Player "Bflame" (id=u7jy1hFXeX-3C-ubChAdh59YiiyuY16LDVnTQIqtPmk= pos=<4257.864258, 11.784842, 4201.287109>) used the  ExpansionCarKey to lock a Expansion_Landrover_Green
15:26:21 [VehicleCarKey] Player "Bflame" (id=u7jy1hFXeX-3C-ubChAdh59YiiyuY16LDVnTQIqtPmk= pos=<4393.830078, 0.595210, 4202.730957>) used the  ExpansionCarKey to lock a ExpansionUtilityBoat
15:37:07 [VehicleCarKey] Player "Bflame" (id=u7jy1hFXeX-3C-ubChAdh59YiiyuY16LDVnTQIqtPmk= pos=<4393.872559, 0.538794, 4201.846680>) used the  ExpansionCarKey to unlock a ExpansionUtilityBoat
15:37:52 [Safezone] Player "Bflame" (id=u7jy1hFXeX-3C-ubChAdh59YiiyuY16LDVnTQIqtPmk= pos=<4572.300781, 0.230846, 4227.230957>) Left the safezone
15:45:39 [VehicleCarKey] Player "Bflame" (id=u7jy1hFXeX-3C-ubChAdh59YiiyuY16LDVnTQIqtPmk= pos=<7774.496094, 0.242677, 2746.173828>) used the  ExpansionCarKey to lock a ExpansionUtilityBoat
15:46:06 [VehicleCarKey] Player "MADness" (id=OWXX6Y-5LFd-7A6ELi2o-QPO0kjmZUMZvMTKL0AQ_q0= pos=<4486.880859, 2.045170, 3152.422852>) used the  ExpansionCarKey to unlock a Expansion_Landrover_Red
15:47:40 [Safezone] Player "MADness" (id=OWXX6Y-5LFd-7A6ELi2o-QPO0kjmZUMZvMTKL0AQ_q0= pos=<4366.125977, 5.193210, 4056.417969>) Entered the safezone
15:48:06 [Safezone] Player "MADness" (id=OWXX6Y-5LFd-7A6ELi2o-QPO0kjmZUMZvMTKL0AQ_q0= pos=<4104.411621, 13.248156, 4418.682617>) Left the safezone
