16:02:39 [AI Object Patrol] Generating an example config...
16:17:32 [Expansion Quests] - SetupClientData - Loaded existing player quest data for player with UID: OWXX6Y-5LFd-7A6ELi2o-QPO0kjmZUMZvMTKL0AQ_q0=
16:17:32 [Expansion Quests] - PlayerQuestsInit - Create new quest instance for quest: 23 - Creator UID: OWXX6Y-5LFd-7A6ELi2o-QPO0kjmZUMZvMTKL0AQ_q0=
16:18:26 [Expansion Quests] - CreateQuestInstance - Created new quest instance for player with UID OWXX6Y-5LFd-7A6ELi2o-QPO0kjmZUMZvMTKL0AQ_q0= for quest 63
16:18:26 [Expansion Quests] - ExpansionQuest - Quest owner ID: OWXX6Y-5LFd-7A6ELi2o-QPO0kjmZUMZvMTKL0AQ_q0=
16:18:26 [Expansion Quests] - ExpansionQuest - Quest ID: 63
16:18:26 [Expansion Quests] - ExpansionQuest - Quest state: 1
16:18:26 [Expansion Quests] - ExpansionQuest - Quest completed: false
16:18:34 [Expansion Quests] - CreateQuestInstance - Created new quest instance for player with UID OWXX6Y-5LFd-7A6ELi2o-QPO0kjmZUMZvMTKL0AQ_q0= for quest 65
16:18:34 [Expansion Quests] - ExpansionQuest - Quest owner ID: OWXX6Y-5LFd-7A6ELi2o-QPO0kjmZUMZvMTKL0AQ_q0=
16:18:34 [Expansion Quests] - ExpansionQuest - Quest ID: 65
16:18:34 [Expansion Quests] - ExpansionQuest - Quest state: 1
16:18:34 [Expansion Quests] - ExpansionQuest - Quest completed: false
16:22:34 [MissionAirdrop] An airdrop is heading towards "PVP" (pos=<423.000000, 0.000000, 6703.000000> type=IcyPleasure) with a ExpansionAirdropContainer_Military_WinterCamo
16:22:34 [MissionAirdrop] An airdrop is heading towards "Schlachtfeld" (pos=<3059.000000, 0.000000, 1707.000000> type=Random_Schlachtfeld) with a ExpansionAirdropContainer_Medical
16:29:36 [Expansion Quests] - SetupClientData - Got cached player quest data for player with UID: OWXX6Y-5LFd-7A6ELi2o-QPO0kjmZUMZvMTKL0AQ_q0=
16:33:53 [Expansion Quests] - SetupClientData - Loaded existing player quest data for player with UID: UNCCcxNkOxpXYEONIcz7r5MoVpxPCn0WPblUoNZCURI=
16:33:53 [Expansion Quests] - PlayerQuestsInit - Create new quest instance for quest: 23 - Creator UID: UNCCcxNkOxpXYEONIcz7r5MoVpxPCn0WPblUoNZCURI=
16:34:16 [VehicleCarKey] Player "Merky" (id=UNCCcxNkOxpXYEONIcz7r5MoVpxPCn0WPblUoNZCURI= pos=<3917.218750, 41.380642, 2914.088867>) used the  ExpansionCarKey to unlock a ExpansionUAZ
16:37:31 [Chat - Global]("Merky"(id=UNCCcxNkOxpXYEONIcz7r5MoVpxPCn0WPblUoNZCURI=)): kks fajne lagy
16:38:09 [Expansion Quests] - SetupClientData - Got cached player quest data for player with UID: UNCCcxNkOxpXYEONIcz7r5MoVpxPCn0WPblUoNZCURI=
16:38:09 [Expansion Quests] - SetupClientData - Got cached player quest data for player with UID: OWXX6Y-5LFd-7A6ELi2o-QPO0kjmZUMZvMTKL0AQ_q0=
16:38:26 [Chat - Global]("MADness"(id=OWXX6Y-5LFd-7A6ELi2o-QPO0kjmZUMZvMTKL0AQ_q0=)): za ty lagy muzu asi ja :D Hned tu toho necham :D
16:38:29 [Chat - Global]("Merky"(id=UNCCcxNkOxpXYEONIcz7r5MoVpxPCn0WPblUoNZCURI=)): aj teba kickli ?
16:38:59 [Chat - Global]("Merky"(id=UNCCcxNkOxpXYEONIcz7r5MoVpxPCn0WPblUoNZCURI=)): lietam
16:39:00 [Chat - Global]("Merky"(id=UNCCcxNkOxpXYEONIcz7r5MoVpxPCn0WPblUoNZCURI=)): fasa
16:39:04 [VehicleDestroyed] ExpansionUAZ was destroyed at pos=<4219.458008, 20.212759, 2480.502197>
16:39:16 [Chat - Global]("Merky"(id=UNCCcxNkOxpXYEONIcz7r5MoVpxPCn0WPblUoNZCURI=)): pomoc ?
16:39:32 [Chat - Global]("Merky"(id=UNCCcxNkOxpXYEONIcz7r5MoVpxPCn0WPblUoNZCURI=)): som niekde zabugovany lietam s autom v ciernej tme
16:40:47 [Expansion Quests] - SetupClientData - Got cached player quest data for player with UID: UNCCcxNkOxpXYEONIcz7r5MoVpxPCn0WPblUoNZCURI=
16:41:07 [Chat - Global]("MADness"(id=OWXX6Y-5LFd-7A6ELi2o-QPO0kjmZUMZvMTKL0AQ_q0=)): cos měl? :D 
16:41:22 [Chat - Global]("Merky"(id=UNCCcxNkOxpXYEONIcz7r5MoVpxPCn0WPblUoNZCURI=)): to je v pici
16:42:00 [Chat - Global]("Merky"(id=UNCCcxNkOxpXYEONIcz7r5MoVpxPCn0WPblUoNZCURI=)): vies portit auto <
16:42:07 [VehicleCarKey] Player "MADness" (id=OWXX6Y-5LFd-7A6ELi2o-QPO0kjmZUMZvMTKL0AQ_q0= pos=<4635.598145, 2.292436, 2448.669189>) paired a  ExpansionCarKey to Expansion_Landrover_Green
16:42:19 [Chat - Global]("MADness"(id=OWXX6Y-5LFd-7A6ELi2o-QPO0kjmZUMZvMTKL0AQ_q0=)): kdybys v nem byl, tak vim, samotne nevim
