16:41:50 [AI Object Patrol] Generating an example config...
16:45:41 [Expansion Quests] - SetupClientData - Loaded existing player quest data for player with UID: O51WMdDQzgXORUqSM5snQEXNY_mRJk6JpE3sxZs1430=
16:45:41 [Expansion Quests] - PlayerQuestsInit - Create new quest instance for quest: 23 - Creator UID: O51WMdDQzgXORUqSM5snQEXNY_mRJk6JpE3sxZs1430=
16:45:41 [Expansion Quests] - PlayerQuestsInit - Create new quest instance for quest: 12 - Creator UID: O51WMdDQzgXORUqSM5snQEXNY_mRJk6JpE3sxZs1430=
16:45:41 [Expansion Quests] - PlayerQuestsInit - Create new quest instance for quest: 13 - Creator UID: O51WMdDQzgXORUqSM5snQEXNY_mRJk6JpE3sxZs1430=
16:50:49 [MissionAirdrop] An airdrop is heading towards "Stein" (pos=<4619.000000, 0.000000, 7618.000000> type=Random_Stein) with a ExpansionAirdropContainer_Basebuilding
16:50:49 [MissionAirdrop] An airdrop is heading towards "PVP" (pos=<423.000000, 0.000000, 6703.000000> type=IcyPleasure) with a ExpansionAirdropContainer_Military_WinterCamo
17:06:40 [Expansion Quests] - SetupClientData - Loaded existing player quest data for player with UID: 4r9Qw97BrWWUc-JN5svykH45KprkXCwFNoDt8GYM410=
17:06:40 [Expansion Quests] - PlayerQuestsInit - Create new quest instance for quest: 23 - Creator UID: 4r9Qw97BrWWUc-JN5svykH45KprkXCwFNoDt8GYM410=
17:11:47 [Expansion Quests] - SetupClientData - Got cached player quest data for player with UID: 4r9Qw97BrWWUc-JN5svykH45KprkXCwFNoDt8GYM410=
17:21:51 [Expansion Quests] - SetupClientData - Loaded existing player quest data for player with UID: J56CBd6WRzt5c58nX9b986Cp2niBSm4n26sMa8FuFaU=
17:21:51 [Expansion Quests] - PlayerQuestsInit - Create new quest instance for quest: 23 - Creator UID: J56CBd6WRzt5c58nX9b986Cp2niBSm4n26sMa8FuFaU=
17:21:51 [Expansion Quests] - PlayerQuestsInit - Create new quest instance for quest: 29 - Creator UID: J56CBd6WRzt5c58nX9b986Cp2niBSm4n26sMa8FuFaU=
17:21:51 [Expansion Quests] - PlayerQuestsInit - Create new quest instance for quest: 5 - Creator UID: J56CBd6WRzt5c58nX9b986Cp2niBSm4n26sMa8FuFaU=
17:25:55 [VehicleCarKey] Player "Loomio" (id=O51WMdDQzgXORUqSM5snQEXNY_mRJk6JpE3sxZs1430= pos=<1104.636475, 19.752495, 2541.101074>) used the  ExpansionCarKey to unlock a ExpansionUAZ
17:26:17 [VehicleCarKey] Player "Loomio" (id=O51WMdDQzgXORUqSM5snQEXNY_mRJk6JpE3sxZs1430= pos=<1104.274780, 19.752495, 2541.443604>) used the  ExpansionCarKey to lock a ExpansionUAZ
17:27:10 [VehicleCarKey] Player "HrabefonVorezprut" (id=J56CBd6WRzt5c58nX9b986Cp2niBSm4n26sMa8FuFaU= pos=<4456.921875, 4.806276, 3090.015869>) used the  ExpansionCarKey to unlock a Expansion_Landrover_Grey
17:27:21 [VehicleEnter] Player HrabefonVorezprut [uid=J56CBd6WRzt5c58nX9b986Cp2niBSm4n26sMa8FuFaU=] entered vehicle Land Rover Defender (pos=<4458.810059, 4.817330, 3088.571289>, type=Expansion_Landrover_Grey) as driver
17:27:24 [VehicleEngine] Player HrabefonVorezprut [uid=J56CBd6WRzt5c58nX9b986Cp2niBSm4n26sMa8FuFaU=] started vehicle Land Rover Defender (pos=<4458.810059, 4.759840, 3088.571533>, type=Expansion_Landrover_Grey)
17:27:29 [VehicleLeave] Player HrabefonVorezprut [uid=J56CBd6WRzt5c58nX9b986Cp2niBSm4n26sMa8FuFaU=] left vehicle Land Rover Defender (pos=<4458.809570, 4.759980, 3088.571533>, type=Expansion_Landrover_Grey)
17:27:49 [VehicleEnter] Player HrabefonVorezprut [uid=J56CBd6WRzt5c58nX9b986Cp2niBSm4n26sMa8FuFaU=] entered vehicle Land Rover Defender (pos=<4458.810547, 4.759925, 3088.571289>, type=Expansion_Landrover_Grey) as driver
17:32:46 [VehicleLeave] Player HrabefonVorezprut [uid=J56CBd6WRzt5c58nX9b986Cp2niBSm4n26sMa8FuFaU=] left vehicle Land Rover Defender (pos=<1102.630127, 19.749392, 2546.473633>, type=Expansion_Landrover_Grey)
17:33:04 [VehicleCarKey] Player "Loomio" (id=O51WMdDQzgXORUqSM5snQEXNY_mRJk6JpE3sxZs1430= pos=<1103.239380, 19.752462, 2541.033936>) used the  ExpansionCarKey to unlock a ExpansionUAZ
17:33:32 [VehicleEnter] Player HrabefonVorezprut [uid=J56CBd6WRzt5c58nX9b986Cp2niBSm4n26sMa8FuFaU=] entered vehicle Land Rover Defender (pos=<1102.634888, 19.749384, 2546.467285>, type=Expansion_Landrover_Grey) as driver
17:33:41 [VehicleEnter] Player Loomio [uid=O51WMdDQzgXORUqSM5snQEXNY_mRJk6JpE3sxZs1430=] entered vehicle UAZ 469 (pos=<1104.507446, 19.778538, 2539.345215>, type=ExpansionUAZ) as driver
17:33:45 [VehicleEngine] Player Loomio [uid=O51WMdDQzgXORUqSM5snQEXNY_mRJk6JpE3sxZs1430=] started vehicle UAZ 469 (pos=<1104.515015, 19.702908, 2539.348633>, type=ExpansionUAZ)
17:33:57 [VehicleLeave] Player HrabefonVorezprut [uid=J56CBd6WRzt5c58nX9b986Cp2niBSm4n26sMa8FuFaU=] left vehicle Land Rover Defender (pos=<1128.648682, 19.651630, 2559.176514>, type=Expansion_Landrover_Grey)
17:33:58 [VehicleEngine] Player Loomio [uid=O51WMdDQzgXORUqSM5snQEXNY_mRJk6JpE3sxZs1430=] stopped vehicle UAZ 469 (pos=<1108.135010, 19.715992, 2543.653076>, type=ExpansionUAZ)
17:34:00 [VehicleLeave] Player Loomio [uid=O51WMdDQzgXORUqSM5snQEXNY_mRJk6JpE3sxZs1430=] left vehicle UAZ 469 (pos=<1108.134888, 19.715971, 2543.653320>, type=ExpansionUAZ)
17:34:21 [VehicleEnter] Player Loomio [uid=O51WMdDQzgXORUqSM5snQEXNY_mRJk6JpE3sxZs1430=] entered vehicle UAZ 469 (pos=<1108.134888, 19.715931, 2543.653320>, type=ExpansionUAZ) as driver
17:34:26 [VehicleEngine] Player Loomio [uid=O51WMdDQzgXORUqSM5snQEXNY_mRJk6JpE3sxZs1430=] started vehicle UAZ 469 (pos=<1108.135010, 19.724035, 2543.653320>, type=ExpansionUAZ)
17:34:29 [VehicleEnter] Player HrabefonVorezprut [uid=J56CBd6WRzt5c58nX9b986Cp2niBSm4n26sMa8FuFaU=] entered vehicle Land Rover Defender (pos=<1128.648926, 19.651720, 2559.172607>, type=Expansion_Landrover_Grey) as driver
17:35:27 [Expansion Quests] - SetupClientData - Loaded existing player quest data for player with UID: z67WFg-Joo3MekD4H0kXOZXbSI0D6ip7P9dY0J-nUoM=
17:35:27 [Expansion Quests] - PlayerQuestsInit - Create new quest instance for quest: 23 - Creator UID: z67WFg-Joo3MekD4H0kXOZXbSI0D6ip7P9dY0J-nUoM=
17:35:27 [Expansion Quests] - PlayerQuestsInit - Create new quest instance for quest: 18 - Creator UID: z67WFg-Joo3MekD4H0kXOZXbSI0D6ip7P9dY0J-nUoM=
17:35:27 [Expansion Quests] - PlayerQuestsInit - Create new quest instance for quest: 85 - Creator UID: z67WFg-Joo3MekD4H0kXOZXbSI0D6ip7P9dY0J-nUoM=
17:35:57 [VehicleLeave] Player Loomio [uid=O51WMdDQzgXORUqSM5snQEXNY_mRJk6JpE3sxZs1430=] left vehicle UAZ 469 (pos=<1599.672119, 10.959951, 3491.520020>, type=ExpansionUAZ)
17:36:01 [VehicleEnter] Player Loomio [uid=O51WMdDQzgXORUqSM5snQEXNY_mRJk6JpE3sxZs1430=] entered vehicle UAZ 469 (pos=<1599.676758, 10.958345, 3491.521729>, type=ExpansionUAZ) as driver
17:36:03 [VehicleEngine] Player Loomio [uid=O51WMdDQzgXORUqSM5snQEXNY_mRJk6JpE3sxZs1430=] stopped vehicle UAZ 469 (pos=<1599.678833, 10.957847, 3491.522705>, type=ExpansionUAZ)
17:36:05 [VehicleLeave] Player Loomio [uid=O51WMdDQzgXORUqSM5snQEXNY_mRJk6JpE3sxZs1430=] left vehicle UAZ 469 (pos=<1599.682373, 10.956720, 3491.523682>, type=ExpansionUAZ)
17:36:30 [VehicleEnter] Player Loomio [uid=O51WMdDQzgXORUqSM5snQEXNY_mRJk6JpE3sxZs1430=] entered vehicle UAZ 469 (pos=<1599.683105, 10.956534, 3491.523926>, type=ExpansionUAZ) as driver
17:36:32 [VehicleEngine] Player Loomio [uid=O51WMdDQzgXORUqSM5snQEXNY_mRJk6JpE3sxZs1430=] started vehicle UAZ 469 (pos=<1599.685303, 10.956443, 3491.523438>, type=ExpansionUAZ)
17:37:49 [VehicleEngine] Player Loomio [uid=O51WMdDQzgXORUqSM5snQEXNY_mRJk6JpE3sxZs1430=] stopped vehicle UAZ 469 (pos=<1742.202393, 2.025987, 3502.417969>, type=ExpansionUAZ)
17:37:52 [VehicleLeave] Player HrabefonVorezprut [uid=J56CBd6WRzt5c58nX9b986Cp2niBSm4n26sMa8FuFaU=] left vehicle Land Rover Defender (pos=<1756.458862, 2.025033, 3495.256104>, type=Expansion_Landrover_Grey)
17:38:05 [VehicleLeave] Player Loomio [uid=O51WMdDQzgXORUqSM5snQEXNY_mRJk6JpE3sxZs1430=] left vehicle UAZ 469 (pos=<1742.202637, 2.025983, 3502.418213>, type=ExpansionUAZ)
17:40:48 [Expansion Quests] - SetupClientData - Loaded existing player quest data for player with UID: htCDnLpFFf_5M--EE2Ozogwz4CTNBchyoCFouXFMQFU=
17:40:48 [Expansion Quests] - PlayerQuestsInit - Create new quest instance for quest: 20 - Creator UID: htCDnLpFFf_5M--EE2Ozogwz4CTNBchyoCFouXFMQFU=
17:40:48 [Expansion Quests] - PlayerQuestsInit - Create new quest instance for quest: 23 - Creator UID: htCDnLpFFf_5M--EE2Ozogwz4CTNBchyoCFouXFMQFU=
17:41:09 [VehicleEnter] Player HrabefonVorezprut [uid=J56CBd6WRzt5c58nX9b986Cp2niBSm4n26sMa8FuFaU=] entered vehicle UAZ 469 (pos=<1742.202759, 2.025976, 3502.418213>, type=ExpansionUAZ) as driver
17:41:12 [VehicleLeave] Player HrabefonVorezprut [uid=J56CBd6WRzt5c58nX9b986Cp2niBSm4n26sMa8FuFaU=] left vehicle UAZ 469 (pos=<1742.203125, 2.025969, 3502.418213>, type=ExpansionUAZ)
17:42:04 [VehicleEnter] Player Loomio [uid=O51WMdDQzgXORUqSM5snQEXNY_mRJk6JpE3sxZs1430=] entered vehicle UAZ 469 (pos=<1742.203125, 2.025980, 3502.418213>, type=ExpansionUAZ) as driver
17:42:05 [VehicleEnter] Player HrabefonVorezprut [uid=J56CBd6WRzt5c58nX9b986Cp2niBSm4n26sMa8FuFaU=] entered vehicle Land Rover Defender (pos=<1756.458862, 2.022410, 3495.256104>, type=Expansion_Landrover_Grey) as driver
17:42:07 [VehicleEngine] Player HrabefonVorezprut [uid=J56CBd6WRzt5c58nX9b986Cp2niBSm4n26sMa8FuFaU=] started vehicle Land Rover Defender (pos=<1756.458984, 2.024902, 3495.256348>, type=Expansion_Landrover_Grey)
17:42:09 [VehicleEngine] Player Loomio [uid=O51WMdDQzgXORUqSM5snQEXNY_mRJk6JpE3sxZs1430=] started vehicle UAZ 469 (pos=<1742.203125, 2.025953, 3502.418457>, type=ExpansionUAZ)
17:43:11 [VehicleLeave] Player HrabefonVorezprut [uid=J56CBd6WRzt5c58nX9b986Cp2niBSm4n26sMa8FuFaU=] left vehicle Land Rover Defender (pos=<2293.782471, 19.249134, 3315.361572>, type=Expansion_Landrover_Grey)
17:43:57 [VehicleEngine] Player Loomio [uid=O51WMdDQzgXORUqSM5snQEXNY_mRJk6JpE3sxZs1430=] stopped vehicle UAZ 469 (pos=<2342.903809, 20.390457, 3264.763916>, type=ExpansionUAZ)
17:44:02 [VehicleLeave] Player Loomio [uid=O51WMdDQzgXORUqSM5snQEXNY_mRJk6JpE3sxZs1430=] left vehicle UAZ 469 (pos=<2342.904297, 20.390205, 3264.765381>, type=ExpansionUAZ)
17:44:08 [VehicleCarKey] Player "Loomio" (id=O51WMdDQzgXORUqSM5snQEXNY_mRJk6JpE3sxZs1430= pos=<2344.208008, 20.350309, 3265.928223>) used the  ExpansionCarKey to lock a ExpansionUAZ
17:44:20 [VehicleEnter] Player HrabefonVorezprut [uid=J56CBd6WRzt5c58nX9b986Cp2niBSm4n26sMa8FuFaU=] entered vehicle Land Rover Defender (pos=<2293.782959, 19.249125, 3315.362305>, type=Expansion_Landrover_Grey) as driver
17:44:35 [VehicleLeave] Player HrabefonVorezprut [uid=J56CBd6WRzt5c58nX9b986Cp2niBSm4n26sMa8FuFaU=] left vehicle Land Rover Defender (pos=<2354.007324, 21.182121, 3264.288330>, type=Expansion_Landrover_Grey)
17:44:51 [Expansion Quests] - SetupClientData - Got cached player quest data for player with UID: O51WMdDQzgXORUqSM5snQEXNY_mRJk6JpE3sxZs1430=
17:44:51 [Expansion Quests] - PlayerQuestsInit - Create new quest instance for quest: 23 - Creator UID: O51WMdDQzgXORUqSM5snQEXNY_mRJk6JpE3sxZs1430=
17:44:51 [Expansion Quests] - PlayerQuestsInit - Create new quest instance for quest: 13 - Creator UID: O51WMdDQzgXORUqSM5snQEXNY_mRJk6JpE3sxZs1430=
17:44:58 [VehicleCarKey] Player "Loomio" (id=O51WMdDQzgXORUqSM5snQEXNY_mRJk6JpE3sxZs1430= pos=<2345.213135, 20.430534, 3265.953613>) used the  ExpansionCarKey to unlock a ExpansionUAZ
17:45:04 [VehicleEnter] Player Loomio [uid=O51WMdDQzgXORUqSM5snQEXNY_mRJk6JpE3sxZs1430=] entered vehicle UAZ 469 (pos=<2342.904541, 20.388500, 3264.764893>, type=ExpansionUAZ) as driver
17:45:08 [VehicleLeave] Player Loomio [uid=O51WMdDQzgXORUqSM5snQEXNY_mRJk6JpE3sxZs1430=] left vehicle UAZ 469 (pos=<2342.903809, 20.390476, 3264.764648>, type=ExpansionUAZ)
17:46:01 [VehicleEnter] Player HrabefonVorezprut [uid=J56CBd6WRzt5c58nX9b986Cp2niBSm4n26sMa8FuFaU=] entered vehicle Land Rover Defender (pos=<2353.999268, 21.181553, 3264.288574>, type=Expansion_Landrover_Grey) as driver
17:46:09 [VehicleEnter] Player Loomio [uid=O51WMdDQzgXORUqSM5snQEXNY_mRJk6JpE3sxZs1430=] entered vehicle UAZ 469 (pos=<2342.903809, 20.390442, 3264.764648>, type=ExpansionUAZ) as driver
17:46:13 [VehicleEngine] Player Loomio [uid=O51WMdDQzgXORUqSM5snQEXNY_mRJk6JpE3sxZs1430=] started vehicle UAZ 469 (pos=<2342.903320, 20.390509, 3264.762939>, type=ExpansionUAZ)
17:47:15 [Expansion Quests] - SetupClientData - Loaded existing player quest data for player with UID: Kp552-DUmpXjFmzRHkPAo19gGBC4gSvKLPksgSQ_nac=
17:47:15 [Expansion Quests] - PlayerQuestsInit - Create new quest instance for quest: 23 - Creator UID: Kp552-DUmpXjFmzRHkPAo19gGBC4gSvKLPksgSQ_nac=
17:47:22 [VehicleLeave] Player HrabefonVorezprut [uid=J56CBd6WRzt5c58nX9b986Cp2niBSm4n26sMa8FuFaU=] left vehicle Land Rover Defender (pos=<3118.687500, 19.291311, 2972.303223>, type=Expansion_Landrover_Grey)
17:47:42 [VehicleCarKey] Player "HrabefonVorezprut" (id=J56CBd6WRzt5c58nX9b986Cp2niBSm4n26sMa8FuFaU= pos=<3119.636230, 19.320282, 2973.628906>) used the  ExpansionCarKey to lock a Expansion_Landrover_Grey
17:48:21 [VehicleEngine] Player Loomio [uid=O51WMdDQzgXORUqSM5snQEXNY_mRJk6JpE3sxZs1430=] stopped vehicle UAZ 469 (pos=<3018.413330, 20.646641, 3028.104980>, type=ExpansionUAZ)
17:48:26 [VehicleLeave] Player Loomio [uid=O51WMdDQzgXORUqSM5snQEXNY_mRJk6JpE3sxZs1430=] left vehicle UAZ 469 (pos=<3018.414063, 20.645061, 3028.102539>, type=ExpansionUAZ)
17:48:50 [VehicleEnter] Player Loomio [uid=O51WMdDQzgXORUqSM5snQEXNY_mRJk6JpE3sxZs1430=] entered vehicle UAZ 469 (pos=<3018.414063, 20.645031, 3028.102539>, type=ExpansionUAZ) as driver
17:48:55 [VehicleLeave] Player Loomio [uid=O51WMdDQzgXORUqSM5snQEXNY_mRJk6JpE3sxZs1430=] left vehicle UAZ 469 (pos=<3018.414063, 20.645065, 3028.102539>, type=ExpansionUAZ)
17:51:10 [VehicleEnter] Player Agapito [uid=Kp552-DUmpXjFmzRHkPAo19gGBC4gSvKLPksgSQ_nac=] entered vehicle PBX (pos=<9735.533203, 0.403528, 5081.757813>, type=ExpansionZodiacBoat) as driver
17:51:15 [VehicleEngine] Player Agapito [uid=Kp552-DUmpXjFmzRHkPAo19gGBC4gSvKLPksgSQ_nac=] started vehicle PBX (pos=<9735.537109, 0.581845, 5081.755859>, type=ExpansionZodiacBoat)
17:52:25 [VehicleLeave] Player Agapito [uid=Kp552-DUmpXjFmzRHkPAo19gGBC4gSvKLPksgSQ_nac=] left vehicle PBX (pos=<9815.308594, 0.624913, 4482.870117>, type=ExpansionZodiacBoat)
17:52:51 [VehicleEnter] Player Agapito [uid=Kp552-DUmpXjFmzRHkPAo19gGBC4gSvKLPksgSQ_nac=] entered vehicle PBX (pos=<9816.050781, 0.560783, 4484.751953>, type=ExpansionZodiacBoat) as driver
17:52:54 [VehicleLeave] Player Agapito [uid=Kp552-DUmpXjFmzRHkPAo19gGBC4gSvKLPksgSQ_nac=] left vehicle PBX (pos=<9816.057617, 0.627224, 4484.739258>, type=ExpansionZodiacBoat)
17:52:57 [VehicleEnter] Player Agapito [uid=Kp552-DUmpXjFmzRHkPAo19gGBC4gSvKLPksgSQ_nac=] entered vehicle PBX (pos=<9816.042969, 0.574387, 4484.729004>, type=ExpansionZodiacBoat) as driver
17:53:28 [VehicleEngine] Player Agapito [uid=Kp552-DUmpXjFmzRHkPAo19gGBC4gSvKLPksgSQ_nac=] stopped vehicle PBX (pos=<9919.470703, 0.379793, 4459.282715>, type=ExpansionZodiacBoat)
17:53:32 [VehicleLeave] Player Agapito [uid=Kp552-DUmpXjFmzRHkPAo19gGBC4gSvKLPksgSQ_nac=] left vehicle PBX (pos=<9921.435547, 0.596991, 4458.881836>, type=ExpansionZodiacBoat)
17:53:54 [VehicleEnter] Player Loomio [uid=O51WMdDQzgXORUqSM5snQEXNY_mRJk6JpE3sxZs1430=] entered vehicle UAZ 469 (pos=<3018.414063, 20.645063, 3028.102539>, type=ExpansionUAZ) as driver
17:54:00 [VehicleLeave] Player Loomio [uid=O51WMdDQzgXORUqSM5snQEXNY_mRJk6JpE3sxZs1430=] left vehicle UAZ 469 (pos=<3018.414063, 20.645067, 3028.102539>, type=ExpansionUAZ)
17:54:14 [VehicleEnter] Player Loomio [uid=O51WMdDQzgXORUqSM5snQEXNY_mRJk6JpE3sxZs1430=] entered vehicle UAZ 469 (pos=<3018.414063, 20.645056, 3028.102539>, type=ExpansionUAZ) as driver
17:54:20 [VehicleEngine] Player Loomio [uid=O51WMdDQzgXORUqSM5snQEXNY_mRJk6JpE3sxZs1430=] started vehicle UAZ 469 (pos=<3018.414063, 20.645071, 3028.102539>, type=ExpansionUAZ)
17:54:23 [VehicleEngine] Player Loomio [uid=O51WMdDQzgXORUqSM5snQEXNY_mRJk6JpE3sxZs1430=] stopped vehicle UAZ 469 (pos=<3018.414063, 20.645058, 3028.102539>, type=ExpansionUAZ)
17:54:26 [VehicleLeave] Player Loomio [uid=O51WMdDQzgXORUqSM5snQEXNY_mRJk6JpE3sxZs1430=] left vehicle UAZ 469 (pos=<3018.414063, 20.645054, 3028.102539>, type=ExpansionUAZ)
17:57:43 [VehicleEnter] Player Loomio [uid=O51WMdDQzgXORUqSM5snQEXNY_mRJk6JpE3sxZs1430=] entered vehicle UAZ 469 (pos=<3018.414063, 20.645060, 3028.102539>, type=ExpansionUAZ) as driver
17:57:50 [VehicleLeave] Player Loomio [uid=O51WMdDQzgXORUqSM5snQEXNY_mRJk6JpE3sxZs1430=] left vehicle UAZ 469 (pos=<3018.414063, 20.645046, 3028.102539>, type=ExpansionUAZ)
17:58:12 [VehicleEnter] Player Loomio [uid=O51WMdDQzgXORUqSM5snQEXNY_mRJk6JpE3sxZs1430=] entered vehicle UAZ 469 (pos=<3018.414063, 20.645050, 3028.102539>, type=ExpansionUAZ) as driver
17:58:23 [VehicleLeave] Player Loomio [uid=O51WMdDQzgXORUqSM5snQEXNY_mRJk6JpE3sxZs1430=] left vehicle UAZ 469 (pos=<3018.414063, 20.645067, 3028.102539>, type=ExpansionUAZ)
17:58:29 [VehicleEnter] Player HrabefonVorezprut [uid=J56CBd6WRzt5c58nX9b986Cp2niBSm4n26sMa8FuFaU=] entered vehicle UAZ 469 (pos=<3018.414063, 20.645058, 3028.102539>, type=ExpansionUAZ) as driver
17:58:50 [VehicleLeave] Player HrabefonVorezprut [uid=J56CBd6WRzt5c58nX9b986Cp2niBSm4n26sMa8FuFaU=] left vehicle UAZ 469 (pos=<3018.414063, 20.645050, 3028.102539>, type=ExpansionUAZ)
17:59:23 [VehicleEnter] Player Loomio [uid=O51WMdDQzgXORUqSM5snQEXNY_mRJk6JpE3sxZs1430=] entered vehicle UAZ 469 (pos=<3018.414063, 20.645041, 3028.102539>, type=ExpansionUAZ) as driver
17:59:26 [VehicleEngine] Player Loomio [uid=O51WMdDQzgXORUqSM5snQEXNY_mRJk6JpE3sxZs1430=] started vehicle UAZ 469 (pos=<3018.414063, 20.645014, 3028.102539>, type=ExpansionUAZ)
18:00:01 [VehicleEngine] Player Loomio [uid=O51WMdDQzgXORUqSM5snQEXNY_mRJk6JpE3sxZs1430=] stopped vehicle UAZ 469 (pos=<3115.689941, 19.277166, 2978.514648>, type=ExpansionUAZ)
18:00:07 [VehicleLeave] Player Loomio [uid=O51WMdDQzgXORUqSM5snQEXNY_mRJk6JpE3sxZs1430=] left vehicle UAZ 469 (pos=<3115.689941, 19.277218, 2978.514893>, type=ExpansionUAZ)
18:00:52 [VehicleEnter] Player HrabefonVorezprut [uid=J56CBd6WRzt5c58nX9b986Cp2niBSm4n26sMa8FuFaU=] entered vehicle UAZ 469 (pos=<3115.689941, 19.277229, 2978.514893>, type=ExpansionUAZ) as driver
18:00:58 [VehicleLeave] Player HrabefonVorezprut [uid=J56CBd6WRzt5c58nX9b986Cp2niBSm4n26sMa8FuFaU=] left vehicle UAZ 469 (pos=<3115.689941, 19.277132, 2978.514648>, type=ExpansionUAZ)
18:01:04 [VehicleCarKey] Player "HrabefonVorezprut" (id=J56CBd6WRzt5c58nX9b986Cp2niBSm4n26sMa8FuFaU= pos=<3119.525146, 19.319902, 2973.880859>) used the  ExpansionCarKey to unlock a Expansion_Landrover_Grey
18:01:10 [VehicleEnter] Player HrabefonVorezprut [uid=J56CBd6WRzt5c58nX9b986Cp2niBSm4n26sMa8FuFaU=] entered vehicle Land Rover Defender (pos=<3118.687744, 19.288889, 2972.303467>, type=Expansion_Landrover_Grey) as driver
18:01:13 [VehicleLeave] Player HrabefonVorezprut [uid=J56CBd6WRzt5c58nX9b986Cp2niBSm4n26sMa8FuFaU=] left vehicle Land Rover Defender (pos=<3118.687744, 19.291315, 2972.303711>, type=Expansion_Landrover_Grey)
18:01:48 [VehicleEnter] Player HrabefonVorezprut [uid=J56CBd6WRzt5c58nX9b986Cp2niBSm4n26sMa8FuFaU=] entered vehicle Land Rover Defender (pos=<3118.687744, 19.288897, 2972.303711>, type=Expansion_Landrover_Grey) as driver
18:01:51 [VehicleEngine] Player HrabefonVorezprut [uid=J56CBd6WRzt5c58nX9b986Cp2niBSm4n26sMa8FuFaU=] started vehicle Land Rover Defender (pos=<3118.687988, 19.291309, 2972.303955>, type=Expansion_Landrover_Grey)
18:01:55 [VehicleEnter] Player Loomio [uid=O51WMdDQzgXORUqSM5snQEXNY_mRJk6JpE3sxZs1430=] entered vehicle UAZ 469 (pos=<3115.689941, 19.277122, 2978.514648>, type=ExpansionUAZ) as driver
18:02:05 [VehicleEngine] Player Loomio [uid=O51WMdDQzgXORUqSM5snQEXNY_mRJk6JpE3sxZs1430=] started vehicle UAZ 469 (pos=<3115.689697, 19.277151, 2978.514404>, type=ExpansionUAZ)
18:03:18 [Expansion Quests] - SetupClientData - Loaded existing player quest data for player with UID: CoFE74V8SNNeCRyPCukE2UTBlM4Qe7Hv2NTd8IIPuYI=
18:03:18 [Expansion Quests] - PlayerQuestsInit - Create new quest instance for quest: 23 - Creator UID: CoFE74V8SNNeCRyPCukE2UTBlM4Qe7Hv2NTd8IIPuYI=
18:03:18 [Expansion Quests] - PlayerQuestsInit - Create new quest instance for quest: 3 - Creator UID: CoFE74V8SNNeCRyPCukE2UTBlM4Qe7Hv2NTd8IIPuYI=
18:04:42 [Expansion Quests] - SetupClientData - Got cached player quest data for player with UID: J56CBd6WRzt5c58nX9b986Cp2niBSm4n26sMa8FuFaU=
18:04:42 [Expansion Quests] - PlayerQuestsInit - Create new quest instance for quest: 23 - Creator UID: J56CBd6WRzt5c58nX9b986Cp2niBSm4n26sMa8FuFaU=
18:04:42 [Expansion Quests] - PlayerQuestsInit - Create new quest instance for quest: 5 - Creator UID: J56CBd6WRzt5c58nX9b986Cp2niBSm4n26sMa8FuFaU=
18:04:56 [VehicleEnter] Player HrabefonVorezprut [uid=J56CBd6WRzt5c58nX9b986Cp2niBSm4n26sMa8FuFaU=] entered vehicle Land Rover Defender (pos=<3520.742432, 29.265524, 3314.980225>, type=Expansion_Landrover_Grey) as driver
18:05:00 [VehicleEngine] Player HrabefonVorezprut [uid=J56CBd6WRzt5c58nX9b986Cp2niBSm4n26sMa8FuFaU=] started vehicle Land Rover Defender (pos=<3520.743652, 29.268129, 3314.981201>, type=Expansion_Landrover_Grey)
18:05:49 [VehicleEngine] Player Loomio [uid=O51WMdDQzgXORUqSM5snQEXNY_mRJk6JpE3sxZs1430=] stopped vehicle UAZ 469 (pos=<4464.247559, 5.049409, 3167.978271>, type=ExpansionUAZ)
18:05:56 [VehicleLeave] Player Loomio [uid=O51WMdDQzgXORUqSM5snQEXNY_mRJk6JpE3sxZs1430=] left vehicle UAZ 469 (pos=<4464.246094, 5.048771, 3167.977295>, type=ExpansionUAZ)
18:06:08 [VehicleCarKey] Player "Loomio" (id=O51WMdDQzgXORUqSM5snQEXNY_mRJk6JpE3sxZs1430= pos=<4465.611328, 5.009297, 3166.714355>) used the  ExpansionCarKey to lock a ExpansionUAZ
18:06:41 [Expansion Quests] - SetupClientData - Got cached player quest data for player with UID: J56CBd6WRzt5c58nX9b986Cp2niBSm4n26sMa8FuFaU=
18:06:58 [VehicleEnter] Player HrabefonVorezprut [uid=J56CBd6WRzt5c58nX9b986Cp2niBSm4n26sMa8FuFaU=] entered vehicle Land Rover Defender (pos=<3527.059814, 27.164446, 3377.003906>, type=Expansion_Landrover_Grey) as driver
18:07:00 [VehicleEngine] Player HrabefonVorezprut [uid=J56CBd6WRzt5c58nX9b986Cp2niBSm4n26sMa8FuFaU=] started vehicle Land Rover Defender (pos=<3527.058594, 27.164755, 3377.003662>, type=Expansion_Landrover_Grey)
18:09:02 [VehicleLeave] Player HrabefonVorezprut [uid=J56CBd6WRzt5c58nX9b986Cp2niBSm4n26sMa8FuFaU=] left vehicle Land Rover Defender (pos=<4458.308105, 4.786532, 3088.025879>, type=Expansion_Landrover_Grey)
18:09:09 [VehicleCarKey] Player "HrabefonVorezprut" (id=J56CBd6WRzt5c58nX9b986Cp2niBSm4n26sMa8FuFaU= pos=<4456.742188, 4.835501, 3089.185303>) used the  ExpansionCarKey to lock a Expansion_Landrover_Grey
18:10:01 [VehicleAttachments] Player TBW///Miguel (uid=CoFE74V8SNNeCRyPCukE2UTBlM4Qe7Hv2NTd8IIPuYI=) detached Spark Plug (type=SparkPlug) from vehicle Sarka 120(pos=<5741.830078, 5.255785, 3604.701904> type=Sedan_02)
18:10:10 [VehicleEnter] Player Agapito [uid=Kp552-DUmpXjFmzRHkPAo19gGBC4gSvKLPksgSQ_nac=] entered vehicle PBX (pos=<9921.907227, 0.537913, 4458.888184>, type=ExpansionZodiacBoat) as driver
18:10:13 [VehicleEngine] Player Agapito [uid=Kp552-DUmpXjFmzRHkPAo19gGBC4gSvKLPksgSQ_nac=] started vehicle PBX (pos=<9921.908203, 0.530765, 4458.889648>, type=ExpansionZodiacBoat)
18:11:19 [VehicleLeave] Player Agapito [uid=Kp552-DUmpXjFmzRHkPAo19gGBC4gSvKLPksgSQ_nac=] left vehicle PBX (pos=<9921.411133, 0.602403, 4453.421387>, type=ExpansionZodiacBoat)
18:12:05 [VehicleEnter] Player Agapito [uid=Kp552-DUmpXjFmzRHkPAo19gGBC4gSvKLPksgSQ_nac=] entered vehicle PBX (pos=<9920.894531, 0.819364, 4454.668457>, type=ExpansionZodiacBoat) as driver
18:12:25 [VehicleEngine] Player Agapito [uid=Kp552-DUmpXjFmzRHkPAo19gGBC4gSvKLPksgSQ_nac=] stopped vehicle PBX (pos=<9920.886719, 0.771618, 4453.967285>, type=ExpansionZodiacBoat)
18:12:28 [VehicleLeave] Player Agapito [uid=Kp552-DUmpXjFmzRHkPAo19gGBC4gSvKLPksgSQ_nac=] left vehicle PBX (pos=<9920.872070, 0.845170, 4453.883789>, type=ExpansionZodiacBoat)
18:14:10 [MissionAirdrop] An airdrop is heading towards "Camprefugi" (pos=<4669.000000, 0.000000, 5240.000000> type=Random_Camprefugi) with a ExpansionAirdropContainer_Basebuilding
18:14:31 [VehicleEnter] Player Agapito [uid=Kp552-DUmpXjFmzRHkPAo19gGBC4gSvKLPksgSQ_nac=] entered vehicle PBX (pos=<9920.519531, 0.782182, 4455.817871>, type=ExpansionZodiacBoat) as driver
18:14:33 [VehicleEngine] Player Agapito [uid=Kp552-DUmpXjFmzRHkPAo19gGBC4gSvKLPksgSQ_nac=] started vehicle PBX (pos=<9920.505859, 0.808700, 4455.796387>, type=ExpansionZodiacBoat)
18:14:56 [VehicleEngine] Player Agapito [uid=Kp552-DUmpXjFmzRHkPAo19gGBC4gSvKLPksgSQ_nac=] stopped vehicle PBX (pos=<9920.552734, 0.836504, 4456.198730>, type=ExpansionZodiacBoat)
18:15:03 [VehicleEngine] Player Agapito [uid=Kp552-DUmpXjFmzRHkPAo19gGBC4gSvKLPksgSQ_nac=] started vehicle PBX (pos=<9920.579102, 0.651991, 4456.159180>, type=ExpansionZodiacBoat)
18:15:22 [VehicleEngine] Player Agapito [uid=Kp552-DUmpXjFmzRHkPAo19gGBC4gSvKLPksgSQ_nac=] stopped vehicle PBX (pos=<9920.749023, 0.905951, 4456.958496>, type=ExpansionZodiacBoat)
18:15:28 [VehicleLeave] Player Agapito [uid=Kp552-DUmpXjFmzRHkPAo19gGBC4gSvKLPksgSQ_nac=] left vehicle PBX (pos=<9920.763672, 0.706923, 4456.952148>, type=ExpansionZodiacBoat)
18:17:24 [VehicleEnter] Player Agapito [uid=Kp552-DUmpXjFmzRHkPAo19gGBC4gSvKLPksgSQ_nac=] entered vehicle PBX (pos=<9920.613281, 0.636838, 4456.680664>, type=ExpansionZodiacBoat) as driver
18:17:27 [VehicleEngine] Player Agapito [uid=Kp552-DUmpXjFmzRHkPAo19gGBC4gSvKLPksgSQ_nac=] started vehicle PBX (pos=<9920.584961, 0.785385, 4456.696289>, type=ExpansionZodiacBoat)
18:18:02 [VehicleLeave] Player Agapito [uid=Kp552-DUmpXjFmzRHkPAo19gGBC4gSvKLPksgSQ_nac=] left vehicle PBX (pos=<9920.663086, 0.685286, 4456.755859>, type=ExpansionZodiacBoat)
18:24:24 [Expansion Quests] - SetupClientData - Got cached player quest data for player with UID: O51WMdDQzgXORUqSM5snQEXNY_mRJk6JpE3sxZs1430=
18:24:24 [Expansion Quests] - PlayerQuestsInit - Create new quest instance for quest: 23 - Creator UID: O51WMdDQzgXORUqSM5snQEXNY_mRJk6JpE3sxZs1430=
18:24:24 [Expansion Quests] - PlayerQuestsInit - Create new quest instance for quest: 12 - Creator UID: O51WMdDQzgXORUqSM5snQEXNY_mRJk6JpE3sxZs1430=
18:24:58 [VehicleCarKey] Player "Loomio" (id=O51WMdDQzgXORUqSM5snQEXNY_mRJk6JpE3sxZs1430= pos=<4466.297363, 5.098778, 3168.065918>) used the  ExpansionCarKey to unlock a ExpansionUAZ
18:25:00 [Safezone] Player "MADness" (id=OWXX6Y-5LFd-7A6ELi2o-QPO0kjmZUMZvMTKL0AQ_q0= pos=<4256.166016, 9.539821, 4118.157715>) Entered the safezone
18:25:00 [Expansion Quests] - SetupClientData - Loaded existing player quest data for player with UID: OWXX6Y-5LFd-7A6ELi2o-QPO0kjmZUMZvMTKL0AQ_q0=
18:25:00 [Expansion Quests] - PlayerQuestsInit - Create new quest instance for quest: 23 - Creator UID: OWXX6Y-5LFd-7A6ELi2o-QPO0kjmZUMZvMTKL0AQ_q0=
18:25:03 [VehicleEnter] Player Loomio [uid=O51WMdDQzgXORUqSM5snQEXNY_mRJk6JpE3sxZs1430=] entered vehicle UAZ 469 (pos=<4464.246094, 5.048906, 3167.977295>, type=ExpansionUAZ) as driver
18:25:08 [VehicleEngine] Player Loomio [uid=O51WMdDQzgXORUqSM5snQEXNY_mRJk6JpE3sxZs1430=] started vehicle UAZ 469 (pos=<4464.247070, 5.048754, 3167.977295>, type=ExpansionUAZ)
18:25:14 [Chat - Global]("Honan "(id=htCDnLpFFf_5M--EE2Ozogwz4CTNBchyoCFouXFMQFU=)): madness je tady
18:25:21 [Chat - Global]("Honan "(id=htCDnLpFFf_5M--EE2Ozogwz4CTNBchyoCFouXFMQFU=)): pšš
18:25:37 [Chat - Global]("MADness"(id=OWXX6Y-5LFd-7A6ELi2o-QPO0kjmZUMZvMTKL0AQ_q0=)): Ale no tak :-P
18:25:43 [Chat - Global]("MADness"(id=OWXX6Y-5LFd-7A6ELi2o-QPO0kjmZUMZvMTKL0AQ_q0=)): Jsem tu na záchranné misi :D
18:26:12 [Safezone] Player "MADness" (id=OWXX6Y-5LFd-7A6ELi2o-QPO0kjmZUMZvMTKL0AQ_q0= pos=<9830.516602, 0.461702, 4460.052734>) Left the safezone
18:26:38 [VehicleEnter] Player MADness [uid=OWXX6Y-5LFd-7A6ELi2o-QPO0kjmZUMZvMTKL0AQ_q0=] entered vehicle PBX (pos=<9920.505859, 0.793079, 4456.284180>, type=ExpansionZodiacBoat) as driver
18:26:42 [Safezone] Player "Loomio" (id=O51WMdDQzgXORUqSM5snQEXNY_mRJk6JpE3sxZs1430= pos=<4367.416504, 5.143125, 4057.871826>) Entered the safezone
18:26:47 [Chat - Global]("Honan "(id=htCDnLpFFf_5M--EE2Ozogwz4CTNBchyoCFouXFMQFU=)): No. Jsou tady všude zombíci a vlci  a medvědi. s tim  by se mělo něco udělat
18:27:04 [VehicleLeave] Player MADness [uid=OWXX6Y-5LFd-7A6ELi2o-QPO0kjmZUMZvMTKL0AQ_q0=] left vehicle PBX (pos=<9739.607422, 0.533962, 4493.983887>, type=ExpansionZodiacBoat)
18:27:06 [VehicleEngine] Player Loomio [uid=O51WMdDQzgXORUqSM5snQEXNY_mRJk6JpE3sxZs1430=] stopped vehicle UAZ 469 (pos=<4264.759766, 11.342822, 4197.027832>, type=ExpansionUAZ)
18:27:13 [VehicleLeave] Player Loomio [uid=O51WMdDQzgXORUqSM5snQEXNY_mRJk6JpE3sxZs1430=] left vehicle UAZ 469 (pos=<4264.759766, 11.342703, 4197.027344>, type=ExpansionUAZ)
18:27:17 [VehicleCarKey] Player "Loomio" (id=O51WMdDQzgXORUqSM5snQEXNY_mRJk6JpE3sxZs1430= pos=<4263.822266, 11.411876, 4194.295898>) used the  ExpansionCarKey to lock a ExpansionUAZ
18:27:20 [Chat - Global]("MADness"(id=OWXX6Y-5LFd-7A6ELi2o-QPO0kjmZUMZvMTKL0AQ_q0=)): Tak konej :D 
18:27:33 [Market] Player "Loomio" (id=O51WMdDQzgXORUqSM5snQEXNY_mRJk6JpE3sxZs1430=) has send a requested to sell cartent x1 at the trader "BuildingSupplies (Boris [#STR_EXPANSION_MARKET_TRADER_BUILDING_SUPPLIES])" in market zone "OUTLIVE Trader" (pos=<4291.589844, 25.247801, 4162.500000>).
18:27:33 [Market] Player "Loomio" (id=O51WMdDQzgXORUqSM5snQEXNY_mRJk6JpE3sxZs1430=) has sold cartent x1 at the trader "BuildingSupplies (Boris [#STR_EXPANSION_MARKET_TRADER_BUILDING_SUPPLIES])" in market zone "OUTLIVE Trader" (pos=<4291.589844, 25.247801, 4162.500000>) and got 1600.
18:27:35 [Expansion Quests] - SetupClientData - Got cached player quest data for player with UID: z67WFg-Joo3MekD4H0kXOZXbSI0D6ip7P9dY0J-nUoM=
18:27:35 [Expansion Quests] - PlayerQuestsInit - Create new quest instance for quest: 23 - Creator UID: z67WFg-Joo3MekD4H0kXOZXbSI0D6ip7P9dY0J-nUoM=
18:27:35 [Expansion Quests] - PlayerQuestsInit - Create new quest instance for quest: 85 - Creator UID: z67WFg-Joo3MekD4H0kXOZXbSI0D6ip7P9dY0J-nUoM=
18:27:39 [Market] Player "Loomio" (id=O51WMdDQzgXORUqSM5snQEXNY_mRJk6JpE3sxZs1430=) has send a requested to sell expansioncodelock x1 at the trader "BuildingSupplies (Boris [#STR_EXPANSION_MARKET_TRADER_BUILDING_SUPPLIES])" in market zone "OUTLIVE Trader" (pos=<4291.589844, 25.247801, 4162.500000>).
18:27:39 [Market] Player "Loomio" (id=O51WMdDQzgXORUqSM5snQEXNY_mRJk6JpE3sxZs1430=) has sold expansioncodelock x1 at the trader "BuildingSupplies (Boris [#STR_EXPANSION_MARKET_TRADER_BUILDING_SUPPLIES])" in market zone "OUTLIVE Trader" (pos=<4291.589844, 25.247801, 4162.500000>) and got 1500.
18:27:43 [Market] Player "Loomio" (id=O51WMdDQzgXORUqSM5snQEXNY_mRJk6JpE3sxZs1430=) has send a requested to sell barbedwire x1 at the trader "BuildingSupplies (Boris [#STR_EXPANSION_MARKET_TRADER_BUILDING_SUPPLIES])" in market zone "OUTLIVE Trader" (pos=<4291.589844, 25.247801, 4162.500000>).
18:27:43 [Market] Player "Loomio" (id=O51WMdDQzgXORUqSM5snQEXNY_mRJk6JpE3sxZs1430=) has sold barbedwire x1 at the trader "BuildingSupplies (Boris [#STR_EXPANSION_MARKET_TRADER_BUILDING_SUPPLIES])" in market zone "OUTLIVE Trader" (pos=<4291.589844, 25.247801, 4162.500000>) and got 150.
18:27:44 [Market] Player "Loomio" (id=O51WMdDQzgXORUqSM5snQEXNY_mRJk6JpE3sxZs1430=) has send a requested to sell barbedwire x1 at the trader "BuildingSupplies (Boris [#STR_EXPANSION_MARKET_TRADER_BUILDING_SUPPLIES])" in market zone "OUTLIVE Trader" (pos=<4291.589844, 25.247801, 4162.500000>).
18:27:44 [Market] Player "Loomio" (id=O51WMdDQzgXORUqSM5snQEXNY_mRJk6JpE3sxZs1430=) has sold barbedwire x1 at the trader "BuildingSupplies (Boris [#STR_EXPANSION_MARKET_TRADER_BUILDING_SUPPLIES])" in market zone "OUTLIVE Trader" (pos=<4291.589844, 25.247801, 4162.500000>) and got 150.
18:28:02 [Chat - Global]("[Chill] Rehy_CZ"(id=z67WFg-Joo3MekD4H0kXOZXbSI0D6ip7P9dY0J-nUoM=)): Zdravím all
18:28:08 [Chat - Global]("MADness"(id=OWXX6Y-5LFd-7A6ELi2o-QPO0kjmZUMZvMTKL0AQ_q0=)): ČAU ČAU
18:29:15 [Chat - Global]("Agapito"(id=Kp552-DUmpXjFmzRHkPAo19gGBC4gSvKLPksgSQ_nac=)): cant get up the boat madnes
18:29:47 [ATM] Player "Loomio" (id=O51WMdDQzgXORUqSM5snQEXNY_mRJk6JpE3sxZs1430=) has deposited 3400 on his ATM account.
18:30:00 [VehicleEnter] Player Agapito [uid=Kp552-DUmpXjFmzRHkPAo19gGBC4gSvKLPksgSQ_nac=] entered vehicle PBX (pos=<9739.607422, 0.509087, 4494.242676>, type=ExpansionZodiacBoat) as driver
18:30:02 [Chat - Global]("Agapito"(id=Kp552-DUmpXjFmzRHkPAo19gGBC4gSvKLPksgSQ_nac=)): thx
18:30:24 [VehicleCarKey] Player "Loomio" (id=O51WMdDQzgXORUqSM5snQEXNY_mRJk6JpE3sxZs1430= pos=<4264.202637, 11.410120, 4194.907715>) used the  ExpansionCarKey to unlock a ExpansionUAZ
18:30:28 [VehicleEnter] Player Loomio [uid=O51WMdDQzgXORUqSM5snQEXNY_mRJk6JpE3sxZs1430=] entered vehicle UAZ 469 (pos=<4264.759277, 11.342886, 4197.027344>, type=ExpansionUAZ) as driver
18:30:33 [VehicleEngine] Player Loomio [uid=O51WMdDQzgXORUqSM5snQEXNY_mRJk6JpE3sxZs1430=] started vehicle UAZ 469 (pos=<4264.760254, 11.342710, 4197.027832>, type=ExpansionUAZ)
18:31:07 [Safezone] Player "Loomio" (id=O51WMdDQzgXORUqSM5snQEXNY_mRJk6JpE3sxZs1430= pos=<4411.574707, 4.400395, 3898.433350>) Left the safezone
18:32:04 [Expansion Quests] - SetupClientData - Got cached player quest data for player with UID: OWXX6Y-5LFd-7A6ELi2o-QPO0kjmZUMZvMTKL0AQ_q0=
18:32:04 [Expansion Quests] - PlayerQuestsInit - Create new quest instance for quest: 23 - Creator UID: OWXX6Y-5LFd-7A6ELi2o-QPO0kjmZUMZvMTKL0AQ_q0=
18:32:24 [VehicleEngine] Player Loomio [uid=O51WMdDQzgXORUqSM5snQEXNY_mRJk6JpE3sxZs1430=] stopped vehicle UAZ 469 (pos=<4465.493652, 5.075418, 3168.068359>, type=ExpansionUAZ)
18:32:29 [VehicleLeave] Player Loomio [uid=O51WMdDQzgXORUqSM5snQEXNY_mRJk6JpE3sxZs1430=] left vehicle UAZ 469 (pos=<4465.492676, 5.072769, 3168.066650>, type=ExpansionUAZ)
18:32:36 [VehicleCarKey] Player "Loomio" (id=O51WMdDQzgXORUqSM5snQEXNY_mRJk6JpE3sxZs1430= pos=<4466.753906, 5.068054, 3167.906494>) used the  ExpansionCarKey to unlock a ExpansionUAZ
18:32:46 [VehicleCarKey] Player "Loomio" (id=O51WMdDQzgXORUqSM5snQEXNY_mRJk6JpE3sxZs1430= pos=<4466.869141, 4.880642, 3165.780029>) used the  ExpansionCarKey to lock a ExpansionUAZ
18:32:56 [VehicleCarKey] Player "Loomio" (id=O51WMdDQzgXORUqSM5snQEXNY_mRJk6JpE3sxZs1430= pos=<4518.853027, 1.171846, 3152.515137>) used the  ExpansionCarKey to unlock a ExpansionUtilityBoat
18:40:47 [Expansion Quests] - SetupClientData - Got cached player quest data for player with UID: htCDnLpFFf_5M--EE2Ozogwz4CTNBchyoCFouXFMQFU=
18:41:28 [Expansion Quests] - SetupClientData - Got cached player quest data for player with UID: CoFE74V8SNNeCRyPCukE2UTBlM4Qe7Hv2NTd8IIPuYI=
18:41:28 [Expansion Quests] - PlayerQuestsInit - Create new quest instance for quest: 23 - Creator UID: CoFE74V8SNNeCRyPCukE2UTBlM4Qe7Hv2NTd8IIPuYI=
18:41:45 [Expansion Quests] - SetupClientData - Got cached player quest data for player with UID: Kp552-DUmpXjFmzRHkPAo19gGBC4gSvKLPksgSQ_nac=
18:41:45 [Expansion Quests] - PlayerQuestsInit - Create new quest instance for quest: 23 - Creator UID: Kp552-DUmpXjFmzRHkPAo19gGBC4gSvKLPksgSQ_nac=
18:41:54 [VehicleEnter] Player Loomio [uid=O51WMdDQzgXORUqSM5snQEXNY_mRJk6JpE3sxZs1430=] entered vehicle RHIB (pos=<4521.824219, -0.033715, 3153.262939>, type=ExpansionUtilityBoat) as driver
18:41:58 [VehicleEngine] Player Loomio [uid=O51WMdDQzgXORUqSM5snQEXNY_mRJk6JpE3sxZs1430=] started vehicle RHIB (pos=<4522.663086, -0.332455, 3153.213379>, type=ExpansionUtilityBoat)
18:45:26 [VehicleEnter] Player TBW///Miguel [uid=CoFE74V8SNNeCRyPCukE2UTBlM4Qe7Hv2NTd8IIPuYI=] entered vehicle PBX (pos=<8248.140625, 0.316667, 3726.667480>, type=ExpansionZodiacBoat) as driver
18:45:28 [VehicleEngine] Player TBW///Miguel [uid=CoFE74V8SNNeCRyPCukE2UTBlM4Qe7Hv2NTd8IIPuYI=] stopped vehicle PBX (pos=<8248.141602, 0.114937, 3727.010254>, type=ExpansionZodiacBoat)
18:45:31 [VehicleLeave] Player TBW///Miguel [uid=CoFE74V8SNNeCRyPCukE2UTBlM4Qe7Hv2NTd8IIPuYI=] left vehicle PBX (pos=<8248.141602, -0.036793, 3727.345459>, type=ExpansionZodiacBoat)
18:46:25 [VehicleLeave] Player Loomio [uid=O51WMdDQzgXORUqSM5snQEXNY_mRJk6JpE3sxZs1430=] left vehicle RHIB (pos=<8364.310547, 0.040654, 3655.218750>, type=ExpansionUtilityBoat)
18:46:51 [VehicleCarKey] Player "Loomio" (id=O51WMdDQzgXORUqSM5snQEXNY_mRJk6JpE3sxZs1430= pos=<8365.042969, 0.930147, 3654.236328>) used the  ExpansionCarKey to lock a ExpansionUtilityBoat
18:50:43 [Expansion Quests] - SetupClientData - Got cached player quest data for player with UID: O51WMdDQzgXORUqSM5snQEXNY_mRJk6JpE3sxZs1430=
18:53:14 [VehicleCarKey] Player "Agapito" (id=Kp552-DUmpXjFmzRHkPAo19gGBC4gSvKLPksgSQ_nac= pos=<8365.060547, 0.932022, 3654.138916>) used the  ExpansionCarKey to unlock a ExpansionUtilityBoat
18:53:39 [VehicleCarKey] Player "Agapito" (id=Kp552-DUmpXjFmzRHkPAo19gGBC4gSvKLPksgSQ_nac= pos=<8364.662109, 0.912299, 3655.003662>) used the  ExpansionCarKey to lock a ExpansionUtilityBoat
18:53:40 [VehicleCarKey] Player "Agapito" (id=Kp552-DUmpXjFmzRHkPAo19gGBC4gSvKLPksgSQ_nac= pos=<8364.632813, 0.909155, 3655.236328>) used the  ExpansionCarKey to unlock a ExpansionUtilityBoat
18:53:44 [VehicleEnter] Player Agapito [uid=Kp552-DUmpXjFmzRHkPAo19gGBC4gSvKLPksgSQ_nac=] entered vehicle RHIB (pos=<8364.310547, 0.103875, 3655.079590>, type=ExpansionUtilityBoat) as driver
18:53:59 [VehicleEnter] Player TBW///Miguel [uid=CoFE74V8SNNeCRyPCukE2UTBlM4Qe7Hv2NTd8IIPuYI=] entered vehicle RHIB (pos=<8418.505859, -0.080754, 3620.200928>, type=ExpansionUtilityBoat) as passenger
18:54:48 [VehicleLeave] Player TBW///Miguel [uid=CoFE74V8SNNeCRyPCukE2UTBlM4Qe7Hv2NTd8IIPuYI=] left vehicle RHIB (pos=<8253.409180, 0.030590, 3735.011475>, type=ExpansionUtilityBoat)
18:55:11 [VehicleEnter] Player TBW///Miguel [uid=CoFE74V8SNNeCRyPCukE2UTBlM4Qe7Hv2NTd8IIPuYI=] entered vehicle PBX (pos=<8248.142578, 0.390713, 3727.720459>, type=ExpansionZodiacBoat) as driver
18:55:18 [VehicleLeave] Player TBW///Miguel [uid=CoFE74V8SNNeCRyPCukE2UTBlM4Qe7Hv2NTd8IIPuYI=] left vehicle PBX (pos=<8248.142578, -0.096591, 3727.720459>, type=ExpansionZodiacBoat)
18:55:27 [VehicleEnter] Player TBW///Miguel [uid=CoFE74V8SNNeCRyPCukE2UTBlM4Qe7Hv2NTd8IIPuYI=] entered vehicle PBX (pos=<8248.142578, 0.190451, 3727.720459>, type=ExpansionZodiacBoat) as driver
18:55:30 [VehicleLeave] Player TBW///Miguel [uid=CoFE74V8SNNeCRyPCukE2UTBlM4Qe7Hv2NTd8IIPuYI=] left vehicle PBX (pos=<8248.142578, -0.093048, 3727.720459>, type=ExpansionZodiacBoat)
18:55:38 [VehicleLeave] Player Agapito [uid=Kp552-DUmpXjFmzRHkPAo19gGBC4gSvKLPksgSQ_nac=] left vehicle RHIB (pos=<8242.828125, 0.030608, 3733.926025>, type=ExpansionUtilityBoat)
18:56:03 [VehicleEnter] Player TBW///Miguel [uid=CoFE74V8SNNeCRyPCukE2UTBlM4Qe7Hv2NTd8IIPuYI=] entered vehicle PBX (pos=<8248.142578, 0.357454, 3727.720459>, type=ExpansionZodiacBoat) as driver
18:56:05 [VehicleEngine] Player TBW///Miguel [uid=CoFE74V8SNNeCRyPCukE2UTBlM4Qe7Hv2NTd8IIPuYI=] started vehicle PBX (pos=<8248.142578, 0.107300, 3727.720459>, type=ExpansionZodiacBoat)
18:56:09 [VehicleEnter] Player Agapito [uid=Kp552-DUmpXjFmzRHkPAo19gGBC4gSvKLPksgSQ_nac=] entered vehicle RHIB (pos=<8236.051758, -0.355840, 3730.476807>, type=ExpansionUtilityBoat) as driver
19:00:32 [VehicleEngine] Player Agapito [uid=Kp552-DUmpXjFmzRHkPAo19gGBC4gSvKLPksgSQ_nac=] stopped vehicle RHIB (pos=<4998.275879, -0.345341, 1058.565186>, type=ExpansionUtilityBoat)
19:00:34 [VehicleLeave] Player Agapito [uid=Kp552-DUmpXjFmzRHkPAo19gGBC4gSvKLPksgSQ_nac=] left vehicle RHIB (pos=<4999.232910, -0.060250, 1058.989868>, type=ExpansionUtilityBoat)
19:00:37 [VehicleCarKey] Player "Agapito" (id=Kp552-DUmpXjFmzRHkPAo19gGBC4gSvKLPksgSQ_nac= pos=<4999.616699, 0.846202, 1059.468506>) used the  ExpansionCarKey to lock a ExpansionUtilityBoat
19:00:40 [VehicleCarKey] Player "Agapito" (id=Kp552-DUmpXjFmzRHkPAo19gGBC4gSvKLPksgSQ_nac= pos=<4998.131836, 0.781521, 1059.993164>) used the  ExpansionCarKey to unlock a ExpansionUtilityBoat
19:03:23 [VehicleEngine] Player TBW///Miguel [uid=CoFE74V8SNNeCRyPCukE2UTBlM4Qe7Hv2NTd8IIPuYI=] stopped vehicle PBX (pos=<4981.531250, 0.248550, 1077.553223>, type=ExpansionZodiacBoat)
19:03:26 [VehicleLeave] Player TBW///Miguel [uid=CoFE74V8SNNeCRyPCukE2UTBlM4Qe7Hv2NTd8IIPuYI=] left vehicle PBX (pos=<4981.530273, 0.220650, 1077.723633>, type=ExpansionZodiacBoat)
19:03:28 [VehicleCarKey] Player "TBW///Miguel" (id=CoFE74V8SNNeCRyPCukE2UTBlM4Qe7Hv2NTd8IIPuYI= pos=<4981.238770, 0.573825, 1077.800171>) used the  ExpansionCarKey to lock a ExpansionZodiacBoat
19:06:23 [VehicleCarKey] Player "TBW///Miguel" (id=CoFE74V8SNNeCRyPCukE2UTBlM4Qe7Hv2NTd8IIPuYI= pos=<4981.515625, 0.268212, 1077.570435>) used the  ExpansionCarKey to unlock a ExpansionZodiacBoat
19:06:48 [VehicleCarKey] Player "TBW///Miguel" (id=CoFE74V8SNNeCRyPCukE2UTBlM4Qe7Hv2NTd8IIPuYI= pos=<4980.863770, 0.716283, 1077.321289>) used the  ExpansionCarKey to lock a ExpansionZodiacBoat
19:09:44 [CodeLockRaiding] ExpansionCodelock (<4698.548828, 28.281540, 1006.532227>) Code set by player "TBW///Miguel" (ID = "CoFE74V8SNNeCRyPCukE2UTBlM4Qe7Hv2NTd8IIPuYI=" at <4698.910156, 28.321539, 1005.503967>) and the code is 2510
19:10:02 [Killfeed] Honan  fell to their death.
19:10:44 [Expansion Quests] - SetupClientData - Got cached player quest data for player with UID: htCDnLpFFf_5M--EE2Ozogwz4CTNBchyoCFouXFMQFU=
19:18:11 [Expansion Quests] - SetupClientData - Got cached player quest data for player with UID: O51WMdDQzgXORUqSM5snQEXNY_mRJk6JpE3sxZs1430=
19:26:18 [Killfeed] Honan  bled out.
19:27:13 [Expansion Quests] - SetupClientData - Got cached player quest data for player with UID: htCDnLpFFf_5M--EE2Ozogwz4CTNBchyoCFouXFMQFU=
19:32:20 [Expansion Quests] - SetupClientData - Got cached player quest data for player with UID: OWXX6Y-5LFd-7A6ELi2o-QPO0kjmZUMZvMTKL0AQ_q0=
19:32:20 [Expansion Quests] - PlayerQuestsInit - Create new quest instance for quest: 23 - Creator UID: OWXX6Y-5LFd-7A6ELi2o-QPO0kjmZUMZvMTKL0AQ_q0=
19:33:02 [Chat - Global]("Honan "(id=htCDnLpFFf_5M--EE2Ozogwz4CTNBchyoCFouXFMQFU=)): Je tadz madness
19:34:05 [Chat - Global]("Honan "(id=htCDnLpFFf_5M--EE2Ozogwz4CTNBchyoCFouXFMQFU=)): musim si stěžovat. na tej zkratce neni zábradlí. co kdyby se někdo zranil?
19:34:28 [Chat - Global]("[Chill] Rehy_CZ"(id=z67WFg-Joo3MekD4H0kXOZXbSI0D6ip7P9dY0J-nUoM=)): :D :D :D
19:37:48 [MissionAirdrop] An airdrop is heading towards "Mauerkirchen" (pos=<3123.000000, 0.000000, 4342.000000> type=Random_Mauerkirchen) with a ExpansionAirdropContainer_Medical
19:37:48 [MissionAirdrop] An airdrop is heading towards "Airport" (pos=<8307.879883, 0.000000, 924.599976> type=Random_Airport) with a ExpansionAirdropContainer
19:46:04 [Safezone] Player "Casper" (id=S9XeA0hkzh0BuQ40IZp9f43dJV0cx5VEKx2whZkh39A= pos=<4237.192383, 9.747618, 4152.300781>) Entered the safezone
19:46:04 [Expansion Quests] - SetupClientData - Loaded existing player quest data for player with UID: S9XeA0hkzh0BuQ40IZp9f43dJV0cx5VEKx2whZkh39A=
19:46:04 [Expansion Quests] - PlayerQuestsInit - Create new quest instance for quest: 23 - Creator UID: S9XeA0hkzh0BuQ40IZp9f43dJV0cx5VEKx2whZkh39A=
19:46:04 [Expansion Quests] - PlayerQuestsInit - Create new quest instance for quest: 61 - Creator UID: S9XeA0hkzh0BuQ40IZp9f43dJV0cx5VEKx2whZkh39A=
19:46:04 [Expansion Quests] - PlayerQuestsInit - Create new quest instance for quest: 9 - Creator UID: S9XeA0hkzh0BuQ40IZp9f43dJV0cx5VEKx2whZkh39A=
19:46:04 [Expansion Quests] - PlayerQuestsInit - Create new quest instance for quest: 8 - Creator UID: S9XeA0hkzh0BuQ40IZp9f43dJV0cx5VEKx2whZkh39A=
19:46:04 [Expansion Quests] - PlayerQuestsInit - Create new quest instance for quest: 71 - Creator UID: S9XeA0hkzh0BuQ40IZp9f43dJV0cx5VEKx2whZkh39A=
19:46:04 [Expansion Quests] - PlayerQuestsInit - Create new quest instance for quest: 75 - Creator UID: S9XeA0hkzh0BuQ40IZp9f43dJV0cx5VEKx2whZkh39A=
19:46:11 [Chat - Global]("MADness"(id=OWXX6Y-5LFd-7A6ELi2o-QPO0kjmZUMZvMTKL0AQ_q0=)): :D :D :D 
19:46:23 [Chat - Global]("MADness"(id=OWXX6Y-5LFd-7A6ELi2o-QPO0kjmZUMZvMTKL0AQ_q0=)): Noooo, dám tam ceduli "na vlastní riziko" :D
19:46:40 [Chat - Global]("[Chill] Rehy_CZ"(id=z67WFg-Joo3MekD4H0kXOZXbSI0D6ip7P9dY0J-nUoM=)): Honan totiž spadl :D 
19:46:51 [Chat - Global]("Honan "(id=htCDnLpFFf_5M--EE2Ozogwz4CTNBchyoCFouXFMQFU=)): no to neni sranda. už tam běžim z pláže podruhý
19:48:49 [Safezone] Player "Casper" (id=S9XeA0hkzh0BuQ40IZp9f43dJV0cx5VEKx2whZkh39A= pos=<4437.195801, 1.502476, 4095.173096>) Left the safezone
19:48:52 [VehicleCarKey] Player "Casper" (id=S9XeA0hkzh0BuQ40IZp9f43dJV0cx5VEKx2whZkh39A= pos=<4437.195801, 1.511604, 4095.173096>) used the  ExpansionCarKey to unlock a ExpansionUtilityBoat
19:48:55 [VehicleEnter] Player Casper [uid=S9XeA0hkzh0BuQ40IZp9f43dJV0cx5VEKx2whZkh39A=] entered vehicle RHIB (pos=<4438.255859, 0.075880, 4095.180664>, type=ExpansionUtilityBoat) as driver
19:48:58 [VehicleEngine] Player Casper [uid=S9XeA0hkzh0BuQ40IZp9f43dJV0cx5VEKx2whZkh39A=] started vehicle RHIB (pos=<4438.255859, 0.008925, 4095.180664>, type=ExpansionUtilityBoat)
19:49:42 [Safezone] Player "MADness" (id=OWXX6Y-5LFd-7A6ELi2o-QPO0kjmZUMZvMTKL0AQ_q0= pos=<4299.283203, 6.281835, 4174.709961>) Entered the safezone
19:50:10 [VehicleEngine] Player Casper [uid=S9XeA0hkzh0BuQ40IZp9f43dJV0cx5VEKx2whZkh39A=] stopped vehicle RHIB (pos=<4498.036133, 0.035070, 3294.382324>, type=ExpansionUtilityBoat)
19:50:13 [VehicleLeave] Player Casper [uid=S9XeA0hkzh0BuQ40IZp9f43dJV0cx5VEKx2whZkh39A=] left vehicle RHIB (pos=<4495.388672, 0.074170, 3292.025391>, type=ExpansionUtilityBoat)
19:50:15 [VehicleCarKey] Player "Casper" (id=S9XeA0hkzh0BuQ40IZp9f43dJV0cx5VEKx2whZkh39A= pos=<4495.130859, 0.930079, 3290.165527>) used the  ExpansionCarKey to lock a ExpansionUtilityBoat
19:50:17 [VehicleCarKey] Player "Casper" (id=S9XeA0hkzh0BuQ40IZp9f43dJV0cx5VEKx2whZkh39A= pos=<4493.021973, 0.769522, 3288.567139>) used the  ExpansionCarKey to unlock a ExpansionUtilityBoat
19:50:20 [VehicleCarKey] Player "Casper" (id=S9XeA0hkzh0BuQ40IZp9f43dJV0cx5VEKx2whZkh39A= pos=<4493.021973, 0.771553, 3288.567139>) used the  ExpansionCarKey to lock a ExpansionUtilityBoat
19:51:09 [Safezone] Player "MADness" (id=OWXX6Y-5LFd-7A6ELi2o-QPO0kjmZUMZvMTKL0AQ_q0= pos=<4287.667480, 7.641389, 4168.881348>) Entered the safezone
19:51:09 [Expansion Quests] - SetupClientData - Got cached player quest data for player with UID: OWXX6Y-5LFd-7A6ELi2o-QPO0kjmZUMZvMTKL0AQ_q0=
19:51:47 [ATM] Player "MADness" (id=OWXX6Y-5LFd-7A6ELi2o-QPO0kjmZUMZvMTKL0AQ_q0=) has deposited 581685 on his ATM account.
19:51:47 [ATM] Player "MADness" (id=OWXX6Y-5LFd-7A6ELi2o-QPO0kjmZUMZvMTKL0AQ_q0=) has deposited 581685 on his ATM account.
19:51:48 [ATM] Player "MADness" (id=OWXX6Y-5LFd-7A6ELi2o-QPO0kjmZUMZvMTKL0AQ_q0=) has deposited 581685 on his ATM account.
19:51:49 [ATM] Player "MADness" (id=OWXX6Y-5LFd-7A6ELi2o-QPO0kjmZUMZvMTKL0AQ_q0=) has deposited 581685 on his ATM account.
19:51:49 [ATM] Player "MADness" (id=OWXX6Y-5LFd-7A6ELi2o-QPO0kjmZUMZvMTKL0AQ_q0=) has deposited 581685 on his ATM account.
19:51:50 [ATM] Player "MADness" (id=OWXX6Y-5LFd-7A6ELi2o-QPO0kjmZUMZvMTKL0AQ_q0=) has deposited 581685 on his ATM account.
19:51:50 [ATM] Player "MADness" (id=OWXX6Y-5LFd-7A6ELi2o-QPO0kjmZUMZvMTKL0AQ_q0=) has deposited 581685 on his ATM account.
19:51:50 [ATM] Player "MADness" (id=OWXX6Y-5LFd-7A6ELi2o-QPO0kjmZUMZvMTKL0AQ_q0=) has deposited 581685 on his ATM account.
19:51:51 [ATM] Player "MADness" (id=OWXX6Y-5LFd-7A6ELi2o-QPO0kjmZUMZvMTKL0AQ_q0=) has deposited 581685 on his ATM account.
19:51:55 [ATM] Player "MADness" (id=OWXX6Y-5LFd-7A6ELi2o-QPO0kjmZUMZvMTKL0AQ_q0=) has deposited 58168 on his ATM account.
19:51:55 [ATM] Player "MADness" (id=OWXX6Y-5LFd-7A6ELi2o-QPO0kjmZUMZvMTKL0AQ_q0=) has deposited 58168 on his ATM account.
19:51:55 [ATM] Player "MADness" (id=OWXX6Y-5LFd-7A6ELi2o-QPO0kjmZUMZvMTKL0AQ_q0=) has deposited 58168 on his ATM account.
19:51:56 [ATM] Player "MADness" (id=OWXX6Y-5LFd-7A6ELi2o-QPO0kjmZUMZvMTKL0AQ_q0=) has deposited 58168 on his ATM account.
19:51:56 [ATM] Player "MADness" (id=OWXX6Y-5LFd-7A6ELi2o-QPO0kjmZUMZvMTKL0AQ_q0=) has deposited 58168 on his ATM account.
19:51:56 [ATM] Player "MADness" (id=OWXX6Y-5LFd-7A6ELi2o-QPO0kjmZUMZvMTKL0AQ_q0=) has deposited 58168 on his ATM account.
19:52:00 [ATM] Player "MADness" (id=OWXX6Y-5LFd-7A6ELi2o-QPO0kjmZUMZvMTKL0AQ_q0=) has deposited 5816 on his ATM account.
19:52:00 [ATM] Player "MADness" (id=OWXX6Y-5LFd-7A6ELi2o-QPO0kjmZUMZvMTKL0AQ_q0=) has deposited 5816 on his ATM account.
19:52:00 [ATM] Player "MADness" (id=OWXX6Y-5LFd-7A6ELi2o-QPO0kjmZUMZvMTKL0AQ_q0=) has deposited 5816 on his ATM account.
19:52:00 [ATM] Player "MADness" (id=OWXX6Y-5LFd-7A6ELi2o-QPO0kjmZUMZvMTKL0AQ_q0=) has deposited 5816 on his ATM account.
19:52:00 [ATM] Player "MADness" (id=OWXX6Y-5LFd-7A6ELi2o-QPO0kjmZUMZvMTKL0AQ_q0=) has deposited 5816 on his ATM account.
19:52:03 [ATM] Player "MADness" (id=OWXX6Y-5LFd-7A6ELi2o-QPO0kjmZUMZvMTKL0AQ_q0=) has deposited 581 on his ATM account.
19:52:04 [ATM] Player "MADness" (id=OWXX6Y-5LFd-7A6ELi2o-QPO0kjmZUMZvMTKL0AQ_q0=) has deposited 581 on his ATM account.
19:52:04 [ATM] Player "MADness" (id=OWXX6Y-5LFd-7A6ELi2o-QPO0kjmZUMZvMTKL0AQ_q0=) has deposited 581 on his ATM account.
19:52:04 [ATM] Player "MADness" (id=OWXX6Y-5LFd-7A6ELi2o-QPO0kjmZUMZvMTKL0AQ_q0=) has deposited 581 on his ATM account.
19:52:04 [ATM] Player "MADness" (id=OWXX6Y-5LFd-7A6ELi2o-QPO0kjmZUMZvMTKL0AQ_q0=) has deposited 581 on his ATM account.
19:52:04 [ATM] Player "MADness" (id=OWXX6Y-5LFd-7A6ELi2o-QPO0kjmZUMZvMTKL0AQ_q0=) has deposited 581 on his ATM account.
19:52:05 [ATM] Player "MADness" (id=OWXX6Y-5LFd-7A6ELi2o-QPO0kjmZUMZvMTKL0AQ_q0=) has deposited 581 on his ATM account.
19:52:08 [ATM] Player "MADness" (id=OWXX6Y-5LFd-7A6ELi2o-QPO0kjmZUMZvMTKL0AQ_q0=) has deposited 58 on his ATM account.
19:52:08 [ATM] Player "MADness" (id=OWXX6Y-5LFd-7A6ELi2o-QPO0kjmZUMZvMTKL0AQ_q0=) has deposited 58 on his ATM account.
19:52:08 [ATM] Player "MADness" (id=OWXX6Y-5LFd-7A6ELi2o-QPO0kjmZUMZvMTKL0AQ_q0=) has deposited 58 on his ATM account.
19:52:09 [ATM] Player "MADness" (id=OWXX6Y-5LFd-7A6ELi2o-QPO0kjmZUMZvMTKL0AQ_q0=) has deposited 58 on his ATM account.
19:52:09 [ATM] Player "MADness" (id=OWXX6Y-5LFd-7A6ELi2o-QPO0kjmZUMZvMTKL0AQ_q0=) has deposited 58 on his ATM account.
19:52:10 [ATM] Player "MADness" (id=OWXX6Y-5LFd-7A6ELi2o-QPO0kjmZUMZvMTKL0AQ_q0=) has deposited 58 on his ATM account.
19:52:10 [ATM] Player "MADness" (id=OWXX6Y-5LFd-7A6ELi2o-QPO0kjmZUMZvMTKL0AQ_q0=) has deposited 58 on his ATM account.
19:52:12 [ATM] Player "MADness" (id=OWXX6Y-5LFd-7A6ELi2o-QPO0kjmZUMZvMTKL0AQ_q0=) has deposited 5 on his ATM account.
19:52:13 [ATM] Player "MADness" (id=OWXX6Y-5LFd-7A6ELi2o-QPO0kjmZUMZvMTKL0AQ_q0=) has deposited 5 on his ATM account.
19:52:14 [ATM] Player "MADness" (id=OWXX6Y-5LFd-7A6ELi2o-QPO0kjmZUMZvMTKL0AQ_q0=) has deposited 5 on his ATM account.
19:52:15 [ATM] Player "MADness" (id=OWXX6Y-5LFd-7A6ELi2o-QPO0kjmZUMZvMTKL0AQ_q0=) has deposited 5 on his ATM account.
19:52:16 [ATM] Player "MADness" (id=OWXX6Y-5LFd-7A6ELi2o-QPO0kjmZUMZvMTKL0AQ_q0=) has deposited 5 on his ATM account.
19:52:16 [ATM] Player "MADness" (id=OWXX6Y-5LFd-7A6ELi2o-QPO0kjmZUMZvMTKL0AQ_q0=) has deposited 5 on his ATM account.
19:52:16 [ATM] Player "MADness" (id=OWXX6Y-5LFd-7A6ELi2o-QPO0kjmZUMZvMTKL0AQ_q0=) has deposited 5 on his ATM account.
19:52:16 [ATM] Player "MADness" (id=OWXX6Y-5LFd-7A6ELi2o-QPO0kjmZUMZvMTKL0AQ_q0=) has deposited 5 on his ATM account.
19:52:17 [ATM] Player "MADness" (id=OWXX6Y-5LFd-7A6ELi2o-QPO0kjmZUMZvMTKL0AQ_q0=) has deposited 5 on his ATM account.
19:52:17 [ATM] Player "MADness" (id=OWXX6Y-5LFd-7A6ELi2o-QPO0kjmZUMZvMTKL0AQ_q0=) has deposited 5 on his ATM account.
19:52:18 [ATM] Player "MADness" (id=OWXX6Y-5LFd-7A6ELi2o-QPO0kjmZUMZvMTKL0AQ_q0=) has deposited 5 on his ATM account.
19:52:18 [ATM] Player "MADness" (id=OWXX6Y-5LFd-7A6ELi2o-QPO0kjmZUMZvMTKL0AQ_q0=) has deposited 5 on his ATM account.
19:52:18 [ATM] Player "MADness" (id=OWXX6Y-5LFd-7A6ELi2o-QPO0kjmZUMZvMTKL0AQ_q0=) has deposited 5 on his ATM account.
19:52:18 [ATM] Player "MADness" (id=OWXX6Y-5LFd-7A6ELi2o-QPO0kjmZUMZvMTKL0AQ_q0=) has deposited 5 on his ATM account.
19:52:18 [ATM] Player "MADness" (id=OWXX6Y-5LFd-7A6ELi2o-QPO0kjmZUMZvMTKL0AQ_q0=) has deposited 5 on his ATM account.
19:52:18 [ATM] Player "MADness" (id=OWXX6Y-5LFd-7A6ELi2o-QPO0kjmZUMZvMTKL0AQ_q0=) has deposited 5 on his ATM account.
19:52:19 [ATM] Player "MADness" (id=OWXX6Y-5LFd-7A6ELi2o-QPO0kjmZUMZvMTKL0AQ_q0=) has deposited 5 on his ATM account.
19:52:19 [ATM] Player "MADness" (id=OWXX6Y-5LFd-7A6ELi2o-QPO0kjmZUMZvMTKL0AQ_q0=) has deposited 5 on his ATM account.
19:52:19 [ATM] Player "MADness" (id=OWXX6Y-5LFd-7A6ELi2o-QPO0kjmZUMZvMTKL0AQ_q0=) has deposited 5 on his ATM account.
19:53:52 [ATM] Player "MADness" (id=OWXX6Y-5LFd-7A6ELi2o-QPO0kjmZUMZvMTKL0AQ_q0=) has deposited 5000000 on the party "Pink Bunnies" (partyid=3 | ownerid=OWXX6Y-5LFd-7A6ELi2o-QPO0kjmZUMZvMTKL0AQ_q0=) ATM account.
19:54:00 [ATM] Player "MADness" (id=OWXX6Y-5LFd-7A6ELi2o-QPO0kjmZUMZvMTKL0AQ_q0=) has deposited 198900 on his ATM account.
