04:02:33 [AI Object Patrol] Generating an example config...
05:30:47 [Expansion Quests] - SetupClientData - Loaded existing player quest data for player with UID: wvz1jGdA27Eb3vtZqqzBgGv9Su_0oOujtdP3UqN1c-g=
05:30:47 [Expansion Quests] - PlayerQuestsInit - Create new quest instance for quest: 23 - Creator UID: wvz1jGdA27Eb3vtZqqzBgGv9Su_0oOujtdP3UqN1c-g=
05:35:08 [Expansion Quests] - SetupClientData - Loaded existing player quest data for player with UID: iTnQj5Zddd6ul6ie1MZ58a6IghppA2N8HvFffg9SNWw=
05:35:08 [Expansion Quests] - PlayerQuestsInit - Create new quest instance for quest: 23 - Creator UID: iTnQj5Zddd6ul6ie1MZ58a6IghppA2N8HvFffg9SNWw=
05:35:08 [Expansion Quests] - PlayerQuestsInit - Create new quest instance for quest: 11 - Creator UID: iTnQj5Zddd6ul6ie1MZ58a6IghppA2N8HvFffg9SNWw=
05:35:08 [Expansion Quests] - PlayerQuestsInit - Create new quest instance for quest: 12 - Creator UID: iTnQj5Zddd6ul6ie1MZ58a6IghppA2N8HvFffg9SNWw=
05:35:08 [Expansion Quests] - PlayerQuestsInit - Create new quest instance for quest: 3 - Creator UID: iTnQj5Zddd6ul6ie1MZ58a6IghppA2N8HvFffg9SNWw=
05:35:08 [Expansion Quests] - PlayerQuestsInit - Create new quest instance for quest: 15 - Creator UID: iTnQj5Zddd6ul6ie1MZ58a6IghppA2N8HvFffg9SNWw=
05:35:08 [Expansion Quests] - PlayerQuestsInit - Create new quest instance for quest: 4 - Creator UID: iTnQj5Zddd6ul6ie1MZ58a6IghppA2N8HvFffg9SNWw=
05:35:08 [Expansion Quests] - PlayerQuestsInit - Create new quest instance for quest: 22 - Creator UID: iTnQj5Zddd6ul6ie1MZ58a6IghppA2N8HvFffg9SNWw=
05:35:49 [Chat - Global]("Kocur69"(id=iTnQj5Zddd6ul6ie1MZ58a6IghppA2N8HvFffg9SNWw=)): cus
05:35:49 [MissionAirdrop] An airdrop is heading towards "Krater" (pos=<7262.000000, 0.000000, 9618.000000> type=Random_Krater) with a ExpansionAirdropContainer
05:35:49 [MissionAirdrop] An airdrop is heading towards "Krautinsel" (pos=<8192.009766, 0.000000, 4341.879883> type=Random_KrautInsel) with a ExpansionAirdropContainer_Basebuilding
05:35:59 [Chat - Global]("Majky"(id=wvz1jGdA27Eb3vtZqqzBgGv9Su_0oOujtdP3UqN1c-g=)): nazdárek 
05:38:12 [VehicleCarKey] Player "Kocur69" (id=iTnQj5Zddd6ul6ie1MZ58a6IghppA2N8HvFffg9SNWw= pos=<3377.462891, 2.669942, 8752.848633>) used the  ExpansionCarKey to unlock a Truck_01_Covered
05:39:06 [VehicleCarKey] Player "Majky" (id=wvz1jGdA27Eb3vtZqqzBgGv9Su_0oOujtdP3UqN1c-g= pos=<9087.996094, 1.296405, 4661.947266>) used the  ExpansionCarKey to unlock a ExpansionUtilityBoat
05:43:15 [VehicleCarKey] Player "Majky" (id=wvz1jGdA27Eb3vtZqqzBgGv9Su_0oOujtdP3UqN1c-g= pos=<8045.166504, 1.282467, 4287.156738>) used the  ExpansionCarKey to lock a ExpansionUtilityBoat
05:50:53 [VehicleCarKey] Player "Majky" (id=wvz1jGdA27Eb3vtZqqzBgGv9Su_0oOujtdP3UqN1c-g= pos=<8045.621582, 1.589051, 4284.404297>) used the  ExpansionCarKey to unlock a ExpansionUtilityBoat
05:56:52 [VehicleCarKey] Player "Majky" (id=wvz1jGdA27Eb3vtZqqzBgGv9Su_0oOujtdP3UqN1c-g= pos=<4443.051270, 1.212671, 4192.262207>) used the  ExpansionCarKey to lock a ExpansionUtilityBoat
05:56:59 [Safezone] Player "Majky" (id=wvz1jGdA27Eb3vtZqqzBgGv9Su_0oOujtdP3UqN1c-g= pos=<4418.294922, 1.415244, 4189.472656>) Entered the safezone
05:58:27 [ATM Locker] Player "Majky" (id=wvz1jGdA27Eb3vtZqqzBgGv9Su_0oOujtdP3UqN1c-g=) has withdrawn 10800 from his ATM account.
05:59:24 [Market] Player "Majky" (id=wvz1jGdA27Eb3vtZqqzBgGv9Su_0oOujtdP3UqN1c-g=) has send a requested to purchase twp_ak47spider_mag_30rnd x1 from the trader "Attachments (Oliver [#STR_EXPANSION_MARKET_TRADER_ATTACHMENTS])" in market zone "OUTLIVE Trader" (pos=<4291.589844, 25.247801, 4162.500000>).
05:59:25 [Market] Player "Majky" (id=wvz1jGdA27Eb3vtZqqzBgGv9Su_0oOujtdP3UqN1c-g=) has bought twp_ak47spider_mag_30rnd x1 from the trader "Attachments (Oliver [#STR_EXPANSION_MARKET_TRADER_ATTACHMENTS])" in market zone "OUTLIVE Trader" (pos=<4291.589844, 25.247801, 4162.500000>) for a price of 2640.
06:00:03 [Market] Player "Majky" (id=wvz1jGdA27Eb3vtZqqzBgGv9Su_0oOujtdP3UqN1c-g=) has send a requested to purchase twp_ak47spider_mag_30rnd x3 from the trader "Attachments (Oliver [#STR_EXPANSION_MARKET_TRADER_ATTACHMENTS])" in market zone "OUTLIVE Trader" (pos=<4291.589844, 25.247801, 4162.500000>).
06:00:03 [Market] Player "Majky" (id=wvz1jGdA27Eb3vtZqqzBgGv9Su_0oOujtdP3UqN1c-g=) has bought twp_ak47spider_mag_30rnd x3 from the trader "Attachments (Oliver [#STR_EXPANSION_MARKET_TRADER_ATTACHMENTS])" in market zone "OUTLIVE Trader" (pos=<4291.589844, 25.247801, 4162.500000>) for a price of 7920.
06:00:42 [ATM Locker] Player "Majky" (id=wvz1jGdA27Eb3vtZqqzBgGv9Su_0oOujtdP3UqN1c-g=) has withdrawn 11600 from his ATM account.
06:01:25 [Market] Player "Majky" (id=wvz1jGdA27Eb3vtZqqzBgGv9Su_0oOujtdP3UqN1c-g=) has send a requested to purchase twp_ak107_mag_30rnd x4 from the trader "Attachments (Oliver [#STR_EXPANSION_MARKET_TRADER_ATTACHMENTS])" in market zone "OUTLIVE Trader" (pos=<4291.589844, 25.247801, 4162.500000>).
06:01:25 [Market] Player "Majky" (id=wvz1jGdA27Eb3vtZqqzBgGv9Su_0oOujtdP3UqN1c-g=) has bought twp_ak107_mag_30rnd x4 from the trader "Attachments (Oliver [#STR_EXPANSION_MARKET_TRADER_ATTACHMENTS])" in market zone "OUTLIVE Trader" (pos=<4291.589844, 25.247801, 4162.500000>) for a price of 9600.
06:03:14 [VehicleCarKey] Player "Majky" (id=wvz1jGdA27Eb3vtZqqzBgGv9Su_0oOujtdP3UqN1c-g= pos=<4444.616211, 0.970742, 4194.254395>) used the  ExpansionCarKey to unlock a ExpansionUtilityBoat
06:03:19 [Safezone] Player "Majky" (id=wvz1jGdA27Eb3vtZqqzBgGv9Su_0oOujtdP3UqN1c-g= pos=<4444.818848, 0.953259, 4194.182129>) Left the safezone
06:03:34 [VehicleCarKey] Player "Majky" (id=wvz1jGdA27Eb3vtZqqzBgGv9Su_0oOujtdP3UqN1c-g= pos=<4444.366699, 1.244766, 4194.241211>) used the  ExpansionCarKey to lock a ExpansionUtilityBoat
06:04:07 [VehicleCarKey] Player "Majky" (id=wvz1jGdA27Eb3vtZqqzBgGv9Su_0oOujtdP3UqN1c-g= pos=<4444.364258, 0.804559, 4194.240723>) used the  ExpansionCarKey to unlock a ExpansionUtilityBoat
06:07:09 [VehicleCarKey] Player "Majky" (id=wvz1jGdA27Eb3vtZqqzBgGv9Su_0oOujtdP3UqN1c-g= pos=<3540.514648, 0.440755, 5390.375000>) used the  ExpansionCarKey to lock a ExpansionUtilityBoat
06:11:11 [VehicleCarKey] Player "Kocur69" (id=iTnQj5Zddd6ul6ie1MZ58a6IghppA2N8HvFffg9SNWw= pos=<7167.713379, 70.232285, 8132.943848>) used the  ExpansionCarKey to lock a Truck_01_Covered
06:11:53 [Expansion Quests] - SetupClientData - Got cached player quest data for player with UID: iTnQj5Zddd6ul6ie1MZ58a6IghppA2N8HvFffg9SNWw=
06:11:53 [Expansion Quests] - PlayerQuestsInit - Create new quest instance for quest: 23 - Creator UID: iTnQj5Zddd6ul6ie1MZ58a6IghppA2N8HvFffg9SNWw=
06:11:53 [Expansion Quests] - PlayerQuestsInit - Create new quest instance for quest: 12 - Creator UID: iTnQj5Zddd6ul6ie1MZ58a6IghppA2N8HvFffg9SNWw=
06:11:53 [Expansion Quests] - PlayerQuestsInit - Create new quest instance for quest: 15 - Creator UID: iTnQj5Zddd6ul6ie1MZ58a6IghppA2N8HvFffg9SNWw=
06:11:53 [Expansion Quests] - PlayerQuestsInit - Create new quest instance for quest: 22 - Creator UID: iTnQj5Zddd6ul6ie1MZ58a6IghppA2N8HvFffg9SNWw=
06:12:09 [Expansion Quests] - CompleteQuest - Player with UID iTnQj5Zddd6ul6ie1MZ58a6IghppA2N8HvFffg9SNWw= has completed quest 22
06:12:09 [Expansion Quests] - ExpansionQuest - Quest owner ID: iTnQj5Zddd6ul6ie1MZ58a6IghppA2N8HvFffg9SNWw=
06:12:09 [Expansion Quests] - ExpansionQuest - Quest ID: 22
06:12:09 [Expansion Quests] - ExpansionQuest - Quest state: 3
06:12:09 [Expansion Quests] - ExpansionQuest - Quest completed: true
06:13:40 [VehicleCarKey] Player "Kocur69" (id=iTnQj5Zddd6ul6ie1MZ58a6IghppA2N8HvFffg9SNWw= pos=<7168.822754, 70.445656, 8129.969238>) used the  ExpansionCarKey to unlock a Truck_01_Covered
06:14:43 [Market] Player "Kocur69" (id=iTnQj5Zddd6ul6ie1MZ58a6IghppA2N8HvFffg9SNWw=) has send a requested to sell wildboarpelt x1 at the trader "Hunting (Peter [Hunter & Fish Trader])" in market zone "OUTLIVE Hunter&Fish Trader" (pos=<7173.500000, 72.561798, 8110.560059>).
06:14:43 [Market] Player "Kocur69" (id=iTnQj5Zddd6ul6ie1MZ58a6IghppA2N8HvFffg9SNWw=) has sold wildboarpelt x1 at the trader "Hunting (Peter [Hunter & Fish Trader])" in market zone "OUTLIVE Hunter&Fish Trader" (pos=<7173.500000, 72.561798, 8110.560059>) and got 1800.
06:14:47 [Market] Player "Kocur69" (id=iTnQj5Zddd6ul6ie1MZ58a6IghppA2N8HvFffg9SNWw=) has send a requested to sell bearpelt x1 at the trader "Hunting (Peter [Hunter & Fish Trader])" in market zone "OUTLIVE Hunter&Fish Trader" (pos=<7173.500000, 72.561798, 8110.560059>).
06:14:47 [Market] Player "Kocur69" (id=iTnQj5Zddd6ul6ie1MZ58a6IghppA2N8HvFffg9SNWw=) has sold bearpelt x1 at the trader "Hunting (Peter [Hunter & Fish Trader])" in market zone "OUTLIVE Hunter&Fish Trader" (pos=<7173.500000, 72.561798, 8110.560059>) and got 1250.
06:14:48 [Market] Player "Kocur69" (id=iTnQj5Zddd6ul6ie1MZ58a6IghppA2N8HvFffg9SNWw=) has send a requested to sell bearpelt x1 at the trader "Hunting (Peter [Hunter & Fish Trader])" in market zone "OUTLIVE Hunter&Fish Trader" (pos=<7173.500000, 72.561798, 8110.560059>).
06:14:48 [Market] Player "Kocur69" (id=iTnQj5Zddd6ul6ie1MZ58a6IghppA2N8HvFffg9SNWw=) has sold bearpelt x1 at the trader "Hunting (Peter [Hunter & Fish Trader])" in market zone "OUTLIVE Hunter&Fish Trader" (pos=<7173.500000, 72.561798, 8110.560059>) and got 1250.
06:14:51 [Market] Player "Kocur69" (id=iTnQj5Zddd6ul6ie1MZ58a6IghppA2N8HvFffg9SNWw=) has send a requested to sell chiemsee_scorpion_tail x1 at the trader "Hunting (Peter [Hunter & Fish Trader])" in market zone "OUTLIVE Hunter&Fish Trader" (pos=<7173.500000, 72.561798, 8110.560059>).
06:14:51 [Market] Player "Kocur69" (id=iTnQj5Zddd6ul6ie1MZ58a6IghppA2N8HvFffg9SNWw=) has sold chiemsee_scorpion_tail x1 at the trader "Hunting (Peter [Hunter & Fish Trader])" in market zone "OUTLIVE Hunter&Fish Trader" (pos=<7173.500000, 72.561798, 8110.560059>) and got 3750.
06:15:50 [Market] Player "Kocur69" (id=iTnQj5Zddd6ul6ie1MZ58a6IghppA2N8HvFffg9SNWw=) has send a requested to sell chiemsee_scorpion_tail x1 at the trader "Hunting (Peter [Hunter & Fish Trader])" in market zone "OUTLIVE Hunter&Fish Trader" (pos=<7173.500000, 72.561798, 8110.560059>).
06:15:50 [Market] Player "Kocur69" (id=iTnQj5Zddd6ul6ie1MZ58a6IghppA2N8HvFffg9SNWw=) has sold chiemsee_scorpion_tail x1 at the trader "Hunting (Peter [Hunter & Fish Trader])" in market zone "OUTLIVE Hunter&Fish Trader" (pos=<7173.500000, 72.561798, 8110.560059>) and got 5000.
06:15:51 [Market] Player "Kocur69" (id=iTnQj5Zddd6ul6ie1MZ58a6IghppA2N8HvFffg9SNWw=) has send a requested to sell chiemsee_scorpion_tail x1 at the trader "Hunting (Peter [Hunter & Fish Trader])" in market zone "OUTLIVE Hunter&Fish Trader" (pos=<7173.500000, 72.561798, 8110.560059>).
06:15:51 [Market] Player "Kocur69" (id=iTnQj5Zddd6ul6ie1MZ58a6IghppA2N8HvFffg9SNWw=) has sold chiemsee_scorpion_tail x1 at the trader "Hunting (Peter [Hunter & Fish Trader])" in market zone "OUTLIVE Hunter&Fish Trader" (pos=<7173.500000, 72.561798, 8110.560059>) and got 5000.
06:15:52 [Market] Player "Kocur69" (id=iTnQj5Zddd6ul6ie1MZ58a6IghppA2N8HvFffg9SNWw=) has send a requested to sell chiemsee_scorpion_tail x1 at the trader "Hunting (Peter [Hunter & Fish Trader])" in market zone "OUTLIVE Hunter&Fish Trader" (pos=<7173.500000, 72.561798, 8110.560059>).
06:15:52 [Market] Player "Kocur69" (id=iTnQj5Zddd6ul6ie1MZ58a6IghppA2N8HvFffg9SNWw=) has sold chiemsee_scorpion_tail x1 at the trader "Hunting (Peter [Hunter & Fish Trader])" in market zone "OUTLIVE Hunter&Fish Trader" (pos=<7173.500000, 72.561798, 8110.560059>) and got 3750.
06:15:54 [Market] Player "Kocur69" (id=iTnQj5Zddd6ul6ie1MZ58a6IghppA2N8HvFffg9SNWw=) has send a requested to sell chiemsee_scorpion_tail x1 at the trader "Hunting (Peter [Hunter & Fish Trader])" in market zone "OUTLIVE Hunter&Fish Trader" (pos=<7173.500000, 72.561798, 8110.560059>).
06:15:54 [Market] Player "Kocur69" (id=iTnQj5Zddd6ul6ie1MZ58a6IghppA2N8HvFffg9SNWw=) has sold chiemsee_scorpion_tail x1 at the trader "Hunting (Peter [Hunter & Fish Trader])" in market zone "OUTLIVE Hunter&Fish Trader" (pos=<7173.500000, 72.561798, 8110.560059>) and got 3750.
06:17:00 [VehicleCarKey] Player "Kocur69" (id=iTnQj5Zddd6ul6ie1MZ58a6IghppA2N8HvFffg9SNWw= pos=<7168.035156, 70.502098, 8128.403320>) used the  ExpansionCarKey to lock a Truck_01_Covered
