12:02:40 [AI Object Patrol] Generating an example config...
12:12:09 [Expansion Quests] - SetupClientData - Loaded existing player quest data for player with UID: z67WFg-Joo3MekD4H0kXOZXbSI0D6ip7P9dY0J-nUoM=
12:12:09 [Expansion Quests] - PlayerQuestsInit - Create new quest instance for quest: 23 - Creator UID: z67WFg-Joo3MekD4H0kXOZXbSI0D6ip7P9dY0J-nUoM=
12:12:09 [Expansion Quests] - PlayerQuestsInit - Create new quest instance for quest: 11 - Creator UID: z67WFg-Joo3MekD4H0kXOZXbSI0D6ip7P9dY0J-nUoM=
12:12:09 [Expansion Quests] - PlayerQuestsInit - Create new quest instance for quest: 12 - Creator UID: z67WFg-Joo3MekD4H0kXOZXbSI0D6ip7P9dY0J-nUoM=
12:12:09 [Expansion Quests] - PlayerQuestsInit - Create new quest instance for quest: 13 - Creator UID: z67WFg-Joo3MekD4H0kXOZXbSI0D6ip7P9dY0J-nUoM=
12:12:22 [Expansion Quests] - SetupClientData - Loaded existing player quest data for player with UID: KBvZ7N7QOK5224QFIh6ry8QI5xBwogyjGyBaskjwU0A=
12:12:22 [Expansion Quests] - PlayerQuestsInit - Create new quest instance for quest: 23 - Creator UID: KBvZ7N7QOK5224QFIh6ry8QI5xBwogyjGyBaskjwU0A=
12:15:13 [Killfeed] [Chill] Rehy_CZ bled out.
12:15:35 [Expansion Quests] - SetupClientData - Got cached player quest data for player with UID: z67WFg-Joo3MekD4H0kXOZXbSI0D6ip7P9dY0J-nUoM=
12:16:29 [Expansion Quests] - CreateQuestInstance - Created new quest instance for player with UID z67WFg-Joo3MekD4H0kXOZXbSI0D6ip7P9dY0J-nUoM= for quest 18
12:16:29 [Expansion Quests] - ExpansionQuest - Quest owner ID: z67WFg-Joo3MekD4H0kXOZXbSI0D6ip7P9dY0J-nUoM=
12:16:29 [Expansion Quests] - ExpansionQuest - Quest ID: 18
12:16:29 [Expansion Quests] - ExpansionQuest - Quest state: 1
12:16:29 [Expansion Quests] - ExpansionQuest - Quest completed: false
12:17:14 [MissionAirdrop] An airdrop is heading towards "SouthEast" (pos=<7892.000000, 0.000000, 1340.000000> type=Random_SouthEast) with a ExpansionAirdropContainer_Basebuilding
12:17:14 [MissionAirdrop] An airdrop is heading towards "Prison" (pos=<1399.579956, 0.000000, 9977.769531> type=Random_Prison) with a ExpansionAirdropContainer
12:47:55 [VehicleCarKey] Player "Martina_(.)(.)_" (id=KBvZ7N7QOK5224QFIh6ry8QI5xBwogyjGyBaskjwU0A= pos=<8933.761719, 8.794911, 7987.425293>) used the  ExpansionCarKey to unlock a CrSk_Hummer_H2_6x6_Space
12:48:06 [Safezone] Player "[Chill] Rehy_CZ" (id=z67WFg-Joo3MekD4H0kXOZXbSI0D6ip7P9dY0J-nUoM= pos=<9976.438477, 11.527015, 5398.746094>) Entered the safezone
12:54:20 [Safezone] Player "[Chill] Rehy_CZ" (id=z67WFg-Joo3MekD4H0kXOZXbSI0D6ip7P9dY0J-nUoM= pos=<9975.860352, 10.165085, 5257.407227>) Left the safezone
13:17:19 [Expansion Quests] - CreateQuestInstance - Created new quest instance for player with UID KBvZ7N7QOK5224QFIh6ry8QI5xBwogyjGyBaskjwU0A= for quest 41
13:17:19 [Expansion Quests] - ExpansionQuest - Quest owner ID: KBvZ7N7QOK5224QFIh6ry8QI5xBwogyjGyBaskjwU0A=
13:17:19 [Expansion Quests] - ExpansionQuest - Quest ID: 41
13:17:19 [Expansion Quests] - ExpansionQuest - Quest state: 1
13:17:19 [Expansion Quests] - ExpansionQuest - Quest completed: false
13:34:38 [Expansion Quests] - CreateQuestInstance - Created new quest instance for player with UID KBvZ7N7QOK5224QFIh6ry8QI5xBwogyjGyBaskjwU0A= for quest 3
13:34:38 [Expansion Quests] - ExpansionQuest - Quest owner ID: KBvZ7N7QOK5224QFIh6ry8QI5xBwogyjGyBaskjwU0A=
13:34:38 [Expansion Quests] - ExpansionQuest - Quest ID: 3
13:34:38 [Expansion Quests] - ExpansionQuest - Quest state: 1
13:34:38 [Expansion Quests] - ExpansionQuest - Quest completed: false
13:42:31 [MissionAirdrop] An airdrop is heading towards "Schlachtfeld" (pos=<3059.000000, 0.000000, 1707.000000> type=Random_Schlachtfeld) with a ExpansionAirdropContainer_Medical
13:42:31 [MissionAirdrop] An airdrop is heading towards "Prien" (pos=<4452.000000, 0.000000, 2196.000000> type=Random_Prien) with a ExpansionAirdropContainer_Basebuilding
13:46:17 [Expansion Quests] - SetupClientData - Got cached player quest data for player with UID: z67WFg-Joo3MekD4H0kXOZXbSI0D6ip7P9dY0J-nUoM=
13:46:17 [Expansion Quests] - PlayerQuestsInit - Create new quest instance for quest: 23 - Creator UID: z67WFg-Joo3MekD4H0kXOZXbSI0D6ip7P9dY0J-nUoM=
13:46:17 [Expansion Quests] - PlayerQuestsInit - Create new quest instance for quest: 12 - Creator UID: z67WFg-Joo3MekD4H0kXOZXbSI0D6ip7P9dY0J-nUoM=
13:46:17 [Expansion Quests] - PlayerQuestsInit - Create new quest instance for quest: 18 - Creator UID: z67WFg-Joo3MekD4H0kXOZXbSI0D6ip7P9dY0J-nUoM=
14:27:03 [Expansion Quests] - CompleteQuest - Player with UID KBvZ7N7QOK5224QFIh6ry8QI5xBwogyjGyBaskjwU0A= has completed quest 41
14:27:03 [Expansion Quests] - ExpansionQuest - Quest owner ID: KBvZ7N7QOK5224QFIh6ry8QI5xBwogyjGyBaskjwU0A=
14:27:03 [Expansion Quests] - ExpansionQuest - Quest ID: 41
14:27:03 [Expansion Quests] - ExpansionQuest - Quest state: 3
14:27:03 [Expansion Quests] - ExpansionQuest - Quest completed: true
14:27:42 [Expansion Quests] - CreateQuestInstance - Created new quest instance for player with UID KBvZ7N7QOK5224QFIh6ry8QI5xBwogyjGyBaskjwU0A= for quest 1
14:27:42 [Expansion Quests] - ExpansionQuest - Quest owner ID: KBvZ7N7QOK5224QFIh6ry8QI5xBwogyjGyBaskjwU0A=
14:27:42 [Expansion Quests] - ExpansionQuest - Quest ID: 1
14:27:42 [Expansion Quests] - ExpansionQuest - Quest state: 1
14:27:42 [Expansion Quests] - ExpansionQuest - Quest completed: false
14:28:18 [Expansion Quests] - CreateQuestInstance - Created new quest instance for player with UID KBvZ7N7QOK5224QFIh6ry8QI5xBwogyjGyBaskjwU0A= for quest 5
14:28:18 [Expansion Quests] - ExpansionQuest - Quest owner ID: KBvZ7N7QOK5224QFIh6ry8QI5xBwogyjGyBaskjwU0A=
14:28:18 [Expansion Quests] - ExpansionQuest - Quest ID: 5
14:28:18 [Expansion Quests] - ExpansionQuest - Quest state: 1
14:28:18 [Expansion Quests] - ExpansionQuest - Quest completed: false
14:48:55 [VehicleCarKey] Player "Martina_(.)(.)_" (id=KBvZ7N7QOK5224QFIh6ry8QI5xBwogyjGyBaskjwU0A= pos=<7156.742188, 70.199394, 8127.375488>) used the  ExpansionCarKey to lock a CrSk_Hummer_H2_6x6_Space
14:57:04 [VehicleCarKey] Player "Martina_(.)(.)_" (id=KBvZ7N7QOK5224QFIh6ry8QI5xBwogyjGyBaskjwU0A= pos=<7158.184570, 70.315285, 8126.054199>) used the  ExpansionCarKey to unlock a CrSk_Hummer_H2_6x6_Space
15:06:51 [MissionAirdrop] An airdrop is heading towards "Prien" (pos=<4452.000000, 0.000000, 2196.000000> type=Random_Prien) with a ExpansionAirdropContainer_Basebuilding
15:06:51 [MissionAirdrop] An airdrop is heading towards "Krautinsel" (pos=<8192.009766, 0.000000, 4341.879883> type=Random_KrautInsel) with a ExpansionAirdropContainer_Basebuilding
15:22:43 [VehicleCarKey] Player "Martina_(.)(.)_" (id=KBvZ7N7QOK5224QFIh6ry8QI5xBwogyjGyBaskjwU0A= pos=<8911.126953, 8.093596, 8006.864746>) used the  ExpansionCarKey to lock a CrSk_Hummer_H2_6x6_Space
15:34:42 [Expansion Quests] - SetupClientData - Created new persistent player quest data for player UID: yJo7EAd08XN5ir74Ehs7x4W5pk6zBPCwBE1FfdVOUso=
15:34:48 [Safezone] Player "Martina_(.)(.)_" (id=KBvZ7N7QOK5224QFIh6ry8QI5xBwogyjGyBaskjwU0A= pos=<4418.343262, 1.415249, 4190.077148>) Entered the safezone
15:38:08 [Expansion Quests] - CreateQuestInstance - Created new quest instance for player with UID yJo7EAd08XN5ir74Ehs7x4W5pk6zBPCwBE1FfdVOUso= for quest 11
15:38:08 [Expansion Quests] - ExpansionQuest - Quest owner ID: yJo7EAd08XN5ir74Ehs7x4W5pk6zBPCwBE1FfdVOUso=
15:38:08 [Expansion Quests] - ExpansionQuest - Quest ID: 11
15:38:08 [Expansion Quests] - ExpansionQuest - Quest state: 1
15:38:08 [Expansion Quests] - ExpansionQuest - Quest completed: false
15:38:57 [Expansion Quests] - CreateQuestInstance - Created new quest instance for player with UID yJo7EAd08XN5ir74Ehs7x4W5pk6zBPCwBE1FfdVOUso= for quest 41
15:38:57 [Expansion Quests] - ExpansionQuest - Quest owner ID: yJo7EAd08XN5ir74Ehs7x4W5pk6zBPCwBE1FfdVOUso=
15:38:57 [Expansion Quests] - ExpansionQuest - Quest ID: 41
15:38:57 [Expansion Quests] - ExpansionQuest - Quest state: 1
15:38:57 [Expansion Quests] - ExpansionQuest - Quest completed: false
15:39:02 [Expansion Quests] - CreateQuestInstance - Created new quest instance for player with UID yJo7EAd08XN5ir74Ehs7x4W5pk6zBPCwBE1FfdVOUso= for quest 18
15:39:02 [Expansion Quests] - ExpansionQuest - Quest owner ID: yJo7EAd08XN5ir74Ehs7x4W5pk6zBPCwBE1FfdVOUso=
15:39:02 [Expansion Quests] - ExpansionQuest - Quest ID: 18
15:39:02 [Expansion Quests] - ExpansionQuest - Quest state: 1
15:39:02 [Expansion Quests] - ExpansionQuest - Quest completed: false
15:39:07 [Expansion Quests] - CreateQuestInstance - Created new quest instance for player with UID yJo7EAd08XN5ir74Ehs7x4W5pk6zBPCwBE1FfdVOUso= for quest 14
15:39:07 [Expansion Quests] - ExpansionQuest - Quest owner ID: yJo7EAd08XN5ir74Ehs7x4W5pk6zBPCwBE1FfdVOUso=
15:39:07 [Expansion Quests] - ExpansionQuest - Quest ID: 14
15:39:07 [Expansion Quests] - ExpansionQuest - Quest state: 1
15:39:07 [Expansion Quests] - ExpansionQuest - Quest completed: false
15:39:12 [Expansion Quests] - CreateQuestInstance - Created new quest instance for player with UID yJo7EAd08XN5ir74Ehs7x4W5pk6zBPCwBE1FfdVOUso= for quest 13
15:39:12 [Expansion Quests] - ExpansionQuest - Quest owner ID: yJo7EAd08XN5ir74Ehs7x4W5pk6zBPCwBE1FfdVOUso=
15:39:12 [Expansion Quests] - ExpansionQuest - Quest ID: 13
15:39:12 [Expansion Quests] - ExpansionQuest - Quest state: 1
15:39:12 [Expansion Quests] - ExpansionQuest - Quest completed: false
15:39:16 [Expansion Quests] - CreateQuestInstance - Created new quest instance for player with UID yJo7EAd08XN5ir74Ehs7x4W5pk6zBPCwBE1FfdVOUso= for quest 12
15:39:16 [Expansion Quests] - ExpansionQuest - Quest owner ID: yJo7EAd08XN5ir74Ehs7x4W5pk6zBPCwBE1FfdVOUso=
15:39:16 [Expansion Quests] - ExpansionQuest - Quest ID: 12
15:39:16 [Expansion Quests] - ExpansionQuest - Quest state: 1
15:39:16 [Expansion Quests] - ExpansionQuest - Quest completed: false
15:41:18 [Market] Player "Martina_(.)(.)_" (id=KBvZ7N7QOK5224QFIh6ry8QI5xBwogyjGyBaskjwU0A=) has send a requested to purchase joggingshoes_violet x1 from the trader "Clothing (Linda [#STR_EXPANSION_MARKET_TRADER_CLOTHING])" in market zone "OUTLIVE Trader" (pos=<4291.589844, 25.247801, 4162.500000>).
15:41:18 [Market] Player "Martina_(.)(.)_" (id=KBvZ7N7QOK5224QFIh6ry8QI5xBwogyjGyBaskjwU0A=) has bought joggingshoes_violet x1 from the trader "Clothing (Linda [#STR_EXPANSION_MARKET_TRADER_CLOTHING])" in market zone "OUTLIVE Trader" (pos=<4291.589844, 25.247801, 4162.500000>) for a price of 600.
15:41:31 [Market] Player "Martina_(.)(.)_" (id=KBvZ7N7QOK5224QFIh6ry8QI5xBwogyjGyBaskjwU0A=) has send a requested to purchase ballerinas_red x1 from the trader "Clothing (Linda [#STR_EXPANSION_MARKET_TRADER_CLOTHING])" in market zone "OUTLIVE Trader" (pos=<4291.589844, 25.247801, 4162.500000>).
15:41:31 [Market] Player "Martina_(.)(.)_" (id=KBvZ7N7QOK5224QFIh6ry8QI5xBwogyjGyBaskjwU0A=) has bought ballerinas_red x1 from the trader "Clothing (Linda [#STR_EXPANSION_MARKET_TRADER_CLOTHING])" in market zone "OUTLIVE Trader" (pos=<4291.589844, 25.247801, 4162.500000>) for a price of 640.
15:43:42 [Market] Player "Martina_(.)(.)_" (id=KBvZ7N7QOK5224QFIh6ry8QI5xBwogyjGyBaskjwU0A=) has send a requested to purchase ballerinas_white x1 from the trader "Clothing (Linda [#STR_EXPANSION_MARKET_TRADER_CLOTHING])" in market zone "OUTLIVE Trader" (pos=<4291.589844, 25.247801, 4162.500000>).
15:43:42 [Market] Player "Martina_(.)(.)_" (id=KBvZ7N7QOK5224QFIh6ry8QI5xBwogyjGyBaskjwU0A=) has bought ballerinas_white x1 from the trader "Clothing (Linda [#STR_EXPANSION_MARKET_TRADER_CLOTHING])" in market zone "OUTLIVE Trader" (pos=<4291.589844, 25.247801, 4162.500000>) for a price of 640.
15:44:07 [Market] Player "Martina_(.)(.)_" (id=KBvZ7N7QOK5224QFIh6ry8QI5xBwogyjGyBaskjwU0A=) has send a requested to purchase military_sweater x1 from the trader "Clothing (Linda [#STR_EXPANSION_MARKET_TRADER_CLOTHING])" in market zone "OUTLIVE Trader" (pos=<4291.589844, 25.247801, 4162.500000>).
15:44:07 [Market] Player "Martina_(.)(.)_" (id=KBvZ7N7QOK5224QFIh6ry8QI5xBwogyjGyBaskjwU0A=) has bought military_sweater x1 from the trader "Clothing (Linda [#STR_EXPANSION_MARKET_TRADER_CLOTHING])" in market zone "OUTLIVE Trader" (pos=<4291.589844, 25.247801, 4162.500000>) for a price of 1500.
15:44:24 [Market] Player "Martina_(.)(.)_" (id=KBvZ7N7QOK5224QFIh6ry8QI5xBwogyjGyBaskjwU0A=) has send a requested to purchase skinny_jeans_black x1 from the trader "Clothing (Linda [#STR_EXPANSION_MARKET_TRADER_CLOTHING])" in market zone "OUTLIVE Trader" (pos=<4291.589844, 25.247801, 4162.500000>).
15:44:24 [Market] Player "Martina_(.)(.)_" (id=KBvZ7N7QOK5224QFIh6ry8QI5xBwogyjGyBaskjwU0A=) has bought skinny_jeans_black x1 from the trader "Clothing (Linda [#STR_EXPANSION_MARKET_TRADER_CLOTHING])" in market zone "OUTLIVE Trader" (pos=<4291.589844, 25.247801, 4162.500000>) for a price of 2500.
15:45:36 [Market] Player "Martina_(.)(.)_" (id=KBvZ7N7QOK5224QFIh6ry8QI5xBwogyjGyBaskjwU0A=) has send a requested to purchase skirt_white x1 from the trader "Clothing (Linda [#STR_EXPANSION_MARKET_TRADER_CLOTHING])" in market zone "OUTLIVE Trader" (pos=<4291.589844, 25.247801, 4162.500000>).
15:45:36 [Market] Player "Martina_(.)(.)_" (id=KBvZ7N7QOK5224QFIh6ry8QI5xBwogyjGyBaskjwU0A=) has bought skirt_white x1 from the trader "Clothing (Linda [#STR_EXPANSION_MARKET_TRADER_CLOTHING])" in market zone "OUTLIVE Trader" (pos=<4291.589844, 25.247801, 4162.500000>) for a price of 320.
15:45:45 [Market] Player "Martina_(.)(.)_" (id=KBvZ7N7QOK5224QFIh6ry8QI5xBwogyjGyBaskjwU0A=) has send a requested to purchase skirt_red x1 from the trader "Clothing (Linda [#STR_EXPANSION_MARKET_TRADER_CLOTHING])" in market zone "OUTLIVE Trader" (pos=<4291.589844, 25.247801, 4162.500000>).
15:45:45 [Market] Player "Martina_(.)(.)_" (id=KBvZ7N7QOK5224QFIh6ry8QI5xBwogyjGyBaskjwU0A=) has bought skirt_red x1 from the trader "Clothing (Linda [#STR_EXPANSION_MARKET_TRADER_CLOTHING])" in market zone "OUTLIVE Trader" (pos=<4291.589844, 25.247801, 4162.500000>) for a price of 320.
15:45:57 [Market] Player "Martina_(.)(.)_" (id=KBvZ7N7QOK5224QFIh6ry8QI5xBwogyjGyBaskjwU0A=) has send a requested to purchase shortjeans_blue x1 from the trader "Clothing (Linda [#STR_EXPANSION_MARKET_TRADER_CLOTHING])" in market zone "OUTLIVE Trader" (pos=<4291.589844, 25.247801, 4162.500000>).
15:45:57 [Market] Player "Martina_(.)(.)_" (id=KBvZ7N7QOK5224QFIh6ry8QI5xBwogyjGyBaskjwU0A=) has bought shortjeans_blue x1 from the trader "Clothing (Linda [#STR_EXPANSION_MARKET_TRADER_CLOTHING])" in market zone "OUTLIVE Trader" (pos=<4291.589844, 25.247801, 4162.500000>) for a price of 690.
15:46:03 [Market] Player "Martina_(.)(.)_" (id=KBvZ7N7QOK5224QFIh6ry8QI5xBwogyjGyBaskjwU0A=) has send a requested to purchase shortjeans_red x1 from the trader "Clothing (Linda [#STR_EXPANSION_MARKET_TRADER_CLOTHING])" in market zone "OUTLIVE Trader" (pos=<4291.589844, 25.247801, 4162.500000>).
15:46:03 [Market] Player "Martina_(.)(.)_" (id=KBvZ7N7QOK5224QFIh6ry8QI5xBwogyjGyBaskjwU0A=) has bought shortjeans_red x1 from the trader "Clothing (Linda [#STR_EXPANSION_MARKET_TRADER_CLOTHING])" in market zone "OUTLIVE Trader" (pos=<4291.589844, 25.247801, 4162.500000>) for a price of 690.
15:46:29 [Market] Player "Martina_(.)(.)_" (id=KBvZ7N7QOK5224QFIh6ry8QI5xBwogyjGyBaskjwU0A=) has send a requested to purchase womansuit_white x1 from the trader "Clothing (Linda [#STR_EXPANSION_MARKET_TRADER_CLOTHING])" in market zone "OUTLIVE Trader" (pos=<4291.589844, 25.247801, 4162.500000>).
15:46:29 [Market] Player "Martina_(.)(.)_" (id=KBvZ7N7QOK5224QFIh6ry8QI5xBwogyjGyBaskjwU0A=) has bought womansuit_white x1 from the trader "Clothing (Linda [#STR_EXPANSION_MARKET_TRADER_CLOTHING])" in market zone "OUTLIVE Trader" (pos=<4291.589844, 25.247801, 4162.500000>) for a price of 360.
15:47:43 [Market] Player "Martina_(.)(.)_" (id=KBvZ7N7QOK5224QFIh6ry8QI5xBwogyjGyBaskjwU0A=) has send a requested to purchase sneakers_red x1 from the trader "Clothing (Linda [#STR_EXPANSION_MARKET_TRADER_CLOTHING])" in market zone "OUTLIVE Trader" (pos=<4291.589844, 25.247801, 4162.500000>).
15:47:43 [Market] Player "Martina_(.)(.)_" (id=KBvZ7N7QOK5224QFIh6ry8QI5xBwogyjGyBaskjwU0A=) has bought sneakers_red x1 from the trader "Clothing (Linda [#STR_EXPANSION_MARKET_TRADER_CLOTHING])" in market zone "OUTLIVE Trader" (pos=<4291.589844, 25.247801, 4162.500000>) for a price of 600.
15:47:53 [Market] Player "Martina_(.)(.)_" (id=KBvZ7N7QOK5224QFIh6ry8QI5xBwogyjGyBaskjwU0A=) has send a requested to purchase militaryboots_redpunk x1 from the trader "Clothing (Linda [#STR_EXPANSION_MARKET_TRADER_CLOTHING])" in market zone "OUTLIVE Trader" (pos=<4291.589844, 25.247801, 4162.500000>).
15:47:53 [Market] Player "Martina_(.)(.)_" (id=KBvZ7N7QOK5224QFIh6ry8QI5xBwogyjGyBaskjwU0A=) has bought militaryboots_redpunk x1 from the trader "Clothing (Linda [#STR_EXPANSION_MARKET_TRADER_CLOTHING])" in market zone "OUTLIVE Trader" (pos=<4291.589844, 25.247801, 4162.500000>) for a price of 2000.
15:48:03 [Market] Player "Martina_(.)(.)_" (id=KBvZ7N7QOK5224QFIh6ry8QI5xBwogyjGyBaskjwU0A=) has send a requested to purchase ballerinas_white x1 from the trader "Clothing (Linda [#STR_EXPANSION_MARKET_TRADER_CLOTHING])" in market zone "OUTLIVE Trader" (pos=<4291.589844, 25.247801, 4162.500000>).
15:48:03 [Market] Player "Martina_(.)(.)_" (id=KBvZ7N7QOK5224QFIh6ry8QI5xBwogyjGyBaskjwU0A=) has bought ballerinas_white x1 from the trader "Clothing (Linda [#STR_EXPANSION_MARKET_TRADER_CLOTHING])" in market zone "OUTLIVE Trader" (pos=<4291.589844, 25.247801, 4162.500000>) for a price of 640.
15:48:42 [Market] Player "Martina_(.)(.)_" (id=KBvZ7N7QOK5224QFIh6ry8QI5xBwogyjGyBaskjwU0A=) has send a requested to purchase military_sweater_red x1 from the trader "Clothing (Linda [#STR_EXPANSION_MARKET_TRADER_CLOTHING])" in market zone "OUTLIVE Trader" (pos=<4291.589844, 25.247801, 4162.500000>).
15:48:42 [Market] Player "Martina_(.)(.)_" (id=KBvZ7N7QOK5224QFIh6ry8QI5xBwogyjGyBaskjwU0A=) has bought military_sweater_red x1 from the trader "Clothing (Linda [#STR_EXPANSION_MARKET_TRADER_CLOTHING])" in market zone "OUTLIVE Trader" (pos=<4291.589844, 25.247801, 4162.500000>) for a price of 1500.
15:49:04 [Market] Player "Martina_(.)(.)_" (id=KBvZ7N7QOK5224QFIh6ry8QI5xBwogyjGyBaskjwU0A=) has send a requested to purchase medium_sleeves_shirt_red x1 from the trader "Clothing (Linda [#STR_EXPANSION_MARKET_TRADER_CLOTHING])" in market zone "OUTLIVE Trader" (pos=<4291.589844, 25.247801, 4162.500000>).
15:49:04 [Market] Player "Martina_(.)(.)_" (id=KBvZ7N7QOK5224QFIh6ry8QI5xBwogyjGyBaskjwU0A=) has bought medium_sleeves_shirt_red x1 from the trader "Clothing (Linda [#STR_EXPANSION_MARKET_TRADER_CLOTHING])" in market zone "OUTLIVE Trader" (pos=<4291.589844, 25.247801, 4162.500000>) for a price of 2500.
15:49:25 [Market] Player "Martina_(.)(.)_" (id=KBvZ7N7QOK5224QFIh6ry8QI5xBwogyjGyBaskjwU0A=) has send a requested to purchase high_knee_sneakers_black x1 from the trader "Clothing (Linda [#STR_EXPANSION_MARKET_TRADER_CLOTHING])" in market zone "OUTLIVE Trader" (pos=<4291.589844, 25.247801, 4162.500000>).
15:49:25 [Market] Player "Martina_(.)(.)_" (id=KBvZ7N7QOK5224QFIh6ry8QI5xBwogyjGyBaskjwU0A=) has bought high_knee_sneakers_black x1 from the trader "Clothing (Linda [#STR_EXPANSION_MARKET_TRADER_CLOTHING])" in market zone "OUTLIVE Trader" (pos=<4291.589844, 25.247801, 4162.500000>) for a price of 1400.
15:50:31 [Market] Player "Martina_(.)(.)_" (id=KBvZ7N7QOK5224QFIh6ry8QI5xBwogyjGyBaskjwU0A=) has send a requested to purchase msp_woodentable_kit x1 from the trader "BuildingSupplies (Boris [#STR_EXPANSION_MARKET_TRADER_BUILDING_SUPPLIES])" in market zone "OUTLIVE Trader" (pos=<4291.589844, 25.247801, 4162.500000>).
15:50:31 [Market] Player "Martina_(.)(.)_" (id=KBvZ7N7QOK5224QFIh6ry8QI5xBwogyjGyBaskjwU0A=) has bought msp_woodentable_kit x1 from the trader "BuildingSupplies (Boris [#STR_EXPANSION_MARKET_TRADER_BUILDING_SUPPLIES])" in market zone "OUTLIVE Trader" (pos=<4291.589844, 25.247801, 4162.500000>) for a price of 5000.
15:50:34 [Market] Player "Martina_(.)(.)_" (id=KBvZ7N7QOK5224QFIh6ry8QI5xBwogyjGyBaskjwU0A=) has send a requested to purchase msp_woodentable_kit x1 from the trader "BuildingSupplies (Boris [#STR_EXPANSION_MARKET_TRADER_BUILDING_SUPPLIES])" in market zone "OUTLIVE Trader" (pos=<4291.589844, 25.247801, 4162.500000>).
15:50:34 [Market] Player "Martina_(.)(.)_" (id=KBvZ7N7QOK5224QFIh6ry8QI5xBwogyjGyBaskjwU0A=) has bought msp_woodentable_kit x1 from the trader "BuildingSupplies (Boris [#STR_EXPANSION_MARKET_TRADER_BUILDING_SUPPLIES])" in market zone "OUTLIVE Trader" (pos=<4291.589844, 25.247801, 4162.500000>) for a price of 5000.
15:50:36 [Market] Player "Martina_(.)(.)_" (id=KBvZ7N7QOK5224QFIh6ry8QI5xBwogyjGyBaskjwU0A=) has send a requested to purchase msp_woodentable_kit x1 from the trader "BuildingSupplies (Boris [#STR_EXPANSION_MARKET_TRADER_BUILDING_SUPPLIES])" in market zone "OUTLIVE Trader" (pos=<4291.589844, 25.247801, 4162.500000>).
15:50:36 [Market] Player "Martina_(.)(.)_" (id=KBvZ7N7QOK5224QFIh6ry8QI5xBwogyjGyBaskjwU0A=) has bought msp_woodentable_kit x1 from the trader "BuildingSupplies (Boris [#STR_EXPANSION_MARKET_TRADER_BUILDING_SUPPLIES])" in market zone "OUTLIVE Trader" (pos=<4291.589844, 25.247801, 4162.500000>) for a price of 5000.
15:50:38 [Market] Player "Martina_(.)(.)_" (id=KBvZ7N7QOK5224QFIh6ry8QI5xBwogyjGyBaskjwU0A=) has send a requested to purchase msp_woodentable_kit x1 from the trader "BuildingSupplies (Boris [#STR_EXPANSION_MARKET_TRADER_BUILDING_SUPPLIES])" in market zone "OUTLIVE Trader" (pos=<4291.589844, 25.247801, 4162.500000>).
15:50:38 [Market] Player "Martina_(.)(.)_" (id=KBvZ7N7QOK5224QFIh6ry8QI5xBwogyjGyBaskjwU0A=) has bought msp_woodentable_kit x1 from the trader "BuildingSupplies (Boris [#STR_EXPANSION_MARKET_TRADER_BUILDING_SUPPLIES])" in market zone "OUTLIVE Trader" (pos=<4291.589844, 25.247801, 4162.500000>) for a price of 5000.
15:51:50 [Market] Player "Martina_(.)(.)_" (id=KBvZ7N7QOK5224QFIh6ry8QI5xBwogyjGyBaskjwU0A=) has send a requested to purchase msp_guncabinet_kit x1 from the trader "BuildingSupplies (Boris [#STR_EXPANSION_MARKET_TRADER_BUILDING_SUPPLIES])" in market zone "OUTLIVE Trader" (pos=<4291.589844, 25.247801, 4162.500000>).
15:51:50 [Market] Player "Martina_(.)(.)_" (id=KBvZ7N7QOK5224QFIh6ry8QI5xBwogyjGyBaskjwU0A=) has bought msp_guncabinet_kit x1 from the trader "BuildingSupplies (Boris [#STR_EXPANSION_MARKET_TRADER_BUILDING_SUPPLIES])" in market zone "OUTLIVE Trader" (pos=<4291.589844, 25.247801, 4162.500000>) for a price of 12000.
15:52:00 [Market] Player "Martina_(.)(.)_" (id=KBvZ7N7QOK5224QFIh6ry8QI5xBwogyjGyBaskjwU0A=) has send a requested to purchase msp_medicalbox_kit x1 from the trader "BuildingSupplies (Boris [#STR_EXPANSION_MARKET_TRADER_BUILDING_SUPPLIES])" in market zone "OUTLIVE Trader" (pos=<4291.589844, 25.247801, 4162.500000>).
15:52:00 [Market] Player "Martina_(.)(.)_" (id=KBvZ7N7QOK5224QFIh6ry8QI5xBwogyjGyBaskjwU0A=) has bought msp_medicalbox_kit x1 from the trader "BuildingSupplies (Boris [#STR_EXPANSION_MARKET_TRADER_BUILDING_SUPPLIES])" in market zone "OUTLIVE Trader" (pos=<4291.589844, 25.247801, 4162.500000>) for a price of 5000.
15:52:33 [Market] Player "Martina_(.)(.)_" (id=KBvZ7N7QOK5224QFIh6ry8QI5xBwogyjGyBaskjwU0A=) has send a requested to purchase msp_wardrobe_green_kit x1 from the trader "BuildingSupplies (Boris [#STR_EXPANSION_MARKET_TRADER_BUILDING_SUPPLIES])" in market zone "OUTLIVE Trader" (pos=<4291.589844, 25.247801, 4162.500000>).
15:52:33 [Market] Player "Martina_(.)(.)_" (id=KBvZ7N7QOK5224QFIh6ry8QI5xBwogyjGyBaskjwU0A=) has bought msp_wardrobe_green_kit x1 from the trader "BuildingSupplies (Boris [#STR_EXPANSION_MARKET_TRADER_BUILDING_SUPPLIES])" in market zone "OUTLIVE Trader" (pos=<4291.589844, 25.247801, 4162.500000>) for a price of 20000.
15:53:27 [Market] Player "Martina_(.)(.)_" (id=KBvZ7N7QOK5224QFIh6ry8QI5xBwogyjGyBaskjwU0A=) has send a requested to purchase msp_ammocrate x1 from the trader "BuildingSupplies (Boris [#STR_EXPANSION_MARKET_TRADER_BUILDING_SUPPLIES])" in market zone "OUTLIVE Trader" (pos=<4291.589844, 25.247801, 4162.500000>).
15:53:27 [Market] Player "Martina_(.)(.)_" (id=KBvZ7N7QOK5224QFIh6ry8QI5xBwogyjGyBaskjwU0A=) has bought msp_ammocrate x1 from the trader "BuildingSupplies (Boris [#STR_EXPANSION_MARKET_TRADER_BUILDING_SUPPLIES])" in market zone "OUTLIVE Trader" (pos=<4291.589844, 25.247801, 4162.500000>) for a price of 2000.
15:54:16 [Safezone] Player "Martina_(.)(.)_" (id=KBvZ7N7QOK5224QFIh6ry8QI5xBwogyjGyBaskjwU0A= pos=<4436.329102, 1.415250, 4194.724609>) Left the safezone
15:54:46 [Safezone] Player "Martina_(.)(.)_" (id=KBvZ7N7QOK5224QFIh6ry8QI5xBwogyjGyBaskjwU0A= pos=<4418.232910, 1.415180, 4189.731445>) Entered the safezone
15:55:30 [Market] Player "Martina_(.)(.)_" (id=KBvZ7N7QOK5224QFIh6ry8QI5xBwogyjGyBaskjwU0A=) has send a requested to purchase msp_trashcan x1 from the trader "BuildingSupplies (Boris [#STR_EXPANSION_MARKET_TRADER_BUILDING_SUPPLIES])" in market zone "OUTLIVE Trader" (pos=<4291.589844, 25.247801, 4162.500000>).
15:55:30 [Market] Player "Martina_(.)(.)_" (id=KBvZ7N7QOK5224QFIh6ry8QI5xBwogyjGyBaskjwU0A=) has bought msp_trashcan x1 from the trader "BuildingSupplies (Boris [#STR_EXPANSION_MARKET_TRADER_BUILDING_SUPPLIES])" in market zone "OUTLIVE Trader" (pos=<4291.589844, 25.247801, 4162.500000>) for a price of 1500.
15:55:34 [Market] Player "Martina_(.)(.)_" (id=KBvZ7N7QOK5224QFIh6ry8QI5xBwogyjGyBaskjwU0A=) has send a requested to purchase msp_toolsbench_blue_kit x1 from the trader "BuildingSupplies (Boris [#STR_EXPANSION_MARKET_TRADER_BUILDING_SUPPLIES])" in market zone "OUTLIVE Trader" (pos=<4291.589844, 25.247801, 4162.500000>).
15:55:34 [Market] Player "Martina_(.)(.)_" (id=KBvZ7N7QOK5224QFIh6ry8QI5xBwogyjGyBaskjwU0A=) has bought msp_toolsbench_blue_kit x1 from the trader "BuildingSupplies (Boris [#STR_EXPANSION_MARKET_TRADER_BUILDING_SUPPLIES])" in market zone "OUTLIVE Trader" (pos=<4291.589844, 25.247801, 4162.500000>) for a price of 10000.
15:55:48 [Market] Player "Martina_(.)(.)_" (id=KBvZ7N7QOK5224QFIh6ry8QI5xBwogyjGyBaskjwU0A=) has send a requested to purchase msp_sololocker_kit x1 from the trader "BuildingSupplies (Boris [#STR_EXPANSION_MARKET_TRADER_BUILDING_SUPPLIES])" in market zone "OUTLIVE Trader" (pos=<4291.589844, 25.247801, 4162.500000>).
15:55:48 [Market] Player "Martina_(.)(.)_" (id=KBvZ7N7QOK5224QFIh6ry8QI5xBwogyjGyBaskjwU0A=) has bought msp_sololocker_kit x1 from the trader "BuildingSupplies (Boris [#STR_EXPANSION_MARKET_TRADER_BUILDING_SUPPLIES])" in market zone "OUTLIVE Trader" (pos=<4291.589844, 25.247801, 4162.500000>) for a price of 18000.
15:56:09 [Market] Player "Martina_(.)(.)_" (id=KBvZ7N7QOK5224QFIh6ry8QI5xBwogyjGyBaskjwU0A=) has send a requested to purchase msp_waterbarrel_plastic x1 from the trader "BuildingSupplies (Boris [#STR_EXPANSION_MARKET_TRADER_BUILDING_SUPPLIES])" in market zone "OUTLIVE Trader" (pos=<4291.589844, 25.247801, 4162.500000>).
15:56:09 [Market] Player "Martina_(.)(.)_" (id=KBvZ7N7QOK5224QFIh6ry8QI5xBwogyjGyBaskjwU0A=) has bought msp_waterbarrel_plastic x1 from the trader "BuildingSupplies (Boris [#STR_EXPANSION_MARKET_TRADER_BUILDING_SUPPLIES])" in market zone "OUTLIVE Trader" (pos=<4291.589844, 25.247801, 4162.500000>) for a price of 7000.
