16:06:22 [Safezone] Player "Mozecek" (id=DECqu_z4t-KeSr-5eCzJz-bROH_tUJuwB9vpRSU2fUI= pos=<4208.530762, 12.906530, 4131.612305>) Entered the safezone
16:06:59 [Market] Player "Mozecek" (id=DECqu_z4t-KeSr-5eCzJz-bROH_tUJuwB9vpRSU2fUI=) has send a requested to purchase tacticalbaconcan x1 from the trader "Consumables (Naomi [#STR_EXPANSION_MARKET_TRADER_CONSUMABLES])" in market zone "OUTLIVE Trader" (pos=<4291.589844, 25.247801, 4162.500000>).
16:06:59 [Market] Player "Mozecek" (id=DECqu_z4t-KeSr-5eCzJz-bROH_tUJuwB9vpRSU2fUI=) has bought tacticalbaconcan x1 from the trader "Consumables (Naomi [#STR_EXPANSION_MARKET_TRADER_CONSUMABLES])" in market zone "OUTLIVE Trader" (pos=<4291.589844, 25.247801, 4162.500000>) for a price of 400.
16:07:07 [Market] Player "Mozecek" (id=DECqu_z4t-KeSr-5eCzJz-bROH_tUJuwB9vpRSU2fUI=) has send a requested to purchase tacticalbaconcan x1 from the trader "Consumables (Naomi [#STR_EXPANSION_MARKET_TRADER_CONSUMABLES])" in market zone "OUTLIVE Trader" (pos=<4291.589844, 25.247801, 4162.500000>).
16:07:08 [Market] Player "Mozecek" (id=DECqu_z4t-KeSr-5eCzJz-bROH_tUJuwB9vpRSU2fUI=) has bought tacticalbaconcan x1 from the trader "Consumables (Naomi [#STR_EXPANSION_MARKET_TRADER_CONSUMABLES])" in market zone "OUTLIVE Trader" (pos=<4291.589844, 25.247801, 4162.500000>) for a price of 400.
16:07:12 [Market] Player "Mozecek" (id=DECqu_z4t-KeSr-5eCzJz-bROH_tUJuwB9vpRSU2fUI=) has send a requested to purchase tacticalbaconcan x1 from the trader "Consumables (Naomi [#STR_EXPANSION_MARKET_TRADER_CONSUMABLES])" in market zone "OUTLIVE Trader" (pos=<4291.589844, 25.247801, 4162.500000>).
16:07:12 [Market] Player "Mozecek" (id=DECqu_z4t-KeSr-5eCzJz-bROH_tUJuwB9vpRSU2fUI=) has bought tacticalbaconcan x1 from the trader "Consumables (Naomi [#STR_EXPANSION_MARKET_TRADER_CONSUMABLES])" in market zone "OUTLIVE Trader" (pos=<4291.589844, 25.247801, 4162.500000>) for a price of 400.
16:07:16 [Market] Player "Mozecek" (id=DECqu_z4t-KeSr-5eCzJz-bROH_tUJuwB9vpRSU2fUI=) has send a requested to purchase tacticalbaconcan x1 from the trader "Consumables (Naomi [#STR_EXPANSION_MARKET_TRADER_CONSUMABLES])" in market zone "OUTLIVE Trader" (pos=<4291.589844, 25.247801, 4162.500000>).
16:07:16 [Market] Player "Mozecek" (id=DECqu_z4t-KeSr-5eCzJz-bROH_tUJuwB9vpRSU2fUI=) has bought tacticalbaconcan x1 from the trader "Consumables (Naomi [#STR_EXPANSION_MARKET_TRADER_CONSUMABLES])" in market zone "OUTLIVE Trader" (pos=<4291.589844, 25.247801, 4162.500000>) for a price of 400.
16:07:18 [Market] Player "Mozecek" (id=DECqu_z4t-KeSr-5eCzJz-bROH_tUJuwB9vpRSU2fUI=) has send a requested to purchase tacticalbaconcan x1 from the trader "Consumables (Naomi [#STR_EXPANSION_MARKET_TRADER_CONSUMABLES])" in market zone "OUTLIVE Trader" (pos=<4291.589844, 25.247801, 4162.500000>).
16:07:18 [Market] Player "Mozecek" (id=DECqu_z4t-KeSr-5eCzJz-bROH_tUJuwB9vpRSU2fUI=) has bought tacticalbaconcan x1 from the trader "Consumables (Naomi [#STR_EXPANSION_MARKET_TRADER_CONSUMABLES])" in market zone "OUTLIVE Trader" (pos=<4291.589844, 25.247801, 4162.500000>) for a price of 400.
16:07:18 [Market] Player "Mozecek" (id=DECqu_z4t-KeSr-5eCzJz-bROH_tUJuwB9vpRSU2fUI=) has send a requested to purchase tacticalbaconcan x1 from the trader "Consumables (Naomi [#STR_EXPANSION_MARKET_TRADER_CONSUMABLES])" in market zone "OUTLIVE Trader" (pos=<4291.589844, 25.247801, 4162.500000>).
16:07:19 [Market] Player "Mozecek" (id=DECqu_z4t-KeSr-5eCzJz-bROH_tUJuwB9vpRSU2fUI=) has bought tacticalbaconcan x1 from the trader "Consumables (Naomi [#STR_EXPANSION_MARKET_TRADER_CONSUMABLES])" in market zone "OUTLIVE Trader" (pos=<4291.589844, 25.247801, 4162.500000>) for a price of 400.
16:07:20 [Market] Player "Mozecek" (id=DECqu_z4t-KeSr-5eCzJz-bROH_tUJuwB9vpRSU2fUI=) has send a requested to purchase tacticalbaconcan x1 from the trader "Consumables (Naomi [#STR_EXPANSION_MARKET_TRADER_CONSUMABLES])" in market zone "OUTLIVE Trader" (pos=<4291.589844, 25.247801, 4162.500000>).
16:07:20 [Market] Player "Mozecek" (id=DECqu_z4t-KeSr-5eCzJz-bROH_tUJuwB9vpRSU2fUI=) has bought tacticalbaconcan x1 from the trader "Consumables (Naomi [#STR_EXPANSION_MARKET_TRADER_CONSUMABLES])" in market zone "OUTLIVE Trader" (pos=<4291.589844, 25.247801, 4162.500000>) for a price of 400.
16:07:43 [ATM Locker] Player "Mozecek" (id=DECqu_z4t-KeSr-5eCzJz-bROH_tUJuwB9vpRSU2fUI=) has deposited 2200 on his ATM account.
16:08:08 [VehicleCarKey] Player "Mozecek" (id=DECqu_z4t-KeSr-5eCzJz-bROH_tUJuwB9vpRSU2fUI= pos=<4300.985352, 6.285344, 4166.107910>) used the  ExpansionCarKey to unlock a Truck_01_Covered_Blue
16:09:41 [Safezone] Player "Mozecek" (id=DECqu_z4t-KeSr-5eCzJz-bROH_tUJuwB9vpRSU2fUI= pos=<4148.607422, 15.826964, 4307.349609>) Left the safezone
16:11:25 [MissionAirdrop] An airdrop is heading towards "Schlachtfeld" (pos=<3059.000000, 0.000000, 1707.000000> type=Random_Schlachtfeld) with a ExpansionAirdropContainer
16:11:25 [MissionAirdrop] An airdrop is heading towards "Schlachtfeld" (pos=<3059.000000, 0.000000, 1707.000000> type=Random_Schlachtfeld) with a ExpansionAirdropContainer
16:17:25 [Territory] Player "Mozecek" (id=DECqu_z4t-KeSr-5eCzJz-bROH_tUJuwB9vpRSU2fUI=) created territory Hlava at <2441.131836, 52.100857, 5300.345215>
16:27:11 [VehicleCarKey] Player "Mozecek" (id=DECqu_z4t-KeSr-5eCzJz-bROH_tUJuwB9vpRSU2fUI= pos=<2450.723145, 50.384403, 5302.887207>) used the  ExpansionCarKey to lock a Truck_01_Covered_Blue
17:39:38 [MissionAirdrop] An airdrop is heading towards "Gollenhausen" (pos=<8957.000000, 0.000000, 8931.000000> type=Random_Gollenhausen) with a ExpansionAirdropContainer_Military
17:40:52 [VehicleCarKey] Player "Martina_(.)(.)_" (id=KBvZ7N7QOK5224QFIh6ry8QI5xBwogyjGyBaskjwU0A= pos=<396.522491, 551.351318, 6681.435547>) used the  ExpansionCarKey to unlock a CrSk_Hummer_H2_6x6_Space
18:08:24 [VehicleCarKey] Player "MADness" (id=OWXX6Y-5LFd-7A6ELi2o-QPO0kjmZUMZvMTKL0AQ_q0= pos=<608.655029, 17.884897, 8363.863281>) paired a  ExpansionCarKey to CrSk_Hummer_H2_6x6_Space
18:14:51 [VehicleCarKey] Player "Martina_(.)(.)_" (id=KBvZ7N7QOK5224QFIh6ry8QI5xBwogyjGyBaskjwU0A= pos=<607.136963, 18.263409, 8361.791016>) used the  ExpansionCarKey to lock a CrSk_Hummer_H2_6x6_Space
19:31:37 [Safezone] Player "Bflame" (id=u7jy1hFXeX-3C-ubChAdh59YiiyuY16LDVnTQIqtPmk= pos=<4262.104980, 13.497492, 4196.752930>) Entered the safezone
19:31:40 [MissionAirdrop] An airdrop is heading towards "Krater" (pos=<7262.000000, 0.000000, 9618.000000> type=Random_Krater) with a ExpansionAirdropContainer
19:32:26 [Market] Player "Bflame" (id=u7jy1hFXeX-3C-ubChAdh59YiiyuY16LDVnTQIqtPmk=) has send a requested to sell sewingkit x1 at the trader "Clothing (Linda [#STR_EXPANSION_MARKET_TRADER_CLOTHING])" in market zone "OUTLIVE Trader" (pos=<4291.589844, 25.247801, 4162.500000>).
19:32:26 [Market] Player "Bflame" (id=u7jy1hFXeX-3C-ubChAdh59YiiyuY16LDVnTQIqtPmk=) has sold sewingkit x1 at the trader "Clothing (Linda [#STR_EXPANSION_MARKET_TRADER_CLOTHING])" in market zone "OUTLIVE Trader" (pos=<4291.589844, 25.247801, 4162.500000>) and got 150.
19:32:30 [Market] Player "Bflame" (id=u7jy1hFXeX-3C-ubChAdh59YiiyuY16LDVnTQIqtPmk=) has send a requested to sell mvs_comtacs_black x1 at the trader "Clothing (Linda [#STR_EXPANSION_MARKET_TRADER_CLOTHING])" in market zone "OUTLIVE Trader" (pos=<4291.589844, 25.247801, 4162.500000>).
19:32:30 [Market] Player "Bflame" (id=u7jy1hFXeX-3C-ubChAdh59YiiyuY16LDVnTQIqtPmk=) has sold mvs_comtacs_black x1 at the trader "Clothing (Linda [#STR_EXPANSION_MARKET_TRADER_CLOTHING])" in market zone "OUTLIVE Trader" (pos=<4291.589844, 25.247801, 4162.500000>) and got 225.
19:32:40 [Market] Player "Bflame" (id=u7jy1hFXeX-3C-ubChAdh59YiiyuY16LDVnTQIqtPmk=) has send a requested to sell mvs_combat_vest_od x1 at the trader "Clothing (Linda [#STR_EXPANSION_MARKET_TRADER_CLOTHING])" in market zone "OUTLIVE Trader" (pos=<4291.589844, 25.247801, 4162.500000>).
19:32:40 [Market] Player "Bflame" (id=u7jy1hFXeX-3C-ubChAdh59YiiyuY16LDVnTQIqtPmk=) has sold mvs_combat_vest_od x1 at the trader "Clothing (Linda [#STR_EXPANSION_MARKET_TRADER_CLOTHING])" in market zone "OUTLIVE Trader" (pos=<4291.589844, 25.247801, 4162.500000>) and got 1800.
19:32:45 [Market] Player "Bflame" (id=u7jy1hFXeX-3C-ubChAdh59YiiyuY16LDVnTQIqtPmk=) has send a requested to sell sheriff_badge x1 at the trader "Clothing (Linda [#STR_EXPANSION_MARKET_TRADER_CLOTHING])" in market zone "OUTLIVE Trader" (pos=<4291.589844, 25.247801, 4162.500000>).
19:32:45 [Market] Player "Bflame" (id=u7jy1hFXeX-3C-ubChAdh59YiiyuY16LDVnTQIqtPmk=) has sold sheriff_badge x1 at the trader "Clothing (Linda [#STR_EXPANSION_MARKET_TRADER_CLOTHING])" in market zone "OUTLIVE Trader" (pos=<4291.589844, 25.247801, 4162.500000>) and got 600.
19:32:46 [Market] Player "Bflame" (id=u7jy1hFXeX-3C-ubChAdh59YiiyuY16LDVnTQIqtPmk=) has send a requested to sell shemagh_brown x1 at the trader "Clothing (Linda [#STR_EXPANSION_MARKET_TRADER_CLOTHING])" in market zone "OUTLIVE Trader" (pos=<4291.589844, 25.247801, 4162.500000>).
19:32:46 [Market] Player "Bflame" (id=u7jy1hFXeX-3C-ubChAdh59YiiyuY16LDVnTQIqtPmk=) has sold shemagh_brown x1 at the trader "Clothing (Linda [#STR_EXPANSION_MARKET_TRADER_CLOTHING])" in market zone "OUTLIVE Trader" (pos=<4291.589844, 25.247801, 4162.500000>) and got 40.
19:32:46 [Market] Player "Bflame" (id=u7jy1hFXeX-3C-ubChAdh59YiiyuY16LDVnTQIqtPmk=) has send a requested to sell shemagh_brown x1 at the trader "Clothing (Linda [#STR_EXPANSION_MARKET_TRADER_CLOTHING])" in market zone "OUTLIVE Trader" (pos=<4291.589844, 25.247801, 4162.500000>).
19:32:46 [Market] Player "Bflame" (id=u7jy1hFXeX-3C-ubChAdh59YiiyuY16LDVnTQIqtPmk=) has sold shemagh_brown x1 at the trader "Clothing (Linda [#STR_EXPANSION_MARKET_TRADER_CLOTHING])" in market zone "OUTLIVE Trader" (pos=<4291.589844, 25.247801, 4162.500000>) and got 40.
19:32:47 [Market] Player "Bflame" (id=u7jy1hFXeX-3C-ubChAdh59YiiyuY16LDVnTQIqtPmk=) has send a requested to sell shemagh_brown x1 at the trader "Clothing (Linda [#STR_EXPANSION_MARKET_TRADER_CLOTHING])" in market zone "OUTLIVE Trader" (pos=<4291.589844, 25.247801, 4162.500000>).
19:32:47 [Market] Player "Bflame" (id=u7jy1hFXeX-3C-ubChAdh59YiiyuY16LDVnTQIqtPmk=) has sold shemagh_brown x1 at the trader "Clothing (Linda [#STR_EXPANSION_MARKET_TRADER_CLOTHING])" in market zone "OUTLIVE Trader" (pos=<4291.589844, 25.247801, 4162.500000>) and got 40.
19:32:59 [ATM Locker] Player "Bflame" (id=u7jy1hFXeX-3C-ubChAdh59YiiyuY16LDVnTQIqtPmk=) has deposited 2895 on his ATM account.
19:34:55 [VehicleCarKey] Player "Bflame" (id=u7jy1hFXeX-3C-ubChAdh59YiiyuY16LDVnTQIqtPmk= pos=<4262.830078, 11.482304, 4195.425781>) used the  ExpansionCarKey to unlock a Expansion_Landrover_Green
19:35:13 [VehicleCarKey] Player "Bflame" (id=u7jy1hFXeX-3C-ubChAdh59YiiyuY16LDVnTQIqtPmk= pos=<4262.830078, 11.482304, 4195.425781>) used the  ExpansionCarKey to lock a Expansion_Landrover_Green
19:35:49 [VehicleCarKey] Player "Bflame" (id=u7jy1hFXeX-3C-ubChAdh59YiiyuY16LDVnTQIqtPmk= pos=<4420.180176, 0.759676, 4184.147949>) used the  ExpansionCarKey to unlock a ExpansionUtilityBoat
19:35:56 [Safezone] Player "Bflame" (id=u7jy1hFXeX-3C-ubChAdh59YiiyuY16LDVnTQIqtPmk= pos=<4420.180176, 0.759676, 4184.147949>) Left the safezone
19:36:34 [VehicleCarKey] Player "Bflame" (id=u7jy1hFXeX-3C-ubChAdh59YiiyuY16LDVnTQIqtPmk= pos=<4420.180176, 0.759676, 4184.147949>) used the  ExpansionCarKey to lock a ExpansionUtilityBoat
19:36:39 [Safezone] Player "Bflame" (id=u7jy1hFXeX-3C-ubChAdh59YiiyuY16LDVnTQIqtPmk= pos=<4419.705566, 0.772262, 4183.995605>) Entered the safezone
19:39:32 [VehicleCarKey] Player "Bflame" (id=u7jy1hFXeX-3C-ubChAdh59YiiyuY16LDVnTQIqtPmk= pos=<4230.749512, 13.026346, 4192.672363>) used the  ExpansionCarKey to unlock a ExpansionGyrocopter
19:40:27 [Safezone] Player "Bflame" (id=u7jy1hFXeX-3C-ubChAdh59YiiyuY16LDVnTQIqtPmk= pos=<4461.379883, 198.916016, 4583.698242>) Left the safezone
19:45:16 [VehicleCarKey] Player "Bflame" (id=u7jy1hFXeX-3C-ubChAdh59YiiyuY16LDVnTQIqtPmk= pos=<7058.097168, 38.286842, 9544.715820>) used the  ExpansionCarKey to lock a ExpansionGyrocopter
