12:02:38 [AI Object Patrol] Generating an example config...
12:04:31 [Expansion Quests] - SetupClientData - Loaded existing player quest data for player with UID: l3HvTWnXl8COrcbWA0dEsar-QbcB4NyANSOekVJXAcY=
12:04:31 [Expansion Quests] - PlayerQuestsInit - Create new quest instance for quest: 20 - Creator UID: l3HvTWnXl8COrcbWA0dEsar-QbcB4NyANSOekVJXAcY=
12:04:31 [Expansion Quests] - PlayerQuestsInit - Create new quest instance for quest: 23 - Creator UID: l3HvTWnXl8COrcbWA0dEsar-QbcB4NyANSOekVJXAcY=
12:05:13 [VehicleCarKey] Player "Maltrix CZE" (id=l3HvTWnXl8COrcbWA0dEsar-QbcB4NyANSOekVJXAcY= pos=<8123.640137, 2.217699, 4236.135742>) used the  ExpansionCarKey to lock a ExpansionMerlin
12:07:28 [Expansion Quests] - SetupClientData - Loaded existing player quest data for player with UID: S9XeA0hkzh0BuQ40IZp9f43dJV0cx5VEKx2whZkh39A=
12:07:28 [Expansion Quests] - PlayerQuestsInit - Create new quest instance for quest: 23 - Creator UID: S9XeA0hkzh0BuQ40IZp9f43dJV0cx5VEKx2whZkh39A=
12:07:28 [Expansion Quests] - PlayerQuestsInit - Create new quest instance for quest: 18 - Creator UID: S9XeA0hkzh0BuQ40IZp9f43dJV0cx5VEKx2whZkh39A=
12:07:28 [Expansion Quests] - PlayerQuestsInit - Create new quest instance for quest: 24 - Creator UID: S9XeA0hkzh0BuQ40IZp9f43dJV0cx5VEKx2whZkh39A=
12:07:28 [Expansion Quests] - PlayerQuestsInit - Create new quest instance for quest: 4 - Creator UID: S9XeA0hkzh0BuQ40IZp9f43dJV0cx5VEKx2whZkh39A=
12:07:28 [Expansion Quests] - PlayerQuestsInit - Create new quest instance for quest: 15 - Creator UID: S9XeA0hkzh0BuQ40IZp9f43dJV0cx5VEKx2whZkh39A=
12:07:28 [Expansion Quests] - PlayerQuestsInit - Create new quest instance for quest: 17 - Creator UID: S9XeA0hkzh0BuQ40IZp9f43dJV0cx5VEKx2whZkh39A=
12:09:36 [MissionAirdrop] An airdrop is heading towards "Krautinsel" (pos=<8192.009766, 0.000000, 4341.879883> type=Random_KrautInsel) with a ExpansionAirdropContainer_Military
12:09:36 [MissionAirdrop] An airdrop is heading towards "PVP" (pos=<423.000000, 0.000000, 6703.000000> type=IcyPleasure) with a ExpansionAirdropContainer_Military_WinterCamo
12:11:51 [Expansion Quests] - SetupClientData - Loaded existing player quest data for player with UID: u7jy1hFXeX-3C-ubChAdh59YiiyuY16LDVnTQIqtPmk=
12:11:51 [Expansion Quests] - PlayerQuestsInit - Create new quest instance for quest: 23 - Creator UID: u7jy1hFXeX-3C-ubChAdh59YiiyuY16LDVnTQIqtPmk=
12:13:04 [Expansion Quests] - SetupClientData - Loaded existing player quest data for player with UID: UNCCcxNkOxpXYEONIcz7r5MoVpxPCn0WPblUoNZCURI=
12:13:04 [Expansion Quests] - PlayerQuestsInit - Create new quest instance for quest: 20 - Creator UID: UNCCcxNkOxpXYEONIcz7r5MoVpxPCn0WPblUoNZCURI=
12:13:04 [Expansion Quests] - PlayerQuestsInit - Create new quest instance for quest: 23 - Creator UID: UNCCcxNkOxpXYEONIcz7r5MoVpxPCn0WPblUoNZCURI=
12:13:38 [VehicleCarKey] Player "Bflame" (id=u7jy1hFXeX-3C-ubChAdh59YiiyuY16LDVnTQIqtPmk= pos=<3265.142578, 29.490576, 4593.540039>) used the  ExpansionCarKey to lock a ExpansionGyrocopter
12:14:44 [Chat - Global]("Casper"(id=S9XeA0hkzh0BuQ40IZp9f43dJV0cx5VEKx2whZkh39A=)): zdar
12:14:52 [Chat - Global]("Merky"(id=UNCCcxNkOxpXYEONIcz7r5MoVpxPCn0WPblUoNZCURI=)): cus
12:20:55 [VehicleCarKey] Player "Bflame" (id=u7jy1hFXeX-3C-ubChAdh59YiiyuY16LDVnTQIqtPmk= pos=<3262.802979, 29.438778, 4594.110352>) used the  ExpansionCarKey to unlock a ExpansionGyrocopter
12:24:02 [VehicleCarKey] Player "Bflame" (id=u7jy1hFXeX-3C-ubChAdh59YiiyuY16LDVnTQIqtPmk= pos=<2661.722656, 28.817940, 6025.695801>) used the  ExpansionCarKey to lock a ExpansionGyrocopter
12:33:23 [Expansion Quests] - SetupClientData - Got cached player quest data for player with UID: UNCCcxNkOxpXYEONIcz7r5MoVpxPCn0WPblUoNZCURI=
12:33:23 [Expansion Quests] - PlayerQuestsInit - Create new quest instance for quest: 20 - Creator UID: UNCCcxNkOxpXYEONIcz7r5MoVpxPCn0WPblUoNZCURI=
12:37:32 [Chat - Global]("Merky"(id=UNCCcxNkOxpXYEONIcz7r5MoVpxPCn0WPblUoNZCURI=)): konecneee
12:37:40 [Chat - Global]("Casper"(id=S9XeA0hkzh0BuQ40IZp9f43dJV0cx5VEKx2whZkh39A=)): copak
12:37:48 [Chat - Global]("Merky"(id=UNCCcxNkOxpXYEONIcz7r5MoVpxPCn0WPblUoNZCURI=)): sekera
12:38:03 [Chat - Global]("Casper"(id=S9XeA0hkzh0BuQ40IZp9f43dJV0cx5VEKx2whZkh39A=)): ja jich tu videl
12:38:04 [Chat - Global]("Merky"(id=UNCCcxNkOxpXYEONIcz7r5MoVpxPCn0WPblUoNZCURI=)): po 100 hodinach
12:38:11 [Chat - Global]("Casper"(id=S9XeA0hkzh0BuQ40IZp9f43dJV0cx5VEKx2whZkh39A=)): si delas prdel
12:38:17 [Chat - Global]("Casper"(id=S9XeA0hkzh0BuQ40IZp9f43dJV0cx5VEKx2whZkh39A=)): tady jich lezelo
12:38:23 [Chat - Global]("Merky"(id=UNCCcxNkOxpXYEONIcz7r5MoVpxPCn0WPblUoNZCURI=)): prva sekera za celu dobu co tu hram xD
12:38:29 [Chat - Global]("Casper"(id=S9XeA0hkzh0BuQ40IZp9f43dJV0cx5VEKx2whZkh39A=)): :D
12:40:01 [Chat - Global]("Merky"(id=UNCCcxNkOxpXYEONIcz7r5MoVpxPCn0WPblUoNZCURI=)): ake su pravidla stavania base ?
12:44:34 [Safezone] Player "Casper" (id=S9XeA0hkzh0BuQ40IZp9f43dJV0cx5VEKx2whZkh39A= pos=<4172.585449, 14.430385, 4213.747070>) Entered the safezone
12:44:54 [Market] Player "Casper" (id=S9XeA0hkzh0BuQ40IZp9f43dJV0cx5VEKx2whZkh39A=) has send a requested to sell ducttape x1 at the trader "BuildingSupplies (Boris [#STR_EXPANSION_MARKET_TRADER_BUILDING_SUPPLIES])" in market zone "OUTLIVE Trader" (pos=<4291.589844, 25.247801, 4162.500000>).
12:44:54 [Market] Player "Casper" (id=S9XeA0hkzh0BuQ40IZp9f43dJV0cx5VEKx2whZkh39A=) has sold ducttape x1 at the trader "BuildingSupplies (Boris [#STR_EXPANSION_MARKET_TRADER_BUILDING_SUPPLIES])" in market zone "OUTLIVE Trader" (pos=<4291.589844, 25.247801, 4162.500000>) and got 180.
12:45:03 [Market] Player "Casper" (id=S9XeA0hkzh0BuQ40IZp9f43dJV0cx5VEKx2whZkh39A=) has send a requested to sell expansionhelicopterbattery x1 at the trader "BuildingSupplies (Boris [#STR_EXPANSION_MARKET_TRADER_BUILDING_SUPPLIES])" in market zone "OUTLIVE Trader" (pos=<4291.589844, 25.247801, 4162.500000>).
12:45:03 [Market] Player "Casper" (id=S9XeA0hkzh0BuQ40IZp9f43dJV0cx5VEKx2whZkh39A=) has sold expansionhelicopterbattery x1 at the trader "BuildingSupplies (Boris [#STR_EXPANSION_MARKET_TRADER_BUILDING_SUPPLIES])" in market zone "OUTLIVE Trader" (pos=<4291.589844, 25.247801, 4162.500000>) and got 600.
12:45:04 [Market] Player "Casper" (id=S9XeA0hkzh0BuQ40IZp9f43dJV0cx5VEKx2whZkh39A=) has send a requested to sell expansionhelicopterbattery x1 at the trader "BuildingSupplies (Boris [#STR_EXPANSION_MARKET_TRADER_BUILDING_SUPPLIES])" in market zone "OUTLIVE Trader" (pos=<4291.589844, 25.247801, 4162.500000>).
12:45:04 [Market] Player "Casper" (id=S9XeA0hkzh0BuQ40IZp9f43dJV0cx5VEKx2whZkh39A=) has sold expansionhelicopterbattery x1 at the trader "BuildingSupplies (Boris [#STR_EXPANSION_MARKET_TRADER_BUILDING_SUPPLIES])" in market zone "OUTLIVE Trader" (pos=<4291.589844, 25.247801, 4162.500000>) and got 600.
12:45:43 [Market] Player "Casper" (id=S9XeA0hkzh0BuQ40IZp9f43dJV0cx5VEKx2whZkh39A=) has send a requested to sell mag_aug_30rnd x1 at the trader "Attachments (Oliver [#STR_EXPANSION_MARKET_TRADER_ATTACHMENTS])" in market zone "OUTLIVE Trader" (pos=<4291.589844, 25.247801, 4162.500000>).
12:45:43 [Market] Player "Casper" (id=S9XeA0hkzh0BuQ40IZp9f43dJV0cx5VEKx2whZkh39A=) has sold mag_aug_30rnd x1 at the trader "Attachments (Oliver [#STR_EXPANSION_MARKET_TRADER_ATTACHMENTS])" in market zone "OUTLIVE Trader" (pos=<4291.589844, 25.247801, 4162.500000>) and got 305.
12:45:55 [Market] Player "Casper" (id=S9XeA0hkzh0BuQ40IZp9f43dJV0cx5VEKx2whZkh39A=) has send a requested to sell twp_ammo_30carbine x1 at the trader "Attachments (Oliver [#STR_EXPANSION_MARKET_TRADER_ATTACHMENTS])" in market zone "OUTLIVE Trader" (pos=<4291.589844, 25.247801, 4162.500000>).
12:45:55 [Market] Player "Casper" (id=S9XeA0hkzh0BuQ40IZp9f43dJV0cx5VEKx2whZkh39A=) has sold twp_ammo_30carbine x1 at the trader "Attachments (Oliver [#STR_EXPANSION_MARKET_TRADER_ATTACHMENTS])" in market zone "OUTLIVE Trader" (pos=<4291.589844, 25.247801, 4162.500000>) and got 5.
12:45:55 [Market] Player "Casper" (id=S9XeA0hkzh0BuQ40IZp9f43dJV0cx5VEKx2whZkh39A=) has send a requested to sell twp_ammo_30carbine x1 at the trader "Attachments (Oliver [#STR_EXPANSION_MARKET_TRADER_ATTACHMENTS])" in market zone "OUTLIVE Trader" (pos=<4291.589844, 25.247801, 4162.500000>).
12:45:55 [Market] Player "Casper" (id=S9XeA0hkzh0BuQ40IZp9f43dJV0cx5VEKx2whZkh39A=) has sold twp_ammo_30carbine x1 at the trader "Attachments (Oliver [#STR_EXPANSION_MARKET_TRADER_ATTACHMENTS])" in market zone "OUTLIVE Trader" (pos=<4291.589844, 25.247801, 4162.500000>) and got 5.
12:45:56 [Market] Player "Casper" (id=S9XeA0hkzh0BuQ40IZp9f43dJV0cx5VEKx2whZkh39A=) has send a requested to sell twp_ammo_30carbine x1 at the trader "Attachments (Oliver [#STR_EXPANSION_MARKET_TRADER_ATTACHMENTS])" in market zone "OUTLIVE Trader" (pos=<4291.589844, 25.247801, 4162.500000>).
12:45:56 [Market] Player "Casper" (id=S9XeA0hkzh0BuQ40IZp9f43dJV0cx5VEKx2whZkh39A=) has sold twp_ammo_30carbine x1 at the trader "Attachments (Oliver [#STR_EXPANSION_MARKET_TRADER_ATTACHMENTS])" in market zone "OUTLIVE Trader" (pos=<4291.589844, 25.247801, 4162.500000>) and got 5.
12:45:56 [Market] Player "Casper" (id=S9XeA0hkzh0BuQ40IZp9f43dJV0cx5VEKx2whZkh39A=) has send a requested to sell twp_ammo_30carbine x1 at the trader "Attachments (Oliver [#STR_EXPANSION_MARKET_TRADER_ATTACHMENTS])" in market zone "OUTLIVE Trader" (pos=<4291.589844, 25.247801, 4162.500000>).
12:45:56 [Market] Player "Casper" (id=S9XeA0hkzh0BuQ40IZp9f43dJV0cx5VEKx2whZkh39A=) has sold twp_ammo_30carbine x1 at the trader "Attachments (Oliver [#STR_EXPANSION_MARKET_TRADER_ATTACHMENTS])" in market zone "OUTLIVE Trader" (pos=<4291.589844, 25.247801, 4162.500000>) and got 5.
12:45:56 [Market] Player "Casper" (id=S9XeA0hkzh0BuQ40IZp9f43dJV0cx5VEKx2whZkh39A=) has send a requested to sell twp_ammo_30carbine x1 at the trader "Attachments (Oliver [#STR_EXPANSION_MARKET_TRADER_ATTACHMENTS])" in market zone "OUTLIVE Trader" (pos=<4291.589844, 25.247801, 4162.500000>).
12:45:56 [Market] Player "Casper" (id=S9XeA0hkzh0BuQ40IZp9f43dJV0cx5VEKx2whZkh39A=) has sold twp_ammo_30carbine x1 at the trader "Attachments (Oliver [#STR_EXPANSION_MARKET_TRADER_ATTACHMENTS])" in market zone "OUTLIVE Trader" (pos=<4291.589844, 25.247801, 4162.500000>) and got 5.
12:45:56 [Market] Player "Casper" (id=S9XeA0hkzh0BuQ40IZp9f43dJV0cx5VEKx2whZkh39A=) has send a requested to sell twp_ammo_30carbine x1 at the trader "Attachments (Oliver [#STR_EXPANSION_MARKET_TRADER_ATTACHMENTS])" in market zone "OUTLIVE Trader" (pos=<4291.589844, 25.247801, 4162.500000>).
12:45:56 [Market] Player "Casper" (id=S9XeA0hkzh0BuQ40IZp9f43dJV0cx5VEKx2whZkh39A=) has sold twp_ammo_30carbine x1 at the trader "Attachments (Oliver [#STR_EXPANSION_MARKET_TRADER_ATTACHMENTS])" in market zone "OUTLIVE Trader" (pos=<4291.589844, 25.247801, 4162.500000>) and got 5.
12:45:57 [Market] Player "Casper" (id=S9XeA0hkzh0BuQ40IZp9f43dJV0cx5VEKx2whZkh39A=) has send a requested to sell twp_ammo_30carbine x1 at the trader "Attachments (Oliver [#STR_EXPANSION_MARKET_TRADER_ATTACHMENTS])" in market zone "OUTLIVE Trader" (pos=<4291.589844, 25.247801, 4162.500000>).
12:45:57 [Market] Player "Casper" (id=S9XeA0hkzh0BuQ40IZp9f43dJV0cx5VEKx2whZkh39A=) has sold twp_ammo_30carbine x1 at the trader "Attachments (Oliver [#STR_EXPANSION_MARKET_TRADER_ATTACHMENTS])" in market zone "OUTLIVE Trader" (pos=<4291.589844, 25.247801, 4162.500000>) and got 5.
12:45:57 [Market] Player "Casper" (id=S9XeA0hkzh0BuQ40IZp9f43dJV0cx5VEKx2whZkh39A=) has send a requested to sell twp_ammo_30carbine x1 at the trader "Attachments (Oliver [#STR_EXPANSION_MARKET_TRADER_ATTACHMENTS])" in market zone "OUTLIVE Trader" (pos=<4291.589844, 25.247801, 4162.500000>).
12:45:57 [Market] Player "Casper" (id=S9XeA0hkzh0BuQ40IZp9f43dJV0cx5VEKx2whZkh39A=) has sold twp_ammo_30carbine x1 at the trader "Attachments (Oliver [#STR_EXPANSION_MARKET_TRADER_ATTACHMENTS])" in market zone "OUTLIVE Trader" (pos=<4291.589844, 25.247801, 4162.500000>) and got 5.
12:45:57 [Market] Player "Casper" (id=S9XeA0hkzh0BuQ40IZp9f43dJV0cx5VEKx2whZkh39A=) has send a requested to sell twp_ammo_30carbine x1 at the trader "Attachments (Oliver [#STR_EXPANSION_MARKET_TRADER_ATTACHMENTS])" in market zone "OUTLIVE Trader" (pos=<4291.589844, 25.247801, 4162.500000>).
12:45:57 [Market] Player "Casper" (id=S9XeA0hkzh0BuQ40IZp9f43dJV0cx5VEKx2whZkh39A=) has sold twp_ammo_30carbine x1 at the trader "Attachments (Oliver [#STR_EXPANSION_MARKET_TRADER_ATTACHMENTS])" in market zone "OUTLIVE Trader" (pos=<4291.589844, 25.247801, 4162.500000>) and got 5.
12:45:57 [Market] Player "Casper" (id=S9XeA0hkzh0BuQ40IZp9f43dJV0cx5VEKx2whZkh39A=) has send a requested to sell twp_ammo_30carbine x1 at the trader "Attachments (Oliver [#STR_EXPANSION_MARKET_TRADER_ATTACHMENTS])" in market zone "OUTLIVE Trader" (pos=<4291.589844, 25.247801, 4162.500000>).
12:45:57 [Market] Player "Casper" (id=S9XeA0hkzh0BuQ40IZp9f43dJV0cx5VEKx2whZkh39A=) has sold twp_ammo_30carbine x1 at the trader "Attachments (Oliver [#STR_EXPANSION_MARKET_TRADER_ATTACHMENTS])" in market zone "OUTLIVE Trader" (pos=<4291.589844, 25.247801, 4162.500000>) and got 5.
12:45:58 [Market] Player "Casper" (id=S9XeA0hkzh0BuQ40IZp9f43dJV0cx5VEKx2whZkh39A=) has send a requested to sell twp_ammo_30carbine x1 at the trader "Attachments (Oliver [#STR_EXPANSION_MARKET_TRADER_ATTACHMENTS])" in market zone "OUTLIVE Trader" (pos=<4291.589844, 25.247801, 4162.500000>).
12:45:58 [Market] Player "Casper" (id=S9XeA0hkzh0BuQ40IZp9f43dJV0cx5VEKx2whZkh39A=) has sold twp_ammo_30carbine x1 at the trader "Attachments (Oliver [#STR_EXPANSION_MARKET_TRADER_ATTACHMENTS])" in market zone "OUTLIVE Trader" (pos=<4291.589844, 25.247801, 4162.500000>) and got 5.
12:45:58 [Market] Player "Casper" (id=S9XeA0hkzh0BuQ40IZp9f43dJV0cx5VEKx2whZkh39A=) has send a requested to sell twp_ammo_30carbine x1 at the trader "Attachments (Oliver [#STR_EXPANSION_MARKET_TRADER_ATTACHMENTS])" in market zone "OUTLIVE Trader" (pos=<4291.589844, 25.247801, 4162.500000>).
12:45:58 [Market] Player "Casper" (id=S9XeA0hkzh0BuQ40IZp9f43dJV0cx5VEKx2whZkh39A=) has sold twp_ammo_30carbine x1 at the trader "Attachments (Oliver [#STR_EXPANSION_MARKET_TRADER_ATTACHMENTS])" in market zone "OUTLIVE Trader" (pos=<4291.589844, 25.247801, 4162.500000>) and got 5.
12:45:58 [Market] Player "Casper" (id=S9XeA0hkzh0BuQ40IZp9f43dJV0cx5VEKx2whZkh39A=) has send a requested to sell twp_ammo_30carbine x1 at the trader "Attachments (Oliver [#STR_EXPANSION_MARKET_TRADER_ATTACHMENTS])" in market zone "OUTLIVE Trader" (pos=<4291.589844, 25.247801, 4162.500000>).
12:45:58 [Market] Player "Casper" (id=S9XeA0hkzh0BuQ40IZp9f43dJV0cx5VEKx2whZkh39A=) has sold twp_ammo_30carbine x1 at the trader "Attachments (Oliver [#STR_EXPANSION_MARKET_TRADER_ATTACHMENTS])" in market zone "OUTLIVE Trader" (pos=<4291.589844, 25.247801, 4162.500000>) and got 5.
12:45:58 [Market] Player "Casper" (id=S9XeA0hkzh0BuQ40IZp9f43dJV0cx5VEKx2whZkh39A=) has send a requested to sell twp_ammo_30carbine x1 at the trader "Attachments (Oliver [#STR_EXPANSION_MARKET_TRADER_ATTACHMENTS])" in market zone "OUTLIVE Trader" (pos=<4291.589844, 25.247801, 4162.500000>).
12:45:58 [Market] Player "Casper" (id=S9XeA0hkzh0BuQ40IZp9f43dJV0cx5VEKx2whZkh39A=) has sold twp_ammo_30carbine x1 at the trader "Attachments (Oliver [#STR_EXPANSION_MARKET_TRADER_ATTACHMENTS])" in market zone "OUTLIVE Trader" (pos=<4291.589844, 25.247801, 4162.500000>) and got 5.
12:45:58 [Market] Player "Casper" (id=S9XeA0hkzh0BuQ40IZp9f43dJV0cx5VEKx2whZkh39A=) has send a requested to sell twp_ammo_30carbine x1 at the trader "Attachments (Oliver [#STR_EXPANSION_MARKET_TRADER_ATTACHMENTS])" in market zone "OUTLIVE Trader" (pos=<4291.589844, 25.247801, 4162.500000>).
12:45:58 [Market] Player "Casper" (id=S9XeA0hkzh0BuQ40IZp9f43dJV0cx5VEKx2whZkh39A=) has sold twp_ammo_30carbine x1 at the trader "Attachments (Oliver [#STR_EXPANSION_MARKET_TRADER_ATTACHMENTS])" in market zone "OUTLIVE Trader" (pos=<4291.589844, 25.247801, 4162.500000>) and got 5.
12:45:58 [Market] Player "Casper" (id=S9XeA0hkzh0BuQ40IZp9f43dJV0cx5VEKx2whZkh39A=) has send a requested to sell twp_ammo_30carbine x1 at the trader "Attachments (Oliver [#STR_EXPANSION_MARKET_TRADER_ATTACHMENTS])" in market zone "OUTLIVE Trader" (pos=<4291.589844, 25.247801, 4162.500000>).
12:45:59 [Market] Player "Casper" (id=S9XeA0hkzh0BuQ40IZp9f43dJV0cx5VEKx2whZkh39A=) has sold twp_ammo_30carbine x1 at the trader "Attachments (Oliver [#STR_EXPANSION_MARKET_TRADER_ATTACHMENTS])" in market zone "OUTLIVE Trader" (pos=<4291.589844, 25.247801, 4162.500000>) and got 5.
12:45:59 [Market] Player "Casper" (id=S9XeA0hkzh0BuQ40IZp9f43dJV0cx5VEKx2whZkh39A=) has send a requested to sell twp_ammo_30carbine x1 at the trader "Attachments (Oliver [#STR_EXPANSION_MARKET_TRADER_ATTACHMENTS])" in market zone "OUTLIVE Trader" (pos=<4291.589844, 25.247801, 4162.500000>).
12:45:59 [Market] Player "Casper" (id=S9XeA0hkzh0BuQ40IZp9f43dJV0cx5VEKx2whZkh39A=) has sold twp_ammo_30carbine x1 at the trader "Attachments (Oliver [#STR_EXPANSION_MARKET_TRADER_ATTACHMENTS])" in market zone "OUTLIVE Trader" (pos=<4291.589844, 25.247801, 4162.500000>) and got 5.
12:45:59 [Market] Player "Casper" (id=S9XeA0hkzh0BuQ40IZp9f43dJV0cx5VEKx2whZkh39A=) has send a requested to sell twp_ammo_30carbine x1 at the trader "Attachments (Oliver [#STR_EXPANSION_MARKET_TRADER_ATTACHMENTS])" in market zone "OUTLIVE Trader" (pos=<4291.589844, 25.247801, 4162.500000>).
12:45:59 [Market] Player "Casper" (id=S9XeA0hkzh0BuQ40IZp9f43dJV0cx5VEKx2whZkh39A=) has sold twp_ammo_30carbine x1 at the trader "Attachments (Oliver [#STR_EXPANSION_MARKET_TRADER_ATTACHMENTS])" in market zone "OUTLIVE Trader" (pos=<4291.589844, 25.247801, 4162.500000>) and got 5.
12:45:59 [Market] Player "Casper" (id=S9XeA0hkzh0BuQ40IZp9f43dJV0cx5VEKx2whZkh39A=) has send a requested to sell twp_ammo_30carbine x1 at the trader "Attachments (Oliver [#STR_EXPANSION_MARKET_TRADER_ATTACHMENTS])" in market zone "OUTLIVE Trader" (pos=<4291.589844, 25.247801, 4162.500000>).
12:45:59 [Market] Player "Casper" (id=S9XeA0hkzh0BuQ40IZp9f43dJV0cx5VEKx2whZkh39A=) has sold twp_ammo_30carbine x1 at the trader "Attachments (Oliver [#STR_EXPANSION_MARKET_TRADER_ATTACHMENTS])" in market zone "OUTLIVE Trader" (pos=<4291.589844, 25.247801, 4162.500000>) and got 5.
12:45:59 [Market] Player "Casper" (id=S9XeA0hkzh0BuQ40IZp9f43dJV0cx5VEKx2whZkh39A=) has send a requested to sell twp_ammo_30carbine x1 at the trader "Attachments (Oliver [#STR_EXPANSION_MARKET_TRADER_ATTACHMENTS])" in market zone "OUTLIVE Trader" (pos=<4291.589844, 25.247801, 4162.500000>).
12:45:59 [Market] Player "Casper" (id=S9XeA0hkzh0BuQ40IZp9f43dJV0cx5VEKx2whZkh39A=) has sold twp_ammo_30carbine x1 at the trader "Attachments (Oliver [#STR_EXPANSION_MARKET_TRADER_ATTACHMENTS])" in market zone "OUTLIVE Trader" (pos=<4291.589844, 25.247801, 4162.500000>) and got 5.
12:45:59 [Market] Player "Casper" (id=S9XeA0hkzh0BuQ40IZp9f43dJV0cx5VEKx2whZkh39A=) has send a requested to sell twp_ammo_30carbine x1 at the trader "Attachments (Oliver [#STR_EXPANSION_MARKET_TRADER_ATTACHMENTS])" in market zone "OUTLIVE Trader" (pos=<4291.589844, 25.247801, 4162.500000>).
12:45:59 [Market] Player "Casper" (id=S9XeA0hkzh0BuQ40IZp9f43dJV0cx5VEKx2whZkh39A=) has sold twp_ammo_30carbine x1 at the trader "Attachments (Oliver [#STR_EXPANSION_MARKET_TRADER_ATTACHMENTS])" in market zone "OUTLIVE Trader" (pos=<4291.589844, 25.247801, 4162.500000>) and got 5.
12:46:00 [Market] Player "Casper" (id=S9XeA0hkzh0BuQ40IZp9f43dJV0cx5VEKx2whZkh39A=) has send a requested to sell twp_ammo_30carbine x1 at the trader "Attachments (Oliver [#STR_EXPANSION_MARKET_TRADER_ATTACHMENTS])" in market zone "OUTLIVE Trader" (pos=<4291.589844, 25.247801, 4162.500000>).
12:46:00 [Market] Player "Casper" (id=S9XeA0hkzh0BuQ40IZp9f43dJV0cx5VEKx2whZkh39A=) has sold twp_ammo_30carbine x1 at the trader "Attachments (Oliver [#STR_EXPANSION_MARKET_TRADER_ATTACHMENTS])" in market zone "OUTLIVE Trader" (pos=<4291.589844, 25.247801, 4162.500000>) and got 5.
12:46:00 [Market] Player "Casper" (id=S9XeA0hkzh0BuQ40IZp9f43dJV0cx5VEKx2whZkh39A=) has send a requested to sell twp_ammo_30carbine x1 at the trader "Attachments (Oliver [#STR_EXPANSION_MARKET_TRADER_ATTACHMENTS])" in market zone "OUTLIVE Trader" (pos=<4291.589844, 25.247801, 4162.500000>).
12:46:00 [Market] Player "Casper" (id=S9XeA0hkzh0BuQ40IZp9f43dJV0cx5VEKx2whZkh39A=) has sold twp_ammo_30carbine x1 at the trader "Attachments (Oliver [#STR_EXPANSION_MARKET_TRADER_ATTACHMENTS])" in market zone "OUTLIVE Trader" (pos=<4291.589844, 25.247801, 4162.500000>) and got 5.
12:46:00 [Market] Player "Casper" (id=S9XeA0hkzh0BuQ40IZp9f43dJV0cx5VEKx2whZkh39A=) has send a requested to sell twp_ammo_30carbine x1 at the trader "Attachments (Oliver [#STR_EXPANSION_MARKET_TRADER_ATTACHMENTS])" in market zone "OUTLIVE Trader" (pos=<4291.589844, 25.247801, 4162.500000>).
12:46:00 [Market] Player "Casper" (id=S9XeA0hkzh0BuQ40IZp9f43dJV0cx5VEKx2whZkh39A=) has sold twp_ammo_30carbine x1 at the trader "Attachments (Oliver [#STR_EXPANSION_MARKET_TRADER_ATTACHMENTS])" in market zone "OUTLIVE Trader" (pos=<4291.589844, 25.247801, 4162.500000>) and got 5.
12:46:00 [Market] Player "Casper" (id=S9XeA0hkzh0BuQ40IZp9f43dJV0cx5VEKx2whZkh39A=) has send a requested to sell twp_ammo_30carbine x1 at the trader "Attachments (Oliver [#STR_EXPANSION_MARKET_TRADER_ATTACHMENTS])" in market zone "OUTLIVE Trader" (pos=<4291.589844, 25.247801, 4162.500000>).
12:46:00 [Market] Player "Casper" (id=S9XeA0hkzh0BuQ40IZp9f43dJV0cx5VEKx2whZkh39A=) has sold twp_ammo_30carbine x1 at the trader "Attachments (Oliver [#STR_EXPANSION_MARKET_TRADER_ATTACHMENTS])" in market zone "OUTLIVE Trader" (pos=<4291.589844, 25.247801, 4162.500000>) and got 5.
12:46:00 [Market] Player "Casper" (id=S9XeA0hkzh0BuQ40IZp9f43dJV0cx5VEKx2whZkh39A=) has send a requested to sell twp_ammo_30carbine x1 at the trader "Attachments (Oliver [#STR_EXPANSION_MARKET_TRADER_ATTACHMENTS])" in market zone "OUTLIVE Trader" (pos=<4291.589844, 25.247801, 4162.500000>).
12:46:00 [Market] Player "Casper" (id=S9XeA0hkzh0BuQ40IZp9f43dJV0cx5VEKx2whZkh39A=) has sold twp_ammo_30carbine x1 at the trader "Attachments (Oliver [#STR_EXPANSION_MARKET_TRADER_ATTACHMENTS])" in market zone "OUTLIVE Trader" (pos=<4291.589844, 25.247801, 4162.500000>) and got 5.
12:46:01 [Market] Player "Casper" (id=S9XeA0hkzh0BuQ40IZp9f43dJV0cx5VEKx2whZkh39A=) has send a requested to sell twp_ammo_30carbine x1 at the trader "Attachments (Oliver [#STR_EXPANSION_MARKET_TRADER_ATTACHMENTS])" in market zone "OUTLIVE Trader" (pos=<4291.589844, 25.247801, 4162.500000>).
12:46:01 [Market] Player "Casper" (id=S9XeA0hkzh0BuQ40IZp9f43dJV0cx5VEKx2whZkh39A=) has sold twp_ammo_30carbine x1 at the trader "Attachments (Oliver [#STR_EXPANSION_MARKET_TRADER_ATTACHMENTS])" in market zone "OUTLIVE Trader" (pos=<4291.589844, 25.247801, 4162.500000>) and got 5.
12:46:01 [Market] Player "Casper" (id=S9XeA0hkzh0BuQ40IZp9f43dJV0cx5VEKx2whZkh39A=) has send a requested to sell twp_ammo_30carbine x1 at the trader "Attachments (Oliver [#STR_EXPANSION_MARKET_TRADER_ATTACHMENTS])" in market zone "OUTLIVE Trader" (pos=<4291.589844, 25.247801, 4162.500000>).
12:46:01 [Market] Player "Casper" (id=S9XeA0hkzh0BuQ40IZp9f43dJV0cx5VEKx2whZkh39A=) has sold twp_ammo_30carbine x1 at the trader "Attachments (Oliver [#STR_EXPANSION_MARKET_TRADER_ATTACHMENTS])" in market zone "OUTLIVE Trader" (pos=<4291.589844, 25.247801, 4162.500000>) and got 5.
12:46:01 [Market] Player "Casper" (id=S9XeA0hkzh0BuQ40IZp9f43dJV0cx5VEKx2whZkh39A=) has send a requested to sell twp_ammo_30carbine x1 at the trader "Attachments (Oliver [#STR_EXPANSION_MARKET_TRADER_ATTACHMENTS])" in market zone "OUTLIVE Trader" (pos=<4291.589844, 25.247801, 4162.500000>).
12:46:01 [Market] Player "Casper" (id=S9XeA0hkzh0BuQ40IZp9f43dJV0cx5VEKx2whZkh39A=) has sold twp_ammo_30carbine x1 at the trader "Attachments (Oliver [#STR_EXPANSION_MARKET_TRADER_ATTACHMENTS])" in market zone "OUTLIVE Trader" (pos=<4291.589844, 25.247801, 4162.500000>) and got 5.
12:46:01 [Market] Player "Casper" (id=S9XeA0hkzh0BuQ40IZp9f43dJV0cx5VEKx2whZkh39A=) has send a requested to sell twp_ammo_30carbine x1 at the trader "Attachments (Oliver [#STR_EXPANSION_MARKET_TRADER_ATTACHMENTS])" in market zone "OUTLIVE Trader" (pos=<4291.589844, 25.247801, 4162.500000>).
12:46:01 [Market] Player "Casper" (id=S9XeA0hkzh0BuQ40IZp9f43dJV0cx5VEKx2whZkh39A=) has sold twp_ammo_30carbine x1 at the trader "Attachments (Oliver [#STR_EXPANSION_MARKET_TRADER_ATTACHMENTS])" in market zone "OUTLIVE Trader" (pos=<4291.589844, 25.247801, 4162.500000>) and got 5.
12:46:01 [Market] Player "Casper" (id=S9XeA0hkzh0BuQ40IZp9f43dJV0cx5VEKx2whZkh39A=) has send a requested to sell twp_ammo_30carbine x1 at the trader "Attachments (Oliver [#STR_EXPANSION_MARKET_TRADER_ATTACHMENTS])" in market zone "OUTLIVE Trader" (pos=<4291.589844, 25.247801, 4162.500000>).
12:46:01 [Market] Player "Casper" (id=S9XeA0hkzh0BuQ40IZp9f43dJV0cx5VEKx2whZkh39A=) has sold twp_ammo_30carbine x1 at the trader "Attachments (Oliver [#STR_EXPANSION_MARKET_TRADER_ATTACHMENTS])" in market zone "OUTLIVE Trader" (pos=<4291.589844, 25.247801, 4162.500000>) and got 5.
12:46:02 [Market] Player "Casper" (id=S9XeA0hkzh0BuQ40IZp9f43dJV0cx5VEKx2whZkh39A=) has send a requested to sell twp_ammo_30carbine x1 at the trader "Attachments (Oliver [#STR_EXPANSION_MARKET_TRADER_ATTACHMENTS])" in market zone "OUTLIVE Trader" (pos=<4291.589844, 25.247801, 4162.500000>).
12:46:02 [Market] Player "Casper" (id=S9XeA0hkzh0BuQ40IZp9f43dJV0cx5VEKx2whZkh39A=) has sold twp_ammo_30carbine x1 at the trader "Attachments (Oliver [#STR_EXPANSION_MARKET_TRADER_ATTACHMENTS])" in market zone "OUTLIVE Trader" (pos=<4291.589844, 25.247801, 4162.500000>) and got 5.
12:46:02 [Market] Player "Casper" (id=S9XeA0hkzh0BuQ40IZp9f43dJV0cx5VEKx2whZkh39A=) has send a requested to sell twp_ammo_30carbine x1 at the trader "Attachments (Oliver [#STR_EXPANSION_MARKET_TRADER_ATTACHMENTS])" in market zone "OUTLIVE Trader" (pos=<4291.589844, 25.247801, 4162.500000>).
12:46:02 [Market] Player "Casper" (id=S9XeA0hkzh0BuQ40IZp9f43dJV0cx5VEKx2whZkh39A=) has sold twp_ammo_30carbine x1 at the trader "Attachments (Oliver [#STR_EXPANSION_MARKET_TRADER_ATTACHMENTS])" in market zone "OUTLIVE Trader" (pos=<4291.589844, 25.247801, 4162.500000>) and got 5.
12:46:02 [Market] Player "Casper" (id=S9XeA0hkzh0BuQ40IZp9f43dJV0cx5VEKx2whZkh39A=) has send a requested to sell twp_ammo_30carbine x1 at the trader "Attachments (Oliver [#STR_EXPANSION_MARKET_TRADER_ATTACHMENTS])" in market zone "OUTLIVE Trader" (pos=<4291.589844, 25.247801, 4162.500000>).
12:46:02 [Market] Player "Casper" (id=S9XeA0hkzh0BuQ40IZp9f43dJV0cx5VEKx2whZkh39A=) has sold twp_ammo_30carbine x1 at the trader "Attachments (Oliver [#STR_EXPANSION_MARKET_TRADER_ATTACHMENTS])" in market zone "OUTLIVE Trader" (pos=<4291.589844, 25.247801, 4162.500000>) and got 5.
12:46:02 [Market] Player "Casper" (id=S9XeA0hkzh0BuQ40IZp9f43dJV0cx5VEKx2whZkh39A=) has send a requested to sell twp_ammo_30carbine x1 at the trader "Attachments (Oliver [#STR_EXPANSION_MARKET_TRADER_ATTACHMENTS])" in market zone "OUTLIVE Trader" (pos=<4291.589844, 25.247801, 4162.500000>).
12:46:02 [Market] Player "Casper" (id=S9XeA0hkzh0BuQ40IZp9f43dJV0cx5VEKx2whZkh39A=) has sold twp_ammo_30carbine x1 at the trader "Attachments (Oliver [#STR_EXPANSION_MARKET_TRADER_ATTACHMENTS])" in market zone "OUTLIVE Trader" (pos=<4291.589844, 25.247801, 4162.500000>) and got 5.
12:46:02 [Market] Player "Casper" (id=S9XeA0hkzh0BuQ40IZp9f43dJV0cx5VEKx2whZkh39A=) has send a requested to sell twp_ammo_30carbine x1 at the trader "Attachments (Oliver [#STR_EXPANSION_MARKET_TRADER_ATTACHMENTS])" in market zone "OUTLIVE Trader" (pos=<4291.589844, 25.247801, 4162.500000>).
12:46:02 [Market] Player "Casper" (id=S9XeA0hkzh0BuQ40IZp9f43dJV0cx5VEKx2whZkh39A=) has sold twp_ammo_30carbine x1 at the trader "Attachments (Oliver [#STR_EXPANSION_MARKET_TRADER_ATTACHMENTS])" in market zone "OUTLIVE Trader" (pos=<4291.589844, 25.247801, 4162.500000>) and got 5.
12:46:02 [Market] Player "Casper" (id=S9XeA0hkzh0BuQ40IZp9f43dJV0cx5VEKx2whZkh39A=) has send a requested to sell twp_ammo_30carbine x1 at the trader "Attachments (Oliver [#STR_EXPANSION_MARKET_TRADER_ATTACHMENTS])" in market zone "OUTLIVE Trader" (pos=<4291.589844, 25.247801, 4162.500000>).
12:46:03 [Market] Player "Casper" (id=S9XeA0hkzh0BuQ40IZp9f43dJV0cx5VEKx2whZkh39A=) has sold twp_ammo_30carbine x1 at the trader "Attachments (Oliver [#STR_EXPANSION_MARKET_TRADER_ATTACHMENTS])" in market zone "OUTLIVE Trader" (pos=<4291.589844, 25.247801, 4162.500000>) and got 5.
12:46:03 [Market] Player "Casper" (id=S9XeA0hkzh0BuQ40IZp9f43dJV0cx5VEKx2whZkh39A=) has send a requested to sell twp_ammo_30carbine x1 at the trader "Attachments (Oliver [#STR_EXPANSION_MARKET_TRADER_ATTACHMENTS])" in market zone "OUTLIVE Trader" (pos=<4291.589844, 25.247801, 4162.500000>).
12:46:03 [Market] Player "Casper" (id=S9XeA0hkzh0BuQ40IZp9f43dJV0cx5VEKx2whZkh39A=) has sold twp_ammo_30carbine x1 at the trader "Attachments (Oliver [#STR_EXPANSION_MARKET_TRADER_ATTACHMENTS])" in market zone "OUTLIVE Trader" (pos=<4291.589844, 25.247801, 4162.500000>) and got 5.
12:46:03 [Market] Player "Casper" (id=S9XeA0hkzh0BuQ40IZp9f43dJV0cx5VEKx2whZkh39A=) has send a requested to sell twp_ammo_30carbine x1 at the trader "Attachments (Oliver [#STR_EXPANSION_MARKET_TRADER_ATTACHMENTS])" in market zone "OUTLIVE Trader" (pos=<4291.589844, 25.247801, 4162.500000>).
12:46:03 [Market] Player "Casper" (id=S9XeA0hkzh0BuQ40IZp9f43dJV0cx5VEKx2whZkh39A=) has sold twp_ammo_30carbine x1 at the trader "Attachments (Oliver [#STR_EXPANSION_MARKET_TRADER_ATTACHMENTS])" in market zone "OUTLIVE Trader" (pos=<4291.589844, 25.247801, 4162.500000>) and got 5.
12:46:03 [Market] Player "Casper" (id=S9XeA0hkzh0BuQ40IZp9f43dJV0cx5VEKx2whZkh39A=) has send a requested to sell twp_ammo_30carbine x1 at the trader "Attachments (Oliver [#STR_EXPANSION_MARKET_TRADER_ATTACHMENTS])" in market zone "OUTLIVE Trader" (pos=<4291.589844, 25.247801, 4162.500000>).
12:46:03 [Market] Player "Casper" (id=S9XeA0hkzh0BuQ40IZp9f43dJV0cx5VEKx2whZkh39A=) has sold twp_ammo_30carbine x1 at the trader "Attachments (Oliver [#STR_EXPANSION_MARKET_TRADER_ATTACHMENTS])" in market zone "OUTLIVE Trader" (pos=<4291.589844, 25.247801, 4162.500000>) and got 5.
12:46:03 [Market] Player "Casper" (id=S9XeA0hkzh0BuQ40IZp9f43dJV0cx5VEKx2whZkh39A=) has send a requested to sell twp_ammo_30carbine x1 at the trader "Attachments (Oliver [#STR_EXPANSION_MARKET_TRADER_ATTACHMENTS])" in market zone "OUTLIVE Trader" (pos=<4291.589844, 25.247801, 4162.500000>).
12:46:03 [Market] Player "Casper" (id=S9XeA0hkzh0BuQ40IZp9f43dJV0cx5VEKx2whZkh39A=) has sold twp_ammo_30carbine x1 at the trader "Attachments (Oliver [#STR_EXPANSION_MARKET_TRADER_ATTACHMENTS])" in market zone "OUTLIVE Trader" (pos=<4291.589844, 25.247801, 4162.500000>) and got 5.
12:46:03 [Market] Player "Casper" (id=S9XeA0hkzh0BuQ40IZp9f43dJV0cx5VEKx2whZkh39A=) has send a requested to sell twp_ammo_30carbine x1 at the trader "Attachments (Oliver [#STR_EXPANSION_MARKET_TRADER_ATTACHMENTS])" in market zone "OUTLIVE Trader" (pos=<4291.589844, 25.247801, 4162.500000>).
12:46:04 [Market] Player "Casper" (id=S9XeA0hkzh0BuQ40IZp9f43dJV0cx5VEKx2whZkh39A=) has sold twp_ammo_30carbine x1 at the trader "Attachments (Oliver [#STR_EXPANSION_MARKET_TRADER_ATTACHMENTS])" in market zone "OUTLIVE Trader" (pos=<4291.589844, 25.247801, 4162.500000>) and got 5.
12:46:04 [Market] Player "Casper" (id=S9XeA0hkzh0BuQ40IZp9f43dJV0cx5VEKx2whZkh39A=) has send a requested to sell twp_ammo_30carbine x1 at the trader "Attachments (Oliver [#STR_EXPANSION_MARKET_TRADER_ATTACHMENTS])" in market zone "OUTLIVE Trader" (pos=<4291.589844, 25.247801, 4162.500000>).
12:46:04 [Market] Player "Casper" (id=S9XeA0hkzh0BuQ40IZp9f43dJV0cx5VEKx2whZkh39A=) has sold twp_ammo_30carbine x1 at the trader "Attachments (Oliver [#STR_EXPANSION_MARKET_TRADER_ATTACHMENTS])" in market zone "OUTLIVE Trader" (pos=<4291.589844, 25.247801, 4162.500000>) and got 5.
12:46:04 [Market] Player "Casper" (id=S9XeA0hkzh0BuQ40IZp9f43dJV0cx5VEKx2whZkh39A=) has send a requested to sell twp_ammo_30carbine x1 at the trader "Attachments (Oliver [#STR_EXPANSION_MARKET_TRADER_ATTACHMENTS])" in market zone "OUTLIVE Trader" (pos=<4291.589844, 25.247801, 4162.500000>).
12:46:04 [Market] Player "Casper" (id=S9XeA0hkzh0BuQ40IZp9f43dJV0cx5VEKx2whZkh39A=) has sold twp_ammo_30carbine x1 at the trader "Attachments (Oliver [#STR_EXPANSION_MARKET_TRADER_ATTACHMENTS])" in market zone "OUTLIVE Trader" (pos=<4291.589844, 25.247801, 4162.500000>) and got 5.
12:46:04 [Market] Player "Casper" (id=S9XeA0hkzh0BuQ40IZp9f43dJV0cx5VEKx2whZkh39A=) has send a requested to sell twp_ammo_30carbine x1 at the trader "Attachments (Oliver [#STR_EXPANSION_MARKET_TRADER_ATTACHMENTS])" in market zone "OUTLIVE Trader" (pos=<4291.589844, 25.247801, 4162.500000>).
12:46:04 [Market] Player "Casper" (id=S9XeA0hkzh0BuQ40IZp9f43dJV0cx5VEKx2whZkh39A=) has sold twp_ammo_30carbine x1 at the trader "Attachments (Oliver [#STR_EXPANSION_MARKET_TRADER_ATTACHMENTS])" in market zone "OUTLIVE Trader" (pos=<4291.589844, 25.247801, 4162.500000>) and got 5.
12:46:04 [Market] Player "Casper" (id=S9XeA0hkzh0BuQ40IZp9f43dJV0cx5VEKx2whZkh39A=) has send a requested to sell twp_ammo_30carbine x1 at the trader "Attachments (Oliver [#STR_EXPANSION_MARKET_TRADER_ATTACHMENTS])" in market zone "OUTLIVE Trader" (pos=<4291.589844, 25.247801, 4162.500000>).
12:46:04 [Market] Player "Casper" (id=S9XeA0hkzh0BuQ40IZp9f43dJV0cx5VEKx2whZkh39A=) has sold twp_ammo_30carbine x1 at the trader "Attachments (Oliver [#STR_EXPANSION_MARKET_TRADER_ATTACHMENTS])" in market zone "OUTLIVE Trader" (pos=<4291.589844, 25.247801, 4162.500000>) and got 5.
12:46:04 [Market] Player "Casper" (id=S9XeA0hkzh0BuQ40IZp9f43dJV0cx5VEKx2whZkh39A=) has send a requested to sell twp_ammo_30carbine x1 at the trader "Attachments (Oliver [#STR_EXPANSION_MARKET_TRADER_ATTACHMENTS])" in market zone "OUTLIVE Trader" (pos=<4291.589844, 25.247801, 4162.500000>).
12:46:04 [Market] Player "Casper" (id=S9XeA0hkzh0BuQ40IZp9f43dJV0cx5VEKx2whZkh39A=) has sold twp_ammo_30carbine x1 at the trader "Attachments (Oliver [#STR_EXPANSION_MARKET_TRADER_ATTACHMENTS])" in market zone "OUTLIVE Trader" (pos=<4291.589844, 25.247801, 4162.500000>) and got 5.
12:46:05 [Market] Player "Casper" (id=S9XeA0hkzh0BuQ40IZp9f43dJV0cx5VEKx2whZkh39A=) has send a requested to sell twp_ammo_30carbine x1 at the trader "Attachments (Oliver [#STR_EXPANSION_MARKET_TRADER_ATTACHMENTS])" in market zone "OUTLIVE Trader" (pos=<4291.589844, 25.247801, 4162.500000>).
12:46:05 [Market] Player "Casper" (id=S9XeA0hkzh0BuQ40IZp9f43dJV0cx5VEKx2whZkh39A=) has sold twp_ammo_30carbine x1 at the trader "Attachments (Oliver [#STR_EXPANSION_MARKET_TRADER_ATTACHMENTS])" in market zone "OUTLIVE Trader" (pos=<4291.589844, 25.247801, 4162.500000>) and got 5.
12:46:05 [Market] Player "Casper" (id=S9XeA0hkzh0BuQ40IZp9f43dJV0cx5VEKx2whZkh39A=) has send a requested to sell twp_ammo_30carbine x1 at the trader "Attachments (Oliver [#STR_EXPANSION_MARKET_TRADER_ATTACHMENTS])" in market zone "OUTLIVE Trader" (pos=<4291.589844, 25.247801, 4162.500000>).
12:46:05 [Market] Player "Casper" (id=S9XeA0hkzh0BuQ40IZp9f43dJV0cx5VEKx2whZkh39A=) has sold twp_ammo_30carbine x1 at the trader "Attachments (Oliver [#STR_EXPANSION_MARKET_TRADER_ATTACHMENTS])" in market zone "OUTLIVE Trader" (pos=<4291.589844, 25.247801, 4162.500000>) and got 5.
12:46:05 [Market] Player "Casper" (id=S9XeA0hkzh0BuQ40IZp9f43dJV0cx5VEKx2whZkh39A=) has send a requested to sell twp_ammo_30carbine x1 at the trader "Attachments (Oliver [#STR_EXPANSION_MARKET_TRADER_ATTACHMENTS])" in market zone "OUTLIVE Trader" (pos=<4291.589844, 25.247801, 4162.500000>).
12:46:05 [Market] Player "Casper" (id=S9XeA0hkzh0BuQ40IZp9f43dJV0cx5VEKx2whZkh39A=) has sold twp_ammo_30carbine x1 at the trader "Attachments (Oliver [#STR_EXPANSION_MARKET_TRADER_ATTACHMENTS])" in market zone "OUTLIVE Trader" (pos=<4291.589844, 25.247801, 4162.500000>) and got 5.
12:46:05 [Market] Player "Casper" (id=S9XeA0hkzh0BuQ40IZp9f43dJV0cx5VEKx2whZkh39A=) has send a requested to sell twp_ammo_30carbine x1 at the trader "Attachments (Oliver [#STR_EXPANSION_MARKET_TRADER_ATTACHMENTS])" in market zone "OUTLIVE Trader" (pos=<4291.589844, 25.247801, 4162.500000>).
12:46:05 [Market] Player "Casper" (id=S9XeA0hkzh0BuQ40IZp9f43dJV0cx5VEKx2whZkh39A=) has sold twp_ammo_30carbine x1 at the trader "Attachments (Oliver [#STR_EXPANSION_MARKET_TRADER_ATTACHMENTS])" in market zone "OUTLIVE Trader" (pos=<4291.589844, 25.247801, 4162.500000>) and got 5.
12:46:05 [Market] Player "Casper" (id=S9XeA0hkzh0BuQ40IZp9f43dJV0cx5VEKx2whZkh39A=) has send a requested to sell twp_ammo_30carbine x1 at the trader "Attachments (Oliver [#STR_EXPANSION_MARKET_TRADER_ATTACHMENTS])" in market zone "OUTLIVE Trader" (pos=<4291.589844, 25.247801, 4162.500000>).
12:46:06 [Market] Player "Casper" (id=S9XeA0hkzh0BuQ40IZp9f43dJV0cx5VEKx2whZkh39A=) has sold twp_ammo_30carbine x1 at the trader "Attachments (Oliver [#STR_EXPANSION_MARKET_TRADER_ATTACHMENTS])" in market zone "OUTLIVE Trader" (pos=<4291.589844, 25.247801, 4162.500000>) and got 5.
12:46:06 [Market] Player "Casper" (id=S9XeA0hkzh0BuQ40IZp9f43dJV0cx5VEKx2whZkh39A=) has send a requested to sell twp_ammo_30carbine x1 at the trader "Attachments (Oliver [#STR_EXPANSION_MARKET_TRADER_ATTACHMENTS])" in market zone "OUTLIVE Trader" (pos=<4291.589844, 25.247801, 4162.500000>).
12:46:06 [Market] Player "Casper" (id=S9XeA0hkzh0BuQ40IZp9f43dJV0cx5VEKx2whZkh39A=) has sold twp_ammo_30carbine x1 at the trader "Attachments (Oliver [#STR_EXPANSION_MARKET_TRADER_ATTACHMENTS])" in market zone "OUTLIVE Trader" (pos=<4291.589844, 25.247801, 4162.500000>) and got 5.
12:46:06 [Market] Player "Casper" (id=S9XeA0hkzh0BuQ40IZp9f43dJV0cx5VEKx2whZkh39A=) has send a requested to sell twp_ammo_30carbine x1 at the trader "Attachments (Oliver [#STR_EXPANSION_MARKET_TRADER_ATTACHMENTS])" in market zone "OUTLIVE Trader" (pos=<4291.589844, 25.247801, 4162.500000>).
12:46:06 [Market] Player "Casper" (id=S9XeA0hkzh0BuQ40IZp9f43dJV0cx5VEKx2whZkh39A=) has sold twp_ammo_30carbine x1 at the trader "Attachments (Oliver [#STR_EXPANSION_MARKET_TRADER_ATTACHMENTS])" in market zone "OUTLIVE Trader" (pos=<4291.589844, 25.247801, 4162.500000>) and got 5.
12:46:17 [Market] Player "Casper" (id=S9XeA0hkzh0BuQ40IZp9f43dJV0cx5VEKx2whZkh39A=) has send a requested to sell ammo_545x39 x1 at the trader "Attachments (Oliver [#STR_EXPANSION_MARKET_TRADER_ATTACHMENTS])" in market zone "OUTLIVE Trader" (pos=<4291.589844, 25.247801, 4162.500000>).
12:46:18 [Market] Player "Casper" (id=S9XeA0hkzh0BuQ40IZp9f43dJV0cx5VEKx2whZkh39A=) has sold ammo_545x39 x1 at the trader "Attachments (Oliver [#STR_EXPANSION_MARKET_TRADER_ATTACHMENTS])" in market zone "OUTLIVE Trader" (pos=<4291.589844, 25.247801, 4162.500000>) and got 6.
12:46:18 [Market] Player "Casper" (id=S9XeA0hkzh0BuQ40IZp9f43dJV0cx5VEKx2whZkh39A=) has send a requested to sell ammo_545x39 x1 at the trader "Attachments (Oliver [#STR_EXPANSION_MARKET_TRADER_ATTACHMENTS])" in market zone "OUTLIVE Trader" (pos=<4291.589844, 25.247801, 4162.500000>).
12:46:18 [Market] Player "Casper" (id=S9XeA0hkzh0BuQ40IZp9f43dJV0cx5VEKx2whZkh39A=) has sold ammo_545x39 x1 at the trader "Attachments (Oliver [#STR_EXPANSION_MARKET_TRADER_ATTACHMENTS])" in market zone "OUTLIVE Trader" (pos=<4291.589844, 25.247801, 4162.500000>) and got 6.
12:46:18 [Market] Player "Casper" (id=S9XeA0hkzh0BuQ40IZp9f43dJV0cx5VEKx2whZkh39A=) has send a requested to sell ammo_545x39 x1 at the trader "Attachments (Oliver [#STR_EXPANSION_MARKET_TRADER_ATTACHMENTS])" in market zone "OUTLIVE Trader" (pos=<4291.589844, 25.247801, 4162.500000>).
12:46:19 [Market] Player "Casper" (id=S9XeA0hkzh0BuQ40IZp9f43dJV0cx5VEKx2whZkh39A=) has sold ammo_545x39 x1 at the trader "Attachments (Oliver [#STR_EXPANSION_MARKET_TRADER_ATTACHMENTS])" in market zone "OUTLIVE Trader" (pos=<4291.589844, 25.247801, 4162.500000>) and got 6.
12:46:19 [Market] Player "Casper" (id=S9XeA0hkzh0BuQ40IZp9f43dJV0cx5VEKx2whZkh39A=) has send a requested to sell ammo_545x39 x1 at the trader "Attachments (Oliver [#STR_EXPANSION_MARKET_TRADER_ATTACHMENTS])" in market zone "OUTLIVE Trader" (pos=<4291.589844, 25.247801, 4162.500000>).
12:46:19 [Market] Player "Casper" (id=S9XeA0hkzh0BuQ40IZp9f43dJV0cx5VEKx2whZkh39A=) has sold ammo_545x39 x1 at the trader "Attachments (Oliver [#STR_EXPANSION_MARKET_TRADER_ATTACHMENTS])" in market zone "OUTLIVE Trader" (pos=<4291.589844, 25.247801, 4162.500000>) and got 6.
12:46:19 [Market] Player "Casper" (id=S9XeA0hkzh0BuQ40IZp9f43dJV0cx5VEKx2whZkh39A=) has send a requested to sell ammo_545x39 x1 at the trader "Attachments (Oliver [#STR_EXPANSION_MARKET_TRADER_ATTACHMENTS])" in market zone "OUTLIVE Trader" (pos=<4291.589844, 25.247801, 4162.500000>).
12:46:19 [Market] Player "Casper" (id=S9XeA0hkzh0BuQ40IZp9f43dJV0cx5VEKx2whZkh39A=) has sold ammo_545x39 x1 at the trader "Attachments (Oliver [#STR_EXPANSION_MARKET_TRADER_ATTACHMENTS])" in market zone "OUTLIVE Trader" (pos=<4291.589844, 25.247801, 4162.500000>) and got 6.
12:46:19 [Market] Player "Casper" (id=S9XeA0hkzh0BuQ40IZp9f43dJV0cx5VEKx2whZkh39A=) has send a requested to sell ammo_545x39 x1 at the trader "Attachments (Oliver [#STR_EXPANSION_MARKET_TRADER_ATTACHMENTS])" in market zone "OUTLIVE Trader" (pos=<4291.589844, 25.247801, 4162.500000>).
12:46:19 [Market] Player "Casper" (id=S9XeA0hkzh0BuQ40IZp9f43dJV0cx5VEKx2whZkh39A=) has sold ammo_545x39 x1 at the trader "Attachments (Oliver [#STR_EXPANSION_MARKET_TRADER_ATTACHMENTS])" in market zone "OUTLIVE Trader" (pos=<4291.589844, 25.247801, 4162.500000>) and got 6.
12:46:19 [Market] Player "Casper" (id=S9XeA0hkzh0BuQ40IZp9f43dJV0cx5VEKx2whZkh39A=) has send a requested to sell ammo_545x39 x1 at the trader "Attachments (Oliver [#STR_EXPANSION_MARKET_TRADER_ATTACHMENTS])" in market zone "OUTLIVE Trader" (pos=<4291.589844, 25.247801, 4162.500000>).
12:46:19 [Market] Player "Casper" (id=S9XeA0hkzh0BuQ40IZp9f43dJV0cx5VEKx2whZkh39A=) has sold ammo_545x39 x1 at the trader "Attachments (Oliver [#STR_EXPANSION_MARKET_TRADER_ATTACHMENTS])" in market zone "OUTLIVE Trader" (pos=<4291.589844, 25.247801, 4162.500000>) and got 6.
12:46:19 [Market] Player "Casper" (id=S9XeA0hkzh0BuQ40IZp9f43dJV0cx5VEKx2whZkh39A=) has send a requested to sell ammo_545x39 x1 at the trader "Attachments (Oliver [#STR_EXPANSION_MARKET_TRADER_ATTACHMENTS])" in market zone "OUTLIVE Trader" (pos=<4291.589844, 25.247801, 4162.500000>).
12:46:19 [Market] Player "Casper" (id=S9XeA0hkzh0BuQ40IZp9f43dJV0cx5VEKx2whZkh39A=) has sold ammo_545x39 x1 at the trader "Attachments (Oliver [#STR_EXPANSION_MARKET_TRADER_ATTACHMENTS])" in market zone "OUTLIVE Trader" (pos=<4291.589844, 25.247801, 4162.500000>) and got 6.
12:46:20 [Market] Player "Casper" (id=S9XeA0hkzh0BuQ40IZp9f43dJV0cx5VEKx2whZkh39A=) has send a requested to sell ammo_545x39 x1 at the trader "Attachments (Oliver [#STR_EXPANSION_MARKET_TRADER_ATTACHMENTS])" in market zone "OUTLIVE Trader" (pos=<4291.589844, 25.247801, 4162.500000>).
12:46:20 [Market] Player "Casper" (id=S9XeA0hkzh0BuQ40IZp9f43dJV0cx5VEKx2whZkh39A=) has sold ammo_545x39 x1 at the trader "Attachments (Oliver [#STR_EXPANSION_MARKET_TRADER_ATTACHMENTS])" in market zone "OUTLIVE Trader" (pos=<4291.589844, 25.247801, 4162.500000>) and got 6.
12:46:20 [Market] Player "Casper" (id=S9XeA0hkzh0BuQ40IZp9f43dJV0cx5VEKx2whZkh39A=) has send a requested to sell ammo_545x39 x1 at the trader "Attachments (Oliver [#STR_EXPANSION_MARKET_TRADER_ATTACHMENTS])" in market zone "OUTLIVE Trader" (pos=<4291.589844, 25.247801, 4162.500000>).
12:46:20 [Market] Player "Casper" (id=S9XeA0hkzh0BuQ40IZp9f43dJV0cx5VEKx2whZkh39A=) has sold ammo_545x39 x1 at the trader "Attachments (Oliver [#STR_EXPANSION_MARKET_TRADER_ATTACHMENTS])" in market zone "OUTLIVE Trader" (pos=<4291.589844, 25.247801, 4162.500000>) and got 6.
12:46:20 [Market] Player "Casper" (id=S9XeA0hkzh0BuQ40IZp9f43dJV0cx5VEKx2whZkh39A=) has send a requested to sell ammo_545x39 x1 at the trader "Attachments (Oliver [#STR_EXPANSION_MARKET_TRADER_ATTACHMENTS])" in market zone "OUTLIVE Trader" (pos=<4291.589844, 25.247801, 4162.500000>).
12:46:20 [Market] Player "Casper" (id=S9XeA0hkzh0BuQ40IZp9f43dJV0cx5VEKx2whZkh39A=) has sold ammo_545x39 x1 at the trader "Attachments (Oliver [#STR_EXPANSION_MARKET_TRADER_ATTACHMENTS])" in market zone "OUTLIVE Trader" (pos=<4291.589844, 25.247801, 4162.500000>) and got 6.
12:46:20 [Market] Player "Casper" (id=S9XeA0hkzh0BuQ40IZp9f43dJV0cx5VEKx2whZkh39A=) has send a requested to sell ammo_545x39 x1 at the trader "Attachments (Oliver [#STR_EXPANSION_MARKET_TRADER_ATTACHMENTS])" in market zone "OUTLIVE Trader" (pos=<4291.589844, 25.247801, 4162.500000>).
12:46:20 [Market] Player "Casper" (id=S9XeA0hkzh0BuQ40IZp9f43dJV0cx5VEKx2whZkh39A=) has sold ammo_545x39 x1 at the trader "Attachments (Oliver [#STR_EXPANSION_MARKET_TRADER_ATTACHMENTS])" in market zone "OUTLIVE Trader" (pos=<4291.589844, 25.247801, 4162.500000>) and got 6.
12:46:20 [Market] Player "Casper" (id=S9XeA0hkzh0BuQ40IZp9f43dJV0cx5VEKx2whZkh39A=) has send a requested to sell ammo_545x39 x1 at the trader "Attachments (Oliver [#STR_EXPANSION_MARKET_TRADER_ATTACHMENTS])" in market zone "OUTLIVE Trader" (pos=<4291.589844, 25.247801, 4162.500000>).
12:46:20 [Market] Player "Casper" (id=S9XeA0hkzh0BuQ40IZp9f43dJV0cx5VEKx2whZkh39A=) has sold ammo_545x39 x1 at the trader "Attachments (Oliver [#STR_EXPANSION_MARKET_TRADER_ATTACHMENTS])" in market zone "OUTLIVE Trader" (pos=<4291.589844, 25.247801, 4162.500000>) and got 6.
12:46:21 [Market] Player "Casper" (id=S9XeA0hkzh0BuQ40IZp9f43dJV0cx5VEKx2whZkh39A=) has send a requested to sell ammo_545x39 x1 at the trader "Attachments (Oliver [#STR_EXPANSION_MARKET_TRADER_ATTACHMENTS])" in market zone "OUTLIVE Trader" (pos=<4291.589844, 25.247801, 4162.500000>).
12:46:21 [Market] Player "Casper" (id=S9XeA0hkzh0BuQ40IZp9f43dJV0cx5VEKx2whZkh39A=) has sold ammo_545x39 x1 at the trader "Attachments (Oliver [#STR_EXPANSION_MARKET_TRADER_ATTACHMENTS])" in market zone "OUTLIVE Trader" (pos=<4291.589844, 25.247801, 4162.500000>) and got 6.
12:46:21 [Market] Player "Casper" (id=S9XeA0hkzh0BuQ40IZp9f43dJV0cx5VEKx2whZkh39A=) has send a requested to sell ammo_545x39 x1 at the trader "Attachments (Oliver [#STR_EXPANSION_MARKET_TRADER_ATTACHMENTS])" in market zone "OUTLIVE Trader" (pos=<4291.589844, 25.247801, 4162.500000>).
12:46:21 [Market] Player "Casper" (id=S9XeA0hkzh0BuQ40IZp9f43dJV0cx5VEKx2whZkh39A=) has sold ammo_545x39 x1 at the trader "Attachments (Oliver [#STR_EXPANSION_MARKET_TRADER_ATTACHMENTS])" in market zone "OUTLIVE Trader" (pos=<4291.589844, 25.247801, 4162.500000>) and got 6.
12:46:21 [Market] Player "Casper" (id=S9XeA0hkzh0BuQ40IZp9f43dJV0cx5VEKx2whZkh39A=) has send a requested to sell ammo_545x39 x1 at the trader "Attachments (Oliver [#STR_EXPANSION_MARKET_TRADER_ATTACHMENTS])" in market zone "OUTLIVE Trader" (pos=<4291.589844, 25.247801, 4162.500000>).
12:46:21 [Market] Player "Casper" (id=S9XeA0hkzh0BuQ40IZp9f43dJV0cx5VEKx2whZkh39A=) has sold ammo_545x39 x1 at the trader "Attachments (Oliver [#STR_EXPANSION_MARKET_TRADER_ATTACHMENTS])" in market zone "OUTLIVE Trader" (pos=<4291.589844, 25.247801, 4162.500000>) and got 6.
12:46:21 [Market] Player "Casper" (id=S9XeA0hkzh0BuQ40IZp9f43dJV0cx5VEKx2whZkh39A=) has send a requested to sell ammo_545x39 x1 at the trader "Attachments (Oliver [#STR_EXPANSION_MARKET_TRADER_ATTACHMENTS])" in market zone "OUTLIVE Trader" (pos=<4291.589844, 25.247801, 4162.500000>).
12:46:21 [Market] Player "Casper" (id=S9XeA0hkzh0BuQ40IZp9f43dJV0cx5VEKx2whZkh39A=) has sold ammo_545x39 x1 at the trader "Attachments (Oliver [#STR_EXPANSION_MARKET_TRADER_ATTACHMENTS])" in market zone "OUTLIVE Trader" (pos=<4291.589844, 25.247801, 4162.500000>) and got 6.
12:46:21 [Market] Player "Casper" (id=S9XeA0hkzh0BuQ40IZp9f43dJV0cx5VEKx2whZkh39A=) has send a requested to sell ammo_545x39 x1 at the trader "Attachments (Oliver [#STR_EXPANSION_MARKET_TRADER_ATTACHMENTS])" in market zone "OUTLIVE Trader" (pos=<4291.589844, 25.247801, 4162.500000>).
12:46:22 [Market] Player "Casper" (id=S9XeA0hkzh0BuQ40IZp9f43dJV0cx5VEKx2whZkh39A=) has sold ammo_545x39 x1 at the trader "Attachments (Oliver [#STR_EXPANSION_MARKET_TRADER_ATTACHMENTS])" in market zone "OUTLIVE Trader" (pos=<4291.589844, 25.247801, 4162.500000>) and got 6.
12:46:22 [Market] Player "Casper" (id=S9XeA0hkzh0BuQ40IZp9f43dJV0cx5VEKx2whZkh39A=) has send a requested to sell ammo_545x39 x1 at the trader "Attachments (Oliver [#STR_EXPANSION_MARKET_TRADER_ATTACHMENTS])" in market zone "OUTLIVE Trader" (pos=<4291.589844, 25.247801, 4162.500000>).
12:46:22 [Market] Player "Casper" (id=S9XeA0hkzh0BuQ40IZp9f43dJV0cx5VEKx2whZkh39A=) has sold ammo_545x39 x1 at the trader "Attachments (Oliver [#STR_EXPANSION_MARKET_TRADER_ATTACHMENTS])" in market zone "OUTLIVE Trader" (pos=<4291.589844, 25.247801, 4162.500000>) and got 6.
12:46:22 [Market] Player "Casper" (id=S9XeA0hkzh0BuQ40IZp9f43dJV0cx5VEKx2whZkh39A=) has send a requested to sell ammo_545x39 x1 at the trader "Attachments (Oliver [#STR_EXPANSION_MARKET_TRADER_ATTACHMENTS])" in market zone "OUTLIVE Trader" (pos=<4291.589844, 25.247801, 4162.500000>).
12:46:23 [Market] Player "Casper" (id=S9XeA0hkzh0BuQ40IZp9f43dJV0cx5VEKx2whZkh39A=) has sold ammo_545x39 x1 at the trader "Attachments (Oliver [#STR_EXPANSION_MARKET_TRADER_ATTACHMENTS])" in market zone "OUTLIVE Trader" (pos=<4291.589844, 25.247801, 4162.500000>) and got 6.
12:46:25 [Market] Player "Casper" (id=S9XeA0hkzh0BuQ40IZp9f43dJV0cx5VEKx2whZkh39A=) has send a requested to sell ammo_545x39tracer x1 at the trader "Attachments (Oliver [#STR_EXPANSION_MARKET_TRADER_ATTACHMENTS])" in market zone "OUTLIVE Trader" (pos=<4291.589844, 25.247801, 4162.500000>).
12:46:25 [Market] Player "Casper" (id=S9XeA0hkzh0BuQ40IZp9f43dJV0cx5VEKx2whZkh39A=) has sold ammo_545x39tracer x1 at the trader "Attachments (Oliver [#STR_EXPANSION_MARKET_TRADER_ATTACHMENTS])" in market zone "OUTLIVE Trader" (pos=<4291.589844, 25.247801, 4162.500000>) and got 6.
12:46:25 [Market] Player "Casper" (id=S9XeA0hkzh0BuQ40IZp9f43dJV0cx5VEKx2whZkh39A=) has send a requested to sell ammo_545x39tracer x1 at the trader "Attachments (Oliver [#STR_EXPANSION_MARKET_TRADER_ATTACHMENTS])" in market zone "OUTLIVE Trader" (pos=<4291.589844, 25.247801, 4162.500000>).
12:46:26 [Market] Player "Casper" (id=S9XeA0hkzh0BuQ40IZp9f43dJV0cx5VEKx2whZkh39A=) has sold ammo_545x39tracer x1 at the trader "Attachments (Oliver [#STR_EXPANSION_MARKET_TRADER_ATTACHMENTS])" in market zone "OUTLIVE Trader" (pos=<4291.589844, 25.247801, 4162.500000>) and got 6.
12:46:26 [Market] Player "Casper" (id=S9XeA0hkzh0BuQ40IZp9f43dJV0cx5VEKx2whZkh39A=) has send a requested to sell ammo_545x39tracer x1 at the trader "Attachments (Oliver [#STR_EXPANSION_MARKET_TRADER_ATTACHMENTS])" in market zone "OUTLIVE Trader" (pos=<4291.589844, 25.247801, 4162.500000>).
12:46:26 [Market] Player "Casper" (id=S9XeA0hkzh0BuQ40IZp9f43dJV0cx5VEKx2whZkh39A=) has sold ammo_545x39tracer x1 at the trader "Attachments (Oliver [#STR_EXPANSION_MARKET_TRADER_ATTACHMENTS])" in market zone "OUTLIVE Trader" (pos=<4291.589844, 25.247801, 4162.500000>) and got 6.
12:46:26 [Market] Player "Casper" (id=S9XeA0hkzh0BuQ40IZp9f43dJV0cx5VEKx2whZkh39A=) has send a requested to sell ammo_545x39tracer x1 at the trader "Attachments (Oliver [#STR_EXPANSION_MARKET_TRADER_ATTACHMENTS])" in market zone "OUTLIVE Trader" (pos=<4291.589844, 25.247801, 4162.500000>).
12:46:26 [Market] Player "Casper" (id=S9XeA0hkzh0BuQ40IZp9f43dJV0cx5VEKx2whZkh39A=) has sold ammo_545x39tracer x1 at the trader "Attachments (Oliver [#STR_EXPANSION_MARKET_TRADER_ATTACHMENTS])" in market zone "OUTLIVE Trader" (pos=<4291.589844, 25.247801, 4162.500000>) and got 6.
12:46:27 [Market] Player "Casper" (id=S9XeA0hkzh0BuQ40IZp9f43dJV0cx5VEKx2whZkh39A=) has send a requested to sell ammo_545x39tracer x1 at the trader "Attachments (Oliver [#STR_EXPANSION_MARKET_TRADER_ATTACHMENTS])" in market zone "OUTLIVE Trader" (pos=<4291.589844, 25.247801, 4162.500000>).
12:46:27 [Market] Player "Casper" (id=S9XeA0hkzh0BuQ40IZp9f43dJV0cx5VEKx2whZkh39A=) has sold ammo_545x39tracer x1 at the trader "Attachments (Oliver [#STR_EXPANSION_MARKET_TRADER_ATTACHMENTS])" in market zone "OUTLIVE Trader" (pos=<4291.589844, 25.247801, 4162.500000>) and got 6.
12:46:28 [Market] Player "Casper" (id=S9XeA0hkzh0BuQ40IZp9f43dJV0cx5VEKx2whZkh39A=) has send a requested to sell ammo_545x39tracer x1 at the trader "Attachments (Oliver [#STR_EXPANSION_MARKET_TRADER_ATTACHMENTS])" in market zone "OUTLIVE Trader" (pos=<4291.589844, 25.247801, 4162.500000>).
12:46:28 [Market] Player "Casper" (id=S9XeA0hkzh0BuQ40IZp9f43dJV0cx5VEKx2whZkh39A=) has sold ammo_545x39tracer x1 at the trader "Attachments (Oliver [#STR_EXPANSION_MARKET_TRADER_ATTACHMENTS])" in market zone "OUTLIVE Trader" (pos=<4291.589844, 25.247801, 4162.500000>) and got 6.
12:46:28 [Market] Player "Casper" (id=S9XeA0hkzh0BuQ40IZp9f43dJV0cx5VEKx2whZkh39A=) has send a requested to sell ammo_545x39tracer x1 at the trader "Attachments (Oliver [#STR_EXPANSION_MARKET_TRADER_ATTACHMENTS])" in market zone "OUTLIVE Trader" (pos=<4291.589844, 25.247801, 4162.500000>).
12:46:28 [Market] Player "Casper" (id=S9XeA0hkzh0BuQ40IZp9f43dJV0cx5VEKx2whZkh39A=) has sold ammo_545x39tracer x1 at the trader "Attachments (Oliver [#STR_EXPANSION_MARKET_TRADER_ATTACHMENTS])" in market zone "OUTLIVE Trader" (pos=<4291.589844, 25.247801, 4162.500000>) and got 6.
12:46:28 [Market] Player "Casper" (id=S9XeA0hkzh0BuQ40IZp9f43dJV0cx5VEKx2whZkh39A=) has send a requested to sell ammo_545x39tracer x1 at the trader "Attachments (Oliver [#STR_EXPANSION_MARKET_TRADER_ATTACHMENTS])" in market zone "OUTLIVE Trader" (pos=<4291.589844, 25.247801, 4162.500000>).
12:46:28 [Market] Player "Casper" (id=S9XeA0hkzh0BuQ40IZp9f43dJV0cx5VEKx2whZkh39A=) has sold ammo_545x39tracer x1 at the trader "Attachments (Oliver [#STR_EXPANSION_MARKET_TRADER_ATTACHMENTS])" in market zone "OUTLIVE Trader" (pos=<4291.589844, 25.247801, 4162.500000>) and got 6.
12:46:28 [Market] Player "Casper" (id=S9XeA0hkzh0BuQ40IZp9f43dJV0cx5VEKx2whZkh39A=) has send a requested to sell ammo_545x39tracer x1 at the trader "Attachments (Oliver [#STR_EXPANSION_MARKET_TRADER_ATTACHMENTS])" in market zone "OUTLIVE Trader" (pos=<4291.589844, 25.247801, 4162.500000>).
12:46:28 [Market] Player "Casper" (id=S9XeA0hkzh0BuQ40IZp9f43dJV0cx5VEKx2whZkh39A=) has sold ammo_545x39tracer x1 at the trader "Attachments (Oliver [#STR_EXPANSION_MARKET_TRADER_ATTACHMENTS])" in market zone "OUTLIVE Trader" (pos=<4291.589844, 25.247801, 4162.500000>) and got 6.
12:46:28 [Market] Player "Casper" (id=S9XeA0hkzh0BuQ40IZp9f43dJV0cx5VEKx2whZkh39A=) has send a requested to sell ammo_545x39tracer x1 at the trader "Attachments (Oliver [#STR_EXPANSION_MARKET_TRADER_ATTACHMENTS])" in market zone "OUTLIVE Trader" (pos=<4291.589844, 25.247801, 4162.500000>).
12:46:28 [Market] Player "Casper" (id=S9XeA0hkzh0BuQ40IZp9f43dJV0cx5VEKx2whZkh39A=) has sold ammo_545x39tracer x1 at the trader "Attachments (Oliver [#STR_EXPANSION_MARKET_TRADER_ATTACHMENTS])" in market zone "OUTLIVE Trader" (pos=<4291.589844, 25.247801, 4162.500000>) and got 6.
12:46:29 [Market] Player "Casper" (id=S9XeA0hkzh0BuQ40IZp9f43dJV0cx5VEKx2whZkh39A=) has send a requested to sell ammo_545x39tracer x1 at the trader "Attachments (Oliver [#STR_EXPANSION_MARKET_TRADER_ATTACHMENTS])" in market zone "OUTLIVE Trader" (pos=<4291.589844, 25.247801, 4162.500000>).
12:46:29 [Market] Player "Casper" (id=S9XeA0hkzh0BuQ40IZp9f43dJV0cx5VEKx2whZkh39A=) has sold ammo_545x39tracer x1 at the trader "Attachments (Oliver [#STR_EXPANSION_MARKET_TRADER_ATTACHMENTS])" in market zone "OUTLIVE Trader" (pos=<4291.589844, 25.247801, 4162.500000>) and got 6.
12:46:29 [Market] Player "Casper" (id=S9XeA0hkzh0BuQ40IZp9f43dJV0cx5VEKx2whZkh39A=) has send a requested to sell ammo_545x39tracer x1 at the trader "Attachments (Oliver [#STR_EXPANSION_MARKET_TRADER_ATTACHMENTS])" in market zone "OUTLIVE Trader" (pos=<4291.589844, 25.247801, 4162.500000>).
12:46:29 [Market] Player "Casper" (id=S9XeA0hkzh0BuQ40IZp9f43dJV0cx5VEKx2whZkh39A=) has sold ammo_545x39tracer x1 at the trader "Attachments (Oliver [#STR_EXPANSION_MARKET_TRADER_ATTACHMENTS])" in market zone "OUTLIVE Trader" (pos=<4291.589844, 25.247801, 4162.500000>) and got 6.
12:46:29 [Market] Player "Casper" (id=S9XeA0hkzh0BuQ40IZp9f43dJV0cx5VEKx2whZkh39A=) has send a requested to sell ammo_545x39tracer x1 at the trader "Attachments (Oliver [#STR_EXPANSION_MARKET_TRADER_ATTACHMENTS])" in market zone "OUTLIVE Trader" (pos=<4291.589844, 25.247801, 4162.500000>).
12:46:29 [Market] Player "Casper" (id=S9XeA0hkzh0BuQ40IZp9f43dJV0cx5VEKx2whZkh39A=) has sold ammo_545x39tracer x1 at the trader "Attachments (Oliver [#STR_EXPANSION_MARKET_TRADER_ATTACHMENTS])" in market zone "OUTLIVE Trader" (pos=<4291.589844, 25.247801, 4162.500000>) and got 6.
12:46:29 [Market] Player "Casper" (id=S9XeA0hkzh0BuQ40IZp9f43dJV0cx5VEKx2whZkh39A=) has send a requested to sell ammo_545x39tracer x1 at the trader "Attachments (Oliver [#STR_EXPANSION_MARKET_TRADER_ATTACHMENTS])" in market zone "OUTLIVE Trader" (pos=<4291.589844, 25.247801, 4162.500000>).
12:46:29 [Market] Player "Casper" (id=S9XeA0hkzh0BuQ40IZp9f43dJV0cx5VEKx2whZkh39A=) has sold ammo_545x39tracer x1 at the trader "Attachments (Oliver [#STR_EXPANSION_MARKET_TRADER_ATTACHMENTS])" in market zone "OUTLIVE Trader" (pos=<4291.589844, 25.247801, 4162.500000>) and got 6.
12:46:29 [Market] Player "Casper" (id=S9XeA0hkzh0BuQ40IZp9f43dJV0cx5VEKx2whZkh39A=) has send a requested to sell ammo_545x39tracer x1 at the trader "Attachments (Oliver [#STR_EXPANSION_MARKET_TRADER_ATTACHMENTS])" in market zone "OUTLIVE Trader" (pos=<4291.589844, 25.247801, 4162.500000>).
12:46:29 [Market] Player "Casper" (id=S9XeA0hkzh0BuQ40IZp9f43dJV0cx5VEKx2whZkh39A=) has sold ammo_545x39tracer x1 at the trader "Attachments (Oliver [#STR_EXPANSION_MARKET_TRADER_ATTACHMENTS])" in market zone "OUTLIVE Trader" (pos=<4291.589844, 25.247801, 4162.500000>) and got 6.
12:46:30 [Market] Player "Casper" (id=S9XeA0hkzh0BuQ40IZp9f43dJV0cx5VEKx2whZkh39A=) has send a requested to sell ammo_545x39tracer x1 at the trader "Attachments (Oliver [#STR_EXPANSION_MARKET_TRADER_ATTACHMENTS])" in market zone "OUTLIVE Trader" (pos=<4291.589844, 25.247801, 4162.500000>).
12:46:30 [Market] Player "Casper" (id=S9XeA0hkzh0BuQ40IZp9f43dJV0cx5VEKx2whZkh39A=) has sold ammo_545x39tracer x1 at the trader "Attachments (Oliver [#STR_EXPANSION_MARKET_TRADER_ATTACHMENTS])" in market zone "OUTLIVE Trader" (pos=<4291.589844, 25.247801, 4162.500000>) and got 6.
12:46:30 [Market] Player "Casper" (id=S9XeA0hkzh0BuQ40IZp9f43dJV0cx5VEKx2whZkh39A=) has send a requested to sell ammo_545x39tracer x1 at the trader "Attachments (Oliver [#STR_EXPANSION_MARKET_TRADER_ATTACHMENTS])" in market zone "OUTLIVE Trader" (pos=<4291.589844, 25.247801, 4162.500000>).
12:46:30 [Market] Player "Casper" (id=S9XeA0hkzh0BuQ40IZp9f43dJV0cx5VEKx2whZkh39A=) has sold ammo_545x39tracer x1 at the trader "Attachments (Oliver [#STR_EXPANSION_MARKET_TRADER_ATTACHMENTS])" in market zone "OUTLIVE Trader" (pos=<4291.589844, 25.247801, 4162.500000>) and got 6.
12:46:30 [Market] Player "Casper" (id=S9XeA0hkzh0BuQ40IZp9f43dJV0cx5VEKx2whZkh39A=) has send a requested to sell ammo_545x39tracer x1 at the trader "Attachments (Oliver [#STR_EXPANSION_MARKET_TRADER_ATTACHMENTS])" in market zone "OUTLIVE Trader" (pos=<4291.589844, 25.247801, 4162.500000>).
12:46:30 [Market] Player "Casper" (id=S9XeA0hkzh0BuQ40IZp9f43dJV0cx5VEKx2whZkh39A=) has sold ammo_545x39tracer x1 at the trader "Attachments (Oliver [#STR_EXPANSION_MARKET_TRADER_ATTACHMENTS])" in market zone "OUTLIVE Trader" (pos=<4291.589844, 25.247801, 4162.500000>) and got 6.
12:46:30 [Market] Player "Casper" (id=S9XeA0hkzh0BuQ40IZp9f43dJV0cx5VEKx2whZkh39A=) has send a requested to sell ammo_545x39tracer x1 at the trader "Attachments (Oliver [#STR_EXPANSION_MARKET_TRADER_ATTACHMENTS])" in market zone "OUTLIVE Trader" (pos=<4291.589844, 25.247801, 4162.500000>).
12:46:30 [Market] Player "Casper" (id=S9XeA0hkzh0BuQ40IZp9f43dJV0cx5VEKx2whZkh39A=) has sold ammo_545x39tracer x1 at the trader "Attachments (Oliver [#STR_EXPANSION_MARKET_TRADER_ATTACHMENTS])" in market zone "OUTLIVE Trader" (pos=<4291.589844, 25.247801, 4162.500000>) and got 6.
12:46:30 [Market] Player "Casper" (id=S9XeA0hkzh0BuQ40IZp9f43dJV0cx5VEKx2whZkh39A=) has send a requested to sell ammo_545x39tracer x1 at the trader "Attachments (Oliver [#STR_EXPANSION_MARKET_TRADER_ATTACHMENTS])" in market zone "OUTLIVE Trader" (pos=<4291.589844, 25.247801, 4162.500000>).
12:46:30 [Market] Player "Casper" (id=S9XeA0hkzh0BuQ40IZp9f43dJV0cx5VEKx2whZkh39A=) has sold ammo_545x39tracer x1 at the trader "Attachments (Oliver [#STR_EXPANSION_MARKET_TRADER_ATTACHMENTS])" in market zone "OUTLIVE Trader" (pos=<4291.589844, 25.247801, 4162.500000>) and got 6.
12:46:31 [Market] Player "Casper" (id=S9XeA0hkzh0BuQ40IZp9f43dJV0cx5VEKx2whZkh39A=) has send a requested to sell ammo_545x39tracer x1 at the trader "Attachments (Oliver [#STR_EXPANSION_MARKET_TRADER_ATTACHMENTS])" in market zone "OUTLIVE Trader" (pos=<4291.589844, 25.247801, 4162.500000>).
12:46:31 [Market] Player "Casper" (id=S9XeA0hkzh0BuQ40IZp9f43dJV0cx5VEKx2whZkh39A=) has sold ammo_545x39tracer x1 at the trader "Attachments (Oliver [#STR_EXPANSION_MARKET_TRADER_ATTACHMENTS])" in market zone "OUTLIVE Trader" (pos=<4291.589844, 25.247801, 4162.500000>) and got 6.
12:46:31 [Market] Player "Casper" (id=S9XeA0hkzh0BuQ40IZp9f43dJV0cx5VEKx2whZkh39A=) has send a requested to sell ammo_545x39tracer x1 at the trader "Attachments (Oliver [#STR_EXPANSION_MARKET_TRADER_ATTACHMENTS])" in market zone "OUTLIVE Trader" (pos=<4291.589844, 25.247801, 4162.500000>).
12:46:31 [Market] Player "Casper" (id=S9XeA0hkzh0BuQ40IZp9f43dJV0cx5VEKx2whZkh39A=) has sold ammo_545x39tracer x1 at the trader "Attachments (Oliver [#STR_EXPANSION_MARKET_TRADER_ATTACHMENTS])" in market zone "OUTLIVE Trader" (pos=<4291.589844, 25.247801, 4162.500000>) and got 6.
12:46:31 [Market] Player "Casper" (id=S9XeA0hkzh0BuQ40IZp9f43dJV0cx5VEKx2whZkh39A=) has send a requested to sell ammo_545x39tracer x1 at the trader "Attachments (Oliver [#STR_EXPANSION_MARKET_TRADER_ATTACHMENTS])" in market zone "OUTLIVE Trader" (pos=<4291.589844, 25.247801, 4162.500000>).
12:46:31 [Market] Player "Casper" (id=S9XeA0hkzh0BuQ40IZp9f43dJV0cx5VEKx2whZkh39A=) has sold ammo_545x39tracer x1 at the trader "Attachments (Oliver [#STR_EXPANSION_MARKET_TRADER_ATTACHMENTS])" in market zone "OUTLIVE Trader" (pos=<4291.589844, 25.247801, 4162.500000>) and got 6.
12:46:31 [Market] Player "Casper" (id=S9XeA0hkzh0BuQ40IZp9f43dJV0cx5VEKx2whZkh39A=) has send a requested to sell ammo_545x39tracer x1 at the trader "Attachments (Oliver [#STR_EXPANSION_MARKET_TRADER_ATTACHMENTS])" in market zone "OUTLIVE Trader" (pos=<4291.589844, 25.247801, 4162.500000>).
12:46:31 [Market] Player "Casper" (id=S9XeA0hkzh0BuQ40IZp9f43dJV0cx5VEKx2whZkh39A=) has sold ammo_545x39tracer x1 at the trader "Attachments (Oliver [#STR_EXPANSION_MARKET_TRADER_ATTACHMENTS])" in market zone "OUTLIVE Trader" (pos=<4291.589844, 25.247801, 4162.500000>) and got 6.
12:46:31 [Market] Player "Casper" (id=S9XeA0hkzh0BuQ40IZp9f43dJV0cx5VEKx2whZkh39A=) has send a requested to sell ammo_545x39tracer x1 at the trader "Attachments (Oliver [#STR_EXPANSION_MARKET_TRADER_ATTACHMENTS])" in market zone "OUTLIVE Trader" (pos=<4291.589844, 25.247801, 4162.500000>).
12:46:31 [Market] Player "Casper" (id=S9XeA0hkzh0BuQ40IZp9f43dJV0cx5VEKx2whZkh39A=) has sold ammo_545x39tracer x1 at the trader "Attachments (Oliver [#STR_EXPANSION_MARKET_TRADER_ATTACHMENTS])" in market zone "OUTLIVE Trader" (pos=<4291.589844, 25.247801, 4162.500000>) and got 6.
12:46:31 [Market] Player "Casper" (id=S9XeA0hkzh0BuQ40IZp9f43dJV0cx5VEKx2whZkh39A=) has send a requested to sell ammo_545x39tracer x1 at the trader "Attachments (Oliver [#STR_EXPANSION_MARKET_TRADER_ATTACHMENTS])" in market zone "OUTLIVE Trader" (pos=<4291.589844, 25.247801, 4162.500000>).
12:46:32 [Market] Player "Casper" (id=S9XeA0hkzh0BuQ40IZp9f43dJV0cx5VEKx2whZkh39A=) has sold ammo_545x39tracer x1 at the trader "Attachments (Oliver [#STR_EXPANSION_MARKET_TRADER_ATTACHMENTS])" in market zone "OUTLIVE Trader" (pos=<4291.589844, 25.247801, 4162.500000>) and got 6.
12:46:32 [Market] Player "Casper" (id=S9XeA0hkzh0BuQ40IZp9f43dJV0cx5VEKx2whZkh39A=) has send a requested to sell ammo_545x39tracer x1 at the trader "Attachments (Oliver [#STR_EXPANSION_MARKET_TRADER_ATTACHMENTS])" in market zone "OUTLIVE Trader" (pos=<4291.589844, 25.247801, 4162.500000>).
12:46:32 [Market] Player "Casper" (id=S9XeA0hkzh0BuQ40IZp9f43dJV0cx5VEKx2whZkh39A=) has sold ammo_545x39tracer x1 at the trader "Attachments (Oliver [#STR_EXPANSION_MARKET_TRADER_ATTACHMENTS])" in market zone "OUTLIVE Trader" (pos=<4291.589844, 25.247801, 4162.500000>) and got 6.
12:46:32 [Market] Player "Casper" (id=S9XeA0hkzh0BuQ40IZp9f43dJV0cx5VEKx2whZkh39A=) has send a requested to sell ammo_545x39tracer x1 at the trader "Attachments (Oliver [#STR_EXPANSION_MARKET_TRADER_ATTACHMENTS])" in market zone "OUTLIVE Trader" (pos=<4291.589844, 25.247801, 4162.500000>).
12:46:32 [Market] Player "Casper" (id=S9XeA0hkzh0BuQ40IZp9f43dJV0cx5VEKx2whZkh39A=) has sold ammo_545x39tracer x1 at the trader "Attachments (Oliver [#STR_EXPANSION_MARKET_TRADER_ATTACHMENTS])" in market zone "OUTLIVE Trader" (pos=<4291.589844, 25.247801, 4162.500000>) and got 6.
12:46:32 [Market] Player "Casper" (id=S9XeA0hkzh0BuQ40IZp9f43dJV0cx5VEKx2whZkh39A=) has send a requested to sell ammo_545x39tracer x1 at the trader "Attachments (Oliver [#STR_EXPANSION_MARKET_TRADER_ATTACHMENTS])" in market zone "OUTLIVE Trader" (pos=<4291.589844, 25.247801, 4162.500000>).
12:46:32 [Market] Player "Casper" (id=S9XeA0hkzh0BuQ40IZp9f43dJV0cx5VEKx2whZkh39A=) has sold ammo_545x39tracer x1 at the trader "Attachments (Oliver [#STR_EXPANSION_MARKET_TRADER_ATTACHMENTS])" in market zone "OUTLIVE Trader" (pos=<4291.589844, 25.247801, 4162.500000>) and got 6.
12:46:32 [Market] Player "Casper" (id=S9XeA0hkzh0BuQ40IZp9f43dJV0cx5VEKx2whZkh39A=) has send a requested to sell ammo_545x39tracer x1 at the trader "Attachments (Oliver [#STR_EXPANSION_MARKET_TRADER_ATTACHMENTS])" in market zone "OUTLIVE Trader" (pos=<4291.589844, 25.247801, 4162.500000>).
12:46:32 [Market] Player "Casper" (id=S9XeA0hkzh0BuQ40IZp9f43dJV0cx5VEKx2whZkh39A=) has sold ammo_545x39tracer x1 at the trader "Attachments (Oliver [#STR_EXPANSION_MARKET_TRADER_ATTACHMENTS])" in market zone "OUTLIVE Trader" (pos=<4291.589844, 25.247801, 4162.500000>) and got 6.
12:46:32 [Market] Player "Casper" (id=S9XeA0hkzh0BuQ40IZp9f43dJV0cx5VEKx2whZkh39A=) has send a requested to sell ammo_545x39tracer x1 at the trader "Attachments (Oliver [#STR_EXPANSION_MARKET_TRADER_ATTACHMENTS])" in market zone "OUTLIVE Trader" (pos=<4291.589844, 25.247801, 4162.500000>).
12:46:33 [Market] Player "Casper" (id=S9XeA0hkzh0BuQ40IZp9f43dJV0cx5VEKx2whZkh39A=) has sold ammo_545x39tracer x1 at the trader "Attachments (Oliver [#STR_EXPANSION_MARKET_TRADER_ATTACHMENTS])" in market zone "OUTLIVE Trader" (pos=<4291.589844, 25.247801, 4162.500000>) and got 6.
12:46:33 [Market] Player "Casper" (id=S9XeA0hkzh0BuQ40IZp9f43dJV0cx5VEKx2whZkh39A=) has send a requested to sell ammo_545x39tracer x1 at the trader "Attachments (Oliver [#STR_EXPANSION_MARKET_TRADER_ATTACHMENTS])" in market zone "OUTLIVE Trader" (pos=<4291.589844, 25.247801, 4162.500000>).
12:46:33 [Market] Player "Casper" (id=S9XeA0hkzh0BuQ40IZp9f43dJV0cx5VEKx2whZkh39A=) has sold ammo_545x39tracer x1 at the trader "Attachments (Oliver [#STR_EXPANSION_MARKET_TRADER_ATTACHMENTS])" in market zone "OUTLIVE Trader" (pos=<4291.589844, 25.247801, 4162.500000>) and got 6.
12:46:33 [Market] Player "Casper" (id=S9XeA0hkzh0BuQ40IZp9f43dJV0cx5VEKx2whZkh39A=) has send a requested to sell ammo_545x39tracer x1 at the trader "Attachments (Oliver [#STR_EXPANSION_MARKET_TRADER_ATTACHMENTS])" in market zone "OUTLIVE Trader" (pos=<4291.589844, 25.247801, 4162.500000>).
12:46:33 [Market] Player "Casper" (id=S9XeA0hkzh0BuQ40IZp9f43dJV0cx5VEKx2whZkh39A=) has sold ammo_545x39tracer x1 at the trader "Attachments (Oliver [#STR_EXPANSION_MARKET_TRADER_ATTACHMENTS])" in market zone "OUTLIVE Trader" (pos=<4291.589844, 25.247801, 4162.500000>) and got 6.
12:46:34 [Market] Player "Casper" (id=S9XeA0hkzh0BuQ40IZp9f43dJV0cx5VEKx2whZkh39A=) has send a requested to sell ammo_545x39tracer x1 at the trader "Attachments (Oliver [#STR_EXPANSION_MARKET_TRADER_ATTACHMENTS])" in market zone "OUTLIVE Trader" (pos=<4291.589844, 25.247801, 4162.500000>).
12:46:34 [Market] Player "Casper" (id=S9XeA0hkzh0BuQ40IZp9f43dJV0cx5VEKx2whZkh39A=) has sold ammo_545x39tracer x1 at the trader "Attachments (Oliver [#STR_EXPANSION_MARKET_TRADER_ATTACHMENTS])" in market zone "OUTLIVE Trader" (pos=<4291.589844, 25.247801, 4162.500000>) and got 6.
12:46:35 [Market] Player "Casper" (id=S9XeA0hkzh0BuQ40IZp9f43dJV0cx5VEKx2whZkh39A=) has send a requested to sell ammo_9x39 x1 at the trader "Attachments (Oliver [#STR_EXPANSION_MARKET_TRADER_ATTACHMENTS])" in market zone "OUTLIVE Trader" (pos=<4291.589844, 25.247801, 4162.500000>).
12:46:35 [Market] Player "Casper" (id=S9XeA0hkzh0BuQ40IZp9f43dJV0cx5VEKx2whZkh39A=) has sold ammo_9x39 x1 at the trader "Attachments (Oliver [#STR_EXPANSION_MARKET_TRADER_ATTACHMENTS])" in market zone "OUTLIVE Trader" (pos=<4291.589844, 25.247801, 4162.500000>) and got 4.
12:46:36 [Market] Player "Casper" (id=S9XeA0hkzh0BuQ40IZp9f43dJV0cx5VEKx2whZkh39A=) has send a requested to sell ammo_9x39 x1 at the trader "Attachments (Oliver [#STR_EXPANSION_MARKET_TRADER_ATTACHMENTS])" in market zone "OUTLIVE Trader" (pos=<4291.589844, 25.247801, 4162.500000>).
12:46:36 [Market] Player "Casper" (id=S9XeA0hkzh0BuQ40IZp9f43dJV0cx5VEKx2whZkh39A=) has sold ammo_9x39 x1 at the trader "Attachments (Oliver [#STR_EXPANSION_MARKET_TRADER_ATTACHMENTS])" in market zone "OUTLIVE Trader" (pos=<4291.589844, 25.247801, 4162.500000>) and got 4.
12:46:36 [Market] Player "Casper" (id=S9XeA0hkzh0BuQ40IZp9f43dJV0cx5VEKx2whZkh39A=) has send a requested to sell ammo_9x39 x1 at the trader "Attachments (Oliver [#STR_EXPANSION_MARKET_TRADER_ATTACHMENTS])" in market zone "OUTLIVE Trader" (pos=<4291.589844, 25.247801, 4162.500000>).
12:46:36 [Market] Player "Casper" (id=S9XeA0hkzh0BuQ40IZp9f43dJV0cx5VEKx2whZkh39A=) has sold ammo_9x39 x1 at the trader "Attachments (Oliver [#STR_EXPANSION_MARKET_TRADER_ATTACHMENTS])" in market zone "OUTLIVE Trader" (pos=<4291.589844, 25.247801, 4162.500000>) and got 4.
12:46:36 [Market] Player "Casper" (id=S9XeA0hkzh0BuQ40IZp9f43dJV0cx5VEKx2whZkh39A=) has send a requested to sell ammo_9x39 x1 at the trader "Attachments (Oliver [#STR_EXPANSION_MARKET_TRADER_ATTACHMENTS])" in market zone "OUTLIVE Trader" (pos=<4291.589844, 25.247801, 4162.500000>).
12:46:36 [Market] Player "Casper" (id=S9XeA0hkzh0BuQ40IZp9f43dJV0cx5VEKx2whZkh39A=) has sold ammo_9x39 x1 at the trader "Attachments (Oliver [#STR_EXPANSION_MARKET_TRADER_ATTACHMENTS])" in market zone "OUTLIVE Trader" (pos=<4291.589844, 25.247801, 4162.500000>) and got 4.
12:46:36 [Market] Player "Casper" (id=S9XeA0hkzh0BuQ40IZp9f43dJV0cx5VEKx2whZkh39A=) has send a requested to sell ammo_9x39 x1 at the trader "Attachments (Oliver [#STR_EXPANSION_MARKET_TRADER_ATTACHMENTS])" in market zone "OUTLIVE Trader" (pos=<4291.589844, 25.247801, 4162.500000>).
12:46:36 [Market] Player "Casper" (id=S9XeA0hkzh0BuQ40IZp9f43dJV0cx5VEKx2whZkh39A=) has sold ammo_9x39 x1 at the trader "Attachments (Oliver [#STR_EXPANSION_MARKET_TRADER_ATTACHMENTS])" in market zone "OUTLIVE Trader" (pos=<4291.589844, 25.247801, 4162.500000>) and got 4.
12:46:36 [Market] Player "Casper" (id=S9XeA0hkzh0BuQ40IZp9f43dJV0cx5VEKx2whZkh39A=) has send a requested to sell ammo_9x39 x1 at the trader "Attachments (Oliver [#STR_EXPANSION_MARKET_TRADER_ATTACHMENTS])" in market zone "OUTLIVE Trader" (pos=<4291.589844, 25.247801, 4162.500000>).
12:46:36 [Market] Player "Casper" (id=S9XeA0hkzh0BuQ40IZp9f43dJV0cx5VEKx2whZkh39A=) has sold ammo_9x39 x1 at the trader "Attachments (Oliver [#STR_EXPANSION_MARKET_TRADER_ATTACHMENTS])" in market zone "OUTLIVE Trader" (pos=<4291.589844, 25.247801, 4162.500000>) and got 4.
12:46:36 [Market] Player "Casper" (id=S9XeA0hkzh0BuQ40IZp9f43dJV0cx5VEKx2whZkh39A=) has send a requested to sell ammo_9x39 x1 at the trader "Attachments (Oliver [#STR_EXPANSION_MARKET_TRADER_ATTACHMENTS])" in market zone "OUTLIVE Trader" (pos=<4291.589844, 25.247801, 4162.500000>).
12:46:37 [Market] Player "Casper" (id=S9XeA0hkzh0BuQ40IZp9f43dJV0cx5VEKx2whZkh39A=) has sold ammo_9x39 x1 at the trader "Attachments (Oliver [#STR_EXPANSION_MARKET_TRADER_ATTACHMENTS])" in market zone "OUTLIVE Trader" (pos=<4291.589844, 25.247801, 4162.500000>) and got 4.
12:46:37 [Market] Player "Casper" (id=S9XeA0hkzh0BuQ40IZp9f43dJV0cx5VEKx2whZkh39A=) has send a requested to sell ammo_9x39 x1 at the trader "Attachments (Oliver [#STR_EXPANSION_MARKET_TRADER_ATTACHMENTS])" in market zone "OUTLIVE Trader" (pos=<4291.589844, 25.247801, 4162.500000>).
12:46:37 [Market] Player "Casper" (id=S9XeA0hkzh0BuQ40IZp9f43dJV0cx5VEKx2whZkh39A=) has sold ammo_9x39 x1 at the trader "Attachments (Oliver [#STR_EXPANSION_MARKET_TRADER_ATTACHMENTS])" in market zone "OUTLIVE Trader" (pos=<4291.589844, 25.247801, 4162.500000>) and got 4.
12:46:37 [Market] Player "Casper" (id=S9XeA0hkzh0BuQ40IZp9f43dJV0cx5VEKx2whZkh39A=) has send a requested to sell ammo_9x39 x1 at the trader "Attachments (Oliver [#STR_EXPANSION_MARKET_TRADER_ATTACHMENTS])" in market zone "OUTLIVE Trader" (pos=<4291.589844, 25.247801, 4162.500000>).
12:46:37 [Market] Player "Casper" (id=S9XeA0hkzh0BuQ40IZp9f43dJV0cx5VEKx2whZkh39A=) has sold ammo_9x39 x1 at the trader "Attachments (Oliver [#STR_EXPANSION_MARKET_TRADER_ATTACHMENTS])" in market zone "OUTLIVE Trader" (pos=<4291.589844, 25.247801, 4162.500000>) and got 4.
12:46:37 [Market] Player "Casper" (id=S9XeA0hkzh0BuQ40IZp9f43dJV0cx5VEKx2whZkh39A=) has send a requested to sell ammo_9x39 x1 at the trader "Attachments (Oliver [#STR_EXPANSION_MARKET_TRADER_ATTACHMENTS])" in market zone "OUTLIVE Trader" (pos=<4291.589844, 25.247801, 4162.500000>).
12:46:37 [Market] Player "Casper" (id=S9XeA0hkzh0BuQ40IZp9f43dJV0cx5VEKx2whZkh39A=) has sold ammo_9x39 x1 at the trader "Attachments (Oliver [#STR_EXPANSION_MARKET_TRADER_ATTACHMENTS])" in market zone "OUTLIVE Trader" (pos=<4291.589844, 25.247801, 4162.500000>) and got 4.
12:46:37 [Market] Player "Casper" (id=S9XeA0hkzh0BuQ40IZp9f43dJV0cx5VEKx2whZkh39A=) has send a requested to sell ammo_9x39 x1 at the trader "Attachments (Oliver [#STR_EXPANSION_MARKET_TRADER_ATTACHMENTS])" in market zone "OUTLIVE Trader" (pos=<4291.589844, 25.247801, 4162.500000>).
12:46:37 [Market] Player "Casper" (id=S9XeA0hkzh0BuQ40IZp9f43dJV0cx5VEKx2whZkh39A=) has sold ammo_9x39 x1 at the trader "Attachments (Oliver [#STR_EXPANSION_MARKET_TRADER_ATTACHMENTS])" in market zone "OUTLIVE Trader" (pos=<4291.589844, 25.247801, 4162.500000>) and got 4.
12:46:38 [Market] Player "Casper" (id=S9XeA0hkzh0BuQ40IZp9f43dJV0cx5VEKx2whZkh39A=) has send a requested to sell ammo_9x39 x1 at the trader "Attachments (Oliver [#STR_EXPANSION_MARKET_TRADER_ATTACHMENTS])" in market zone "OUTLIVE Trader" (pos=<4291.589844, 25.247801, 4162.500000>).
12:46:38 [Market] Player "Casper" (id=S9XeA0hkzh0BuQ40IZp9f43dJV0cx5VEKx2whZkh39A=) has sold ammo_9x39 x1 at the trader "Attachments (Oliver [#STR_EXPANSION_MARKET_TRADER_ATTACHMENTS])" in market zone "OUTLIVE Trader" (pos=<4291.589844, 25.247801, 4162.500000>) and got 4.
12:46:38 [Market] Player "Casper" (id=S9XeA0hkzh0BuQ40IZp9f43dJV0cx5VEKx2whZkh39A=) has send a requested to sell ammo_9x39 x1 at the trader "Attachments (Oliver [#STR_EXPANSION_MARKET_TRADER_ATTACHMENTS])" in market zone "OUTLIVE Trader" (pos=<4291.589844, 25.247801, 4162.500000>).
12:46:38 [Market] Player "Casper" (id=S9XeA0hkzh0BuQ40IZp9f43dJV0cx5VEKx2whZkh39A=) has sold ammo_9x39 x1 at the trader "Attachments (Oliver [#STR_EXPANSION_MARKET_TRADER_ATTACHMENTS])" in market zone "OUTLIVE Trader" (pos=<4291.589844, 25.247801, 4162.500000>) and got 4.
12:46:38 [Market] Player "Casper" (id=S9XeA0hkzh0BuQ40IZp9f43dJV0cx5VEKx2whZkh39A=) has send a requested to sell ammo_9x39 x1 at the trader "Attachments (Oliver [#STR_EXPANSION_MARKET_TRADER_ATTACHMENTS])" in market zone "OUTLIVE Trader" (pos=<4291.589844, 25.247801, 4162.500000>).
12:46:38 [Market] Player "Casper" (id=S9XeA0hkzh0BuQ40IZp9f43dJV0cx5VEKx2whZkh39A=) has sold ammo_9x39 x1 at the trader "Attachments (Oliver [#STR_EXPANSION_MARKET_TRADER_ATTACHMENTS])" in market zone "OUTLIVE Trader" (pos=<4291.589844, 25.247801, 4162.500000>) and got 4.
12:46:38 [Market] Player "Casper" (id=S9XeA0hkzh0BuQ40IZp9f43dJV0cx5VEKx2whZkh39A=) has send a requested to sell ammo_9x39 x1 at the trader "Attachments (Oliver [#STR_EXPANSION_MARKET_TRADER_ATTACHMENTS])" in market zone "OUTLIVE Trader" (pos=<4291.589844, 25.247801, 4162.500000>).
12:46:38 [Market] Player "Casper" (id=S9XeA0hkzh0BuQ40IZp9f43dJV0cx5VEKx2whZkh39A=) has sold ammo_9x39 x1 at the trader "Attachments (Oliver [#STR_EXPANSION_MARKET_TRADER_ATTACHMENTS])" in market zone "OUTLIVE Trader" (pos=<4291.589844, 25.247801, 4162.500000>) and got 4.
12:46:38 [Market] Player "Casper" (id=S9XeA0hkzh0BuQ40IZp9f43dJV0cx5VEKx2whZkh39A=) has send a requested to sell ammo_9x39 x1 at the trader "Attachments (Oliver [#STR_EXPANSION_MARKET_TRADER_ATTACHMENTS])" in market zone "OUTLIVE Trader" (pos=<4291.589844, 25.247801, 4162.500000>).
12:46:38 [Market] Player "Casper" (id=S9XeA0hkzh0BuQ40IZp9f43dJV0cx5VEKx2whZkh39A=) has sold ammo_9x39 x1 at the trader "Attachments (Oliver [#STR_EXPANSION_MARKET_TRADER_ATTACHMENTS])" in market zone "OUTLIVE Trader" (pos=<4291.589844, 25.247801, 4162.500000>) and got 4.
12:46:38 [Market] Player "Casper" (id=S9XeA0hkzh0BuQ40IZp9f43dJV0cx5VEKx2whZkh39A=) has send a requested to sell ammo_9x39 x1 at the trader "Attachments (Oliver [#STR_EXPANSION_MARKET_TRADER_ATTACHMENTS])" in market zone "OUTLIVE Trader" (pos=<4291.589844, 25.247801, 4162.500000>).
12:46:39 [Market] Player "Casper" (id=S9XeA0hkzh0BuQ40IZp9f43dJV0cx5VEKx2whZkh39A=) has sold ammo_9x39 x1 at the trader "Attachments (Oliver [#STR_EXPANSION_MARKET_TRADER_ATTACHMENTS])" in market zone "OUTLIVE Trader" (pos=<4291.589844, 25.247801, 4162.500000>) and got 4.
12:46:39 [Market] Player "Casper" (id=S9XeA0hkzh0BuQ40IZp9f43dJV0cx5VEKx2whZkh39A=) has send a requested to sell ammo_9x39 x1 at the trader "Attachments (Oliver [#STR_EXPANSION_MARKET_TRADER_ATTACHMENTS])" in market zone "OUTLIVE Trader" (pos=<4291.589844, 25.247801, 4162.500000>).
12:46:39 [Market] Player "Casper" (id=S9XeA0hkzh0BuQ40IZp9f43dJV0cx5VEKx2whZkh39A=) has sold ammo_9x39 x1 at the trader "Attachments (Oliver [#STR_EXPANSION_MARKET_TRADER_ATTACHMENTS])" in market zone "OUTLIVE Trader" (pos=<4291.589844, 25.247801, 4162.500000>) and got 4.
12:46:39 [Market] Player "Casper" (id=S9XeA0hkzh0BuQ40IZp9f43dJV0cx5VEKx2whZkh39A=) has send a requested to sell ammo_9x39 x1 at the trader "Attachments (Oliver [#STR_EXPANSION_MARKET_TRADER_ATTACHMENTS])" in market zone "OUTLIVE Trader" (pos=<4291.589844, 25.247801, 4162.500000>).
12:46:39 [Market] Player "Casper" (id=S9XeA0hkzh0BuQ40IZp9f43dJV0cx5VEKx2whZkh39A=) has sold ammo_9x39 x1 at the trader "Attachments (Oliver [#STR_EXPANSION_MARKET_TRADER_ATTACHMENTS])" in market zone "OUTLIVE Trader" (pos=<4291.589844, 25.247801, 4162.500000>) and got 4.
12:46:39 [Market] Player "Casper" (id=S9XeA0hkzh0BuQ40IZp9f43dJV0cx5VEKx2whZkh39A=) has send a requested to sell ammo_9x39 x1 at the trader "Attachments (Oliver [#STR_EXPANSION_MARKET_TRADER_ATTACHMENTS])" in market zone "OUTLIVE Trader" (pos=<4291.589844, 25.247801, 4162.500000>).
12:46:39 [Market] Player "Casper" (id=S9XeA0hkzh0BuQ40IZp9f43dJV0cx5VEKx2whZkh39A=) has sold ammo_9x39 x1 at the trader "Attachments (Oliver [#STR_EXPANSION_MARKET_TRADER_ATTACHMENTS])" in market zone "OUTLIVE Trader" (pos=<4291.589844, 25.247801, 4162.500000>) and got 4.
12:46:39 [Market] Player "Casper" (id=S9XeA0hkzh0BuQ40IZp9f43dJV0cx5VEKx2whZkh39A=) has send a requested to sell ammo_9x39 x1 at the trader "Attachments (Oliver [#STR_EXPANSION_MARKET_TRADER_ATTACHMENTS])" in market zone "OUTLIVE Trader" (pos=<4291.589844, 25.247801, 4162.500000>).
12:46:40 [Market] Player "Casper" (id=S9XeA0hkzh0BuQ40IZp9f43dJV0cx5VEKx2whZkh39A=) has sold ammo_9x39 x1 at the trader "Attachments (Oliver [#STR_EXPANSION_MARKET_TRADER_ATTACHMENTS])" in market zone "OUTLIVE Trader" (pos=<4291.589844, 25.247801, 4162.500000>) and got 4.
12:46:40 [Market] Player "Casper" (id=S9XeA0hkzh0BuQ40IZp9f43dJV0cx5VEKx2whZkh39A=) has send a requested to sell ammo_9x39 x1 at the trader "Attachments (Oliver [#STR_EXPANSION_MARKET_TRADER_ATTACHMENTS])" in market zone "OUTLIVE Trader" (pos=<4291.589844, 25.247801, 4162.500000>).
12:46:40 [Market] Player "Casper" (id=S9XeA0hkzh0BuQ40IZp9f43dJV0cx5VEKx2whZkh39A=) has sold ammo_9x39 x1 at the trader "Attachments (Oliver [#STR_EXPANSION_MARKET_TRADER_ATTACHMENTS])" in market zone "OUTLIVE Trader" (pos=<4291.589844, 25.247801, 4162.500000>) and got 4.
12:46:57 [Market] Player "Casper" (id=S9XeA0hkzh0BuQ40IZp9f43dJV0cx5VEKx2whZkh39A=) has send a requested to purchase sewingkit x1 from the trader "Clothing (Linda [#STR_EXPANSION_MARKET_TRADER_CLOTHING])" in market zone "OUTLIVE Trader" (pos=<4291.589844, 25.247801, 4162.500000>).
12:46:58 [Market] Player "Casper" (id=S9XeA0hkzh0BuQ40IZp9f43dJV0cx5VEKx2whZkh39A=) has bought sewingkit x1 from the trader "Clothing (Linda [#STR_EXPANSION_MARKET_TRADER_CLOTHING])" in market zone "OUTLIVE Trader" (pos=<4291.589844, 25.247801, 4162.500000>) for a price of 500.
12:47:44 [Chat - Global]("Merky"(id=UNCCcxNkOxpXYEONIcz7r5MoVpxPCn0WPblUoNZCURI=)): daju sa tu stavat obycajne dvere ?
12:48:03 [Chat - Global]("Casper"(id=S9XeA0hkzh0BuQ40IZp9f43dJV0cx5VEKx2whZkh39A=)): hele to nevim
12:48:16 [Chat - Global]("Casper"(id=S9XeA0hkzh0BuQ40IZp9f43dJV0cx5VEKx2whZkh39A=)): jeste jsem nic nestavel
12:48:23 [Chat - Global]("Casper"(id=S9XeA0hkzh0BuQ40IZp9f43dJV0cx5VEKx2whZkh39A=)): hraju tu kratce
12:48:31 [Chat - Global]("Merky"(id=UNCCcxNkOxpXYEONIcz7r5MoVpxPCn0WPblUoNZCURI=)): ja tiez no
12:50:37 [Market] Player "Casper" (id=S9XeA0hkzh0BuQ40IZp9f43dJV0cx5VEKx2whZkh39A=) has send a requested to sell crowbar x1 at the trader "BuildingSupplies (Boris [#STR_EXPANSION_MARKET_TRADER_BUILDING_SUPPLIES])" in market zone "OUTLIVE Trader" (pos=<4291.589844, 25.247801, 4162.500000>).
12:50:37 [Market] Player "Casper" (id=S9XeA0hkzh0BuQ40IZp9f43dJV0cx5VEKx2whZkh39A=) has sold crowbar x1 at the trader "BuildingSupplies (Boris [#STR_EXPANSION_MARKET_TRADER_BUILDING_SUPPLIES])" in market zone "OUTLIVE Trader" (pos=<4291.589844, 25.247801, 4162.500000>) and got 300.
12:50:38 [Market] Player "Casper" (id=S9XeA0hkzh0BuQ40IZp9f43dJV0cx5VEKx2whZkh39A=) has send a requested to sell crowbar x1 at the trader "BuildingSupplies (Boris [#STR_EXPANSION_MARKET_TRADER_BUILDING_SUPPLIES])" in market zone "OUTLIVE Trader" (pos=<4291.589844, 25.247801, 4162.500000>).
12:50:38 [Market] Player "Casper" (id=S9XeA0hkzh0BuQ40IZp9f43dJV0cx5VEKx2whZkh39A=) has sold crowbar x1 at the trader "BuildingSupplies (Boris [#STR_EXPANSION_MARKET_TRADER_BUILDING_SUPPLIES])" in market zone "OUTLIVE Trader" (pos=<4291.589844, 25.247801, 4162.500000>) and got 300.
12:50:38 [Market] Player "Casper" (id=S9XeA0hkzh0BuQ40IZp9f43dJV0cx5VEKx2whZkh39A=) has send a requested to sell crowbar x1 at the trader "BuildingSupplies (Boris [#STR_EXPANSION_MARKET_TRADER_BUILDING_SUPPLIES])" in market zone "OUTLIVE Trader" (pos=<4291.589844, 25.247801, 4162.500000>).
12:50:38 [Market] Player "Casper" (id=S9XeA0hkzh0BuQ40IZp9f43dJV0cx5VEKx2whZkh39A=) has sold crowbar x1 at the trader "BuildingSupplies (Boris [#STR_EXPANSION_MARKET_TRADER_BUILDING_SUPPLIES])" in market zone "OUTLIVE Trader" (pos=<4291.589844, 25.247801, 4162.500000>) and got 300.
12:53:32 [Market] Player "Casper" (id=S9XeA0hkzh0BuQ40IZp9f43dJV0cx5VEKx2whZkh39A=) has send a requested to purchase leathersewingkit x1 from the trader "Clothing (Linda [#STR_EXPANSION_MARKET_TRADER_CLOTHING])" in market zone "OUTLIVE Trader" (pos=<4291.589844, 25.247801, 4162.500000>).
12:53:32 [Market] Player "Casper" (id=S9XeA0hkzh0BuQ40IZp9f43dJV0cx5VEKx2whZkh39A=) has bought leathersewingkit x1 from the trader "Clothing (Linda [#STR_EXPANSION_MARKET_TRADER_CLOTHING])" in market zone "OUTLIVE Trader" (pos=<4291.589844, 25.247801, 4162.500000>) for a price of 1000.
12:53:34 [Market] Player "Casper" (id=S9XeA0hkzh0BuQ40IZp9f43dJV0cx5VEKx2whZkh39A=) has send a requested to purchase leathersewingkit x1 from the trader "Clothing (Linda [#STR_EXPANSION_MARKET_TRADER_CLOTHING])" in market zone "OUTLIVE Trader" (pos=<4291.589844, 25.247801, 4162.500000>).
12:53:34 [Market] Player "Casper" (id=S9XeA0hkzh0BuQ40IZp9f43dJV0cx5VEKx2whZkh39A=) has bought leathersewingkit x1 from the trader "Clothing (Linda [#STR_EXPANSION_MARKET_TRADER_CLOTHING])" in market zone "OUTLIVE Trader" (pos=<4291.589844, 25.247801, 4162.500000>) for a price of 1000.
12:53:35 [Market] Player "Casper" (id=S9XeA0hkzh0BuQ40IZp9f43dJV0cx5VEKx2whZkh39A=) has send a requested to purchase sewingkit x1 from the trader "Clothing (Linda [#STR_EXPANSION_MARKET_TRADER_CLOTHING])" in market zone "OUTLIVE Trader" (pos=<4291.589844, 25.247801, 4162.500000>).
12:53:35 [Market] Player "Casper" (id=S9XeA0hkzh0BuQ40IZp9f43dJV0cx5VEKx2whZkh39A=) has bought sewingkit x1 from the trader "Clothing (Linda [#STR_EXPANSION_MARKET_TRADER_CLOTHING])" in market zone "OUTLIVE Trader" (pos=<4291.589844, 25.247801, 4162.500000>) for a price of 500.
12:53:50 [ATM Locker] Player "Casper" (id=S9XeA0hkzh0BuQ40IZp9f43dJV0cx5VEKx2whZkh39A=) has deposited 267 on his ATM account.
13:00:11 [Safezone] Player "Casper" (id=S9XeA0hkzh0BuQ40IZp9f43dJV0cx5VEKx2whZkh39A= pos=<4288.493652, 21.625002, 3964.996826>) Left the safezone
13:09:18 [Chat - Global]("Casper"(id=S9XeA0hkzh0BuQ40IZp9f43dJV0cx5VEKx2whZkh39A=)): tady sou ai u helicrashek?
13:09:26 [Chat - Global]("Merky"(id=UNCCcxNkOxpXYEONIcz7r5MoVpxPCn0WPblUoNZCURI=)): jo
13:09:30 [Chat - Global]("Merky"(id=UNCCcxNkOxpXYEONIcz7r5MoVpxPCn0WPblUoNZCURI=)): celkom prdel
13:09:33 [Chat - Global]("Casper"(id=S9XeA0hkzh0BuQ40IZp9f43dJV0cx5VEKx2whZkh39A=)): do pici sem se lek :D
13:09:41 [Chat - Global]("Casper"(id=S9XeA0hkzh0BuQ40IZp9f43dJV0cx5VEKx2whZkh39A=)): kolik jich tam je
13:09:47 [Chat - Global]("Merky"(id=UNCCcxNkOxpXYEONIcz7r5MoVpxPCn0WPblUoNZCURI=)): vacsinou 2
13:09:49 [Chat - Global]("Merky"(id=UNCCcxNkOxpXYEONIcz7r5MoVpxPCn0WPblUoNZCURI=)): niekedy 1
13:16:33 [Territory] Player "Merky" (id=UNCCcxNkOxpXYEONIcz7r5MoVpxPCn0WPblUoNZCURI=) created territory Lonely Fields at <3921.697754, 41.436020, 2917.861084>
13:17:10 [Chat - Global]("Casper"(id=S9XeA0hkzh0BuQ40IZp9f43dJV0cx5VEKx2whZkh39A=)): ja uz myslel ze si to ty
13:17:13 [Chat - Global]("Casper"(id=S9XeA0hkzh0BuQ40IZp9f43dJV0cx5VEKx2whZkh39A=)): :D
13:17:25 [Chat - Global]("Merky"(id=UNCCcxNkOxpXYEONIcz7r5MoVpxPCn0WPblUoNZCURI=)): ja som sa prvy krat tiez zlakol kua
13:31:24 [MissionAirdrop] An airdrop is heading towards "Osternach" (pos=<3924.000000, 0.000000, 2662.000000> type=Random_Osternach) with a ExpansionAirdropContainer_Basebuilding
13:32:30 [Safezone] Player "Merky" (id=UNCCcxNkOxpXYEONIcz7r5MoVpxPCn0WPblUoNZCURI= pos=<4365.296875, 4.228586, 4055.679932>) Entered the safezone
13:33:13 [Market] Player "Merky" (id=UNCCcxNkOxpXYEONIcz7r5MoVpxPCn0WPblUoNZCURI=) has send a requested to sell cz527 x1 at the trader "Weapons (Denis [#STR_EXPANSION_MARKET_TRADER_WEAPONS])" in market zone "OUTLIVE Trader" (pos=<4291.589844, 25.247801, 4162.500000>).
13:33:13 [Market] Player "Merky" (id=UNCCcxNkOxpXYEONIcz7r5MoVpxPCn0WPblUoNZCURI=) has sold cz527 x1 at the trader "Weapons (Denis [#STR_EXPANSION_MARKET_TRADER_WEAPONS])" in market zone "OUTLIVE Trader" (pos=<4291.589844, 25.247801, 4162.500000>) and got 300.
13:33:22 [Market] Player "Merky" (id=UNCCcxNkOxpXYEONIcz7r5MoVpxPCn0WPblUoNZCURI=) has send a requested to sell twp_mp153black x1 at the trader "Weapons (Denis [#STR_EXPANSION_MARKET_TRADER_WEAPONS])" in market zone "OUTLIVE Trader" (pos=<4291.589844, 25.247801, 4162.500000>).
13:33:22 [Market] Player "Merky" (id=UNCCcxNkOxpXYEONIcz7r5MoVpxPCn0WPblUoNZCURI=) has sold twp_mp153black x1 at the trader "Weapons (Denis [#STR_EXPANSION_MARKET_TRADER_WEAPONS])" in market zone "OUTLIVE Trader" (pos=<4291.589844, 25.247801, 4162.500000>) and got 170.
13:33:25 [Market] Player "Merky" (id=UNCCcxNkOxpXYEONIcz7r5MoVpxPCn0WPblUoNZCURI=) has send a requested to sell twp_fabarm_st12 x1 at the trader "Weapons (Denis [#STR_EXPANSION_MARKET_TRADER_WEAPONS])" in market zone "OUTLIVE Trader" (pos=<4291.589844, 25.247801, 4162.500000>).
13:33:25 [Market] Player "Merky" (id=UNCCcxNkOxpXYEONIcz7r5MoVpxPCn0WPblUoNZCURI=) has sold twp_fabarm_st12 x1 at the trader "Weapons (Denis [#STR_EXPANSION_MARKET_TRADER_WEAPONS])" in market zone "OUTLIVE Trader" (pos=<4291.589844, 25.247801, 4162.500000>) and got 3000.
13:33:33 [Market] Player "Merky" (id=UNCCcxNkOxpXYEONIcz7r5MoVpxPCn0WPblUoNZCURI=) has send a requested to sell twp_tokarev x1 at the trader "Weapons (Denis [#STR_EXPANSION_MARKET_TRADER_WEAPONS])" in market zone "OUTLIVE Trader" (pos=<4291.589844, 25.247801, 4162.500000>).
13:33:33 [Market] Player "Merky" (id=UNCCcxNkOxpXYEONIcz7r5MoVpxPCn0WPblUoNZCURI=) has sold twp_tokarev x1 at the trader "Weapons (Denis [#STR_EXPANSION_MARKET_TRADER_WEAPONS])" in market zone "OUTLIVE Trader" (pos=<4291.589844, 25.247801, 4162.500000>) and got 350.
13:33:34 [Market] Player "Merky" (id=UNCCcxNkOxpXYEONIcz7r5MoVpxPCn0WPblUoNZCURI=) has send a requested to sell twp_p8 x1 at the trader "Weapons (Denis [#STR_EXPANSION_MARKET_TRADER_WEAPONS])" in market zone "OUTLIVE Trader" (pos=<4291.589844, 25.247801, 4162.500000>).
13:33:34 [Market] Player "Merky" (id=UNCCcxNkOxpXYEONIcz7r5MoVpxPCn0WPblUoNZCURI=) has sold twp_p8 x1 at the trader "Weapons (Denis [#STR_EXPANSION_MARKET_TRADER_WEAPONS])" in market zone "OUTLIVE Trader" (pos=<4291.589844, 25.247801, 4162.500000>) and got 350.
13:33:45 [Market] Player "Merky" (id=UNCCcxNkOxpXYEONIcz7r5MoVpxPCn0WPblUoNZCURI=) has send a requested to sell ammobox_357_20rnd x1 at the trader "Attachments (Oliver [#STR_EXPANSION_MARKET_TRADER_ATTACHMENTS])" in market zone "OUTLIVE Trader" (pos=<4291.589844, 25.247801, 4162.500000>).
13:33:45 [Market] Player "Merky" (id=UNCCcxNkOxpXYEONIcz7r5MoVpxPCn0WPblUoNZCURI=) has sold ammobox_357_20rnd x1 at the trader "Attachments (Oliver [#STR_EXPANSION_MARKET_TRADER_ATTACHMENTS])" in market zone "OUTLIVE Trader" (pos=<4291.589844, 25.247801, 4162.500000>) and got 135.
13:33:51 [Market] Player "Merky" (id=UNCCcxNkOxpXYEONIcz7r5MoVpxPCn0WPblUoNZCURI=) has send a requested to sell mag_expansion_m14_10rnd x1 at the trader "Attachments (Oliver [#STR_EXPANSION_MARKET_TRADER_ATTACHMENTS])" in market zone "OUTLIVE Trader" (pos=<4291.589844, 25.247801, 4162.500000>).
13:33:51 [Market] Player "Merky" (id=UNCCcxNkOxpXYEONIcz7r5MoVpxPCn0WPblUoNZCURI=) has sold mag_expansion_m14_10rnd x1 at the trader "Attachments (Oliver [#STR_EXPANSION_MARKET_TRADER_ATTACHMENTS])" in market zone "OUTLIVE Trader" (pos=<4291.589844, 25.247801, 4162.500000>) and got 70.
13:33:57 [Market] Player "Merky" (id=UNCCcxNkOxpXYEONIcz7r5MoVpxPCn0WPblUoNZCURI=) has send a requested to sell twp_ammo_6x35 x1 at the trader "Attachments (Oliver [#STR_EXPANSION_MARKET_TRADER_ATTACHMENTS])" in market zone "OUTLIVE Trader" (pos=<4291.589844, 25.247801, 4162.500000>).
13:33:57 [Market] Player "Merky" (id=UNCCcxNkOxpXYEONIcz7r5MoVpxPCn0WPblUoNZCURI=) has sold twp_ammo_6x35 x1 at the trader "Attachments (Oliver [#STR_EXPANSION_MARKET_TRADER_ATTACHMENTS])" in market zone "OUTLIVE Trader" (pos=<4291.589844, 25.247801, 4162.500000>) and got 8.
13:34:06 [Market] Player "Merky" (id=UNCCcxNkOxpXYEONIcz7r5MoVpxPCn0WPblUoNZCURI=) has send a requested to sell twp_ammo_6x35 x65 at the trader "Attachments (Oliver [#STR_EXPANSION_MARKET_TRADER_ATTACHMENTS])" in market zone "OUTLIVE Trader" (pos=<4291.589844, 25.247801, 4162.500000>).
13:34:06 [Market] Player "Merky" (id=UNCCcxNkOxpXYEONIcz7r5MoVpxPCn0WPblUoNZCURI=) has sold twp_ammo_6x35 x65 at the trader "Attachments (Oliver [#STR_EXPANSION_MARKET_TRADER_ATTACHMENTS])" in market zone "OUTLIVE Trader" (pos=<4291.589844, 25.247801, 4162.500000>) and got 488.
13:34:14 [Market] Player "Merky" (id=UNCCcxNkOxpXYEONIcz7r5MoVpxPCn0WPblUoNZCURI=) has send a requested to sell twp_mp443_mag_18rnd x1 at the trader "Attachments (Oliver [#STR_EXPANSION_MARKET_TRADER_ATTACHMENTS])" in market zone "OUTLIVE Trader" (pos=<4291.589844, 25.247801, 4162.500000>).
13:34:14 [Market] Player "Merky" (id=UNCCcxNkOxpXYEONIcz7r5MoVpxPCn0WPblUoNZCURI=) has sold twp_mp443_mag_18rnd x1 at the trader "Attachments (Oliver [#STR_EXPANSION_MARKET_TRADER_ATTACHMENTS])" in market zone "OUTLIVE Trader" (pos=<4291.589844, 25.247801, 4162.500000>) and got 118.
13:34:29 [Market] Player "Merky" (id=UNCCcxNkOxpXYEONIcz7r5MoVpxPCn0WPblUoNZCURI=) has send a requested to sell twp_stoner63_mag_30rnd x1 at the trader "Attachments (Oliver [#STR_EXPANSION_MARKET_TRADER_ATTACHMENTS])" in market zone "OUTLIVE Trader" (pos=<4291.589844, 25.247801, 4162.500000>).
13:34:29 [Market] Player "Merky" (id=UNCCcxNkOxpXYEONIcz7r5MoVpxPCn0WPblUoNZCURI=) has sold twp_stoner63_mag_30rnd x1 at the trader "Attachments (Oliver [#STR_EXPANSION_MARKET_TRADER_ATTACHMENTS])" in market zone "OUTLIVE Trader" (pos=<4291.589844, 25.247801, 4162.500000>) and got 180.
13:35:18 [Market] Player "Merky" (id=UNCCcxNkOxpXYEONIcz7r5MoVpxPCn0WPblUoNZCURI=) has send a requested to sell barbedwire x1 at the trader "BuildingSupplies (Boris [#STR_EXPANSION_MARKET_TRADER_BUILDING_SUPPLIES])" in market zone "OUTLIVE Trader" (pos=<4291.589844, 25.247801, 4162.500000>).
13:35:18 [Market] Player "Merky" (id=UNCCcxNkOxpXYEONIcz7r5MoVpxPCn0WPblUoNZCURI=) has sold barbedwire x1 at the trader "BuildingSupplies (Boris [#STR_EXPANSION_MARKET_TRADER_BUILDING_SUPPLIES])" in market zone "OUTLIVE Trader" (pos=<4291.589844, 25.247801, 4162.500000>) and got 150.
13:36:13 [ATM Locker] Player "Merky" (id=UNCCcxNkOxpXYEONIcz7r5MoVpxPCn0WPblUoNZCURI=) has deposited 5319 on his ATM account.
13:36:48 [ATM Locker] Player "Merky" (id=UNCCcxNkOxpXYEONIcz7r5MoVpxPCn0WPblUoNZCURI=) has withdrawn 22000 from his ATM account.
13:36:59 [Market] Player "Merky" (id=UNCCcxNkOxpXYEONIcz7r5MoVpxPCn0WPblUoNZCURI=) has send a requested to purchase largetent x1 from the trader "BuildingSupplies (Boris [#STR_EXPANSION_MARKET_TRADER_BUILDING_SUPPLIES])" in market zone "OUTLIVE Trader" (pos=<4291.589844, 25.247801, 4162.500000>).
13:36:59 [Market] Player "Merky" (id=UNCCcxNkOxpXYEONIcz7r5MoVpxPCn0WPblUoNZCURI=) has bought largetent x1 from the trader "BuildingSupplies (Boris [#STR_EXPANSION_MARKET_TRADER_BUILDING_SUPPLIES])" in market zone "OUTLIVE Trader" (pos=<4291.589844, 25.247801, 4162.500000>) for a price of 12000.
13:37:03 [Market] Player "Merky" (id=UNCCcxNkOxpXYEONIcz7r5MoVpxPCn0WPblUoNZCURI=) has send a requested to purchase codelock x1 from the trader "BuildingSupplies (Boris [#STR_EXPANSION_MARKET_TRADER_BUILDING_SUPPLIES])" in market zone "OUTLIVE Trader" (pos=<4291.589844, 25.247801, 4162.500000>).
13:37:03 [Market] Player "Merky" (id=UNCCcxNkOxpXYEONIcz7r5MoVpxPCn0WPblUoNZCURI=) has bought codelock x1 from the trader "BuildingSupplies (Boris [#STR_EXPANSION_MARKET_TRADER_BUILDING_SUPPLIES])" in market zone "OUTLIVE Trader" (pos=<4291.589844, 25.247801, 4162.500000>) for a price of 10000.
13:39:31 [ATM Locker] Player "Merky" (id=UNCCcxNkOxpXYEONIcz7r5MoVpxPCn0WPblUoNZCURI=) has withdrawn 1100 from his ATM account.
13:39:37 [Market] Player "Merky" (id=UNCCcxNkOxpXYEONIcz7r5MoVpxPCn0WPblUoNZCURI=) has send a requested to purchase whetstone x1 from the trader "BuildingSupplies (Boris [#STR_EXPANSION_MARKET_TRADER_BUILDING_SUPPLIES])" in market zone "OUTLIVE Trader" (pos=<4291.589844, 25.247801, 4162.500000>).
13:39:37 [Market] Player "Merky" (id=UNCCcxNkOxpXYEONIcz7r5MoVpxPCn0WPblUoNZCURI=) has bought whetstone x1 from the trader "BuildingSupplies (Boris [#STR_EXPANSION_MARKET_TRADER_BUILDING_SUPPLIES])" in market zone "OUTLIVE Trader" (pos=<4291.589844, 25.247801, 4162.500000>) for a price of 1100.
13:40:14 [Safezone] Player "Merky" (id=UNCCcxNkOxpXYEONIcz7r5MoVpxPCn0WPblUoNZCURI= pos=<4239.332031, 23.111702, 3971.751221>) Left the safezone
14:05:18 [CodeLockRaiding] ExpansionCodelock (<3921.057861, 41.652489, 2907.938477>) Code set by player "Merky" (ID = "UNCCcxNkOxpXYEONIcz7r5MoVpxPCn0WPblUoNZCURI=" at <3918.342773, 41.507545, 2910.080078>) and the code is 3690
14:07:48 [Expansion Quests] - CreateQuestInstance - Created new quest instance for player with UID S9XeA0hkzh0BuQ40IZp9f43dJV0cx5VEKx2whZkh39A= for quest 8
14:07:48 [Expansion Quests] - ExpansionQuest - Quest owner ID: S9XeA0hkzh0BuQ40IZp9f43dJV0cx5VEKx2whZkh39A=
14:07:48 [Expansion Quests] - ExpansionQuest - Quest ID: 8
14:07:48 [Expansion Quests] - ExpansionQuest - Quest state: 1
14:07:48 [Expansion Quests] - ExpansionQuest - Quest completed: false
14:07:53 [Expansion Quests] - CreateQuestInstance - Created new quest instance for player with UID S9XeA0hkzh0BuQ40IZp9f43dJV0cx5VEKx2whZkh39A= for quest 16
14:07:53 [Expansion Quests] - ExpansionQuest - Quest owner ID: S9XeA0hkzh0BuQ40IZp9f43dJV0cx5VEKx2whZkh39A=
14:07:53 [Expansion Quests] - ExpansionQuest - Quest ID: 16
14:07:53 [Expansion Quests] - ExpansionQuest - Quest state: 1
14:07:53 [Expansion Quests] - ExpansionQuest - Quest completed: false
14:26:23 [Expansion Quests] - SetupClientData - Got cached player quest data for player with UID: S9XeA0hkzh0BuQ40IZp9f43dJV0cx5VEKx2whZkh39A=
14:26:23 [Expansion Quests] - PlayerQuestsInit - Create new quest instance for quest: 23 - Creator UID: S9XeA0hkzh0BuQ40IZp9f43dJV0cx5VEKx2whZkh39A=
14:26:23 [Expansion Quests] - PlayerQuestsInit - Create new quest instance for quest: 24 - Creator UID: S9XeA0hkzh0BuQ40IZp9f43dJV0cx5VEKx2whZkh39A=
14:26:23 [Expansion Quests] - PlayerQuestsInit - Create new quest instance for quest: 15 - Creator UID: S9XeA0hkzh0BuQ40IZp9f43dJV0cx5VEKx2whZkh39A=
14:26:23 [Expansion Quests] - PlayerQuestsInit - Create new quest instance for quest: 8 - Creator UID: S9XeA0hkzh0BuQ40IZp9f43dJV0cx5VEKx2whZkh39A=
14:29:26 [Expansion Quests] - CancelQuestServer - Player with UID S9XeA0hkzh0BuQ40IZp9f43dJV0cx5VEKx2whZkh39A= has cancelled quest 18
14:29:26 [Expansion Quests] - CancelQuestServer - Player with UID S9XeA0hkzh0BuQ40IZp9f43dJV0cx5VEKx2whZkh39A= has cancelled quest 17
14:29:26 [Expansion Quests] - CancelQuestServer - Player with UID S9XeA0hkzh0BuQ40IZp9f43dJV0cx5VEKx2whZkh39A= has cancelled quest 16
14:29:26 [Expansion Quests] - CancelQuestServer - Player with UID S9XeA0hkzh0BuQ40IZp9f43dJV0cx5VEKx2whZkh39A= has cancelled quest 24
14:29:26 [Expansion Quests] - CancelQuestServer - Player with UID S9XeA0hkzh0BuQ40IZp9f43dJV0cx5VEKx2whZkh39A= has cancelled quest 8
14:29:26 [Expansion Quests] - CancelQuestServer - Player with UID S9XeA0hkzh0BuQ40IZp9f43dJV0cx5VEKx2whZkh39A= has cancelled quest 4
14:29:26 [Expansion Quests] - CancelQuestServer - Player with UID S9XeA0hkzh0BuQ40IZp9f43dJV0cx5VEKx2whZkh39A= has cancelled quest 15
