12:02:37 [AI Object Patrol] Generating an example config...
12:48:14 [Safezone] Player "StaryKojot" (id=_uJkEyflAFEKMpkKqdLWoQHEfGiapl6KlgBZ_xRI58A= pos=<4209.815918, 11.387270, 4156.090332>) Entered the safezone
12:48:14 [Expansion Quests] - SetupClientData - Loaded existing player quest data for player with UID: _uJkEyflAFEKMpkKqdLWoQHEfGiapl6KlgBZ_xRI58A=
12:48:14 [Expansion Quests] - PlayerQuestsInit - Create new quest instance for quest: 23 - Creator UID: _uJkEyflAFEKMpkKqdLWoQHEfGiapl6KlgBZ_xRI58A=
12:51:03 [Chat - Global]("StaryKojot"(id=_uJkEyflAFEKMpkKqdLWoQHEfGiapl6KlgBZ_xRI58A=)): Bodré podoledne
12:52:25 [Market] Player "StaryKojot" (id=_uJkEyflAFEKMpkKqdLWoQHEfGiapl6KlgBZ_xRI58A=) has send a requested to sell mag_aug_30rnd x1 at the trader "Attachments (Oliver [#STR_EXPANSION_MARKET_TRADER_ATTACHMENTS])" in market zone "OUTLIVE Trader" (pos=<4291.589844, 25.247801, 4162.500000>).
12:52:25 [Market] Player "StaryKojot" (id=_uJkEyflAFEKMpkKqdLWoQHEfGiapl6KlgBZ_xRI58A=) has sold mag_aug_30rnd x1 at the trader "Attachments (Oliver [#STR_EXPANSION_MARKET_TRADER_ATTACHMENTS])" in market zone "OUTLIVE Trader" (pos=<4291.589844, 25.247801, 4162.500000>) and got 80.
12:52:28 [Market] Player "StaryKojot" (id=_uJkEyflAFEKMpkKqdLWoQHEfGiapl6KlgBZ_xRI58A=) has send a requested to sell mag_stanag_60rnd x1 at the trader "Attachments (Oliver [#STR_EXPANSION_MARKET_TRADER_ATTACHMENTS])" in market zone "OUTLIVE Trader" (pos=<4291.589844, 25.247801, 4162.500000>).
12:52:28 [Market] Player "StaryKojot" (id=_uJkEyflAFEKMpkKqdLWoQHEfGiapl6KlgBZ_xRI58A=) has sold mag_stanag_60rnd x1 at the trader "Attachments (Oliver [#STR_EXPANSION_MARKET_TRADER_ATTACHMENTS])" in market zone "OUTLIVE Trader" (pos=<4291.589844, 25.247801, 4162.500000>) and got 155.
12:52:42 [Market] Player "StaryKojot" (id=_uJkEyflAFEKMpkKqdLWoQHEfGiapl6KlgBZ_xRI58A=) has send a requested to sell twp_an94_mag_30rnd x1 at the trader "Attachments (Oliver [#STR_EXPANSION_MARKET_TRADER_ATTACHMENTS])" in market zone "OUTLIVE Trader" (pos=<4291.589844, 25.247801, 4162.500000>).
12:52:42 [Market] Player "StaryKojot" (id=_uJkEyflAFEKMpkKqdLWoQHEfGiapl6KlgBZ_xRI58A=) has sold twp_an94_mag_30rnd x1 at the trader "Attachments (Oliver [#STR_EXPANSION_MARKET_TRADER_ATTACHMENTS])" in market zone "OUTLIVE Trader" (pos=<4291.589844, 25.247801, 4162.500000>) and got 258.
12:52:45 [Market] Player "StaryKojot" (id=_uJkEyflAFEKMpkKqdLWoQHEfGiapl6KlgBZ_xRI58A=) has send a requested to sell twp_ak9_mag_30rnd x1 at the trader "Attachments (Oliver [#STR_EXPANSION_MARKET_TRADER_ATTACHMENTS])" in market zone "OUTLIVE Trader" (pos=<4291.589844, 25.247801, 4162.500000>).
12:52:45 [Market] Player "StaryKojot" (id=_uJkEyflAFEKMpkKqdLWoQHEfGiapl6KlgBZ_xRI58A=) has sold twp_ak9_mag_30rnd x1 at the trader "Attachments (Oliver [#STR_EXPANSION_MARKET_TRADER_ATTACHMENTS])" in market zone "OUTLIVE Trader" (pos=<4291.589844, 25.247801, 4162.500000>) and got 223.
12:52:51 [Market] Player "StaryKojot" (id=_uJkEyflAFEKMpkKqdLWoQHEfGiapl6KlgBZ_xRI58A=) has send a requested to sell twp_ak47boar_mag_30rnd x1 at the trader "Attachments (Oliver [#STR_EXPANSION_MARKET_TRADER_ATTACHMENTS])" in market zone "OUTLIVE Trader" (pos=<4291.589844, 25.247801, 4162.500000>).
12:52:51 [Market] Player "StaryKojot" (id=_uJkEyflAFEKMpkKqdLWoQHEfGiapl6KlgBZ_xRI58A=) has sold twp_ak47boar_mag_30rnd x1 at the trader "Attachments (Oliver [#STR_EXPANSION_MARKET_TRADER_ATTACHMENTS])" in market zone "OUTLIVE Trader" (pos=<4291.589844, 25.247801, 4162.500000>) and got 256.
12:52:54 [Market] Player "StaryKojot" (id=_uJkEyflAFEKMpkKqdLWoQHEfGiapl6KlgBZ_xRI58A=) has send a requested to sell twp_asr_mag_40rnd x1 at the trader "Attachments (Oliver [#STR_EXPANSION_MARKET_TRADER_ATTACHMENTS])" in market zone "OUTLIVE Trader" (pos=<4291.589844, 25.247801, 4162.500000>).
12:52:54 [Market] Player "StaryKojot" (id=_uJkEyflAFEKMpkKqdLWoQHEfGiapl6KlgBZ_xRI58A=) has sold twp_asr_mag_40rnd x1 at the trader "Attachments (Oliver [#STR_EXPANSION_MARKET_TRADER_ATTACHMENTS])" in market zone "OUTLIVE Trader" (pos=<4291.589844, 25.247801, 4162.500000>) and got 240.
12:53:02 [Market] Player "StaryKojot" (id=_uJkEyflAFEKMpkKqdLWoQHEfGiapl6KlgBZ_xRI58A=) has send a requested to sell twp_fnfnc_mag_30rnd x1 at the trader "Attachments (Oliver [#STR_EXPANSION_MARKET_TRADER_ATTACHMENTS])" in market zone "OUTLIVE Trader" (pos=<4291.589844, 25.247801, 4162.500000>).
12:53:02 [Market] Player "StaryKojot" (id=_uJkEyflAFEKMpkKqdLWoQHEfGiapl6KlgBZ_xRI58A=) has sold twp_fnfnc_mag_30rnd x1 at the trader "Attachments (Oliver [#STR_EXPANSION_MARKET_TRADER_ATTACHMENTS])" in market zone "OUTLIVE Trader" (pos=<4291.589844, 25.247801, 4162.500000>) and got 180.
12:53:05 [Market] Player "StaryKojot" (id=_uJkEyflAFEKMpkKqdLWoQHEfGiapl6KlgBZ_xRI58A=) has send a requested to sell twp_g43_mag_10rnd x1 at the trader "Attachments (Oliver [#STR_EXPANSION_MARKET_TRADER_ATTACHMENTS])" in market zone "OUTLIVE Trader" (pos=<4291.589844, 25.247801, 4162.500000>).
12:53:05 [Market] Player "StaryKojot" (id=_uJkEyflAFEKMpkKqdLWoQHEfGiapl6KlgBZ_xRI58A=) has sold twp_g43_mag_10rnd x1 at the trader "Attachments (Oliver [#STR_EXPANSION_MARKET_TRADER_ATTACHMENTS])" in market zone "OUTLIVE Trader" (pos=<4291.589844, 25.247801, 4162.500000>) and got 111.
12:53:22 [Market] Player "StaryKojot" (id=_uJkEyflAFEKMpkKqdLWoQHEfGiapl6KlgBZ_xRI58A=) has send a requested to sell twp_m107_mag_15rnd x1 at the trader "Attachments (Oliver [#STR_EXPANSION_MARKET_TRADER_ATTACHMENTS])" in market zone "OUTLIVE Trader" (pos=<4291.589844, 25.247801, 4162.500000>).
12:53:22 [Market] Player "StaryKojot" (id=_uJkEyflAFEKMpkKqdLWoQHEfGiapl6KlgBZ_xRI58A=) has sold twp_m107_mag_15rnd x1 at the trader "Attachments (Oliver [#STR_EXPANSION_MARKET_TRADER_ATTACHMENTS])" in market zone "OUTLIVE Trader" (pos=<4291.589844, 25.247801, 4162.500000>) and got 354.
12:53:22 [MissionAirdrop] An airdrop is heading towards "Prison" (pos=<1399.579956, 0.000000, 9977.769531> type=Random_Prison) with a ExpansionAirdropContainer_Basebuilding
12:53:22 [MissionAirdrop] An airdrop is heading towards "Osternach" (pos=<3924.000000, 0.000000, 2662.000000> type=Random_Osternach) with a ExpansionAirdropContainer
12:53:23 [Market] Player "StaryKojot" (id=_uJkEyflAFEKMpkKqdLWoQHEfGiapl6KlgBZ_xRI58A=) has send a requested to sell twp_m4v5_mag_30rnd x1 at the trader "Attachments (Oliver [#STR_EXPANSION_MARKET_TRADER_ATTACHMENTS])" in market zone "OUTLIVE Trader" (pos=<4291.589844, 25.247801, 4162.500000>).
12:53:23 [Market] Player "StaryKojot" (id=_uJkEyflAFEKMpkKqdLWoQHEfGiapl6KlgBZ_xRI58A=) has sold twp_m4v5_mag_30rnd x1 at the trader "Attachments (Oliver [#STR_EXPANSION_MARKET_TRADER_ATTACHMENTS])" in market zone "OUTLIVE Trader" (pos=<4291.589844, 25.247801, 4162.500000>) and got 180.
12:53:25 [Market] Player "StaryKojot" (id=_uJkEyflAFEKMpkKqdLWoQHEfGiapl6KlgBZ_xRI58A=) has send a requested to sell twp_mab38_mag_40rnd x1 at the trader "Attachments (Oliver [#STR_EXPANSION_MARKET_TRADER_ATTACHMENTS])" in market zone "OUTLIVE Trader" (pos=<4291.589844, 25.247801, 4162.500000>).
12:53:25 [Market] Player "StaryKojot" (id=_uJkEyflAFEKMpkKqdLWoQHEfGiapl6KlgBZ_xRI58A=) has sold twp_mab38_mag_40rnd x1 at the trader "Attachments (Oliver [#STR_EXPANSION_MARKET_TRADER_ATTACHMENTS])" in market zone "OUTLIVE Trader" (pos=<4291.589844, 25.247801, 4162.500000>) and got 280.
12:53:27 [Market] Player "StaryKojot" (id=_uJkEyflAFEKMpkKqdLWoQHEfGiapl6KlgBZ_xRI58A=) has send a requested to sell twp_scardragon_mag_50rnd x1 at the trader "Attachments (Oliver [#STR_EXPANSION_MARKET_TRADER_ATTACHMENTS])" in market zone "OUTLIVE Trader" (pos=<4291.589844, 25.247801, 4162.500000>).
12:53:27 [Market] Player "StaryKojot" (id=_uJkEyflAFEKMpkKqdLWoQHEfGiapl6KlgBZ_xRI58A=) has sold twp_scardragon_mag_50rnd x1 at the trader "Attachments (Oliver [#STR_EXPANSION_MARKET_TRADER_ATTACHMENTS])" in market zone "OUTLIVE Trader" (pos=<4291.589844, 25.247801, 4162.500000>) and got 300.
12:54:01 [Market] Player "StaryKojot" (id=_uJkEyflAFEKMpkKqdLWoQHEfGiapl6KlgBZ_xRI58A=) has send a requested to sell twp_galilsar_mag_35rnd x1 at the trader "Attachments (Oliver [#STR_EXPANSION_MARKET_TRADER_ATTACHMENTS])" in market zone "OUTLIVE Trader" (pos=<4291.589844, 25.247801, 4162.500000>).
12:54:01 [Market] Player "StaryKojot" (id=_uJkEyflAFEKMpkKqdLWoQHEfGiapl6KlgBZ_xRI58A=) has sold twp_galilsar_mag_35rnd x1 at the trader "Attachments (Oliver [#STR_EXPANSION_MARKET_TRADER_ATTACHMENTS])" in market zone "OUTLIVE Trader" (pos=<4291.589844, 25.247801, 4162.500000>) and got 311.
12:54:18 [VehicleCarKey] Player "StaryKojot" (id=_uJkEyflAFEKMpkKqdLWoQHEfGiapl6KlgBZ_xRI58A= pos=<4267.645508, 11.016665, 4190.191406>) used the  ExpansionCarKey to unlock a Truck_01_Covered
12:59:15 [Market] Player "StaryKojot" (id=_uJkEyflAFEKMpkKqdLWoQHEfGiapl6KlgBZ_xRI58A=) has send a requested to sell tunacan x1 at the trader "Consumables (Naomi [#STR_EXPANSION_MARKET_TRADER_CONSUMABLES])" in market zone "OUTLIVE Trader" (pos=<4291.589844, 25.247801, 4162.500000>).
12:59:15 [Market] Player "StaryKojot" (id=_uJkEyflAFEKMpkKqdLWoQHEfGiapl6KlgBZ_xRI58A=) has sold tunacan x1 at the trader "Consumables (Naomi [#STR_EXPANSION_MARKET_TRADER_CONSUMABLES])" in market zone "OUTLIVE Trader" (pos=<4291.589844, 25.247801, 4162.500000>) and got 20.
12:59:16 [Market] Player "StaryKojot" (id=_uJkEyflAFEKMpkKqdLWoQHEfGiapl6KlgBZ_xRI58A=) has send a requested to sell tunacan x1 at the trader "Consumables (Naomi [#STR_EXPANSION_MARKET_TRADER_CONSUMABLES])" in market zone "OUTLIVE Trader" (pos=<4291.589844, 25.247801, 4162.500000>).
12:59:17 [Market] Player "StaryKojot" (id=_uJkEyflAFEKMpkKqdLWoQHEfGiapl6KlgBZ_xRI58A=) has sold tunacan x1 at the trader "Consumables (Naomi [#STR_EXPANSION_MARKET_TRADER_CONSUMABLES])" in market zone "OUTLIVE Trader" (pos=<4291.589844, 25.247801, 4162.500000>) and got 20.
12:59:19 [Market] Player "StaryKojot" (id=_uJkEyflAFEKMpkKqdLWoQHEfGiapl6KlgBZ_xRI58A=) has send a requested to sell zagorkychocolate x1 at the trader "Consumables (Naomi [#STR_EXPANSION_MARKET_TRADER_CONSUMABLES])" in market zone "OUTLIVE Trader" (pos=<4291.589844, 25.247801, 4162.500000>).
12:59:19 [Market] Player "StaryKojot" (id=_uJkEyflAFEKMpkKqdLWoQHEfGiapl6KlgBZ_xRI58A=) has sold zagorkychocolate x1 at the trader "Consumables (Naomi [#STR_EXPANSION_MARKET_TRADER_CONSUMABLES])" in market zone "OUTLIVE Trader" (pos=<4291.589844, 25.247801, 4162.500000>) and got 10.
12:59:22 [Market] Player "StaryKojot" (id=_uJkEyflAFEKMpkKqdLWoQHEfGiapl6KlgBZ_xRI58A=) has send a requested to sell sardinescan x1 at the trader "Consumables (Naomi [#STR_EXPANSION_MARKET_TRADER_CONSUMABLES])" in market zone "OUTLIVE Trader" (pos=<4291.589844, 25.247801, 4162.500000>).
12:59:22 [Market] Player "StaryKojot" (id=_uJkEyflAFEKMpkKqdLWoQHEfGiapl6KlgBZ_xRI58A=) has sold sardinescan x1 at the trader "Consumables (Naomi [#STR_EXPANSION_MARKET_TRADER_CONSUMABLES])" in market zone "OUTLIVE Trader" (pos=<4291.589844, 25.247801, 4162.500000>) and got 20.
12:59:30 [Market] Player "StaryKojot" (id=_uJkEyflAFEKMpkKqdLWoQHEfGiapl6KlgBZ_xRI58A=) has send a requested to sell mad_meat_beef x1 at the trader "Consumables (Naomi [#STR_EXPANSION_MARKET_TRADER_CONSUMABLES])" in market zone "OUTLIVE Trader" (pos=<4291.589844, 25.247801, 4162.500000>).
12:59:30 [Market] Player "StaryKojot" (id=_uJkEyflAFEKMpkKqdLWoQHEfGiapl6KlgBZ_xRI58A=) has sold mad_meat_beef x1 at the trader "Consumables (Naomi [#STR_EXPANSION_MARKET_TRADER_CONSUMABLES])" in market zone "OUTLIVE Trader" (pos=<4291.589844, 25.247801, 4162.500000>) and got 375.
12:59:50 [Market] Player "StaryKojot" (id=_uJkEyflAFEKMpkKqdLWoQHEfGiapl6KlgBZ_xRI58A=) has send a requested to sell purificationtablets x1 at the trader "Medicals (Eva [#STR_EXPANSION_MARKET_TRADER_MEDICALS])" in market zone "OUTLIVE Trader" (pos=<4291.589844, 25.247801, 4162.500000>).
12:59:50 [Market] Player "StaryKojot" (id=_uJkEyflAFEKMpkKqdLWoQHEfGiapl6KlgBZ_xRI58A=) has sold purificationtablets x1 at the trader "Medicals (Eva [#STR_EXPANSION_MARKET_TRADER_MEDICALS])" in market zone "OUTLIVE Trader" (pos=<4291.589844, 25.247801, 4162.500000>) and got 70.
12:59:52 [Market] Player "StaryKojot" (id=_uJkEyflAFEKMpkKqdLWoQHEfGiapl6KlgBZ_xRI58A=) has send a requested to sell purificationtablets x1 at the trader "Medicals (Eva [#STR_EXPANSION_MARKET_TRADER_MEDICALS])" in market zone "OUTLIVE Trader" (pos=<4291.589844, 25.247801, 4162.500000>).
12:59:52 [Market] Player "StaryKojot" (id=_uJkEyflAFEKMpkKqdLWoQHEfGiapl6KlgBZ_xRI58A=) has sold purificationtablets x1 at the trader "Medicals (Eva [#STR_EXPANSION_MARKET_TRADER_MEDICALS])" in market zone "OUTLIVE Trader" (pos=<4291.589844, 25.247801, 4162.500000>) and got 53.
12:59:58 [Market] Player "StaryKojot" (id=_uJkEyflAFEKMpkKqdLWoQHEfGiapl6KlgBZ_xRI58A=) has send a requested to sell bandagedressing x1 at the trader "Medicals (Eva [#STR_EXPANSION_MARKET_TRADER_MEDICALS])" in market zone "OUTLIVE Trader" (pos=<4291.589844, 25.247801, 4162.500000>).
12:59:58 [Market] Player "StaryKojot" (id=_uJkEyflAFEKMpkKqdLWoQHEfGiapl6KlgBZ_xRI58A=) has sold bandagedressing x1 at the trader "Medicals (Eva [#STR_EXPANSION_MARKET_TRADER_MEDICALS])" in market zone "OUTLIVE Trader" (pos=<4291.589844, 25.247801, 4162.500000>) and got 250.
12:59:59 [Market] Player "StaryKojot" (id=_uJkEyflAFEKMpkKqdLWoQHEfGiapl6KlgBZ_xRI58A=) has send a requested to sell bandagedressing x1 at the trader "Medicals (Eva [#STR_EXPANSION_MARKET_TRADER_MEDICALS])" in market zone "OUTLIVE Trader" (pos=<4291.589844, 25.247801, 4162.500000>).
12:59:59 [Market] Player "StaryKojot" (id=_uJkEyflAFEKMpkKqdLWoQHEfGiapl6KlgBZ_xRI58A=) has sold bandagedressing x1 at the trader "Medicals (Eva [#STR_EXPANSION_MARKET_TRADER_MEDICALS])" in market zone "OUTLIVE Trader" (pos=<4291.589844, 25.247801, 4162.500000>) and got 250.
13:00:00 [Market] Player "StaryKojot" (id=_uJkEyflAFEKMpkKqdLWoQHEfGiapl6KlgBZ_xRI58A=) has send a requested to sell bandagedressing x1 at the trader "Medicals (Eva [#STR_EXPANSION_MARKET_TRADER_MEDICALS])" in market zone "OUTLIVE Trader" (pos=<4291.589844, 25.247801, 4162.500000>).
13:00:00 [Market] Player "StaryKojot" (id=_uJkEyflAFEKMpkKqdLWoQHEfGiapl6KlgBZ_xRI58A=) has sold bandagedressing x1 at the trader "Medicals (Eva [#STR_EXPANSION_MARKET_TRADER_MEDICALS])" in market zone "OUTLIVE Trader" (pos=<4291.589844, 25.247801, 4162.500000>) and got 250.
13:00:04 [Market] Player "StaryKojot" (id=_uJkEyflAFEKMpkKqdLWoQHEfGiapl6KlgBZ_xRI58A=) has send a requested to sell bandagedressing x1 at the trader "Medicals (Eva [#STR_EXPANSION_MARKET_TRADER_MEDICALS])" in market zone "OUTLIVE Trader" (pos=<4291.589844, 25.247801, 4162.500000>).
13:00:04 [Market] Player "StaryKojot" (id=_uJkEyflAFEKMpkKqdLWoQHEfGiapl6KlgBZ_xRI58A=) has sold bandagedressing x1 at the trader "Medicals (Eva [#STR_EXPANSION_MARKET_TRADER_MEDICALS])" in market zone "OUTLIVE Trader" (pos=<4291.589844, 25.247801, 4162.500000>) and got 250.
13:00:25 [Market] Player "StaryKojot" (id=_uJkEyflAFEKMpkKqdLWoQHEfGiapl6KlgBZ_xRI58A=) has send a requested to sell twp_famasspecialops_mag_40rnd x1 at the trader "Attachments (Oliver [#STR_EXPANSION_MARKET_TRADER_ATTACHMENTS])" in market zone "OUTLIVE Trader" (pos=<4291.589844, 25.247801, 4162.500000>).
13:00:25 [Market] Player "StaryKojot" (id=_uJkEyflAFEKMpkKqdLWoQHEfGiapl6KlgBZ_xRI58A=) has sold twp_famasspecialops_mag_40rnd x1 at the trader "Attachments (Oliver [#STR_EXPANSION_MARKET_TRADER_ATTACHMENTS])" in market zone "OUTLIVE Trader" (pos=<4291.589844, 25.247801, 4162.500000>) and got 240.
13:00:26 [Market] Player "StaryKojot" (id=_uJkEyflAFEKMpkKqdLWoQHEfGiapl6KlgBZ_xRI58A=) has send a requested to sell twp_frf2blackdragon_mag_10rnd x1 at the trader "Attachments (Oliver [#STR_EXPANSION_MARKET_TRADER_ATTACHMENTS])" in market zone "OUTLIVE Trader" (pos=<4291.589844, 25.247801, 4162.500000>).
13:00:26 [Market] Player "StaryKojot" (id=_uJkEyflAFEKMpkKqdLWoQHEfGiapl6KlgBZ_xRI58A=) has sold twp_frf2blackdragon_mag_10rnd x1 at the trader "Attachments (Oliver [#STR_EXPANSION_MARKET_TRADER_ATTACHMENTS])" in market zone "OUTLIVE Trader" (pos=<4291.589844, 25.247801, 4162.500000>) and got 134.
13:00:30 [Market] Player "StaryKojot" (id=_uJkEyflAFEKMpkKqdLWoQHEfGiapl6KlgBZ_xRI58A=) has send a requested to sell mag_ak101_30rnd x1 at the trader "Attachments (Oliver [#STR_EXPANSION_MARKET_TRADER_ATTACHMENTS])" in market zone "OUTLIVE Trader" (pos=<4291.589844, 25.247801, 4162.500000>).
13:00:30 [Market] Player "StaryKojot" (id=_uJkEyflAFEKMpkKqdLWoQHEfGiapl6KlgBZ_xRI58A=) has sold mag_ak101_30rnd x1 at the trader "Attachments (Oliver [#STR_EXPANSION_MARKET_TRADER_ATTACHMENTS])" in market zone "OUTLIVE Trader" (pos=<4291.589844, 25.247801, 4162.500000>) and got 55.
13:00:30 [Market] Player "StaryKojot" (id=_uJkEyflAFEKMpkKqdLWoQHEfGiapl6KlgBZ_xRI58A=) has send a requested to sell mag_ak101_30rnd x1 at the trader "Attachments (Oliver [#STR_EXPANSION_MARKET_TRADER_ATTACHMENTS])" in market zone "OUTLIVE Trader" (pos=<4291.589844, 25.247801, 4162.500000>).
13:00:31 [Market] Player "StaryKojot" (id=_uJkEyflAFEKMpkKqdLWoQHEfGiapl6KlgBZ_xRI58A=) has sold mag_ak101_30rnd x1 at the trader "Attachments (Oliver [#STR_EXPANSION_MARKET_TRADER_ATTACHMENTS])" in market zone "OUTLIVE Trader" (pos=<4291.589844, 25.247801, 4162.500000>) and got 55.
13:00:49 [VehicleEnter] Player StaryKojot [uid=_uJkEyflAFEKMpkKqdLWoQHEfGiapl6KlgBZ_xRI58A=] entered vehicle M3S Covered (pos=<4270.701172, 10.960168, 4194.116211>, type=Truck_01_Covered) as driver
13:00:51 [VehicleEngine] Player StaryKojot [uid=_uJkEyflAFEKMpkKqdLWoQHEfGiapl6KlgBZ_xRI58A=] started vehicle M3S Covered (pos=<4270.705566, 10.911914, 4194.109863>, type=Truck_01_Covered)
13:01:13 [VehicleLeave] Player StaryKojot [uid=_uJkEyflAFEKMpkKqdLWoQHEfGiapl6KlgBZ_xRI58A=] left vehicle M3S Covered (pos=<4261.267578, 11.396757, 4186.013184>, type=Truck_01_Covered)
13:01:30 [ATM] Player "StaryKojot" (id=_uJkEyflAFEKMpkKqdLWoQHEfGiapl6KlgBZ_xRI58A=) has deposited 15379 on his ATM account.
13:01:43 [VehicleEnter] Player StaryKojot [uid=_uJkEyflAFEKMpkKqdLWoQHEfGiapl6KlgBZ_xRI58A=] entered vehicle M3S Covered (pos=<4261.269043, 11.396989, 4186.015137>, type=Truck_01_Covered) as driver
13:02:21 [Safezone] Player "StaryKojot" (id=_uJkEyflAFEKMpkKqdLWoQHEfGiapl6KlgBZ_xRI58A= pos=<4426.555664, 5.609653, 3960.810303>) Left the safezone
13:06:40 [VehicleLeave] Player StaryKojot [uid=_uJkEyflAFEKMpkKqdLWoQHEfGiapl6KlgBZ_xRI58A=] left vehicle M3S Covered (pos=<4187.028809, 7.550775, 2292.569092>, type=Truck_01_Covered)
13:06:46 [VehicleCarKey] Player "StaryKojot" (id=_uJkEyflAFEKMpkKqdLWoQHEfGiapl6KlgBZ_xRI58A= pos=<4189.425293, 7.349349, 2292.704102>) used the  ExpansionCarKey to lock a Truck_01_Covered
13:18:27 [VehicleCarKey] Player "StaryKojot" (id=_uJkEyflAFEKMpkKqdLWoQHEfGiapl6KlgBZ_xRI58A= pos=<4188.964844, 7.359540, 2292.550293>) used the  ExpansionCarKey to unlock a Truck_01_Covered
13:18:31 [VehicleEnter] Player StaryKojot [uid=_uJkEyflAFEKMpkKqdLWoQHEfGiapl6KlgBZ_xRI58A=] entered vehicle M3S Covered (pos=<4187.028320, 7.547260, 2292.569336>, type=Truck_01_Covered) as driver
13:18:34 [VehicleEngine] Player StaryKojot [uid=_uJkEyflAFEKMpkKqdLWoQHEfGiapl6KlgBZ_xRI58A=] started vehicle M3S Covered (pos=<4187.028320, 7.549412, 2292.569336>, type=Truck_01_Covered)
13:21:29 [VehicleLeave] Player StaryKojot [uid=_uJkEyflAFEKMpkKqdLWoQHEfGiapl6KlgBZ_xRI58A=] left vehicle M3S Covered (pos=<4410.756836, 3.197519, 3206.315186>, type=Truck_01_Covered)
13:26:58 [VehicleEnter] Player StaryKojot [uid=_uJkEyflAFEKMpkKqdLWoQHEfGiapl6KlgBZ_xRI58A=] entered vehicle M3S Covered (pos=<4410.756836, 3.195273, 3206.315186>, type=Truck_01_Covered) as driver
13:27:01 [VehicleEngine] Player StaryKojot [uid=_uJkEyflAFEKMpkKqdLWoQHEfGiapl6KlgBZ_xRI58A=] started vehicle M3S Covered (pos=<4410.756836, 3.197570, 3206.315430>, type=Truck_01_Covered)
13:28:39 [Safezone] Player "StaryKojot" (id=_uJkEyflAFEKMpkKqdLWoQHEfGiapl6KlgBZ_xRI58A= pos=<4367.364258, 5.732259, 4058.155029>) Entered the safezone
13:28:58 [VehicleEngine] Player StaryKojot [uid=_uJkEyflAFEKMpkKqdLWoQHEfGiapl6KlgBZ_xRI58A=] stopped vehicle M3S Covered (pos=<4247.434570, 10.500357, 4169.451660>, type=Truck_01_Covered)
13:29:15 [VehicleLeave] Player StaryKojot [uid=_uJkEyflAFEKMpkKqdLWoQHEfGiapl6KlgBZ_xRI58A=] left vehicle M3S Covered (pos=<4247.434570, 10.500148, 4169.451172>, type=Truck_01_Covered)
13:29:46 [Market] Player "StaryKojot" (id=_uJkEyflAFEKMpkKqdLWoQHEfGiapl6KlgBZ_xRI58A=) has send a requested to sell expansion_m16 x1 at the trader "Weapons (Denis [#STR_EXPANSION_MARKET_TRADER_WEAPONS])" in market zone "OUTLIVE Trader" (pos=<4291.589844, 25.247801, 4162.500000>).
13:29:46 [Market] Player "StaryKojot" (id=_uJkEyflAFEKMpkKqdLWoQHEfGiapl6KlgBZ_xRI58A=) has sold expansion_m16 x1 at the trader "Weapons (Denis [#STR_EXPANSION_MARKET_TRADER_WEAPONS])" in market zone "OUTLIVE Trader" (pos=<4291.589844, 25.247801, 4162.500000>) and got 2293.
13:29:47 [Market] Player "StaryKojot" (id=_uJkEyflAFEKMpkKqdLWoQHEfGiapl6KlgBZ_xRI58A=) has send a requested to sell fal x1 at the trader "Weapons (Denis [#STR_EXPANSION_MARKET_TRADER_WEAPONS])" in market zone "OUTLIVE Trader" (pos=<4291.589844, 25.247801, 4162.500000>).
13:29:48 [Market] Player "StaryKojot" (id=_uJkEyflAFEKMpkKqdLWoQHEfGiapl6KlgBZ_xRI58A=) has sold fal x1 at the trader "Weapons (Denis [#STR_EXPANSION_MARKET_TRADER_WEAPONS])" in market zone "OUTLIVE Trader" (pos=<4291.589844, 25.247801, 4162.500000>) and got 970.
13:29:54 [Market] Player "StaryKojot" (id=_uJkEyflAFEKMpkKqdLWoQHEfGiapl6KlgBZ_xRI58A=) has send a requested to sell sks x1 at the trader "Weapons (Denis [#STR_EXPANSION_MARKET_TRADER_WEAPONS])" in market zone "OUTLIVE Trader" (pos=<4291.589844, 25.247801, 4162.500000>).
13:29:54 [Market] Player "StaryKojot" (id=_uJkEyflAFEKMpkKqdLWoQHEfGiapl6KlgBZ_xRI58A=) has sold sks x1 at the trader "Weapons (Denis [#STR_EXPANSION_MARKET_TRADER_WEAPONS])" in market zone "OUTLIVE Trader" (pos=<4291.589844, 25.247801, 4162.500000>) and got 1380.
13:29:56 [Market] Player "StaryKojot" (id=_uJkEyflAFEKMpkKqdLWoQHEfGiapl6KlgBZ_xRI58A=) has send a requested to sell cz527 x1 at the trader "Weapons (Denis [#STR_EXPANSION_MARKET_TRADER_WEAPONS])" in market zone "OUTLIVE Trader" (pos=<4291.589844, 25.247801, 4162.500000>).
13:29:56 [Market] Player "StaryKojot" (id=_uJkEyflAFEKMpkKqdLWoQHEfGiapl6KlgBZ_xRI58A=) has sold cz527 x1 at the trader "Weapons (Denis [#STR_EXPANSION_MARKET_TRADER_WEAPONS])" in market zone "OUTLIVE Trader" (pos=<4291.589844, 25.247801, 4162.500000>) and got 1260.
13:29:59 [Market] Player "StaryKojot" (id=_uJkEyflAFEKMpkKqdLWoQHEfGiapl6KlgBZ_xRI58A=) has send a requested to sell expansion_longhorn x1 at the trader "Weapons (Denis [#STR_EXPANSION_MARKET_TRADER_WEAPONS])" in market zone "OUTLIVE Trader" (pos=<4291.589844, 25.247801, 4162.500000>).
13:29:59 [Market] Player "StaryKojot" (id=_uJkEyflAFEKMpkKqdLWoQHEfGiapl6KlgBZ_xRI58A=) has sold expansion_longhorn x1 at the trader "Weapons (Denis [#STR_EXPANSION_MARKET_TRADER_WEAPONS])" in market zone "OUTLIVE Trader" (pos=<4291.589844, 25.247801, 4162.500000>) and got 250.
13:30:03 [Market] Player "StaryKojot" (id=_uJkEyflAFEKMpkKqdLWoQHEfGiapl6KlgBZ_xRI58A=) has send a requested to sell msp_vorpalknife x1 at the trader "Weapons (Denis [#STR_EXPANSION_MARKET_TRADER_WEAPONS])" in market zone "OUTLIVE Trader" (pos=<4291.589844, 25.247801, 4162.500000>).
13:30:03 [Market] Player "StaryKojot" (id=_uJkEyflAFEKMpkKqdLWoQHEfGiapl6KlgBZ_xRI58A=) has sold msp_vorpalknife x1 at the trader "Weapons (Denis [#STR_EXPANSION_MARKET_TRADER_WEAPONS])" in market zone "OUTLIVE Trader" (pos=<4291.589844, 25.247801, 4162.500000>) and got 150.
13:30:07 [Market] Player "StaryKojot" (id=_uJkEyflAFEKMpkKqdLWoQHEfGiapl6KlgBZ_xRI58A=) has send a requested to sell expansion_dt11 x1 at the trader "Weapons (Denis [#STR_EXPANSION_MARKET_TRADER_WEAPONS])" in market zone "OUTLIVE Trader" (pos=<4291.589844, 25.247801, 4162.500000>).
13:30:07 [Market] Player "StaryKojot" (id=_uJkEyflAFEKMpkKqdLWoQHEfGiapl6KlgBZ_xRI58A=) has sold expansion_dt11 x1 at the trader "Weapons (Denis [#STR_EXPANSION_MARKET_TRADER_WEAPONS])" in market zone "OUTLIVE Trader" (pos=<4291.589844, 25.247801, 4162.500000>) and got 350.
13:30:58 [Market] Player "StaryKojot" (id=_uJkEyflAFEKMpkKqdLWoQHEfGiapl6KlgBZ_xRI58A=) has send a requested to sell twp_barrettm82_suppressor x1 at the trader "Attachments (Oliver [#STR_EXPANSION_MARKET_TRADER_ATTACHMENTS])" in market zone "OUTLIVE Trader" (pos=<4291.589844, 25.247801, 4162.500000>).
13:30:58 [Market] Player "StaryKojot" (id=_uJkEyflAFEKMpkKqdLWoQHEfGiapl6KlgBZ_xRI58A=) has sold twp_barrettm82_suppressor x1 at the trader "Attachments (Oliver [#STR_EXPANSION_MARKET_TRADER_ATTACHMENTS])" in market zone "OUTLIVE Trader" (pos=<4291.589844, 25.247801, 4162.500000>) and got 250.
13:30:59 [Market] Player "StaryKojot" (id=_uJkEyflAFEKMpkKqdLWoQHEfGiapl6KlgBZ_xRI58A=) has send a requested to sell twp_barrettm82_suppressor x1 at the trader "Attachments (Oliver [#STR_EXPANSION_MARKET_TRADER_ATTACHMENTS])" in market zone "OUTLIVE Trader" (pos=<4291.589844, 25.247801, 4162.500000>).
13:30:59 [Market] Player "StaryKojot" (id=_uJkEyflAFEKMpkKqdLWoQHEfGiapl6KlgBZ_xRI58A=) has sold twp_barrettm82_suppressor x1 at the trader "Attachments (Oliver [#STR_EXPANSION_MARKET_TRADER_ATTACHMENTS])" in market zone "OUTLIVE Trader" (pos=<4291.589844, 25.247801, 4162.500000>) and got 250.
13:31:06 [Market] Player "StaryKojot" (id=_uJkEyflAFEKMpkKqdLWoQHEfGiapl6KlgBZ_xRI58A=) has send a requested to sell twp_m200old_suppressor x1 at the trader "Attachments (Oliver [#STR_EXPANSION_MARKET_TRADER_ATTACHMENTS])" in market zone "OUTLIVE Trader" (pos=<4291.589844, 25.247801, 4162.500000>).
13:31:06 [Market] Player "StaryKojot" (id=_uJkEyflAFEKMpkKqdLWoQHEfGiapl6KlgBZ_xRI58A=) has sold twp_m200old_suppressor x1 at the trader "Attachments (Oliver [#STR_EXPANSION_MARKET_TRADER_ATTACHMENTS])" in market zone "OUTLIVE Trader" (pos=<4291.589844, 25.247801, 4162.500000>) and got 250.
13:31:28 [Market] Player "StaryKojot" (id=_uJkEyflAFEKMpkKqdLWoQHEfGiapl6KlgBZ_xRI58A=) has send a requested to sell ammo_12gapellets x100 at the trader "Attachments (Oliver [#STR_EXPANSION_MARKET_TRADER_ATTACHMENTS])" in market zone "OUTLIVE Trader" (pos=<4291.589844, 25.247801, 4162.500000>).
13:31:28 [Market] Player "StaryKojot" (id=_uJkEyflAFEKMpkKqdLWoQHEfGiapl6KlgBZ_xRI58A=) has sold ammo_12gapellets x100 at the trader "Attachments (Oliver [#STR_EXPANSION_MARKET_TRADER_ATTACHMENTS])" in market zone "OUTLIVE Trader" (pos=<4291.589844, 25.247801, 4162.500000>) and got 450.
13:31:36 [Market] Player "StaryKojot" (id=_uJkEyflAFEKMpkKqdLWoQHEfGiapl6KlgBZ_xRI58A=) has send a requested to sell ammo_762x39tracer x100 at the trader "Attachments (Oliver [#STR_EXPANSION_MARKET_TRADER_ATTACHMENTS])" in market zone "OUTLIVE Trader" (pos=<4291.589844, 25.247801, 4162.500000>).
13:31:36 [Market] Player "StaryKojot" (id=_uJkEyflAFEKMpkKqdLWoQHEfGiapl6KlgBZ_xRI58A=) has sold ammo_762x39tracer x100 at the trader "Attachments (Oliver [#STR_EXPANSION_MARKET_TRADER_ATTACHMENTS])" in market zone "OUTLIVE Trader" (pos=<4291.589844, 25.247801, 4162.500000>) and got 840.
13:31:44 [Market] Player "StaryKojot" (id=_uJkEyflAFEKMpkKqdLWoQHEfGiapl6KlgBZ_xRI58A=) has send a requested to sell ammo_45acp x200 at the trader "Attachments (Oliver [#STR_EXPANSION_MARKET_TRADER_ATTACHMENTS])" in market zone "OUTLIVE Trader" (pos=<4291.589844, 25.247801, 4162.500000>).
13:31:44 [Market] Player "StaryKojot" (id=_uJkEyflAFEKMpkKqdLWoQHEfGiapl6KlgBZ_xRI58A=) has sold ammo_45acp x200 at the trader "Attachments (Oliver [#STR_EXPANSION_MARKET_TRADER_ATTACHMENTS])" in market zone "OUTLIVE Trader" (pos=<4291.589844, 25.247801, 4162.500000>) and got 300.
13:31:51 [Market] Player "StaryKojot" (id=_uJkEyflAFEKMpkKqdLWoQHEfGiapl6KlgBZ_xRI58A=) has send a requested to sell ammobox_380_35rnd x1 at the trader "Attachments (Oliver [#STR_EXPANSION_MARKET_TRADER_ATTACHMENTS])" in market zone "OUTLIVE Trader" (pos=<4291.589844, 25.247801, 4162.500000>).
13:31:51 [Market] Player "StaryKojot" (id=_uJkEyflAFEKMpkKqdLWoQHEfGiapl6KlgBZ_xRI58A=) has sold ammobox_380_35rnd x1 at the trader "Attachments (Oliver [#STR_EXPANSION_MARKET_TRADER_ATTACHMENTS])" in market zone "OUTLIVE Trader" (pos=<4291.589844, 25.247801, 4162.500000>) and got 60.
13:31:55 [Market] Player "StaryKojot" (id=_uJkEyflAFEKMpkKqdLWoQHEfGiapl6KlgBZ_xRI58A=) has send a requested to sell ammobox_762x39tracer_20rnd x1 at the trader "Attachments (Oliver [#STR_EXPANSION_MARKET_TRADER_ATTACHMENTS])" in market zone "OUTLIVE Trader" (pos=<4291.589844, 25.247801, 4162.500000>).
13:31:55 [Market] Player "StaryKojot" (id=_uJkEyflAFEKMpkKqdLWoQHEfGiapl6KlgBZ_xRI58A=) has sold ammobox_762x39tracer_20rnd x1 at the trader "Attachments (Oliver [#STR_EXPANSION_MARKET_TRADER_ATTACHMENTS])" in market zone "OUTLIVE Trader" (pos=<4291.589844, 25.247801, 4162.500000>) and got 180.
13:31:56 [Market] Player "StaryKojot" (id=_uJkEyflAFEKMpkKqdLWoQHEfGiapl6KlgBZ_xRI58A=) has send a requested to sell ammobox_762x39tracer_20rnd x1 at the trader "Attachments (Oliver [#STR_EXPANSION_MARKET_TRADER_ATTACHMENTS])" in market zone "OUTLIVE Trader" (pos=<4291.589844, 25.247801, 4162.500000>).
13:31:56 [Market] Player "StaryKojot" (id=_uJkEyflAFEKMpkKqdLWoQHEfGiapl6KlgBZ_xRI58A=) has sold ammobox_762x39tracer_20rnd x1 at the trader "Attachments (Oliver [#STR_EXPANSION_MARKET_TRADER_ATTACHMENTS])" in market zone "OUTLIVE Trader" (pos=<4291.589844, 25.247801, 4162.500000>) and got 180.
13:31:58 [Market] Player "StaryKojot" (id=_uJkEyflAFEKMpkKqdLWoQHEfGiapl6KlgBZ_xRI58A=) has send a requested to sell ammobox_308wintracer_20rnd x1 at the trader "Attachments (Oliver [#STR_EXPANSION_MARKET_TRADER_ATTACHMENTS])" in market zone "OUTLIVE Trader" (pos=<4291.589844, 25.247801, 4162.500000>).
13:31:59 [Market] Player "StaryKojot" (id=_uJkEyflAFEKMpkKqdLWoQHEfGiapl6KlgBZ_xRI58A=) has sold ammobox_308wintracer_20rnd x1 at the trader "Attachments (Oliver [#STR_EXPANSION_MARKET_TRADER_ATTACHMENTS])" in market zone "OUTLIVE Trader" (pos=<4291.589844, 25.247801, 4162.500000>) and got 210.
13:32:00 [Market] Player "StaryKojot" (id=_uJkEyflAFEKMpkKqdLWoQHEfGiapl6KlgBZ_xRI58A=) has send a requested to sell ammobox_308wintracer_20rnd x1 at the trader "Attachments (Oliver [#STR_EXPANSION_MARKET_TRADER_ATTACHMENTS])" in market zone "OUTLIVE Trader" (pos=<4291.589844, 25.247801, 4162.500000>).
13:32:00 [Market] Player "StaryKojot" (id=_uJkEyflAFEKMpkKqdLWoQHEfGiapl6KlgBZ_xRI58A=) has sold ammobox_308wintracer_20rnd x1 at the trader "Attachments (Oliver [#STR_EXPANSION_MARKET_TRADER_ATTACHMENTS])" in market zone "OUTLIVE Trader" (pos=<4291.589844, 25.247801, 4162.500000>) and got 210.
13:32:01 [Market] Player "StaryKojot" (id=_uJkEyflAFEKMpkKqdLWoQHEfGiapl6KlgBZ_xRI58A=) has send a requested to sell ammobox_45acp_25rnd x1 at the trader "Attachments (Oliver [#STR_EXPANSION_MARKET_TRADER_ATTACHMENTS])" in market zone "OUTLIVE Trader" (pos=<4291.589844, 25.247801, 4162.500000>).
13:32:01 [Market] Player "StaryKojot" (id=_uJkEyflAFEKMpkKqdLWoQHEfGiapl6KlgBZ_xRI58A=) has sold ammobox_45acp_25rnd x1 at the trader "Attachments (Oliver [#STR_EXPANSION_MARKET_TRADER_ATTACHMENTS])" in market zone "OUTLIVE Trader" (pos=<4291.589844, 25.247801, 4162.500000>) and got 45.
13:32:27 [Market] Player "StaryKojot" (id=_uJkEyflAFEKMpkKqdLWoQHEfGiapl6KlgBZ_xRI58A=) has send a requested to sell msp_wardrobe_brown_kit x1 at the trader "BuildingSupplies (Boris [#STR_EXPANSION_MARKET_TRADER_BUILDING_SUPPLIES])" in market zone "OUTLIVE Trader" (pos=<4291.589844, 25.247801, 4162.500000>).
13:32:27 [Market] Player "StaryKojot" (id=_uJkEyflAFEKMpkKqdLWoQHEfGiapl6KlgBZ_xRI58A=) has sold msp_wardrobe_brown_kit x1 at the trader "BuildingSupplies (Boris [#STR_EXPANSION_MARKET_TRADER_BUILDING_SUPPLIES])" in market zone "OUTLIVE Trader" (pos=<4291.589844, 25.247801, 4162.500000>) and got 2000.
13:32:48 [Market] Player "StaryKojot" (id=_uJkEyflAFEKMpkKqdLWoQHEfGiapl6KlgBZ_xRI58A=) has send a requested to sell bakedbeanscan x1 at the trader "Consumables (Naomi [#STR_EXPANSION_MARKET_TRADER_CONSUMABLES])" in market zone "OUTLIVE Trader" (pos=<4291.589844, 25.247801, 4162.500000>).
13:32:48 [Market] Player "StaryKojot" (id=_uJkEyflAFEKMpkKqdLWoQHEfGiapl6KlgBZ_xRI58A=) has sold bakedbeanscan x1 at the trader "Consumables (Naomi [#STR_EXPANSION_MARKET_TRADER_CONSUMABLES])" in market zone "OUTLIVE Trader" (pos=<4291.589844, 25.247801, 4162.500000>) and got 25.
13:32:51 [Market] Player "StaryKojot" (id=_uJkEyflAFEKMpkKqdLWoQHEfGiapl6KlgBZ_xRI58A=) has send a requested to sell tunacan x1 at the trader "Consumables (Naomi [#STR_EXPANSION_MARKET_TRADER_CONSUMABLES])" in market zone "OUTLIVE Trader" (pos=<4291.589844, 25.247801, 4162.500000>).
13:32:51 [Market] Player "StaryKojot" (id=_uJkEyflAFEKMpkKqdLWoQHEfGiapl6KlgBZ_xRI58A=) has sold tunacan x1 at the trader "Consumables (Naomi [#STR_EXPANSION_MARKET_TRADER_CONSUMABLES])" in market zone "OUTLIVE Trader" (pos=<4291.589844, 25.247801, 4162.500000>) and got 20.
13:32:53 [Market] Player "StaryKojot" (id=_uJkEyflAFEKMpkKqdLWoQHEfGiapl6KlgBZ_xRI58A=) has send a requested to sell porkcan x1 at the trader "Consumables (Naomi [#STR_EXPANSION_MARKET_TRADER_CONSUMABLES])" in market zone "OUTLIVE Trader" (pos=<4291.589844, 25.247801, 4162.500000>).
13:32:53 [Market] Player "StaryKojot" (id=_uJkEyflAFEKMpkKqdLWoQHEfGiapl6KlgBZ_xRI58A=) has sold porkcan x1 at the trader "Consumables (Naomi [#STR_EXPANSION_MARKET_TRADER_CONSUMABLES])" in market zone "OUTLIVE Trader" (pos=<4291.589844, 25.247801, 4162.500000>) and got 25.
13:32:55 [Market] Player "StaryKojot" (id=_uJkEyflAFEKMpkKqdLWoQHEfGiapl6KlgBZ_xRI58A=) has send a requested to sell honey x1 at the trader "Consumables (Naomi [#STR_EXPANSION_MARKET_TRADER_CONSUMABLES])" in market zone "OUTLIVE Trader" (pos=<4291.589844, 25.247801, 4162.500000>).
13:32:55 [Market] Player "StaryKojot" (id=_uJkEyflAFEKMpkKqdLWoQHEfGiapl6KlgBZ_xRI58A=) has sold honey x1 at the trader "Consumables (Naomi [#STR_EXPANSION_MARKET_TRADER_CONSUMABLES])" in market zone "OUTLIVE Trader" (pos=<4291.589844, 25.247801, 4162.500000>) and got 26.
13:33:58 [Market] Player "StaryKojot" (id=_uJkEyflAFEKMpkKqdLWoQHEfGiapl6KlgBZ_xRI58A=) has send a requested to sell mmg_holster_green x1 at the trader "Clothing (Linda [#STR_EXPANSION_MARKET_TRADER_CLOTHING])" in market zone "OUTLIVE Trader" (pos=<4291.589844, 25.247801, 4162.500000>).
13:33:58 [Market] Player "StaryKojot" (id=_uJkEyflAFEKMpkKqdLWoQHEfGiapl6KlgBZ_xRI58A=) has sold mmg_holster_green x1 at the trader "Clothing (Linda [#STR_EXPANSION_MARKET_TRADER_CLOTHING])" in market zone "OUTLIVE Trader" (pos=<4291.589844, 25.247801, 4162.500000>) and got 200.
13:34:02 [Market] Player "StaryKojot" (id=_uJkEyflAFEKMpkKqdLWoQHEfGiapl6KlgBZ_xRI58A=) has send a requested to sell mmg_tac_goggles_red_tan x1 at the trader "Clothing (Linda [#STR_EXPANSION_MARKET_TRADER_CLOTHING])" in market zone "OUTLIVE Trader" (pos=<4291.589844, 25.247801, 4162.500000>).
13:34:02 [Market] Player "StaryKojot" (id=_uJkEyflAFEKMpkKqdLWoQHEfGiapl6KlgBZ_xRI58A=) has sold mmg_tac_goggles_red_tan x1 at the trader "Clothing (Linda [#STR_EXPANSION_MARKET_TRADER_CLOTHING])" in market zone "OUTLIVE Trader" (pos=<4291.589844, 25.247801, 4162.500000>) and got 112.
13:34:08 [Market] Player "StaryKojot" (id=_uJkEyflAFEKMpkKqdLWoQHEfGiapl6KlgBZ_xRI58A=) has send a requested to sell mmg_triple_magpouch_ucp x1 at the trader "Clothing (Linda [#STR_EXPANSION_MARKET_TRADER_CLOTHING])" in market zone "OUTLIVE Trader" (pos=<4291.589844, 25.247801, 4162.500000>).
13:34:08 [Market] Player "StaryKojot" (id=_uJkEyflAFEKMpkKqdLWoQHEfGiapl6KlgBZ_xRI58A=) has sold mmg_triple_magpouch_ucp x1 at the trader "Clothing (Linda [#STR_EXPANSION_MARKET_TRADER_CLOTHING])" in market zone "OUTLIVE Trader" (pos=<4291.589844, 25.247801, 4162.500000>) and got 200.
13:34:19 [Market] Player "StaryKojot" (id=_uJkEyflAFEKMpkKqdLWoQHEfGiapl6KlgBZ_xRI58A=) has send a requested to sell mmg_mk_v_armor_multicamblack x1 at the trader "Clothing (Linda [#STR_EXPANSION_MARKET_TRADER_CLOTHING])" in market zone "OUTLIVE Trader" (pos=<4291.589844, 25.247801, 4162.500000>).
13:34:19 [Market] Player "StaryKojot" (id=_uJkEyflAFEKMpkKqdLWoQHEfGiapl6KlgBZ_xRI58A=) has sold mmg_mk_v_armor_multicamblack x1 at the trader "Clothing (Linda [#STR_EXPANSION_MARKET_TRADER_CLOTHING])" in market zone "OUTLIVE Trader" (pos=<4291.589844, 25.247801, 4162.500000>) and got 2750.
13:34:27 [Market] Player "StaryKojot" (id=_uJkEyflAFEKMpkKqdLWoQHEfGiapl6KlgBZ_xRI58A=) has send a requested to sell mmg_assault_pack_atacs x1 at the trader "Clothing (Linda [#STR_EXPANSION_MARKET_TRADER_CLOTHING])" in market zone "OUTLIVE Trader" (pos=<4291.589844, 25.247801, 4162.500000>).
13:34:27 [Market] Player "StaryKojot" (id=_uJkEyflAFEKMpkKqdLWoQHEfGiapl6KlgBZ_xRI58A=) has sold mmg_assault_pack_atacs x1 at the trader "Clothing (Linda [#STR_EXPANSION_MARKET_TRADER_CLOTHING])" in market zone "OUTLIVE Trader" (pos=<4291.589844, 25.247801, 4162.500000>) and got 1000.
13:34:38 [Market] Player "StaryKojot" (id=_uJkEyflAFEKMpkKqdLWoQHEfGiapl6KlgBZ_xRI58A=) has send a requested to sell mvs_opscore_multicam_black x1 at the trader "Clothing (Linda [#STR_EXPANSION_MARKET_TRADER_CLOTHING])" in market zone "OUTLIVE Trader" (pos=<4291.589844, 25.247801, 4162.500000>).
13:34:38 [Market] Player "StaryKojot" (id=_uJkEyflAFEKMpkKqdLWoQHEfGiapl6KlgBZ_xRI58A=) has sold mvs_opscore_multicam_black x1 at the trader "Clothing (Linda [#STR_EXPANSION_MARKET_TRADER_CLOTHING])" in market zone "OUTLIVE Trader" (pos=<4291.589844, 25.247801, 4162.500000>) and got 300.
13:34:59 [Market] Player "StaryKojot" (id=_uJkEyflAFEKMpkKqdLWoQHEfGiapl6KlgBZ_xRI58A=) has send a requested to sell mvs_magazine_pouch_erdl x1 at the trader "Clothing (Linda [#STR_EXPANSION_MARKET_TRADER_CLOTHING])" in market zone "OUTLIVE Trader" (pos=<4291.589844, 25.247801, 4162.500000>).
13:34:59 [Market] Player "StaryKojot" (id=_uJkEyflAFEKMpkKqdLWoQHEfGiapl6KlgBZ_xRI58A=) has sold mvs_magazine_pouch_erdl x1 at the trader "Clothing (Linda [#STR_EXPANSION_MARKET_TRADER_CLOTHING])" in market zone "OUTLIVE Trader" (pos=<4291.589844, 25.247801, 4162.500000>) and got 250.
13:36:03 [Market] Player "StaryKojot" (id=_uJkEyflAFEKMpkKqdLWoQHEfGiapl6KlgBZ_xRI58A=) has send a requested to sell firstaidkit x1 at the trader "Medicals (Eva [#STR_EXPANSION_MARKET_TRADER_MEDICALS])" in market zone "OUTLIVE Trader" (pos=<4291.589844, 25.247801, 4162.500000>).
13:36:03 [Market] Player "StaryKojot" (id=_uJkEyflAFEKMpkKqdLWoQHEfGiapl6KlgBZ_xRI58A=) has sold firstaidkit x1 at the trader "Medicals (Eva [#STR_EXPANSION_MARKET_TRADER_MEDICALS])" in market zone "OUTLIVE Trader" (pos=<4291.589844, 25.247801, 4162.500000>) and got 150.
13:36:06 [Market] Player "StaryKojot" (id=_uJkEyflAFEKMpkKqdLWoQHEfGiapl6KlgBZ_xRI58A=) has send a requested to sell twp_desinfectant x1 at the trader "Medicals (Eva [#STR_EXPANSION_MARKET_TRADER_MEDICALS])" in market zone "OUTLIVE Trader" (pos=<4291.589844, 25.247801, 4162.500000>).
13:36:06 [Market] Player "StaryKojot" (id=_uJkEyflAFEKMpkKqdLWoQHEfGiapl6KlgBZ_xRI58A=) has sold twp_desinfectant x1 at the trader "Medicals (Eva [#STR_EXPANSION_MARKET_TRADER_MEDICALS])" in market zone "OUTLIVE Trader" (pos=<4291.589844, 25.247801, 4162.500000>) and got 400.
13:37:25 [Market] Player "StaryKojot" (id=_uJkEyflAFEKMpkKqdLWoQHEfGiapl6KlgBZ_xRI58A=) has send a requested to sell balaclavamask_blackskull x1 at the trader "Clothing (Linda [#STR_EXPANSION_MARKET_TRADER_CLOTHING])" in market zone "OUTLIVE Trader" (pos=<4291.589844, 25.247801, 4162.500000>).
13:37:25 [Market] Player "StaryKojot" (id=_uJkEyflAFEKMpkKqdLWoQHEfGiapl6KlgBZ_xRI58A=) has sold balaclavamask_blackskull x1 at the trader "Clothing (Linda [#STR_EXPANSION_MARKET_TRADER_CLOTHING])" in market zone "OUTLIVE Trader" (pos=<4291.589844, 25.247801, 4162.500000>) and got 100.
13:37:56 [ATM] Player "StaryKojot" (id=_uJkEyflAFEKMpkKqdLWoQHEfGiapl6KlgBZ_xRI58A=) has deposited 17436 on his ATM account.
13:38:15 [VehicleEnter] Player StaryKojot [uid=_uJkEyflAFEKMpkKqdLWoQHEfGiapl6KlgBZ_xRI58A=] entered vehicle M3S Covered (pos=<4247.435059, 10.497926, 4169.451172>, type=Truck_01_Covered) as driver
13:38:19 [VehicleEngine] Player StaryKojot [uid=_uJkEyflAFEKMpkKqdLWoQHEfGiapl6KlgBZ_xRI58A=] started vehicle M3S Covered (pos=<4247.435059, 10.500190, 4169.451660>, type=Truck_01_Covered)
13:38:49 [VehicleEngine] Player StaryKojot [uid=_uJkEyflAFEKMpkKqdLWoQHEfGiapl6KlgBZ_xRI58A=] stopped vehicle M3S Covered (pos=<4267.832031, 11.255643, 4196.145020>, type=Truck_01_Covered)
13:38:54 [VehicleLeave] Player StaryKojot [uid=_uJkEyflAFEKMpkKqdLWoQHEfGiapl6KlgBZ_xRI58A=] left vehicle M3S Covered (pos=<4267.845703, 11.255480, 4196.167969>, type=Truck_01_Covered)
13:39:04 [VehicleCarKey] Player "StaryKojot" (id=_uJkEyflAFEKMpkKqdLWoQHEfGiapl6KlgBZ_xRI58A= pos=<4269.980957, 10.963662, 4194.634277>) used the  ExpansionCarKey to lock a Truck_01_Covered
13:41:23 [VehicleCarKey] Player "StaryKojot" (id=_uJkEyflAFEKMpkKqdLWoQHEfGiapl6KlgBZ_xRI58A= pos=<4269.421387, 11.008834, 4194.650391>) used the  ExpansionCarKey to unlock a Truck_01_Covered
13:41:30 [VehicleCarKey] Player "StaryKojot" (id=_uJkEyflAFEKMpkKqdLWoQHEfGiapl6KlgBZ_xRI58A= pos=<4269.203125, 11.038918, 4195.158691>) used the  ExpansionCarKey to lock a Truck_01_Covered
13:42:26 [VehicleCarKey] Player "StaryKojot" (id=_uJkEyflAFEKMpkKqdLWoQHEfGiapl6KlgBZ_xRI58A= pos=<4269.210938, 11.000537, 4193.861816>) used the  ExpansionCarKey to unlock a Truck_01_Covered
13:42:31 [VehicleEnter] Player StaryKojot [uid=_uJkEyflAFEKMpkKqdLWoQHEfGiapl6KlgBZ_xRI58A=] entered vehicle M3S Covered (pos=<4267.845703, 11.253247, 4196.168457>, type=Truck_01_Covered) as driver
13:42:33 [VehicleEngine] Player StaryKojot [uid=_uJkEyflAFEKMpkKqdLWoQHEfGiapl6KlgBZ_xRI58A=] started vehicle M3S Covered (pos=<4267.845703, 11.255657, 4196.167969>, type=Truck_01_Covered)
13:43:03 [Safezone] Player "StaryKojot" (id=_uJkEyflAFEKMpkKqdLWoQHEfGiapl6KlgBZ_xRI58A= pos=<4131.363770, 15.321342, 4342.634766>) Left the safezone
13:46:03 [Safezone] Player "MADness" (id=OWXX6Y-5LFd-7A6ELi2o-QPO0kjmZUMZvMTKL0AQ_q0= pos=<4229.948242, 10.054982, 4142.566406>) Entered the safezone
13:46:03 [Expansion Quests] - SetupClientData - Loaded existing player quest data for player with UID: OWXX6Y-5LFd-7A6ELi2o-QPO0kjmZUMZvMTKL0AQ_q0=
13:46:03 [Expansion Quests] - PlayerQuestsInit - Create new quest instance for quest: 23 - Creator UID: OWXX6Y-5LFd-7A6ELi2o-QPO0kjmZUMZvMTKL0AQ_q0=
13:49:30 [Safezone] Player "MADness" (id=OWXX6Y-5LFd-7A6ELi2o-QPO0kjmZUMZvMTKL0AQ_q0= pos=<4387.080566, 2.666426, 6026.888672>) Left the safezone
13:49:43 [Safezone] Player "MADness" (id=OWXX6Y-5LFd-7A6ELi2o-QPO0kjmZUMZvMTKL0AQ_q0= pos=<4299.283203, 6.299117, 4174.709961>) Entered the safezone
13:53:46 [VehicleLeave] Player StaryKojot [uid=_uJkEyflAFEKMpkKqdLWoQHEfGiapl6KlgBZ_xRI58A=] left vehicle M3S Covered (pos=<6348.986816, 2.598677, 5744.891602>, type=Truck_01_Covered)
13:53:51 [VehicleCarKey] Player "StaryKojot" (id=_uJkEyflAFEKMpkKqdLWoQHEfGiapl6KlgBZ_xRI58A= pos=<6347.248047, 2.523582, 5747.429199>) used the  ExpansionCarKey to lock a Truck_01_Covered
14:01:52 [Expansion Quests] - SetupClientData - Got cached player quest data for player with UID: _uJkEyflAFEKMpkKqdLWoQHEfGiapl6KlgBZ_xRI58A=
14:01:52 [Expansion Quests] - PlayerQuestsInit - Create new quest instance for quest: 23 - Creator UID: _uJkEyflAFEKMpkKqdLWoQHEfGiapl6KlgBZ_xRI58A=
