20:04:05 [AI Object Patrol] Generating an example config...
20:05:22 [Expansion Quests] - SetupClientData - Loaded existing player quest data for player with UID: z67WFg-Joo3MekD4H0kXOZXbSI0D6ip7P9dY0J-nUoM=
20:05:22 [Expansion Quests] - PlayerQuestsInit - Create new quest instance for quest: 20 - Creator UID: z67WFg-Joo3MekD4H0kXOZXbSI0D6ip7P9dY0J-nUoM=
20:05:22 [Expansion Quests] - PlayerQuestsInit - Create new quest instance for quest: 23 - Creator UID: z67WFg-Joo3MekD4H0kXOZXbSI0D6ip7P9dY0J-nUoM=
20:05:42 [Safezone] Player "Martina_(.)(.)_" (id=KBvZ7N7QOK5224QFIh6ry8QI5xBwogyjGyBaskjwU0A= pos=<4358.640625, 1.464676, 4179.988281>) Entered the safezone
20:05:42 [Expansion Quests] - SetupClientData - Loaded existing player quest data for player with UID: KBvZ7N7QOK5224QFIh6ry8QI5xBwogyjGyBaskjwU0A=
20:05:42 [Expansion Quests] - PlayerQuestsInit - Create new quest instance for quest: 23 - Creator UID: KBvZ7N7QOK5224QFIh6ry8QI5xBwogyjGyBaskjwU0A=
20:06:59 [Safezone] Player "Martina_(.)(.)_" (id=KBvZ7N7QOK5224QFIh6ry8QI5xBwogyjGyBaskjwU0A= pos=<4433.557617, 1.415249, 4195.049805>) Left the safezone
20:10:29 [MissionAirdrop] An airdrop is heading towards "Krater" (pos=<7262.000000, 0.000000, 9618.000000> type=Random_Krater) with a ExpansionAirdropContainer
20:10:29 [MissionAirdrop] An airdrop is heading towards "Airport" (pos=<8307.879883, 0.000000, 924.599976> type=Random_Airport) with a ExpansionAirdropContainer_Medical
20:18:44 [Expansion Quests] - SetupClientData - Loaded existing player quest data for player with UID: 4r9Qw97BrWWUc-JN5svykH45KprkXCwFNoDt8GYM410=
20:18:44 [Expansion Quests] - PlayerQuestsInit - Create new quest instance for quest: 19 - Creator UID: 4r9Qw97BrWWUc-JN5svykH45KprkXCwFNoDt8GYM410=
20:18:44 [Expansion Quests] - PlayerQuestsInit - Create new quest instance for quest: 20 - Creator UID: 4r9Qw97BrWWUc-JN5svykH45KprkXCwFNoDt8GYM410=
20:18:44 [Expansion Quests] - PlayerQuestsInit - Create new quest instance for quest: 23 - Creator UID: 4r9Qw97BrWWUc-JN5svykH45KprkXCwFNoDt8GYM410=
20:30:25 [Killfeed] [Chill] Rehy_CZ fell to their death.
20:30:37 [Expansion Quests] - SetupClientData - Got cached player quest data for player with UID: z67WFg-Joo3MekD4H0kXOZXbSI0D6ip7P9dY0J-nUoM=
20:32:49 [Expansion Quests] - CreateQuestInstance - Created new quest instance for player with UID z67WFg-Joo3MekD4H0kXOZXbSI0D6ip7P9dY0J-nUoM= for quest 11
20:32:49 [Expansion Quests] - ExpansionQuest - Quest owner ID: z67WFg-Joo3MekD4H0kXOZXbSI0D6ip7P9dY0J-nUoM=
20:32:49 [Expansion Quests] - ExpansionQuest - Quest ID: 11
20:32:49 [Expansion Quests] - ExpansionQuest - Quest state: 1
20:32:49 [Expansion Quests] - ExpansionQuest - Quest completed: false
20:32:57 [Expansion Quests] - CreateQuestInstance - Created new quest instance for player with UID z67WFg-Joo3MekD4H0kXOZXbSI0D6ip7P9dY0J-nUoM= for quest 41
20:32:57 [Expansion Quests] - ExpansionQuest - Quest owner ID: z67WFg-Joo3MekD4H0kXOZXbSI0D6ip7P9dY0J-nUoM=
20:32:57 [Expansion Quests] - ExpansionQuest - Quest ID: 41
20:32:57 [Expansion Quests] - ExpansionQuest - Quest state: 1
20:32:57 [Expansion Quests] - ExpansionQuest - Quest completed: false
20:33:02 [Expansion Quests] - CreateQuestInstance - Created new quest instance for player with UID z67WFg-Joo3MekD4H0kXOZXbSI0D6ip7P9dY0J-nUoM= for quest 18
20:33:02 [Expansion Quests] - ExpansionQuest - Quest owner ID: z67WFg-Joo3MekD4H0kXOZXbSI0D6ip7P9dY0J-nUoM=
20:33:02 [Expansion Quests] - ExpansionQuest - Quest ID: 18
20:33:02 [Expansion Quests] - ExpansionQuest - Quest state: 1
20:33:02 [Expansion Quests] - ExpansionQuest - Quest completed: false
20:33:07 [Expansion Quests] - CreateQuestInstance - Created new quest instance for player with UID z67WFg-Joo3MekD4H0kXOZXbSI0D6ip7P9dY0J-nUoM= for quest 14
20:33:07 [Expansion Quests] - ExpansionQuest - Quest owner ID: z67WFg-Joo3MekD4H0kXOZXbSI0D6ip7P9dY0J-nUoM=
20:33:07 [Expansion Quests] - ExpansionQuest - Quest ID: 14
20:33:07 [Expansion Quests] - ExpansionQuest - Quest state: 1
20:33:07 [Expansion Quests] - ExpansionQuest - Quest completed: false
20:33:13 [Expansion Quests] - CreateQuestInstance - Created new quest instance for player with UID z67WFg-Joo3MekD4H0kXOZXbSI0D6ip7P9dY0J-nUoM= for quest 13
20:33:13 [Expansion Quests] - ExpansionQuest - Quest owner ID: z67WFg-Joo3MekD4H0kXOZXbSI0D6ip7P9dY0J-nUoM=
20:33:13 [Expansion Quests] - ExpansionQuest - Quest ID: 13
20:33:13 [Expansion Quests] - ExpansionQuest - Quest state: 1
20:33:13 [Expansion Quests] - ExpansionQuest - Quest completed: false
20:33:18 [Expansion Quests] - CreateQuestInstance - Created new quest instance for player with UID z67WFg-Joo3MekD4H0kXOZXbSI0D6ip7P9dY0J-nUoM= for quest 12
20:33:18 [Expansion Quests] - ExpansionQuest - Quest owner ID: z67WFg-Joo3MekD4H0kXOZXbSI0D6ip7P9dY0J-nUoM=
20:33:18 [Expansion Quests] - ExpansionQuest - Quest ID: 12
20:33:18 [Expansion Quests] - ExpansionQuest - Quest state: 1
20:33:18 [Expansion Quests] - ExpansionQuest - Quest completed: false
20:47:17 [Expansion Quests] - SetupClientData - Got cached player quest data for player with UID: z67WFg-Joo3MekD4H0kXOZXbSI0D6ip7P9dY0J-nUoM=
20:47:17 [Expansion Quests] - PlayerQuestsInit - Create new quest instance for quest: 20 - Creator UID: z67WFg-Joo3MekD4H0kXOZXbSI0D6ip7P9dY0J-nUoM=
20:47:17 [Expansion Quests] - PlayerQuestsInit - Create new quest instance for quest: 11 - Creator UID: z67WFg-Joo3MekD4H0kXOZXbSI0D6ip7P9dY0J-nUoM=
20:47:17 [Expansion Quests] - PlayerQuestsInit - Create new quest instance for quest: 18 - Creator UID: z67WFg-Joo3MekD4H0kXOZXbSI0D6ip7P9dY0J-nUoM=
20:47:17 [Expansion Quests] - PlayerQuestsInit - Create new quest instance for quest: 13 - Creator UID: z67WFg-Joo3MekD4H0kXOZXbSI0D6ip7P9dY0J-nUoM=
21:08:25 [Expansion Quests] - SetupClientData - Loaded existing player quest data for player with UID: OWXX6Y-5LFd-7A6ELi2o-QPO0kjmZUMZvMTKL0AQ_q0=
21:08:25 [Expansion Quests] - PlayerQuestsInit - Create new quest instance for quest: 23 - Creator UID: OWXX6Y-5LFd-7A6ELi2o-QPO0kjmZUMZvMTKL0AQ_q0=
21:08:52 [Chat - Global]("MADness"(id=OWXX6Y-5LFd-7A6ELi2o-QPO0kjmZUMZvMTKL0AQ_q0=)): Hola hej, vy máte ale výdrž :)
21:12:57 [Expansion Quests] - SetupClientData - Loaded existing player quest data for player with UID: R5QkEcrxtly9KY8lzQxLv6FMruTgXOxuSWhCmf7J-cA=
21:12:57 [Expansion Quests] - PlayerQuestsInit - Create new quest instance for quest: 23 - Creator UID: R5QkEcrxtly9KY8lzQxLv6FMruTgXOxuSWhCmf7J-cA=
21:25:56 [Expansion Quests] - SetupClientData - Got cached player quest data for player with UID: z67WFg-Joo3MekD4H0kXOZXbSI0D6ip7P9dY0J-nUoM=
21:26:24 [Expansion Quests] - SetupClientData - Loaded existing player quest data for player with UID: ejSkxByu56JQJCjaqLBSPNXICtUOhtzWA8N8KOJ3ik0=
21:26:24 [Expansion Quests] - PlayerQuestsInit - Create new quest instance for quest: 23 - Creator UID: ejSkxByu56JQJCjaqLBSPNXICtUOhtzWA8N8KOJ3ik0=
21:26:24 [Expansion Quests] - PlayerQuestsInit - Create new quest instance for quest: 14 - Creator UID: ejSkxByu56JQJCjaqLBSPNXICtUOhtzWA8N8KOJ3ik0=
21:26:24 [Expansion Quests] - PlayerQuestsInit - Create new quest instance for quest: 12 - Creator UID: ejSkxByu56JQJCjaqLBSPNXICtUOhtzWA8N8KOJ3ik0=
21:26:24 [Expansion Quests] - PlayerQuestsInit - Create new quest instance for quest: 11 - Creator UID: ejSkxByu56JQJCjaqLBSPNXICtUOhtzWA8N8KOJ3ik0=
21:26:24 [Expansion Quests] - PlayerQuestsInit - Create new quest instance for quest: 4 - Creator UID: ejSkxByu56JQJCjaqLBSPNXICtUOhtzWA8N8KOJ3ik0=
21:26:24 [Expansion Quests] - PlayerQuestsInit - Create new quest instance for quest: 5 - Creator UID: ejSkxByu56JQJCjaqLBSPNXICtUOhtzWA8N8KOJ3ik0=
21:26:24 [Expansion Quests] - PlayerQuestsInit - Create new quest instance for quest: 2 - Creator UID: ejSkxByu56JQJCjaqLBSPNXICtUOhtzWA8N8KOJ3ik0=
21:26:24 [Expansion Quests] - PlayerQuestsInit - Create new quest instance for quest: 9 - Creator UID: ejSkxByu56JQJCjaqLBSPNXICtUOhtzWA8N8KOJ3ik0=
21:28:22 [Expansion Quests] - SetupClientData - Got cached player quest data for player with UID: 4r9Qw97BrWWUc-JN5svykH45KprkXCwFNoDt8GYM410=
21:28:22 [Expansion Quests] - PlayerQuestsInit - Create new quest instance for quest: 19 - Creator UID: 4r9Qw97BrWWUc-JN5svykH45KprkXCwFNoDt8GYM410=
21:28:22 [Expansion Quests] - PlayerQuestsInit - Create new quest instance for quest: 23 - Creator UID: 4r9Qw97BrWWUc-JN5svykH45KprkXCwFNoDt8GYM410=
21:30:18 [Expansion Quests] - SetupClientData - Loaded existing player quest data for player with UID: wvz1jGdA27Eb3vtZqqzBgGv9Su_0oOujtdP3UqN1c-g=
21:30:18 [Expansion Quests] - PlayerQuestsInit - Create new quest instance for quest: 23 - Creator UID: wvz1jGdA27Eb3vtZqqzBgGv9Su_0oOujtdP3UqN1c-g=
21:30:18 [Expansion Quests] - PlayerQuestsInit - Create new quest instance for quest: 4 - Creator UID: wvz1jGdA27Eb3vtZqqzBgGv9Su_0oOujtdP3UqN1c-g=
21:30:18 [Expansion Quests] - PlayerQuestsInit - Create new quest instance for quest: 7 - Creator UID: wvz1jGdA27Eb3vtZqqzBgGv9Su_0oOujtdP3UqN1c-g=
21:30:18 [Expansion Quests] - PlayerQuestsInit - Create new quest instance for quest: 15 - Creator UID: wvz1jGdA27Eb3vtZqqzBgGv9Su_0oOujtdP3UqN1c-g=
21:30:49 [Chat - Global]("Majky"(id=wvz1jGdA27Eb3vtZqqzBgGv9Su_0oOujtdP3UqN1c-g=)): brej večírer :) 
21:30:58 [Chat - Global]("Martina_(.)(.)_"(id=KBvZ7N7QOK5224QFIh6ry8QI5xBwogyjGyBaskjwU0A=)): ahojky
21:31:16 [Chat - Global]("[Chill] Rehy_CZ"(id=z67WFg-Joo3MekD4H0kXOZXbSI0D6ip7P9dY0J-nUoM=)): Zdarec
21:31:22 [VehicleCarKey] Player "Majky" (id=wvz1jGdA27Eb3vtZqqzBgGv9Su_0oOujtdP3UqN1c-g= pos=<8763.646484, 4.107924, 6629.270020>) used the  ExpansionCarKey to unlock a ExpansionGyrocopter
21:31:27 [Chat - Global]("MADness"(id=ejSkxByu56JQJCjaqLBSPNXICtUOhtzWA8N8KOJ3ik0=)): Hola :_)
21:31:36 [Chat - Global]("Rikinoo"(id=R5QkEcrxtly9KY8lzQxLv6FMruTgXOxuSWhCmf7J-cA=)): caute
21:31:54 [Chat - Global]("MADness"(id=ejSkxByu56JQJCjaqLBSPNXICtUOhtzWA8N8KOJ3ik0=)): nalákala jsem tě na lodičku?
21:32:12 [Chat - Global]("Majky"(id=wvz1jGdA27Eb3vtZqqzBgGv9Su_0oOujtdP3UqN1c-g=)): ja sem predsa chodím furt nie ? :) však veterán :D 
21:33:58 [Safezone] Player "Majky" (id=wvz1jGdA27Eb3vtZqqzBgGv9Su_0oOujtdP3UqN1c-g= pos=<9916.058594, 8.588472, 5398.778320>) Entered the safezone
21:34:05 [MissionAirdrop] An airdrop is heading towards "Prison" (pos=<1399.579956, 0.000000, 9977.769531> type=Random_Prison) with a ExpansionAirdropContainer_Military
21:34:05 [MissionAirdrop] An airdrop is heading towards "Stein" (pos=<4619.000000, 0.000000, 7618.000000> type=Random_Stein) with a ExpansionAirdropContainer
21:34:15 [Market] Player "Majky" (id=wvz1jGdA27Eb3vtZqqzBgGv9Su_0oOujtdP3UqN1c-g=) has send a requested to sell twp_tennisball_grenade x1 at the trader "Blacktrader (Elias [Smuggler Trader])" in market zone "OUTLIVE Smuggler Trader" (pos=<9945.549805, 36.532902, 5359.779785>).
21:34:15 [Market] Player "Majky" (id=wvz1jGdA27Eb3vtZqqzBgGv9Su_0oOujtdP3UqN1c-g=) has sold twp_tennisball_grenade x1 at the trader "Blacktrader (Elias [Smuggler Trader])" in market zone "OUTLIVE Smuggler Trader" (pos=<9945.549805, 36.532902, 5359.779785>) and got 1000.
21:34:19 [Market] Player "Majky" (id=wvz1jGdA27Eb3vtZqqzBgGv9Su_0oOujtdP3UqN1c-g=) has send a requested to sell m18smokegrenade_red x1 at the trader "Blacktrader (Elias [Smuggler Trader])" in market zone "OUTLIVE Smuggler Trader" (pos=<9945.549805, 36.532902, 5359.779785>).
21:34:19 [Market] Player "Majky" (id=wvz1jGdA27Eb3vtZqqzBgGv9Su_0oOujtdP3UqN1c-g=) has sold m18smokegrenade_red x1 at the trader "Blacktrader (Elias [Smuggler Trader])" in market zone "OUTLIVE Smuggler Trader" (pos=<9945.549805, 36.532902, 5359.779785>) and got 500.
21:34:20 [Market] Player "Majky" (id=wvz1jGdA27Eb3vtZqqzBgGv9Su_0oOujtdP3UqN1c-g=) has send a requested to sell m18smokegrenade_red x1 at the trader "Blacktrader (Elias [Smuggler Trader])" in market zone "OUTLIVE Smuggler Trader" (pos=<9945.549805, 36.532902, 5359.779785>).
21:34:20 [Market] Player "Majky" (id=wvz1jGdA27Eb3vtZqqzBgGv9Su_0oOujtdP3UqN1c-g=) has sold m18smokegrenade_red x1 at the trader "Blacktrader (Elias [Smuggler Trader])" in market zone "OUTLIVE Smuggler Trader" (pos=<9945.549805, 36.532902, 5359.779785>) and got 500.
21:34:21 [Market] Player "Majky" (id=wvz1jGdA27Eb3vtZqqzBgGv9Su_0oOujtdP3UqN1c-g=) has send a requested to sell landminetrap x1 at the trader "Blacktrader (Elias [Smuggler Trader])" in market zone "OUTLIVE Smuggler Trader" (pos=<9945.549805, 36.532902, 5359.779785>).
21:34:21 [Market] Player "Majky" (id=wvz1jGdA27Eb3vtZqqzBgGv9Su_0oOujtdP3UqN1c-g=) has sold landminetrap x1 at the trader "Blacktrader (Elias [Smuggler Trader])" in market zone "OUTLIVE Smuggler Trader" (pos=<9945.549805, 36.532902, 5359.779785>) and got 1500.
21:34:22 [Market] Player "Majky" (id=wvz1jGdA27Eb3vtZqqzBgGv9Su_0oOujtdP3UqN1c-g=) has send a requested to sell m18smokegrenade_yellow x1 at the trader "Blacktrader (Elias [Smuggler Trader])" in market zone "OUTLIVE Smuggler Trader" (pos=<9945.549805, 36.532902, 5359.779785>).
21:34:22 [Market] Player "Majky" (id=wvz1jGdA27Eb3vtZqqzBgGv9Su_0oOujtdP3UqN1c-g=) has sold m18smokegrenade_yellow x1 at the trader "Blacktrader (Elias [Smuggler Trader])" in market zone "OUTLIVE Smuggler Trader" (pos=<9945.549805, 36.532902, 5359.779785>) and got 500.
21:34:30 [ATM Locker] Player "Majky" (id=wvz1jGdA27Eb3vtZqqzBgGv9Su_0oOujtdP3UqN1c-g=) has deposited 4000 on his ATM account.
21:35:02 [Safezone] Player "Majky" (id=wvz1jGdA27Eb3vtZqqzBgGv9Su_0oOujtdP3UqN1c-g= pos=<9899.269531, 9.742554, 5424.045410>) Left the safezone
21:38:09 [Expansion Quests] - SetupClientData - Got cached player quest data for player with UID: OWXX6Y-5LFd-7A6ELi2o-QPO0kjmZUMZvMTKL0AQ_q0=
21:38:09 [Expansion Quests] - PlayerQuestsInit - Create new quest instance for quest: 23 - Creator UID: OWXX6Y-5LFd-7A6ELi2o-QPO0kjmZUMZvMTKL0AQ_q0=
21:39:25 [Expansion Quests] - SetupClientData - Got cached player quest data for player with UID: wvz1jGdA27Eb3vtZqqzBgGv9Su_0oOujtdP3UqN1c-g=
21:39:25 [Expansion Quests] - PlayerQuestsInit - Create new quest instance for quest: 23 - Creator UID: wvz1jGdA27Eb3vtZqqzBgGv9Su_0oOujtdP3UqN1c-g=
21:39:25 [Expansion Quests] - PlayerQuestsInit - Create new quest instance for quest: 7 - Creator UID: wvz1jGdA27Eb3vtZqqzBgGv9Su_0oOujtdP3UqN1c-g=
21:39:41 [VehicleCarKey] Player "Majky" (id=wvz1jGdA27Eb3vtZqqzBgGv9Su_0oOujtdP3UqN1c-g= pos=<8833.337891, 5.170548, 6661.157715>) used the  ExpansionCarKey to lock a ExpansionGyrocopter
21:44:10 [VehicleCarKey] Player "Majky" (id=wvz1jGdA27Eb3vtZqqzBgGv9Su_0oOujtdP3UqN1c-g= pos=<8810.088867, 3.859663, 6626.800781>) used the  ExpansionCarKey to unlock a CrSk_Hummer_H2_6x6_Camo
21:53:51 [Expansion Quests] - SetupClientData - Got cached player quest data for player with UID: OWXX6Y-5LFd-7A6ELi2o-QPO0kjmZUMZvMTKL0AQ_q0=
21:54:20 [Chat - Global]("[Chill] Rehy_CZ"(id=z67WFg-Joo3MekD4H0kXOZXbSI0D6ip7P9dY0J-nUoM=)): questy fungujou?
21:54:26 [Chat - Global]("Rikinoo"(id=wvz1jGdA27Eb3vtZqqzBgGv9Su_0oOujtdP3UqN1c-g=)): jasne
21:54:51 [Chat - Global]("[Chill] Rehy_CZ"(id=z67WFg-Joo3MekD4H0kXOZXbSI0D6ip7P9dY0J-nUoM=)): mě nejde odevzdat ta tráva v tom vězení :D
21:55:44 [Chat - Global]("Rikinoo"(id=wvz1jGdA27Eb3vtZqqzBgGv9Su_0oOujtdP3UqN1c-g=)): kedy si to bral ten q?
21:55:56 [Chat - Global]("Rikinoo"(id=wvz1jGdA27Eb3vtZqqzBgGv9Su_0oOujtdP3UqN1c-g=)): lebo su tu denne q a ak si ho zobral vcera tak uz neni platny.
21:56:02 [Chat - Global]("Rikinoo"(id=wvz1jGdA27Eb3vtZqqzBgGv9Su_0oOujtdP3UqN1c-g=)): musis ho zmazat a nanovo zobrat
21:56:10 [Chat - Global]("[Chill] Rehy_CZ"(id=z67WFg-Joo3MekD4H0kXOZXbSI0D6ip7P9dY0J-nUoM=)): Odevzdám ji ale jak se od místa zase vzdálím tak ten Q se objevý znovu
21:56:32 [Chat - Global]("[Chill] Rehy_CZ"(id=z67WFg-Joo3MekD4H0kXOZXbSI0D6ip7P9dY0J-nUoM=)): jj díky
21:57:23 [Chat - Global]("MADness"(id=OWXX6Y-5LFd-7A6ELi2o-QPO0kjmZUMZvMTKL0AQ_q0=)): Tak pokud ti dal odměnu, tak si to přes B smaž a neřeš :) 
21:57:32 [Chat - Global]("MADness"(id=OWXX6Y-5LFd-7A6ELi2o-QPO0kjmZUMZvMTKL0AQ_q0=)): Ono to někdy blbne :)
21:59:04 [VehicleCarKey] Player "Majky" (id=wvz1jGdA27Eb3vtZqqzBgGv9Su_0oOujtdP3UqN1c-g= pos=<8407.523438, 45.072422, 9778.674805>) used the  ExpansionCarKey to lock a CrSk_Hummer_H2_6x6_Camo
21:59:05 [Expansion Quests] - CompleteQuest - Player with UID z67WFg-Joo3MekD4H0kXOZXbSI0D6ip7P9dY0J-nUoM= has completed quest 41
21:59:05 [Expansion Quests] - ExpansionQuest - Quest owner ID: z67WFg-Joo3MekD4H0kXOZXbSI0D6ip7P9dY0J-nUoM=
21:59:05 [Expansion Quests] - ExpansionQuest - Quest ID: 41
21:59:05 [Expansion Quests] - ExpansionQuest - Quest state: 3
21:59:05 [Expansion Quests] - ExpansionQuest - Quest completed: true
22:01:48 [Chat - Global]("MADness"(id=OWXX6Y-5LFd-7A6ELi2o-QPO0kjmZUMZvMTKL0AQ_q0=)): tak už máš asi u dropu čisto :D
22:02:09 [VehicleCarKey] Player "Majky" (id=wvz1jGdA27Eb3vtZqqzBgGv9Su_0oOujtdP3UqN1c-g= pos=<8407.301758, 45.072472, 9779.182617>) used the  ExpansionCarKey to unlock a CrSk_Hummer_H2_6x6_Camo
22:02:21 [Chat - Global]("MADness"(id=OWXX6Y-5LFd-7A6ELi2o-QPO0kjmZUMZvMTKL0AQ_q0=)): To je na tebe, Řehy
22:02:36 [Chat - Global]("[Chill] Rehy_CZ"(id=z67WFg-Joo3MekD4H0kXOZXbSI0D6ip7P9dY0J-nUoM=)): jo :)
22:04:12 [Chat - Global]("MADness"(id=OWXX6Y-5LFd-7A6ELi2o-QPO0kjmZUMZvMTKL0AQ_q0=)): kdybys chtěl ten military drop, je volný
22:04:40 [Chat - Global]("[Chill] Rehy_CZ"(id=z67WFg-Joo3MekD4H0kXOZXbSI0D6ip7P9dY0J-nUoM=)): ne děkuji :) ja už sem plnej vecí :D
22:17:33 [VehicleCarKey] Player "Majky" (id=wvz1jGdA27Eb3vtZqqzBgGv9Su_0oOujtdP3UqN1c-g= pos=<8797.112305, 7.120403, 6649.216309>) used the  ExpansionCarKey to lock a CrSk_Hummer_H2_6x6_Camo
22:29:13 [Expansion Quests] - SetupClientData - Got cached player quest data for player with UID: wvz1jGdA27Eb3vtZqqzBgGv9Su_0oOujtdP3UqN1c-g=
22:29:13 [Expansion Quests] - PlayerQuestsInit - Create new quest instance for quest: 23 - Creator UID: wvz1jGdA27Eb3vtZqqzBgGv9Su_0oOujtdP3UqN1c-g=
22:29:13 [Expansion Quests] - PlayerQuestsInit - Create new quest instance for quest: 4 - Creator UID: wvz1jGdA27Eb3vtZqqzBgGv9Su_0oOujtdP3UqN1c-g=
22:29:13 [Expansion Quests] - PlayerQuestsInit - Create new quest instance for quest: 7 - Creator UID: wvz1jGdA27Eb3vtZqqzBgGv9Su_0oOujtdP3UqN1c-g=
22:29:13 [Expansion Quests] - PlayerQuestsInit - Create new quest instance for quest: 15 - Creator UID: wvz1jGdA27Eb3vtZqqzBgGv9Su_0oOujtdP3UqN1c-g=
22:34:00 [VehicleCarKey] Player "Majky" (id=wvz1jGdA27Eb3vtZqqzBgGv9Su_0oOujtdP3UqN1c-g= pos=<8836.194336, 0.245219, 6580.991699>) used the  ExpansionCarKey to lock a ExpansionUtilityBoat
22:36:46 [VehicleCarKey] Player "Majky" (id=wvz1jGdA27Eb3vtZqqzBgGv9Su_0oOujtdP3UqN1c-g= pos=<8833.573242, 5.491236, 6661.538574>) used the  ExpansionCarKey to unlock a ExpansionGyrocopter
22:55:22 [Expansion Quests] - SetupClientData - Got cached player quest data for player with UID: wvz1jGdA27Eb3vtZqqzBgGv9Su_0oOujtdP3UqN1c-g=
22:55:22 [Expansion Quests] - PlayerQuestsInit - Create new quest instance for quest: 23 - Creator UID: wvz1jGdA27Eb3vtZqqzBgGv9Su_0oOujtdP3UqN1c-g=
22:55:22 [Expansion Quests] - PlayerQuestsInit - Create new quest instance for quest: 7 - Creator UID: wvz1jGdA27Eb3vtZqqzBgGv9Su_0oOujtdP3UqN1c-g=
22:55:47 [VehicleCarKey] Player "Majky" (id=wvz1jGdA27Eb3vtZqqzBgGv9Su_0oOujtdP3UqN1c-g= pos=<122.834908, 473.465668, 6545.416504>) used the  ExpansionCarKey to lock a ExpansionGyrocopter
22:56:34 [Expansion Quests] - CreateQuestInstance - Created new quest instance for player with UID wvz1jGdA27Eb3vtZqqzBgGv9Su_0oOujtdP3UqN1c-g= for quest 61
22:56:34 [Expansion Quests] - ExpansionQuest - Quest owner ID: wvz1jGdA27Eb3vtZqqzBgGv9Su_0oOujtdP3UqN1c-g=
22:56:34 [Expansion Quests] - ExpansionQuest - Quest ID: 61
22:56:34 [Expansion Quests] - ExpansionQuest - Quest state: 1
22:56:34 [Expansion Quests] - ExpansionQuest - Quest completed: false
22:56:41 [Expansion Quests] - CreateQuestInstance - Created new quest instance for player with UID wvz1jGdA27Eb3vtZqqzBgGv9Su_0oOujtdP3UqN1c-g= for quest 2
22:56:41 [Expansion Quests] - ExpansionQuest - Quest owner ID: wvz1jGdA27Eb3vtZqqzBgGv9Su_0oOujtdP3UqN1c-g=
22:56:41 [Expansion Quests] - ExpansionQuest - Quest ID: 2
22:56:41 [Expansion Quests] - ExpansionQuest - Quest state: 1
22:56:41 [Expansion Quests] - ExpansionQuest - Quest completed: false
23:00:10 [MissionAirdrop] An airdrop is heading towards "Prison" (pos=<1399.579956, 0.000000, 9977.769531> type=Random_Prison) with a ExpansionAirdropContainer_Military
23:00:10 [MissionAirdrop] An airdrop is heading towards "Prison" (pos=<1399.579956, 0.000000, 9977.769531> type=Random_Prison) with a ExpansionAirdropContainer_Military
23:01:04 [VehicleCarKey] Player "Majky" (id=wvz1jGdA27Eb3vtZqqzBgGv9Su_0oOujtdP3UqN1c-g= pos=<123.536407, 473.331177, 6546.084961>) used the  ExpansionCarKey to unlock a ExpansionGyrocopter
23:02:17 [Expansion Quests] - CompleteQuest - Player with UID z67WFg-Joo3MekD4H0kXOZXbSI0D6ip7P9dY0J-nUoM= has completed quest 14
23:02:17 [Expansion Quests] - ExpansionQuest - Quest owner ID: z67WFg-Joo3MekD4H0kXOZXbSI0D6ip7P9dY0J-nUoM=
23:02:17 [Expansion Quests] - ExpansionQuest - Quest ID: 14
23:02:17 [Expansion Quests] - ExpansionQuest - Quest state: 3
23:02:17 [Expansion Quests] - ExpansionQuest - Quest completed: true
23:04:26 [Market] Player "[Chill] Rehy_CZ" (id=z67WFg-Joo3MekD4H0kXOZXbSI0D6ip7P9dY0J-nUoM=) has send a requested to sell wolfsteakmeat x10 at the trader "Hunting (Peter [Hunter & Fish Trader])" in market zone "OUTLIVE Hunter&Fish Trader" (pos=<7173.500000, 72.561798, 8110.560059>).
23:04:26 [Market] Player "[Chill] Rehy_CZ" (id=z67WFg-Joo3MekD4H0kXOZXbSI0D6ip7P9dY0J-nUoM=) has sold wolfsteakmeat x10 at the trader "Hunting (Peter [Hunter & Fish Trader])" in market zone "OUTLIVE Hunter&Fish Trader" (pos=<7173.500000, 72.561798, 8110.560059>) and got 1481.
23:04:40 [Market] Player "[Chill] Rehy_CZ" (id=z67WFg-Joo3MekD4H0kXOZXbSI0D6ip7P9dY0J-nUoM=) has send a requested to sell wolfpelt x1 at the trader "Hunting (Peter [Hunter & Fish Trader])" in market zone "OUTLIVE Hunter&Fish Trader" (pos=<7173.500000, 72.561798, 8110.560059>).
23:04:40 [Market] Player "[Chill] Rehy_CZ" (id=z67WFg-Joo3MekD4H0kXOZXbSI0D6ip7P9dY0J-nUoM=) has sold wolfpelt x1 at the trader "Hunting (Peter [Hunter & Fish Trader])" in market zone "OUTLIVE Hunter&Fish Trader" (pos=<7173.500000, 72.561798, 8110.560059>) and got 1500.
23:04:42 [Market] Player "[Chill] Rehy_CZ" (id=z67WFg-Joo3MekD4H0kXOZXbSI0D6ip7P9dY0J-nUoM=) has send a requested to sell wolfpelt x1 at the trader "Hunting (Peter [Hunter & Fish Trader])" in market zone "OUTLIVE Hunter&Fish Trader" (pos=<7173.500000, 72.561798, 8110.560059>).
23:04:42 [Market] Player "[Chill] Rehy_CZ" (id=z67WFg-Joo3MekD4H0kXOZXbSI0D6ip7P9dY0J-nUoM=) has sold wolfpelt x1 at the trader "Hunting (Peter [Hunter & Fish Trader])" in market zone "OUTLIVE Hunter&Fish Trader" (pos=<7173.500000, 72.561798, 8110.560059>) and got 1500.
23:04:44 [Market] Player "[Chill] Rehy_CZ" (id=z67WFg-Joo3MekD4H0kXOZXbSI0D6ip7P9dY0J-nUoM=) has send a requested to sell wolfpelt x1 at the trader "Hunting (Peter [Hunter & Fish Trader])" in market zone "OUTLIVE Hunter&Fish Trader" (pos=<7173.500000, 72.561798, 8110.560059>).
23:04:44 [Market] Player "[Chill] Rehy_CZ" (id=z67WFg-Joo3MekD4H0kXOZXbSI0D6ip7P9dY0J-nUoM=) has sold wolfpelt x1 at the trader "Hunting (Peter [Hunter & Fish Trader])" in market zone "OUTLIVE Hunter&Fish Trader" (pos=<7173.500000, 72.561798, 8110.560059>) and got 1500.
23:05:04 [VehicleCarKey] Player "Majky" (id=wvz1jGdA27Eb3vtZqqzBgGv9Su_0oOujtdP3UqN1c-g= pos=<70.374794, 421.220581, 3795.638672>) used the  ExpansionCarKey to lock a ExpansionGyrocopter
23:05:51 [VehicleCarKey] Player "Majky" (id=wvz1jGdA27Eb3vtZqqzBgGv9Su_0oOujtdP3UqN1c-g= pos=<68.870949, 421.411163, 3795.967285>) used the  ExpansionCarKey to unlock a ExpansionGyrocopter
23:10:14 [Safezone] Player "Majky" (id=wvz1jGdA27Eb3vtZqqzBgGv9Su_0oOujtdP3UqN1c-g= pos=<4216.939453, 129.489792, 4056.204102>) Entered the safezone
23:11:04 [VehicleCarKey] Player "Majky" (id=wvz1jGdA27Eb3vtZqqzBgGv9Su_0oOujtdP3UqN1c-g= pos=<4237.977051, 11.681687, 4184.554199>) used the  ExpansionCarKey to lock a ExpansionGyrocopter
23:32:57 [Safezone] Player "Majky" (id=wvz1jGdA27Eb3vtZqqzBgGv9Su_0oOujtdP3UqN1c-g= pos=<4240.634277, 11.556541, 4181.913574>) Entered the safezone
23:32:57 [Expansion Quests] - SetupClientData - Got cached player quest data for player with UID: wvz1jGdA27Eb3vtZqqzBgGv9Su_0oOujtdP3UqN1c-g=
23:32:57 [Expansion Quests] - PlayerQuestsInit - Create new quest instance for quest: 23 - Creator UID: wvz1jGdA27Eb3vtZqqzBgGv9Su_0oOujtdP3UqN1c-g=
23:32:57 [Expansion Quests] - PlayerQuestsInit - Create new quest instance for quest: 4 - Creator UID: wvz1jGdA27Eb3vtZqqzBgGv9Su_0oOujtdP3UqN1c-g=
23:32:57 [Expansion Quests] - PlayerQuestsInit - Create new quest instance for quest: 2 - Creator UID: wvz1jGdA27Eb3vtZqqzBgGv9Su_0oOujtdP3UqN1c-g=
23:32:57 [Expansion Quests] - PlayerQuestsInit - Create new quest instance for quest: 61 - Creator UID: wvz1jGdA27Eb3vtZqqzBgGv9Su_0oOujtdP3UqN1c-g=
23:36:56 [VehicleCarKey] Player "Majky" (id=wvz1jGdA27Eb3vtZqqzBgGv9Su_0oOujtdP3UqN1c-g= pos=<4240.745605, 11.800388, 4186.087402>) used the  ExpansionCarKey to unlock a ExpansionGyrocopter
23:37:02 [VehicleCarKey] Player "Majky" (id=wvz1jGdA27Eb3vtZqqzBgGv9Su_0oOujtdP3UqN1c-g= pos=<4240.745605, 11.800352, 4186.087402>) used the  ExpansionCarKey to lock a ExpansionGyrocopter
23:37:45 [ATM Locker] Player "Majky" (id=wvz1jGdA27Eb3vtZqqzBgGv9Su_0oOujtdP3UqN1c-g=) has withdrawn 700 from his ATM account.
23:37:55 [Market] Player "Majky" (id=wvz1jGdA27Eb3vtZqqzBgGv9Su_0oOujtdP3UqN1c-g=) has send a requested to purchase morphine x2 from the trader "Medicals (Eva [#STR_EXPANSION_MARKET_TRADER_MEDICALS])" in market zone "OUTLIVE Trader" (pos=<4291.589844, 25.247801, 4162.500000>).
23:37:56 [Market] Player "Majky" (id=wvz1jGdA27Eb3vtZqqzBgGv9Su_0oOujtdP3UqN1c-g=) has bought morphine x2 from the trader "Medicals (Eva [#STR_EXPANSION_MARKET_TRADER_MEDICALS])" in market zone "OUTLIVE Trader" (pos=<4291.589844, 25.247801, 4162.500000>) for a price of 500.
23:38:03 [Market] Player "Majky" (id=wvz1jGdA27Eb3vtZqqzBgGv9Su_0oOujtdP3UqN1c-g=) has send a requested to purchase epinephrine x1 from the trader "Medicals (Eva [#STR_EXPANSION_MARKET_TRADER_MEDICALS])" in market zone "OUTLIVE Trader" (pos=<4291.589844, 25.247801, 4162.500000>).
23:38:03 [Market] Player "Majky" (id=wvz1jGdA27Eb3vtZqqzBgGv9Su_0oOujtdP3UqN1c-g=) has bought epinephrine x1 from the trader "Medicals (Eva [#STR_EXPANSION_MARKET_TRADER_MEDICALS])" in market zone "OUTLIVE Trader" (pos=<4291.589844, 25.247801, 4162.500000>) for a price of 200.
23:38:46 [Expansion Quests] - CancelQuestServer - Player with UID wvz1jGdA27Eb3vtZqqzBgGv9Su_0oOujtdP3UqN1c-g= has cancelled quest 61
23:39:44 [VehicleCarKey] Player "Majky" (id=wvz1jGdA27Eb3vtZqqzBgGv9Su_0oOujtdP3UqN1c-g= pos=<4237.962891, 11.751607, 4185.385742>) used the  ExpansionCarKey to unlock a ExpansionGyrocopter
23:40:17 [Safezone] Player "Majky" (id=wvz1jGdA27Eb3vtZqqzBgGv9Su_0oOujtdP3UqN1c-g= pos=<4299.704590, 193.683456, 4481.904785>) Left the safezone
23:42:07 [VehicleCarKey] Player "Majky" (id=wvz1jGdA27Eb3vtZqqzBgGv9Su_0oOujtdP3UqN1c-g= pos=<4825.764160, 20.972486, 5462.738770>) used the  ExpansionCarKey to lock a ExpansionGyrocopter
