20:54:56 [AI Object Patrol] Generating an example config...
20:58:51 [Safezone] Player "MADness" (id=OWXX6Y-5LFd-7A6ELi2o-QPO0kjmZUMZvMTKL0AQ_q0= pos=<4298.653809, 6.485319, 4171.780273>) Entered the safezone
20:58:51 [Expansion Quests] - SetupClientData - Loaded existing player quest data for player with UID: OWXX6Y-5LFd-7A6ELi2o-QPO0kjmZUMZvMTKL0AQ_q0=
20:58:51 [Expansion Quests] - PlayerQuestsInit - Create new quest instance for quest: 23 - Creator UID: OWXX6Y-5LFd-7A6ELi2o-QPO0kjmZUMZvMTKL0AQ_q0=
21:01:00 [Safezone] Player "MADness" (id=OWXX6Y-5LFd-7A6ELi2o-QPO0kjmZUMZvMTKL0AQ_q0= pos=<661.332520, 3.071803, 2962.569336>) Left the safezone
21:02:06 [Safezone] Player "MADness" (id=OWXX6Y-5LFd-7A6ELi2o-QPO0kjmZUMZvMTKL0AQ_q0= pos=<4299.283203, 6.273975, 4174.709961>) Entered the safezone
21:02:21 [Safezone] Player "MADness" (id=OWXX6Y-5LFd-7A6ELi2o-QPO0kjmZUMZvMTKL0AQ_q0= pos=<10112.868164, 7.502299, 7049.591309>) Left the safezone
21:03:23 [Safezone] Player "MADness" (id=OWXX6Y-5LFd-7A6ELi2o-QPO0kjmZUMZvMTKL0AQ_q0= pos=<9945.599609, 10.804393, 5353.413086>) Entered the safezone
21:03:57 [Safezone] Player "MADness" (id=OWXX6Y-5LFd-7A6ELi2o-QPO0kjmZUMZvMTKL0AQ_q0= pos=<9916.548828, 8.618675, 5407.294922>) Left the safezone
21:04:00 [MissionAirdrop] An airdrop is heading towards "Krautinsel" (pos=<8192.009766, 0.000000, 4341.879883> type=Random_KrautInsel) with a ExpansionAirdropContainer
21:04:00 [MissionAirdrop] An airdrop is heading towards "Osternach" (pos=<3924.000000, 0.000000, 2662.000000> type=Random_Osternach) with a ExpansionAirdropContainer_Medical
21:13:13 [Market] Player "MADness" (id=OWXX6Y-5LFd-7A6ELi2o-QPO0kjmZUMZvMTKL0AQ_q0=) has send a requested to sell mad_backpack_purple x1 at the trader "Toxictrader (Elias [Toxic Trader])" in market zone "OUTLIVE Special Items Trader" (pos=<659.646973, 3.020600, 2961.510010>).
21:13:13 [Market] Player "MADness" (id=OWXX6Y-5LFd-7A6ELi2o-QPO0kjmZUMZvMTKL0AQ_q0=) has sold mad_backpack_purple x1 at the trader "Toxictrader (Elias [Toxic Trader])" in market zone "OUTLIVE Special Items Trader" (pos=<659.646973, 3.020600, 2961.510010>) and got 5400.
21:16:29 [Safezone] Player "MADness" (id=OWXX6Y-5LFd-7A6ELi2o-QPO0kjmZUMZvMTKL0AQ_q0= pos=<4299.283203, 6.273975, 4174.709961>) Entered the safezone
21:20:33 [Safezone] Player "Agapito" (id=Kp552-DUmpXjFmzRHkPAo19gGBC4gSvKLPksgSQ_nac= pos=<4250.838379, 10.129728, 4166.855957>) Entered the safezone
21:20:33 [Expansion Quests] - SetupClientData - Loaded existing player quest data for player with UID: Kp552-DUmpXjFmzRHkPAo19gGBC4gSvKLPksgSQ_nac=
21:20:33 [Expansion Quests] - PlayerQuestsInit - Create new quest instance for quest: 23 - Creator UID: Kp552-DUmpXjFmzRHkPAo19gGBC4gSvKLPksgSQ_nac=
21:22:31 [VehicleCarKey] Player "Agapito" (id=Kp552-DUmpXjFmzRHkPAo19gGBC4gSvKLPksgSQ_nac= pos=<4250.025391, 10.190285, 4167.259277>) used the  ExpansionCarKey to unlock a ExpansionUAZRoofless_Black
21:22:42 [VehicleEnter] Player Agapito [uid=Kp552-DUmpXjFmzRHkPAo19gGBC4gSvKLPksgSQ_nac=] entered vehicle UAZ 469 Roofless (pos=<4247.473145, 10.219795, 4167.351074>, type=ExpansionUAZRoofless_Black) as driver
21:22:48 [VehicleEngine] Player Agapito [uid=Kp552-DUmpXjFmzRHkPAo19gGBC4gSvKLPksgSQ_nac=] started vehicle UAZ 469 Roofless (pos=<4247.462402, 10.167747, 4167.349609>, type=ExpansionUAZRoofless_Black)
21:23:42 [Safezone] Player "Agapito" (id=Kp552-DUmpXjFmzRHkPAo19gGBC4gSvKLPksgSQ_nac= pos=<4417.571289, 4.616033, 3915.602539>) Left the safezone
21:24:57 [VehicleEngine] Player Agapito [uid=Kp552-DUmpXjFmzRHkPAo19gGBC4gSvKLPksgSQ_nac=] stopped vehicle UAZ 469 Roofless (pos=<4468.163086, 4.612606, 3082.548584>, type=ExpansionUAZRoofless_Black)
21:25:10 [VehicleLeave] Player Agapito [uid=Kp552-DUmpXjFmzRHkPAo19gGBC4gSvKLPksgSQ_nac=] left vehicle UAZ 469 Roofless (pos=<4468.163086, 4.612976, 3082.548584>, type=ExpansionUAZRoofless_Black)
21:25:54 [VehicleEnter] Player Agapito [uid=Kp552-DUmpXjFmzRHkPAo19gGBC4gSvKLPksgSQ_nac=] entered vehicle UAZ 469 Roofless (pos=<4468.163086, 4.612502, 3082.548340>, type=ExpansionUAZRoofless_Black) as driver
21:25:58 [VehicleEngine] Player Agapito [uid=Kp552-DUmpXjFmzRHkPAo19gGBC4gSvKLPksgSQ_nac=] started vehicle UAZ 469 Roofless (pos=<4468.163086, 4.612603, 3082.548584>, type=ExpansionUAZRoofless_Black)
21:26:28 [VehicleLeave] Player Agapito [uid=Kp552-DUmpXjFmzRHkPAo19gGBC4gSvKLPksgSQ_nac=] left vehicle UAZ 469 Roofless (pos=<4584.638672, 0.923761, 2925.621338>, type=ExpansionUAZRoofless_Black)
21:28:20 [VehicleEnter] Player Agapito [uid=Kp552-DUmpXjFmzRHkPAo19gGBC4gSvKLPksgSQ_nac=] entered vehicle UAZ 469 Roofless (pos=<4584.640625, 0.923642, 2925.622803>, type=ExpansionUAZRoofless_Black) as driver
21:35:27 [VehicleEngine] Player Agapito [uid=Kp552-DUmpXjFmzRHkPAo19gGBC4gSvKLPksgSQ_nac=] stopped vehicle UAZ 469 Roofless (pos=<4715.566406, 28.136885, 1006.603577>, type=ExpansionUAZRoofless_Black)
21:35:30 [VehicleLeave] Player Agapito [uid=Kp552-DUmpXjFmzRHkPAo19gGBC4gSvKLPksgSQ_nac=] left vehicle UAZ 469 Roofless (pos=<4715.566406, 28.136858, 1006.604858>, type=ExpansionUAZRoofless_Black)
21:43:54 [VehicleEnter] Player Agapito [uid=Kp552-DUmpXjFmzRHkPAo19gGBC4gSvKLPksgSQ_nac=] entered vehicle UAZ 469 Roofless (pos=<4715.566406, 28.136868, 1006.604980>, type=ExpansionUAZRoofless_Black) as driver
21:44:10 [VehicleEngine] Player Agapito [uid=Kp552-DUmpXjFmzRHkPAo19gGBC4gSvKLPksgSQ_nac=] started vehicle UAZ 469 Roofless (pos=<4715.565918, 28.136904, 1006.612671>, type=ExpansionUAZRoofless_Black)
21:53:04 [VehicleLeave] Player Agapito [uid=Kp552-DUmpXjFmzRHkPAo19gGBC4gSvKLPksgSQ_nac=] left vehicle UAZ 469 Roofless (pos=<2312.284424, 19.245556, 3303.081787>, type=ExpansionUAZRoofless_Black)
21:53:22 [VehicleEnter] Player Agapito [uid=Kp552-DUmpXjFmzRHkPAo19gGBC4gSvKLPksgSQ_nac=] entered vehicle UAZ 469 Roofless (pos=<2312.284424, 19.245554, 3303.081787>, type=ExpansionUAZRoofless_Black) as driver
21:53:25 [VehicleEngine] Player Agapito [uid=Kp552-DUmpXjFmzRHkPAo19gGBC4gSvKLPksgSQ_nac=] stopped vehicle UAZ 469 Roofless (pos=<2312.284180, 19.245562, 3303.081787>, type=ExpansionUAZRoofless_Black)
21:53:27 [VehicleLeave] Player Agapito [uid=Kp552-DUmpXjFmzRHkPAo19gGBC4gSvKLPksgSQ_nac=] left vehicle UAZ 469 Roofless (pos=<2312.284180, 19.245560, 3303.081787>, type=ExpansionUAZRoofless_Black)
21:54:32 [VehicleEnter] Player Agapito [uid=Kp552-DUmpXjFmzRHkPAo19gGBC4gSvKLPksgSQ_nac=] entered vehicle UAZ 469 Roofless (pos=<2312.284180, 19.245556, 3303.081787>, type=ExpansionUAZRoofless_Black) as driver
21:54:35 [VehicleEngine] Player Agapito [uid=Kp552-DUmpXjFmzRHkPAo19gGBC4gSvKLPksgSQ_nac=] started vehicle UAZ 469 Roofless (pos=<2312.284180, 19.245577, 3303.081787>, type=ExpansionUAZRoofless_Black)
21:55:21 [VehicleLeave] Player Agapito [uid=Kp552-DUmpXjFmzRHkPAo19gGBC4gSvKLPksgSQ_nac=] left vehicle UAZ 469 Roofless (pos=<1838.900391, 2.024234, 3492.621826>, type=ExpansionUAZRoofless_Black)
21:56:01 [VehicleEnter] Player Agapito [uid=Kp552-DUmpXjFmzRHkPAo19gGBC4gSvKLPksgSQ_nac=] entered vehicle UAZ 469 Roofless (pos=<1838.900391, 2.024241, 3492.621826>, type=ExpansionUAZRoofless_Black) as driver
21:57:35 [Safezone] Player "MADness" (id=OWXX6Y-5LFd-7A6ELi2o-QPO0kjmZUMZvMTKL0AQ_q0= pos=<4299.283203, 6.288929, 4174.709961>) Entered the safezone
21:57:35 [Expansion Quests] - SetupClientData - Got cached player quest data for player with UID: OWXX6Y-5LFd-7A6ELi2o-QPO0kjmZUMZvMTKL0AQ_q0=
21:57:35 [Expansion Quests] - PlayerQuestsInit - Create new quest instance for quest: 23 - Creator UID: OWXX6Y-5LFd-7A6ELi2o-QPO0kjmZUMZvMTKL0AQ_q0=
21:58:19 [Safezone] Player "MADness" (id=OWXX6Y-5LFd-7A6ELi2o-QPO0kjmZUMZvMTKL0AQ_q0= pos=<760.913818, 25.086193, 9736.001953>) Left the safezone
21:58:29 [Safezone] Player "TBW///Miguel" (id=CoFE74V8SNNeCRyPCukE2UTBlM4Qe7Hv2NTd8IIPuYI= pos=<4251.857910, 9.705069, 4162.767578>) Entered the safezone
21:58:29 [Expansion Quests] - SetupClientData - Loaded existing player quest data for player with UID: CoFE74V8SNNeCRyPCukE2UTBlM4Qe7Hv2NTd8IIPuYI=
21:58:29 [Expansion Quests] - PlayerQuestsInit - Create new quest instance for quest: 23 - Creator UID: CoFE74V8SNNeCRyPCukE2UTBlM4Qe7Hv2NTd8IIPuYI=
21:58:29 [Expansion Quests] - PlayerQuestsInit - Create new quest instance for quest: 3 - Creator UID: CoFE74V8SNNeCRyPCukE2UTBlM4Qe7Hv2NTd8IIPuYI=
21:58:44 [VehicleLeave] Player Agapito [uid=Kp552-DUmpXjFmzRHkPAo19gGBC4gSvKLPksgSQ_nac=] left vehicle UAZ 469 Roofless (pos=<1306.163696, 18.339989, 2561.139648>, type=ExpansionUAZRoofless_Black)
21:58:56 [VehicleEnter] Player Agapito [uid=Kp552-DUmpXjFmzRHkPAo19gGBC4gSvKLPksgSQ_nac=] entered vehicle UAZ 469 Roofless (pos=<1306.163696, 18.339985, 2561.139648>, type=ExpansionUAZRoofless_Black) as driver
21:59:31 [VehicleEngine] Player Agapito [uid=Kp552-DUmpXjFmzRHkPAo19gGBC4gSvKLPksgSQ_nac=] stopped vehicle UAZ 469 Roofless (pos=<1138.422729, 19.705538, 2556.445801>, type=ExpansionUAZRoofless_Black)
21:59:34 [VehicleLeave] Player Agapito [uid=Kp552-DUmpXjFmzRHkPAo19gGBC4gSvKLPksgSQ_nac=] left vehicle UAZ 469 Roofless (pos=<1138.424194, 19.707310, 2556.446533>, type=ExpansionUAZRoofless_Black)
22:00:06 [Chat - Global]("Agapito"(id=Kp552-DUmpXjFmzRHkPAo19gGBC4gSvKLPksgSQ_nac=)): hi madness
22:00:24 [VehicleEnter] Player Agapito [uid=Kp552-DUmpXjFmzRHkPAo19gGBC4gSvKLPksgSQ_nac=] entered vehicle UAZ 469 Roofless (pos=<1138.421753, 19.705658, 2556.445801>, type=ExpansionUAZRoofless_Black) as driver
22:00:27 [VehicleCarKey] Player "TBW///Miguel" (id=CoFE74V8SNNeCRyPCukE2UTBlM4Qe7Hv2NTd8IIPuYI= pos=<4248.699707, 9.923757, 4164.378418>) used the  ExpansionCarKey to unlock a Sedan_02
22:00:31 [VehicleEngine] Player Agapito [uid=Kp552-DUmpXjFmzRHkPAo19gGBC4gSvKLPksgSQ_nac=] started vehicle UAZ 469 Roofless (pos=<1138.421509, 19.705511, 2556.445068>, type=ExpansionUAZRoofless_Black)
22:00:53 [VehicleEnter] Player TBW///Miguel [uid=CoFE74V8SNNeCRyPCukE2UTBlM4Qe7Hv2NTd8IIPuYI=] entered vehicle Sarka 120 (pos=<4249.619629, 9.828416, 4163.441406>, type=Sedan_02) as driver
22:00:56 [VehicleEngine] Player TBW///Miguel [uid=CoFE74V8SNNeCRyPCukE2UTBlM4Qe7Hv2NTd8IIPuYI=] started vehicle Sarka 120 (pos=<4249.615234, 9.784521, 4163.438477>, type=Sedan_02)
22:01:32 [Safezone] Player "TBW///Miguel" (id=CoFE74V8SNNeCRyPCukE2UTBlM4Qe7Hv2NTd8IIPuYI= pos=<4414.994141, 4.111167, 3905.791504>) Left the safezone
22:02:58 [VehicleLeave] Player Agapito [uid=Kp552-DUmpXjFmzRHkPAo19gGBC4gSvKLPksgSQ_nac=] left vehicle UAZ 469 Roofless (pos=<852.008301, 50.040482, 2833.414307>, type=ExpansionUAZRoofless_Black)
22:03:58 [Expansion Quests] - CreateQuestInstance - Created new quest instance for player with UID OWXX6Y-5LFd-7A6ELi2o-QPO0kjmZUMZvMTKL0AQ_q0= for quest 88
22:03:58 [Expansion Quests] - ExpansionQuest - Quest owner ID: OWXX6Y-5LFd-7A6ELi2o-QPO0kjmZUMZvMTKL0AQ_q0=
22:03:58 [Expansion Quests] - ExpansionQuest - Quest ID: 88
22:03:58 [Expansion Quests] - ExpansionQuest - Quest state: 1
22:03:58 [Expansion Quests] - ExpansionQuest - Quest completed: false
22:04:21 [Expansion Quests] - CompleteQuest - Player with UID OWXX6Y-5LFd-7A6ELi2o-QPO0kjmZUMZvMTKL0AQ_q0= has completed quest 88
22:04:21 [Expansion Quests] - ExpansionQuest - Quest owner ID: OWXX6Y-5LFd-7A6ELi2o-QPO0kjmZUMZvMTKL0AQ_q0=
22:04:21 [Expansion Quests] - ExpansionQuest - Quest ID: 88
22:04:21 [Expansion Quests] - ExpansionQuest - Quest state: 3
22:04:21 [Expansion Quests] - ExpansionQuest - Quest completed: true
22:04:48 [Expansion Quests] - CreateQuestInstance - Created new quest instance for player with UID OWXX6Y-5LFd-7A6ELi2o-QPO0kjmZUMZvMTKL0AQ_q0= for quest 89
22:04:48 [Expansion Quests] - ExpansionQuest - Quest owner ID: OWXX6Y-5LFd-7A6ELi2o-QPO0kjmZUMZvMTKL0AQ_q0=
22:04:48 [Expansion Quests] - ExpansionQuest - Quest ID: 89
22:04:48 [Expansion Quests] - ExpansionQuest - Quest state: 1
22:04:48 [Expansion Quests] - ExpansionQuest - Quest completed: false
22:05:28 [Safezone] Player "TBW///Miguel" (id=CoFE74V8SNNeCRyPCukE2UTBlM4Qe7Hv2NTd8IIPuYI= pos=<4360.393066, 4.691365, 4052.570313>) Entered the safezone
22:05:31 [VehicleEnter] Player Agapito [uid=Kp552-DUmpXjFmzRHkPAo19gGBC4gSvKLPksgSQ_nac=] entered vehicle UAZ 469 Roofless (pos=<851.973022, 50.040089, 2833.410645>, type=ExpansionUAZRoofless_Black) as driver
22:05:32 [VehicleEngine] Player Agapito [uid=Kp552-DUmpXjFmzRHkPAo19gGBC4gSvKLPksgSQ_nac=] stopped vehicle UAZ 469 Roofless (pos=<851.974487, 50.040306, 2833.410400>, type=ExpansionUAZRoofless_Black)
22:05:35 [VehicleLeave] Player Agapito [uid=Kp552-DUmpXjFmzRHkPAo19gGBC4gSvKLPksgSQ_nac=] left vehicle UAZ 469 Roofless (pos=<851.971497, 50.039482, 2833.410400>, type=ExpansionUAZRoofless_Black)
22:06:07 [Safezone] Player "TBW///Miguel" (id=CoFE74V8SNNeCRyPCukE2UTBlM4Qe7Hv2NTd8IIPuYI= pos=<4134.173340, 14.343892, 4337.946289>) Left the safezone
22:06:14 [Chat - Global]("MADness"(id=OWXX6Y-5LFd-7A6ELi2o-QPO0kjmZUMZvMTKL0AQ_q0=)): Hi ;)
22:06:56 [Safezone] Player "TBW///Miguel" (id=CoFE74V8SNNeCRyPCukE2UTBlM4Qe7Hv2NTd8IIPuYI= pos=<4191.328613, 14.891182, 4243.401367>) Entered the safezone
22:07:11 [VehicleEngine] Player TBW///Miguel [uid=CoFE74V8SNNeCRyPCukE2UTBlM4Qe7Hv2NTd8IIPuYI=] stopped vehicle Sarka 120 (pos=<4248.135742, 10.166409, 4167.413574>, type=Sedan_02)
22:07:15 [VehicleLeave] Player TBW///Miguel [uid=CoFE74V8SNNeCRyPCukE2UTBlM4Qe7Hv2NTd8IIPuYI=] left vehicle Sarka 120 (pos=<4248.135742, 10.166214, 4167.413086>, type=Sedan_02)
22:08:12 [ATM] Player "TBW///Miguel" (id=CoFE74V8SNNeCRyPCukE2UTBlM4Qe7Hv2NTd8IIPuYI=) has deposited 2290 on his ATM account.
22:08:14 [ATM] Player "TBW///Miguel" (id=CoFE74V8SNNeCRyPCukE2UTBlM4Qe7Hv2NTd8IIPuYI=) has deposited 2290 on the party "TBW" (partyid=25 | ownerid=CoFE74V8SNNeCRyPCukE2UTBlM4Qe7Hv2NTd8IIPuYI=) ATM account.
22:08:22 [VehicleEnter] Player TBW///Miguel [uid=CoFE74V8SNNeCRyPCukE2UTBlM4Qe7Hv2NTd8IIPuYI=] entered vehicle Sarka 120 (pos=<4248.136719, 10.171146, 4167.413574>, type=Sedan_02) as driver
22:08:26 [VehicleEngine] Player TBW///Miguel [uid=CoFE74V8SNNeCRyPCukE2UTBlM4Qe7Hv2NTd8IIPuYI=] started vehicle Sarka 120 (pos=<4248.135742, 10.166373, 4167.413574>, type=Sedan_02)
22:09:33 [Safezone] Player "TBW///Miguel" (id=CoFE74V8SNNeCRyPCukE2UTBlM4Qe7Hv2NTd8IIPuYI= pos=<4125.870605, 14.434931, 4349.381836>) Left the safezone
22:10:55 [VehicleEngine] Player TBW///Miguel [uid=CoFE74V8SNNeCRyPCukE2UTBlM4Qe7Hv2NTd8IIPuYI=] stopped vehicle Sarka 120 (pos=<3644.931885, 4.056679, 5054.764648>, type=Sedan_02)
22:10:57 [Killfeed] Agapito commited suicide with Mlock-91.
22:10:58 [VehicleLeave] Player TBW///Miguel [uid=CoFE74V8SNNeCRyPCukE2UTBlM4Qe7Hv2NTd8IIPuYI=] left vehicle Sarka 120 (pos=<3644.931885, 4.056679, 5054.764648>, type=Sedan_02)
22:11:05 [Expansion Quests] - SetupClientData - Got cached player quest data for player with UID: OWXX6Y-5LFd-7A6ELi2o-QPO0kjmZUMZvMTKL0AQ_q0=
22:11:09 [Expansion Quests] - SetupClientData - Got cached player quest data for player with UID: Kp552-DUmpXjFmzRHkPAo19gGBC4gSvKLPksgSQ_nac=
22:11:20 [VehicleEnter] Player TBW///Miguel [uid=CoFE74V8SNNeCRyPCukE2UTBlM4Qe7Hv2NTd8IIPuYI=] entered vehicle Sarka 120 (pos=<3644.931885, 4.054247, 5054.764648>, type=Sedan_02) as driver
22:11:23 [VehicleEngine] Player TBW///Miguel [uid=CoFE74V8SNNeCRyPCukE2UTBlM4Qe7Hv2NTd8IIPuYI=] started vehicle Sarka 120 (pos=<3644.933838, 4.075673, 5054.765137>, type=Sedan_02)
22:20:10 [Expansion Quests] - SetupClientData - Got cached player quest data for player with UID: OWXX6Y-5LFd-7A6ELi2o-QPO0kjmZUMZvMTKL0AQ_q0=
22:20:10 [Expansion Quests] - PlayerQuestsInit - Create new quest instance for quest: 23 - Creator UID: OWXX6Y-5LFd-7A6ELi2o-QPO0kjmZUMZvMTKL0AQ_q0=
22:20:10 [Expansion Quests] - PlayerQuestsInit - Create new quest instance for quest: 89 - Creator UID: OWXX6Y-5LFd-7A6ELi2o-QPO0kjmZUMZvMTKL0AQ_q0=
22:21:35 [Expansion Quests] - SetupClientData - Got cached player quest data for player with UID: OWXX6Y-5LFd-7A6ELi2o-QPO0kjmZUMZvMTKL0AQ_q0=
22:21:35 [Expansion Quests] - PlayerQuestsInit - Create new quest instance for quest: 23 - Creator UID: OWXX6Y-5LFd-7A6ELi2o-QPO0kjmZUMZvMTKL0AQ_q0=
22:21:48 [Chat - Global]("Agapito"(id=Kp552-DUmpXjFmzRHkPAo19gGBC4gSvKLPksgSQ_nac=)): how many npc give quest?
22:22:10 [Chat - Global]("MADness"(id=OWXX6Y-5LFd-7A6ELi2o-QPO0kjmZUMZvMTKL0AQ_q0=)): 11 ;)
22:22:17 [Chat - Global]("Agapito"(id=Kp552-DUmpXjFmzRHkPAo19gGBC4gSvKLPksgSQ_nac=)): lol
22:22:59 [Expansion Quests] - SetupClientData - Got cached player quest data for player with UID: Kp552-DUmpXjFmzRHkPAo19gGBC4gSvKLPksgSQ_nac=
22:23:54 [Expansion Quests] - CancelQuestServer - Player with UID OWXX6Y-5LFd-7A6ELi2o-QPO0kjmZUMZvMTKL0AQ_q0= has cancelled quest 89
22:24:01 [Expansion Quests] - CreateQuestInstance - Created new quest instance for player with UID OWXX6Y-5LFd-7A6ELi2o-QPO0kjmZUMZvMTKL0AQ_q0= for quest 89
22:24:01 [Expansion Quests] - ExpansionQuest - Quest owner ID: OWXX6Y-5LFd-7A6ELi2o-QPO0kjmZUMZvMTKL0AQ_q0=
22:24:01 [Expansion Quests] - ExpansionQuest - Quest ID: 89
22:24:01 [Expansion Quests] - ExpansionQuest - Quest state: 1
22:24:01 [Expansion Quests] - ExpansionQuest - Quest completed: false
22:24:56 [Expansion Quests] - CancelQuestServer - Player with UID OWXX6Y-5LFd-7A6ELi2o-QPO0kjmZUMZvMTKL0AQ_q0= has cancelled quest 89
22:27:37 [Expansion Quests] - SetupClientData - Got cached player quest data for player with UID: OWXX6Y-5LFd-7A6ELi2o-QPO0kjmZUMZvMTKL0AQ_q0=
22:29:30 [Expansion Quests] - SetupClientData - Got cached player quest data for player with UID: Kp552-DUmpXjFmzRHkPAo19gGBC4gSvKLPksgSQ_nac=
22:29:49 [MissionAirdrop] An airdrop is heading towards "Bachham" (pos=<1137.000000, 0.000000, 2551.000000> type=Random_Bachham) with a ExpansionAirdropContainer
22:29:49 [MissionAirdrop] An airdrop is heading towards "Krautinsel" (pos=<8192.009766, 0.000000, 4341.879883> type=Random_KrautInsel) with a ExpansionAirdropContainer
22:30:23 [Killfeed] Agapito got mauled to death by a Wolf.
22:30:27 [Expansion Quests] - SetupClientData - Got cached player quest data for player with UID: Kp552-DUmpXjFmzRHkPAo19gGBC4gSvKLPksgSQ_nac=
22:30:36 [Chat - Global]("TBW///Miguel"(id=CoFE74V8SNNeCRyPCukE2UTBlM4Qe7Hv2NTd8IIPuYI=)): GG agapito
22:32:16 [VehicleEngine] Player TBW///Miguel [uid=CoFE74V8SNNeCRyPCukE2UTBlM4Qe7Hv2NTd8IIPuYI=] stopped vehicle Sarka 120 (pos=<7231.115723, 35.810116, 7478.885742>, type=Sedan_02)
22:33:52 [VehicleEnter] Player Agapito [uid=Kp552-DUmpXjFmzRHkPAo19gGBC4gSvKLPksgSQ_nac=] entered vehicle Sarka 120 (pos=<7231.118164, 35.810226, 7478.885742>, type=Sedan_02) as passenger
22:34:12 [VehicleEngine] Player TBW///Miguel [uid=CoFE74V8SNNeCRyPCukE2UTBlM4Qe7Hv2NTd8IIPuYI=] started vehicle Sarka 120 (pos=<7231.119141, 35.810268, 7478.885742>, type=Sedan_02)
22:35:39 [VehicleLeave] Player TBW///Miguel [uid=CoFE74V8SNNeCRyPCukE2UTBlM4Qe7Hv2NTd8IIPuYI=] left vehicle Sarka 120 (pos=<7193.053711, 35.622128, 7190.769043>, type=Sedan_02)
22:35:42 [VehicleLeave] Player Agapito [uid=Kp552-DUmpXjFmzRHkPAo19gGBC4gSvKLPksgSQ_nac=] left vehicle Sarka 120 (pos=<7193.053711, 35.621967, 7190.769043>, type=Sedan_02)
22:35:47 [VehicleEnter] Player TBW///Miguel [uid=CoFE74V8SNNeCRyPCukE2UTBlM4Qe7Hv2NTd8IIPuYI=] entered vehicle Sarka 120 (pos=<7193.053711, 35.621967, 7190.769043>, type=Sedan_02) as passenger
22:35:50 [VehicleEnter] Player Agapito [uid=Kp552-DUmpXjFmzRHkPAo19gGBC4gSvKLPksgSQ_nac=] entered vehicle Sarka 120 (pos=<7193.053711, 35.619556, 7190.769043>, type=Sedan_02) as driver
22:35:53 [VehicleLeave] Player TBW///Miguel [uid=CoFE74V8SNNeCRyPCukE2UTBlM4Qe7Hv2NTd8IIPuYI=] left vehicle Sarka 120 (pos=<7193.054199, 35.622128, 7190.769043>, type=Sedan_02)
22:35:55 [VehicleLeave] Player Agapito [uid=Kp552-DUmpXjFmzRHkPAo19gGBC4gSvKLPksgSQ_nac=] left vehicle Sarka 120 (pos=<7193.054199, 35.622051, 7190.769043>, type=Sedan_02)
22:36:05 [VehicleEnter] Player Agapito [uid=Kp552-DUmpXjFmzRHkPAo19gGBC4gSvKLPksgSQ_nac=] entered vehicle Sarka 120 (pos=<7193.054199, 35.619713, 7190.769043>, type=Sedan_02) as driver
22:36:07 [VehicleEnter] Player TBW///Miguel [uid=CoFE74V8SNNeCRyPCukE2UTBlM4Qe7Hv2NTd8IIPuYI=] entered vehicle Sarka 120 (pos=<7193.054199, 35.622128, 7190.769043>, type=Sedan_02) as passenger
22:36:53 [VehicleEngine] Player Agapito [uid=Kp552-DUmpXjFmzRHkPAo19gGBC4gSvKLPksgSQ_nac=] started vehicle Sarka 120 (pos=<7193.054199, 35.624565, 7190.770020>, type=Sedan_02)
22:40:49 [VehicleDeleted] Vehicle ExpansionUAZRoofless_Black deleted! (pos=<851.971252, 50.039425, 2833.410400>)
22:43:29 [Safezone] Player "MADness" (id=OWXX6Y-5LFd-7A6ELi2o-QPO0kjmZUMZvMTKL0AQ_q0= pos=<4299.283203, 6.273975, 4174.709961>) Entered the safezone
22:57:36 [VehicleLeave] Player TBW///Miguel [uid=CoFE74V8SNNeCRyPCukE2UTBlM4Qe7Hv2NTd8IIPuYI=] left vehicle Sarka 120 (pos=<1136.115479, 18.974726, 2502.653320>, type=Sedan_02)
22:57:48 [VehicleLeave] Player Agapito [uid=Kp552-DUmpXjFmzRHkPAo19gGBC4gSvKLPksgSQ_nac=] left vehicle Sarka 120 (pos=<1136.114380, 18.965340, 2502.649658>, type=Sedan_02)
22:59:35 [VehicleEnter] Player Agapito [uid=Kp552-DUmpXjFmzRHkPAo19gGBC4gSvKLPksgSQ_nac=] entered vehicle Sarka 120 (pos=<1136.114380, 18.963491, 2502.649658>, type=Sedan_02) as driver
22:59:38 [VehicleEngine] Player Agapito [uid=Kp552-DUmpXjFmzRHkPAo19gGBC4gSvKLPksgSQ_nac=] started vehicle Sarka 120 (pos=<1136.114868, 18.966341, 2502.651123>, type=Sedan_02)
22:59:44 [VehicleEnter] Player TBW///Miguel [uid=CoFE74V8SNNeCRyPCukE2UTBlM4Qe7Hv2NTd8IIPuYI=] entered vehicle Sarka 120 (pos=<1136.114868, 18.965975, 2502.650146>, type=Sedan_02) as passenger
23:00:24 [VehicleEnter] Player TBW///Miguel [uid=CoFE74V8SNNeCRyPCukE2UTBlM4Qe7Hv2NTd8IIPuYI=] switched seats in vehicle Sarka 120 (pos=<1121.281982, 19.868864, 2560.090576>, type=Sedan_02) to passenger
23:01:49 [VehicleEngine] Player Agapito [uid=Kp552-DUmpXjFmzRHkPAo19gGBC4gSvKLPksgSQ_nac=] stopped vehicle Sarka 120 (pos=<904.613770, 32.085979, 2780.655273>, type=Sedan_02)
23:01:53 [VehicleLeave] Player Agapito [uid=Kp552-DUmpXjFmzRHkPAo19gGBC4gSvKLPksgSQ_nac=] left vehicle Sarka 120 (pos=<904.590088, 32.084171, 2780.653809>, type=Sedan_02)
23:02:09 [VehicleLeave] Player TBW///Miguel [uid=CoFE74V8SNNeCRyPCukE2UTBlM4Qe7Hv2NTd8IIPuYI=] left vehicle Sarka 120 (pos=<904.587280, 32.083717, 2780.653809>, type=Sedan_02)
23:12:23 [VehicleEnter] Player Agapito [uid=Kp552-DUmpXjFmzRHkPAo19gGBC4gSvKLPksgSQ_nac=] entered vehicle Sarka 120 (pos=<904.587280, 32.083717, 2780.653809>, type=Sedan_02) as passenger
23:12:30 [VehicleEnter] Player TBW///Miguel [uid=CoFE74V8SNNeCRyPCukE2UTBlM4Qe7Hv2NTd8IIPuYI=] entered vehicle Sarka 120 (pos=<904.587341, 32.081444, 2780.653809>, type=Sedan_02) as driver
23:12:39 [VehicleLeave] Player TBW///Miguel [uid=CoFE74V8SNNeCRyPCukE2UTBlM4Qe7Hv2NTd8IIPuYI=] left vehicle Sarka 120 (pos=<904.539490, 32.079559, 2780.647949>, type=Sedan_02)
23:12:42 [VehicleLeave] Player Agapito [uid=Kp552-DUmpXjFmzRHkPAo19gGBC4gSvKLPksgSQ_nac=] left vehicle Sarka 120 (pos=<904.536377, 32.079597, 2780.647949>, type=Sedan_02)
23:12:54 [VehicleEnter] Player Agapito [uid=Kp552-DUmpXjFmzRHkPAo19gGBC4gSvKLPksgSQ_nac=] entered vehicle Sarka 120 (pos=<904.536377, 32.079597, 2780.647949>, type=Sedan_02) as passenger
23:13:15 [VehicleCarKey] Player "TBW///Miguel" (id=CoFE74V8SNNeCRyPCukE2UTBlM4Qe7Hv2NTd8IIPuYI= pos=<903.312744, 31.848238, 2780.016113>) used the  ExpansionCarKey to lock a Sedan_02
23:13:17 [VehicleCarKey] Player "TBW///Miguel" (id=CoFE74V8SNNeCRyPCukE2UTBlM4Qe7Hv2NTd8IIPuYI= pos=<903.612427, 31.791208, 2779.769531>) used the  ExpansionCarKey to unlock a Sedan_02
23:13:27 [VehicleEnter] Player TBW///Miguel [uid=CoFE74V8SNNeCRyPCukE2UTBlM4Qe7Hv2NTd8IIPuYI=] entered vehicle Sarka 120 (pos=<904.536377, 32.077248, 2780.647949>, type=Sedan_02) as driver
23:13:31 [VehicleEngine] Player TBW///Miguel [uid=CoFE74V8SNNeCRyPCukE2UTBlM4Qe7Hv2NTd8IIPuYI=] started vehicle Sarka 120 (pos=<904.513733, 32.078487, 2780.649414>, type=Sedan_02)
23:21:21 [VehicleLeave] Player Agapito [uid=Kp552-DUmpXjFmzRHkPAo19gGBC4gSvKLPksgSQ_nac=] left vehicle Sarka 120 (pos=<1523.903809, 18.542385, 3346.127441>, type=Sedan_02)
23:21:38 [VehicleEngine] Player TBW///Miguel [uid=CoFE74V8SNNeCRyPCukE2UTBlM4Qe7Hv2NTd8IIPuYI=] stopped vehicle Sarka 120 (pos=<1581.374146, 18.509483, 3274.432373>, type=Sedan_02)
23:21:43 [VehicleLeave] Player TBW///Miguel [uid=CoFE74V8SNNeCRyPCukE2UTBlM4Qe7Hv2NTd8IIPuYI=] left vehicle Sarka 120 (pos=<1581.374146, 18.509491, 3274.432373>, type=Sedan_02)
23:23:50 [VehicleEnter] Player TBW///Miguel [uid=CoFE74V8SNNeCRyPCukE2UTBlM4Qe7Hv2NTd8IIPuYI=] entered vehicle Sarka 120 (pos=<1581.374268, 18.507069, 3274.432373>, type=Sedan_02) as driver
23:23:53 [VehicleEngine] Player TBW///Miguel [uid=CoFE74V8SNNeCRyPCukE2UTBlM4Qe7Hv2NTd8IIPuYI=] started vehicle Sarka 120 (pos=<1581.374268, 18.509497, 3274.432617>, type=Sedan_02)
23:23:56 [VehicleEnter] Player Agapito [uid=Kp552-DUmpXjFmzRHkPAo19gGBC4gSvKLPksgSQ_nac=] entered vehicle Sarka 120 (pos=<1581.374268, 18.509499, 3274.432617>, type=Sedan_02) as passenger
23:41:28 [VehicleEngine] Player TBW///Miguel [uid=CoFE74V8SNNeCRyPCukE2UTBlM4Qe7Hv2NTd8IIPuYI=] stopped vehicle Sarka 120 (pos=<4718.024902, 28.115170, 1002.842468>, type=Sedan_02)
23:41:30 [VehicleLeave] Player TBW///Miguel [uid=CoFE74V8SNNeCRyPCukE2UTBlM4Qe7Hv2NTd8IIPuYI=] left vehicle Sarka 120 (pos=<4718.024902, 28.115276, 1002.868652>, type=Sedan_02)
23:45:09 [VehicleLeave] Player Agapito [uid=Kp552-DUmpXjFmzRHkPAo19gGBC4gSvKLPksgSQ_nac=] left vehicle Sarka 120 (pos=<4718.024902, 28.115356, 1002.878723>, type=Sedan_02)
23:52:14 [MissionAirdrop] An airdrop is heading towards "Schlachtfeld" (pos=<3059.000000, 0.000000, 1707.000000> type=Random_Schlachtfeld) with a ExpansionAirdropContainer
23:52:14 [MissionAirdrop] An airdrop is heading towards "SouthEast" (pos=<7892.000000, 0.000000, 1340.000000> type=Random_SouthEast) with a ExpansionAirdropContainer_Medical
23:58:08 [VehicleEnter] Player TBW///Miguel [uid=CoFE74V8SNNeCRyPCukE2UTBlM4Qe7Hv2NTd8IIPuYI=] entered vehicle Sarka 120 (pos=<4718.024902, 28.112928, 1002.878418>, type=Sedan_02) as driver
23:58:10 [VehicleEngine] Player TBW///Miguel [uid=CoFE74V8SNNeCRyPCukE2UTBlM4Qe7Hv2NTd8IIPuYI=] started vehicle Sarka 120 (pos=<4718.024902, 28.115335, 1002.897278>, type=Sedan_02)
23:58:37 [VehicleEngine] Player TBW///Miguel [uid=CoFE74V8SNNeCRyPCukE2UTBlM4Qe7Hv2NTd8IIPuYI=] stopped vehicle Sarka 120 (pos=<4758.564941, 28.117363, 1031.707153>, type=Sedan_02)
23:58:41 [VehicleEnter] Player Agapito [uid=Kp552-DUmpXjFmzRHkPAo19gGBC4gSvKLPksgSQ_nac=] entered vehicle Sarka 120 (pos=<4758.565918, 28.114059, 1031.707397>, type=Sedan_02) as passenger
23:58:51 [VehicleLeave] Player TBW///Miguel [uid=CoFE74V8SNNeCRyPCukE2UTBlM4Qe7Hv2NTd8IIPuYI=] left vehicle Sarka 120 (pos=<4758.565918, 28.114054, 1031.707642>, type=Sedan_02)
