00:02:30 [AI Object Patrol] Generating an example config...
00:03:52 [Expansion Quests] - SetupClientData - Loaded existing player quest data for player with UID: S9XeA0hkzh0BuQ40IZp9f43dJV0cx5VEKx2whZkh39A=
00:03:52 [Expansion Quests] - PlayerQuestsInit - Create new quest instance for quest: 23 - Creator UID: S9XeA0hkzh0BuQ40IZp9f43dJV0cx5VEKx2whZkh39A=
00:03:52 [Expansion Quests] - PlayerQuestsInit - Create new quest instance for quest: 9 - Creator UID: S9XeA0hkzh0BuQ40IZp9f43dJV0cx5VEKx2whZkh39A=
00:03:52 [Expansion Quests] - PlayerQuestsInit - Create new quest instance for quest: 21 - Creator UID: S9XeA0hkzh0BuQ40IZp9f43dJV0cx5VEKx2whZkh39A=
00:03:52 [Expansion Quests] - PlayerQuestsInit - Create new quest instance for quest: 61 - Creator UID: S9XeA0hkzh0BuQ40IZp9f43dJV0cx5VEKx2whZkh39A=
00:04:06 [VehicleCarKey] Player "Casper" (id=S9XeA0hkzh0BuQ40IZp9f43dJV0cx5VEKx2whZkh39A= pos=<6645.354492, -0.391745, 2705.209961>) used the  ExpansionCarKey to unlock a ExpansionUtilityBoat
00:04:33 [Expansion Quests] - SetupClientData - Loaded existing player quest data for player with UID: J56CBd6WRzt5c58nX9b986Cp2niBSm4n26sMa8FuFaU=
00:04:33 [Expansion Quests] - PlayerQuestsInit - Create new quest instance for quest: 23 - Creator UID: J56CBd6WRzt5c58nX9b986Cp2niBSm4n26sMa8FuFaU=
00:04:33 [Expansion Quests] - PlayerQuestsInit - Create new quest instance for quest: 3 - Creator UID: J56CBd6WRzt5c58nX9b986Cp2niBSm4n26sMa8FuFaU=
00:04:33 [Expansion Quests] - PlayerQuestsInit - Create new quest instance for quest: 71 - Creator UID: J56CBd6WRzt5c58nX9b986Cp2niBSm4n26sMa8FuFaU=
00:04:33 [Expansion Quests] - PlayerQuestsInit - Create new quest instance for quest: 72 - Creator UID: J56CBd6WRzt5c58nX9b986Cp2niBSm4n26sMa8FuFaU=
00:04:33 [Expansion Quests] - PlayerQuestsInit - Create new quest instance for quest: 77 - Creator UID: J56CBd6WRzt5c58nX9b986Cp2niBSm4n26sMa8FuFaU=
00:06:51 [Safezone] Player "Casper" (id=S9XeA0hkzh0BuQ40IZp9f43dJV0cx5VEKx2whZkh39A= pos=<4421.457520, 0.167133, 4167.849121>) Entered the safezone
00:07:02 [Safezone] Player "Casper" (id=S9XeA0hkzh0BuQ40IZp9f43dJV0cx5VEKx2whZkh39A= pos=<4431.601074, 0.049454, 4102.262695>) Left the safezone
00:07:17 [Safezone] Player "Casper" (id=S9XeA0hkzh0BuQ40IZp9f43dJV0cx5VEKx2whZkh39A= pos=<4406.041016, 0.602230, 4101.468750>) Entered the safezone
00:07:31 [Safezone] Player "HrabefonVorezprut" (id=J56CBd6WRzt5c58nX9b986Cp2niBSm4n26sMa8FuFaU= pos=<4421.441406, 0.375547, 4159.418457>) Entered the safezone
00:07:56 [Market] Player "Casper" (id=S9XeA0hkzh0BuQ40IZp9f43dJV0cx5VEKx2whZkh39A=) has send a requested to sell twp_m24greentan x1 at the trader "Weapons (Denis [#STR_EXPANSION_MARKET_TRADER_WEAPONS])" in market zone "OUTLIVE Trader" (pos=<4291.589844, 25.247801, 4162.500000>).
00:07:56 [Market] Player "Casper" (id=S9XeA0hkzh0BuQ40IZp9f43dJV0cx5VEKx2whZkh39A=) has sold twp_m24greentan x1 at the trader "Weapons (Denis [#STR_EXPANSION_MARKET_TRADER_WEAPONS])" in market zone "OUTLIVE Trader" (pos=<4291.589844, 25.247801, 4162.500000>) and got 1900.
00:07:57 [Market] Player "Casper" (id=S9XeA0hkzh0BuQ40IZp9f43dJV0cx5VEKx2whZkh39A=) has send a requested to sell twp_americanrifle x1 at the trader "Weapons (Denis [#STR_EXPANSION_MARKET_TRADER_WEAPONS])" in market zone "OUTLIVE Trader" (pos=<4291.589844, 25.247801, 4162.500000>).
00:07:57 [Market] Player "Casper" (id=S9XeA0hkzh0BuQ40IZp9f43dJV0cx5VEKx2whZkh39A=) has sold twp_americanrifle x1 at the trader "Weapons (Denis [#STR_EXPANSION_MARKET_TRADER_WEAPONS])" in market zone "OUTLIVE Trader" (pos=<4291.589844, 25.247801, 4162.500000>) and got 5000.
00:08:00 [Market] Player "Casper" (id=S9XeA0hkzh0BuQ40IZp9f43dJV0cx5VEKx2whZkh39A=) has send a requested to sell twp_ace23 x1 at the trader "Weapons (Denis [#STR_EXPANSION_MARKET_TRADER_WEAPONS])" in market zone "OUTLIVE Trader" (pos=<4291.589844, 25.247801, 4162.500000>).
00:08:00 [Market] Player "Casper" (id=S9XeA0hkzh0BuQ40IZp9f43dJV0cx5VEKx2whZkh39A=) has sold twp_ace23 x1 at the trader "Weapons (Denis [#STR_EXPANSION_MARKET_TRADER_WEAPONS])" in market zone "OUTLIVE Trader" (pos=<4291.589844, 25.247801, 4162.500000>) and got 1800.
00:08:01 [Market] Player "Casper" (id=S9XeA0hkzh0BuQ40IZp9f43dJV0cx5VEKx2whZkh39A=) has send a requested to sell twp_acwr x1 at the trader "Weapons (Denis [#STR_EXPANSION_MARKET_TRADER_WEAPONS])" in market zone "OUTLIVE Trader" (pos=<4291.589844, 25.247801, 4162.500000>).
00:08:01 [Market] Player "Casper" (id=S9XeA0hkzh0BuQ40IZp9f43dJV0cx5VEKx2whZkh39A=) has sold twp_acwr x1 at the trader "Weapons (Denis [#STR_EXPANSION_MARKET_TRADER_WEAPONS])" in market zone "OUTLIVE Trader" (pos=<4291.589844, 25.247801, 4162.500000>) and got 2600.
00:08:04 [Market] Player "Casper" (id=S9XeA0hkzh0BuQ40IZp9f43dJV0cx5VEKx2whZkh39A=) has send a requested to sell twp_k2c x1 at the trader "Weapons (Denis [#STR_EXPANSION_MARKET_TRADER_WEAPONS])" in market zone "OUTLIVE Trader" (pos=<4291.589844, 25.247801, 4162.500000>).
00:08:04 [Market] Player "Casper" (id=S9XeA0hkzh0BuQ40IZp9f43dJV0cx5VEKx2whZkh39A=) has sold twp_k2c x1 at the trader "Weapons (Denis [#STR_EXPANSION_MARKET_TRADER_WEAPONS])" in market zone "OUTLIVE Trader" (pos=<4291.589844, 25.247801, 4162.500000>) and got 1700.
00:08:05 [Market] Player "Casper" (id=S9XeA0hkzh0BuQ40IZp9f43dJV0cx5VEKx2whZkh39A=) has send a requested to sell twp_m4a1 x1 at the trader "Weapons (Denis [#STR_EXPANSION_MARKET_TRADER_WEAPONS])" in market zone "OUTLIVE Trader" (pos=<4291.589844, 25.247801, 4162.500000>).
00:08:05 [Market] Player "Casper" (id=S9XeA0hkzh0BuQ40IZp9f43dJV0cx5VEKx2whZkh39A=) has sold twp_m4a1 x1 at the trader "Weapons (Denis [#STR_EXPANSION_MARKET_TRADER_WEAPONS])" in market zone "OUTLIVE Trader" (pos=<4291.589844, 25.247801, 4162.500000>) and got 1500.
00:08:07 [Market] Player "Casper" (id=S9XeA0hkzh0BuQ40IZp9f43dJV0cx5VEKx2whZkh39A=) has send a requested to sell twp_scarl x1 at the trader "Weapons (Denis [#STR_EXPANSION_MARKET_TRADER_WEAPONS])" in market zone "OUTLIVE Trader" (pos=<4291.589844, 25.247801, 4162.500000>).
00:08:07 [Market] Player "Casper" (id=S9XeA0hkzh0BuQ40IZp9f43dJV0cx5VEKx2whZkh39A=) has sold twp_scarl x1 at the trader "Weapons (Denis [#STR_EXPANSION_MARKET_TRADER_WEAPONS])" in market zone "OUTLIVE Trader" (pos=<4291.589844, 25.247801, 4162.500000>) and got 2000.
00:08:15 [Market] Player "Casper" (id=S9XeA0hkzh0BuQ40IZp9f43dJV0cx5VEKx2whZkh39A=) has send a requested to sell ammobox_762x39_20rnd x1 at the trader "Attachments (Oliver [#STR_EXPANSION_MARKET_TRADER_ATTACHMENTS])" in market zone "OUTLIVE Trader" (pos=<4291.589844, 25.247801, 4162.500000>).
00:08:15 [Market] Player "Casper" (id=S9XeA0hkzh0BuQ40IZp9f43dJV0cx5VEKx2whZkh39A=) has sold ammobox_762x39_20rnd x1 at the trader "Attachments (Oliver [#STR_EXPANSION_MARKET_TRADER_ATTACHMENTS])" in market zone "OUTLIVE Trader" (pos=<4291.589844, 25.247801, 4162.500000>) and got 180.
00:08:16 [Market] Player "Casper" (id=S9XeA0hkzh0BuQ40IZp9f43dJV0cx5VEKx2whZkh39A=) has send a requested to sell ammobox_762x39tracer_20rnd x1 at the trader "Attachments (Oliver [#STR_EXPANSION_MARKET_TRADER_ATTACHMENTS])" in market zone "OUTLIVE Trader" (pos=<4291.589844, 25.247801, 4162.500000>).
00:08:16 [Market] Player "Casper" (id=S9XeA0hkzh0BuQ40IZp9f43dJV0cx5VEKx2whZkh39A=) has sold ammobox_762x39tracer_20rnd x1 at the trader "Attachments (Oliver [#STR_EXPANSION_MARKET_TRADER_ATTACHMENTS])" in market zone "OUTLIVE Trader" (pos=<4291.589844, 25.247801, 4162.500000>) and got 180.
00:08:19 [Market] Player "Casper" (id=S9XeA0hkzh0BuQ40IZp9f43dJV0cx5VEKx2whZkh39A=) has send a requested to sell twp_ammobox_57x28_30rnd x1 at the trader "Attachments (Oliver [#STR_EXPANSION_MARKET_TRADER_ATTACHMENTS])" in market zone "OUTLIVE Trader" (pos=<4291.589844, 25.247801, 4162.500000>).
00:08:19 [Market] Player "Casper" (id=S9XeA0hkzh0BuQ40IZp9f43dJV0cx5VEKx2whZkh39A=) has sold twp_ammobox_57x28_30rnd x1 at the trader "Attachments (Oliver [#STR_EXPANSION_MARKET_TRADER_ATTACHMENTS])" in market zone "OUTLIVE Trader" (pos=<4291.589844, 25.247801, 4162.500000>) and got 141.
00:08:20 [Market] Player "Casper" (id=S9XeA0hkzh0BuQ40IZp9f43dJV0cx5VEKx2whZkh39A=) has send a requested to sell twp_ammobox_57x28_30rnd x1 at the trader "Attachments (Oliver [#STR_EXPANSION_MARKET_TRADER_ATTACHMENTS])" in market zone "OUTLIVE Trader" (pos=<4291.589844, 25.247801, 4162.500000>).
00:08:20 [Market] Player "Casper" (id=S9XeA0hkzh0BuQ40IZp9f43dJV0cx5VEKx2whZkh39A=) has sold twp_ammobox_57x28_30rnd x1 at the trader "Attachments (Oliver [#STR_EXPANSION_MARKET_TRADER_ATTACHMENTS])" in market zone "OUTLIVE Trader" (pos=<4291.589844, 25.247801, 4162.500000>) and got 141.
00:08:20 [Market] Player "Casper" (id=S9XeA0hkzh0BuQ40IZp9f43dJV0cx5VEKx2whZkh39A=) has send a requested to sell twp_ammobox_57x28_30rnd x1 at the trader "Attachments (Oliver [#STR_EXPANSION_MARKET_TRADER_ATTACHMENTS])" in market zone "OUTLIVE Trader" (pos=<4291.589844, 25.247801, 4162.500000>).
00:08:21 [Market] Player "Casper" (id=S9XeA0hkzh0BuQ40IZp9f43dJV0cx5VEKx2whZkh39A=) has sold twp_ammobox_57x28_30rnd x1 at the trader "Attachments (Oliver [#STR_EXPANSION_MARKET_TRADER_ATTACHMENTS])" in market zone "OUTLIVE Trader" (pos=<4291.589844, 25.247801, 4162.500000>) and got 141.
00:08:28 [Market] Player "Casper" (id=S9XeA0hkzh0BuQ40IZp9f43dJV0cx5VEKx2whZkh39A=) has send a requested to sell twp_galilsar_mag_35rnd x1 at the trader "Attachments (Oliver [#STR_EXPANSION_MARKET_TRADER_ATTACHMENTS])" in market zone "OUTLIVE Trader" (pos=<4291.589844, 25.247801, 4162.500000>).
00:08:28 [Market] Player "Casper" (id=S9XeA0hkzh0BuQ40IZp9f43dJV0cx5VEKx2whZkh39A=) has sold twp_galilsar_mag_35rnd x1 at the trader "Attachments (Oliver [#STR_EXPANSION_MARKET_TRADER_ATTACHMENTS])" in market zone "OUTLIVE Trader" (pos=<4291.589844, 25.247801, 4162.500000>) and got 241.
00:08:29 [Market] Player "Casper" (id=S9XeA0hkzh0BuQ40IZp9f43dJV0cx5VEKx2whZkh39A=) has send a requested to sell twp_honeybadger_mag_40rnd x1 at the trader "Attachments (Oliver [#STR_EXPANSION_MARKET_TRADER_ATTACHMENTS])" in market zone "OUTLIVE Trader" (pos=<4291.589844, 25.247801, 4162.500000>).
00:08:30 [Market] Player "Casper" (id=S9XeA0hkzh0BuQ40IZp9f43dJV0cx5VEKx2whZkh39A=) has sold twp_honeybadger_mag_40rnd x1 at the trader "Attachments (Oliver [#STR_EXPANSION_MARKET_TRADER_ATTACHMENTS])" in market zone "OUTLIVE Trader" (pos=<4291.589844, 25.247801, 4162.500000>) and got 339.
00:08:31 [Market] Player "Casper" (id=S9XeA0hkzh0BuQ40IZp9f43dJV0cx5VEKx2whZkh39A=) has send a requested to sell twp_psg1_mag_5rnd x1 at the trader "Attachments (Oliver [#STR_EXPANSION_MARKET_TRADER_ATTACHMENTS])" in market zone "OUTLIVE Trader" (pos=<4291.589844, 25.247801, 4162.500000>).
00:08:31 [Market] Player "Casper" (id=S9XeA0hkzh0BuQ40IZp9f43dJV0cx5VEKx2whZkh39A=) has sold twp_psg1_mag_5rnd x1 at the trader "Attachments (Oliver [#STR_EXPANSION_MARKET_TRADER_ATTACHMENTS])" in market zone "OUTLIVE Trader" (pos=<4291.589844, 25.247801, 4162.500000>) and got 105.
00:08:32 [Market] Player "Casper" (id=S9XeA0hkzh0BuQ40IZp9f43dJV0cx5VEKx2whZkh39A=) has send a requested to sell twp_psg1_mag_5rnd x1 at the trader "Attachments (Oliver [#STR_EXPANSION_MARKET_TRADER_ATTACHMENTS])" in market zone "OUTLIVE Trader" (pos=<4291.589844, 25.247801, 4162.500000>).
00:08:32 [Market] Player "Casper" (id=S9XeA0hkzh0BuQ40IZp9f43dJV0cx5VEKx2whZkh39A=) has sold twp_psg1_mag_5rnd x1 at the trader "Attachments (Oliver [#STR_EXPANSION_MARKET_TRADER_ATTACHMENTS])" in market zone "OUTLIVE Trader" (pos=<4291.589844, 25.247801, 4162.500000>) and got 85.
00:08:32 [Market] Player "Casper" (id=S9XeA0hkzh0BuQ40IZp9f43dJV0cx5VEKx2whZkh39A=) has send a requested to sell twp_psg1_mag_5rnd x1 at the trader "Attachments (Oliver [#STR_EXPANSION_MARKET_TRADER_ATTACHMENTS])" in market zone "OUTLIVE Trader" (pos=<4291.589844, 25.247801, 4162.500000>).
00:08:32 [Market] Player "Casper" (id=S9XeA0hkzh0BuQ40IZp9f43dJV0cx5VEKx2whZkh39A=) has sold twp_psg1_mag_5rnd x1 at the trader "Attachments (Oliver [#STR_EXPANSION_MARKET_TRADER_ATTACHMENTS])" in market zone "OUTLIVE Trader" (pos=<4291.589844, 25.247801, 4162.500000>) and got 85.
00:08:33 [Market] Player "Casper" (id=S9XeA0hkzh0BuQ40IZp9f43dJV0cx5VEKx2whZkh39A=) has send a requested to sell twp_ar15cannabis_mag_30rnd x1 at the trader "Attachments (Oliver [#STR_EXPANSION_MARKET_TRADER_ATTACHMENTS])" in market zone "OUTLIVE Trader" (pos=<4291.589844, 25.247801, 4162.500000>).
00:08:33 [Market] Player "Casper" (id=S9XeA0hkzh0BuQ40IZp9f43dJV0cx5VEKx2whZkh39A=) has sold twp_ar15cannabis_mag_30rnd x1 at the trader "Attachments (Oliver [#STR_EXPANSION_MARKET_TRADER_ATTACHMENTS])" in market zone "OUTLIVE Trader" (pos=<4291.589844, 25.247801, 4162.500000>) and got 255.
00:08:34 [Market] Player "Casper" (id=S9XeA0hkzh0BuQ40IZp9f43dJV0cx5VEKx2whZkh39A=) has send a requested to sell twp_type89_mag_30rnd x1 at the trader "Attachments (Oliver [#STR_EXPANSION_MARKET_TRADER_ATTACHMENTS])" in market zone "OUTLIVE Trader" (pos=<4291.589844, 25.247801, 4162.500000>).
00:08:34 [Market] Player "Casper" (id=S9XeA0hkzh0BuQ40IZp9f43dJV0cx5VEKx2whZkh39A=) has sold twp_type89_mag_30rnd x1 at the trader "Attachments (Oliver [#STR_EXPANSION_MARKET_TRADER_ATTACHMENTS])" in market zone "OUTLIVE Trader" (pos=<4291.589844, 25.247801, 4162.500000>) and got 285.
00:08:38 [Market] Player "Casper" (id=S9XeA0hkzh0BuQ40IZp9f43dJV0cx5VEKx2whZkh39A=) has send a requested to sell twp_oldrifle_optic2 x1 at the trader "Attachments (Oliver [#STR_EXPANSION_MARKET_TRADER_ATTACHMENTS])" in market zone "OUTLIVE Trader" (pos=<4291.589844, 25.247801, 4162.500000>).
00:08:38 [Market] Player "Casper" (id=S9XeA0hkzh0BuQ40IZp9f43dJV0cx5VEKx2whZkh39A=) has sold twp_oldrifle_optic2 x1 at the trader "Attachments (Oliver [#STR_EXPANSION_MARKET_TRADER_ATTACHMENTS])" in market zone "OUTLIVE Trader" (pos=<4291.589844, 25.247801, 4162.500000>) and got 262.
00:08:44 [Market] Player "Casper" (id=S9XeA0hkzh0BuQ40IZp9f43dJV0cx5VEKx2whZkh39A=) has send a requested to sell twp_longrangeoptic_green x1 at the trader "Attachments (Oliver [#STR_EXPANSION_MARKET_TRADER_ATTACHMENTS])" in market zone "OUTLIVE Trader" (pos=<4291.589844, 25.247801, 4162.500000>).
00:08:44 [Market] Player "Casper" (id=S9XeA0hkzh0BuQ40IZp9f43dJV0cx5VEKx2whZkh39A=) has sold twp_longrangeoptic_green x1 at the trader "Attachments (Oliver [#STR_EXPANSION_MARKET_TRADER_ATTACHMENTS])" in market zone "OUTLIVE Trader" (pos=<4291.589844, 25.247801, 4162.500000>) and got 262.
00:08:46 [Market] Player "HrabefonVorezprut" (id=J56CBd6WRzt5c58nX9b986Cp2niBSm4n26sMa8FuFaU=) has send a requested to sell twp_sv98 x1 at the trader "Weapons (Denis [#STR_EXPANSION_MARKET_TRADER_WEAPONS])" in market zone "OUTLIVE Trader" (pos=<4291.589844, 25.247801, 4162.500000>).
00:08:46 [Market] Player "HrabefonVorezprut" (id=J56CBd6WRzt5c58nX9b986Cp2niBSm4n26sMa8FuFaU=) has sold twp_sv98 x1 at the trader "Weapons (Denis [#STR_EXPANSION_MARKET_TRADER_WEAPONS])" in market zone "OUTLIVE Trader" (pos=<4291.589844, 25.247801, 4162.500000>) and got 2500.
00:08:47 [Market] Player "HrabefonVorezprut" (id=J56CBd6WRzt5c58nX9b986Cp2niBSm4n26sMa8FuFaU=) has send a requested to sell twp_vssk x1 at the trader "Weapons (Denis [#STR_EXPANSION_MARKET_TRADER_WEAPONS])" in market zone "OUTLIVE Trader" (pos=<4291.589844, 25.247801, 4162.500000>).
00:08:47 [Market] Player "HrabefonVorezprut" (id=J56CBd6WRzt5c58nX9b986Cp2niBSm4n26sMa8FuFaU=) has sold twp_vssk x1 at the trader "Weapons (Denis [#STR_EXPANSION_MARKET_TRADER_WEAPONS])" in market zone "OUTLIVE Trader" (pos=<4291.589844, 25.247801, 4162.500000>) and got 1500.
00:08:49 [Market] Player "HrabefonVorezprut" (id=J56CBd6WRzt5c58nX9b986Cp2niBSm4n26sMa8FuFaU=) has send a requested to sell twp_acwr x1 at the trader "Weapons (Denis [#STR_EXPANSION_MARKET_TRADER_WEAPONS])" in market zone "OUTLIVE Trader" (pos=<4291.589844, 25.247801, 4162.500000>).
00:08:49 [Market] Player "HrabefonVorezprut" (id=J56CBd6WRzt5c58nX9b986Cp2niBSm4n26sMa8FuFaU=) has sold twp_acwr x1 at the trader "Weapons (Denis [#STR_EXPANSION_MARKET_TRADER_WEAPONS])" in market zone "OUTLIVE Trader" (pos=<4291.589844, 25.247801, 4162.500000>) and got 2600.
00:08:50 [Market] Player "HrabefonVorezprut" (id=J56CBd6WRzt5c58nX9b986Cp2niBSm4n26sMa8FuFaU=) has send a requested to sell twp_sr47 x1 at the trader "Weapons (Denis [#STR_EXPANSION_MARKET_TRADER_WEAPONS])" in market zone "OUTLIVE Trader" (pos=<4291.589844, 25.247801, 4162.500000>).
00:08:50 [Market] Player "HrabefonVorezprut" (id=J56CBd6WRzt5c58nX9b986Cp2niBSm4n26sMa8FuFaU=) has sold twp_sr47 x1 at the trader "Weapons (Denis [#STR_EXPANSION_MARKET_TRADER_WEAPONS])" in market zone "OUTLIVE Trader" (pos=<4291.589844, 25.247801, 4162.500000>) and got 2100.
00:08:54 [Market] Player "HrabefonVorezprut" (id=J56CBd6WRzt5c58nX9b986Cp2niBSm4n26sMa8FuFaU=) has send a requested to sell expansion_vityazsn x1 at the trader "Weapons (Denis [#STR_EXPANSION_MARKET_TRADER_WEAPONS])" in market zone "OUTLIVE Trader" (pos=<4291.589844, 25.247801, 4162.500000>).
00:08:55 [Market] Player "HrabefonVorezprut" (id=J56CBd6WRzt5c58nX9b986Cp2niBSm4n26sMa8FuFaU=) has sold expansion_vityazsn x1 at the trader "Weapons (Denis [#STR_EXPANSION_MARKET_TRADER_WEAPONS])" in market zone "OUTLIVE Trader" (pos=<4291.589844, 25.247801, 4162.500000>) and got 690.
00:08:58 [MissionAirdrop] An airdrop is heading towards "Osternach" (pos=<3924.000000, 0.000000, 2662.000000> type=Random_Osternach) with a ExpansionAirdropContainer
00:08:58 [MissionAirdrop] An airdrop is heading towards "SouthEast" (pos=<7892.000000, 0.000000, 1340.000000> type=Random_SouthEast) with a ExpansionAirdropContainer_Basebuilding
00:09:31 [Safezone] Player "Casper" (id=S9XeA0hkzh0BuQ40IZp9f43dJV0cx5VEKx2whZkh39A= pos=<4428.248535, -0.517279, 4097.256836>) Left the safezone
00:10:27 [Market] Player "HrabefonVorezprut" (id=J56CBd6WRzt5c58nX9b986Cp2niBSm4n26sMa8FuFaU=) has send a requested to sell twp_remingtonr5 x1 at the trader "Weapons (Denis [#STR_EXPANSION_MARKET_TRADER_WEAPONS])" in market zone "OUTLIVE Trader" (pos=<4291.589844, 25.247801, 4162.500000>).
00:10:27 [Market] Player "HrabefonVorezprut" (id=J56CBd6WRzt5c58nX9b986Cp2niBSm4n26sMa8FuFaU=) has sold twp_remingtonr5 x1 at the trader "Weapons (Denis [#STR_EXPANSION_MARKET_TRADER_WEAPONS])" in market zone "OUTLIVE Trader" (pos=<4291.589844, 25.247801, 4162.500000>) and got 1900.
00:10:28 [Market] Player "HrabefonVorezprut" (id=J56CBd6WRzt5c58nX9b986Cp2niBSm4n26sMa8FuFaU=) has send a requested to sell twp_an94 x1 at the trader "Weapons (Denis [#STR_EXPANSION_MARKET_TRADER_WEAPONS])" in market zone "OUTLIVE Trader" (pos=<4291.589844, 25.247801, 4162.500000>).
00:10:29 [Market] Player "HrabefonVorezprut" (id=J56CBd6WRzt5c58nX9b986Cp2niBSm4n26sMa8FuFaU=) has sold twp_an94 x1 at the trader "Weapons (Denis [#STR_EXPANSION_MARKET_TRADER_WEAPONS])" in market zone "OUTLIVE Trader" (pos=<4291.589844, 25.247801, 4162.500000>) and got 900.
00:10:40 [ATM Locker] Player "HrabefonVorezprut" (id=J56CBd6WRzt5c58nX9b986Cp2niBSm4n26sMa8FuFaU=) has deposited 12190 on his ATM account.
00:10:46 [Safezone] Player "Casper" (id=S9XeA0hkzh0BuQ40IZp9f43dJV0cx5VEKx2whZkh39A= pos=<4405.874023, 0.602268, 4101.847168>) Entered the safezone
00:11:22 [Market] Player "Casper" (id=S9XeA0hkzh0BuQ40IZp9f43dJV0cx5VEKx2whZkh39A=) has send a requested to sell twp_acwr x1 at the trader "Weapons (Denis [#STR_EXPANSION_MARKET_TRADER_WEAPONS])" in market zone "OUTLIVE Trader" (pos=<4291.589844, 25.247801, 4162.500000>).
00:11:22 [Market] Player "Casper" (id=S9XeA0hkzh0BuQ40IZp9f43dJV0cx5VEKx2whZkh39A=) has sold twp_acwr x1 at the trader "Weapons (Denis [#STR_EXPANSION_MARKET_TRADER_WEAPONS])" in market zone "OUTLIVE Trader" (pos=<4291.589844, 25.247801, 4162.500000>) and got 2600.
00:11:23 [Market] Player "Casper" (id=S9XeA0hkzh0BuQ40IZp9f43dJV0cx5VEKx2whZkh39A=) has send a requested to sell twp_ak9 x1 at the trader "Weapons (Denis [#STR_EXPANSION_MARKET_TRADER_WEAPONS])" in market zone "OUTLIVE Trader" (pos=<4291.589844, 25.247801, 4162.500000>).
00:11:23 [Market] Player "Casper" (id=S9XeA0hkzh0BuQ40IZp9f43dJV0cx5VEKx2whZkh39A=) has sold twp_ak9 x1 at the trader "Weapons (Denis [#STR_EXPANSION_MARKET_TRADER_WEAPONS])" in market zone "OUTLIVE Trader" (pos=<4291.589844, 25.247801, 4162.500000>) and got 400.
00:11:25 [Market] Player "Casper" (id=S9XeA0hkzh0BuQ40IZp9f43dJV0cx5VEKx2whZkh39A=) has send a requested to sell twp_hk33 x1 at the trader "Weapons (Denis [#STR_EXPANSION_MARKET_TRADER_WEAPONS])" in market zone "OUTLIVE Trader" (pos=<4291.589844, 25.247801, 4162.500000>).
00:11:25 [Market] Player "Casper" (id=S9XeA0hkzh0BuQ40IZp9f43dJV0cx5VEKx2whZkh39A=) has sold twp_hk33 x1 at the trader "Weapons (Denis [#STR_EXPANSION_MARKET_TRADER_WEAPONS])" in market zone "OUTLIVE Trader" (pos=<4291.589844, 25.247801, 4162.500000>) and got 1200.
00:11:26 [Market] Player "Casper" (id=S9XeA0hkzh0BuQ40IZp9f43dJV0cx5VEKx2whZkh39A=) has send a requested to sell twp_otsgrosa x1 at the trader "Weapons (Denis [#STR_EXPANSION_MARKET_TRADER_WEAPONS])" in market zone "OUTLIVE Trader" (pos=<4291.589844, 25.247801, 4162.500000>).
00:11:26 [Market] Player "Casper" (id=S9XeA0hkzh0BuQ40IZp9f43dJV0cx5VEKx2whZkh39A=) has sold twp_otsgrosa x1 at the trader "Weapons (Denis [#STR_EXPANSION_MARKET_TRADER_WEAPONS])" in market zone "OUTLIVE Trader" (pos=<4291.589844, 25.247801, 4162.500000>) and got 2100.
00:11:28 [Market] Player "Casper" (id=S9XeA0hkzh0BuQ40IZp9f43dJV0cx5VEKx2whZkh39A=) has send a requested to sell twp_ppsh x1 at the trader "Weapons (Denis [#STR_EXPANSION_MARKET_TRADER_WEAPONS])" in market zone "OUTLIVE Trader" (pos=<4291.589844, 25.247801, 4162.500000>).
00:11:28 [Market] Player "Casper" (id=S9XeA0hkzh0BuQ40IZp9f43dJV0cx5VEKx2whZkh39A=) has sold twp_ppsh x1 at the trader "Weapons (Denis [#STR_EXPANSION_MARKET_TRADER_WEAPONS])" in market zone "OUTLIVE Trader" (pos=<4291.589844, 25.247801, 4162.500000>) and got 1200.
00:11:29 [Market] Player "Casper" (id=S9XeA0hkzh0BuQ40IZp9f43dJV0cx5VEKx2whZkh39A=) has send a requested to sell twp_steyraug_black x1 at the trader "Weapons (Denis [#STR_EXPANSION_MARKET_TRADER_WEAPONS])" in market zone "OUTLIVE Trader" (pos=<4291.589844, 25.247801, 4162.500000>).
00:11:29 [Market] Player "Casper" (id=S9XeA0hkzh0BuQ40IZp9f43dJV0cx5VEKx2whZkh39A=) has sold twp_steyraug_black x1 at the trader "Weapons (Denis [#STR_EXPANSION_MARKET_TRADER_WEAPONS])" in market zone "OUTLIVE Trader" (pos=<4291.589844, 25.247801, 4162.500000>) and got 2300.
00:11:30 [Market] Player "Casper" (id=S9XeA0hkzh0BuQ40IZp9f43dJV0cx5VEKx2whZkh39A=) has send a requested to sell twp_tar21 x1 at the trader "Weapons (Denis [#STR_EXPANSION_MARKET_TRADER_WEAPONS])" in market zone "OUTLIVE Trader" (pos=<4291.589844, 25.247801, 4162.500000>).
00:11:30 [Market] Player "Casper" (id=S9XeA0hkzh0BuQ40IZp9f43dJV0cx5VEKx2whZkh39A=) has sold twp_tar21 x1 at the trader "Weapons (Denis [#STR_EXPANSION_MARKET_TRADER_WEAPONS])" in market zone "OUTLIVE Trader" (pos=<4291.589844, 25.247801, 4162.500000>) and got 2500.
00:11:30 [Market] Player "Casper" (id=S9XeA0hkzh0BuQ40IZp9f43dJV0cx5VEKx2whZkh39A=) has send a requested to sell twp_vepr_sok94 x1 at the trader "Weapons (Denis [#STR_EXPANSION_MARKET_TRADER_WEAPONS])" in market zone "OUTLIVE Trader" (pos=<4291.589844, 25.247801, 4162.500000>).
00:11:30 [Market] Player "Casper" (id=S9XeA0hkzh0BuQ40IZp9f43dJV0cx5VEKx2whZkh39A=) has sold twp_vepr_sok94 x1 at the trader "Weapons (Denis [#STR_EXPANSION_MARKET_TRADER_WEAPONS])" in market zone "OUTLIVE Trader" (pos=<4291.589844, 25.247801, 4162.500000>) and got 2000.
00:12:20 [Market] Player "Casper" (id=S9XeA0hkzh0BuQ40IZp9f43dJV0cx5VEKx2whZkh39A=) has send a requested to sell ammobox_expansion_46x30_25rnd x1 at the trader "Attachments (Oliver [#STR_EXPANSION_MARKET_TRADER_ATTACHMENTS])" in market zone "OUTLIVE Trader" (pos=<4291.589844, 25.247801, 4162.500000>).
00:12:20 [Market] Player "Casper" (id=S9XeA0hkzh0BuQ40IZp9f43dJV0cx5VEKx2whZkh39A=) has sold ammobox_expansion_46x30_25rnd x1 at the trader "Attachments (Oliver [#STR_EXPANSION_MARKET_TRADER_ATTACHMENTS])" in market zone "OUTLIVE Trader" (pos=<4291.589844, 25.247801, 4162.500000>) and got 45.
00:12:21 [Market] Player "Casper" (id=S9XeA0hkzh0BuQ40IZp9f43dJV0cx5VEKx2whZkh39A=) has send a requested to sell ammobox_expansion_46x30_25rnd x1 at the trader "Attachments (Oliver [#STR_EXPANSION_MARKET_TRADER_ATTACHMENTS])" in market zone "OUTLIVE Trader" (pos=<4291.589844, 25.247801, 4162.500000>).
00:12:21 [Market] Player "Casper" (id=S9XeA0hkzh0BuQ40IZp9f43dJV0cx5VEKx2whZkh39A=) has sold ammobox_expansion_46x30_25rnd x1 at the trader "Attachments (Oliver [#STR_EXPANSION_MARKET_TRADER_ATTACHMENTS])" in market zone "OUTLIVE Trader" (pos=<4291.589844, 25.247801, 4162.500000>) and got 45.
00:12:21 [Market] Player "Casper" (id=S9XeA0hkzh0BuQ40IZp9f43dJV0cx5VEKx2whZkh39A=) has send a requested to sell ammobox_expansion_46x30_25rnd x1 at the trader "Attachments (Oliver [#STR_EXPANSION_MARKET_TRADER_ATTACHMENTS])" in market zone "OUTLIVE Trader" (pos=<4291.589844, 25.247801, 4162.500000>).
00:12:21 [Market] Player "Casper" (id=S9XeA0hkzh0BuQ40IZp9f43dJV0cx5VEKx2whZkh39A=) has sold ammobox_expansion_46x30_25rnd x1 at the trader "Attachments (Oliver [#STR_EXPANSION_MARKET_TRADER_ATTACHMENTS])" in market zone "OUTLIVE Trader" (pos=<4291.589844, 25.247801, 4162.500000>) and got 45.
00:12:22 [Market] Player "Casper" (id=S9XeA0hkzh0BuQ40IZp9f43dJV0cx5VEKx2whZkh39A=) has send a requested to sell ammobox_expansion_46x30_25rnd x1 at the trader "Attachments (Oliver [#STR_EXPANSION_MARKET_TRADER_ATTACHMENTS])" in market zone "OUTLIVE Trader" (pos=<4291.589844, 25.247801, 4162.500000>).
00:12:22 [Market] Player "Casper" (id=S9XeA0hkzh0BuQ40IZp9f43dJV0cx5VEKx2whZkh39A=) has sold ammobox_expansion_46x30_25rnd x1 at the trader "Attachments (Oliver [#STR_EXPANSION_MARKET_TRADER_ATTACHMENTS])" in market zone "OUTLIVE Trader" (pos=<4291.589844, 25.247801, 4162.500000>) and got 45.
00:12:28 [Market] Player "Casper" (id=S9XeA0hkzh0BuQ40IZp9f43dJV0cx5VEKx2whZkh39A=) has send a requested to sell ammo_45acp x111 at the trader "Attachments (Oliver [#STR_EXPANSION_MARKET_TRADER_ATTACHMENTS])" in market zone "OUTLIVE Trader" (pos=<4291.589844, 25.247801, 4162.500000>).
00:12:28 [Market] Player "Casper" (id=S9XeA0hkzh0BuQ40IZp9f43dJV0cx5VEKx2whZkh39A=) has sold ammo_45acp x111 at the trader "Attachments (Oliver [#STR_EXPANSION_MARKET_TRADER_ATTACHMENTS])" in market zone "OUTLIVE Trader" (pos=<4291.589844, 25.247801, 4162.500000>) and got 167.
00:12:29 [Market] Player "HrabefonVorezprut" (id=J56CBd6WRzt5c58nX9b986Cp2niBSm4n26sMa8FuFaU=) has send a requested to sell mag_ak101_30rnd x1 at the trader "Attachments (Oliver [#STR_EXPANSION_MARKET_TRADER_ATTACHMENTS])" in market zone "OUTLIVE Trader" (pos=<4291.589844, 25.247801, 4162.500000>).
00:12:29 [Market] Player "HrabefonVorezprut" (id=J56CBd6WRzt5c58nX9b986Cp2niBSm4n26sMa8FuFaU=) has sold mag_ak101_30rnd x1 at the trader "Attachments (Oliver [#STR_EXPANSION_MARKET_TRADER_ATTACHMENTS])" in market zone "OUTLIVE Trader" (pos=<4291.589844, 25.247801, 4162.500000>) and got 280.
00:12:32 [Market] Player "Casper" (id=S9XeA0hkzh0BuQ40IZp9f43dJV0cx5VEKx2whZkh39A=) has send a requested to sell ammo_762x39tracer x60 at the trader "Attachments (Oliver [#STR_EXPANSION_MARKET_TRADER_ATTACHMENTS])" in market zone "OUTLIVE Trader" (pos=<4291.589844, 25.247801, 4162.500000>).
00:12:32 [Market] Player "Casper" (id=S9XeA0hkzh0BuQ40IZp9f43dJV0cx5VEKx2whZkh39A=) has sold ammo_762x39tracer x60 at the trader "Attachments (Oliver [#STR_EXPANSION_MARKET_TRADER_ATTACHMENTS])" in market zone "OUTLIVE Trader" (pos=<4291.589844, 25.247801, 4162.500000>) and got 504.
00:12:35 [Market] Player "Casper" (id=S9XeA0hkzh0BuQ40IZp9f43dJV0cx5VEKx2whZkh39A=) has send a requested to sell expansionexps3holooptic x1 at the trader "Attachments (Oliver [#STR_EXPANSION_MARKET_TRADER_ATTACHMENTS])" in market zone "OUTLIVE Trader" (pos=<4291.589844, 25.247801, 4162.500000>).
00:12:35 [Market] Player "Casper" (id=S9XeA0hkzh0BuQ40IZp9f43dJV0cx5VEKx2whZkh39A=) has sold expansionexps3holooptic x1 at the trader "Attachments (Oliver [#STR_EXPANSION_MARKET_TRADER_ATTACHMENTS])" in market zone "OUTLIVE Trader" (pos=<4291.589844, 25.247801, 4162.500000>) and got 150.
00:12:36 [Market] Player "Casper" (id=S9XeA0hkzh0BuQ40IZp9f43dJV0cx5VEKx2whZkh39A=) has send a requested to sell expansionexps3holooptic x1 at the trader "Attachments (Oliver [#STR_EXPANSION_MARKET_TRADER_ATTACHMENTS])" in market zone "OUTLIVE Trader" (pos=<4291.589844, 25.247801, 4162.500000>).
00:12:36 [Market] Player "Casper" (id=S9XeA0hkzh0BuQ40IZp9f43dJV0cx5VEKx2whZkh39A=) has sold expansionexps3holooptic x1 at the trader "Attachments (Oliver [#STR_EXPANSION_MARKET_TRADER_ATTACHMENTS])" in market zone "OUTLIVE Trader" (pos=<4291.589844, 25.247801, 4162.500000>) and got 150.
00:12:37 [Market] Player "Casper" (id=S9XeA0hkzh0BuQ40IZp9f43dJV0cx5VEKx2whZkh39A=) has send a requested to sell expansionkar98scopeoptic x1 at the trader "Attachments (Oliver [#STR_EXPANSION_MARKET_TRADER_ATTACHMENTS])" in market zone "OUTLIVE Trader" (pos=<4291.589844, 25.247801, 4162.500000>).
00:12:38 [Market] Player "Casper" (id=S9XeA0hkzh0BuQ40IZp9f43dJV0cx5VEKx2whZkh39A=) has sold expansionkar98scopeoptic x1 at the trader "Attachments (Oliver [#STR_EXPANSION_MARKET_TRADER_ATTACHMENTS])" in market zone "OUTLIVE Trader" (pos=<4291.589844, 25.247801, 4162.500000>) and got 220.
00:12:38 [Market] Player "HrabefonVorezprut" (id=J56CBd6WRzt5c58nX9b986Cp2niBSm4n26sMa8FuFaU=) has send a requested to sell twp_aa12_mag_32rnd x1 at the trader "Attachments (Oliver [#STR_EXPANSION_MARKET_TRADER_ATTACHMENTS])" in market zone "OUTLIVE Trader" (pos=<4291.589844, 25.247801, 4162.500000>).
00:12:38 [Market] Player "HrabefonVorezprut" (id=J56CBd6WRzt5c58nX9b986Cp2niBSm4n26sMa8FuFaU=) has sold twp_aa12_mag_32rnd x1 at the trader "Attachments (Oliver [#STR_EXPANSION_MARKET_TRADER_ATTACHMENTS])" in market zone "OUTLIVE Trader" (pos=<4291.589844, 25.247801, 4162.500000>) and got 192.
00:12:39 [Market] Player "HrabefonVorezprut" (id=J56CBd6WRzt5c58nX9b986Cp2niBSm4n26sMa8FuFaU=) has send a requested to sell twp_aa12_mag_32rnd x1 at the trader "Attachments (Oliver [#STR_EXPANSION_MARKET_TRADER_ATTACHMENTS])" in market zone "OUTLIVE Trader" (pos=<4291.589844, 25.247801, 4162.500000>).
00:12:39 [Market] Player "HrabefonVorezprut" (id=J56CBd6WRzt5c58nX9b986Cp2niBSm4n26sMa8FuFaU=) has sold twp_aa12_mag_32rnd x1 at the trader "Attachments (Oliver [#STR_EXPANSION_MARKET_TRADER_ATTACHMENTS])" in market zone "OUTLIVE Trader" (pos=<4291.589844, 25.247801, 4162.500000>) and got 192.
00:12:39 [Market] Player "Casper" (id=S9XeA0hkzh0BuQ40IZp9f43dJV0cx5VEKx2whZkh39A=) has send a requested to sell expansionkar98scopeoptic x1 at the trader "Attachments (Oliver [#STR_EXPANSION_MARKET_TRADER_ATTACHMENTS])" in market zone "OUTLIVE Trader" (pos=<4291.589844, 25.247801, 4162.500000>).
00:12:39 [Market] Player "Casper" (id=S9XeA0hkzh0BuQ40IZp9f43dJV0cx5VEKx2whZkh39A=) has sold expansionkar98scopeoptic x1 at the trader "Attachments (Oliver [#STR_EXPANSION_MARKET_TRADER_ATTACHMENTS])" in market zone "OUTLIVE Trader" (pos=<4291.589844, 25.247801, 4162.500000>) and got 220.
00:12:41 [Market] Player "HrabefonVorezprut" (id=J56CBd6WRzt5c58nX9b986Cp2niBSm4n26sMa8FuFaU=) has send a requested to sell twp_m200_mag_7rnd x1 at the trader "Attachments (Oliver [#STR_EXPANSION_MARKET_TRADER_ATTACHMENTS])" in market zone "OUTLIVE Trader" (pos=<4291.589844, 25.247801, 4162.500000>).
00:12:41 [Market] Player "HrabefonVorezprut" (id=J56CBd6WRzt5c58nX9b986Cp2niBSm4n26sMa8FuFaU=) has sold twp_m200_mag_7rnd x1 at the trader "Attachments (Oliver [#STR_EXPANSION_MARKET_TRADER_ATTACHMENTS])" in market zone "OUTLIVE Trader" (pos=<4291.589844, 25.247801, 4162.500000>) and got 348.
00:12:45 [Market] Player "Casper" (id=S9XeA0hkzh0BuQ40IZp9f43dJV0cx5VEKx2whZkh39A=) has send a requested to sell twp_ammobox_57x28_30rnd x1 at the trader "Attachments (Oliver [#STR_EXPANSION_MARKET_TRADER_ATTACHMENTS])" in market zone "OUTLIVE Trader" (pos=<4291.589844, 25.247801, 4162.500000>).
00:12:45 [Market] Player "Casper" (id=S9XeA0hkzh0BuQ40IZp9f43dJV0cx5VEKx2whZkh39A=) has sold twp_ammobox_57x28_30rnd x1 at the trader "Attachments (Oliver [#STR_EXPANSION_MARKET_TRADER_ATTACHMENTS])" in market zone "OUTLIVE Trader" (pos=<4291.589844, 25.247801, 4162.500000>) and got 141.
00:12:50 [ATM Locker] Player "HrabefonVorezprut" (id=J56CBd6WRzt5c58nX9b986Cp2niBSm4n26sMa8FuFaU=) has deposited 1012 on his ATM account.
00:12:51 [Market] Player "Casper" (id=S9XeA0hkzh0BuQ40IZp9f43dJV0cx5VEKx2whZkh39A=) has send a requested to sell twp_ace23_mag_30rnd x1 at the trader "Attachments (Oliver [#STR_EXPANSION_MARKET_TRADER_ATTACHMENTS])" in market zone "OUTLIVE Trader" (pos=<4291.589844, 25.247801, 4162.500000>).
00:12:51 [Market] Player "Casper" (id=S9XeA0hkzh0BuQ40IZp9f43dJV0cx5VEKx2whZkh39A=) has sold twp_ace23_mag_30rnd x1 at the trader "Attachments (Oliver [#STR_EXPANSION_MARKET_TRADER_ATTACHMENTS])" in market zone "OUTLIVE Trader" (pos=<4291.589844, 25.247801, 4162.500000>) and got 293.
00:12:52 [Market] Player "Casper" (id=S9XeA0hkzh0BuQ40IZp9f43dJV0cx5VEKx2whZkh39A=) has send a requested to sell twp_ak12tan_mag_30rnd x1 at the trader "Attachments (Oliver [#STR_EXPANSION_MARKET_TRADER_ATTACHMENTS])" in market zone "OUTLIVE Trader" (pos=<4291.589844, 25.247801, 4162.500000>).
00:12:52 [Market] Player "Casper" (id=S9XeA0hkzh0BuQ40IZp9f43dJV0cx5VEKx2whZkh39A=) has sold twp_ak12tan_mag_30rnd x1 at the trader "Attachments (Oliver [#STR_EXPANSION_MARKET_TRADER_ATTACHMENTS])" in market zone "OUTLIVE Trader" (pos=<4291.589844, 25.247801, 4162.500000>) and got 216.
00:12:53 [Market] Player "Casper" (id=S9XeA0hkzh0BuQ40IZp9f43dJV0cx5VEKx2whZkh39A=) has send a requested to sell twp_ak47tactical_mag_45rnd x1 at the trader "Attachments (Oliver [#STR_EXPANSION_MARKET_TRADER_ATTACHMENTS])" in market zone "OUTLIVE Trader" (pos=<4291.589844, 25.247801, 4162.500000>).
00:12:53 [Market] Player "Casper" (id=S9XeA0hkzh0BuQ40IZp9f43dJV0cx5VEKx2whZkh39A=) has sold twp_ak47tactical_mag_45rnd x1 at the trader "Attachments (Oliver [#STR_EXPANSION_MARKET_TRADER_ATTACHMENTS])" in market zone "OUTLIVE Trader" (pos=<4291.589844, 25.247801, 4162.500000>) and got 472.
00:12:54 [Market] Player "Casper" (id=S9XeA0hkzh0BuQ40IZp9f43dJV0cx5VEKx2whZkh39A=) has send a requested to sell twp_ak47tactical_mag_45rnd x1 at the trader "Attachments (Oliver [#STR_EXPANSION_MARKET_TRADER_ATTACHMENTS])" in market zone "OUTLIVE Trader" (pos=<4291.589844, 25.247801, 4162.500000>).
00:12:54 [Market] Player "Casper" (id=S9XeA0hkzh0BuQ40IZp9f43dJV0cx5VEKx2whZkh39A=) has sold twp_ak47tactical_mag_45rnd x1 at the trader "Attachments (Oliver [#STR_EXPANSION_MARKET_TRADER_ATTACHMENTS])" in market zone "OUTLIVE Trader" (pos=<4291.589844, 25.247801, 4162.500000>) and got 497.
00:12:55 [Market] Player "Casper" (id=S9XeA0hkzh0BuQ40IZp9f43dJV0cx5VEKx2whZkh39A=) has send a requested to sell twp_an94_mag_30rnd x1 at the trader "Attachments (Oliver [#STR_EXPANSION_MARKET_TRADER_ATTACHMENTS])" in market zone "OUTLIVE Trader" (pos=<4291.589844, 25.247801, 4162.500000>).
00:12:55 [Market] Player "Casper" (id=S9XeA0hkzh0BuQ40IZp9f43dJV0cx5VEKx2whZkh39A=) has sold twp_an94_mag_30rnd x1 at the trader "Attachments (Oliver [#STR_EXPANSION_MARKET_TRADER_ATTACHMENTS])" in market zone "OUTLIVE Trader" (pos=<4291.589844, 25.247801, 4162.500000>) and got 252.
00:12:56 [Market] Player "Casper" (id=S9XeA0hkzh0BuQ40IZp9f43dJV0cx5VEKx2whZkh39A=) has send a requested to sell twp_asval_mag_30rnd x1 at the trader "Attachments (Oliver [#STR_EXPANSION_MARKET_TRADER_ATTACHMENTS])" in market zone "OUTLIVE Trader" (pos=<4291.589844, 25.247801, 4162.500000>).
00:12:56 [Market] Player "Casper" (id=S9XeA0hkzh0BuQ40IZp9f43dJV0cx5VEKx2whZkh39A=) has sold twp_asval_mag_30rnd x1 at the trader "Attachments (Oliver [#STR_EXPANSION_MARKET_TRADER_ATTACHMENTS])" in market zone "OUTLIVE Trader" (pos=<4291.589844, 25.247801, 4162.500000>) and got 298.
00:12:57 [Market] Player "Casper" (id=S9XeA0hkzh0BuQ40IZp9f43dJV0cx5VEKx2whZkh39A=) has send a requested to sell twp_hk417_mag_30rnd x1 at the trader "Attachments (Oliver [#STR_EXPANSION_MARKET_TRADER_ATTACHMENTS])" in market zone "OUTLIVE Trader" (pos=<4291.589844, 25.247801, 4162.500000>).
00:12:57 [Market] Player "Casper" (id=S9XeA0hkzh0BuQ40IZp9f43dJV0cx5VEKx2whZkh39A=) has sold twp_hk417_mag_30rnd x1 at the trader "Attachments (Oliver [#STR_EXPANSION_MARKET_TRADER_ATTACHMENTS])" in market zone "OUTLIVE Trader" (pos=<4291.589844, 25.247801, 4162.500000>) and got 328.
00:12:59 [Market] Player "Casper" (id=S9XeA0hkzh0BuQ40IZp9f43dJV0cx5VEKx2whZkh39A=) has send a requested to sell twp_komrad12_mag_10rnd x1 at the trader "Attachments (Oliver [#STR_EXPANSION_MARKET_TRADER_ATTACHMENTS])" in market zone "OUTLIVE Trader" (pos=<4291.589844, 25.247801, 4162.500000>).
00:12:59 [Market] Player "Casper" (id=S9XeA0hkzh0BuQ40IZp9f43dJV0cx5VEKx2whZkh39A=) has sold twp_komrad12_mag_10rnd x1 at the trader "Attachments (Oliver [#STR_EXPANSION_MARKET_TRADER_ATTACHMENTS])" in market zone "OUTLIVE Trader" (pos=<4291.589844, 25.247801, 4162.500000>) and got 113.
00:13:00 [Market] Player "Casper" (id=S9XeA0hkzh0BuQ40IZp9f43dJV0cx5VEKx2whZkh39A=) has send a requested to sell twp_lr300_mag_30rnd x1 at the trader "Attachments (Oliver [#STR_EXPANSION_MARKET_TRADER_ATTACHMENTS])" in market zone "OUTLIVE Trader" (pos=<4291.589844, 25.247801, 4162.500000>).
00:13:00 [Market] Player "Casper" (id=S9XeA0hkzh0BuQ40IZp9f43dJV0cx5VEKx2whZkh39A=) has sold twp_lr300_mag_30rnd x1 at the trader "Attachments (Oliver [#STR_EXPANSION_MARKET_TRADER_ATTACHMENTS])" in market zone "OUTLIVE Trader" (pos=<4291.589844, 25.247801, 4162.500000>) and got 338.
00:13:02 [Market] Player "Casper" (id=S9XeA0hkzh0BuQ40IZp9f43dJV0cx5VEKx2whZkh39A=) has send a requested to sell twp_m110_mag_20rnd x1 at the trader "Attachments (Oliver [#STR_EXPANSION_MARKET_TRADER_ATTACHMENTS])" in market zone "OUTLIVE Trader" (pos=<4291.589844, 25.247801, 4162.500000>).
00:13:03 [Market] Player "Casper" (id=S9XeA0hkzh0BuQ40IZp9f43dJV0cx5VEKx2whZkh39A=) has sold twp_m110_mag_20rnd x1 at the trader "Attachments (Oliver [#STR_EXPANSION_MARKET_TRADER_ATTACHMENTS])" in market zone "OUTLIVE Trader" (pos=<4291.589844, 25.247801, 4162.500000>) and got 219.
00:13:03 [Market] Player "Casper" (id=S9XeA0hkzh0BuQ40IZp9f43dJV0cx5VEKx2whZkh39A=) has send a requested to sell twp_m110_mag_20rnd x1 at the trader "Attachments (Oliver [#STR_EXPANSION_MARKET_TRADER_ATTACHMENTS])" in market zone "OUTLIVE Trader" (pos=<4291.589844, 25.247801, 4162.500000>).
00:13:03 [Market] Player "Casper" (id=S9XeA0hkzh0BuQ40IZp9f43dJV0cx5VEKx2whZkh39A=) has sold twp_m110_mag_20rnd x1 at the trader "Attachments (Oliver [#STR_EXPANSION_MARKET_TRADER_ATTACHMENTS])" in market zone "OUTLIVE Trader" (pos=<4291.589844, 25.247801, 4162.500000>) and got 268.
00:13:04 [Market] Player "Casper" (id=S9XeA0hkzh0BuQ40IZp9f43dJV0cx5VEKx2whZkh39A=) has send a requested to sell twp_m110_mag_20rnd x1 at the trader "Attachments (Oliver [#STR_EXPANSION_MARKET_TRADER_ATTACHMENTS])" in market zone "OUTLIVE Trader" (pos=<4291.589844, 25.247801, 4162.500000>).
00:13:04 [Market] Player "Casper" (id=S9XeA0hkzh0BuQ40IZp9f43dJV0cx5VEKx2whZkh39A=) has sold twp_m110_mag_20rnd x1 at the trader "Attachments (Oliver [#STR_EXPANSION_MARKET_TRADER_ATTACHMENTS])" in market zone "OUTLIVE Trader" (pos=<4291.589844, 25.247801, 4162.500000>) and got 170.
00:13:07 [Market] Player "Casper" (id=S9XeA0hkzh0BuQ40IZp9f43dJV0cx5VEKx2whZkh39A=) has send a requested to sell twp_m200sand_mag_7rnd x1 at the trader "Attachments (Oliver [#STR_EXPANSION_MARKET_TRADER_ATTACHMENTS])" in market zone "OUTLIVE Trader" (pos=<4291.589844, 25.247801, 4162.500000>).
00:13:07 [Market] Player "Casper" (id=S9XeA0hkzh0BuQ40IZp9f43dJV0cx5VEKx2whZkh39A=) has sold twp_m200sand_mag_7rnd x1 at the trader "Attachments (Oliver [#STR_EXPANSION_MARKET_TRADER_ATTACHMENTS])" in market zone "OUTLIVE Trader" (pos=<4291.589844, 25.247801, 4162.500000>) and got 79.
00:13:08 [Market] Player "Casper" (id=S9XeA0hkzh0BuQ40IZp9f43dJV0cx5VEKx2whZkh39A=) has send a requested to sell twp_psg1_mag_5rnd x1 at the trader "Attachments (Oliver [#STR_EXPANSION_MARKET_TRADER_ATTACHMENTS])" in market zone "OUTLIVE Trader" (pos=<4291.589844, 25.247801, 4162.500000>).
00:13:08 [Market] Player "Casper" (id=S9XeA0hkzh0BuQ40IZp9f43dJV0cx5VEKx2whZkh39A=) has sold twp_psg1_mag_5rnd x1 at the trader "Attachments (Oliver [#STR_EXPANSION_MARKET_TRADER_ATTACHMENTS])" in market zone "OUTLIVE Trader" (pos=<4291.589844, 25.247801, 4162.500000>) and got 105.
00:13:09 [Market] Player "Casper" (id=S9XeA0hkzh0BuQ40IZp9f43dJV0cx5VEKx2whZkh39A=) has send a requested to sell twp_parasa58_mag_20rnd x1 at the trader "Attachments (Oliver [#STR_EXPANSION_MARKET_TRADER_ATTACHMENTS])" in market zone "OUTLIVE Trader" (pos=<4291.589844, 25.247801, 4162.500000>).
00:13:09 [Market] Player "Casper" (id=S9XeA0hkzh0BuQ40IZp9f43dJV0cx5VEKx2whZkh39A=) has sold twp_parasa58_mag_20rnd x1 at the trader "Attachments (Oliver [#STR_EXPANSION_MARKET_TRADER_ATTACHMENTS])" in market zone "OUTLIVE Trader" (pos=<4291.589844, 25.247801, 4162.500000>) and got 249.
00:13:10 [Market] Player "Casper" (id=S9XeA0hkzh0BuQ40IZp9f43dJV0cx5VEKx2whZkh39A=) has send a requested to sell twp_parasa58_mag_20rnd x1 at the trader "Attachments (Oliver [#STR_EXPANSION_MARKET_TRADER_ATTACHMENTS])" in market zone "OUTLIVE Trader" (pos=<4291.589844, 25.247801, 4162.500000>).
00:13:10 [Market] Player "Casper" (id=S9XeA0hkzh0BuQ40IZp9f43dJV0cx5VEKx2whZkh39A=) has sold twp_parasa58_mag_20rnd x1 at the trader "Attachments (Oliver [#STR_EXPANSION_MARKET_TRADER_ATTACHMENTS])" in market zone "OUTLIVE Trader" (pos=<4291.589844, 25.247801, 4162.500000>) and got 219.
00:13:11 [Market] Player "Casper" (id=S9XeA0hkzh0BuQ40IZp9f43dJV0cx5VEKx2whZkh39A=) has send a requested to sell twp_remingtonr5_mag_40rnd x1 at the trader "Attachments (Oliver [#STR_EXPANSION_MARKET_TRADER_ATTACHMENTS])" in market zone "OUTLIVE Trader" (pos=<4291.589844, 25.247801, 4162.500000>).
00:13:11 [Market] Player "Casper" (id=S9XeA0hkzh0BuQ40IZp9f43dJV0cx5VEKx2whZkh39A=) has sold twp_remingtonr5_mag_40rnd x1 at the trader "Attachments (Oliver [#STR_EXPANSION_MARKET_TRADER_ATTACHMENTS])" in market zone "OUTLIVE Trader" (pos=<4291.589844, 25.247801, 4162.500000>) and got 322.
00:13:12 [Market] Player "Casper" (id=S9XeA0hkzh0BuQ40IZp9f43dJV0cx5VEKx2whZkh39A=) has send a requested to sell twp_remingtonr5_mag_40rnd x1 at the trader "Attachments (Oliver [#STR_EXPANSION_MARKET_TRADER_ATTACHMENTS])" in market zone "OUTLIVE Trader" (pos=<4291.589844, 25.247801, 4162.500000>).
00:13:12 [Market] Player "Casper" (id=S9XeA0hkzh0BuQ40IZp9f43dJV0cx5VEKx2whZkh39A=) has sold twp_remingtonr5_mag_40rnd x1 at the trader "Attachments (Oliver [#STR_EXPANSION_MARKET_TRADER_ATTACHMENTS])" in market zone "OUTLIVE Trader" (pos=<4291.589844, 25.247801, 4162.500000>) and got 300.
00:13:14 [Market] Player "Casper" (id=S9XeA0hkzh0BuQ40IZp9f43dJV0cx5VEKx2whZkh39A=) has send a requested to sell twp_remingtonmsr_mag_5rnd x1 at the trader "Attachments (Oliver [#STR_EXPANSION_MARKET_TRADER_ATTACHMENTS])" in market zone "OUTLIVE Trader" (pos=<4291.589844, 25.247801, 4162.500000>).
00:13:14 [Market] Player "Casper" (id=S9XeA0hkzh0BuQ40IZp9f43dJV0cx5VEKx2whZkh39A=) has sold twp_remingtonmsr_mag_5rnd x1 at the trader "Attachments (Oliver [#STR_EXPANSION_MARKET_TRADER_ATTACHMENTS])" in market zone "OUTLIVE Trader" (pos=<4291.589844, 25.247801, 4162.500000>) and got 95.
00:13:15 [Market] Player "Casper" (id=S9XeA0hkzh0BuQ40IZp9f43dJV0cx5VEKx2whZkh39A=) has send a requested to sell twp_remingtonmsr_mag_5rnd x1 at the trader "Attachments (Oliver [#STR_EXPANSION_MARKET_TRADER_ATTACHMENTS])" in market zone "OUTLIVE Trader" (pos=<4291.589844, 25.247801, 4162.500000>).
00:13:15 [Market] Player "Casper" (id=S9XeA0hkzh0BuQ40IZp9f43dJV0cx5VEKx2whZkh39A=) has sold twp_remingtonmsr_mag_5rnd x1 at the trader "Attachments (Oliver [#STR_EXPANSION_MARKET_TRADER_ATTACHMENTS])" in market zone "OUTLIVE Trader" (pos=<4291.589844, 25.247801, 4162.500000>) and got 95.
00:13:15 [Market] Player "Casper" (id=S9XeA0hkzh0BuQ40IZp9f43dJV0cx5VEKx2whZkh39A=) has send a requested to sell twp_remingtonmsr_mag_5rnd x1 at the trader "Attachments (Oliver [#STR_EXPANSION_MARKET_TRADER_ATTACHMENTS])" in market zone "OUTLIVE Trader" (pos=<4291.589844, 25.247801, 4162.500000>).
00:13:16 [Market] Player "Casper" (id=S9XeA0hkzh0BuQ40IZp9f43dJV0cx5VEKx2whZkh39A=) has sold twp_remingtonmsr_mag_5rnd x1 at the trader "Attachments (Oliver [#STR_EXPANSION_MARKET_TRADER_ATTACHMENTS])" in market zone "OUTLIVE Trader" (pos=<4291.589844, 25.247801, 4162.500000>) and got 105.
00:13:17 [Market] Player "Casper" (id=S9XeA0hkzh0BuQ40IZp9f43dJV0cx5VEKx2whZkh39A=) has send a requested to sell twp_ruger556_mag_30rnd x1 at the trader "Attachments (Oliver [#STR_EXPANSION_MARKET_TRADER_ATTACHMENTS])" in market zone "OUTLIVE Trader" (pos=<4291.589844, 25.247801, 4162.500000>).
00:13:17 [Market] Player "Casper" (id=S9XeA0hkzh0BuQ40IZp9f43dJV0cx5VEKx2whZkh39A=) has sold twp_ruger556_mag_30rnd x1 at the trader "Attachments (Oliver [#STR_EXPANSION_MARKET_TRADER_ATTACHMENTS])" in market zone "OUTLIVE Trader" (pos=<4291.589844, 25.247801, 4162.500000>) and got 285.
00:13:18 [Market] Player "Casper" (id=S9XeA0hkzh0BuQ40IZp9f43dJV0cx5VEKx2whZkh39A=) has send a requested to sell twp_sr47_mag_30rnd x1 at the trader "Attachments (Oliver [#STR_EXPANSION_MARKET_TRADER_ATTACHMENTS])" in market zone "OUTLIVE Trader" (pos=<4291.589844, 25.247801, 4162.500000>).
00:13:18 [Market] Player "Casper" (id=S9XeA0hkzh0BuQ40IZp9f43dJV0cx5VEKx2whZkh39A=) has sold twp_sr47_mag_30rnd x1 at the trader "Attachments (Oliver [#STR_EXPANSION_MARKET_TRADER_ATTACHMENTS])" in market zone "OUTLIVE Trader" (pos=<4291.589844, 25.247801, 4162.500000>) and got 356.
00:13:20 [Market] Player "Casper" (id=S9XeA0hkzh0BuQ40IZp9f43dJV0cx5VEKx2whZkh39A=) has send a requested to sell twp_scarh_mag_30rnd x1 at the trader "Attachments (Oliver [#STR_EXPANSION_MARKET_TRADER_ATTACHMENTS])" in market zone "OUTLIVE Trader" (pos=<4291.589844, 25.247801, 4162.500000>).
00:13:20 [Market] Player "Casper" (id=S9XeA0hkzh0BuQ40IZp9f43dJV0cx5VEKx2whZkh39A=) has sold twp_scarh_mag_30rnd x1 at the trader "Attachments (Oliver [#STR_EXPANSION_MARKET_TRADER_ATTACHMENTS])" in market zone "OUTLIVE Trader" (pos=<4291.589844, 25.247801, 4162.500000>) and got 408.
00:13:21 [Market] Player "Casper" (id=S9XeA0hkzh0BuQ40IZp9f43dJV0cx5VEKx2whZkh39A=) has send a requested to sell twp_stengun_mag_32rnd x1 at the trader "Attachments (Oliver [#STR_EXPANSION_MARKET_TRADER_ATTACHMENTS])" in market zone "OUTLIVE Trader" (pos=<4291.589844, 25.247801, 4162.500000>).
00:13:21 [Market] Player "Casper" (id=S9XeA0hkzh0BuQ40IZp9f43dJV0cx5VEKx2whZkh39A=) has sold twp_stengun_mag_32rnd x1 at the trader "Attachments (Oliver [#STR_EXPANSION_MARKET_TRADER_ATTACHMENTS])" in market zone "OUTLIVE Trader" (pos=<4291.589844, 25.247801, 4162.500000>) and got 204.
00:13:26 [Market] Player "Casper" (id=S9XeA0hkzh0BuQ40IZp9f43dJV0cx5VEKx2whZkh39A=) has send a requested to sell mag_expansion_mp7_40rnd x1 at the trader "Attachments (Oliver [#STR_EXPANSION_MARKET_TRADER_ATTACHMENTS])" in market zone "OUTLIVE Trader" (pos=<4291.589844, 25.247801, 4162.500000>).
00:13:26 [Market] Player "Casper" (id=S9XeA0hkzh0BuQ40IZp9f43dJV0cx5VEKx2whZkh39A=) has sold mag_expansion_mp7_40rnd x1 at the trader "Attachments (Oliver [#STR_EXPANSION_MARKET_TRADER_ATTACHMENTS])" in market zone "OUTLIVE Trader" (pos=<4291.589844, 25.247801, 4162.500000>) and got 82.
00:13:40 [ATM Locker] Player "Casper" (id=S9XeA0hkzh0BuQ40IZp9f43dJV0cx5VEKx2whZkh39A=) has deposited 41602 on his ATM account.
00:14:20 [Safezone] Player "Casper" (id=S9XeA0hkzh0BuQ40IZp9f43dJV0cx5VEKx2whZkh39A= pos=<4427.494141, -0.719960, 4097.415527>) Left the safezone
00:14:49 [Safezone] Player "HrabefonVorezprut" (id=J56CBd6WRzt5c58nX9b986Cp2niBSm4n26sMa8FuFaU= pos=<4529.879883, 0.442999, 4049.914063>) Left the safezone
00:15:14 [Safezone] Player "Casper" (id=S9XeA0hkzh0BuQ40IZp9f43dJV0cx5VEKx2whZkh39A= pos=<4404.888672, 0.748461, 4099.733398>) Entered the safezone
00:15:49 [Market] Player "Casper" (id=S9XeA0hkzh0BuQ40IZp9f43dJV0cx5VEKx2whZkh39A=) has send a requested to sell twp_ace23 x1 at the trader "Weapons (Denis [#STR_EXPANSION_MARKET_TRADER_WEAPONS])" in market zone "OUTLIVE Trader" (pos=<4291.589844, 25.247801, 4162.500000>).
00:15:49 [Market] Player "Casper" (id=S9XeA0hkzh0BuQ40IZp9f43dJV0cx5VEKx2whZkh39A=) has sold twp_ace23 x1 at the trader "Weapons (Denis [#STR_EXPANSION_MARKET_TRADER_WEAPONS])" in market zone "OUTLIVE Trader" (pos=<4291.589844, 25.247801, 4162.500000>) and got 1800.
00:15:51 [Market] Player "Casper" (id=S9XeA0hkzh0BuQ40IZp9f43dJV0cx5VEKx2whZkh39A=) has send a requested to sell twp_arx160 x1 at the trader "Weapons (Denis [#STR_EXPANSION_MARKET_TRADER_WEAPONS])" in market zone "OUTLIVE Trader" (pos=<4291.589844, 25.247801, 4162.500000>).
00:15:51 [Market] Player "Casper" (id=S9XeA0hkzh0BuQ40IZp9f43dJV0cx5VEKx2whZkh39A=) has sold twp_arx160 x1 at the trader "Weapons (Denis [#STR_EXPANSION_MARKET_TRADER_WEAPONS])" in market zone "OUTLIVE Trader" (pos=<4291.589844, 25.247801, 4162.500000>) and got 1400.
00:15:53 [Market] Player "Casper" (id=S9XeA0hkzh0BuQ40IZp9f43dJV0cx5VEKx2whZkh39A=) has send a requested to sell twp_bushmaster_m17smod x1 at the trader "Weapons (Denis [#STR_EXPANSION_MARKET_TRADER_WEAPONS])" in market zone "OUTLIVE Trader" (pos=<4291.589844, 25.247801, 4162.500000>).
00:15:53 [Market] Player "Casper" (id=S9XeA0hkzh0BuQ40IZp9f43dJV0cx5VEKx2whZkh39A=) has sold twp_bushmaster_m17smod x1 at the trader "Weapons (Denis [#STR_EXPANSION_MARKET_TRADER_WEAPONS])" in market zone "OUTLIVE Trader" (pos=<4291.589844, 25.247801, 4162.500000>) and got 2000.
00:15:55 [Market] Player "Casper" (id=S9XeA0hkzh0BuQ40IZp9f43dJV0cx5VEKx2whZkh39A=) has send a requested to sell twp_otsgrosa x1 at the trader "Weapons (Denis [#STR_EXPANSION_MARKET_TRADER_WEAPONS])" in market zone "OUTLIVE Trader" (pos=<4291.589844, 25.247801, 4162.500000>).
00:15:55 [Market] Player "Casper" (id=S9XeA0hkzh0BuQ40IZp9f43dJV0cx5VEKx2whZkh39A=) has sold twp_otsgrosa x1 at the trader "Weapons (Denis [#STR_EXPANSION_MARKET_TRADER_WEAPONS])" in market zone "OUTLIVE Trader" (pos=<4291.589844, 25.247801, 4162.500000>) and got 2100.
00:15:56 [Market] Player "Casper" (id=S9XeA0hkzh0BuQ40IZp9f43dJV0cx5VEKx2whZkh39A=) has send a requested to sell twp_otsgrosa x1 at the trader "Weapons (Denis [#STR_EXPANSION_MARKET_TRADER_WEAPONS])" in market zone "OUTLIVE Trader" (pos=<4291.589844, 25.247801, 4162.500000>).
00:15:56 [Market] Player "Casper" (id=S9XeA0hkzh0BuQ40IZp9f43dJV0cx5VEKx2whZkh39A=) has sold twp_otsgrosa x1 at the trader "Weapons (Denis [#STR_EXPANSION_MARKET_TRADER_WEAPONS])" in market zone "OUTLIVE Trader" (pos=<4291.589844, 25.247801, 4162.500000>) and got 2100.
00:15:57 [Market] Player "Casper" (id=S9XeA0hkzh0BuQ40IZp9f43dJV0cx5VEKx2whZkh39A=) has send a requested to sell twp_xm8 x1 at the trader "Weapons (Denis [#STR_EXPANSION_MARKET_TRADER_WEAPONS])" in market zone "OUTLIVE Trader" (pos=<4291.589844, 25.247801, 4162.500000>).
00:15:57 [Market] Player "Casper" (id=S9XeA0hkzh0BuQ40IZp9f43dJV0cx5VEKx2whZkh39A=) has sold twp_xm8 x1 at the trader "Weapons (Denis [#STR_EXPANSION_MARKET_TRADER_WEAPONS])" in market zone "OUTLIVE Trader" (pos=<4291.589844, 25.247801, 4162.500000>) and got 1600.
00:16:00 [Market] Player "Casper" (id=S9XeA0hkzh0BuQ40IZp9f43dJV0cx5VEKx2whZkh39A=) has send a requested to sell twp_m24greentan x1 at the trader "Weapons (Denis [#STR_EXPANSION_MARKET_TRADER_WEAPONS])" in market zone "OUTLIVE Trader" (pos=<4291.589844, 25.247801, 4162.500000>).
00:16:00 [Market] Player "Casper" (id=S9XeA0hkzh0BuQ40IZp9f43dJV0cx5VEKx2whZkh39A=) has sold twp_m24greentan x1 at the trader "Weapons (Denis [#STR_EXPANSION_MARKET_TRADER_WEAPONS])" in market zone "OUTLIVE Trader" (pos=<4291.589844, 25.247801, 4162.500000>) and got 1900.
00:16:15 [Market] Player "Casper" (id=S9XeA0hkzh0BuQ40IZp9f43dJV0cx5VEKx2whZkh39A=) has send a requested to sell pso11optic x1 at the trader "Attachments (Oliver [#STR_EXPANSION_MARKET_TRADER_ATTACHMENTS])" in market zone "OUTLIVE Trader" (pos=<4291.589844, 25.247801, 4162.500000>).
00:16:15 [Market] Player "Casper" (id=S9XeA0hkzh0BuQ40IZp9f43dJV0cx5VEKx2whZkh39A=) has sold pso11optic x1 at the trader "Attachments (Oliver [#STR_EXPANSION_MARKET_TRADER_ATTACHMENTS])" in market zone "OUTLIVE Trader" (pos=<4291.589844, 25.247801, 4162.500000>) and got 280.
00:16:17 [VehicleCarKey] Player "HrabefonVorezprut" (id=J56CBd6WRzt5c58nX9b986Cp2niBSm4n26sMa8FuFaU= pos=<4531.321289, 1.019605, 3103.886963>) used the  ExpansionCarKey to lock a ExpansionUtilityBoat
00:16:22 [Market] Player "Casper" (id=S9XeA0hkzh0BuQ40IZp9f43dJV0cx5VEKx2whZkh39A=) has send a requested to sell twp_frf2blackdragon_mag_10rnd x1 at the trader "Attachments (Oliver [#STR_EXPANSION_MARKET_TRADER_ATTACHMENTS])" in market zone "OUTLIVE Trader" (pos=<4291.589844, 25.247801, 4162.500000>).
00:16:22 [Market] Player "Casper" (id=S9XeA0hkzh0BuQ40IZp9f43dJV0cx5VEKx2whZkh39A=) has sold twp_frf2blackdragon_mag_10rnd x1 at the trader "Attachments (Oliver [#STR_EXPANSION_MARKET_TRADER_ATTACHMENTS])" in market zone "OUTLIVE Trader" (pos=<4291.589844, 25.247801, 4162.500000>) and got 125.
00:16:23 [Market] Player "Casper" (id=S9XeA0hkzh0BuQ40IZp9f43dJV0cx5VEKx2whZkh39A=) has send a requested to sell twp_frf2blackdragon_mag_10rnd x1 at the trader "Attachments (Oliver [#STR_EXPANSION_MARKET_TRADER_ATTACHMENTS])" in market zone "OUTLIVE Trader" (pos=<4291.589844, 25.247801, 4162.500000>).
00:16:23 [Market] Player "Casper" (id=S9XeA0hkzh0BuQ40IZp9f43dJV0cx5VEKx2whZkh39A=) has sold twp_frf2blackdragon_mag_10rnd x1 at the trader "Attachments (Oliver [#STR_EXPANSION_MARKET_TRADER_ATTACHMENTS])" in market zone "OUTLIVE Trader" (pos=<4291.589844, 25.247801, 4162.500000>) and got 144.
00:16:25 [Market] Player "Casper" (id=S9XeA0hkzh0BuQ40IZp9f43dJV0cx5VEKx2whZkh39A=) has send a requested to sell twp_psg1_mag_5rnd x1 at the trader "Attachments (Oliver [#STR_EXPANSION_MARKET_TRADER_ATTACHMENTS])" in market zone "OUTLIVE Trader" (pos=<4291.589844, 25.247801, 4162.500000>).
00:16:25 [Market] Player "Casper" (id=S9XeA0hkzh0BuQ40IZp9f43dJV0cx5VEKx2whZkh39A=) has sold twp_psg1_mag_5rnd x1 at the trader "Attachments (Oliver [#STR_EXPANSION_MARKET_TRADER_ATTACHMENTS])" in market zone "OUTLIVE Trader" (pos=<4291.589844, 25.247801, 4162.500000>) and got 85.
00:16:26 [Market] Player "Casper" (id=S9XeA0hkzh0BuQ40IZp9f43dJV0cx5VEKx2whZkh39A=) has send a requested to sell twp_m16a1_mag_20rnd x1 at the trader "Attachments (Oliver [#STR_EXPANSION_MARKET_TRADER_ATTACHMENTS])" in market zone "OUTLIVE Trader" (pos=<4291.589844, 25.247801, 4162.500000>).
00:16:26 [Market] Player "Casper" (id=S9XeA0hkzh0BuQ40IZp9f43dJV0cx5VEKx2whZkh39A=) has sold twp_m16a1_mag_20rnd x1 at the trader "Attachments (Oliver [#STR_EXPANSION_MARKET_TRADER_ATTACHMENTS])" in market zone "OUTLIVE Trader" (pos=<4291.589844, 25.247801, 4162.500000>) and got 173.
00:16:28 [Market] Player "Casper" (id=S9XeA0hkzh0BuQ40IZp9f43dJV0cx5VEKx2whZkh39A=) has send a requested to sell twp_type89_mag_30rnd x1 at the trader "Attachments (Oliver [#STR_EXPANSION_MARKET_TRADER_ATTACHMENTS])" in market zone "OUTLIVE Trader" (pos=<4291.589844, 25.247801, 4162.500000>).
00:16:28 [Market] Player "Casper" (id=S9XeA0hkzh0BuQ40IZp9f43dJV0cx5VEKx2whZkh39A=) has sold twp_type89_mag_30rnd x1 at the trader "Attachments (Oliver [#STR_EXPANSION_MARKET_TRADER_ATTACHMENTS])" in market zone "OUTLIVE Trader" (pos=<4291.589844, 25.247801, 4162.500000>) and got 352.
00:16:29 [Market] Player "Casper" (id=S9XeA0hkzh0BuQ40IZp9f43dJV0cx5VEKx2whZkh39A=) has send a requested to sell twp_type89_mag_30rnd x1 at the trader "Attachments (Oliver [#STR_EXPANSION_MARKET_TRADER_ATTACHMENTS])" in market zone "OUTLIVE Trader" (pos=<4291.589844, 25.247801, 4162.500000>).
00:16:29 [Market] Player "Casper" (id=S9XeA0hkzh0BuQ40IZp9f43dJV0cx5VEKx2whZkh39A=) has sold twp_type89_mag_30rnd x1 at the trader "Attachments (Oliver [#STR_EXPANSION_MARKET_TRADER_ATTACHMENTS])" in market zone "OUTLIVE Trader" (pos=<4291.589844, 25.247801, 4162.500000>) and got 240.
00:16:33 [Market] Player "Casper" (id=S9XeA0hkzh0BuQ40IZp9f43dJV0cx5VEKx2whZkh39A=) has send a requested to sell twp_optic_reddot x1 at the trader "Attachments (Oliver [#STR_EXPANSION_MARKET_TRADER_ATTACHMENTS])" in market zone "OUTLIVE Trader" (pos=<4291.589844, 25.247801, 4162.500000>).
00:16:33 [Market] Player "Casper" (id=S9XeA0hkzh0BuQ40IZp9f43dJV0cx5VEKx2whZkh39A=) has sold twp_optic_reddot x1 at the trader "Attachments (Oliver [#STR_EXPANSION_MARKET_TRADER_ATTACHMENTS])" in market zone "OUTLIVE Trader" (pos=<4291.589844, 25.247801, 4162.500000>) and got 188.
00:16:56 [ATM Locker] Player "Casper" (id=S9XeA0hkzh0BuQ40IZp9f43dJV0cx5VEKx2whZkh39A=) has deposited 14487 on his ATM account.
00:18:24 [Safezone] Player "Casper" (id=S9XeA0hkzh0BuQ40IZp9f43dJV0cx5VEKx2whZkh39A= pos=<4163.633301, 30.350832, 4105.681152>) Left the safezone
00:18:36 [Safezone] Player "Casper" (id=S9XeA0hkzh0BuQ40IZp9f43dJV0cx5VEKx2whZkh39A= pos=<4171.982910, 46.997398, 4111.964844>) Entered the safezone
00:19:08 [Safezone] Player "Casper" (id=S9XeA0hkzh0BuQ40IZp9f43dJV0cx5VEKx2whZkh39A= pos=<4164.347656, 29.743872, 4107.864258>) Left the safezone
00:19:17 [Safezone] Player "Casper" (id=S9XeA0hkzh0BuQ40IZp9f43dJV0cx5VEKx2whZkh39A= pos=<4174.924316, 15.962215, 4105.763184>) Entered the safezone
00:20:19 [Safezone] Player "Casper" (id=S9XeA0hkzh0BuQ40IZp9f43dJV0cx5VEKx2whZkh39A= pos=<4431.758789, 0.787275, 4099.792480>) Left the safezone
00:21:57 [VehicleCarKey] Player "HrabefonVorezprut" (id=J56CBd6WRzt5c58nX9b986Cp2niBSm4n26sMa8FuFaU= pos=<4458.329590, 4.803715, 3088.971436>) used the  ExpansionCarKey to unlock a Expansion_Landrover_Grey
00:23:24 [VehicleCarKey] Player "Casper" (id=S9XeA0hkzh0BuQ40IZp9f43dJV0cx5VEKx2whZkh39A= pos=<4530.684570, -0.178239, 3083.115479>) used the  ExpansionCarKey to lock a ExpansionUtilityBoat
00:46:16 [VehicleCarKey] Player "HrabefonVorezprut" (id=J56CBd6WRzt5c58nX9b986Cp2niBSm4n26sMa8FuFaU= pos=<138.824677, 381.826416, 3609.589844>) used the  ExpansionCarKey to lock a Expansion_Landrover_Grey
01:16:01 [Expansion Quests] - CreateQuestInstance - Created new quest instance for player with UID J56CBd6WRzt5c58nX9b986Cp2niBSm4n26sMa8FuFaU= for quest 9
01:16:01 [Expansion Quests] - ExpansionQuest - Quest owner ID: J56CBd6WRzt5c58nX9b986Cp2niBSm4n26sMa8FuFaU=
01:16:01 [Expansion Quests] - ExpansionQuest - Quest ID: 9
01:16:01 [Expansion Quests] - ExpansionQuest - Quest state: 1
01:16:01 [Expansion Quests] - ExpansionQuest - Quest completed: false
01:16:59 [Expansion Quests] - SetupClientData - Got cached player quest data for player with UID: S9XeA0hkzh0BuQ40IZp9f43dJV0cx5VEKx2whZkh39A=
01:16:59 [Expansion Quests] - PlayerQuestsInit - Create new quest instance for quest: 23 - Creator UID: S9XeA0hkzh0BuQ40IZp9f43dJV0cx5VEKx2whZkh39A=
01:16:59 [Expansion Quests] - PlayerQuestsInit - Create new quest instance for quest: 21 - Creator UID: S9XeA0hkzh0BuQ40IZp9f43dJV0cx5VEKx2whZkh39A=
01:20:18 [Expansion Quests] - CancelQuestServer - Player with UID S9XeA0hkzh0BuQ40IZp9f43dJV0cx5VEKx2whZkh39A= has cancelled quest 21
01:20:23 [Expansion Quests] - CreateQuestInstance - Created new quest instance for player with UID S9XeA0hkzh0BuQ40IZp9f43dJV0cx5VEKx2whZkh39A= for quest 21
01:20:23 [Expansion Quests] - ExpansionQuest - Quest owner ID: S9XeA0hkzh0BuQ40IZp9f43dJV0cx5VEKx2whZkh39A=
01:20:23 [Expansion Quests] - ExpansionQuest - Quest ID: 21
01:20:23 [Expansion Quests] - ExpansionQuest - Quest state: 1
01:20:23 [Expansion Quests] - ExpansionQuest - Quest completed: false
01:20:54 [Expansion Quests] - CancelQuestServer - Player with UID S9XeA0hkzh0BuQ40IZp9f43dJV0cx5VEKx2whZkh39A= has cancelled quest 9
01:21:03 [Expansion Quests] - CancelQuestServer - Player with UID S9XeA0hkzh0BuQ40IZp9f43dJV0cx5VEKx2whZkh39A= has cancelled quest 21
01:21:09 [Expansion Quests] - CancelQuestServer - Player with UID S9XeA0hkzh0BuQ40IZp9f43dJV0cx5VEKx2whZkh39A= has cancelled quest 61
01:21:24 [Expansion Quests] - CreateQuestInstance - Created new quest instance for player with UID S9XeA0hkzh0BuQ40IZp9f43dJV0cx5VEKx2whZkh39A= for quest 21
01:21:24 [Expansion Quests] - ExpansionQuest - Quest owner ID: S9XeA0hkzh0BuQ40IZp9f43dJV0cx5VEKx2whZkh39A=
01:21:24 [Expansion Quests] - ExpansionQuest - Quest ID: 21
01:21:24 [Expansion Quests] - ExpansionQuest - Quest state: 1
01:21:24 [Expansion Quests] - ExpansionQuest - Quest completed: false
01:21:41 [Expansion Quests] - CompleteQuest - Player with UID S9XeA0hkzh0BuQ40IZp9f43dJV0cx5VEKx2whZkh39A= has completed quest 21
01:21:41 [Expansion Quests] - ExpansionQuest - Quest owner ID: S9XeA0hkzh0BuQ40IZp9f43dJV0cx5VEKx2whZkh39A=
01:21:41 [Expansion Quests] - ExpansionQuest - Quest ID: 21
01:21:41 [Expansion Quests] - ExpansionQuest - Quest state: 3
01:21:41 [Expansion Quests] - ExpansionQuest - Quest completed: true
01:23:25 [Expansion Quests] - CreateQuestInstance - Created new quest instance for player with UID S9XeA0hkzh0BuQ40IZp9f43dJV0cx5VEKx2whZkh39A= for quest 61
01:23:25 [Expansion Quests] - ExpansionQuest - Quest owner ID: S9XeA0hkzh0BuQ40IZp9f43dJV0cx5VEKx2whZkh39A=
01:23:25 [Expansion Quests] - ExpansionQuest - Quest ID: 61
01:23:25 [Expansion Quests] - ExpansionQuest - Quest state: 1
01:23:25 [Expansion Quests] - ExpansionQuest - Quest completed: false
01:23:47 [Expansion Quests] - CreateQuestInstance - Created new quest instance for player with UID S9XeA0hkzh0BuQ40IZp9f43dJV0cx5VEKx2whZkh39A= for quest 9
01:23:47 [Expansion Quests] - ExpansionQuest - Quest owner ID: S9XeA0hkzh0BuQ40IZp9f43dJV0cx5VEKx2whZkh39A=
01:23:47 [Expansion Quests] - ExpansionQuest - Quest ID: 9
01:23:47 [Expansion Quests] - ExpansionQuest - Quest state: 1
01:23:47 [Expansion Quests] - ExpansionQuest - Quest completed: false
01:31:27 [MissionAirdrop] An airdrop is heading towards "Osternach" (pos=<3924.000000, 0.000000, 2662.000000> type=Random_Osternach) with a ExpansionAirdropContainer
01:31:27 [MissionAirdrop] An airdrop is heading towards "SouthEast" (pos=<7892.000000, 0.000000, 1340.000000> type=Random_SouthEast) with a ExpansionAirdropContainer_Basebuilding
01:49:33 [Expansion Quests] - SetupClientData - Got cached player quest data for player with UID: S9XeA0hkzh0BuQ40IZp9f43dJV0cx5VEKx2whZkh39A=
01:49:33 [Expansion Quests] - PlayerQuestsInit - Create new quest instance for quest: 23 - Creator UID: S9XeA0hkzh0BuQ40IZp9f43dJV0cx5VEKx2whZkh39A=
01:49:33 [Expansion Quests] - PlayerQuestsInit - Create new quest instance for quest: 9 - Creator UID: S9XeA0hkzh0BuQ40IZp9f43dJV0cx5VEKx2whZkh39A=
01:58:02 [Expansion Quests] - CreateQuestInstance - Created new quest instance for player with UID S9XeA0hkzh0BuQ40IZp9f43dJV0cx5VEKx2whZkh39A= for quest 8
01:58:02 [Expansion Quests] - ExpansionQuest - Quest owner ID: S9XeA0hkzh0BuQ40IZp9f43dJV0cx5VEKx2whZkh39A=
01:58:02 [Expansion Quests] - ExpansionQuest - Quest ID: 8
01:58:02 [Expansion Quests] - ExpansionQuest - Quest state: 1
01:58:02 [Expansion Quests] - ExpansionQuest - Quest completed: false
01:58:39 [Expansion Quests] - CreateQuestInstance - Created new quest instance for player with UID S9XeA0hkzh0BuQ40IZp9f43dJV0cx5VEKx2whZkh39A= for quest 73
01:58:39 [Expansion Quests] - ExpansionQuest - Quest owner ID: S9XeA0hkzh0BuQ40IZp9f43dJV0cx5VEKx2whZkh39A=
01:58:39 [Expansion Quests] - ExpansionQuest - Quest ID: 73
01:58:39 [Expansion Quests] - ExpansionQuest - Quest state: 1
01:58:39 [Expansion Quests] - ExpansionQuest - Quest completed: false
01:58:59 [Expansion Quests] - CreateQuestInstance - Created new quest instance for player with UID S9XeA0hkzh0BuQ40IZp9f43dJV0cx5VEKx2whZkh39A= for quest 76
01:58:59 [Expansion Quests] - ExpansionQuest - Quest owner ID: S9XeA0hkzh0BuQ40IZp9f43dJV0cx5VEKx2whZkh39A=
01:58:59 [Expansion Quests] - ExpansionQuest - Quest ID: 76
01:58:59 [Expansion Quests] - ExpansionQuest - Quest state: 1
01:58:59 [Expansion Quests] - ExpansionQuest - Quest completed: false
02:00:53 [VehicleCarKey] Player "HrabefonVorezprut" (id=J56CBd6WRzt5c58nX9b986Cp2niBSm4n26sMa8FuFaU= pos=<138.690155, 381.819611, 3609.714844>) used the  ExpansionCarKey to unlock a Expansion_Landrover_Grey
02:24:39 [Expansion Quests] - SetupClientData - Got cached player quest data for player with UID: S9XeA0hkzh0BuQ40IZp9f43dJV0cx5VEKx2whZkh39A=
02:29:18 [VehicleCarKey] Player "HrabefonVorezprut" (id=J56CBd6WRzt5c58nX9b986Cp2niBSm4n26sMa8FuFaU= pos=<4457.238281, 4.798889, 3090.003906>) used the  ExpansionCarKey to lock a Expansion_Landrover_Grey
03:20:24 [Expansion Quests] - SetupClientData - Created new persistent player quest data for player UID: xW1H6T8cRKSQpCVlvJ0CRyJrt5sz6N1-jBWKXumJavQ=
03:20:30 [MissionAirdrop] An airdrop is heading towards "Atomkraftwerk" (pos=<3099.000000, 0.000000, 8394.000000> type=Random_Atomkraftwerk) with a ExpansionAirdropContainer_Military
03:20:30 [MissionAirdrop] An airdrop is heading towards "Krater" (pos=<7262.000000, 0.000000, 9618.000000> type=Random_Krater) with a ExpansionAirdropContainer_Medical
03:54:47 [Expansion Quests] - SetupClientData - Got cached player quest data for player with UID: xW1H6T8cRKSQpCVlvJ0CRyJrt5sz6N1-jBWKXumJavQ=
