16:14:08 [Safezone] Player "bliki" (id=4su7obi-vQiFwCpt_re2z-tuKNCR2I-AnAPDdxYjmgU= pos=<4194.803223, 14.356063, 4120.897461>) Entered the safezone
16:15:01 [ATM Locker] Player "bliki" (id=4su7obi-vQiFwCpt_re2z-tuKNCR2I-AnAPDdxYjmgU=) has deposited 2000 on his ATM account.
16:15:32 [Safezone] Player "bliki" (id=4su7obi-vQiFwCpt_re2z-tuKNCR2I-AnAPDdxYjmgU= pos=<4171.772461, 14.289474, 4301.592285>) Left the safezone
16:19:18 [MissionAirdrop] An airdrop is heading towards "Obing" (pos=<6316.000000, 0.000000, 9204.000000> type=Random_Obing) with a ExpansionAirdropContainer_Medical
16:19:18 [MissionAirdrop] An airdrop is heading towards "Stein" (pos=<4619.000000, 0.000000, 7618.000000> type=Random_Stein) with a ExpansionAirdropContainer
16:32:20 [Safezone] Player "bliki" (id=4su7obi-vQiFwCpt_re2z-tuKNCR2I-AnAPDdxYjmgU= pos=<4186.584473, 14.344622, 4238.746094>) Entered the safezone
16:33:37 [Market] Player "bliki" (id=4su7obi-vQiFwCpt_re2z-tuKNCR2I-AnAPDdxYjmgU=) has send a requested to sell twp_sg556 x1 at the trader "Weapons (Denis [WEAPONS TRADER])" in market zone "OUTLIVE Trader" (pos=<4291.589844, 25.247801, 4162.500000>).
16:33:37 [Market] Player "bliki" (id=4su7obi-vQiFwCpt_re2z-tuKNCR2I-AnAPDdxYjmgU=) has sold twp_sg556 x1 at the trader "Weapons (Denis [WEAPONS TRADER])" in market zone "OUTLIVE Trader" (pos=<4291.589844, 25.247801, 4162.500000>) and got 2000.
16:33:47 [Market] Player "bliki" (id=4su7obi-vQiFwCpt_re2z-tuKNCR2I-AnAPDdxYjmgU=) has send a requested to sell svd x1 at the trader "Weapons (Denis [WEAPONS TRADER])" in market zone "OUTLIVE Trader" (pos=<4291.589844, 25.247801, 4162.500000>).
16:33:47 [Market] Player "bliki" (id=4su7obi-vQiFwCpt_re2z-tuKNCR2I-AnAPDdxYjmgU=) has sold svd x1 at the trader "Weapons (Denis [WEAPONS TRADER])" in market zone "OUTLIVE Trader" (pos=<4291.589844, 25.247801, 4162.500000>) and got 905.
16:34:27 [Market] Player "bliki" (id=4su7obi-vQiFwCpt_re2z-tuKNCR2I-AnAPDdxYjmgU=) has send a requested to sell mag_expansion_g36_30rnd x1 at the trader "Attachments (Oliver [ATTACHMENTS TRADER])" in market zone "OUTLIVE Trader" (pos=<4291.589844, 25.247801, 4162.500000>).
16:34:27 [Market] Player "bliki" (id=4su7obi-vQiFwCpt_re2z-tuKNCR2I-AnAPDdxYjmgU=) has sold mag_expansion_g36_30rnd x1 at the trader "Attachments (Oliver [ATTACHMENTS TRADER])" in market zone "OUTLIVE Trader" (pos=<4291.589844, 25.247801, 4162.500000>) and got 252.
16:34:31 [Market] Player "bliki" (id=4su7obi-vQiFwCpt_re2z-tuKNCR2I-AnAPDdxYjmgU=) has send a requested to sell twp_honeybadger_mag_40rnd x1 at the trader "Attachments (Oliver [ATTACHMENTS TRADER])" in market zone "OUTLIVE Trader" (pos=<4291.589844, 25.247801, 4162.500000>).
16:34:31 [Market] Player "bliki" (id=4su7obi-vQiFwCpt_re2z-tuKNCR2I-AnAPDdxYjmgU=) has sold twp_honeybadger_mag_40rnd x1 at the trader "Attachments (Oliver [ATTACHMENTS TRADER])" in market zone "OUTLIVE Trader" (pos=<4291.589844, 25.247801, 4162.500000>) and got 264.
16:34:37 [Market] Player "bliki" (id=4su7obi-vQiFwCpt_re2z-tuKNCR2I-AnAPDdxYjmgU=) has send a requested to sell twp_acwr_mag_30rnd x1 at the trader "Attachments (Oliver [ATTACHMENTS TRADER])" in market zone "OUTLIVE Trader" (pos=<4291.589844, 25.247801, 4162.500000>).
16:34:37 [Market] Player "bliki" (id=4su7obi-vQiFwCpt_re2z-tuKNCR2I-AnAPDdxYjmgU=) has sold twp_acwr_mag_30rnd x1 at the trader "Attachments (Oliver [ATTACHMENTS TRADER])" in market zone "OUTLIVE Trader" (pos=<4291.589844, 25.247801, 4162.500000>) and got 356.
16:34:49 [Market] Player "bliki" (id=4su7obi-vQiFwCpt_re2z-tuKNCR2I-AnAPDdxYjmgU=) has send a requested to sell ammobox_556x45_20rnd x1 at the trader "Attachments (Oliver [ATTACHMENTS TRADER])" in market zone "OUTLIVE Trader" (pos=<4291.589844, 25.247801, 4162.500000>).
16:34:49 [Market] Player "bliki" (id=4su7obi-vQiFwCpt_re2z-tuKNCR2I-AnAPDdxYjmgU=) has sold ammobox_556x45_20rnd x1 at the trader "Attachments (Oliver [ATTACHMENTS TRADER])" in market zone "OUTLIVE Trader" (pos=<4291.589844, 25.247801, 4162.500000>) and got 165.
16:35:16 [ATM Locker] Player "bliki" (id=4su7obi-vQiFwCpt_re2z-tuKNCR2I-AnAPDdxYjmgU=) has deposited 3942 on his ATM account.
16:38:19 [Safezone] Player "bliki" (id=4su7obi-vQiFwCpt_re2z-tuKNCR2I-AnAPDdxYjmgU= pos=<4154.147461, 14.605568, 4297.073242>) Left the safezone
16:57:52 [Safezone] Player "bliki" (id=4su7obi-vQiFwCpt_re2z-tuKNCR2I-AnAPDdxYjmgU= pos=<4164.465820, 16.046345, 4189.159668>) Entered the safezone
16:58:16 [Market] Player "bliki" (id=4su7obi-vQiFwCpt_re2z-tuKNCR2I-AnAPDdxYjmgU=) has send a requested to sell chernarusmap x1 at the trader "BuildingSupplies (Boris [BUILDING SUPPLIES TRADER])" in market zone "OUTLIVE Trader" (pos=<4291.589844, 25.247801, 4162.500000>).
16:58:16 [Market] Player "bliki" (id=4su7obi-vQiFwCpt_re2z-tuKNCR2I-AnAPDdxYjmgU=) has sold chernarusmap x1 at the trader "BuildingSupplies (Boris [BUILDING SUPPLIES TRADER])" in market zone "OUTLIVE Trader" (pos=<4291.589844, 25.247801, 4162.500000>) and got 900.
16:58:31 [Market] Player "bliki" (id=4su7obi-vQiFwCpt_re2z-tuKNCR2I-AnAPDdxYjmgU=) has send a requested to sell expansion_longhorn x1 at the trader "Weapons (Denis [WEAPONS TRADER])" in market zone "OUTLIVE Trader" (pos=<4291.589844, 25.247801, 4162.500000>).
16:58:31 [Market] Player "bliki" (id=4su7obi-vQiFwCpt_re2z-tuKNCR2I-AnAPDdxYjmgU=) has sold expansion_longhorn x1 at the trader "Weapons (Denis [WEAPONS TRADER])" in market zone "OUTLIVE Trader" (pos=<4291.589844, 25.247801, 4162.500000>) and got 190.
16:58:50 [Market] Player "bliki" (id=4su7obi-vQiFwCpt_re2z-tuKNCR2I-AnAPDdxYjmgU=) has send a requested to purchase lunchmeat x1 from the trader "Consumables (Naomi [CONSUMABLES TRADER])" in market zone "OUTLIVE Trader" (pos=<4291.589844, 25.247801, 4162.500000>).
16:58:50 [Market] Player "bliki" (id=4su7obi-vQiFwCpt_re2z-tuKNCR2I-AnAPDdxYjmgU=) has bought lunchmeat x1 from the trader "Consumables (Naomi [CONSUMABLES TRADER])" in market zone "OUTLIVE Trader" (pos=<4291.589844, 25.247801, 4162.500000>) for a price of 250.
16:58:51 [Market] Player "bliki" (id=4su7obi-vQiFwCpt_re2z-tuKNCR2I-AnAPDdxYjmgU=) has send a requested to purchase lunchmeat x1 from the trader "Consumables (Naomi [CONSUMABLES TRADER])" in market zone "OUTLIVE Trader" (pos=<4291.589844, 25.247801, 4162.500000>).
16:58:51 [Market] Player "bliki" (id=4su7obi-vQiFwCpt_re2z-tuKNCR2I-AnAPDdxYjmgU=) has bought lunchmeat x1 from the trader "Consumables (Naomi [CONSUMABLES TRADER])" in market zone "OUTLIVE Trader" (pos=<4291.589844, 25.247801, 4162.500000>) for a price of 250.
17:00:35 [ATM Locker] Player "bliki" (id=4su7obi-vQiFwCpt_re2z-tuKNCR2I-AnAPDdxYjmgU=) has deposited 590 on his ATM account.
17:02:46 [Safezone] Player "bliki" (id=4su7obi-vQiFwCpt_re2z-tuKNCR2I-AnAPDdxYjmgU= pos=<4403.114258, 4.088612, 3999.063477>) Left the safezone
17:41:25 [MissionAirdrop] An airdrop is heading towards "Gollenhausen" (pos=<8957.000000, 0.000000, 8931.000000> type=Random_Gollenhausen) with a ExpansionAirdropContainer
17:41:25 [MissionAirdrop] An airdrop is heading towards "Weitmoos" (pos=<6222.000000, 0.000000, 9723.000000> type=Random_Weitmoos) with a ExpansionAirdropContainer_Basebuilding
18:01:51 [VehicleCarKey] Player "Maltrix CZE" (id=l3HvTWnXl8COrcbWA0dEsar-QbcB4NyANSOekVJXAcY= pos=<2524.864990, 43.155190, 3417.900146>) used the  ExpansionCarKey to unlock a Expansion_Landrover
18:12:01 [Safezone] Player "Maltrix CZE" (id=l3HvTWnXl8COrcbWA0dEsar-QbcB4NyANSOekVJXAcY= pos=<4372.774414, 5.183378, 4061.102295>) Entered the safezone
18:13:38 [Market] Player "Maltrix CZE" (id=l3HvTWnXl8COrcbWA0dEsar-QbcB4NyANSOekVJXAcY=) has send a requested to sell mvs_combatpants_erdl x1 at the trader "Clothing (Linda [CLOTHING TRADER])" in market zone "OUTLIVE Trader" (pos=<4291.589844, 25.247801, 4162.500000>).
18:13:38 [Market] Player "Maltrix CZE" (id=l3HvTWnXl8COrcbWA0dEsar-QbcB4NyANSOekVJXAcY=) has sold mvs_combatpants_erdl x1 at the trader "Clothing (Linda [CLOTHING TRADER])" in market zone "OUTLIVE Trader" (pos=<4291.589844, 25.247801, 4162.500000>) and got 300.
18:14:01 [Market] Player "Maltrix CZE" (id=l3HvTWnXl8COrcbWA0dEsar-QbcB4NyANSOekVJXAcY=) has send a requested to sell mvs_combat_vest_multicam x1 at the trader "Clothing (Linda [CLOTHING TRADER])" in market zone "OUTLIVE Trader" (pos=<4291.589844, 25.247801, 4162.500000>).
18:14:02 [Market] Player "Maltrix CZE" (id=l3HvTWnXl8COrcbWA0dEsar-QbcB4NyANSOekVJXAcY=) has sold mvs_combat_vest_multicam x1 at the trader "Clothing (Linda [CLOTHING TRADER])" in market zone "OUTLIVE Trader" (pos=<4291.589844, 25.247801, 4162.500000>) and got 1800.
18:14:05 [Market] Player "Maltrix CZE" (id=l3HvTWnXl8COrcbWA0dEsar-QbcB4NyANSOekVJXAcY=) has send a requested to sell mvs_combat_vest_tan x1 at the trader "Clothing (Linda [CLOTHING TRADER])" in market zone "OUTLIVE Trader" (pos=<4291.589844, 25.247801, 4162.500000>).
18:14:05 [Market] Player "Maltrix CZE" (id=l3HvTWnXl8COrcbWA0dEsar-QbcB4NyANSOekVJXAcY=) has sold mvs_combat_vest_tan x1 at the trader "Clothing (Linda [CLOTHING TRADER])" in market zone "OUTLIVE Trader" (pos=<4291.589844, 25.247801, 4162.500000>) and got 1800.
18:14:49 [Market] Player "Maltrix CZE" (id=l3HvTWnXl8COrcbWA0dEsar-QbcB4NyANSOekVJXAcY=) has send a requested to sell twp_hk416 x1 at the trader "Weapons (Denis [WEAPONS TRADER])" in market zone "OUTLIVE Trader" (pos=<4291.589844, 25.247801, 4162.500000>).
18:14:49 [Market] Player "Maltrix CZE" (id=l3HvTWnXl8COrcbWA0dEsar-QbcB4NyANSOekVJXAcY=) has sold twp_hk416 x1 at the trader "Weapons (Denis [WEAPONS TRADER])" in market zone "OUTLIVE Trader" (pos=<4291.589844, 25.247801, 4162.500000>) and got 2300.
18:14:56 [Market] Player "Maltrix CZE" (id=l3HvTWnXl8COrcbWA0dEsar-QbcB4NyANSOekVJXAcY=) has send a requested to sell twp_ar70 x1 at the trader "Weapons (Denis [WEAPONS TRADER])" in market zone "OUTLIVE Trader" (pos=<4291.589844, 25.247801, 4162.500000>).
18:14:56 [Market] Player "Maltrix CZE" (id=l3HvTWnXl8COrcbWA0dEsar-QbcB4NyANSOekVJXAcY=) has sold twp_ar70 x1 at the trader "Weapons (Denis [WEAPONS TRADER])" in market zone "OUTLIVE Trader" (pos=<4291.589844, 25.247801, 4162.500000>) and got 1100.
18:15:01 [Market] Player "Maltrix CZE" (id=l3HvTWnXl8COrcbWA0dEsar-QbcB4NyANSOekVJXAcY=) has send a requested to sell twp_pp19vityaz x1 at the trader "Weapons (Denis [WEAPONS TRADER])" in market zone "OUTLIVE Trader" (pos=<4291.589844, 25.247801, 4162.500000>).
18:15:01 [Market] Player "Maltrix CZE" (id=l3HvTWnXl8COrcbWA0dEsar-QbcB4NyANSOekVJXAcY=) has sold twp_pp19vityaz x1 at the trader "Weapons (Denis [WEAPONS TRADER])" in market zone "OUTLIVE Trader" (pos=<4291.589844, 25.247801, 4162.500000>) and got 730.
18:15:04 [Market] Player "Maltrix CZE" (id=l3HvTWnXl8COrcbWA0dEsar-QbcB4NyANSOekVJXAcY=) has send a requested to sell aug x1 at the trader "Weapons (Denis [WEAPONS TRADER])" in market zone "OUTLIVE Trader" (pos=<4291.589844, 25.247801, 4162.500000>).
18:15:04 [Market] Player "Maltrix CZE" (id=l3HvTWnXl8COrcbWA0dEsar-QbcB4NyANSOekVJXAcY=) has sold aug x1 at the trader "Weapons (Denis [WEAPONS TRADER])" in market zone "OUTLIVE Trader" (pos=<4291.589844, 25.247801, 4162.500000>) and got 2300.
18:15:10 [Market] Player "Maltrix CZE" (id=l3HvTWnXl8COrcbWA0dEsar-QbcB4NyANSOekVJXAcY=) has send a requested to sell famas x1 at the trader "Weapons (Denis [WEAPONS TRADER])" in market zone "OUTLIVE Trader" (pos=<4291.589844, 25.247801, 4162.500000>).
18:15:10 [Market] Player "Maltrix CZE" (id=l3HvTWnXl8COrcbWA0dEsar-QbcB4NyANSOekVJXAcY=) has sold famas x1 at the trader "Weapons (Denis [WEAPONS TRADER])" in market zone "OUTLIVE Trader" (pos=<4291.589844, 25.247801, 4162.500000>) and got 1724.
18:15:31 [Market] Player "Maltrix CZE" (id=l3HvTWnXl8COrcbWA0dEsar-QbcB4NyANSOekVJXAcY=) has send a requested to sell twp_berettasamuraiedge_mag_18rnd x1 at the trader "Attachments (Oliver [ATTACHMENTS TRADER])" in market zone "OUTLIVE Trader" (pos=<4291.589844, 25.247801, 4162.500000>).
18:15:31 [Market] Player "Maltrix CZE" (id=l3HvTWnXl8COrcbWA0dEsar-QbcB4NyANSOekVJXAcY=) has sold twp_berettasamuraiedge_mag_18rnd x1 at the trader "Attachments (Oliver [ATTACHMENTS TRADER])" in market zone "OUTLIVE Trader" (pos=<4291.589844, 25.247801, 4162.500000>) and got 108.
18:15:52 [Market] Player "Maltrix CZE" (id=l3HvTWnXl8COrcbWA0dEsar-QbcB4NyANSOekVJXAcY=) has send a requested to sell twp_kacpdw_mag_30rnd x1 at the trader "Attachments (Oliver [ATTACHMENTS TRADER])" in market zone "OUTLIVE Trader" (pos=<4291.589844, 25.247801, 4162.500000>).
18:15:52 [Market] Player "Maltrix CZE" (id=l3HvTWnXl8COrcbWA0dEsar-QbcB4NyANSOekVJXAcY=) has sold twp_kacpdw_mag_30rnd x1 at the trader "Attachments (Oliver [ATTACHMENTS TRADER])" in market zone "OUTLIVE Trader" (pos=<4291.589844, 25.247801, 4162.500000>) and got 220.
18:15:55 [Market] Player "Maltrix CZE" (id=l3HvTWnXl8COrcbWA0dEsar-QbcB4NyANSOekVJXAcY=) has send a requested to sell twp_vepr_sok94_mag_10rnd x1 at the trader "Attachments (Oliver [ATTACHMENTS TRADER])" in market zone "OUTLIVE Trader" (pos=<4291.589844, 25.247801, 4162.500000>).
18:15:55 [Market] Player "Maltrix CZE" (id=l3HvTWnXl8COrcbWA0dEsar-QbcB4NyANSOekVJXAcY=) has sold twp_vepr_sok94_mag_10rnd x1 at the trader "Attachments (Oliver [ATTACHMENTS TRADER])" in market zone "OUTLIVE Trader" (pos=<4291.589844, 25.247801, 4162.500000>) and got 92.
18:16:06 [Market] Player "Maltrix CZE" (id=l3HvTWnXl8COrcbWA0dEsar-QbcB4NyANSOekVJXAcY=) has send a requested to sell mag_mp5_30rnd x1 at the trader "Attachments (Oliver [ATTACHMENTS TRADER])" in market zone "OUTLIVE Trader" (pos=<4291.589844, 25.247801, 4162.500000>).
18:16:06 [Market] Player "Maltrix CZE" (id=l3HvTWnXl8COrcbWA0dEsar-QbcB4NyANSOekVJXAcY=) has sold mag_mp5_30rnd x1 at the trader "Attachments (Oliver [ATTACHMENTS TRADER])" in market zone "OUTLIVE Trader" (pos=<4291.589844, 25.247801, 4162.500000>) and got 68.
18:16:07 [Market] Player "Maltrix CZE" (id=l3HvTWnXl8COrcbWA0dEsar-QbcB4NyANSOekVJXAcY=) has send a requested to sell mag_ij70_8rnd x1 at the trader "Attachments (Oliver [ATTACHMENTS TRADER])" in market zone "OUTLIVE Trader" (pos=<4291.589844, 25.247801, 4162.500000>).
18:16:07 [Market] Player "Maltrix CZE" (id=l3HvTWnXl8COrcbWA0dEsar-QbcB4NyANSOekVJXAcY=) has sold mag_ij70_8rnd x1 at the trader "Attachments (Oliver [ATTACHMENTS TRADER])" in market zone "OUTLIVE Trader" (pos=<4291.589844, 25.247801, 4162.500000>) and got 20.
18:16:49 [Market] Player "Maltrix CZE" (id=l3HvTWnXl8COrcbWA0dEsar-QbcB4NyANSOekVJXAcY=) has send a requested to sell mvs_heavy_pouch_black x1 at the trader "Clothing (Linda [CLOTHING TRADER])" in market zone "OUTLIVE Trader" (pos=<4291.589844, 25.247801, 4162.500000>).
18:16:49 [Market] Player "Maltrix CZE" (id=l3HvTWnXl8COrcbWA0dEsar-QbcB4NyANSOekVJXAcY=) has sold mvs_heavy_pouch_black x1 at the trader "Clothing (Linda [CLOTHING TRADER])" in market zone "OUTLIVE Trader" (pos=<4291.589844, 25.247801, 4162.500000>) and got 450.
18:17:01 [Market] Player "Maltrix CZE" (id=l3HvTWnXl8COrcbWA0dEsar-QbcB4NyANSOekVJXAcY=) has send a requested to sell mvs_slingpack_snow x1 at the trader "Clothing (Linda [CLOTHING TRADER])" in market zone "OUTLIVE Trader" (pos=<4291.589844, 25.247801, 4162.500000>).
18:17:01 [Market] Player "Maltrix CZE" (id=l3HvTWnXl8COrcbWA0dEsar-QbcB4NyANSOekVJXAcY=) has sold mvs_slingpack_snow x1 at the trader "Clothing (Linda [CLOTHING TRADER])" in market zone "OUTLIVE Trader" (pos=<4291.589844, 25.247801, 4162.500000>) and got 1000.
18:17:05 [Market] Player "Maltrix CZE" (id=l3HvTWnXl8COrcbWA0dEsar-QbcB4NyANSOekVJXAcY=) has send a requested to sell ghilliesuit_mossy x1 at the trader "Clothing (Linda [CLOTHING TRADER])" in market zone "OUTLIVE Trader" (pos=<4291.589844, 25.247801, 4162.500000>).
18:17:05 [Market] Player "Maltrix CZE" (id=l3HvTWnXl8COrcbWA0dEsar-QbcB4NyANSOekVJXAcY=) has sold ghilliesuit_mossy x1 at the trader "Clothing (Linda [CLOTHING TRADER])" in market zone "OUTLIVE Trader" (pos=<4291.589844, 25.247801, 4162.500000>) and got 350.
18:17:06 [Market] Player "Maltrix CZE" (id=l3HvTWnXl8COrcbWA0dEsar-QbcB4NyANSOekVJXAcY=) has send a requested to sell ghillietop_mossy x1 at the trader "Clothing (Linda [CLOTHING TRADER])" in market zone "OUTLIVE Trader" (pos=<4291.589844, 25.247801, 4162.500000>).
18:17:06 [Market] Player "Maltrix CZE" (id=l3HvTWnXl8COrcbWA0dEsar-QbcB4NyANSOekVJXAcY=) has sold ghillietop_mossy x1 at the trader "Clothing (Linda [CLOTHING TRADER])" in market zone "OUTLIVE Trader" (pos=<4291.589844, 25.247801, 4162.500000>) and got 200.
18:17:56 [Market] Player "Maltrix CZE" (id=l3HvTWnXl8COrcbWA0dEsar-QbcB4NyANSOekVJXAcY=) has send a requested to sell mvs_utility_pouch_multicam_tropic x1 at the trader "Clothing (Linda [CLOTHING TRADER])" in market zone "OUTLIVE Trader" (pos=<4291.589844, 25.247801, 4162.500000>).
18:17:56 [Market] Player "Maltrix CZE" (id=l3HvTWnXl8COrcbWA0dEsar-QbcB4NyANSOekVJXAcY=) has sold mvs_utility_pouch_multicam_tropic x1 at the trader "Clothing (Linda [CLOTHING TRADER])" in market zone "OUTLIVE Trader" (pos=<4291.589844, 25.247801, 4162.500000>) and got 250.
18:18:40 [ATM Locker] Player "Maltrix CZE" (id=l3HvTWnXl8COrcbWA0dEsar-QbcB4NyANSOekVJXAcY=) has deposited 52330 on his ATM account.
18:26:57 [Market] Player "Maltrix CZE" (id=l3HvTWnXl8COrcbWA0dEsar-QbcB4NyANSOekVJXAcY=) has send a requested to purchase twp_fnm29_mag_30rnd x1 from the trader "Attachments (Oliver [ATTACHMENTS TRADER])" in market zone "OUTLIVE Trader" (pos=<4291.589844, 25.247801, 4162.500000>).
18:26:57 [Market] Player "Maltrix CZE" (id=l3HvTWnXl8COrcbWA0dEsar-QbcB4NyANSOekVJXAcY=) has bought twp_fnm29_mag_30rnd x1 from the trader "Attachments (Oliver [ATTACHMENTS TRADER])" in market zone "OUTLIVE Trader" (pos=<4291.589844, 25.247801, 4162.500000>) for a price of 2790.
18:26:59 [Market] Player "Maltrix CZE" (id=l3HvTWnXl8COrcbWA0dEsar-QbcB4NyANSOekVJXAcY=) has send a requested to purchase twp_fnm29_mag_30rnd x1 from the trader "Attachments (Oliver [ATTACHMENTS TRADER])" in market zone "OUTLIVE Trader" (pos=<4291.589844, 25.247801, 4162.500000>).
18:26:59 [Market] Player "Maltrix CZE" (id=l3HvTWnXl8COrcbWA0dEsar-QbcB4NyANSOekVJXAcY=) has bought twp_fnm29_mag_30rnd x1 from the trader "Attachments (Oliver [ATTACHMENTS TRADER])" in market zone "OUTLIVE Trader" (pos=<4291.589844, 25.247801, 4162.500000>) for a price of 2790.
18:32:17 [Chat - Global]("Martina_(.)_(.)_"(id=KBvZ7N7QOK5224QFIh6ry8QI5xBwogyjGyBaskjwU0A=)): ahojda jahoda
18:32:34 [Chat - Global]("Bflame"(id=u7jy1hFXeX-3C-ubChAdh59YiiyuY16LDVnTQIqtPmk=)): ajoj
18:34:23 [Safezone] Player "Maltrix CZE" (id=l3HvTWnXl8COrcbWA0dEsar-QbcB4NyANSOekVJXAcY= pos=<4417.013184, 4.511515, 3905.100098>) Left the safezone
18:35:29 [Killfeed] Martina_(.)_(.)_ got killed.
18:37:27 [VehicleCarKey] Player "Bflame" (id=u7jy1hFXeX-3C-ubChAdh59YiiyuY16LDVnTQIqtPmk= pos=<3347.637939, 11.067985, 5274.437988>) used the  ExpansionCarKey to unlock a Expansion_Landrover_Green
18:37:30 [Chat - Global]("Maltrix CZE"(id=l3HvTWnXl8COrcbWA0dEsar-QbcB4NyANSOekVJXAcY=)): ahoj ;)
18:37:57 [Chat - Global]("Maltrix CZE"(id=l3HvTWnXl8COrcbWA0dEsar-QbcB4NyANSOekVJXAcY=)): nepotřebuješ pomoct Marti?
18:38:18 [Chat - Global]("Martina_(.)_(.)_"(id=KBvZ7N7QOK5224QFIh6ry8QI5xBwogyjGyBaskjwU0A=)): ahojky hele ukazuju Mery hru a snažím se spawnout holku :D 
18:38:37 [Chat - Global]("Maltrix CZE"(id=l3HvTWnXl8COrcbWA0dEsar-QbcB4NyANSOekVJXAcY=)): aaaaaaa
18:39:01 [Chat - Global]("Martina_(.)_(.)_"(id=KBvZ7N7QOK5224QFIh6ry8QI5xBwogyjGyBaskjwU0A=)): zmyzeli i teamy po wipu jo?
18:39:11 [Chat - Global]("Maltrix CZE"(id=l3HvTWnXl8COrcbWA0dEsar-QbcB4NyANSOekVJXAcY=)): asi jo
18:39:46 [VehicleCarKey] Player "Bflame" (id=u7jy1hFXeX-3C-ubChAdh59YiiyuY16LDVnTQIqtPmk= pos=<3349.121094, 9.077142, 5273.189453>) used the  ExpansionCarKey to lock a Expansion_Landrover_Green
18:39:53 [Killfeed] Martina_(.)_(.)_ got killed.
18:40:34 [VehicleCarKey] Player "Bflame" (id=u7jy1hFXeX-3C-ubChAdh59YiiyuY16LDVnTQIqtPmk= pos=<3349.171143, 9.078070, 5273.005859>) used the  ExpansionCarKey to unlock a Expansion_Landrover_Green
18:52:26 [Safezone] Player "Bflame" (id=u7jy1hFXeX-3C-ubChAdh59YiiyuY16LDVnTQIqtPmk= pos=<4190.169434, 15.319043, 4243.719727>) Entered the safezone
18:56:40 [VehicleCarKey] Player "Bflame" (id=u7jy1hFXeX-3C-ubChAdh59YiiyuY16LDVnTQIqtPmk= pos=<4254.502930, 11.958297, 4201.402344>) used the  ExpansionCarKey to lock a Expansion_Landrover_Green
19:07:24 [MissionAirdrop] An airdrop is heading towards "Osternach" (pos=<3924.000000, 0.000000, 2662.000000> type=Random_Osternach) with a ExpansionAirdropContainer_Basebuilding
19:07:24 [MissionAirdrop] An airdrop is heading towards "Krater" (pos=<7262.000000, 0.000000, 9618.000000> type=Random_Krater) with a ExpansionAirdropContainer_Basebuilding
19:08:27 [Market] Player "Bflame" (id=u7jy1hFXeX-3C-ubChAdh59YiiyuY16LDVnTQIqtPmk=) has send a requested to sell rangefinder x1 at the trader "BuildingSupplies (Boris [BUILDING SUPPLIES TRADER])" in market zone "OUTLIVE Trader" (pos=<4291.589844, 25.247801, 4162.500000>).
19:08:28 [Market] Player "Bflame" (id=u7jy1hFXeX-3C-ubChAdh59YiiyuY16LDVnTQIqtPmk=) has sold rangefinder x1 at the trader "BuildingSupplies (Boris [BUILDING SUPPLIES TRADER])" in market zone "OUTLIVE Trader" (pos=<4291.589844, 25.247801, 4162.500000>) and got 175.
19:08:49 [Market] Player "Bflame" (id=u7jy1hFXeX-3C-ubChAdh59YiiyuY16LDVnTQIqtPmk=) has send a requested to sell weaponcleaningkit x1 at the trader "BuildingSupplies (Boris [BUILDING SUPPLIES TRADER])" in market zone "OUTLIVE Trader" (pos=<4291.589844, 25.247801, 4162.500000>).
19:08:49 [Market] Player "Bflame" (id=u7jy1hFXeX-3C-ubChAdh59YiiyuY16LDVnTQIqtPmk=) has sold weaponcleaningkit x1 at the trader "BuildingSupplies (Boris [BUILDING SUPPLIES TRADER])" in market zone "OUTLIVE Trader" (pos=<4291.589844, 25.247801, 4162.500000>) and got 200.
19:08:56 [Market] Player "Bflame" (id=u7jy1hFXeX-3C-ubChAdh59YiiyuY16LDVnTQIqtPmk=) has send a requested to sell pliers x1 at the trader "BuildingSupplies (Boris [BUILDING SUPPLIES TRADER])" in market zone "OUTLIVE Trader" (pos=<4291.589844, 25.247801, 4162.500000>).
19:08:56 [Market] Player "Bflame" (id=u7jy1hFXeX-3C-ubChAdh59YiiyuY16LDVnTQIqtPmk=) has sold pliers x1 at the trader "BuildingSupplies (Boris [BUILDING SUPPLIES TRADER])" in market zone "OUTLIVE Trader" (pos=<4291.589844, 25.247801, 4162.500000>) and got 330.
19:08:57 [Market] Player "Bflame" (id=u7jy1hFXeX-3C-ubChAdh59YiiyuY16LDVnTQIqtPmk=) has send a requested to sell pliers x1 at the trader "BuildingSupplies (Boris [BUILDING SUPPLIES TRADER])" in market zone "OUTLIVE Trader" (pos=<4291.589844, 25.247801, 4162.500000>).
19:08:57 [Market] Player "Bflame" (id=u7jy1hFXeX-3C-ubChAdh59YiiyuY16LDVnTQIqtPmk=) has sold pliers x1 at the trader "BuildingSupplies (Boris [BUILDING SUPPLIES TRADER])" in market zone "OUTLIVE Trader" (pos=<4291.589844, 25.247801, 4162.500000>) and got 330.
19:09:01 [Market] Player "Bflame" (id=u7jy1hFXeX-3C-ubChAdh59YiiyuY16LDVnTQIqtPmk=) has send a requested to sell ducttape x1 at the trader "BuildingSupplies (Boris [BUILDING SUPPLIES TRADER])" in market zone "OUTLIVE Trader" (pos=<4291.589844, 25.247801, 4162.500000>).
19:09:01 [Market] Player "Bflame" (id=u7jy1hFXeX-3C-ubChAdh59YiiyuY16LDVnTQIqtPmk=) has sold ducttape x1 at the trader "BuildingSupplies (Boris [BUILDING SUPPLIES TRADER])" in market zone "OUTLIVE Trader" (pos=<4291.589844, 25.247801, 4162.500000>) and got 180.
19:09:02 [Market] Player "Bflame" (id=u7jy1hFXeX-3C-ubChAdh59YiiyuY16LDVnTQIqtPmk=) has send a requested to sell ducttape x1 at the trader "BuildingSupplies (Boris [BUILDING SUPPLIES TRADER])" in market zone "OUTLIVE Trader" (pos=<4291.589844, 25.247801, 4162.500000>).
19:09:02 [Market] Player "Bflame" (id=u7jy1hFXeX-3C-ubChAdh59YiiyuY16LDVnTQIqtPmk=) has sold ducttape x1 at the trader "BuildingSupplies (Boris [BUILDING SUPPLIES TRADER])" in market zone "OUTLIVE Trader" (pos=<4291.589844, 25.247801, 4162.500000>) and got 180.
19:09:25 [Safezone] Player "bliki" (id=4su7obi-vQiFwCpt_re2z-tuKNCR2I-AnAPDdxYjmgU= pos=<4372.023926, 4.235277, 4060.551270>) Entered the safezone
19:09:46 [Market] Player "Bflame" (id=u7jy1hFXeX-3C-ubChAdh59YiiyuY16LDVnTQIqtPmk=) has send a requested to purchase alarmclock_blue x1 from the trader "BuildingSupplies (Boris [BUILDING SUPPLIES TRADER])" in market zone "OUTLIVE Trader" (pos=<4291.589844, 25.247801, 4162.500000>).
19:09:46 [Market] Player "Bflame" (id=u7jy1hFXeX-3C-ubChAdh59YiiyuY16LDVnTQIqtPmk=) has bought alarmclock_blue x1 from the trader "BuildingSupplies (Boris [BUILDING SUPPLIES TRADER])" in market zone "OUTLIVE Trader" (pos=<4291.589844, 25.247801, 4162.500000>) for a price of 800.
19:10:10 [Market] Player "bliki" (id=4su7obi-vQiFwCpt_re2z-tuKNCR2I-AnAPDdxYjmgU=) has send a requested to sell personalradio x1 at the trader "BuildingSupplies (Boris [BUILDING SUPPLIES TRADER])" in market zone "OUTLIVE Trader" (pos=<4291.589844, 25.247801, 4162.500000>).
19:10:11 [Market] Player "bliki" (id=4su7obi-vQiFwCpt_re2z-tuKNCR2I-AnAPDdxYjmgU=) has sold personalradio x1 at the trader "BuildingSupplies (Boris [BUILDING SUPPLIES TRADER])" in market zone "OUTLIVE Trader" (pos=<4291.589844, 25.247801, 4162.500000>) and got 450.
19:10:12 [Market] Player "bliki" (id=4su7obi-vQiFwCpt_re2z-tuKNCR2I-AnAPDdxYjmgU=) has send a requested to sell personalradio x1 at the trader "BuildingSupplies (Boris [BUILDING SUPPLIES TRADER])" in market zone "OUTLIVE Trader" (pos=<4291.589844, 25.247801, 4162.500000>).
19:10:12 [Market] Player "bliki" (id=4su7obi-vQiFwCpt_re2z-tuKNCR2I-AnAPDdxYjmgU=) has sold personalradio x1 at the trader "BuildingSupplies (Boris [BUILDING SUPPLIES TRADER])" in market zone "OUTLIVE Trader" (pos=<4291.589844, 25.247801, 4162.500000>) and got 450.
19:10:16 [Market] Player "Bflame" (id=u7jy1hFXeX-3C-ubChAdh59YiiyuY16LDVnTQIqtPmk=) has send a requested to sell glock19 x1 at the trader "Weapons (Denis [WEAPONS TRADER])" in market zone "OUTLIVE Trader" (pos=<4291.589844, 25.247801, 4162.500000>).
19:10:16 [Market] Player "Bflame" (id=u7jy1hFXeX-3C-ubChAdh59YiiyuY16LDVnTQIqtPmk=) has sold glock19 x1 at the trader "Weapons (Denis [WEAPONS TRADER])" in market zone "OUTLIVE Trader" (pos=<4291.589844, 25.247801, 4162.500000>) and got 45.
19:10:26 [Market] Player "Bflame" (id=u7jy1hFXeX-3C-ubChAdh59YiiyuY16LDVnTQIqtPmk=) has send a requested to sell repeater x1 at the trader "Weapons (Denis [WEAPONS TRADER])" in market zone "OUTLIVE Trader" (pos=<4291.589844, 25.247801, 4162.500000>).
19:10:26 [Market] Player "Bflame" (id=u7jy1hFXeX-3C-ubChAdh59YiiyuY16LDVnTQIqtPmk=) has sold repeater x1 at the trader "Weapons (Denis [WEAPONS TRADER])" in market zone "OUTLIVE Trader" (pos=<4291.589844, 25.247801, 4162.500000>) and got 150.
19:10:31 [Market] Player "Bflame" (id=u7jy1hFXeX-3C-ubChAdh59YiiyuY16LDVnTQIqtPmk=) has send a requested to sell mosin9130 x1 at the trader "Weapons (Denis [WEAPONS TRADER])" in market zone "OUTLIVE Trader" (pos=<4291.589844, 25.247801, 4162.500000>).
19:10:31 [Market] Player "Bflame" (id=u7jy1hFXeX-3C-ubChAdh59YiiyuY16LDVnTQIqtPmk=) has sold mosin9130 x1 at the trader "Weapons (Denis [WEAPONS TRADER])" in market zone "OUTLIVE Trader" (pos=<4291.589844, 25.247801, 4162.500000>) and got 600.
19:10:48 [Market] Player "bliki" (id=4su7obi-vQiFwCpt_re2z-tuKNCR2I-AnAPDdxYjmgU=) has send a requested to sell twp_mp153black x1 at the trader "Weapons (Denis [WEAPONS TRADER])" in market zone "OUTLIVE Trader" (pos=<4291.589844, 25.247801, 4162.500000>).
19:10:49 [Market] Player "bliki" (id=4su7obi-vQiFwCpt_re2z-tuKNCR2I-AnAPDdxYjmgU=) has sold twp_mp153black x1 at the trader "Weapons (Denis [WEAPONS TRADER])" in market zone "OUTLIVE Trader" (pos=<4291.589844, 25.247801, 4162.500000>) and got 170.
19:10:59 [Market] Player "bliki" (id=4su7obi-vQiFwCpt_re2z-tuKNCR2I-AnAPDdxYjmgU=) has send a requested to sell twp_nailedbat x1 at the trader "Weapons (Denis [WEAPONS TRADER])" in market zone "OUTLIVE Trader" (pos=<4291.589844, 25.247801, 4162.500000>).
19:10:59 [Market] Player "bliki" (id=4su7obi-vQiFwCpt_re2z-tuKNCR2I-AnAPDdxYjmgU=) has sold twp_nailedbat x1 at the trader "Weapons (Denis [WEAPONS TRADER])" in market zone "OUTLIVE Trader" (pos=<4291.589844, 25.247801, 4162.500000>) and got 150.
19:10:59 [Market] Player "Bflame" (id=u7jy1hFXeX-3C-ubChAdh59YiiyuY16LDVnTQIqtPmk=) has send a requested to sell svd x1 at the trader "Weapons (Denis [WEAPONS TRADER])" in market zone "OUTLIVE Trader" (pos=<4291.589844, 25.247801, 4162.500000>).
19:10:59 [Market] Player "Bflame" (id=u7jy1hFXeX-3C-ubChAdh59YiiyuY16LDVnTQIqtPmk=) has sold svd x1 at the trader "Weapons (Denis [WEAPONS TRADER])" in market zone "OUTLIVE Trader" (pos=<4291.589844, 25.247801, 4162.500000>) and got 765.
19:11:12 [Market] Player "bliki" (id=4su7obi-vQiFwCpt_re2z-tuKNCR2I-AnAPDdxYjmgU=) has send a requested to sell twp_aa12helldragon x1 at the trader "Weapons (Denis [WEAPONS TRADER])" in market zone "OUTLIVE Trader" (pos=<4291.589844, 25.247801, 4162.500000>).
19:11:12 [Market] Player "bliki" (id=4su7obi-vQiFwCpt_re2z-tuKNCR2I-AnAPDdxYjmgU=) has sold twp_aa12helldragon x1 at the trader "Weapons (Denis [WEAPONS TRADER])" in market zone "OUTLIVE Trader" (pos=<4291.589844, 25.247801, 4162.500000>) and got 2500.
19:11:39 [Market] Player "Bflame" (id=u7jy1hFXeX-3C-ubChAdh59YiiyuY16LDVnTQIqtPmk=) has send a requested to sell twp_sawedshotgun x1 at the trader "Weapons (Denis [WEAPONS TRADER])" in market zone "OUTLIVE Trader" (pos=<4291.589844, 25.247801, 4162.500000>).
19:11:40 [Market] Player "Bflame" (id=u7jy1hFXeX-3C-ubChAdh59YiiyuY16LDVnTQIqtPmk=) has sold twp_sawedshotgun x1 at the trader "Weapons (Denis [WEAPONS TRADER])" in market zone "OUTLIVE Trader" (pos=<4291.589844, 25.247801, 4162.500000>) and got 1600.
19:11:51 [Market] Player "Bflame" (id=u7jy1hFXeX-3C-ubChAdh59YiiyuY16LDVnTQIqtPmk=) has send a requested to sell twp_svddragunov x1 at the trader "Weapons (Denis [WEAPONS TRADER])" in market zone "OUTLIVE Trader" (pos=<4291.589844, 25.247801, 4162.500000>).
19:11:51 [Market] Player "Bflame" (id=u7jy1hFXeX-3C-ubChAdh59YiiyuY16LDVnTQIqtPmk=) has sold twp_svddragunov x1 at the trader "Weapons (Denis [WEAPONS TRADER])" in market zone "OUTLIVE Trader" (pos=<4291.589844, 25.247801, 4162.500000>) and got 2500.
19:11:55 [Market] Player "bliki" (id=4su7obi-vQiFwCpt_re2z-tuKNCR2I-AnAPDdxYjmgU=) has send a requested to sell twp_hk416 x1 at the trader "Weapons (Denis [WEAPONS TRADER])" in market zone "OUTLIVE Trader" (pos=<4291.589844, 25.247801, 4162.500000>).
19:11:55 [Market] Player "bliki" (id=4su7obi-vQiFwCpt_re2z-tuKNCR2I-AnAPDdxYjmgU=) has sold twp_hk416 x1 at the trader "Weapons (Denis [WEAPONS TRADER])" in market zone "OUTLIVE Trader" (pos=<4291.589844, 25.247801, 4162.500000>) and got 2300.
19:12:15 [Market] Player "bliki" (id=4su7obi-vQiFwCpt_re2z-tuKNCR2I-AnAPDdxYjmgU=) has send a requested to sell m4_suppressor x1 at the trader "Attachments (Oliver [ATTACHMENTS TRADER])" in market zone "OUTLIVE Trader" (pos=<4291.589844, 25.247801, 4162.500000>).
19:12:15 [Market] Player "bliki" (id=4su7obi-vQiFwCpt_re2z-tuKNCR2I-AnAPDdxYjmgU=) has sold m4_suppressor x1 at the trader "Attachments (Oliver [ATTACHMENTS TRADER])" in market zone "OUTLIVE Trader" (pos=<4291.589844, 25.247801, 4162.500000>) and got 50.
19:12:23 [Market] Player "bliki" (id=4su7obi-vQiFwCpt_re2z-tuKNCR2I-AnAPDdxYjmgU=) has send a requested to sell twp_mk23light x1 at the trader "Attachments (Oliver [ATTACHMENTS TRADER])" in market zone "OUTLIVE Trader" (pos=<4291.589844, 25.247801, 4162.500000>).
19:12:24 [Market] Player "bliki" (id=4su7obi-vQiFwCpt_re2z-tuKNCR2I-AnAPDdxYjmgU=) has sold twp_mk23light x1 at the trader "Attachments (Oliver [ATTACHMENTS TRADER])" in market zone "OUTLIVE Trader" (pos=<4291.589844, 25.247801, 4162.500000>) and got 100.
19:12:39 [Market] Player "Bflame" (id=u7jy1hFXeX-3C-ubChAdh59YiiyuY16LDVnTQIqtPmk=) has send a requested to sell ammobox_22_50rnd x1 at the trader "Attachments (Oliver [ATTACHMENTS TRADER])" in market zone "OUTLIVE Trader" (pos=<4291.589844, 25.247801, 4162.500000>).
19:12:39 [Market] Player "Bflame" (id=u7jy1hFXeX-3C-ubChAdh59YiiyuY16LDVnTQIqtPmk=) has sold ammobox_22_50rnd x1 at the trader "Attachments (Oliver [ATTACHMENTS TRADER])" in market zone "OUTLIVE Trader" (pos=<4291.589844, 25.247801, 4162.500000>) and got 84.
19:12:43 [Market] Player "bliki" (id=4su7obi-vQiFwCpt_re2z-tuKNCR2I-AnAPDdxYjmgU=) has send a requested to sell twp_ammo_300winmag x75 at the trader "Attachments (Oliver [ATTACHMENTS TRADER])" in market zone "OUTLIVE Trader" (pos=<4291.589844, 25.247801, 4162.500000>).
19:12:43 [Market] Player "bliki" (id=4su7obi-vQiFwCpt_re2z-tuKNCR2I-AnAPDdxYjmgU=) has sold twp_ammo_300winmag x75 at the trader "Attachments (Oliver [ATTACHMENTS TRADER])" in market zone "OUTLIVE Trader" (pos=<4291.589844, 25.247801, 4162.500000>) and got 225.
19:12:49 [Market] Player "Bflame" (id=u7jy1hFXeX-3C-ubChAdh59YiiyuY16LDVnTQIqtPmk=) has send a requested to sell reflexoptic x1 at the trader "Attachments (Oliver [ATTACHMENTS TRADER])" in market zone "OUTLIVE Trader" (pos=<4291.589844, 25.247801, 4162.500000>).
19:12:50 [Market] Player "Bflame" (id=u7jy1hFXeX-3C-ubChAdh59YiiyuY16LDVnTQIqtPmk=) has sold reflexoptic x1 at the trader "Attachments (Oliver [ATTACHMENTS TRADER])" in market zone "OUTLIVE Trader" (pos=<4291.589844, 25.247801, 4162.500000>) and got 80.
19:12:53 [Market] Player "Bflame" (id=u7jy1hFXeX-3C-ubChAdh59YiiyuY16LDVnTQIqtPmk=) has send a requested to sell twp_ammobox_3006_20rnd x1 at the trader "Attachments (Oliver [ATTACHMENTS TRADER])" in market zone "OUTLIVE Trader" (pos=<4291.589844, 25.247801, 4162.500000>).
19:12:53 [Market] Player "Bflame" (id=u7jy1hFXeX-3C-ubChAdh59YiiyuY16LDVnTQIqtPmk=) has sold twp_ammobox_3006_20rnd x1 at the trader "Attachments (Oliver [ATTACHMENTS TRADER])" in market zone "OUTLIVE Trader" (pos=<4291.589844, 25.247801, 4162.500000>) and got 190.
19:12:54 [Market] Player "Bflame" (id=u7jy1hFXeX-3C-ubChAdh59YiiyuY16LDVnTQIqtPmk=) has send a requested to sell twp_ammobox_46x30_30rnd x1 at the trader "Attachments (Oliver [ATTACHMENTS TRADER])" in market zone "OUTLIVE Trader" (pos=<4291.589844, 25.247801, 4162.500000>).
19:12:54 [Market] Player "Bflame" (id=u7jy1hFXeX-3C-ubChAdh59YiiyuY16LDVnTQIqtPmk=) has sold twp_ammobox_46x30_30rnd x1 at the trader "Attachments (Oliver [ATTACHMENTS TRADER])" in market zone "OUTLIVE Trader" (pos=<4291.589844, 25.247801, 4162.500000>) and got 41.
19:12:54 [Market] Player "Bflame" (id=u7jy1hFXeX-3C-ubChAdh59YiiyuY16LDVnTQIqtPmk=) has send a requested to sell twp_ammobox_500sw_15rnd x1 at the trader "Attachments (Oliver [ATTACHMENTS TRADER])" in market zone "OUTLIVE Trader" (pos=<4291.589844, 25.247801, 4162.500000>).
19:12:55 [Market] Player "Bflame" (id=u7jy1hFXeX-3C-ubChAdh59YiiyuY16LDVnTQIqtPmk=) has sold twp_ammobox_500sw_15rnd x1 at the trader "Attachments (Oliver [ATTACHMENTS TRADER])" in market zone "OUTLIVE Trader" (pos=<4291.589844, 25.247801, 4162.500000>) and got 60.
19:13:32 [Market] Player "bliki" (id=4su7obi-vQiFwCpt_re2z-tuKNCR2I-AnAPDdxYjmgU=) has send a requested to purchase m4_suppressor x1 from the trader "Attachments (Oliver [ATTACHMENTS TRADER])" in market zone "OUTLIVE Trader" (pos=<4291.589844, 25.247801, 4162.500000>).
19:13:33 [Market] Player "bliki" (id=4su7obi-vQiFwCpt_re2z-tuKNCR2I-AnAPDdxYjmgU=) has bought m4_suppressor x1 from the trader "Attachments (Oliver [ATTACHMENTS TRADER])" in market zone "OUTLIVE Trader" (pos=<4291.589844, 25.247801, 4162.500000>) for a price of 2000.
19:14:04 [Market] Player "bliki" (id=4su7obi-vQiFwCpt_re2z-tuKNCR2I-AnAPDdxYjmgU=) has send a requested to sell mvs_combat_vest_heavy_snow x1 at the trader "Clothing (Linda [CLOTHING TRADER])" in market zone "OUTLIVE Trader" (pos=<4291.589844, 25.247801, 4162.500000>).
19:14:04 [Market] Player "bliki" (id=4su7obi-vQiFwCpt_re2z-tuKNCR2I-AnAPDdxYjmgU=) has sold mvs_combat_vest_heavy_snow x1 at the trader "Clothing (Linda [CLOTHING TRADER])" in market zone "OUTLIVE Trader" (pos=<4291.589844, 25.247801, 4162.500000>) and got 3500.
19:16:20 [Market] Player "bliki" (id=4su7obi-vQiFwCpt_re2z-tuKNCR2I-AnAPDdxYjmgU=) has send a requested to purchase tacticalgloves_black x1 from the trader "Clothing (Linda [CLOTHING TRADER])" in market zone "OUTLIVE Trader" (pos=<4291.589844, 25.247801, 4162.500000>).
19:16:20 [Market] Player "bliki" (id=4su7obi-vQiFwCpt_re2z-tuKNCR2I-AnAPDdxYjmgU=) has bought tacticalgloves_black x1 from the trader "Clothing (Linda [CLOTHING TRADER])" in market zone "OUTLIVE Trader" (pos=<4291.589844, 25.247801, 4162.500000>) for a price of 2000.
19:17:05 [ATM Locker] Player "bliki" (id=4su7obi-vQiFwCpt_re2z-tuKNCR2I-AnAPDdxYjmgU=) has deposited 5895 on his ATM account.
19:17:14 [Market] Player "Bflame" (id=u7jy1hFXeX-3C-ubChAdh59YiiyuY16LDVnTQIqtPmk=) has send a requested to sell twp_m16a4_handle x1 at the trader "Attachments (Oliver [ATTACHMENTS TRADER])" in market zone "OUTLIVE Trader" (pos=<4291.589844, 25.247801, 4162.500000>).
19:17:15 [Market] Player "Bflame" (id=u7jy1hFXeX-3C-ubChAdh59YiiyuY16LDVnTQIqtPmk=) has sold twp_m16a4_handle x1 at the trader "Attachments (Oliver [ATTACHMENTS TRADER])" in market zone "OUTLIVE Trader" (pos=<4291.589844, 25.247801, 4162.500000>) and got 262.
19:17:22 [Market] Player "Bflame" (id=u7jy1hFXeX-3C-ubChAdh59YiiyuY16LDVnTQIqtPmk=) has send a requested to sell twp_aa12_mag_32rnd x1 at the trader "Attachments (Oliver [ATTACHMENTS TRADER])" in market zone "OUTLIVE Trader" (pos=<4291.589844, 25.247801, 4162.500000>).
19:17:22 [Market] Player "Bflame" (id=u7jy1hFXeX-3C-ubChAdh59YiiyuY16LDVnTQIqtPmk=) has sold twp_aa12_mag_32rnd x1 at the trader "Attachments (Oliver [ATTACHMENTS TRADER])" in market zone "OUTLIVE Trader" (pos=<4291.589844, 25.247801, 4162.500000>) and got 224.
19:17:23 [Market] Player "Bflame" (id=u7jy1hFXeX-3C-ubChAdh59YiiyuY16LDVnTQIqtPmk=) has send a requested to sell twp_ace23_mag_30rnd x1 at the trader "Attachments (Oliver [ATTACHMENTS TRADER])" in market zone "OUTLIVE Trader" (pos=<4291.589844, 25.247801, 4162.500000>).
19:17:24 [Market] Player "Bflame" (id=u7jy1hFXeX-3C-ubChAdh59YiiyuY16LDVnTQIqtPmk=) has sold twp_ace23_mag_30rnd x1 at the trader "Attachments (Oliver [ATTACHMENTS TRADER])" in market zone "OUTLIVE Trader" (pos=<4291.589844, 25.247801, 4162.500000>) and got 240.
19:17:25 [Market] Player "Bflame" (id=u7jy1hFXeX-3C-ubChAdh59YiiyuY16LDVnTQIqtPmk=) has send a requested to sell twp_ak12tan_mag_30rnd x1 at the trader "Attachments (Oliver [ATTACHMENTS TRADER])" in market zone "OUTLIVE Trader" (pos=<4291.589844, 25.247801, 4162.500000>).
19:17:25 [Market] Player "Bflame" (id=u7jy1hFXeX-3C-ubChAdh59YiiyuY16LDVnTQIqtPmk=) has sold twp_ak12tan_mag_30rnd x1 at the trader "Attachments (Oliver [ATTACHMENTS TRADER])" in market zone "OUTLIVE Trader" (pos=<4291.589844, 25.247801, 4162.500000>) and got 312.
19:17:34 [Market] Player "Bflame" (id=u7jy1hFXeX-3C-ubChAdh59YiiyuY16LDVnTQIqtPmk=) has send a requested to sell twp_ak47tactical_mag_45rnd x1 at the trader "Attachments (Oliver [ATTACHMENTS TRADER])" in market zone "OUTLIVE Trader" (pos=<4291.589844, 25.247801, 4162.500000>).
19:17:34 [Market] Player "Bflame" (id=u7jy1hFXeX-3C-ubChAdh59YiiyuY16LDVnTQIqtPmk=) has sold twp_ak47tactical_mag_45rnd x1 at the trader "Attachments (Oliver [ATTACHMENTS TRADER])" in market zone "OUTLIVE Trader" (pos=<4291.589844, 25.247801, 4162.500000>) and got 354.
19:17:35 [Market] Player "Bflame" (id=u7jy1hFXeX-3C-ubChAdh59YiiyuY16LDVnTQIqtPmk=) has send a requested to sell twp_ak9_mag_30rnd x1 at the trader "Attachments (Oliver [ATTACHMENTS TRADER])" in market zone "OUTLIVE Trader" (pos=<4291.589844, 25.247801, 4162.500000>).
19:17:35 [Market] Player "Bflame" (id=u7jy1hFXeX-3C-ubChAdh59YiiyuY16LDVnTQIqtPmk=) has sold twp_ak9_mag_30rnd x1 at the trader "Attachments (Oliver [ATTACHMENTS TRADER])" in market zone "OUTLIVE Trader" (pos=<4291.589844, 25.247801, 4162.500000>) and got 203.
19:17:37 [Market] Player "Bflame" (id=u7jy1hFXeX-3C-ubChAdh59YiiyuY16LDVnTQIqtPmk=) has send a requested to sell twp_famasspecialops_mag_40rnd x1 at the trader "Attachments (Oliver [ATTACHMENTS TRADER])" in market zone "OUTLIVE Trader" (pos=<4291.589844, 25.247801, 4162.500000>).
19:17:37 [Market] Player "Bflame" (id=u7jy1hFXeX-3C-ubChAdh59YiiyuY16LDVnTQIqtPmk=) has sold twp_famasspecialops_mag_40rnd x1 at the trader "Attachments (Oliver [ATTACHMENTS TRADER])" in market zone "OUTLIVE Trader" (pos=<4291.589844, 25.247801, 4162.500000>) and got 345.
19:17:41 [Market] Player "Bflame" (id=u7jy1hFXeX-3C-ubChAdh59YiiyuY16LDVnTQIqtPmk=) has send a requested to sell twp_lugerp08_mag_8rnd x1 at the trader "Attachments (Oliver [ATTACHMENTS TRADER])" in market zone "OUTLIVE Trader" (pos=<4291.589844, 25.247801, 4162.500000>).
19:17:41 [Market] Player "Bflame" (id=u7jy1hFXeX-3C-ubChAdh59YiiyuY16LDVnTQIqtPmk=) has sold twp_lugerp08_mag_8rnd x1 at the trader "Attachments (Oliver [ATTACHMENTS TRADER])" in market zone "OUTLIVE Trader" (pos=<4291.589844, 25.247801, 4162.500000>) and got 50.
19:17:42 [Market] Player "Bflame" (id=u7jy1hFXeX-3C-ubChAdh59YiiyuY16LDVnTQIqtPmk=) has send a requested to sell twp_m200sand_mag_7rnd x1 at the trader "Attachments (Oliver [ATTACHMENTS TRADER])" in market zone "OUTLIVE Trader" (pos=<4291.589844, 25.247801, 4162.500000>).
19:17:42 [Market] Player "Bflame" (id=u7jy1hFXeX-3C-ubChAdh59YiiyuY16LDVnTQIqtPmk=) has sold twp_m200sand_mag_7rnd x1 at the trader "Attachments (Oliver [ATTACHMENTS TRADER])" in market zone "OUTLIVE Trader" (pos=<4291.589844, 25.247801, 4162.500000>) and got 71.
19:17:44 [Market] Player "Bflame" (id=u7jy1hFXeX-3C-ubChAdh59YiiyuY16LDVnTQIqtPmk=) has send a requested to sell twp_m4v5_mag_30rnd x1 at the trader "Attachments (Oliver [ATTACHMENTS TRADER])" in market zone "OUTLIVE Trader" (pos=<4291.589844, 25.247801, 4162.500000>).
19:17:44 [Market] Player "Bflame" (id=u7jy1hFXeX-3C-ubChAdh59YiiyuY16LDVnTQIqtPmk=) has sold twp_m4v5_mag_30rnd x1 at the trader "Attachments (Oliver [ATTACHMENTS TRADER])" in market zone "OUTLIVE Trader" (pos=<4291.589844, 25.247801, 4162.500000>) and got 300.
19:17:45 [Market] Player "Bflame" (id=u7jy1hFXeX-3C-ubChAdh59YiiyuY16LDVnTQIqtPmk=) has send a requested to sell twp_mcmillancs5_10rnd x1 at the trader "Attachments (Oliver [ATTACHMENTS TRADER])" in market zone "OUTLIVE Trader" (pos=<4291.589844, 25.247801, 4162.500000>).
19:17:46 [Market] Player "Bflame" (id=u7jy1hFXeX-3C-ubChAdh59YiiyuY16LDVnTQIqtPmk=) has sold twp_mcmillancs5_10rnd x1 at the trader "Attachments (Oliver [ATTACHMENTS TRADER])" in market zone "OUTLIVE Trader" (pos=<4291.589844, 25.247801, 4162.500000>) and got 95.
19:17:46 [Market] Player "Bflame" (id=u7jy1hFXeX-3C-ubChAdh59YiiyuY16LDVnTQIqtPmk=) has send a requested to sell twp_psg1_mag_5rnd x1 at the trader "Attachments (Oliver [ATTACHMENTS TRADER])" in market zone "OUTLIVE Trader" (pos=<4291.589844, 25.247801, 4162.500000>).
19:17:46 [Market] Player "Bflame" (id=u7jy1hFXeX-3C-ubChAdh59YiiyuY16LDVnTQIqtPmk=) has sold twp_psg1_mag_5rnd x1 at the trader "Attachments (Oliver [ATTACHMENTS TRADER])" in market zone "OUTLIVE Trader" (pos=<4291.589844, 25.247801, 4162.500000>) and got 85.
19:17:48 [Market] Player "Bflame" (id=u7jy1hFXeX-3C-ubChAdh59YiiyuY16LDVnTQIqtPmk=) has send a requested to sell twp_sks_mag_20rnd x1 at the trader "Attachments (Oliver [ATTACHMENTS TRADER])" in market zone "OUTLIVE Trader" (pos=<4291.589844, 25.247801, 4162.500000>).
19:17:48 [Market] Player "Bflame" (id=u7jy1hFXeX-3C-ubChAdh59YiiyuY16LDVnTQIqtPmk=) has sold twp_sks_mag_20rnd x1 at the trader "Attachments (Oliver [ATTACHMENTS TRADER])" in market zone "OUTLIVE Trader" (pos=<4291.589844, 25.247801, 4162.500000>) and got 187.
19:17:52 [Market] Player "Bflame" (id=u7jy1hFXeX-3C-ubChAdh59YiiyuY16LDVnTQIqtPmk=) has send a requested to sell twp_ar15cannabis_mag_30rnd x1 at the trader "Attachments (Oliver [ATTACHMENTS TRADER])" in market zone "OUTLIVE Trader" (pos=<4291.589844, 25.247801, 4162.500000>).
19:17:52 [Market] Player "Bflame" (id=u7jy1hFXeX-3C-ubChAdh59YiiyuY16LDVnTQIqtPmk=) has sold twp_ar15cannabis_mag_30rnd x1 at the trader "Attachments (Oliver [ATTACHMENTS TRADER])" in market zone "OUTLIVE Trader" (pos=<4291.589844, 25.247801, 4162.500000>) and got 278.
19:17:54 [Market] Player "Bflame" (id=u7jy1hFXeX-3C-ubChAdh59YiiyuY16LDVnTQIqtPmk=) has send a requested to sell twp_l85a2_mag_30rnd x1 at the trader "Attachments (Oliver [ATTACHMENTS TRADER])" in market zone "OUTLIVE Trader" (pos=<4291.589844, 25.247801, 4162.500000>).
19:17:54 [Market] Player "Bflame" (id=u7jy1hFXeX-3C-ubChAdh59YiiyuY16LDVnTQIqtPmk=) has sold twp_l85a2_mag_30rnd x1 at the trader "Attachments (Oliver [ATTACHMENTS TRADER])" in market zone "OUTLIVE Trader" (pos=<4291.589844, 25.247801, 4162.500000>) and got 270.
19:17:55 [Market] Player "Bflame" (id=u7jy1hFXeX-3C-ubChAdh59YiiyuY16LDVnTQIqtPmk=) has send a requested to sell twp_tac21_mag_8rnd x1 at the trader "Attachments (Oliver [ATTACHMENTS TRADER])" in market zone "OUTLIVE Trader" (pos=<4291.589844, 25.247801, 4162.500000>).
19:17:55 [Market] Player "Bflame" (id=u7jy1hFXeX-3C-ubChAdh59YiiyuY16LDVnTQIqtPmk=) has sold twp_tac21_mag_8rnd x1 at the trader "Attachments (Oliver [ATTACHMENTS TRADER])" in market zone "OUTLIVE Trader" (pos=<4291.589844, 25.247801, 4162.500000>) and got 81.
19:18:03 [Market] Player "Bflame" (id=u7jy1hFXeX-3C-ubChAdh59YiiyuY16LDVnTQIqtPmk=) has send a requested to sell twp_sigsauerp250peacock_mag_10rnd x1 at the trader "Attachments (Oliver [ATTACHMENTS TRADER])" in market zone "OUTLIVE Trader" (pos=<4291.589844, 25.247801, 4162.500000>).
19:18:03 [Market] Player "Bflame" (id=u7jy1hFXeX-3C-ubChAdh59YiiyuY16LDVnTQIqtPmk=) has sold twp_sigsauerp250peacock_mag_10rnd x1 at the trader "Attachments (Oliver [ATTACHMENTS TRADER])" in market zone "OUTLIVE Trader" (pos=<4291.589844, 25.247801, 4162.500000>) and got 69.
19:18:04 [Market] Player "Bflame" (id=u7jy1hFXeX-3C-ubChAdh59YiiyuY16LDVnTQIqtPmk=) has send a requested to sell twp_waltherppk_mag_8rnd x1 at the trader "Attachments (Oliver [ATTACHMENTS TRADER])" in market zone "OUTLIVE Trader" (pos=<4291.589844, 25.247801, 4162.500000>).
19:18:04 [Market] Player "Bflame" (id=u7jy1hFXeX-3C-ubChAdh59YiiyuY16LDVnTQIqtPmk=) has sold twp_waltherppk_mag_8rnd x1 at the trader "Attachments (Oliver [ATTACHMENTS TRADER])" in market zone "OUTLIVE Trader" (pos=<4291.589844, 25.247801, 4162.500000>) and got 57.
19:19:32 [Market] Player "Bflame" (id=u7jy1hFXeX-3C-ubChAdh59YiiyuY16LDVnTQIqtPmk=) has send a requested to sell mvs_rucksack_multicam x1 at the trader "Clothing (Linda [CLOTHING TRADER])" in market zone "OUTLIVE Trader" (pos=<4291.589844, 25.247801, 4162.500000>).
19:19:32 [Market] Player "Bflame" (id=u7jy1hFXeX-3C-ubChAdh59YiiyuY16LDVnTQIqtPmk=) has sold mvs_rucksack_multicam x1 at the trader "Clothing (Linda [CLOTHING TRADER])" in market zone "OUTLIVE Trader" (pos=<4291.589844, 25.247801, 4162.500000>) and got 1500.
19:19:38 [Market] Player "Bflame" (id=u7jy1hFXeX-3C-ubChAdh59YiiyuY16LDVnTQIqtPmk=) has send a requested to sell leathersewingkit x1 at the trader "Clothing (Linda [CLOTHING TRADER])" in market zone "OUTLIVE Trader" (pos=<4291.589844, 25.247801, 4162.500000>).
19:19:38 [Market] Player "Bflame" (id=u7jy1hFXeX-3C-ubChAdh59YiiyuY16LDVnTQIqtPmk=) has sold leathersewingkit x1 at the trader "Clothing (Linda [CLOTHING TRADER])" in market zone "OUTLIVE Trader" (pos=<4291.589844, 25.247801, 4162.500000>) and got 150.
19:19:40 [Market] Player "Bflame" (id=u7jy1hFXeX-3C-ubChAdh59YiiyuY16LDVnTQIqtPmk=) has send a requested to sell sewingkit x1 at the trader "Clothing (Linda [CLOTHING TRADER])" in market zone "OUTLIVE Trader" (pos=<4291.589844, 25.247801, 4162.500000>).
19:19:40 [Market] Player "Bflame" (id=u7jy1hFXeX-3C-ubChAdh59YiiyuY16LDVnTQIqtPmk=) has sold sewingkit x1 at the trader "Clothing (Linda [CLOTHING TRADER])" in market zone "OUTLIVE Trader" (pos=<4291.589844, 25.247801, 4162.500000>) and got 105.
19:19:46 [Market] Player "Bflame" (id=u7jy1hFXeX-3C-ubChAdh59YiiyuY16LDVnTQIqtPmk=) has send a requested to sell mvs_helmet_02_multicam_black x1 at the trader "Clothing (Linda [CLOTHING TRADER])" in market zone "OUTLIVE Trader" (pos=<4291.589844, 25.247801, 4162.500000>).
19:19:46 [Market] Player "Bflame" (id=u7jy1hFXeX-3C-ubChAdh59YiiyuY16LDVnTQIqtPmk=) has sold mvs_helmet_02_multicam_black x1 at the trader "Clothing (Linda [CLOTHING TRADER])" in market zone "OUTLIVE Trader" (pos=<4291.589844, 25.247801, 4162.500000>) and got 750.
19:19:47 [Market] Player "Bflame" (id=u7jy1hFXeX-3C-ubChAdh59YiiyuY16LDVnTQIqtPmk=) has send a requested to sell mvs_opscore_tan x1 at the trader "Clothing (Linda [CLOTHING TRADER])" in market zone "OUTLIVE Trader" (pos=<4291.589844, 25.247801, 4162.500000>).
19:19:47 [Market] Player "Bflame" (id=u7jy1hFXeX-3C-ubChAdh59YiiyuY16LDVnTQIqtPmk=) has sold mvs_opscore_tan x1 at the trader "Clothing (Linda [CLOTHING TRADER])" in market zone "OUTLIVE Trader" (pos=<4291.589844, 25.247801, 4162.500000>) and got 300.
19:20:21 [Market] Player "Bflame" (id=u7jy1hFXeX-3C-ubChAdh59YiiyuY16LDVnTQIqtPmk=) has send a requested to sell mvs_taco_pouch_multicam_tropic x1 at the trader "Clothing (Linda [CLOTHING TRADER])" in market zone "OUTLIVE Trader" (pos=<4291.589844, 25.247801, 4162.500000>).
19:20:22 [Market] Player "Bflame" (id=u7jy1hFXeX-3C-ubChAdh59YiiyuY16LDVnTQIqtPmk=) has sold mvs_taco_pouch_multicam_tropic x1 at the trader "Clothing (Linda [CLOTHING TRADER])" in market zone "OUTLIVE Trader" (pos=<4291.589844, 25.247801, 4162.500000>) and got 250.
19:21:47 [VehicleCarKey] Player "Bflame" (id=u7jy1hFXeX-3C-ubChAdh59YiiyuY16LDVnTQIqtPmk= pos=<4254.497559, 11.967775, 4201.733398>) used the  ExpansionCarKey to unlock a Expansion_Landrover_Green
19:24:37 [Chat - Global]("Martina_(.)_(.)_"(id=KBvZ7N7QOK5224QFIh6ry8QI5xBwogyjGyBaskjwU0A=)): TAK TLUMIČE UŽ FUNGUJÍ
19:26:16 [VehicleCarKey] Player "Bflame" (id=u7jy1hFXeX-3C-ubChAdh59YiiyuY16LDVnTQIqtPmk= pos=<4254.510254, 12.341545, 4202.099121>) used the  ExpansionCarKey to lock a Expansion_Landrover_Green
19:29:41 [Market] Player "Bflame" (id=u7jy1hFXeX-3C-ubChAdh59YiiyuY16LDVnTQIqtPmk=) has send a requested to sell mediumtent x1 at the trader "BuildingSupplies (Boris [BUILDING SUPPLIES TRADER])" in market zone "OUTLIVE Trader" (pos=<4291.589844, 25.247801, 4162.500000>).
19:29:41 [Market] Player "Bflame" (id=u7jy1hFXeX-3C-ubChAdh59YiiyuY16LDVnTQIqtPmk=) has sold mediumtent x1 at the trader "BuildingSupplies (Boris [BUILDING SUPPLIES TRADER])" in market zone "OUTLIVE Trader" (pos=<4291.589844, 25.247801, 4162.500000>) and got 600.
19:29:42 [Market] Player "Bflame" (id=u7jy1hFXeX-3C-ubChAdh59YiiyuY16LDVnTQIqtPmk=) has send a requested to sell mediumtent x1 at the trader "BuildingSupplies (Boris [BUILDING SUPPLIES TRADER])" in market zone "OUTLIVE Trader" (pos=<4291.589844, 25.247801, 4162.500000>).
19:29:42 [Market] Player "Bflame" (id=u7jy1hFXeX-3C-ubChAdh59YiiyuY16LDVnTQIqtPmk=) has sold mediumtent x1 at the trader "BuildingSupplies (Boris [BUILDING SUPPLIES TRADER])" in market zone "OUTLIVE Trader" (pos=<4291.589844, 25.247801, 4162.500000>) and got 600.
19:30:01 [Market] Player "Bflame" (id=u7jy1hFXeX-3C-ubChAdh59YiiyuY16LDVnTQIqtPmk=) has send a requested to sell cz527 x1 at the trader "Weapons (Denis [WEAPONS TRADER])" in market zone "OUTLIVE Trader" (pos=<4291.589844, 25.247801, 4162.500000>).
19:30:01 [Market] Player "Bflame" (id=u7jy1hFXeX-3C-ubChAdh59YiiyuY16LDVnTQIqtPmk=) has sold cz527 x1 at the trader "Weapons (Denis [WEAPONS TRADER])" in market zone "OUTLIVE Trader" (pos=<4291.589844, 25.247801, 4162.500000>) and got 360.
19:30:04 [Market] Player "Bflame" (id=u7jy1hFXeX-3C-ubChAdh59YiiyuY16LDVnTQIqtPmk=) has send a requested to sell expansion_crossbow x1 at the trader "Weapons (Denis [WEAPONS TRADER])" in market zone "OUTLIVE Trader" (pos=<4291.589844, 25.247801, 4162.500000>).
19:30:04 [Market] Player "Bflame" (id=u7jy1hFXeX-3C-ubChAdh59YiiyuY16LDVnTQIqtPmk=) has sold expansion_crossbow x1 at the trader "Weapons (Denis [WEAPONS TRADER])" in market zone "OUTLIVE Trader" (pos=<4291.589844, 25.247801, 4162.500000>) and got 1600.
19:30:05 [Market] Player "Bflame" (id=u7jy1hFXeX-3C-ubChAdh59YiiyuY16LDVnTQIqtPmk=) has send a requested to sell expansion_crossbow x1 at the trader "Weapons (Denis [WEAPONS TRADER])" in market zone "OUTLIVE Trader" (pos=<4291.589844, 25.247801, 4162.500000>).
19:30:05 [Market] Player "Bflame" (id=u7jy1hFXeX-3C-ubChAdh59YiiyuY16LDVnTQIqtPmk=) has sold expansion_crossbow x1 at the trader "Weapons (Denis [WEAPONS TRADER])" in market zone "OUTLIVE Trader" (pos=<4291.589844, 25.247801, 4162.500000>) and got 1600.
19:30:19 [ATM Locker] Player "Bflame" (id=u7jy1hFXeX-3C-ubChAdh59YiiyuY16LDVnTQIqtPmk=) has deposited 18008 on his ATM account.
19:30:54 [Market] Player "Bflame" (id=u7jy1hFXeX-3C-ubChAdh59YiiyuY16LDVnTQIqtPmk=) has send a requested to sell firstaidkit x1 at the trader "Medicals (Eva [MEDICALS TRADER])" in market zone "OUTLIVE Trader" (pos=<4291.589844, 25.247801, 4162.500000>).
19:30:54 [Market] Player "Bflame" (id=u7jy1hFXeX-3C-ubChAdh59YiiyuY16LDVnTQIqtPmk=) has sold firstaidkit x1 at the trader "Medicals (Eva [MEDICALS TRADER])" in market zone "OUTLIVE Trader" (pos=<4291.589844, 25.247801, 4162.500000>) and got 150.
19:32:01 [Market] Player "Bflame" (id=u7jy1hFXeX-3C-ubChAdh59YiiyuY16LDVnTQIqtPmk=) has send a requested to purchase powderedmilk x1 from the trader "Consumables (Naomi [CONSUMABLES TRADER])" in market zone "OUTLIVE Trader" (pos=<4291.589844, 25.247801, 4162.500000>).
19:32:01 [Market] Player "Bflame" (id=u7jy1hFXeX-3C-ubChAdh59YiiyuY16LDVnTQIqtPmk=) has bought powderedmilk x1 from the trader "Consumables (Naomi [CONSUMABLES TRADER])" in market zone "OUTLIVE Trader" (pos=<4291.589844, 25.247801, 4162.500000>) for a price of 150.
19:33:24 [VehicleCarKey] Player "Bflame" (id=u7jy1hFXeX-3C-ubChAdh59YiiyuY16LDVnTQIqtPmk= pos=<4254.461914, 11.962255, 4201.503418>) used the  ExpansionCarKey to unlock a Expansion_Landrover_Green
19:35:34 [VehicleCarKey] Player "Bflame" (id=u7jy1hFXeX-3C-ubChAdh59YiiyuY16LDVnTQIqtPmk= pos=<4254.461914, 11.962317, 4201.503418>) used the  ExpansionCarKey to lock a Expansion_Landrover_Green
19:36:04 [Market] Player "Bflame" (id=u7jy1hFXeX-3C-ubChAdh59YiiyuY16LDVnTQIqtPmk=) has send a requested to sell twp_beretta92fs x1 at the trader "Weapons (Denis [WEAPONS TRADER])" in market zone "OUTLIVE Trader" (pos=<4291.589844, 25.247801, 4162.500000>).
19:36:04 [Market] Player "Bflame" (id=u7jy1hFXeX-3C-ubChAdh59YiiyuY16LDVnTQIqtPmk=) has sold twp_beretta92fs x1 at the trader "Weapons (Denis [WEAPONS TRADER])" in market zone "OUTLIVE Trader" (pos=<4291.589844, 25.247801, 4162.500000>) and got 1200.
19:36:07 [Market] Player "Bflame" (id=u7jy1hFXeX-3C-ubChAdh59YiiyuY16LDVnTQIqtPmk=) has send a requested to sell twp_berettadeburton x1 at the trader "Weapons (Denis [WEAPONS TRADER])" in market zone "OUTLIVE Trader" (pos=<4291.589844, 25.247801, 4162.500000>).
19:36:07 [Market] Player "Bflame" (id=u7jy1hFXeX-3C-ubChAdh59YiiyuY16LDVnTQIqtPmk=) has sold twp_berettadeburton x1 at the trader "Weapons (Denis [WEAPONS TRADER])" in market zone "OUTLIVE Trader" (pos=<4291.589844, 25.247801, 4162.500000>) and got 1200.
19:36:14 [Market] Player "Bflame" (id=u7jy1hFXeX-3C-ubChAdh59YiiyuY16LDVnTQIqtPmk=) has send a requested to sell expansion_m16 x1 at the trader "Weapons (Denis [WEAPONS TRADER])" in market zone "OUTLIVE Trader" (pos=<4291.589844, 25.247801, 4162.500000>).
19:36:14 [Market] Player "Bflame" (id=u7jy1hFXeX-3C-ubChAdh59YiiyuY16LDVnTQIqtPmk=) has sold expansion_m16 x1 at the trader "Weapons (Denis [WEAPONS TRADER])" in market zone "OUTLIVE Trader" (pos=<4291.589844, 25.247801, 4162.500000>) and got 2200.
19:40:27 [Market] Player "Bflame" (id=u7jy1hFXeX-3C-ubChAdh59YiiyuY16LDVnTQIqtPmk=) has send a requested to sell twp_g36c x1 at the trader "Weapons (Denis [WEAPONS TRADER])" in market zone "OUTLIVE Trader" (pos=<4291.589844, 25.247801, 4162.500000>).
19:40:27 [Market] Player "Bflame" (id=u7jy1hFXeX-3C-ubChAdh59YiiyuY16LDVnTQIqtPmk=) has sold twp_g36c x1 at the trader "Weapons (Denis [WEAPONS TRADER])" in market zone "OUTLIVE Trader" (pos=<4291.589844, 25.247801, 4162.500000>) and got 1400.
19:40:58 [VehicleDestroyed] Expansion_Landrover was destroyed at pos=<4540.373535, 0.570818, 3050.681885>
19:42:12 [Chat - Global]("MADness"(id=OWXX6Y-5LFd-7A6ELi2o-QPO0kjmZUMZvMTKL0AQ_q0=)): Ale ale
19:42:21 [Chat - Global]("Martina_(.)_(.)_"(id=KBvZ7N7QOK5224QFIh6ry8QI5xBwogyjGyBaskjwU0A=)): Dobry den
19:42:22 [Chat - Global]("MADness"(id=OWXX6Y-5LFd-7A6ELi2o-QPO0kjmZUMZvMTKL0AQ_q0=)): Kdo mi to tu loupe perníček? 
19:43:40 [Chat - Global]("MADness"(id=OWXX6Y-5LFd-7A6ELi2o-QPO0kjmZUMZvMTKL0AQ_q0=)): No Maltrix, to je na tebe :D
19:44:43 [Chat - Global]("Martina_(.)_(.)_"(id=KBvZ7N7QOK5224QFIh6ry8QI5xBwogyjGyBaskjwU0A=)): zapl vysavač? :D
19:46:13 [Safezone] Player "bliki" (id=4su7obi-vQiFwCpt_re2z-tuKNCR2I-AnAPDdxYjmgU= pos=<4215.445801, 11.705374, 4135.794434>) Entered the safezone
19:47:15 [VehicleCarKey] Player "MADness" (id=OWXX6Y-5LFd-7A6ELi2o-QPO0kjmZUMZvMTKL0AQ_q0= pos=<4528.690430, 1.452370, 3034.630859>) paired a  ExpansionCarKey to Expansion_Landrover_Orange
19:47:20 [VehicleCarKey] Player "MADness" (id=OWXX6Y-5LFd-7A6ELi2o-QPO0kjmZUMZvMTKL0AQ_q0= pos=<4529.219727, 1.471265, 3032.590576>) used the  ExpansionCarKey to lock a Expansion_Landrover_Orange
19:47:21 [VehicleCarKey] Player "MADness" (id=OWXX6Y-5LFd-7A6ELi2o-QPO0kjmZUMZvMTKL0AQ_q0= pos=<4529.219727, 1.471265, 3032.590576>) used the  ExpansionCarKey to unlock a Expansion_Landrover_Orange
19:58:40 [Safezone] Player "bliki" (id=4su7obi-vQiFwCpt_re2z-tuKNCR2I-AnAPDdxYjmgU= pos=<4409.723633, 4.032500, 4003.555908>) Left the safezone
19:59:00 [Safezone] Player "bliki" (id=4su7obi-vQiFwCpt_re2z-tuKNCR2I-AnAPDdxYjmgU= pos=<4359.428711, 4.153765, 4051.614990>) Entered the safezone
19:59:16 [Chat - Global]("Martina_(.)_(.)_"(id=KBvZ7N7QOK5224QFIh6ry8QI5xBwogyjGyBaskjwU0A=)): maltrixi ty už bydlíš?
19:59:23 [Chat - Global]("MADness"(id=OWXX6Y-5LFd-7A6ELi2o-QPO0kjmZUMZvMTKL0AQ_q0=)): nebydli :)
19:59:30 [Chat - Global]("MADness"(id=OWXX6Y-5LFd-7A6ELi2o-QPO0kjmZUMZvMTKL0AQ_q0=)): Chceš něco postavit? 
19:59:33 [Chat - Global]("MADness"(id=OWXX6Y-5LFd-7A6ELi2o-QPO0kjmZUMZvMTKL0AQ_q0=)): Nebo later?
19:59:38 [Chat - Global]("Martina_(.)_(.)_"(id=KBvZ7N7QOK5224QFIh6ry8QI5xBwogyjGyBaskjwU0A=)): nooo :D 
19:59:51 [Chat - Global]("Martina_(.)_(.)_"(id=KBvZ7N7QOK5224QFIh6ry8QI5xBwogyjGyBaskjwU0A=)): ja se domluvím s klukama asi bych zase bydlela s nima když budou chtít
20:00:06 [Chat - Global]("Martina_(.)_(.)_"(id=KBvZ7N7QOK5224QFIh6ry8QI5xBwogyjGyBaskjwU0A=)): ale zase jde o to že budem moct mít mín aut a ty vrtulníky
20:00:27 [ATM Locker] Player "bliki" (id=4su7obi-vQiFwCpt_re2z-tuKNCR2I-AnAPDdxYjmgU=) has withdrawn 76000 from his ATM account.
20:00:39 [Safezone] Player "P@lko2265" (id=iyN6JbNqEvHMp_A5zeXvCmCy1_EaihIFwZocZ4y6-LM= pos=<4208.139648, 11.756786, 4152.449707>) Entered the safezone
20:01:18 [Market] Player "bliki" (id=4su7obi-vQiFwCpt_re2z-tuKNCR2I-AnAPDdxYjmgU=) has send a requested to purchase offroadhatchback x1 from the trader "Vehicles (Peter [VEHICLES TRADER])" in market zone "OUTLIVE Trader" (pos=<4291.589844, 25.247801, 4162.500000>).
20:01:18 [Market] Player "bliki" (id=4su7obi-vQiFwCpt_re2z-tuKNCR2I-AnAPDdxYjmgU=) has bought offroadhatchback x1 from the trader "Vehicles (Peter [VEHICLES TRADER])" in market zone "OUTLIVE Trader" (pos=<4291.589844, 25.247801, 4162.500000>) for a price of 75140.
20:01:44 [VehicleCarKey] Player "bliki" (id=4su7obi-vQiFwCpt_re2z-tuKNCR2I-AnAPDdxYjmgU= pos=<4255.136230, 9.085299, 4137.516602>) used the  ExpansionCarKey to unlock a OffroadHatchback
20:02:12 [VehicleCarKey] Player "bliki" (id=4su7obi-vQiFwCpt_re2z-tuKNCR2I-AnAPDdxYjmgU= pos=<4255.103516, 9.085299, 4137.774902>) used the  ExpansionCarKey to lock a OffroadHatchback
20:03:04 [ATM Locker] Player "bliki" (id=4su7obi-vQiFwCpt_re2z-tuKNCR2I-AnAPDdxYjmgU=) has withdrawn 2000 from his ATM account.
20:03:38 [Market] Player "bliki" (id=4su7obi-vQiFwCpt_re2z-tuKNCR2I-AnAPDdxYjmgU=) has send a requested to purchase expansionspraycanblack x1 from the trader "Vehicles (Peter [VEHICLES TRADER])" in market zone "OUTLIVE Trader" (pos=<4291.589844, 25.247801, 4162.500000>).
20:03:38 [Market] Player "bliki" (id=4su7obi-vQiFwCpt_re2z-tuKNCR2I-AnAPDdxYjmgU=) has bought expansionspraycanblack x1 from the trader "Vehicles (Peter [VEHICLES TRADER])" in market zone "OUTLIVE Trader" (pos=<4291.589844, 25.247801, 4162.500000>) for a price of 1500.
20:04:10 [VehicleCarKey] Player "bliki" (id=4su7obi-vQiFwCpt_re2z-tuKNCR2I-AnAPDdxYjmgU= pos=<4254.350586, 9.085299, 4137.635742>) used the  ExpansionCarKey to unlock a OffroadHatchback
20:04:27 [Market] Player "Bflame" (id=u7jy1hFXeX-3C-ubChAdh59YiiyuY16LDVnTQIqtPmk=) has send a requested to purchase twp_glock_mag_50rnd x1 from the trader "Attachments (Oliver [ATTACHMENTS TRADER])" in market zone "OUTLIVE Trader" (pos=<4291.589844, 25.247801, 4162.500000>).
20:04:27 [Market] Player "Bflame" (id=u7jy1hFXeX-3C-ubChAdh59YiiyuY16LDVnTQIqtPmk=) has bought twp_glock_mag_50rnd x1 from the trader "Attachments (Oliver [ATTACHMENTS TRADER])" in market zone "OUTLIVE Trader" (pos=<4291.589844, 25.247801, 4162.500000>) for a price of 3250.
20:04:50 [Safezone] Player "MADness" (id=OWXX6Y-5LFd-7A6ELi2o-QPO0kjmZUMZvMTKL0AQ_q0= pos=<4371.333496, 5.175630, 4060.016113>) Entered the safezone
20:04:50 [Safezone] Player "Maltrix CZE" (id=l3HvTWnXl8COrcbWA0dEsar-QbcB4NyANSOekVJXAcY= pos=<4370.609375, 5.182176, 4059.588623>) Entered the safezone
20:04:55 [Market] Player "Bflame" (id=u7jy1hFXeX-3C-ubChAdh59YiiyuY16LDVnTQIqtPmk=) has send a requested to sell twp_arexzero x1 at the trader "Weapons (Denis [WEAPONS TRADER])" in market zone "OUTLIVE Trader" (pos=<4291.589844, 25.247801, 4162.500000>).
20:04:55 [Market] Player "Bflame" (id=u7jy1hFXeX-3C-ubChAdh59YiiyuY16LDVnTQIqtPmk=) has sold twp_arexzero x1 at the trader "Weapons (Denis [WEAPONS TRADER])" in market zone "OUTLIVE Trader" (pos=<4291.589844, 25.247801, 4162.500000>) and got 350.
20:05:23 [Safezone] Player "P@lko2265" (id=iyN6JbNqEvHMp_A5zeXvCmCy1_EaihIFwZocZ4y6-LM= pos=<4208.139648, 11.754010, 4152.449707>) Entered the safezone
20:05:59 [Market] Player "Bflame" (id=u7jy1hFXeX-3C-ubChAdh59YiiyuY16LDVnTQIqtPmk=) has send a requested to sell twp_glocklight x1 at the trader "Attachments (Oliver [ATTACHMENTS TRADER])" in market zone "OUTLIVE Trader" (pos=<4291.589844, 25.247801, 4162.500000>).
20:05:59 [Market] Player "Bflame" (id=u7jy1hFXeX-3C-ubChAdh59YiiyuY16LDVnTQIqtPmk=) has sold twp_glocklight x1 at the trader "Attachments (Oliver [ATTACHMENTS TRADER])" in market zone "OUTLIVE Trader" (pos=<4291.589844, 25.247801, 4162.500000>) and got 100.
20:06:01 [Market] Player "Bflame" (id=u7jy1hFXeX-3C-ubChAdh59YiiyuY16LDVnTQIqtPmk=) has send a requested to sell twp_pistollight x1 at the trader "Attachments (Oliver [ATTACHMENTS TRADER])" in market zone "OUTLIVE Trader" (pos=<4291.589844, 25.247801, 4162.500000>).
20:06:01 [Market] Player "Bflame" (id=u7jy1hFXeX-3C-ubChAdh59YiiyuY16LDVnTQIqtPmk=) has sold twp_pistollight x1 at the trader "Attachments (Oliver [ATTACHMENTS TRADER])" in market zone "OUTLIVE Trader" (pos=<4291.589844, 25.247801, 4162.500000>) and got 200.
20:06:23 [Party] Player "Martina_(.)_(.)_" (id=KBvZ7N7QOK5224QFIh6ry8QI5xBwogyjGyBaskjwU0A=) created a party named Cernihavrani
20:06:30 [Party] Player "Martina_(.)_(.)_" (id=KBvZ7N7QOK5224QFIh6ry8QI5xBwogyjGyBaskjwU0A=) invited the player "Maltrix CZE" (id=l3HvTWnXl8COrcbWA0dEsar-QbcB4NyANSOekVJXAcY=)to the party named Cernihavrani
20:06:30 [Market] Player "bliki" (id=4su7obi-vQiFwCpt_re2z-tuKNCR2I-AnAPDdxYjmgU=) has send a requested to sell expansionspraycanblack x1 at the trader "Vehicles (Peter [VEHICLES TRADER])" in market zone "OUTLIVE Trader" (pos=<4291.589844, 25.247801, 4162.500000>).
20:06:30 [Market] Player "bliki" (id=4su7obi-vQiFwCpt_re2z-tuKNCR2I-AnAPDdxYjmgU=) has sold expansionspraycanblack x1 at the trader "Vehicles (Peter [VEHICLES TRADER])" in market zone "OUTLIVE Trader" (pos=<4291.589844, 25.247801, 4162.500000>) and got 300.
20:06:47 [ATM Locker] Player "bliki" (id=4su7obi-vQiFwCpt_re2z-tuKNCR2I-AnAPDdxYjmgU=) has deposited 1660 on his ATM account.
20:07:14 [ATM Locker] Player "Bflame" (id=u7jy1hFXeX-3C-ubChAdh59YiiyuY16LDVnTQIqtPmk=) has deposited 3400 on his ATM account.
20:08:00 [VehicleCarKey] Player "Bflame" (id=u7jy1hFXeX-3C-ubChAdh59YiiyuY16LDVnTQIqtPmk= pos=<4254.247070, 11.965275, 4201.340332>) used the  ExpansionCarKey to unlock a Expansion_Landrover_Green
20:08:12 [Market] Player "Maltrix CZE" (id=l3HvTWnXl8COrcbWA0dEsar-QbcB4NyANSOekVJXAcY=) has send a requested to sell mvs_combat_vest_heavy_multicam_tropic x1 at the trader "Clothing (Linda [CLOTHING TRADER])" in market zone "OUTLIVE Trader" (pos=<4291.589844, 25.247801, 4162.500000>).
20:08:13 [Market] Player "Maltrix CZE" (id=l3HvTWnXl8COrcbWA0dEsar-QbcB4NyANSOekVJXAcY=) has sold mvs_combat_vest_heavy_multicam_tropic x1 at the trader "Clothing (Linda [CLOTHING TRADER])" in market zone "OUTLIVE Trader" (pos=<4291.589844, 25.247801, 4162.500000>) and got 3500.
20:08:15 [Market] Player "Maltrix CZE" (id=l3HvTWnXl8COrcbWA0dEsar-QbcB4NyANSOekVJXAcY=) has send a requested to sell mvs_opscore_snow x1 at the trader "Clothing (Linda [CLOTHING TRADER])" in market zone "OUTLIVE Trader" (pos=<4291.589844, 25.247801, 4162.500000>).
20:08:15 [Market] Player "Maltrix CZE" (id=l3HvTWnXl8COrcbWA0dEsar-QbcB4NyANSOekVJXAcY=) has sold mvs_opscore_snow x1 at the trader "Clothing (Linda [CLOTHING TRADER])" in market zone "OUTLIVE Trader" (pos=<4291.589844, 25.247801, 4162.500000>) and got 300.
20:08:16 [Market] Player "Maltrix CZE" (id=l3HvTWnXl8COrcbWA0dEsar-QbcB4NyANSOekVJXAcY=) has send a requested to sell mvs_opscore_tan x1 at the trader "Clothing (Linda [CLOTHING TRADER])" in market zone "OUTLIVE Trader" (pos=<4291.589844, 25.247801, 4162.500000>).
20:08:16 [Market] Player "Maltrix CZE" (id=l3HvTWnXl8COrcbWA0dEsar-QbcB4NyANSOekVJXAcY=) has sold mvs_opscore_tan x1 at the trader "Clothing (Linda [CLOTHING TRADER])" in market zone "OUTLIVE Trader" (pos=<4291.589844, 25.247801, 4162.500000>) and got 300.
20:08:30 [Market] Player "Maltrix CZE" (id=l3HvTWnXl8COrcbWA0dEsar-QbcB4NyANSOekVJXAcY=) has send a requested to sell workinggloves_beige x1 at the trader "Clothing (Linda [CLOTHING TRADER])" in market zone "OUTLIVE Trader" (pos=<4291.589844, 25.247801, 4162.500000>).
20:08:30 [Market] Player "Maltrix CZE" (id=l3HvTWnXl8COrcbWA0dEsar-QbcB4NyANSOekVJXAcY=) has sold workinggloves_beige x1 at the trader "Clothing (Linda [CLOTHING TRADER])" in market zone "OUTLIVE Trader" (pos=<4291.589844, 25.247801, 4162.500000>) and got 100.
20:08:50 [Market] Player "P@lko2265" (id=iyN6JbNqEvHMp_A5zeXvCmCy1_EaihIFwZocZ4y6-LM=) has send a requested to sell twp_vr80 x1 at the trader "Weapons (Denis [WEAPONS TRADER])" in market zone "OUTLIVE Trader" (pos=<4291.589844, 25.247801, 4162.500000>).
20:08:50 [Market] Player "P@lko2265" (id=iyN6JbNqEvHMp_A5zeXvCmCy1_EaihIFwZocZ4y6-LM=) has sold twp_vr80 x1 at the trader "Weapons (Denis [WEAPONS TRADER])" in market zone "OUTLIVE Trader" (pos=<4291.589844, 25.247801, 4162.500000>) and got 3000.
20:09:01 [VehicleCarKey] Player "Bflame" (id=u7jy1hFXeX-3C-ubChAdh59YiiyuY16LDVnTQIqtPmk= pos=<4254.247070, 11.965278, 4201.340332>) used the  ExpansionCarKey to lock a Expansion_Landrover_Green
20:09:03 [VehicleCarKey] Player "bliki" (id=4su7obi-vQiFwCpt_re2z-tuKNCR2I-AnAPDdxYjmgU= pos=<4263.411621, 7.968546, 4146.873535>) used the  ExpansionCarKey to lock a OffroadHatchback
20:09:38 [VehicleCarKey] Player "Bflame" (id=u7jy1hFXeX-3C-ubChAdh59YiiyuY16LDVnTQIqtPmk= pos=<4416.860840, 0.912717, 4185.646484>) used the  ExpansionCarKey to unlock a ExpansionUtilityBoat
