20:39:59 [Safezone] Player "MADness" (id=OWXX6Y-5LFd-7A6ELi2o-QPO0kjmZUMZvMTKL0AQ_q0= pos=<4265.638184, 16.670979, 4121.983398>) Entered the safezone
20:39:59 [Expansion Quests] - SetupClientData - Loaded existing player quest data for player with UID: OWXX6Y-5LFd-7A6ELi2o-QPO0kjmZUMZvMTKL0AQ_q0=
20:39:59 [Expansion Quests] - PlayerQuestsInit - Create new quest instance for quest: 23 - Creator UID: OWXX6Y-5LFd-7A6ELi2o-QPO0kjmZUMZvMTKL0AQ_q0=
20:40:42 [Safezone] Player "MADness" (id=OWXX6Y-5LFd-7A6ELi2o-QPO0kjmZUMZvMTKL0AQ_q0= pos=<7176.948242, 71.038429, 8124.427246>) Left the safezone
20:43:02 [Safezone] Player "MADness" (id=OWXX6Y-5LFd-7A6ELi2o-QPO0kjmZUMZvMTKL0AQ_q0= pos=<4299.283203, 6.297663, 4174.709961>) Entered the safezone
20:43:34 [Safezone] Player "StaryKojot" (id=_uJkEyflAFEKMpkKqdLWoQHEfGiapl6KlgBZ_xRI58A= pos=<4224.468750, 10.392220, 4151.194336>) Entered the safezone
20:43:34 [Expansion Quests] - SetupClientData - Loaded existing player quest data for player with UID: _uJkEyflAFEKMpkKqdLWoQHEfGiapl6KlgBZ_xRI58A=
20:43:34 [Expansion Quests] - PlayerQuestsInit - Create new quest instance for quest: 20 - Creator UID: _uJkEyflAFEKMpkKqdLWoQHEfGiapl6KlgBZ_xRI58A=
20:43:34 [Expansion Quests] - PlayerQuestsInit - Create new quest instance for quest: 23 - Creator UID: _uJkEyflAFEKMpkKqdLWoQHEfGiapl6KlgBZ_xRI58A=
20:43:34 [Expansion Quests] - PlayerQuestsInit - Create new quest instance for quest: 5 - Creator UID: _uJkEyflAFEKMpkKqdLWoQHEfGiapl6KlgBZ_xRI58A=
20:45:06 [MissionAirdrop] An airdrop is heading towards "Prison" (pos=<1399.579956, 0.000000, 9977.769531> type=Random_Prison) with a ExpansionAirdropContainer_Medical
20:45:06 [MissionAirdrop] An airdrop is heading towards "Airport" (pos=<8307.879883, 0.000000, 924.599976> type=Random_Airport) with a ExpansionAirdropContainer_Military
20:46:12 [VehicleCarKey] Player "StaryKojot" (id=_uJkEyflAFEKMpkKqdLWoQHEfGiapl6KlgBZ_xRI58A= pos=<4264.062500, 11.394775, 4194.151855>) used the  ExpansionCarKey to unlock a Truck_01_Covered
20:56:39 [Market] Player "StaryKojot" (id=_uJkEyflAFEKMpkKqdLWoQHEfGiapl6KlgBZ_xRI58A=) has send a requested to sell twp_holymackerel x1 at the trader "Weapons (Denis [#STR_EXPANSION_MARKET_TRADER_WEAPONS])" in market zone "OUTLIVE Trader" (pos=<4291.589844, 25.247801, 4162.500000>).
20:56:39 [Market] Player "StaryKojot" (id=_uJkEyflAFEKMpkKqdLWoQHEfGiapl6KlgBZ_xRI58A=) has sold twp_holymackerel x1 at the trader "Weapons (Denis [#STR_EXPANSION_MARKET_TRADER_WEAPONS])" in market zone "OUTLIVE Trader" (pos=<4291.589844, 25.247801, 4162.500000>) and got 150.
20:56:51 [Market] Player "StaryKojot" (id=_uJkEyflAFEKMpkKqdLWoQHEfGiapl6KlgBZ_xRI58A=) has send a requested to sell twp_m40a5 x1 at the trader "Weapons (Denis [#STR_EXPANSION_MARKET_TRADER_WEAPONS])" in market zone "OUTLIVE Trader" (pos=<4291.589844, 25.247801, 4162.500000>).
20:56:51 [Market] Player "StaryKojot" (id=_uJkEyflAFEKMpkKqdLWoQHEfGiapl6KlgBZ_xRI58A=) has sold twp_m40a5 x1 at the trader "Weapons (Denis [#STR_EXPANSION_MARKET_TRADER_WEAPONS])" in market zone "OUTLIVE Trader" (pos=<4291.589844, 25.247801, 4162.500000>) and got 1800.
20:57:08 [Market] Player "StaryKojot" (id=_uJkEyflAFEKMpkKqdLWoQHEfGiapl6KlgBZ_xRI58A=) has send a requested to sell twp_optic_aimdot x1 at the trader "Attachments (Oliver [#STR_EXPANSION_MARKET_TRADER_ATTACHMENTS])" in market zone "OUTLIVE Trader" (pos=<4291.589844, 25.247801, 4162.500000>).
20:57:08 [Market] Player "StaryKojot" (id=_uJkEyflAFEKMpkKqdLWoQHEfGiapl6KlgBZ_xRI58A=) has sold twp_optic_aimdot x1 at the trader "Attachments (Oliver [#STR_EXPANSION_MARKET_TRADER_ATTACHMENTS])" in market zone "OUTLIVE Trader" (pos=<4291.589844, 25.247801, 4162.500000>) and got 525.
20:59:25 [Market] Player "StaryKojot" (id=_uJkEyflAFEKMpkKqdLWoQHEfGiapl6KlgBZ_xRI58A=) has send a requested to sell twp_awm_mag_5rnd x1 at the trader "Attachments (Oliver [#STR_EXPANSION_MARKET_TRADER_ATTACHMENTS])" in market zone "OUTLIVE Trader" (pos=<4291.589844, 25.247801, 4162.500000>).
20:59:25 [Market] Player "StaryKojot" (id=_uJkEyflAFEKMpkKqdLWoQHEfGiapl6KlgBZ_xRI58A=) has sold twp_awm_mag_5rnd x1 at the trader "Attachments (Oliver [#STR_EXPANSION_MARKET_TRADER_ATTACHMENTS])" in market zone "OUTLIVE Trader" (pos=<4291.589844, 25.247801, 4162.500000>) and got 300.
20:59:26 [Market] Player "StaryKojot" (id=_uJkEyflAFEKMpkKqdLWoQHEfGiapl6KlgBZ_xRI58A=) has send a requested to sell twp_americanrifle_mag_5rnd x1 at the trader "Attachments (Oliver [#STR_EXPANSION_MARKET_TRADER_ATTACHMENTS])" in market zone "OUTLIVE Trader" (pos=<4291.589844, 25.247801, 4162.500000>).
20:59:26 [Market] Player "StaryKojot" (id=_uJkEyflAFEKMpkKqdLWoQHEfGiapl6KlgBZ_xRI58A=) has sold twp_americanrifle_mag_5rnd x1 at the trader "Attachments (Oliver [#STR_EXPANSION_MARKET_TRADER_ATTACHMENTS])" in market zone "OUTLIVE Trader" (pos=<4291.589844, 25.247801, 4162.500000>) and got 30.
20:59:28 [Market] Player "StaryKojot" (id=_uJkEyflAFEKMpkKqdLWoQHEfGiapl6KlgBZ_xRI58A=) has send a requested to sell twp_honeybadger_mag_40rnd x1 at the trader "Attachments (Oliver [#STR_EXPANSION_MARKET_TRADER_ATTACHMENTS])" in market zone "OUTLIVE Trader" (pos=<4291.589844, 25.247801, 4162.500000>).
20:59:28 [Market] Player "StaryKojot" (id=_uJkEyflAFEKMpkKqdLWoQHEfGiapl6KlgBZ_xRI58A=) has sold twp_honeybadger_mag_40rnd x1 at the trader "Attachments (Oliver [#STR_EXPANSION_MARKET_TRADER_ATTACHMENTS])" in market zone "OUTLIVE Trader" (pos=<4291.589844, 25.247801, 4162.500000>) and got 240.
20:59:29 [Market] Player "StaryKojot" (id=_uJkEyflAFEKMpkKqdLWoQHEfGiapl6KlgBZ_xRI58A=) has send a requested to sell twp_m110_mag_20rnd x1 at the trader "Attachments (Oliver [#STR_EXPANSION_MARKET_TRADER_ATTACHMENTS])" in market zone "OUTLIVE Trader" (pos=<4291.589844, 25.247801, 4162.500000>).
20:59:29 [Market] Player "StaryKojot" (id=_uJkEyflAFEKMpkKqdLWoQHEfGiapl6KlgBZ_xRI58A=) has sold twp_m110_mag_20rnd x1 at the trader "Attachments (Oliver [#STR_EXPANSION_MARKET_TRADER_ATTACHMENTS])" in market zone "OUTLIVE Trader" (pos=<4291.589844, 25.247801, 4162.500000>) and got 120.
20:59:29 [Market] Player "StaryKojot" (id=_uJkEyflAFEKMpkKqdLWoQHEfGiapl6KlgBZ_xRI58A=) has send a requested to sell twp_m200sand_mag_7rnd x1 at the trader "Attachments (Oliver [#STR_EXPANSION_MARKET_TRADER_ATTACHMENTS])" in market zone "OUTLIVE Trader" (pos=<4291.589844, 25.247801, 4162.500000>).
20:59:30 [Market] Player "StaryKojot" (id=_uJkEyflAFEKMpkKqdLWoQHEfGiapl6KlgBZ_xRI58A=) has sold twp_m200sand_mag_7rnd x1 at the trader "Attachments (Oliver [#STR_EXPANSION_MARKET_TRADER_ATTACHMENTS])" in market zone "OUTLIVE Trader" (pos=<4291.589844, 25.247801, 4162.500000>) and got 55.
20:59:31 [Market] Player "StaryKojot" (id=_uJkEyflAFEKMpkKqdLWoQHEfGiapl6KlgBZ_xRI58A=) has send a requested to sell twp_m200sand_mag_7rnd x1 at the trader "Attachments (Oliver [#STR_EXPANSION_MARKET_TRADER_ATTACHMENTS])" in market zone "OUTLIVE Trader" (pos=<4291.589844, 25.247801, 4162.500000>).
20:59:31 [Market] Player "StaryKojot" (id=_uJkEyflAFEKMpkKqdLWoQHEfGiapl6KlgBZ_xRI58A=) has sold twp_m200sand_mag_7rnd x1 at the trader "Attachments (Oliver [#STR_EXPANSION_MARKET_TRADER_ATTACHMENTS])" in market zone "OUTLIVE Trader" (pos=<4291.589844, 25.247801, 4162.500000>) and got 55.
20:59:31 [Market] Player "StaryKojot" (id=_uJkEyflAFEKMpkKqdLWoQHEfGiapl6KlgBZ_xRI58A=) has send a requested to sell twp_m200sand_mag_7rnd x1 at the trader "Attachments (Oliver [#STR_EXPANSION_MARKET_TRADER_ATTACHMENTS])" in market zone "OUTLIVE Trader" (pos=<4291.589844, 25.247801, 4162.500000>).
20:59:31 [Market] Player "StaryKojot" (id=_uJkEyflAFEKMpkKqdLWoQHEfGiapl6KlgBZ_xRI58A=) has sold twp_m200sand_mag_7rnd x1 at the trader "Attachments (Oliver [#STR_EXPANSION_MARKET_TRADER_ATTACHMENTS])" in market zone "OUTLIVE Trader" (pos=<4291.589844, 25.247801, 4162.500000>) and got 55.
20:59:34 [Market] Player "StaryKojot" (id=_uJkEyflAFEKMpkKqdLWoQHEfGiapl6KlgBZ_xRI58A=) has send a requested to sell twp_m200_mag_7rnd x1 at the trader "Attachments (Oliver [#STR_EXPANSION_MARKET_TRADER_ATTACHMENTS])" in market zone "OUTLIVE Trader" (pos=<4291.589844, 25.247801, 4162.500000>).
20:59:34 [Market] Player "StaryKojot" (id=_uJkEyflAFEKMpkKqdLWoQHEfGiapl6KlgBZ_xRI58A=) has sold twp_m200_mag_7rnd x1 at the trader "Attachments (Oliver [#STR_EXPANSION_MARKET_TRADER_ATTACHMENTS])" in market zone "OUTLIVE Trader" (pos=<4291.589844, 25.247801, 4162.500000>) and got 300.
20:59:36 [Market] Player "StaryKojot" (id=_uJkEyflAFEKMpkKqdLWoQHEfGiapl6KlgBZ_xRI58A=) has send a requested to sell twp_mcmillancs5_10rnd x1 at the trader "Attachments (Oliver [#STR_EXPANSION_MARKET_TRADER_ATTACHMENTS])" in market zone "OUTLIVE Trader" (pos=<4291.589844, 25.247801, 4162.500000>).
20:59:36 [Market] Player "StaryKojot" (id=_uJkEyflAFEKMpkKqdLWoQHEfGiapl6KlgBZ_xRI58A=) has sold twp_mcmillancs5_10rnd x1 at the trader "Attachments (Oliver [#STR_EXPANSION_MARKET_TRADER_ATTACHMENTS])" in market zone "OUTLIVE Trader" (pos=<4291.589844, 25.247801, 4162.500000>) and got 75.
20:59:37 [Market] Player "StaryKojot" (id=_uJkEyflAFEKMpkKqdLWoQHEfGiapl6KlgBZ_xRI58A=) has send a requested to sell twp_psg1_mag_5rnd x1 at the trader "Attachments (Oliver [#STR_EXPANSION_MARKET_TRADER_ATTACHMENTS])" in market zone "OUTLIVE Trader" (pos=<4291.589844, 25.247801, 4162.500000>).
20:59:38 [Market] Player "StaryKojot" (id=_uJkEyflAFEKMpkKqdLWoQHEfGiapl6KlgBZ_xRI58A=) has sold twp_psg1_mag_5rnd x1 at the trader "Attachments (Oliver [#STR_EXPANSION_MARKET_TRADER_ATTACHMENTS])" in market zone "OUTLIVE Trader" (pos=<4291.589844, 25.247801, 4162.500000>) and got 75.
20:59:40 [Market] Player "StaryKojot" (id=_uJkEyflAFEKMpkKqdLWoQHEfGiapl6KlgBZ_xRI58A=) has send a requested to sell twp_psg1_mag_5rnd x1 at the trader "Attachments (Oliver [#STR_EXPANSION_MARKET_TRADER_ATTACHMENTS])" in market zone "OUTLIVE Trader" (pos=<4291.589844, 25.247801, 4162.500000>).
20:59:40 [Market] Player "StaryKojot" (id=_uJkEyflAFEKMpkKqdLWoQHEfGiapl6KlgBZ_xRI58A=) has sold twp_psg1_mag_5rnd x1 at the trader "Attachments (Oliver [#STR_EXPANSION_MARKET_TRADER_ATTACHMENTS])" in market zone "OUTLIVE Trader" (pos=<4291.589844, 25.247801, 4162.500000>) and got 75.
20:59:42 [Market] Player "StaryKojot" (id=_uJkEyflAFEKMpkKqdLWoQHEfGiapl6KlgBZ_xRI58A=) has send a requested to sell twp_sks_mag_20rnd x1 at the trader "Attachments (Oliver [#STR_EXPANSION_MARKET_TRADER_ATTACHMENTS])" in market zone "OUTLIVE Trader" (pos=<4291.589844, 25.247801, 4162.500000>).
20:59:42 [Market] Player "StaryKojot" (id=_uJkEyflAFEKMpkKqdLWoQHEfGiapl6KlgBZ_xRI58A=) has sold twp_sks_mag_20rnd x1 at the trader "Attachments (Oliver [#STR_EXPANSION_MARKET_TRADER_ATTACHMENTS])" in market zone "OUTLIVE Trader" (pos=<4291.589844, 25.247801, 4162.500000>) and got 120.
20:59:45 [Market] Player "StaryKojot" (id=_uJkEyflAFEKMpkKqdLWoQHEfGiapl6KlgBZ_xRI58A=) has send a requested to sell twp_sr3_mag_30rnd x1 at the trader "Attachments (Oliver [#STR_EXPANSION_MARKET_TRADER_ATTACHMENTS])" in market zone "OUTLIVE Trader" (pos=<4291.589844, 25.247801, 4162.500000>).
20:59:45 [Market] Player "StaryKojot" (id=_uJkEyflAFEKMpkKqdLWoQHEfGiapl6KlgBZ_xRI58A=) has sold twp_sr3_mag_30rnd x1 at the trader "Attachments (Oliver [#STR_EXPANSION_MARKET_TRADER_ATTACHMENTS])" in market zone "OUTLIVE Trader" (pos=<4291.589844, 25.247801, 4162.500000>) and got 254.
20:59:50 [Market] Player "StaryKojot" (id=_uJkEyflAFEKMpkKqdLWoQHEfGiapl6KlgBZ_xRI58A=) has send a requested to sell twp_svt38_mag_10rnd x1 at the trader "Attachments (Oliver [#STR_EXPANSION_MARKET_TRADER_ATTACHMENTS])" in market zone "OUTLIVE Trader" (pos=<4291.589844, 25.247801, 4162.500000>).
20:59:50 [Market] Player "StaryKojot" (id=_uJkEyflAFEKMpkKqdLWoQHEfGiapl6KlgBZ_xRI58A=) has sold twp_svt38_mag_10rnd x1 at the trader "Attachments (Oliver [#STR_EXPANSION_MARKET_TRADER_ATTACHMENTS])" in market zone "OUTLIVE Trader" (pos=<4291.589844, 25.247801, 4162.500000>) and got 75.
20:59:52 [Market] Player "StaryKojot" (id=_uJkEyflAFEKMpkKqdLWoQHEfGiapl6KlgBZ_xRI58A=) has send a requested to sell twp_ssg69_mag_5rnd x1 at the trader "Attachments (Oliver [#STR_EXPANSION_MARKET_TRADER_ATTACHMENTS])" in market zone "OUTLIVE Trader" (pos=<4291.589844, 25.247801, 4162.500000>).
20:59:52 [Market] Player "StaryKojot" (id=_uJkEyflAFEKMpkKqdLWoQHEfGiapl6KlgBZ_xRI58A=) has sold twp_ssg69_mag_5rnd x1 at the trader "Attachments (Oliver [#STR_EXPANSION_MARKET_TRADER_ATTACHMENTS])" in market zone "OUTLIVE Trader" (pos=<4291.589844, 25.247801, 4162.500000>) and got 75.
20:59:59 [Market] Player "StaryKojot" (id=_uJkEyflAFEKMpkKqdLWoQHEfGiapl6KlgBZ_xRI58A=) has send a requested to sell twp_arisaka_bayonet x1 at the trader "Attachments (Oliver [#STR_EXPANSION_MARKET_TRADER_ATTACHMENTS])" in market zone "OUTLIVE Trader" (pos=<4291.589844, 25.247801, 4162.500000>).
20:59:59 [Market] Player "StaryKojot" (id=_uJkEyflAFEKMpkKqdLWoQHEfGiapl6KlgBZ_xRI58A=) has sold twp_arisaka_bayonet x1 at the trader "Attachments (Oliver [#STR_EXPANSION_MARKET_TRADER_ATTACHMENTS])" in market zone "OUTLIVE Trader" (pos=<4291.589844, 25.247801, 4162.500000>) and got 300.
21:00:09 [Market] Player "StaryKojot" (id=_uJkEyflAFEKMpkKqdLWoQHEfGiapl6KlgBZ_xRI58A=) has send a requested to sell expansion_m1a_railatt x1 at the trader "Attachments (Oliver [#STR_EXPANSION_MARKET_TRADER_ATTACHMENTS])" in market zone "OUTLIVE Trader" (pos=<4291.589844, 25.247801, 4162.500000>).
21:00:10 [Market] Player "StaryKojot" (id=_uJkEyflAFEKMpkKqdLWoQHEfGiapl6KlgBZ_xRI58A=) has sold expansion_m1a_railatt x1 at the trader "Attachments (Oliver [#STR_EXPANSION_MARKET_TRADER_ATTACHMENTS])" in market zone "OUTLIVE Trader" (pos=<4291.589844, 25.247801, 4162.500000>) and got 60.
21:00:10 [Market] Player "StaryKojot" (id=_uJkEyflAFEKMpkKqdLWoQHEfGiapl6KlgBZ_xRI58A=) has send a requested to sell expansion_mp5_railatt x1 at the trader "Attachments (Oliver [#STR_EXPANSION_MARKET_TRADER_ATTACHMENTS])" in market zone "OUTLIVE Trader" (pos=<4291.589844, 25.247801, 4162.500000>).
21:00:10 [Market] Player "StaryKojot" (id=_uJkEyflAFEKMpkKqdLWoQHEfGiapl6KlgBZ_xRI58A=) has sold expansion_mp5_railatt x1 at the trader "Attachments (Oliver [#STR_EXPANSION_MARKET_TRADER_ATTACHMENTS])" in market zone "OUTLIVE Trader" (pos=<4291.589844, 25.247801, 4162.500000>) and got 50.
21:00:12 [Market] Player "StaryKojot" (id=_uJkEyflAFEKMpkKqdLWoQHEfGiapl6KlgBZ_xRI58A=) has send a requested to sell expansion_pmii25optic x1 at the trader "Attachments (Oliver [#STR_EXPANSION_MARKET_TRADER_ATTACHMENTS])" in market zone "OUTLIVE Trader" (pos=<4291.589844, 25.247801, 4162.500000>).
21:00:12 [Market] Player "StaryKojot" (id=_uJkEyflAFEKMpkKqdLWoQHEfGiapl6KlgBZ_xRI58A=) has sold expansion_pmii25optic x1 at the trader "Attachments (Oliver [#STR_EXPANSION_MARKET_TRADER_ATTACHMENTS])" in market zone "OUTLIVE Trader" (pos=<4291.589844, 25.247801, 4162.500000>) and got 220.
21:00:16 [Market] Player "StaryKojot" (id=_uJkEyflAFEKMpkKqdLWoQHEfGiapl6KlgBZ_xRI58A=) has send a requested to sell ammo_380 x1 at the trader "Attachments (Oliver [#STR_EXPANSION_MARKET_TRADER_ATTACHMENTS])" in market zone "OUTLIVE Trader" (pos=<4291.589844, 25.247801, 4162.500000>).
21:00:16 [Market] Player "StaryKojot" (id=_uJkEyflAFEKMpkKqdLWoQHEfGiapl6KlgBZ_xRI58A=) has sold ammo_380 x1 at the trader "Attachments (Oliver [#STR_EXPANSION_MARKET_TRADER_ATTACHMENTS])" in market zone "OUTLIVE Trader" (pos=<4291.589844, 25.247801, 4162.500000>) and got 2.
21:00:21 [Market] Player "StaryKojot" (id=_uJkEyflAFEKMpkKqdLWoQHEfGiapl6KlgBZ_xRI58A=) has send a requested to sell ammo_380 x15 at the trader "Attachments (Oliver [#STR_EXPANSION_MARKET_TRADER_ATTACHMENTS])" in market zone "OUTLIVE Trader" (pos=<4291.589844, 25.247801, 4162.500000>).
21:00:21 [Market] Player "StaryKojot" (id=_uJkEyflAFEKMpkKqdLWoQHEfGiapl6KlgBZ_xRI58A=) has sold ammo_380 x15 at the trader "Attachments (Oliver [#STR_EXPANSION_MARKET_TRADER_ATTACHMENTS])" in market zone "OUTLIVE Trader" (pos=<4291.589844, 25.247801, 4162.500000>) and got 22.
21:00:37 [Market] Player "StaryKojot" (id=_uJkEyflAFEKMpkKqdLWoQHEfGiapl6KlgBZ_xRI58A=) has send a requested to sell ammo_45acp x244 at the trader "Attachments (Oliver [#STR_EXPANSION_MARKET_TRADER_ATTACHMENTS])" in market zone "OUTLIVE Trader" (pos=<4291.589844, 25.247801, 4162.500000>).
21:00:37 [Market] Player "StaryKojot" (id=_uJkEyflAFEKMpkKqdLWoQHEfGiapl6KlgBZ_xRI58A=) has sold ammo_45acp x244 at the trader "Attachments (Oliver [#STR_EXPANSION_MARKET_TRADER_ATTACHMENTS])" in market zone "OUTLIVE Trader" (pos=<4291.589844, 25.247801, 4162.500000>) and got 366.
21:00:50 [Market] Player "StaryKojot" (id=_uJkEyflAFEKMpkKqdLWoQHEfGiapl6KlgBZ_xRI58A=) has send a requested to sell ammo_12gaslug x49 at the trader "Attachments (Oliver [#STR_EXPANSION_MARKET_TRADER_ATTACHMENTS])" in market zone "OUTLIVE Trader" (pos=<4291.589844, 25.247801, 4162.500000>).
21:00:50 [Market] Player "StaryKojot" (id=_uJkEyflAFEKMpkKqdLWoQHEfGiapl6KlgBZ_xRI58A=) has sold ammo_12gaslug x49 at the trader "Attachments (Oliver [#STR_EXPANSION_MARKET_TRADER_ATTACHMENTS])" in market zone "OUTLIVE Trader" (pos=<4291.589844, 25.247801, 4162.500000>) and got 221.
21:01:00 [Market] Player "StaryKojot" (id=_uJkEyflAFEKMpkKqdLWoQHEfGiapl6KlgBZ_xRI58A=) has send a requested to sell ammo_expansion_46x30 x13 at the trader "Attachments (Oliver [#STR_EXPANSION_MARKET_TRADER_ATTACHMENTS])" in market zone "OUTLIVE Trader" (pos=<4291.589844, 25.247801, 4162.500000>).
21:01:00 [Market] Player "StaryKojot" (id=_uJkEyflAFEKMpkKqdLWoQHEfGiapl6KlgBZ_xRI58A=) has sold ammo_expansion_46x30 x13 at the trader "Attachments (Oliver [#STR_EXPANSION_MARKET_TRADER_ATTACHMENTS])" in market zone "OUTLIVE Trader" (pos=<4291.589844, 25.247801, 4162.500000>) and got 20.
21:01:12 [Market] Player "StaryKojot" (id=_uJkEyflAFEKMpkKqdLWoQHEfGiapl6KlgBZ_xRI58A=) has send a requested to sell ammo_9x39 x100 at the trader "Attachments (Oliver [#STR_EXPANSION_MARKET_TRADER_ATTACHMENTS])" in market zone "OUTLIVE Trader" (pos=<4291.589844, 25.247801, 4162.500000>).
21:01:12 [Market] Player "StaryKojot" (id=_uJkEyflAFEKMpkKqdLWoQHEfGiapl6KlgBZ_xRI58A=) has sold ammo_9x39 x100 at the trader "Attachments (Oliver [#STR_EXPANSION_MARKET_TRADER_ATTACHMENTS])" in market zone "OUTLIVE Trader" (pos=<4291.589844, 25.247801, 4162.500000>) and got 390.
21:05:07 [Market] Player "StaryKojot" (id=_uJkEyflAFEKMpkKqdLWoQHEfGiapl6KlgBZ_xRI58A=) has send a requested to sell msp_americanapplecrate x1 at the trader "BuildingSupplies (Boris [#STR_EXPANSION_MARKET_TRADER_BUILDING_SUPPLIES])" in market zone "OUTLIVE Trader" (pos=<4291.589844, 25.247801, 4162.500000>).
21:05:07 [Market] Player "StaryKojot" (id=_uJkEyflAFEKMpkKqdLWoQHEfGiapl6KlgBZ_xRI58A=) has sold msp_americanapplecrate x1 at the trader "BuildingSupplies (Boris [#STR_EXPANSION_MARKET_TRADER_BUILDING_SUPPLIES])" in market zone "OUTLIVE Trader" (pos=<4291.589844, 25.247801, 4162.500000>) and got 600.
21:19:35 [Market] Player "StaryKojot" (id=_uJkEyflAFEKMpkKqdLWoQHEfGiapl6KlgBZ_xRI58A=) has send a requested to sell gasmask_filter x1 at the trader "Medicals (Eva [#STR_EXPANSION_MARKET_TRADER_MEDICALS])" in market zone "OUTLIVE Trader" (pos=<4291.589844, 25.247801, 4162.500000>).
21:19:35 [Market] Player "StaryKojot" (id=_uJkEyflAFEKMpkKqdLWoQHEfGiapl6KlgBZ_xRI58A=) has sold gasmask_filter x1 at the trader "Medicals (Eva [#STR_EXPANSION_MARKET_TRADER_MEDICALS])" in market zone "OUTLIVE Trader" (pos=<4291.589844, 25.247801, 4162.500000>) and got 800.
21:19:37 [Market] Player "StaryKojot" (id=_uJkEyflAFEKMpkKqdLWoQHEfGiapl6KlgBZ_xRI58A=) has send a requested to sell gasmask_filter x1 at the trader "Medicals (Eva [#STR_EXPANSION_MARKET_TRADER_MEDICALS])" in market zone "OUTLIVE Trader" (pos=<4291.589844, 25.247801, 4162.500000>).
21:19:37 [Market] Player "StaryKojot" (id=_uJkEyflAFEKMpkKqdLWoQHEfGiapl6KlgBZ_xRI58A=) has sold gasmask_filter x1 at the trader "Medicals (Eva [#STR_EXPANSION_MARKET_TRADER_MEDICALS])" in market zone "OUTLIVE Trader" (pos=<4291.589844, 25.247801, 4162.500000>) and got 800.
21:19:38 [Market] Player "StaryKojot" (id=_uJkEyflAFEKMpkKqdLWoQHEfGiapl6KlgBZ_xRI58A=) has send a requested to sell gasmask_filter x1 at the trader "Medicals (Eva [#STR_EXPANSION_MARKET_TRADER_MEDICALS])" in market zone "OUTLIVE Trader" (pos=<4291.589844, 25.247801, 4162.500000>).
21:19:38 [Market] Player "StaryKojot" (id=_uJkEyflAFEKMpkKqdLWoQHEfGiapl6KlgBZ_xRI58A=) has sold gasmask_filter x1 at the trader "Medicals (Eva [#STR_EXPANSION_MARKET_TRADER_MEDICALS])" in market zone "OUTLIVE Trader" (pos=<4291.589844, 25.247801, 4162.500000>) and got 800.
21:19:38 [Market] Player "StaryKojot" (id=_uJkEyflAFEKMpkKqdLWoQHEfGiapl6KlgBZ_xRI58A=) has send a requested to sell gasmask_filter x1 at the trader "Medicals (Eva [#STR_EXPANSION_MARKET_TRADER_MEDICALS])" in market zone "OUTLIVE Trader" (pos=<4291.589844, 25.247801, 4162.500000>).
21:19:38 [Market] Player "StaryKojot" (id=_uJkEyflAFEKMpkKqdLWoQHEfGiapl6KlgBZ_xRI58A=) has sold gasmask_filter x1 at the trader "Medicals (Eva [#STR_EXPANSION_MARKET_TRADER_MEDICALS])" in market zone "OUTLIVE Trader" (pos=<4291.589844, 25.247801, 4162.500000>) and got 800.
21:19:39 [Market] Player "StaryKojot" (id=_uJkEyflAFEKMpkKqdLWoQHEfGiapl6KlgBZ_xRI58A=) has send a requested to sell gasmask_filter x1 at the trader "Medicals (Eva [#STR_EXPANSION_MARKET_TRADER_MEDICALS])" in market zone "OUTLIVE Trader" (pos=<4291.589844, 25.247801, 4162.500000>).
21:19:39 [Market] Player "StaryKojot" (id=_uJkEyflAFEKMpkKqdLWoQHEfGiapl6KlgBZ_xRI58A=) has sold gasmask_filter x1 at the trader "Medicals (Eva [#STR_EXPANSION_MARKET_TRADER_MEDICALS])" in market zone "OUTLIVE Trader" (pos=<4291.589844, 25.247801, 4162.500000>) and got 800.
21:19:41 [Market] Player "StaryKojot" (id=_uJkEyflAFEKMpkKqdLWoQHEfGiapl6KlgBZ_xRI58A=) has send a requested to sell gasmask_filter x1 at the trader "Medicals (Eva [#STR_EXPANSION_MARKET_TRADER_MEDICALS])" in market zone "OUTLIVE Trader" (pos=<4291.589844, 25.247801, 4162.500000>).
21:19:41 [Market] Player "StaryKojot" (id=_uJkEyflAFEKMpkKqdLWoQHEfGiapl6KlgBZ_xRI58A=) has sold gasmask_filter x1 at the trader "Medicals (Eva [#STR_EXPANSION_MARKET_TRADER_MEDICALS])" in market zone "OUTLIVE Trader" (pos=<4291.589844, 25.247801, 4162.500000>) and got 800.
21:20:15 [Market] Player "StaryKojot" (id=_uJkEyflAFEKMpkKqdLWoQHEfGiapl6KlgBZ_xRI58A=) has send a requested to sell paper x48 at the trader "BuildingSupplies (Boris [#STR_EXPANSION_MARKET_TRADER_BUILDING_SUPPLIES])" in market zone "OUTLIVE Trader" (pos=<4291.589844, 25.247801, 4162.500000>).
21:20:15 [Market] Player "StaryKojot" (id=_uJkEyflAFEKMpkKqdLWoQHEfGiapl6KlgBZ_xRI58A=) has sold paper x48 at the trader "BuildingSupplies (Boris [#STR_EXPANSION_MARKET_TRADER_BUILDING_SUPPLIES])" in market zone "OUTLIVE Trader" (pos=<4291.589844, 25.247801, 4162.500000>) and got 192.
21:20:50 [Market] Player "StaryKojot" (id=_uJkEyflAFEKMpkKqdLWoQHEfGiapl6KlgBZ_xRI58A=) has send a requested to sell twp_ammo_44mag x1 at the trader "Attachments (Oliver [#STR_EXPANSION_MARKET_TRADER_ATTACHMENTS])" in market zone "OUTLIVE Trader" (pos=<4291.589844, 25.247801, 4162.500000>).
21:20:50 [Market] Player "StaryKojot" (id=_uJkEyflAFEKMpkKqdLWoQHEfGiapl6KlgBZ_xRI58A=) has sold twp_ammo_44mag x1 at the trader "Attachments (Oliver [#STR_EXPANSION_MARKET_TRADER_ATTACHMENTS])" in market zone "OUTLIVE Trader" (pos=<4291.589844, 25.247801, 4162.500000>) and got 2.
21:20:52 [Market] Player "StaryKojot" (id=_uJkEyflAFEKMpkKqdLWoQHEfGiapl6KlgBZ_xRI58A=) has send a requested to sell twp_ammo_44mag x1 at the trader "Attachments (Oliver [#STR_EXPANSION_MARKET_TRADER_ATTACHMENTS])" in market zone "OUTLIVE Trader" (pos=<4291.589844, 25.247801, 4162.500000>).
21:20:52 [Market] Player "StaryKojot" (id=_uJkEyflAFEKMpkKqdLWoQHEfGiapl6KlgBZ_xRI58A=) has sold twp_ammo_44mag x1 at the trader "Attachments (Oliver [#STR_EXPANSION_MARKET_TRADER_ATTACHMENTS])" in market zone "OUTLIVE Trader" (pos=<4291.589844, 25.247801, 4162.500000>) and got 2.
21:20:58 [Market] Player "StaryKojot" (id=_uJkEyflAFEKMpkKqdLWoQHEfGiapl6KlgBZ_xRI58A=) has send a requested to sell twp_ammo_44mag x81 at the trader "Attachments (Oliver [#STR_EXPANSION_MARKET_TRADER_ATTACHMENTS])" in market zone "OUTLIVE Trader" (pos=<4291.589844, 25.247801, 4162.500000>).
21:20:58 [Market] Player "StaryKojot" (id=_uJkEyflAFEKMpkKqdLWoQHEfGiapl6KlgBZ_xRI58A=) has sold twp_ammo_44mag x81 at the trader "Attachments (Oliver [#STR_EXPANSION_MARKET_TRADER_ATTACHMENTS])" in market zone "OUTLIVE Trader" (pos=<4291.589844, 25.247801, 4162.500000>) and got 122.
21:21:04 [Market] Player "StaryKojot" (id=_uJkEyflAFEKMpkKqdLWoQHEfGiapl6KlgBZ_xRI58A=) has send a requested to sell twp_ammo_50ae x20 at the trader "Attachments (Oliver [#STR_EXPANSION_MARKET_TRADER_ATTACHMENTS])" in market zone "OUTLIVE Trader" (pos=<4291.589844, 25.247801, 4162.500000>).
21:21:04 [Market] Player "StaryKojot" (id=_uJkEyflAFEKMpkKqdLWoQHEfGiapl6KlgBZ_xRI58A=) has sold twp_ammo_50ae x20 at the trader "Attachments (Oliver [#STR_EXPANSION_MARKET_TRADER_ATTACHMENTS])" in market zone "OUTLIVE Trader" (pos=<4291.589844, 25.247801, 4162.500000>) and got 30.
21:21:08 [Market] Player "StaryKojot" (id=_uJkEyflAFEKMpkKqdLWoQHEfGiapl6KlgBZ_xRI58A=) has send a requested to sell twp_ammo_40sw x70 at the trader "Attachments (Oliver [#STR_EXPANSION_MARKET_TRADER_ATTACHMENTS])" in market zone "OUTLIVE Trader" (pos=<4291.589844, 25.247801, 4162.500000>).
21:21:08 [Market] Player "StaryKojot" (id=_uJkEyflAFEKMpkKqdLWoQHEfGiapl6KlgBZ_xRI58A=) has sold twp_ammo_40sw x70 at the trader "Attachments (Oliver [#STR_EXPANSION_MARKET_TRADER_ATTACHMENTS])" in market zone "OUTLIVE Trader" (pos=<4291.589844, 25.247801, 4162.500000>) and got 420.
21:21:17 [Market] Player "StaryKojot" (id=_uJkEyflAFEKMpkKqdLWoQHEfGiapl6KlgBZ_xRI58A=) has send a requested to sell twp_ammo_46x30 x45 at the trader "Attachments (Oliver [#STR_EXPANSION_MARKET_TRADER_ATTACHMENTS])" in market zone "OUTLIVE Trader" (pos=<4291.589844, 25.247801, 4162.500000>).
21:21:17 [Market] Player "StaryKojot" (id=_uJkEyflAFEKMpkKqdLWoQHEfGiapl6KlgBZ_xRI58A=) has sold twp_ammo_46x30 x45 at the trader "Attachments (Oliver [#STR_EXPANSION_MARKET_TRADER_ATTACHMENTS])" in market zone "OUTLIVE Trader" (pos=<4291.589844, 25.247801, 4162.500000>) and got 176.
21:21:22 [Market] Player "StaryKojot" (id=_uJkEyflAFEKMpkKqdLWoQHEfGiapl6KlgBZ_xRI58A=) has send a requested to sell twp_ammo_20x76 x10 at the trader "Attachments (Oliver [#STR_EXPANSION_MARKET_TRADER_ATTACHMENTS])" in market zone "OUTLIVE Trader" (pos=<4291.589844, 25.247801, 4162.500000>).
21:21:22 [Market] Player "StaryKojot" (id=_uJkEyflAFEKMpkKqdLWoQHEfGiapl6KlgBZ_xRI58A=) has sold twp_ammo_20x76 x10 at the trader "Attachments (Oliver [#STR_EXPANSION_MARKET_TRADER_ATTACHMENTS])" in market zone "OUTLIVE Trader" (pos=<4291.589844, 25.247801, 4162.500000>) and got 54.
21:21:38 [Market] Player "StaryKojot" (id=_uJkEyflAFEKMpkKqdLWoQHEfGiapl6KlgBZ_xRI58A=) has send a requested to sell twp_ammo_408cheytac x15 at the trader "Attachments (Oliver [#STR_EXPANSION_MARKET_TRADER_ATTACHMENTS])" in market zone "OUTLIVE Trader" (pos=<4291.589844, 25.247801, 4162.500000>).
21:21:38 [Market] Player "StaryKojot" (id=_uJkEyflAFEKMpkKqdLWoQHEfGiapl6KlgBZ_xRI58A=) has sold twp_ammo_408cheytac x15 at the trader "Attachments (Oliver [#STR_EXPANSION_MARKET_TRADER_ATTACHMENTS])" in market zone "OUTLIVE Trader" (pos=<4291.589844, 25.247801, 4162.500000>) and got 180.
21:21:44 [Market] Player "StaryKojot" (id=_uJkEyflAFEKMpkKqdLWoQHEfGiapl6KlgBZ_xRI58A=) has send a requested to sell twp_ammobox_20x102mm_10rnd x1 at the trader "Attachments (Oliver [#STR_EXPANSION_MARKET_TRADER_ATTACHMENTS])" in market zone "OUTLIVE Trader" (pos=<4291.589844, 25.247801, 4162.500000>).
21:21:44 [Market] Player "StaryKojot" (id=_uJkEyflAFEKMpkKqdLWoQHEfGiapl6KlgBZ_xRI58A=) has sold twp_ammobox_20x102mm_10rnd x1 at the trader "Attachments (Oliver [#STR_EXPANSION_MARKET_TRADER_ATTACHMENTS])" in market zone "OUTLIVE Trader" (pos=<4291.589844, 25.247801, 4162.500000>) and got 450.
21:21:50 [Market] Player "StaryKojot" (id=_uJkEyflAFEKMpkKqdLWoQHEfGiapl6KlgBZ_xRI58A=) has send a requested to sell twp_ammobox_46x30_30rnd x1 at the trader "Attachments (Oliver [#STR_EXPANSION_MARKET_TRADER_ATTACHMENTS])" in market zone "OUTLIVE Trader" (pos=<4291.589844, 25.247801, 4162.500000>).
21:21:50 [Market] Player "StaryKojot" (id=_uJkEyflAFEKMpkKqdLWoQHEfGiapl6KlgBZ_xRI58A=) has sold twp_ammobox_46x30_30rnd x1 at the trader "Attachments (Oliver [#STR_EXPANSION_MARKET_TRADER_ATTACHMENTS])" in market zone "OUTLIVE Trader" (pos=<4291.589844, 25.247801, 4162.500000>) and got 123.
21:21:52 [Market] Player "StaryKojot" (id=_uJkEyflAFEKMpkKqdLWoQHEfGiapl6KlgBZ_xRI58A=) has send a requested to sell twp_ammobox_50ae_20rnd x1 at the trader "Attachments (Oliver [#STR_EXPANSION_MARKET_TRADER_ATTACHMENTS])" in market zone "OUTLIVE Trader" (pos=<4291.589844, 25.247801, 4162.500000>).
21:21:52 [Market] Player "StaryKojot" (id=_uJkEyflAFEKMpkKqdLWoQHEfGiapl6KlgBZ_xRI58A=) has sold twp_ammobox_50ae_20rnd x1 at the trader "Attachments (Oliver [#STR_EXPANSION_MARKET_TRADER_ATTACHMENTS])" in market zone "OUTLIVE Trader" (pos=<4291.589844, 25.247801, 4162.500000>) and got 48.
21:21:53 [Market] Player "StaryKojot" (id=_uJkEyflAFEKMpkKqdLWoQHEfGiapl6KlgBZ_xRI58A=) has send a requested to sell twp_ammobox_50ae_20rnd x1 at the trader "Attachments (Oliver [#STR_EXPANSION_MARKET_TRADER_ATTACHMENTS])" in market zone "OUTLIVE Trader" (pos=<4291.589844, 25.247801, 4162.500000>).
21:21:53 [Market] Player "StaryKojot" (id=_uJkEyflAFEKMpkKqdLWoQHEfGiapl6KlgBZ_xRI58A=) has sold twp_ammobox_50ae_20rnd x1 at the trader "Attachments (Oliver [#STR_EXPANSION_MARKET_TRADER_ATTACHMENTS])" in market zone "OUTLIVE Trader" (pos=<4291.589844, 25.247801, 4162.500000>) and got 48.
21:21:53 [Market] Player "StaryKojot" (id=_uJkEyflAFEKMpkKqdLWoQHEfGiapl6KlgBZ_xRI58A=) has send a requested to sell twp_ammobox_50ae_20rnd x1 at the trader "Attachments (Oliver [#STR_EXPANSION_MARKET_TRADER_ATTACHMENTS])" in market zone "OUTLIVE Trader" (pos=<4291.589844, 25.247801, 4162.500000>).
21:21:53 [Market] Player "StaryKojot" (id=_uJkEyflAFEKMpkKqdLWoQHEfGiapl6KlgBZ_xRI58A=) has sold twp_ammobox_50ae_20rnd x1 at the trader "Attachments (Oliver [#STR_EXPANSION_MARKET_TRADER_ATTACHMENTS])" in market zone "OUTLIVE Trader" (pos=<4291.589844, 25.247801, 4162.500000>) and got 48.
21:22:01 [Market] Player "StaryKojot" (id=_uJkEyflAFEKMpkKqdLWoQHEfGiapl6KlgBZ_xRI58A=) has send a requested to sell twp_ammobox_762x25_30rnd x1 at the trader "Attachments (Oliver [#STR_EXPANSION_MARKET_TRADER_ATTACHMENTS])" in market zone "OUTLIVE Trader" (pos=<4291.589844, 25.247801, 4162.500000>).
21:22:01 [Market] Player "StaryKojot" (id=_uJkEyflAFEKMpkKqdLWoQHEfGiapl6KlgBZ_xRI58A=) has sold twp_ammobox_762x25_30rnd x1 at the trader "Attachments (Oliver [#STR_EXPANSION_MARKET_TRADER_ATTACHMENTS])" in market zone "OUTLIVE Trader" (pos=<4291.589844, 25.247801, 4162.500000>) and got 300.
21:22:03 [Market] Player "StaryKojot" (id=_uJkEyflAFEKMpkKqdLWoQHEfGiapl6KlgBZ_xRI58A=) has send a requested to sell twp_ammobox_6x35_20rnd x1 at the trader "Attachments (Oliver [#STR_EXPANSION_MARKET_TRADER_ATTACHMENTS])" in market zone "OUTLIVE Trader" (pos=<4291.589844, 25.247801, 4162.500000>).
21:22:03 [Market] Player "StaryKojot" (id=_uJkEyflAFEKMpkKqdLWoQHEfGiapl6KlgBZ_xRI58A=) has sold twp_ammobox_6x35_20rnd x1 at the trader "Attachments (Oliver [#STR_EXPANSION_MARKET_TRADER_ATTACHMENTS])" in market zone "OUTLIVE Trader" (pos=<4291.589844, 25.247801, 4162.500000>) and got 156.
21:22:04 [Market] Player "StaryKojot" (id=_uJkEyflAFEKMpkKqdLWoQHEfGiapl6KlgBZ_xRI58A=) has send a requested to sell twp_ammobox_57x28_30rnd x1 at the trader "Attachments (Oliver [#STR_EXPANSION_MARKET_TRADER_ATTACHMENTS])" in market zone "OUTLIVE Trader" (pos=<4291.589844, 25.247801, 4162.500000>).
21:22:05 [Market] Player "StaryKojot" (id=_uJkEyflAFEKMpkKqdLWoQHEfGiapl6KlgBZ_xRI58A=) has sold twp_ammobox_57x28_30rnd x1 at the trader "Attachments (Oliver [#STR_EXPANSION_MARKET_TRADER_ATTACHMENTS])" in market zone "OUTLIVE Trader" (pos=<4291.589844, 25.247801, 4162.500000>) and got 141.
21:22:06 [Market] Player "StaryKojot" (id=_uJkEyflAFEKMpkKqdLWoQHEfGiapl6KlgBZ_xRI58A=) has send a requested to sell twp_ammobox_44mag_30rnd x1 at the trader "Attachments (Oliver [#STR_EXPANSION_MARKET_TRADER_ATTACHMENTS])" in market zone "OUTLIVE Trader" (pos=<4291.589844, 25.247801, 4162.500000>).
21:22:07 [Market] Player "StaryKojot" (id=_uJkEyflAFEKMpkKqdLWoQHEfGiapl6KlgBZ_xRI58A=) has sold twp_ammobox_44mag_30rnd x1 at the trader "Attachments (Oliver [#STR_EXPANSION_MARKET_TRADER_ATTACHMENTS])" in market zone "OUTLIVE Trader" (pos=<4291.589844, 25.247801, 4162.500000>) and got 48.
21:22:38 [Market] Player "StaryKojot" (id=_uJkEyflAFEKMpkKqdLWoQHEfGiapl6KlgBZ_xRI58A=) has send a requested to sell ak_bayonet x1 at the trader "Attachments (Oliver [#STR_EXPANSION_MARKET_TRADER_ATTACHMENTS])" in market zone "OUTLIVE Trader" (pos=<4291.589844, 25.247801, 4162.500000>).
21:22:38 [Market] Player "StaryKojot" (id=_uJkEyflAFEKMpkKqdLWoQHEfGiapl6KlgBZ_xRI58A=) has sold ak_bayonet x1 at the trader "Attachments (Oliver [#STR_EXPANSION_MARKET_TRADER_ATTACHMENTS])" in market zone "OUTLIVE Trader" (pos=<4291.589844, 25.247801, 4162.500000>) and got 100.
21:22:40 [Market] Player "StaryKojot" (id=_uJkEyflAFEKMpkKqdLWoQHEfGiapl6KlgBZ_xRI58A=) has send a requested to sell sks_bayonet x1 at the trader "Attachments (Oliver [#STR_EXPANSION_MARKET_TRADER_ATTACHMENTS])" in market zone "OUTLIVE Trader" (pos=<4291.589844, 25.247801, 4162.500000>).
21:22:40 [Market] Player "StaryKojot" (id=_uJkEyflAFEKMpkKqdLWoQHEfGiapl6KlgBZ_xRI58A=) has sold sks_bayonet x1 at the trader "Attachments (Oliver [#STR_EXPANSION_MARKET_TRADER_ATTACHMENTS])" in market zone "OUTLIVE Trader" (pos=<4291.589844, 25.247801, 4162.500000>) and got 100.
21:22:47 [Market] Player "StaryKojot" (id=_uJkEyflAFEKMpkKqdLWoQHEfGiapl6KlgBZ_xRI58A=) has send a requested to sell ammo_380 x19 at the trader "Attachments (Oliver [#STR_EXPANSION_MARKET_TRADER_ATTACHMENTS])" in market zone "OUTLIVE Trader" (pos=<4291.589844, 25.247801, 4162.500000>).
21:22:47 [Market] Player "StaryKojot" (id=_uJkEyflAFEKMpkKqdLWoQHEfGiapl6KlgBZ_xRI58A=) has sold ammo_380 x19 at the trader "Attachments (Oliver [#STR_EXPANSION_MARKET_TRADER_ATTACHMENTS])" in market zone "OUTLIVE Trader" (pos=<4291.589844, 25.247801, 4162.500000>) and got 29.
21:23:01 [Market] Player "StaryKojot" (id=_uJkEyflAFEKMpkKqdLWoQHEfGiapl6KlgBZ_xRI58A=) has send a requested to sell twp_ammobox_44mag_30rnd x1 at the trader "Attachments (Oliver [#STR_EXPANSION_MARKET_TRADER_ATTACHMENTS])" in market zone "OUTLIVE Trader" (pos=<4291.589844, 25.247801, 4162.500000>).
21:23:01 [Market] Player "StaryKojot" (id=_uJkEyflAFEKMpkKqdLWoQHEfGiapl6KlgBZ_xRI58A=) has sold twp_ammobox_44mag_30rnd x1 at the trader "Attachments (Oliver [#STR_EXPANSION_MARKET_TRADER_ATTACHMENTS])" in market zone "OUTLIVE Trader" (pos=<4291.589844, 25.247801, 4162.500000>) and got 48.
21:23:02 [Market] Player "StaryKojot" (id=_uJkEyflAFEKMpkKqdLWoQHEfGiapl6KlgBZ_xRI58A=) has send a requested to sell twp_ammobox_44mag_30rnd x1 at the trader "Attachments (Oliver [#STR_EXPANSION_MARKET_TRADER_ATTACHMENTS])" in market zone "OUTLIVE Trader" (pos=<4291.589844, 25.247801, 4162.500000>).
21:23:02 [Market] Player "StaryKojot" (id=_uJkEyflAFEKMpkKqdLWoQHEfGiapl6KlgBZ_xRI58A=) has sold twp_ammobox_44mag_30rnd x1 at the trader "Attachments (Oliver [#STR_EXPANSION_MARKET_TRADER_ATTACHMENTS])" in market zone "OUTLIVE Trader" (pos=<4291.589844, 25.247801, 4162.500000>) and got 48.
21:23:10 [Market] Player "StaryKojot" (id=_uJkEyflAFEKMpkKqdLWoQHEfGiapl6KlgBZ_xRI58A=) has send a requested to sell twp_ammobox_57x28_30rnd x1 at the trader "Attachments (Oliver [#STR_EXPANSION_MARKET_TRADER_ATTACHMENTS])" in market zone "OUTLIVE Trader" (pos=<4291.589844, 25.247801, 4162.500000>).
21:23:10 [Market] Player "StaryKojot" (id=_uJkEyflAFEKMpkKqdLWoQHEfGiapl6KlgBZ_xRI58A=) has sold twp_ammobox_57x28_30rnd x1 at the trader "Attachments (Oliver [#STR_EXPANSION_MARKET_TRADER_ATTACHMENTS])" in market zone "OUTLIVE Trader" (pos=<4291.589844, 25.247801, 4162.500000>) and got 141.
21:23:18 [Market] Player "StaryKojot" (id=_uJkEyflAFEKMpkKqdLWoQHEfGiapl6KlgBZ_xRI58A=) has send a requested to sell twp_r700_mag_10rnd x1 at the trader "Attachments (Oliver [#STR_EXPANSION_MARKET_TRADER_ATTACHMENTS])" in market zone "OUTLIVE Trader" (pos=<4291.589844, 25.247801, 4162.500000>).
21:23:18 [Market] Player "StaryKojot" (id=_uJkEyflAFEKMpkKqdLWoQHEfGiapl6KlgBZ_xRI58A=) has sold twp_r700_mag_10rnd x1 at the trader "Attachments (Oliver [#STR_EXPANSION_MARKET_TRADER_ATTACHMENTS])" in market zone "OUTLIVE Trader" (pos=<4291.589844, 25.247801, 4162.500000>) and got 75.
21:23:20 [Market] Player "StaryKojot" (id=_uJkEyflAFEKMpkKqdLWoQHEfGiapl6KlgBZ_xRI58A=) has send a requested to sell twp_ump_mag_35rnd x1 at the trader "Attachments (Oliver [#STR_EXPANSION_MARKET_TRADER_ATTACHMENTS])" in market zone "OUTLIVE Trader" (pos=<4291.589844, 25.247801, 4162.500000>).
21:23:20 [Market] Player "StaryKojot" (id=_uJkEyflAFEKMpkKqdLWoQHEfGiapl6KlgBZ_xRI58A=) has sold twp_ump_mag_35rnd x1 at the trader "Attachments (Oliver [#STR_EXPANSION_MARKET_TRADER_ATTACHMENTS])" in market zone "OUTLIVE Trader" (pos=<4291.589844, 25.247801, 4162.500000>) and got 255.
21:23:24 [Market] Player "StaryKojot" (id=_uJkEyflAFEKMpkKqdLWoQHEfGiapl6KlgBZ_xRI58A=) has send a requested to sell twp_m110_mag_20rnd x1 at the trader "Attachments (Oliver [#STR_EXPANSION_MARKET_TRADER_ATTACHMENTS])" in market zone "OUTLIVE Trader" (pos=<4291.589844, 25.247801, 4162.500000>).
21:23:24 [Market] Player "StaryKojot" (id=_uJkEyflAFEKMpkKqdLWoQHEfGiapl6KlgBZ_xRI58A=) has sold twp_m110_mag_20rnd x1 at the trader "Attachments (Oliver [#STR_EXPANSION_MARKET_TRADER_ATTACHMENTS])" in market zone "OUTLIVE Trader" (pos=<4291.589844, 25.247801, 4162.500000>) and got 229.
21:23:25 [Market] Player "StaryKojot" (id=_uJkEyflAFEKMpkKqdLWoQHEfGiapl6KlgBZ_xRI58A=) has send a requested to sell twp_m110_mag_20rnd x1 at the trader "Attachments (Oliver [#STR_EXPANSION_MARKET_TRADER_ATTACHMENTS])" in market zone "OUTLIVE Trader" (pos=<4291.589844, 25.247801, 4162.500000>).
21:23:25 [Market] Player "StaryKojot" (id=_uJkEyflAFEKMpkKqdLWoQHEfGiapl6KlgBZ_xRI58A=) has sold twp_m110_mag_20rnd x1 at the trader "Attachments (Oliver [#STR_EXPANSION_MARKET_TRADER_ATTACHMENTS])" in market zone "OUTLIVE Trader" (pos=<4291.589844, 25.247801, 4162.500000>) and got 199.
21:23:34 [Market] Player "StaryKojot" (id=_uJkEyflAFEKMpkKqdLWoQHEfGiapl6KlgBZ_xRI58A=) has send a requested to sell mag_expansion_m14_20rnd x1 at the trader "Attachments (Oliver [#STR_EXPANSION_MARKET_TRADER_ATTACHMENTS])" in market zone "OUTLIVE Trader" (pos=<4291.589844, 25.247801, 4162.500000>).
21:23:35 [Market] Player "StaryKojot" (id=_uJkEyflAFEKMpkKqdLWoQHEfGiapl6KlgBZ_xRI58A=) has sold mag_expansion_m14_20rnd x1 at the trader "Attachments (Oliver [#STR_EXPANSION_MARKET_TRADER_ATTACHMENTS])" in market zone "OUTLIVE Trader" (pos=<4291.589844, 25.247801, 4162.500000>) and got 219.
21:25:01 [Market] Player "StaryKojot" (id=_uJkEyflAFEKMpkKqdLWoQHEfGiapl6KlgBZ_xRI58A=) has send a requested to purchase pipewrench x1 from the trader "BuildingSupplies (Boris [#STR_EXPANSION_MARKET_TRADER_BUILDING_SUPPLIES])" in market zone "OUTLIVE Trader" (pos=<4291.589844, 25.247801, 4162.500000>).
21:25:01 [Market] Player "StaryKojot" (id=_uJkEyflAFEKMpkKqdLWoQHEfGiapl6KlgBZ_xRI58A=) has bought pipewrench x1 from the trader "BuildingSupplies (Boris [#STR_EXPANSION_MARKET_TRADER_BUILDING_SUPPLIES])" in market zone "OUTLIVE Trader" (pos=<4291.589844, 25.247801, 4162.500000>) for a price of 1500.
21:33:48 [Market] Player "MADness" (id=OWXX6Y-5LFd-7A6ELi2o-QPO0kjmZUMZvMTKL0AQ_q0=) has send a requested to sell ammo_45acp x312 at the trader "Attachments (Oliver [#STR_EXPANSION_MARKET_TRADER_ATTACHMENTS])" in market zone "OUTLIVE Trader" (pos=<4291.589844, 25.247801, 4162.500000>).
21:33:48 [Market] Player "MADness" (id=OWXX6Y-5LFd-7A6ELi2o-QPO0kjmZUMZvMTKL0AQ_q0=) has sold ammo_45acp x312 at the trader "Attachments (Oliver [#STR_EXPANSION_MARKET_TRADER_ATTACHMENTS])" in market zone "OUTLIVE Trader" (pos=<4291.589844, 25.247801, 4162.500000>) and got 468.
21:33:54 [Market] Player "MADness" (id=OWXX6Y-5LFd-7A6ELi2o-QPO0kjmZUMZvMTKL0AQ_q0=) has send a requested to sell twp_ammo_arrow x50 at the trader "Attachments (Oliver [#STR_EXPANSION_MARKET_TRADER_ATTACHMENTS])" in market zone "OUTLIVE Trader" (pos=<4291.589844, 25.247801, 4162.500000>).
21:33:54 [Market] Player "MADness" (id=OWXX6Y-5LFd-7A6ELi2o-QPO0kjmZUMZvMTKL0AQ_q0=) has sold twp_ammo_arrow x50 at the trader "Attachments (Oliver [#STR_EXPANSION_MARKET_TRADER_ATTACHMENTS])" in market zone "OUTLIVE Trader" (pos=<4291.589844, 25.247801, 4162.500000>) and got 675.
21:34:07 [ATM Locker] Player "MADness" (id=OWXX6Y-5LFd-7A6ELi2o-QPO0kjmZUMZvMTKL0AQ_q0=) has deposited 1143 on his ATM account.
21:35:23 [Market] Player "StaryKojot" (id=_uJkEyflAFEKMpkKqdLWoQHEfGiapl6KlgBZ_xRI58A=) has send a requested to sell mvs_canteen_tan x1 at the trader "Clothing (Linda [#STR_EXPANSION_MARKET_TRADER_CLOTHING])" in market zone "OUTLIVE Trader" (pos=<4291.589844, 25.247801, 4162.500000>).
21:35:23 [Market] Player "StaryKojot" (id=_uJkEyflAFEKMpkKqdLWoQHEfGiapl6KlgBZ_xRI58A=) has sold mvs_canteen_tan x1 at the trader "Clothing (Linda [#STR_EXPANSION_MARKET_TRADER_CLOTHING])" in market zone "OUTLIVE Trader" (pos=<4291.589844, 25.247801, 4162.500000>) and got 75.
21:35:25 [Market] Player "StaryKojot" (id=_uJkEyflAFEKMpkKqdLWoQHEfGiapl6KlgBZ_xRI58A=) has send a requested to sell mvs_canteen_tan x1 at the trader "Clothing (Linda [#STR_EXPANSION_MARKET_TRADER_CLOTHING])" in market zone "OUTLIVE Trader" (pos=<4291.589844, 25.247801, 4162.500000>).
21:35:25 [Market] Player "StaryKojot" (id=_uJkEyflAFEKMpkKqdLWoQHEfGiapl6KlgBZ_xRI58A=) has sold mvs_canteen_tan x1 at the trader "Clothing (Linda [#STR_EXPANSION_MARKET_TRADER_CLOTHING])" in market zone "OUTLIVE Trader" (pos=<4291.589844, 25.247801, 4162.500000>) and got 75.
21:35:59 [Market] Player "StaryKojot" (id=_uJkEyflAFEKMpkKqdLWoQHEfGiapl6KlgBZ_xRI58A=) has send a requested to sell ammobox_45acp_25rnd x1 at the trader "Attachments (Oliver [#STR_EXPANSION_MARKET_TRADER_ATTACHMENTS])" in market zone "OUTLIVE Trader" (pos=<4291.589844, 25.247801, 4162.500000>).
21:35:59 [Market] Player "StaryKojot" (id=_uJkEyflAFEKMpkKqdLWoQHEfGiapl6KlgBZ_xRI58A=) has sold ammobox_45acp_25rnd x1 at the trader "Attachments (Oliver [#STR_EXPANSION_MARKET_TRADER_ATTACHMENTS])" in market zone "OUTLIVE Trader" (pos=<4291.589844, 25.247801, 4162.500000>) and got 45.
21:36:01 [Market] Player "StaryKojot" (id=_uJkEyflAFEKMpkKqdLWoQHEfGiapl6KlgBZ_xRI58A=) has send a requested to sell ammobox_380_35rnd x1 at the trader "Attachments (Oliver [#STR_EXPANSION_MARKET_TRADER_ATTACHMENTS])" in market zone "OUTLIVE Trader" (pos=<4291.589844, 25.247801, 4162.500000>).
21:36:01 [Market] Player "StaryKojot" (id=_uJkEyflAFEKMpkKqdLWoQHEfGiapl6KlgBZ_xRI58A=) has sold ammobox_380_35rnd x1 at the trader "Attachments (Oliver [#STR_EXPANSION_MARKET_TRADER_ATTACHMENTS])" in market zone "OUTLIVE Trader" (pos=<4291.589844, 25.247801, 4162.500000>) and got 60.
21:36:03 [Market] Player "StaryKojot" (id=_uJkEyflAFEKMpkKqdLWoQHEfGiapl6KlgBZ_xRI58A=) has send a requested to sell ammobox_00buck_10rnd x1 at the trader "Attachments (Oliver [#STR_EXPANSION_MARKET_TRADER_ATTACHMENTS])" in market zone "OUTLIVE Trader" (pos=<4291.589844, 25.247801, 4162.500000>).
21:36:03 [Market] Player "StaryKojot" (id=_uJkEyflAFEKMpkKqdLWoQHEfGiapl6KlgBZ_xRI58A=) has sold ammobox_00buck_10rnd x1 at the trader "Attachments (Oliver [#STR_EXPANSION_MARKET_TRADER_ATTACHMENTS])" in market zone "OUTLIVE Trader" (pos=<4291.589844, 25.247801, 4162.500000>) and got 60.
21:36:08 [Market] Player "StaryKojot" (id=_uJkEyflAFEKMpkKqdLWoQHEfGiapl6KlgBZ_xRI58A=) has send a requested to sell ammobox_expansion_46x30_25rnd x1 at the trader "Attachments (Oliver [#STR_EXPANSION_MARKET_TRADER_ATTACHMENTS])" in market zone "OUTLIVE Trader" (pos=<4291.589844, 25.247801, 4162.500000>).
21:36:08 [Market] Player "StaryKojot" (id=_uJkEyflAFEKMpkKqdLWoQHEfGiapl6KlgBZ_xRI58A=) has sold ammobox_expansion_46x30_25rnd x1 at the trader "Attachments (Oliver [#STR_EXPANSION_MARKET_TRADER_ATTACHMENTS])" in market zone "OUTLIVE Trader" (pos=<4291.589844, 25.247801, 4162.500000>) and got 34.
21:36:09 [Market] Player "StaryKojot" (id=_uJkEyflAFEKMpkKqdLWoQHEfGiapl6KlgBZ_xRI58A=) has send a requested to sell ammobox_expansion_46x30_25rnd x1 at the trader "Attachments (Oliver [#STR_EXPANSION_MARKET_TRADER_ATTACHMENTS])" in market zone "OUTLIVE Trader" (pos=<4291.589844, 25.247801, 4162.500000>).
21:36:09 [Market] Player "StaryKojot" (id=_uJkEyflAFEKMpkKqdLWoQHEfGiapl6KlgBZ_xRI58A=) has sold ammobox_expansion_46x30_25rnd x1 at the trader "Attachments (Oliver [#STR_EXPANSION_MARKET_TRADER_ATTACHMENTS])" in market zone "OUTLIVE Trader" (pos=<4291.589844, 25.247801, 4162.500000>) and got 45.
21:36:12 [Market] Player "StaryKojot" (id=_uJkEyflAFEKMpkKqdLWoQHEfGiapl6KlgBZ_xRI58A=) has send a requested to sell ammobox_00buck_10rnd x1 at the trader "Attachments (Oliver [#STR_EXPANSION_MARKET_TRADER_ATTACHMENTS])" in market zone "OUTLIVE Trader" (pos=<4291.589844, 25.247801, 4162.500000>).
21:36:12 [Market] Player "StaryKojot" (id=_uJkEyflAFEKMpkKqdLWoQHEfGiapl6KlgBZ_xRI58A=) has sold ammobox_00buck_10rnd x1 at the trader "Attachments (Oliver [#STR_EXPANSION_MARKET_TRADER_ATTACHMENTS])" in market zone "OUTLIVE Trader" (pos=<4291.589844, 25.247801, 4162.500000>) and got 60.
21:37:16 [VehicleCarKey] Player "MADness" (id=OWXX6Y-5LFd-7A6ELi2o-QPO0kjmZUMZvMTKL0AQ_q0= pos=<4273.695313, 16.035761, 4120.314941>) used the  ExpansionCarKey to unlock a ExpansionMh6
21:37:25 [ATM Locker] Player "StaryKojot" (id=_uJkEyflAFEKMpkKqdLWoQHEfGiapl6KlgBZ_xRI58A=) has deposited 62430 on his ATM account.
21:37:41 [Market] Player "StaryKojot" (id=_uJkEyflAFEKMpkKqdLWoQHEfGiapl6KlgBZ_xRI58A=) has send a requested to sell woodaxe x1 at the trader "BuildingSupplies (Boris [#STR_EXPANSION_MARKET_TRADER_BUILDING_SUPPLIES])" in market zone "OUTLIVE Trader" (pos=<4291.589844, 25.247801, 4162.500000>).
21:37:41 [Market] Player "StaryKojot" (id=_uJkEyflAFEKMpkKqdLWoQHEfGiapl6KlgBZ_xRI58A=) has sold woodaxe x1 at the trader "BuildingSupplies (Boris [#STR_EXPANSION_MARKET_TRADER_BUILDING_SUPPLIES])" in market zone "OUTLIVE Trader" (pos=<4291.589844, 25.247801, 4162.500000>) and got 260.
21:38:17 [VehicleCarKey] Player "StaryKojot" (id=_uJkEyflAFEKMpkKqdLWoQHEfGiapl6KlgBZ_xRI58A= pos=<4265.058105, 11.305081, 4192.726074>) used the  ExpansionCarKey to lock a Truck_01_Covered
21:39:22 [Safezone] Player "StaryKojot" (id=_uJkEyflAFEKMpkKqdLWoQHEfGiapl6KlgBZ_xRI58A= pos=<4538.147461, 121.876266, 4150.872070>) Left the safezone
21:39:22 [Safezone] Player "MADness" (id=OWXX6Y-5LFd-7A6ELi2o-QPO0kjmZUMZvMTKL0AQ_q0= pos=<4538.120605, 121.873550, 4151.657227>) Left the safezone
21:42:00 [VehicleDestroyed] ExpansionMh6 was destroyed at pos=<8050.359375, -1.151116, 4196.221191>
21:42:50 [Expansion Quests] - SetupClientData - Got cached player quest data for player with UID: OWXX6Y-5LFd-7A6ELi2o-QPO0kjmZUMZvMTKL0AQ_q0=
21:51:24 [Expansion Quests] - CompleteQuest - Player with UID _uJkEyflAFEKMpkKqdLWoQHEfGiapl6KlgBZ_xRI58A= has completed quest 5
21:51:24 [Expansion Quests] - ExpansionQuest - Quest owner ID: _uJkEyflAFEKMpkKqdLWoQHEfGiapl6KlgBZ_xRI58A=
21:51:24 [Expansion Quests] - ExpansionQuest - Quest ID: 5
21:51:24 [Expansion Quests] - ExpansionQuest - Quest state: 3
21:51:24 [Expansion Quests] - ExpansionQuest - Quest completed: true
22:06:13 [MissionAirdrop] An airdrop is heading towards "Stein" (pos=<4619.000000, 0.000000, 7618.000000> type=Random_Stein) with a ExpansionAirdropContainer
22:06:13 [MissionAirdrop] An airdrop is heading towards "Stein" (pos=<4619.000000, 0.000000, 7618.000000> type=Random_Stein) with a ExpansionAirdropContainer
22:07:30 [VehicleCarKey] Player "MADness" (id=OWXX6Y-5LFd-7A6ELi2o-QPO0kjmZUMZvMTKL0AQ_q0= pos=<8121.795410, 2.348259, 4227.901367>) paired a  ExpansionCarKey to ExpansionMh6_Digital
22:11:17 [Safezone] Player "MADness" (id=OWXX6Y-5LFd-7A6ELi2o-QPO0kjmZUMZvMTKL0AQ_q0= pos=<4421.035156, 137.575638, 4165.806152>) Entered the safezone
22:11:17 [Safezone] Player "StaryKojot" (id=_uJkEyflAFEKMpkKqdLWoQHEfGiapl6KlgBZ_xRI58A= pos=<4420.782715, 137.587891, 4166.549805>) Entered the safezone
22:12:44 [VehicleCarKey] Player "MADness" (id=OWXX6Y-5LFd-7A6ELi2o-QPO0kjmZUMZvMTKL0AQ_q0= pos=<4272.101074, 16.285137, 4120.622070>) used the  ExpansionCarKey to lock a ExpansionMh6_Digital
22:13:19 [Market] Player "StaryKojot" (id=_uJkEyflAFEKMpkKqdLWoQHEfGiapl6KlgBZ_xRI58A=) has send a requested to sell mag_cz550_4rnd x1 at the trader "Weapons (Denis [#STR_EXPANSION_MARKET_TRADER_WEAPONS])" in market zone "OUTLIVE Trader" (pos=<4291.589844, 25.247801, 4162.500000>).
22:13:19 [Market] Player "StaryKojot" (id=_uJkEyflAFEKMpkKqdLWoQHEfGiapl6KlgBZ_xRI58A=) has sold mag_cz550_4rnd x1 at the trader "Weapons (Denis [#STR_EXPANSION_MARKET_TRADER_WEAPONS])" in market zone "OUTLIVE Trader" (pos=<4291.589844, 25.247801, 4162.500000>) and got 55.
22:13:20 [Market] Player "StaryKojot" (id=_uJkEyflAFEKMpkKqdLWoQHEfGiapl6KlgBZ_xRI58A=) has send a requested to sell mag_cz550_4rnd x1 at the trader "Weapons (Denis [#STR_EXPANSION_MARKET_TRADER_WEAPONS])" in market zone "OUTLIVE Trader" (pos=<4291.589844, 25.247801, 4162.500000>).
22:13:20 [Market] Player "StaryKojot" (id=_uJkEyflAFEKMpkKqdLWoQHEfGiapl6KlgBZ_xRI58A=) has sold mag_cz550_4rnd x1 at the trader "Weapons (Denis [#STR_EXPANSION_MARKET_TRADER_WEAPONS])" in market zone "OUTLIVE Trader" (pos=<4291.589844, 25.247801, 4162.500000>) and got 35.
22:13:25 [Market] Player "StaryKojot" (id=_uJkEyflAFEKMpkKqdLWoQHEfGiapl6KlgBZ_xRI58A=) has send a requested to sell twp_aks74u x1 at the trader "Weapons (Denis [#STR_EXPANSION_MARKET_TRADER_WEAPONS])" in market zone "OUTLIVE Trader" (pos=<4291.589844, 25.247801, 4162.500000>).
22:13:25 [Market] Player "StaryKojot" (id=_uJkEyflAFEKMpkKqdLWoQHEfGiapl6KlgBZ_xRI58A=) has sold twp_aks74u x1 at the trader "Weapons (Denis [#STR_EXPANSION_MARKET_TRADER_WEAPONS])" in market zone "OUTLIVE Trader" (pos=<4291.589844, 25.247801, 4162.500000>) and got 900.
22:13:28 [Market] Player "StaryKojot" (id=_uJkEyflAFEKMpkKqdLWoQHEfGiapl6KlgBZ_xRI58A=) has send a requested to sell twp_ace23 x1 at the trader "Weapons (Denis [#STR_EXPANSION_MARKET_TRADER_WEAPONS])" in market zone "OUTLIVE Trader" (pos=<4291.589844, 25.247801, 4162.500000>).
22:13:28 [Market] Player "StaryKojot" (id=_uJkEyflAFEKMpkKqdLWoQHEfGiapl6KlgBZ_xRI58A=) has sold twp_ace23 x1 at the trader "Weapons (Denis [#STR_EXPANSION_MARKET_TRADER_WEAPONS])" in market zone "OUTLIVE Trader" (pos=<4291.589844, 25.247801, 4162.500000>) and got 1800.
22:13:40 [Market] Player "StaryKojot" (id=_uJkEyflAFEKMpkKqdLWoQHEfGiapl6KlgBZ_xRI58A=) has send a requested to sell twp_rpk16 x1 at the trader "Weapons (Denis [#STR_EXPANSION_MARKET_TRADER_WEAPONS])" in market zone "OUTLIVE Trader" (pos=<4291.589844, 25.247801, 4162.500000>).
22:13:40 [Market] Player "StaryKojot" (id=_uJkEyflAFEKMpkKqdLWoQHEfGiapl6KlgBZ_xRI58A=) has sold twp_rpk16 x1 at the trader "Weapons (Denis [#STR_EXPANSION_MARKET_TRADER_WEAPONS])" in market zone "OUTLIVE Trader" (pos=<4291.589844, 25.247801, 4162.500000>) and got 2800.
22:14:19 [Market] Player "StaryKojot" (id=_uJkEyflAFEKMpkKqdLWoQHEfGiapl6KlgBZ_xRI58A=) has send a requested to sell mmg_mk_iii_armor_black x1 at the trader "Clothing (Linda [#STR_EXPANSION_MARKET_TRADER_CLOTHING])" in market zone "OUTLIVE Trader" (pos=<4291.589844, 25.247801, 4162.500000>).
22:14:19 [Market] Player "StaryKojot" (id=_uJkEyflAFEKMpkKqdLWoQHEfGiapl6KlgBZ_xRI58A=) has sold mmg_mk_iii_armor_black x1 at the trader "Clothing (Linda [#STR_EXPANSION_MARKET_TRADER_CLOTHING])" in market zone "OUTLIVE Trader" (pos=<4291.589844, 25.247801, 4162.500000>) and got 2750.
22:15:43 [Market] Player "MADness" (id=OWXX6Y-5LFd-7A6ELi2o-QPO0kjmZUMZvMTKL0AQ_q0=) has send a requested to sell mmg_bottle_multicamblack x1 at the trader "Clothing (Linda [#STR_EXPANSION_MARKET_TRADER_CLOTHING])" in market zone "OUTLIVE Trader" (pos=<4291.589844, 25.247801, 4162.500000>).
22:15:43 [Market] Player "MADness" (id=OWXX6Y-5LFd-7A6ELi2o-QPO0kjmZUMZvMTKL0AQ_q0=) has sold mmg_bottle_multicamblack x1 at the trader "Clothing (Linda [#STR_EXPANSION_MARKET_TRADER_CLOTHING])" in market zone "OUTLIVE Trader" (pos=<4291.589844, 25.247801, 4162.500000>) and got 250.
22:20:24 [ATM Locker] Player "MADness" (id=OWXX6Y-5LFd-7A6ELi2o-QPO0kjmZUMZvMTKL0AQ_q0=) has withdrawn 15000 from his ATM account.
22:20:52 [Market] Player "MADness" (id=OWXX6Y-5LFd-7A6ELi2o-QPO0kjmZUMZvMTKL0AQ_q0=) has send a requested to purchase twp_m4suppressor x1 from the trader "Attachments (Oliver [#STR_EXPANSION_MARKET_TRADER_ATTACHMENTS])" in market zone "OUTLIVE Trader" (pos=<4291.589844, 25.247801, 4162.500000>).
22:20:52 [Market] Player "MADness" (id=OWXX6Y-5LFd-7A6ELi2o-QPO0kjmZUMZvMTKL0AQ_q0=) has bought twp_m4suppressor x1 from the trader "Attachments (Oliver [#STR_EXPANSION_MARKET_TRADER_ATTACHMENTS])" in market zone "OUTLIVE Trader" (pos=<4291.589844, 25.247801, 4162.500000>) for a price of 2500.
22:21:11 [Market] Player "MADness" (id=OWXX6Y-5LFd-7A6ELi2o-QPO0kjmZUMZvMTKL0AQ_q0=) has send a requested to purchase expansionhamroptic x1 from the trader "Attachments (Oliver [#STR_EXPANSION_MARKET_TRADER_ATTACHMENTS])" in market zone "OUTLIVE Trader" (pos=<4291.589844, 25.247801, 4162.500000>).
22:21:11 [Market] Player "MADness" (id=OWXX6Y-5LFd-7A6ELi2o-QPO0kjmZUMZvMTKL0AQ_q0=) has bought expansionhamroptic x1 from the trader "Attachments (Oliver [#STR_EXPANSION_MARKET_TRADER_ATTACHMENTS])" in market zone "OUTLIVE Trader" (pos=<4291.589844, 25.247801, 4162.500000>) for a price of 3650.
22:21:31 [Market] Player "MADness" (id=OWXX6Y-5LFd-7A6ELi2o-QPO0kjmZUMZvMTKL0AQ_q0=) has send a requested to purchase m4_suppressor x1 from the trader "Attachments (Oliver [#STR_EXPANSION_MARKET_TRADER_ATTACHMENTS])" in market zone "OUTLIVE Trader" (pos=<4291.589844, 25.247801, 4162.500000>).
22:21:31 [Market] Player "MADness" (id=OWXX6Y-5LFd-7A6ELi2o-QPO0kjmZUMZvMTKL0AQ_q0=) has bought m4_suppressor x1 from the trader "Attachments (Oliver [#STR_EXPANSION_MARKET_TRADER_ATTACHMENTS])" in market zone "OUTLIVE Trader" (pos=<4291.589844, 25.247801, 4162.500000>) for a price of 2000.
22:22:03 [Safezone] Player "MADness" (id=OWXX6Y-5LFd-7A6ELi2o-QPO0kjmZUMZvMTKL0AQ_q0= pos=<4003.647705, 6.481849, 5130.608887>) Left the safezone
22:24:10 [Safezone] Player "P@lko2265" (id=iyN6JbNqEvHMp_A5zeXvCmCy1_EaihIFwZocZ4y6-LM= pos=<4215.420898, 13.236216, 4112.365723>) Entered the safezone
22:24:10 [Expansion Quests] - SetupClientData - Created new persistent player quest data for player UID: iyN6JbNqEvHMp_A5zeXvCmCy1_EaihIFwZocZ4y6-LM=
22:24:43 [Chat - Global]("P@lko2265"(id=iyN6JbNqEvHMp_A5zeXvCmCy1_EaihIFwZocZ4y6-LM=)): zdarec
22:24:48 [Chat - Global]("MADness"(id=OWXX6Y-5LFd-7A6ELi2o-QPO0kjmZUMZvMTKL0AQ_q0=)): Ahoj
22:25:47 [Market] Player "StaryKojot" (id=_uJkEyflAFEKMpkKqdLWoQHEfGiapl6KlgBZ_xRI58A=) has send a requested to purchase mag_cmag_100rnd x1 from the trader "Attachments (Oliver [#STR_EXPANSION_MARKET_TRADER_ATTACHMENTS])" in market zone "OUTLIVE Trader" (pos=<4291.589844, 25.247801, 4162.500000>).
22:25:47 [Market] Player "StaryKojot" (id=_uJkEyflAFEKMpkKqdLWoQHEfGiapl6KlgBZ_xRI58A=) has bought mag_cmag_100rnd x1 from the trader "Attachments (Oliver [#STR_EXPANSION_MARKET_TRADER_ATTACHMENTS])" in market zone "OUTLIVE Trader" (pos=<4291.589844, 25.247801, 4162.500000>) for a price of 8500.
22:26:42 [ATM Locker] Player "StaryKojot" (id=_uJkEyflAFEKMpkKqdLWoQHEfGiapl6KlgBZ_xRI58A=) has withdrawn 8400 from his ATM account.
22:26:49 [Safezone] Player "MADness" (id=OWXX6Y-5LFd-7A6ELi2o-QPO0kjmZUMZvMTKL0AQ_q0= pos=<4208.776367, 11.501185, 4155.644043>) Entered the safezone
22:27:09 [Market] Player "StaryKojot" (id=_uJkEyflAFEKMpkKqdLWoQHEfGiapl6KlgBZ_xRI58A=) has send a requested to purchase mag_cmag_100rnd x1 from the trader "Attachments (Oliver [#STR_EXPANSION_MARKET_TRADER_ATTACHMENTS])" in market zone "OUTLIVE Trader" (pos=<4291.589844, 25.247801, 4162.500000>).
22:27:09 [Market] Player "StaryKojot" (id=_uJkEyflAFEKMpkKqdLWoQHEfGiapl6KlgBZ_xRI58A=) has bought mag_cmag_100rnd x1 from the trader "Attachments (Oliver [#STR_EXPANSION_MARKET_TRADER_ATTACHMENTS])" in market zone "OUTLIVE Trader" (pos=<4291.589844, 25.247801, 4162.500000>) for a price of 8500.
22:27:50 [VehicleCarKey] Player "P@lko2265" (id=iyN6JbNqEvHMp_A5zeXvCmCy1_EaihIFwZocZ4y6-LM= pos=<4432.719238, 1.284598, 4190.459473>) used the  ExpansionCarKey to unlock a ExpansionUtilityBoat
22:27:53 [Safezone] Player "P@lko2265" (id=iyN6JbNqEvHMp_A5zeXvCmCy1_EaihIFwZocZ4y6-LM= pos=<4432.719238, 1.275265, 4190.459473>) Left the safezone
22:29:50 [VehicleCarKey] Player "P@lko2265" (id=iyN6JbNqEvHMp_A5zeXvCmCy1_EaihIFwZocZ4y6-LM= pos=<4432.623535, 1.465192, 4190.496094>) used the  ExpansionCarKey to lock a ExpansionUtilityBoat
22:30:03 [Safezone] Player "P@lko2265" (id=iyN6JbNqEvHMp_A5zeXvCmCy1_EaihIFwZocZ4y6-LM= pos=<4418.599609, 1.415249, 4189.982910>) Entered the safezone
22:31:48 [Market] Player "StaryKojot" (id=_uJkEyflAFEKMpkKqdLWoQHEfGiapl6KlgBZ_xRI58A=) has send a requested to sell twp_otsgrosa x1 at the trader "Weapons (Denis [#STR_EXPANSION_MARKET_TRADER_WEAPONS])" in market zone "OUTLIVE Trader" (pos=<4291.589844, 25.247801, 4162.500000>).
22:31:48 [Market] Player "StaryKojot" (id=_uJkEyflAFEKMpkKqdLWoQHEfGiapl6KlgBZ_xRI58A=) has sold twp_otsgrosa x1 at the trader "Weapons (Denis [#STR_EXPANSION_MARKET_TRADER_WEAPONS])" in market zone "OUTLIVE Trader" (pos=<4291.589844, 25.247801, 4162.500000>) and got 2100.
22:31:57 [Market] Player "StaryKojot" (id=_uJkEyflAFEKMpkKqdLWoQHEfGiapl6KlgBZ_xRI58A=) has send a requested to sell expansion_m9 x1 at the trader "Weapons (Denis [#STR_EXPANSION_MARKET_TRADER_WEAPONS])" in market zone "OUTLIVE Trader" (pos=<4291.589844, 25.247801, 4162.500000>).
22:31:57 [Market] Player "StaryKojot" (id=_uJkEyflAFEKMpkKqdLWoQHEfGiapl6KlgBZ_xRI58A=) has sold expansion_m9 x1 at the trader "Weapons (Denis [#STR_EXPANSION_MARKET_TRADER_WEAPONS])" in market zone "OUTLIVE Trader" (pos=<4291.589844, 25.247801, 4162.500000>) and got 135.
22:32:13 [Market] Player "StaryKojot" (id=_uJkEyflAFEKMpkKqdLWoQHEfGiapl6KlgBZ_xRI58A=) has send a requested to sell twp_amd_mag_30rnd x1 at the trader "Attachments (Oliver [#STR_EXPANSION_MARKET_TRADER_ATTACHMENTS])" in market zone "OUTLIVE Trader" (pos=<4291.589844, 25.247801, 4162.500000>).
22:32:13 [Market] Player "StaryKojot" (id=_uJkEyflAFEKMpkKqdLWoQHEfGiapl6KlgBZ_xRI58A=) has sold twp_amd_mag_30rnd x1 at the trader "Attachments (Oliver [#STR_EXPANSION_MARKET_TRADER_ATTACHMENTS])" in market zone "OUTLIVE Trader" (pos=<4291.589844, 25.247801, 4162.500000>) and got 298.
22:32:14 [Market] Player "StaryKojot" (id=_uJkEyflAFEKMpkKqdLWoQHEfGiapl6KlgBZ_xRI58A=) has send a requested to sell twp_amd_mag_30rnd x1 at the trader "Attachments (Oliver [#STR_EXPANSION_MARKET_TRADER_ATTACHMENTS])" in market zone "OUTLIVE Trader" (pos=<4291.589844, 25.247801, 4162.500000>).
22:32:14 [Market] Player "StaryKojot" (id=_uJkEyflAFEKMpkKqdLWoQHEfGiapl6KlgBZ_xRI58A=) has sold twp_amd_mag_30rnd x1 at the trader "Attachments (Oliver [#STR_EXPANSION_MARKET_TRADER_ATTACHMENTS])" in market zone "OUTLIVE Trader" (pos=<4291.589844, 25.247801, 4162.500000>) and got 306.
22:32:21 [Market] Player "StaryKojot" (id=_uJkEyflAFEKMpkKqdLWoQHEfGiapl6KlgBZ_xRI58A=) has send a requested to sell twp_ash12_mag_10rnd x1 at the trader "Attachments (Oliver [#STR_EXPANSION_MARKET_TRADER_ATTACHMENTS])" in market zone "OUTLIVE Trader" (pos=<4291.589844, 25.247801, 4162.500000>).
22:32:21 [Market] Player "StaryKojot" (id=_uJkEyflAFEKMpkKqdLWoQHEfGiapl6KlgBZ_xRI58A=) has sold twp_ash12_mag_10rnd x1 at the trader "Attachments (Oliver [#STR_EXPANSION_MARKET_TRADER_ATTACHMENTS])" in market zone "OUTLIVE Trader" (pos=<4291.589844, 25.247801, 4162.500000>) and got 207.
22:32:22 [Market] Player "StaryKojot" (id=_uJkEyflAFEKMpkKqdLWoQHEfGiapl6KlgBZ_xRI58A=) has send a requested to sell twp_dragunov_mag_8rnd x1 at the trader "Attachments (Oliver [#STR_EXPANSION_MARKET_TRADER_ATTACHMENTS])" in market zone "OUTLIVE Trader" (pos=<4291.589844, 25.247801, 4162.500000>).
22:32:22 [Market] Player "StaryKojot" (id=_uJkEyflAFEKMpkKqdLWoQHEfGiapl6KlgBZ_xRI58A=) has sold twp_dragunov_mag_8rnd x1 at the trader "Attachments (Oliver [#STR_EXPANSION_MARKET_TRADER_ATTACHMENTS])" in market zone "OUTLIVE Trader" (pos=<4291.589844, 25.247801, 4162.500000>) and got 95.
22:32:28 [Market] Player "StaryKojot" (id=_uJkEyflAFEKMpkKqdLWoQHEfGiapl6KlgBZ_xRI58A=) has send a requested to sell twp_famasspecialops_mag_40rnd x1 at the trader "Attachments (Oliver [#STR_EXPANSION_MARKET_TRADER_ATTACHMENTS])" in market zone "OUTLIVE Trader" (pos=<4291.589844, 25.247801, 4162.500000>).
22:32:28 [Market] Player "StaryKojot" (id=_uJkEyflAFEKMpkKqdLWoQHEfGiapl6KlgBZ_xRI58A=) has sold twp_famasspecialops_mag_40rnd x1 at the trader "Attachments (Oliver [#STR_EXPANSION_MARKET_TRADER_ATTACHMENTS])" in market zone "OUTLIVE Trader" (pos=<4291.589844, 25.247801, 4162.500000>) and got 458.
22:32:36 [Market] Player "StaryKojot" (id=_uJkEyflAFEKMpkKqdLWoQHEfGiapl6KlgBZ_xRI58A=) has send a requested to sell twp_scarh_mag_30rnd x1 at the trader "Attachments (Oliver [#STR_EXPANSION_MARKET_TRADER_ATTACHMENTS])" in market zone "OUTLIVE Trader" (pos=<4291.589844, 25.247801, 4162.500000>).
22:32:36 [Market] Player "StaryKojot" (id=_uJkEyflAFEKMpkKqdLWoQHEfGiapl6KlgBZ_xRI58A=) has sold twp_scarh_mag_30rnd x1 at the trader "Attachments (Oliver [#STR_EXPANSION_MARKET_TRADER_ATTACHMENTS])" in market zone "OUTLIVE Trader" (pos=<4291.589844, 25.247801, 4162.500000>) and got 299.
22:32:53 [Market] Player "StaryKojot" (id=_uJkEyflAFEKMpkKqdLWoQHEfGiapl6KlgBZ_xRI58A=) has send a requested to sell twp_t5000_mag_10rnd x1 at the trader "Attachments (Oliver [#STR_EXPANSION_MARKET_TRADER_ATTACHMENTS])" in market zone "OUTLIVE Trader" (pos=<4291.589844, 25.247801, 4162.500000>).
22:32:53 [Market] Player "StaryKojot" (id=_uJkEyflAFEKMpkKqdLWoQHEfGiapl6KlgBZ_xRI58A=) has sold twp_t5000_mag_10rnd x1 at the trader "Attachments (Oliver [#STR_EXPANSION_MARKET_TRADER_ATTACHMENTS])" in market zone "OUTLIVE Trader" (pos=<4291.589844, 25.247801, 4162.500000>) and got 138.
22:34:45 [Safezone] Player "MADness" (id=OWXX6Y-5LFd-7A6ELi2o-QPO0kjmZUMZvMTKL0AQ_q0= pos=<4207.476563, 11.664907, 4154.964844>) Entered the safezone
22:34:45 [Expansion Quests] - SetupClientData - Got cached player quest data for player with UID: OWXX6Y-5LFd-7A6ELi2o-QPO0kjmZUMZvMTKL0AQ_q0=
22:34:45 [Expansion Quests] - PlayerQuestsInit - Create new quest instance for quest: 23 - Creator UID: OWXX6Y-5LFd-7A6ELi2o-QPO0kjmZUMZvMTKL0AQ_q0=
22:36:18 [VehicleCarKey] Player "P@lko2265" (id=iyN6JbNqEvHMp_A5zeXvCmCy1_EaihIFwZocZ4y6-LM= pos=<4434.306152, 1.220332, 4187.310059>) used the  ExpansionCarKey to unlock a ExpansionUtilityBoat
22:36:20 [Safezone] Player "P@lko2265" (id=iyN6JbNqEvHMp_A5zeXvCmCy1_EaihIFwZocZ4y6-LM= pos=<4434.386230, 0.681565, 4187.026367>) Left the safezone
22:38:59 [Market] Player "MADness" (id=OWXX6Y-5LFd-7A6ELi2o-QPO0kjmZUMZvMTKL0AQ_q0=) has send a requested to purchase m4_suppressor x1 from the trader "Attachments (Oliver [#STR_EXPANSION_MARKET_TRADER_ATTACHMENTS])" in market zone "OUTLIVE Trader" (pos=<4291.589844, 25.247801, 4162.500000>).
22:39:00 [Market] Player "MADness" (id=OWXX6Y-5LFd-7A6ELi2o-QPO0kjmZUMZvMTKL0AQ_q0=) has bought m4_suppressor x1 from the trader "Attachments (Oliver [#STR_EXPANSION_MARKET_TRADER_ATTACHMENTS])" in market zone "OUTLIVE Trader" (pos=<4291.589844, 25.247801, 4162.500000>) for a price of 2000.
22:39:58 [Market] Player "StaryKojot" (id=_uJkEyflAFEKMpkKqdLWoQHEfGiapl6KlgBZ_xRI58A=) has send a requested to sell paper x1 at the trader "BuildingSupplies (Boris [#STR_EXPANSION_MARKET_TRADER_BUILDING_SUPPLIES])" in market zone "OUTLIVE Trader" (pos=<4291.589844, 25.247801, 4162.500000>).
22:39:58 [Market] Player "StaryKojot" (id=_uJkEyflAFEKMpkKqdLWoQHEfGiapl6KlgBZ_xRI58A=) has sold paper x1 at the trader "BuildingSupplies (Boris [#STR_EXPANSION_MARKET_TRADER_BUILDING_SUPPLIES])" in market zone "OUTLIVE Trader" (pos=<4291.589844, 25.247801, 4162.500000>) and got 4.
22:39:59 [Market] Player "StaryKojot" (id=_uJkEyflAFEKMpkKqdLWoQHEfGiapl6KlgBZ_xRI58A=) has send a requested to sell paper x1 at the trader "BuildingSupplies (Boris [#STR_EXPANSION_MARKET_TRADER_BUILDING_SUPPLIES])" in market zone "OUTLIVE Trader" (pos=<4291.589844, 25.247801, 4162.500000>).
22:39:59 [Market] Player "StaryKojot" (id=_uJkEyflAFEKMpkKqdLWoQHEfGiapl6KlgBZ_xRI58A=) has sold paper x1 at the trader "BuildingSupplies (Boris [#STR_EXPANSION_MARKET_TRADER_BUILDING_SUPPLIES])" in market zone "OUTLIVE Trader" (pos=<4291.589844, 25.247801, 4162.500000>) and got 4.
22:40:23 [Market] Player "StaryKojot" (id=_uJkEyflAFEKMpkKqdLWoQHEfGiapl6KlgBZ_xRI58A=) has send a requested to sell combatknife x1 at the trader "Weapons (Denis [#STR_EXPANSION_MARKET_TRADER_WEAPONS])" in market zone "OUTLIVE Trader" (pos=<4291.589844, 25.247801, 4162.500000>).
22:40:23 [Market] Player "StaryKojot" (id=_uJkEyflAFEKMpkKqdLWoQHEfGiapl6KlgBZ_xRI58A=) has sold combatknife x1 at the trader "Weapons (Denis [#STR_EXPANSION_MARKET_TRADER_WEAPONS])" in market zone "OUTLIVE Trader" (pos=<4291.589844, 25.247801, 4162.500000>) and got 50.
22:40:24 [Market] Player "StaryKojot" (id=_uJkEyflAFEKMpkKqdLWoQHEfGiapl6KlgBZ_xRI58A=) has send a requested to sell combatknife x1 at the trader "Weapons (Denis [#STR_EXPANSION_MARKET_TRADER_WEAPONS])" in market zone "OUTLIVE Trader" (pos=<4291.589844, 25.247801, 4162.500000>).
22:40:24 [Market] Player "StaryKojot" (id=_uJkEyflAFEKMpkKqdLWoQHEfGiapl6KlgBZ_xRI58A=) has sold combatknife x1 at the trader "Weapons (Denis [#STR_EXPANSION_MARKET_TRADER_WEAPONS])" in market zone "OUTLIVE Trader" (pos=<4291.589844, 25.247801, 4162.500000>) and got 50.
22:40:24 [Market] Player "StaryKojot" (id=_uJkEyflAFEKMpkKqdLWoQHEfGiapl6KlgBZ_xRI58A=) has send a requested to sell combatknife x1 at the trader "Weapons (Denis [#STR_EXPANSION_MARKET_TRADER_WEAPONS])" in market zone "OUTLIVE Trader" (pos=<4291.589844, 25.247801, 4162.500000>).
22:40:24 [Expansion Quests] - SetupClientData - Created new persistent player quest data for player UID: smdMoTGXQqhCEw5kGhfNOS03cLzvF2BSAak4pEznnnc=
22:40:24 [Market] Player "StaryKojot" (id=_uJkEyflAFEKMpkKqdLWoQHEfGiapl6KlgBZ_xRI58A=) has sold combatknife x1 at the trader "Weapons (Denis [#STR_EXPANSION_MARKET_TRADER_WEAPONS])" in market zone "OUTLIVE Trader" (pos=<4291.589844, 25.247801, 4162.500000>) and got 50.
22:40:26 [Market] Player "StaryKojot" (id=_uJkEyflAFEKMpkKqdLWoQHEfGiapl6KlgBZ_xRI58A=) has send a requested to sell kitchenknife x1 at the trader "Weapons (Denis [#STR_EXPANSION_MARKET_TRADER_WEAPONS])" in market zone "OUTLIVE Trader" (pos=<4291.589844, 25.247801, 4162.500000>).
22:40:26 [Market] Player "StaryKojot" (id=_uJkEyflAFEKMpkKqdLWoQHEfGiapl6KlgBZ_xRI58A=) has sold kitchenknife x1 at the trader "Weapons (Denis [#STR_EXPANSION_MARKET_TRADER_WEAPONS])" in market zone "OUTLIVE Trader" (pos=<4291.589844, 25.247801, 4162.500000>) and got 30.
22:41:26 [Market] Player "StaryKojot" (id=_uJkEyflAFEKMpkKqdLWoQHEfGiapl6KlgBZ_xRI58A=) has send a requested to sell mmg_bottle_tan x1 at the trader "Clothing (Linda [#STR_EXPANSION_MARKET_TRADER_CLOTHING])" in market zone "OUTLIVE Trader" (pos=<4291.589844, 25.247801, 4162.500000>).
22:41:26 [Market] Player "StaryKojot" (id=_uJkEyflAFEKMpkKqdLWoQHEfGiapl6KlgBZ_xRI58A=) has sold mmg_bottle_tan x1 at the trader "Clothing (Linda [#STR_EXPANSION_MARKET_TRADER_CLOTHING])" in market zone "OUTLIVE Trader" (pos=<4291.589844, 25.247801, 4162.500000>) and got 62.
22:42:33 [Chat - Global]("MADness"(id=OWXX6Y-5LFd-7A6ELi2o-QPO0kjmZUMZvMTKL0AQ_q0=)): Mme tu spoustu novinek
22:42:39 [Chat - Global]("MADness"(id=OWXX6Y-5LFd-7A6ELi2o-QPO0kjmZUMZvMTKL0AQ_q0=)): Koukni na KrautInsel
22:43:01 [ATM Locker] Player "StaryKojot" (id=_uJkEyflAFEKMpkKqdLWoQHEfGiapl6KlgBZ_xRI58A=) has deposited 4286 on his ATM account.
22:43:07 [Safezone] Player "MADness" (id=OWXX6Y-5LFd-7A6ELi2o-QPO0kjmZUMZvMTKL0AQ_q0= pos=<7167.969238, 70.936333, 8119.450195>) Left the safezone
22:43:17 [VehicleCarKey] Player "P@lko2265" (id=iyN6JbNqEvHMp_A5zeXvCmCy1_EaihIFwZocZ4y6-LM= pos=<9081.559570, 1.084012, 4667.512207>) used the  ExpansionCarKey to lock a ExpansionUtilityBoat
22:44:27 [Chat - Global]("P@lko2265"(id=iyN6JbNqEvHMp_A5zeXvCmCy1_EaihIFwZocZ4y6-LM=)): na co??kde
22:44:41 [Chat - Global]("MADness"(id=OWXX6Y-5LFd-7A6ELi2o-QPO0kjmZUMZvMTKL0AQ_q0=)): Ten ostrov mezi Herren Insel a Frauen Insel 
22:44:50 [Chat - Global]("MADness"(id=OWXX6Y-5LFd-7A6ELi2o-QPO0kjmZUMZvMTKL0AQ_q0=)): je tam mal vesnika a militarka nov
22:44:58 [Chat - Global]("MADness"(id=OWXX6Y-5LFd-7A6ELi2o-QPO0kjmZUMZvMTKL0AQ_q0=)): Mme tu i vezeni a letiste
22:45:08 [Chat - Global]("MADness"(id=OWXX6Y-5LFd-7A6ELi2o-QPO0kjmZUMZvMTKL0AQ_q0=)): a NPC, kter dvaj koly za odmny
22:47:20 [Chat - Global]("P@lko2265"(id=iyN6JbNqEvHMp_A5zeXvCmCy1_EaihIFwZocZ4y6-LM=)): na map se mi nic neobjevilo...ta tam nen oznaen..co?,
22:50:13 [Safezone] Player "MADness" (id=OWXX6Y-5LFd-7A6ELi2o-QPO0kjmZUMZvMTKL0AQ_q0= pos=<4299.283203, 6.284789, 4174.709961>) Entered the safezone
22:54:33 [VehicleCarKey] Player "StaryKojot" (id=_uJkEyflAFEKMpkKqdLWoQHEfGiapl6KlgBZ_xRI58A= pos=<4263.624512, 11.416625, 4194.109863>) used the  ExpansionCarKey to unlock a Truck_01_Covered
22:54:35 [VehicleCarKey] Player "StaryKojot" (id=_uJkEyflAFEKMpkKqdLWoQHEfGiapl6KlgBZ_xRI58A= pos=<4263.624512, 11.416549, 4194.109863>) used the  ExpansionCarKey to lock a Truck_01_Covered
22:56:37 [VehicleCarKey] Player "P@lko2265" (id=iyN6JbNqEvHMp_A5zeXvCmCy1_EaihIFwZocZ4y6-LM= pos=<9079.636719, 3.597317, 4669.003418>) used the  ExpansionCarKey to unlock a ExpansionUtilityBoat
22:58:12 [VehicleCarKey] Player "P@lko2265" (id=iyN6JbNqEvHMp_A5zeXvCmCy1_EaihIFwZocZ4y6-LM= pos=<9079.636719, 3.597317, 4669.003418>) used the  ExpansionCarKey to lock a ExpansionUtilityBoat
23:04:18 [Safezone] Player "StaryKojot" (id=_uJkEyflAFEKMpkKqdLWoQHEfGiapl6KlgBZ_xRI58A= pos=<4268.713379, 13.753574, 4209.044922>) Entered the safezone
23:04:18 [Expansion Quests] - SetupClientData - Got cached player quest data for player with UID: _uJkEyflAFEKMpkKqdLWoQHEfGiapl6KlgBZ_xRI58A=
23:04:18 [Expansion Quests] - PlayerQuestsInit - Create new quest instance for quest: 20 - Creator UID: _uJkEyflAFEKMpkKqdLWoQHEfGiapl6KlgBZ_xRI58A=
23:04:41 [VehicleCarKey] Player "StaryKojot" (id=_uJkEyflAFEKMpkKqdLWoQHEfGiapl6KlgBZ_xRI58A= pos=<4267.610352, 11.238275, 4199.315430>) used the  ExpansionCarKey to unlock a Truck_01_Covered
23:05:35 [Safezone] Player "StaryKojot" (id=_uJkEyflAFEKMpkKqdLWoQHEfGiapl6KlgBZ_xRI58A= pos=<4428.243164, 5.610904, 3962.027832>) Left the safezone
23:05:46 [VehicleCarKey] Player "P@lko2265" (id=iyN6JbNqEvHMp_A5zeXvCmCy1_EaihIFwZocZ4y6-LM= pos=<9079.493164, 3.597457, 4669.197266>) used the  ExpansionCarKey to unlock a ExpansionUtilityBoat
23:07:01 [VehicleCarKey] Player "P@lko2265" (id=iyN6JbNqEvHMp_A5zeXvCmCy1_EaihIFwZocZ4y6-LM= pos=<9079.657227, 3.598267, 4668.733887>) used the  ExpansionCarKey to lock a ExpansionUtilityBoat
23:13:19 [VehicleCarKey] Player "P@lko2265" (id=iyN6JbNqEvHMp_A5zeXvCmCy1_EaihIFwZocZ4y6-LM= pos=<9079.515625, 3.597460, 4669.157715>) used the  ExpansionCarKey to unlock a ExpansionUtilityBoat
23:18:02 [MissionAirdrop] An airdrop is heading towards "Krautinsel" (pos=<8192.009766, 0.000000, 4341.879883> type=Random_KrautInsel) with a ExpansionAirdropContainer_Basebuilding
23:21:51 [VehicleCarKey] Player "P@lko2265" (id=iyN6JbNqEvHMp_A5zeXvCmCy1_EaihIFwZocZ4y6-LM= pos=<4428.945801, 1.415250, 4192.395996>) used the  ExpansionCarKey to lock a ExpansionUtilityBoat
23:21:58 [Safezone] Player "P@lko2265" (id=iyN6JbNqEvHMp_A5zeXvCmCy1_EaihIFwZocZ4y6-LM= pos=<4418.246582, 1.415247, 4189.310059>) Entered the safezone
23:23:09 [Market] Player "P@lko2265" (id=iyN6JbNqEvHMp_A5zeXvCmCy1_EaihIFwZocZ4y6-LM=) has send a requested to sell twp_m1carbine x1 at the trader "Weapons (Denis [#STR_EXPANSION_MARKET_TRADER_WEAPONS])" in market zone "OUTLIVE Trader" (pos=<4291.589844, 25.247801, 4162.500000>).
23:23:09 [Market] Player "P@lko2265" (id=iyN6JbNqEvHMp_A5zeXvCmCy1_EaihIFwZocZ4y6-LM=) has sold twp_m1carbine x1 at the trader "Weapons (Denis [#STR_EXPANSION_MARKET_TRADER_WEAPONS])" in market zone "OUTLIVE Trader" (pos=<4291.589844, 25.247801, 4162.500000>) and got 700.
23:23:29 [Market] Player "P@lko2265" (id=iyN6JbNqEvHMp_A5zeXvCmCy1_EaihIFwZocZ4y6-LM=) has send a requested to sell twp_ace23 x1 at the trader "Weapons (Denis [#STR_EXPANSION_MARKET_TRADER_WEAPONS])" in market zone "OUTLIVE Trader" (pos=<4291.589844, 25.247801, 4162.500000>).
23:23:29 [Market] Player "P@lko2265" (id=iyN6JbNqEvHMp_A5zeXvCmCy1_EaihIFwZocZ4y6-LM=) has sold twp_ace23 x1 at the trader "Weapons (Denis [#STR_EXPANSION_MARKET_TRADER_WEAPONS])" in market zone "OUTLIVE Trader" (pos=<4291.589844, 25.247801, 4162.500000>) and got 1800.
23:23:34 [Market] Player "P@lko2265" (id=iyN6JbNqEvHMp_A5zeXvCmCy1_EaihIFwZocZ4y6-LM=) has send a requested to sell twp_califasnomad x1 at the trader "Weapons (Denis [#STR_EXPANSION_MARKET_TRADER_WEAPONS])" in market zone "OUTLIVE Trader" (pos=<4291.589844, 25.247801, 4162.500000>).
23:23:34 [Market] Player "P@lko2265" (id=iyN6JbNqEvHMp_A5zeXvCmCy1_EaihIFwZocZ4y6-LM=) has sold twp_califasnomad x1 at the trader "Weapons (Denis [#STR_EXPANSION_MARKET_TRADER_WEAPONS])" in market zone "OUTLIVE Trader" (pos=<4291.589844, 25.247801, 4162.500000>) and got 1600.
23:23:39 [Market] Player "P@lko2265" (id=iyN6JbNqEvHMp_A5zeXvCmCy1_EaihIFwZocZ4y6-LM=) has send a requested to sell twp_hkcarabine x1 at the trader "Weapons (Denis [#STR_EXPANSION_MARKET_TRADER_WEAPONS])" in market zone "OUTLIVE Trader" (pos=<4291.589844, 25.247801, 4162.500000>).
23:23:39 [Market] Player "P@lko2265" (id=iyN6JbNqEvHMp_A5zeXvCmCy1_EaihIFwZocZ4y6-LM=) has sold twp_hkcarabine x1 at the trader "Weapons (Denis [#STR_EXPANSION_MARKET_TRADER_WEAPONS])" in market zone "OUTLIVE Trader" (pos=<4291.589844, 25.247801, 4162.500000>) and got 1600.
23:23:40 [Market] Player "P@lko2265" (id=iyN6JbNqEvHMp_A5zeXvCmCy1_EaihIFwZocZ4y6-LM=) has send a requested to sell twp_hkcarabine x1 at the trader "Weapons (Denis [#STR_EXPANSION_MARKET_TRADER_WEAPONS])" in market zone "OUTLIVE Trader" (pos=<4291.589844, 25.247801, 4162.500000>).
23:23:40 [Market] Player "P@lko2265" (id=iyN6JbNqEvHMp_A5zeXvCmCy1_EaihIFwZocZ4y6-LM=) has sold twp_hkcarabine x1 at the trader "Weapons (Denis [#STR_EXPANSION_MARKET_TRADER_WEAPONS])" in market zone "OUTLIVE Trader" (pos=<4291.589844, 25.247801, 4162.500000>) and got 1600.
23:23:55 [Market] Player "P@lko2265" (id=iyN6JbNqEvHMp_A5zeXvCmCy1_EaihIFwZocZ4y6-LM=) has send a requested to sell twp_scarh x1 at the trader "Weapons (Denis [#STR_EXPANSION_MARKET_TRADER_WEAPONS])" in market zone "OUTLIVE Trader" (pos=<4291.589844, 25.247801, 4162.500000>).
23:23:55 [Market] Player "P@lko2265" (id=iyN6JbNqEvHMp_A5zeXvCmCy1_EaihIFwZocZ4y6-LM=) has sold twp_scarh x1 at the trader "Weapons (Denis [#STR_EXPANSION_MARKET_TRADER_WEAPONS])" in market zone "OUTLIVE Trader" (pos=<4291.589844, 25.247801, 4162.500000>) and got 2500.
23:24:29 [Market] Player "P@lko2265" (id=iyN6JbNqEvHMp_A5zeXvCmCy1_EaihIFwZocZ4y6-LM=) has send a requested to sell mvs_combat_vest_black x1 at the trader "Clothing (Linda [#STR_EXPANSION_MARKET_TRADER_CLOTHING])" in market zone "OUTLIVE Trader" (pos=<4291.589844, 25.247801, 4162.500000>).
23:24:29 [Market] Player "P@lko2265" (id=iyN6JbNqEvHMp_A5zeXvCmCy1_EaihIFwZocZ4y6-LM=) has sold mvs_combat_vest_black x1 at the trader "Clothing (Linda [#STR_EXPANSION_MARKET_TRADER_CLOTHING])" in market zone "OUTLIVE Trader" (pos=<4291.589844, 25.247801, 4162.500000>) and got 1800.
23:26:03 [Market] Player "P@lko2265" (id=iyN6JbNqEvHMp_A5zeXvCmCy1_EaihIFwZocZ4y6-LM=) has send a requested to sell mmg_mk_v_armor_atacs x1 at the trader "Clothing (Linda [#STR_EXPANSION_MARKET_TRADER_CLOTHING])" in market zone "OUTLIVE Trader" (pos=<4291.589844, 25.247801, 4162.500000>).
23:26:04 [Market] Player "P@lko2265" (id=iyN6JbNqEvHMp_A5zeXvCmCy1_EaihIFwZocZ4y6-LM=) has sold mmg_mk_v_armor_atacs x1 at the trader "Clothing (Linda [#STR_EXPANSION_MARKET_TRADER_CLOTHING])" in market zone "OUTLIVE Trader" (pos=<4291.589844, 25.247801, 4162.500000>) and got 2750.
23:26:49 [VehicleCarKey] Player "P@lko2265" (id=iyN6JbNqEvHMp_A5zeXvCmCy1_EaihIFwZocZ4y6-LM= pos=<4429.295410, 1.415145, 4192.820313>) used the  ExpansionCarKey to unlock a ExpansionUtilityBoat
23:26:57 [Safezone] Player "P@lko2265" (id=iyN6JbNqEvHMp_A5zeXvCmCy1_EaihIFwZocZ4y6-LM= pos=<4429.295410, 1.415249, 4192.820313>) Left the safezone
23:27:25 [Safezone] Player "P@lko2265" (id=iyN6JbNqEvHMp_A5zeXvCmCy1_EaihIFwZocZ4y6-LM= pos=<4417.949219, 1.415249, 4189.045898>) Entered the safezone
23:28:13 [Market] Player "P@lko2265" (id=iyN6JbNqEvHMp_A5zeXvCmCy1_EaihIFwZocZ4y6-LM=) has send a requested to sell twp_walthermpk x1 at the trader "Weapons (Denis [#STR_EXPANSION_MARKET_TRADER_WEAPONS])" in market zone "OUTLIVE Trader" (pos=<4291.589844, 25.247801, 4162.500000>).
23:28:13 [Market] Player "P@lko2265" (id=iyN6JbNqEvHMp_A5zeXvCmCy1_EaihIFwZocZ4y6-LM=) has sold twp_walthermpk x1 at the trader "Weapons (Denis [#STR_EXPANSION_MARKET_TRADER_WEAPONS])" in market zone "OUTLIVE Trader" (pos=<4291.589844, 25.247801, 4162.500000>) and got 800.
23:28:28 [Market] Player "P@lko2265" (id=iyN6JbNqEvHMp_A5zeXvCmCy1_EaihIFwZocZ4y6-LM=) has send a requested to sell twp_marlin x1 at the trader "Weapons (Denis [#STR_EXPANSION_MARKET_TRADER_WEAPONS])" in market zone "OUTLIVE Trader" (pos=<4291.589844, 25.247801, 4162.500000>).
23:28:28 [Market] Player "P@lko2265" (id=iyN6JbNqEvHMp_A5zeXvCmCy1_EaihIFwZocZ4y6-LM=) has sold twp_marlin x1 at the trader "Weapons (Denis [#STR_EXPANSION_MARKET_TRADER_WEAPONS])" in market zone "OUTLIVE Trader" (pos=<4291.589844, 25.247801, 4162.500000>) and got 1500.
23:28:43 [Market] Player "P@lko2265" (id=iyN6JbNqEvHMp_A5zeXvCmCy1_EaihIFwZocZ4y6-LM=) has send a requested to sell twp_ak103 x1 at the trader "Weapons (Denis [#STR_EXPANSION_MARKET_TRADER_WEAPONS])" in market zone "OUTLIVE Trader" (pos=<4291.589844, 25.247801, 4162.500000>).
23:28:43 [Market] Player "P@lko2265" (id=iyN6JbNqEvHMp_A5zeXvCmCy1_EaihIFwZocZ4y6-LM=) has sold twp_ak103 x1 at the trader "Weapons (Denis [#STR_EXPANSION_MARKET_TRADER_WEAPONS])" in market zone "OUTLIVE Trader" (pos=<4291.589844, 25.247801, 4162.500000>) and got 1200.
23:28:46 [Market] Player "P@lko2265" (id=iyN6JbNqEvHMp_A5zeXvCmCy1_EaihIFwZocZ4y6-LM=) has send a requested to sell twp_ak9 x1 at the trader "Weapons (Denis [#STR_EXPANSION_MARKET_TRADER_WEAPONS])" in market zone "OUTLIVE Trader" (pos=<4291.589844, 25.247801, 4162.500000>).
23:28:46 [Market] Player "P@lko2265" (id=iyN6JbNqEvHMp_A5zeXvCmCy1_EaihIFwZocZ4y6-LM=) has sold twp_ak9 x1 at the trader "Weapons (Denis [#STR_EXPANSION_MARKET_TRADER_WEAPONS])" in market zone "OUTLIVE Trader" (pos=<4291.589844, 25.247801, 4162.500000>) and got 400.
23:28:50 [Market] Player "P@lko2265" (id=iyN6JbNqEvHMp_A5zeXvCmCy1_EaihIFwZocZ4y6-LM=) has send a requested to sell twp_fnf2000 x1 at the trader "Weapons (Denis [#STR_EXPANSION_MARKET_TRADER_WEAPONS])" in market zone "OUTLIVE Trader" (pos=<4291.589844, 25.247801, 4162.500000>).
23:28:50 [Market] Player "P@lko2265" (id=iyN6JbNqEvHMp_A5zeXvCmCy1_EaihIFwZocZ4y6-LM=) has sold twp_fnf2000 x1 at the trader "Weapons (Denis [#STR_EXPANSION_MARKET_TRADER_WEAPONS])" in market zone "OUTLIVE Trader" (pos=<4291.589844, 25.247801, 4162.500000>) and got 1600.
23:28:56 [Market] Player "P@lko2265" (id=iyN6JbNqEvHMp_A5zeXvCmCy1_EaihIFwZocZ4y6-LM=) has send a requested to sell twp_hk416 x1 at the trader "Weapons (Denis [#STR_EXPANSION_MARKET_TRADER_WEAPONS])" in market zone "OUTLIVE Trader" (pos=<4291.589844, 25.247801, 4162.500000>).
23:28:56 [Market] Player "P@lko2265" (id=iyN6JbNqEvHMp_A5zeXvCmCy1_EaihIFwZocZ4y6-LM=) has sold twp_hk416 x1 at the trader "Weapons (Denis [#STR_EXPANSION_MARKET_TRADER_WEAPONS])" in market zone "OUTLIVE Trader" (pos=<4291.589844, 25.247801, 4162.500000>) and got 2300.
23:29:00 [Market] Player "P@lko2265" (id=iyN6JbNqEvHMp_A5zeXvCmCy1_EaihIFwZocZ4y6-LM=) has send a requested to sell twp_m16a4 x1 at the trader "Weapons (Denis [#STR_EXPANSION_MARKET_TRADER_WEAPONS])" in market zone "OUTLIVE Trader" (pos=<4291.589844, 25.247801, 4162.500000>).
23:29:01 [Market] Player "P@lko2265" (id=iyN6JbNqEvHMp_A5zeXvCmCy1_EaihIFwZocZ4y6-LM=) has sold twp_m16a4 x1 at the trader "Weapons (Denis [#STR_EXPANSION_MARKET_TRADER_WEAPONS])" in market zone "OUTLIVE Trader" (pos=<4291.589844, 25.247801, 4162.500000>) and got 2450.
23:29:33 [Market] Player "P@lko2265" (id=iyN6JbNqEvHMp_A5zeXvCmCy1_EaihIFwZocZ4y6-LM=) has send a requested to sell mp5k x1 at the trader "Weapons (Denis [#STR_EXPANSION_MARKET_TRADER_WEAPONS])" in market zone "OUTLIVE Trader" (pos=<4291.589844, 25.247801, 4162.500000>).
23:29:33 [Market] Player "P@lko2265" (id=iyN6JbNqEvHMp_A5zeXvCmCy1_EaihIFwZocZ4y6-LM=) has sold mp5k x1 at the trader "Weapons (Denis [#STR_EXPANSION_MARKET_TRADER_WEAPONS])" in market zone "OUTLIVE Trader" (pos=<4291.589844, 25.247801, 4162.500000>) and got 380.
23:30:16 [Market] Player "P@lko2265" (id=iyN6JbNqEvHMp_A5zeXvCmCy1_EaihIFwZocZ4y6-LM=) has send a requested to sell twp_stg44 x1 at the trader "Weapons (Denis [#STR_EXPANSION_MARKET_TRADER_WEAPONS])" in market zone "OUTLIVE Trader" (pos=<4291.589844, 25.247801, 4162.500000>).
23:30:16 [Market] Player "P@lko2265" (id=iyN6JbNqEvHMp_A5zeXvCmCy1_EaihIFwZocZ4y6-LM=) has sold twp_stg44 x1 at the trader "Weapons (Denis [#STR_EXPANSION_MARKET_TRADER_WEAPONS])" in market zone "OUTLIVE Trader" (pos=<4291.589844, 25.247801, 4162.500000>) and got 700.
23:31:06 [Safezone] Player "P@lko2265" (id=iyN6JbNqEvHMp_A5zeXvCmCy1_EaihIFwZocZ4y6-LM= pos=<4429.343750, 1.415079, 4192.518066>) Left the safezone
23:32:08 [VehicleCarKey] Player "P@lko2265" (id=iyN6JbNqEvHMp_A5zeXvCmCy1_EaihIFwZocZ4y6-LM= pos=<4429.612305, 1.415203, 4192.969238>) used the  ExpansionCarKey to lock a ExpansionUtilityBoat
23:32:14 [Safezone] Player "P@lko2265" (id=iyN6JbNqEvHMp_A5zeXvCmCy1_EaihIFwZocZ4y6-LM= pos=<4418.369629, 1.415235, 4189.558594>) Entered the safezone
23:33:21 [Market] Player "P@lko2265" (id=iyN6JbNqEvHMp_A5zeXvCmCy1_EaihIFwZocZ4y6-LM=) has send a requested to sell twp_sg550 x1 at the trader "Weapons (Denis [#STR_EXPANSION_MARKET_TRADER_WEAPONS])" in market zone "OUTLIVE Trader" (pos=<4291.589844, 25.247801, 4162.500000>).
23:33:21 [Market] Player "P@lko2265" (id=iyN6JbNqEvHMp_A5zeXvCmCy1_EaihIFwZocZ4y6-LM=) has sold twp_sg550 x1 at the trader "Weapons (Denis [#STR_EXPANSION_MARKET_TRADER_WEAPONS])" in market zone "OUTLIVE Trader" (pos=<4291.589844, 25.247801, 4162.500000>) and got 1700.
23:33:23 [Market] Player "P@lko2265" (id=iyN6JbNqEvHMp_A5zeXvCmCy1_EaihIFwZocZ4y6-LM=) has send a requested to sell twp_otsgrosa x1 at the trader "Weapons (Denis [#STR_EXPANSION_MARKET_TRADER_WEAPONS])" in market zone "OUTLIVE Trader" (pos=<4291.589844, 25.247801, 4162.500000>).
23:33:24 [Market] Player "P@lko2265" (id=iyN6JbNqEvHMp_A5zeXvCmCy1_EaihIFwZocZ4y6-LM=) has sold twp_otsgrosa x1 at the trader "Weapons (Denis [#STR_EXPANSION_MARKET_TRADER_WEAPONS])" in market zone "OUTLIVE Trader" (pos=<4291.589844, 25.247801, 4162.500000>) and got 2100.
23:34:01 [Market] Player "P@lko2265" (id=iyN6JbNqEvHMp_A5zeXvCmCy1_EaihIFwZocZ4y6-LM=) has send a requested to sell twp_pp19bison x1 at the trader "Weapons (Denis [#STR_EXPANSION_MARKET_TRADER_WEAPONS])" in market zone "OUTLIVE Trader" (pos=<4291.589844, 25.247801, 4162.500000>).
23:34:01 [Market] Player "P@lko2265" (id=iyN6JbNqEvHMp_A5zeXvCmCy1_EaihIFwZocZ4y6-LM=) has sold twp_pp19bison x1 at the trader "Weapons (Denis [#STR_EXPANSION_MARKET_TRADER_WEAPONS])" in market zone "OUTLIVE Trader" (pos=<4291.589844, 25.247801, 4162.500000>) and got 460.
23:35:40 [Market] Player "P@lko2265" (id=iyN6JbNqEvHMp_A5zeXvCmCy1_EaihIFwZocZ4y6-LM=) has send a requested to sell twp_ak47boar x1 at the trader "Weapons (Denis [#STR_EXPANSION_MARKET_TRADER_WEAPONS])" in market zone "OUTLIVE Trader" (pos=<4291.589844, 25.247801, 4162.500000>).
23:35:40 [Market] Player "P@lko2265" (id=iyN6JbNqEvHMp_A5zeXvCmCy1_EaihIFwZocZ4y6-LM=) has sold twp_ak47boar x1 at the trader "Weapons (Denis [#STR_EXPANSION_MARKET_TRADER_WEAPONS])" in market zone "OUTLIVE Trader" (pos=<4291.589844, 25.247801, 4162.500000>) and got 1800.
23:36:38 [Market] Player "P@lko2265" (id=iyN6JbNqEvHMp_A5zeXvCmCy1_EaihIFwZocZ4y6-LM=) has send a requested to sell twp_steyrauga3_black x1 at the trader "Weapons (Denis [#STR_EXPANSION_MARKET_TRADER_WEAPONS])" in market zone "OUTLIVE Trader" (pos=<4291.589844, 25.247801, 4162.500000>).
23:36:38 [Market] Player "P@lko2265" (id=iyN6JbNqEvHMp_A5zeXvCmCy1_EaihIFwZocZ4y6-LM=) has sold twp_steyrauga3_black x1 at the trader "Weapons (Denis [#STR_EXPANSION_MARKET_TRADER_WEAPONS])" in market zone "OUTLIVE Trader" (pos=<4291.589844, 25.247801, 4162.500000>) and got 2500.
23:38:03 [Market] Player "P@lko2265" (id=iyN6JbNqEvHMp_A5zeXvCmCy1_EaihIFwZocZ4y6-LM=) has send a requested to sell twp_winchesterrifle x1 at the trader "Weapons (Denis [#STR_EXPANSION_MARKET_TRADER_WEAPONS])" in market zone "OUTLIVE Trader" (pos=<4291.589844, 25.247801, 4162.500000>).
23:38:03 [Market] Player "P@lko2265" (id=iyN6JbNqEvHMp_A5zeXvCmCy1_EaihIFwZocZ4y6-LM=) has sold twp_winchesterrifle x1 at the trader "Weapons (Denis [#STR_EXPANSION_MARKET_TRADER_WEAPONS])" in market zone "OUTLIVE Trader" (pos=<4291.589844, 25.247801, 4162.500000>) and got 650.
23:42:25 [Market] Player "P@lko2265" (id=iyN6JbNqEvHMp_A5zeXvCmCy1_EaihIFwZocZ4y6-LM=) has send a requested to sell mmg_striker_helmet_erdl x1 at the trader "Clothing (Linda [#STR_EXPANSION_MARKET_TRADER_CLOTHING])" in market zone "OUTLIVE Trader" (pos=<4291.589844, 25.247801, 4162.500000>).
23:42:25 [Market] Player "P@lko2265" (id=iyN6JbNqEvHMp_A5zeXvCmCy1_EaihIFwZocZ4y6-LM=) has sold mmg_striker_helmet_erdl x1 at the trader "Clothing (Linda [#STR_EXPANSION_MARKET_TRADER_CLOTHING])" in market zone "OUTLIVE Trader" (pos=<4291.589844, 25.247801, 4162.500000>) and got 750.
23:44:24 [ATM Locker] Player "P@lko2265" (id=iyN6JbNqEvHMp_A5zeXvCmCy1_EaihIFwZocZ4y6-LM=) has deposited 35640 on his ATM account.
23:45:00 [VehicleCarKey] Player "StaryKojot" (id=_uJkEyflAFEKMpkKqdLWoQHEfGiapl6KlgBZ_xRI58A= pos=<4464.995605, 4.463010, 3159.220215>) used the  ExpansionCarKey to lock a Truck_01_Covered
