00:18:01 [MissionAirdrop] An airdrop is heading towards "Weitmoos" (pos=<6222.000000, 0.000000, 9723.000000> type=Random_Weitmoos) with a ExpansionAirdropContainer_Military
00:18:01 [MissionAirdrop] An airdrop is heading towards "Herrnchiemsee" (pos=<7218.000000, 0.000000, 3495.000000> type=Random_Herrnchiemsee) with a ExpansionAirdropContainer_Military
00:28:04 [Killfeed] Kody commited suicide with Combat Knife.
00:29:42 [Killfeed] Kody commited suicide with Combat Knife.
00:31:48 [Safezone] Player "cumtam" (id=ejSkxByu56JQJCjaqLBSPNXICtUOhtzWA8N8KOJ3ik0= pos=<4418.636230, 0.529932, 4189.962402>) Entered the safezone
00:32:17 [Killfeed] Kody commited suicide with Combat Knife.
00:32:19 [Safezone] Player "MADness" (id=OWXX6Y-5LFd-7A6ELi2o-QPO0kjmZUMZvMTKL0AQ_q0= pos=<4418.749512, 1.002562, 4188.809082>) Entered the safezone
00:32:57 [Market] Player "MADness" (id=OWXX6Y-5LFd-7A6ELi2o-QPO0kjmZUMZvMTKL0AQ_q0=) has send a requested to sell mag_mkii_10rnd x1 at the trader "Attachments (Oliver [ATTACHMENTS TRADER])" in market zone "OUTLIVE Trader" (pos=<4291.589844, 25.247801, 4162.500000>).
00:32:57 [Market] Player "MADness" (id=OWXX6Y-5LFd-7A6ELi2o-QPO0kjmZUMZvMTKL0AQ_q0=) has sold mag_mkii_10rnd x1 at the trader "Attachments (Oliver [ATTACHMENTS TRADER])" in market zone "OUTLIVE Trader" (pos=<4291.589844, 25.247801, 4162.500000>) and got 37.
00:33:03 [Market] Player "MADness" (id=OWXX6Y-5LFd-7A6ELi2o-QPO0kjmZUMZvMTKL0AQ_q0=) has send a requested to sell twp_ak12tan_mag_30rnd x1 at the trader "Attachments (Oliver [ATTACHMENTS TRADER])" in market zone "OUTLIVE Trader" (pos=<4291.589844, 25.247801, 4162.500000>).
00:33:03 [Market] Player "MADness" (id=OWXX6Y-5LFd-7A6ELi2o-QPO0kjmZUMZvMTKL0AQ_q0=) has sold twp_ak12tan_mag_30rnd x1 at the trader "Attachments (Oliver [ATTACHMENTS TRADER])" in market zone "OUTLIVE Trader" (pos=<4291.589844, 25.247801, 4162.500000>) and got 216.
00:33:08 [Market] Player "MADness" (id=OWXX6Y-5LFd-7A6ELi2o-QPO0kjmZUMZvMTKL0AQ_q0=) has send a requested to sell twp_an94_mag_30rnd x1 at the trader "Attachments (Oliver [ATTACHMENTS TRADER])" in market zone "OUTLIVE Trader" (pos=<4291.589844, 25.247801, 4162.500000>).
00:33:08 [Market] Player "MADness" (id=OWXX6Y-5LFd-7A6ELi2o-QPO0kjmZUMZvMTKL0AQ_q0=) has sold twp_an94_mag_30rnd x1 at the trader "Attachments (Oliver [ATTACHMENTS TRADER])" in market zone "OUTLIVE Trader" (pos=<4291.589844, 25.247801, 4162.500000>) and got 246.
00:33:09 [Market] Player "MADness" (id=OWXX6Y-5LFd-7A6ELi2o-QPO0kjmZUMZvMTKL0AQ_q0=) has send a requested to sell twp_an94_mag_30rnd x1 at the trader "Attachments (Oliver [ATTACHMENTS TRADER])" in market zone "OUTLIVE Trader" (pos=<4291.589844, 25.247801, 4162.500000>).
00:33:09 [Market] Player "MADness" (id=OWXX6Y-5LFd-7A6ELi2o-QPO0kjmZUMZvMTKL0AQ_q0=) has sold twp_an94_mag_30rnd x1 at the trader "Attachments (Oliver [ATTACHMENTS TRADER])" in market zone "OUTLIVE Trader" (pos=<4291.589844, 25.247801, 4162.500000>) and got 216.
00:33:11 [Market] Player "MADness" (id=OWXX6Y-5LFd-7A6ELi2o-QPO0kjmZUMZvMTKL0AQ_q0=) has send a requested to sell twp_asr_mag_40rnd x1 at the trader "Attachments (Oliver [ATTACHMENTS TRADER])" in market zone "OUTLIVE Trader" (pos=<4291.589844, 25.247801, 4162.500000>).
00:33:11 [Market] Player "MADness" (id=OWXX6Y-5LFd-7A6ELi2o-QPO0kjmZUMZvMTKL0AQ_q0=) has sold twp_asr_mag_40rnd x1 at the trader "Attachments (Oliver [ATTACHMENTS TRADER])" in market zone "OUTLIVE Trader" (pos=<4291.589844, 25.247801, 4162.500000>) and got 368.
00:33:12 [Market] Player "MADness" (id=OWXX6Y-5LFd-7A6ELi2o-QPO0kjmZUMZvMTKL0AQ_q0=) has send a requested to sell twp_asr_mag_40rnd x1 at the trader "Attachments (Oliver [ATTACHMENTS TRADER])" in market zone "OUTLIVE Trader" (pos=<4291.589844, 25.247801, 4162.500000>).
00:33:12 [Market] Player "MADness" (id=OWXX6Y-5LFd-7A6ELi2o-QPO0kjmZUMZvMTKL0AQ_q0=) has sold twp_asr_mag_40rnd x1 at the trader "Attachments (Oliver [ATTACHMENTS TRADER])" in market zone "OUTLIVE Trader" (pos=<4291.589844, 25.247801, 4162.500000>) and got 390.
00:33:13 [Market] Player "MADness" (id=OWXX6Y-5LFd-7A6ELi2o-QPO0kjmZUMZvMTKL0AQ_q0=) has send a requested to sell twp_browning1928_mag_20rnd x1 at the trader "Attachments (Oliver [ATTACHMENTS TRADER])" in market zone "OUTLIVE Trader" (pos=<4291.589844, 25.247801, 4162.500000>).
00:33:14 [Market] Player "MADness" (id=OWXX6Y-5LFd-7A6ELi2o-QPO0kjmZUMZvMTKL0AQ_q0=) has sold twp_browning1928_mag_20rnd x1 at the trader "Attachments (Oliver [ATTACHMENTS TRADER])" in market zone "OUTLIVE Trader" (pos=<4291.589844, 25.247801, 4162.500000>) and got 157.
00:33:15 [Market] Player "MADness" (id=OWXX6Y-5LFd-7A6ELi2o-QPO0kjmZUMZvMTKL0AQ_q0=) has send a requested to sell twp_czscorpion_mag_30rnd x1 at the trader "Attachments (Oliver [ATTACHMENTS TRADER])" in market zone "OUTLIVE Trader" (pos=<4291.589844, 25.247801, 4162.500000>).
00:33:15 [Market] Player "MADness" (id=OWXX6Y-5LFd-7A6ELi2o-QPO0kjmZUMZvMTKL0AQ_q0=) has sold twp_czscorpion_mag_30rnd x1 at the trader "Attachments (Oliver [ATTACHMENTS TRADER])" in market zone "OUTLIVE Trader" (pos=<4291.589844, 25.247801, 4162.500000>) and got 200.
00:33:18 [Market] Player "MADness" (id=OWXX6Y-5LFd-7A6ELi2o-QPO0kjmZUMZvMTKL0AQ_q0=) has send a requested to sell twp_famas_mag_35rnd x1 at the trader "Attachments (Oliver [ATTACHMENTS TRADER])" in market zone "OUTLIVE Trader" (pos=<4291.589844, 25.247801, 4162.500000>).
00:33:18 [Market] Player "MADness" (id=OWXX6Y-5LFd-7A6ELi2o-QPO0kjmZUMZvMTKL0AQ_q0=) has sold twp_famas_mag_35rnd x1 at the trader "Attachments (Oliver [ATTACHMENTS TRADER])" in market zone "OUTLIVE Trader" (pos=<4291.589844, 25.247801, 4162.500000>) and got 315.
00:33:22 [Market] Player "MADness" (id=OWXX6Y-5LFd-7A6ELi2o-QPO0kjmZUMZvMTKL0AQ_q0=) has send a requested to sell twp_komrad12_mag_10rnd x1 at the trader "Attachments (Oliver [ATTACHMENTS TRADER])" in market zone "OUTLIVE Trader" (pos=<4291.589844, 25.247801, 4162.500000>).
00:33:22 [Market] Player "MADness" (id=OWXX6Y-5LFd-7A6ELi2o-QPO0kjmZUMZvMTKL0AQ_q0=) has sold twp_komrad12_mag_10rnd x1 at the trader "Attachments (Oliver [ATTACHMENTS TRADER])" in market zone "OUTLIVE Trader" (pos=<4291.589844, 25.247801, 4162.500000>) and got 80.
00:33:23 [Market] Player "MADness" (id=OWXX6Y-5LFd-7A6ELi2o-QPO0kjmZUMZvMTKL0AQ_q0=) has send a requested to sell twp_komrad12_mag_10rnd x1 at the trader "Attachments (Oliver [ATTACHMENTS TRADER])" in market zone "OUTLIVE Trader" (pos=<4291.589844, 25.247801, 4162.500000>).
00:33:23 [Market] Player "MADness" (id=OWXX6Y-5LFd-7A6ELi2o-QPO0kjmZUMZvMTKL0AQ_q0=) has sold twp_komrad12_mag_10rnd x1 at the trader "Attachments (Oliver [ATTACHMENTS TRADER])" in market zone "OUTLIVE Trader" (pos=<4291.589844, 25.247801, 4162.500000>) and got 88.
00:33:24 [Market] Player "MADness" (id=OWXX6Y-5LFd-7A6ELi2o-QPO0kjmZUMZvMTKL0AQ_q0=) has send a requested to sell twp_pindadss2_mag_30rnd x1 at the trader "Attachments (Oliver [ATTACHMENTS TRADER])" in market zone "OUTLIVE Trader" (pos=<4291.589844, 25.247801, 4162.500000>).
00:33:25 [Market] Player "MADness" (id=OWXX6Y-5LFd-7A6ELi2o-QPO0kjmZUMZvMTKL0AQ_q0=) has sold twp_pindadss2_mag_30rnd x1 at the trader "Attachments (Oliver [ATTACHMENTS TRADER])" in market zone "OUTLIVE Trader" (pos=<4291.589844, 25.247801, 4162.500000>) and got 285.
00:33:27 [Market] Player "MADness" (id=OWXX6Y-5LFd-7A6ELi2o-QPO0kjmZUMZvMTKL0AQ_q0=) has send a requested to sell twp_rk62_mag_30rnd x1 at the trader "Attachments (Oliver [ATTACHMENTS TRADER])" in market zone "OUTLIVE Trader" (pos=<4291.589844, 25.247801, 4162.500000>).
00:33:27 [Market] Player "MADness" (id=OWXX6Y-5LFd-7A6ELi2o-QPO0kjmZUMZvMTKL0AQ_q0=) has sold twp_rk62_mag_30rnd x1 at the trader "Attachments (Oliver [ATTACHMENTS TRADER])" in market zone "OUTLIVE Trader" (pos=<4291.589844, 25.247801, 4162.500000>) and got 180.
00:33:49 [Safezone] Player "cumtam" (id=ejSkxByu56JQJCjaqLBSPNXICtUOhtzWA8N8KOJ3ik0= pos=<4245.187988, 10.461726, 4142.004883>) Entered the safezone
00:34:22 [Market] Player "MADness" (id=OWXX6Y-5LFd-7A6ELi2o-QPO0kjmZUMZvMTKL0AQ_q0=) has send a requested to sell twp_sr47 x1 at the trader "Weapons (Denis [WEAPONS TRADER])" in market zone "OUTLIVE Trader" (pos=<4291.589844, 25.247801, 4162.500000>).
00:34:23 [Market] Player "MADness" (id=OWXX6Y-5LFd-7A6ELi2o-QPO0kjmZUMZvMTKL0AQ_q0=) has sold twp_sr47 x1 at the trader "Weapons (Denis [WEAPONS TRADER])" in market zone "OUTLIVE Trader" (pos=<4291.589844, 25.247801, 4162.500000>) and got 2100.
00:34:25 [Market] Player "MADness" (id=OWXX6Y-5LFd-7A6ELi2o-QPO0kjmZUMZvMTKL0AQ_q0=) has send a requested to sell twp_thompson x1 at the trader "Weapons (Denis [WEAPONS TRADER])" in market zone "OUTLIVE Trader" (pos=<4291.589844, 25.247801, 4162.500000>).
00:34:25 [Market] Player "MADness" (id=OWXX6Y-5LFd-7A6ELi2o-QPO0kjmZUMZvMTKL0AQ_q0=) has sold twp_thompson x1 at the trader "Weapons (Denis [WEAPONS TRADER])" in market zone "OUTLIVE Trader" (pos=<4291.589844, 25.247801, 4162.500000>) and got 800.
00:36:12 [Market] Player "MADness" (id=OWXX6Y-5LFd-7A6ELi2o-QPO0kjmZUMZvMTKL0AQ_q0=) has send a requested to sell twp_ar70 x1 at the trader "Weapons (Denis [WEAPONS TRADER])" in market zone "OUTLIVE Trader" (pos=<4291.589844, 25.247801, 4162.500000>).
00:36:12 [Market] Player "MADness" (id=OWXX6Y-5LFd-7A6ELi2o-QPO0kjmZUMZvMTKL0AQ_q0=) has sold twp_ar70 x1 at the trader "Weapons (Denis [WEAPONS TRADER])" in market zone "OUTLIVE Trader" (pos=<4291.589844, 25.247801, 4162.500000>) and got 1100.
00:36:14 [Market] Player "MADness" (id=OWXX6Y-5LFd-7A6ELi2o-QPO0kjmZUMZvMTKL0AQ_q0=) has send a requested to sell twp_fnf2000 x1 at the trader "Weapons (Denis [WEAPONS TRADER])" in market zone "OUTLIVE Trader" (pos=<4291.589844, 25.247801, 4162.500000>).
00:36:14 [Market] Player "MADness" (id=OWXX6Y-5LFd-7A6ELi2o-QPO0kjmZUMZvMTKL0AQ_q0=) has sold twp_fnf2000 x1 at the trader "Weapons (Denis [WEAPONS TRADER])" in market zone "OUTLIVE Trader" (pos=<4291.589844, 25.247801, 4162.500000>) and got 1600.
00:37:06 [VehicleCarKey] Player "MADness" (id=OWXX6Y-5LFd-7A6ELi2o-QPO0kjmZUMZvMTKL0AQ_q0= pos=<4414.754395, 0.995060, 4188.795410>) used the  ExpansionCarKey to lock a ExpansionUtilityBoat
00:37:32 [Market] Player "MADness" (id=OWXX6Y-5LFd-7A6ELi2o-QPO0kjmZUMZvMTKL0AQ_q0=) has send a requested to sell huntingoptic x1 at the trader "Attachments (Oliver [ATTACHMENTS TRADER])" in market zone "OUTLIVE Trader" (pos=<4291.589844, 25.247801, 4162.500000>).
00:37:32 [Market] Player "MADness" (id=OWXX6Y-5LFd-7A6ELi2o-QPO0kjmZUMZvMTKL0AQ_q0=) has sold huntingoptic x1 at the trader "Attachments (Oliver [ATTACHMENTS TRADER])" in market zone "OUTLIVE Trader" (pos=<4291.589844, 25.247801, 4162.500000>) and got 220.
00:37:39 [Market] Player "MADness" (id=OWXX6Y-5LFd-7A6ELi2o-QPO0kjmZUMZvMTKL0AQ_q0=) has send a requested to sell twp_ammobox_40sw_30rnd x1 at the trader "Attachments (Oliver [ATTACHMENTS TRADER])" in market zone "OUTLIVE Trader" (pos=<4291.589844, 25.247801, 4162.500000>).
00:37:39 [Market] Player "MADness" (id=OWXX6Y-5LFd-7A6ELi2o-QPO0kjmZUMZvMTKL0AQ_q0=) has sold twp_ammobox_40sw_30rnd x1 at the trader "Attachments (Oliver [ATTACHMENTS TRADER])" in market zone "OUTLIVE Trader" (pos=<4291.589844, 25.247801, 4162.500000>) and got 65.
00:40:24 [Market] Player "MADness" (id=OWXX6Y-5LFd-7A6ELi2o-QPO0kjmZUMZvMTKL0AQ_q0=) has send a requested to purchase twp_ammo_300winmag x200 from the trader "Attachments (Oliver [ATTACHMENTS TRADER])" in market zone "OUTLIVE Trader" (pos=<4291.589844, 25.247801, 4162.500000>).
00:40:24 [Market] Player "MADness" (id=OWXX6Y-5LFd-7A6ELi2o-QPO0kjmZUMZvMTKL0AQ_q0=) has bought twp_ammo_300winmag x200 from the trader "Attachments (Oliver [ATTACHMENTS TRADER])" in market zone "OUTLIVE Trader" (pos=<4291.589844, 25.247801, 4162.500000>) for a price of 6000.
01:38:05 [MissionAirdrop] An airdrop is heading towards "Schlachtfeld" (pos=<3059.000000, 0.000000, 1707.000000> type=Random_Schlachtfeld) with a ExpansionAirdropContainer_Basebuilding
01:38:05 [MissionAirdrop] An airdrop is heading towards "Bachham" (pos=<1137.000000, 0.000000, 2551.000000> type=Random_Bachham) with a ExpansionAirdropContainer_Basebuilding
02:59:37 [MissionAirdrop] An airdrop is heading towards "Krater" (pos=<7262.000000, 0.000000, 9618.000000> type=Random_Krater) with a ExpansionAirdropContainer_Military
02:59:37 [MissionAirdrop] An airdrop is heading towards "Atomkraftwerk" (pos=<3099.000000, 0.000000, 8394.000000> type=Random_Atomkraftwerk) with a ExpansionAirdropContainer_Military
03:39:26 [Safezone] Player "Maltrix CZE" (id=l3HvTWnXl8COrcbWA0dEsar-QbcB4NyANSOekVJXAcY= pos=<4191.476074, 14.344594, 4244.729980>) Entered the safezone
03:51:27 [Market] Player "Maltrix CZE" (id=l3HvTWnXl8COrcbWA0dEsar-QbcB4NyANSOekVJXAcY=) has send a requested to sell mvs_comtacs_tan x1 at the trader "Clothing (Linda [CLOTHING TRADER])" in market zone "OUTLIVE Trader" (pos=<4291.589844, 25.247801, 4162.500000>).
03:51:27 [Market] Player "Maltrix CZE" (id=l3HvTWnXl8COrcbWA0dEsar-QbcB4NyANSOekVJXAcY=) has sold mvs_comtacs_tan x1 at the trader "Clothing (Linda [CLOTHING TRADER])" in market zone "OUTLIVE Trader" (pos=<4291.589844, 25.247801, 4162.500000>) and got 225.
03:51:32 [Market] Player "Maltrix CZE" (id=l3HvTWnXl8COrcbWA0dEsar-QbcB4NyANSOekVJXAcY=) has send a requested to sell mvs_altyn_tan x1 at the trader "Clothing (Linda [CLOTHING TRADER])" in market zone "OUTLIVE Trader" (pos=<4291.589844, 25.247801, 4162.500000>).
03:51:32 [Market] Player "Maltrix CZE" (id=l3HvTWnXl8COrcbWA0dEsar-QbcB4NyANSOekVJXAcY=) has sold mvs_altyn_tan x1 at the trader "Clothing (Linda [CLOTHING TRADER])" in market zone "OUTLIVE Trader" (pos=<4291.589844, 25.247801, 4162.500000>) and got 1500.
03:51:34 [Market] Player "Maltrix CZE" (id=l3HvTWnXl8COrcbWA0dEsar-QbcB4NyANSOekVJXAcY=) has send a requested to sell mvs_armoredhelmet_multicam x1 at the trader "Clothing (Linda [CLOTHING TRADER])" in market zone "OUTLIVE Trader" (pos=<4291.589844, 25.247801, 4162.500000>).
03:51:34 [Market] Player "Maltrix CZE" (id=l3HvTWnXl8COrcbWA0dEsar-QbcB4NyANSOekVJXAcY=) has sold mvs_armoredhelmet_multicam x1 at the trader "Clothing (Linda [CLOTHING TRADER])" in market zone "OUTLIVE Trader" (pos=<4291.589844, 25.247801, 4162.500000>) and got 600.
03:51:35 [Market] Player "Maltrix CZE" (id=l3HvTWnXl8COrcbWA0dEsar-QbcB4NyANSOekVJXAcY=) has send a requested to sell mvs_opscore_black x1 at the trader "Clothing (Linda [CLOTHING TRADER])" in market zone "OUTLIVE Trader" (pos=<4291.589844, 25.247801, 4162.500000>).
03:51:35 [Market] Player "Maltrix CZE" (id=l3HvTWnXl8COrcbWA0dEsar-QbcB4NyANSOekVJXAcY=) has sold mvs_opscore_black x1 at the trader "Clothing (Linda [CLOTHING TRADER])" in market zone "OUTLIVE Trader" (pos=<4291.589844, 25.247801, 4162.500000>) and got 300.
03:51:48 [Market] Player "Maltrix CZE" (id=l3HvTWnXl8COrcbWA0dEsar-QbcB4NyANSOekVJXAcY=) has send a requested to sell mvs_6b47_helmet_black x1 at the trader "Clothing (Linda [CLOTHING TRADER])" in market zone "OUTLIVE Trader" (pos=<4291.589844, 25.247801, 4162.500000>).
03:51:48 [Market] Player "Maltrix CZE" (id=l3HvTWnXl8COrcbWA0dEsar-QbcB4NyANSOekVJXAcY=) has sold mvs_6b47_helmet_black x1 at the trader "Clothing (Linda [CLOTHING TRADER])" in market zone "OUTLIVE Trader" (pos=<4291.589844, 25.247801, 4162.500000>) and got 900.
03:52:26 [Market] Player "Maltrix CZE" (id=l3HvTWnXl8COrcbWA0dEsar-QbcB4NyANSOekVJXAcY=) has send a requested to sell mvs_combat_vest_heavy_od x1 at the trader "Clothing (Linda [CLOTHING TRADER])" in market zone "OUTLIVE Trader" (pos=<4291.589844, 25.247801, 4162.500000>).
03:52:26 [Market] Player "Maltrix CZE" (id=l3HvTWnXl8COrcbWA0dEsar-QbcB4NyANSOekVJXAcY=) has sold mvs_combat_vest_heavy_od x1 at the trader "Clothing (Linda [CLOTHING TRADER])" in market zone "OUTLIVE Trader" (pos=<4291.589844, 25.247801, 4162.500000>) and got 3500.
03:52:29 [Market] Player "Maltrix CZE" (id=l3HvTWnXl8COrcbWA0dEsar-QbcB4NyANSOekVJXAcY=) has send a requested to sell mvs_combat_vest_heavy_snow x1 at the trader "Clothing (Linda [CLOTHING TRADER])" in market zone "OUTLIVE Trader" (pos=<4291.589844, 25.247801, 4162.500000>).
03:52:29 [Market] Player "Maltrix CZE" (id=l3HvTWnXl8COrcbWA0dEsar-QbcB4NyANSOekVJXAcY=) has sold mvs_combat_vest_heavy_snow x1 at the trader "Clothing (Linda [CLOTHING TRADER])" in market zone "OUTLIVE Trader" (pos=<4291.589844, 25.247801, 4162.500000>) and got 3500.
03:52:31 [Market] Player "Maltrix CZE" (id=l3HvTWnXl8COrcbWA0dEsar-QbcB4NyANSOekVJXAcY=) has send a requested to sell mvs_combat_vest_heavy_tan x1 at the trader "Clothing (Linda [CLOTHING TRADER])" in market zone "OUTLIVE Trader" (pos=<4291.589844, 25.247801, 4162.500000>).
03:52:31 [Market] Player "Maltrix CZE" (id=l3HvTWnXl8COrcbWA0dEsar-QbcB4NyANSOekVJXAcY=) has sold mvs_combat_vest_heavy_tan x1 at the trader "Clothing (Linda [CLOTHING TRADER])" in market zone "OUTLIVE Trader" (pos=<4291.589844, 25.247801, 4162.500000>) and got 3500.
03:52:33 [Market] Player "Maltrix CZE" (id=l3HvTWnXl8COrcbWA0dEsar-QbcB4NyANSOekVJXAcY=) has send a requested to sell mvs_combat_vest_heavy_tan x1 at the trader "Clothing (Linda [CLOTHING TRADER])" in market zone "OUTLIVE Trader" (pos=<4291.589844, 25.247801, 4162.500000>).
03:52:33 [Market] Player "Maltrix CZE" (id=l3HvTWnXl8COrcbWA0dEsar-QbcB4NyANSOekVJXAcY=) has sold mvs_combat_vest_heavy_tan x1 at the trader "Clothing (Linda [CLOTHING TRADER])" in market zone "OUTLIVE Trader" (pos=<4291.589844, 25.247801, 4162.500000>) and got 3500.
03:52:35 [Market] Player "Maltrix CZE" (id=l3HvTWnXl8COrcbWA0dEsar-QbcB4NyANSOekVJXAcY=) has send a requested to sell mvs_combat_vest_heavy_multicam_black x1 at the trader "Clothing (Linda [CLOTHING TRADER])" in market zone "OUTLIVE Trader" (pos=<4291.589844, 25.247801, 4162.500000>).
03:52:35 [Market] Player "Maltrix CZE" (id=l3HvTWnXl8COrcbWA0dEsar-QbcB4NyANSOekVJXAcY=) has sold mvs_combat_vest_heavy_multicam_black x1 at the trader "Clothing (Linda [CLOTHING TRADER])" in market zone "OUTLIVE Trader" (pos=<4291.589844, 25.247801, 4162.500000>) and got 3500.
03:54:45 [Market] Player "Maltrix CZE" (id=l3HvTWnXl8COrcbWA0dEsar-QbcB4NyANSOekVJXAcY=) has send a requested to sell bear_beige x1 at the trader "Clothing (Linda [CLOTHING TRADER])" in market zone "OUTLIVE Trader" (pos=<4291.589844, 25.247801, 4162.500000>).
03:54:45 [Market] Player "Maltrix CZE" (id=l3HvTWnXl8COrcbWA0dEsar-QbcB4NyANSOekVJXAcY=) has sold bear_beige x1 at the trader "Clothing (Linda [CLOTHING TRADER])" in market zone "OUTLIVE Trader" (pos=<4291.589844, 25.247801, 4162.500000>) and got 75.
03:54:53 [Market] Player "Maltrix CZE" (id=l3HvTWnXl8COrcbWA0dEsar-QbcB4NyANSOekVJXAcY=) has send a requested to sell mvs_magazine_pouch_tan x1 at the trader "Clothing (Linda [CLOTHING TRADER])" in market zone "OUTLIVE Trader" (pos=<4291.589844, 25.247801, 4162.500000>).
03:54:53 [Market] Player "Maltrix CZE" (id=l3HvTWnXl8COrcbWA0dEsar-QbcB4NyANSOekVJXAcY=) has sold mvs_magazine_pouch_tan x1 at the trader "Clothing (Linda [CLOTHING TRADER])" in market zone "OUTLIVE Trader" (pos=<4291.589844, 25.247801, 4162.500000>) and got 250.
03:54:59 [Market] Player "Maltrix CZE" (id=l3HvTWnXl8COrcbWA0dEsar-QbcB4NyANSOekVJXAcY=) has send a requested to sell mvs_combat_vest_multicam_black x1 at the trader "Clothing (Linda [CLOTHING TRADER])" in market zone "OUTLIVE Trader" (pos=<4291.589844, 25.247801, 4162.500000>).
03:54:59 [Market] Player "Maltrix CZE" (id=l3HvTWnXl8COrcbWA0dEsar-QbcB4NyANSOekVJXAcY=) has sold mvs_combat_vest_multicam_black x1 at the trader "Clothing (Linda [CLOTHING TRADER])" in market zone "OUTLIVE Trader" (pos=<4291.589844, 25.247801, 4162.500000>) and got 1800.
03:55:03 [Market] Player "Maltrix CZE" (id=l3HvTWnXl8COrcbWA0dEsar-QbcB4NyANSOekVJXAcY=) has send a requested to sell mvs_combat_vest_multicam_black x1 at the trader "Clothing (Linda [CLOTHING TRADER])" in market zone "OUTLIVE Trader" (pos=<4291.589844, 25.247801, 4162.500000>).
03:55:03 [Market] Player "Maltrix CZE" (id=l3HvTWnXl8COrcbWA0dEsar-QbcB4NyANSOekVJXAcY=) has sold mvs_combat_vest_multicam_black x1 at the trader "Clothing (Linda [CLOTHING TRADER])" in market zone "OUTLIVE Trader" (pos=<4291.589844, 25.247801, 4162.500000>) and got 1800.
03:55:55 [Market] Player "Maltrix CZE" (id=l3HvTWnXl8COrcbWA0dEsar-QbcB4NyANSOekVJXAcY=) has send a requested to purchase mvs_shirt_bdu_snow x1 from the trader "Clothing (Linda [CLOTHING TRADER])" in market zone "OUTLIVE Trader" (pos=<4291.589844, 25.247801, 4162.500000>).
03:55:55 [Market] Player "Maltrix CZE" (id=l3HvTWnXl8COrcbWA0dEsar-QbcB4NyANSOekVJXAcY=) has bought mvs_shirt_bdu_snow x1 from the trader "Clothing (Linda [CLOTHING TRADER])" in market zone "OUTLIVE Trader" (pos=<4291.589844, 25.247801, 4162.500000>) for a price of 2750.
03:56:10 [Market] Player "Maltrix CZE" (id=l3HvTWnXl8COrcbWA0dEsar-QbcB4NyANSOekVJXAcY=) has send a requested to purchase mvs_balaclava_snow x1 from the trader "Clothing (Linda [CLOTHING TRADER])" in market zone "OUTLIVE Trader" (pos=<4291.589844, 25.247801, 4162.500000>).
03:56:10 [Market] Player "Maltrix CZE" (id=l3HvTWnXl8COrcbWA0dEsar-QbcB4NyANSOekVJXAcY=) has bought mvs_balaclava_snow x1 from the trader "Clothing (Linda [CLOTHING TRADER])" in market zone "OUTLIVE Trader" (pos=<4291.589844, 25.247801, 4162.500000>) for a price of 2250.
03:56:25 [Market] Player "Maltrix CZE" (id=l3HvTWnXl8COrcbWA0dEsar-QbcB4NyANSOekVJXAcY=) has send a requested to purchase mvs_countryflag_czech x1 from the trader "Clothing (Linda [CLOTHING TRADER])" in market zone "OUTLIVE Trader" (pos=<4291.589844, 25.247801, 4162.500000>).
03:56:25 [Market] Player "Maltrix CZE" (id=l3HvTWnXl8COrcbWA0dEsar-QbcB4NyANSOekVJXAcY=) has bought mvs_countryflag_czech x1 from the trader "Clothing (Linda [CLOTHING TRADER])" in market zone "OUTLIVE Trader" (pos=<4291.589844, 25.247801, 4162.500000>) for a price of 700.
03:56:27 [Market] Player "Maltrix CZE" (id=l3HvTWnXl8COrcbWA0dEsar-QbcB4NyANSOekVJXAcY=) has send a requested to purchase mvs_countryflag_czech x1 from the trader "Clothing (Linda [CLOTHING TRADER])" in market zone "OUTLIVE Trader" (pos=<4291.589844, 25.247801, 4162.500000>).
03:56:27 [Market] Player "Maltrix CZE" (id=l3HvTWnXl8COrcbWA0dEsar-QbcB4NyANSOekVJXAcY=) has bought mvs_countryflag_czech x1 from the trader "Clothing (Linda [CLOTHING TRADER])" in market zone "OUTLIVE Trader" (pos=<4291.589844, 25.247801, 4162.500000>) for a price of 700.
03:57:45 [Market] Player "Maltrix CZE" (id=l3HvTWnXl8COrcbWA0dEsar-QbcB4NyANSOekVJXAcY=) has send a requested to purchase mvs_medical_pouch_snow x1 from the trader "Clothing (Linda [CLOTHING TRADER])" in market zone "OUTLIVE Trader" (pos=<4291.589844, 25.247801, 4162.500000>).
03:57:45 [Market] Player "Maltrix CZE" (id=l3HvTWnXl8COrcbWA0dEsar-QbcB4NyANSOekVJXAcY=) has bought mvs_medical_pouch_snow x1 from the trader "Clothing (Linda [CLOTHING TRADER])" in market zone "OUTLIVE Trader" (pos=<4291.589844, 25.247801, 4162.500000>) for a price of 3200.
03:58:09 [Market] Player "Maltrix CZE" (id=l3HvTWnXl8COrcbWA0dEsar-QbcB4NyANSOekVJXAcY=) has send a requested to purchase mvs_taco_pouch_snow x2 from the trader "Clothing (Linda [CLOTHING TRADER])" in market zone "OUTLIVE Trader" (pos=<4291.589844, 25.247801, 4162.500000>).
03:58:09 [Market] Player "Maltrix CZE" (id=l3HvTWnXl8COrcbWA0dEsar-QbcB4NyANSOekVJXAcY=) has bought mvs_taco_pouch_snow x2 from the trader "Clothing (Linda [CLOTHING TRADER])" in market zone "OUTLIVE Trader" (pos=<4291.589844, 25.247801, 4162.500000>) for a price of 5000.
03:58:20 [Market] Player "Maltrix CZE" (id=l3HvTWnXl8COrcbWA0dEsar-QbcB4NyANSOekVJXAcY=) has send a requested to purchase mvs_canteen_snow x1 from the trader "Clothing (Linda [CLOTHING TRADER])" in market zone "OUTLIVE Trader" (pos=<4291.589844, 25.247801, 4162.500000>).
03:58:20 [Market] Player "Maltrix CZE" (id=l3HvTWnXl8COrcbWA0dEsar-QbcB4NyANSOekVJXAcY=) has bought mvs_canteen_snow x1 from the trader "Clothing (Linda [CLOTHING TRADER])" in market zone "OUTLIVE Trader" (pos=<4291.589844, 25.247801, 4162.500000>) for a price of 3000.
03:58:28 [Market] Player "Maltrix CZE" (id=l3HvTWnXl8COrcbWA0dEsar-QbcB4NyANSOekVJXAcY=) has send a requested to purchase mvs_admin_pouch_snow x1 from the trader "Clothing (Linda [CLOTHING TRADER])" in market zone "OUTLIVE Trader" (pos=<4291.589844, 25.247801, 4162.500000>).
03:58:28 [Market] Player "Maltrix CZE" (id=l3HvTWnXl8COrcbWA0dEsar-QbcB4NyANSOekVJXAcY=) has bought mvs_admin_pouch_snow x1 from the trader "Clothing (Linda [CLOTHING TRADER])" in market zone "OUTLIVE Trader" (pos=<4291.589844, 25.247801, 4162.500000>) for a price of 2500.
04:00:44 [Market] Player "Maltrix CZE" (id=l3HvTWnXl8COrcbWA0dEsar-QbcB4NyANSOekVJXAcY=) has send a requested to sell mvs_shirt_bdu x1 at the trader "Clothing (Linda [CLOTHING TRADER])" in market zone "OUTLIVE Trader" (pos=<4291.589844, 25.247801, 4162.500000>).
04:00:44 [Market] Player "Maltrix CZE" (id=l3HvTWnXl8COrcbWA0dEsar-QbcB4NyANSOekVJXAcY=) has sold mvs_shirt_bdu x1 at the trader "Clothing (Linda [CLOTHING TRADER])" in market zone "OUTLIVE Trader" (pos=<4291.589844, 25.247801, 4162.500000>) and got 825.
04:01:49 [Market] Player "Maltrix CZE" (id=l3HvTWnXl8COrcbWA0dEsar-QbcB4NyANSOekVJXAcY=) has send a requested to sell mvs_molle_panel_snow x1 at the trader "Clothing (Linda [CLOTHING TRADER])" in market zone "OUTLIVE Trader" (pos=<4291.589844, 25.247801, 4162.500000>).
04:01:50 [Market] Player "Maltrix CZE" (id=l3HvTWnXl8COrcbWA0dEsar-QbcB4NyANSOekVJXAcY=) has sold mvs_molle_panel_snow x1 at the trader "Clothing (Linda [CLOTHING TRADER])" in market zone "OUTLIVE Trader" (pos=<4291.589844, 25.247801, 4162.500000>) and got 225.
04:02:07 [Market] Player "Maltrix CZE" (id=l3HvTWnXl8COrcbWA0dEsar-QbcB4NyANSOekVJXAcY=) has send a requested to purchase mvs_utility_pouch_snow x1 from the trader "Clothing (Linda [CLOTHING TRADER])" in market zone "OUTLIVE Trader" (pos=<4291.589844, 25.247801, 4162.500000>).
04:02:07 [Market] Player "Maltrix CZE" (id=l3HvTWnXl8COrcbWA0dEsar-QbcB4NyANSOekVJXAcY=) has bought mvs_utility_pouch_snow x1 from the trader "Clothing (Linda [CLOTHING TRADER])" in market zone "OUTLIVE Trader" (pos=<4291.589844, 25.247801, 4162.500000>) for a price of 2500.
04:03:57 [Market] Player "Maltrix CZE" (id=l3HvTWnXl8COrcbWA0dEsar-QbcB4NyANSOekVJXAcY=) has send a requested to sell ammo_380 x1 at the trader "Attachments (Oliver [ATTACHMENTS TRADER])" in market zone "OUTLIVE Trader" (pos=<4291.589844, 25.247801, 4162.500000>).
04:03:57 [Market] Player "Maltrix CZE" (id=l3HvTWnXl8COrcbWA0dEsar-QbcB4NyANSOekVJXAcY=) has sold ammo_380 x1 at the trader "Attachments (Oliver [ATTACHMENTS TRADER])" in market zone "OUTLIVE Trader" (pos=<4291.589844, 25.247801, 4162.500000>) and got 2.
04:03:57 [Market] Player "Maltrix CZE" (id=l3HvTWnXl8COrcbWA0dEsar-QbcB4NyANSOekVJXAcY=) has send a requested to sell ammo_380 x1 at the trader "Attachments (Oliver [ATTACHMENTS TRADER])" in market zone "OUTLIVE Trader" (pos=<4291.589844, 25.247801, 4162.500000>).
04:03:57 [Market] Player "Maltrix CZE" (id=l3HvTWnXl8COrcbWA0dEsar-QbcB4NyANSOekVJXAcY=) has sold ammo_380 x1 at the trader "Attachments (Oliver [ATTACHMENTS TRADER])" in market zone "OUTLIVE Trader" (pos=<4291.589844, 25.247801, 4162.500000>) and got 2.
04:03:58 [Market] Player "Maltrix CZE" (id=l3HvTWnXl8COrcbWA0dEsar-QbcB4NyANSOekVJXAcY=) has send a requested to sell ammo_380 x1 at the trader "Attachments (Oliver [ATTACHMENTS TRADER])" in market zone "OUTLIVE Trader" (pos=<4291.589844, 25.247801, 4162.500000>).
04:03:58 [Market] Player "Maltrix CZE" (id=l3HvTWnXl8COrcbWA0dEsar-QbcB4NyANSOekVJXAcY=) has sold ammo_380 x1 at the trader "Attachments (Oliver [ATTACHMENTS TRADER])" in market zone "OUTLIVE Trader" (pos=<4291.589844, 25.247801, 4162.500000>) and got 2.
04:03:58 [Market] Player "Maltrix CZE" (id=l3HvTWnXl8COrcbWA0dEsar-QbcB4NyANSOekVJXAcY=) has send a requested to sell ammo_380 x1 at the trader "Attachments (Oliver [ATTACHMENTS TRADER])" in market zone "OUTLIVE Trader" (pos=<4291.589844, 25.247801, 4162.500000>).
04:03:58 [Market] Player "Maltrix CZE" (id=l3HvTWnXl8COrcbWA0dEsar-QbcB4NyANSOekVJXAcY=) has sold ammo_380 x1 at the trader "Attachments (Oliver [ATTACHMENTS TRADER])" in market zone "OUTLIVE Trader" (pos=<4291.589844, 25.247801, 4162.500000>) and got 2.
04:03:58 [Market] Player "Maltrix CZE" (id=l3HvTWnXl8COrcbWA0dEsar-QbcB4NyANSOekVJXAcY=) has send a requested to sell ammo_380 x1 at the trader "Attachments (Oliver [ATTACHMENTS TRADER])" in market zone "OUTLIVE Trader" (pos=<4291.589844, 25.247801, 4162.500000>).
04:03:58 [Market] Player "Maltrix CZE" (id=l3HvTWnXl8COrcbWA0dEsar-QbcB4NyANSOekVJXAcY=) has sold ammo_380 x1 at the trader "Attachments (Oliver [ATTACHMENTS TRADER])" in market zone "OUTLIVE Trader" (pos=<4291.589844, 25.247801, 4162.500000>) and got 2.
04:03:58 [Market] Player "Maltrix CZE" (id=l3HvTWnXl8COrcbWA0dEsar-QbcB4NyANSOekVJXAcY=) has send a requested to sell ammo_380 x1 at the trader "Attachments (Oliver [ATTACHMENTS TRADER])" in market zone "OUTLIVE Trader" (pos=<4291.589844, 25.247801, 4162.500000>).
04:03:58 [Market] Player "Maltrix CZE" (id=l3HvTWnXl8COrcbWA0dEsar-QbcB4NyANSOekVJXAcY=) has sold ammo_380 x1 at the trader "Attachments (Oliver [ATTACHMENTS TRADER])" in market zone "OUTLIVE Trader" (pos=<4291.589844, 25.247801, 4162.500000>) and got 2.
04:03:58 [Market] Player "Maltrix CZE" (id=l3HvTWnXl8COrcbWA0dEsar-QbcB4NyANSOekVJXAcY=) has send a requested to sell ammo_380 x1 at the trader "Attachments (Oliver [ATTACHMENTS TRADER])" in market zone "OUTLIVE Trader" (pos=<4291.589844, 25.247801, 4162.500000>).
04:03:58 [Market] Player "Maltrix CZE" (id=l3HvTWnXl8COrcbWA0dEsar-QbcB4NyANSOekVJXAcY=) has sold ammo_380 x1 at the trader "Attachments (Oliver [ATTACHMENTS TRADER])" in market zone "OUTLIVE Trader" (pos=<4291.589844, 25.247801, 4162.500000>) and got 2.
04:03:59 [Market] Player "Maltrix CZE" (id=l3HvTWnXl8COrcbWA0dEsar-QbcB4NyANSOekVJXAcY=) has send a requested to sell ammo_380 x1 at the trader "Attachments (Oliver [ATTACHMENTS TRADER])" in market zone "OUTLIVE Trader" (pos=<4291.589844, 25.247801, 4162.500000>).
04:03:59 [Market] Player "Maltrix CZE" (id=l3HvTWnXl8COrcbWA0dEsar-QbcB4NyANSOekVJXAcY=) has sold ammo_380 x1 at the trader "Attachments (Oliver [ATTACHMENTS TRADER])" in market zone "OUTLIVE Trader" (pos=<4291.589844, 25.247801, 4162.500000>) and got 2.
04:04:12 [Market] Player "Maltrix CZE" (id=l3HvTWnXl8COrcbWA0dEsar-QbcB4NyANSOekVJXAcY=) has send a requested to sell reflexoptic x1 at the trader "Attachments (Oliver [ATTACHMENTS TRADER])" in market zone "OUTLIVE Trader" (pos=<4291.589844, 25.247801, 4162.500000>).
04:04:12 [Market] Player "Maltrix CZE" (id=l3HvTWnXl8COrcbWA0dEsar-QbcB4NyANSOekVJXAcY=) has sold reflexoptic x1 at the trader "Attachments (Oliver [ATTACHMENTS TRADER])" in market zone "OUTLIVE Trader" (pos=<4291.589844, 25.247801, 4162.500000>) and got 80.
04:04:15 [Market] Player "Maltrix CZE" (id=l3HvTWnXl8COrcbWA0dEsar-QbcB4NyANSOekVJXAcY=) has send a requested to sell expansionreflexmrsoptic x1 at the trader "Attachments (Oliver [ATTACHMENTS TRADER])" in market zone "OUTLIVE Trader" (pos=<4291.589844, 25.247801, 4162.500000>).
04:04:15 [Market] Player "Maltrix CZE" (id=l3HvTWnXl8COrcbWA0dEsar-QbcB4NyANSOekVJXAcY=) has sold expansionreflexmrsoptic x1 at the trader "Attachments (Oliver [ATTACHMENTS TRADER])" in market zone "OUTLIVE Trader" (pos=<4291.589844, 25.247801, 4162.500000>) and got 90.
04:04:19 [Market] Player "Maltrix CZE" (id=l3HvTWnXl8COrcbWA0dEsar-QbcB4NyANSOekVJXAcY=) has send a requested to sell m4_plastichndgrd x1 at the trader "Attachments (Oliver [ATTACHMENTS TRADER])" in market zone "OUTLIVE Trader" (pos=<4291.589844, 25.247801, 4162.500000>).
04:04:19 [Market] Player "Maltrix CZE" (id=l3HvTWnXl8COrcbWA0dEsar-QbcB4NyANSOekVJXAcY=) has sold m4_plastichndgrd x1 at the trader "Attachments (Oliver [ATTACHMENTS TRADER])" in market zone "OUTLIVE Trader" (pos=<4291.589844, 25.247801, 4162.500000>) and got 60.
04:04:44 [Market] Player "Maltrix CZE" (id=l3HvTWnXl8COrcbWA0dEsar-QbcB4NyANSOekVJXAcY=) has send a requested to sell twp_trijiconacog x1 at the trader "Attachments (Oliver [ATTACHMENTS TRADER])" in market zone "OUTLIVE Trader" (pos=<4291.589844, 25.247801, 4162.500000>).
04:04:44 [Market] Player "Maltrix CZE" (id=l3HvTWnXl8COrcbWA0dEsar-QbcB4NyANSOekVJXAcY=) has sold twp_trijiconacog x1 at the trader "Attachments (Oliver [ATTACHMENTS TRADER])" in market zone "OUTLIVE Trader" (pos=<4291.589844, 25.247801, 4162.500000>) and got 550.
04:04:51 [Market] Player "Maltrix CZE" (id=l3HvTWnXl8COrcbWA0dEsar-QbcB4NyANSOekVJXAcY=) has send a requested to sell twp_longrangeoptic_tan x1 at the trader "Attachments (Oliver [ATTACHMENTS TRADER])" in market zone "OUTLIVE Trader" (pos=<4291.589844, 25.247801, 4162.500000>).
04:04:51 [Market] Player "Maltrix CZE" (id=l3HvTWnXl8COrcbWA0dEsar-QbcB4NyANSOekVJXAcY=) has sold twp_longrangeoptic_tan x1 at the trader "Attachments (Oliver [ATTACHMENTS TRADER])" in market zone "OUTLIVE Trader" (pos=<4291.589844, 25.247801, 4162.500000>) and got 262.
04:04:52 [Market] Player "Maltrix CZE" (id=l3HvTWnXl8COrcbWA0dEsar-QbcB4NyANSOekVJXAcY=) has send a requested to sell twp_longrangeoptic_tan x1 at the trader "Attachments (Oliver [ATTACHMENTS TRADER])" in market zone "OUTLIVE Trader" (pos=<4291.589844, 25.247801, 4162.500000>).
04:04:52 [Market] Player "Maltrix CZE" (id=l3HvTWnXl8COrcbWA0dEsar-QbcB4NyANSOekVJXAcY=) has sold twp_longrangeoptic_tan x1 at the trader "Attachments (Oliver [ATTACHMENTS TRADER])" in market zone "OUTLIVE Trader" (pos=<4291.589844, 25.247801, 4162.500000>) and got 262.
04:05:27 [Market] Player "Maltrix CZE" (id=l3HvTWnXl8COrcbWA0dEsar-QbcB4NyANSOekVJXAcY=) has send a requested to sell huntingknife x1 at the trader "Weapons (Denis [WEAPONS TRADER])" in market zone "OUTLIVE Trader" (pos=<4291.589844, 25.247801, 4162.500000>).
04:05:28 [Market] Player "Maltrix CZE" (id=l3HvTWnXl8COrcbWA0dEsar-QbcB4NyANSOekVJXAcY=) has sold huntingknife x1 at the trader "Weapons (Denis [WEAPONS TRADER])" in market zone "OUTLIVE Trader" (pos=<4291.589844, 25.247801, 4162.500000>) and got 40.
04:05:34 [Market] Player "Maltrix CZE" (id=l3HvTWnXl8COrcbWA0dEsar-QbcB4NyANSOekVJXAcY=) has send a requested to sell glock19 x1 at the trader "Weapons (Denis [WEAPONS TRADER])" in market zone "OUTLIVE Trader" (pos=<4291.589844, 25.247801, 4162.500000>).
04:05:34 [Market] Player "Maltrix CZE" (id=l3HvTWnXl8COrcbWA0dEsar-QbcB4NyANSOekVJXAcY=) has sold glock19 x1 at the trader "Weapons (Denis [WEAPONS TRADER])" in market zone "OUTLIVE Trader" (pos=<4291.589844, 25.247801, 4162.500000>) and got 77.
04:05:44 [Market] Player "Maltrix CZE" (id=l3HvTWnXl8COrcbWA0dEsar-QbcB4NyANSOekVJXAcY=) has send a requested to sell expansion_awm x1 at the trader "Weapons (Denis [WEAPONS TRADER])" in market zone "OUTLIVE Trader" (pos=<4291.589844, 25.247801, 4162.500000>).
04:05:44 [Market] Player "Maltrix CZE" (id=l3HvTWnXl8COrcbWA0dEsar-QbcB4NyANSOekVJXAcY=) has sold expansion_awm x1 at the trader "Weapons (Denis [WEAPONS TRADER])" in market zone "OUTLIVE Trader" (pos=<4291.589844, 25.247801, 4162.500000>) and got 3800.
04:05:46 [Market] Player "Maltrix CZE" (id=l3HvTWnXl8COrcbWA0dEsar-QbcB4NyANSOekVJXAcY=) has send a requested to sell twp_kukri x1 at the trader "Weapons (Denis [WEAPONS TRADER])" in market zone "OUTLIVE Trader" (pos=<4291.589844, 25.247801, 4162.500000>).
04:05:46 [Market] Player "Maltrix CZE" (id=l3HvTWnXl8COrcbWA0dEsar-QbcB4NyANSOekVJXAcY=) has sold twp_kukri x1 at the trader "Weapons (Denis [WEAPONS TRADER])" in market zone "OUTLIVE Trader" (pos=<4291.589844, 25.247801, 4162.500000>) and got 130.
04:06:13 [Market] Player "Maltrix CZE" (id=l3HvTWnXl8COrcbWA0dEsar-QbcB4NyANSOekVJXAcY=) has send a requested to sell twp_scarh x1 at the trader "Weapons (Denis [WEAPONS TRADER])" in market zone "OUTLIVE Trader" (pos=<4291.589844, 25.247801, 4162.500000>).
04:06:13 [Market] Player "Maltrix CZE" (id=l3HvTWnXl8COrcbWA0dEsar-QbcB4NyANSOekVJXAcY=) has sold twp_scarh x1 at the trader "Weapons (Denis [WEAPONS TRADER])" in market zone "OUTLIVE Trader" (pos=<4291.589844, 25.247801, 4162.500000>) and got 2500.
04:06:34 [Market] Player "Maltrix CZE" (id=l3HvTWnXl8COrcbWA0dEsar-QbcB4NyANSOekVJXAcY=) has send a requested to sell mosin9130 x1 at the trader "Weapons (Denis [WEAPONS TRADER])" in market zone "OUTLIVE Trader" (pos=<4291.589844, 25.247801, 4162.500000>).
04:06:34 [Market] Player "Maltrix CZE" (id=l3HvTWnXl8COrcbWA0dEsar-QbcB4NyANSOekVJXAcY=) has sold mosin9130 x1 at the trader "Weapons (Denis [WEAPONS TRADER])" in market zone "OUTLIVE Trader" (pos=<4291.589844, 25.247801, 4162.500000>) and got 800.
04:07:34 [Market] Player "Maltrix CZE" (id=l3HvTWnXl8COrcbWA0dEsar-QbcB4NyANSOekVJXAcY=) has send a requested to sell makarovij70 x1 at the trader "Weapons (Denis [WEAPONS TRADER])" in market zone "OUTLIVE Trader" (pos=<4291.589844, 25.247801, 4162.500000>).
04:07:34 [Market] Player "Maltrix CZE" (id=l3HvTWnXl8COrcbWA0dEsar-QbcB4NyANSOekVJXAcY=) has sold makarovij70 x1 at the trader "Weapons (Denis [WEAPONS TRADER])" in market zone "OUTLIVE Trader" (pos=<4291.589844, 25.247801, 4162.500000>) and got 83.
04:07:35 [Market] Player "Maltrix CZE" (id=l3HvTWnXl8COrcbWA0dEsar-QbcB4NyANSOekVJXAcY=) has send a requested to sell makarovij70 x1 at the trader "Weapons (Denis [WEAPONS TRADER])" in market zone "OUTLIVE Trader" (pos=<4291.589844, 25.247801, 4162.500000>).
04:07:35 [Market] Player "Maltrix CZE" (id=l3HvTWnXl8COrcbWA0dEsar-QbcB4NyANSOekVJXAcY=) has sold makarovij70 x1 at the trader "Weapons (Denis [WEAPONS TRADER])" in market zone "OUTLIVE Trader" (pos=<4291.589844, 25.247801, 4162.500000>) and got 30.
04:07:37 [Market] Player "Maltrix CZE" (id=l3HvTWnXl8COrcbWA0dEsar-QbcB4NyANSOekVJXAcY=) has send a requested to sell expansion_m9 x1 at the trader "Weapons (Denis [WEAPONS TRADER])" in market zone "OUTLIVE Trader" (pos=<4291.589844, 25.247801, 4162.500000>).
04:07:37 [Market] Player "Maltrix CZE" (id=l3HvTWnXl8COrcbWA0dEsar-QbcB4NyANSOekVJXAcY=) has sold expansion_m9 x1 at the trader "Weapons (Denis [WEAPONS TRADER])" in market zone "OUTLIVE Trader" (pos=<4291.589844, 25.247801, 4162.500000>) and got 135.
04:09:06 [ATM Locker] Player "Maltrix CZE" (id=l3HvTWnXl8COrcbWA0dEsar-QbcB4NyANSOekVJXAcY=) has withdrawn 500000 from his ATM account.
04:09:59 [Market] Player "Maltrix CZE" (id=l3HvTWnXl8COrcbWA0dEsar-QbcB4NyANSOekVJXAcY=) has send a requested to purchase mvs_belt_snow x1 from the trader "Clothing (Linda [CLOTHING TRADER])" in market zone "OUTLIVE Trader" (pos=<4291.589844, 25.247801, 4162.500000>).
04:09:59 [Market] Player "Maltrix CZE" (id=l3HvTWnXl8COrcbWA0dEsar-QbcB4NyANSOekVJXAcY=) has bought mvs_belt_snow x1 from the trader "Clothing (Linda [CLOTHING TRADER])" in market zone "OUTLIVE Trader" (pos=<4291.589844, 25.247801, 4162.500000>) for a price of 30000.
