06:06:11 [AI Object Patrol] Generating an example config...
06:07:11 [VehicleDestroyed] ExpansionUtilityBoat was destroyed at pos=<4532.269531, 0.100000, 3098.341553>
06:07:28 [Expansion Quests] - SetupClientData - Loaded existing player quest data for player with UID: 2Try_3qbaTEpsZFGDBuJm6aX_lt9gyn8JYC7GcR3pyU=
06:07:28 [Expansion Quests] - PlayerQuestsInit - Create new quest instance for quest: 19 - Creator UID: 2Try_3qbaTEpsZFGDBuJm6aX_lt9gyn8JYC7GcR3pyU=
06:07:28 [Expansion Quests] - PlayerQuestsInit - Create new quest instance for quest: 20 - Creator UID: 2Try_3qbaTEpsZFGDBuJm6aX_lt9gyn8JYC7GcR3pyU=
06:07:28 [Expansion Quests] - PlayerQuestsInit - Create new quest instance for quest: 23 - Creator UID: 2Try_3qbaTEpsZFGDBuJm6aX_lt9gyn8JYC7GcR3pyU=
06:08:12 [Expansion Quests] - SetupClientData - Loaded existing player quest data for player with UID: 57YCvZuMRkHJU3yw82KRoiZHJWkQ2zloZIsjAhJjCWQ=
06:08:12 [Expansion Quests] - PlayerQuestsInit - Create new quest instance for quest: 23 - Creator UID: 57YCvZuMRkHJU3yw82KRoiZHJWkQ2zloZIsjAhJjCWQ=
06:13:54 [VehicleDeleted] Vehicle ExpansionUtilityBoat deleted! (pos=<4532.269531, 0.100000, 3098.341553>)
06:22:58 [VehicleEnter] Player Utopia [uid=2Try_3qbaTEpsZFGDBuJm6aX_lt9gyn8JYC7GcR3pyU=] entered vehicle Mh-6 Little Bird (pos=<866.218201, 18.513870, 2669.756592>, type=ExpansionMh6_Jeans) as pilot
06:23:16 [VehicleLeave] Player Utopia [uid=2Try_3qbaTEpsZFGDBuJm6aX_lt9gyn8JYC7GcR3pyU=] left vehicle Mh-6 Little Bird (pos=<866.519653, 18.491056, 2669.754639>, type=ExpansionMh6_Jeans)
06:23:18 [VehicleEnter] Player Dutch [uid=57YCvZuMRkHJU3yw82KRoiZHJWkQ2zloZIsjAhJjCWQ=] entered vehicle Mh-6 Little Bird (pos=<866.523499, 18.490812, 2669.754639>, type=ExpansionMh6_Jeans) as pilot
06:23:31 [VehicleLeave] Player Dutch [uid=57YCvZuMRkHJU3yw82KRoiZHJWkQ2zloZIsjAhJjCWQ=] left vehicle Mh-6 Little Bird (pos=<866.739075, 18.470793, 2669.708252>, type=ExpansionMh6_Jeans)
06:23:36 [VehicleEnter] Player Utopia [uid=2Try_3qbaTEpsZFGDBuJm6aX_lt9gyn8JYC7GcR3pyU=] entered vehicle Mh-6 Little Bird (pos=<866.743164, 18.470720, 2669.708984>, type=ExpansionMh6_Jeans) as pilot
06:23:42 [VehicleLeave] Player Utopia [uid=2Try_3qbaTEpsZFGDBuJm6aX_lt9gyn8JYC7GcR3pyU=] left vehicle Mh-6 Little Bird (pos=<866.844055, 18.462362, 2669.706787>, type=ExpansionMh6_Jeans)
06:25:36 [Expansion Quests] - CompleteQuest - Player with UID 2Try_3qbaTEpsZFGDBuJm6aX_lt9gyn8JYC7GcR3pyU= has completed quest 19
06:25:36 [Expansion Quests] - ExpansionQuest - Quest owner ID: 2Try_3qbaTEpsZFGDBuJm6aX_lt9gyn8JYC7GcR3pyU=
06:25:36 [Expansion Quests] - ExpansionQuest - Quest ID: 19
06:25:36 [Expansion Quests] - ExpansionQuest - Quest state: 3
06:25:36 [Expansion Quests] - ExpansionQuest - Quest completed: true
07:11:43 [Safezone] Player "Utopia" (id=2Try_3qbaTEpsZFGDBuJm6aX_lt9gyn8JYC7GcR3pyU= pos=<4370.084961, 4.230637, 4059.161621>) Entered the safezone
07:11:44 [Safezone] Player "Dutch" (id=57YCvZuMRkHJU3yw82KRoiZHJWkQ2zloZIsjAhJjCWQ= pos=<4366.426270, 4.236642, 4056.285400>) Entered the safezone
07:12:43 [Market] Player "Dutch" (id=57YCvZuMRkHJU3yw82KRoiZHJWkQ2zloZIsjAhJjCWQ=) has send a requested to sell m16a2 x1 at the trader "Weapons (Denis [#STR_EXPANSION_MARKET_TRADER_WEAPONS])" in market zone "OUTLIVE Trader" (pos=<4291.589844, 25.247801, 4162.500000>).
07:12:43 [Market] Player "Dutch" (id=57YCvZuMRkHJU3yw82KRoiZHJWkQ2zloZIsjAhJjCWQ=) has sold m16a2 x1 at the trader "Weapons (Denis [#STR_EXPANSION_MARKET_TRADER_WEAPONS])" in market zone "OUTLIVE Trader" (pos=<4291.589844, 25.247801, 4162.500000>) and got 2295.
07:13:06 [Market] Player "Dutch" (id=57YCvZuMRkHJU3yw82KRoiZHJWkQ2zloZIsjAhJjCWQ=) has send a requested to purchase ammo_308win x50 from the trader "Attachments (Oliver [#STR_EXPANSION_MARKET_TRADER_ATTACHMENTS])" in market zone "OUTLIVE Trader" (pos=<4291.589844, 25.247801, 4162.500000>).
07:13:06 [Market] Player "Dutch" (id=57YCvZuMRkHJU3yw82KRoiZHJWkQ2zloZIsjAhJjCWQ=) has bought ammo_308win x50 from the trader "Attachments (Oliver [#STR_EXPANSION_MARKET_TRADER_ATTACHMENTS])" in market zone "OUTLIVE Trader" (pos=<4291.589844, 25.247801, 4162.500000>) for a price of 1650.
07:13:06 [Safezone] Player "Utopia" (id=2Try_3qbaTEpsZFGDBuJm6aX_lt9gyn8JYC7GcR3pyU= pos=<4270.677734, 1.310696, 4331.900391>) Left the safezone
07:13:15 [Market] Player "Dutch" (id=57YCvZuMRkHJU3yw82KRoiZHJWkQ2zloZIsjAhJjCWQ=) has send a requested to purchase ammo_12gapellets x30 from the trader "Attachments (Oliver [#STR_EXPANSION_MARKET_TRADER_ATTACHMENTS])" in market zone "OUTLIVE Trader" (pos=<4291.589844, 25.247801, 4162.500000>).
07:13:15 [Market] Player "Dutch" (id=57YCvZuMRkHJU3yw82KRoiZHJWkQ2zloZIsjAhJjCWQ=) has bought ammo_12gapellets x30 from the trader "Attachments (Oliver [#STR_EXPANSION_MARKET_TRADER_ATTACHMENTS])" in market zone "OUTLIVE Trader" (pos=<4291.589844, 25.247801, 4162.500000>) for a price of 450.
07:13:23 [Market] Player "Dutch" (id=57YCvZuMRkHJU3yw82KRoiZHJWkQ2zloZIsjAhJjCWQ=) has send a requested to purchase ammo_12gapellets x10 from the trader "Attachments (Oliver [#STR_EXPANSION_MARKET_TRADER_ATTACHMENTS])" in market zone "OUTLIVE Trader" (pos=<4291.589844, 25.247801, 4162.500000>).
07:13:23 [Market] Player "Dutch" (id=57YCvZuMRkHJU3yw82KRoiZHJWkQ2zloZIsjAhJjCWQ=) has bought ammo_12gapellets x10 from the trader "Attachments (Oliver [#STR_EXPANSION_MARKET_TRADER_ATTACHMENTS])" in market zone "OUTLIVE Trader" (pos=<4291.589844, 25.247801, 4162.500000>) for a price of 150.
07:14:28 [Safezone] Player "Dutch" (id=57YCvZuMRkHJU3yw82KRoiZHJWkQ2zloZIsjAhJjCWQ= pos=<4168.308105, 14.135168, 4270.844238>) Left the safezone
07:48:07 [Market] Player "Dutch" (id=57YCvZuMRkHJU3yw82KRoiZHJWkQ2zloZIsjAhJjCWQ=) has send a requested to sell bearpelt x1 at the trader "Hunting (Peter [Hunter & Fish Trader])" in market zone "OUTLIVE Hunter&Fish Trader" (pos=<7173.500000, 72.561798, 8110.560059>).
07:48:07 [Market] Player "Dutch" (id=57YCvZuMRkHJU3yw82KRoiZHJWkQ2zloZIsjAhJjCWQ=) has sold bearpelt x1 at the trader "Hunting (Peter [Hunter & Fish Trader])" in market zone "OUTLIVE Hunter&Fish Trader" (pos=<7173.500000, 72.561798, 8110.560059>) and got 2500.
07:48:08 [Market] Player "Dutch" (id=57YCvZuMRkHJU3yw82KRoiZHJWkQ2zloZIsjAhJjCWQ=) has send a requested to sell bearpelt x1 at the trader "Hunting (Peter [Hunter & Fish Trader])" in market zone "OUTLIVE Hunter&Fish Trader" (pos=<7173.500000, 72.561798, 8110.560059>).
07:48:08 [Market] Player "Dutch" (id=57YCvZuMRkHJU3yw82KRoiZHJWkQ2zloZIsjAhJjCWQ=) has sold bearpelt x1 at the trader "Hunting (Peter [Hunter & Fish Trader])" in market zone "OUTLIVE Hunter&Fish Trader" (pos=<7173.500000, 72.561798, 8110.560059>) and got 2500.
07:48:17 [Market] Player "Dutch" (id=57YCvZuMRkHJU3yw82KRoiZHJWkQ2zloZIsjAhJjCWQ=) has send a requested to sell bearsteakmeat x7 at the trader "Hunting (Peter [Hunter & Fish Trader])" in market zone "OUTLIVE Hunter&Fish Trader" (pos=<7173.500000, 72.561798, 8110.560059>).
07:48:17 [Market] Player "Dutch" (id=57YCvZuMRkHJU3yw82KRoiZHJWkQ2zloZIsjAhJjCWQ=) has sold bearsteakmeat x7 at the trader "Hunting (Peter [Hunter & Fish Trader])" in market zone "OUTLIVE Hunter&Fish Trader" (pos=<7173.500000, 72.561798, 8110.560059>) and got 1907.
07:48:19 [Market] Player "Dutch" (id=57YCvZuMRkHJU3yw82KRoiZHJWkQ2zloZIsjAhJjCWQ=) has send a requested to sell lard x1 at the trader "Hunting (Peter [Hunter & Fish Trader])" in market zone "OUTLIVE Hunter&Fish Trader" (pos=<7173.500000, 72.561798, 8110.560059>).
07:48:19 [Market] Player "Dutch" (id=57YCvZuMRkHJU3yw82KRoiZHJWkQ2zloZIsjAhJjCWQ=) has sold lard x1 at the trader "Hunting (Peter [Hunter & Fish Trader])" in market zone "OUTLIVE Hunter&Fish Trader" (pos=<7173.500000, 72.561798, 8110.560059>) and got 13.
07:48:19 [Market] Player "Dutch" (id=57YCvZuMRkHJU3yw82KRoiZHJWkQ2zloZIsjAhJjCWQ=) has send a requested to sell lard x1 at the trader "Hunting (Peter [Hunter & Fish Trader])" in market zone "OUTLIVE Hunter&Fish Trader" (pos=<7173.500000, 72.561798, 8110.560059>).
07:48:20 [Market] Player "Dutch" (id=57YCvZuMRkHJU3yw82KRoiZHJWkQ2zloZIsjAhJjCWQ=) has sold lard x1 at the trader "Hunting (Peter [Hunter & Fish Trader])" in market zone "OUTLIVE Hunter&Fish Trader" (pos=<7173.500000, 72.561798, 8110.560059>) and got 60.
07:48:20 [Market] Player "Dutch" (id=57YCvZuMRkHJU3yw82KRoiZHJWkQ2zloZIsjAhJjCWQ=) has send a requested to sell lard x1 at the trader "Hunting (Peter [Hunter & Fish Trader])" in market zone "OUTLIVE Hunter&Fish Trader" (pos=<7173.500000, 72.561798, 8110.560059>).
07:48:21 [Market] Player "Dutch" (id=57YCvZuMRkHJU3yw82KRoiZHJWkQ2zloZIsjAhJjCWQ=) has sold lard x1 at the trader "Hunting (Peter [Hunter & Fish Trader])" in market zone "OUTLIVE Hunter&Fish Trader" (pos=<7173.500000, 72.561798, 8110.560059>) and got 67.
07:55:24 [Market] Player "Dutch" (id=57YCvZuMRkHJU3yw82KRoiZHJWkQ2zloZIsjAhJjCWQ=) has send a requested to sell binoculars x1 at the trader "Hunting (Peter [Hunter & Fish Trader])" in market zone "OUTLIVE Hunter&Fish Trader" (pos=<7173.500000, 72.561798, 8110.560059>).
07:55:24 [Market] Player "Dutch" (id=57YCvZuMRkHJU3yw82KRoiZHJWkQ2zloZIsjAhJjCWQ=) has sold binoculars x1 at the trader "Hunting (Peter [Hunter & Fish Trader])" in market zone "OUTLIVE Hunter&Fish Trader" (pos=<7173.500000, 72.561798, 8110.560059>) and got 800.
07:55:27 [Market] Player "Dutch" (id=57YCvZuMRkHJU3yw82KRoiZHJWkQ2zloZIsjAhJjCWQ=) has send a requested to sell chernarusmap x1 at the trader "Hunting (Peter [Hunter & Fish Trader])" in market zone "OUTLIVE Hunter&Fish Trader" (pos=<7173.500000, 72.561798, 8110.560059>).
07:55:27 [Market] Player "Dutch" (id=57YCvZuMRkHJU3yw82KRoiZHJWkQ2zloZIsjAhJjCWQ=) has sold chernarusmap x1 at the trader "Hunting (Peter [Hunter & Fish Trader])" in market zone "OUTLIVE Hunter&Fish Trader" (pos=<7173.500000, 72.561798, 8110.560059>) and got 900.
07:57:26 [Market] Player "Dutch" (id=57YCvZuMRkHJU3yw82KRoiZHJWkQ2zloZIsjAhJjCWQ=) has send a requested to sell bonehook x1 at the trader "Hunting (Peter [Hunter & Fish Trader])" in market zone "OUTLIVE Hunter&Fish Trader" (pos=<7173.500000, 72.561798, 8110.560059>).
07:57:26 [Market] Player "Dutch" (id=57YCvZuMRkHJU3yw82KRoiZHJWkQ2zloZIsjAhJjCWQ=) has sold bonehook x1 at the trader "Hunting (Peter [Hunter & Fish Trader])" in market zone "OUTLIVE Hunter&Fish Trader" (pos=<7173.500000, 72.561798, 8110.560059>) and got 10.
07:57:26 [Market] Player "Dutch" (id=57YCvZuMRkHJU3yw82KRoiZHJWkQ2zloZIsjAhJjCWQ=) has send a requested to sell bonehook x1 at the trader "Hunting (Peter [Hunter & Fish Trader])" in market zone "OUTLIVE Hunter&Fish Trader" (pos=<7173.500000, 72.561798, 8110.560059>).
07:57:26 [Market] Player "Dutch" (id=57YCvZuMRkHJU3yw82KRoiZHJWkQ2zloZIsjAhJjCWQ=) has sold bonehook x1 at the trader "Hunting (Peter [Hunter & Fish Trader])" in market zone "OUTLIVE Hunter&Fish Trader" (pos=<7173.500000, 72.561798, 8110.560059>) and got 10.
07:57:26 [Market] Player "Dutch" (id=57YCvZuMRkHJU3yw82KRoiZHJWkQ2zloZIsjAhJjCWQ=) has send a requested to sell bonehook x1 at the trader "Hunting (Peter [Hunter & Fish Trader])" in market zone "OUTLIVE Hunter&Fish Trader" (pos=<7173.500000, 72.561798, 8110.560059>).
07:57:27 [Market] Player "Dutch" (id=57YCvZuMRkHJU3yw82KRoiZHJWkQ2zloZIsjAhJjCWQ=) has sold bonehook x1 at the trader "Hunting (Peter [Hunter & Fish Trader])" in market zone "OUTLIVE Hunter&Fish Trader" (pos=<7173.500000, 72.561798, 8110.560059>) and got 10.
07:57:27 [Market] Player "Dutch" (id=57YCvZuMRkHJU3yw82KRoiZHJWkQ2zloZIsjAhJjCWQ=) has send a requested to sell bonehook x1 at the trader "Hunting (Peter [Hunter & Fish Trader])" in market zone "OUTLIVE Hunter&Fish Trader" (pos=<7173.500000, 72.561798, 8110.560059>).
07:57:27 [Market] Player "Dutch" (id=57YCvZuMRkHJU3yw82KRoiZHJWkQ2zloZIsjAhJjCWQ=) has sold bonehook x1 at the trader "Hunting (Peter [Hunter & Fish Trader])" in market zone "OUTLIVE Hunter&Fish Trader" (pos=<7173.500000, 72.561798, 8110.560059>) and got 10.
07:58:39 [Market] Player "Dutch" (id=57YCvZuMRkHJU3yw82KRoiZHJWkQ2zloZIsjAhJjCWQ=) has send a requested to sell pot x1 at the trader "Hunting (Peter [Hunter & Fish Trader])" in market zone "OUTLIVE Hunter&Fish Trader" (pos=<7173.500000, 72.561798, 8110.560059>).
07:58:39 [Market] Player "Dutch" (id=57YCvZuMRkHJU3yw82KRoiZHJWkQ2zloZIsjAhJjCWQ=) has sold pot x1 at the trader "Hunting (Peter [Hunter & Fish Trader])" in market zone "OUTLIVE Hunter&Fish Trader" (pos=<7173.500000, 72.561798, 8110.560059>) and got 9.
08:25:30 [Expansion Quests] - SetupClientData - Loaded existing player quest data for player with UID: 43IpgklI_aNg_fY-skmiIw4rsIpowSAxaSy90nsq0hk=
08:25:30 [Expansion Quests] - PlayerQuestsInit - Create new quest instance for quest: 23 - Creator UID: 43IpgklI_aNg_fY-skmiIw4rsIpowSAxaSy90nsq0hk=
08:34:03 [Safezone] Player "Northman" (id=43IpgklI_aNg_fY-skmiIw4rsIpowSAxaSy90nsq0hk= pos=<4189.363281, 14.344611, 4241.894043>) Entered the safezone
08:36:23 [Expansion Quests] - SetupClientData - Got cached player quest data for player with UID: 2Try_3qbaTEpsZFGDBuJm6aX_lt9gyn8JYC7GcR3pyU=
08:36:23 [Expansion Quests] - PlayerQuestsInit - Create new quest instance for quest: 20 - Creator UID: 2Try_3qbaTEpsZFGDBuJm6aX_lt9gyn8JYC7GcR3pyU=
08:38:13 [Market] Player "Northman" (id=43IpgklI_aNg_fY-skmiIw4rsIpowSAxaSy90nsq0hk=) has send a requested to purchase whetstone x1 from the trader "BuildingSupplies (Boris [#STR_EXPANSION_MARKET_TRADER_BUILDING_SUPPLIES])" in market zone "OUTLIVE Trader" (pos=<4291.589844, 25.247801, 4162.500000>).
08:38:13 [Market] Player "Northman" (id=43IpgklI_aNg_fY-skmiIw4rsIpowSAxaSy90nsq0hk=) has bought whetstone x1 from the trader "BuildingSupplies (Boris [#STR_EXPANSION_MARKET_TRADER_BUILDING_SUPPLIES])" in market zone "OUTLIVE Trader" (pos=<4291.589844, 25.247801, 4162.500000>) for a price of 1100.
08:39:07 [ATM] Player "Northman" (id=43IpgklI_aNg_fY-skmiIw4rsIpowSAxaSy90nsq0hk=) has deposited 3900 on his ATM account.
08:39:39 [Safezone] Player "Northman" (id=43IpgklI_aNg_fY-skmiIw4rsIpowSAxaSy90nsq0hk= pos=<4111.363770, 19.067076, 4139.592773>) Left the safezone
09:01:29 [Expansion Quests] - SetupClientData - Got cached player quest data for player with UID: 2Try_3qbaTEpsZFGDBuJm6aX_lt9gyn8JYC7GcR3pyU=
09:01:29 [Expansion Quests] - PlayerQuestsInit - Create new quest instance for quest: 20 - Creator UID: 2Try_3qbaTEpsZFGDBuJm6aX_lt9gyn8JYC7GcR3pyU=
09:01:29 [Expansion Quests] - PlayerQuestsInit - Create new quest instance for quest: 23 - Creator UID: 2Try_3qbaTEpsZFGDBuJm6aX_lt9gyn8JYC7GcR3pyU=
09:17:09 [Safezone] Player "Northman" (id=43IpgklI_aNg_fY-skmiIw4rsIpowSAxaSy90nsq0hk= pos=<4162.613281, 15.651134, 4178.705566>) Entered the safezone
09:17:59 [Market] Player "Northman" (id=43IpgklI_aNg_fY-skmiIw4rsIpowSAxaSy90nsq0hk=) has send a requested to sell twp_axe x1 at the trader "Weapons (Denis [#STR_EXPANSION_MARKET_TRADER_WEAPONS])" in market zone "OUTLIVE Trader" (pos=<4291.589844, 25.247801, 4162.500000>).
09:17:59 [Market] Player "Northman" (id=43IpgklI_aNg_fY-skmiIw4rsIpowSAxaSy90nsq0hk=) has sold twp_axe x1 at the trader "Weapons (Denis [#STR_EXPANSION_MARKET_TRADER_WEAPONS])" in market zone "OUTLIVE Trader" (pos=<4291.589844, 25.247801, 4162.500000>) and got 130.
09:18:16 [Market] Player "Northman" (id=43IpgklI_aNg_fY-skmiIw4rsIpowSAxaSy90nsq0hk=) has send a requested to sell twp_ak47dragon x1 at the trader "Weapons (Denis [#STR_EXPANSION_MARKET_TRADER_WEAPONS])" in market zone "OUTLIVE Trader" (pos=<4291.589844, 25.247801, 4162.500000>).
09:18:16 [Market] Player "Northman" (id=43IpgklI_aNg_fY-skmiIw4rsIpowSAxaSy90nsq0hk=) has sold twp_ak47dragon x1 at the trader "Weapons (Denis [#STR_EXPANSION_MARKET_TRADER_WEAPONS])" in market zone "OUTLIVE Trader" (pos=<4291.589844, 25.247801, 4162.500000>) and got 1173.
09:18:39 [ATM] Player "Northman" (id=43IpgklI_aNg_fY-skmiIw4rsIpowSAxaSy90nsq0hk=) has withdrawn 12000 from his ATM account.
09:18:58 [Market] Player "Northman" (id=43IpgklI_aNg_fY-skmiIw4rsIpowSAxaSy90nsq0hk=) has send a requested to purchase handsaw x1 from the trader "BuildingSupplies (Boris [#STR_EXPANSION_MARKET_TRADER_BUILDING_SUPPLIES])" in market zone "OUTLIVE Trader" (pos=<4291.589844, 25.247801, 4162.500000>).
09:18:58 [Market] Player "Northman" (id=43IpgklI_aNg_fY-skmiIw4rsIpowSAxaSy90nsq0hk=) has bought handsaw x1 from the trader "BuildingSupplies (Boris [#STR_EXPANSION_MARKET_TRADER_BUILDING_SUPPLIES])" in market zone "OUTLIVE Trader" (pos=<4291.589844, 25.247801, 4162.500000>) for a price of 3300.
09:18:59 [Market] Player "Northman" (id=43IpgklI_aNg_fY-skmiIw4rsIpowSAxaSy90nsq0hk=) has send a requested to purchase pickaxe x1 from the trader "BuildingSupplies (Boris [#STR_EXPANSION_MARKET_TRADER_BUILDING_SUPPLIES])" in market zone "OUTLIVE Trader" (pos=<4291.589844, 25.247801, 4162.500000>).
09:18:59 [Market] Player "Northman" (id=43IpgklI_aNg_fY-skmiIw4rsIpowSAxaSy90nsq0hk=) has bought pickaxe x1 from the trader "BuildingSupplies (Boris [#STR_EXPANSION_MARKET_TRADER_BUILDING_SUPPLIES])" in market zone "OUTLIVE Trader" (pos=<4291.589844, 25.247801, 4162.500000>) for a price of 4800.
09:20:09 [ATM] Player "Northman" (id=43IpgklI_aNg_fY-skmiIw4rsIpowSAxaSy90nsq0hk=) has withdrawn 1000 from his ATM account.
09:20:44 [Market] Player "Northman" (id=43IpgklI_aNg_fY-skmiIw4rsIpowSAxaSy90nsq0hk=) has send a requested to purchase sledgehammer x1 from the trader "BuildingSupplies (Boris [#STR_EXPANSION_MARKET_TRADER_BUILDING_SUPPLIES])" in market zone "OUTLIVE Trader" (pos=<4291.589844, 25.247801, 4162.500000>).
09:20:44 [Market] Player "Northman" (id=43IpgklI_aNg_fY-skmiIw4rsIpowSAxaSy90nsq0hk=) has bought sledgehammer x1 from the trader "BuildingSupplies (Boris [#STR_EXPANSION_MARKET_TRADER_BUILDING_SUPPLIES])" in market zone "OUTLIVE Trader" (pos=<4291.589844, 25.247801, 4162.500000>) for a price of 6000.
09:21:11 [Market] Player "Northman" (id=43IpgklI_aNg_fY-skmiIw4rsIpowSAxaSy90nsq0hk=) has send a requested to purchase rope x1 from the trader "BuildingSupplies (Boris [#STR_EXPANSION_MARKET_TRADER_BUILDING_SUPPLIES])" in market zone "OUTLIVE Trader" (pos=<4291.589844, 25.247801, 4162.500000>).
09:21:11 [Market] Player "Northman" (id=43IpgklI_aNg_fY-skmiIw4rsIpowSAxaSy90nsq0hk=) has bought rope x1 from the trader "BuildingSupplies (Boris [#STR_EXPANSION_MARKET_TRADER_BUILDING_SUPPLIES])" in market zone "OUTLIVE Trader" (pos=<4291.589844, 25.247801, 4162.500000>) for a price of 200.
09:21:51 [ATM] Player "Northman" (id=43IpgklI_aNg_fY-skmiIw4rsIpowSAxaSy90nsq0hk=) has deposited 3 on his ATM account.
09:22:21 [Safezone] Player "Northman" (id=43IpgklI_aNg_fY-skmiIw4rsIpowSAxaSy90nsq0hk= pos=<4108.010254, 19.251720, 4141.398438>) Left the safezone
09:40:59 [Expansion Quests] - SetupClientData - Loaded existing player quest data for player with UID: O1ls9xvkgGVgSpsA7SQ08AbgbExKG7uZ4JetyMHxTtg=
09:40:59 [Expansion Quests] - PlayerQuestsInit - Create new quest instance for quest: 20 - Creator UID: O1ls9xvkgGVgSpsA7SQ08AbgbExKG7uZ4JetyMHxTtg=
09:40:59 [Expansion Quests] - PlayerQuestsInit - Create new quest instance for quest: 23 - Creator UID: O1ls9xvkgGVgSpsA7SQ08AbgbExKG7uZ4JetyMHxTtg=
09:57:10 [Safezone] Player "Northman" (id=43IpgklI_aNg_fY-skmiIw4rsIpowSAxaSy90nsq0hk= pos=<4162.481445, 15.580271, 4177.587891>) Entered the safezone
10:00:47 [ATM] Player "Northman" (id=43IpgklI_aNg_fY-skmiIw4rsIpowSAxaSy90nsq0hk=) has withdrawn 3500 from his ATM account.
10:00:56 [Market] Player "Northman" (id=43IpgklI_aNg_fY-skmiIw4rsIpowSAxaSy90nsq0hk=) has send a requested to purchase shovel x1 from the trader "BuildingSupplies (Boris [#STR_EXPANSION_MARKET_TRADER_BUILDING_SUPPLIES])" in market zone "OUTLIVE Trader" (pos=<4291.589844, 25.247801, 4162.500000>).
10:00:56 [Market] Player "Northman" (id=43IpgklI_aNg_fY-skmiIw4rsIpowSAxaSy90nsq0hk=) has bought shovel x1 from the trader "BuildingSupplies (Boris [#STR_EXPANSION_MARKET_TRADER_BUILDING_SUPPLIES])" in market zone "OUTLIVE Trader" (pos=<4291.589844, 25.247801, 4162.500000>) for a price of 3500.
10:01:34 [Safezone] Player "Northman" (id=43IpgklI_aNg_fY-skmiIw4rsIpowSAxaSy90nsq0hk= pos=<4105.490234, 19.384415, 4142.701172>) Left the safezone
10:07:09 [Territory] Player "Northman" (id=43IpgklI_aNg_fY-skmiIw4rsIpowSAxaSy90nsq0hk=) created territory North at <3646.462646, 31.851955, 3865.278564>
10:12:16 [Territory] Player "Northman" (id=43IpgklI_aNg_fY-skmiIw4rsIpowSAxaSy90nsq0hk=) deleted territory North at <3646.462646, 31.851955, 3865.278564>
10:16:04 [VehicleEnter] Player Biffo bear [uid=O1ls9xvkgGVgSpsA7SQ08AbgbExKG7uZ4JetyMHxTtg=] entered vehicle UAZ 469 (pos=<4374.085938, 2.675167, 6022.263184>, type=ExpansionUAZ) as driver
10:16:15 [VehicleLeave] Player Biffo bear [uid=O1ls9xvkgGVgSpsA7SQ08AbgbExKG7uZ4JetyMHxTtg=] left vehicle UAZ 469 (pos=<4374.093750, 2.591843, 6022.256836>, type=ExpansionUAZ)
10:22:52 [Safezone] Player "Dutch" (id=57YCvZuMRkHJU3yw82KRoiZHJWkQ2zloZIsjAhJjCWQ= pos=<4365.085449, 4.234604, 4055.937744>) Entered the safezone
10:23:33 [Market] Player "Dutch" (id=57YCvZuMRkHJU3yw82KRoiZHJWkQ2zloZIsjAhJjCWQ=) has send a requested to sell fal x1 at the trader "Weapons (Denis [#STR_EXPANSION_MARKET_TRADER_WEAPONS])" in market zone "OUTLIVE Trader" (pos=<4291.589844, 25.247801, 4162.500000>).
10:23:33 [Market] Player "Dutch" (id=57YCvZuMRkHJU3yw82KRoiZHJWkQ2zloZIsjAhJjCWQ=) has sold fal x1 at the trader "Weapons (Denis [#STR_EXPANSION_MARKET_TRADER_WEAPONS])" in market zone "OUTLIVE Trader" (pos=<4291.589844, 25.247801, 4162.500000>) and got 920.
10:23:35 [Market] Player "Dutch" (id=57YCvZuMRkHJU3yw82KRoiZHJWkQ2zloZIsjAhJjCWQ=) has send a requested to sell m16a2 x1 at the trader "Weapons (Denis [#STR_EXPANSION_MARKET_TRADER_WEAPONS])" in market zone "OUTLIVE Trader" (pos=<4291.589844, 25.247801, 4162.500000>).
10:23:35 [Market] Player "Dutch" (id=57YCvZuMRkHJU3yw82KRoiZHJWkQ2zloZIsjAhJjCWQ=) has sold m16a2 x1 at the trader "Weapons (Denis [#STR_EXPANSION_MARKET_TRADER_WEAPONS])" in market zone "OUTLIVE Trader" (pos=<4291.589844, 25.247801, 4162.500000>) and got 2070.
10:23:45 [Market] Player "Dutch" (id=57YCvZuMRkHJU3yw82KRoiZHJWkQ2zloZIsjAhJjCWQ=) has send a requested to sell expansion_m9 x1 at the trader "Weapons (Denis [#STR_EXPANSION_MARKET_TRADER_WEAPONS])" in market zone "OUTLIVE Trader" (pos=<4291.589844, 25.247801, 4162.500000>).
10:23:45 [Market] Player "Dutch" (id=57YCvZuMRkHJU3yw82KRoiZHJWkQ2zloZIsjAhJjCWQ=) has sold expansion_m9 x1 at the trader "Weapons (Denis [#STR_EXPANSION_MARKET_TRADER_WEAPONS])" in market zone "OUTLIVE Trader" (pos=<4291.589844, 25.247801, 4162.500000>) and got 135.
10:23:49 [Market] Player "Dutch" (id=57YCvZuMRkHJU3yw82KRoiZHJWkQ2zloZIsjAhJjCWQ=) has send a requested to sell expansion_m14 x1 at the trader "Weapons (Denis [#STR_EXPANSION_MARKET_TRADER_WEAPONS])" in market zone "OUTLIVE Trader" (pos=<4291.589844, 25.247801, 4162.500000>).
10:23:49 [Market] Player "Dutch" (id=57YCvZuMRkHJU3yw82KRoiZHJWkQ2zloZIsjAhJjCWQ=) has sold expansion_m14 x1 at the trader "Weapons (Denis [#STR_EXPANSION_MARKET_TRADER_WEAPONS])" in market zone "OUTLIVE Trader" (pos=<4291.589844, 25.247801, 4162.500000>) and got 600.
10:23:52 [Market] Player "Dutch" (id=57YCvZuMRkHJU3yw82KRoiZHJWkQ2zloZIsjAhJjCWQ=) has send a requested to sell twp_ak9 x1 at the trader "Weapons (Denis [#STR_EXPANSION_MARKET_TRADER_WEAPONS])" in market zone "OUTLIVE Trader" (pos=<4291.589844, 25.247801, 4162.500000>).
10:23:52 [Market] Player "Dutch" (id=57YCvZuMRkHJU3yw82KRoiZHJWkQ2zloZIsjAhJjCWQ=) has sold twp_ak9 x1 at the trader "Weapons (Denis [#STR_EXPANSION_MARKET_TRADER_WEAPONS])" in market zone "OUTLIVE Trader" (pos=<4291.589844, 25.247801, 4162.500000>) and got 400.
10:23:54 [Market] Player "Dutch" (id=57YCvZuMRkHJU3yw82KRoiZHJWkQ2zloZIsjAhJjCWQ=) has send a requested to sell twp_asr x1 at the trader "Weapons (Denis [#STR_EXPANSION_MARKET_TRADER_WEAPONS])" in market zone "OUTLIVE Trader" (pos=<4291.589844, 25.247801, 4162.500000>).
10:23:54 [Market] Player "Dutch" (id=57YCvZuMRkHJU3yw82KRoiZHJWkQ2zloZIsjAhJjCWQ=) has sold twp_asr x1 at the trader "Weapons (Denis [#STR_EXPANSION_MARKET_TRADER_WEAPONS])" in market zone "OUTLIVE Trader" (pos=<4291.589844, 25.247801, 4162.500000>) and got 1000.
10:23:55 [Market] Player "Dutch" (id=57YCvZuMRkHJU3yw82KRoiZHJWkQ2zloZIsjAhJjCWQ=) has send a requested to sell twp_ash12 x1 at the trader "Weapons (Denis [#STR_EXPANSION_MARKET_TRADER_WEAPONS])" in market zone "OUTLIVE Trader" (pos=<4291.589844, 25.247801, 4162.500000>).
10:23:56 [Market] Player "Dutch" (id=57YCvZuMRkHJU3yw82KRoiZHJWkQ2zloZIsjAhJjCWQ=) has sold twp_ash12 x1 at the trader "Weapons (Denis [#STR_EXPANSION_MARKET_TRADER_WEAPONS])" in market zone "OUTLIVE Trader" (pos=<4291.589844, 25.247801, 4162.500000>) and got 2200.
10:24:09 [Market] Player "Dutch" (id=57YCvZuMRkHJU3yw82KRoiZHJWkQ2zloZIsjAhJjCWQ=) has send a requested to sell ammo_9x39ap x14 at the trader "Attachments (Oliver [#STR_EXPANSION_MARKET_TRADER_ATTACHMENTS])" in market zone "OUTLIVE Trader" (pos=<4291.589844, 25.247801, 4162.500000>).
10:24:09 [Market] Player "Dutch" (id=57YCvZuMRkHJU3yw82KRoiZHJWkQ2zloZIsjAhJjCWQ=) has sold ammo_9x39ap x14 at the trader "Attachments (Oliver [#STR_EXPANSION_MARKET_TRADER_ATTACHMENTS])" in market zone "OUTLIVE Trader" (pos=<4291.589844, 25.247801, 4162.500000>) and got 55.
10:24:12 [Market] Player "Dutch" (id=57YCvZuMRkHJU3yw82KRoiZHJWkQ2zloZIsjAhJjCWQ=) has send a requested to sell twp_kriss_mag_33rnd x1 at the trader "Attachments (Oliver [#STR_EXPANSION_MARKET_TRADER_ATTACHMENTS])" in market zone "OUTLIVE Trader" (pos=<4291.589844, 25.247801, 4162.500000>).
10:24:13 [Market] Player "Dutch" (id=57YCvZuMRkHJU3yw82KRoiZHJWkQ2zloZIsjAhJjCWQ=) has sold twp_kriss_mag_33rnd x1 at the trader "Attachments (Oliver [#STR_EXPANSION_MARKET_TRADER_ATTACHMENTS])" in market zone "OUTLIVE Trader" (pos=<4291.589844, 25.247801, 4162.500000>) and got 212.
10:24:13 [Market] Player "Dutch" (id=57YCvZuMRkHJU3yw82KRoiZHJWkQ2zloZIsjAhJjCWQ=) has send a requested to sell twp_mac10_mag_32rnd x1 at the trader "Attachments (Oliver [#STR_EXPANSION_MARKET_TRADER_ATTACHMENTS])" in market zone "OUTLIVE Trader" (pos=<4291.589844, 25.247801, 4162.500000>).
10:24:14 [Market] Player "Dutch" (id=57YCvZuMRkHJU3yw82KRoiZHJWkQ2zloZIsjAhJjCWQ=) has sold twp_mac10_mag_32rnd x1 at the trader "Attachments (Oliver [#STR_EXPANSION_MARKET_TRADER_ATTACHMENTS])" in market zone "OUTLIVE Trader" (pos=<4291.589844, 25.247801, 4162.500000>) and got 224.
10:24:17 [Market] Player "Dutch" (id=57YCvZuMRkHJU3yw82KRoiZHJWkQ2zloZIsjAhJjCWQ=) has send a requested to sell twp_oldrifle_optic x1 at the trader "Attachments (Oliver [#STR_EXPANSION_MARKET_TRADER_ATTACHMENTS])" in market zone "OUTLIVE Trader" (pos=<4291.589844, 25.247801, 4162.500000>).
10:24:17 [Market] Player "Dutch" (id=57YCvZuMRkHJU3yw82KRoiZHJWkQ2zloZIsjAhJjCWQ=) has sold twp_oldrifle_optic x1 at the trader "Attachments (Oliver [#STR_EXPANSION_MARKET_TRADER_ATTACHMENTS])" in market zone "OUTLIVE Trader" (pos=<4291.589844, 25.247801, 4162.500000>) and got 338.
10:25:15 [Safezone] Player "Dutch" (id=57YCvZuMRkHJU3yw82KRoiZHJWkQ2zloZIsjAhJjCWQ= pos=<4403.716797, 4.032427, 4012.840576>) Left the safezone
10:26:09 [Safezone] Player "Utopia" (id=2Try_3qbaTEpsZFGDBuJm6aX_lt9gyn8JYC7GcR3pyU= pos=<4363.062988, 4.231282, 4055.449219>) Entered the safezone
10:26:12 [Safezone] Player "Dutch" (id=57YCvZuMRkHJU3yw82KRoiZHJWkQ2zloZIsjAhJjCWQ= pos=<4365.115723, 4.241683, 4056.394043>) Entered the safezone
10:27:04 [Market] Player "Dutch" (id=57YCvZuMRkHJU3yw82KRoiZHJWkQ2zloZIsjAhJjCWQ=) has send a requested to purchase weaponcleaningkit x1 from the trader "BuildingSupplies (Boris [#STR_EXPANSION_MARKET_TRADER_BUILDING_SUPPLIES])" in market zone "OUTLIVE Trader" (pos=<4291.589844, 25.247801, 4162.500000>).
10:27:04 [Market] Player "Dutch" (id=57YCvZuMRkHJU3yw82KRoiZHJWkQ2zloZIsjAhJjCWQ=) has bought weaponcleaningkit x1 from the trader "BuildingSupplies (Boris [#STR_EXPANSION_MARKET_TRADER_BUILDING_SUPPLIES])" in market zone "OUTLIVE Trader" (pos=<4291.589844, 25.247801, 4162.500000>) for a price of 2000.
10:27:05 [Market] Player "Dutch" (id=57YCvZuMRkHJU3yw82KRoiZHJWkQ2zloZIsjAhJjCWQ=) has send a requested to purchase weaponcleaningkit x1 from the trader "BuildingSupplies (Boris [#STR_EXPANSION_MARKET_TRADER_BUILDING_SUPPLIES])" in market zone "OUTLIVE Trader" (pos=<4291.589844, 25.247801, 4162.500000>).
10:27:05 [Market] Player "Dutch" (id=57YCvZuMRkHJU3yw82KRoiZHJWkQ2zloZIsjAhJjCWQ=) has bought weaponcleaningkit x1 from the trader "BuildingSupplies (Boris [#STR_EXPANSION_MARKET_TRADER_BUILDING_SUPPLIES])" in market zone "OUTLIVE Trader" (pos=<4291.589844, 25.247801, 4162.500000>) for a price of 2000.
10:27:06 [Market] Player "Dutch" (id=57YCvZuMRkHJU3yw82KRoiZHJWkQ2zloZIsjAhJjCWQ=) has send a requested to purchase weaponcleaningkit x1 from the trader "BuildingSupplies (Boris [#STR_EXPANSION_MARKET_TRADER_BUILDING_SUPPLIES])" in market zone "OUTLIVE Trader" (pos=<4291.589844, 25.247801, 4162.500000>).
10:27:06 [Market] Player "Dutch" (id=57YCvZuMRkHJU3yw82KRoiZHJWkQ2zloZIsjAhJjCWQ=) has bought weaponcleaningkit x1 from the trader "BuildingSupplies (Boris [#STR_EXPANSION_MARKET_TRADER_BUILDING_SUPPLIES])" in market zone "OUTLIVE Trader" (pos=<4291.589844, 25.247801, 4162.500000>) for a price of 2000.
10:27:51 [ATM] Player "Dutch" (id=57YCvZuMRkHJU3yw82KRoiZHJWkQ2zloZIsjAhJjCWQ=) has deposited 10995 on his ATM account.
10:27:56 [Market] Player "Utopia" (id=2Try_3qbaTEpsZFGDBuJm6aX_lt9gyn8JYC7GcR3pyU=) has send a requested to sell twp_fnfnc x1 at the trader "Weapons (Denis [#STR_EXPANSION_MARKET_TRADER_WEAPONS])" in market zone "OUTLIVE Trader" (pos=<4291.589844, 25.247801, 4162.500000>).
10:27:57 [Market] Player "Utopia" (id=2Try_3qbaTEpsZFGDBuJm6aX_lt9gyn8JYC7GcR3pyU=) has sold twp_fnfnc x1 at the trader "Weapons (Denis [#STR_EXPANSION_MARKET_TRADER_WEAPONS])" in market zone "OUTLIVE Trader" (pos=<4291.589844, 25.247801, 4162.500000>) and got 900.
10:28:02 [Market] Player "Utopia" (id=2Try_3qbaTEpsZFGDBuJm6aX_lt9gyn8JYC7GcR3pyU=) has send a requested to sell twp_czscorpion x1 at the trader "Weapons (Denis [#STR_EXPANSION_MARKET_TRADER_WEAPONS])" in market zone "OUTLIVE Trader" (pos=<4291.589844, 25.247801, 4162.500000>).
10:28:03 [Market] Player "Utopia" (id=2Try_3qbaTEpsZFGDBuJm6aX_lt9gyn8JYC7GcR3pyU=) has sold twp_czscorpion x1 at the trader "Weapons (Denis [#STR_EXPANSION_MARKET_TRADER_WEAPONS])" in market zone "OUTLIVE Trader" (pos=<4291.589844, 25.247801, 4162.500000>) and got 800.
10:28:05 [Market] Player "Utopia" (id=2Try_3qbaTEpsZFGDBuJm6aX_lt9gyn8JYC7GcR3pyU=) has send a requested to sell twp_famasspecialops x1 at the trader "Weapons (Denis [#STR_EXPANSION_MARKET_TRADER_WEAPONS])" in market zone "OUTLIVE Trader" (pos=<4291.589844, 25.247801, 4162.500000>).
10:28:05 [Market] Player "Utopia" (id=2Try_3qbaTEpsZFGDBuJm6aX_lt9gyn8JYC7GcR3pyU=) has sold twp_famasspecialops x1 at the trader "Weapons (Denis [#STR_EXPANSION_MARKET_TRADER_WEAPONS])" in market zone "OUTLIVE Trader" (pos=<4291.589844, 25.247801, 4162.500000>) and got 1200.
10:28:08 [Market] Player "Utopia" (id=2Try_3qbaTEpsZFGDBuJm6aX_lt9gyn8JYC7GcR3pyU=) has send a requested to sell twp_lr300 x1 at the trader "Weapons (Denis [#STR_EXPANSION_MARKET_TRADER_WEAPONS])" in market zone "OUTLIVE Trader" (pos=<4291.589844, 25.247801, 4162.500000>).
10:28:08 [Market] Player "Utopia" (id=2Try_3qbaTEpsZFGDBuJm6aX_lt9gyn8JYC7GcR3pyU=) has sold twp_lr300 x1 at the trader "Weapons (Denis [#STR_EXPANSION_MARKET_TRADER_WEAPONS])" in market zone "OUTLIVE Trader" (pos=<4291.589844, 25.247801, 4162.500000>) and got 1650.
10:28:12 [Market] Player "Utopia" (id=2Try_3qbaTEpsZFGDBuJm6aX_lt9gyn8JYC7GcR3pyU=) has send a requested to sell twp_m16a2 x1 at the trader "Weapons (Denis [#STR_EXPANSION_MARKET_TRADER_WEAPONS])" in market zone "OUTLIVE Trader" (pos=<4291.589844, 25.247801, 4162.500000>).
10:28:12 [Market] Player "Utopia" (id=2Try_3qbaTEpsZFGDBuJm6aX_lt9gyn8JYC7GcR3pyU=) has sold twp_m16a2 x1 at the trader "Weapons (Denis [#STR_EXPANSION_MARKET_TRADER_WEAPONS])" in market zone "OUTLIVE Trader" (pos=<4291.589844, 25.247801, 4162.500000>) and got 2200.
10:28:15 [Market] Player "Utopia" (id=2Try_3qbaTEpsZFGDBuJm6aX_lt9gyn8JYC7GcR3pyU=) has send a requested to sell twp_ash12 x1 at the trader "Weapons (Denis [#STR_EXPANSION_MARKET_TRADER_WEAPONS])" in market zone "OUTLIVE Trader" (pos=<4291.589844, 25.247801, 4162.500000>).
10:28:16 [Market] Player "Utopia" (id=2Try_3qbaTEpsZFGDBuJm6aX_lt9gyn8JYC7GcR3pyU=) has sold twp_ash12 x1 at the trader "Weapons (Denis [#STR_EXPANSION_MARKET_TRADER_WEAPONS])" in market zone "OUTLIVE Trader" (pos=<4291.589844, 25.247801, 4162.500000>) and got 2200.
10:28:32 [Market] Player "Utopia" (id=2Try_3qbaTEpsZFGDBuJm6aX_lt9gyn8JYC7GcR3pyU=) has send a requested to sell twp_psg1 x1 at the trader "Weapons (Denis [#STR_EXPANSION_MARKET_TRADER_WEAPONS])" in market zone "OUTLIVE Trader" (pos=<4291.589844, 25.247801, 4162.500000>).
10:28:33 [Market] Player "Utopia" (id=2Try_3qbaTEpsZFGDBuJm6aX_lt9gyn8JYC7GcR3pyU=) has sold twp_psg1 x1 at the trader "Weapons (Denis [#STR_EXPANSION_MARKET_TRADER_WEAPONS])" in market zone "OUTLIVE Trader" (pos=<4291.589844, 25.247801, 4162.500000>) and got 2500.
10:28:38 [Market] Player "Utopia" (id=2Try_3qbaTEpsZFGDBuJm6aX_lt9gyn8JYC7GcR3pyU=) has send a requested to sell twp_marlin x1 at the trader "Weapons (Denis [#STR_EXPANSION_MARKET_TRADER_WEAPONS])" in market zone "OUTLIVE Trader" (pos=<4291.589844, 25.247801, 4162.500000>).
10:28:38 [Market] Player "Utopia" (id=2Try_3qbaTEpsZFGDBuJm6aX_lt9gyn8JYC7GcR3pyU=) has sold twp_marlin x1 at the trader "Weapons (Denis [#STR_EXPANSION_MARKET_TRADER_WEAPONS])" in market zone "OUTLIVE Trader" (pos=<4291.589844, 25.247801, 4162.500000>) and got 1500.
10:29:02 [Market] Player "Utopia" (id=2Try_3qbaTEpsZFGDBuJm6aX_lt9gyn8JYC7GcR3pyU=) has send a requested to sell famas x1 at the trader "Weapons (Denis [#STR_EXPANSION_MARKET_TRADER_WEAPONS])" in market zone "OUTLIVE Trader" (pos=<4291.589844, 25.247801, 4162.500000>).
10:29:02 [Market] Player "Utopia" (id=2Try_3qbaTEpsZFGDBuJm6aX_lt9gyn8JYC7GcR3pyU=) has sold famas x1 at the trader "Weapons (Denis [#STR_EXPANSION_MARKET_TRADER_WEAPONS])" in market zone "OUTLIVE Trader" (pos=<4291.589844, 25.247801, 4162.500000>) and got 1650.
10:29:09 [Market] Player "Utopia" (id=2Try_3qbaTEpsZFGDBuJm6aX_lt9gyn8JYC7GcR3pyU=) has send a requested to sell fal x1 at the trader "Weapons (Denis [#STR_EXPANSION_MARKET_TRADER_WEAPONS])" in market zone "OUTLIVE Trader" (pos=<4291.589844, 25.247801, 4162.500000>).
10:29:09 [Market] Player "Utopia" (id=2Try_3qbaTEpsZFGDBuJm6aX_lt9gyn8JYC7GcR3pyU=) has sold fal x1 at the trader "Weapons (Denis [#STR_EXPANSION_MARKET_TRADER_WEAPONS])" in market zone "OUTLIVE Trader" (pos=<4291.589844, 25.247801, 4162.500000>) and got 1138.
10:31:01 [Safezone] Player "Utopia" (id=2Try_3qbaTEpsZFGDBuJm6aX_lt9gyn8JYC7GcR3pyU= pos=<4196.056152, 14.168163, 4133.566406>) Entered the safezone
10:31:01 [Expansion Quests] - SetupClientData - Got cached player quest data for player with UID: 2Try_3qbaTEpsZFGDBuJm6aX_lt9gyn8JYC7GcR3pyU=
10:31:01 [Expansion Quests] - PlayerQuestsInit - Create new quest instance for quest: 20 - Creator UID: 2Try_3qbaTEpsZFGDBuJm6aX_lt9gyn8JYC7GcR3pyU=
10:31:56 [Market] Player "Utopia" (id=2Try_3qbaTEpsZFGDBuJm6aX_lt9gyn8JYC7GcR3pyU=) has send a requested to sell mmg_camelback_black x1 at the trader "Clothing (Linda [#STR_EXPANSION_MARKET_TRADER_CLOTHING])" in market zone "OUTLIVE Trader" (pos=<4291.589844, 25.247801, 4162.500000>).
10:31:56 [Market] Player "Utopia" (id=2Try_3qbaTEpsZFGDBuJm6aX_lt9gyn8JYC7GcR3pyU=) has sold mmg_camelback_black x1 at the trader "Clothing (Linda [#STR_EXPANSION_MARKET_TRADER_CLOTHING])" in market zone "OUTLIVE Trader" (pos=<4291.589844, 25.247801, 4162.500000>) and got 1000.
10:32:10 [ATM] Player "Dutch" (id=57YCvZuMRkHJU3yw82KRoiZHJWkQ2zloZIsjAhJjCWQ=) has withdrawn 3464 from his ATM account.
10:32:33 [Market] Player "Utopia" (id=2Try_3qbaTEpsZFGDBuJm6aX_lt9gyn8JYC7GcR3pyU=) has send a requested to sell mad_ghillietop_ultrapink x1 at the trader "Clothing (Linda [#STR_EXPANSION_MARKET_TRADER_CLOTHING])" in market zone "OUTLIVE Trader" (pos=<4291.589844, 25.247801, 4162.500000>).
10:32:34 [Market] Player "Utopia" (id=2Try_3qbaTEpsZFGDBuJm6aX_lt9gyn8JYC7GcR3pyU=) has sold mad_ghillietop_ultrapink x1 at the trader "Clothing (Linda [#STR_EXPANSION_MARKET_TRADER_CLOTHING])" in market zone "OUTLIVE Trader" (pos=<4291.589844, 25.247801, 4162.500000>) and got 600.
10:32:35 [Market] Player "Dutch" (id=57YCvZuMRkHJU3yw82KRoiZHJWkQ2zloZIsjAhJjCWQ=) has send a requested to purchase ammo_308win x100 from the trader "Attachments (Oliver [#STR_EXPANSION_MARKET_TRADER_ATTACHMENTS])" in market zone "OUTLIVE Trader" (pos=<4291.589844, 25.247801, 4162.500000>).
10:32:35 [Market] Player "Dutch" (id=57YCvZuMRkHJU3yw82KRoiZHJWkQ2zloZIsjAhJjCWQ=) has bought ammo_308win x100 from the trader "Attachments (Oliver [#STR_EXPANSION_MARKET_TRADER_ATTACHMENTS])" in market zone "OUTLIVE Trader" (pos=<4291.589844, 25.247801, 4162.500000>) for a price of 3300.
10:32:38 [Market] Player "Utopia" (id=2Try_3qbaTEpsZFGDBuJm6aX_lt9gyn8JYC7GcR3pyU=) has send a requested to sell mad_ghilliehood_yellow x1 at the trader "Clothing (Linda [#STR_EXPANSION_MARKET_TRADER_CLOTHING])" in market zone "OUTLIVE Trader" (pos=<4291.589844, 25.247801, 4162.500000>).
10:32:38 [Market] Player "Utopia" (id=2Try_3qbaTEpsZFGDBuJm6aX_lt9gyn8JYC7GcR3pyU=) has sold mad_ghilliehood_yellow x1 at the trader "Clothing (Linda [#STR_EXPANSION_MARKET_TRADER_CLOTHING])" in market zone "OUTLIVE Trader" (pos=<4291.589844, 25.247801, 4162.500000>) and got 500.
10:32:44 [Market] Player "Dutch" (id=57YCvZuMRkHJU3yw82KRoiZHJWkQ2zloZIsjAhJjCWQ=) has send a requested to purchase ammo_308win x1 from the trader "Attachments (Oliver [#STR_EXPANSION_MARKET_TRADER_ATTACHMENTS])" in market zone "OUTLIVE Trader" (pos=<4291.589844, 25.247801, 4162.500000>).
10:32:45 [Market] Player "Dutch" (id=57YCvZuMRkHJU3yw82KRoiZHJWkQ2zloZIsjAhJjCWQ=) has bought ammo_308win x1 from the trader "Attachments (Oliver [#STR_EXPANSION_MARKET_TRADER_ATTACHMENTS])" in market zone "OUTLIVE Trader" (pos=<4291.589844, 25.247801, 4162.500000>) for a price of 33.
10:32:47 [Market] Player "Dutch" (id=57YCvZuMRkHJU3yw82KRoiZHJWkQ2zloZIsjAhJjCWQ=) has send a requested to purchase ammo_308win x1 from the trader "Attachments (Oliver [#STR_EXPANSION_MARKET_TRADER_ATTACHMENTS])" in market zone "OUTLIVE Trader" (pos=<4291.589844, 25.247801, 4162.500000>).
10:32:47 [Market] Player "Dutch" (id=57YCvZuMRkHJU3yw82KRoiZHJWkQ2zloZIsjAhJjCWQ=) has bought ammo_308win x1 from the trader "Attachments (Oliver [#STR_EXPANSION_MARKET_TRADER_ATTACHMENTS])" in market zone "OUTLIVE Trader" (pos=<4291.589844, 25.247801, 4162.500000>) for a price of 33.
10:33:34 [ATM] Player "Dutch" (id=57YCvZuMRkHJU3yw82KRoiZHJWkQ2zloZIsjAhJjCWQ=) has deposited 98 on his ATM account.
10:35:13 [Market] Player "Utopia" (id=2Try_3qbaTEpsZFGDBuJm6aX_lt9gyn8JYC7GcR3pyU=) has send a requested to purchase ammo_556x45 x80 from the trader "Attachments (Oliver [#STR_EXPANSION_MARKET_TRADER_ATTACHMENTS])" in market zone "OUTLIVE Trader" (pos=<4291.589844, 25.247801, 4162.500000>).
10:35:13 [Market] Player "Utopia" (id=2Try_3qbaTEpsZFGDBuJm6aX_lt9gyn8JYC7GcR3pyU=) has bought ammo_556x45 x80 from the trader "Attachments (Oliver [#STR_EXPANSION_MARKET_TRADER_ATTACHMENTS])" in market zone "OUTLIVE Trader" (pos=<4291.589844, 25.247801, 4162.500000>) for a price of 2000.
10:35:29 [Market] Player "Utopia" (id=2Try_3qbaTEpsZFGDBuJm6aX_lt9gyn8JYC7GcR3pyU=) has send a requested to purchase ammo_12gapellets x80 from the trader "Attachments (Oliver [#STR_EXPANSION_MARKET_TRADER_ATTACHMENTS])" in market zone "OUTLIVE Trader" (pos=<4291.589844, 25.247801, 4162.500000>).
10:35:29 [Market] Player "Utopia" (id=2Try_3qbaTEpsZFGDBuJm6aX_lt9gyn8JYC7GcR3pyU=) has bought ammo_12gapellets x80 from the trader "Attachments (Oliver [#STR_EXPANSION_MARKET_TRADER_ATTACHMENTS])" in market zone "OUTLIVE Trader" (pos=<4291.589844, 25.247801, 4162.500000>) for a price of 1200.
10:35:37 [Market] Player "Utopia" (id=2Try_3qbaTEpsZFGDBuJm6aX_lt9gyn8JYC7GcR3pyU=) has send a requested to purchase ammo_12gapellets x80 from the trader "Attachments (Oliver [#STR_EXPANSION_MARKET_TRADER_ATTACHMENTS])" in market zone "OUTLIVE Trader" (pos=<4291.589844, 25.247801, 4162.500000>).
10:35:38 [Market] Player "Utopia" (id=2Try_3qbaTEpsZFGDBuJm6aX_lt9gyn8JYC7GcR3pyU=) has bought ammo_12gapellets x80 from the trader "Attachments (Oliver [#STR_EXPANSION_MARKET_TRADER_ATTACHMENTS])" in market zone "OUTLIVE Trader" (pos=<4291.589844, 25.247801, 4162.500000>) for a price of 1200.
10:38:12 [Market] Player "Utopia" (id=2Try_3qbaTEpsZFGDBuJm6aX_lt9gyn8JYC7GcR3pyU=) has send a requested to sell mag_famas_25rnd x1 at the trader "Attachments (Oliver [#STR_EXPANSION_MARKET_TRADER_ATTACHMENTS])" in market zone "OUTLIVE Trader" (pos=<4291.589844, 25.247801, 4162.500000>).
10:38:12 [Market] Player "Utopia" (id=2Try_3qbaTEpsZFGDBuJm6aX_lt9gyn8JYC7GcR3pyU=) has sold mag_famas_25rnd x1 at the trader "Attachments (Oliver [#STR_EXPANSION_MARKET_TRADER_ATTACHMENTS])" in market zone "OUTLIVE Trader" (pos=<4291.589844, 25.247801, 4162.500000>) and got 52.
10:38:15 [Market] Player "Utopia" (id=2Try_3qbaTEpsZFGDBuJm6aX_lt9gyn8JYC7GcR3pyU=) has send a requested to sell mag_saiga_5rnd x1 at the trader "Attachments (Oliver [#STR_EXPANSION_MARKET_TRADER_ATTACHMENTS])" in market zone "OUTLIVE Trader" (pos=<4291.589844, 25.247801, 4162.500000>).
10:38:15 [Market] Player "Utopia" (id=2Try_3qbaTEpsZFGDBuJm6aX_lt9gyn8JYC7GcR3pyU=) has sold mag_saiga_5rnd x1 at the trader "Attachments (Oliver [#STR_EXPANSION_MARKET_TRADER_ATTACHMENTS])" in market zone "OUTLIVE Trader" (pos=<4291.589844, 25.247801, 4162.500000>) and got 38.
10:38:27 [Market] Player "Utopia" (id=2Try_3qbaTEpsZFGDBuJm6aX_lt9gyn8JYC7GcR3pyU=) has send a requested to sell twp_ar60_mag_40rnd x1 at the trader "Attachments (Oliver [#STR_EXPANSION_MARKET_TRADER_ATTACHMENTS])" in market zone "OUTLIVE Trader" (pos=<4291.589844, 25.247801, 4162.500000>).
10:38:27 [Market] Player "Utopia" (id=2Try_3qbaTEpsZFGDBuJm6aX_lt9gyn8JYC7GcR3pyU=) has sold twp_ar60_mag_40rnd x1 at the trader "Attachments (Oliver [#STR_EXPANSION_MARKET_TRADER_ATTACHMENTS])" in market zone "OUTLIVE Trader" (pos=<4291.589844, 25.247801, 4162.500000>) and got 289.
10:38:36 [Market] Player "Utopia" (id=2Try_3qbaTEpsZFGDBuJm6aX_lt9gyn8JYC7GcR3pyU=) has send a requested to sell twp_honeybadgergold_mag_40rnd x1 at the trader "Attachments (Oliver [#STR_EXPANSION_MARKET_TRADER_ATTACHMENTS])" in market zone "OUTLIVE Trader" (pos=<4291.589844, 25.247801, 4162.500000>).
10:38:36 [Market] Player "Utopia" (id=2Try_3qbaTEpsZFGDBuJm6aX_lt9gyn8JYC7GcR3pyU=) has sold twp_honeybadgergold_mag_40rnd x1 at the trader "Attachments (Oliver [#STR_EXPANSION_MARKET_TRADER_ATTACHMENTS])" in market zone "OUTLIVE Trader" (pos=<4291.589844, 25.247801, 4162.500000>) and got 393.
10:38:39 [Market] Player "Utopia" (id=2Try_3qbaTEpsZFGDBuJm6aX_lt9gyn8JYC7GcR3pyU=) has send a requested to sell twp_m200mod_mag_10rnd x1 at the trader "Attachments (Oliver [#STR_EXPANSION_MARKET_TRADER_ATTACHMENTS])" in market zone "OUTLIVE Trader" (pos=<4291.589844, 25.247801, 4162.500000>).
10:38:40 [Market] Player "Utopia" (id=2Try_3qbaTEpsZFGDBuJm6aX_lt9gyn8JYC7GcR3pyU=) has sold twp_m200mod_mag_10rnd x1 at the trader "Attachments (Oliver [#STR_EXPANSION_MARKET_TRADER_ATTACHMENTS])" in market zone "OUTLIVE Trader" (pos=<4291.589844, 25.247801, 4162.500000>) and got 141.
10:38:48 [Market] Player "Utopia" (id=2Try_3qbaTEpsZFGDBuJm6aX_lt9gyn8JYC7GcR3pyU=) has send a requested to sell twp_sg550_mag_30rnd x1 at the trader "Attachments (Oliver [#STR_EXPANSION_MARKET_TRADER_ATTACHMENTS])" in market zone "OUTLIVE Trader" (pos=<4291.589844, 25.247801, 4162.500000>).
10:38:48 [Market] Player "Utopia" (id=2Try_3qbaTEpsZFGDBuJm6aX_lt9gyn8JYC7GcR3pyU=) has sold twp_sg550_mag_30rnd x1 at the trader "Attachments (Oliver [#STR_EXPANSION_MARKET_TRADER_ATTACHMENTS])" in market zone "OUTLIVE Trader" (pos=<4291.589844, 25.247801, 4162.500000>) and got 278.
10:38:51 [Market] Player "Utopia" (id=2Try_3qbaTEpsZFGDBuJm6aX_lt9gyn8JYC7GcR3pyU=) has send a requested to sell twp_tac21_mag_8rnd x1 at the trader "Attachments (Oliver [#STR_EXPANSION_MARKET_TRADER_ATTACHMENTS])" in market zone "OUTLIVE Trader" (pos=<4291.589844, 25.247801, 4162.500000>).
10:38:51 [Market] Player "Utopia" (id=2Try_3qbaTEpsZFGDBuJm6aX_lt9gyn8JYC7GcR3pyU=) has sold twp_tac21_mag_8rnd x1 at the trader "Attachments (Oliver [#STR_EXPANSION_MARKET_TRADER_ATTACHMENTS])" in market zone "OUTLIVE Trader" (pos=<4291.589844, 25.247801, 4162.500000>) and got 102.
10:40:05 [Market] Player "Dutch" (id=57YCvZuMRkHJU3yw82KRoiZHJWkQ2zloZIsjAhJjCWQ=) has send a requested to sell twp_hk417_mag_30rnd x1 at the trader "Attachments (Oliver [#STR_EXPANSION_MARKET_TRADER_ATTACHMENTS])" in market zone "OUTLIVE Trader" (pos=<4291.589844, 25.247801, 4162.500000>).
10:40:05 [Market] Player "Dutch" (id=57YCvZuMRkHJU3yw82KRoiZHJWkQ2zloZIsjAhJjCWQ=) has sold twp_hk417_mag_30rnd x1 at the trader "Attachments (Oliver [#STR_EXPANSION_MARKET_TRADER_ATTACHMENTS])" in market zone "OUTLIVE Trader" (pos=<4291.589844, 25.247801, 4162.500000>) and got 180.
10:40:06 [Market] Player "Utopia" (id=2Try_3qbaTEpsZFGDBuJm6aX_lt9gyn8JYC7GcR3pyU=) has send a requested to purchase ammo_556x45 x80 from the trader "Attachments (Oliver [#STR_EXPANSION_MARKET_TRADER_ATTACHMENTS])" in market zone "OUTLIVE Trader" (pos=<4291.589844, 25.247801, 4162.500000>).
10:40:06 [Market] Player "Utopia" (id=2Try_3qbaTEpsZFGDBuJm6aX_lt9gyn8JYC7GcR3pyU=) has bought ammo_556x45 x80 from the trader "Attachments (Oliver [#STR_EXPANSION_MARKET_TRADER_ATTACHMENTS])" in market zone "OUTLIVE Trader" (pos=<4291.589844, 25.247801, 4162.500000>) for a price of 2000.
10:40:34 [ATM] Player "Dutch" (id=57YCvZuMRkHJU3yw82KRoiZHJWkQ2zloZIsjAhJjCWQ=) has deposited 180 on his ATM account.
10:40:57 [Market] Player "Utopia" (id=2Try_3qbaTEpsZFGDBuJm6aX_lt9gyn8JYC7GcR3pyU=) has send a requested to purchase zagorky x3 from the trader "Consumables (Naomi [#STR_EXPANSION_MARKET_TRADER_CONSUMABLES])" in market zone "OUTLIVE Trader" (pos=<4291.589844, 25.247801, 4162.500000>).
10:40:57 [Market] Player "Utopia" (id=2Try_3qbaTEpsZFGDBuJm6aX_lt9gyn8JYC7GcR3pyU=) has bought zagorky x3 from the trader "Consumables (Naomi [#STR_EXPANSION_MARKET_TRADER_CONSUMABLES])" in market zone "OUTLIVE Trader" (pos=<4291.589844, 25.247801, 4162.500000>) for a price of 300.
10:41:55 [ATM] Player "Utopia" (id=2Try_3qbaTEpsZFGDBuJm6aX_lt9gyn8JYC7GcR3pyU=) has deposited 17000 on his ATM account.
10:57:52 [Expansion Quests] - SetupClientData - Got cached player quest data for player with UID: 43IpgklI_aNg_fY-skmiIw4rsIpowSAxaSy90nsq0hk=
10:57:52 [Expansion Quests] - PlayerQuestsInit - Create new quest instance for quest: 23 - Creator UID: 43IpgklI_aNg_fY-skmiIw4rsIpowSAxaSy90nsq0hk=
11:02:19 [Territory] Player "Northman" (id=43IpgklI_aNg_fY-skmiIw4rsIpowSAxaSy90nsq0hk=) created territory North at <3157.874268, 21.479794, 3500.312256>
11:32:57 [Expansion Quests] - SetupClientData - Got cached player quest data for player with UID: 43IpgklI_aNg_fY-skmiIw4rsIpowSAxaSy90nsq0hk=
