17:34:43 [AI Object Patrol] Generating an example config...
17:35:45 [Expansion Quests] - SetupClientData - Loaded existing player quest data for player with UID: ZTXpII8hdlZrdqYTHCvz0fxjoPzjSGUpQ6D6IiwFrCk=
17:35:45 [Expansion Quests] - PlayerQuestsInit - Create new quest instance for quest: 20 - Creator UID: ZTXpII8hdlZrdqYTHCvz0fxjoPzjSGUpQ6D6IiwFrCk=
17:35:45 [Expansion Quests] - PlayerQuestsInit - Create new quest instance for quest: 23 - Creator UID: ZTXpII8hdlZrdqYTHCvz0fxjoPzjSGUpQ6D6IiwFrCk=
17:35:59 [Expansion Quests] - SetupClientData - Loaded existing player quest data for player with UID: qa3SiHrOYQuyhWNE1xqFHOSVyeLINWrI-wJF_cwVwyw=
17:35:59 [Expansion Quests] - PlayerQuestsInit - Create new quest instance for quest: 23 - Creator UID: qa3SiHrOYQuyhWNE1xqFHOSVyeLINWrI-wJF_cwVwyw=
17:35:59 [Expansion Quests] - PlayerQuestsInit - Create new quest instance for quest: 17 - Creator UID: qa3SiHrOYQuyhWNE1xqFHOSVyeLINWrI-wJF_cwVwyw=
17:36:06 [Expansion Quests] - SetupClientData - Loaded existing player quest data for player with UID: iTnQj5Zddd6ul6ie1MZ58a6IghppA2N8HvFffg9SNWw=
17:36:06 [Expansion Quests] - PlayerQuestsInit - Create new quest instance for quest: 23 - Creator UID: iTnQj5Zddd6ul6ie1MZ58a6IghppA2N8HvFffg9SNWw=
17:36:10 [Safezone] Player "MADness" (id=OWXX6Y-5LFd-7A6ELi2o-QPO0kjmZUMZvMTKL0AQ_q0= pos=<4243.018555, 10.029655, 4165.382324>) Entered the safezone
17:36:10 [Expansion Quests] - SetupClientData - Loaded existing player quest data for player with UID: OWXX6Y-5LFd-7A6ELi2o-QPO0kjmZUMZvMTKL0AQ_q0=
17:36:10 [Expansion Quests] - PlayerQuestsInit - Create new quest instance for quest: 23 - Creator UID: OWXX6Y-5LFd-7A6ELi2o-QPO0kjmZUMZvMTKL0AQ_q0=
17:36:30 [Expansion Quests] - SetupClientData - Loaded existing player quest data for player with UID: ktRM41tfmEPWvroZR3AqsVqtk95x7WD2p7citvvKp8g=
17:36:30 [Expansion Quests] - PlayerQuestsInit - Create new quest instance for quest: 23 - Creator UID: ktRM41tfmEPWvroZR3AqsVqtk95x7WD2p7citvvKp8g=
17:36:30 [Expansion Quests] - PlayerQuestsInit - Create new quest instance for quest: 24 - Creator UID: ktRM41tfmEPWvroZR3AqsVqtk95x7WD2p7citvvKp8g=
17:37:15 [Expansion Quests] - SetupClientData - Loaded existing player quest data for player with UID: 3DdZBGxrhpjkG_MR5Mu_raSUKI_yyi3YtQfBsO6_fmM=
17:37:15 [Expansion Quests] - PlayerQuestsInit - Create new quest instance for quest: 20 - Creator UID: 3DdZBGxrhpjkG_MR5Mu_raSUKI_yyi3YtQfBsO6_fmM=
17:37:15 [Expansion Quests] - PlayerQuestsInit - Create new quest instance for quest: 23 - Creator UID: 3DdZBGxrhpjkG_MR5Mu_raSUKI_yyi3YtQfBsO6_fmM=
17:37:50 [Expansion Quests] - SetupClientData - Loaded existing player quest data for player with UID: 4J1ZKcwA-26L3HgU5BJNo7WcyuiqX0LXnszrWFv9hmQ=
17:37:50 [Expansion Quests] - PlayerQuestsInit - Create new quest instance for quest: 23 - Creator UID: 4J1ZKcwA-26L3HgU5BJNo7WcyuiqX0LXnszrWFv9hmQ=
17:37:50 [Expansion Quests] - PlayerQuestsInit - Create new quest instance for quest: 82 - Creator UID: 4J1ZKcwA-26L3HgU5BJNo7WcyuiqX0LXnszrWFv9hmQ=
17:37:50 [Expansion Quests] - PlayerQuestsInit - Create new quest instance for quest: 17 - Creator UID: 4J1ZKcwA-26L3HgU5BJNo7WcyuiqX0LXnszrWFv9hmQ=
17:37:50 [Expansion Quests] - PlayerQuestsInit - Create new quest instance for quest: 18 - Creator UID: 4J1ZKcwA-26L3HgU5BJNo7WcyuiqX0LXnszrWFv9hmQ=
17:37:50 [Expansion Quests] - PlayerQuestsInit - Create new quest instance for quest: 4 - Creator UID: 4J1ZKcwA-26L3HgU5BJNo7WcyuiqX0LXnszrWFv9hmQ=
17:37:50 [Expansion Quests] - PlayerQuestsInit - Create new quest instance for quest: 15 - Creator UID: 4J1ZKcwA-26L3HgU5BJNo7WcyuiqX0LXnszrWFv9hmQ=
17:39:09 [Chat - Global]("Banderas"(id=4J1ZKcwA-26L3HgU5BJNo7WcyuiqX0LXnszrWFv9hmQ=)): kick me back to 700m from base without car:(
17:39:09 [Expansion Quests] - SetupClientData - Loaded existing player quest data for player with UID: 5HGJM4GfzznjUOY_lcVWS3zeQvKgWVOcukrVzOvxsYc=
17:39:09 [Expansion Quests] - PlayerQuestsInit - Create new quest instance for quest: 23 - Creator UID: 5HGJM4GfzznjUOY_lcVWS3zeQvKgWVOcukrVzOvxsYc=
17:39:22 [Expansion Quests] - SetupClientData - Loaded existing player quest data for player with UID: 4su7obi-vQiFwCpt_re2z-tuKNCR2I-AnAPDdxYjmgU=
17:39:22 [Expansion Quests] - PlayerQuestsInit - Create new quest instance for quest: 20 - Creator UID: 4su7obi-vQiFwCpt_re2z-tuKNCR2I-AnAPDdxYjmgU=
17:39:22 [Expansion Quests] - PlayerQuestsInit - Create new quest instance for quest: 23 - Creator UID: 4su7obi-vQiFwCpt_re2z-tuKNCR2I-AnAPDdxYjmgU=
17:40:03 [VehicleCarKey] Player "bliki" (id=4su7obi-vQiFwCpt_re2z-tuKNCR2I-AnAPDdxYjmgU= pos=<4226.601074, 22.632597, 842.202820>) used the  ExpansionCarKey to unlock a ExpansionVodnik
17:40:14 [VehicleCarKey] Player "MaxKulera" (id=5HGJM4GfzznjUOY_lcVWS3zeQvKgWVOcukrVzOvxsYc= pos=<5199.467285, 1.622999, 6296.323730>) used the  ExpansionCarKey to unlock a Sedan_02
17:40:17 [Chat - Global]("Banderas"(id=4J1ZKcwA-26L3HgU5BJNo7WcyuiqX0LXnszrWFv9hmQ=)): fu car is near base:)
17:40:52 [MissionAirdrop] An airdrop is heading towards "Prien" (pos=<4452.000000, 0.000000, 2196.000000> type=Random_Prien) with a ExpansionAirdropContainer_Military
17:40:52 [MissionAirdrop] An airdrop is heading towards "Obing" (pos=<6316.000000, 0.000000, 9204.000000> type=Random_Obing) with a ExpansionAirdropContainer_Medical
17:41:06 [VehicleCarKey] Player "MaxKulera" (id=5HGJM4GfzznjUOY_lcVWS3zeQvKgWVOcukrVzOvxsYc= pos=<5199.710938, 1.586851, 6296.239746>) used the  ExpansionCarKey to lock a Sedan_02
17:41:40 [VehicleCarKey] Player "Kocur69" (id=iTnQj5Zddd6ul6ie1MZ58a6IghppA2N8HvFffg9SNWw= pos=<9113.691406, 1.106768, 4678.357422>) used the  ExpansionCarKey to unlock a ExpansionUtilityBoat
17:44:36 [Expansion Quests] - SetupClientData - Loaded existing player quest data for player with UID: HmoyAH1t2KejoSgtXMBbb7G-XqppYeWNJ-JGgiwVNzw=
17:44:36 [Expansion Quests] - PlayerQuestsInit - Create new quest instance for quest: 20 - Creator UID: HmoyAH1t2KejoSgtXMBbb7G-XqppYeWNJ-JGgiwVNzw=
17:44:36 [Expansion Quests] - PlayerQuestsInit - Create new quest instance for quest: 23 - Creator UID: HmoyAH1t2KejoSgtXMBbb7G-XqppYeWNJ-JGgiwVNzw=
17:46:37 [Expansion Quests] - SetupClientData - Loaded existing player quest data for player with UID: iyN6JbNqEvHMp_A5zeXvCmCy1_EaihIFwZocZ4y6-LM=
17:46:37 [Expansion Quests] - PlayerQuestsInit - Create new quest instance for quest: 20 - Creator UID: iyN6JbNqEvHMp_A5zeXvCmCy1_EaihIFwZocZ4y6-LM=
17:46:37 [Expansion Quests] - PlayerQuestsInit - Create new quest instance for quest: 23 - Creator UID: iyN6JbNqEvHMp_A5zeXvCmCy1_EaihIFwZocZ4y6-LM=
17:46:39 [Expansion Quests] - SetupClientData - Got cached player quest data for player with UID: HmoyAH1t2KejoSgtXMBbb7G-XqppYeWNJ-JGgiwVNzw=
17:46:53 [Chat - Global]("[R.E.D] DoDgY"(id=ktRM41tfmEPWvroZR3AqsVqtk95x7WD2p7citvvKp8g=)): always rolls
17:46:56 [Chat - Global]("[R.E.D] DoDgY"(id=ktRM41tfmEPWvroZR3AqsVqtk95x7WD2p7citvvKp8g=)): back
17:47:45 [VehicleCarKey] Player "Kocur69" (id=iTnQj5Zddd6ul6ie1MZ58a6IghppA2N8HvFffg9SNWw= pos=<4780.118164, 0.677187, 2152.355225>) used the  ExpansionCarKey to lock a ExpansionUtilityBoat
17:48:56 [VehicleCarKey] Player "[R.E.D] The Old Man" (id=qa3SiHrOYQuyhWNE1xqFHOSVyeLINWrI-wJF_cwVwyw= pos=<7020.037598, 1.691025, 5125.500000>) used the  ExpansionCarKey to lock a Hatchback_02
17:49:11 [Safezone] Player "Banderas" (id=4J1ZKcwA-26L3HgU5BJNo7WcyuiqX0LXnszrWFv9hmQ= pos=<4190.397949, 14.891311, 4243.735840>) Entered the safezone
17:49:17 [VehicleCarKey] Player "[R.E.D] The Old Man" (id=qa3SiHrOYQuyhWNE1xqFHOSVyeLINWrI-wJF_cwVwyw= pos=<7017.064941, 1.655262, 5127.162598>) used the  ExpansionCarKey to unlock a Hatchback_02
17:49:31 [VehicleCarKey] Player "[R.E.D] The Old Man" (id=qa3SiHrOYQuyhWNE1xqFHOSVyeLINWrI-wJF_cwVwyw= pos=<7017.598145, 1.655272, 5127.411621>) used the  ExpansionCarKey to lock a Hatchback_02
17:51:36 [VehicleCarKey] Player "P@lko2265" (id=iyN6JbNqEvHMp_A5zeXvCmCy1_EaihIFwZocZ4y6-LM= pos=<9856.889648, -0.176012, 4512.344238>) used the  ExpansionCarKey to unlock a ExpansionUtilityBoat
17:52:05 [VehicleCarKey] Player "[R.E.D] The Old Man" (id=qa3SiHrOYQuyhWNE1xqFHOSVyeLINWrI-wJF_cwVwyw= pos=<7010.204102, 1.655379, 5091.136230>) used the  ExpansionCarKey to unlock a ExpansionUtilityBoat
17:52:24 [Market] Player "Banderas" (id=4J1ZKcwA-26L3HgU5BJNo7WcyuiqX0LXnszrWFv9hmQ=) has send a requested to sell rangefinder x1 at the trader "BuildingSupplies (Boris [#STR_EXPANSION_MARKET_TRADER_BUILDING_SUPPLIES])" in market zone "OUTLIVE Trader" (pos=<4291.589844, 25.247801, 4162.500000>).
17:52:24 [Market] Player "Banderas" (id=4J1ZKcwA-26L3HgU5BJNo7WcyuiqX0LXnszrWFv9hmQ=) has sold rangefinder x1 at the trader "BuildingSupplies (Boris [#STR_EXPANSION_MARKET_TRADER_BUILDING_SUPPLIES])" in market zone "OUTLIVE Trader" (pos=<4291.589844, 25.247801, 4162.500000>) and got 175.
17:52:25 [Market] Player "Banderas" (id=4J1ZKcwA-26L3HgU5BJNo7WcyuiqX0LXnszrWFv9hmQ=) has send a requested to sell personalradio x1 at the trader "BuildingSupplies (Boris [#STR_EXPANSION_MARKET_TRADER_BUILDING_SUPPLIES])" in market zone "OUTLIVE Trader" (pos=<4291.589844, 25.247801, 4162.500000>).
17:52:25 [Market] Player "Banderas" (id=4J1ZKcwA-26L3HgU5BJNo7WcyuiqX0LXnszrWFv9hmQ=) has sold personalradio x1 at the trader "BuildingSupplies (Boris [#STR_EXPANSION_MARKET_TRADER_BUILDING_SUPPLIES])" in market zone "OUTLIVE Trader" (pos=<4291.589844, 25.247801, 4162.500000>) and got 150.
17:52:34 [Market] Player "Banderas" (id=4J1ZKcwA-26L3HgU5BJNo7WcyuiqX0LXnszrWFv9hmQ=) has send a requested to sell wrench x1 at the trader "BuildingSupplies (Boris [#STR_EXPANSION_MARKET_TRADER_BUILDING_SUPPLIES])" in market zone "OUTLIVE Trader" (pos=<4291.589844, 25.247801, 4162.500000>).
17:52:34 [Market] Player "Banderas" (id=4J1ZKcwA-26L3HgU5BJNo7WcyuiqX0LXnszrWFv9hmQ=) has sold wrench x1 at the trader "BuildingSupplies (Boris [#STR_EXPANSION_MARKET_TRADER_BUILDING_SUPPLIES])" in market zone "OUTLIVE Trader" (pos=<4291.589844, 25.247801, 4162.500000>) and got 60.
17:52:36 [Market] Player "Banderas" (id=4J1ZKcwA-26L3HgU5BJNo7WcyuiqX0LXnszrWFv9hmQ=) has send a requested to sell lockpick x1 at the trader "BuildingSupplies (Boris [#STR_EXPANSION_MARKET_TRADER_BUILDING_SUPPLIES])" in market zone "OUTLIVE Trader" (pos=<4291.589844, 25.247801, 4162.500000>).
17:52:37 [Market] Player "Banderas" (id=4J1ZKcwA-26L3HgU5BJNo7WcyuiqX0LXnszrWFv9hmQ=) has sold lockpick x1 at the trader "BuildingSupplies (Boris [#STR_EXPANSION_MARKET_TRADER_BUILDING_SUPPLIES])" in market zone "OUTLIVE Trader" (pos=<4291.589844, 25.247801, 4162.500000>) and got 1000.
17:53:09 [Market] Player "Banderas" (id=4J1ZKcwA-26L3HgU5BJNo7WcyuiqX0LXnszrWFv9hmQ=) has send a requested to sell twp_asr x1 at the trader "Weapons (Denis [#STR_EXPANSION_MARKET_TRADER_WEAPONS])" in market zone "OUTLIVE Trader" (pos=<4291.589844, 25.247801, 4162.500000>).
17:53:09 [Market] Player "Banderas" (id=4J1ZKcwA-26L3HgU5BJNo7WcyuiqX0LXnszrWFv9hmQ=) has sold twp_asr x1 at the trader "Weapons (Denis [#STR_EXPANSION_MARKET_TRADER_WEAPONS])" in market zone "OUTLIVE Trader" (pos=<4291.589844, 25.247801, 4162.500000>) and got 1000.
17:53:10 [Market] Player "Banderas" (id=4J1ZKcwA-26L3HgU5BJNo7WcyuiqX0LXnszrWFv9hmQ=) has send a requested to sell twp_asval x1 at the trader "Weapons (Denis [#STR_EXPANSION_MARKET_TRADER_WEAPONS])" in market zone "OUTLIVE Trader" (pos=<4291.589844, 25.247801, 4162.500000>).
17:53:10 [Market] Player "Banderas" (id=4J1ZKcwA-26L3HgU5BJNo7WcyuiqX0LXnszrWFv9hmQ=) has sold twp_asval x1 at the trader "Weapons (Denis [#STR_EXPANSION_MARKET_TRADER_WEAPONS])" in market zone "OUTLIVE Trader" (pos=<4291.589844, 25.247801, 4162.500000>) and got 2100.
17:53:14 [Market] Player "Banderas" (id=4J1ZKcwA-26L3HgU5BJNo7WcyuiqX0LXnszrWFv9hmQ=) has send a requested to sell twp_hkcarabine x1 at the trader "Weapons (Denis [#STR_EXPANSION_MARKET_TRADER_WEAPONS])" in market zone "OUTLIVE Trader" (pos=<4291.589844, 25.247801, 4162.500000>).
17:53:14 [Market] Player "Banderas" (id=4J1ZKcwA-26L3HgU5BJNo7WcyuiqX0LXnszrWFv9hmQ=) has sold twp_hkcarabine x1 at the trader "Weapons (Denis [#STR_EXPANSION_MARKET_TRADER_WEAPONS])" in market zone "OUTLIVE Trader" (pos=<4291.589844, 25.247801, 4162.500000>) and got 1600.
17:53:15 [Market] Player "Banderas" (id=4J1ZKcwA-26L3HgU5BJNo7WcyuiqX0LXnszrWFv9hmQ=) has send a requested to sell twp_ppsh x1 at the trader "Weapons (Denis [#STR_EXPANSION_MARKET_TRADER_WEAPONS])" in market zone "OUTLIVE Trader" (pos=<4291.589844, 25.247801, 4162.500000>).
17:53:15 [Market] Player "Banderas" (id=4J1ZKcwA-26L3HgU5BJNo7WcyuiqX0LXnszrWFv9hmQ=) has sold twp_ppsh x1 at the trader "Weapons (Denis [#STR_EXPANSION_MARKET_TRADER_WEAPONS])" in market zone "OUTLIVE Trader" (pos=<4291.589844, 25.247801, 4162.500000>) and got 1200.
17:53:18 [Market] Player "Banderas" (id=4J1ZKcwA-26L3HgU5BJNo7WcyuiqX0LXnszrWFv9hmQ=) has send a requested to sell twp_sks x1 at the trader "Weapons (Denis [#STR_EXPANSION_MARKET_TRADER_WEAPONS])" in market zone "OUTLIVE Trader" (pos=<4291.589844, 25.247801, 4162.500000>).
17:53:18 [Market] Player "Banderas" (id=4J1ZKcwA-26L3HgU5BJNo7WcyuiqX0LXnszrWFv9hmQ=) has sold twp_sks x1 at the trader "Weapons (Denis [#STR_EXPANSION_MARKET_TRADER_WEAPONS])" in market zone "OUTLIVE Trader" (pos=<4291.589844, 25.247801, 4162.500000>) and got 1200.
17:53:19 [Market] Player "Banderas" (id=4J1ZKcwA-26L3HgU5BJNo7WcyuiqX0LXnszrWFv9hmQ=) has send a requested to sell twp_xm8 x1 at the trader "Weapons (Denis [#STR_EXPANSION_MARKET_TRADER_WEAPONS])" in market zone "OUTLIVE Trader" (pos=<4291.589844, 25.247801, 4162.500000>).
17:53:19 [Market] Player "Banderas" (id=4J1ZKcwA-26L3HgU5BJNo7WcyuiqX0LXnszrWFv9hmQ=) has sold twp_xm8 x1 at the trader "Weapons (Denis [#STR_EXPANSION_MARKET_TRADER_WEAPONS])" in market zone "OUTLIVE Trader" (pos=<4291.589844, 25.247801, 4162.500000>) and got 1600.
17:53:25 [Market] Player "Banderas" (id=4J1ZKcwA-26L3HgU5BJNo7WcyuiqX0LXnszrWFv9hmQ=) has send a requested to sell glock19 x1 at the trader "Weapons (Denis [#STR_EXPANSION_MARKET_TRADER_WEAPONS])" in market zone "OUTLIVE Trader" (pos=<4291.589844, 25.247801, 4162.500000>).
17:53:25 [Market] Player "Banderas" (id=4J1ZKcwA-26L3HgU5BJNo7WcyuiqX0LXnszrWFv9hmQ=) has sold glock19 x1 at the trader "Weapons (Denis [#STR_EXPANSION_MARKET_TRADER_WEAPONS])" in market zone "OUTLIVE Trader" (pos=<4291.589844, 25.247801, 4162.500000>) and got 90.
17:53:34 [Market] Player "Banderas" (id=4J1ZKcwA-26L3HgU5BJNo7WcyuiqX0LXnszrWFv9hmQ=) has send a requested to sell augshort x1 at the trader "Weapons (Denis [#STR_EXPANSION_MARKET_TRADER_WEAPONS])" in market zone "OUTLIVE Trader" (pos=<4291.589844, 25.247801, 4162.500000>).
17:53:34 [Market] Player "Banderas" (id=4J1ZKcwA-26L3HgU5BJNo7WcyuiqX0LXnszrWFv9hmQ=) has sold augshort x1 at the trader "Weapons (Denis [#STR_EXPANSION_MARKET_TRADER_WEAPONS])" in market zone "OUTLIVE Trader" (pos=<4291.589844, 25.247801, 4162.500000>) and got 2000.
17:53:43 [Market] Player "Banderas" (id=4J1ZKcwA-26L3HgU5BJNo7WcyuiqX0LXnszrWFv9hmQ=) has send a requested to sell kobraoptic x1 at the trader "Attachments (Oliver [#STR_EXPANSION_MARKET_TRADER_ATTACHMENTS])" in market zone "OUTLIVE Trader" (pos=<4291.589844, 25.247801, 4162.500000>).
17:53:43 [Market] Player "Banderas" (id=4J1ZKcwA-26L3HgU5BJNo7WcyuiqX0LXnszrWFv9hmQ=) has sold kobraoptic x1 at the trader "Attachments (Oliver [#STR_EXPANSION_MARKET_TRADER_ATTACHMENTS])" in market zone "OUTLIVE Trader" (pos=<4291.589844, 25.247801, 4162.500000>) and got 120.
17:53:51 [Market] Player "Banderas" (id=4J1ZKcwA-26L3HgU5BJNo7WcyuiqX0LXnszrWFv9hmQ=) has send a requested to sell mag_cz75_15rnd x1 at the trader "Attachments (Oliver [#STR_EXPANSION_MARKET_TRADER_ATTACHMENTS])" in market zone "OUTLIVE Trader" (pos=<4291.589844, 25.247801, 4162.500000>).
17:53:51 [Market] Player "Banderas" (id=4J1ZKcwA-26L3HgU5BJNo7WcyuiqX0LXnszrWFv9hmQ=) has sold mag_cz75_15rnd x1 at the trader "Attachments (Oliver [#STR_EXPANSION_MARKET_TRADER_ATTACHMENTS])" in market zone "OUTLIVE Trader" (pos=<4291.589844, 25.247801, 4162.500000>) and got 43.
17:53:52 [Market] Player "Banderas" (id=4J1ZKcwA-26L3HgU5BJNo7WcyuiqX0LXnszrWFv9hmQ=) has send a requested to sell mag_cz75_15rnd x1 at the trader "Attachments (Oliver [#STR_EXPANSION_MARKET_TRADER_ATTACHMENTS])" in market zone "OUTLIVE Trader" (pos=<4291.589844, 25.247801, 4162.500000>).
17:53:52 [Market] Player "Banderas" (id=4J1ZKcwA-26L3HgU5BJNo7WcyuiqX0LXnszrWFv9hmQ=) has sold mag_cz75_15rnd x1 at the trader "Attachments (Oliver [#STR_EXPANSION_MARKET_TRADER_ATTACHMENTS])" in market zone "OUTLIVE Trader" (pos=<4291.589844, 25.247801, 4162.500000>) and got 47.
17:53:53 [Market] Player "Banderas" (id=4J1ZKcwA-26L3HgU5BJNo7WcyuiqX0LXnszrWFv9hmQ=) has send a requested to sell mag_cz75_15rnd x1 at the trader "Attachments (Oliver [#STR_EXPANSION_MARKET_TRADER_ATTACHMENTS])" in market zone "OUTLIVE Trader" (pos=<4291.589844, 25.247801, 4162.500000>).
17:53:53 [Market] Player "Banderas" (id=4J1ZKcwA-26L3HgU5BJNo7WcyuiqX0LXnszrWFv9hmQ=) has sold mag_cz75_15rnd x1 at the trader "Attachments (Oliver [#STR_EXPANSION_MARKET_TRADER_ATTACHMENTS])" in market zone "OUTLIVE Trader" (pos=<4291.589844, 25.247801, 4162.500000>) and got 35.
17:53:55 [Market] Player "Banderas" (id=4J1ZKcwA-26L3HgU5BJNo7WcyuiqX0LXnszrWFv9hmQ=) has send a requested to sell mag_ij70_8rnd x1 at the trader "Attachments (Oliver [#STR_EXPANSION_MARKET_TRADER_ATTACHMENTS])" in market zone "OUTLIVE Trader" (pos=<4291.589844, 25.247801, 4162.500000>).
17:53:56 [Market] Player "Banderas" (id=4J1ZKcwA-26L3HgU5BJNo7WcyuiqX0LXnszrWFv9hmQ=) has sold mag_ij70_8rnd x1 at the trader "Attachments (Oliver [#STR_EXPANSION_MARKET_TRADER_ATTACHMENTS])" in market zone "OUTLIVE Trader" (pos=<4291.589844, 25.247801, 4162.500000>) and got 38.
17:53:56 [Market] Player "Banderas" (id=4J1ZKcwA-26L3HgU5BJNo7WcyuiqX0LXnszrWFv9hmQ=) has send a requested to sell mag_ij70_8rnd x1 at the trader "Attachments (Oliver [#STR_EXPANSION_MARKET_TRADER_ATTACHMENTS])" in market zone "OUTLIVE Trader" (pos=<4291.589844, 25.247801, 4162.500000>).
17:53:56 [Market] Player "Banderas" (id=4J1ZKcwA-26L3HgU5BJNo7WcyuiqX0LXnszrWFv9hmQ=) has sold mag_ij70_8rnd x1 at the trader "Attachments (Oliver [#STR_EXPANSION_MARKET_TRADER_ATTACHMENTS])" in market zone "OUTLIVE Trader" (pos=<4291.589844, 25.247801, 4162.500000>) and got 29.
17:53:57 [Market] Player "Banderas" (id=4J1ZKcwA-26L3HgU5BJNo7WcyuiqX0LXnszrWFv9hmQ=) has send a requested to sell mag_ij70_8rnd x1 at the trader "Attachments (Oliver [#STR_EXPANSION_MARKET_TRADER_ATTACHMENTS])" in market zone "OUTLIVE Trader" (pos=<4291.589844, 25.247801, 4162.500000>).
17:53:57 [Market] Player "Banderas" (id=4J1ZKcwA-26L3HgU5BJNo7WcyuiqX0LXnszrWFv9hmQ=) has sold mag_ij70_8rnd x1 at the trader "Attachments (Oliver [#STR_EXPANSION_MARKET_TRADER_ATTACHMENTS])" in market zone "OUTLIVE Trader" (pos=<4291.589844, 25.247801, 4162.500000>) and got 38.
17:54:06 [Market] Player "Banderas" (id=4J1ZKcwA-26L3HgU5BJNo7WcyuiqX0LXnszrWFv9hmQ=) has send a requested to sell twp_mp7_mag_30rnd x1 at the trader "Attachments (Oliver [#STR_EXPANSION_MARKET_TRADER_ATTACHMENTS])" in market zone "OUTLIVE Trader" (pos=<4291.589844, 25.247801, 4162.500000>).
17:54:07 [Market] Player "Banderas" (id=4J1ZKcwA-26L3HgU5BJNo7WcyuiqX0LXnszrWFv9hmQ=) has sold twp_mp7_mag_30rnd x1 at the trader "Attachments (Oliver [#STR_EXPANSION_MARKET_TRADER_ATTACHMENTS])" in market zone "OUTLIVE Trader" (pos=<4291.589844, 25.247801, 4162.500000>) and got 227.
17:56:08 [ATM Locker] Player "Banderas" (id=4J1ZKcwA-26L3HgU5BJNo7WcyuiqX0LXnszrWFv9hmQ=) has withdrawn 136196 from his ATM account.
17:56:15 [Market] Player "Banderas" (id=4J1ZKcwA-26L3HgU5BJNo7WcyuiqX0LXnszrWFv9hmQ=) has send a requested to sell sedan_02 x1 at the trader "Vehicles (Peter [#STR_EXPANSION_MARKET_TRADER_VEHICLES])" in market zone "OUTLIVE Trader" (pos=<4291.589844, 25.247801, 4162.500000>).
17:56:15 [Market] Player "Banderas" (id=4J1ZKcwA-26L3HgU5BJNo7WcyuiqX0LXnszrWFv9hmQ=) has sold sedan_02 x1 at the trader "Vehicles (Peter [#STR_EXPANSION_MARKET_TRADER_VEHICLES])" in market zone "OUTLIVE Trader" (pos=<4291.589844, 25.247801, 4162.500000>) and got 12000.
17:56:28 [VehicleCarKey] Player "Kocur69" (id=iTnQj5Zddd6ul6ie1MZ58a6IghppA2N8HvFffg9SNWw= pos=<4784.846191, 1.163235, 2153.625488>) used the  ExpansionCarKey to unlock a ExpansionUtilityBoat
17:56:41 [Market] Player "Banderas" (id=4J1ZKcwA-26L3HgU5BJNo7WcyuiqX0LXnszrWFv9hmQ=) has send a requested to purchase expansionuaz x1 from the trader "Vehicles (Peter [#STR_EXPANSION_MARKET_TRADER_VEHICLES])" in market zone "OUTLIVE Trader" (pos=<4291.589844, 25.247801, 4162.500000>).
17:56:41 [Market] Player "Banderas" (id=4J1ZKcwA-26L3HgU5BJNo7WcyuiqX0LXnszrWFv9hmQ=) has bought expansionuaz x1 from the trader "Vehicles (Peter [#STR_EXPANSION_MARKET_TRADER_VEHICLES])" in market zone "OUTLIVE Trader" (pos=<4291.589844, 25.247801, 4162.500000>) for a price of 110391.
17:56:55 [Market] Player "Banderas" (id=4J1ZKcwA-26L3HgU5BJNo7WcyuiqX0LXnszrWFv9hmQ=) has send a requested to purchase expansioncarkey x1 from the trader "Vehicles (Peter [#STR_EXPANSION_MARKET_TRADER_VEHICLES])" in market zone "OUTLIVE Trader" (pos=<4291.589844, 25.247801, 4162.500000>).
17:56:55 [Market] Player "Banderas" (id=4J1ZKcwA-26L3HgU5BJNo7WcyuiqX0LXnszrWFv9hmQ=) has bought expansioncarkey x1 from the trader "Vehicles (Peter [#STR_EXPANSION_MARKET_TRADER_VEHICLES])" in market zone "OUTLIVE Trader" (pos=<4291.589844, 25.247801, 4162.500000>) for a price of 500.
17:56:58 [Market] Player "Banderas" (id=4J1ZKcwA-26L3HgU5BJNo7WcyuiqX0LXnszrWFv9hmQ=) has send a requested to purchase expansioncarkey x1 from the trader "Vehicles (Peter [#STR_EXPANSION_MARKET_TRADER_VEHICLES])" in market zone "OUTLIVE Trader" (pos=<4291.589844, 25.247801, 4162.500000>).
17:56:58 [Market] Player "Banderas" (id=4J1ZKcwA-26L3HgU5BJNo7WcyuiqX0LXnszrWFv9hmQ=) has bought expansioncarkey x1 from the trader "Vehicles (Peter [#STR_EXPANSION_MARKET_TRADER_VEHICLES])" in market zone "OUTLIVE Trader" (pos=<4291.589844, 25.247801, 4162.500000>) for a price of 500.
17:57:36 [ATM Locker] Player "Banderas" (id=4J1ZKcwA-26L3HgU5BJNo7WcyuiqX0LXnszrWFv9hmQ=) has deposited 58673 on his ATM account.
17:58:07 [VehicleCarKey] Player "Banderas" (id=4J1ZKcwA-26L3HgU5BJNo7WcyuiqX0LXnszrWFv9hmQ= pos=<4255.122559, 9.085299, 4137.863770>) used the  ExpansionCarKey to unlock a ExpansionUAZ
17:58:27 [VehicleCarKey] Player "[R.E.D] The Old Man" (id=qa3SiHrOYQuyhWNE1xqFHOSVyeLINWrI-wJF_cwVwyw= pos=<6979.621582, 1.088125, 874.969482>) used the  ExpansionCarKey to lock a ExpansionUtilityBoat
17:59:09 [Safezone] Player "Semonexcz" (id=ZTXpII8hdlZrdqYTHCvz0fxjoPzjSGUpQ6D6IiwFrCk= pos=<4418.924316, 1.652837, 4184.950684>) Entered the safezone
17:59:10 [Safezone] Player "Kocur69" (id=iTnQj5Zddd6ul6ie1MZ58a6IghppA2N8HvFffg9SNWw= pos=<4419.441895, 0.510363, 4183.645020>) Entered the safezone
17:59:36 [VehicleCarKey] Player "Kocur69" (id=iTnQj5Zddd6ul6ie1MZ58a6IghppA2N8HvFffg9SNWw= pos=<4417.339844, 1.183336, 4182.578613>) used the  ExpansionCarKey to lock a ExpansionUtilityBoat
18:00:13 [VehicleCarKey] Player "Banderas" (id=4J1ZKcwA-26L3HgU5BJNo7WcyuiqX0LXnszrWFv9hmQ= pos=<4266.714355, 11.072276, 4189.554199>) used the  ExpansionCarKey to lock a ExpansionUAZ
18:00:26 [Market] Player "Kocur69" (id=iTnQj5Zddd6ul6ie1MZ58a6IghppA2N8HvFffg9SNWw=) has send a requested to sell akm x1 at the trader "Weapons (Denis [#STR_EXPANSION_MARKET_TRADER_WEAPONS])" in market zone "OUTLIVE Trader" (pos=<4291.589844, 25.247801, 4162.500000>).
18:00:26 [Market] Player "Kocur69" (id=iTnQj5Zddd6ul6ie1MZ58a6IghppA2N8HvFffg9SNWw=) has sold akm x1 at the trader "Weapons (Denis [#STR_EXPANSION_MARKET_TRADER_WEAPONS])" in market zone "OUTLIVE Trader" (pos=<4291.589844, 25.247801, 4162.500000>) and got 1070.
18:00:27 [Market] Player "Kocur69" (id=iTnQj5Zddd6ul6ie1MZ58a6IghppA2N8HvFffg9SNWw=) has send a requested to sell akm x1 at the trader "Weapons (Denis [#STR_EXPANSION_MARKET_TRADER_WEAPONS])" in market zone "OUTLIVE Trader" (pos=<4291.589844, 25.247801, 4162.500000>).
18:00:27 [Market] Player "Kocur69" (id=iTnQj5Zddd6ul6ie1MZ58a6IghppA2N8HvFffg9SNWw=) has sold akm x1 at the trader "Weapons (Denis [#STR_EXPANSION_MARKET_TRADER_WEAPONS])" in market zone "OUTLIVE Trader" (pos=<4291.589844, 25.247801, 4162.500000>) and got 1190.
18:00:27 [Market] Player "Kocur69" (id=iTnQj5Zddd6ul6ie1MZ58a6IghppA2N8HvFffg9SNWw=) has send a requested to sell akm x1 at the trader "Weapons (Denis [#STR_EXPANSION_MARKET_TRADER_WEAPONS])" in market zone "OUTLIVE Trader" (pos=<4291.589844, 25.247801, 4162.500000>).
18:00:28 [Market] Player "Kocur69" (id=iTnQj5Zddd6ul6ie1MZ58a6IghppA2N8HvFffg9SNWw=) has sold akm x1 at the trader "Weapons (Denis [#STR_EXPANSION_MARKET_TRADER_WEAPONS])" in market zone "OUTLIVE Trader" (pos=<4291.589844, 25.247801, 4162.500000>) and got 1190.
18:00:29 [Market] Player "Kocur69" (id=iTnQj5Zddd6ul6ie1MZ58a6IghppA2N8HvFffg9SNWw=) has send a requested to sell expansion_m16 x1 at the trader "Weapons (Denis [#STR_EXPANSION_MARKET_TRADER_WEAPONS])" in market zone "OUTLIVE Trader" (pos=<4291.589844, 25.247801, 4162.500000>).
18:00:29 [Market] Player "Kocur69" (id=iTnQj5Zddd6ul6ie1MZ58a6IghppA2N8HvFffg9SNWw=) has sold expansion_m16 x1 at the trader "Weapons (Denis [#STR_EXPANSION_MARKET_TRADER_WEAPONS])" in market zone "OUTLIVE Trader" (pos=<4291.589844, 25.247801, 4162.500000>) and got 2540.
18:00:30 [Market] Player "Kocur69" (id=iTnQj5Zddd6ul6ie1MZ58a6IghppA2N8HvFffg9SNWw=) has send a requested to sell m4a1 x1 at the trader "Weapons (Denis [#STR_EXPANSION_MARKET_TRADER_WEAPONS])" in market zone "OUTLIVE Trader" (pos=<4291.589844, 25.247801, 4162.500000>).
18:00:30 [Market] Player "Kocur69" (id=iTnQj5Zddd6ul6ie1MZ58a6IghppA2N8HvFffg9SNWw=) has sold m4a1 x1 at the trader "Weapons (Denis [#STR_EXPANSION_MARKET_TRADER_WEAPONS])" in market zone "OUTLIVE Trader" (pos=<4291.589844, 25.247801, 4162.500000>) and got 1670.
18:01:19 [Market] Player "Kocur69" (id=iTnQj5Zddd6ul6ie1MZ58a6IghppA2N8HvFffg9SNWw=) has send a requested to sell pso1optic x1 at the trader "Attachments (Oliver [#STR_EXPANSION_MARKET_TRADER_ATTACHMENTS])" in market zone "OUTLIVE Trader" (pos=<4291.589844, 25.247801, 4162.500000>).
18:01:19 [Market] Player "Kocur69" (id=iTnQj5Zddd6ul6ie1MZ58a6IghppA2N8HvFffg9SNWw=) has sold pso1optic x1 at the trader "Attachments (Oliver [#STR_EXPANSION_MARKET_TRADER_ATTACHMENTS])" in market zone "OUTLIVE Trader" (pos=<4291.589844, 25.247801, 4162.500000>) and got 320.
18:01:20 [Market] Player "Kocur69" (id=iTnQj5Zddd6ul6ie1MZ58a6IghppA2N8HvFffg9SNWw=) has send a requested to sell puscopeoptic x1 at the trader "Attachments (Oliver [#STR_EXPANSION_MARKET_TRADER_ATTACHMENTS])" in market zone "OUTLIVE Trader" (pos=<4291.589844, 25.247801, 4162.500000>).
18:01:20 [Market] Player "Kocur69" (id=iTnQj5Zddd6ul6ie1MZ58a6IghppA2N8HvFffg9SNWw=) has sold puscopeoptic x1 at the trader "Attachments (Oliver [#STR_EXPANSION_MARKET_TRADER_ATTACHMENTS])" in market zone "OUTLIVE Trader" (pos=<4291.589844, 25.247801, 4162.500000>) and got 180.
18:01:23 [Market] Player "Kocur69" (id=iTnQj5Zddd6ul6ie1MZ58a6IghppA2N8HvFffg9SNWw=) has send a requested to sell expansion_pmii25optic x1 at the trader "Attachments (Oliver [#STR_EXPANSION_MARKET_TRADER_ATTACHMENTS])" in market zone "OUTLIVE Trader" (pos=<4291.589844, 25.247801, 4162.500000>).
18:01:23 [Market] Player "Kocur69" (id=iTnQj5Zddd6ul6ie1MZ58a6IghppA2N8HvFffg9SNWw=) has sold expansion_pmii25optic x1 at the trader "Attachments (Oliver [#STR_EXPANSION_MARKET_TRADER_ATTACHMENTS])" in market zone "OUTLIVE Trader" (pos=<4291.589844, 25.247801, 4162.500000>) and got 220.
18:01:25 [Market] Player "Kocur69" (id=iTnQj5Zddd6ul6ie1MZ58a6IghppA2N8HvFffg9SNWw=) has send a requested to sell expansionreflexmrsoptic x1 at the trader "Attachments (Oliver [#STR_EXPANSION_MARKET_TRADER_ATTACHMENTS])" in market zone "OUTLIVE Trader" (pos=<4291.589844, 25.247801, 4162.500000>).
18:01:25 [Market] Player "Kocur69" (id=iTnQj5Zddd6ul6ie1MZ58a6IghppA2N8HvFffg9SNWw=) has sold expansionreflexmrsoptic x1 at the trader "Attachments (Oliver [#STR_EXPANSION_MARKET_TRADER_ATTACHMENTS])" in market zone "OUTLIVE Trader" (pos=<4291.589844, 25.247801, 4162.500000>) and got 90.
18:01:29 [Market] Player "Kocur69" (id=iTnQj5Zddd6ul6ie1MZ58a6IghppA2N8HvFffg9SNWw=) has send a requested to sell mag_saiga_drum20rnd x1 at the trader "Attachments (Oliver [#STR_EXPANSION_MARKET_TRADER_ATTACHMENTS])" in market zone "OUTLIVE Trader" (pos=<4291.589844, 25.247801, 4162.500000>).
18:01:29 [Market] Player "Kocur69" (id=iTnQj5Zddd6ul6ie1MZ58a6IghppA2N8HvFffg9SNWw=) has sold mag_saiga_drum20rnd x1 at the trader "Attachments (Oliver [#STR_EXPANSION_MARKET_TRADER_ATTACHMENTS])" in market zone "OUTLIVE Trader" (pos=<4291.589844, 25.247801, 4162.500000>) and got 340.
18:01:30 [Market] Player "Kocur69" (id=iTnQj5Zddd6ul6ie1MZ58a6IghppA2N8HvFffg9SNWw=) has send a requested to sell mag_saiga_drum20rnd x1 at the trader "Attachments (Oliver [#STR_EXPANSION_MARKET_TRADER_ATTACHMENTS])" in market zone "OUTLIVE Trader" (pos=<4291.589844, 25.247801, 4162.500000>).
18:01:30 [Market] Player "Kocur69" (id=iTnQj5Zddd6ul6ie1MZ58a6IghppA2N8HvFffg9SNWw=) has sold mag_saiga_drum20rnd x1 at the trader "Attachments (Oliver [#STR_EXPANSION_MARKET_TRADER_ATTACHMENTS])" in market zone "OUTLIVE Trader" (pos=<4291.589844, 25.247801, 4162.500000>) and got 340.
18:01:31 [Market] Player "Kocur69" (id=iTnQj5Zddd6ul6ie1MZ58a6IghppA2N8HvFffg9SNWw=) has send a requested to sell mag_saiga_5rnd x1 at the trader "Attachments (Oliver [#STR_EXPANSION_MARKET_TRADER_ATTACHMENTS])" in market zone "OUTLIVE Trader" (pos=<4291.589844, 25.247801, 4162.500000>).
18:01:32 [Market] Player "Kocur69" (id=iTnQj5Zddd6ul6ie1MZ58a6IghppA2N8HvFffg9SNWw=) has sold mag_saiga_5rnd x1 at the trader "Attachments (Oliver [#STR_EXPANSION_MARKET_TRADER_ATTACHMENTS])" in market zone "OUTLIVE Trader" (pos=<4291.589844, 25.247801, 4162.500000>) and got 42.
18:01:33 [Market] Player "Kocur69" (id=iTnQj5Zddd6ul6ie1MZ58a6IghppA2N8HvFffg9SNWw=) has send a requested to sell mag_saiga_8rnd x1 at the trader "Attachments (Oliver [#STR_EXPANSION_MARKET_TRADER_ATTACHMENTS])" in market zone "OUTLIVE Trader" (pos=<4291.589844, 25.247801, 4162.500000>).
18:01:33 [Market] Player "Kocur69" (id=iTnQj5Zddd6ul6ie1MZ58a6IghppA2N8HvFffg9SNWw=) has sold mag_saiga_8rnd x1 at the trader "Attachments (Oliver [#STR_EXPANSION_MARKET_TRADER_ATTACHMENTS])" in market zone "OUTLIVE Trader" (pos=<4291.589844, 25.247801, 4162.500000>) and got 66.
18:01:40 [Market] Player "Kocur69" (id=iTnQj5Zddd6ul6ie1MZ58a6IghppA2N8HvFffg9SNWw=) has send a requested to sell mosin_bayonet x1 at the trader "Attachments (Oliver [#STR_EXPANSION_MARKET_TRADER_ATTACHMENTS])" in market zone "OUTLIVE Trader" (pos=<4291.589844, 25.247801, 4162.500000>).
18:01:40 [Market] Player "Kocur69" (id=iTnQj5Zddd6ul6ie1MZ58a6IghppA2N8HvFffg9SNWw=) has sold mosin_bayonet x1 at the trader "Attachments (Oliver [#STR_EXPANSION_MARKET_TRADER_ATTACHMENTS])" in market zone "OUTLIVE Trader" (pos=<4291.589844, 25.247801, 4162.500000>) and got 100.
18:01:40 [Market] Player "Kocur69" (id=iTnQj5Zddd6ul6ie1MZ58a6IghppA2N8HvFffg9SNWw=) has send a requested to sell mosin_bayonet x1 at the trader "Attachments (Oliver [#STR_EXPANSION_MARKET_TRADER_ATTACHMENTS])" in market zone "OUTLIVE Trader" (pos=<4291.589844, 25.247801, 4162.500000>).
18:01:41 [Market] Player "Kocur69" (id=iTnQj5Zddd6ul6ie1MZ58a6IghppA2N8HvFffg9SNWw=) has sold mosin_bayonet x1 at the trader "Attachments (Oliver [#STR_EXPANSION_MARKET_TRADER_ATTACHMENTS])" in market zone "OUTLIVE Trader" (pos=<4291.589844, 25.247801, 4162.500000>) and got 100.
18:01:48 [Market] Player "Kocur69" (id=iTnQj5Zddd6ul6ie1MZ58a6IghppA2N8HvFffg9SNWw=) has send a requested to sell ammo_545x39 x100 at the trader "Attachments (Oliver [#STR_EXPANSION_MARKET_TRADER_ATTACHMENTS])" in market zone "OUTLIVE Trader" (pos=<4291.589844, 25.247801, 4162.500000>).
18:01:48 [Market] Player "Kocur69" (id=iTnQj5Zddd6ul6ie1MZ58a6IghppA2N8HvFffg9SNWw=) has sold ammo_545x39 x100 at the trader "Attachments (Oliver [#STR_EXPANSION_MARKET_TRADER_ATTACHMENTS])" in market zone "OUTLIVE Trader" (pos=<4291.589844, 25.247801, 4162.500000>) and got 600.
18:02:04 [Market] Player "Banderas" (id=4J1ZKcwA-26L3HgU5BJNo7WcyuiqX0LXnszrWFv9hmQ=) has send a requested to sell mad_ghillieatt_grey x1 at the trader "Clothing (Linda [#STR_EXPANSION_MARKET_TRADER_CLOTHING])" in market zone "OUTLIVE Trader" (pos=<4291.589844, 25.247801, 4162.500000>).
18:02:04 [Market] Player "Banderas" (id=4J1ZKcwA-26L3HgU5BJNo7WcyuiqX0LXnszrWFv9hmQ=) has sold mad_ghillieatt_grey x1 at the trader "Clothing (Linda [#STR_EXPANSION_MARKET_TRADER_CLOTHING])" in market zone "OUTLIVE Trader" (pos=<4291.589844, 25.247801, 4162.500000>) and got 800.
18:02:10 [Market] Player "Banderas" (id=4J1ZKcwA-26L3HgU5BJNo7WcyuiqX0LXnszrWFv9hmQ=) has send a requested to sell smershbag x1 at the trader "Clothing (Linda [#STR_EXPANSION_MARKET_TRADER_CLOTHING])" in market zone "OUTLIVE Trader" (pos=<4291.589844, 25.247801, 4162.500000>).
18:02:11 [Market] Player "Banderas" (id=4J1ZKcwA-26L3HgU5BJNo7WcyuiqX0LXnszrWFv9hmQ=) has sold smershbag x1 at the trader "Clothing (Linda [#STR_EXPANSION_MARKET_TRADER_CLOTHING])" in market zone "OUTLIVE Trader" (pos=<4291.589844, 25.247801, 4162.500000>) and got 75.
18:02:53 [VehicleCarKey] Player "MaxKulera" (id=5HGJM4GfzznjUOY_lcVWS3zeQvKgWVOcukrVzOvxsYc= pos=<5199.099609, 1.609086, 6296.219727>) used the  ExpansionCarKey to unlock a Sedan_02
18:03:11 [Killfeed] YAKUZA got killed by an Infected.
18:03:16 [VehicleCarKey] Player "MaxKulera" (id=5HGJM4GfzznjUOY_lcVWS3zeQvKgWVOcukrVzOvxsYc= pos=<5197.937500, 1.476583, 6295.621094>) used the  ExpansionCarKey to lock a Sedan_02
18:03:23 [Expansion Quests] - SetupClientData - Got cached player quest data for player with UID: HmoyAH1t2KejoSgtXMBbb7G-XqppYeWNJ-JGgiwVNzw=
18:03:37 [Market] Player "Kocur69" (id=iTnQj5Zddd6ul6ie1MZ58a6IghppA2N8HvFffg9SNWw=) has send a requested to sell ghilliehood_mossy x1 at the trader "Clothing (Linda [#STR_EXPANSION_MARKET_TRADER_CLOTHING])" in market zone "OUTLIVE Trader" (pos=<4291.589844, 25.247801, 4162.500000>).
18:03:37 [Market] Player "Kocur69" (id=iTnQj5Zddd6ul6ie1MZ58a6IghppA2N8HvFffg9SNWw=) has sold ghilliehood_mossy x1 at the trader "Clothing (Linda [#STR_EXPANSION_MARKET_TRADER_CLOTHING])" in market zone "OUTLIVE Trader" (pos=<4291.589844, 25.247801, 4162.500000>) and got 150.
18:03:54 [ATM Locker] Player "Kocur69" (id=iTnQj5Zddd6ul6ie1MZ58a6IghppA2N8HvFffg9SNWw=) has deposited 10208 on his ATM account.
18:04:13 [Chat - Global]("Banderas"(id=4J1ZKcwA-26L3HgU5BJNo7WcyuiqX0LXnszrWFv9hmQ=)): where you get a dogs?
18:04:27 [Chat - Global]("[R.E.D] DoDgY"(id=ktRM41tfmEPWvroZR3AqsVqtk95x7WD2p7citvvKp8g=)): u need a dog cage
18:04:30 [Chat - Global]("[R.E.D] DoDgY"(id=ktRM41tfmEPWvroZR3AqsVqtk95x7WD2p7citvvKp8g=)): find only
18:04:35 [Expansion Quests] - SetupClientData - Loaded existing player quest data for player with UID: _as2mpidcm2ETxDe4vO9p_hL3BTuR3CWMaI4yFTnxa4=
18:04:35 [Expansion Quests] - PlayerQuestsInit - Create new quest instance for quest: 20 - Creator UID: _as2mpidcm2ETxDe4vO9p_hL3BTuR3CWMaI4yFTnxa4=
18:04:35 [Expansion Quests] - PlayerQuestsInit - Create new quest instance for quest: 23 - Creator UID: _as2mpidcm2ETxDe4vO9p_hL3BTuR3CWMaI4yFTnxa4=
18:04:35 [Expansion Quests] - PlayerQuestsInit - Create new quest instance for quest: 11 - Creator UID: _as2mpidcm2ETxDe4vO9p_hL3BTuR3CWMaI4yFTnxa4=
18:04:35 [Expansion Quests] - PlayerQuestsInit - Create new quest instance for quest: 12 - Creator UID: _as2mpidcm2ETxDe4vO9p_hL3BTuR3CWMaI4yFTnxa4=
18:04:35 [Expansion Quests] - PlayerQuestsInit - Create new quest instance for quest: 13 - Creator UID: _as2mpidcm2ETxDe4vO9p_hL3BTuR3CWMaI4yFTnxa4=
18:04:35 [Expansion Quests] - PlayerQuestsInit - Create new quest instance for quest: 6 - Creator UID: _as2mpidcm2ETxDe4vO9p_hL3BTuR3CWMaI4yFTnxa4=
18:04:35 [Expansion Quests] - PlayerQuestsInit - Create new quest instance for quest: 7 - Creator UID: _as2mpidcm2ETxDe4vO9p_hL3BTuR3CWMaI4yFTnxa4=
18:04:35 [Expansion Quests] - PlayerQuestsInit - Create new quest instance for quest: 10 - Creator UID: _as2mpidcm2ETxDe4vO9p_hL3BTuR3CWMaI4yFTnxa4=
18:04:35 [Expansion Quests] - PlayerQuestsInit - Create new quest instance for quest: 41 - Creator UID: _as2mpidcm2ETxDe4vO9p_hL3BTuR3CWMaI4yFTnxa4=
18:04:35 [Expansion Quests] - PlayerQuestsInit - Create new quest instance for quest: 18 - Creator UID: _as2mpidcm2ETxDe4vO9p_hL3BTuR3CWMaI4yFTnxa4=
18:04:35 [Expansion Quests] - PlayerQuestsInit - Create new quest instance for quest: 82 - Creator UID: _as2mpidcm2ETxDe4vO9p_hL3BTuR3CWMaI4yFTnxa4=
18:04:39 [Chat - Global]("Banderas"(id=4J1ZKcwA-26L3HgU5BJNo7WcyuiqX0LXnszrWFv9hmQ=)): ok thanks
18:04:40 [Chat - Global]("[R.E.D] DoDgY"(id=ktRM41tfmEPWvroZR3AqsVqtk95x7WD2p7citvvKp8g=)): dog house sry
18:04:44 [Chat - Global]("Kocur69"(id=iTnQj5Zddd6ul6ie1MZ58a6IghppA2N8HvFffg9SNWw=)): u have to go on smugler theres a dog cage 
18:04:50 [Chat - Global]("[R.E.D] DoDgY"(id=ktRM41tfmEPWvroZR3AqsVqtk95x7WD2p7citvvKp8g=)): then look at it with bone in hand 
18:04:53 [Chat - Global]("[R.E.D] DoDgY"(id=ktRM41tfmEPWvroZR3AqsVqtk95x7WD2p7citvvKp8g=)): sumon dog
18:05:06 [Safezone] Player "bliki" (id=4su7obi-vQiFwCpt_re2z-tuKNCR2I-AnAPDdxYjmgU= pos=<4370.679199, 5.252309, 4059.934814>) Entered the safezone
18:05:12 [Chat - Global]("Kocur69"(id=iTnQj5Zddd6ul6ie1MZ58a6IghppA2N8HvFffg9SNWw=)): go there with look there with bone in hand and u are able to summon dog 
18:05:12 [Chat - Global]("YAKUZA"(id=HmoyAH1t2KejoSgtXMBbb7G-XqppYeWNJ-JGgiwVNzw=)): FIND IT ON BASE
18:05:25 [Market] Player "Banderas" (id=4J1ZKcwA-26L3HgU5BJNo7WcyuiqX0LXnszrWFv9hmQ=) has send a requested to purchase cp_rollingpapers x1 from the trader "BuildingSupplies (Boris [#STR_EXPANSION_MARKET_TRADER_BUILDING_SUPPLIES])" in market zone "OUTLIVE Trader" (pos=<4291.589844, 25.247801, 4162.500000>).
18:05:25 [Market] Player "Banderas" (id=4J1ZKcwA-26L3HgU5BJNo7WcyuiqX0LXnszrWFv9hmQ=) has bought cp_rollingpapers x1 from the trader "BuildingSupplies (Boris [#STR_EXPANSION_MARKET_TRADER_BUILDING_SUPPLIES])" in market zone "OUTLIVE Trader" (pos=<4291.589844, 25.247801, 4162.500000>) for a price of 750.
18:05:38 [ATM Locker] Player "Banderas" (id=4J1ZKcwA-26L3HgU5BJNo7WcyuiqX0LXnszrWFv9hmQ=) has withdrawn 2000 from his ATM account.
18:05:38 [Expansion Quests] - CompleteQuest - Player with UID ktRM41tfmEPWvroZR3AqsVqtk95x7WD2p7citvvKp8g= has completed quest 24
18:05:38 [Expansion Quests] - ExpansionQuest - Quest owner ID: ktRM41tfmEPWvroZR3AqsVqtk95x7WD2p7citvvKp8g=
18:05:38 [Expansion Quests] - ExpansionQuest - Quest ID: 24
18:05:38 [Expansion Quests] - ExpansionQuest - Quest state: 3
18:05:38 [Expansion Quests] - ExpansionQuest - Quest completed: true
18:05:49 [Market] Player "Banderas" (id=4J1ZKcwA-26L3HgU5BJNo7WcyuiqX0LXnszrWFv9hmQ=) has send a requested to purchase cp_rollingpapers x1 from the trader "BuildingSupplies (Boris [#STR_EXPANSION_MARKET_TRADER_BUILDING_SUPPLIES])" in market zone "OUTLIVE Trader" (pos=<4291.589844, 25.247801, 4162.500000>).
18:05:49 [Market] Player "Banderas" (id=4J1ZKcwA-26L3HgU5BJNo7WcyuiqX0LXnszrWFv9hmQ=) has bought cp_rollingpapers x1 from the trader "BuildingSupplies (Boris [#STR_EXPANSION_MARKET_TRADER_BUILDING_SUPPLIES])" in market zone "OUTLIVE Trader" (pos=<4291.589844, 25.247801, 4162.500000>) for a price of 750.
18:05:51 [Market] Player "Banderas" (id=4J1ZKcwA-26L3HgU5BJNo7WcyuiqX0LXnszrWFv9hmQ=) has send a requested to purchase cp_rollingpapers x1 from the trader "BuildingSupplies (Boris [#STR_EXPANSION_MARKET_TRADER_BUILDING_SUPPLIES])" in market zone "OUTLIVE Trader" (pos=<4291.589844, 25.247801, 4162.500000>).
18:05:51 [Market] Player "Banderas" (id=4J1ZKcwA-26L3HgU5BJNo7WcyuiqX0LXnszrWFv9hmQ=) has bought cp_rollingpapers x1 from the trader "BuildingSupplies (Boris [#STR_EXPANSION_MARKET_TRADER_BUILDING_SUPPLIES])" in market zone "OUTLIVE Trader" (pos=<4291.589844, 25.247801, 4162.500000>) for a price of 750.
18:05:53 [VehicleCarKey] Player "bliki" (id=4su7obi-vQiFwCpt_re2z-tuKNCR2I-AnAPDdxYjmgU= pos=<4250.467773, 10.165149, 4167.117676>) used the  ExpansionCarKey to lock a ExpansionVodnik
18:06:18 [VehicleCarKey] Player "Kocur69" (id=iTnQj5Zddd6ul6ie1MZ58a6IghppA2N8HvFffg9SNWw= pos=<4286.238770, 8.137684, 4178.417480>) used the  ExpansionCarKey to unlock a Truck_01_Covered
18:06:33 [Market] Player "bliki" (id=4su7obi-vQiFwCpt_re2z-tuKNCR2I-AnAPDdxYjmgU=) has send a requested to sell aug x1 at the trader "Weapons (Denis [#STR_EXPANSION_MARKET_TRADER_WEAPONS])" in market zone "OUTLIVE Trader" (pos=<4291.589844, 25.247801, 4162.500000>).
18:06:33 [Market] Player "bliki" (id=4su7obi-vQiFwCpt_re2z-tuKNCR2I-AnAPDdxYjmgU=) has sold aug x1 at the trader "Weapons (Denis [#STR_EXPANSION_MARKET_TRADER_WEAPONS])" in market zone "OUTLIVE Trader" (pos=<4291.589844, 25.247801, 4162.500000>) and got 2300.
18:06:34 [Market] Player "bliki" (id=4su7obi-vQiFwCpt_re2z-tuKNCR2I-AnAPDdxYjmgU=) has send a requested to sell aug x1 at the trader "Weapons (Denis [#STR_EXPANSION_MARKET_TRADER_WEAPONS])" in market zone "OUTLIVE Trader" (pos=<4291.589844, 25.247801, 4162.500000>).
18:06:34 [Market] Player "bliki" (id=4su7obi-vQiFwCpt_re2z-tuKNCR2I-AnAPDdxYjmgU=) has sold aug x1 at the trader "Weapons (Denis [#STR_EXPANSION_MARKET_TRADER_WEAPONS])" in market zone "OUTLIVE Trader" (pos=<4291.589844, 25.247801, 4162.500000>) and got 2300.
18:06:40 [VehicleCarKey] Player "Banderas" (id=4J1ZKcwA-26L3HgU5BJNo7WcyuiqX0LXnszrWFv9hmQ= pos=<4266.472168, 11.101998, 4189.794922>) used the  ExpansionCarKey to unlock a ExpansionUAZ
18:06:41 [Expansion Quests] - CreateQuestInstance - Created new quest instance for player with UID qa3SiHrOYQuyhWNE1xqFHOSVyeLINWrI-wJF_cwVwyw= for quest 6
18:06:41 [Expansion Quests] - ExpansionQuest - Quest owner ID: qa3SiHrOYQuyhWNE1xqFHOSVyeLINWrI-wJF_cwVwyw=
18:06:41 [Expansion Quests] - ExpansionQuest - Quest ID: 6
18:06:41 [Expansion Quests] - ExpansionQuest - Quest state: 1
18:06:41 [Expansion Quests] - ExpansionQuest - Quest completed: false
18:07:09 [Market] Player "bliki" (id=4su7obi-vQiFwCpt_re2z-tuKNCR2I-AnAPDdxYjmgU=) has send a requested to sell twp_oldrifle_optic x1 at the trader "Attachments (Oliver [#STR_EXPANSION_MARKET_TRADER_ATTACHMENTS])" in market zone "OUTLIVE Trader" (pos=<4291.589844, 25.247801, 4162.500000>).
18:07:09 [Market] Player "bliki" (id=4su7obi-vQiFwCpt_re2z-tuKNCR2I-AnAPDdxYjmgU=) has sold twp_oldrifle_optic x1 at the trader "Attachments (Oliver [#STR_EXPANSION_MARKET_TRADER_ATTACHMENTS])" in market zone "OUTLIVE Trader" (pos=<4291.589844, 25.247801, 4162.500000>) and got 338.
18:07:14 [Expansion Quests] - CreateQuestInstance - Created new quest instance for player with UID qa3SiHrOYQuyhWNE1xqFHOSVyeLINWrI-wJF_cwVwyw= for quest 10
18:07:14 [Expansion Quests] - ExpansionQuest - Quest owner ID: qa3SiHrOYQuyhWNE1xqFHOSVyeLINWrI-wJF_cwVwyw=
18:07:14 [Expansion Quests] - ExpansionQuest - Quest ID: 10
18:07:14 [Expansion Quests] - ExpansionQuest - Quest state: 1
18:07:14 [Expansion Quests] - ExpansionQuest - Quest completed: false
18:07:24 [Chat - Global]("YAKUZA"(id=HmoyAH1t2KejoSgtXMBbb7G-XqppYeWNJ-JGgiwVNzw=)): OR CRAFT WITH 40 BOARDS AND A HAMMER
18:07:36 [ATM Locker] Player "bliki" (id=4su7obi-vQiFwCpt_re2z-tuKNCR2I-AnAPDdxYjmgU=) has deposited 4935 on his ATM account.
18:07:41 [VehicleCarKey] Player "Kocur69" (id=iTnQj5Zddd6ul6ie1MZ58a6IghppA2N8HvFffg9SNWw= pos=<4286.836426, 8.053298, 4182.328125>) used the  ExpansionCarKey to lock a Truck_01_Covered
18:08:39 [Safezone] Player "bliki" (id=4su7obi-vQiFwCpt_re2z-tuKNCR2I-AnAPDdxYjmgU= pos=<4255.610840, 9.539843, 4117.893066>) Entered the safezone
18:08:39 [Expansion Quests] - SetupClientData - Got cached player quest data for player with UID: 4su7obi-vQiFwCpt_re2z-tuKNCR2I-AnAPDdxYjmgU=
18:08:55 [Expansion Quests] - SetupClientData - Loaded existing player quest data for player with UID: Kp552-DUmpXjFmzRHkPAo19gGBC4gSvKLPksgSQ_nac=
18:08:55 [Expansion Quests] - PlayerQuestsInit - Create new quest instance for quest: 20 - Creator UID: Kp552-DUmpXjFmzRHkPAo19gGBC4gSvKLPksgSQ_nac=
18:08:55 [Expansion Quests] - PlayerQuestsInit - Create new quest instance for quest: 23 - Creator UID: Kp552-DUmpXjFmzRHkPAo19gGBC4gSvKLPksgSQ_nac=
18:09:50 [ATM Locker] Player "bliki" (id=4su7obi-vQiFwCpt_re2z-tuKNCR2I-AnAPDdxYjmgU=) has withdrawn 497 from his ATM account.
18:10:09 [Market] Player "bliki" (id=4su7obi-vQiFwCpt_re2z-tuKNCR2I-AnAPDdxYjmgU=) has send a requested to purchase expansionvodnikdoordriver x1 from the trader "Vehicles (Peter [#STR_EXPANSION_MARKET_TRADER_VEHICLES])" in market zone "OUTLIVE Trader" (pos=<4291.589844, 25.247801, 4162.500000>).
18:10:09 [Market] Player "bliki" (id=4su7obi-vQiFwCpt_re2z-tuKNCR2I-AnAPDdxYjmgU=) has bought expansionvodnikdoordriver x1 from the trader "Vehicles (Peter [#STR_EXPANSION_MARKET_TRADER_VEHICLES])" in market zone "OUTLIVE Trader" (pos=<4291.589844, 25.247801, 4162.500000>) for a price of 500.
18:10:46 [Safezone] Player "Banderas" (id=4J1ZKcwA-26L3HgU5BJNo7WcyuiqX0LXnszrWFv9hmQ= pos=<4126.074707, 14.793987, 4349.140625>) Left the safezone
18:11:12 [VehicleCarKey] Player "P@lko2265" (id=iyN6JbNqEvHMp_A5zeXvCmCy1_EaihIFwZocZ4y6-LM= pos=<9848.836914, 0.465955, 4518.795898>) used the  ExpansionCarKey to lock a ExpansionUtilityBoat
18:11:26 [VehicleCarKey] Player "bliki" (id=4su7obi-vQiFwCpt_re2z-tuKNCR2I-AnAPDdxYjmgU= pos=<4250.707520, 10.090340, 4166.430176>) used the  ExpansionCarKey to unlock a ExpansionVodnik
18:12:28 [Expansion Quests] - CreateQuestInstance - Created new quest instance for player with UID ktRM41tfmEPWvroZR3AqsVqtk95x7WD2p7citvvKp8g= for quest 10
18:12:28 [Expansion Quests] - ExpansionQuest - Quest owner ID: ktRM41tfmEPWvroZR3AqsVqtk95x7WD2p7citvvKp8g=
18:12:28 [Expansion Quests] - ExpansionQuest - Quest ID: 10
18:12:28 [Expansion Quests] - ExpansionQuest - Quest state: 1
18:12:28 [Expansion Quests] - ExpansionQuest - Quest completed: false
18:12:36 [Expansion Quests] - CreateQuestInstance - Created new quest instance for player with UID ktRM41tfmEPWvroZR3AqsVqtk95x7WD2p7citvvKp8g= for quest 6
18:12:36 [Expansion Quests] - ExpansionQuest - Quest owner ID: ktRM41tfmEPWvroZR3AqsVqtk95x7WD2p7citvvKp8g=
18:12:36 [Expansion Quests] - ExpansionQuest - Quest ID: 6
18:12:36 [Expansion Quests] - ExpansionQuest - Quest state: 1
18:12:36 [Expansion Quests] - ExpansionQuest - Quest completed: false
18:12:47 [Safezone] Player "bliki" (id=4su7obi-vQiFwCpt_re2z-tuKNCR2I-AnAPDdxYjmgU= pos=<4250.707520, 10.089270, 4166.430176>) Entered the safezone
18:12:47 [Expansion Quests] - SetupClientData - Got cached player quest data for player with UID: 4su7obi-vQiFwCpt_re2z-tuKNCR2I-AnAPDdxYjmgU=
18:13:38 [Killfeed] YAKUZA died from #STR_EXPANSION_HEMOLYTIC_REACTION.
18:13:59 [Expansion Quests] - SetupClientData - Got cached player quest data for player with UID: HmoyAH1t2KejoSgtXMBbb7G-XqppYeWNJ-JGgiwVNzw=
18:14:53 [Safezone] Player "bliki" (id=4su7obi-vQiFwCpt_re2z-tuKNCR2I-AnAPDdxYjmgU= pos=<4187.016113, 14.909730, 4271.170898>) Left the safezone
18:15:38 [VehicleCarKey] Player "bliki" (id=4su7obi-vQiFwCpt_re2z-tuKNCR2I-AnAPDdxYjmgU= pos=<4245.482910, 10.839428, 4286.709473>) used the  ExpansionCarKey to lock a ExpansionVodnik
18:17:02 [VehicleCarKey] Player "[R.E.D] The Old Man" (id=qa3SiHrOYQuyhWNE1xqFHOSVyeLINWrI-wJF_cwVwyw= pos=<6978.273438, 0.930407, 875.443054>) used the  ExpansionCarKey to unlock a ExpansionUtilityBoat
18:17:25 [Safezone] Player "[CHILL]Wesan" (id=_as2mpidcm2ETxDe4vO9p_hL3BTuR3CWMaI4yFTnxa4= pos=<4302.742188, 1.042972, 4291.446777>) Entered the safezone
18:17:36 [Safezone] Player "bliki" (id=4su7obi-vQiFwCpt_re2z-tuKNCR2I-AnAPDdxYjmgU= pos=<4244.785645, 12.892946, 4283.613770>) Entered the safezone
18:19:02 [Market] Player "[CHILL]Wesan" (id=_as2mpidcm2ETxDe4vO9p_hL3BTuR3CWMaI4yFTnxa4=) has send a requested to sell sledgehammer x1 at the trader "BuildingSupplies (Boris [#STR_EXPANSION_MARKET_TRADER_BUILDING_SUPPLIES])" in market zone "OUTLIVE Trader" (pos=<4291.589844, 25.247801, 4162.500000>).
18:19:02 [Market] Player "[CHILL]Wesan" (id=_as2mpidcm2ETxDe4vO9p_hL3BTuR3CWMaI4yFTnxa4=) has sold sledgehammer x1 at the trader "BuildingSupplies (Boris [#STR_EXPANSION_MARKET_TRADER_BUILDING_SUPPLIES])" in market zone "OUTLIVE Trader" (pos=<4291.589844, 25.247801, 4162.500000>) and got 600.
18:19:47 [ATM Locker] Player "[CHILL]Wesan" (id=_as2mpidcm2ETxDe4vO9p_hL3BTuR3CWMaI4yFTnxa4=) has deposited 12532 on his ATM account.
18:20:57 [Market] Player "[CHILL]Wesan" (id=_as2mpidcm2ETxDe4vO9p_hL3BTuR3CWMaI4yFTnxa4=) has send a requested to sell pmk_5a_gas_mask x2 at the trader "Clothing (Linda [#STR_EXPANSION_MARKET_TRADER_CLOTHING])" in market zone "OUTLIVE Trader" (pos=<4291.589844, 25.247801, 4162.500000>).
18:20:57 [Market] Player "[CHILL]Wesan" (id=_as2mpidcm2ETxDe4vO9p_hL3BTuR3CWMaI4yFTnxa4=) has sold pmk_5a_gas_mask x2 at the trader "Clothing (Linda [#STR_EXPANSION_MARKET_TRADER_CLOTHING])" in market zone "OUTLIVE Trader" (pos=<4291.589844, 25.247801, 4162.500000>) and got 1200.
18:21:37 [Expansion Quests] - SetupClientData - Got cached player quest data for player with UID: HmoyAH1t2KejoSgtXMBbb7G-XqppYeWNJ-JGgiwVNzw=
18:22:14 [Market] Player "[CHILL]Wesan" (id=_as2mpidcm2ETxDe4vO9p_hL3BTuR3CWMaI4yFTnxa4=) has send a requested to sell mvs_assault_pack_multicam_tropic x1 at the trader "Clothing (Linda [#STR_EXPANSION_MARKET_TRADER_CLOTHING])" in market zone "OUTLIVE Trader" (pos=<4291.589844, 25.247801, 4162.500000>).
18:22:15 [Market] Player "[CHILL]Wesan" (id=_as2mpidcm2ETxDe4vO9p_hL3BTuR3CWMaI4yFTnxa4=) has sold mvs_assault_pack_multicam_tropic x1 at the trader "Clothing (Linda [#STR_EXPANSION_MARKET_TRADER_CLOTHING])" in market zone "OUTLIVE Trader" (pos=<4291.589844, 25.247801, 4162.500000>) and got 1100.
18:22:49 [Market] Player "[CHILL]Wesan" (id=_as2mpidcm2ETxDe4vO9p_hL3BTuR3CWMaI4yFTnxa4=) has send a requested to purchase bandagedressing x1 from the trader "Medicals (Eva [#STR_EXPANSION_MARKET_TRADER_MEDICALS])" in market zone "OUTLIVE Trader" (pos=<4291.589844, 25.247801, 4162.500000>).
18:22:50 [Market] Player "[CHILL]Wesan" (id=_as2mpidcm2ETxDe4vO9p_hL3BTuR3CWMaI4yFTnxa4=) has bought bandagedressing x1 from the trader "Medicals (Eva [#STR_EXPANSION_MARKET_TRADER_MEDICALS])" in market zone "OUTLIVE Trader" (pos=<4291.589844, 25.247801, 4162.500000>) for a price of 250.
18:23:04 [Market] Player "[CHILL]Wesan" (id=_as2mpidcm2ETxDe4vO9p_hL3BTuR3CWMaI4yFTnxa4=) has send a requested to purchase bandagedressing x4 from the trader "Medicals (Eva [#STR_EXPANSION_MARKET_TRADER_MEDICALS])" in market zone "OUTLIVE Trader" (pos=<4291.589844, 25.247801, 4162.500000>).
18:23:04 [Market] Player "[CHILL]Wesan" (id=_as2mpidcm2ETxDe4vO9p_hL3BTuR3CWMaI4yFTnxa4=) has bought bandagedressing x4 from the trader "Medicals (Eva [#STR_EXPANSION_MARKET_TRADER_MEDICALS])" in market zone "OUTLIVE Trader" (pos=<4291.589844, 25.247801, 4162.500000>) for a price of 1000.
18:23:39 [Market] Player "[CHILL]Wesan" (id=_as2mpidcm2ETxDe4vO9p_hL3BTuR3CWMaI4yFTnxa4=) has send a requested to sell sardinescan x1 at the trader "Consumables (Naomi [#STR_EXPANSION_MARKET_TRADER_CONSUMABLES])" in market zone "OUTLIVE Trader" (pos=<4291.589844, 25.247801, 4162.500000>).
18:23:39 [Market] Player "[CHILL]Wesan" (id=_as2mpidcm2ETxDe4vO9p_hL3BTuR3CWMaI4yFTnxa4=) has sold sardinescan x1 at the trader "Consumables (Naomi [#STR_EXPANSION_MARKET_TRADER_CONSUMABLES])" in market zone "OUTLIVE Trader" (pos=<4291.589844, 25.247801, 4162.500000>) and got 20.
18:23:53 [Safezone] Player "[R.E.D] The Old Man" (id=qa3SiHrOYQuyhWNE1xqFHOSVyeLINWrI-wJF_cwVwyw= pos=<4419.995117, 0.377768, 4142.598633>) Entered the safezone
18:23:53 [Safezone] Player "[R.E.D] DoDgY" (id=ktRM41tfmEPWvroZR3AqsVqtk95x7WD2p7citvvKp8g= pos=<4419.667969, 1.372943, 4144.127930>) Entered the safezone
18:24:12 [Market] Player "[CHILL]Wesan" (id=_as2mpidcm2ETxDe4vO9p_hL3BTuR3CWMaI4yFTnxa4=) has send a requested to sell izh43shotgun x1 at the trader "Weapons (Denis [#STR_EXPANSION_MARKET_TRADER_WEAPONS])" in market zone "OUTLIVE Trader" (pos=<4291.589844, 25.247801, 4162.500000>).
18:24:12 [Market] Player "[CHILL]Wesan" (id=_as2mpidcm2ETxDe4vO9p_hL3BTuR3CWMaI4yFTnxa4=) has sold izh43shotgun x1 at the trader "Weapons (Denis [#STR_EXPANSION_MARKET_TRADER_WEAPONS])" in market zone "OUTLIVE Trader" (pos=<4291.589844, 25.247801, 4162.500000>) and got 200.
18:24:36 [VehicleCarKey] Player "[R.E.D] The Old Man" (id=qa3SiHrOYQuyhWNE1xqFHOSVyeLINWrI-wJF_cwVwyw= pos=<4395.782227, 1.553595, 4183.131836>) used the  ExpansionCarKey to lock a ExpansionUtilityBoat
18:24:45 [Market] Player "[CHILL]Wesan" (id=_as2mpidcm2ETxDe4vO9p_hL3BTuR3CWMaI4yFTnxa4=) has send a requested to purchase magnum x1 from the trader "Weapons (Denis [#STR_EXPANSION_MARKET_TRADER_WEAPONS])" in market zone "OUTLIVE Trader" (pos=<4291.589844, 25.247801, 4162.500000>).
18:24:45 [Market] Player "[CHILL]Wesan" (id=_as2mpidcm2ETxDe4vO9p_hL3BTuR3CWMaI4yFTnxa4=) has bought magnum x1 from the trader "Weapons (Denis [#STR_EXPANSION_MARKET_TRADER_WEAPONS])" in market zone "OUTLIVE Trader" (pos=<4291.589844, 25.247801, 4162.500000>) for a price of 1100.
18:25:32 [Market] Player "[CHILL]Wesan" (id=_as2mpidcm2ETxDe4vO9p_hL3BTuR3CWMaI4yFTnxa4=) has send a requested to sell makarovij70 x1 at the trader "Weapons (Denis [#STR_EXPANSION_MARKET_TRADER_WEAPONS])" in market zone "OUTLIVE Trader" (pos=<4291.589844, 25.247801, 4162.500000>).
18:25:32 [Market] Player "[CHILL]Wesan" (id=_as2mpidcm2ETxDe4vO9p_hL3BTuR3CWMaI4yFTnxa4=) has sold makarovij70 x1 at the trader "Weapons (Denis [#STR_EXPANSION_MARKET_TRADER_WEAPONS])" in market zone "OUTLIVE Trader" (pos=<4291.589844, 25.247801, 4162.500000>) and got 30.
18:25:33 [Market] Player "[R.E.D] The Old Man" (id=qa3SiHrOYQuyhWNE1xqFHOSVyeLINWrI-wJF_cwVwyw=) has send a requested to sell twp_m24greentan x1 at the trader "Weapons (Denis [#STR_EXPANSION_MARKET_TRADER_WEAPONS])" in market zone "OUTLIVE Trader" (pos=<4291.589844, 25.247801, 4162.500000>).
18:25:33 [Market] Player "[R.E.D] The Old Man" (id=qa3SiHrOYQuyhWNE1xqFHOSVyeLINWrI-wJF_cwVwyw=) has sold twp_m24greentan x1 at the trader "Weapons (Denis [#STR_EXPANSION_MARKET_TRADER_WEAPONS])" in market zone "OUTLIVE Trader" (pos=<4291.589844, 25.247801, 4162.500000>) and got 1900.
18:25:37 [Market] Player "[R.E.D] The Old Man" (id=qa3SiHrOYQuyhWNE1xqFHOSVyeLINWrI-wJF_cwVwyw=) has send a requested to sell twp_doomshotgun x1 at the trader "Weapons (Denis [#STR_EXPANSION_MARKET_TRADER_WEAPONS])" in market zone "OUTLIVE Trader" (pos=<4291.589844, 25.247801, 4162.500000>).
18:25:37 [Market] Player "[R.E.D] The Old Man" (id=qa3SiHrOYQuyhWNE1xqFHOSVyeLINWrI-wJF_cwVwyw=) has sold twp_doomshotgun x1 at the trader "Weapons (Denis [#STR_EXPANSION_MARKET_TRADER_WEAPONS])" in market zone "OUTLIVE Trader" (pos=<4291.589844, 25.247801, 4162.500000>) and got 3000.
18:25:43 [Market] Player "[R.E.D] The Old Man" (id=qa3SiHrOYQuyhWNE1xqFHOSVyeLINWrI-wJF_cwVwyw=) has send a requested to sell twp_qbz03 x1 at the trader "Weapons (Denis [#STR_EXPANSION_MARKET_TRADER_WEAPONS])" in market zone "OUTLIVE Trader" (pos=<4291.589844, 25.247801, 4162.500000>).
18:25:43 [Market] Player "[R.E.D] The Old Man" (id=qa3SiHrOYQuyhWNE1xqFHOSVyeLINWrI-wJF_cwVwyw=) has sold twp_qbz03 x1 at the trader "Weapons (Denis [#STR_EXPANSION_MARKET_TRADER_WEAPONS])" in market zone "OUTLIVE Trader" (pos=<4291.589844, 25.247801, 4162.500000>) and got 1200.
18:25:46 [Market] Player "[R.E.D] The Old Man" (id=qa3SiHrOYQuyhWNE1xqFHOSVyeLINWrI-wJF_cwVwyw=) has send a requested to sell twp_steyrauga3 x1 at the trader "Weapons (Denis [#STR_EXPANSION_MARKET_TRADER_WEAPONS])" in market zone "OUTLIVE Trader" (pos=<4291.589844, 25.247801, 4162.500000>).
18:25:46 [Market] Player "[R.E.D] The Old Man" (id=qa3SiHrOYQuyhWNE1xqFHOSVyeLINWrI-wJF_cwVwyw=) has sold twp_steyrauga3 x1 at the trader "Weapons (Denis [#STR_EXPANSION_MARKET_TRADER_WEAPONS])" in market zone "OUTLIVE Trader" (pos=<4291.589844, 25.247801, 4162.500000>) and got 2500.
18:25:48 [Market] Player "[R.E.D] The Old Man" (id=qa3SiHrOYQuyhWNE1xqFHOSVyeLINWrI-wJF_cwVwyw=) has send a requested to sell twp_thompson x1 at the trader "Weapons (Denis [#STR_EXPANSION_MARKET_TRADER_WEAPONS])" in market zone "OUTLIVE Trader" (pos=<4291.589844, 25.247801, 4162.500000>).
18:25:48 [Market] Player "[R.E.D] The Old Man" (id=qa3SiHrOYQuyhWNE1xqFHOSVyeLINWrI-wJF_cwVwyw=) has sold twp_thompson x1 at the trader "Weapons (Denis [#STR_EXPANSION_MARKET_TRADER_WEAPONS])" in market zone "OUTLIVE Trader" (pos=<4291.589844, 25.247801, 4162.500000>) and got 800.
18:25:52 [Market] Player "[CHILL]Wesan" (id=_as2mpidcm2ETxDe4vO9p_hL3BTuR3CWMaI4yFTnxa4=) has send a requested to sell ammo_380 x6 at the trader "Attachments (Oliver [#STR_EXPANSION_MARKET_TRADER_ATTACHMENTS])" in market zone "OUTLIVE Trader" (pos=<4291.589844, 25.247801, 4162.500000>).
18:25:52 [Market] Player "[CHILL]Wesan" (id=_as2mpidcm2ETxDe4vO9p_hL3BTuR3CWMaI4yFTnxa4=) has sold ammo_380 x6 at the trader "Attachments (Oliver [#STR_EXPANSION_MARKET_TRADER_ATTACHMENTS])" in market zone "OUTLIVE Trader" (pos=<4291.589844, 25.247801, 4162.500000>) and got 9.
18:25:54 [Market] Player "[R.E.D] The Old Man" (id=qa3SiHrOYQuyhWNE1xqFHOSVyeLINWrI-wJF_cwVwyw=) has send a requested to sell b95 x1 at the trader "Weapons (Denis [#STR_EXPANSION_MARKET_TRADER_WEAPONS])" in market zone "OUTLIVE Trader" (pos=<4291.589844, 25.247801, 4162.500000>).
18:25:54 [Market] Player "[R.E.D] The Old Man" (id=qa3SiHrOYQuyhWNE1xqFHOSVyeLINWrI-wJF_cwVwyw=) has sold b95 x1 at the trader "Weapons (Denis [#STR_EXPANSION_MARKET_TRADER_WEAPONS])" in market zone "OUTLIVE Trader" (pos=<4291.589844, 25.247801, 4162.500000>) and got 425.
18:25:59 [Market] Player "[R.E.D] The Old Man" (id=qa3SiHrOYQuyhWNE1xqFHOSVyeLINWrI-wJF_cwVwyw=) has send a requested to sell mp133shotgun x1 at the trader "Weapons (Denis [#STR_EXPANSION_MARKET_TRADER_WEAPONS])" in market zone "OUTLIVE Trader" (pos=<4291.589844, 25.247801, 4162.500000>).
18:25:59 [Market] Player "[R.E.D] The Old Man" (id=qa3SiHrOYQuyhWNE1xqFHOSVyeLINWrI-wJF_cwVwyw=) has sold mp133shotgun x1 at the trader "Weapons (Denis [#STR_EXPANSION_MARKET_TRADER_WEAPONS])" in market zone "OUTLIVE Trader" (pos=<4291.589844, 25.247801, 4162.500000>) and got 250.
18:26:00 [Market] Player "[R.E.D] The Old Man" (id=qa3SiHrOYQuyhWNE1xqFHOSVyeLINWrI-wJF_cwVwyw=) has send a requested to sell expansion_dt11 x1 at the trader "Weapons (Denis [#STR_EXPANSION_MARKET_TRADER_WEAPONS])" in market zone "OUTLIVE Trader" (pos=<4291.589844, 25.247801, 4162.500000>).
18:26:00 [Market] Player "[R.E.D] The Old Man" (id=qa3SiHrOYQuyhWNE1xqFHOSVyeLINWrI-wJF_cwVwyw=) has sold expansion_dt11 x1 at the trader "Weapons (Denis [#STR_EXPANSION_MARKET_TRADER_WEAPONS])" in market zone "OUTLIVE Trader" (pos=<4291.589844, 25.247801, 4162.500000>) and got 350.
18:26:01 [Market] Player "[R.E.D] The Old Man" (id=qa3SiHrOYQuyhWNE1xqFHOSVyeLINWrI-wJF_cwVwyw=) has send a requested to sell expansion_dt11 x1 at the trader "Weapons (Denis [#STR_EXPANSION_MARKET_TRADER_WEAPONS])" in market zone "OUTLIVE Trader" (pos=<4291.589844, 25.247801, 4162.500000>).
18:26:01 [Market] Player "[R.E.D] The Old Man" (id=qa3SiHrOYQuyhWNE1xqFHOSVyeLINWrI-wJF_cwVwyw=) has sold expansion_dt11 x1 at the trader "Weapons (Denis [#STR_EXPANSION_MARKET_TRADER_WEAPONS])" in market zone "OUTLIVE Trader" (pos=<4291.589844, 25.247801, 4162.500000>) and got 350.
18:26:06 [Market] Player "[R.E.D] The Old Man" (id=qa3SiHrOYQuyhWNE1xqFHOSVyeLINWrI-wJF_cwVwyw=) has send a requested to sell winchester70 x1 at the trader "Weapons (Denis [#STR_EXPANSION_MARKET_TRADER_WEAPONS])" in market zone "OUTLIVE Trader" (pos=<4291.589844, 25.247801, 4162.500000>).
18:26:06 [Market] Player "[R.E.D] The Old Man" (id=qa3SiHrOYQuyhWNE1xqFHOSVyeLINWrI-wJF_cwVwyw=) has sold winchester70 x1 at the trader "Weapons (Denis [#STR_EXPANSION_MARKET_TRADER_WEAPONS])" in market zone "OUTLIVE Trader" (pos=<4291.589844, 25.247801, 4162.500000>) and got 1160.
18:26:12 [Market] Player "[CHILL]Wesan" (id=_as2mpidcm2ETxDe4vO9p_hL3BTuR3CWMaI4yFTnxa4=) has send a requested to sell mag_ij70_8rnd x3 at the trader "Attachments (Oliver [#STR_EXPANSION_MARKET_TRADER_ATTACHMENTS])" in market zone "OUTLIVE Trader" (pos=<4291.589844, 25.247801, 4162.500000>).
18:26:12 [Market] Player "[CHILL]Wesan" (id=_as2mpidcm2ETxDe4vO9p_hL3BTuR3CWMaI4yFTnxa4=) has sold mag_ij70_8rnd x3 at the trader "Attachments (Oliver [#STR_EXPANSION_MARKET_TRADER_ATTACHMENTS])" in market zone "OUTLIVE Trader" (pos=<4291.589844, 25.247801, 4162.500000>) and got 114.
18:26:14 [Expansion Quests] - CreateQuestInstance - Created new quest instance for player with UID HmoyAH1t2KejoSgtXMBbb7G-XqppYeWNJ-JGgiwVNzw= for quest 82
18:26:14 [Expansion Quests] - ExpansionQuest - Quest owner ID: HmoyAH1t2KejoSgtXMBbb7G-XqppYeWNJ-JGgiwVNzw=
18:26:14 [Expansion Quests] - ExpansionQuest - Quest ID: 82
18:26:14 [Expansion Quests] - ExpansionQuest - Quest state: 1
18:26:14 [Expansion Quests] - ExpansionQuest - Quest completed: false
18:26:35 [Market] Player "[R.E.D] The Old Man" (id=qa3SiHrOYQuyhWNE1xqFHOSVyeLINWrI-wJF_cwVwyw=) has send a requested to sell mvs_combat_vest_multicam x1 at the trader "Clothing (Linda [#STR_EXPANSION_MARKET_TRADER_CLOTHING])" in market zone "OUTLIVE Trader" (pos=<4291.589844, 25.247801, 4162.500000>).
18:26:35 [Market] Player "[R.E.D] The Old Man" (id=qa3SiHrOYQuyhWNE1xqFHOSVyeLINWrI-wJF_cwVwyw=) has sold mvs_combat_vest_multicam x1 at the trader "Clothing (Linda [#STR_EXPANSION_MARKET_TRADER_CLOTHING])" in market zone "OUTLIVE Trader" (pos=<4291.589844, 25.247801, 4162.500000>) and got 1800.
18:26:39 [Market] Player "[R.E.D] The Old Man" (id=qa3SiHrOYQuyhWNE1xqFHOSVyeLINWrI-wJF_cwVwyw=) has send a requested to sell mvs_rucksack_erdl x1 at the trader "Clothing (Linda [#STR_EXPANSION_MARKET_TRADER_CLOTHING])" in market zone "OUTLIVE Trader" (pos=<4291.589844, 25.247801, 4162.500000>).
18:26:39 [Market] Player "[R.E.D] The Old Man" (id=qa3SiHrOYQuyhWNE1xqFHOSVyeLINWrI-wJF_cwVwyw=) has sold mvs_rucksack_erdl x1 at the trader "Clothing (Linda [#STR_EXPANSION_MARKET_TRADER_CLOTHING])" in market zone "OUTLIVE Trader" (pos=<4291.589844, 25.247801, 4162.500000>) and got 1500.
18:27:25 [ATM Locker] Player "[CHILL]Wesan" (id=_as2mpidcm2ETxDe4vO9p_hL3BTuR3CWMaI4yFTnxa4=) has deposited 323 on his ATM account.
18:27:29 [VehicleCarKey] Player "[R.E.D] The Old Man" (id=qa3SiHrOYQuyhWNE1xqFHOSVyeLINWrI-wJF_cwVwyw= pos=<4393.255859, 0.951682, 4181.051758>) used the  ExpansionCarKey to unlock a ExpansionUtilityBoat
18:27:29 [VehicleCarKey] Player "Banderas" (id=4J1ZKcwA-26L3HgU5BJNo7WcyuiqX0LXnszrWFv9hmQ= pos=<7070.200684, 28.261650, 5816.912598>) used the  ExpansionCarKey to lock a ExpansionUAZ
18:27:30 [ATM Locker] Player "[CHILL]Wesan" (id=_as2mpidcm2ETxDe4vO9p_hL3BTuR3CWMaI4yFTnxa4=) has withdrawn 5000 from his ATM account.
18:27:51 [Safezone] Player "[R.E.D] The Old Man" (id=qa3SiHrOYQuyhWNE1xqFHOSVyeLINWrI-wJF_cwVwyw= pos=<4421.009277, 0.519573, 4156.427246>) Entered the safezone
18:27:52 [Safezone] Player "[R.E.D] DoDgY" (id=ktRM41tfmEPWvroZR3AqsVqtk95x7WD2p7citvvKp8g= pos=<4421.282715, 1.335544, 4157.375977>) Entered the safezone
18:28:01 [Market] Player "[CHILL]Wesan" (id=_as2mpidcm2ETxDe4vO9p_hL3BTuR3CWMaI4yFTnxa4=) has send a requested to purchase ammobox_357_20rnd x3 from the trader "Attachments (Oliver [#STR_EXPANSION_MARKET_TRADER_ATTACHMENTS])" in market zone "OUTLIVE Trader" (pos=<4291.589844, 25.247801, 4162.500000>).
18:28:01 [Market] Player "[CHILL]Wesan" (id=_as2mpidcm2ETxDe4vO9p_hL3BTuR3CWMaI4yFTnxa4=) has bought ammobox_357_20rnd x3 from the trader "Attachments (Oliver [#STR_EXPANSION_MARKET_TRADER_ATTACHMENTS])" in market zone "OUTLIVE Trader" (pos=<4291.589844, 25.247801, 4162.500000>) for a price of 1350.
18:28:27 [VehicleCarKey] Player "[R.E.D] The Old Man" (id=qa3SiHrOYQuyhWNE1xqFHOSVyeLINWrI-wJF_cwVwyw= pos=<4410.671875, 0.829603, 4180.897949>) used the  ExpansionCarKey to lock a ExpansionUtilityBoat
18:28:59 [Chat - Global]("Agapito"(id=Kp552-DUmpXjFmzRHkPAo19gGBC4gSvKLPksgSQ_nac=)): were i get a heli?
18:29:06 [Market] Player "[R.E.D] The Old Man" (id=qa3SiHrOYQuyhWNE1xqFHOSVyeLINWrI-wJF_cwVwyw=) has send a requested to sell twp_doomshotgun x1 at the trader "Weapons (Denis [#STR_EXPANSION_MARKET_TRADER_WEAPONS])" in market zone "OUTLIVE Trader" (pos=<4291.589844, 25.247801, 4162.500000>).
18:29:06 [Market] Player "[R.E.D] The Old Man" (id=qa3SiHrOYQuyhWNE1xqFHOSVyeLINWrI-wJF_cwVwyw=) has sold twp_doomshotgun x1 at the trader "Weapons (Denis [#STR_EXPANSION_MARKET_TRADER_WEAPONS])" in market zone "OUTLIVE Trader" (pos=<4291.589844, 25.247801, 4162.500000>) and got 3000.
18:29:08 [Market] Player "[R.E.D] The Old Man" (id=qa3SiHrOYQuyhWNE1xqFHOSVyeLINWrI-wJF_cwVwyw=) has send a requested to sell twp_doomshotgun x1 at the trader "Weapons (Denis [#STR_EXPANSION_MARKET_TRADER_WEAPONS])" in market zone "OUTLIVE Trader" (pos=<4291.589844, 25.247801, 4162.500000>).
18:29:08 [Market] Player "[R.E.D] The Old Man" (id=qa3SiHrOYQuyhWNE1xqFHOSVyeLINWrI-wJF_cwVwyw=) has sold twp_doomshotgun x1 at the trader "Weapons (Denis [#STR_EXPANSION_MARKET_TRADER_WEAPONS])" in market zone "OUTLIVE Trader" (pos=<4291.589844, 25.247801, 4162.500000>) and got 3000.
18:29:20 [ATM Locker] Player "[R.E.D] The Old Man" (id=qa3SiHrOYQuyhWNE1xqFHOSVyeLINWrI-wJF_cwVwyw=) has deposited 39056 on his ATM account.
18:29:23 [ATM Locker] Player "[R.E.D] The Old Man" (id=qa3SiHrOYQuyhWNE1xqFHOSVyeLINWrI-wJF_cwVwyw=) has deposited 39056 on the party "RED" (partyid=18 | ownerid=qa3SiHrOYQuyhWNE1xqFHOSVyeLINWrI-wJF_cwVwyw=) ATM account.
18:29:34 [Chat - Global]("YAKUZA"(id=HmoyAH1t2KejoSgtXMBbb7G-XqppYeWNJ-JGgiwVNzw=)): NO IDEA
18:31:25 [Market] Player "[CHILL]Wesan" (id=_as2mpidcm2ETxDe4vO9p_hL3BTuR3CWMaI4yFTnxa4=) has send a requested to purchase mvs_pants_bdu x1 from the trader "Clothing (Linda [#STR_EXPANSION_MARKET_TRADER_CLOTHING])" in market zone "OUTLIVE Trader" (pos=<4291.589844, 25.247801, 4162.500000>).
18:31:26 [Market] Player "[CHILL]Wesan" (id=_as2mpidcm2ETxDe4vO9p_hL3BTuR3CWMaI4yFTnxa4=) has bought mvs_pants_bdu x1 from the trader "Clothing (Linda [#STR_EXPANSION_MARKET_TRADER_CLOTHING])" in market zone "OUTLIVE Trader" (pos=<4291.589844, 25.247801, 4162.500000>) for a price of 3250.
18:32:03 [VehicleCarKey] Player "[R.E.D] The Old Man" (id=qa3SiHrOYQuyhWNE1xqFHOSVyeLINWrI-wJF_cwVwyw= pos=<4412.195801, 1.853406, 4180.795898>) used the  ExpansionCarKey to unlock a ExpansionUtilityBoat
18:32:30 [Safezone] Player "[R.E.D] DoDgY" (id=ktRM41tfmEPWvroZR3AqsVqtk95x7WD2p7citvvKp8g= pos=<4468.127930, 1.382475, 4084.773682>) Left the safezone
18:32:30 [Safezone] Player "[R.E.D] The Old Man" (id=qa3SiHrOYQuyhWNE1xqFHOSVyeLINWrI-wJF_cwVwyw= pos=<4470.049316, 0.830674, 4087.215088>) Left the safezone
18:32:32 [Chat - Global]("YAKUZA"(id=HmoyAH1t2KejoSgtXMBbb7G-XqppYeWNJ-JGgiwVNzw=)): i fund ammo 20x102
18:32:51 [VehicleCarKey] Player "Banderas" (id=4J1ZKcwA-26L3HgU5BJNo7WcyuiqX0LXnszrWFv9hmQ= pos=<7070.040527, 28.261372, 5815.933105>) used the  ExpansionCarKey to unlock a ExpansionUAZ
18:32:52 [Market] Player "[CHILL]Wesan" (id=_as2mpidcm2ETxDe4vO9p_hL3BTuR3CWMaI4yFTnxa4=) has send a requested to sell usmcpants_woodland x1 at the trader "Clothing (Linda [#STR_EXPANSION_MARKET_TRADER_CLOTHING])" in market zone "OUTLIVE Trader" (pos=<4291.589844, 25.247801, 4162.500000>).
18:32:52 [Market] Player "[CHILL]Wesan" (id=_as2mpidcm2ETxDe4vO9p_hL3BTuR3CWMaI4yFTnxa4=) has sold usmcpants_woodland x1 at the trader "Clothing (Linda [#STR_EXPANSION_MARKET_TRADER_CLOTHING])" in market zone "OUTLIVE Trader" (pos=<4291.589844, 25.247801, 4162.500000>) and got 130.
18:33:30 [ATM Locker] Player "[CHILL]Wesan" (id=_as2mpidcm2ETxDe4vO9p_hL3BTuR3CWMaI4yFTnxa4=) has deposited 530 on his ATM account.
18:34:00 [Market] Player "[CHILL]Wesan" (id=_as2mpidcm2ETxDe4vO9p_hL3BTuR3CWMaI4yFTnxa4=) has send a requested to sell hacksaw x1 at the trader "BuildingSupplies (Boris [#STR_EXPANSION_MARKET_TRADER_BUILDING_SUPPLIES])" in market zone "OUTLIVE Trader" (pos=<4291.589844, 25.247801, 4162.500000>).
18:34:00 [Market] Player "[CHILL]Wesan" (id=_as2mpidcm2ETxDe4vO9p_hL3BTuR3CWMaI4yFTnxa4=) has sold hacksaw x1 at the trader "BuildingSupplies (Boris [#STR_EXPANSION_MARKET_TRADER_BUILDING_SUPPLIES])" in market zone "OUTLIVE Trader" (pos=<4291.589844, 25.247801, 4162.500000>) and got 280.
18:34:10 [Market] Player "[CHILL]Wesan" (id=_as2mpidcm2ETxDe4vO9p_hL3BTuR3CWMaI4yFTnxa4=) has send a requested to sell paper x4 at the trader "BuildingSupplies (Boris [#STR_EXPANSION_MARKET_TRADER_BUILDING_SUPPLIES])" in market zone "OUTLIVE Trader" (pos=<4291.589844, 25.247801, 4162.500000>).
18:34:10 [Market] Player "[CHILL]Wesan" (id=_as2mpidcm2ETxDe4vO9p_hL3BTuR3CWMaI4yFTnxa4=) has sold paper x4 at the trader "BuildingSupplies (Boris [#STR_EXPANSION_MARKET_TRADER_BUILDING_SUPPLIES])" in market zone "OUTLIVE Trader" (pos=<4291.589844, 25.247801, 4162.500000>) and got 16.
18:34:19 [Market] Player "[CHILL]Wesan" (id=_as2mpidcm2ETxDe4vO9p_hL3BTuR3CWMaI4yFTnxa4=) has send a requested to sell ducttape x1 at the trader "BuildingSupplies (Boris [#STR_EXPANSION_MARKET_TRADER_BUILDING_SUPPLIES])" in market zone "OUTLIVE Trader" (pos=<4291.589844, 25.247801, 4162.500000>).
18:34:19 [Market] Player "[CHILL]Wesan" (id=_as2mpidcm2ETxDe4vO9p_hL3BTuR3CWMaI4yFTnxa4=) has sold ducttape x1 at the trader "BuildingSupplies (Boris [#STR_EXPANSION_MARKET_TRADER_BUILDING_SUPPLIES])" in market zone "OUTLIVE Trader" (pos=<4291.589844, 25.247801, 4162.500000>) and got 180.
18:36:45 [Expansion Quests] - CompleteQuest - Player with UID 4J1ZKcwA-26L3HgU5BJNo7WcyuiqX0LXnszrWFv9hmQ= has completed quest 82
18:36:45 [Expansion Quests] - ExpansionQuest - Quest owner ID: 4J1ZKcwA-26L3HgU5BJNo7WcyuiqX0LXnszrWFv9hmQ=
18:36:45 [Expansion Quests] - ExpansionQuest - Quest ID: 82
18:36:45 [Expansion Quests] - ExpansionQuest - Quest state: 3
18:36:45 [Expansion Quests] - ExpansionQuest - Quest completed: true
18:36:55 [ATM Locker] Player "[CHILL]Wesan" (id=_as2mpidcm2ETxDe4vO9p_hL3BTuR3CWMaI4yFTnxa4=) has deposited 476 on his ATM account.
18:37:01 [ATM Locker] Player "[CHILL]Wesan" (id=_as2mpidcm2ETxDe4vO9p_hL3BTuR3CWMaI4yFTnxa4=) has withdrawn 5000 from his ATM account.
18:37:15 [Market] Player "[CHILL]Wesan" (id=_as2mpidcm2ETxDe4vO9p_hL3BTuR3CWMaI4yFTnxa4=) has send a requested to purchase msp_barrel_donation x1 from the trader "BuildingSupplies (Boris [#STR_EXPANSION_MARKET_TRADER_BUILDING_SUPPLIES])" in market zone "OUTLIVE Trader" (pos=<4291.589844, 25.247801, 4162.500000>).
18:37:15 [Market] Player "[CHILL]Wesan" (id=_as2mpidcm2ETxDe4vO9p_hL3BTuR3CWMaI4yFTnxa4=) has bought msp_barrel_donation x1 from the trader "BuildingSupplies (Boris [#STR_EXPANSION_MARKET_TRADER_BUILDING_SUPPLIES])" in market zone "OUTLIVE Trader" (pos=<4291.589844, 25.247801, 4162.500000>) for a price of 5000.
18:37:43 [CodeLockRaiding] ExpansionCodelock (<5018.354492, 3.904689, 562.270569>) Damaged player "Agapito" (ID = "Kp552-DUmpXjFmzRHkPAo19gGBC4gSvKLPksgSQ_nac=" at <5014.385254, 3.994486, 563.074768>) by 10 health points. Reason: Failed to enter the correct code.
18:37:43 [CodeLockRaiding] ExpansionCodelock (<5018.354492, 3.904689, 562.270569>) The correct code was 4133 and the player tried 8523
18:38:38 [VehicleCarKey] Player "[R.E.D] The Old Man" (id=qa3SiHrOYQuyhWNE1xqFHOSVyeLINWrI-wJF_cwVwyw= pos=<9753.247070, 0.942581, 5499.339355>) used the  ExpansionCarKey to lock a ExpansionUtilityBoat
18:39:21 [Safezone] Player "[R.E.D] The Old Man" (id=qa3SiHrOYQuyhWNE1xqFHOSVyeLINWrI-wJF_cwVwyw= pos=<9899.682617, 8.200668, 5341.219238>) Entered the safezone
18:39:53 [Safezone] Player "[CHILL]Wesan" (id=_as2mpidcm2ETxDe4vO9p_hL3BTuR3CWMaI4yFTnxa4= pos=<4238.667969, 20.456404, 4026.709229>) Left the safezone
18:40:13 [Safezone] Player "[R.E.D] The Old Man" (id=qa3SiHrOYQuyhWNE1xqFHOSVyeLINWrI-wJF_cwVwyw= pos=<9934.399414, 9.897923, 5291.892578>) Left the safezone
18:41:54 [Safezone] Player "[R.E.D] The Old Man" (id=qa3SiHrOYQuyhWNE1xqFHOSVyeLINWrI-wJF_cwVwyw= pos=<9967.477539, 8.619155, 5315.189453>) Entered the safezone
18:43:13 [Safezone] Player "[R.E.D] The Old Man" (id=qa3SiHrOYQuyhWNE1xqFHOSVyeLINWrI-wJF_cwVwyw= pos=<9857.983398, 7.630972, 5391.904785>) Left the safezone
18:44:37 [VehicleCarKey] Player "[R.E.D] The Old Man" (id=qa3SiHrOYQuyhWNE1xqFHOSVyeLINWrI-wJF_cwVwyw= pos=<9753.089844, 0.943296, 5499.533691>) used the  ExpansionCarKey to unlock a ExpansionUtilityBoat
18:45:30 [VehicleCarKey] Player "Banderas" (id=4J1ZKcwA-26L3HgU5BJNo7WcyuiqX0LXnszrWFv9hmQ= pos=<9935.151367, 7.238371, 9347.394531>) used the  ExpansionCarKey to lock a ExpansionUAZ
18:46:41 [Safezone] Player "TBW///Miguel" (id=CoFE74V8SNNeCRyPCukE2UTBlM4Qe7Hv2NTd8IIPuYI= pos=<4263.326172, 11.488442, 4199.533203>) Entered the safezone
18:46:41 [Expansion Quests] - SetupClientData - Loaded existing player quest data for player with UID: CoFE74V8SNNeCRyPCukE2UTBlM4Qe7Hv2NTd8IIPuYI=
18:46:41 [Expansion Quests] - PlayerQuestsInit - Create new quest instance for quest: 23 - Creator UID: CoFE74V8SNNeCRyPCukE2UTBlM4Qe7Hv2NTd8IIPuYI=
18:48:48 [Safezone] Player "MADness" (id=OWXX6Y-5LFd-7A6ELi2o-QPO0kjmZUMZvMTKL0AQ_q0= pos=<4229.001465, 10.277723, 4138.574219>) Entered the safezone
18:48:48 [Expansion Quests] - SetupClientData - Got cached player quest data for player with UID: OWXX6Y-5LFd-7A6ELi2o-QPO0kjmZUMZvMTKL0AQ_q0=
18:48:48 [Expansion Quests] - PlayerQuestsInit - Create new quest instance for quest: 23 - Creator UID: OWXX6Y-5LFd-7A6ELi2o-QPO0kjmZUMZvMTKL0AQ_q0=
18:49:35 [VehicleCarKey] Player "[R.E.D] The Old Man" (id=qa3SiHrOYQuyhWNE1xqFHOSVyeLINWrI-wJF_cwVwyw= pos=<7017.493164, 1.655259, 5127.201660>) used the  ExpansionCarKey to unlock a Hatchback_02
18:50:30 [Safezone] Player "MADness" (id=OWXX6Y-5LFd-7A6ELi2o-QPO0kjmZUMZvMTKL0AQ_q0= pos=<9850.702148, -0.871048, 4519.955566>) Left the safezone
18:50:36 [AdminTools] Player "MADness" (id=OWXX6Y-5LFd-7A6ELi2o-QPO0kjmZUMZvMTKL0AQ_q0= pos=<9848.017578, 0.622258, 4518.463867>) used the  ExpansionCarAdminKey to unlock a ExpansionUtilityBoat
18:50:36 [VehicleCarKey] Player "MADness" (id=OWXX6Y-5LFd-7A6ELi2o-QPO0kjmZUMZvMTKL0AQ_q0= pos=<9848.017578, 0.622258, 4518.463867>) used the  ExpansionCarAdminKey to unlock a ExpansionUtilityBoat
18:52:20 [VehicleCarKey] Player "MADness" (id=OWXX6Y-5LFd-7A6ELi2o-QPO0kjmZUMZvMTKL0AQ_q0= pos=<9655.072266, 0.498444, 4432.446289>) used the  ExpansionCarAdminKey to lock a ExpansionUtilityBoat
18:52:20 [AdminTools] Player "MADness" (id=OWXX6Y-5LFd-7A6ELi2o-QPO0kjmZUMZvMTKL0AQ_q0= pos=<9655.072266, 0.498444, 4432.446289>) used the  ExpansionCarAdminKey to lock a ExpansionUtilityBoat
18:53:37 [VehicleCarKey] Player "[R.E.D] The Old Man" (id=qa3SiHrOYQuyhWNE1xqFHOSVyeLINWrI-wJF_cwVwyw= pos=<7009.517090, 1.254300, 5085.116211>) used the  ExpansionCarKey to lock a ExpansionUtilityBoat
18:54:04 [Chat - Global]("TBW///Miguel"(id=CoFE74V8SNNeCRyPCukE2UTBlM4Qe7Hv2NTd8IIPuYI=)): algun espaol por aki ?
18:54:59 [Expansion Quests] - SetupClientData - Got cached player quest data for player with UID: HmoyAH1t2KejoSgtXMBbb7G-XqppYeWNJ-JGgiwVNzw=
18:54:59 [Expansion Quests] - PlayerQuestsInit - Create new quest instance for quest: 20 - Creator UID: HmoyAH1t2KejoSgtXMBbb7G-XqppYeWNJ-JGgiwVNzw=
18:54:59 [Expansion Quests] - PlayerQuestsInit - Create new quest instance for quest: 82 - Creator UID: HmoyAH1t2KejoSgtXMBbb7G-XqppYeWNJ-JGgiwVNzw=
18:55:02 [VehicleCarKey] Player "[R.E.D] The Old Man" (id=qa3SiHrOYQuyhWNE1xqFHOSVyeLINWrI-wJF_cwVwyw= pos=<7017.205566, 1.655257, 5127.084961>) used the  ExpansionCarKey to lock a Hatchback_02
18:57:35 [Safezone] Player "TBW///Miguel" (id=CoFE74V8SNNeCRyPCukE2UTBlM4Qe7Hv2NTd8IIPuYI= pos=<4340.850586, 4.922403, 4102.716309>) Entered the safezone
18:57:35 [Expansion Quests] - SetupClientData - Got cached player quest data for player with UID: CoFE74V8SNNeCRyPCukE2UTBlM4Qe7Hv2NTd8IIPuYI=
18:57:41 [Expansion Quests] - CompleteQuest - Player with UID 4J1ZKcwA-26L3HgU5BJNo7WcyuiqX0LXnszrWFv9hmQ= has completed quest 17
18:57:41 [Expansion Quests] - ExpansionQuest - Quest owner ID: 4J1ZKcwA-26L3HgU5BJNo7WcyuiqX0LXnszrWFv9hmQ=
18:57:41 [Expansion Quests] - ExpansionQuest - Quest ID: 17
18:57:41 [Expansion Quests] - ExpansionQuest - Quest state: 3
18:57:41 [Expansion Quests] - ExpansionQuest - Quest completed: true
18:58:11 [VehicleCarKey] Player "[CHILL]Wesan" (id=_as2mpidcm2ETxDe4vO9p_hL3BTuR3CWMaI4yFTnxa4= pos=<3392.908936, 29.640917, 3419.177734>) used the  ExpansionCarKey to unlock a OffroadHatchback
18:58:14 [VehicleCarKey] Player "[CHILL]Wesan" (id=_as2mpidcm2ETxDe4vO9p_hL3BTuR3CWMaI4yFTnxa4= pos=<3392.908936, 29.640917, 3419.177734>) used the  ExpansionCarKey to lock a OffroadHatchback
19:00:48 [Chat - Global]("TBW///Miguel"(id=CoFE74V8SNNeCRyPCukE2UTBlM4Qe7Hv2NTd8IIPuYI=)): que necesito para hacer una base
19:01:42 [Chat - Global]("Banderas"(id=4J1ZKcwA-26L3HgU5BJNo7WcyuiqX0LXnszrWFv9hmQ=)): can you speak english atleast?
19:01:52 [Safezone] Player "TBW///Miguel" (id=CoFE74V8SNNeCRyPCukE2UTBlM4Qe7Hv2NTd8IIPuYI= pos=<4342.066895, 4.867981, 4101.422363>) Entered the safezone
19:01:52 [Expansion Quests] - SetupClientData - Got cached player quest data for player with UID: CoFE74V8SNNeCRyPCukE2UTBlM4Qe7Hv2NTd8IIPuYI=
19:01:52 [Expansion Quests] - PlayerQuestsInit - Create new quest instance for quest: 23 - Creator UID: CoFE74V8SNNeCRyPCukE2UTBlM4Qe7Hv2NTd8IIPuYI=
19:02:54 [Chat - Global]("Banderas"(id=4J1ZKcwA-26L3HgU5BJNo7WcyuiqX0LXnszrWFv9hmQ=)): no one sells mad monk beer?
19:03:56 [MissionAirdrop] An airdrop is heading towards "Schlachtfeld" (pos=<3059.000000, 0.000000, 1707.000000> type=Random_Schlachtfeld) with a ExpansionAirdropContainer_Medical
19:03:56 [MissionAirdrop] An airdrop is heading towards "Herrnchiemsee" (pos=<7218.000000, 0.000000, 3495.000000> type=Random_Herrnchiemsee) with a ExpansionAirdropContainer
19:07:37 [Chat - Global]("TBW///Miguel"(id=CoFE74V8SNNeCRyPCukE2UTBlM4Qe7Hv2NTd8IIPuYI=)): If I buy a car in the trade they give it to me with all the parts or I have to buy them separately
19:08:11 [Chat - Global]("Banderas"(id=4J1ZKcwA-26L3HgU5BJNo7WcyuiqX0LXnszrWFv9hmQ=)): with all parts
19:10:38 [Safezone] Player "TBW///Miguel" (id=CoFE74V8SNNeCRyPCukE2UTBlM4Qe7Hv2NTd8IIPuYI= pos=<4187.143555, 15.385460, 4131.898926>) Entered the safezone
19:10:38 [Expansion Quests] - SetupClientData - Got cached player quest data for player with UID: CoFE74V8SNNeCRyPCukE2UTBlM4Qe7Hv2NTd8IIPuYI=
19:11:10 [VehicleCarKey] Player "Banderas" (id=4J1ZKcwA-26L3HgU5BJNo7WcyuiqX0LXnszrWFv9hmQ= pos=<9934.630859, 7.229629, 9347.242188>) used the  ExpansionCarKey to unlock a ExpansionUAZ
19:12:21 [Safezone] Player "TBW///Miguel" (id=CoFE74V8SNNeCRyPCukE2UTBlM4Qe7Hv2NTd8IIPuYI= pos=<4253.923828, 9.752459, 4163.802734>) Entered the safezone
19:12:21 [Expansion Quests] - SetupClientData - Got cached player quest data for player with UID: CoFE74V8SNNeCRyPCukE2UTBlM4Qe7Hv2NTd8IIPuYI=
19:13:08 [Safezone] Player "Bflame" (id=u7jy1hFXeX-3C-ubChAdh59YiiyuY16LDVnTQIqtPmk= pos=<4209.764648, 15.915525, 4131.131348>) Entered the safezone
19:13:08 [Expansion Quests] - SetupClientData - Loaded existing player quest data for player with UID: u7jy1hFXeX-3C-ubChAdh59YiiyuY16LDVnTQIqtPmk=
19:13:08 [Expansion Quests] - PlayerQuestsInit - Create new quest instance for quest: 23 - Creator UID: u7jy1hFXeX-3C-ubChAdh59YiiyuY16LDVnTQIqtPmk=
19:14:28 [Safezone] Player "Bflame" (id=u7jy1hFXeX-3C-ubChAdh59YiiyuY16LDVnTQIqtPmk= pos=<4161.584961, 15.805543, 4104.615723>) Left the safezone
19:14:50 [Safezone] Player "Bflame" (id=u7jy1hFXeX-3C-ubChAdh59YiiyuY16LDVnTQIqtPmk= pos=<4171.880859, 46.999630, 4111.935547>) Entered the safezone
19:15:26 [VehicleCarKey] Player "Banderas" (id=4J1ZKcwA-26L3HgU5BJNo7WcyuiqX0LXnszrWFv9hmQ= pos=<9361.321289, 6.199913, 8767.379883>) used the  ExpansionCarKey to lock a ExpansionUAZ
19:15:44 [Market] Player "Bflame" (id=u7jy1hFXeX-3C-ubChAdh59YiiyuY16LDVnTQIqtPmk=) has send a requested to sell bear_pink x1 at the trader "Clothing (Linda [#STR_EXPANSION_MARKET_TRADER_CLOTHING])" in market zone "OUTLIVE Trader" (pos=<4291.589844, 25.247801, 4162.500000>).
19:15:45 [Market] Player "Bflame" (id=u7jy1hFXeX-3C-ubChAdh59YiiyuY16LDVnTQIqtPmk=) has sold bear_pink x1 at the trader "Clothing (Linda [#STR_EXPANSION_MARKET_TRADER_CLOTHING])" in market zone "OUTLIVE Trader" (pos=<4291.589844, 25.247801, 4162.500000>) and got 3500.
19:15:45 [Market] Player "Bflame" (id=u7jy1hFXeX-3C-ubChAdh59YiiyuY16LDVnTQIqtPmk=) has send a requested to sell bear_pink x1 at the trader "Clothing (Linda [#STR_EXPANSION_MARKET_TRADER_CLOTHING])" in market zone "OUTLIVE Trader" (pos=<4291.589844, 25.247801, 4162.500000>).
19:15:45 [Market] Player "Bflame" (id=u7jy1hFXeX-3C-ubChAdh59YiiyuY16LDVnTQIqtPmk=) has sold bear_pink x1 at the trader "Clothing (Linda [#STR_EXPANSION_MARKET_TRADER_CLOTHING])" in market zone "OUTLIVE Trader" (pos=<4291.589844, 25.247801, 4162.500000>) and got 3500.
19:16:34 [Killfeed] YAKUZA bled out.
19:16:36 [Expansion Quests] - CancelQuestServer - Player with UID HmoyAH1t2KejoSgtXMBbb7G-XqppYeWNJ-JGgiwVNzw= has cancelled quest 82
19:16:53 [Expansion Quests] - SetupClientData - Got cached player quest data for player with UID: HmoyAH1t2KejoSgtXMBbb7G-XqppYeWNJ-JGgiwVNzw=
19:17:01 [Chat - Global]("Banderas"(id=4J1ZKcwA-26L3HgU5BJNo7WcyuiqX0LXnszrWFv9hmQ=)): yakuza all ok? mabey need help?
19:17:02 [Expansion Quests] - SetupClientData - Got cached player quest data for player with UID: 5HGJM4GfzznjUOY_lcVWS3zeQvKgWVOcukrVzOvxsYc=
19:17:02 [Expansion Quests] - PlayerQuestsInit - Create new quest instance for quest: 23 - Creator UID: 5HGJM4GfzznjUOY_lcVWS3zeQvKgWVOcukrVzOvxsYc=
19:18:13 [Safezone] Player "Bflame" (id=u7jy1hFXeX-3C-ubChAdh59YiiyuY16LDVnTQIqtPmk= pos=<4102.526855, 20.429947, 4187.256836>) Left the safezone
19:18:40 [Safezone] Player "TBW///Miguel" (id=CoFE74V8SNNeCRyPCukE2UTBlM4Qe7Hv2NTd8IIPuYI= pos=<4267.334961, 21.100134, 3992.733154>) Left the safezone
19:23:52 [Chat - Global]("TBW///Miguel"(id=CoFE74V8SNNeCRyPCukE2UTBlM4Qe7Hv2NTd8IIPuYI=)): where he bought a territory
19:24:13 [VehicleCarKey] Player "[R.E.D] The Old Man" (id=qa3SiHrOYQuyhWNE1xqFHOSVyeLINWrI-wJF_cwVwyw= pos=<7009.404297, 1.258212, 5084.859863>) used the  ExpansionCarKey to unlock a ExpansionUtilityBoat
19:24:37 [Chat - Global]("Banderas"(id=4J1ZKcwA-26L3HgU5BJNo7WcyuiqX0LXnszrWFv9hmQ=)): build flagpole
19:25:24 [Chat - Global]("TBW///Miguel"(id=CoFE74V8SNNeCRyPCukE2UTBlM4Qe7Hv2NTd8IIPuYI=)): and how do i do that
19:25:43 [Chat - Global]("[R.E.D] DoDgY"(id=ktRM41tfmEPWvroZR3AqsVqtk95x7WD2p7citvvKp8g=)): sticks and rop
19:25:44 [Chat - Global]("[R.E.D] DoDgY"(id=ktRM41tfmEPWvroZR3AqsVqtk95x7WD2p7citvvKp8g=)): e
19:25:45 [Safezone] Player "TBW///Miguel" (id=CoFE74V8SNNeCRyPCukE2UTBlM4Qe7Hv2NTd8IIPuYI= pos=<4274.596680, 15.425280, 4034.701904>) Entered the safezone
19:25:48 [Chat - Global]("[R.E.D] DoDgY"(id=ktRM41tfmEPWvroZR3AqsVqtk95x7WD2p7citvvKp8g=)): then add logs
19:25:55 [Chat - Global]("Banderas"(id=4J1ZKcwA-26L3HgU5BJNo7WcyuiqX0LXnszrWFv9hmQ=)): 3 sticks and rope 
19:25:56 [Chat - Global]("[R.E.D] DoDgY"(id=ktRM41tfmEPWvroZR3AqsVqtk95x7WD2p7citvvKp8g=)): then add 32 stones 
19:26:01 [Chat - Global]("[R.E.D] DoDgY"(id=ktRM41tfmEPWvroZR3AqsVqtk95x7WD2p7citvvKp8g=)): rope wire nails
19:26:12 [Chat - Global]("[R.E.D] DoDgY"(id=ktRM41tfmEPWvroZR3AqsVqtk95x7WD2p7citvvKp8g=)): u will need a sledge hammer
19:26:18 [Chat - Global]("[R.E.D] DoDgY"(id=ktRM41tfmEPWvroZR3AqsVqtk95x7WD2p7citvvKp8g=)): pick axe or shovel
19:26:22 [Chat - Global]("[R.E.D] DoDgY"(id=ktRM41tfmEPWvroZR3AqsVqtk95x7WD2p7citvvKp8g=)): and a hatchet
19:27:24 [Safezone] Player "[R.E.D] DoDgY" (id=ktRM41tfmEPWvroZR3AqsVqtk95x7WD2p7citvvKp8g= pos=<9913.746094, 8.444386, 5397.149902>) Entered the safezone
19:27:50 [Chat - Global]("TBW///Miguel"(id=CoFE74V8SNNeCRyPCukE2UTBlM4Qe7Hv2NTd8IIPuYI=)): okey thx
19:28:16 [Safezone] Player "[R.E.D] DoDgY" (id=ktRM41tfmEPWvroZR3AqsVqtk95x7WD2p7citvvKp8g= pos=<9871.760742, 8.395269, 5420.378906>) Left the safezone
19:28:30 [Chat - Global]("Banderas"(id=4J1ZKcwA-26L3HgU5BJNo7WcyuiqX0LXnszrWFv9hmQ=)): how hard to find a mad monk beer?
19:28:41 [Chat - Global]("[R.E.D] DoDgY"(id=ktRM41tfmEPWvroZR3AqsVqtk95x7WD2p7citvvKp8g=)): hard
19:28:52 [Chat - Global]("Banderas"(id=4J1ZKcwA-26L3HgU5BJNo7WcyuiqX0LXnszrWFv9hmQ=)): need 6 of them:(
19:28:56 [Chat - Global]("[R.E.D] DoDgY"(id=ktRM41tfmEPWvroZR3AqsVqtk95x7WD2p7citvvKp8g=)): think u can get it as reward in some quest
19:29:17 [Chat - Global]("Banderas"(id=4J1ZKcwA-26L3HgU5BJNo7WcyuiqX0LXnszrWFv9hmQ=)): only get vodka from quest
19:29:42 [Chat - Global]("[R.E.D] DoDgY"(id=ktRM41tfmEPWvroZR3AqsVqtk95x7WD2p7citvvKp8g=)): not sure then ive only found 1 mad monk
19:30:24 [VehicleCarKey] Player "MaxKulera" (id=5HGJM4GfzznjUOY_lcVWS3zeQvKgWVOcukrVzOvxsYc= pos=<5198.159180, 1.665068, 6296.269043>) used the  ExpansionCarKey to unlock a Sedan_02
19:30:52 [VehicleCarKey] Player "MaxKulera" (id=5HGJM4GfzznjUOY_lcVWS3zeQvKgWVOcukrVzOvxsYc= pos=<5198.196777, 1.592933, 6296.041504>) used the  ExpansionCarKey to lock a Sedan_02
19:31:30 [Chat - Global]("Banderas"(id=4J1ZKcwA-26L3HgU5BJNo7WcyuiqX0LXnszrWFv9hmQ=)): ok i need go to work now se you all next weekends
19:33:58 [VehicleCarKey] Player "[R.E.D] The Old Man" (id=qa3SiHrOYQuyhWNE1xqFHOSVyeLINWrI-wJF_cwVwyw= pos=<6951.257324, 0.895225, 828.022583>) used the  ExpansionCarKey to lock a ExpansionUtilityBoat
19:34:19 [Market] Player "TBW///Miguel" (id=CoFE74V8SNNeCRyPCukE2UTBlM4Qe7Hv2NTd8IIPuYI=) has send a requested to sell twp_awm_mag_5rnd x1 at the trader "Attachments (Oliver [#STR_EXPANSION_MARKET_TRADER_ATTACHMENTS])" in market zone "OUTLIVE Trader" (pos=<4291.589844, 25.247801, 4162.500000>).
19:34:19 [Market] Player "TBW///Miguel" (id=CoFE74V8SNNeCRyPCukE2UTBlM4Qe7Hv2NTd8IIPuYI=) has sold twp_awm_mag_5rnd x1 at the trader "Attachments (Oliver [#STR_EXPANSION_MARKET_TRADER_ATTACHMENTS])" in market zone "OUTLIVE Trader" (pos=<4291.589844, 25.247801, 4162.500000>) and got 310.
19:35:36 [Expansion Quests] - CompleteQuest - Player with UID ktRM41tfmEPWvroZR3AqsVqtk95x7WD2p7citvvKp8g= has completed quest 6
19:35:36 [Expansion Quests] - ExpansionQuest - Quest owner ID: ktRM41tfmEPWvroZR3AqsVqtk95x7WD2p7citvvKp8g=
19:35:36 [Expansion Quests] - ExpansionQuest - Quest ID: 6
19:35:36 [Expansion Quests] - ExpansionQuest - Quest state: 3
19:35:36 [Expansion Quests] - ExpansionQuest - Quest completed: true
19:35:41 [Expansion Quests] - CompleteQuest - Player with UID ktRM41tfmEPWvroZR3AqsVqtk95x7WD2p7citvvKp8g= has completed quest 10
19:35:41 [Expansion Quests] - ExpansionQuest - Quest owner ID: ktRM41tfmEPWvroZR3AqsVqtk95x7WD2p7citvvKp8g=
19:35:41 [Expansion Quests] - ExpansionQuest - Quest ID: 10
19:35:41 [Expansion Quests] - ExpansionQuest - Quest state: 3
19:35:41 [Expansion Quests] - ExpansionQuest - Quest completed: true
19:35:59 [ATM Locker] Player "TBW///Miguel" (id=CoFE74V8SNNeCRyPCukE2UTBlM4Qe7Hv2NTd8IIPuYI=) has withdrawn 1700 from his ATM account.
19:36:23 [Expansion Quests] - CompleteQuest - Player with UID qa3SiHrOYQuyhWNE1xqFHOSVyeLINWrI-wJF_cwVwyw= has completed quest 6
19:36:23 [Expansion Quests] - ExpansionQuest - Quest owner ID: qa3SiHrOYQuyhWNE1xqFHOSVyeLINWrI-wJF_cwVwyw=
19:36:23 [Expansion Quests] - ExpansionQuest - Quest ID: 6
19:36:23 [Expansion Quests] - ExpansionQuest - Quest state: 3
19:36:23 [Expansion Quests] - ExpansionQuest - Quest completed: true
19:36:32 [Expansion Quests] - CompleteQuest - Player with UID qa3SiHrOYQuyhWNE1xqFHOSVyeLINWrI-wJF_cwVwyw= has completed quest 10
19:36:32 [Expansion Quests] - ExpansionQuest - Quest owner ID: qa3SiHrOYQuyhWNE1xqFHOSVyeLINWrI-wJF_cwVwyw=
19:36:32 [Expansion Quests] - ExpansionQuest - Quest ID: 10
19:36:32 [Expansion Quests] - ExpansionQuest - Quest state: 3
19:36:32 [Expansion Quests] - ExpansionQuest - Quest completed: true
19:36:49 [Market] Player "TBW///Miguel" (id=CoFE74V8SNNeCRyPCukE2UTBlM4Qe7Hv2NTd8IIPuYI=) has send a requested to purchase rope x1 from the trader "BuildingSupplies (Boris [#STR_EXPANSION_MARKET_TRADER_BUILDING_SUPPLIES])" in market zone "OUTLIVE Trader" (pos=<4291.589844, 25.247801, 4162.500000>).
19:36:49 [Market] Player "TBW///Miguel" (id=CoFE74V8SNNeCRyPCukE2UTBlM4Qe7Hv2NTd8IIPuYI=) has bought rope x1 from the trader "BuildingSupplies (Boris [#STR_EXPANSION_MARKET_TRADER_BUILDING_SUPPLIES])" in market zone "OUTLIVE Trader" (pos=<4291.589844, 25.247801, 4162.500000>) for a price of 200.
19:36:50 [Market] Player "TBW///Miguel" (id=CoFE74V8SNNeCRyPCukE2UTBlM4Qe7Hv2NTd8IIPuYI=) has send a requested to purchase rope x1 from the trader "BuildingSupplies (Boris [#STR_EXPANSION_MARKET_TRADER_BUILDING_SUPPLIES])" in market zone "OUTLIVE Trader" (pos=<4291.589844, 25.247801, 4162.500000>).
19:36:50 [Market] Player "TBW///Miguel" (id=CoFE74V8SNNeCRyPCukE2UTBlM4Qe7Hv2NTd8IIPuYI=) has bought rope x1 from the trader "BuildingSupplies (Boris [#STR_EXPANSION_MARKET_TRADER_BUILDING_SUPPLIES])" in market zone "OUTLIVE Trader" (pos=<4291.589844, 25.247801, 4162.500000>) for a price of 200.
19:37:31 [Chat - Global]("TBW///Miguel"(id=CoFE74V8SNNeCRyPCukE2UTBlM4Qe7Hv2NTd8IIPuYI=)): someone sell me a flag
19:39:28 [Market] Player "TBW///Miguel" (id=CoFE74V8SNNeCRyPCukE2UTBlM4Qe7Hv2NTd8IIPuYI=) has send a requested to purchase platecarrierholster x1 from the trader "Clothing (Linda [#STR_EXPANSION_MARKET_TRADER_CLOTHING])" in market zone "OUTLIVE Trader" (pos=<4291.589844, 25.247801, 4162.500000>).
19:39:28 [Market] Player "TBW///Miguel" (id=CoFE74V8SNNeCRyPCukE2UTBlM4Qe7Hv2NTd8IIPuYI=) has bought platecarrierholster x1 from the trader "Clothing (Linda [#STR_EXPANSION_MARKET_TRADER_CLOTHING])" in market zone "OUTLIVE Trader" (pos=<4291.589844, 25.247801, 4162.500000>) for a price of 600.
19:39:30 [Market] Player "TBW///Miguel" (id=CoFE74V8SNNeCRyPCukE2UTBlM4Qe7Hv2NTd8IIPuYI=) has send a requested to purchase nylonknifesheath x1 from the trader "Clothing (Linda [#STR_EXPANSION_MARKET_TRADER_CLOTHING])" in market zone "OUTLIVE Trader" (pos=<4291.589844, 25.247801, 4162.500000>).
19:39:30 [Market] Player "TBW///Miguel" (id=CoFE74V8SNNeCRyPCukE2UTBlM4Qe7Hv2NTd8IIPuYI=) has bought nylonknifesheath x1 from the trader "Clothing (Linda [#STR_EXPANSION_MARKET_TRADER_CLOTHING])" in market zone "OUTLIVE Trader" (pos=<4291.589844, 25.247801, 4162.500000>) for a price of 300.
19:39:51 [VehicleCarKey] Player "MaxKulera" (id=5HGJM4GfzznjUOY_lcVWS3zeQvKgWVOcukrVzOvxsYc= pos=<5198.155762, 1.563573, 6295.936035>) used the  ExpansionCarKey to unlock a Sedan_02
19:43:39 [Expansion Quests] - SetupClientData - Got cached player quest data for player with UID: u7jy1hFXeX-3C-ubChAdh59YiiyuY16LDVnTQIqtPmk=
19:43:39 [Expansion Quests] - PlayerQuestsInit - Create new quest instance for quest: 23 - Creator UID: u7jy1hFXeX-3C-ubChAdh59YiiyuY16LDVnTQIqtPmk=
19:44:06 [VehicleCarKey] Player "MaxKulera" (id=5HGJM4GfzznjUOY_lcVWS3zeQvKgWVOcukrVzOvxsYc= pos=<5197.947266, 1.489944, 6295.667480>) used the  ExpansionCarKey to lock a Sedan_02
19:44:38 [VehicleCarKey] Player "[R.E.D] The Old Man" (id=qa3SiHrOYQuyhWNE1xqFHOSVyeLINWrI-wJF_cwVwyw= pos=<6950.336914, 0.777584, 829.666931>) used the  ExpansionCarKey to unlock a ExpansionUtilityBoat
19:45:11 [Safezone] Player "TBW///Miguel" (id=CoFE74V8SNNeCRyPCukE2UTBlM4Qe7Hv2NTd8IIPuYI= pos=<4393.212402, 4.038937, 4025.803955>) Left the safezone
19:46:45 [Expansion Quests] - SetupClientData - Got cached player quest data for player with UID: 3DdZBGxrhpjkG_MR5Mu_raSUKI_yyi3YtQfBsO6_fmM=
19:46:45 [Expansion Quests] - PlayerQuestsInit - Create new quest instance for quest: 20 - Creator UID: 3DdZBGxrhpjkG_MR5Mu_raSUKI_yyi3YtQfBsO6_fmM=
19:46:53 [Killfeed] YAKUZA got killed by an Infected.
19:46:58 [Expansion Quests] - SetupClientData - Got cached player quest data for player with UID: HmoyAH1t2KejoSgtXMBbb7G-XqppYeWNJ-JGgiwVNzw=
19:52:28 [VehicleCarKey] Player "MaxKulera" (id=5HGJM4GfzznjUOY_lcVWS3zeQvKgWVOcukrVzOvxsYc= pos=<5199.154785, 1.207627, 6292.872559>) used the  ExpansionCarKey to unlock a Sedan_02
19:53:36 [VehicleCarKey] Player "[R.E.D] DoDgY" (id=ktRM41tfmEPWvroZR3AqsVqtk95x7WD2p7citvvKp8g= pos=<9988.020508, -0.010637, 7158.238281>) used the  ExpansionCarKey to lock a ExpansionUtilityBoat
19:54:57 [Expansion Quests] - SetupClientData - Got cached player quest data for player with UID: CoFE74V8SNNeCRyPCukE2UTBlM4Qe7Hv2NTd8IIPuYI=
19:54:57 [Expansion Quests] - PlayerQuestsInit - Create new quest instance for quest: 23 - Creator UID: CoFE74V8SNNeCRyPCukE2UTBlM4Qe7Hv2NTd8IIPuYI=
19:56:23 [Expansion Quests] - SetupClientData - Loaded existing player quest data for player with UID: z67WFg-Joo3MekD4H0kXOZXbSI0D6ip7P9dY0J-nUoM=
19:56:23 [Expansion Quests] - PlayerQuestsInit - Create new quest instance for quest: 23 - Creator UID: z67WFg-Joo3MekD4H0kXOZXbSI0D6ip7P9dY0J-nUoM=
19:56:23 [Expansion Quests] - PlayerQuestsInit - Create new quest instance for quest: 18 - Creator UID: z67WFg-Joo3MekD4H0kXOZXbSI0D6ip7P9dY0J-nUoM=
19:56:23 [Expansion Quests] - PlayerQuestsInit - Create new quest instance for quest: 7 - Creator UID: z67WFg-Joo3MekD4H0kXOZXbSI0D6ip7P9dY0J-nUoM=
19:57:09 [VehicleCarKey] Player "[Chill] Rehy_CZ" (id=z67WFg-Joo3MekD4H0kXOZXbSI0D6ip7P9dY0J-nUoM= pos=<3391.604492, 29.591030, 3415.476318>) used the  ExpansionCarKey to unlock a OffroadHatchback
19:57:49 [VehicleCarKey] Player "[Chill] Rehy_CZ" (id=z67WFg-Joo3MekD4H0kXOZXbSI0D6ip7P9dY0J-nUoM= pos=<3393.328125, 29.656424, 3418.736328>) used the  ExpansionCarKey to lock a OffroadHatchback
19:57:54 [Expansion Quests] - CreateQuestInstance - Created new quest instance for player with UID ktRM41tfmEPWvroZR3AqsVqtk95x7WD2p7citvvKp8g= for quest 15
19:57:54 [Expansion Quests] - ExpansionQuest - Quest owner ID: ktRM41tfmEPWvroZR3AqsVqtk95x7WD2p7citvvKp8g=
19:57:54 [Expansion Quests] - ExpansionQuest - Quest ID: 15
19:57:54 [Expansion Quests] - ExpansionQuest - Quest state: 1
19:57:54 [Expansion Quests] - ExpansionQuest - Quest completed: false
19:58:07 [Expansion Quests] - CreateQuestInstance - Created new quest instance for player with UID ktRM41tfmEPWvroZR3AqsVqtk95x7WD2p7citvvKp8g= for quest 4
19:58:07 [Expansion Quests] - ExpansionQuest - Quest owner ID: ktRM41tfmEPWvroZR3AqsVqtk95x7WD2p7citvvKp8g=
19:58:07 [Expansion Quests] - ExpansionQuest - Quest ID: 4
19:58:07 [Expansion Quests] - ExpansionQuest - Quest state: 1
19:58:07 [Expansion Quests] - ExpansionQuest - Quest completed: false
19:58:11 [Expansion Quests] - CreateQuestInstance - Created new quest instance for player with UID ktRM41tfmEPWvroZR3AqsVqtk95x7WD2p7citvvKp8g= for quest 17
19:58:11 [Expansion Quests] - ExpansionQuest - Quest owner ID: ktRM41tfmEPWvroZR3AqsVqtk95x7WD2p7citvvKp8g=
19:58:11 [Expansion Quests] - ExpansionQuest - Quest ID: 17
19:58:11 [Expansion Quests] - ExpansionQuest - Quest state: 1
19:58:11 [Expansion Quests] - ExpansionQuest - Quest completed: false
19:58:35 [VehicleCarKey] Player "MaxKulera" (id=5HGJM4GfzznjUOY_lcVWS3zeQvKgWVOcukrVzOvxsYc= pos=<5198.923340, 1.213736, 6292.299316>) used the  ExpansionCarKey to lock a Sedan_02
19:58:48 [Expansion Quests] - CreateQuestInstance - Created new quest instance for player with UID qa3SiHrOYQuyhWNE1xqFHOSVyeLINWrI-wJF_cwVwyw= for quest 15
19:58:48 [Expansion Quests] - ExpansionQuest - Quest owner ID: qa3SiHrOYQuyhWNE1xqFHOSVyeLINWrI-wJF_cwVwyw=
19:58:48 [Expansion Quests] - ExpansionQuest - Quest ID: 15
19:58:48 [Expansion Quests] - ExpansionQuest - Quest state: 1
19:58:48 [Expansion Quests] - ExpansionQuest - Quest completed: false
19:58:56 [Expansion Quests] - CreateQuestInstance - Created new quest instance for player with UID qa3SiHrOYQuyhWNE1xqFHOSVyeLINWrI-wJF_cwVwyw= for quest 4
19:58:56 [Expansion Quests] - ExpansionQuest - Quest owner ID: qa3SiHrOYQuyhWNE1xqFHOSVyeLINWrI-wJF_cwVwyw=
19:58:56 [Expansion Quests] - ExpansionQuest - Quest ID: 4
19:58:56 [Expansion Quests] - ExpansionQuest - Quest state: 1
19:58:56 [Expansion Quests] - ExpansionQuest - Quest completed: false
19:59:03 [Expansion Quests] - CreateQuestInstance - Created new quest instance for player with UID ktRM41tfmEPWvroZR3AqsVqtk95x7WD2p7citvvKp8g= for quest 22
19:59:03 [Expansion Quests] - ExpansionQuest - Quest owner ID: ktRM41tfmEPWvroZR3AqsVqtk95x7WD2p7citvvKp8g=
19:59:03 [Expansion Quests] - ExpansionQuest - Quest ID: 22
19:59:03 [Expansion Quests] - ExpansionQuest - Quest state: 1
19:59:03 [Expansion Quests] - ExpansionQuest - Quest completed: false
