09:53:31 [Expansion Quests] - SetupClientData - Loaded existing player quest data for player with UID: OWXX6Y-5LFd-7A6ELi2o-QPO0kjmZUMZvMTKL0AQ_q0=
09:53:31 [Expansion Quests] - PlayerQuestsInit - Create new quest instance for quest: 23 - Creator UID: OWXX6Y-5LFd-7A6ELi2o-QPO0kjmZUMZvMTKL0AQ_q0=
09:54:32 [Expansion Quests] - CreateQuestInstance - Created new quest instance for player with UID OWXX6Y-5LFd-7A6ELi2o-QPO0kjmZUMZvMTKL0AQ_q0= for quest 35
09:54:32 [Expansion Quests] - ExpansionQuest - Quest owner ID: OWXX6Y-5LFd-7A6ELi2o-QPO0kjmZUMZvMTKL0AQ_q0=
09:54:32 [Expansion Quests] - ExpansionQuest - Quest ID: 35
09:54:32 [Expansion Quests] - ExpansionQuest - Quest state: 1
09:54:32 [Expansion Quests] - ExpansionQuest - Quest completed: false
09:54:38 [Expansion Quests] - CompleteQuest - Player with UID OWXX6Y-5LFd-7A6ELi2o-QPO0kjmZUMZvMTKL0AQ_q0= has completed quest 35
09:54:38 [Expansion Quests] - ExpansionQuest - Quest owner ID: OWXX6Y-5LFd-7A6ELi2o-QPO0kjmZUMZvMTKL0AQ_q0=
09:54:38 [Expansion Quests] - ExpansionQuest - Quest ID: 35
09:54:38 [Expansion Quests] - ExpansionQuest - Quest state: 3
09:54:38 [Expansion Quests] - ExpansionQuest - Quest completed: true
09:58:35 [MissionAirdrop] An airdrop is heading towards "Airport" (pos=<8307.879883, 0.000000, 924.599976> type=Random_Airport) with a ExpansionAirdropContainer_Military
09:58:35 [MissionAirdrop] An airdrop is heading towards "SouthEast" (pos=<7892.000000, 0.000000, 1340.000000> type=Random_SouthEast) with a ExpansionAirdropContainer_Medical
10:11:00 [Expansion Quests] - SetupClientData - Created new persistent player quest data for player UID: iyN6JbNqEvHMp_A5zeXvCmCy1_EaihIFwZocZ4y6-LM=
10:13:10 [VehicleCarKey] Player "P@lko2265" (id=iyN6JbNqEvHMp_A5zeXvCmCy1_EaihIFwZocZ4y6-LM= pos=<4338.317871, 1.172133, 5965.056152>) used the  ExpansionCarKey to unlock a ExpansionUtilityBoat
10:16:31 [Expansion Quests] - SetupClientData - Got cached player quest data for player with UID: OWXX6Y-5LFd-7A6ELi2o-QPO0kjmZUMZvMTKL0AQ_q0=
10:16:31 [Expansion Quests] - PlayerQuestsInit - Create new quest instance for quest: 23 - Creator UID: OWXX6Y-5LFd-7A6ELi2o-QPO0kjmZUMZvMTKL0AQ_q0=
10:31:35 [Expansion Quests] - SetupClientData - Got cached player quest data for player with UID: iyN6JbNqEvHMp_A5zeXvCmCy1_EaihIFwZocZ4y6-LM=
10:34:17 [VehicleCarKey] Player "P@lko2265" (id=iyN6JbNqEvHMp_A5zeXvCmCy1_EaihIFwZocZ4y6-LM= pos=<4434.610840, -0.029744, 4187.230469>) used the  ExpansionCarKey to lock a ExpansionUtilityBoat
10:34:36 [Safezone] Player "P@lko2265" (id=iyN6JbNqEvHMp_A5zeXvCmCy1_EaihIFwZocZ4y6-LM= pos=<4418.427734, 1.415166, 4189.883789>) Entered the safezone
10:36:13 [Expansion Quests] - SetupClientData - Got cached player quest data for player with UID: OWXX6Y-5LFd-7A6ELi2o-QPO0kjmZUMZvMTKL0AQ_q0=
10:36:13 [Expansion Quests] - PlayerQuestsInit - Create new quest instance for quest: 23 - Creator UID: OWXX6Y-5LFd-7A6ELi2o-QPO0kjmZUMZvMTKL0AQ_q0=
10:36:42 [Safezone] Player "MADness" (id=OWXX6Y-5LFd-7A6ELi2o-QPO0kjmZUMZvMTKL0AQ_q0= pos=<4263.439941, 11.055439, 4182.959961>) Entered the safezone
10:37:03 [Chat - Global]("MADness"(id=OWXX6Y-5LFd-7A6ELi2o-QPO0kjmZUMZvMTKL0AQ_q0=)): čauky
10:38:25 [ATM Locker] Player "MADness" (id=OWXX6Y-5LFd-7A6ELi2o-QPO0kjmZUMZvMTKL0AQ_q0=) has deposited 7000 on his ATM account.
