00:26:31 [Safezone] Player "martyCZ" (id=44dQ0cnFzUA_6kpX-D9wUNcXT2m9kkMRQUwMD_7CwEg= pos=<4182.617676, 14.980527, 4123.836914>) Entered the safezone
00:28:13 [Market] Player "martyCZ" (id=44dQ0cnFzUA_6kpX-D9wUNcXT2m9kkMRQUwMD_7CwEg=) has send a requested to sell mvs_compact_2_tan x1 at the trader "Clothing (Linda [CLOTHING TRADER])" in market zone "OUTLIVE Trader" (pos=<4291.589844, 25.247801, 4162.500000>).
00:28:13 [Market] Player "martyCZ" (id=44dQ0cnFzUA_6kpX-D9wUNcXT2m9kkMRQUwMD_7CwEg=) has sold mvs_compact_2_tan x1 at the trader "Clothing (Linda [CLOTHING TRADER])" in market zone "OUTLIVE Trader" (pos=<4291.589844, 25.247801, 4162.500000>) and got 600.
00:28:38 [Market] Player "martyCZ" (id=44dQ0cnFzUA_6kpX-D9wUNcXT2m9kkMRQUwMD_7CwEg=) has send a requested to purchase disinfectantalcohol x1 from the trader "Medicals (Eva [MEDICALS TRADER])" in market zone "OUTLIVE Trader" (pos=<4291.589844, 25.247801, 4162.500000>).
00:28:39 [Market] Player "martyCZ" (id=44dQ0cnFzUA_6kpX-D9wUNcXT2m9kkMRQUwMD_7CwEg=) has bought disinfectantalcohol x1 from the trader "Medicals (Eva [MEDICALS TRADER])" in market zone "OUTLIVE Trader" (pos=<4291.589844, 25.247801, 4162.500000>) for a price of 800.
00:31:38 [MissionAirdrop] An airdrop is heading towards "Prien" (pos=<4452.000000, 0.000000, 2196.000000> type=Random_Prien) with a ExpansionAirdropContainer_Basebuilding
00:31:38 [MissionAirdrop] An airdrop is heading towards "Weitmoos" (pos=<6222.000000, 0.000000, 9723.000000> type=Random_Weitmoos) with a ExpansionAirdropContainer
00:32:19 [ATM Locker] Player "martyCZ" (id=44dQ0cnFzUA_6kpX-D9wUNcXT2m9kkMRQUwMD_7CwEg=) has withdrawn 75000 from his ATM account.
00:32:26 [Market] Player "martyCZ" (id=44dQ0cnFzUA_6kpX-D9wUNcXT2m9kkMRQUwMD_7CwEg=) has send a requested to purchase offroadhatchback x1 from the trader "Vehicles (Peter [VEHICLES TRADER])" in market zone "OUTLIVE Trader" (pos=<4291.589844, 25.247801, 4162.500000>).
00:32:26 [Market] Player "martyCZ" (id=44dQ0cnFzUA_6kpX-D9wUNcXT2m9kkMRQUwMD_7CwEg=) has bought offroadhatchback x1 from the trader "Vehicles (Peter [VEHICLES TRADER])" in market zone "OUTLIVE Trader" (pos=<4291.589844, 25.247801, 4162.500000>) for a price of 75141.
00:33:11 [Market] Player "martyCZ" (id=44dQ0cnFzUA_6kpX-D9wUNcXT2m9kkMRQUwMD_7CwEg=) has send a requested to purchase expansioncarkey x1 from the trader "Vehicles (Peter [VEHICLES TRADER])" in market zone "OUTLIVE Trader" (pos=<4291.589844, 25.247801, 4162.500000>).
00:33:11 [Market] Player "martyCZ" (id=44dQ0cnFzUA_6kpX-D9wUNcXT2m9kkMRQUwMD_7CwEg=) has bought expansioncarkey x1 from the trader "Vehicles (Peter [VEHICLES TRADER])" in market zone "OUTLIVE Trader" (pos=<4291.589844, 25.247801, 4162.500000>) for a price of 500.
00:33:38 [VehicleCarKey] Player "martyCZ" (id=44dQ0cnFzUA_6kpX-D9wUNcXT2m9kkMRQUwMD_7CwEg= pos=<4254.981934, 9.085299, 4137.639160>) used the  ExpansionCarKey to unlock a OffroadHatchback
00:35:36 [Safezone] Player "martyCZ" (id=44dQ0cnFzUA_6kpX-D9wUNcXT2m9kkMRQUwMD_7CwEg= pos=<4104.993164, 14.857598, 4367.290039>) Left the safezone
00:37:16 [VehicleCarKey] Player "martyCZ" (id=44dQ0cnFzUA_6kpX-D9wUNcXT2m9kkMRQUwMD_7CwEg= pos=<3405.747314, 8.744430, 5246.840332>) used the  ExpansionCarKey to lock a OffroadHatchback
00:41:11 [VehicleCarKey] Player "martyCZ" (id=44dQ0cnFzUA_6kpX-D9wUNcXT2m9kkMRQUwMD_7CwEg= pos=<3406.121582, 8.742381, 5247.259766>) used the  ExpansionCarKey to unlock a OffroadHatchback
00:44:19 [VehicleCarKey] Player "martyCZ" (id=44dQ0cnFzUA_6kpX-D9wUNcXT2m9kkMRQUwMD_7CwEg= pos=<2663.179443, 24.612499, 5864.508789>) used the  ExpansionCarKey to lock a OffroadHatchback
00:44:20 [VehicleCarKey] Player "martyCZ" (id=44dQ0cnFzUA_6kpX-D9wUNcXT2m9kkMRQUwMD_7CwEg= pos=<2663.179443, 24.612499, 5864.508789>) used the  ExpansionCarKey to unlock a OffroadHatchback
00:44:25 [VehicleCarKey] Player "martyCZ" (id=44dQ0cnFzUA_6kpX-D9wUNcXT2m9kkMRQUwMD_7CwEg= pos=<2663.179443, 24.612499, 5864.508789>) used the  ExpansionCarKey to lock a OffroadHatchback
00:46:50 [VehicleCarKey] Player "martyCZ" (id=44dQ0cnFzUA_6kpX-D9wUNcXT2m9kkMRQUwMD_7CwEg= pos=<2661.708496, 24.612497, 5867.571289>) used the  ExpansionCarKey to unlock a OffroadHatchback
00:54:59 [VehicleCarKey] Player "martyCZ" (id=44dQ0cnFzUA_6kpX-D9wUNcXT2m9kkMRQUwMD_7CwEg= pos=<6275.511230, 2.464167, 6019.264648>) used the  ExpansionCarKey to lock a OffroadHatchback
01:14:25 [VehicleCarKey] Player "martyCZ" (id=44dQ0cnFzUA_6kpX-D9wUNcXT2m9kkMRQUwMD_7CwEg= pos=<6275.571289, 2.513027, 6018.801270>) used the  ExpansionCarKey to unlock a OffroadHatchback
01:14:57 [VehicleCarKey] Player "martyCZ" (id=44dQ0cnFzUA_6kpX-D9wUNcXT2m9kkMRQUwMD_7CwEg= pos=<6339.561035, 6.099163, 5978.969238>) used the  ExpansionCarKey to lock a OffroadHatchback
01:18:36 [VehicleCarKey] Player "martyCZ" (id=44dQ0cnFzUA_6kpX-D9wUNcXT2m9kkMRQUwMD_7CwEg= pos=<6337.204102, 6.097711, 5979.609863>) used the  ExpansionCarKey to unlock a OffroadHatchback
01:19:48 [VehicleCarKey] Player "martyCZ" (id=44dQ0cnFzUA_6kpX-D9wUNcXT2m9kkMRQUwMD_7CwEg= pos=<6336.553223, 6.104074, 5980.277344>) used the  ExpansionCarKey to lock a OffroadHatchback
01:30:04 [VehicleCarKey] Player "martyCZ" (id=44dQ0cnFzUA_6kpX-D9wUNcXT2m9kkMRQUwMD_7CwEg= pos=<6336.848145, 6.102786, 5979.964355>) used the  ExpansionCarKey to unlock a OffroadHatchback
01:30:05 [VehicleCarKey] Player "martyCZ" (id=44dQ0cnFzUA_6kpX-D9wUNcXT2m9kkMRQUwMD_7CwEg= pos=<6337.312500, 6.095551, 5979.463379>) used the  ExpansionCarKey to lock a OffroadHatchback
01:30:06 [VehicleCarKey] Player "martyCZ" (id=44dQ0cnFzUA_6kpX-D9wUNcXT2m9kkMRQUwMD_7CwEg= pos=<6337.312500, 6.095518, 5979.463379>) used the  ExpansionCarKey to unlock a OffroadHatchback
01:31:44 [VehicleCarKey] Player "martyCZ" (id=44dQ0cnFzUA_6kpX-D9wUNcXT2m9kkMRQUwMD_7CwEg= pos=<6337.312500, 6.095691, 5979.463379>) used the  ExpansionCarKey to lock a OffroadHatchback
01:33:15 [VehicleCarKey] Player "martyCZ" (id=44dQ0cnFzUA_6kpX-D9wUNcXT2m9kkMRQUwMD_7CwEg= pos=<6340.165527, 6.085235, 5978.101563>) used the  ExpansionCarKey to unlock a OffroadHatchback
01:34:03 [VehicleCarKey] Player "martyCZ" (id=44dQ0cnFzUA_6kpX-D9wUNcXT2m9kkMRQUwMD_7CwEg= pos=<6340.141113, 6.085505, 5978.103516>) used the  ExpansionCarKey to lock a OffroadHatchback
01:37:45 [VehicleCarKey] Player "martyCZ" (id=44dQ0cnFzUA_6kpX-D9wUNcXT2m9kkMRQUwMD_7CwEg= pos=<6340.146973, 6.093377, 5978.507324>) used the  ExpansionCarKey to unlock a OffroadHatchback
01:38:51 [VehicleCarKey] Player "martyCZ" (id=44dQ0cnFzUA_6kpX-D9wUNcXT2m9kkMRQUwMD_7CwEg= pos=<6337.885742, 6.108191, 5979.921387>) used the  ExpansionCarKey to lock a OffroadHatchback
