04:02:33 [AI Object Patrol] Generating an example config...
04:57:43 [Safezone] Player "Chladak" (id=te2HLU7m_hVpyd4BmyBmyUrFdJaZnnJuju8NTX7n5m0= pos=<4176.154297, 53.022209, 4114.271973>) Entered the safezone
04:57:43 [Expansion Quests] - SetupClientData - Loaded existing player quest data for player with UID: te2HLU7m_hVpyd4BmyBmyUrFdJaZnnJuju8NTX7n5m0=
04:57:43 [Expansion Quests] - PlayerQuestsInit - Create new quest instance for quest: 20 - Creator UID: te2HLU7m_hVpyd4BmyBmyUrFdJaZnnJuju8NTX7n5m0=
04:57:43 [Expansion Quests] - PlayerQuestsInit - Create new quest instance for quest: 23 - Creator UID: te2HLU7m_hVpyd4BmyBmyUrFdJaZnnJuju8NTX7n5m0=
04:58:57 [Safezone] Player "Chladak" (id=te2HLU7m_hVpyd4BmyBmyUrFdJaZnnJuju8NTX7n5m0= pos=<4164.466797, 37.580200, 4107.825195>) Left the safezone
04:59:23 [Safezone] Player "Chladak" (id=te2HLU7m_hVpyd4BmyBmyUrFdJaZnnJuju8NTX7n5m0= pos=<4174.417480, 15.966963, 4106.936523>) Entered the safezone
05:01:31 [Market] Player "Chladak" (id=te2HLU7m_hVpyd4BmyBmyUrFdJaZnnJuju8NTX7n5m0=) has send a requested to sell bear_pink x4 at the trader "Clothing (Linda [#STR_EXPANSION_MARKET_TRADER_CLOTHING])" in market zone "OUTLIVE Trader" (pos=<4291.589844, 25.247801, 4162.500000>).
05:01:31 [Market] Player "Chladak" (id=te2HLU7m_hVpyd4BmyBmyUrFdJaZnnJuju8NTX7n5m0=) has sold bear_pink x4 at the trader "Clothing (Linda [#STR_EXPANSION_MARKET_TRADER_CLOTHING])" in market zone "OUTLIVE Trader" (pos=<4291.589844, 25.247801, 4162.500000>) and got 14000.
05:01:48 [ATM Locker] Player "Chladak" (id=te2HLU7m_hVpyd4BmyBmyUrFdJaZnnJuju8NTX7n5m0=) has deposited 17249 on his ATM account.
05:02:33 [Market] Player "Chladak" (id=te2HLU7m_hVpyd4BmyBmyUrFdJaZnnJuju8NTX7n5m0=) has send a requested to sell fal x1 at the trader "Weapons (Denis [#STR_EXPANSION_MARKET_TRADER_WEAPONS])" in market zone "OUTLIVE Trader" (pos=<4291.589844, 25.247801, 4162.500000>).
05:02:33 [Market] Player "Chladak" (id=te2HLU7m_hVpyd4BmyBmyUrFdJaZnnJuju8NTX7n5m0=) has sold fal x1 at the trader "Weapons (Denis [#STR_EXPANSION_MARKET_TRADER_WEAPONS])" in market zone "OUTLIVE Trader" (pos=<4291.589844, 25.247801, 4162.500000>) and got 1170.
05:02:46 [ATM Locker] Player "Chladak" (id=te2HLU7m_hVpyd4BmyBmyUrFdJaZnnJuju8NTX7n5m0=) has deposited 1170 on his ATM account.
05:02:48 [MissionAirdrop] An airdrop is heading towards "Stein" (pos=<4619.000000, 0.000000, 7618.000000> type=Random_Stein) with a ExpansionAirdropContainer_Basebuilding
05:02:48 [MissionAirdrop] An airdrop is heading towards "Airport" (pos=<8307.879883, 0.000000, 924.599976> type=Random_Airport) with a ExpansionAirdropContainer_Medical
05:13:37 [Safezone] Player "Chladak" (id=te2HLU7m_hVpyd4BmyBmyUrFdJaZnnJuju8NTX7n5m0= pos=<4165.444824, 27.466433, 4105.979492>) Left the safezone
05:13:53 [Safezone] Player "Chladak" (id=te2HLU7m_hVpyd4BmyBmyUrFdJaZnnJuju8NTX7n5m0= pos=<4171.983887, 46.997555, 4111.890137>) Entered the safezone
06:15:03 [Expansion Quests] - SetupClientData - Loaded existing player quest data for player with UID: wvz1jGdA27Eb3vtZqqzBgGv9Su_0oOujtdP3UqN1c-g=
06:15:03 [Expansion Quests] - PlayerQuestsInit - Create new quest instance for quest: 23 - Creator UID: wvz1jGdA27Eb3vtZqqzBgGv9Su_0oOujtdP3UqN1c-g=
06:19:43 [Expansion Quests] - SetupClientData - Loaded existing player quest data for player with UID: iTnQj5Zddd6ul6ie1MZ58a6IghppA2N8HvFffg9SNWw=
06:19:43 [Expansion Quests] - PlayerQuestsInit - Create new quest instance for quest: 23 - Creator UID: iTnQj5Zddd6ul6ie1MZ58a6IghppA2N8HvFffg9SNWw=
06:19:43 [Expansion Quests] - PlayerQuestsInit - Create new quest instance for quest: 15 - Creator UID: iTnQj5Zddd6ul6ie1MZ58a6IghppA2N8HvFffg9SNWw=
06:19:43 [Expansion Quests] - PlayerQuestsInit - Create new quest instance for quest: 4 - Creator UID: iTnQj5Zddd6ul6ie1MZ58a6IghppA2N8HvFffg9SNWw=
06:19:43 [Expansion Quests] - PlayerQuestsInit - Create new quest instance for quest: 1 - Creator UID: iTnQj5Zddd6ul6ie1MZ58a6IghppA2N8HvFffg9SNWw=
06:19:43 [Expansion Quests] - PlayerQuestsInit - Create new quest instance for quest: 29 - Creator UID: iTnQj5Zddd6ul6ie1MZ58a6IghppA2N8HvFffg9SNWw=
06:23:38 [MissionAirdrop] An airdrop is heading towards "Mauerkirchen" (pos=<3123.000000, 0.000000, 4342.000000> type=Random_Mauerkirchen) with a ExpansionAirdropContainer_Military
06:23:38 [MissionAirdrop] An airdrop is heading towards "Krater" (pos=<7262.000000, 0.000000, 9618.000000> type=Random_Krater) with a ExpansionAirdropContainer_Military
