09:25:38 [Expansion Quests] - SetupClientData - Created new persistent player quest data for player UID: KBvZ7N7QOK5224QFIh6ry8QI5xBwogyjGyBaskjwU0A=
09:30:48 [MissionAirdrop] An airdrop is heading towards "Airport" (pos=<8307.879883, 0.000000, 924.599976> type=Random_Airport) with a ExpansionAirdropContainer_Basebuilding
09:30:48 [MissionAirdrop] An airdrop is heading towards "SouthEast" (pos=<7892.000000, 0.000000, 1340.000000> type=Random_SouthEast) with a ExpansionAirdropContainer
09:54:05 [Expansion Quests] - SetupClientData - Created new persistent player quest data for player UID: ejSkxByu56JQJCjaqLBSPNXICtUOhtzWA8N8KOJ3ik0=
09:54:19 [VehicleCarKey] Player "cumtam" (id=ejSkxByu56JQJCjaqLBSPNXICtUOhtzWA8N8KOJ3ik0= pos=<1494.494751, 29.612497, 8650.029297>) used the  ExpansionCarKey to unlock a ExpansionMh6
09:57:45 [Expansion Quests] - SetupClientData - Loaded existend player quest data for player with UID: KBvZ7N7QOK5224QFIh6ry8QI5xBwogyjGyBaskjwU0A=
09:57:45 [Expansion Quests] - PlayerQuestsInit - Create new quest instance for quest: 19 - Creator UID: KBvZ7N7QOK5224QFIh6ry8QI5xBwogyjGyBaskjwU0A=
09:57:45 [Expansion Quests] - PlayerQuestsInit - Create new quest instance for quest: 23 - Creator UID: KBvZ7N7QOK5224QFIh6ry8QI5xBwogyjGyBaskjwU0A=
09:57:46 [VehicleCarKey] Player "cumtam" (id=ejSkxByu56JQJCjaqLBSPNXICtUOhtzWA8N8KOJ3ik0= pos=<297.296692, 398.392029, 7907.061035>) used the  ExpansionCarKey to lock a ExpansionMh6
09:58:00 [VehicleCarKey] Player "cumtam" (id=ejSkxByu56JQJCjaqLBSPNXICtUOhtzWA8N8KOJ3ik0= pos=<296.779572, 398.225037, 7906.436035>) used the  ExpansionCarKey to unlock a ExpansionMh6
09:58:09 [VehicleCarKey] Player "cumtam" (id=ejSkxByu56JQJCjaqLBSPNXICtUOhtzWA8N8KOJ3ik0= pos=<296.779572, 398.225067, 7906.436035>) used the  ExpansionCarKey to lock a ExpansionMh6
10:20:24 [Expansion Quests] - SetupClientData - Created new persistent player quest data for player UID: OWXX6Y-5LFd-7A6ELi2o-QPO0kjmZUMZvMTKL0AQ_q0=
10:22:47 [Killfeed] Martina_(.)(.)_ bled out.
10:23:22 [Expansion Quests] - SetupClientData - Loaded existend player quest data for player with UID: KBvZ7N7QOK5224QFIh6ry8QI5xBwogyjGyBaskjwU0A=
10:24:29 [Expansion Quests] - SetupClientData - Loaded existend player quest data for player with UID: KBvZ7N7QOK5224QFIh6ry8QI5xBwogyjGyBaskjwU0A=
10:24:29 [Expansion Quests] - PlayerQuestsInit - Create new quest instance for quest: 19 - Creator UID: KBvZ7N7QOK5224QFIh6ry8QI5xBwogyjGyBaskjwU0A=
10:24:29 [Expansion Quests] - PlayerQuestsInit - Create new quest instance for quest: 20 - Creator UID: KBvZ7N7QOK5224QFIh6ry8QI5xBwogyjGyBaskjwU0A=
10:27:13 [Expansion Quests] - SetupClientData - Loaded existend player quest data for player with UID: KBvZ7N7QOK5224QFIh6ry8QI5xBwogyjGyBaskjwU0A=
10:27:13 [Expansion Quests] - PlayerQuestsInit - Create new quest instance for quest: 19 - Creator UID: KBvZ7N7QOK5224QFIh6ry8QI5xBwogyjGyBaskjwU0A=
10:27:13 [Expansion Quests] - PlayerQuestsInit - Create new quest instance for quest: 23 - Creator UID: KBvZ7N7QOK5224QFIh6ry8QI5xBwogyjGyBaskjwU0A=
10:32:09 [Expansion Quests] - CompleteQuest - Player with UID KBvZ7N7QOK5224QFIh6ry8QI5xBwogyjGyBaskjwU0A= has completed quest 19
10:32:09 [Expansion Quests] - ExpansionQuest - Quest owner ID: KBvZ7N7QOK5224QFIh6ry8QI5xBwogyjGyBaskjwU0A=
10:32:09 [Expansion Quests] - ExpansionQuest - Quest ID: 19
10:32:09 [Expansion Quests] - ExpansionQuest - Quest state: 3
10:32:09 [Expansion Quests] - ExpansionQuest - Quest completed: true
10:34:18 [Safezone] Player "MaryCuddles" (id=4r9Qw97BrWWUc-JN5svykH45KprkXCwFNoDt8GYM410= pos=<4212.453613, 10.958331, 4159.229004>) Entered the safezone
10:34:18 [Expansion Quests] - SetupClientData - Created new persistent player quest data for player UID: 4r9Qw97BrWWUc-JN5svykH45KprkXCwFNoDt8GYM410=
10:39:20 [Expansion Quests] - SetupClientData - Loaded existend player quest data for player with UID: ejSkxByu56JQJCjaqLBSPNXICtUOhtzWA8N8KOJ3ik0=
10:39:20 [Expansion Quests] - PlayerQuestsInit - Create new quest instance for quest: 19 - Creator UID: ejSkxByu56JQJCjaqLBSPNXICtUOhtzWA8N8KOJ3ik0=
10:39:20 [Expansion Quests] - PlayerQuestsInit - Create new quest instance for quest: 23 - Creator UID: ejSkxByu56JQJCjaqLBSPNXICtUOhtzWA8N8KOJ3ik0=
10:40:00 [VehicleCarKey] Player "cumtam" (id=ejSkxByu56JQJCjaqLBSPNXICtUOhtzWA8N8KOJ3ik0= pos=<294.200439, 398.169006, 7907.517090>) used the  ExpansionCarKey to unlock a ExpansionMh6
10:42:37 [Safezone] Player "MaryCuddles" (id=4r9Qw97BrWWUc-JN5svykH45KprkXCwFNoDt8GYM410= pos=<4098.990234, 20.602690, 4198.997559>) Left the safezone
10:43:12 [Safezone] Player "cumtam" (id=ejSkxByu56JQJCjaqLBSPNXICtUOhtzWA8N8KOJ3ik0= pos=<4214.160156, 132.222626, 4266.583984>) Entered the safezone
10:43:12 [Safezone] Player "Martina_(.)(.)_" (id=KBvZ7N7QOK5224QFIh6ry8QI5xBwogyjGyBaskjwU0A= pos=<4214.230957, 131.865616, 4266.300781>) Entered the safezone
10:43:12 [Safezone] Player "MADness" (id=OWXX6Y-5LFd-7A6ELi2o-QPO0kjmZUMZvMTKL0AQ_q0= pos=<4213.385742, 132.207962, 4265.496582>) Entered the safezone
10:43:57 [Safezone] Player "MaryCuddles" (id=4r9Qw97BrWWUc-JN5svykH45KprkXCwFNoDt8GYM410= pos=<4165.788086, 15.961557, 4194.601074>) Entered the safezone
10:47:38 [Safezone] Player "MADness" (id=OWXX6Y-5LFd-7A6ELi2o-QPO0kjmZUMZvMTKL0AQ_q0= pos=<10166.490234, 8.752660, 7076.982422>) Left the safezone
10:50:12 [Safezone] Player "Rikinoo" (id=R5QkEcrxtly9KY8lzQxLv6FMruTgXOxuSWhCmf7J-cA= pos=<4265.618164, 16.693172, 4122.273438>) Entered the safezone
10:50:12 [Expansion Quests] - SetupClientData - Created new persistent player quest data for player UID: R5QkEcrxtly9KY8lzQxLv6FMruTgXOxuSWhCmf7J-cA=
10:51:31 [ATM Locker] Player "Rikinoo" (id=R5QkEcrxtly9KY8lzQxLv6FMruTgXOxuSWhCmf7J-cA=) has withdrawn 20000 from his ATM account.
10:51:41 [Market] Player "Rikinoo" (id=R5QkEcrxtly9KY8lzQxLv6FMruTgXOxuSWhCmf7J-cA=) has send a requested to purchase twp_bushmaster_m17s_mag_30rnd x1 from the trader "Attachments (Oliver [#STR_EXPANSION_MARKET_TRADER_ATTACHMENTS])" in market zone "OUTLIVE Trader" (pos=<4291.589844, 25.247801, 4162.500000>).
10:51:41 [Market] Player "Rikinoo" (id=R5QkEcrxtly9KY8lzQxLv6FMruTgXOxuSWhCmf7J-cA=) has bought twp_bushmaster_m17s_mag_30rnd x1 from the trader "Attachments (Oliver [#STR_EXPANSION_MARKET_TRADER_ATTACHMENTS])" in market zone "OUTLIVE Trader" (pos=<4291.589844, 25.247801, 4162.500000>) for a price of 2700.
10:51:41 [Market] Player "Rikinoo" (id=R5QkEcrxtly9KY8lzQxLv6FMruTgXOxuSWhCmf7J-cA=) has send a requested to purchase twp_bushmaster_m17s_mag_30rnd x1 from the trader "Attachments (Oliver [#STR_EXPANSION_MARKET_TRADER_ATTACHMENTS])" in market zone "OUTLIVE Trader" (pos=<4291.589844, 25.247801, 4162.500000>).
10:51:42 [Market] Player "Rikinoo" (id=R5QkEcrxtly9KY8lzQxLv6FMruTgXOxuSWhCmf7J-cA=) has bought twp_bushmaster_m17s_mag_30rnd x1 from the trader "Attachments (Oliver [#STR_EXPANSION_MARKET_TRADER_ATTACHMENTS])" in market zone "OUTLIVE Trader" (pos=<4291.589844, 25.247801, 4162.500000>) for a price of 2700.
10:51:48 [Market] Player "MaryCuddles" (id=4r9Qw97BrWWUc-JN5svykH45KprkXCwFNoDt8GYM410=) has send a requested to sell ammobox_762x54_20rnd x1 at the trader "Attachments (Oliver [#STR_EXPANSION_MARKET_TRADER_ATTACHMENTS])" in market zone "OUTLIVE Trader" (pos=<4291.589844, 25.247801, 4162.500000>).
10:51:48 [Market] Player "MaryCuddles" (id=4r9Qw97BrWWUc-JN5svykH45KprkXCwFNoDt8GYM410=) has sold ammobox_762x54_20rnd x1 at the trader "Attachments (Oliver [#STR_EXPANSION_MARKET_TRADER_ATTACHMENTS])" in market zone "OUTLIVE Trader" (pos=<4291.589844, 25.247801, 4162.500000>) and got 192.
10:51:48 [Market] Player "MaryCuddles" (id=4r9Qw97BrWWUc-JN5svykH45KprkXCwFNoDt8GYM410=) has send a requested to sell ammobox_762x54_20rnd x1 at the trader "Attachments (Oliver [#STR_EXPANSION_MARKET_TRADER_ATTACHMENTS])" in market zone "OUTLIVE Trader" (pos=<4291.589844, 25.247801, 4162.500000>).
10:51:49 [Market] Player "MaryCuddles" (id=4r9Qw97BrWWUc-JN5svykH45KprkXCwFNoDt8GYM410=) has sold ammobox_762x54_20rnd x1 at the trader "Attachments (Oliver [#STR_EXPANSION_MARKET_TRADER_ATTACHMENTS])" in market zone "OUTLIVE Trader" (pos=<4291.589844, 25.247801, 4162.500000>) and got 192.
10:51:49 [Market] Player "MaryCuddles" (id=4r9Qw97BrWWUc-JN5svykH45KprkXCwFNoDt8GYM410=) has send a requested to sell ammobox_762x54_20rnd x1 at the trader "Attachments (Oliver [#STR_EXPANSION_MARKET_TRADER_ATTACHMENTS])" in market zone "OUTLIVE Trader" (pos=<4291.589844, 25.247801, 4162.500000>).
10:51:49 [Market] Player "MaryCuddles" (id=4r9Qw97BrWWUc-JN5svykH45KprkXCwFNoDt8GYM410=) has sold ammobox_762x54_20rnd x1 at the trader "Attachments (Oliver [#STR_EXPANSION_MARKET_TRADER_ATTACHMENTS])" in market zone "OUTLIVE Trader" (pos=<4291.589844, 25.247801, 4162.500000>) and got 192.
10:52:02 [Market] Player "cumtam" (id=ejSkxByu56JQJCjaqLBSPNXICtUOhtzWA8N8KOJ3ik0=) has send a requested to sell twp_fnfal x1 at the trader "Weapons (Denis [#STR_EXPANSION_MARKET_TRADER_WEAPONS])" in market zone "OUTLIVE Trader" (pos=<4291.589844, 25.247801, 4162.500000>).
10:52:02 [Market] Player "cumtam" (id=ejSkxByu56JQJCjaqLBSPNXICtUOhtzWA8N8KOJ3ik0=) has sold twp_fnfal x1 at the trader "Weapons (Denis [#STR_EXPANSION_MARKET_TRADER_WEAPONS])" in market zone "OUTLIVE Trader" (pos=<4291.589844, 25.247801, 4162.500000>) and got 2068.
10:52:03 [Market] Player "cumtam" (id=ejSkxByu56JQJCjaqLBSPNXICtUOhtzWA8N8KOJ3ik0=) has send a requested to sell twp_g56 x1 at the trader "Weapons (Denis [#STR_EXPANSION_MARKET_TRADER_WEAPONS])" in market zone "OUTLIVE Trader" (pos=<4291.589844, 25.247801, 4162.500000>).
10:52:03 [Market] Player "cumtam" (id=ejSkxByu56JQJCjaqLBSPNXICtUOhtzWA8N8KOJ3ik0=) has sold twp_g56 x1 at the trader "Weapons (Denis [#STR_EXPANSION_MARKET_TRADER_WEAPONS])" in market zone "OUTLIVE Trader" (pos=<4291.589844, 25.247801, 4162.500000>) and got 2500.
10:52:05 [Market] Player "cumtam" (id=ejSkxByu56JQJCjaqLBSPNXICtUOhtzWA8N8KOJ3ik0=) has send a requested to sell twp_honeybadger x1 at the trader "Weapons (Denis [#STR_EXPANSION_MARKET_TRADER_WEAPONS])" in market zone "OUTLIVE Trader" (pos=<4291.589844, 25.247801, 4162.500000>).
10:52:05 [Market] Player "cumtam" (id=ejSkxByu56JQJCjaqLBSPNXICtUOhtzWA8N8KOJ3ik0=) has sold twp_honeybadger x1 at the trader "Weapons (Denis [#STR_EXPANSION_MARKET_TRADER_WEAPONS])" in market zone "OUTLIVE Trader" (pos=<4291.589844, 25.247801, 4162.500000>) and got 2200.
10:53:28 [MissionAirdrop] An airdrop is heading towards "Krater" (pos=<7262.000000, 0.000000, 9618.000000> type=Random_Krater) with a ExpansionAirdropContainer_Medical
10:53:28 [MissionAirdrop] An airdrop is heading towards "PVP" (pos=<423.000000, 0.000000, 6703.000000> type=IcyPleasure) with a ExpansionAirdropContainer_Military_WinterCamo
10:53:39 [Market] Player "Rikinoo" (id=R5QkEcrxtly9KY8lzQxLv6FMruTgXOxuSWhCmf7J-cA=) has send a requested to purchase m4_suppressor x1 from the trader "Attachments (Oliver [#STR_EXPANSION_MARKET_TRADER_ATTACHMENTS])" in market zone "OUTLIVE Trader" (pos=<4291.589844, 25.247801, 4162.500000>).
10:53:39 [Market] Player "Rikinoo" (id=R5QkEcrxtly9KY8lzQxLv6FMruTgXOxuSWhCmf7J-cA=) has bought m4_suppressor x1 from the trader "Attachments (Oliver [#STR_EXPANSION_MARKET_TRADER_ATTACHMENTS])" in market zone "OUTLIVE Trader" (pos=<4291.589844, 25.247801, 4162.500000>) for a price of 2000.
10:54:35 [Market] Player "cumtam" (id=ejSkxByu56JQJCjaqLBSPNXICtUOhtzWA8N8KOJ3ik0=) has send a requested to sell twp_honeybadger x1 at the trader "Weapons (Denis [#STR_EXPANSION_MARKET_TRADER_WEAPONS])" in market zone "OUTLIVE Trader" (pos=<4291.589844, 25.247801, 4162.500000>).
10:54:35 [Market] Player "cumtam" (id=ejSkxByu56JQJCjaqLBSPNXICtUOhtzWA8N8KOJ3ik0=) has sold twp_honeybadger x1 at the trader "Weapons (Denis [#STR_EXPANSION_MARKET_TRADER_WEAPONS])" in market zone "OUTLIVE Trader" (pos=<4291.589844, 25.247801, 4162.500000>) and got 2200.
10:55:13 [Market] Player "cumtam" (id=ejSkxByu56JQJCjaqLBSPNXICtUOhtzWA8N8KOJ3ik0=) has send a requested to purchase mag_cmag_100rnd x1 from the trader "Attachments (Oliver [#STR_EXPANSION_MARKET_TRADER_ATTACHMENTS])" in market zone "OUTLIVE Trader" (pos=<4291.589844, 25.247801, 4162.500000>).
10:55:13 [Market] Player "cumtam" (id=ejSkxByu56JQJCjaqLBSPNXICtUOhtzWA8N8KOJ3ik0=) has bought mag_cmag_100rnd x1 from the trader "Attachments (Oliver [#STR_EXPANSION_MARKET_TRADER_ATTACHMENTS])" in market zone "OUTLIVE Trader" (pos=<4291.589844, 25.247801, 4162.500000>) for a price of 8500.
10:55:25 [Market] Player "cumtam" (id=ejSkxByu56JQJCjaqLBSPNXICtUOhtzWA8N8KOJ3ik0=) has send a requested to sell ammobox_762x39tracer_20rnd x1 at the trader "Attachments (Oliver [#STR_EXPANSION_MARKET_TRADER_ATTACHMENTS])" in market zone "OUTLIVE Trader" (pos=<4291.589844, 25.247801, 4162.500000>).
10:55:25 [Market] Player "cumtam" (id=ejSkxByu56JQJCjaqLBSPNXICtUOhtzWA8N8KOJ3ik0=) has sold ammobox_762x39tracer_20rnd x1 at the trader "Attachments (Oliver [#STR_EXPANSION_MARKET_TRADER_ATTACHMENTS])" in market zone "OUTLIVE Trader" (pos=<4291.589844, 25.247801, 4162.500000>) and got 180.
10:55:26 [Market] Player "cumtam" (id=ejSkxByu56JQJCjaqLBSPNXICtUOhtzWA8N8KOJ3ik0=) has send a requested to sell ammobox_308wintracer_20rnd x1 at the trader "Attachments (Oliver [#STR_EXPANSION_MARKET_TRADER_ATTACHMENTS])" in market zone "OUTLIVE Trader" (pos=<4291.589844, 25.247801, 4162.500000>).
10:55:27 [Market] Player "cumtam" (id=ejSkxByu56JQJCjaqLBSPNXICtUOhtzWA8N8KOJ3ik0=) has sold ammobox_308wintracer_20rnd x1 at the trader "Attachments (Oliver [#STR_EXPANSION_MARKET_TRADER_ATTACHMENTS])" in market zone "OUTLIVE Trader" (pos=<4291.589844, 25.247801, 4162.500000>) and got 210.
10:55:33 [Market] Player "cumtam" (id=ejSkxByu56JQJCjaqLBSPNXICtUOhtzWA8N8KOJ3ik0=) has send a requested to sell twp_ammobox_30carbine_30rnd x1 at the trader "Attachments (Oliver [#STR_EXPANSION_MARKET_TRADER_ATTACHMENTS])" in market zone "OUTLIVE Trader" (pos=<4291.589844, 25.247801, 4162.500000>).
10:55:33 [Market] Player "cumtam" (id=ejSkxByu56JQJCjaqLBSPNXICtUOhtzWA8N8KOJ3ik0=) has sold twp_ammobox_30carbine_30rnd x1 at the trader "Attachments (Oliver [#STR_EXPANSION_MARKET_TRADER_ATTACHMENTS])" in market zone "OUTLIVE Trader" (pos=<4291.589844, 25.247801, 4162.500000>) and got 168.
10:55:34 [Market] Player "cumtam" (id=ejSkxByu56JQJCjaqLBSPNXICtUOhtzWA8N8KOJ3ik0=) has send a requested to sell twp_ammobox_300winmag_20rnd x1 at the trader "Attachments (Oliver [#STR_EXPANSION_MARKET_TRADER_ATTACHMENTS])" in market zone "OUTLIVE Trader" (pos=<4291.589844, 25.247801, 4162.500000>).
10:55:35 [Market] Player "cumtam" (id=ejSkxByu56JQJCjaqLBSPNXICtUOhtzWA8N8KOJ3ik0=) has sold twp_ammobox_300winmag_20rnd x1 at the trader "Attachments (Oliver [#STR_EXPANSION_MARKET_TRADER_ATTACHMENTS])" in market zone "OUTLIVE Trader" (pos=<4291.589844, 25.247801, 4162.500000>) and got 186.
10:56:00 [Market] Player "cumtam" (id=ejSkxByu56JQJCjaqLBSPNXICtUOhtzWA8N8KOJ3ik0=) has send a requested to sell twp_optic_blackdragon x1 at the trader "Attachments (Oliver [#STR_EXPANSION_MARKET_TRADER_ATTACHMENTS])" in market zone "OUTLIVE Trader" (pos=<4291.589844, 25.247801, 4162.500000>).
10:56:00 [Market] Player "cumtam" (id=ejSkxByu56JQJCjaqLBSPNXICtUOhtzWA8N8KOJ3ik0=) has sold twp_optic_blackdragon x1 at the trader "Attachments (Oliver [#STR_EXPANSION_MARKET_TRADER_ATTACHMENTS])" in market zone "OUTLIVE Trader" (pos=<4291.589844, 25.247801, 4162.500000>) and got 525.
10:56:06 [Market] Player "cumtam" (id=ejSkxByu56JQJCjaqLBSPNXICtUOhtzWA8N8KOJ3ik0=) has send a requested to sell twp_barrettm82_suppressor x1 at the trader "Attachments (Oliver [#STR_EXPANSION_MARKET_TRADER_ATTACHMENTS])" in market zone "OUTLIVE Trader" (pos=<4291.589844, 25.247801, 4162.500000>).
10:56:06 [Market] Player "cumtam" (id=ejSkxByu56JQJCjaqLBSPNXICtUOhtzWA8N8KOJ3ik0=) has sold twp_barrettm82_suppressor x1 at the trader "Attachments (Oliver [#STR_EXPANSION_MARKET_TRADER_ATTACHMENTS])" in market zone "OUTLIVE Trader" (pos=<4291.589844, 25.247801, 4162.500000>) and got 250.
10:56:10 [Market] Player "cumtam" (id=ejSkxByu56JQJCjaqLBSPNXICtUOhtzWA8N8KOJ3ik0=) has send a requested to sell twp_usppsychodelic_supressor x1 at the trader "Attachments (Oliver [#STR_EXPANSION_MARKET_TRADER_ATTACHMENTS])" in market zone "OUTLIVE Trader" (pos=<4291.589844, 25.247801, 4162.500000>).
10:56:10 [Market] Player "cumtam" (id=ejSkxByu56JQJCjaqLBSPNXICtUOhtzWA8N8KOJ3ik0=) has sold twp_usppsychodelic_supressor x1 at the trader "Attachments (Oliver [#STR_EXPANSION_MARKET_TRADER_ATTACHMENTS])" in market zone "OUTLIVE Trader" (pos=<4291.589844, 25.247801, 4162.500000>) and got 250.
10:56:10 [Market] Player "cumtam" (id=ejSkxByu56JQJCjaqLBSPNXICtUOhtzWA8N8KOJ3ik0=) has send a requested to sell twp_usppsychodelic_supressor x1 at the trader "Attachments (Oliver [#STR_EXPANSION_MARKET_TRADER_ATTACHMENTS])" in market zone "OUTLIVE Trader" (pos=<4291.589844, 25.247801, 4162.500000>).
10:56:10 [Market] Player "cumtam" (id=ejSkxByu56JQJCjaqLBSPNXICtUOhtzWA8N8KOJ3ik0=) has sold twp_usppsychodelic_supressor x1 at the trader "Attachments (Oliver [#STR_EXPANSION_MARKET_TRADER_ATTACHMENTS])" in market zone "OUTLIVE Trader" (pos=<4291.589844, 25.247801, 4162.500000>) and got 250.
10:56:11 [Market] Player "cumtam" (id=ejSkxByu56JQJCjaqLBSPNXICtUOhtzWA8N8KOJ3ik0=) has send a requested to sell twp_usppsychodelic_supressor x1 at the trader "Attachments (Oliver [#STR_EXPANSION_MARKET_TRADER_ATTACHMENTS])" in market zone "OUTLIVE Trader" (pos=<4291.589844, 25.247801, 4162.500000>).
10:56:11 [Market] Player "cumtam" (id=ejSkxByu56JQJCjaqLBSPNXICtUOhtzWA8N8KOJ3ik0=) has sold twp_usppsychodelic_supressor x1 at the trader "Attachments (Oliver [#STR_EXPANSION_MARKET_TRADER_ATTACHMENTS])" in market zone "OUTLIVE Trader" (pos=<4291.589844, 25.247801, 4162.500000>) and got 250.
10:56:12 [Market] Player "cumtam" (id=ejSkxByu56JQJCjaqLBSPNXICtUOhtzWA8N8KOJ3ik0=) has send a requested to sell twp_uspchromatic_supressor x1 at the trader "Attachments (Oliver [#STR_EXPANSION_MARKET_TRADER_ATTACHMENTS])" in market zone "OUTLIVE Trader" (pos=<4291.589844, 25.247801, 4162.500000>).
10:56:12 [Market] Player "cumtam" (id=ejSkxByu56JQJCjaqLBSPNXICtUOhtzWA8N8KOJ3ik0=) has sold twp_uspchromatic_supressor x1 at the trader "Attachments (Oliver [#STR_EXPANSION_MARKET_TRADER_ATTACHMENTS])" in market zone "OUTLIVE Trader" (pos=<4291.589844, 25.247801, 4162.500000>) and got 250.
10:56:17 [Market] Player "cumtam" (id=ejSkxByu56JQJCjaqLBSPNXICtUOhtzWA8N8KOJ3ik0=) has send a requested to sell mag_expansion_awm_5rnd x1 at the trader "Attachments (Oliver [#STR_EXPANSION_MARKET_TRADER_ATTACHMENTS])" in market zone "OUTLIVE Trader" (pos=<4291.589844, 25.247801, 4162.500000>).
10:56:17 [Market] Player "cumtam" (id=ejSkxByu56JQJCjaqLBSPNXICtUOhtzWA8N8KOJ3ik0=) has sold mag_expansion_awm_5rnd x1 at the trader "Attachments (Oliver [#STR_EXPANSION_MARKET_TRADER_ATTACHMENTS])" in market zone "OUTLIVE Trader" (pos=<4291.589844, 25.247801, 4162.500000>) and got 418.
10:56:18 [Market] Player "cumtam" (id=ejSkxByu56JQJCjaqLBSPNXICtUOhtzWA8N8KOJ3ik0=) has send a requested to sell mag_expansion_m14_20rnd x1 at the trader "Attachments (Oliver [#STR_EXPANSION_MARKET_TRADER_ATTACHMENTS])" in market zone "OUTLIVE Trader" (pos=<4291.589844, 25.247801, 4162.500000>).
10:56:18 [Market] Player "cumtam" (id=ejSkxByu56JQJCjaqLBSPNXICtUOhtzWA8N8KOJ3ik0=) has sold mag_expansion_m14_20rnd x1 at the trader "Attachments (Oliver [#STR_EXPANSION_MARKET_TRADER_ATTACHMENTS])" in market zone "OUTLIVE Trader" (pos=<4291.589844, 25.247801, 4162.500000>) and got 278.
10:56:31 [ATM Locker] Player "MaryCuddles" (id=4r9Qw97BrWWUc-JN5svykH45KprkXCwFNoDt8GYM410=) has deposited 972 on his ATM account.
10:56:55 [ATM Locker] Player "cumtam" (id=ejSkxByu56JQJCjaqLBSPNXICtUOhtzWA8N8KOJ3ik0=) has deposited 3683 on his ATM account.
10:59:07 [Safezone] Player "MADness" (id=OWXX6Y-5LFd-7A6ELi2o-QPO0kjmZUMZvMTKL0AQ_q0= pos=<9946.164063, 11.225080, 5359.825195>) Entered the safezone
10:59:19 [Safezone] Player "cumtam" (id=ejSkxByu56JQJCjaqLBSPNXICtUOhtzWA8N8KOJ3ik0= pos=<4591.890625, 188.765427, 4233.195801>) Left the safezone
10:59:55 [Safezone] Player "MADness" (id=OWXX6Y-5LFd-7A6ELi2o-QPO0kjmZUMZvMTKL0AQ_q0= pos=<9946.127930, 11.313787, 5359.689941>) Entered the safezone
10:59:55 [Expansion Quests] - SetupClientData - Loaded existend player quest data for player with UID: OWXX6Y-5LFd-7A6ELi2o-QPO0kjmZUMZvMTKL0AQ_q0=
10:59:55 [Expansion Quests] - PlayerQuestsInit - Create new quest instance for quest: 19 - Creator UID: OWXX6Y-5LFd-7A6ELi2o-QPO0kjmZUMZvMTKL0AQ_q0=
10:59:55 [Expansion Quests] - PlayerQuestsInit - Create new quest instance for quest: 23 - Creator UID: OWXX6Y-5LFd-7A6ELi2o-QPO0kjmZUMZvMTKL0AQ_q0=
11:00:01 [Market] Player "MADness" (id=OWXX6Y-5LFd-7A6ELi2o-QPO0kjmZUMZvMTKL0AQ_q0=) has send a requested to sell claymoremine x1 at the trader "Blacktrader (Elias [Smuggler Trader])" in market zone "OUTLIVE Smuggler Trader" (pos=<9945.549805, 36.532902, 5359.779785>).
11:00:01 [Market] Player "MADness" (id=OWXX6Y-5LFd-7A6ELi2o-QPO0kjmZUMZvMTKL0AQ_q0=) has sold claymoremine x1 at the trader "Blacktrader (Elias [Smuggler Trader])" in market zone "OUTLIVE Smuggler Trader" (pos=<9945.549805, 36.532902, 5359.779785>) and got 4500.
11:00:03 [Market] Player "MADness" (id=OWXX6Y-5LFd-7A6ELi2o-QPO0kjmZUMZvMTKL0AQ_q0=) has send a requested to sell twp_stielhandgranate x1 at the trader "Blacktrader (Elias [Smuggler Trader])" in market zone "OUTLIVE Smuggler Trader" (pos=<9945.549805, 36.532902, 5359.779785>).
11:00:03 [Market] Player "MADness" (id=OWXX6Y-5LFd-7A6ELi2o-QPO0kjmZUMZvMTKL0AQ_q0=) has sold twp_stielhandgranate x1 at the trader "Blacktrader (Elias [Smuggler Trader])" in market zone "OUTLIVE Smuggler Trader" (pos=<9945.549805, 36.532902, 5359.779785>) and got 1000.
11:00:05 [Market] Player "MADness" (id=OWXX6Y-5LFd-7A6ELi2o-QPO0kjmZUMZvMTKL0AQ_q0=) has send a requested to sell twp_tennisball_grenade x1 at the trader "Blacktrader (Elias [Smuggler Trader])" in market zone "OUTLIVE Smuggler Trader" (pos=<9945.549805, 36.532902, 5359.779785>).
11:00:05 [Market] Player "MADness" (id=OWXX6Y-5LFd-7A6ELi2o-QPO0kjmZUMZvMTKL0AQ_q0=) has sold twp_tennisball_grenade x1 at the trader "Blacktrader (Elias [Smuggler Trader])" in market zone "OUTLIVE Smuggler Trader" (pos=<9945.549805, 36.532902, 5359.779785>) and got 1000.
11:00:07 [Market] Player "MADness" (id=OWXX6Y-5LFd-7A6ELi2o-QPO0kjmZUMZvMTKL0AQ_q0=) has send a requested to sell expansionrpg7 x1 at the trader "Blacktrader (Elias [Smuggler Trader])" in market zone "OUTLIVE Smuggler Trader" (pos=<9945.549805, 36.532902, 5359.779785>).
11:00:08 [Market] Player "MADness" (id=OWXX6Y-5LFd-7A6ELi2o-QPO0kjmZUMZvMTKL0AQ_q0=) has sold expansionrpg7 x1 at the trader "Blacktrader (Elias [Smuggler Trader])" in market zone "OUTLIVE Smuggler Trader" (pos=<9945.549805, 36.532902, 5359.779785>) and got 4000.
11:00:08 [Market] Player "MADness" (id=OWXX6Y-5LFd-7A6ELi2o-QPO0kjmZUMZvMTKL0AQ_q0=) has send a requested to sell expansionlaw x1 at the trader "Blacktrader (Elias [Smuggler Trader])" in market zone "OUTLIVE Smuggler Trader" (pos=<9945.549805, 36.532902, 5359.779785>).
11:00:08 [Market] Player "MADness" (id=OWXX6Y-5LFd-7A6ELi2o-QPO0kjmZUMZvMTKL0AQ_q0=) has sold expansionlaw x1 at the trader "Blacktrader (Elias [Smuggler Trader])" in market zone "OUTLIVE Smuggler Trader" (pos=<9945.549805, 36.532902, 5359.779785>) and got 5000.
11:00:16 [Market] Player "Rikinoo" (id=R5QkEcrxtly9KY8lzQxLv6FMruTgXOxuSWhCmf7J-cA=) has send a requested to sell ammo_45acp x113 at the trader "Attachments (Oliver [#STR_EXPANSION_MARKET_TRADER_ATTACHMENTS])" in market zone "OUTLIVE Trader" (pos=<4291.589844, 25.247801, 4162.500000>).
11:00:16 [Market] Player "Rikinoo" (id=R5QkEcrxtly9KY8lzQxLv6FMruTgXOxuSWhCmf7J-cA=) has sold ammo_45acp x113 at the trader "Attachments (Oliver [#STR_EXPANSION_MARKET_TRADER_ATTACHMENTS])" in market zone "OUTLIVE Trader" (pos=<4291.589844, 25.247801, 4162.500000>) and got 169.
11:00:18 [Market] Player "Rikinoo" (id=R5QkEcrxtly9KY8lzQxLv6FMruTgXOxuSWhCmf7J-cA=) has send a requested to sell ammo_545x39 x64 at the trader "Attachments (Oliver [#STR_EXPANSION_MARKET_TRADER_ATTACHMENTS])" in market zone "OUTLIVE Trader" (pos=<4291.589844, 25.247801, 4162.500000>).
11:00:18 [Market] Player "Rikinoo" (id=R5QkEcrxtly9KY8lzQxLv6FMruTgXOxuSWhCmf7J-cA=) has sold ammo_545x39 x64 at the trader "Attachments (Oliver [#STR_EXPANSION_MARKET_TRADER_ATTACHMENTS])" in market zone "OUTLIVE Trader" (pos=<4291.589844, 25.247801, 4162.500000>) and got 384.
11:00:20 [Market] Player "Rikinoo" (id=R5QkEcrxtly9KY8lzQxLv6FMruTgXOxuSWhCmf7J-cA=) has send a requested to sell ammo_556x45 x20 at the trader "Attachments (Oliver [#STR_EXPANSION_MARKET_TRADER_ATTACHMENTS])" in market zone "OUTLIVE Trader" (pos=<4291.589844, 25.247801, 4162.500000>).
11:00:20 [Market] Player "Rikinoo" (id=R5QkEcrxtly9KY8lzQxLv6FMruTgXOxuSWhCmf7J-cA=) has sold ammo_556x45 x20 at the trader "Attachments (Oliver [#STR_EXPANSION_MARKET_TRADER_ATTACHMENTS])" in market zone "OUTLIVE Trader" (pos=<4291.589844, 25.247801, 4162.500000>) and got 150.
11:00:22 [Market] Player "Rikinoo" (id=R5QkEcrxtly9KY8lzQxLv6FMruTgXOxuSWhCmf7J-cA=) has send a requested to sell ammo_762x39tracer x38 at the trader "Attachments (Oliver [#STR_EXPANSION_MARKET_TRADER_ATTACHMENTS])" in market zone "OUTLIVE Trader" (pos=<4291.589844, 25.247801, 4162.500000>).
11:00:22 [Market] Player "Rikinoo" (id=R5QkEcrxtly9KY8lzQxLv6FMruTgXOxuSWhCmf7J-cA=) has sold ammo_762x39tracer x38 at the trader "Attachments (Oliver [#STR_EXPANSION_MARKET_TRADER_ATTACHMENTS])" in market zone "OUTLIVE Trader" (pos=<4291.589844, 25.247801, 4162.500000>) and got 319.
11:00:24 [Market] Player "Rikinoo" (id=R5QkEcrxtly9KY8lzQxLv6FMruTgXOxuSWhCmf7J-cA=) has send a requested to sell ammobox_45acp_25rnd x1 at the trader "Attachments (Oliver [#STR_EXPANSION_MARKET_TRADER_ATTACHMENTS])" in market zone "OUTLIVE Trader" (pos=<4291.589844, 25.247801, 4162.500000>).
11:00:24 [Market] Player "Rikinoo" (id=R5QkEcrxtly9KY8lzQxLv6FMruTgXOxuSWhCmf7J-cA=) has sold ammobox_45acp_25rnd x1 at the trader "Attachments (Oliver [#STR_EXPANSION_MARKET_TRADER_ATTACHMENTS])" in market zone "OUTLIVE Trader" (pos=<4291.589844, 25.247801, 4162.500000>) and got 45.
11:00:25 [Market] Player "Rikinoo" (id=R5QkEcrxtly9KY8lzQxLv6FMruTgXOxuSWhCmf7J-cA=) has send a requested to sell ammobox_expansion_46x30_25rnd x1 at the trader "Attachments (Oliver [#STR_EXPANSION_MARKET_TRADER_ATTACHMENTS])" in market zone "OUTLIVE Trader" (pos=<4291.589844, 25.247801, 4162.500000>).
11:00:25 [Market] Player "Rikinoo" (id=R5QkEcrxtly9KY8lzQxLv6FMruTgXOxuSWhCmf7J-cA=) has sold ammobox_expansion_46x30_25rnd x1 at the trader "Attachments (Oliver [#STR_EXPANSION_MARKET_TRADER_ATTACHMENTS])" in market zone "OUTLIVE Trader" (pos=<4291.589844, 25.247801, 4162.500000>) and got 45.
11:00:25 [Market] Player "Rikinoo" (id=R5QkEcrxtly9KY8lzQxLv6FMruTgXOxuSWhCmf7J-cA=) has send a requested to sell ammobox_556x45tracer_20rnd x1 at the trader "Attachments (Oliver [#STR_EXPANSION_MARKET_TRADER_ATTACHMENTS])" in market zone "OUTLIVE Trader" (pos=<4291.589844, 25.247801, 4162.500000>).
11:00:25 [Market] Player "Rikinoo" (id=R5QkEcrxtly9KY8lzQxLv6FMruTgXOxuSWhCmf7J-cA=) has sold ammobox_556x45tracer_20rnd x1 at the trader "Attachments (Oliver [#STR_EXPANSION_MARKET_TRADER_ATTACHMENTS])" in market zone "OUTLIVE Trader" (pos=<4291.589844, 25.247801, 4162.500000>) and got 165.
11:00:26 [Market] Player "Rikinoo" (id=R5QkEcrxtly9KY8lzQxLv6FMruTgXOxuSWhCmf7J-cA=) has send a requested to sell ammobox_9x39_20rnd x1 at the trader "Attachments (Oliver [#STR_EXPANSION_MARKET_TRADER_ATTACHMENTS])" in market zone "OUTLIVE Trader" (pos=<4291.589844, 25.247801, 4162.500000>).
11:00:26 [Market] Player "Rikinoo" (id=R5QkEcrxtly9KY8lzQxLv6FMruTgXOxuSWhCmf7J-cA=) has sold ammobox_9x39_20rnd x1 at the trader "Attachments (Oliver [#STR_EXPANSION_MARKET_TRADER_ATTACHMENTS])" in market zone "OUTLIVE Trader" (pos=<4291.589844, 25.247801, 4162.500000>) and got 42.
11:00:29 [Market] Player "Rikinoo" (id=R5QkEcrxtly9KY8lzQxLv6FMruTgXOxuSWhCmf7J-cA=) has send a requested to sell mag_ak101_30rnd x1 at the trader "Attachments (Oliver [#STR_EXPANSION_MARKET_TRADER_ATTACHMENTS])" in market zone "OUTLIVE Trader" (pos=<4291.589844, 25.247801, 4162.500000>).
11:00:29 [Market] Player "Rikinoo" (id=R5QkEcrxtly9KY8lzQxLv6FMruTgXOxuSWhCmf7J-cA=) has sold mag_ak101_30rnd x1 at the trader "Attachments (Oliver [#STR_EXPANSION_MARKET_TRADER_ATTACHMENTS])" in market zone "OUTLIVE Trader" (pos=<4291.589844, 25.247801, 4162.500000>) and got 115.
11:00:29 [Market] Player "Rikinoo" (id=R5QkEcrxtly9KY8lzQxLv6FMruTgXOxuSWhCmf7J-cA=) has send a requested to sell mag_expansion_mp7_40rnd x1 at the trader "Attachments (Oliver [#STR_EXPANSION_MARKET_TRADER_ATTACHMENTS])" in market zone "OUTLIVE Trader" (pos=<4291.589844, 25.247801, 4162.500000>).
11:00:29 [Market] Player "Rikinoo" (id=R5QkEcrxtly9KY8lzQxLv6FMruTgXOxuSWhCmf7J-cA=) has sold mag_expansion_mp7_40rnd x1 at the trader "Attachments (Oliver [#STR_EXPANSION_MARKET_TRADER_ATTACHMENTS])" in market zone "OUTLIVE Trader" (pos=<4291.589844, 25.247801, 4162.500000>) and got 98.
11:00:33 [Market] Player "Rikinoo" (id=R5QkEcrxtly9KY8lzQxLv6FMruTgXOxuSWhCmf7J-cA=) has send a requested to sell expansionhamroptic x1 at the trader "Attachments (Oliver [#STR_EXPANSION_MARKET_TRADER_ATTACHMENTS])" in market zone "OUTLIVE Trader" (pos=<4291.589844, 25.247801, 4162.500000>).
11:00:33 [Market] Player "Rikinoo" (id=R5QkEcrxtly9KY8lzQxLv6FMruTgXOxuSWhCmf7J-cA=) has sold expansionhamroptic x1 at the trader "Attachments (Oliver [#STR_EXPANSION_MARKET_TRADER_ATTACHMENTS])" in market zone "OUTLIVE Trader" (pos=<4291.589844, 25.247801, 4162.500000>) and got 220.
11:00:35 [Market] Player "Rikinoo" (id=R5QkEcrxtly9KY8lzQxLv6FMruTgXOxuSWhCmf7J-cA=) has send a requested to sell twp_ammobox_30carbine_30rnd x1 at the trader "Attachments (Oliver [#STR_EXPANSION_MARKET_TRADER_ATTACHMENTS])" in market zone "OUTLIVE Trader" (pos=<4291.589844, 25.247801, 4162.500000>).
11:00:35 [Market] Player "Rikinoo" (id=R5QkEcrxtly9KY8lzQxLv6FMruTgXOxuSWhCmf7J-cA=) has sold twp_ammobox_30carbine_30rnd x1 at the trader "Attachments (Oliver [#STR_EXPANSION_MARKET_TRADER_ATTACHMENTS])" in market zone "OUTLIVE Trader" (pos=<4291.589844, 25.247801, 4162.500000>) and got 168.
11:00:35 [Market] Player "Rikinoo" (id=R5QkEcrxtly9KY8lzQxLv6FMruTgXOxuSWhCmf7J-cA=) has send a requested to sell twp_ammobox_20x76_10rnd x1 at the trader "Attachments (Oliver [#STR_EXPANSION_MARKET_TRADER_ATTACHMENTS])" in market zone "OUTLIVE Trader" (pos=<4291.589844, 25.247801, 4162.500000>).
11:00:36 [Market] Player "Rikinoo" (id=R5QkEcrxtly9KY8lzQxLv6FMruTgXOxuSWhCmf7J-cA=) has sold twp_ammobox_20x76_10rnd x1 at the trader "Attachments (Oliver [#STR_EXPANSION_MARKET_TRADER_ATTACHMENTS])" in market zone "OUTLIVE Trader" (pos=<4291.589844, 25.247801, 4162.500000>) and got 60.
11:00:36 [Market] Player "Rikinoo" (id=R5QkEcrxtly9KY8lzQxLv6FMruTgXOxuSWhCmf7J-cA=) has send a requested to sell twp_ammobox_20x102mm_10rnd x1 at the trader "Attachments (Oliver [#STR_EXPANSION_MARKET_TRADER_ATTACHMENTS])" in market zone "OUTLIVE Trader" (pos=<4291.589844, 25.247801, 4162.500000>).
11:00:36 [Market] Player "Rikinoo" (id=R5QkEcrxtly9KY8lzQxLv6FMruTgXOxuSWhCmf7J-cA=) has sold twp_ammobox_20x102mm_10rnd x1 at the trader "Attachments (Oliver [#STR_EXPANSION_MARKET_TRADER_ATTACHMENTS])" in market zone "OUTLIVE Trader" (pos=<4291.589844, 25.247801, 4162.500000>) and got 450.
11:00:36 [Safezone] Player "MADness" (id=OWXX6Y-5LFd-7A6ELi2o-QPO0kjmZUMZvMTKL0AQ_q0= pos=<10136.355469, 6.882815, 7144.196289>) Left the safezone
11:00:36 [Market] Player "Rikinoo" (id=R5QkEcrxtly9KY8lzQxLv6FMruTgXOxuSWhCmf7J-cA=) has send a requested to sell twp_ammobox_300winmag_20rnd x1 at the trader "Attachments (Oliver [#STR_EXPANSION_MARKET_TRADER_ATTACHMENTS])" in market zone "OUTLIVE Trader" (pos=<4291.589844, 25.247801, 4162.500000>).
11:00:37 [Market] Player "Rikinoo" (id=R5QkEcrxtly9KY8lzQxLv6FMruTgXOxuSWhCmf7J-cA=) has sold twp_ammobox_300winmag_20rnd x1 at the trader "Attachments (Oliver [#STR_EXPANSION_MARKET_TRADER_ATTACHMENTS])" in market zone "OUTLIVE Trader" (pos=<4291.589844, 25.247801, 4162.500000>) and got 186.
11:00:37 [Market] Player "Rikinoo" (id=R5QkEcrxtly9KY8lzQxLv6FMruTgXOxuSWhCmf7J-cA=) has send a requested to sell twp_ammobox_57x28_30rnd x1 at the trader "Attachments (Oliver [#STR_EXPANSION_MARKET_TRADER_ATTACHMENTS])" in market zone "OUTLIVE Trader" (pos=<4291.589844, 25.247801, 4162.500000>).
11:00:37 [Market] Player "Rikinoo" (id=R5QkEcrxtly9KY8lzQxLv6FMruTgXOxuSWhCmf7J-cA=) has sold twp_ammobox_57x28_30rnd x1 at the trader "Attachments (Oliver [#STR_EXPANSION_MARKET_TRADER_ATTACHMENTS])" in market zone "OUTLIVE Trader" (pos=<4291.589844, 25.247801, 4162.500000>) and got 141.
11:00:38 [Market] Player "Rikinoo" (id=R5QkEcrxtly9KY8lzQxLv6FMruTgXOxuSWhCmf7J-cA=) has send a requested to sell twp_ammo_3006 x1 at the trader "Attachments (Oliver [#STR_EXPANSION_MARKET_TRADER_ATTACHMENTS])" in market zone "OUTLIVE Trader" (pos=<4291.589844, 25.247801, 4162.500000>).
11:00:38 [Market] Player "Rikinoo" (id=R5QkEcrxtly9KY8lzQxLv6FMruTgXOxuSWhCmf7J-cA=) has sold twp_ammo_3006 x1 at the trader "Attachments (Oliver [#STR_EXPANSION_MARKET_TRADER_ATTACHMENTS])" in market zone "OUTLIVE Trader" (pos=<4291.589844, 25.247801, 4162.500000>) and got 27.
11:00:40 [Market] Player "Rikinoo" (id=R5QkEcrxtly9KY8lzQxLv6FMruTgXOxuSWhCmf7J-cA=) has send a requested to sell twp_ammo_3006 x60 at the trader "Attachments (Oliver [#STR_EXPANSION_MARKET_TRADER_ATTACHMENTS])" in market zone "OUTLIVE Trader" (pos=<4291.589844, 25.247801, 4162.500000>).
11:00:40 [Market] Player "Rikinoo" (id=R5QkEcrxtly9KY8lzQxLv6FMruTgXOxuSWhCmf7J-cA=) has sold twp_ammo_3006 x60 at the trader "Attachments (Oliver [#STR_EXPANSION_MARKET_TRADER_ATTACHMENTS])" in market zone "OUTLIVE Trader" (pos=<4291.589844, 25.247801, 4162.500000>) and got 1620.
11:00:42 [Market] Player "Rikinoo" (id=R5QkEcrxtly9KY8lzQxLv6FMruTgXOxuSWhCmf7J-cA=) has send a requested to sell twp_ammo_57x28 x116 at the trader "Attachments (Oliver [#STR_EXPANSION_MARKET_TRADER_ATTACHMENTS])" in market zone "OUTLIVE Trader" (pos=<4291.589844, 25.247801, 4162.500000>).
11:00:42 [Market] Player "Rikinoo" (id=R5QkEcrxtly9KY8lzQxLv6FMruTgXOxuSWhCmf7J-cA=) has sold twp_ammo_57x28 x116 at the trader "Attachments (Oliver [#STR_EXPANSION_MARKET_TRADER_ATTACHMENTS])" in market zone "OUTLIVE Trader" (pos=<4291.589844, 25.247801, 4162.500000>) and got 522.
11:00:45 [Market] Player "Rikinoo" (id=R5QkEcrxtly9KY8lzQxLv6FMruTgXOxuSWhCmf7J-cA=) has send a requested to sell twp_asr_mag_40rnd x1 at the trader "Attachments (Oliver [#STR_EXPANSION_MARKET_TRADER_ATTACHMENTS])" in market zone "OUTLIVE Trader" (pos=<4291.589844, 25.247801, 4162.500000>).
11:00:45 [Market] Player "Rikinoo" (id=R5QkEcrxtly9KY8lzQxLv6FMruTgXOxuSWhCmf7J-cA=) has sold twp_asr_mag_40rnd x1 at the trader "Attachments (Oliver [#STR_EXPANSION_MARKET_TRADER_ATTACHMENTS])" in market zone "OUTLIVE Trader" (pos=<4291.589844, 25.247801, 4162.500000>) and got 382.
11:00:46 [Market] Player "Rikinoo" (id=R5QkEcrxtly9KY8lzQxLv6FMruTgXOxuSWhCmf7J-cA=) has send a requested to sell twp_barrettm82_mag_10rnd x1 at the trader "Attachments (Oliver [#STR_EXPANSION_MARKET_TRADER_ATTACHMENTS])" in market zone "OUTLIVE Trader" (pos=<4291.589844, 25.247801, 4162.500000>).
11:00:46 [Market] Player "Rikinoo" (id=R5QkEcrxtly9KY8lzQxLv6FMruTgXOxuSWhCmf7J-cA=) has sold twp_barrettm82_mag_10rnd x1 at the trader "Attachments (Oliver [#STR_EXPANSION_MARKET_TRADER_ATTACHMENTS])" in market zone "OUTLIVE Trader" (pos=<4291.589844, 25.247801, 4162.500000>) and got 465.
11:00:47 [Market] Player "Rikinoo" (id=R5QkEcrxtly9KY8lzQxLv6FMruTgXOxuSWhCmf7J-cA=) has send a requested to sell twp_dragunov_mag_8rnd x1 at the trader "Attachments (Oliver [#STR_EXPANSION_MARKET_TRADER_ATTACHMENTS])" in market zone "OUTLIVE Trader" (pos=<4291.589844, 25.247801, 4162.500000>).
11:00:47 [Market] Player "Rikinoo" (id=R5QkEcrxtly9KY8lzQxLv6FMruTgXOxuSWhCmf7J-cA=) has sold twp_dragunov_mag_8rnd x1 at the trader "Attachments (Oliver [#STR_EXPANSION_MARKET_TRADER_ATTACHMENTS])" in market zone "OUTLIVE Trader" (pos=<4291.589844, 25.247801, 4162.500000>) and got 115.
11:00:48 [Market] Player "Rikinoo" (id=R5QkEcrxtly9KY8lzQxLv6FMruTgXOxuSWhCmf7J-cA=) has send a requested to sell twp_m200mod_mag_10rnd x1 at the trader "Attachments (Oliver [#STR_EXPANSION_MARKET_TRADER_ATTACHMENTS])" in market zone "OUTLIVE Trader" (pos=<4291.589844, 25.247801, 4162.500000>).
11:00:48 [Market] Player "Rikinoo" (id=R5QkEcrxtly9KY8lzQxLv6FMruTgXOxuSWhCmf7J-cA=) has sold twp_m200mod_mag_10rnd x1 at the trader "Attachments (Oliver [#STR_EXPANSION_MARKET_TRADER_ATTACHMENTS])" in market zone "OUTLIVE Trader" (pos=<4291.589844, 25.247801, 4162.500000>) and got 240.
11:00:48 [Market] Player "Rikinoo" (id=R5QkEcrxtly9KY8lzQxLv6FMruTgXOxuSWhCmf7J-cA=) has send a requested to sell twp_mk14_mag_20rnd x1 at the trader "Attachments (Oliver [#STR_EXPANSION_MARKET_TRADER_ATTACHMENTS])" in market zone "OUTLIVE Trader" (pos=<4291.589844, 25.247801, 4162.500000>).
11:00:48 [Market] Player "Rikinoo" (id=R5QkEcrxtly9KY8lzQxLv6FMruTgXOxuSWhCmf7J-cA=) has sold twp_mk14_mag_20rnd x1 at the trader "Attachments (Oliver [#STR_EXPANSION_MARKET_TRADER_ATTACHMENTS])" in market zone "OUTLIVE Trader" (pos=<4291.589844, 25.247801, 4162.500000>) and got 318.
11:00:54 [Market] Player "Rikinoo" (id=R5QkEcrxtly9KY8lzQxLv6FMruTgXOxuSWhCmf7J-cA=) has send a requested to sell twp_sg550_mag_30rnd x1 at the trader "Attachments (Oliver [#STR_EXPANSION_MARKET_TRADER_ATTACHMENTS])" in market zone "OUTLIVE Trader" (pos=<4291.589844, 25.247801, 4162.500000>).
11:00:54 [Market] Player "Rikinoo" (id=R5QkEcrxtly9KY8lzQxLv6FMruTgXOxuSWhCmf7J-cA=) has sold twp_sg550_mag_30rnd x1 at the trader "Attachments (Oliver [#STR_EXPANSION_MARKET_TRADER_ATTACHMENTS])" in market zone "OUTLIVE Trader" (pos=<4291.589844, 25.247801, 4162.500000>) and got 225.
11:00:55 [Market] Player "Rikinoo" (id=R5QkEcrxtly9KY8lzQxLv6FMruTgXOxuSWhCmf7J-cA=) has send a requested to sell twp_sks_mag_20rnd x1 at the trader "Attachments (Oliver [#STR_EXPANSION_MARKET_TRADER_ATTACHMENTS])" in market zone "OUTLIVE Trader" (pos=<4291.589844, 25.247801, 4162.500000>).
11:00:55 [Market] Player "Rikinoo" (id=R5QkEcrxtly9KY8lzQxLv6FMruTgXOxuSWhCmf7J-cA=) has sold twp_sks_mag_20rnd x1 at the trader "Attachments (Oliver [#STR_EXPANSION_MARKET_TRADER_ATTACHMENTS])" in market zone "OUTLIVE Trader" (pos=<4291.589844, 25.247801, 4162.500000>) and got 170.
11:00:55 [Market] Player "Rikinoo" (id=R5QkEcrxtly9KY8lzQxLv6FMruTgXOxuSWhCmf7J-cA=) has send a requested to sell twp_steyraug_mag_45rnd x1 at the trader "Attachments (Oliver [#STR_EXPANSION_MARKET_TRADER_ATTACHMENTS])" in market zone "OUTLIVE Trader" (pos=<4291.589844, 25.247801, 4162.500000>).
11:00:56 [Market] Player "Rikinoo" (id=R5QkEcrxtly9KY8lzQxLv6FMruTgXOxuSWhCmf7J-cA=) has sold twp_steyraug_mag_45rnd x1 at the trader "Attachments (Oliver [#STR_EXPANSION_MARKET_TRADER_ATTACHMENTS])" in market zone "OUTLIVE Trader" (pos=<4291.589844, 25.247801, 4162.500000>) and got 450.
11:00:56 [Market] Player "Rikinoo" (id=R5QkEcrxtly9KY8lzQxLv6FMruTgXOxuSWhCmf7J-cA=) has send a requested to sell twp_l85a2_mag_30rnd x1 at the trader "Attachments (Oliver [#STR_EXPANSION_MARKET_TRADER_ATTACHMENTS])" in market zone "OUTLIVE Trader" (pos=<4291.589844, 25.247801, 4162.500000>).
11:00:56 [Market] Player "Rikinoo" (id=R5QkEcrxtly9KY8lzQxLv6FMruTgXOxuSWhCmf7J-cA=) has sold twp_l85a2_mag_30rnd x1 at the trader "Attachments (Oliver [#STR_EXPANSION_MARKET_TRADER_ATTACHMENTS])" in market zone "OUTLIVE Trader" (pos=<4291.589844, 25.247801, 4162.500000>) and got 308.
11:00:57 [Market] Player "Rikinoo" (id=R5QkEcrxtly9KY8lzQxLv6FMruTgXOxuSWhCmf7J-cA=) has send a requested to sell twp_vssk_mag_5rnd x1 at the trader "Attachments (Oliver [#STR_EXPANSION_MARKET_TRADER_ATTACHMENTS])" in market zone "OUTLIVE Trader" (pos=<4291.589844, 25.247801, 4162.500000>).
11:00:57 [Market] Player "Rikinoo" (id=R5QkEcrxtly9KY8lzQxLv6FMruTgXOxuSWhCmf7J-cA=) has sold twp_vssk_mag_5rnd x1 at the trader "Attachments (Oliver [#STR_EXPANSION_MARKET_TRADER_ATTACHMENTS])" in market zone "OUTLIVE Trader" (pos=<4291.589844, 25.247801, 4162.500000>) and got 108.
11:01:00 [Market] Player "Rikinoo" (id=R5QkEcrxtly9KY8lzQxLv6FMruTgXOxuSWhCmf7J-cA=) has send a requested to sell twp_optic_vlife x1 at the trader "Attachments (Oliver [#STR_EXPANSION_MARKET_TRADER_ATTACHMENTS])" in market zone "OUTLIVE Trader" (pos=<4291.589844, 25.247801, 4162.500000>).
11:01:00 [Market] Player "Rikinoo" (id=R5QkEcrxtly9KY8lzQxLv6FMruTgXOxuSWhCmf7J-cA=) has sold twp_optic_vlife x1 at the trader "Attachments (Oliver [#STR_EXPANSION_MARKET_TRADER_ATTACHMENTS])" in market zone "OUTLIVE Trader" (pos=<4291.589844, 25.247801, 4162.500000>) and got 262.
11:01:01 [Market] Player "Rikinoo" (id=R5QkEcrxtly9KY8lzQxLv6FMruTgXOxuSWhCmf7J-cA=) has send a requested to sell twp_longrangeoptic_green x1 at the trader "Attachments (Oliver [#STR_EXPANSION_MARKET_TRADER_ATTACHMENTS])" in market zone "OUTLIVE Trader" (pos=<4291.589844, 25.247801, 4162.500000>).
11:01:01 [Market] Player "Rikinoo" (id=R5QkEcrxtly9KY8lzQxLv6FMruTgXOxuSWhCmf7J-cA=) has sold twp_longrangeoptic_green x1 at the trader "Attachments (Oliver [#STR_EXPANSION_MARKET_TRADER_ATTACHMENTS])" in market zone "OUTLIVE Trader" (pos=<4291.589844, 25.247801, 4162.500000>) and got 262.
11:01:02 [Market] Player "Rikinoo" (id=R5QkEcrxtly9KY8lzQxLv6FMruTgXOxuSWhCmf7J-cA=) has send a requested to sell twp_optic_ncstar x1 at the trader "Attachments (Oliver [#STR_EXPANSION_MARKET_TRADER_ATTACHMENTS])" in market zone "OUTLIVE Trader" (pos=<4291.589844, 25.247801, 4162.500000>).
11:01:02 [Market] Player "Rikinoo" (id=R5QkEcrxtly9KY8lzQxLv6FMruTgXOxuSWhCmf7J-cA=) has sold twp_optic_ncstar x1 at the trader "Attachments (Oliver [#STR_EXPANSION_MARKET_TRADER_ATTACHMENTS])" in market zone "OUTLIVE Trader" (pos=<4291.589844, 25.247801, 4162.500000>) and got 262.
11:01:23 [ATM Locker] Player "Rikinoo" (id=R5QkEcrxtly9KY8lzQxLv6FMruTgXOxuSWhCmf7J-cA=) has deposited 21093 on his ATM account.
11:02:01 [Safezone] Player "Rikinoo" (id=R5QkEcrxtly9KY8lzQxLv6FMruTgXOxuSWhCmf7J-cA= pos=<10090.624023, 7.727858, 7161.885742>) Left the safezone
11:03:05 [Safezone] Player "MaryCuddles" (id=4r9Qw97BrWWUc-JN5svykH45KprkXCwFNoDt8GYM410= pos=<4104.756836, 19.708139, 4208.691895>) Left the safezone
11:05:10 [Expansion Quests] - CompleteQuest - Player with UID R5QkEcrxtly9KY8lzQxLv6FMruTgXOxuSWhCmf7J-cA= has completed quest 19
11:05:10 [Expansion Quests] - ExpansionQuest - Quest owner ID: R5QkEcrxtly9KY8lzQxLv6FMruTgXOxuSWhCmf7J-cA=
11:05:10 [Expansion Quests] - ExpansionQuest - Quest ID: 19
11:05:10 [Expansion Quests] - ExpansionQuest - Quest state: 3
11:05:10 [Expansion Quests] - ExpansionQuest - Quest completed: true
11:06:40 [Expansion Quests] - SetupClientData - Loaded existend player quest data for player with UID: ejSkxByu56JQJCjaqLBSPNXICtUOhtzWA8N8KOJ3ik0=
11:06:40 [Expansion Quests] - PlayerQuestsInit - Create new quest instance for quest: 19 - Creator UID: ejSkxByu56JQJCjaqLBSPNXICtUOhtzWA8N8KOJ3ik0=
11:06:40 [Expansion Quests] - PlayerQuestsInit - Create new quest instance for quest: 20 - Creator UID: ejSkxByu56JQJCjaqLBSPNXICtUOhtzWA8N8KOJ3ik0=
11:06:47 [VehicleDestroyed] ExpansionMh6 was destroyed at pos=<9964.600586, -7.610057, 6554.310547>
11:10:42 [VehicleCarKey] Player "cumtam" (id=ejSkxByu56JQJCjaqLBSPNXICtUOhtzWA8N8KOJ3ik0= pos=<9997.090820, 1.465380, 6453.504883>) paired a  ExpansionCarKey to ExpansionMh6_Wave
11:10:47 [VehicleCarKey] Player "cumtam" (id=ejSkxByu56JQJCjaqLBSPNXICtUOhtzWA8N8KOJ3ik0= pos=<9997.090820, 1.465380, 6453.504883>) used the  ExpansionCarKey to lock a ExpansionMh6_Wave
11:10:49 [VehicleCarKey] Player "cumtam" (id=ejSkxByu56JQJCjaqLBSPNXICtUOhtzWA8N8KOJ3ik0= pos=<9997.090820, 1.465380, 6453.504883>) used the  ExpansionCarKey to unlock a ExpansionMh6_Wave
11:13:49 [VehicleCarKey] Player "cumtam" (id=ejSkxByu56JQJCjaqLBSPNXICtUOhtzWA8N8KOJ3ik0= pos=<9964.242188, 1.744608, 7178.608887>) used the  ExpansionCarKey to lock a ExpansionMh6_Wave
11:14:44 [Expansion Quests] - CompleteQuest - Player with UID ejSkxByu56JQJCjaqLBSPNXICtUOhtzWA8N8KOJ3ik0= has completed quest 19
11:14:44 [Expansion Quests] - ExpansionQuest - Quest owner ID: ejSkxByu56JQJCjaqLBSPNXICtUOhtzWA8N8KOJ3ik0=
11:14:44 [Expansion Quests] - ExpansionQuest - Quest ID: 19
11:14:44 [Expansion Quests] - ExpansionQuest - Quest state: 3
11:14:44 [Expansion Quests] - ExpansionQuest - Quest completed: true
11:35:43 [Expansion Quests] - SetupClientData - Loaded existend player quest data for player with UID: OWXX6Y-5LFd-7A6ELi2o-QPO0kjmZUMZvMTKL0AQ_q0=
11:35:43 [Expansion Quests] - PlayerQuestsInit - Create new quest instance for quest: 19 - Creator UID: OWXX6Y-5LFd-7A6ELi2o-QPO0kjmZUMZvMTKL0AQ_q0=
11:35:43 [Expansion Quests] - PlayerQuestsInit - Create new quest instance for quest: 20 - Creator UID: OWXX6Y-5LFd-7A6ELi2o-QPO0kjmZUMZvMTKL0AQ_q0=
11:35:43 [Expansion Quests] - PlayerQuestsInit - Create new quest instance for quest: 23 - Creator UID: OWXX6Y-5LFd-7A6ELi2o-QPO0kjmZUMZvMTKL0AQ_q0=
11:44:31 [Expansion Quests] - SetupClientData - Loaded existend player quest data for player with UID: R5QkEcrxtly9KY8lzQxLv6FMruTgXOxuSWhCmf7J-cA=
11:50:56 [VehicleCarKey] Player "cumtam" (id=ejSkxByu56JQJCjaqLBSPNXICtUOhtzWA8N8KOJ3ik0= pos=<9964.356445, 1.764717, 7178.437988>) used the  ExpansionCarKey to unlock a ExpansionMh6_Wave
11:56:45 [Expansion Quests] - SetupClientData - Loaded existend player quest data for player with UID: OWXX6Y-5LFd-7A6ELi2o-QPO0kjmZUMZvMTKL0AQ_q0=
11:57:26 [Killfeed] MADness fell to their death.
11:57:37 [Expansion Quests] - SetupClientData - Loaded existend player quest data for player with UID: OWXX6Y-5LFd-7A6ELi2o-QPO0kjmZUMZvMTKL0AQ_q0=
11:57:55 [Killfeed] MADness fell to their death.
11:57:59 [VehicleCarKey] Player "cumtam" (id=ejSkxByu56JQJCjaqLBSPNXICtUOhtzWA8N8KOJ3ik0= pos=<4524.485352, 1.553976, 3035.475098>) used the  ExpansionCarKey to lock a ExpansionMh6_Wave
11:58:01 [Expansion Quests] - SetupClientData - Loaded existend player quest data for player with UID: OWXX6Y-5LFd-7A6ELi2o-QPO0kjmZUMZvMTKL0AQ_q0=
