00:02:39 [AI Object Patrol] Generating an example config...
00:04:19 [Expansion Quests] - SetupClientData - Loaded existing player quest data for player with UID: jX_CFGAIC2WIrh3kyOKKQ7qs26A3y_stFGEESltAkWQ=
00:04:19 [Expansion Quests] - PlayerQuestsInit - Create new quest instance for quest: 20 - Creator UID: jX_CFGAIC2WIrh3kyOKKQ7qs26A3y_stFGEESltAkWQ=
00:04:19 [Expansion Quests] - PlayerQuestsInit - Create new quest instance for quest: 23 - Creator UID: jX_CFGAIC2WIrh3kyOKKQ7qs26A3y_stFGEESltAkWQ=
00:09:28 [MissionAirdrop] An airdrop is heading towards "Weitmoos" (pos=<6222.000000, 0.000000, 9723.000000> type=Random_Weitmoos) with a ExpansionAirdropContainer_Basebuilding
00:09:28 [MissionAirdrop] An airdrop is heading towards "Prien" (pos=<4452.000000, 0.000000, 2196.000000> type=Random_Prien) with a ExpansionAirdropContainer
00:35:10 [Expansion Quests] - SetupClientData - Loaded existing player quest data for player with UID: u7jy1hFXeX-3C-ubChAdh59YiiyuY16LDVnTQIqtPmk=
00:35:10 [Expansion Quests] - PlayerQuestsInit - Create new quest instance for quest: 23 - Creator UID: u7jy1hFXeX-3C-ubChAdh59YiiyuY16LDVnTQIqtPmk=
00:35:10 [Expansion Quests] - PlayerQuestsInit - Create new quest instance for quest: 65 - Creator UID: u7jy1hFXeX-3C-ubChAdh59YiiyuY16LDVnTQIqtPmk=
00:44:49 [Chat - Team]("Aycarambakid"(id=jX_CFGAIC2WIrh3kyOKKQ7qs26A3y_stFGEESltAkWQ=)): si si to rozmyslel?? :D
00:45:33 [Chat - Team]("Aycarambakid"(id=jX_CFGAIC2WIrh3kyOKKQ7qs26A3y_stFGEESltAkWQ=)): kamo som mal na male teraz :D
00:46:37 [Safezone] Player "Aycarambakid" (id=jX_CFGAIC2WIrh3kyOKKQ7qs26A3y_stFGEESltAkWQ= pos=<4319.335938, 6.145370, 4035.924316>) Entered the safezone
00:48:54 [Market] Player "Aycarambakid" (id=jX_CFGAIC2WIrh3kyOKKQ7qs26A3y_stFGEESltAkWQ=) has send a requested to sell twp_mac10 x1 at the trader "Weapons (Denis [#STR_EXPANSION_MARKET_TRADER_WEAPONS])" in market zone "OUTLIVE Trader" (pos=<4291.589844, 25.247801, 4162.500000>).
00:48:54 [Market] Player "Aycarambakid" (id=jX_CFGAIC2WIrh3kyOKKQ7qs26A3y_stFGEESltAkWQ=) has sold twp_mac10 x1 at the trader "Weapons (Denis [#STR_EXPANSION_MARKET_TRADER_WEAPONS])" in market zone "OUTLIVE Trader" (pos=<4291.589844, 25.247801, 4162.500000>) and got 800.
00:49:06 [Market] Player "Aycarambakid" (id=jX_CFGAIC2WIrh3kyOKKQ7qs26A3y_stFGEESltAkWQ=) has send a requested to sell twp_g56 x1 at the trader "Weapons (Denis [#STR_EXPANSION_MARKET_TRADER_WEAPONS])" in market zone "OUTLIVE Trader" (pos=<4291.589844, 25.247801, 4162.500000>).
00:49:07 [Market] Player "Aycarambakid" (id=jX_CFGAIC2WIrh3kyOKKQ7qs26A3y_stFGEESltAkWQ=) has sold twp_g56 x1 at the trader "Weapons (Denis [#STR_EXPANSION_MARKET_TRADER_WEAPONS])" in market zone "OUTLIVE Trader" (pos=<4291.589844, 25.247801, 4162.500000>) and got 2500.
00:49:14 [Market] Player "Aycarambakid" (id=jX_CFGAIC2WIrh3kyOKKQ7qs26A3y_stFGEESltAkWQ=) has send a requested to sell twp_p8 x1 at the trader "Weapons (Denis [#STR_EXPANSION_MARKET_TRADER_WEAPONS])" in market zone "OUTLIVE Trader" (pos=<4291.589844, 25.247801, 4162.500000>).
00:49:14 [Market] Player "Aycarambakid" (id=jX_CFGAIC2WIrh3kyOKKQ7qs26A3y_stFGEESltAkWQ=) has sold twp_p8 x1 at the trader "Weapons (Denis [#STR_EXPANSION_MARKET_TRADER_WEAPONS])" in market zone "OUTLIVE Trader" (pos=<4291.589844, 25.247801, 4162.500000>) and got 350.
00:49:59 [Market] Player "Aycarambakid" (id=jX_CFGAIC2WIrh3kyOKKQ7qs26A3y_stFGEESltAkWQ=) has send a requested to sell sks x1 at the trader "Weapons (Denis [#STR_EXPANSION_MARKET_TRADER_WEAPONS])" in market zone "OUTLIVE Trader" (pos=<4291.589844, 25.247801, 4162.500000>).
00:49:59 [Market] Player "Aycarambakid" (id=jX_CFGAIC2WIrh3kyOKKQ7qs26A3y_stFGEESltAkWQ=) has sold sks x1 at the trader "Weapons (Denis [#STR_EXPANSION_MARKET_TRADER_WEAPONS])" in market zone "OUTLIVE Trader" (pos=<4291.589844, 25.247801, 4162.500000>) and got 1200.
00:51:12 [Market] Player "Aycarambakid" (id=jX_CFGAIC2WIrh3kyOKKQ7qs26A3y_stFGEESltAkWQ=) has send a requested to sell aug x1 at the trader "Weapons (Denis [#STR_EXPANSION_MARKET_TRADER_WEAPONS])" in market zone "OUTLIVE Trader" (pos=<4291.589844, 25.247801, 4162.500000>).
00:51:12 [Market] Player "Aycarambakid" (id=jX_CFGAIC2WIrh3kyOKKQ7qs26A3y_stFGEESltAkWQ=) has sold aug x1 at the trader "Weapons (Denis [#STR_EXPANSION_MARKET_TRADER_WEAPONS])" in market zone "OUTLIVE Trader" (pos=<4291.589844, 25.247801, 4162.500000>) and got 2300.
00:53:55 [Market] Player "Aycarambakid" (id=jX_CFGAIC2WIrh3kyOKKQ7qs26A3y_stFGEESltAkWQ=) has send a requested to purchase twp_dragunov_mag_10rnd x3 from the trader "Attachments (Oliver [#STR_EXPANSION_MARKET_TRADER_ATTACHMENTS])" in market zone "OUTLIVE Trader" (pos=<4291.589844, 25.247801, 4162.500000>).
00:53:55 [Market] Player "Aycarambakid" (id=jX_CFGAIC2WIrh3kyOKKQ7qs26A3y_stFGEESltAkWQ=) has bought twp_dragunov_mag_10rnd x3 from the trader "Attachments (Oliver [#STR_EXPANSION_MARKET_TRADER_ATTACHMENTS])" in market zone "OUTLIVE Trader" (pos=<4291.589844, 25.247801, 4162.500000>) for a price of 3150.
00:55:22 [Market] Player "Aycarambakid" (id=jX_CFGAIC2WIrh3kyOKKQ7qs26A3y_stFGEESltAkWQ=) has send a requested to sell winchester70 x1 at the trader "Weapons (Denis [#STR_EXPANSION_MARKET_TRADER_WEAPONS])" in market zone "OUTLIVE Trader" (pos=<4291.589844, 25.247801, 4162.500000>).
00:55:22 [Market] Player "Aycarambakid" (id=jX_CFGAIC2WIrh3kyOKKQ7qs26A3y_stFGEESltAkWQ=) has sold winchester70 x1 at the trader "Weapons (Denis [#STR_EXPANSION_MARKET_TRADER_WEAPONS])" in market zone "OUTLIVE Trader" (pos=<4291.589844, 25.247801, 4162.500000>) and got 500.
00:57:11 [Market] Player "Aycarambakid" (id=jX_CFGAIC2WIrh3kyOKKQ7qs26A3y_stFGEESltAkWQ=) has send a requested to sell mvs_combat_vest_heavy_multicam_tropic x1 at the trader "Clothing (Linda [#STR_EXPANSION_MARKET_TRADER_CLOTHING])" in market zone "OUTLIVE Trader" (pos=<4291.589844, 25.247801, 4162.500000>).
00:57:11 [Market] Player "Aycarambakid" (id=jX_CFGAIC2WIrh3kyOKKQ7qs26A3y_stFGEESltAkWQ=) has sold mvs_combat_vest_heavy_multicam_tropic x1 at the trader "Clothing (Linda [#STR_EXPANSION_MARKET_TRADER_CLOTHING])" in market zone "OUTLIVE Trader" (pos=<4291.589844, 25.247801, 4162.500000>) and got 3500.
00:57:40 [VehicleCarKey] Player "Bflame" (id=u7jy1hFXeX-3C-ubChAdh59YiiyuY16LDVnTQIqtPmk= pos=<4526.568848, 15.231903, 2474.585205>) used the  ExpansionCarKey to unlock a ExpansionMh6
00:57:41 [Market] Player "Aycarambakid" (id=jX_CFGAIC2WIrh3kyOKKQ7qs26A3y_stFGEESltAkWQ=) has send a requested to sell sheriff_badge x1 at the trader "Clothing (Linda [#STR_EXPANSION_MARKET_TRADER_CLOTHING])" in market zone "OUTLIVE Trader" (pos=<4291.589844, 25.247801, 4162.500000>).
00:57:41 [Market] Player "Aycarambakid" (id=jX_CFGAIC2WIrh3kyOKKQ7qs26A3y_stFGEESltAkWQ=) has sold sheriff_badge x1 at the trader "Clothing (Linda [#STR_EXPANSION_MARKET_TRADER_CLOTHING])" in market zone "OUTLIVE Trader" (pos=<4291.589844, 25.247801, 4162.500000>) and got 600.
00:57:53 [Market] Player "Aycarambakid" (id=jX_CFGAIC2WIrh3kyOKKQ7qs26A3y_stFGEESltAkWQ=) has send a requested to sell shemagh_brown x1 at the trader "Clothing (Linda [#STR_EXPANSION_MARKET_TRADER_CLOTHING])" in market zone "OUTLIVE Trader" (pos=<4291.589844, 25.247801, 4162.500000>).
00:57:53 [Market] Player "Aycarambakid" (id=jX_CFGAIC2WIrh3kyOKKQ7qs26A3y_stFGEESltAkWQ=) has sold shemagh_brown x1 at the trader "Clothing (Linda [#STR_EXPANSION_MARKET_TRADER_CLOTHING])" in market zone "OUTLIVE Trader" (pos=<4291.589844, 25.247801, 4162.500000>) and got 40.
00:57:55 [Market] Player "Aycarambakid" (id=jX_CFGAIC2WIrh3kyOKKQ7qs26A3y_stFGEESltAkWQ=) has send a requested to sell shemagh_brown x1 at the trader "Clothing (Linda [#STR_EXPANSION_MARKET_TRADER_CLOTHING])" in market zone "OUTLIVE Trader" (pos=<4291.589844, 25.247801, 4162.500000>).
00:57:55 [Market] Player "Aycarambakid" (id=jX_CFGAIC2WIrh3kyOKKQ7qs26A3y_stFGEESltAkWQ=) has sold shemagh_brown x1 at the trader "Clothing (Linda [#STR_EXPANSION_MARKET_TRADER_CLOTHING])" in market zone "OUTLIVE Trader" (pos=<4291.589844, 25.247801, 4162.500000>) and got 40.
01:04:18 [Chat - Global]("Bflame"(id=u7jy1hFXeX-3C-ubChAdh59YiiyuY16LDVnTQIqtPmk=)): sorryyy som pilotoval. co si mal? ta skoro sundali?
01:04:44 [VehicleCarKey] Player "Bflame" (id=u7jy1hFXeX-3C-ubChAdh59YiiyuY16LDVnTQIqtPmk= pos=<7533.902344, 6.952499, 3456.531982>) used the  ExpansionCarKey to lock a ExpansionMh6
01:04:59 [Chat - Team]("Aycarambakid"(id=jX_CFGAIC2WIrh3kyOKKQ7qs26A3y_stFGEESltAkWQ=)): no mal som na male :D mas v plane nieco?
01:05:32 [Chat - Global]("Bflame"(id=u7jy1hFXeX-3C-ubChAdh59YiiyuY16LDVnTQIqtPmk=)): ja uz pllnim tu ulohu tam kde sme boolli :)
01:05:32 [Chat - Global]("Bflame"(id=u7jy1hFXeX-3C-ubChAdh59YiiyuY16LDVnTQIqtPmk=)): ja uz pllnim tu ulohu tam kde sme boolli :)
01:07:44 [Chat - Global]("Bflame"(id=u7jy1hFXeX-3C-ubChAdh59YiiyuY16LDVnTQIqtPmk=)): ale je tu svandaa :)
01:08:51 [Chat - Team]("Aycarambakid"(id=jX_CFGAIC2WIrh3kyOKKQ7qs26A3y_stFGEESltAkWQ=)): tak ako mohol si ma zobrat zo sebou...
01:09:19 [Market] Player "Aycarambakid" (id=jX_CFGAIC2WIrh3kyOKKQ7qs26A3y_stFGEESltAkWQ=) has send a requested to sell expansion_mp5sd x1 at the trader "Weapons (Denis [#STR_EXPANSION_MARKET_TRADER_WEAPONS])" in market zone "OUTLIVE Trader" (pos=<4291.589844, 25.247801, 4162.500000>).
01:09:19 [Market] Player "Aycarambakid" (id=jX_CFGAIC2WIrh3kyOKKQ7qs26A3y_stFGEESltAkWQ=) has sold expansion_mp5sd x1 at the trader "Weapons (Denis [#STR_EXPANSION_MARKET_TRADER_WEAPONS])" in market zone "OUTLIVE Trader" (pos=<4291.589844, 25.247801, 4162.500000>) and got 600.
01:09:23 [Chat - Global]("Bflame"(id=u7jy1hFXeX-3C-ubChAdh59YiiyuY16LDVnTQIqtPmk=)): to som zbadal az ked som pristaval dpc
01:09:44 [Market] Player "Aycarambakid" (id=jX_CFGAIC2WIrh3kyOKKQ7qs26A3y_stFGEESltAkWQ=) has send a requested to sell puscopeoptic x1 at the trader "Attachments (Oliver [#STR_EXPANSION_MARKET_TRADER_ATTACHMENTS])" in market zone "OUTLIVE Trader" (pos=<4291.589844, 25.247801, 4162.500000>).
01:09:44 [Market] Player "Aycarambakid" (id=jX_CFGAIC2WIrh3kyOKKQ7qs26A3y_stFGEESltAkWQ=) has sold puscopeoptic x1 at the trader "Attachments (Oliver [#STR_EXPANSION_MARKET_TRADER_ATTACHMENTS])" in market zone "OUTLIVE Trader" (pos=<4291.589844, 25.247801, 4162.500000>) and got 180.
01:09:45 [Market] Player "Aycarambakid" (id=jX_CFGAIC2WIrh3kyOKKQ7qs26A3y_stFGEESltAkWQ=) has send a requested to sell expansion_mp5_railatt x1 at the trader "Attachments (Oliver [#STR_EXPANSION_MARKET_TRADER_ATTACHMENTS])" in market zone "OUTLIVE Trader" (pos=<4291.589844, 25.247801, 4162.500000>).
01:09:45 [Market] Player "Aycarambakid" (id=jX_CFGAIC2WIrh3kyOKKQ7qs26A3y_stFGEESltAkWQ=) has sold expansion_mp5_railatt x1 at the trader "Attachments (Oliver [#STR_EXPANSION_MARKET_TRADER_ATTACHMENTS])" in market zone "OUTLIVE Trader" (pos=<4291.589844, 25.247801, 4162.500000>) and got 50.
01:10:00 [Market] Player "Aycarambakid" (id=jX_CFGAIC2WIrh3kyOKKQ7qs26A3y_stFGEESltAkWQ=) has send a requested to sell mag_cz527_5rnd x1 at the trader "Attachments (Oliver [#STR_EXPANSION_MARKET_TRADER_ATTACHMENTS])" in market zone "OUTLIVE Trader" (pos=<4291.589844, 25.247801, 4162.500000>).
01:10:00 [Market] Player "Aycarambakid" (id=jX_CFGAIC2WIrh3kyOKKQ7qs26A3y_stFGEESltAkWQ=) has sold mag_cz527_5rnd x1 at the trader "Attachments (Oliver [#STR_EXPANSION_MARKET_TRADER_ATTACHMENTS])" in market zone "OUTLIVE Trader" (pos=<4291.589844, 25.247801, 4162.500000>) and got 43.
01:10:02 [Market] Player "Aycarambakid" (id=jX_CFGAIC2WIrh3kyOKKQ7qs26A3y_stFGEESltAkWQ=) has send a requested to sell mag_mp5_30rnd x1 at the trader "Attachments (Oliver [#STR_EXPANSION_MARKET_TRADER_ATTACHMENTS])" in market zone "OUTLIVE Trader" (pos=<4291.589844, 25.247801, 4162.500000>).
01:10:03 [Market] Player "Aycarambakid" (id=jX_CFGAIC2WIrh3kyOKKQ7qs26A3y_stFGEESltAkWQ=) has sold mag_mp5_30rnd x1 at the trader "Attachments (Oliver [#STR_EXPANSION_MARKET_TRADER_ATTACHMENTS])" in market zone "OUTLIVE Trader" (pos=<4291.589844, 25.247801, 4162.500000>) and got 60.
01:10:04 [Market] Player "Aycarambakid" (id=jX_CFGAIC2WIrh3kyOKKQ7qs26A3y_stFGEESltAkWQ=) has send a requested to sell mag_expansion_g36_30rnd x1 at the trader "Attachments (Oliver [#STR_EXPANSION_MARKET_TRADER_ATTACHMENTS])" in market zone "OUTLIVE Trader" (pos=<4291.589844, 25.247801, 4162.500000>).
01:10:04 [Market] Player "Aycarambakid" (id=jX_CFGAIC2WIrh3kyOKKQ7qs26A3y_stFGEESltAkWQ=) has sold mag_expansion_g36_30rnd x1 at the trader "Attachments (Oliver [#STR_EXPANSION_MARKET_TRADER_ATTACHMENTS])" in market zone "OUTLIVE Trader" (pos=<4291.589844, 25.247801, 4162.500000>) and got 245.
01:10:23 [Market] Player "Aycarambakid" (id=jX_CFGAIC2WIrh3kyOKKQ7qs26A3y_stFGEESltAkWQ=) has send a requested to sell ammobox_45acp_25rnd x3 at the trader "Attachments (Oliver [#STR_EXPANSION_MARKET_TRADER_ATTACHMENTS])" in market zone "OUTLIVE Trader" (pos=<4291.589844, 25.247801, 4162.500000>).
01:10:24 [Market] Player "Aycarambakid" (id=jX_CFGAIC2WIrh3kyOKKQ7qs26A3y_stFGEESltAkWQ=) has sold ammobox_45acp_25rnd x3 at the trader "Attachments (Oliver [#STR_EXPANSION_MARKET_TRADER_ATTACHMENTS])" in market zone "OUTLIVE Trader" (pos=<4291.589844, 25.247801, 4162.500000>) and got 135.
01:10:32 [Market] Player "Aycarambakid" (id=jX_CFGAIC2WIrh3kyOKKQ7qs26A3y_stFGEESltAkWQ=) has send a requested to sell ammobox_308win_20rnd x1 at the trader "Attachments (Oliver [#STR_EXPANSION_MARKET_TRADER_ATTACHMENTS])" in market zone "OUTLIVE Trader" (pos=<4291.589844, 25.247801, 4162.500000>).
01:10:32 [Market] Player "Aycarambakid" (id=jX_CFGAIC2WIrh3kyOKKQ7qs26A3y_stFGEESltAkWQ=) has sold ammobox_308win_20rnd x1 at the trader "Attachments (Oliver [#STR_EXPANSION_MARKET_TRADER_ATTACHMENTS])" in market zone "OUTLIVE Trader" (pos=<4291.589844, 25.247801, 4162.500000>) and got 210.
01:10:45 [Market] Player "Aycarambakid" (id=jX_CFGAIC2WIrh3kyOKKQ7qs26A3y_stFGEESltAkWQ=) has send a requested to sell ammo_9x39 x100 at the trader "Attachments (Oliver [#STR_EXPANSION_MARKET_TRADER_ATTACHMENTS])" in market zone "OUTLIVE Trader" (pos=<4291.589844, 25.247801, 4162.500000>).
01:10:45 [Market] Player "Aycarambakid" (id=jX_CFGAIC2WIrh3kyOKKQ7qs26A3y_stFGEESltAkWQ=) has sold ammo_9x39 x100 at the trader "Attachments (Oliver [#STR_EXPANSION_MARKET_TRADER_ATTACHMENTS])" in market zone "OUTLIVE Trader" (pos=<4291.589844, 25.247801, 4162.500000>) and got 390.
01:10:54 [Market] Player "Aycarambakid" (id=jX_CFGAIC2WIrh3kyOKKQ7qs26A3y_stFGEESltAkWQ=) has send a requested to sell ammo_45acp x1 at the trader "Attachments (Oliver [#STR_EXPANSION_MARKET_TRADER_ATTACHMENTS])" in market zone "OUTLIVE Trader" (pos=<4291.589844, 25.247801, 4162.500000>).
01:10:54 [Market] Player "Aycarambakid" (id=jX_CFGAIC2WIrh3kyOKKQ7qs26A3y_stFGEESltAkWQ=) has sold ammo_45acp x1 at the trader "Attachments (Oliver [#STR_EXPANSION_MARKET_TRADER_ATTACHMENTS])" in market zone "OUTLIVE Trader" (pos=<4291.589844, 25.247801, 4162.500000>) and got 2.
01:11:03 [Market] Player "Aycarambakid" (id=jX_CFGAIC2WIrh3kyOKKQ7qs26A3y_stFGEESltAkWQ=) has send a requested to sell ammo_45acp x231 at the trader "Attachments (Oliver [#STR_EXPANSION_MARKET_TRADER_ATTACHMENTS])" in market zone "OUTLIVE Trader" (pos=<4291.589844, 25.247801, 4162.500000>).
01:11:03 [Market] Player "Aycarambakid" (id=jX_CFGAIC2WIrh3kyOKKQ7qs26A3y_stFGEESltAkWQ=) has sold ammo_45acp x231 at the trader "Attachments (Oliver [#STR_EXPANSION_MARKET_TRADER_ATTACHMENTS])" in market zone "OUTLIVE Trader" (pos=<4291.589844, 25.247801, 4162.500000>) and got 346.
01:11:22 [Market] Player "Aycarambakid" (id=jX_CFGAIC2WIrh3kyOKKQ7qs26A3y_stFGEESltAkWQ=) has send a requested to sell ammo_762x39 x220 at the trader "Attachments (Oliver [#STR_EXPANSION_MARKET_TRADER_ATTACHMENTS])" in market zone "OUTLIVE Trader" (pos=<4291.589844, 25.247801, 4162.500000>).
01:11:22 [Market] Player "Aycarambakid" (id=jX_CFGAIC2WIrh3kyOKKQ7qs26A3y_stFGEESltAkWQ=) has sold ammo_762x39 x220 at the trader "Attachments (Oliver [#STR_EXPANSION_MARKET_TRADER_ATTACHMENTS])" in market zone "OUTLIVE Trader" (pos=<4291.589844, 25.247801, 4162.500000>) and got 1848.
01:11:34 [Market] Player "Aycarambakid" (id=jX_CFGAIC2WIrh3kyOKKQ7qs26A3y_stFGEESltAkWQ=) has send a requested to sell ammo_308win x16 at the trader "Attachments (Oliver [#STR_EXPANSION_MARKET_TRADER_ATTACHMENTS])" in market zone "OUTLIVE Trader" (pos=<4291.589844, 25.247801, 4162.500000>).
01:11:34 [Market] Player "Aycarambakid" (id=jX_CFGAIC2WIrh3kyOKKQ7qs26A3y_stFGEESltAkWQ=) has sold ammo_308win x16 at the trader "Attachments (Oliver [#STR_EXPANSION_MARKET_TRADER_ATTACHMENTS])" in market zone "OUTLIVE Trader" (pos=<4291.589844, 25.247801, 4162.500000>) and got 158.
01:11:50 [Market] Player "Aycarambakid" (id=jX_CFGAIC2WIrh3kyOKKQ7qs26A3y_stFGEESltAkWQ=) has send a requested to purchase ammo_9x19 x92 from the trader "Attachments (Oliver [#STR_EXPANSION_MARKET_TRADER_ATTACHMENTS])" in market zone "OUTLIVE Trader" (pos=<4291.589844, 25.247801, 4162.500000>).
01:11:51 [Market] Player "Aycarambakid" (id=jX_CFGAIC2WIrh3kyOKKQ7qs26A3y_stFGEESltAkWQ=) has bought ammo_9x19 x92 from the trader "Attachments (Oliver [#STR_EXPANSION_MARKET_TRADER_ATTACHMENTS])" in market zone "OUTLIVE Trader" (pos=<4291.589844, 25.247801, 4162.500000>) for a price of 460.
01:12:25 [Market] Player "Aycarambakid" (id=jX_CFGAIC2WIrh3kyOKKQ7qs26A3y_stFGEESltAkWQ=) has send a requested to purchase ammo_762x54 x50 from the trader "Attachments (Oliver [#STR_EXPANSION_MARKET_TRADER_ATTACHMENTS])" in market zone "OUTLIVE Trader" (pos=<4291.589844, 25.247801, 4162.500000>).
01:12:25 [Market] Player "Aycarambakid" (id=jX_CFGAIC2WIrh3kyOKKQ7qs26A3y_stFGEESltAkWQ=) has bought ammo_762x54 x50 from the trader "Attachments (Oliver [#STR_EXPANSION_MARKET_TRADER_ATTACHMENTS])" in market zone "OUTLIVE Trader" (pos=<4291.589844, 25.247801, 4162.500000>) for a price of 1500.
01:12:44 [Market] Player "Aycarambakid" (id=jX_CFGAIC2WIrh3kyOKKQ7qs26A3y_stFGEESltAkWQ=) has send a requested to purchase ammo_556x45 x100 from the trader "Attachments (Oliver [#STR_EXPANSION_MARKET_TRADER_ATTACHMENTS])" in market zone "OUTLIVE Trader" (pos=<4291.589844, 25.247801, 4162.500000>).
01:12:44 [Market] Player "Aycarambakid" (id=jX_CFGAIC2WIrh3kyOKKQ7qs26A3y_stFGEESltAkWQ=) has bought ammo_556x45 x100 from the trader "Attachments (Oliver [#STR_EXPANSION_MARKET_TRADER_ATTACHMENTS])" in market zone "OUTLIVE Trader" (pos=<4291.589844, 25.247801, 4162.500000>) for a price of 2500.
01:13:14 [Market] Player "Aycarambakid" (id=jX_CFGAIC2WIrh3kyOKKQ7qs26A3y_stFGEESltAkWQ=) has send a requested to sell twp_ammobox_300winmag_20rnd x3 at the trader "Attachments (Oliver [#STR_EXPANSION_MARKET_TRADER_ATTACHMENTS])" in market zone "OUTLIVE Trader" (pos=<4291.589844, 25.247801, 4162.500000>).
01:13:14 [Market] Player "Aycarambakid" (id=jX_CFGAIC2WIrh3kyOKKQ7qs26A3y_stFGEESltAkWQ=) has sold twp_ammobox_300winmag_20rnd x3 at the trader "Attachments (Oliver [#STR_EXPANSION_MARKET_TRADER_ATTACHMENTS])" in market zone "OUTLIVE Trader" (pos=<4291.589844, 25.247801, 4162.500000>) and got 558.
01:14:51 [Market] Player "Aycarambakid" (id=jX_CFGAIC2WIrh3kyOKKQ7qs26A3y_stFGEESltAkWQ=) has send a requested to purchase twp_weaponlight x2 from the trader "Attachments (Oliver [#STR_EXPANSION_MARKET_TRADER_ATTACHMENTS])" in market zone "OUTLIVE Trader" (pos=<4291.589844, 25.247801, 4162.500000>).
01:14:51 [Market] Player "Aycarambakid" (id=jX_CFGAIC2WIrh3kyOKKQ7qs26A3y_stFGEESltAkWQ=) has bought twp_weaponlight x2 from the trader "Attachments (Oliver [#STR_EXPANSION_MARKET_TRADER_ATTACHMENTS])" in market zone "OUTLIVE Trader" (pos=<4291.589844, 25.247801, 4162.500000>) for a price of 2000.
01:16:37 [Market] Player "Aycarambakid" (id=jX_CFGAIC2WIrh3kyOKKQ7qs26A3y_stFGEESltAkWQ=) has send a requested to sell universallight x2 at the trader "Attachments (Oliver [#STR_EXPANSION_MARKET_TRADER_ATTACHMENTS])" in market zone "OUTLIVE Trader" (pos=<4291.589844, 25.247801, 4162.500000>).
01:16:37 [Market] Player "Aycarambakid" (id=jX_CFGAIC2WIrh3kyOKKQ7qs26A3y_stFGEESltAkWQ=) has sold universallight x2 at the trader "Attachments (Oliver [#STR_EXPANSION_MARKET_TRADER_ATTACHMENTS])" in market zone "OUTLIVE Trader" (pos=<4291.589844, 25.247801, 4162.500000>) and got 240.
01:18:50 [Market] Player "Aycarambakid" (id=jX_CFGAIC2WIrh3kyOKKQ7qs26A3y_stFGEESltAkWQ=) has send a requested to purchase twp_optic_ax50 x1 from the trader "Attachments (Oliver [#STR_EXPANSION_MARKET_TRADER_ATTACHMENTS])" in market zone "OUTLIVE Trader" (pos=<4291.589844, 25.247801, 4162.500000>).
01:18:50 [Market] Player "Aycarambakid" (id=jX_CFGAIC2WIrh3kyOKKQ7qs26A3y_stFGEESltAkWQ=) has bought twp_optic_ax50 x1 from the trader "Attachments (Oliver [#STR_EXPANSION_MARKET_TRADER_ATTACHMENTS])" in market zone "OUTLIVE Trader" (pos=<4291.589844, 25.247801, 4162.500000>) for a price of 1750.
01:20:15 [Market] Player "Aycarambakid" (id=jX_CFGAIC2WIrh3kyOKKQ7qs26A3y_stFGEESltAkWQ=) has send a requested to sell twp_sst30_mag_35rnd x1 at the trader "Attachments (Oliver [#STR_EXPANSION_MARKET_TRADER_ATTACHMENTS])" in market zone "OUTLIVE Trader" (pos=<4291.589844, 25.247801, 4162.500000>).
01:20:15 [Market] Player "Aycarambakid" (id=jX_CFGAIC2WIrh3kyOKKQ7qs26A3y_stFGEESltAkWQ=) has sold twp_sst30_mag_35rnd x1 at the trader "Attachments (Oliver [#STR_EXPANSION_MARKET_TRADER_ATTACHMENTS])" in market zone "OUTLIVE Trader" (pos=<4291.589844, 25.247801, 4162.500000>) and got 210.
01:20:17 [Market] Player "Aycarambakid" (id=jX_CFGAIC2WIrh3kyOKKQ7qs26A3y_stFGEESltAkWQ=) has send a requested to sell twp_hk33_mag_30rnd x1 at the trader "Attachments (Oliver [#STR_EXPANSION_MARKET_TRADER_ATTACHMENTS])" in market zone "OUTLIVE Trader" (pos=<4291.589844, 25.247801, 4162.500000>).
01:20:17 [Market] Player "Aycarambakid" (id=jX_CFGAIC2WIrh3kyOKKQ7qs26A3y_stFGEESltAkWQ=) has sold twp_hk33_mag_30rnd x1 at the trader "Attachments (Oliver [#STR_EXPANSION_MARKET_TRADER_ATTACHMENTS])" in market zone "OUTLIVE Trader" (pos=<4291.589844, 25.247801, 4162.500000>) and got 180.
01:20:55 [Market] Player "Aycarambakid" (id=jX_CFGAIC2WIrh3kyOKKQ7qs26A3y_stFGEESltAkWQ=) has send a requested to purchase twp_aksuppressor x1 from the trader "Attachments (Oliver [#STR_EXPANSION_MARKET_TRADER_ATTACHMENTS])" in market zone "OUTLIVE Trader" (pos=<4291.589844, 25.247801, 4162.500000>).
01:20:55 [Market] Player "Aycarambakid" (id=jX_CFGAIC2WIrh3kyOKKQ7qs26A3y_stFGEESltAkWQ=) has bought twp_aksuppressor x1 from the trader "Attachments (Oliver [#STR_EXPANSION_MARKET_TRADER_ATTACHMENTS])" in market zone "OUTLIVE Trader" (pos=<4291.589844, 25.247801, 4162.500000>) for a price of 2500.
01:21:38 [Market] Player "Aycarambakid" (id=jX_CFGAIC2WIrh3kyOKKQ7qs26A3y_stFGEESltAkWQ=) has send a requested to purchase ak_suppressor x1 from the trader "Attachments (Oliver [#STR_EXPANSION_MARKET_TRADER_ATTACHMENTS])" in market zone "OUTLIVE Trader" (pos=<4291.589844, 25.247801, 4162.500000>).
01:21:38 [Market] Player "Aycarambakid" (id=jX_CFGAIC2WIrh3kyOKKQ7qs26A3y_stFGEESltAkWQ=) has bought ak_suppressor x1 from the trader "Attachments (Oliver [#STR_EXPANSION_MARKET_TRADER_ATTACHMENTS])" in market zone "OUTLIVE Trader" (pos=<4291.589844, 25.247801, 4162.500000>) for a price of 2000.
01:22:16 [Market] Player "Aycarambakid" (id=jX_CFGAIC2WIrh3kyOKKQ7qs26A3y_stFGEESltAkWQ=) has send a requested to sell mvs_combat_vest_heavy_erdl x1 at the trader "Clothing (Linda [#STR_EXPANSION_MARKET_TRADER_CLOTHING])" in market zone "OUTLIVE Trader" (pos=<4291.589844, 25.247801, 4162.500000>).
01:22:16 [Market] Player "Aycarambakid" (id=jX_CFGAIC2WIrh3kyOKKQ7qs26A3y_stFGEESltAkWQ=) has sold mvs_combat_vest_heavy_erdl x1 at the trader "Clothing (Linda [#STR_EXPANSION_MARKET_TRADER_CLOTHING])" in market zone "OUTLIVE Trader" (pos=<4291.589844, 25.247801, 4162.500000>) and got 3500.
01:23:45 [Market] Player "Aycarambakid" (id=jX_CFGAIC2WIrh3kyOKKQ7qs26A3y_stFGEESltAkWQ=) has send a requested to purchase mmg_ammo_pouch_black x1 from the trader "Clothing (Linda [#STR_EXPANSION_MARKET_TRADER_CLOTHING])" in market zone "OUTLIVE Trader" (pos=<4291.589844, 25.247801, 4162.500000>).
01:23:45 [Market] Player "Aycarambakid" (id=jX_CFGAIC2WIrh3kyOKKQ7qs26A3y_stFGEESltAkWQ=) has bought mmg_ammo_pouch_black x1 from the trader "Clothing (Linda [#STR_EXPANSION_MARKET_TRADER_CLOTHING])" in market zone "OUTLIVE Trader" (pos=<4291.589844, 25.247801, 4162.500000>) for a price of 2000.
01:24:45 [Market] Player "Aycarambakid" (id=jX_CFGAIC2WIrh3kyOKKQ7qs26A3y_stFGEESltAkWQ=) has send a requested to sell startkitiv x1 at the trader "Medicals (Eva [#STR_EXPANSION_MARKET_TRADER_MEDICALS])" in market zone "OUTLIVE Trader" (pos=<4291.589844, 25.247801, 4162.500000>).
01:24:45 [Market] Player "Aycarambakid" (id=jX_CFGAIC2WIrh3kyOKKQ7qs26A3y_stFGEESltAkWQ=) has sold startkitiv x1 at the trader "Medicals (Eva [#STR_EXPANSION_MARKET_TRADER_MEDICALS])" in market zone "OUTLIVE Trader" (pos=<4291.589844, 25.247801, 4162.500000>) and got 30.
01:24:57 [Market] Player "Aycarambakid" (id=jX_CFGAIC2WIrh3kyOKKQ7qs26A3y_stFGEESltAkWQ=) has send a requested to sell canteen x1 at the trader "Consumables (Naomi [#STR_EXPANSION_MARKET_TRADER_CONSUMABLES])" in market zone "OUTLIVE Trader" (pos=<4291.589844, 25.247801, 4162.500000>).
01:24:57 [Market] Player "Aycarambakid" (id=jX_CFGAIC2WIrh3kyOKKQ7qs26A3y_stFGEESltAkWQ=) has sold canteen x1 at the trader "Consumables (Naomi [#STR_EXPANSION_MARKET_TRADER_CONSUMABLES])" in market zone "OUTLIVE Trader" (pos=<4291.589844, 25.247801, 4162.500000>) and got 50.
01:26:47 [Market] Player "Aycarambakid" (id=jX_CFGAIC2WIrh3kyOKKQ7qs26A3y_stFGEESltAkWQ=) has send a requested to purchase mvs_combatpants_multicam_black x1 from the trader "Clothing (Linda [#STR_EXPANSION_MARKET_TRADER_CLOTHING])" in market zone "OUTLIVE Trader" (pos=<4291.589844, 25.247801, 4162.500000>).
01:26:47 [Market] Player "Aycarambakid" (id=jX_CFGAIC2WIrh3kyOKKQ7qs26A3y_stFGEESltAkWQ=) has bought mvs_combatpants_multicam_black x1 from the trader "Clothing (Linda [#STR_EXPANSION_MARKET_TRADER_CLOTHING])" in market zone "OUTLIVE Trader" (pos=<4291.589844, 25.247801, 4162.500000>) for a price of 3000.
01:27:14 [Market] Player "Aycarambakid" (id=jX_CFGAIC2WIrh3kyOKKQ7qs26A3y_stFGEESltAkWQ=) has send a requested to sell gorkapants_autumn x1 at the trader "Clothing (Linda [#STR_EXPANSION_MARKET_TRADER_CLOTHING])" in market zone "OUTLIVE Trader" (pos=<4291.589844, 25.247801, 4162.500000>).
01:27:14 [Market] Player "Aycarambakid" (id=jX_CFGAIC2WIrh3kyOKKQ7qs26A3y_stFGEESltAkWQ=) has sold gorkapants_autumn x1 at the trader "Clothing (Linda [#STR_EXPANSION_MARKET_TRADER_CLOTHING])" in market zone "OUTLIVE Trader" (pos=<4291.589844, 25.247801, 4162.500000>) and got 200.
01:27:44 [ATM Locker] Player "Aycarambakid" (id=jX_CFGAIC2WIrh3kyOKKQ7qs26A3y_stFGEESltAkWQ=) has deposited 205 on his ATM account.
01:28:10 [Safezone] Player "Aycarambakid" (id=jX_CFGAIC2WIrh3kyOKKQ7qs26A3y_stFGEESltAkWQ= pos=<4136.459473, 15.691420, 4284.406250>) Left the safezone
01:33:25 [MissionAirdrop] An airdrop is heading towards "Weitmoos" (pos=<6222.000000, 0.000000, 9723.000000> type=Random_Weitmoos) with a ExpansionAirdropContainer_Basebuilding
01:33:25 [MissionAirdrop] An airdrop is heading towards "Atomkraftwerk" (pos=<3099.000000, 0.000000, 8394.000000> type=Random_Atomkraftwerk) with a ExpansionAirdropContainer_Basebuilding
01:48:07 [Safezone] Player "Aycarambakid" (id=jX_CFGAIC2WIrh3kyOKKQ7qs26A3y_stFGEESltAkWQ= pos=<4169.646973, 15.145432, 4207.296875>) Entered the safezone
01:51:24 [Market] Player "Aycarambakid" (id=jX_CFGAIC2WIrh3kyOKKQ7qs26A3y_stFGEESltAkWQ=) has send a requested to sell twp_winchester1873 x1 at the trader "Weapons (Denis [#STR_EXPANSION_MARKET_TRADER_WEAPONS])" in market zone "OUTLIVE Trader" (pos=<4291.589844, 25.247801, 4162.500000>).
01:51:24 [Market] Player "Aycarambakid" (id=jX_CFGAIC2WIrh3kyOKKQ7qs26A3y_stFGEESltAkWQ=) has sold twp_winchester1873 x1 at the trader "Weapons (Denis [#STR_EXPANSION_MARKET_TRADER_WEAPONS])" in market zone "OUTLIVE Trader" (pos=<4291.589844, 25.247801, 4162.500000>) and got 600.
01:51:26 [Market] Player "Aycarambakid" (id=jX_CFGAIC2WIrh3kyOKKQ7qs26A3y_stFGEESltAkWQ=) has send a requested to sell twp_g43 x1 at the trader "Weapons (Denis [#STR_EXPANSION_MARKET_TRADER_WEAPONS])" in market zone "OUTLIVE Trader" (pos=<4291.589844, 25.247801, 4162.500000>).
01:51:26 [Market] Player "Aycarambakid" (id=jX_CFGAIC2WIrh3kyOKKQ7qs26A3y_stFGEESltAkWQ=) has sold twp_g43 x1 at the trader "Weapons (Denis [#STR_EXPANSION_MARKET_TRADER_WEAPONS])" in market zone "OUTLIVE Trader" (pos=<4291.589844, 25.247801, 4162.500000>) and got 900.
01:51:30 [Market] Player "Aycarambakid" (id=jX_CFGAIC2WIrh3kyOKKQ7qs26A3y_stFGEESltAkWQ=) has send a requested to sell svd x1 at the trader "Weapons (Denis [#STR_EXPANSION_MARKET_TRADER_WEAPONS])" in market zone "OUTLIVE Trader" (pos=<4291.589844, 25.247801, 4162.500000>).
01:51:30 [Market] Player "Aycarambakid" (id=jX_CFGAIC2WIrh3kyOKKQ7qs26A3y_stFGEESltAkWQ=) has sold svd x1 at the trader "Weapons (Denis [#STR_EXPANSION_MARKET_TRADER_WEAPONS])" in market zone "OUTLIVE Trader" (pos=<4291.589844, 25.247801, 4162.500000>) and got 2500.
01:52:11 [Market] Player "Aycarambakid" (id=jX_CFGAIC2WIrh3kyOKKQ7qs26A3y_stFGEESltAkWQ=) has send a requested to sell twp_ammobox_500sw_15rnd x1 at the trader "Attachments (Oliver [#STR_EXPANSION_MARKET_TRADER_ATTACHMENTS])" in market zone "OUTLIVE Trader" (pos=<4291.589844, 25.247801, 4162.500000>).
01:52:11 [Market] Player "Aycarambakid" (id=jX_CFGAIC2WIrh3kyOKKQ7qs26A3y_stFGEESltAkWQ=) has sold twp_ammobox_500sw_15rnd x1 at the trader "Attachments (Oliver [#STR_EXPANSION_MARKET_TRADER_ATTACHMENTS])" in market zone "OUTLIVE Trader" (pos=<4291.589844, 25.247801, 4162.500000>) and got 180.
01:52:28 [Market] Player "Aycarambakid" (id=jX_CFGAIC2WIrh3kyOKKQ7qs26A3y_stFGEESltAkWQ=) has send a requested to sell kobraoptic x1 at the trader "Attachments (Oliver [#STR_EXPANSION_MARKET_TRADER_ATTACHMENTS])" in market zone "OUTLIVE Trader" (pos=<4291.589844, 25.247801, 4162.500000>).
01:52:28 [Market] Player "Aycarambakid" (id=jX_CFGAIC2WIrh3kyOKKQ7qs26A3y_stFGEESltAkWQ=) has sold kobraoptic x1 at the trader "Attachments (Oliver [#STR_EXPANSION_MARKET_TRADER_ATTACHMENTS])" in market zone "OUTLIVE Trader" (pos=<4291.589844, 25.247801, 4162.500000>) and got 220.
01:52:41 [Market] Player "Aycarambakid" (id=jX_CFGAIC2WIrh3kyOKKQ7qs26A3y_stFGEESltAkWQ=) has send a requested to sell mag_svd_10rnd x1 at the trader "Attachments (Oliver [#STR_EXPANSION_MARKET_TRADER_ATTACHMENTS])" in market zone "OUTLIVE Trader" (pos=<4291.589844, 25.247801, 4162.500000>).
01:52:41 [Market] Player "Aycarambakid" (id=jX_CFGAIC2WIrh3kyOKKQ7qs26A3y_stFGEESltAkWQ=) has sold mag_svd_10rnd x1 at the trader "Attachments (Oliver [#STR_EXPANSION_MARKET_TRADER_ATTACHMENTS])" in market zone "OUTLIVE Trader" (pos=<4291.589844, 25.247801, 4162.500000>) and got 150.
01:52:46 [Market] Player "Aycarambakid" (id=jX_CFGAIC2WIrh3kyOKKQ7qs26A3y_stFGEESltAkWQ=) has send a requested to sell pp19_bttstck x1 at the trader "Attachments (Oliver [#STR_EXPANSION_MARKET_TRADER_ATTACHMENTS])" in market zone "OUTLIVE Trader" (pos=<4291.589844, 25.247801, 4162.500000>).
01:52:46 [Market] Player "Aycarambakid" (id=jX_CFGAIC2WIrh3kyOKKQ7qs26A3y_stFGEESltAkWQ=) has sold pp19_bttstck x1 at the trader "Attachments (Oliver [#STR_EXPANSION_MARKET_TRADER_ATTACHMENTS])" in market zone "OUTLIVE Trader" (pos=<4291.589844, 25.247801, 4162.500000>) and got 60.
01:53:40 [Market] Player "Aycarambakid" (id=jX_CFGAIC2WIrh3kyOKKQ7qs26A3y_stFGEESltAkWQ=) has send a requested to sell mag_pp19_64rnd x1 at the trader "Attachments (Oliver [#STR_EXPANSION_MARKET_TRADER_ATTACHMENTS])" in market zone "OUTLIVE Trader" (pos=<4291.589844, 25.247801, 4162.500000>).
01:53:40 [Market] Player "Aycarambakid" (id=jX_CFGAIC2WIrh3kyOKKQ7qs26A3y_stFGEESltAkWQ=) has sold mag_pp19_64rnd x1 at the trader "Attachments (Oliver [#STR_EXPANSION_MARKET_TRADER_ATTACHMENTS])" in market zone "OUTLIVE Trader" (pos=<4291.589844, 25.247801, 4162.500000>) and got 96.
01:53:49 [Market] Player "Aycarambakid" (id=jX_CFGAIC2WIrh3kyOKKQ7qs26A3y_stFGEESltAkWQ=) has send a requested to sell pp19 x1 at the trader "Weapons (Denis [#STR_EXPANSION_MARKET_TRADER_WEAPONS])" in market zone "OUTLIVE Trader" (pos=<4291.589844, 25.247801, 4162.500000>).
01:53:49 [Market] Player "Aycarambakid" (id=jX_CFGAIC2WIrh3kyOKKQ7qs26A3y_stFGEESltAkWQ=) has sold pp19 x1 at the trader "Weapons (Denis [#STR_EXPANSION_MARKET_TRADER_WEAPONS])" in market zone "OUTLIVE Trader" (pos=<4291.589844, 25.247801, 4162.500000>) and got 300.
01:55:00 [Market] Player "Aycarambakid" (id=jX_CFGAIC2WIrh3kyOKKQ7qs26A3y_stFGEESltAkWQ=) has send a requested to sell charcoaltablets x1 at the trader "Medicals (Eva [#STR_EXPANSION_MARKET_TRADER_MEDICALS])" in market zone "OUTLIVE Trader" (pos=<4291.589844, 25.247801, 4162.500000>).
01:55:00 [Market] Player "Aycarambakid" (id=jX_CFGAIC2WIrh3kyOKKQ7qs26A3y_stFGEESltAkWQ=) has sold charcoaltablets x1 at the trader "Medicals (Eva [#STR_EXPANSION_MARKET_TRADER_MEDICALS])" in market zone "OUTLIVE Trader" (pos=<4291.589844, 25.247801, 4162.500000>) and got 225.
01:55:15 [Market] Player "Aycarambakid" (id=jX_CFGAIC2WIrh3kyOKKQ7qs26A3y_stFGEESltAkWQ=) has send a requested to sell omnogloves_gray x1 at the trader "Clothing (Linda [#STR_EXPANSION_MARKET_TRADER_CLOTHING])" in market zone "OUTLIVE Trader" (pos=<4291.589844, 25.247801, 4162.500000>).
01:55:15 [Market] Player "Aycarambakid" (id=jX_CFGAIC2WIrh3kyOKKQ7qs26A3y_stFGEESltAkWQ=) has sold omnogloves_gray x1 at the trader "Clothing (Linda [#STR_EXPANSION_MARKET_TRADER_CLOTHING])" in market zone "OUTLIVE Trader" (pos=<4291.589844, 25.247801, 4162.500000>) and got 220.
01:55:31 [Market] Player "Aycarambakid" (id=jX_CFGAIC2WIrh3kyOKKQ7qs26A3y_stFGEESltAkWQ=) has send a requested to sell mmg_chestrig_ucp x1 at the trader "Clothing (Linda [#STR_EXPANSION_MARKET_TRADER_CLOTHING])" in market zone "OUTLIVE Trader" (pos=<4291.589844, 25.247801, 4162.500000>).
01:55:32 [Market] Player "Aycarambakid" (id=jX_CFGAIC2WIrh3kyOKKQ7qs26A3y_stFGEESltAkWQ=) has sold mmg_chestrig_ucp x1 at the trader "Clothing (Linda [#STR_EXPANSION_MARKET_TRADER_CLOTHING])" in market zone "OUTLIVE Trader" (pos=<4291.589844, 25.247801, 4162.500000>) and got 1000.
01:55:34 [Market] Player "Aycarambakid" (id=jX_CFGAIC2WIrh3kyOKKQ7qs26A3y_stFGEESltAkWQ=) has send a requested to sell mmg_double_magpouch_multicam_tropic x1 at the trader "Clothing (Linda [#STR_EXPANSION_MARKET_TRADER_CLOTHING])" in market zone "OUTLIVE Trader" (pos=<4291.589844, 25.247801, 4162.500000>).
01:55:34 [Market] Player "Aycarambakid" (id=jX_CFGAIC2WIrh3kyOKKQ7qs26A3y_stFGEESltAkWQ=) has sold mmg_double_magpouch_multicam_tropic x1 at the trader "Clothing (Linda [#STR_EXPANSION_MARKET_TRADER_CLOTHING])" in market zone "OUTLIVE Trader" (pos=<4291.589844, 25.247801, 4162.500000>) and got 200.
01:57:49 [Market] Player "Aycarambakid" (id=jX_CFGAIC2WIrh3kyOKKQ7qs26A3y_stFGEESltAkWQ=) has send a requested to sell mmg_mk5_utility_pouch_ucp x1 at the trader "Clothing (Linda [#STR_EXPANSION_MARKET_TRADER_CLOTHING])" in market zone "OUTLIVE Trader" (pos=<4291.589844, 25.247801, 4162.500000>).
01:57:49 [Market] Player "Aycarambakid" (id=jX_CFGAIC2WIrh3kyOKKQ7qs26A3y_stFGEESltAkWQ=) has sold mmg_mk5_utility_pouch_ucp x1 at the trader "Clothing (Linda [#STR_EXPANSION_MARKET_TRADER_CLOTHING])" in market zone "OUTLIVE Trader" (pos=<4291.589844, 25.247801, 4162.500000>) and got 200.
01:58:04 [Market] Player "Aycarambakid" (id=jX_CFGAIC2WIrh3kyOKKQ7qs26A3y_stFGEESltAkWQ=) has send a requested to sell mvs_utility_pouch_multicam_tropic x1 at the trader "Clothing (Linda [#STR_EXPANSION_MARKET_TRADER_CLOTHING])" in market zone "OUTLIVE Trader" (pos=<4291.589844, 25.247801, 4162.500000>).
01:58:04 [Market] Player "Aycarambakid" (id=jX_CFGAIC2WIrh3kyOKKQ7qs26A3y_stFGEESltAkWQ=) has sold mvs_utility_pouch_multicam_tropic x1 at the trader "Clothing (Linda [#STR_EXPANSION_MARKET_TRADER_CLOTHING])" in market zone "OUTLIVE Trader" (pos=<4291.589844, 25.247801, 4162.500000>) and got 250.
02:03:00 [Market] Player "Aycarambakid" (id=jX_CFGAIC2WIrh3kyOKKQ7qs26A3y_stFGEESltAkWQ=) has send a requested to sell bakedbeanscan x1 at the trader "Consumables (Naomi [#STR_EXPANSION_MARKET_TRADER_CONSUMABLES])" in market zone "OUTLIVE Trader" (pos=<4291.589844, 25.247801, 4162.500000>).
02:03:00 [Market] Player "Aycarambakid" (id=jX_CFGAIC2WIrh3kyOKKQ7qs26A3y_stFGEESltAkWQ=) has sold bakedbeanscan x1 at the trader "Consumables (Naomi [#STR_EXPANSION_MARKET_TRADER_CONSUMABLES])" in market zone "OUTLIVE Trader" (pos=<4291.589844, 25.247801, 4162.500000>) and got 25.
02:03:01 [Market] Player "Aycarambakid" (id=jX_CFGAIC2WIrh3kyOKKQ7qs26A3y_stFGEESltAkWQ=) has send a requested to sell peachescan x1 at the trader "Consumables (Naomi [#STR_EXPANSION_MARKET_TRADER_CONSUMABLES])" in market zone "OUTLIVE Trader" (pos=<4291.589844, 25.247801, 4162.500000>).
02:03:01 [Market] Player "Aycarambakid" (id=jX_CFGAIC2WIrh3kyOKKQ7qs26A3y_stFGEESltAkWQ=) has sold peachescan x1 at the trader "Consumables (Naomi [#STR_EXPANSION_MARKET_TRADER_CONSUMABLES])" in market zone "OUTLIVE Trader" (pos=<4291.589844, 25.247801, 4162.500000>) and got 12.
02:03:02 [Market] Player "Aycarambakid" (id=jX_CFGAIC2WIrh3kyOKKQ7qs26A3y_stFGEESltAkWQ=) has send a requested to sell porkcan x1 at the trader "Consumables (Naomi [#STR_EXPANSION_MARKET_TRADER_CONSUMABLES])" in market zone "OUTLIVE Trader" (pos=<4291.589844, 25.247801, 4162.500000>).
02:03:02 [Market] Player "Aycarambakid" (id=jX_CFGAIC2WIrh3kyOKKQ7qs26A3y_stFGEESltAkWQ=) has sold porkcan x1 at the trader "Consumables (Naomi [#STR_EXPANSION_MARKET_TRADER_CONSUMABLES])" in market zone "OUTLIVE Trader" (pos=<4291.589844, 25.247801, 4162.500000>) and got 25.
02:03:04 [Market] Player "Aycarambakid" (id=jX_CFGAIC2WIrh3kyOKKQ7qs26A3y_stFGEESltAkWQ=) has send a requested to sell spaghettican x1 at the trader "Consumables (Naomi [#STR_EXPANSION_MARKET_TRADER_CONSUMABLES])" in market zone "OUTLIVE Trader" (pos=<4291.589844, 25.247801, 4162.500000>).
02:03:04 [Market] Player "Aycarambakid" (id=jX_CFGAIC2WIrh3kyOKKQ7qs26A3y_stFGEESltAkWQ=) has sold spaghettican x1 at the trader "Consumables (Naomi [#STR_EXPANSION_MARKET_TRADER_CONSUMABLES])" in market zone "OUTLIVE Trader" (pos=<4291.589844, 25.247801, 4162.500000>) and got 25.
02:03:15 [Market] Player "Aycarambakid" (id=jX_CFGAIC2WIrh3kyOKKQ7qs26A3y_stFGEESltAkWQ=) has send a requested to sell mad_energydrink_unicorn x1 at the trader "Consumables (Naomi [#STR_EXPANSION_MARKET_TRADER_CONSUMABLES])" in market zone "OUTLIVE Trader" (pos=<4291.589844, 25.247801, 4162.500000>).
02:03:16 [Market] Player "Aycarambakid" (id=jX_CFGAIC2WIrh3kyOKKQ7qs26A3y_stFGEESltAkWQ=) has sold mad_energydrink_unicorn x1 at the trader "Consumables (Naomi [#STR_EXPANSION_MARKET_TRADER_CONSUMABLES])" in market zone "OUTLIVE Trader" (pos=<4291.589844, 25.247801, 4162.500000>) and got 125.
02:08:16 [Market] Player "Aycarambakid" (id=jX_CFGAIC2WIrh3kyOKKQ7qs26A3y_stFGEESltAkWQ=) has send a requested to sell fryingpan x1 at the trader "BuildingSupplies (Boris [#STR_EXPANSION_MARKET_TRADER_BUILDING_SUPPLIES])" in market zone "OUTLIVE Trader" (pos=<4291.589844, 25.247801, 4162.500000>).
02:08:16 [Market] Player "Aycarambakid" (id=jX_CFGAIC2WIrh3kyOKKQ7qs26A3y_stFGEESltAkWQ=) has sold fryingpan x1 at the trader "BuildingSupplies (Boris [#STR_EXPANSION_MARKET_TRADER_BUILDING_SUPPLIES])" in market zone "OUTLIVE Trader" (pos=<4291.589844, 25.247801, 4162.500000>) and got 10.
02:08:18 [Market] Player "Aycarambakid" (id=jX_CFGAIC2WIrh3kyOKKQ7qs26A3y_stFGEESltAkWQ=) has send a requested to sell wrench x1 at the trader "BuildingSupplies (Boris [#STR_EXPANSION_MARKET_TRADER_BUILDING_SUPPLIES])" in market zone "OUTLIVE Trader" (pos=<4291.589844, 25.247801, 4162.500000>).
02:08:18 [Market] Player "Aycarambakid" (id=jX_CFGAIC2WIrh3kyOKKQ7qs26A3y_stFGEESltAkWQ=) has sold wrench x1 at the trader "BuildingSupplies (Boris [#STR_EXPANSION_MARKET_TRADER_BUILDING_SUPPLIES])" in market zone "OUTLIVE Trader" (pos=<4291.589844, 25.247801, 4162.500000>) and got 60.
02:08:30 [Market] Player "Aycarambakid" (id=jX_CFGAIC2WIrh3kyOKKQ7qs26A3y_stFGEESltAkWQ=) has send a requested to sell rangefinder x1 at the trader "BuildingSupplies (Boris [#STR_EXPANSION_MARKET_TRADER_BUILDING_SUPPLIES])" in market zone "OUTLIVE Trader" (pos=<4291.589844, 25.247801, 4162.500000>).
02:08:30 [Market] Player "Aycarambakid" (id=jX_CFGAIC2WIrh3kyOKKQ7qs26A3y_stFGEESltAkWQ=) has sold rangefinder x1 at the trader "BuildingSupplies (Boris [#STR_EXPANSION_MARKET_TRADER_BUILDING_SUPPLIES])" in market zone "OUTLIVE Trader" (pos=<4291.589844, 25.247801, 4162.500000>) and got 275.
02:08:34 [Market] Player "Aycarambakid" (id=jX_CFGAIC2WIrh3kyOKKQ7qs26A3y_stFGEESltAkWQ=) has send a requested to sell rangefinder x1 at the trader "BuildingSupplies (Boris [#STR_EXPANSION_MARKET_TRADER_BUILDING_SUPPLIES])" in market zone "OUTLIVE Trader" (pos=<4291.589844, 25.247801, 4162.500000>).
02:08:34 [Market] Player "Aycarambakid" (id=jX_CFGAIC2WIrh3kyOKKQ7qs26A3y_stFGEESltAkWQ=) has sold rangefinder x1 at the trader "BuildingSupplies (Boris [#STR_EXPANSION_MARKET_TRADER_BUILDING_SUPPLIES])" in market zone "OUTLIVE Trader" (pos=<4291.589844, 25.247801, 4162.500000>) and got 175.
02:08:41 [Market] Player "Aycarambakid" (id=jX_CFGAIC2WIrh3kyOKKQ7qs26A3y_stFGEESltAkWQ=) has send a requested to purchase battery9v x1 from the trader "BuildingSupplies (Boris [#STR_EXPANSION_MARKET_TRADER_BUILDING_SUPPLIES])" in market zone "OUTLIVE Trader" (pos=<4291.589844, 25.247801, 4162.500000>).
02:08:41 [Market] Player "Aycarambakid" (id=jX_CFGAIC2WIrh3kyOKKQ7qs26A3y_stFGEESltAkWQ=) has bought battery9v x1 from the trader "BuildingSupplies (Boris [#STR_EXPANSION_MARKET_TRADER_BUILDING_SUPPLIES])" in market zone "OUTLIVE Trader" (pos=<4291.589844, 25.247801, 4162.500000>) for a price of 250.
02:08:43 [Market] Player "Aycarambakid" (id=jX_CFGAIC2WIrh3kyOKKQ7qs26A3y_stFGEESltAkWQ=) has send a requested to purchase battery9v x1 from the trader "BuildingSupplies (Boris [#STR_EXPANSION_MARKET_TRADER_BUILDING_SUPPLIES])" in market zone "OUTLIVE Trader" (pos=<4291.589844, 25.247801, 4162.500000>).
02:08:43 [Market] Player "Aycarambakid" (id=jX_CFGAIC2WIrh3kyOKKQ7qs26A3y_stFGEESltAkWQ=) has bought battery9v x1 from the trader "BuildingSupplies (Boris [#STR_EXPANSION_MARKET_TRADER_BUILDING_SUPPLIES])" in market zone "OUTLIVE Trader" (pos=<4291.589844, 25.247801, 4162.500000>) for a price of 250.
02:10:13 [Market] Player "Aycarambakid" (id=jX_CFGAIC2WIrh3kyOKKQ7qs26A3y_stFGEESltAkWQ=) has send a requested to sell huntingoptic x1 at the trader "Attachments (Oliver [#STR_EXPANSION_MARKET_TRADER_ATTACHMENTS])" in market zone "OUTLIVE Trader" (pos=<4291.589844, 25.247801, 4162.500000>).
02:10:13 [Market] Player "Aycarambakid" (id=jX_CFGAIC2WIrh3kyOKKQ7qs26A3y_stFGEESltAkWQ=) has sold huntingoptic x1 at the trader "Attachments (Oliver [#STR_EXPANSION_MARKET_TRADER_ATTACHMENTS])" in market zone "OUTLIVE Trader" (pos=<4291.589844, 25.247801, 4162.500000>) and got 660.
02:10:24 [Market] Player "Aycarambakid" (id=jX_CFGAIC2WIrh3kyOKKQ7qs26A3y_stFGEESltAkWQ=) has send a requested to sell ammobox_762x39_20rnd x1 at the trader "Attachments (Oliver [#STR_EXPANSION_MARKET_TRADER_ATTACHMENTS])" in market zone "OUTLIVE Trader" (pos=<4291.589844, 25.247801, 4162.500000>).
02:10:24 [Market] Player "Aycarambakid" (id=jX_CFGAIC2WIrh3kyOKKQ7qs26A3y_stFGEESltAkWQ=) has sold ammobox_762x39_20rnd x1 at the trader "Attachments (Oliver [#STR_EXPANSION_MARKET_TRADER_ATTACHMENTS])" in market zone "OUTLIVE Trader" (pos=<4291.589844, 25.247801, 4162.500000>) and got 180.
02:10:30 [Market] Player "Aycarambakid" (id=jX_CFGAIC2WIrh3kyOKKQ7qs26A3y_stFGEESltAkWQ=) has send a requested to sell ammobox_762x39_20rnd x1 at the trader "Attachments (Oliver [#STR_EXPANSION_MARKET_TRADER_ATTACHMENTS])" in market zone "OUTLIVE Trader" (pos=<4291.589844, 25.247801, 4162.500000>).
02:10:30 [Market] Player "Aycarambakid" (id=jX_CFGAIC2WIrh3kyOKKQ7qs26A3y_stFGEESltAkWQ=) has sold ammobox_762x39_20rnd x1 at the trader "Attachments (Oliver [#STR_EXPANSION_MARKET_TRADER_ATTACHMENTS])" in market zone "OUTLIVE Trader" (pos=<4291.589844, 25.247801, 4162.500000>) and got 180.
02:10:31 [Market] Player "Aycarambakid" (id=jX_CFGAIC2WIrh3kyOKKQ7qs26A3y_stFGEESltAkWQ=) has send a requested to sell ammobox_762x39_20rnd x1 at the trader "Attachments (Oliver [#STR_EXPANSION_MARKET_TRADER_ATTACHMENTS])" in market zone "OUTLIVE Trader" (pos=<4291.589844, 25.247801, 4162.500000>).
02:10:31 [Market] Player "Aycarambakid" (id=jX_CFGAIC2WIrh3kyOKKQ7qs26A3y_stFGEESltAkWQ=) has sold ammobox_762x39_20rnd x1 at the trader "Attachments (Oliver [#STR_EXPANSION_MARKET_TRADER_ATTACHMENTS])" in market zone "OUTLIVE Trader" (pos=<4291.589844, 25.247801, 4162.500000>) and got 180.
02:11:28 [ATM Locker] Player "Aycarambakid" (id=jX_CFGAIC2WIrh3kyOKKQ7qs26A3y_stFGEESltAkWQ=) has deposited 8533 on his ATM account.
02:12:38 [Safezone] Player "Aycarambakid" (id=jX_CFGAIC2WIrh3kyOKKQ7qs26A3y_stFGEESltAkWQ= pos=<4156.015137, 14.452609, 4301.469727>) Left the safezone
02:34:19 [Expansion Quests] - SetupClientData - Got cached player quest data for player with UID: jX_CFGAIC2WIrh3kyOKKQ7qs26A3y_stFGEESltAkWQ=
02:34:19 [Expansion Quests] - PlayerQuestsInit - Create new quest instance for quest: 20 - Creator UID: jX_CFGAIC2WIrh3kyOKKQ7qs26A3y_stFGEESltAkWQ=
02:36:36 [Chat - Global]("Bflame"(id=u7jy1hFXeX-3C-ubChAdh59YiiyuY16LDVnTQIqtPmk=)): kamoooo tam kde si je to huste :)
02:45:16 [Chat - Global]("Bflame"(id=u7jy1hFXeX-3C-ubChAdh59YiiyuY16LDVnTQIqtPmk=)): zijes?
02:45:29 [Chat - Global]("Aycarambakid"(id=jX_CFGAIC2WIrh3kyOKKQ7qs26A3y_stFGEESltAkWQ=)): no zatial nic moc...
02:47:55 [Expansion Quests] - SetupClientData - Created new persistent player quest data for player UID: 2mIfKn-iGxP7mzQ7PmJl7xWwvj85lTMkAHich3d6Jv8=
02:49:58 [Chat - Global]("Aycarambakid"(id=jX_CFGAIC2WIrh3kyOKKQ7qs26A3y_stFGEESltAkWQ=)): Bflame kamo pridaj do party JoeNova prosim ta
02:50:14 [Chat - Global]("Bflame"(id=u7jy1hFXeX-3C-ubChAdh59YiiyuY16LDVnTQIqtPmk=)): okis
02:50:14 [Chat - Global]("Bflame"(id=u7jy1hFXeX-3C-ubChAdh59YiiyuY16LDVnTQIqtPmk=)): okis
02:50:22 [Party] Player "Bflame" (id=u7jy1hFXeX-3C-ubChAdh59YiiyuY16LDVnTQIqtPmk=) invited the player "JoeNova" (id=2mIfKn-iGxP7mzQ7PmJl7xWwvj85lTMkAHich3d6Jv8=)to the party named aycarambakit
02:52:01 [Chat - Global]("Aycarambakid"(id=jX_CFGAIC2WIrh3kyOKKQ7qs26A3y_stFGEESltAkWQ=)): to je tak ked mozes popri zamestnani hrat DayZ :D :D
02:52:19 [Chat - Global]("Bflame"(id=u7jy1hFXeX-3C-ubChAdh59YiiyuY16LDVnTQIqtPmk=)): no ppci :)))))
02:52:27 [Chat - Global]("Bflame"(id=u7jy1hFXeX-3C-ubChAdh59YiiyuY16LDVnTQIqtPmk=)): kde robis?
02:52:50 [Chat - Global]("Aycarambakid"(id=jX_CFGAIC2WIrh3kyOKKQ7qs26A3y_stFGEESltAkWQ=)): no moj pripad to neni ale Joe :D
02:53:34 [Expansion Quests] - SetupClientData - Got cached player quest data for player with UID: 2mIfKn-iGxP7mzQ7PmJl7xWwvj85lTMkAHich3d6Jv8=
02:53:34 [Expansion Quests] - PlayerQuestsInit - Create new quest instance for quest: 19 - Creator UID: 2mIfKn-iGxP7mzQ7PmJl7xWwvj85lTMkAHich3d6Jv8=
02:53:34 [Expansion Quests] - PlayerQuestsInit - Create new quest instance for quest: 23 - Creator UID: 2mIfKn-iGxP7mzQ7PmJl7xWwvj85lTMkAHich3d6Jv8=
02:56:06 [MissionAirdrop] An airdrop is heading towards "Prison" (pos=<1399.579956, 0.000000, 9977.769531> type=Random_Prison) with a ExpansionAirdropContainer_Basebuilding
02:56:06 [MissionAirdrop] An airdrop is heading towards "Herrnchiemsee" (pos=<7218.000000, 0.000000, 3495.000000> type=Random_Herrnchiemsee) with a ExpansionAirdropContainer
02:57:43 [VehicleCarKey] Player "Bflame" (id=u7jy1hFXeX-3C-ubChAdh59YiiyuY16LDVnTQIqtPmk= pos=<7533.800293, 6.952478, 3460.415283>) used the  ExpansionCarKey to unlock a ExpansionMh6
03:02:16 [VehicleCarKey] Player "Bflame" (id=u7jy1hFXeX-3C-ubChAdh59YiiyuY16LDVnTQIqtPmk= pos=<7533.678711, 6.952499, 3456.809326>) used the  ExpansionCarKey to lock a ExpansionMh6
03:03:24 [Expansion Quests] - CompleteQuest - Player with UID 2mIfKn-iGxP7mzQ7PmJl7xWwvj85lTMkAHich3d6Jv8= has completed quest 19
03:03:24 [Expansion Quests] - ExpansionQuest - Quest owner ID: 2mIfKn-iGxP7mzQ7PmJl7xWwvj85lTMkAHich3d6Jv8=
03:03:24 [Expansion Quests] - ExpansionQuest - Quest ID: 19
03:03:24 [Expansion Quests] - ExpansionQuest - Quest state: 3
03:03:24 [Expansion Quests] - ExpansionQuest - Quest completed: true
03:03:34 [Chat - Global]("Aycarambakid"(id=jX_CFGAIC2WIrh3kyOKKQ7qs26A3y_stFGEESltAkWQ=)): ze jake stastie drop hned vedla teba :D
03:03:44 [Chat - Global]("Bflame"(id=u7jy1hFXeX-3C-ubChAdh59YiiyuY16LDVnTQIqtPmk=)): joooooo :)
03:04:06 [Chat - Global]("Bflame"(id=u7jy1hFXeX-3C-ubChAdh59YiiyuY16LDVnTQIqtPmk=)): jaaj tak a kde rob joe?
03:06:15 [Chat - Global]("Bflame"(id=u7jy1hFXeX-3C-ubChAdh59YiiyuY16LDVnTQIqtPmk=)): helooooo joe
03:06:45 [Chat - Global]("JoeNova"(id=2mIfKn-iGxP7mzQ7PmJl7xWwvj85lTMkAHich3d6Jv8=)): ahoj
03:07:02 [Chat - Global]("JoeNova"(id=2mIfKn-iGxP7mzQ7PmJl7xWwvj85lTMkAHich3d6Jv8=)): peknej server
03:11:42 [Market] Player "JoeNova" (id=2mIfKn-iGxP7mzQ7PmJl7xWwvj85lTMkAHich3d6Jv8=) has send a requested to sell leathersewingkit x1 at the trader "Hunting (Peter [Hunter & Fish Trader])" in market zone "OUTLIVE Hunter&Fish Trader" (pos=<7173.500000, 72.561798, 8110.560059>).
03:11:42 [Market] Player "JoeNova" (id=2mIfKn-iGxP7mzQ7PmJl7xWwvj85lTMkAHich3d6Jv8=) has sold leathersewingkit x1 at the trader "Hunting (Peter [Hunter & Fish Trader])" in market zone "OUTLIVE Hunter&Fish Trader" (pos=<7173.500000, 72.561798, 8110.560059>) and got 300.
03:11:46 [Market] Player "JoeNova" (id=2mIfKn-iGxP7mzQ7PmJl7xWwvj85lTMkAHich3d6Jv8=) has send a requested to sell leathersewingkit x1 at the trader "Hunting (Peter [Hunter & Fish Trader])" in market zone "OUTLIVE Hunter&Fish Trader" (pos=<7173.500000, 72.561798, 8110.560059>).
03:11:46 [Market] Player "JoeNova" (id=2mIfKn-iGxP7mzQ7PmJl7xWwvj85lTMkAHich3d6Jv8=) has sold leathersewingkit x1 at the trader "Hunting (Peter [Hunter & Fish Trader])" in market zone "OUTLIVE Hunter&Fish Trader" (pos=<7173.500000, 72.561798, 8110.560059>) and got 300.
03:11:52 [Market] Player "JoeNova" (id=2mIfKn-iGxP7mzQ7PmJl7xWwvj85lTMkAHich3d6Jv8=) has send a requested to sell leathersewingkit x1 at the trader "Hunting (Peter [Hunter & Fish Trader])" in market zone "OUTLIVE Hunter&Fish Trader" (pos=<7173.500000, 72.561798, 8110.560059>).
03:11:52 [Market] Player "JoeNova" (id=2mIfKn-iGxP7mzQ7PmJl7xWwvj85lTMkAHich3d6Jv8=) has sold leathersewingkit x1 at the trader "Hunting (Peter [Hunter & Fish Trader])" in market zone "OUTLIVE Hunter&Fish Trader" (pos=<7173.500000, 72.561798, 8110.560059>) and got 300.
03:11:59 [Market] Player "JoeNova" (id=2mIfKn-iGxP7mzQ7PmJl7xWwvj85lTMkAHich3d6Jv8=) has send a requested to sell largegascanister x1 at the trader "Hunting (Peter [Hunter & Fish Trader])" in market zone "OUTLIVE Hunter&Fish Trader" (pos=<7173.500000, 72.561798, 8110.560059>).
03:11:59 [Market] Player "JoeNova" (id=2mIfKn-iGxP7mzQ7PmJl7xWwvj85lTMkAHich3d6Jv8=) has sold largegascanister x1 at the trader "Hunting (Peter [Hunter & Fish Trader])" in market zone "OUTLIVE Hunter&Fish Trader" (pos=<7173.500000, 72.561798, 8110.560059>) and got 70.
03:18:04 [Chat - Global]("Bflame"(id=u7jy1hFXeX-3C-ubChAdh59YiiyuY16LDVnTQIqtPmk=)): nazdaaar
03:18:16 [VehicleCarKey] Player "Bflame" (id=u7jy1hFXeX-3C-ubChAdh59YiiyuY16LDVnTQIqtPmk= pos=<7534.250977, 6.952492, 3456.594238>) used the  ExpansionCarKey to unlock a ExpansionMh6
03:20:20 [Safezone] Player "Bflame" (id=u7jy1hFXeX-3C-ubChAdh59YiiyuY16LDVnTQIqtPmk= pos=<4395.732910, 121.541130, 4086.342041>) Entered the safezone
03:24:31 [Chat - Global]("Aycarambakid"(id=jX_CFGAIC2WIrh3kyOKKQ7qs26A3y_stFGEESltAkWQ=)): Bflame kamo prosim ta mas cas?? surne ta potrebujem...
03:24:47 [Chat - Global]("Bflame"(id=u7jy1hFXeX-3C-ubChAdh59YiiyuY16LDVnTQIqtPmk=)): jasan
03:24:57 [Chat - Global]("Bflame"(id=u7jy1hFXeX-3C-ubChAdh59YiiyuY16LDVnTQIqtPmk=)): co sa deje?
03:25:05 [Chat - Global]("Aycarambakid"(id=jX_CFGAIC2WIrh3kyOKKQ7qs26A3y_stFGEESltAkWQ=)): mozes priletiet pre mna??
03:25:16 [VehicleCarKey] Player "Bflame" (id=u7jy1hFXeX-3C-ubChAdh59YiiyuY16LDVnTQIqtPmk= pos=<4259.573242, 10.864365, 4172.265137>) used the  ExpansionCarKey to lock a ExpansionMh6
03:25:21 [Chat - Global]("Aycarambakid"(id=jX_CFGAIC2WIrh3kyOKKQ7qs26A3y_stFGEESltAkWQ=)): a mas miesto v heline??
03:25:35 [Chat - Global]("Bflame"(id=u7jy1hFXeX-3C-ubChAdh59YiiyuY16LDVnTQIqtPmk=)): najskor za ca 10 min
03:25:37 [Chat - Global]("Aycarambakid"(id=jX_CFGAIC2WIrh3kyOKKQ7qs26A3y_stFGEESltAkWQ=)): hoooodne miesta...
03:25:49 [Chat - Global]("Bflame"(id=u7jy1hFXeX-3C-ubChAdh59YiiyuY16LDVnTQIqtPmk=)): nemaam :)))))
03:26:07 [Chat - Global]("Aycarambakid"(id=jX_CFGAIC2WIrh3kyOKKQ7qs26A3y_stFGEESltAkWQ=)): tak ho urob kamo :D :D  
03:26:24 [Chat - Global]("Bflame"(id=u7jy1hFXeX-3C-ubChAdh59YiiyuY16LDVnTQIqtPmk=)): omg
03:26:28 [Chat - Global]("Bflame"(id=u7jy1hFXeX-3C-ubChAdh59YiiyuY16LDVnTQIqtPmk=)): :D
03:28:50 [Market] Player "Bflame" (id=u7jy1hFXeX-3C-ubChAdh59YiiyuY16LDVnTQIqtPmk=) has send a requested to sell canopener x1 at the trader "BuildingSupplies (Boris [#STR_EXPANSION_MARKET_TRADER_BUILDING_SUPPLIES])" in market zone "OUTLIVE Trader" (pos=<4291.589844, 25.247801, 4162.500000>).
03:28:50 [Market] Player "Bflame" (id=u7jy1hFXeX-3C-ubChAdh59YiiyuY16LDVnTQIqtPmk=) has sold canopener x1 at the trader "BuildingSupplies (Boris [#STR_EXPANSION_MARKET_TRADER_BUILDING_SUPPLIES])" in market zone "OUTLIVE Trader" (pos=<4291.589844, 25.247801, 4162.500000>) and got 30.
03:28:51 [Market] Player "Bflame" (id=u7jy1hFXeX-3C-ubChAdh59YiiyuY16LDVnTQIqtPmk=) has send a requested to sell canopener x1 at the trader "BuildingSupplies (Boris [#STR_EXPANSION_MARKET_TRADER_BUILDING_SUPPLIES])" in market zone "OUTLIVE Trader" (pos=<4291.589844, 25.247801, 4162.500000>).
03:28:51 [Market] Player "Bflame" (id=u7jy1hFXeX-3C-ubChAdh59YiiyuY16LDVnTQIqtPmk=) has sold canopener x1 at the trader "BuildingSupplies (Boris [#STR_EXPANSION_MARKET_TRADER_BUILDING_SUPPLIES])" in market zone "OUTLIVE Trader" (pos=<4291.589844, 25.247801, 4162.500000>) and got 30.
03:28:51 [Market] Player "Bflame" (id=u7jy1hFXeX-3C-ubChAdh59YiiyuY16LDVnTQIqtPmk=) has send a requested to sell canopener x1 at the trader "BuildingSupplies (Boris [#STR_EXPANSION_MARKET_TRADER_BUILDING_SUPPLIES])" in market zone "OUTLIVE Trader" (pos=<4291.589844, 25.247801, 4162.500000>).
03:28:51 [Market] Player "Bflame" (id=u7jy1hFXeX-3C-ubChAdh59YiiyuY16LDVnTQIqtPmk=) has sold canopener x1 at the trader "BuildingSupplies (Boris [#STR_EXPANSION_MARKET_TRADER_BUILDING_SUPPLIES])" in market zone "OUTLIVE Trader" (pos=<4291.589844, 25.247801, 4162.500000>) and got 30.
03:28:54 [Market] Player "Bflame" (id=u7jy1hFXeX-3C-ubChAdh59YiiyuY16LDVnTQIqtPmk=) has send a requested to sell canopener x1 at the trader "BuildingSupplies (Boris [#STR_EXPANSION_MARKET_TRADER_BUILDING_SUPPLIES])" in market zone "OUTLIVE Trader" (pos=<4291.589844, 25.247801, 4162.500000>).
03:28:54 [Market] Player "Bflame" (id=u7jy1hFXeX-3C-ubChAdh59YiiyuY16LDVnTQIqtPmk=) has sold canopener x1 at the trader "BuildingSupplies (Boris [#STR_EXPANSION_MARKET_TRADER_BUILDING_SUPPLIES])" in market zone "OUTLIVE Trader" (pos=<4291.589844, 25.247801, 4162.500000>) and got 30.
03:28:59 [Market] Player "Bflame" (id=u7jy1hFXeX-3C-ubChAdh59YiiyuY16LDVnTQIqtPmk=) has send a requested to sell twp_scottex_soft x1 at the trader "BuildingSupplies (Boris [#STR_EXPANSION_MARKET_TRADER_BUILDING_SUPPLIES])" in market zone "OUTLIVE Trader" (pos=<4291.589844, 25.247801, 4162.500000>).
03:28:59 [Market] Player "Bflame" (id=u7jy1hFXeX-3C-ubChAdh59YiiyuY16LDVnTQIqtPmk=) has sold twp_scottex_soft x1 at the trader "BuildingSupplies (Boris [#STR_EXPANSION_MARKET_TRADER_BUILDING_SUPPLIES])" in market zone "OUTLIVE Trader" (pos=<4291.589844, 25.247801, 4162.500000>) and got 700.
03:28:59 [Market] Player "Bflame" (id=u7jy1hFXeX-3C-ubChAdh59YiiyuY16LDVnTQIqtPmk=) has send a requested to sell twp_scottex_soft x1 at the trader "BuildingSupplies (Boris [#STR_EXPANSION_MARKET_TRADER_BUILDING_SUPPLIES])" in market zone "OUTLIVE Trader" (pos=<4291.589844, 25.247801, 4162.500000>).
03:28:59 [Market] Player "Bflame" (id=u7jy1hFXeX-3C-ubChAdh59YiiyuY16LDVnTQIqtPmk=) has sold twp_scottex_soft x1 at the trader "BuildingSupplies (Boris [#STR_EXPANSION_MARKET_TRADER_BUILDING_SUPPLIES])" in market zone "OUTLIVE Trader" (pos=<4291.589844, 25.247801, 4162.500000>) and got 700.
03:29:17 [Market] Player "Bflame" (id=u7jy1hFXeX-3C-ubChAdh59YiiyuY16LDVnTQIqtPmk=) has send a requested to sell twp_scottex_supersoft x1 at the trader "BuildingSupplies (Boris [#STR_EXPANSION_MARKET_TRADER_BUILDING_SUPPLIES])" in market zone "OUTLIVE Trader" (pos=<4291.589844, 25.247801, 4162.500000>).
03:29:17 [Market] Player "Bflame" (id=u7jy1hFXeX-3C-ubChAdh59YiiyuY16LDVnTQIqtPmk=) has sold twp_scottex_supersoft x1 at the trader "BuildingSupplies (Boris [#STR_EXPANSION_MARKET_TRADER_BUILDING_SUPPLIES])" in market zone "OUTLIVE Trader" (pos=<4291.589844, 25.247801, 4162.500000>) and got 1000.
03:29:17 [Market] Player "Bflame" (id=u7jy1hFXeX-3C-ubChAdh59YiiyuY16LDVnTQIqtPmk=) has send a requested to sell twp_scottex_supersoft x1 at the trader "BuildingSupplies (Boris [#STR_EXPANSION_MARKET_TRADER_BUILDING_SUPPLIES])" in market zone "OUTLIVE Trader" (pos=<4291.589844, 25.247801, 4162.500000>).
03:29:18 [Market] Player "Bflame" (id=u7jy1hFXeX-3C-ubChAdh59YiiyuY16LDVnTQIqtPmk=) has sold twp_scottex_supersoft x1 at the trader "BuildingSupplies (Boris [#STR_EXPANSION_MARKET_TRADER_BUILDING_SUPPLIES])" in market zone "OUTLIVE Trader" (pos=<4291.589844, 25.247801, 4162.500000>) and got 1000.
03:29:22 [Market] Player "Bflame" (id=u7jy1hFXeX-3C-ubChAdh59YiiyuY16LDVnTQIqtPmk=) has send a requested to sell rangefinder x1 at the trader "BuildingSupplies (Boris [#STR_EXPANSION_MARKET_TRADER_BUILDING_SUPPLIES])" in market zone "OUTLIVE Trader" (pos=<4291.589844, 25.247801, 4162.500000>).
03:29:22 [Market] Player "Bflame" (id=u7jy1hFXeX-3C-ubChAdh59YiiyuY16LDVnTQIqtPmk=) has sold rangefinder x1 at the trader "BuildingSupplies (Boris [#STR_EXPANSION_MARKET_TRADER_BUILDING_SUPPLIES])" in market zone "OUTLIVE Trader" (pos=<4291.589844, 25.247801, 4162.500000>) and got 275.
03:30:04 [Market] Player "Bflame" (id=u7jy1hFXeX-3C-ubChAdh59YiiyuY16LDVnTQIqtPmk=) has send a requested to sell twp_g36c x1 at the trader "Weapons (Denis [#STR_EXPANSION_MARKET_TRADER_WEAPONS])" in market zone "OUTLIVE Trader" (pos=<4291.589844, 25.247801, 4162.500000>).
03:30:04 [Market] Player "Bflame" (id=u7jy1hFXeX-3C-ubChAdh59YiiyuY16LDVnTQIqtPmk=) has sold twp_g36c x1 at the trader "Weapons (Denis [#STR_EXPANSION_MARKET_TRADER_WEAPONS])" in market zone "OUTLIVE Trader" (pos=<4291.589844, 25.247801, 4162.500000>) and got 1400.
03:30:06 [Market] Player "Bflame" (id=u7jy1hFXeX-3C-ubChAdh59YiiyuY16LDVnTQIqtPmk=) has send a requested to sell twp_scarl x1 at the trader "Weapons (Denis [#STR_EXPANSION_MARKET_TRADER_WEAPONS])" in market zone "OUTLIVE Trader" (pos=<4291.589844, 25.247801, 4162.500000>).
03:30:06 [Market] Player "Bflame" (id=u7jy1hFXeX-3C-ubChAdh59YiiyuY16LDVnTQIqtPmk=) has sold twp_scarl x1 at the trader "Weapons (Denis [#STR_EXPANSION_MARKET_TRADER_WEAPONS])" in market zone "OUTLIVE Trader" (pos=<4291.589844, 25.247801, 4162.500000>) and got 2090.
03:30:07 [Market] Player "Bflame" (id=u7jy1hFXeX-3C-ubChAdh59YiiyuY16LDVnTQIqtPmk=) has send a requested to sell twp_steyraug_olive x1 at the trader "Weapons (Denis [#STR_EXPANSION_MARKET_TRADER_WEAPONS])" in market zone "OUTLIVE Trader" (pos=<4291.589844, 25.247801, 4162.500000>).
03:30:07 [Market] Player "Bflame" (id=u7jy1hFXeX-3C-ubChAdh59YiiyuY16LDVnTQIqtPmk=) has sold twp_steyraug_olive x1 at the trader "Weapons (Denis [#STR_EXPANSION_MARKET_TRADER_WEAPONS])" in market zone "OUTLIVE Trader" (pos=<4291.589844, 25.247801, 4162.500000>) and got 2300.
03:30:12 [Market] Player "Bflame" (id=u7jy1hFXeX-3C-ubChAdh59YiiyuY16LDVnTQIqtPmk=) has send a requested to sell twp_airbow x1 at the trader "Weapons (Denis [#STR_EXPANSION_MARKET_TRADER_WEAPONS])" in market zone "OUTLIVE Trader" (pos=<4291.589844, 25.247801, 4162.500000>).
03:30:13 [Market] Player "Bflame" (id=u7jy1hFXeX-3C-ubChAdh59YiiyuY16LDVnTQIqtPmk=) has sold twp_airbow x1 at the trader "Weapons (Denis [#STR_EXPANSION_MARKET_TRADER_WEAPONS])" in market zone "OUTLIVE Trader" (pos=<4291.589844, 25.247801, 4162.500000>) and got 1000.
03:30:13 [Market] Player "Bflame" (id=u7jy1hFXeX-3C-ubChAdh59YiiyuY16LDVnTQIqtPmk=) has send a requested to sell twp_airbow x1 at the trader "Weapons (Denis [#STR_EXPANSION_MARKET_TRADER_WEAPONS])" in market zone "OUTLIVE Trader" (pos=<4291.589844, 25.247801, 4162.500000>).
03:30:13 [Market] Player "Bflame" (id=u7jy1hFXeX-3C-ubChAdh59YiiyuY16LDVnTQIqtPmk=) has sold twp_airbow x1 at the trader "Weapons (Denis [#STR_EXPANSION_MARKET_TRADER_WEAPONS])" in market zone "OUTLIVE Trader" (pos=<4291.589844, 25.247801, 4162.500000>) and got 1000.
03:30:14 [Market] Player "Bflame" (id=u7jy1hFXeX-3C-ubChAdh59YiiyuY16LDVnTQIqtPmk=) has send a requested to sell twp_rk95 x1 at the trader "Weapons (Denis [#STR_EXPANSION_MARKET_TRADER_WEAPONS])" in market zone "OUTLIVE Trader" (pos=<4291.589844, 25.247801, 4162.500000>).
03:30:14 [Market] Player "Bflame" (id=u7jy1hFXeX-3C-ubChAdh59YiiyuY16LDVnTQIqtPmk=) has sold twp_rk95 x1 at the trader "Weapons (Denis [#STR_EXPANSION_MARKET_TRADER_WEAPONS])" in market zone "OUTLIVE Trader" (pos=<4291.589844, 25.247801, 4162.500000>) and got 1400.
03:31:57 [Market] Player "Bflame" (id=u7jy1hFXeX-3C-ubChAdh59YiiyuY16LDVnTQIqtPmk=) has send a requested to sell orientalmachete x1 at the trader "Weapons (Denis [#STR_EXPANSION_MARKET_TRADER_WEAPONS])" in market zone "OUTLIVE Trader" (pos=<4291.589844, 25.247801, 4162.500000>).
03:31:57 [Market] Player "Bflame" (id=u7jy1hFXeX-3C-ubChAdh59YiiyuY16LDVnTQIqtPmk=) has sold orientalmachete x1 at the trader "Weapons (Denis [#STR_EXPANSION_MARKET_TRADER_WEAPONS])" in market zone "OUTLIVE Trader" (pos=<4291.589844, 25.247801, 4162.500000>) and got 90.
03:31:58 [Market] Player "Bflame" (id=u7jy1hFXeX-3C-ubChAdh59YiiyuY16LDVnTQIqtPmk=) has send a requested to sell combatknife x1 at the trader "Weapons (Denis [#STR_EXPANSION_MARKET_TRADER_WEAPONS])" in market zone "OUTLIVE Trader" (pos=<4291.589844, 25.247801, 4162.500000>).
03:31:58 [Market] Player "Bflame" (id=u7jy1hFXeX-3C-ubChAdh59YiiyuY16LDVnTQIqtPmk=) has sold combatknife x1 at the trader "Weapons (Denis [#STR_EXPANSION_MARKET_TRADER_WEAPONS])" in market zone "OUTLIVE Trader" (pos=<4291.589844, 25.247801, 4162.500000>) and got 50.
03:32:06 [Market] Player "Bflame" (id=u7jy1hFXeX-3C-ubChAdh59YiiyuY16LDVnTQIqtPmk=) has send a requested to sell ammobox_308win_20rnd x1 at the trader "Attachments (Oliver [#STR_EXPANSION_MARKET_TRADER_ATTACHMENTS])" in market zone "OUTLIVE Trader" (pos=<4291.589844, 25.247801, 4162.500000>).
03:32:06 [Market] Player "Bflame" (id=u7jy1hFXeX-3C-ubChAdh59YiiyuY16LDVnTQIqtPmk=) has sold ammobox_308win_20rnd x1 at the trader "Attachments (Oliver [#STR_EXPANSION_MARKET_TRADER_ATTACHMENTS])" in market zone "OUTLIVE Trader" (pos=<4291.589844, 25.247801, 4162.500000>) and got 210.
03:32:06 [Market] Player "Bflame" (id=u7jy1hFXeX-3C-ubChAdh59YiiyuY16LDVnTQIqtPmk=) has send a requested to sell ammobox_308win_20rnd x1 at the trader "Attachments (Oliver [#STR_EXPANSION_MARKET_TRADER_ATTACHMENTS])" in market zone "OUTLIVE Trader" (pos=<4291.589844, 25.247801, 4162.500000>).
03:32:06 [Market] Player "Bflame" (id=u7jy1hFXeX-3C-ubChAdh59YiiyuY16LDVnTQIqtPmk=) has sold ammobox_308win_20rnd x1 at the trader "Attachments (Oliver [#STR_EXPANSION_MARKET_TRADER_ATTACHMENTS])" in market zone "OUTLIVE Trader" (pos=<4291.589844, 25.247801, 4162.500000>) and got 210.
03:32:07 [Market] Player "Bflame" (id=u7jy1hFXeX-3C-ubChAdh59YiiyuY16LDVnTQIqtPmk=) has send a requested to sell ammobox_762x39_20rnd x1 at the trader "Attachments (Oliver [#STR_EXPANSION_MARKET_TRADER_ATTACHMENTS])" in market zone "OUTLIVE Trader" (pos=<4291.589844, 25.247801, 4162.500000>).
03:32:07 [Market] Player "Bflame" (id=u7jy1hFXeX-3C-ubChAdh59YiiyuY16LDVnTQIqtPmk=) has sold ammobox_762x39_20rnd x1 at the trader "Attachments (Oliver [#STR_EXPANSION_MARKET_TRADER_ATTACHMENTS])" in market zone "OUTLIVE Trader" (pos=<4291.589844, 25.247801, 4162.500000>) and got 180.
03:32:07 [Market] Player "Bflame" (id=u7jy1hFXeX-3C-ubChAdh59YiiyuY16LDVnTQIqtPmk=) has send a requested to sell ammobox_9x19_25rnd x1 at the trader "Attachments (Oliver [#STR_EXPANSION_MARKET_TRADER_ATTACHMENTS])" in market zone "OUTLIVE Trader" (pos=<4291.589844, 25.247801, 4162.500000>).
03:32:08 [Market] Player "Bflame" (id=u7jy1hFXeX-3C-ubChAdh59YiiyuY16LDVnTQIqtPmk=) has sold ammobox_9x19_25rnd x1 at the trader "Attachments (Oliver [#STR_EXPANSION_MARKET_TRADER_ATTACHMENTS])" in market zone "OUTLIVE Trader" (pos=<4291.589844, 25.247801, 4162.500000>) and got 42.
03:32:08 [Market] Player "Bflame" (id=u7jy1hFXeX-3C-ubChAdh59YiiyuY16LDVnTQIqtPmk=) has send a requested to sell ammobox_308wintracer_20rnd x1 at the trader "Attachments (Oliver [#STR_EXPANSION_MARKET_TRADER_ATTACHMENTS])" in market zone "OUTLIVE Trader" (pos=<4291.589844, 25.247801, 4162.500000>).
03:32:08 [Market] Player "Bflame" (id=u7jy1hFXeX-3C-ubChAdh59YiiyuY16LDVnTQIqtPmk=) has sold ammobox_308wintracer_20rnd x1 at the trader "Attachments (Oliver [#STR_EXPANSION_MARKET_TRADER_ATTACHMENTS])" in market zone "OUTLIVE Trader" (pos=<4291.589844, 25.247801, 4162.500000>) and got 210.
03:32:08 [Market] Player "Bflame" (id=u7jy1hFXeX-3C-ubChAdh59YiiyuY16LDVnTQIqtPmk=) has send a requested to sell ammobox_308wintracer_20rnd x1 at the trader "Attachments (Oliver [#STR_EXPANSION_MARKET_TRADER_ATTACHMENTS])" in market zone "OUTLIVE Trader" (pos=<4291.589844, 25.247801, 4162.500000>).
03:32:08 [Market] Player "Bflame" (id=u7jy1hFXeX-3C-ubChAdh59YiiyuY16LDVnTQIqtPmk=) has sold ammobox_308wintracer_20rnd x1 at the trader "Attachments (Oliver [#STR_EXPANSION_MARKET_TRADER_ATTACHMENTS])" in market zone "OUTLIVE Trader" (pos=<4291.589844, 25.247801, 4162.500000>) and got 210.
03:32:16 [Market] Player "Bflame" (id=u7jy1hFXeX-3C-ubChAdh59YiiyuY16LDVnTQIqtPmk=) has send a requested to sell ammo_12gapellets x100 at the trader "Attachments (Oliver [#STR_EXPANSION_MARKET_TRADER_ATTACHMENTS])" in market zone "OUTLIVE Trader" (pos=<4291.589844, 25.247801, 4162.500000>).
03:32:16 [Market] Player "Bflame" (id=u7jy1hFXeX-3C-ubChAdh59YiiyuY16LDVnTQIqtPmk=) has sold ammo_12gapellets x100 at the trader "Attachments (Oliver [#STR_EXPANSION_MARKET_TRADER_ATTACHMENTS])" in market zone "OUTLIVE Trader" (pos=<4291.589844, 25.247801, 4162.500000>) and got 450.
03:32:22 [Market] Player "Bflame" (id=u7jy1hFXeX-3C-ubChAdh59YiiyuY16LDVnTQIqtPmk=) has send a requested to sell ammo_308win x300 at the trader "Attachments (Oliver [#STR_EXPANSION_MARKET_TRADER_ATTACHMENTS])" in market zone "OUTLIVE Trader" (pos=<4291.589844, 25.247801, 4162.500000>).
03:32:22 [Market] Player "Bflame" (id=u7jy1hFXeX-3C-ubChAdh59YiiyuY16LDVnTQIqtPmk=) has sold ammo_308win x300 at the trader "Attachments (Oliver [#STR_EXPANSION_MARKET_TRADER_ATTACHMENTS])" in market zone "OUTLIVE Trader" (pos=<4291.589844, 25.247801, 4162.500000>) and got 2970.
03:32:32 [Market] Player "Bflame" (id=u7jy1hFXeX-3C-ubChAdh59YiiyuY16LDVnTQIqtPmk=) has send a requested to sell ammo_762x39 x200 at the trader "Attachments (Oliver [#STR_EXPANSION_MARKET_TRADER_ATTACHMENTS])" in market zone "OUTLIVE Trader" (pos=<4291.589844, 25.247801, 4162.500000>).
03:32:32 [Market] Player "Bflame" (id=u7jy1hFXeX-3C-ubChAdh59YiiyuY16LDVnTQIqtPmk=) has sold ammo_762x39 x200 at the trader "Attachments (Oliver [#STR_EXPANSION_MARKET_TRADER_ATTACHMENTS])" in market zone "OUTLIVE Trader" (pos=<4291.589844, 25.247801, 4162.500000>) and got 1680.
03:32:39 [Market] Player "Bflame" (id=u7jy1hFXeX-3C-ubChAdh59YiiyuY16LDVnTQIqtPmk=) has send a requested to sell ammo_762x54 x133 at the trader "Attachments (Oliver [#STR_EXPANSION_MARKET_TRADER_ATTACHMENTS])" in market zone "OUTLIVE Trader" (pos=<4291.589844, 25.247801, 4162.500000>).
03:32:39 [Market] Player "Bflame" (id=u7jy1hFXeX-3C-ubChAdh59YiiyuY16LDVnTQIqtPmk=) has sold ammo_762x54 x133 at the trader "Attachments (Oliver [#STR_EXPANSION_MARKET_TRADER_ATTACHMENTS])" in market zone "OUTLIVE Trader" (pos=<4291.589844, 25.247801, 4162.500000>) and got 1197.
03:32:48 [Market] Player "Bflame" (id=u7jy1hFXeX-3C-ubChAdh59YiiyuY16LDVnTQIqtPmk=) has send a requested to sell ammo_9x39 x118 at the trader "Attachments (Oliver [#STR_EXPANSION_MARKET_TRADER_ATTACHMENTS])" in market zone "OUTLIVE Trader" (pos=<4291.589844, 25.247801, 4162.500000>).
03:32:48 [Market] Player "Bflame" (id=u7jy1hFXeX-3C-ubChAdh59YiiyuY16LDVnTQIqtPmk=) has sold ammo_9x39 x118 at the trader "Attachments (Oliver [#STR_EXPANSION_MARKET_TRADER_ATTACHMENTS])" in market zone "OUTLIVE Trader" (pos=<4291.589844, 25.247801, 4162.500000>) and got 460.
03:32:55 [Market] Player "Bflame" (id=u7jy1hFXeX-3C-ubChAdh59YiiyuY16LDVnTQIqtPmk=) has send a requested to sell ammo_flare x137 at the trader "Attachments (Oliver [#STR_EXPANSION_MARKET_TRADER_ATTACHMENTS])" in market zone "OUTLIVE Trader" (pos=<4291.589844, 25.247801, 4162.500000>).
03:32:55 [Market] Player "Bflame" (id=u7jy1hFXeX-3C-ubChAdh59YiiyuY16LDVnTQIqtPmk=) has sold ammo_flare x137 at the trader "Attachments (Oliver [#STR_EXPANSION_MARKET_TRADER_ATTACHMENTS])" in market zone "OUTLIVE Trader" (pos=<4291.589844, 25.247801, 4162.500000>) and got 1028.
03:33:01 [Market] Player "Bflame" (id=u7jy1hFXeX-3C-ubChAdh59YiiyuY16LDVnTQIqtPmk=) has send a requested to sell ammo_762x39tracer x100 at the trader "Attachments (Oliver [#STR_EXPANSION_MARKET_TRADER_ATTACHMENTS])" in market zone "OUTLIVE Trader" (pos=<4291.589844, 25.247801, 4162.500000>).
03:33:01 [Market] Player "Bflame" (id=u7jy1hFXeX-3C-ubChAdh59YiiyuY16LDVnTQIqtPmk=) has sold ammo_762x39tracer x100 at the trader "Attachments (Oliver [#STR_EXPANSION_MARKET_TRADER_ATTACHMENTS])" in market zone "OUTLIVE Trader" (pos=<4291.589844, 25.247801, 4162.500000>) and got 840.
03:33:06 [Market] Player "Bflame" (id=u7jy1hFXeX-3C-ubChAdh59YiiyuY16LDVnTQIqtPmk=) has send a requested to sell huntingoptic x1 at the trader "Attachments (Oliver [#STR_EXPANSION_MARKET_TRADER_ATTACHMENTS])" in market zone "OUTLIVE Trader" (pos=<4291.589844, 25.247801, 4162.500000>).
03:33:06 [Market] Player "Bflame" (id=u7jy1hFXeX-3C-ubChAdh59YiiyuY16LDVnTQIqtPmk=) has sold huntingoptic x1 at the trader "Attachments (Oliver [#STR_EXPANSION_MARKET_TRADER_ATTACHMENTS])" in market zone "OUTLIVE Trader" (pos=<4291.589844, 25.247801, 4162.500000>) and got 660.
03:33:06 [Market] Player "Bflame" (id=u7jy1hFXeX-3C-ubChAdh59YiiyuY16LDVnTQIqtPmk=) has send a requested to sell huntingoptic x1 at the trader "Attachments (Oliver [#STR_EXPANSION_MARKET_TRADER_ATTACHMENTS])" in market zone "OUTLIVE Trader" (pos=<4291.589844, 25.247801, 4162.500000>).
03:33:06 [Market] Player "Bflame" (id=u7jy1hFXeX-3C-ubChAdh59YiiyuY16LDVnTQIqtPmk=) has sold huntingoptic x1 at the trader "Attachments (Oliver [#STR_EXPANSION_MARKET_TRADER_ATTACHMENTS])" in market zone "OUTLIVE Trader" (pos=<4291.589844, 25.247801, 4162.500000>) and got 660.
03:33:10 [Market] Player "Bflame" (id=u7jy1hFXeX-3C-ubChAdh59YiiyuY16LDVnTQIqtPmk=) has send a requested to sell twp_ammobox_500sw_15rnd x1 at the trader "Attachments (Oliver [#STR_EXPANSION_MARKET_TRADER_ATTACHMENTS])" in market zone "OUTLIVE Trader" (pos=<4291.589844, 25.247801, 4162.500000>).
03:33:10 [Market] Player "Bflame" (id=u7jy1hFXeX-3C-ubChAdh59YiiyuY16LDVnTQIqtPmk=) has sold twp_ammobox_500sw_15rnd x1 at the trader "Attachments (Oliver [#STR_EXPANSION_MARKET_TRADER_ATTACHMENTS])" in market zone "OUTLIVE Trader" (pos=<4291.589844, 25.247801, 4162.500000>) and got 180.
03:33:11 [Market] Player "Bflame" (id=u7jy1hFXeX-3C-ubChAdh59YiiyuY16LDVnTQIqtPmk=) has send a requested to sell twp_ammobox_762x25_30rnd x1 at the trader "Attachments (Oliver [#STR_EXPANSION_MARKET_TRADER_ATTACHMENTS])" in market zone "OUTLIVE Trader" (pos=<4291.589844, 25.247801, 4162.500000>).
03:33:11 [Market] Player "Bflame" (id=u7jy1hFXeX-3C-ubChAdh59YiiyuY16LDVnTQIqtPmk=) has sold twp_ammobox_762x25_30rnd x1 at the trader "Attachments (Oliver [#STR_EXPANSION_MARKET_TRADER_ATTACHMENTS])" in market zone "OUTLIVE Trader" (pos=<4291.589844, 25.247801, 4162.500000>) and got 300.
03:33:17 [Market] Player "Bflame" (id=u7jy1hFXeX-3C-ubChAdh59YiiyuY16LDVnTQIqtPmk=) has send a requested to sell twp_ammo_46x30 x46 at the trader "Attachments (Oliver [#STR_EXPANSION_MARKET_TRADER_ATTACHMENTS])" in market zone "OUTLIVE Trader" (pos=<4291.589844, 25.247801, 4162.500000>).
03:33:17 [Market] Player "Bflame" (id=u7jy1hFXeX-3C-ubChAdh59YiiyuY16LDVnTQIqtPmk=) has sold twp_ammo_46x30 x46 at the trader "Attachments (Oliver [#STR_EXPANSION_MARKET_TRADER_ATTACHMENTS])" in market zone "OUTLIVE Trader" (pos=<4291.589844, 25.247801, 4162.500000>) and got 179.
03:33:24 [Market] Player "Bflame" (id=u7jy1hFXeX-3C-ubChAdh59YiiyuY16LDVnTQIqtPmk=) has send a requested to sell twp_ar60_mag_40rnd x1 at the trader "Attachments (Oliver [#STR_EXPANSION_MARKET_TRADER_ATTACHMENTS])" in market zone "OUTLIVE Trader" (pos=<4291.589844, 25.247801, 4162.500000>).
03:33:24 [Market] Player "Bflame" (id=u7jy1hFXeX-3C-ubChAdh59YiiyuY16LDVnTQIqtPmk=) has sold twp_ar60_mag_40rnd x1 at the trader "Attachments (Oliver [#STR_EXPANSION_MARKET_TRADER_ATTACHMENTS])" in market zone "OUTLIVE Trader" (pos=<4291.589844, 25.247801, 4162.500000>) and got 391.
03:33:25 [Market] Player "Bflame" (id=u7jy1hFXeX-3C-ubChAdh59YiiyuY16LDVnTQIqtPmk=) has send a requested to sell twp_americanrifle_mag_5rnd x1 at the trader "Attachments (Oliver [#STR_EXPANSION_MARKET_TRADER_ATTACHMENTS])" in market zone "OUTLIVE Trader" (pos=<4291.589844, 25.247801, 4162.500000>).
03:33:25 [Market] Player "Bflame" (id=u7jy1hFXeX-3C-ubChAdh59YiiyuY16LDVnTQIqtPmk=) has sold twp_americanrifle_mag_5rnd x1 at the trader "Attachments (Oliver [#STR_EXPANSION_MARKET_TRADER_ATTACHMENTS])" in market zone "OUTLIVE Trader" (pos=<4291.589844, 25.247801, 4162.500000>) and got 50.
03:33:26 [Market] Player "Bflame" (id=u7jy1hFXeX-3C-ubChAdh59YiiyuY16LDVnTQIqtPmk=) has send a requested to sell twp_americanrifle_mag_5rnd x1 at the trader "Attachments (Oliver [#STR_EXPANSION_MARKET_TRADER_ATTACHMENTS])" in market zone "OUTLIVE Trader" (pos=<4291.589844, 25.247801, 4162.500000>).
03:33:26 [Market] Player "Bflame" (id=u7jy1hFXeX-3C-ubChAdh59YiiyuY16LDVnTQIqtPmk=) has sold twp_americanrifle_mag_5rnd x1 at the trader "Attachments (Oliver [#STR_EXPANSION_MARKET_TRADER_ATTACHMENTS])" in market zone "OUTLIVE Trader" (pos=<4291.589844, 25.247801, 4162.500000>) and got 50.
03:33:26 [Market] Player "Bflame" (id=u7jy1hFXeX-3C-ubChAdh59YiiyuY16LDVnTQIqtPmk=) has send a requested to sell twp_ash12_mag_10rnd x1 at the trader "Attachments (Oliver [#STR_EXPANSION_MARKET_TRADER_ATTACHMENTS])" in market zone "OUTLIVE Trader" (pos=<4291.589844, 25.247801, 4162.500000>).
03:33:26 [Market] Player "Bflame" (id=u7jy1hFXeX-3C-ubChAdh59YiiyuY16LDVnTQIqtPmk=) has sold twp_ash12_mag_10rnd x1 at the trader "Attachments (Oliver [#STR_EXPANSION_MARKET_TRADER_ATTACHMENTS])" in market zone "OUTLIVE Trader" (pos=<4291.589844, 25.247801, 4162.500000>) and got 306.
03:33:27 [Market] Player "Bflame" (id=u7jy1hFXeX-3C-ubChAdh59YiiyuY16LDVnTQIqtPmk=) has send a requested to sell twp_hk33_mag_30rnd x1 at the trader "Attachments (Oliver [#STR_EXPANSION_MARKET_TRADER_ATTACHMENTS])" in market zone "OUTLIVE Trader" (pos=<4291.589844, 25.247801, 4162.500000>).
03:33:27 [Market] Player "Bflame" (id=u7jy1hFXeX-3C-ubChAdh59YiiyuY16LDVnTQIqtPmk=) has sold twp_hk33_mag_30rnd x1 at the trader "Attachments (Oliver [#STR_EXPANSION_MARKET_TRADER_ATTACHMENTS])" in market zone "OUTLIVE Trader" (pos=<4291.589844, 25.247801, 4162.500000>) and got 259.
03:33:28 [Market] Player "Bflame" (id=u7jy1hFXeX-3C-ubChAdh59YiiyuY16LDVnTQIqtPmk=) has send a requested to sell twp_m40a5_mag_5rnd x1 at the trader "Attachments (Oliver [#STR_EXPANSION_MARKET_TRADER_ATTACHMENTS])" in market zone "OUTLIVE Trader" (pos=<4291.589844, 25.247801, 4162.500000>).
03:33:28 [Market] Player "Bflame" (id=u7jy1hFXeX-3C-ubChAdh59YiiyuY16LDVnTQIqtPmk=) has sold twp_m40a5_mag_5rnd x1 at the trader "Attachments (Oliver [#STR_EXPANSION_MARKET_TRADER_ATTACHMENTS])" in market zone "OUTLIVE Trader" (pos=<4291.589844, 25.247801, 4162.500000>) and got 105.
03:33:28 [Market] Player "Bflame" (id=u7jy1hFXeX-3C-ubChAdh59YiiyuY16LDVnTQIqtPmk=) has send a requested to sell twp_p90_mag_50rnd x1 at the trader "Attachments (Oliver [#STR_EXPANSION_MARKET_TRADER_ATTACHMENTS])" in market zone "OUTLIVE Trader" (pos=<4291.589844, 25.247801, 4162.500000>).
03:33:28 [Market] Player "Bflame" (id=u7jy1hFXeX-3C-ubChAdh59YiiyuY16LDVnTQIqtPmk=) has sold twp_p90_mag_50rnd x1 at the trader "Attachments (Oliver [#STR_EXPANSION_MARKET_TRADER_ATTACHMENTS])" in market zone "OUTLIVE Trader" (pos=<4291.589844, 25.247801, 4162.500000>) and got 430.
03:33:32 [Market] Player "Bflame" (id=u7jy1hFXeX-3C-ubChAdh59YiiyuY16LDVnTQIqtPmk=) has send a requested to sell twp_optic_fg42 x1 at the trader "Attachments (Oliver [#STR_EXPANSION_MARKET_TRADER_ATTACHMENTS])" in market zone "OUTLIVE Trader" (pos=<4291.589844, 25.247801, 4162.500000>).
03:33:32 [Market] Player "Bflame" (id=u7jy1hFXeX-3C-ubChAdh59YiiyuY16LDVnTQIqtPmk=) has sold twp_optic_fg42 x1 at the trader "Attachments (Oliver [#STR_EXPANSION_MARKET_TRADER_ATTACHMENTS])" in market zone "OUTLIVE Trader" (pos=<4291.589844, 25.247801, 4162.500000>) and got 75.
03:33:35 [Market] Player "Bflame" (id=u7jy1hFXeX-3C-ubChAdh59YiiyuY16LDVnTQIqtPmk=) has send a requested to sell twp_optic_steyr x1 at the trader "Attachments (Oliver [#STR_EXPANSION_MARKET_TRADER_ATTACHMENTS])" in market zone "OUTLIVE Trader" (pos=<4291.589844, 25.247801, 4162.500000>).
03:33:35 [Market] Player "Bflame" (id=u7jy1hFXeX-3C-ubChAdh59YiiyuY16LDVnTQIqtPmk=) has sold twp_optic_steyr x1 at the trader "Attachments (Oliver [#STR_EXPANSION_MARKET_TRADER_ATTACHMENTS])" in market zone "OUTLIVE Trader" (pos=<4291.589844, 25.247801, 4162.500000>) and got 225.
03:33:38 [Market] Player "Bflame" (id=u7jy1hFXeX-3C-ubChAdh59YiiyuY16LDVnTQIqtPmk=) has send a requested to sell twp_g3a3_suppressor x1 at the trader "Attachments (Oliver [#STR_EXPANSION_MARKET_TRADER_ATTACHMENTS])" in market zone "OUTLIVE Trader" (pos=<4291.589844, 25.247801, 4162.500000>).
03:33:38 [Market] Player "Bflame" (id=u7jy1hFXeX-3C-ubChAdh59YiiyuY16LDVnTQIqtPmk=) has sold twp_g3a3_suppressor x1 at the trader "Attachments (Oliver [#STR_EXPANSION_MARKET_TRADER_ATTACHMENTS])" in market zone "OUTLIVE Trader" (pos=<4291.589844, 25.247801, 4162.500000>) and got 250.
03:33:44 [Market] Player "Bflame" (id=u7jy1hFXeX-3C-ubChAdh59YiiyuY16LDVnTQIqtPmk=) has send a requested to sell mosin_compensator x1 at the trader "Attachments (Oliver [#STR_EXPANSION_MARKET_TRADER_ATTACHMENTS])" in market zone "OUTLIVE Trader" (pos=<4291.589844, 25.247801, 4162.500000>).
03:33:44 [Market] Player "Bflame" (id=u7jy1hFXeX-3C-ubChAdh59YiiyuY16LDVnTQIqtPmk=) has sold mosin_compensator x1 at the trader "Attachments (Oliver [#STR_EXPANSION_MARKET_TRADER_ATTACHMENTS])" in market zone "OUTLIVE Trader" (pos=<4291.589844, 25.247801, 4162.500000>) and got 30.
03:33:45 [Market] Player "Bflame" (id=u7jy1hFXeX-3C-ubChAdh59YiiyuY16LDVnTQIqtPmk=) has send a requested to sell mosin_compensator x1 at the trader "Attachments (Oliver [#STR_EXPANSION_MARKET_TRADER_ATTACHMENTS])" in market zone "OUTLIVE Trader" (pos=<4291.589844, 25.247801, 4162.500000>).
03:33:45 [Market] Player "Bflame" (id=u7jy1hFXeX-3C-ubChAdh59YiiyuY16LDVnTQIqtPmk=) has sold mosin_compensator x1 at the trader "Attachments (Oliver [#STR_EXPANSION_MARKET_TRADER_ATTACHMENTS])" in market zone "OUTLIVE Trader" (pos=<4291.589844, 25.247801, 4162.500000>) and got 30.
03:34:00 [ATM Locker] Player "Bflame" (id=u7jy1hFXeX-3C-ubChAdh59YiiyuY16LDVnTQIqtPmk=) has deposited 26992 on his ATM account.
03:34:31 [Market] Player "Bflame" (id=u7jy1hFXeX-3C-ubChAdh59YiiyuY16LDVnTQIqtPmk=) has send a requested to sell twp_toiletroll x1 at the trader "Medicals (Eva [#STR_EXPANSION_MARKET_TRADER_MEDICALS])" in market zone "OUTLIVE Trader" (pos=<4291.589844, 25.247801, 4162.500000>).
03:34:31 [Market] Player "Bflame" (id=u7jy1hFXeX-3C-ubChAdh59YiiyuY16LDVnTQIqtPmk=) has sold twp_toiletroll x1 at the trader "Medicals (Eva [#STR_EXPANSION_MARKET_TRADER_MEDICALS])" in market zone "OUTLIVE Trader" (pos=<4291.589844, 25.247801, 4162.500000>) and got 300.
03:34:31 [Market] Player "Bflame" (id=u7jy1hFXeX-3C-ubChAdh59YiiyuY16LDVnTQIqtPmk=) has send a requested to sell twp_toiletroll x1 at the trader "Medicals (Eva [#STR_EXPANSION_MARKET_TRADER_MEDICALS])" in market zone "OUTLIVE Trader" (pos=<4291.589844, 25.247801, 4162.500000>).
03:34:31 [Market] Player "Bflame" (id=u7jy1hFXeX-3C-ubChAdh59YiiyuY16LDVnTQIqtPmk=) has sold twp_toiletroll x1 at the trader "Medicals (Eva [#STR_EXPANSION_MARKET_TRADER_MEDICALS])" in market zone "OUTLIVE Trader" (pos=<4291.589844, 25.247801, 4162.500000>) and got 300.
03:34:45 [Market] Player "Bflame" (id=u7jy1hFXeX-3C-ubChAdh59YiiyuY16LDVnTQIqtPmk=) has send a requested to sell peachescan x1 at the trader "Consumables (Naomi [#STR_EXPANSION_MARKET_TRADER_CONSUMABLES])" in market zone "OUTLIVE Trader" (pos=<4291.589844, 25.247801, 4162.500000>).
03:34:45 [Market] Player "Bflame" (id=u7jy1hFXeX-3C-ubChAdh59YiiyuY16LDVnTQIqtPmk=) has sold peachescan x1 at the trader "Consumables (Naomi [#STR_EXPANSION_MARKET_TRADER_CONSUMABLES])" in market zone "OUTLIVE Trader" (pos=<4291.589844, 25.247801, 4162.500000>) and got 12.
03:34:47 [Market] Player "Bflame" (id=u7jy1hFXeX-3C-ubChAdh59YiiyuY16LDVnTQIqtPmk=) has send a requested to sell honey x1 at the trader "Consumables (Naomi [#STR_EXPANSION_MARKET_TRADER_CONSUMABLES])" in market zone "OUTLIVE Trader" (pos=<4291.589844, 25.247801, 4162.500000>).
03:34:47 [Market] Player "Bflame" (id=u7jy1hFXeX-3C-ubChAdh59YiiyuY16LDVnTQIqtPmk=) has sold honey x1 at the trader "Consumables (Naomi [#STR_EXPANSION_MARKET_TRADER_CONSUMABLES])" in market zone "OUTLIVE Trader" (pos=<4291.589844, 25.247801, 4162.500000>) and got 26.
03:35:06 [Market] Player "Bflame" (id=u7jy1hFXeX-3C-ubChAdh59YiiyuY16LDVnTQIqtPmk=) has send a requested to sell mmg_facemask_black x1 at the trader "Clothing (Linda [#STR_EXPANSION_MARKET_TRADER_CLOTHING])" in market zone "OUTLIVE Trader" (pos=<4291.589844, 25.247801, 4162.500000>).
03:35:06 [Market] Player "Bflame" (id=u7jy1hFXeX-3C-ubChAdh59YiiyuY16LDVnTQIqtPmk=) has sold mmg_facemask_black x1 at the trader "Clothing (Linda [#STR_EXPANSION_MARKET_TRADER_CLOTHING])" in market zone "OUTLIVE Trader" (pos=<4291.589844, 25.247801, 4162.500000>) and got 300.
03:35:11 [Market] Player "Bflame" (id=u7jy1hFXeX-3C-ubChAdh59YiiyuY16LDVnTQIqtPmk=) has send a requested to sell mmg_falcon_b1_belt_multicam x1 at the trader "Clothing (Linda [#STR_EXPANSION_MARKET_TRADER_CLOTHING])" in market zone "OUTLIVE Trader" (pos=<4291.589844, 25.247801, 4162.500000>).
03:35:11 [Market] Player "Bflame" (id=u7jy1hFXeX-3C-ubChAdh59YiiyuY16LDVnTQIqtPmk=) has sold mmg_falcon_b1_belt_multicam x1 at the trader "Clothing (Linda [#STR_EXPANSION_MARKET_TRADER_CLOTHING])" in market zone "OUTLIVE Trader" (pos=<4291.589844, 25.247801, 4162.500000>) and got 1500.
03:35:25 [Market] Player "Bflame" (id=u7jy1hFXeX-3C-ubChAdh59YiiyuY16LDVnTQIqtPmk=) has send a requested to sell mvs_heavy_pouch_od x1 at the trader "Clothing (Linda [#STR_EXPANSION_MARKET_TRADER_CLOTHING])" in market zone "OUTLIVE Trader" (pos=<4291.589844, 25.247801, 4162.500000>).
03:35:25 [Market] Player "Bflame" (id=u7jy1hFXeX-3C-ubChAdh59YiiyuY16LDVnTQIqtPmk=) has sold mvs_heavy_pouch_od x1 at the trader "Clothing (Linda [#STR_EXPANSION_MARKET_TRADER_CLOTHING])" in market zone "OUTLIVE Trader" (pos=<4291.589844, 25.247801, 4162.500000>) and got 450.
03:35:30 [Market] Player "Bflame" (id=u7jy1hFXeX-3C-ubChAdh59YiiyuY16LDVnTQIqtPmk=) has send a requested to sell sheriff_badge x1 at the trader "Clothing (Linda [#STR_EXPANSION_MARKET_TRADER_CLOTHING])" in market zone "OUTLIVE Trader" (pos=<4291.589844, 25.247801, 4162.500000>).
03:35:30 [Market] Player "Bflame" (id=u7jy1hFXeX-3C-ubChAdh59YiiyuY16LDVnTQIqtPmk=) has sold sheriff_badge x1 at the trader "Clothing (Linda [#STR_EXPANSION_MARKET_TRADER_CLOTHING])" in market zone "OUTLIVE Trader" (pos=<4291.589844, 25.247801, 4162.500000>) and got 600.
03:35:31 [Market] Player "Bflame" (id=u7jy1hFXeX-3C-ubChAdh59YiiyuY16LDVnTQIqtPmk=) has send a requested to sell sheriff_badge x1 at the trader "Clothing (Linda [#STR_EXPANSION_MARKET_TRADER_CLOTHING])" in market zone "OUTLIVE Trader" (pos=<4291.589844, 25.247801, 4162.500000>).
03:35:31 [Market] Player "Bflame" (id=u7jy1hFXeX-3C-ubChAdh59YiiyuY16LDVnTQIqtPmk=) has sold sheriff_badge x1 at the trader "Clothing (Linda [#STR_EXPANSION_MARKET_TRADER_CLOTHING])" in market zone "OUTLIVE Trader" (pos=<4291.589844, 25.247801, 4162.500000>) and got 600.
03:35:31 [Market] Player "Bflame" (id=u7jy1hFXeX-3C-ubChAdh59YiiyuY16LDVnTQIqtPmk=) has send a requested to sell sheriff_badge x1 at the trader "Clothing (Linda [#STR_EXPANSION_MARKET_TRADER_CLOTHING])" in market zone "OUTLIVE Trader" (pos=<4291.589844, 25.247801, 4162.500000>).
03:35:31 [Market] Player "Bflame" (id=u7jy1hFXeX-3C-ubChAdh59YiiyuY16LDVnTQIqtPmk=) has sold sheriff_badge x1 at the trader "Clothing (Linda [#STR_EXPANSION_MARKET_TRADER_CLOTHING])" in market zone "OUTLIVE Trader" (pos=<4291.589844, 25.247801, 4162.500000>) and got 600.
03:35:50 [Market] Player "Bflame" (id=u7jy1hFXeX-3C-ubChAdh59YiiyuY16LDVnTQIqtPmk=) has send a requested to sell mmg_double_magpouch_black x1 at the trader "Clothing (Linda [#STR_EXPANSION_MARKET_TRADER_CLOTHING])" in market zone "OUTLIVE Trader" (pos=<4291.589844, 25.247801, 4162.500000>).
03:35:51 [Market] Player "Bflame" (id=u7jy1hFXeX-3C-ubChAdh59YiiyuY16LDVnTQIqtPmk=) has sold mmg_double_magpouch_black x1 at the trader "Clothing (Linda [#STR_EXPANSION_MARKET_TRADER_CLOTHING])" in market zone "OUTLIVE Trader" (pos=<4291.589844, 25.247801, 4162.500000>) and got 200.
03:36:03 [Market] Player "Bflame" (id=u7jy1hFXeX-3C-ubChAdh59YiiyuY16LDVnTQIqtPmk=) has send a requested to sell twp_an94_mag_30rnd x1 at the trader "Attachments (Oliver [#STR_EXPANSION_MARKET_TRADER_ATTACHMENTS])" in market zone "OUTLIVE Trader" (pos=<4291.589844, 25.247801, 4162.500000>).
03:36:03 [Market] Player "Bflame" (id=u7jy1hFXeX-3C-ubChAdh59YiiyuY16LDVnTQIqtPmk=) has sold twp_an94_mag_30rnd x1 at the trader "Attachments (Oliver [#STR_EXPANSION_MARKET_TRADER_ATTACHMENTS])" in market zone "OUTLIVE Trader" (pos=<4291.589844, 25.247801, 4162.500000>) and got 294.
03:36:04 [Market] Player "Bflame" (id=u7jy1hFXeX-3C-ubChAdh59YiiyuY16LDVnTQIqtPmk=) has send a requested to sell twp_an94_mag_30rnd x1 at the trader "Attachments (Oliver [#STR_EXPANSION_MARKET_TRADER_ATTACHMENTS])" in market zone "OUTLIVE Trader" (pos=<4291.589844, 25.247801, 4162.500000>).
03:36:04 [Market] Player "Bflame" (id=u7jy1hFXeX-3C-ubChAdh59YiiyuY16LDVnTQIqtPmk=) has sold twp_an94_mag_30rnd x1 at the trader "Attachments (Oliver [#STR_EXPANSION_MARKET_TRADER_ATTACHMENTS])" in market zone "OUTLIVE Trader" (pos=<4291.589844, 25.247801, 4162.500000>) and got 264.
03:36:28 [ATM Locker] Player "Bflame" (id=u7jy1hFXeX-3C-ubChAdh59YiiyuY16LDVnTQIqtPmk=) has deposited 5446 on his ATM account.
03:36:38 [VehicleCarKey] Player "Bflame" (id=u7jy1hFXeX-3C-ubChAdh59YiiyuY16LDVnTQIqtPmk= pos=<4259.599121, 10.533839, 4171.906738>) used the  ExpansionCarKey to unlock a ExpansionMh6
03:40:32 [Chat - Global]("Bflame"(id=u7jy1hFXeX-3C-ubChAdh59YiiyuY16LDVnTQIqtPmk=)): uz lletiim
03:40:32 [Chat - Global]("Bflame"(id=u7jy1hFXeX-3C-ubChAdh59YiiyuY16LDVnTQIqtPmk=)): uz lletiim
03:41:41 [Chat - Global]("Aycarambakid"(id=jX_CFGAIC2WIrh3kyOKKQ7qs26A3y_stFGEESltAkWQ=)): prilet ku mne z lava
03:41:48 [Chat - Global]("Bflame"(id=u7jy1hFXeX-3C-ubChAdh59YiiyuY16LDVnTQIqtPmk=)): ok
03:42:38 [Chat - Global]("Aycarambakid"(id=jX_CFGAIC2WIrh3kyOKKQ7qs26A3y_stFGEESltAkWQ=)): neviem odkial to po mne sije ten AI zmrd
03:42:39 [Safezone] Player "Bflame" (id=u7jy1hFXeX-3C-ubChAdh59YiiyuY16LDVnTQIqtPmk= pos=<4044.858154, 179.772797, 4591.276367>) Left the safezone
03:42:57 [Chat - Global]("Bflame"(id=u7jy1hFXeX-3C-ubChAdh59YiiyuY16LDVnTQIqtPmk=)): no paarada
03:46:53 [VehicleCarKey] Player "Bflame" (id=u7jy1hFXeX-3C-ubChAdh59YiiyuY16LDVnTQIqtPmk= pos=<1420.173828, 13.829223, 9905.833984>) used the  ExpansionCarKey to lock a ExpansionMh6
03:50:03 [VehicleCarKey] Player "Bflame" (id=u7jy1hFXeX-3C-ubChAdh59YiiyuY16LDVnTQIqtPmk= pos=<1419.741333, 13.792104, 9905.675781>) used the  ExpansionCarKey to unlock a ExpansionMh6
03:50:44 [Chat - Global]("Bflame"(id=u7jy1hFXeX-3C-ubChAdh59YiiyuY16LDVnTQIqtPmk=)): dpc restart 1m 
03:50:48 [Chat - Global]("Bflame"(id=u7jy1hFXeX-3C-ubChAdh59YiiyuY16LDVnTQIqtPmk=)): 10m
03:50:48 [Chat - Global]("Bflame"(id=u7jy1hFXeX-3C-ubChAdh59YiiyuY16LDVnTQIqtPmk=)): 10m
03:50:50 [Chat - Global]("Aycarambakid"(id=jX_CFGAIC2WIrh3kyOKKQ7qs26A3y_stFGEESltAkWQ=)): 10
03:50:58 [Chat - Global]("Aycarambakid"(id=jX_CFGAIC2WIrh3kyOKKQ7qs26A3y_stFGEESltAkWQ=)): to dame
03:52:22 [Chat - Global]("Bflame"(id=u7jy1hFXeX-3C-ubChAdh59YiiyuY16LDVnTQIqtPmk=)): kuurrv... :)
03:59:01 [VehicleCarKey] Player "Bflame" (id=u7jy1hFXeX-3C-ubChAdh59YiiyuY16LDVnTQIqtPmk= pos=<1589.730469, 24.037745, 9882.110352>) used the  ExpansionCarKey to lock a ExpansionMh6
