08:02:40 [AI Object Patrol] Generating an example config...
08:45:41 [Expansion Quests] - SetupClientData - Loaded existing player quest data for player with UID: xYupmIqC3C2PJU57N9BnIpPl--oJP40A0d4GY2B8Hl0=
08:45:41 [Expansion Quests] - PlayerQuestsInit - Create new quest instance for quest: 19 - Creator UID: xYupmIqC3C2PJU57N9BnIpPl--oJP40A0d4GY2B8Hl0=
08:45:41 [Expansion Quests] - PlayerQuestsInit - Create new quest instance for quest: 20 - Creator UID: xYupmIqC3C2PJU57N9BnIpPl--oJP40A0d4GY2B8Hl0=
08:45:41 [Expansion Quests] - PlayerQuestsInit - Create new quest instance for quest: 23 - Creator UID: xYupmIqC3C2PJU57N9BnIpPl--oJP40A0d4GY2B8Hl0=
08:50:46 [MissionAirdrop] An airdrop is heading towards "Prien" (pos=<4452.000000, 0.000000, 2196.000000> type=Random_Prien) with a ExpansionAirdropContainer_Medical
08:50:46 [MissionAirdrop] An airdrop is heading towards "Obing" (pos=<6316.000000, 0.000000, 9204.000000> type=Random_Obing) with a ExpansionAirdropContainer_Medical
09:04:22 [Expansion Quests] - CompleteQuest - Player with UID xYupmIqC3C2PJU57N9BnIpPl--oJP40A0d4GY2B8Hl0= has completed quest 19
09:04:22 [Expansion Quests] - ExpansionQuest - Quest owner ID: xYupmIqC3C2PJU57N9BnIpPl--oJP40A0d4GY2B8Hl0=
09:04:22 [Expansion Quests] - ExpansionQuest - Quest ID: 19
09:04:22 [Expansion Quests] - ExpansionQuest - Quest state: 3
09:04:22 [Expansion Quests] - ExpansionQuest - Quest completed: true
09:32:21 [Expansion Quests] - SetupClientData - Loaded existing player quest data for player with UID: u7jy1hFXeX-3C-ubChAdh59YiiyuY16LDVnTQIqtPmk=
09:32:21 [Expansion Quests] - PlayerQuestsInit - Create new quest instance for quest: 23 - Creator UID: u7jy1hFXeX-3C-ubChAdh59YiiyuY16LDVnTQIqtPmk=
09:52:05 [Expansion Quests] - SetupClientData - Loaded existing player quest data for player with UID: iyN6JbNqEvHMp_A5zeXvCmCy1_EaihIFwZocZ4y6-LM=
09:52:05 [Expansion Quests] - PlayerQuestsInit - Create new quest instance for quest: 20 - Creator UID: iyN6JbNqEvHMp_A5zeXvCmCy1_EaihIFwZocZ4y6-LM=
09:52:05 [Expansion Quests] - PlayerQuestsInit - Create new quest instance for quest: 23 - Creator UID: iyN6JbNqEvHMp_A5zeXvCmCy1_EaihIFwZocZ4y6-LM=
09:55:56 [Expansion Quests] - SetupClientData - Got cached player quest data for player with UID: xYupmIqC3C2PJU57N9BnIpPl--oJP40A0d4GY2B8Hl0=
09:55:56 [Expansion Quests] - PlayerQuestsInit - Create new quest instance for quest: 23 - Creator UID: xYupmIqC3C2PJU57N9BnIpPl--oJP40A0d4GY2B8Hl0=
09:56:02 [Expansion Quests] - CreateQuestInstance - Created new quest instance for player with UID u7jy1hFXeX-3C-ubChAdh59YiiyuY16LDVnTQIqtPmk= for quest 56
09:56:02 [Expansion Quests] - ExpansionQuest - Quest owner ID: u7jy1hFXeX-3C-ubChAdh59YiiyuY16LDVnTQIqtPmk=
09:56:02 [Expansion Quests] - ExpansionQuest - Quest ID: 56
09:56:02 [Expansion Quests] - ExpansionQuest - Quest state: 1
09:56:02 [Expansion Quests] - ExpansionQuest - Quest completed: false
09:56:35 [Expansion Quests] - CreateQuestInstance - Created new quest instance for player with UID u7jy1hFXeX-3C-ubChAdh59YiiyuY16LDVnTQIqtPmk= for quest 30
09:56:35 [Expansion Quests] - ExpansionQuest - Quest owner ID: u7jy1hFXeX-3C-ubChAdh59YiiyuY16LDVnTQIqtPmk=
09:56:35 [Expansion Quests] - ExpansionQuest - Quest ID: 30
09:56:35 [Expansion Quests] - ExpansionQuest - Quest state: 1
09:56:35 [Expansion Quests] - ExpansionQuest - Quest completed: false
09:56:45 [Chat - Global]("P@lko2265"(id=iyN6JbNqEvHMp_A5zeXvCmCy1_EaihIFwZocZ4y6-LM=)): zdarec
10:00:28 [VehicleCarKey] Player "Bflame" (id=u7jy1hFXeX-3C-ubChAdh59YiiyuY16LDVnTQIqtPmk= pos=<4527.512207, 15.302692, 2484.036377>) used the  ExpansionCarKey to unlock a ExpansionMh6
10:00:33 [VehicleCarKey] Player "Bflame" (id=u7jy1hFXeX-3C-ubChAdh59YiiyuY16LDVnTQIqtPmk= pos=<4526.584473, 15.303898, 2484.245605>) used the  ExpansionCarKey to lock a ExpansionMh6
10:03:33 [VehicleCarKey] Player "P@lko2265" (id=iyN6JbNqEvHMp_A5zeXvCmCy1_EaihIFwZocZ4y6-LM= pos=<4375.215332, 2.025879, 5957.700684>) used the  ExpansionCarKey to unlock a ExpansionGyrocopter
10:13:35 [Expansion Quests] - SetupClientData - Got cached player quest data for player with UID: u7jy1hFXeX-3C-ubChAdh59YiiyuY16LDVnTQIqtPmk=
10:13:35 [Expansion Quests] - PlayerQuestsInit - Create new quest instance for quest: 23 - Creator UID: u7jy1hFXeX-3C-ubChAdh59YiiyuY16LDVnTQIqtPmk=
10:13:35 [Expansion Quests] - PlayerQuestsInit - Create new quest instance for quest: 56 - Creator UID: u7jy1hFXeX-3C-ubChAdh59YiiyuY16LDVnTQIqtPmk=
10:14:19 [VehicleCarKey] Player "Bflame" (id=u7jy1hFXeX-3C-ubChAdh59YiiyuY16LDVnTQIqtPmk= pos=<4526.974121, 15.725130, 2483.431641>) used the  ExpansionCarKey to unlock a ExpansionMh6
10:16:18 [MissionAirdrop] An airdrop is heading towards "Krautinsel" (pos=<8192.009766, 0.000000, 4341.879883> type=Random_KrautInsel) with a ExpansionAirdropContainer_Military
10:16:18 [MissionAirdrop] An airdrop is heading towards "Stein" (pos=<4619.000000, 0.000000, 7618.000000> type=Random_Stein) with a ExpansionAirdropContainer_Military
10:17:20 [VehicleCarKey] Player "P@lko2265" (id=iyN6JbNqEvHMp_A5zeXvCmCy1_EaihIFwZocZ4y6-LM= pos=<7009.766113, 29.831259, 5919.863770>) used the  ExpansionCarKey to lock a ExpansionGyrocopter
10:19:49 [VehicleCarKey] Player "P@lko2265" (id=iyN6JbNqEvHMp_A5zeXvCmCy1_EaihIFwZocZ4y6-LM= pos=<7008.259277, 29.823229, 5919.028809>) used the  ExpansionCarKey to unlock a ExpansionGyrocopter
10:21:50 [VehicleCarKey] Player "Bflame" (id=u7jy1hFXeX-3C-ubChAdh59YiiyuY16LDVnTQIqtPmk= pos=<4526.743164, 15.303392, 2484.161621>) used the  ExpansionCarKey to lock a ExpansionMh6
10:22:39 [Expansion Quests] - SetupClientData - Got cached player quest data for player with UID: iyN6JbNqEvHMp_A5zeXvCmCy1_EaihIFwZocZ4y6-LM=
10:23:35 [VehicleCarKey] Player "P@lko2265" (id=iyN6JbNqEvHMp_A5zeXvCmCy1_EaihIFwZocZ4y6-LM= pos=<6991.486328, 24.333603, 5308.375000>) used the  ExpansionCarKey to lock a ExpansionGyrocopter
10:26:12 [Safezone] Player "Sayan" (id=xYupmIqC3C2PJU57N9BnIpPl--oJP40A0d4GY2B8Hl0= pos=<4395.497070, 1.550215, 4085.521973>) Entered the safezone
10:28:17 [Market] Player "Sayan" (id=xYupmIqC3C2PJU57N9BnIpPl--oJP40A0d4GY2B8Hl0=) has send a requested to sell twp_smithwesson_knife_black x1 at the trader "Weapons (Denis [#STR_EXPANSION_MARKET_TRADER_WEAPONS])" in market zone "OUTLIVE Trader" (pos=<4291.589844, 25.247801, 4162.500000>).
10:28:17 [Market] Player "Sayan" (id=xYupmIqC3C2PJU57N9BnIpPl--oJP40A0d4GY2B8Hl0=) has sold twp_smithwesson_knife_black x1 at the trader "Weapons (Denis [#STR_EXPANSION_MARKET_TRADER_WEAPONS])" in market zone "OUTLIVE Trader" (pos=<4291.589844, 25.247801, 4162.500000>) and got 130.
10:28:52 [Market] Player "Sayan" (id=xYupmIqC3C2PJU57N9BnIpPl--oJP40A0d4GY2B8Hl0=) has send a requested to sell expansion_mp7 x1 at the trader "Weapons (Denis [#STR_EXPANSION_MARKET_TRADER_WEAPONS])" in market zone "OUTLIVE Trader" (pos=<4291.589844, 25.247801, 4162.500000>).
10:28:52 [Market] Player "Sayan" (id=xYupmIqC3C2PJU57N9BnIpPl--oJP40A0d4GY2B8Hl0=) has sold expansion_mp7 x1 at the trader "Weapons (Denis [#STR_EXPANSION_MARKET_TRADER_WEAPONS])" in market zone "OUTLIVE Trader" (pos=<4291.589844, 25.247801, 4162.500000>) and got 450.
10:28:58 [Market] Player "Sayan" (id=xYupmIqC3C2PJU57N9BnIpPl--oJP40A0d4GY2B8Hl0=) has send a requested to sell glock19 x1 at the trader "Weapons (Denis [#STR_EXPANSION_MARKET_TRADER_WEAPONS])" in market zone "OUTLIVE Trader" (pos=<4291.589844, 25.247801, 4162.500000>).
10:28:58 [Market] Player "Sayan" (id=xYupmIqC3C2PJU57N9BnIpPl--oJP40A0d4GY2B8Hl0=) has sold glock19 x1 at the trader "Weapons (Denis [#STR_EXPANSION_MARKET_TRADER_WEAPONS])" in market zone "OUTLIVE Trader" (pos=<4291.589844, 25.247801, 4162.500000>) and got 68.
10:29:27 [Market] Player "Sayan" (id=xYupmIqC3C2PJU57N9BnIpPl--oJP40A0d4GY2B8Hl0=) has send a requested to sell saiga x1 at the trader "Weapons (Denis [#STR_EXPANSION_MARKET_TRADER_WEAPONS])" in market zone "OUTLIVE Trader" (pos=<4291.589844, 25.247801, 4162.500000>).
10:29:27 [Market] Player "Sayan" (id=xYupmIqC3C2PJU57N9BnIpPl--oJP40A0d4GY2B8Hl0=) has sold saiga x1 at the trader "Weapons (Denis [#STR_EXPANSION_MARKET_TRADER_WEAPONS])" in market zone "OUTLIVE Trader" (pos=<4291.589844, 25.247801, 4162.500000>) and got 510.
10:29:40 [Market] Player "Sayan" (id=xYupmIqC3C2PJU57N9BnIpPl--oJP40A0d4GY2B8Hl0=) has send a requested to sell twp_americanrifle x1 at the trader "Weapons (Denis [#STR_EXPANSION_MARKET_TRADER_WEAPONS])" in market zone "OUTLIVE Trader" (pos=<4291.589844, 25.247801, 4162.500000>).
10:29:40 [Market] Player "Sayan" (id=xYupmIqC3C2PJU57N9BnIpPl--oJP40A0d4GY2B8Hl0=) has sold twp_americanrifle x1 at the trader "Weapons (Denis [#STR_EXPANSION_MARKET_TRADER_WEAPONS])" in market zone "OUTLIVE Trader" (pos=<4291.589844, 25.247801, 4162.500000>) and got 5000.
10:30:04 [Market] Player "Sayan" (id=xYupmIqC3C2PJU57N9BnIpPl--oJP40A0d4GY2B8Hl0=) has send a requested to sell ammo_308win x33 at the trader "Attachments (Oliver [#STR_EXPANSION_MARKET_TRADER_ATTACHMENTS])" in market zone "OUTLIVE Trader" (pos=<4291.589844, 25.247801, 4162.500000>).
10:30:04 [Market] Player "Sayan" (id=xYupmIqC3C2PJU57N9BnIpPl--oJP40A0d4GY2B8Hl0=) has sold ammo_308win x33 at the trader "Attachments (Oliver [#STR_EXPANSION_MARKET_TRADER_ATTACHMENTS])" in market zone "OUTLIVE Trader" (pos=<4291.589844, 25.247801, 4162.500000>) and got 327.
10:30:07 [Market] Player "Sayan" (id=xYupmIqC3C2PJU57N9BnIpPl--oJP40A0d4GY2B8Hl0=) has send a requested to sell ammo_308win x1 at the trader "Attachments (Oliver [#STR_EXPANSION_MARKET_TRADER_ATTACHMENTS])" in market zone "OUTLIVE Trader" (pos=<4291.589844, 25.247801, 4162.500000>).
10:30:07 [Market] Player "Sayan" (id=xYupmIqC3C2PJU57N9BnIpPl--oJP40A0d4GY2B8Hl0=) has sold ammo_308win x1 at the trader "Attachments (Oliver [#STR_EXPANSION_MARKET_TRADER_ATTACHMENTS])" in market zone "OUTLIVE Trader" (pos=<4291.589844, 25.247801, 4162.500000>) and got 10.
10:30:21 [Market] Player "Sayan" (id=xYupmIqC3C2PJU57N9BnIpPl--oJP40A0d4GY2B8Hl0=) has send a requested to sell ammo_308win x33 at the trader "Attachments (Oliver [#STR_EXPANSION_MARKET_TRADER_ATTACHMENTS])" in market zone "OUTLIVE Trader" (pos=<4291.589844, 25.247801, 4162.500000>).
10:30:21 [Market] Player "Sayan" (id=xYupmIqC3C2PJU57N9BnIpPl--oJP40A0d4GY2B8Hl0=) has sold ammo_308win x33 at the trader "Attachments (Oliver [#STR_EXPANSION_MARKET_TRADER_ATTACHMENTS])" in market zone "OUTLIVE Trader" (pos=<4291.589844, 25.247801, 4162.500000>) and got 327.
10:30:48 [Market] Player "Sayan" (id=xYupmIqC3C2PJU57N9BnIpPl--oJP40A0d4GY2B8Hl0=) has send a requested to sell ammo_762x39 x115 at the trader "Attachments (Oliver [#STR_EXPANSION_MARKET_TRADER_ATTACHMENTS])" in market zone "OUTLIVE Trader" (pos=<4291.589844, 25.247801, 4162.500000>).
10:30:48 [Market] Player "Sayan" (id=xYupmIqC3C2PJU57N9BnIpPl--oJP40A0d4GY2B8Hl0=) has sold ammo_762x39 x115 at the trader "Attachments (Oliver [#STR_EXPANSION_MARKET_TRADER_ATTACHMENTS])" in market zone "OUTLIVE Trader" (pos=<4291.589844, 25.247801, 4162.500000>) and got 966.
10:30:56 [Market] Player "Sayan" (id=xYupmIqC3C2PJU57N9BnIpPl--oJP40A0d4GY2B8Hl0=) has send a requested to sell mag_expansion_m14_10rnd x1 at the trader "Attachments (Oliver [#STR_EXPANSION_MARKET_TRADER_ATTACHMENTS])" in market zone "OUTLIVE Trader" (pos=<4291.589844, 25.247801, 4162.500000>).
10:30:56 [Market] Player "Sayan" (id=xYupmIqC3C2PJU57N9BnIpPl--oJP40A0d4GY2B8Hl0=) has sold mag_expansion_m14_10rnd x1 at the trader "Attachments (Oliver [#STR_EXPANSION_MARKET_TRADER_ATTACHMENTS])" in market zone "OUTLIVE Trader" (pos=<4291.589844, 25.247801, 4162.500000>) and got 99.
10:31:05 [Market] Player "Sayan" (id=xYupmIqC3C2PJU57N9BnIpPl--oJP40A0d4GY2B8Hl0=) has send a requested to sell m4_t3nrdsoptic x1 at the trader "Attachments (Oliver [#STR_EXPANSION_MARKET_TRADER_ATTACHMENTS])" in market zone "OUTLIVE Trader" (pos=<4291.589844, 25.247801, 4162.500000>).
10:31:05 [Market] Player "Sayan" (id=xYupmIqC3C2PJU57N9BnIpPl--oJP40A0d4GY2B8Hl0=) has sold m4_t3nrdsoptic x1 at the trader "Attachments (Oliver [#STR_EXPANSION_MARKET_TRADER_ATTACHMENTS])" in market zone "OUTLIVE Trader" (pos=<4291.589844, 25.247801, 4162.500000>) and got 100.
10:31:10 [Market] Player "Sayan" (id=xYupmIqC3C2PJU57N9BnIpPl--oJP40A0d4GY2B8Hl0=) has send a requested to sell twp_usppsychodelic_mag_15rnd x1 at the trader "Attachments (Oliver [#STR_EXPANSION_MARKET_TRADER_ATTACHMENTS])" in market zone "OUTLIVE Trader" (pos=<4291.589844, 25.247801, 4162.500000>).
10:31:10 [Market] Player "Sayan" (id=xYupmIqC3C2PJU57N9BnIpPl--oJP40A0d4GY2B8Hl0=) has sold twp_usppsychodelic_mag_15rnd x1 at the trader "Attachments (Oliver [#STR_EXPANSION_MARKET_TRADER_ATTACHMENTS])" in market zone "OUTLIVE Trader" (pos=<4291.589844, 25.247801, 4162.500000>) and got 100.
10:31:14 [Market] Player "Sayan" (id=xYupmIqC3C2PJU57N9BnIpPl--oJP40A0d4GY2B8Hl0=) has send a requested to sell twp_spas15_mag_8rnd x1 at the trader "Attachments (Oliver [#STR_EXPANSION_MARKET_TRADER_ATTACHMENTS])" in market zone "OUTLIVE Trader" (pos=<4291.589844, 25.247801, 4162.500000>).
10:31:14 [Market] Player "Sayan" (id=xYupmIqC3C2PJU57N9BnIpPl--oJP40A0d4GY2B8Hl0=) has sold twp_spas15_mag_8rnd x1 at the trader "Attachments (Oliver [#STR_EXPANSION_MARKET_TRADER_ATTACHMENTS])" in market zone "OUTLIVE Trader" (pos=<4291.589844, 25.247801, 4162.500000>) and got 97.
10:31:18 [Market] Player "Sayan" (id=xYupmIqC3C2PJU57N9BnIpPl--oJP40A0d4GY2B8Hl0=) has send a requested to sell twp_pindadss2_mag_30rnd x1 at the trader "Attachments (Oliver [#STR_EXPANSION_MARKET_TRADER_ATTACHMENTS])" in market zone "OUTLIVE Trader" (pos=<4291.589844, 25.247801, 4162.500000>).
10:31:18 [Market] Player "Sayan" (id=xYupmIqC3C2PJU57N9BnIpPl--oJP40A0d4GY2B8Hl0=) has sold twp_pindadss2_mag_30rnd x1 at the trader "Attachments (Oliver [#STR_EXPANSION_MARKET_TRADER_ATTACHMENTS])" in market zone "OUTLIVE Trader" (pos=<4291.589844, 25.247801, 4162.500000>) and got 345.
10:31:24 [Market] Player "Sayan" (id=xYupmIqC3C2PJU57N9BnIpPl--oJP40A0d4GY2B8Hl0=) has send a requested to sell twp_mab38_mag_40rnd x1 at the trader "Attachments (Oliver [#STR_EXPANSION_MARKET_TRADER_ATTACHMENTS])" in market zone "OUTLIVE Trader" (pos=<4291.589844, 25.247801, 4162.500000>).
10:31:24 [Market] Player "Sayan" (id=xYupmIqC3C2PJU57N9BnIpPl--oJP40A0d4GY2B8Hl0=) has sold twp_mab38_mag_40rnd x1 at the trader "Attachments (Oliver [#STR_EXPANSION_MARKET_TRADER_ATTACHMENTS])" in market zone "OUTLIVE Trader" (pos=<4291.589844, 25.247801, 4162.500000>) and got 267.
10:31:27 [Market] Player "Sayan" (id=xYupmIqC3C2PJU57N9BnIpPl--oJP40A0d4GY2B8Hl0=) has send a requested to sell twp_m200mod_mag_10rnd x1 at the trader "Attachments (Oliver [#STR_EXPANSION_MARKET_TRADER_ATTACHMENTS])" in market zone "OUTLIVE Trader" (pos=<4291.589844, 25.247801, 4162.500000>).
10:31:28 [Market] Player "Sayan" (id=xYupmIqC3C2PJU57N9BnIpPl--oJP40A0d4GY2B8Hl0=) has sold twp_m200mod_mag_10rnd x1 at the trader "Attachments (Oliver [#STR_EXPANSION_MARKET_TRADER_ATTACHMENTS])" in market zone "OUTLIVE Trader" (pos=<4291.589844, 25.247801, 4162.500000>) and got 207.
10:31:31 [Market] Player "Sayan" (id=xYupmIqC3C2PJU57N9BnIpPl--oJP40A0d4GY2B8Hl0=) has send a requested to sell twp_l96a1_mag_5rnd x1 at the trader "Attachments (Oliver [#STR_EXPANSION_MARKET_TRADER_ATTACHMENTS])" in market zone "OUTLIVE Trader" (pos=<4291.589844, 25.247801, 4162.500000>).
10:31:31 [Market] Player "Sayan" (id=xYupmIqC3C2PJU57N9BnIpPl--oJP40A0d4GY2B8Hl0=) has sold twp_l96a1_mag_5rnd x1 at the trader "Attachments (Oliver [#STR_EXPANSION_MARKET_TRADER_ATTACHMENTS])" in market zone "OUTLIVE Trader" (pos=<4291.589844, 25.247801, 4162.500000>) and got 105.
10:31:32 [Market] Player "Sayan" (id=xYupmIqC3C2PJU57N9BnIpPl--oJP40A0d4GY2B8Hl0=) has send a requested to sell twp_hk416_mag_40rnd x1 at the trader "Attachments (Oliver [#STR_EXPANSION_MARKET_TRADER_ATTACHMENTS])" in market zone "OUTLIVE Trader" (pos=<4291.589844, 25.247801, 4162.500000>).
10:31:32 [Market] Player "Sayan" (id=xYupmIqC3C2PJU57N9BnIpPl--oJP40A0d4GY2B8Hl0=) has sold twp_hk416_mag_40rnd x1 at the trader "Attachments (Oliver [#STR_EXPANSION_MARKET_TRADER_ATTACHMENTS])" in market zone "OUTLIVE Trader" (pos=<4291.589844, 25.247801, 4162.500000>) and got 382.
10:31:35 [Market] Player "Sayan" (id=xYupmIqC3C2PJU57N9BnIpPl--oJP40A0d4GY2B8Hl0=) has send a requested to sell twp_frf2blackdragon_mag_10rnd x1 at the trader "Attachments (Oliver [#STR_EXPANSION_MARKET_TRADER_ATTACHMENTS])" in market zone "OUTLIVE Trader" (pos=<4291.589844, 25.247801, 4162.500000>).
10:31:35 [Market] Player "Sayan" (id=xYupmIqC3C2PJU57N9BnIpPl--oJP40A0d4GY2B8Hl0=) has sold twp_frf2blackdragon_mag_10rnd x1 at the trader "Attachments (Oliver [#STR_EXPANSION_MARKET_TRADER_ATTACHMENTS])" in market zone "OUTLIVE Trader" (pos=<4291.589844, 25.247801, 4162.500000>) and got 125.
10:31:38 [Market] Player "Sayan" (id=xYupmIqC3C2PJU57N9BnIpPl--oJP40A0d4GY2B8Hl0=) has send a requested to sell twp_aa12helldragon_mag_32rnd x1 at the trader "Attachments (Oliver [#STR_EXPANSION_MARKET_TRADER_ATTACHMENTS])" in market zone "OUTLIVE Trader" (pos=<4291.589844, 25.247801, 4162.500000>).
10:31:38 [Market] Player "Sayan" (id=xYupmIqC3C2PJU57N9BnIpPl--oJP40A0d4GY2B8Hl0=) has sold twp_aa12helldragon_mag_32rnd x1 at the trader "Attachments (Oliver [#STR_EXPANSION_MARKET_TRADER_ATTACHMENTS])" in market zone "OUTLIVE Trader" (pos=<4291.589844, 25.247801, 4162.500000>) and got 300.
10:32:04 [Expansion Quests] - SetupClientData - Got cached player quest data for player with UID: u7jy1hFXeX-3C-ubChAdh59YiiyuY16LDVnTQIqtPmk=
10:32:33 [VehicleCarKey] Player "Bflame" (id=u7jy1hFXeX-3C-ubChAdh59YiiyuY16LDVnTQIqtPmk= pos=<4527.025391, 15.305939, 2484.583008>) used the  ExpansionCarKey to unlock a ExpansionMh6
10:33:40 [Market] Player "Sayan" (id=xYupmIqC3C2PJU57N9BnIpPl--oJP40A0d4GY2B8Hl0=) has send a requested to sell flag_chel x1 at the trader "BuildingSupplies (Boris [#STR_EXPANSION_MARKET_TRADER_BUILDING_SUPPLIES])" in market zone "OUTLIVE Trader" (pos=<4291.589844, 25.247801, 4162.500000>).
10:33:40 [Market] Player "Sayan" (id=xYupmIqC3C2PJU57N9BnIpPl--oJP40A0d4GY2B8Hl0=) has sold flag_chel x1 at the trader "BuildingSupplies (Boris [#STR_EXPANSION_MARKET_TRADER_BUILDING_SUPPLIES])" in market zone "OUTLIVE Trader" (pos=<4291.589844, 25.247801, 4162.500000>) and got 1000.
10:33:46 [Market] Player "Sayan" (id=xYupmIqC3C2PJU57N9BnIpPl--oJP40A0d4GY2B8Hl0=) has send a requested to sell rangefinder x1 at the trader "BuildingSupplies (Boris [#STR_EXPANSION_MARKET_TRADER_BUILDING_SUPPLIES])" in market zone "OUTLIVE Trader" (pos=<4291.589844, 25.247801, 4162.500000>).
10:33:46 [Market] Player "Sayan" (id=xYupmIqC3C2PJU57N9BnIpPl--oJP40A0d4GY2B8Hl0=) has sold rangefinder x1 at the trader "BuildingSupplies (Boris [#STR_EXPANSION_MARKET_TRADER_BUILDING_SUPPLIES])" in market zone "OUTLIVE Trader" (pos=<4291.589844, 25.247801, 4162.500000>) and got 175.
10:34:00 [Market] Player "Sayan" (id=xYupmIqC3C2PJU57N9BnIpPl--oJP40A0d4GY2B8Hl0=) has send a requested to sell crowbar x1 at the trader "BuildingSupplies (Boris [#STR_EXPANSION_MARKET_TRADER_BUILDING_SUPPLIES])" in market zone "OUTLIVE Trader" (pos=<4291.589844, 25.247801, 4162.500000>).
10:34:00 [Market] Player "Sayan" (id=xYupmIqC3C2PJU57N9BnIpPl--oJP40A0d4GY2B8Hl0=) has sold crowbar x1 at the trader "BuildingSupplies (Boris [#STR_EXPANSION_MARKET_TRADER_BUILDING_SUPPLIES])" in market zone "OUTLIVE Trader" (pos=<4291.589844, 25.247801, 4162.500000>) and got 300.
10:37:41 [Market] Player "Sayan" (id=xYupmIqC3C2PJU57N9BnIpPl--oJP40A0d4GY2B8Hl0=) has send a requested to purchase nail x99 from the trader "BuildingSupplies (Boris [#STR_EXPANSION_MARKET_TRADER_BUILDING_SUPPLIES])" in market zone "OUTLIVE Trader" (pos=<4291.589844, 25.247801, 4162.500000>).
10:37:42 [Market] Player "Sayan" (id=xYupmIqC3C2PJU57N9BnIpPl--oJP40A0d4GY2B8Hl0=) has bought nail x99 from the trader "BuildingSupplies (Boris [#STR_EXPANSION_MARKET_TRADER_BUILDING_SUPPLIES])" in market zone "OUTLIVE Trader" (pos=<4291.589844, 25.247801, 4162.500000>) for a price of 6930.
10:38:38 [ATM Locker] Player "Sayan" (id=xYupmIqC3C2PJU57N9BnIpPl--oJP40A0d4GY2B8Hl0=) has deposited 5629 on his ATM account.
10:48:56 [Safezone] Player "Sayan" (id=xYupmIqC3C2PJU57N9BnIpPl--oJP40A0d4GY2B8Hl0= pos=<4182.700195, 15.029196, 4120.479492>) Entered the safezone
10:48:56 [Expansion Quests] - SetupClientData - Got cached player quest data for player with UID: xYupmIqC3C2PJU57N9BnIpPl--oJP40A0d4GY2B8Hl0=
10:48:56 [Expansion Quests] - PlayerQuestsInit - Create new quest instance for quest: 20 - Creator UID: xYupmIqC3C2PJU57N9BnIpPl--oJP40A0d4GY2B8Hl0=
10:48:56 [Expansion Quests] - PlayerQuestsInit - Create new quest instance for quest: 23 - Creator UID: xYupmIqC3C2PJU57N9BnIpPl--oJP40A0d4GY2B8Hl0=
10:51:38 [VehicleCarKey] Player "Bflame" (id=u7jy1hFXeX-3C-ubChAdh59YiiyuY16LDVnTQIqtPmk= pos=<3394.126221, 12.369345, 5054.719727>) used the  ExpansionCarKey to lock a ExpansionMh6
10:51:50 [VehicleCarKey] Player "Bflame" (id=u7jy1hFXeX-3C-ubChAdh59YiiyuY16LDVnTQIqtPmk= pos=<3393.855469, 12.494200, 5054.395996>) used the  ExpansionCarKey to unlock a ExpansionMh6
10:52:05 [VehicleCarKey] Player "Bflame" (id=u7jy1hFXeX-3C-ubChAdh59YiiyuY16LDVnTQIqtPmk= pos=<3393.855469, 12.494200, 5054.395996>) used the  ExpansionCarKey to lock a ExpansionMh6
10:52:36 [Safezone] Player "Sayan" (id=xYupmIqC3C2PJU57N9BnIpPl--oJP40A0d4GY2B8Hl0= pos=<4408.147949, 4.045195, 4019.109619>) Left the safezone
11:28:35 [Chat - Global]("Bflame"(id=u7jy1hFXeX-3C-ubChAdh59YiiyuY16LDVnTQIqtPmk=)): NOONOOOOO :D
11:28:35 [Chat - Global]("Bflame"(id=u7jy1hFXeX-3C-ubChAdh59YiiyuY16LDVnTQIqtPmk=)): NOONOOOOO :D
11:30:58 [Expansion Quests] - SetupClientData - Got cached player quest data for player with UID: xYupmIqC3C2PJU57N9BnIpPl--oJP40A0d4GY2B8Hl0=
11:30:58 [Expansion Quests] - PlayerQuestsInit - Create new quest instance for quest: 20 - Creator UID: xYupmIqC3C2PJU57N9BnIpPl--oJP40A0d4GY2B8Hl0=
11:38:10 [MissionAirdrop] An airdrop is heading towards "Krater" (pos=<7262.000000, 0.000000, 9618.000000> type=Random_Krater) with a ExpansionAirdropContainer_Medical
11:38:10 [MissionAirdrop] An airdrop is heading towards "Prison" (pos=<1399.579956, 0.000000, 9977.769531> type=Random_Prison) with a ExpansionAirdropContainer
11:41:51 [VehicleCarKey] Player "Bflame" (id=u7jy1hFXeX-3C-ubChAdh59YiiyuY16LDVnTQIqtPmk= pos=<3393.590088, 12.225821, 5054.932617>) used the  ExpansionCarKey to unlock a ExpansionMh6
11:43:09 [VehicleCarKey] Player "Bflame" (id=u7jy1hFXeX-3C-ubChAdh59YiiyuY16LDVnTQIqtPmk= pos=<3393.713379, 12.231547, 5054.815430>) used the  ExpansionCarKey to lock a ExpansionMh6
