15:30:34 [Safezone] Player "D3xt3R" (id=R5QkEcrxtly9KY8lzQxLv6FMruTgXOxuSWhCmf7J-cA= pos=<4213.680176, 12.507603, 4127.148926>) Entered the safezone
15:35:24 [MissionAirdrop] An airdrop is heading towards "Gollenhausen" (pos=<8957.000000, 0.000000, 8931.000000> type=Random_Gollenhausen) with a ExpansionAirdropContainer_Basebuilding
15:35:24 [MissionAirdrop] An airdrop is heading towards "Stein" (pos=<4619.000000, 0.000000, 7618.000000> type=Random_Stein) with a ExpansionAirdropContainer
15:39:10 [Safezone] Player "Majky" (id=wvz1jGdA27Eb3vtZqqzBgGv9Su_0oOujtdP3UqN1c-g= pos=<4208.654785, 11.490554, 4156.107910>) Entered the safezone
15:39:31 [ATM Locker] Player "Majky" (id=wvz1jGdA27Eb3vtZqqzBgGv9Su_0oOujtdP3UqN1c-g=) has deposited 8700 on his ATM account.
15:40:00 [Market] Player "Majky" (id=wvz1jGdA27Eb3vtZqqzBgGv9Su_0oOujtdP3UqN1c-g=) has send a requested to sell twp_beowulf_mag_10rnd x1 at the trader "Attachments (Oliver [ATTACHMENTS TRADER])" in market zone "OUTLIVE Trader" (pos=<4291.589844, 25.247801, 4162.500000>).
15:40:00 [Market] Player "Majky" (id=wvz1jGdA27Eb3vtZqqzBgGv9Su_0oOujtdP3UqN1c-g=) has sold twp_beowulf_mag_10rnd x1 at the trader "Attachments (Oliver [ATTACHMENTS TRADER])" in market zone "OUTLIVE Trader" (pos=<4291.589844, 25.247801, 4162.500000>) and got 344.
15:40:02 [Market] Player "Majky" (id=wvz1jGdA27Eb3vtZqqzBgGv9Su_0oOujtdP3UqN1c-g=) has send a requested to sell twp_cz805_mag_30rnd x1 at the trader "Attachments (Oliver [ATTACHMENTS TRADER])" in market zone "OUTLIVE Trader" (pos=<4291.589844, 25.247801, 4162.500000>).
15:40:02 [Market] Player "Majky" (id=wvz1jGdA27Eb3vtZqqzBgGv9Su_0oOujtdP3UqN1c-g=) has sold twp_cz805_mag_30rnd x1 at the trader "Attachments (Oliver [ATTACHMENTS TRADER])" in market zone "OUTLIVE Trader" (pos=<4291.589844, 25.247801, 4162.500000>) and got 300.
15:40:04 [Market] Player "Majky" (id=wvz1jGdA27Eb3vtZqqzBgGv9Su_0oOujtdP3UqN1c-g=) has send a requested to sell twp_dragunov_mag_8rnd x1 at the trader "Attachments (Oliver [ATTACHMENTS TRADER])" in market zone "OUTLIVE Trader" (pos=<4291.589844, 25.247801, 4162.500000>).
15:40:04 [Market] Player "Majky" (id=wvz1jGdA27Eb3vtZqqzBgGv9Su_0oOujtdP3UqN1c-g=) has sold twp_dragunov_mag_8rnd x1 at the trader "Attachments (Oliver [ATTACHMENTS TRADER])" in market zone "OUTLIVE Trader" (pos=<4291.589844, 25.247801, 4162.500000>) and got 115.
15:40:11 [Market] Player "Majky" (id=wvz1jGdA27Eb3vtZqqzBgGv9Su_0oOujtdP3UqN1c-g=) has send a requested to sell twp_psg1_mag_5rnd x1 at the trader "Attachments (Oliver [ATTACHMENTS TRADER])" in market zone "OUTLIVE Trader" (pos=<4291.589844, 25.247801, 4162.500000>).
15:40:11 [Market] Player "Majky" (id=wvz1jGdA27Eb3vtZqqzBgGv9Su_0oOujtdP3UqN1c-g=) has sold twp_psg1_mag_5rnd x1 at the trader "Attachments (Oliver [ATTACHMENTS TRADER])" in market zone "OUTLIVE Trader" (pos=<4291.589844, 25.247801, 4162.500000>) and got 85.
15:40:13 [Market] Player "Majky" (id=wvz1jGdA27Eb3vtZqqzBgGv9Su_0oOujtdP3UqN1c-g=) has send a requested to sell twp_sks_mag_20rnd x1 at the trader "Attachments (Oliver [ATTACHMENTS TRADER])" in market zone "OUTLIVE Trader" (pos=<4291.589844, 25.247801, 4162.500000>).
15:40:13 [Market] Player "Majky" (id=wvz1jGdA27Eb3vtZqqzBgGv9Su_0oOujtdP3UqN1c-g=) has sold twp_sks_mag_20rnd x1 at the trader "Attachments (Oliver [ATTACHMENTS TRADER])" in market zone "OUTLIVE Trader" (pos=<4291.589844, 25.247801, 4162.500000>) and got 154.
15:40:15 [Market] Player "Majky" (id=wvz1jGdA27Eb3vtZqqzBgGv9Su_0oOujtdP3UqN1c-g=) has send a requested to sell twp_sst30silenced_mag_35rnd x1 at the trader "Attachments (Oliver [ATTACHMENTS TRADER])" in market zone "OUTLIVE Trader" (pos=<4291.589844, 25.247801, 4162.500000>).
15:40:15 [Market] Player "Majky" (id=wvz1jGdA27Eb3vtZqqzBgGv9Su_0oOujtdP3UqN1c-g=) has sold twp_sst30silenced_mag_35rnd x1 at the trader "Attachments (Oliver [ATTACHMENTS TRADER])" in market zone "OUTLIVE Trader" (pos=<4291.589844, 25.247801, 4162.500000>) and got 218.
15:40:17 [Market] Player "Majky" (id=wvz1jGdA27Eb3vtZqqzBgGv9Su_0oOujtdP3UqN1c-g=) has send a requested to sell twp_t5000_mag_10rnd x1 at the trader "Attachments (Oliver [ATTACHMENTS TRADER])" in market zone "OUTLIVE Trader" (pos=<4291.589844, 25.247801, 4162.500000>).
15:40:17 [Market] Player "Majky" (id=wvz1jGdA27Eb3vtZqqzBgGv9Su_0oOujtdP3UqN1c-g=) has sold twp_t5000_mag_10rnd x1 at the trader "Attachments (Oliver [ATTACHMENTS TRADER])" in market zone "OUTLIVE Trader" (pos=<4291.589844, 25.247801, 4162.500000>) and got 81.
15:40:19 [Market] Player "Majky" (id=wvz1jGdA27Eb3vtZqqzBgGv9Su_0oOujtdP3UqN1c-g=) has send a requested to sell twp_tac21_mag_8rnd x1 at the trader "Attachments (Oliver [ATTACHMENTS TRADER])" in market zone "OUTLIVE Trader" (pos=<4291.589844, 25.247801, 4162.500000>).
15:40:19 [Market] Player "Majky" (id=wvz1jGdA27Eb3vtZqqzBgGv9Su_0oOujtdP3UqN1c-g=) has sold twp_tac21_mag_8rnd x1 at the trader "Attachments (Oliver [ATTACHMENTS TRADER])" in market zone "OUTLIVE Trader" (pos=<4291.589844, 25.247801, 4162.500000>) and got 90.
15:40:21 [Market] Player "Majky" (id=wvz1jGdA27Eb3vtZqqzBgGv9Su_0oOujtdP3UqN1c-g=) has send a requested to sell twp_umpprimalsaber_mag_35rnd x1 at the trader "Attachments (Oliver [ATTACHMENTS TRADER])" in market zone "OUTLIVE Trader" (pos=<4291.589844, 25.247801, 4162.500000>).
15:40:21 [Market] Player "Majky" (id=wvz1jGdA27Eb3vtZqqzBgGv9Su_0oOujtdP3UqN1c-g=) has sold twp_umpprimalsaber_mag_35rnd x1 at the trader "Attachments (Oliver [ATTACHMENTS TRADER])" in market zone "OUTLIVE Trader" (pos=<4291.589844, 25.247801, 4162.500000>) and got 213.
15:40:25 [Market] Player "Majky" (id=wvz1jGdA27Eb3vtZqqzBgGv9Su_0oOujtdP3UqN1c-g=) has send a requested to sell twp_usppsychodelic_mag_15rnd x1 at the trader "Attachments (Oliver [ATTACHMENTS TRADER])" in market zone "OUTLIVE Trader" (pos=<4291.589844, 25.247801, 4162.500000>).
15:40:25 [Market] Player "Majky" (id=wvz1jGdA27Eb3vtZqqzBgGv9Su_0oOujtdP3UqN1c-g=) has sold twp_usppsychodelic_mag_15rnd x1 at the trader "Attachments (Oliver [ATTACHMENTS TRADER])" in market zone "OUTLIVE Trader" (pos=<4291.589844, 25.247801, 4162.500000>) and got 90.
15:40:54 [VehicleCarKey] Player "Majky" (id=wvz1jGdA27Eb3vtZqqzBgGv9Su_0oOujtdP3UqN1c-g= pos=<4229.881348, 13.368701, 4212.472656>) used the  ExpansionCarKey to unlock a OffroadHatchback
15:41:13 [VehicleCarKey] Player "Majky" (id=wvz1jGdA27Eb3vtZqqzBgGv9Su_0oOujtdP3UqN1c-g= pos=<4229.951660, 13.347983, 4212.915039>) used the  ExpansionCarKey to lock a OffroadHatchback
15:41:30 [Market] Player "Majky" (id=wvz1jGdA27Eb3vtZqqzBgGv9Su_0oOujtdP3UqN1c-g=) has send a requested to sell whetstone x1 at the trader "BuildingSupplies (Boris [BUILDING SUPPLIES TRADER])" in market zone "OUTLIVE Trader" (pos=<4291.589844, 25.247801, 4162.500000>).
15:41:30 [Market] Player "Majky" (id=wvz1jGdA27Eb3vtZqqzBgGv9Su_0oOujtdP3UqN1c-g=) has sold whetstone x1 at the trader "BuildingSupplies (Boris [BUILDING SUPPLIES TRADER])" in market zone "OUTLIVE Trader" (pos=<4291.589844, 25.247801, 4162.500000>) and got 110.
15:41:31 [Market] Player "Majky" (id=wvz1jGdA27Eb3vtZqqzBgGv9Su_0oOujtdP3UqN1c-g=) has send a requested to sell whetstone x1 at the trader "BuildingSupplies (Boris [BUILDING SUPPLIES TRADER])" in market zone "OUTLIVE Trader" (pos=<4291.589844, 25.247801, 4162.500000>).
15:41:31 [Market] Player "Majky" (id=wvz1jGdA27Eb3vtZqqzBgGv9Su_0oOujtdP3UqN1c-g=) has sold whetstone x1 at the trader "BuildingSupplies (Boris [BUILDING SUPPLIES TRADER])" in market zone "OUTLIVE Trader" (pos=<4291.589844, 25.247801, 4162.500000>) and got 110.
15:41:31 [Market] Player "Majky" (id=wvz1jGdA27Eb3vtZqqzBgGv9Su_0oOujtdP3UqN1c-g=) has send a requested to sell whetstone x1 at the trader "BuildingSupplies (Boris [BUILDING SUPPLIES TRADER])" in market zone "OUTLIVE Trader" (pos=<4291.589844, 25.247801, 4162.500000>).
15:41:31 [Market] Player "Majky" (id=wvz1jGdA27Eb3vtZqqzBgGv9Su_0oOujtdP3UqN1c-g=) has sold whetstone x1 at the trader "BuildingSupplies (Boris [BUILDING SUPPLIES TRADER])" in market zone "OUTLIVE Trader" (pos=<4291.589844, 25.247801, 4162.500000>) and got 110.
15:41:51 [Market] Player "Majky" (id=wvz1jGdA27Eb3vtZqqzBgGv9Su_0oOujtdP3UqN1c-g=) has send a requested to sell machete x1 at the trader "Weapons (Denis [WEAPONS TRADER])" in market zone "OUTLIVE Trader" (pos=<4291.589844, 25.247801, 4162.500000>).
15:41:51 [Market] Player "Majky" (id=wvz1jGdA27Eb3vtZqqzBgGv9Su_0oOujtdP3UqN1c-g=) has sold machete x1 at the trader "Weapons (Denis [WEAPONS TRADER])" in market zone "OUTLIVE Trader" (pos=<4291.589844, 25.247801, 4162.500000>) and got 50.
15:42:00 [Market] Player "Majky" (id=wvz1jGdA27Eb3vtZqqzBgGv9Su_0oOujtdP3UqN1c-g=) has send a requested to sell cz527 x1 at the trader "Weapons (Denis [WEAPONS TRADER])" in market zone "OUTLIVE Trader" (pos=<4291.589844, 25.247801, 4162.500000>).
15:42:00 [Market] Player "Majky" (id=wvz1jGdA27Eb3vtZqqzBgGv9Su_0oOujtdP3UqN1c-g=) has sold cz527 x1 at the trader "Weapons (Denis [WEAPONS TRADER])" in market zone "OUTLIVE Trader" (pos=<4291.589844, 25.247801, 4162.500000>) and got 352.
15:42:01 [Market] Player "Majky" (id=wvz1jGdA27Eb3vtZqqzBgGv9Su_0oOujtdP3UqN1c-g=) has send a requested to sell mosin9130 x1 at the trader "Weapons (Denis [WEAPONS TRADER])" in market zone "OUTLIVE Trader" (pos=<4291.589844, 25.247801, 4162.500000>).
15:42:01 [Market] Player "Majky" (id=wvz1jGdA27Eb3vtZqqzBgGv9Su_0oOujtdP3UqN1c-g=) has sold mosin9130 x1 at the trader "Weapons (Denis [WEAPONS TRADER])" in market zone "OUTLIVE Trader" (pos=<4291.589844, 25.247801, 4162.500000>) and got 800.
15:42:22 [VehicleCarKey] Player "Bflame" (id=u7jy1hFXeX-3C-ubChAdh59YiiyuY16LDVnTQIqtPmk= pos=<9284.623047, 6.724219, 722.904480>) used the  ExpansionCarKey to unlock a Expansion_Landrover_Green
15:42:33 [Market] Player "Majky" (id=wvz1jGdA27Eb3vtZqqzBgGv9Su_0oOujtdP3UqN1c-g=) has send a requested to sell twp_aa12black x1 at the trader "Weapons (Denis [WEAPONS TRADER])" in market zone "OUTLIVE Trader" (pos=<4291.589844, 25.247801, 4162.500000>).
15:42:33 [Market] Player "Majky" (id=wvz1jGdA27Eb3vtZqqzBgGv9Su_0oOujtdP3UqN1c-g=) has sold twp_aa12black x1 at the trader "Weapons (Denis [WEAPONS TRADER])" in market zone "OUTLIVE Trader" (pos=<4291.589844, 25.247801, 4162.500000>) and got 2500.
15:42:39 [Market] Player "Majky" (id=wvz1jGdA27Eb3vtZqqzBgGv9Su_0oOujtdP3UqN1c-g=) has send a requested to sell twp_aa12black x1 at the trader "Weapons (Denis [WEAPONS TRADER])" in market zone "OUTLIVE Trader" (pos=<4291.589844, 25.247801, 4162.500000>).
15:42:40 [Market] Player "Majky" (id=wvz1jGdA27Eb3vtZqqzBgGv9Su_0oOujtdP3UqN1c-g=) has sold twp_aa12black x1 at the trader "Weapons (Denis [WEAPONS TRADER])" in market zone "OUTLIVE Trader" (pos=<4291.589844, 25.247801, 4162.500000>) and got 2500.
15:42:43 [Market] Player "Majky" (id=wvz1jGdA27Eb3vtZqqzBgGv9Su_0oOujtdP3UqN1c-g=) has send a requested to sell twp_americanrifle x1 at the trader "Weapons (Denis [WEAPONS TRADER])" in market zone "OUTLIVE Trader" (pos=<4291.589844, 25.247801, 4162.500000>).
15:42:43 [Market] Player "Majky" (id=wvz1jGdA27Eb3vtZqqzBgGv9Su_0oOujtdP3UqN1c-g=) has sold twp_americanrifle x1 at the trader "Weapons (Denis [WEAPONS TRADER])" in market zone "OUTLIVE Trader" (pos=<4291.589844, 25.247801, 4162.500000>) and got 5000.
15:43:25 [Market] Player "Majky" (id=wvz1jGdA27Eb3vtZqqzBgGv9Su_0oOujtdP3UqN1c-g=) has send a requested to sell ammo_762x54 x1 at the trader "Attachments (Oliver [ATTACHMENTS TRADER])" in market zone "OUTLIVE Trader" (pos=<4291.589844, 25.247801, 4162.500000>).
15:43:25 [Market] Player "Majky" (id=wvz1jGdA27Eb3vtZqqzBgGv9Su_0oOujtdP3UqN1c-g=) has sold ammo_762x54 x1 at the trader "Attachments (Oliver [ATTACHMENTS TRADER])" in market zone "OUTLIVE Trader" (pos=<4291.589844, 25.247801, 4162.500000>) and got 9.
15:43:26 [Market] Player "Majky" (id=wvz1jGdA27Eb3vtZqqzBgGv9Su_0oOujtdP3UqN1c-g=) has send a requested to sell ammo_762x54 x1 at the trader "Attachments (Oliver [ATTACHMENTS TRADER])" in market zone "OUTLIVE Trader" (pos=<4291.589844, 25.247801, 4162.500000>).
15:43:26 [Market] Player "Majky" (id=wvz1jGdA27Eb3vtZqqzBgGv9Su_0oOujtdP3UqN1c-g=) has sold ammo_762x54 x1 at the trader "Attachments (Oliver [ATTACHMENTS TRADER])" in market zone "OUTLIVE Trader" (pos=<4291.589844, 25.247801, 4162.500000>) and got 9.
15:43:26 [Market] Player "Majky" (id=wvz1jGdA27Eb3vtZqqzBgGv9Su_0oOujtdP3UqN1c-g=) has send a requested to sell ammo_762x54 x1 at the trader "Attachments (Oliver [ATTACHMENTS TRADER])" in market zone "OUTLIVE Trader" (pos=<4291.589844, 25.247801, 4162.500000>).
15:43:26 [Market] Player "Majky" (id=wvz1jGdA27Eb3vtZqqzBgGv9Su_0oOujtdP3UqN1c-g=) has sold ammo_762x54 x1 at the trader "Attachments (Oliver [ATTACHMENTS TRADER])" in market zone "OUTLIVE Trader" (pos=<4291.589844, 25.247801, 4162.500000>) and got 9.
15:43:27 [Market] Player "Majky" (id=wvz1jGdA27Eb3vtZqqzBgGv9Su_0oOujtdP3UqN1c-g=) has send a requested to sell ammo_762x54 x1 at the trader "Attachments (Oliver [ATTACHMENTS TRADER])" in market zone "OUTLIVE Trader" (pos=<4291.589844, 25.247801, 4162.500000>).
15:43:27 [Market] Player "Majky" (id=wvz1jGdA27Eb3vtZqqzBgGv9Su_0oOujtdP3UqN1c-g=) has sold ammo_762x54 x1 at the trader "Attachments (Oliver [ATTACHMENTS TRADER])" in market zone "OUTLIVE Trader" (pos=<4291.589844, 25.247801, 4162.500000>) and got 9.
15:43:27 [Market] Player "Majky" (id=wvz1jGdA27Eb3vtZqqzBgGv9Su_0oOujtdP3UqN1c-g=) has send a requested to sell ammo_762x54 x1 at the trader "Attachments (Oliver [ATTACHMENTS TRADER])" in market zone "OUTLIVE Trader" (pos=<4291.589844, 25.247801, 4162.500000>).
15:43:27 [Market] Player "Majky" (id=wvz1jGdA27Eb3vtZqqzBgGv9Su_0oOujtdP3UqN1c-g=) has sold ammo_762x54 x1 at the trader "Attachments (Oliver [ATTACHMENTS TRADER])" in market zone "OUTLIVE Trader" (pos=<4291.589844, 25.247801, 4162.500000>) and got 9.
15:43:27 [Market] Player "Majky" (id=wvz1jGdA27Eb3vtZqqzBgGv9Su_0oOujtdP3UqN1c-g=) has send a requested to sell ammo_762x54 x1 at the trader "Attachments (Oliver [ATTACHMENTS TRADER])" in market zone "OUTLIVE Trader" (pos=<4291.589844, 25.247801, 4162.500000>).
15:43:28 [Market] Player "Majky" (id=wvz1jGdA27Eb3vtZqqzBgGv9Su_0oOujtdP3UqN1c-g=) has sold ammo_762x54 x1 at the trader "Attachments (Oliver [ATTACHMENTS TRADER])" in market zone "OUTLIVE Trader" (pos=<4291.589844, 25.247801, 4162.500000>) and got 9.
15:43:28 [Market] Player "Majky" (id=wvz1jGdA27Eb3vtZqqzBgGv9Su_0oOujtdP3UqN1c-g=) has send a requested to sell ammo_762x54 x1 at the trader "Attachments (Oliver [ATTACHMENTS TRADER])" in market zone "OUTLIVE Trader" (pos=<4291.589844, 25.247801, 4162.500000>).
15:43:28 [Market] Player "Majky" (id=wvz1jGdA27Eb3vtZqqzBgGv9Su_0oOujtdP3UqN1c-g=) has sold ammo_762x54 x1 at the trader "Attachments (Oliver [ATTACHMENTS TRADER])" in market zone "OUTLIVE Trader" (pos=<4291.589844, 25.247801, 4162.500000>) and got 9.
15:43:28 [Market] Player "Majky" (id=wvz1jGdA27Eb3vtZqqzBgGv9Su_0oOujtdP3UqN1c-g=) has send a requested to sell ammo_762x54 x1 at the trader "Attachments (Oliver [ATTACHMENTS TRADER])" in market zone "OUTLIVE Trader" (pos=<4291.589844, 25.247801, 4162.500000>).
15:43:28 [Market] Player "Majky" (id=wvz1jGdA27Eb3vtZqqzBgGv9Su_0oOujtdP3UqN1c-g=) has sold ammo_762x54 x1 at the trader "Attachments (Oliver [ATTACHMENTS TRADER])" in market zone "OUTLIVE Trader" (pos=<4291.589844, 25.247801, 4162.500000>) and got 9.
15:43:28 [Market] Player "Majky" (id=wvz1jGdA27Eb3vtZqqzBgGv9Su_0oOujtdP3UqN1c-g=) has send a requested to sell ammo_762x54 x1 at the trader "Attachments (Oliver [ATTACHMENTS TRADER])" in market zone "OUTLIVE Trader" (pos=<4291.589844, 25.247801, 4162.500000>).
15:43:28 [Market] Player "Majky" (id=wvz1jGdA27Eb3vtZqqzBgGv9Su_0oOujtdP3UqN1c-g=) has sold ammo_762x54 x1 at the trader "Attachments (Oliver [ATTACHMENTS TRADER])" in market zone "OUTLIVE Trader" (pos=<4291.589844, 25.247801, 4162.500000>) and got 9.
15:43:28 [Market] Player "Majky" (id=wvz1jGdA27Eb3vtZqqzBgGv9Su_0oOujtdP3UqN1c-g=) has send a requested to sell ammo_762x54 x1 at the trader "Attachments (Oliver [ATTACHMENTS TRADER])" in market zone "OUTLIVE Trader" (pos=<4291.589844, 25.247801, 4162.500000>).
15:43:28 [Market] Player "Majky" (id=wvz1jGdA27Eb3vtZqqzBgGv9Su_0oOujtdP3UqN1c-g=) has sold ammo_762x54 x1 at the trader "Attachments (Oliver [ATTACHMENTS TRADER])" in market zone "OUTLIVE Trader" (pos=<4291.589844, 25.247801, 4162.500000>) and got 9.
15:43:28 [Market] Player "Majky" (id=wvz1jGdA27Eb3vtZqqzBgGv9Su_0oOujtdP3UqN1c-g=) has send a requested to sell ammo_762x54 x1 at the trader "Attachments (Oliver [ATTACHMENTS TRADER])" in market zone "OUTLIVE Trader" (pos=<4291.589844, 25.247801, 4162.500000>).
15:43:28 [Market] Player "Majky" (id=wvz1jGdA27Eb3vtZqqzBgGv9Su_0oOujtdP3UqN1c-g=) has sold ammo_762x54 x1 at the trader "Attachments (Oliver [ATTACHMENTS TRADER])" in market zone "OUTLIVE Trader" (pos=<4291.589844, 25.247801, 4162.500000>) and got 9.
15:43:29 [Market] Player "Majky" (id=wvz1jGdA27Eb3vtZqqzBgGv9Su_0oOujtdP3UqN1c-g=) has send a requested to sell ammo_762x54 x1 at the trader "Attachments (Oliver [ATTACHMENTS TRADER])" in market zone "OUTLIVE Trader" (pos=<4291.589844, 25.247801, 4162.500000>).
15:43:29 [Market] Player "Majky" (id=wvz1jGdA27Eb3vtZqqzBgGv9Su_0oOujtdP3UqN1c-g=) has sold ammo_762x54 x1 at the trader "Attachments (Oliver [ATTACHMENTS TRADER])" in market zone "OUTLIVE Trader" (pos=<4291.589844, 25.247801, 4162.500000>) and got 9.
15:43:29 [Market] Player "Majky" (id=wvz1jGdA27Eb3vtZqqzBgGv9Su_0oOujtdP3UqN1c-g=) has send a requested to sell ammo_762x54 x1 at the trader "Attachments (Oliver [ATTACHMENTS TRADER])" in market zone "OUTLIVE Trader" (pos=<4291.589844, 25.247801, 4162.500000>).
15:43:29 [Market] Player "Majky" (id=wvz1jGdA27Eb3vtZqqzBgGv9Su_0oOujtdP3UqN1c-g=) has sold ammo_762x54 x1 at the trader "Attachments (Oliver [ATTACHMENTS TRADER])" in market zone "OUTLIVE Trader" (pos=<4291.589844, 25.247801, 4162.500000>) and got 9.
15:43:29 [Market] Player "Majky" (id=wvz1jGdA27Eb3vtZqqzBgGv9Su_0oOujtdP3UqN1c-g=) has send a requested to sell ammo_762x54 x1 at the trader "Attachments (Oliver [ATTACHMENTS TRADER])" in market zone "OUTLIVE Trader" (pos=<4291.589844, 25.247801, 4162.500000>).
15:43:29 [Market] Player "Majky" (id=wvz1jGdA27Eb3vtZqqzBgGv9Su_0oOujtdP3UqN1c-g=) has sold ammo_762x54 x1 at the trader "Attachments (Oliver [ATTACHMENTS TRADER])" in market zone "OUTLIVE Trader" (pos=<4291.589844, 25.247801, 4162.500000>) and got 9.
15:43:29 [Market] Player "Majky" (id=wvz1jGdA27Eb3vtZqqzBgGv9Su_0oOujtdP3UqN1c-g=) has send a requested to sell ammo_762x54 x1 at the trader "Attachments (Oliver [ATTACHMENTS TRADER])" in market zone "OUTLIVE Trader" (pos=<4291.589844, 25.247801, 4162.500000>).
15:43:29 [Market] Player "Majky" (id=wvz1jGdA27Eb3vtZqqzBgGv9Su_0oOujtdP3UqN1c-g=) has sold ammo_762x54 x1 at the trader "Attachments (Oliver [ATTACHMENTS TRADER])" in market zone "OUTLIVE Trader" (pos=<4291.589844, 25.247801, 4162.500000>) and got 9.
15:43:29 [Market] Player "Majky" (id=wvz1jGdA27Eb3vtZqqzBgGv9Su_0oOujtdP3UqN1c-g=) has send a requested to sell ammo_762x54 x1 at the trader "Attachments (Oliver [ATTACHMENTS TRADER])" in market zone "OUTLIVE Trader" (pos=<4291.589844, 25.247801, 4162.500000>).
15:43:29 [Market] Player "Majky" (id=wvz1jGdA27Eb3vtZqqzBgGv9Su_0oOujtdP3UqN1c-g=) has sold ammo_762x54 x1 at the trader "Attachments (Oliver [ATTACHMENTS TRADER])" in market zone "OUTLIVE Trader" (pos=<4291.589844, 25.247801, 4162.500000>) and got 9.
15:43:30 [Market] Player "Majky" (id=wvz1jGdA27Eb3vtZqqzBgGv9Su_0oOujtdP3UqN1c-g=) has send a requested to sell ammo_762x54 x1 at the trader "Attachments (Oliver [ATTACHMENTS TRADER])" in market zone "OUTLIVE Trader" (pos=<4291.589844, 25.247801, 4162.500000>).
15:43:30 [Market] Player "Majky" (id=wvz1jGdA27Eb3vtZqqzBgGv9Su_0oOujtdP3UqN1c-g=) has sold ammo_762x54 x1 at the trader "Attachments (Oliver [ATTACHMENTS TRADER])" in market zone "OUTLIVE Trader" (pos=<4291.589844, 25.247801, 4162.500000>) and got 9.
15:43:30 [Market] Player "Majky" (id=wvz1jGdA27Eb3vtZqqzBgGv9Su_0oOujtdP3UqN1c-g=) has send a requested to sell ammo_762x54 x1 at the trader "Attachments (Oliver [ATTACHMENTS TRADER])" in market zone "OUTLIVE Trader" (pos=<4291.589844, 25.247801, 4162.500000>).
15:43:30 [Market] Player "Majky" (id=wvz1jGdA27Eb3vtZqqzBgGv9Su_0oOujtdP3UqN1c-g=) has sold ammo_762x54 x1 at the trader "Attachments (Oliver [ATTACHMENTS TRADER])" in market zone "OUTLIVE Trader" (pos=<4291.589844, 25.247801, 4162.500000>) and got 9.
15:43:30 [Market] Player "Majky" (id=wvz1jGdA27Eb3vtZqqzBgGv9Su_0oOujtdP3UqN1c-g=) has send a requested to sell ammo_762x54 x1 at the trader "Attachments (Oliver [ATTACHMENTS TRADER])" in market zone "OUTLIVE Trader" (pos=<4291.589844, 25.247801, 4162.500000>).
15:43:30 [Market] Player "Majky" (id=wvz1jGdA27Eb3vtZqqzBgGv9Su_0oOujtdP3UqN1c-g=) has sold ammo_762x54 x1 at the trader "Attachments (Oliver [ATTACHMENTS TRADER])" in market zone "OUTLIVE Trader" (pos=<4291.589844, 25.247801, 4162.500000>) and got 9.
15:43:30 [Market] Player "Majky" (id=wvz1jGdA27Eb3vtZqqzBgGv9Su_0oOujtdP3UqN1c-g=) has send a requested to sell ammo_762x54 x1 at the trader "Attachments (Oliver [ATTACHMENTS TRADER])" in market zone "OUTLIVE Trader" (pos=<4291.589844, 25.247801, 4162.500000>).
15:43:30 [Market] Player "Majky" (id=wvz1jGdA27Eb3vtZqqzBgGv9Su_0oOujtdP3UqN1c-g=) has sold ammo_762x54 x1 at the trader "Attachments (Oliver [ATTACHMENTS TRADER])" in market zone "OUTLIVE Trader" (pos=<4291.589844, 25.247801, 4162.500000>) and got 9.
15:43:30 [Market] Player "Majky" (id=wvz1jGdA27Eb3vtZqqzBgGv9Su_0oOujtdP3UqN1c-g=) has send a requested to sell ammo_762x54 x1 at the trader "Attachments (Oliver [ATTACHMENTS TRADER])" in market zone "OUTLIVE Trader" (pos=<4291.589844, 25.247801, 4162.500000>).
15:43:30 [Market] Player "Majky" (id=wvz1jGdA27Eb3vtZqqzBgGv9Su_0oOujtdP3UqN1c-g=) has sold ammo_762x54 x1 at the trader "Attachments (Oliver [ATTACHMENTS TRADER])" in market zone "OUTLIVE Trader" (pos=<4291.589844, 25.247801, 4162.500000>) and got 9.
15:43:30 [Market] Player "Majky" (id=wvz1jGdA27Eb3vtZqqzBgGv9Su_0oOujtdP3UqN1c-g=) has send a requested to sell ammo_762x54 x1 at the trader "Attachments (Oliver [ATTACHMENTS TRADER])" in market zone "OUTLIVE Trader" (pos=<4291.589844, 25.247801, 4162.500000>).
15:43:31 [Market] Player "Majky" (id=wvz1jGdA27Eb3vtZqqzBgGv9Su_0oOujtdP3UqN1c-g=) has sold ammo_762x54 x1 at the trader "Attachments (Oliver [ATTACHMENTS TRADER])" in market zone "OUTLIVE Trader" (pos=<4291.589844, 25.247801, 4162.500000>) and got 9.
15:43:31 [Market] Player "Majky" (id=wvz1jGdA27Eb3vtZqqzBgGv9Su_0oOujtdP3UqN1c-g=) has send a requested to sell ammo_762x54 x1 at the trader "Attachments (Oliver [ATTACHMENTS TRADER])" in market zone "OUTLIVE Trader" (pos=<4291.589844, 25.247801, 4162.500000>).
15:43:31 [Market] Player "Majky" (id=wvz1jGdA27Eb3vtZqqzBgGv9Su_0oOujtdP3UqN1c-g=) has sold ammo_762x54 x1 at the trader "Attachments (Oliver [ATTACHMENTS TRADER])" in market zone "OUTLIVE Trader" (pos=<4291.589844, 25.247801, 4162.500000>) and got 9.
15:43:33 [Market] Player "Majky" (id=wvz1jGdA27Eb3vtZqqzBgGv9Su_0oOujtdP3UqN1c-g=) has send a requested to sell ammo_expansion_46x30 x1 at the trader "Attachments (Oliver [ATTACHMENTS TRADER])" in market zone "OUTLIVE Trader" (pos=<4291.589844, 25.247801, 4162.500000>).
15:43:33 [Market] Player "Majky" (id=wvz1jGdA27Eb3vtZqqzBgGv9Su_0oOujtdP3UqN1c-g=) has sold ammo_expansion_46x30 x1 at the trader "Attachments (Oliver [ATTACHMENTS TRADER])" in market zone "OUTLIVE Trader" (pos=<4291.589844, 25.247801, 4162.500000>) and got 2.
15:43:33 [Market] Player "Majky" (id=wvz1jGdA27Eb3vtZqqzBgGv9Su_0oOujtdP3UqN1c-g=) has send a requested to sell ammo_expansion_46x30 x1 at the trader "Attachments (Oliver [ATTACHMENTS TRADER])" in market zone "OUTLIVE Trader" (pos=<4291.589844, 25.247801, 4162.500000>).
15:43:33 [Market] Player "Majky" (id=wvz1jGdA27Eb3vtZqqzBgGv9Su_0oOujtdP3UqN1c-g=) has sold ammo_expansion_46x30 x1 at the trader "Attachments (Oliver [ATTACHMENTS TRADER])" in market zone "OUTLIVE Trader" (pos=<4291.589844, 25.247801, 4162.500000>) and got 2.
15:43:33 [Market] Player "Majky" (id=wvz1jGdA27Eb3vtZqqzBgGv9Su_0oOujtdP3UqN1c-g=) has send a requested to sell ammo_expansion_46x30 x1 at the trader "Attachments (Oliver [ATTACHMENTS TRADER])" in market zone "OUTLIVE Trader" (pos=<4291.589844, 25.247801, 4162.500000>).
15:43:33 [Market] Player "Majky" (id=wvz1jGdA27Eb3vtZqqzBgGv9Su_0oOujtdP3UqN1c-g=) has sold ammo_expansion_46x30 x1 at the trader "Attachments (Oliver [ATTACHMENTS TRADER])" in market zone "OUTLIVE Trader" (pos=<4291.589844, 25.247801, 4162.500000>) and got 2.
15:43:33 [Market] Player "Majky" (id=wvz1jGdA27Eb3vtZqqzBgGv9Su_0oOujtdP3UqN1c-g=) has send a requested to sell ammo_expansion_46x30 x1 at the trader "Attachments (Oliver [ATTACHMENTS TRADER])" in market zone "OUTLIVE Trader" (pos=<4291.589844, 25.247801, 4162.500000>).
15:43:33 [Market] Player "Majky" (id=wvz1jGdA27Eb3vtZqqzBgGv9Su_0oOujtdP3UqN1c-g=) has sold ammo_expansion_46x30 x1 at the trader "Attachments (Oliver [ATTACHMENTS TRADER])" in market zone "OUTLIVE Trader" (pos=<4291.589844, 25.247801, 4162.500000>) and got 2.
15:43:34 [Market] Player "Majky" (id=wvz1jGdA27Eb3vtZqqzBgGv9Su_0oOujtdP3UqN1c-g=) has send a requested to sell ammo_expansion_46x30 x1 at the trader "Attachments (Oliver [ATTACHMENTS TRADER])" in market zone "OUTLIVE Trader" (pos=<4291.589844, 25.247801, 4162.500000>).
15:43:34 [Market] Player "Majky" (id=wvz1jGdA27Eb3vtZqqzBgGv9Su_0oOujtdP3UqN1c-g=) has sold ammo_expansion_46x30 x1 at the trader "Attachments (Oliver [ATTACHMENTS TRADER])" in market zone "OUTLIVE Trader" (pos=<4291.589844, 25.247801, 4162.500000>) and got 2.
15:43:34 [Market] Player "Majky" (id=wvz1jGdA27Eb3vtZqqzBgGv9Su_0oOujtdP3UqN1c-g=) has send a requested to sell ammo_expansion_46x30 x1 at the trader "Attachments (Oliver [ATTACHMENTS TRADER])" in market zone "OUTLIVE Trader" (pos=<4291.589844, 25.247801, 4162.500000>).
15:43:34 [Market] Player "Majky" (id=wvz1jGdA27Eb3vtZqqzBgGv9Su_0oOujtdP3UqN1c-g=) has sold ammo_expansion_46x30 x1 at the trader "Attachments (Oliver [ATTACHMENTS TRADER])" in market zone "OUTLIVE Trader" (pos=<4291.589844, 25.247801, 4162.500000>) and got 2.
15:43:34 [Market] Player "Majky" (id=wvz1jGdA27Eb3vtZqqzBgGv9Su_0oOujtdP3UqN1c-g=) has send a requested to sell ammo_expansion_46x30 x1 at the trader "Attachments (Oliver [ATTACHMENTS TRADER])" in market zone "OUTLIVE Trader" (pos=<4291.589844, 25.247801, 4162.500000>).
15:43:34 [Market] Player "Majky" (id=wvz1jGdA27Eb3vtZqqzBgGv9Su_0oOujtdP3UqN1c-g=) has sold ammo_expansion_46x30 x1 at the trader "Attachments (Oliver [ATTACHMENTS TRADER])" in market zone "OUTLIVE Trader" (pos=<4291.589844, 25.247801, 4162.500000>) and got 2.
15:43:34 [Market] Player "Majky" (id=wvz1jGdA27Eb3vtZqqzBgGv9Su_0oOujtdP3UqN1c-g=) has send a requested to sell ammo_expansion_46x30 x1 at the trader "Attachments (Oliver [ATTACHMENTS TRADER])" in market zone "OUTLIVE Trader" (pos=<4291.589844, 25.247801, 4162.500000>).
15:43:34 [Market] Player "Majky" (id=wvz1jGdA27Eb3vtZqqzBgGv9Su_0oOujtdP3UqN1c-g=) has sold ammo_expansion_46x30 x1 at the trader "Attachments (Oliver [ATTACHMENTS TRADER])" in market zone "OUTLIVE Trader" (pos=<4291.589844, 25.247801, 4162.500000>) and got 2.
15:43:34 [Market] Player "Majky" (id=wvz1jGdA27Eb3vtZqqzBgGv9Su_0oOujtdP3UqN1c-g=) has send a requested to sell ammo_expansion_46x30 x1 at the trader "Attachments (Oliver [ATTACHMENTS TRADER])" in market zone "OUTLIVE Trader" (pos=<4291.589844, 25.247801, 4162.500000>).
15:43:34 [Market] Player "Majky" (id=wvz1jGdA27Eb3vtZqqzBgGv9Su_0oOujtdP3UqN1c-g=) has sold ammo_expansion_46x30 x1 at the trader "Attachments (Oliver [ATTACHMENTS TRADER])" in market zone "OUTLIVE Trader" (pos=<4291.589844, 25.247801, 4162.500000>) and got 2.
15:43:34 [Market] Player "Majky" (id=wvz1jGdA27Eb3vtZqqzBgGv9Su_0oOujtdP3UqN1c-g=) has send a requested to sell ammo_expansion_46x30 x1 at the trader "Attachments (Oliver [ATTACHMENTS TRADER])" in market zone "OUTLIVE Trader" (pos=<4291.589844, 25.247801, 4162.500000>).
15:43:34 [Market] Player "Majky" (id=wvz1jGdA27Eb3vtZqqzBgGv9Su_0oOujtdP3UqN1c-g=) has sold ammo_expansion_46x30 x1 at the trader "Attachments (Oliver [ATTACHMENTS TRADER])" in market zone "OUTLIVE Trader" (pos=<4291.589844, 25.247801, 4162.500000>) and got 2.
15:43:35 [Market] Player "Majky" (id=wvz1jGdA27Eb3vtZqqzBgGv9Su_0oOujtdP3UqN1c-g=) has send a requested to sell ammo_expansion_46x30 x1 at the trader "Attachments (Oliver [ATTACHMENTS TRADER])" in market zone "OUTLIVE Trader" (pos=<4291.589844, 25.247801, 4162.500000>).
15:43:35 [Market] Player "Majky" (id=wvz1jGdA27Eb3vtZqqzBgGv9Su_0oOujtdP3UqN1c-g=) has sold ammo_expansion_46x30 x1 at the trader "Attachments (Oliver [ATTACHMENTS TRADER])" in market zone "OUTLIVE Trader" (pos=<4291.589844, 25.247801, 4162.500000>) and got 2.
15:43:35 [Market] Player "Majky" (id=wvz1jGdA27Eb3vtZqqzBgGv9Su_0oOujtdP3UqN1c-g=) has send a requested to sell ammo_expansion_46x30 x1 at the trader "Attachments (Oliver [ATTACHMENTS TRADER])" in market zone "OUTLIVE Trader" (pos=<4291.589844, 25.247801, 4162.500000>).
15:43:35 [Market] Player "Majky" (id=wvz1jGdA27Eb3vtZqqzBgGv9Su_0oOujtdP3UqN1c-g=) has sold ammo_expansion_46x30 x1 at the trader "Attachments (Oliver [ATTACHMENTS TRADER])" in market zone "OUTLIVE Trader" (pos=<4291.589844, 25.247801, 4162.500000>) and got 2.
15:43:35 [Market] Player "Majky" (id=wvz1jGdA27Eb3vtZqqzBgGv9Su_0oOujtdP3UqN1c-g=) has send a requested to sell ammo_expansion_46x30 x1 at the trader "Attachments (Oliver [ATTACHMENTS TRADER])" in market zone "OUTLIVE Trader" (pos=<4291.589844, 25.247801, 4162.500000>).
15:43:35 [Market] Player "Majky" (id=wvz1jGdA27Eb3vtZqqzBgGv9Su_0oOujtdP3UqN1c-g=) has sold ammo_expansion_46x30 x1 at the trader "Attachments (Oliver [ATTACHMENTS TRADER])" in market zone "OUTLIVE Trader" (pos=<4291.589844, 25.247801, 4162.500000>) and got 2.
15:43:35 [Market] Player "Majky" (id=wvz1jGdA27Eb3vtZqqzBgGv9Su_0oOujtdP3UqN1c-g=) has send a requested to sell ammo_expansion_46x30 x1 at the trader "Attachments (Oliver [ATTACHMENTS TRADER])" in market zone "OUTLIVE Trader" (pos=<4291.589844, 25.247801, 4162.500000>).
15:43:35 [Market] Player "Majky" (id=wvz1jGdA27Eb3vtZqqzBgGv9Su_0oOujtdP3UqN1c-g=) has sold ammo_expansion_46x30 x1 at the trader "Attachments (Oliver [ATTACHMENTS TRADER])" in market zone "OUTLIVE Trader" (pos=<4291.589844, 25.247801, 4162.500000>) and got 2.
15:43:35 [Market] Player "Majky" (id=wvz1jGdA27Eb3vtZqqzBgGv9Su_0oOujtdP3UqN1c-g=) has send a requested to sell ammo_expansion_46x30 x1 at the trader "Attachments (Oliver [ATTACHMENTS TRADER])" in market zone "OUTLIVE Trader" (pos=<4291.589844, 25.247801, 4162.500000>).
15:43:35 [Market] Player "Majky" (id=wvz1jGdA27Eb3vtZqqzBgGv9Su_0oOujtdP3UqN1c-g=) has sold ammo_expansion_46x30 x1 at the trader "Attachments (Oliver [ATTACHMENTS TRADER])" in market zone "OUTLIVE Trader" (pos=<4291.589844, 25.247801, 4162.500000>) and got 2.
15:43:36 [Market] Player "Majky" (id=wvz1jGdA27Eb3vtZqqzBgGv9Su_0oOujtdP3UqN1c-g=) has send a requested to sell ammo_expansion_46x30 x1 at the trader "Attachments (Oliver [ATTACHMENTS TRADER])" in market zone "OUTLIVE Trader" (pos=<4291.589844, 25.247801, 4162.500000>).
15:43:36 [Market] Player "Majky" (id=wvz1jGdA27Eb3vtZqqzBgGv9Su_0oOujtdP3UqN1c-g=) has sold ammo_expansion_46x30 x1 at the trader "Attachments (Oliver [ATTACHMENTS TRADER])" in market zone "OUTLIVE Trader" (pos=<4291.589844, 25.247801, 4162.500000>) and got 2.
15:43:36 [Market] Player "Majky" (id=wvz1jGdA27Eb3vtZqqzBgGv9Su_0oOujtdP3UqN1c-g=) has send a requested to sell ammo_expansion_46x30 x1 at the trader "Attachments (Oliver [ATTACHMENTS TRADER])" in market zone "OUTLIVE Trader" (pos=<4291.589844, 25.247801, 4162.500000>).
15:43:36 [Market] Player "Majky" (id=wvz1jGdA27Eb3vtZqqzBgGv9Su_0oOujtdP3UqN1c-g=) has sold ammo_expansion_46x30 x1 at the trader "Attachments (Oliver [ATTACHMENTS TRADER])" in market zone "OUTLIVE Trader" (pos=<4291.589844, 25.247801, 4162.500000>) and got 2.
15:43:36 [Market] Player "Majky" (id=wvz1jGdA27Eb3vtZqqzBgGv9Su_0oOujtdP3UqN1c-g=) has send a requested to sell ammo_expansion_46x30 x1 at the trader "Attachments (Oliver [ATTACHMENTS TRADER])" in market zone "OUTLIVE Trader" (pos=<4291.589844, 25.247801, 4162.500000>).
15:43:36 [Market] Player "Majky" (id=wvz1jGdA27Eb3vtZqqzBgGv9Su_0oOujtdP3UqN1c-g=) has sold ammo_expansion_46x30 x1 at the trader "Attachments (Oliver [ATTACHMENTS TRADER])" in market zone "OUTLIVE Trader" (pos=<4291.589844, 25.247801, 4162.500000>) and got 2.
15:43:36 [Market] Player "Majky" (id=wvz1jGdA27Eb3vtZqqzBgGv9Su_0oOujtdP3UqN1c-g=) has send a requested to sell ammo_expansion_46x30 x1 at the trader "Attachments (Oliver [ATTACHMENTS TRADER])" in market zone "OUTLIVE Trader" (pos=<4291.589844, 25.247801, 4162.500000>).
15:43:36 [Market] Player "Majky" (id=wvz1jGdA27Eb3vtZqqzBgGv9Su_0oOujtdP3UqN1c-g=) has sold ammo_expansion_46x30 x1 at the trader "Attachments (Oliver [ATTACHMENTS TRADER])" in market zone "OUTLIVE Trader" (pos=<4291.589844, 25.247801, 4162.500000>) and got 2.
15:43:36 [Market] Player "Majky" (id=wvz1jGdA27Eb3vtZqqzBgGv9Su_0oOujtdP3UqN1c-g=) has send a requested to sell ammo_expansion_46x30 x1 at the trader "Attachments (Oliver [ATTACHMENTS TRADER])" in market zone "OUTLIVE Trader" (pos=<4291.589844, 25.247801, 4162.500000>).
15:43:36 [Market] Player "Majky" (id=wvz1jGdA27Eb3vtZqqzBgGv9Su_0oOujtdP3UqN1c-g=) has sold ammo_expansion_46x30 x1 at the trader "Attachments (Oliver [ATTACHMENTS TRADER])" in market zone "OUTLIVE Trader" (pos=<4291.589844, 25.247801, 4162.500000>) and got 2.
15:43:36 [Market] Player "Majky" (id=wvz1jGdA27Eb3vtZqqzBgGv9Su_0oOujtdP3UqN1c-g=) has send a requested to sell ammo_expansion_46x30 x1 at the trader "Attachments (Oliver [ATTACHMENTS TRADER])" in market zone "OUTLIVE Trader" (pos=<4291.589844, 25.247801, 4162.500000>).
15:43:37 [Market] Player "Majky" (id=wvz1jGdA27Eb3vtZqqzBgGv9Su_0oOujtdP3UqN1c-g=) has sold ammo_expansion_46x30 x1 at the trader "Attachments (Oliver [ATTACHMENTS TRADER])" in market zone "OUTLIVE Trader" (pos=<4291.589844, 25.247801, 4162.500000>) and got 2.
15:43:37 [Market] Player "Majky" (id=wvz1jGdA27Eb3vtZqqzBgGv9Su_0oOujtdP3UqN1c-g=) has send a requested to sell ammo_expansion_46x30 x1 at the trader "Attachments (Oliver [ATTACHMENTS TRADER])" in market zone "OUTLIVE Trader" (pos=<4291.589844, 25.247801, 4162.500000>).
15:43:37 [Market] Player "Majky" (id=wvz1jGdA27Eb3vtZqqzBgGv9Su_0oOujtdP3UqN1c-g=) has sold ammo_expansion_46x30 x1 at the trader "Attachments (Oliver [ATTACHMENTS TRADER])" in market zone "OUTLIVE Trader" (pos=<4291.589844, 25.247801, 4162.500000>) and got 2.
15:43:37 [Market] Player "Majky" (id=wvz1jGdA27Eb3vtZqqzBgGv9Su_0oOujtdP3UqN1c-g=) has send a requested to sell ammo_expansion_46x30 x1 at the trader "Attachments (Oliver [ATTACHMENTS TRADER])" in market zone "OUTLIVE Trader" (pos=<4291.589844, 25.247801, 4162.500000>).
15:43:37 [Market] Player "Majky" (id=wvz1jGdA27Eb3vtZqqzBgGv9Su_0oOujtdP3UqN1c-g=) has sold ammo_expansion_46x30 x1 at the trader "Attachments (Oliver [ATTACHMENTS TRADER])" in market zone "OUTLIVE Trader" (pos=<4291.589844, 25.247801, 4162.500000>) and got 2.
15:43:37 [Market] Player "Majky" (id=wvz1jGdA27Eb3vtZqqzBgGv9Su_0oOujtdP3UqN1c-g=) has send a requested to sell ammo_expansion_46x30 x1 at the trader "Attachments (Oliver [ATTACHMENTS TRADER])" in market zone "OUTLIVE Trader" (pos=<4291.589844, 25.247801, 4162.500000>).
15:43:37 [Market] Player "Majky" (id=wvz1jGdA27Eb3vtZqqzBgGv9Su_0oOujtdP3UqN1c-g=) has sold ammo_expansion_46x30 x1 at the trader "Attachments (Oliver [ATTACHMENTS TRADER])" in market zone "OUTLIVE Trader" (pos=<4291.589844, 25.247801, 4162.500000>) and got 2.
15:43:37 [Market] Player "Majky" (id=wvz1jGdA27Eb3vtZqqzBgGv9Su_0oOujtdP3UqN1c-g=) has send a requested to sell ammo_expansion_46x30 x1 at the trader "Attachments (Oliver [ATTACHMENTS TRADER])" in market zone "OUTLIVE Trader" (pos=<4291.589844, 25.247801, 4162.500000>).
15:43:37 [Market] Player "Majky" (id=wvz1jGdA27Eb3vtZqqzBgGv9Su_0oOujtdP3UqN1c-g=) has sold ammo_expansion_46x30 x1 at the trader "Attachments (Oliver [ATTACHMENTS TRADER])" in market zone "OUTLIVE Trader" (pos=<4291.589844, 25.247801, 4162.500000>) and got 2.
15:43:37 [Market] Player "Majky" (id=wvz1jGdA27Eb3vtZqqzBgGv9Su_0oOujtdP3UqN1c-g=) has send a requested to sell ammo_expansion_46x30 x1 at the trader "Attachments (Oliver [ATTACHMENTS TRADER])" in market zone "OUTLIVE Trader" (pos=<4291.589844, 25.247801, 4162.500000>).
15:43:37 [Market] Player "Majky" (id=wvz1jGdA27Eb3vtZqqzBgGv9Su_0oOujtdP3UqN1c-g=) has sold ammo_expansion_46x30 x1 at the trader "Attachments (Oliver [ATTACHMENTS TRADER])" in market zone "OUTLIVE Trader" (pos=<4291.589844, 25.247801, 4162.500000>) and got 2.
15:43:38 [Market] Player "Majky" (id=wvz1jGdA27Eb3vtZqqzBgGv9Su_0oOujtdP3UqN1c-g=) has send a requested to sell ammo_expansion_46x30 x1 at the trader "Attachments (Oliver [ATTACHMENTS TRADER])" in market zone "OUTLIVE Trader" (pos=<4291.589844, 25.247801, 4162.500000>).
15:43:38 [Market] Player "Majky" (id=wvz1jGdA27Eb3vtZqqzBgGv9Su_0oOujtdP3UqN1c-g=) has sold ammo_expansion_46x30 x1 at the trader "Attachments (Oliver [ATTACHMENTS TRADER])" in market zone "OUTLIVE Trader" (pos=<4291.589844, 25.247801, 4162.500000>) and got 2.
15:43:38 [Market] Player "Majky" (id=wvz1jGdA27Eb3vtZqqzBgGv9Su_0oOujtdP3UqN1c-g=) has send a requested to sell ammo_expansion_46x30 x1 at the trader "Attachments (Oliver [ATTACHMENTS TRADER])" in market zone "OUTLIVE Trader" (pos=<4291.589844, 25.247801, 4162.500000>).
15:43:38 [Market] Player "Majky" (id=wvz1jGdA27Eb3vtZqqzBgGv9Su_0oOujtdP3UqN1c-g=) has sold ammo_expansion_46x30 x1 at the trader "Attachments (Oliver [ATTACHMENTS TRADER])" in market zone "OUTLIVE Trader" (pos=<4291.589844, 25.247801, 4162.500000>) and got 2.
15:43:38 [Market] Player "Majky" (id=wvz1jGdA27Eb3vtZqqzBgGv9Su_0oOujtdP3UqN1c-g=) has send a requested to sell ammo_expansion_46x30 x1 at the trader "Attachments (Oliver [ATTACHMENTS TRADER])" in market zone "OUTLIVE Trader" (pos=<4291.589844, 25.247801, 4162.500000>).
15:43:38 [Market] Player "Majky" (id=wvz1jGdA27Eb3vtZqqzBgGv9Su_0oOujtdP3UqN1c-g=) has sold ammo_expansion_46x30 x1 at the trader "Attachments (Oliver [ATTACHMENTS TRADER])" in market zone "OUTLIVE Trader" (pos=<4291.589844, 25.247801, 4162.500000>) and got 2.
15:44:17 [Market] Player "Majky" (id=wvz1jGdA27Eb3vtZqqzBgGv9Su_0oOujtdP3UqN1c-g=) has send a requested to sell twp_weaponlight x1 at the trader "Attachments (Oliver [ATTACHMENTS TRADER])" in market zone "OUTLIVE Trader" (pos=<4291.589844, 25.247801, 4162.500000>).
15:44:17 [Market] Player "Majky" (id=wvz1jGdA27Eb3vtZqqzBgGv9Su_0oOujtdP3UqN1c-g=) has sold twp_weaponlight x1 at the trader "Attachments (Oliver [ATTACHMENTS TRADER])" in market zone "OUTLIVE Trader" (pos=<4291.589844, 25.247801, 4162.500000>) and got 100.
15:44:27 [Market] Player "Majky" (id=wvz1jGdA27Eb3vtZqqzBgGv9Su_0oOujtdP3UqN1c-g=) has send a requested to sell twp_anzio_mag_3rnd x1 at the trader "Attachments (Oliver [ATTACHMENTS TRADER])" in market zone "OUTLIVE Trader" (pos=<4291.589844, 25.247801, 4162.500000>).
15:44:27 [Market] Player "Majky" (id=wvz1jGdA27Eb3vtZqqzBgGv9Su_0oOujtdP3UqN1c-g=) has sold twp_anzio_mag_3rnd x1 at the trader "Attachments (Oliver [ATTACHMENTS TRADER])" in market zone "OUTLIVE Trader" (pos=<4291.589844, 25.247801, 4162.500000>) and got 750.
15:44:55 [Market] Player "Majky" (id=wvz1jGdA27Eb3vtZqqzBgGv9Su_0oOujtdP3UqN1c-g=) has send a requested to sell twp_optic_steyr x1 at the trader "Attachments (Oliver [ATTACHMENTS TRADER])" in market zone "OUTLIVE Trader" (pos=<4291.589844, 25.247801, 4162.500000>).
15:44:55 [Market] Player "Majky" (id=wvz1jGdA27Eb3vtZqqzBgGv9Su_0oOujtdP3UqN1c-g=) has sold twp_optic_steyr x1 at the trader "Attachments (Oliver [ATTACHMENTS TRADER])" in market zone "OUTLIVE Trader" (pos=<4291.589844, 25.247801, 4162.500000>) and got 225.
15:45:21 [Market] Player "Majky" (id=wvz1jGdA27Eb3vtZqqzBgGv9Su_0oOujtdP3UqN1c-g=) has send a requested to sell rangefinder x1 at the trader "BuildingSupplies (Boris [BUILDING SUPPLIES TRADER])" in market zone "OUTLIVE Trader" (pos=<4291.589844, 25.247801, 4162.500000>).
15:45:21 [Market] Player "Majky" (id=wvz1jGdA27Eb3vtZqqzBgGv9Su_0oOujtdP3UqN1c-g=) has sold rangefinder x1 at the trader "BuildingSupplies (Boris [BUILDING SUPPLIES TRADER])" in market zone "OUTLIVE Trader" (pos=<4291.589844, 25.247801, 4162.500000>) and got 175.
15:45:22 [Market] Player "Majky" (id=wvz1jGdA27Eb3vtZqqzBgGv9Su_0oOujtdP3UqN1c-g=) has send a requested to sell rangefinder x1 at the trader "BuildingSupplies (Boris [BUILDING SUPPLIES TRADER])" in market zone "OUTLIVE Trader" (pos=<4291.589844, 25.247801, 4162.500000>).
15:45:22 [Market] Player "Majky" (id=wvz1jGdA27Eb3vtZqqzBgGv9Su_0oOujtdP3UqN1c-g=) has sold rangefinder x1 at the trader "BuildingSupplies (Boris [BUILDING SUPPLIES TRADER])" in market zone "OUTLIVE Trader" (pos=<4291.589844, 25.247801, 4162.500000>) and got 275.
15:45:37 [ATM Locker] Player "Majky" (id=wvz1jGdA27Eb3vtZqqzBgGv9Su_0oOujtdP3UqN1c-g=) has deposited 15012 on his ATM account.
15:46:48 [Market] Player "Majky" (id=wvz1jGdA27Eb3vtZqqzBgGv9Su_0oOujtdP3UqN1c-g=) has send a requested to sell leathersewingkit x1 at the trader "Clothing (Linda [CLOTHING TRADER])" in market zone "OUTLIVE Trader" (pos=<4291.589844, 25.247801, 4162.500000>).
15:46:48 [Market] Player "Majky" (id=wvz1jGdA27Eb3vtZqqzBgGv9Su_0oOujtdP3UqN1c-g=) has sold leathersewingkit x1 at the trader "Clothing (Linda [CLOTHING TRADER])" in market zone "OUTLIVE Trader" (pos=<4291.589844, 25.247801, 4162.500000>) and got 150.
15:46:49 [Market] Player "Majky" (id=wvz1jGdA27Eb3vtZqqzBgGv9Su_0oOujtdP3UqN1c-g=) has send a requested to sell leathersewingkit x1 at the trader "Clothing (Linda [CLOTHING TRADER])" in market zone "OUTLIVE Trader" (pos=<4291.589844, 25.247801, 4162.500000>).
15:46:49 [Market] Player "Majky" (id=wvz1jGdA27Eb3vtZqqzBgGv9Su_0oOujtdP3UqN1c-g=) has sold leathersewingkit x1 at the trader "Clothing (Linda [CLOTHING TRADER])" in market zone "OUTLIVE Trader" (pos=<4291.589844, 25.247801, 4162.500000>) and got 150.
15:47:06 [Market] Player "Majky" (id=wvz1jGdA27Eb3vtZqqzBgGv9Su_0oOujtdP3UqN1c-g=) has send a requested to sell nbchoodyellow x1 at the trader "Clothing (Linda [CLOTHING TRADER])" in market zone "OUTLIVE Trader" (pos=<4291.589844, 25.247801, 4162.500000>).
15:47:06 [Market] Player "Majky" (id=wvz1jGdA27Eb3vtZqqzBgGv9Su_0oOujtdP3UqN1c-g=) has sold nbchoodyellow x1 at the trader "Clothing (Linda [CLOTHING TRADER])" in market zone "OUTLIVE Trader" (pos=<4291.589844, 25.247801, 4162.500000>) and got 188.
15:47:07 [Market] Player "Majky" (id=wvz1jGdA27Eb3vtZqqzBgGv9Su_0oOujtdP3UqN1c-g=) has send a requested to sell nbchoodyellow x1 at the trader "Clothing (Linda [CLOTHING TRADER])" in market zone "OUTLIVE Trader" (pos=<4291.589844, 25.247801, 4162.500000>).
15:47:07 [Market] Player "Majky" (id=wvz1jGdA27Eb3vtZqqzBgGv9Su_0oOujtdP3UqN1c-g=) has sold nbchoodyellow x1 at the trader "Clothing (Linda [CLOTHING TRADER])" in market zone "OUTLIVE Trader" (pos=<4291.589844, 25.247801, 4162.500000>) and got 250.
15:47:19 [VehicleCarKey] Player "Bflame" (id=u7jy1hFXeX-3C-ubChAdh59YiiyuY16LDVnTQIqtPmk= pos=<9432.831055, 5.424551, 767.928894>) used the  ExpansionCarKey to lock a Expansion_Landrover_Green
15:47:20 [Market] Player "Majky" (id=wvz1jGdA27Eb3vtZqqzBgGv9Su_0oOujtdP3UqN1c-g=) has send a requested to sell gasmask_filter x1 at the trader "Medicals (Eva [MEDICALS TRADER])" in market zone "OUTLIVE Trader" (pos=<4291.589844, 25.247801, 4162.500000>).
15:47:20 [Market] Player "Majky" (id=wvz1jGdA27Eb3vtZqqzBgGv9Su_0oOujtdP3UqN1c-g=) has sold gasmask_filter x1 at the trader "Medicals (Eva [MEDICALS TRADER])" in market zone "OUTLIVE Trader" (pos=<4291.589844, 25.247801, 4162.500000>) and got 200.
15:47:21 [Market] Player "Majky" (id=wvz1jGdA27Eb3vtZqqzBgGv9Su_0oOujtdP3UqN1c-g=) has send a requested to sell gasmask_filter x1 at the trader "Medicals (Eva [MEDICALS TRADER])" in market zone "OUTLIVE Trader" (pos=<4291.589844, 25.247801, 4162.500000>).
15:47:21 [Market] Player "Majky" (id=wvz1jGdA27Eb3vtZqqzBgGv9Su_0oOujtdP3UqN1c-g=) has sold gasmask_filter x1 at the trader "Medicals (Eva [MEDICALS TRADER])" in market zone "OUTLIVE Trader" (pos=<4291.589844, 25.247801, 4162.500000>) and got 800.
15:48:43 [Market] Player "Majky" (id=wvz1jGdA27Eb3vtZqqzBgGv9Su_0oOujtdP3UqN1c-g=) has send a requested to purchase ammobox_45acp_25rnd x1 from the trader "Attachments (Oliver [ATTACHMENTS TRADER])" in market zone "OUTLIVE Trader" (pos=<4291.589844, 25.247801, 4162.500000>).
15:48:43 [Market] Player "Majky" (id=wvz1jGdA27Eb3vtZqqzBgGv9Su_0oOujtdP3UqN1c-g=) has bought ammobox_45acp_25rnd x1 from the trader "Attachments (Oliver [ATTACHMENTS TRADER])" in market zone "OUTLIVE Trader" (pos=<4291.589844, 25.247801, 4162.500000>) for a price of 150.
15:48:44 [Market] Player "Majky" (id=wvz1jGdA27Eb3vtZqqzBgGv9Su_0oOujtdP3UqN1c-g=) has send a requested to purchase ammobox_45acp_25rnd x1 from the trader "Attachments (Oliver [ATTACHMENTS TRADER])" in market zone "OUTLIVE Trader" (pos=<4291.589844, 25.247801, 4162.500000>).
15:48:44 [Market] Player "Majky" (id=wvz1jGdA27Eb3vtZqqzBgGv9Su_0oOujtdP3UqN1c-g=) has bought ammobox_45acp_25rnd x1 from the trader "Attachments (Oliver [ATTACHMENTS TRADER])" in market zone "OUTLIVE Trader" (pos=<4291.589844, 25.247801, 4162.500000>) for a price of 150.
15:48:44 [Market] Player "Majky" (id=wvz1jGdA27Eb3vtZqqzBgGv9Su_0oOujtdP3UqN1c-g=) has send a requested to purchase ammobox_45acp_25rnd x1 from the trader "Attachments (Oliver [ATTACHMENTS TRADER])" in market zone "OUTLIVE Trader" (pos=<4291.589844, 25.247801, 4162.500000>).
15:48:44 [Market] Player "Majky" (id=wvz1jGdA27Eb3vtZqqzBgGv9Su_0oOujtdP3UqN1c-g=) has bought ammobox_45acp_25rnd x1 from the trader "Attachments (Oliver [ATTACHMENTS TRADER])" in market zone "OUTLIVE Trader" (pos=<4291.589844, 25.247801, 4162.500000>) for a price of 150.
15:48:45 [Market] Player "Majky" (id=wvz1jGdA27Eb3vtZqqzBgGv9Su_0oOujtdP3UqN1c-g=) has send a requested to purchase ammobox_45acp_25rnd x1 from the trader "Attachments (Oliver [ATTACHMENTS TRADER])" in market zone "OUTLIVE Trader" (pos=<4291.589844, 25.247801, 4162.500000>).
15:48:45 [Market] Player "Majky" (id=wvz1jGdA27Eb3vtZqqzBgGv9Su_0oOujtdP3UqN1c-g=) has bought ammobox_45acp_25rnd x1 from the trader "Attachments (Oliver [ATTACHMENTS TRADER])" in market zone "OUTLIVE Trader" (pos=<4291.589844, 25.247801, 4162.500000>) for a price of 150.
15:48:46 [Market] Player "Majky" (id=wvz1jGdA27Eb3vtZqqzBgGv9Su_0oOujtdP3UqN1c-g=) has send a requested to purchase ammobox_45acp_25rnd x1 from the trader "Attachments (Oliver [ATTACHMENTS TRADER])" in market zone "OUTLIVE Trader" (pos=<4291.589844, 25.247801, 4162.500000>).
15:48:46 [Market] Player "Majky" (id=wvz1jGdA27Eb3vtZqqzBgGv9Su_0oOujtdP3UqN1c-g=) has bought ammobox_45acp_25rnd x1 from the trader "Attachments (Oliver [ATTACHMENTS TRADER])" in market zone "OUTLIVE Trader" (pos=<4291.589844, 25.247801, 4162.500000>) for a price of 150.
15:48:46 [Market] Player "Majky" (id=wvz1jGdA27Eb3vtZqqzBgGv9Su_0oOujtdP3UqN1c-g=) has send a requested to purchase ammobox_45acp_25rnd x1 from the trader "Attachments (Oliver [ATTACHMENTS TRADER])" in market zone "OUTLIVE Trader" (pos=<4291.589844, 25.247801, 4162.500000>).
15:48:46 [Market] Player "Majky" (id=wvz1jGdA27Eb3vtZqqzBgGv9Su_0oOujtdP3UqN1c-g=) has bought ammobox_45acp_25rnd x1 from the trader "Attachments (Oliver [ATTACHMENTS TRADER])" in market zone "OUTLIVE Trader" (pos=<4291.589844, 25.247801, 4162.500000>) for a price of 150.
15:48:58 [ATM Locker] Player "Majky" (id=wvz1jGdA27Eb3vtZqqzBgGv9Su_0oOujtdP3UqN1c-g=) has deposited 838 on his ATM account.
