06:09:09 [Expansion Quests] - SetupClientData - Loaded existing player quest data for player with UID: wvz1jGdA27Eb3vtZqqzBgGv9Su_0oOujtdP3UqN1c-g=
06:09:09 [Expansion Quests] - PlayerQuestsInit - Create new quest instance for quest: 23 - Creator UID: wvz1jGdA27Eb3vtZqqzBgGv9Su_0oOujtdP3UqN1c-g=
06:09:09 [Expansion Quests] - PlayerQuestsInit - Create new quest instance for quest: 11 - Creator UID: wvz1jGdA27Eb3vtZqqzBgGv9Su_0oOujtdP3UqN1c-g=
06:09:09 [Expansion Quests] - PlayerQuestsInit - Create new quest instance for quest: 1 - Creator UID: wvz1jGdA27Eb3vtZqqzBgGv9Su_0oOujtdP3UqN1c-g=
06:09:09 [Expansion Quests] - PlayerQuestsInit - Create new quest instance for quest: 6 - Creator UID: wvz1jGdA27Eb3vtZqqzBgGv9Su_0oOujtdP3UqN1c-g=
06:09:09 [Expansion Quests] - PlayerQuestsInit - Create new quest instance for quest: 7 - Creator UID: wvz1jGdA27Eb3vtZqqzBgGv9Su_0oOujtdP3UqN1c-g=
06:09:09 [Expansion Quests] - PlayerQuestsInit - Create new quest instance for quest: 10 - Creator UID: wvz1jGdA27Eb3vtZqqzBgGv9Su_0oOujtdP3UqN1c-g=
06:11:19 [VehicleCarKey] Player "Majky" (id=wvz1jGdA27Eb3vtZqqzBgGv9Su_0oOujtdP3UqN1c-g= pos=<1570.780396, 19.008087, 6050.687988>) used the  ExpansionCarKey to unlock a ExpansionGyrocopter
06:14:14 [MissionAirdrop] An airdrop is heading towards "Osternach" (pos=<3924.000000, 0.000000, 2662.000000> type=Random_Osternach) with a ExpansionAirdropContainer_Basebuilding
06:14:14 [MissionAirdrop] An airdrop is heading towards "Krautinsel" (pos=<8192.009766, 0.000000, 4341.879883> type=Random_KrautInsel) with a ExpansionAirdropContainer_Military
06:20:53 [Safezone] Player "Majky" (id=wvz1jGdA27Eb3vtZqqzBgGv9Su_0oOujtdP3UqN1c-g= pos=<9916.196289, 8.599190, 5399.808105>) Entered the safezone
06:24:18 [Safezone] Player "Majky" (id=wvz1jGdA27Eb3vtZqqzBgGv9Su_0oOujtdP3UqN1c-g= pos=<9973.543945, 8.619147, 5318.625488>) Entered the safezone
06:24:34 [Safezone] Player "Majky" (id=wvz1jGdA27Eb3vtZqqzBgGv9Su_0oOujtdP3UqN1c-g= pos=<9978.218750, 10.044344, 5298.369141>) Left the safezone
06:28:55 [Safezone] Player "Majky" (id=wvz1jGdA27Eb3vtZqqzBgGv9Su_0oOujtdP3UqN1c-g= pos=<9972.810547, 8.619078, 5318.030273>) Entered the safezone
06:33:07 [Safezone] Player "Majky" (id=wvz1jGdA27Eb3vtZqqzBgGv9Su_0oOujtdP3UqN1c-g= pos=<9909.147461, 9.748300, 5419.940918>) Left the safezone
06:36:07 [VehicleCarKey] Player "Majky" (id=wvz1jGdA27Eb3vtZqqzBgGv9Su_0oOujtdP3UqN1c-g= pos=<8932.639648, 5.214046, 4696.708008>) used the  ExpansionCarKey to lock a ExpansionGyrocopter
06:45:40 [Expansion Quests] - SetupClientData - Got cached player quest data for player with UID: wvz1jGdA27Eb3vtZqqzBgGv9Su_0oOujtdP3UqN1c-g=
06:51:33 [VehicleCarKey] Player "Majky" (id=wvz1jGdA27Eb3vtZqqzBgGv9Su_0oOujtdP3UqN1c-g= pos=<8932.443359, 5.225716, 4696.610352>) used the  ExpansionCarKey to unlock a ExpansionGyrocopter
06:57:21 [Safezone] Player "Chladak" (id=te2HLU7m_hVpyd4BmyBmyUrFdJaZnnJuju8NTX7n5m0= pos=<4175.322266, 53.032257, 4115.937988>) Entered the safezone
06:57:21 [Expansion Quests] - SetupClientData - Loaded existing player quest data for player with UID: te2HLU7m_hVpyd4BmyBmyUrFdJaZnnJuju8NTX7n5m0=
06:57:21 [Expansion Quests] - PlayerQuestsInit - Create new quest instance for quest: 20 - Creator UID: te2HLU7m_hVpyd4BmyBmyUrFdJaZnnJuju8NTX7n5m0=
06:57:21 [Expansion Quests] - PlayerQuestsInit - Create new quest instance for quest: 23 - Creator UID: te2HLU7m_hVpyd4BmyBmyUrFdJaZnnJuju8NTX7n5m0=
06:59:18 [VehicleCarKey] Player "Majky" (id=wvz1jGdA27Eb3vtZqqzBgGv9Su_0oOujtdP3UqN1c-g= pos=<3360.974365, 8.985779, 5110.672852>) used the  ExpansionCarKey to lock a ExpansionGyrocopter
07:34:02 [Expansion Quests] - SetupClientData - Created new persistent player quest data for player UID: iyN6JbNqEvHMp_A5zeXvCmCy1_EaihIFwZocZ4y6-LM=
07:34:47 [VehicleCarKey] Player "P@lko2265" (id=iyN6JbNqEvHMp_A5zeXvCmCy1_EaihIFwZocZ4y6-LM= pos=<4270.229980, 1.132112, 5343.382324>) used the  ExpansionCarKey to unlock a ExpansionUtilityBoat
07:37:00 [VehicleCarKey] Player "P@lko2265" (id=iyN6JbNqEvHMp_A5zeXvCmCy1_EaihIFwZocZ4y6-LM= pos=<4338.668457, 0.258880, 5963.166504>) used the  ExpansionCarKey to lock a ExpansionUtilityBoat
07:37:12 [MissionAirdrop] An airdrop is heading towards "Osternach" (pos=<3924.000000, 0.000000, 2662.000000> type=Random_Osternach) with a ExpansionAirdropContainer_Basebuilding
07:37:12 [MissionAirdrop] An airdrop is heading towards "SouthEast" (pos=<7892.000000, 0.000000, 1340.000000> type=Random_SouthEast) with a ExpansionAirdropContainer
07:44:43 [VehicleCarKey] Player "P@lko2265" (id=iyN6JbNqEvHMp_A5zeXvCmCy1_EaihIFwZocZ4y6-LM= pos=<4338.602051, 0.658832, 5963.313477>) used the  ExpansionCarKey to unlock a ExpansionUtilityBoat
07:45:07 [VehicleCarKey] Player "P@lko2265" (id=iyN6JbNqEvHMp_A5zeXvCmCy1_EaihIFwZocZ4y6-LM= pos=<4339.029297, 1.250206, 5964.202148>) used the  ExpansionCarKey to lock a ExpansionUtilityBoat
07:50:00 [VehicleCarKey] Player "P@lko2265" (id=iyN6JbNqEvHMp_A5zeXvCmCy1_EaihIFwZocZ4y6-LM= pos=<4337.934570, 1.267754, 5963.687012>) used the  ExpansionCarKey to unlock a ExpansionUtilityBoat
07:57:13 [VehicleCarKey] Player "P@lko2265" (id=iyN6JbNqEvHMp_A5zeXvCmCy1_EaihIFwZocZ4y6-LM= pos=<4337.764648, 0.952097, 5962.898438>) used the  ExpansionCarKey to lock a ExpansionUtilityBoat
